
2024-05-26 19:10:24.199087:job config: {'train_data_path': '/data/yll6162/alignntl_dft_3d/tl_dataset/dataset_alignn_matbert-base-cased_robo_prop_slme_train.csv', 'val_data_path': '/data/yll6162/alignntl_dft_3d/tl_dataset/dataset_alignn_matbert-base-cased_robo_prop_slme_val.csv', 'test_data_path': '/data/yll6162/alignntl_dft_3d/tl_dataset/dataset_alignn_matbert-base-cased_robo_prop_slme_test.csv', 'label': 'slme', 'input_type': None, 'log_folder': 'log', 'log_file': 'alignn_matbert-base-cased_robo_prop_slme.log', 'test_metric': 'mae', 'architecture': '1024Rx4D-512Rx3D-256Rx3D-128Rx3D-64Rx2-32Rx1-1', 'model_seed': 0, 'loss_type': 'mae', 'config_file': 'sample/alignn_matbert-base-cased_robo_prop_slme_job.config', 'use_valid': True, 'project': 'MOF', 'regressors': None, 'input_types': None, 'paramsGrid': {'optimizer': 'Adam', 'learning_rate': 0.0001, 'patience': 100, 'dropouts': [0.8, 0.9, 0.7, 0.8], 'EVAL_FREQUENCY': 1000}, 'save_path': 'sample/alignn_matbert-base-cased_robo_prop_slme', 'model_path': None, 'last_layer_with_weight': True, 'keras_path': 'model/alignn_matbert-base-cased_robo_prop_slme', 'test_size': None, 'val_size': None}
2024-05-26 19:10:24.199159:train data path is  /data/yll6162/alignntl_dft_3d/tl_dataset/dataset_alignn_matbert-base-cased_robo_prop_slme_train.csv
2024-05-26 19:10:26.307239:input attribute sets are:  None
2024-05-26 19:10:26.307506:test data path is  /data/yll6162/alignntl_dft_3d/tl_dataset/dataset_alignn_matbert-base-cased_robo_prop_slme_test.csv
2024-05-26 19:10:26.682139:val data path is  /data/yll6162/alignntl_dft_3d/tl_dataset/dataset_alignn_matbert-base-cased_robo_prop_slme_val.csv
2024-05-26 19:10:26.985948:input attributes are:  Index(['0', '1', '2', '3', '4', '5', '6', '7', '8', '9',
       ...
       '758.1', '759.1', '760.1', '761.1', '762.1', '763.1', '764.1', '765.1',
       '766.1', '767.1'],
      dtype='object', length=1536)
2024-05-26 19:10:26.986073:label: slme
2024-05-26 19:10:35.713850: train, test, valid sizes:  (7810, 1536) (7810,) (977, 1536) (977,) (977, 1536) (977,)
2024-05-26 19:10:35.805105:train matrix shape of train_X:  (7810, 1536)  train_y:  (7810,)
2024-05-26 19:10:35.805241:valid matrix shape of train_X:  (977, 1536)  valid_y:  (977,)
2024-05-26 19:10:35.805283:test matrix shape of valid_X:   (977, 1536)  test_y:  (977,)
2024-05-26 19:10:35.805319:architecture is:  1024Rx4D-512Rx3D-256Rx3D-128Rx3D-64Rx2-32Rx1-1
2024-05-26 19:10:35.805357:learning rate is  0.0001
2024-05-26 19:10:35.805390:model path is  None
2024-05-26 19:10:35.814943:adding fully connected layers with 1024 outputs
2024-05-26 19:10:36.181176:adding residual with fc as the size are different
2024-05-26 19:10:36.188174:adding fully connected layers with 1024 outputs
2024-05-26 19:10:36.193172:adding residual, both sizes are same
2024-05-26 19:10:36.195292:adding fully connected layers with 1024 outputs
2024-05-26 19:10:36.200017:adding residual, both sizes are same
2024-05-26 19:10:36.201908:adding fully connected layers with 1024 outputs
2024-05-26 19:10:36.206652:adding residual, both sizes are same
2024-05-26 19:10:36.208813:adding dropout 0.8
2024-05-26 19:10:36.213154:adding fully connected layers with 512 outputs
2024-05-26 19:10:36.218354:adding residual with fc as the size are different
2024-05-26 19:10:36.224606:adding fully connected layers with 512 outputs
2024-05-26 19:10:36.229614:adding residual, both sizes are same
2024-05-26 19:10:36.237378:adding fully connected layers with 512 outputs
2024-05-26 19:10:36.246086:adding residual, both sizes are same
2024-05-26 19:10:36.248703:adding dropout 0.9
2024-05-26 19:10:36.250909:adding fully connected layers with 256 outputs
2024-05-26 19:10:36.256687:adding residual with fc as the size are different
2024-05-26 19:10:36.266220:adding fully connected layers with 256 outputs
2024-05-26 19:10:36.276576:adding residual, both sizes are same
2024-05-26 19:10:36.282770:adding fully connected layers with 256 outputs
2024-05-26 19:10:36.294444:adding residual, both sizes are same
2024-05-26 19:10:36.296855:adding dropout 0.7
2024-05-26 19:10:36.298967:adding fully connected layers with 128 outputs
2024-05-26 19:10:36.304747:adding residual with fc as the size are different
2024-05-26 19:10:36.311255:adding fully connected layers with 128 outputs
2024-05-26 19:10:36.316262:adding residual, both sizes are same
2024-05-26 19:10:36.318164:adding fully connected layers with 128 outputs
2024-05-26 19:10:36.323087:adding residual, both sizes are same
2024-05-26 19:10:36.325026:adding dropout 0.8
2024-05-26 19:10:36.330263:adding fully connected layers with 64 outputs
2024-05-26 19:10:36.340897:adding residual with fc as the size are different
2024-05-26 19:10:36.347915:adding fully connected layers with 64 outputs
2024-05-26 19:10:36.352829:adding residual, both sizes are same
2024-05-26 19:10:36.354710:adding fully connected layers with 32 outputs
2024-05-26 19:10:36.365709:adding residual with fc as the size are different
2024-05-26 19:10:36.375019:adding final layer with 1 output
2024-05-26 19:10:36.394513:Model: "ElemNet"
2024-05-26 19:10:36.394583:__________________________________________________________________________________________________
2024-05-26 19:10:36.394632:Layer (type)                    Output Shape         Param #     Connected to                     
2024-05-26 19:10:36.394669:==================================================================================================
2024-05-26 19:10:36.394872:elemental_fractions (InputLayer [(None, 1536)]       0                                            
2024-05-26 19:10:36.394917:__________________________________________________________________________________________________
2024-05-26 19:10:36.395083:fc0_0 (Dense)                   (None, 1024)         1573888     elemental_fractions[0][0]        
2024-05-26 19:10:36.395128:__________________________________________________________________________________________________
2024-05-26 19:10:36.395237:fc0_dim_0 (Dense)               (None, 1024)         1573888     elemental_fractions[0][0]        
2024-05-26 19:10:36.395279:__________________________________________________________________________________________________
2024-05-26 19:10:36.395360:tf.__operators__.add (TFOpLambd (None, 1024)         0           fc0_0[0][0]                      
2024-05-26 19:10:36.395403:                                                                 fc0_dim_0[0][0]                  
2024-05-26 19:10:36.395438:__________________________________________________________________________________________________
2024-05-26 19:10:36.395540:fc0_1 (Dense)                   (None, 1024)         1049600     tf.__operators__.add[0][0]       
2024-05-26 19:10:36.395581:__________________________________________________________________________________________________
2024-05-26 19:10:36.395655:tf.__operators__.add_1 (TFOpLam (None, 1024)         0           fc0_1[0][0]                      
2024-05-26 19:10:36.395697:                                                                 tf.__operators__.add[0][0]       
2024-05-26 19:10:36.395733:__________________________________________________________________________________________________
2024-05-26 19:10:36.395831:fc0_2 (Dense)                   (None, 1024)         1049600     tf.__operators__.add_1[0][0]     
2024-05-26 19:10:36.395872:__________________________________________________________________________________________________
2024-05-26 19:10:36.395953:tf.__operators__.add_2 (TFOpLam (None, 1024)         0           fc0_2[0][0]                      
2024-05-26 19:10:36.395995:                                                                 tf.__operators__.add_1[0][0]     
2024-05-26 19:10:36.396030:__________________________________________________________________________________________________
2024-05-26 19:10:36.396129:fc0_3 (Dense)                   (None, 1024)         1049600     tf.__operators__.add_2[0][0]     
2024-05-26 19:10:36.396170:__________________________________________________________________________________________________
2024-05-26 19:10:36.396243:tf.__operators__.add_3 (TFOpLam (None, 1024)         0           fc0_3[0][0]                      
2024-05-26 19:10:36.396292:                                                                 tf.__operators__.add_2[0][0]     
2024-05-26 19:10:36.396327:__________________________________________________________________________________________________
2024-05-26 19:10:36.396400:dropout (Dropout)               (None, 1024)         0           tf.__operators__.add_3[0][0]     
2024-05-26 19:10:36.396437:__________________________________________________________________________________________________
2024-05-26 19:10:36.396538:fc1_0 (Dense)                   (None, 512)          524800      dropout[0][0]                    
2024-05-26 19:10:36.396578:__________________________________________________________________________________________________
2024-05-26 19:10:36.396677:fc1_dim_0 (Dense)               (None, 512)          524800      dropout[0][0]                    
2024-05-26 19:10:36.396717:__________________________________________________________________________________________________
2024-05-26 19:10:36.396790:tf.__operators__.add_4 (TFOpLam (None, 512)          0           fc1_0[0][0]                      
2024-05-26 19:10:36.396832:                                                                 fc1_dim_0[0][0]                  
2024-05-26 19:10:36.396867:__________________________________________________________________________________________________
2024-05-26 19:10:36.396973:fc1_1 (Dense)                   (None, 512)          262656      tf.__operators__.add_4[0][0]     
2024-05-26 19:10:36.397015:__________________________________________________________________________________________________
2024-05-26 19:10:36.397088:tf.__operators__.add_5 (TFOpLam (None, 512)          0           fc1_1[0][0]                      
2024-05-26 19:10:36.397130:                                                                 tf.__operators__.add_4[0][0]     
2024-05-26 19:10:36.397166:__________________________________________________________________________________________________
2024-05-26 19:10:36.397263:fc1_2 (Dense)                   (None, 512)          262656      tf.__operators__.add_5[0][0]     
2024-05-26 19:10:36.397304:__________________________________________________________________________________________________
2024-05-26 19:10:36.397377:tf.__operators__.add_6 (TFOpLam (None, 512)          0           fc1_2[0][0]                      
2024-05-26 19:10:36.397418:                                                                 tf.__operators__.add_5[0][0]     
2024-05-26 19:10:36.397453:__________________________________________________________________________________________________
2024-05-26 19:10:36.397522:dropout_1 (Dropout)             (None, 512)          0           tf.__operators__.add_6[0][0]     
2024-05-26 19:10:36.397559:__________________________________________________________________________________________________
2024-05-26 19:10:36.397657:fc2_0 (Dense)                   (None, 256)          131328      dropout_1[0][0]                  
2024-05-26 19:10:36.397697:__________________________________________________________________________________________________
2024-05-26 19:10:36.397794:fc2_dim_0 (Dense)               (None, 256)          131328      dropout_1[0][0]                  
2024-05-26 19:10:36.397835:__________________________________________________________________________________________________
2024-05-26 19:10:36.397907:tf.__operators__.add_7 (TFOpLam (None, 256)          0           fc2_0[0][0]                      
2024-05-26 19:10:36.397970:                                                                 fc2_dim_0[0][0]                  
2024-05-26 19:10:36.398006:__________________________________________________________________________________________________
2024-05-26 19:10:36.398108:fc2_1 (Dense)                   (None, 256)          65792       tf.__operators__.add_7[0][0]     
2024-05-26 19:10:36.398149:__________________________________________________________________________________________________
2024-05-26 19:10:36.398222:tf.__operators__.add_8 (TFOpLam (None, 256)          0           fc2_1[0][0]                      
2024-05-26 19:10:36.398268:                                                                 tf.__operators__.add_7[0][0]     
2024-05-26 19:10:36.398303:__________________________________________________________________________________________________
2024-05-26 19:10:36.398402:fc2_2 (Dense)                   (None, 256)          65792       tf.__operators__.add_8[0][0]     
2024-05-26 19:10:36.398443:__________________________________________________________________________________________________
2024-05-26 19:10:36.398515:tf.__operators__.add_9 (TFOpLam (None, 256)          0           fc2_2[0][0]                      
2024-05-26 19:10:36.398557:                                                                 tf.__operators__.add_8[0][0]     
2024-05-26 19:10:36.398592:__________________________________________________________________________________________________
2024-05-26 19:10:36.398660:dropout_2 (Dropout)             (None, 256)          0           tf.__operators__.add_9[0][0]     
2024-05-26 19:10:36.398697:__________________________________________________________________________________________________
2024-05-26 19:10:36.398792:fc3_0 (Dense)                   (None, 128)          32896       dropout_2[0][0]                  
2024-05-26 19:10:36.398833:__________________________________________________________________________________________________
2024-05-26 19:10:36.398941:fc3_dim_0 (Dense)               (None, 128)          32896       dropout_2[0][0]                  
2024-05-26 19:10:36.398983:__________________________________________________________________________________________________
2024-05-26 19:10:36.399096:tf.__operators__.add_10 (TFOpLa (None, 128)          0           fc3_0[0][0]                      
2024-05-26 19:10:36.399140:                                                                 fc3_dim_0[0][0]                  
2024-05-26 19:10:36.399176:__________________________________________________________________________________________________
2024-05-26 19:10:36.399281:fc3_1 (Dense)                   (None, 128)          16512       tf.__operators__.add_10[0][0]    
2024-05-26 19:10:36.399323:__________________________________________________________________________________________________
2024-05-26 19:10:36.399396:tf.__operators__.add_11 (TFOpLa (None, 128)          0           fc3_1[0][0]                      
2024-05-26 19:10:36.399438:                                                                 tf.__operators__.add_10[0][0]    
2024-05-26 19:10:36.399473:__________________________________________________________________________________________________
2024-05-26 19:10:36.399570:fc3_2 (Dense)                   (None, 128)          16512       tf.__operators__.add_11[0][0]    
2024-05-26 19:10:36.399611:__________________________________________________________________________________________________
2024-05-26 19:10:36.399683:tf.__operators__.add_12 (TFOpLa (None, 128)          0           fc3_2[0][0]                      
2024-05-26 19:10:36.399724:                                                                 tf.__operators__.add_11[0][0]    
2024-05-26 19:10:36.399759:__________________________________________________________________________________________________
2024-05-26 19:10:36.399827:dropout_3 (Dropout)             (None, 128)          0           tf.__operators__.add_12[0][0]    
2024-05-26 19:10:36.399865:__________________________________________________________________________________________________
2024-05-26 19:10:36.399975:fc4_0 (Dense)                   (None, 64)           8256        dropout_3[0][0]                  
2024-05-26 19:10:36.400017:__________________________________________________________________________________________________
2024-05-26 19:10:36.400115:fc4_dim_0 (Dense)               (None, 64)           8256        dropout_3[0][0]                  
2024-05-26 19:10:36.400156:__________________________________________________________________________________________________
2024-05-26 19:10:36.400234:tf.__operators__.add_13 (TFOpLa (None, 64)           0           fc4_0[0][0]                      
2024-05-26 19:10:36.400276:                                                                 fc4_dim_0[0][0]                  
2024-05-26 19:10:36.400311:__________________________________________________________________________________________________
2024-05-26 19:10:36.400408:fc4_1 (Dense)                   (None, 64)           4160        tf.__operators__.add_13[0][0]    
2024-05-26 19:10:36.400448:__________________________________________________________________________________________________
2024-05-26 19:10:36.400521:tf.__operators__.add_14 (TFOpLa (None, 64)           0           fc4_1[0][0]                      
2024-05-26 19:10:36.400564:                                                                 tf.__operators__.add_13[0][0]    
2024-05-26 19:10:36.400599:__________________________________________________________________________________________________
2024-05-26 19:10:36.400696:fc5_0 (Dense)                   (None, 32)           2080        tf.__operators__.add_14[0][0]    
2024-05-26 19:10:36.400736:__________________________________________________________________________________________________
2024-05-26 19:10:36.400832:fc5_dim_0 (Dense)               (None, 32)           2080        tf.__operators__.add_14[0][0]    
2024-05-26 19:10:36.402709:__________________________________________________________________________________________________
2024-05-26 19:10:36.402797:tf.__operators__.add_15 (TFOpLa (None, 32)           0           fc5_0[0][0]                      
2024-05-26 19:10:36.402840:                                                                 fc5_dim_0[0][0]                  
2024-05-26 19:10:36.402875:__________________________________________________________________________________________________
2024-05-26 19:10:36.402984:fc6 (Dense)                     (None, 1)            33          tf.__operators__.add_15[0][0]    
2024-05-26 19:10:36.403028:==================================================================================================
2024-05-26 19:10:36.403599:Total params: 8,389,409
2024-05-26 19:10:36.403647:Trainable params: 8,389,409
2024-05-26 19:10:36.403684:Non-trainable params: 0
2024-05-26 19:10:36.403718:__________________________________________________________________________________________________
2024-05-26 19:10:36.414079:start training
2024-05-26 19:10:40.137152:2024-05-26 19:10:40.137099: Current epoch: 0, loss: 10.907760620117188, validation loss: 8.138734817504883
2024-05-26 19:10:42.431443:2024-05-26 19:10:42.431371: Current epoch: 1, loss: 7.740253925323486, validation loss: 7.843108654022217
2024-05-26 19:10:44.747252:2024-05-26 19:10:44.747156: Current epoch: 2, loss: 6.9745683670043945, validation loss: 7.551208972930908
2024-05-26 19:10:47.018411:2024-05-26 19:10:47.018337: Current epoch: 3, loss: 6.507547378540039, validation loss: 7.7280707359313965
2024-05-26 19:10:49.326021:2024-05-26 19:10:49.325903: Current epoch: 4, loss: 6.199875831604004, validation loss: 6.450443744659424
2024-05-26 19:10:51.805561:2024-05-26 19:10:51.805474: Current epoch: 5, loss: 5.528979778289795, validation loss: 6.34440803527832
2024-05-26 19:10:54.078692:2024-05-26 19:10:54.078617: Current epoch: 6, loss: 5.337856292724609, validation loss: 6.821151256561279
2024-05-26 19:10:56.312243:2024-05-26 19:10:56.312058: Current epoch: 7, loss: 4.978631973266602, validation loss: 7.853456497192383
2024-05-26 19:10:58.591669:2024-05-26 19:10:58.591518: Current epoch: 8, loss: 4.907760143280029, validation loss: 6.775761604309082
2024-05-26 19:11:00.848313:2024-05-26 19:11:00.848163: Current epoch: 9, loss: 4.606696605682373, validation loss: 6.927214622497559
2024-05-26 19:11:05.632702:2024-05-26 19:11:05.632622: Current epoch: 10, loss: 4.6328535079956055, validation loss: 5.998884677886963
2024-05-26 19:11:08.011143:2024-05-26 19:11:08.011066: Current epoch: 11, loss: 4.194219589233398, validation loss: 5.683876037597656
2024-05-26 19:11:10.299429:2024-05-26 19:11:10.299253: Current epoch: 12, loss: 4.05546236038208, validation loss: 6.443125247955322
2024-05-26 19:11:12.699684:2024-05-26 19:11:12.699597: Current epoch: 13, loss: 4.089710235595703, validation loss: 5.46886682510376
2024-05-26 19:11:14.982557:2024-05-26 19:11:14.982435: Current epoch: 14, loss: 3.7460882663726807, validation loss: 5.6946539878845215
2024-05-26 19:11:17.265506:2024-05-26 19:11:17.265452: Current epoch: 15, loss: 3.615422487258911, validation loss: 5.4370503425598145
2024-05-26 19:11:19.646130:2024-05-26 19:11:19.646066: Current epoch: 16, loss: 3.565040111541748, validation loss: 5.358969211578369
2024-05-26 19:11:21.975195:2024-05-26 19:11:21.974884: Current epoch: 17, loss: 3.57133412361145, validation loss: 5.495913982391357
2024-05-26 19:11:24.296372:2024-05-26 19:11:24.296222: Current epoch: 18, loss: 3.4218454360961914, validation loss: 5.821277141571045
2024-05-26 19:11:26.692951:2024-05-26 19:11:26.692875: Current epoch: 19, loss: 3.2878165245056152, validation loss: 5.310321807861328
2024-05-26 19:11:31.293878:2024-05-26 19:11:31.293782: Current epoch: 20, loss: 3.1732747554779053, validation loss: 5.554917812347412
2024-05-26 19:11:33.564205:2024-05-26 19:11:33.564131: Current epoch: 21, loss: 3.2273776531219482, validation loss: 5.649333477020264
2024-05-26 19:11:35.855148:2024-05-26 19:11:35.855069: Current epoch: 22, loss: 3.178609848022461, validation loss: 6.030919075012207
2024-05-26 19:11:38.155705:2024-05-26 19:11:38.155552: Current epoch: 23, loss: 3.1316628456115723, validation loss: 5.362301826477051
2024-05-26 19:11:40.452397:2024-05-26 19:11:40.452267: Current epoch: 24, loss: 2.8820362091064453, validation loss: 5.476057529449463
2024-05-26 19:11:42.823537:2024-05-26 19:11:42.823466: Current epoch: 25, loss: 2.74353289604187, validation loss: 5.138338088989258
2024-05-26 19:11:45.156044:2024-05-26 19:11:45.155985: Current epoch: 26, loss: 2.6427204608917236, validation loss: 4.983496189117432
2024-05-26 19:11:47.598435:2024-05-26 19:11:47.598301: Current epoch: 27, loss: 2.7229905128479004, validation loss: 5.154717922210693
2024-05-26 19:11:49.926602:2024-05-26 19:11:49.926368: Current epoch: 28, loss: 2.78149151802063, validation loss: 5.234214782714844
2024-05-26 19:11:52.208647:2024-05-26 19:11:52.208575: Current epoch: 29, loss: 2.6878550052642822, validation loss: 5.439676761627197
2024-05-26 19:11:54.586520:2024-05-26 19:11:54.586416: Current epoch: 30, loss: 2.4936866760253906, validation loss: 5.287472724914551
2024-05-26 19:11:56.900371:2024-05-26 19:11:56.900093: Current epoch: 31, loss: 2.487320899963379, validation loss: 5.087063789367676
2024-05-26 19:11:59.241108:2024-05-26 19:11:59.241008: Current epoch: 32, loss: 2.48630428314209, validation loss: 5.698334693908691
2024-05-26 19:12:01.554268:2024-05-26 19:12:01.554132: Current epoch: 33, loss: 2.358844041824341, validation loss: 5.094445705413818
2024-05-26 19:12:03.772424:2024-05-26 19:12:03.772269: Current epoch: 34, loss: 2.3511757850646973, validation loss: 5.075779438018799
2024-05-26 19:12:06.196685:2024-05-26 19:12:06.196540: Current epoch: 35, loss: 2.290647268295288, validation loss: 5.602295398712158
2024-05-26 19:12:08.608911:2024-05-26 19:12:08.608771: Current epoch: 36, loss: 2.3505818843841553, validation loss: 5.2006425857543945
2024-05-26 19:12:11.036670:2024-05-26 19:12:11.036593: Current epoch: 37, loss: 2.417088270187378, validation loss: 4.860794544219971
2024-05-26 19:12:13.371317:2024-05-26 19:12:13.371220: Current epoch: 38, loss: 2.2166850566864014, validation loss: 4.972923278808594
2024-05-26 19:12:15.676836:2024-05-26 19:12:15.676720: Current epoch: 39, loss: 2.314546823501587, validation loss: 4.874804973602295
2024-05-26 19:12:20.398949:2024-05-26 19:12:20.398846: Current epoch: 40, loss: 2.1505751609802246, validation loss: 5.256189346313477
2024-05-26 19:12:22.681422:2024-05-26 19:12:22.681341: Current epoch: 41, loss: 2.1160049438476562, validation loss: 4.780069351196289
2024-05-26 19:12:25.025175:2024-05-26 19:12:25.025107: Current epoch: 42, loss: 2.045247793197632, validation loss: 4.715086460113525
2024-05-26 19:12:27.288656:2024-05-26 19:12:27.288560: Current epoch: 43, loss: 2.036102294921875, validation loss: 4.982612609863281
2024-05-26 19:12:29.502842:2024-05-26 19:12:29.502725: Current epoch: 44, loss: 1.9463179111480713, validation loss: 5.273766040802002
2024-05-26 19:12:31.823550:2024-05-26 19:12:31.823445: Current epoch: 45, loss: 2.0271408557891846, validation loss: 5.111318111419678
2024-05-26 19:12:34.271194:2024-05-26 19:12:34.270987: Current epoch: 46, loss: 1.8838046789169312, validation loss: 4.74466609954834
2024-05-26 19:12:36.776642:2024-05-26 19:12:36.776397: Current epoch: 47, loss: 1.8880432844161987, validation loss: 4.727075099945068
2024-05-26 19:12:39.146055:2024-05-26 19:12:39.145892: Current epoch: 48, loss: 2.0016727447509766, validation loss: 4.819563388824463
2024-05-26 19:12:41.641250:2024-05-26 19:12:41.641097: Current epoch: 49, loss: 1.8727868795394897, validation loss: 4.918391227722168
2024-05-26 19:12:43.923625:2024-05-26 19:12:43.923524: Current epoch: 50, loss: 1.8145338296890259, validation loss: 5.197477340698242
2024-05-26 19:12:46.098806:2024-05-26 19:12:46.098729: Current epoch: 51, loss: 1.826872706413269, validation loss: 4.844874858856201
2024-05-26 19:12:48.424376:2024-05-26 19:12:48.424233: Current epoch: 52, loss: 1.8554812669754028, validation loss: 4.891873359680176
2024-05-26 19:12:50.898923:2024-05-26 19:12:50.898765: Current epoch: 53, loss: 1.776165246963501, validation loss: 4.901395797729492
2024-05-26 19:12:53.314258:2024-05-26 19:12:53.314004: Current epoch: 54, loss: 1.7310909032821655, validation loss: 5.016258239746094
2024-05-26 19:12:55.725064:2024-05-26 19:12:55.724947: Current epoch: 55, loss: 1.819232702255249, validation loss: 4.778789520263672
2024-05-26 19:12:58.036401:2024-05-26 19:12:58.036305: Current epoch: 56, loss: 1.6917163133621216, validation loss: 4.758884429931641
2024-05-26 19:13:00.484297:2024-05-26 19:13:00.484159: Current epoch: 57, loss: 1.683152437210083, validation loss: 4.893491744995117
2024-05-26 19:13:03.038685:2024-05-26 19:13:03.038612: Current epoch: 58, loss: 1.6946229934692383, validation loss: 4.7013840675354
2024-05-26 19:13:05.396090:2024-05-26 19:13:05.396017: Current epoch: 59, loss: 1.6217000484466553, validation loss: 4.652856349945068
2024-05-26 19:13:10.098220:2024-05-26 19:13:10.098078: Current epoch: 60, loss: 1.6361666917800903, validation loss: 4.665732383728027
2024-05-26 19:13:12.544700:2024-05-26 19:13:12.544627: Current epoch: 61, loss: 1.578932285308838, validation loss: 4.591012001037598
2024-05-26 19:13:14.803778:2024-05-26 19:13:14.803658: Current epoch: 62, loss: 1.541831374168396, validation loss: 4.764464378356934
2024-05-26 19:13:17.056607:2024-05-26 19:13:17.056529: Current epoch: 63, loss: 1.5596976280212402, validation loss: 4.733333110809326
2024-05-26 19:13:19.352911:2024-05-26 19:13:19.352782: Current epoch: 64, loss: 1.6750127077102661, validation loss: 4.986075401306152
2024-05-26 19:13:21.624077:2024-05-26 19:13:21.623951: Current epoch: 65, loss: 1.5048924684524536, validation loss: 4.803584098815918
2024-05-26 19:13:23.856686:2024-05-26 19:13:23.856597: Current epoch: 66, loss: 1.4500073194503784, validation loss: 4.811931133270264
2024-05-26 19:13:26.150266:2024-05-26 19:13:26.150119: Current epoch: 67, loss: 1.4885514974594116, validation loss: 4.63639497756958
2024-05-26 19:13:28.398975:2024-05-26 19:13:28.398844: Current epoch: 68, loss: 1.5338032245635986, validation loss: 4.914829254150391
2024-05-26 19:13:30.873264:2024-05-26 19:13:30.873191: Current epoch: 69, loss: 1.5033191442489624, validation loss: 4.716042518615723
2024-05-26 19:13:33.183132:2024-05-26 19:13:33.183004: Current epoch: 70, loss: 1.5440622568130493, validation loss: 4.721579551696777
2024-05-26 19:13:35.427818:2024-05-26 19:13:35.427744: Current epoch: 71, loss: 1.5643049478530884, validation loss: 4.963325023651123
2024-05-26 19:13:37.685900:2024-05-26 19:13:37.685750: Current epoch: 72, loss: 1.4590314626693726, validation loss: 4.77139139175415
2024-05-26 19:13:39.912614:2024-05-26 19:13:39.912558: Current epoch: 73, loss: 1.4463250637054443, validation loss: 4.675323486328125
2024-05-26 19:13:42.069769:2024-05-26 19:13:42.069653: Current epoch: 74, loss: 1.4037944078445435, validation loss: 4.9741997718811035
2024-05-26 19:13:44.257136:2024-05-26 19:13:44.257068: Current epoch: 75, loss: 1.5066018104553223, validation loss: 4.598598957061768
2024-05-26 19:13:46.587089:2024-05-26 19:13:46.586991: Current epoch: 76, loss: 1.3477256298065186, validation loss: 4.6863603591918945
2024-05-26 19:13:48.801208:2024-05-26 19:13:48.801137: Current epoch: 77, loss: 1.3867288827896118, validation loss: 4.683948040008545
2024-05-26 19:13:51.018451:2024-05-26 19:13:51.018334: Current epoch: 78, loss: 1.3337674140930176, validation loss: 4.683797359466553
2024-05-26 19:13:53.244881:2024-05-26 19:13:53.244796: Current epoch: 79, loss: 1.3556122779846191, validation loss: 4.7412214279174805
2024-05-26 19:13:55.457240:2024-05-26 19:13:55.457168: Current epoch: 80, loss: 1.3372305631637573, validation loss: 5.0410075187683105
2024-05-26 19:13:57.699055:2024-05-26 19:13:57.698979: Current epoch: 81, loss: 1.3610159158706665, validation loss: 4.7031660079956055
2024-05-26 19:13:59.945331:2024-05-26 19:13:59.945253: Current epoch: 82, loss: 1.2658973932266235, validation loss: 4.6417927742004395
2024-05-26 19:14:02.351358:2024-05-26 19:14:02.351214: Current epoch: 83, loss: 1.3049200773239136, validation loss: 4.675407409667969
2024-05-26 19:14:04.660073:2024-05-26 19:14:04.659999: Current epoch: 84, loss: 1.2940363883972168, validation loss: 4.777602195739746
2024-05-26 19:14:07.053325:2024-05-26 19:14:07.053199: Current epoch: 85, loss: 1.2239781618118286, validation loss: 4.6319355964660645
2024-05-26 19:14:09.400664:2024-05-26 19:14:09.400617: Current epoch: 86, loss: 1.22151517868042, validation loss: 4.583256721496582
2024-05-26 19:14:11.653209:2024-05-26 19:14:11.653136: Current epoch: 87, loss: 1.2222627401351929, validation loss: 4.7728986740112305
2024-05-26 19:14:13.971217:2024-05-26 19:14:13.971101: Current epoch: 88, loss: 1.209783911705017, validation loss: 4.663024425506592
2024-05-26 19:14:16.411064:2024-05-26 19:14:16.411009: Current epoch: 89, loss: 1.2582714557647705, validation loss: 4.5474443435668945
2024-05-26 19:14:21.019829:2024-05-26 19:14:21.019713: Current epoch: 90, loss: 1.1775693893432617, validation loss: 4.5734686851501465
2024-05-26 19:14:23.348065:2024-05-26 19:14:23.347984: Current epoch: 91, loss: 1.1924313306808472, validation loss: 4.630276203155518
2024-05-26 19:14:25.661313:2024-05-26 19:14:25.661242: Current epoch: 92, loss: 1.274043321609497, validation loss: 4.72767448425293
2024-05-26 19:14:27.997267:2024-05-26 19:14:27.997194: Current epoch: 93, loss: 1.1910642385482788, validation loss: 4.7561726570129395
2024-05-26 19:14:30.385242:2024-05-26 19:14:30.385146: Current epoch: 94, loss: 1.2135646343231201, validation loss: 4.790579319000244
2024-05-26 19:14:32.819588:2024-05-26 19:14:32.819537: Current epoch: 95, loss: 1.2377816438674927, validation loss: 4.531589508056641
2024-05-26 19:14:35.069460:2024-05-26 19:14:35.069385: Current epoch: 96, loss: 1.222223162651062, validation loss: 4.551900863647461
2024-05-26 19:14:37.333269:2024-05-26 19:14:37.333195: Current epoch: 97, loss: 1.1929470300674438, validation loss: 4.652407646179199
2024-05-26 19:14:39.612762:2024-05-26 19:14:39.612689: Current epoch: 98, loss: 1.1391408443450928, validation loss: 4.832684516906738
2024-05-26 19:14:41.897476:2024-05-26 19:14:41.897326: Current epoch: 99, loss: 1.1431127786636353, validation loss: 4.723894119262695
2024-05-26 19:14:44.267157:2024-05-26 19:14:44.267009: Current epoch: 100, loss: 1.1158826351165771, validation loss: 4.759710311889648
2024-05-26 19:14:46.539971:2024-05-26 19:14:46.539857: Current epoch: 101, loss: 1.2520639896392822, validation loss: 4.80543327331543
2024-05-26 19:14:48.830018:2024-05-26 19:14:48.829837: Current epoch: 102, loss: 1.1328256130218506, validation loss: 4.739555835723877
2024-05-26 19:14:51.144536:2024-05-26 19:14:51.144463: Current epoch: 103, loss: 1.1652636528015137, validation loss: 4.6622419357299805
2024-05-26 19:14:53.510383:2024-05-26 19:14:53.510251: Current epoch: 104, loss: 1.0790293216705322, validation loss: 4.7537102699279785
2024-05-26 19:14:55.771821:2024-05-26 19:14:55.771744: Current epoch: 105, loss: 1.094362497329712, validation loss: 4.756026744842529
2024-05-26 19:14:58.179264:2024-05-26 19:14:58.179141: Current epoch: 106, loss: 1.1517469882965088, validation loss: 4.701268672943115
2024-05-26 19:15:00.674513:2024-05-26 19:15:00.674375: Current epoch: 107, loss: 1.0653924942016602, validation loss: 4.5568389892578125
2024-05-26 19:15:02.988367:2024-05-26 19:15:02.988302: Current epoch: 108, loss: 1.0795873403549194, validation loss: 4.6236491203308105
2024-05-26 19:15:05.264111:2024-05-26 19:15:05.263985: Current epoch: 109, loss: 1.0131022930145264, validation loss: 4.70257568359375
2024-05-26 19:15:07.656213:2024-05-26 19:15:07.656155: Current epoch: 110, loss: 1.0398221015930176, validation loss: 4.662944793701172
2024-05-26 19:15:10.048906:2024-05-26 19:15:10.048807: Current epoch: 111, loss: 1.0550446510314941, validation loss: 4.875094890594482
2024-05-26 19:15:12.323587:2024-05-26 19:15:12.323513: Current epoch: 112, loss: 1.0910615921020508, validation loss: 4.676033020019531
2024-05-26 19:15:14.694823:2024-05-26 19:15:14.694723: Current epoch: 113, loss: 1.12062406539917, validation loss: 4.962764263153076
2024-05-26 19:15:17.047407:2024-05-26 19:15:17.047238: Current epoch: 114, loss: 1.0639384984970093, validation loss: 4.828660488128662
2024-05-26 19:15:19.395974:2024-05-26 19:15:19.395882: Current epoch: 115, loss: 1.0931576490402222, validation loss: 4.666948318481445
2024-05-26 19:15:21.686259:2024-05-26 19:15:21.686163: Current epoch: 116, loss: 0.9866974949836731, validation loss: 4.750143051147461
2024-05-26 19:15:23.959287:2024-05-26 19:15:23.959217: Current epoch: 117, loss: 0.9694757461547852, validation loss: 4.663802623748779
2024-05-26 19:15:26.103922:2024-05-26 19:15:26.103850: Current epoch: 118, loss: 1.004569411277771, validation loss: 4.625579357147217
2024-05-26 19:15:28.353658:2024-05-26 19:15:28.353587: Current epoch: 119, loss: 0.9875349402427673, validation loss: 4.589719295501709
2024-05-26 19:15:30.648418:2024-05-26 19:15:30.648347: Current epoch: 120, loss: 0.9679915904998779, validation loss: 4.757475852966309
2024-05-26 19:15:32.892399:2024-05-26 19:15:32.892279: Current epoch: 121, loss: 1.0240312814712524, validation loss: 4.933715343475342
2024-05-26 19:15:35.070963:2024-05-26 19:15:35.070870: Current epoch: 122, loss: 1.0020568370819092, validation loss: 4.651485443115234
2024-05-26 19:15:37.358270:2024-05-26 19:15:37.358203: Current epoch: 123, loss: 0.9723522067070007, validation loss: 4.573259353637695
2024-05-26 19:15:39.619994:2024-05-26 19:15:39.619894: Current epoch: 124, loss: 1.0680296421051025, validation loss: 4.742120265960693
2024-05-26 19:15:41.859763:2024-05-26 19:15:41.859692: Current epoch: 125, loss: 0.9715760946273804, validation loss: 4.575074672698975
2024-05-26 19:15:44.229690:2024-05-26 19:15:44.229633: Current epoch: 126, loss: 0.9334626793861389, validation loss: 4.5169758796691895
2024-05-26 19:15:46.478916:2024-05-26 19:15:46.478773: Current epoch: 127, loss: 0.965167224407196, validation loss: 4.724338531494141
2024-05-26 19:15:48.690131:2024-05-26 19:15:48.690032: Current epoch: 128, loss: 0.9892441034317017, validation loss: 4.698907852172852
2024-05-26 19:15:51.069102:2024-05-26 19:15:51.068968: Current epoch: 129, loss: 0.9512232542037964, validation loss: 4.555037498474121
2024-05-26 19:15:53.329550:2024-05-26 19:15:53.329401: Current epoch: 130, loss: 0.9231934547424316, validation loss: 4.578271865844727
2024-05-26 19:15:55.622282:2024-05-26 19:15:55.622215: Current epoch: 131, loss: 0.8967360854148865, validation loss: 4.7191643714904785
2024-05-26 19:15:57.945945:2024-05-26 19:15:57.945778: Current epoch: 132, loss: 1.085096836090088, validation loss: 4.7491350173950195
2024-05-26 19:16:00.158225:2024-05-26 19:16:00.158154: Current epoch: 133, loss: 0.963077962398529, validation loss: 4.699202060699463
2024-05-26 19:16:02.292289:2024-05-26 19:16:02.292164: Current epoch: 134, loss: 0.9165746569633484, validation loss: 4.5956807136535645
2024-05-26 19:16:04.528624:2024-05-26 19:16:04.528555: Current epoch: 135, loss: 0.9201731085777283, validation loss: 4.703928470611572
2024-05-26 19:16:06.733667:2024-05-26 19:16:06.733594: Current epoch: 136, loss: 0.8926740288734436, validation loss: 4.652920722961426
2024-05-26 19:16:08.951865:2024-05-26 19:16:08.951775: Current epoch: 137, loss: 0.8796168565750122, validation loss: 4.798172950744629
2024-05-26 19:16:11.135108:2024-05-26 19:16:11.135034: Current epoch: 138, loss: 0.9109359383583069, validation loss: 4.58928108215332
2024-05-26 19:16:13.386885:2024-05-26 19:16:13.386756: Current epoch: 139, loss: 0.891903281211853, validation loss: 4.613924503326416
2024-05-26 19:16:15.818012:2024-05-26 19:16:15.817837: Current epoch: 140, loss: 0.8937994241714478, validation loss: 4.568547248840332
2024-05-26 19:16:18.188572:2024-05-26 19:16:18.188505: Current epoch: 141, loss: 0.8770830631256104, validation loss: 4.613354206085205
2024-05-26 19:16:20.460900:2024-05-26 19:16:20.460829: Current epoch: 142, loss: 0.9057027697563171, validation loss: 4.649420738220215
2024-05-26 19:16:22.680482:2024-05-26 19:16:22.680404: Current epoch: 143, loss: 1.0051087141036987, validation loss: 4.8050923347473145
2024-05-26 19:16:24.906304:2024-05-26 19:16:24.906233: Current epoch: 144, loss: 0.933009922504425, validation loss: 4.690019607543945
2024-05-26 19:16:27.286093:2024-05-26 19:16:27.286020: Current epoch: 145, loss: 0.8806155323982239, validation loss: 4.657012462615967
2024-05-26 19:16:29.598266:2024-05-26 19:16:29.598112: Current epoch: 146, loss: 0.835126519203186, validation loss: 4.844241619110107
2024-05-26 19:16:31.940112:2024-05-26 19:16:31.940049: Current epoch: 147, loss: 0.8439447283744812, validation loss: 4.699375629425049
2024-05-26 19:16:34.306715:2024-05-26 19:16:34.306564: Current epoch: 148, loss: 0.8270601630210876, validation loss: 4.525753021240234
2024-05-26 19:16:36.513587:2024-05-26 19:16:36.513514: Current epoch: 149, loss: 0.9167107343673706, validation loss: 4.5504045486450195
2024-05-26 19:16:38.953444:2024-05-26 19:16:38.953322: Current epoch: 150, loss: 0.9132536053657532, validation loss: 4.557065010070801
2024-05-26 19:16:41.185190:2024-05-26 19:16:41.185127: Current epoch: 151, loss: 0.8045275211334229, validation loss: 4.625425815582275
2024-05-26 19:16:43.612741:2024-05-26 19:16:43.612596: Current epoch: 152, loss: 0.8136138916015625, validation loss: 4.689671039581299
2024-05-26 19:16:46.067914:2024-05-26 19:16:46.067826: Current epoch: 153, loss: 0.823410153388977, validation loss: 4.581350326538086
2024-05-26 19:16:48.389882:2024-05-26 19:16:48.389734: Current epoch: 154, loss: 0.807710587978363, validation loss: 4.774895668029785
2024-05-26 19:16:50.901797:2024-05-26 19:16:50.901677: Current epoch: 155, loss: 0.8155016303062439, validation loss: 4.580790042877197
2024-05-26 19:16:53.272673:2024-05-26 19:16:53.272525: Current epoch: 156, loss: 0.9293963313102722, validation loss: 4.703281402587891
2024-05-26 19:16:55.717865:2024-05-26 19:16:55.717791: Current epoch: 157, loss: 0.9889176487922668, validation loss: 4.656383991241455
2024-05-26 19:16:58.037125:2024-05-26 19:16:58.036995: Current epoch: 158, loss: 0.8671707510948181, validation loss: 4.600008487701416
2024-05-26 19:17:00.264385:2024-05-26 19:17:00.264313: Current epoch: 159, loss: 0.8414686918258667, validation loss: 4.578526973724365
2024-05-26 19:17:02.697375:2024-05-26 19:17:02.697309: Current epoch: 160, loss: 0.8338063955307007, validation loss: 4.615973472595215
2024-05-26 19:17:04.929819:2024-05-26 19:17:04.929747: Current epoch: 161, loss: 0.8272011280059814, validation loss: 4.622395038604736
2024-05-26 19:17:07.196008:2024-05-26 19:17:07.195913: Current epoch: 162, loss: 0.7793542146682739, validation loss: 4.676025867462158
2024-05-26 19:17:09.473193:2024-05-26 19:17:09.473056: Current epoch: 163, loss: 0.8200938701629639, validation loss: 4.580262184143066
2024-05-26 19:17:11.840076:2024-05-26 19:17:11.840015: Current epoch: 164, loss: 0.7905840873718262, validation loss: 4.478526592254639
2024-05-26 19:17:14.137440:2024-05-26 19:17:14.137344: Current epoch: 165, loss: 0.7602041363716125, validation loss: 4.67572546005249
2024-05-26 19:17:16.556421:2024-05-26 19:17:16.556263: Current epoch: 166, loss: 0.8760337829589844, validation loss: 4.692954063415527
2024-05-26 19:17:18.943197:2024-05-26 19:17:18.942858: Current epoch: 167, loss: 0.8701556324958801, validation loss: 4.620443820953369
2024-05-26 19:17:21.460178:2024-05-26 19:17:21.460054: Current epoch: 168, loss: 0.8451787829399109, validation loss: 4.934670448303223
2024-05-26 19:17:23.828182:2024-05-26 19:17:23.828041: Current epoch: 169, loss: 0.901215672492981, validation loss: 4.726714611053467
2024-05-26 19:17:26.167390:2024-05-26 19:17:26.167237: Current epoch: 170, loss: 0.8733055591583252, validation loss: 4.584273815155029
2024-05-26 19:17:28.465588:2024-05-26 19:17:28.465512: Current epoch: 171, loss: 0.8014662861824036, validation loss: 4.686313152313232
2024-05-26 19:17:30.825573:2024-05-26 19:17:30.825426: Current epoch: 172, loss: 0.681019127368927, validation loss: 4.56088399887085
2024-05-26 19:17:33.142537:2024-05-26 19:17:33.142388: Current epoch: 173, loss: 0.7371905446052551, validation loss: 4.616550445556641
2024-05-26 19:17:35.464543:2024-05-26 19:17:35.464417: Current epoch: 174, loss: 0.7745577692985535, validation loss: 4.746852874755859
2024-05-26 19:17:37.768003:2024-05-26 19:17:37.767884: Current epoch: 175, loss: 0.8364675641059875, validation loss: 4.730164051055908
2024-05-26 19:17:40.224287:2024-05-26 19:17:40.224137: Current epoch: 176, loss: 0.8027369976043701, validation loss: 4.611733436584473
2024-05-26 19:17:42.711940:2024-05-26 19:17:42.711795: Current epoch: 177, loss: 0.8009234666824341, validation loss: 4.812180519104004
2024-05-26 19:17:45.135734:2024-05-26 19:17:45.135574: Current epoch: 178, loss: 0.7906783223152161, validation loss: 4.601659297943115
2024-05-26 19:17:47.490060:2024-05-26 19:17:47.489949: Current epoch: 179, loss: 0.7254940271377563, validation loss: 4.729640960693359
2024-05-26 19:17:49.984991:2024-05-26 19:17:49.984852: Current epoch: 180, loss: 0.8539319634437561, validation loss: 4.550018310546875
2024-05-26 19:17:52.436134:2024-05-26 19:17:52.436031: Current epoch: 181, loss: 0.7236999869346619, validation loss: 4.620168209075928
2024-05-26 19:17:54.959705:2024-05-26 19:17:54.959556: Current epoch: 182, loss: 0.8504883050918579, validation loss: 4.774515628814697
2024-05-26 19:17:57.316165:2024-05-26 19:17:57.316066: Current epoch: 183, loss: 0.7586377263069153, validation loss: 4.939586162567139
2024-05-26 19:17:59.569763:2024-05-26 19:17:59.569637: Current epoch: 184, loss: 0.7764258980751038, validation loss: 4.883106708526611
2024-05-26 19:18:01.780513:2024-05-26 19:18:01.780343: Current epoch: 185, loss: 0.88053297996521, validation loss: 4.913789749145508
2024-05-26 19:18:04.250812:2024-05-26 19:18:04.250659: Current epoch: 186, loss: 0.7951455116271973, validation loss: 4.651941776275635
2024-05-26 19:18:06.567284:2024-05-26 19:18:06.567183: Current epoch: 187, loss: 0.8212727308273315, validation loss: 4.970798015594482
2024-05-26 19:18:08.866267:2024-05-26 19:18:08.866141: Current epoch: 188, loss: 0.7623332738876343, validation loss: 4.781337261199951
2024-05-26 19:18:11.196392:2024-05-26 19:18:11.196299: Current epoch: 189, loss: 0.7490267753601074, validation loss: 4.673962593078613
2024-05-26 19:18:13.436009:2024-05-26 19:18:13.435878: Current epoch: 190, loss: 0.7575724720954895, validation loss: 4.659728527069092
2024-05-26 19:18:15.724544:2024-05-26 19:18:15.724401: Current epoch: 191, loss: 0.7012836337089539, validation loss: 4.640477657318115
2024-05-26 19:18:17.956421:2024-05-26 19:18:17.956319: Current epoch: 192, loss: 0.734571099281311, validation loss: 4.706087589263916
2024-05-26 19:18:20.343646:2024-05-26 19:18:20.343494: Current epoch: 193, loss: 0.7187178730964661, validation loss: 4.70849609375
2024-05-26 19:18:22.717501:2024-05-26 19:18:22.717404: Current epoch: 194, loss: 0.6857081055641174, validation loss: 4.738508224487305
2024-05-26 19:18:25.008008:2024-05-26 19:18:25.007941: Current epoch: 195, loss: 0.7126520276069641, validation loss: 4.731259346008301
2024-05-26 19:18:27.385593:2024-05-26 19:18:27.385519: Current epoch: 196, loss: 0.7432509064674377, validation loss: 4.718188762664795
2024-05-26 19:18:29.682582:2024-05-26 19:18:29.682503: Current epoch: 197, loss: 0.9024677276611328, validation loss: 4.502739429473877
2024-05-26 19:18:32.014637:2024-05-26 19:18:32.014561: Current epoch: 198, loss: 0.7641404867172241, validation loss: 4.691488742828369
2024-05-26 19:18:34.309068:2024-05-26 19:18:34.308992: Current epoch: 199, loss: 0.8601124286651611, validation loss: 4.701450347900391
2024-05-26 19:18:36.607431:2024-05-26 19:18:36.607295: Current epoch: 200, loss: 0.7168923020362854, validation loss: 4.701491355895996
2024-05-26 19:18:38.892324:2024-05-26 19:18:38.892249: Current epoch: 201, loss: 0.7145794034004211, validation loss: 4.627890586853027
2024-05-26 19:18:41.263806:2024-05-26 19:18:41.263707: Current epoch: 202, loss: 0.7485820055007935, validation loss: 4.738999843597412
2024-05-26 19:18:43.621618:2024-05-26 19:18:43.621471: Current epoch: 203, loss: 0.6674985289573669, validation loss: 4.662730693817139
2024-05-26 19:18:45.939212:2024-05-26 19:18:45.939088: Current epoch: 204, loss: 0.6402354836463928, validation loss: 4.6783528327941895
2024-05-26 19:18:48.262073:2024-05-26 19:18:48.261908: Current epoch: 205, loss: 0.6379696130752563, validation loss: 4.635201930999756
2024-05-26 19:18:50.612970:2024-05-26 19:18:50.612815: Current epoch: 206, loss: 0.6178355813026428, validation loss: 4.700958251953125
2024-05-26 19:18:52.856190:2024-05-26 19:18:52.856063: Current epoch: 207, loss: 0.6598787903785706, validation loss: 4.670845985412598
2024-05-26 19:18:55.187844:2024-05-26 19:18:55.187708: Current epoch: 208, loss: 0.6190834045410156, validation loss: 4.634242057800293
2024-05-26 19:18:57.517914:2024-05-26 19:18:57.517743: Current epoch: 209, loss: 0.6749958395957947, validation loss: 4.852095603942871
2024-05-26 19:18:59.817188:2024-05-26 19:18:59.817096: Current epoch: 210, loss: 0.7489795684814453, validation loss: 4.634011745452881
2024-05-26 19:19:02.117425:2024-05-26 19:19:02.117296: Current epoch: 211, loss: 0.7910821437835693, validation loss: 4.688488960266113
2024-05-26 19:19:04.447316:2024-05-26 19:19:04.447218: Current epoch: 212, loss: 0.9458920955657959, validation loss: 4.747108459472656
2024-05-26 19:19:06.792690:2024-05-26 19:19:06.792538: Current epoch: 213, loss: 0.6890878677368164, validation loss: 4.8044514656066895
2024-05-26 19:19:09.072987:2024-05-26 19:19:09.072826: Current epoch: 214, loss: 0.7828699350357056, validation loss: 4.664752006530762
2024-05-26 19:19:11.389616:2024-05-26 19:19:11.389468: Current epoch: 215, loss: 0.6997817158699036, validation loss: 4.597925662994385
2024-05-26 19:19:13.748889:2024-05-26 19:19:13.748757: Current epoch: 216, loss: 0.7030997276306152, validation loss: 4.607594966888428
2024-05-26 19:19:16.106601:2024-05-26 19:19:16.106448: Current epoch: 217, loss: 0.7322539687156677, validation loss: 4.531054496765137
2024-05-26 19:19:18.437706:2024-05-26 19:19:18.437641: Current epoch: 218, loss: 0.6654311418533325, validation loss: 4.640685081481934
2024-05-26 19:19:20.855128:2024-05-26 19:19:20.854977: Current epoch: 219, loss: 0.6402590870857239, validation loss: 4.565322399139404
2024-05-26 19:19:23.171910:2024-05-26 19:19:23.171782: Current epoch: 220, loss: 0.6409004926681519, validation loss: 4.732870578765869
2024-05-26 19:19:25.592781:2024-05-26 19:19:25.592636: Current epoch: 221, loss: 0.6540707945823669, validation loss: 4.686583995819092
2024-05-26 19:19:27.918190:2024-05-26 19:19:27.918088: Current epoch: 222, loss: 0.6318734884262085, validation loss: 4.628289222717285
2024-05-26 19:19:30.197953:2024-05-26 19:19:30.197859: Current epoch: 223, loss: 0.609099805355072, validation loss: 4.599996566772461
2024-05-26 19:19:32.456844:2024-05-26 19:19:32.456769: Current epoch: 224, loss: 0.6590675711631775, validation loss: 4.510276794433594
2024-05-26 19:19:34.691395:2024-05-26 19:19:34.691321: Current epoch: 225, loss: 0.668093204498291, validation loss: 4.629822254180908
2024-05-26 19:19:36.945194:2024-05-26 19:19:36.945127: Current epoch: 226, loss: 0.6188101172447205, validation loss: 4.6358842849731445
2024-05-26 19:19:39.242637:2024-05-26 19:19:39.242506: Current epoch: 227, loss: 0.7529081106185913, validation loss: 4.604839324951172
2024-05-26 19:19:41.545651:2024-05-26 19:19:41.545526: Current epoch: 228, loss: 0.9546390175819397, validation loss: 4.677202224731445
2024-05-26 19:19:43.798402:2024-05-26 19:19:43.798301: Current epoch: 229, loss: 0.7722011208534241, validation loss: 4.678493022918701
2024-05-26 19:19:46.056262:2024-05-26 19:19:46.056192: Current epoch: 230, loss: 0.7042397856712341, validation loss: 4.516507625579834
2024-05-26 19:19:48.443778:2024-05-26 19:19:48.443623: Current epoch: 231, loss: 0.6534451842308044, validation loss: 4.6580681800842285
2024-05-26 19:19:50.727683:2024-05-26 19:19:50.727574: Current epoch: 232, loss: 0.6052240133285522, validation loss: 4.574619293212891
2024-05-26 19:19:52.999252:2024-05-26 19:19:52.999110: Current epoch: 233, loss: 0.6763104200363159, validation loss: 4.735292911529541
2024-05-26 19:19:55.400763:2024-05-26 19:19:55.400612: Current epoch: 234, loss: 0.6583573818206787, validation loss: 4.604211330413818
2024-05-26 19:19:57.900132:2024-05-26 19:19:57.899989: Current epoch: 235, loss: 0.6082914471626282, validation loss: 4.583876132965088
2024-05-26 19:20:00.339628:2024-05-26 19:20:00.339476: Current epoch: 236, loss: 0.5695799589157104, validation loss: 4.5360331535339355
2024-05-26 19:20:02.642988:2024-05-26 19:20:02.642887: Current epoch: 237, loss: 0.5719116926193237, validation loss: 4.613626480102539
2024-05-26 19:20:04.982257:2024-05-26 19:20:04.982106: Current epoch: 238, loss: 0.5745567083358765, validation loss: 4.689653396606445
2024-05-26 19:20:07.348812:2024-05-26 19:20:07.348661: Current epoch: 239, loss: 0.5756555795669556, validation loss: 4.71021032333374
2024-05-26 19:20:09.757561:2024-05-26 19:20:09.757486: Current epoch: 240, loss: 0.7320433259010315, validation loss: 4.548098087310791
2024-05-26 19:20:12.163779:2024-05-26 19:20:12.163704: Current epoch: 241, loss: 0.7694958448410034, validation loss: 4.583073139190674
2024-05-26 19:20:14.434962:2024-05-26 19:20:14.434880: Current epoch: 242, loss: 0.6835318207740784, validation loss: 4.700202941894531
2024-05-26 19:20:16.679985:2024-05-26 19:20:16.679892: Current epoch: 243, loss: 0.5835468769073486, validation loss: 4.631231307983398
2024-05-26 19:20:18.966837:2024-05-26 19:20:18.966759: Current epoch: 244, loss: 0.6151120662689209, validation loss: 4.6782355308532715
2024-05-26 19:20:21.308068:2024-05-26 19:20:21.307946: Current epoch: 245, loss: 0.746107280254364, validation loss: 4.762324810028076
2024-05-26 19:20:23.599531:2024-05-26 19:20:23.599385: Current epoch: 246, loss: 0.6570302844047546, validation loss: 4.664766311645508
2024-05-26 19:20:25.990489:2024-05-26 19:20:25.990350: Current epoch: 247, loss: 0.6579990386962891, validation loss: 4.660860538482666
2024-05-26 19:20:28.318173:2024-05-26 19:20:28.318021: Current epoch: 248, loss: 0.6787548065185547, validation loss: 4.801040172576904
2024-05-26 19:20:30.653258:2024-05-26 19:20:30.653089: Current epoch: 249, loss: 0.6904562711715698, validation loss: 4.851902961730957
2024-05-26 19:20:33.010057:2024-05-26 19:20:33.009885: Current epoch: 250, loss: 0.6285321116447449, validation loss: 4.654793739318848
2024-05-26 19:20:35.305159:2024-05-26 19:20:35.305058: Current epoch: 251, loss: 0.5670272707939148, validation loss: 4.821024417877197
2024-05-26 19:20:37.531445:2024-05-26 19:20:37.531320: Current epoch: 252, loss: 0.6486478447914124, validation loss: 4.960684299468994
2024-05-26 19:20:39.867786:2024-05-26 19:20:39.867722: Current epoch: 253, loss: 0.7655079364776611, validation loss: 4.951916694641113
2024-05-26 19:20:42.197734:2024-05-26 19:20:42.197660: Current epoch: 254, loss: 0.6549728512763977, validation loss: 4.646195411682129
2024-05-26 19:20:44.557490:2024-05-26 19:20:44.557413: Current epoch: 255, loss: 0.5566650032997131, validation loss: 4.593076229095459
2024-05-26 19:20:46.814280:2024-05-26 19:20:46.814205: Current epoch: 256, loss: 0.6240633726119995, validation loss: 5.036701679229736
2024-05-26 19:20:49.051257:2024-05-26 19:20:49.051184: Current epoch: 257, loss: 0.6308645606040955, validation loss: 4.784847736358643
2024-05-26 19:20:51.375044:2024-05-26 19:20:51.374952: Current epoch: 258, loss: 0.6627220511436462, validation loss: 4.639683723449707
2024-05-26 19:20:53.583306:2024-05-26 19:20:53.583182: Current epoch: 259, loss: 0.6028228402137756, validation loss: 4.64932107925415
2024-05-26 19:20:55.889982:2024-05-26 19:20:55.889863: Current epoch: 260, loss: 0.5373175740242004, validation loss: 4.629532814025879
2024-05-26 19:20:58.357126:2024-05-26 19:20:58.357051: Current epoch: 261, loss: 0.543937623500824, validation loss: 4.463025093078613
2024-05-26 19:21:00.594854:2024-05-26 19:21:00.594784: Current epoch: 262, loss: 0.6806950569152832, validation loss: 4.677403926849365
2024-05-26 19:21:02.906102:2024-05-26 19:21:02.906001: Current epoch: 263, loss: 0.6533223986625671, validation loss: 4.577884674072266
2024-05-26 19:21:05.180786:2024-05-26 19:21:05.180661: Current epoch: 264, loss: 0.6271167397499084, validation loss: 4.725683212280273
2024-05-26 19:21:07.415391:2024-05-26 19:21:07.415292: Current epoch: 265, loss: 0.6386662125587463, validation loss: 4.702629566192627
2024-05-26 19:21:09.665790:2024-05-26 19:21:09.665684: Current epoch: 266, loss: 0.5660181045532227, validation loss: 4.7495856285095215
2024-05-26 19:21:11.948955:2024-05-26 19:21:11.948842: Current epoch: 267, loss: 0.6148531436920166, validation loss: 4.584630012512207
2024-05-26 19:21:14.501075:2024-05-26 19:21:14.500858: Current epoch: 268, loss: 0.5588908195495605, validation loss: 4.729304313659668
2024-05-26 19:21:16.840760:2024-05-26 19:21:16.840523: Current epoch: 269, loss: 0.5476527214050293, validation loss: 4.561639785766602
2024-05-26 19:21:19.173349:2024-05-26 19:21:19.173236: Current epoch: 270, loss: 0.6689848303794861, validation loss: 4.534481048583984
2024-05-26 19:21:21.478085:2024-05-26 19:21:21.478013: Current epoch: 271, loss: 0.6363815069198608, validation loss: 4.6817731857299805
2024-05-26 19:21:23.761780:2024-05-26 19:21:23.761710: Current epoch: 272, loss: 0.6798620223999023, validation loss: 4.8294358253479
2024-05-26 19:21:26.049429:2024-05-26 19:21:26.049361: Current epoch: 273, loss: 0.6295932531356812, validation loss: 4.739144802093506
2024-05-26 19:21:28.416900:2024-05-26 19:21:28.416833: Current epoch: 274, loss: 0.6095165610313416, validation loss: 4.632737636566162
2024-05-26 19:21:30.772315:2024-05-26 19:21:30.772216: Current epoch: 275, loss: 0.5753709077835083, validation loss: 4.872953414916992
2024-05-26 19:21:33.054203:2024-05-26 19:21:33.054079: Current epoch: 276, loss: 0.5640876293182373, validation loss: 4.753225326538086
2024-05-26 19:21:35.351252:2024-05-26 19:21:35.351168: Current epoch: 277, loss: 0.5302274823188782, validation loss: 4.689273357391357
2024-05-26 19:21:37.561133:2024-05-26 19:21:37.561015: Current epoch: 278, loss: 0.5944166779518127, validation loss: 5.051483154296875
2024-05-26 19:21:39.793860:2024-05-26 19:21:39.793794: Current epoch: 279, loss: 0.6859191656112671, validation loss: 5.113983154296875
2024-05-26 19:21:42.042766:2024-05-26 19:21:42.042694: Current epoch: 280, loss: 0.6916097402572632, validation loss: 4.849194049835205
2024-05-26 19:21:44.320128:2024-05-26 19:21:44.320057: Current epoch: 281, loss: 0.7049728035926819, validation loss: 5.156644344329834
2024-05-26 19:21:46.735118:2024-05-26 19:21:46.735047: Current epoch: 282, loss: 0.6734482645988464, validation loss: 4.862707138061523
2024-05-26 19:21:49.105581:2024-05-26 19:21:49.105426: Current epoch: 283, loss: 0.5557925701141357, validation loss: 4.802244663238525
2024-05-26 19:21:51.454905:2024-05-26 19:21:51.454786: Current epoch: 284, loss: 0.5528215765953064, validation loss: 4.723407745361328
2024-05-26 19:21:53.784967:2024-05-26 19:21:53.784801: Current epoch: 285, loss: 0.5140823721885681, validation loss: 4.7618513107299805
2024-05-26 19:21:56.059911:2024-05-26 19:21:56.059869: Current epoch: 286, loss: 0.4921126365661621, validation loss: 4.859468936920166
2024-05-26 19:21:58.541390:2024-05-26 19:21:58.541253: Current epoch: 287, loss: 0.5100771188735962, validation loss: 4.669846057891846
2024-05-26 19:22:00.919212:2024-05-26 19:22:00.919117: Current epoch: 288, loss: 0.5304819345474243, validation loss: 4.886350631713867
2024-05-26 19:22:03.269893:2024-05-26 19:22:03.269727: Current epoch: 289, loss: 0.611923098564148, validation loss: 4.882576942443848
2024-05-26 19:22:05.560368:2024-05-26 19:22:05.560295: Current epoch: 290, loss: 0.5974157452583313, validation loss: 4.7745866775512695
2024-05-26 19:22:08.014679:2024-05-26 19:22:08.014607: Current epoch: 291, loss: 0.584331214427948, validation loss: 4.753182888031006
2024-05-26 19:22:10.452830:2024-05-26 19:22:10.452758: Current epoch: 292, loss: 0.6238170862197876, validation loss: 4.771674156188965
2024-05-26 19:22:12.933341:2024-05-26 19:22:12.933270: Current epoch: 293, loss: 0.5379494428634644, validation loss: 4.693993091583252
2024-05-26 19:22:15.454012:2024-05-26 19:22:15.453832: Current epoch: 294, loss: 0.5158398747444153, validation loss: 4.725292205810547
2024-05-26 19:22:17.990872:2024-05-26 19:22:17.990752: Current epoch: 295, loss: 0.5495874881744385, validation loss: 4.748399257659912
2024-05-26 19:22:20.507867:2024-05-26 19:22:20.507733: Current epoch: 296, loss: 0.5852813720703125, validation loss: 4.671998023986816
2024-05-26 19:22:22.977484:2024-05-26 19:22:22.977400: Current epoch: 297, loss: 0.559079647064209, validation loss: 4.740105628967285
2024-05-26 19:22:25.481581:2024-05-26 19:22:25.481441: Current epoch: 298, loss: 0.5340719223022461, validation loss: 4.631961822509766
2024-05-26 19:22:27.852849:2024-05-26 19:22:27.852774: Current epoch: 299, loss: 0.5603395104408264, validation loss: 5.16729736328125
2024-05-26 19:22:30.200692:2024-05-26 19:22:30.200542: Current epoch: 300, loss: 0.7785715460777283, validation loss: 5.056241035461426
2024-05-26 19:22:32.451694:2024-05-26 19:22:32.451624: Current epoch: 301, loss: 0.7862143516540527, validation loss: 4.735346794128418
2024-05-26 19:22:34.751894:2024-05-26 19:22:34.751797: Current epoch: 302, loss: 0.5616919994354248, validation loss: 4.614436626434326
2024-05-26 19:22:37.038099:2024-05-26 19:22:37.038002: Current epoch: 303, loss: 0.6208369731903076, validation loss: 5.08164119720459
2024-05-26 19:22:39.339276:2024-05-26 19:22:39.339207: Current epoch: 304, loss: 0.7123706340789795, validation loss: 5.010936260223389
2024-05-26 19:22:41.611977:2024-05-26 19:22:41.611838: Current epoch: 305, loss: 0.711635947227478, validation loss: 4.80171012878418
2024-05-26 19:22:43.883351:2024-05-26 19:22:43.883259: Current epoch: 306, loss: 0.5433581471443176, validation loss: 4.671303749084473
2024-05-26 19:22:46.206710:2024-05-26 19:22:46.206639: Current epoch: 307, loss: 0.5251659750938416, validation loss: 4.672412872314453
2024-05-26 19:22:48.496272:2024-05-26 19:22:48.496200: Current epoch: 308, loss: 0.4877666234970093, validation loss: 4.76786994934082
2024-05-26 19:22:50.709923:2024-05-26 19:22:50.709839: Current epoch: 309, loss: 0.5037530660629272, validation loss: 4.639935493469238
2024-05-26 19:22:53.041816:2024-05-26 19:22:53.041740: Current epoch: 310, loss: 0.49352285265922546, validation loss: 4.701418876647949
2024-05-26 19:22:55.428033:2024-05-26 19:22:55.427952: Current epoch: 311, loss: 0.49857988953590393, validation loss: 4.805012226104736
2024-05-26 19:22:57.759120:2024-05-26 19:22:57.759053: Current epoch: 312, loss: 0.6092150211334229, validation loss: 4.803598880767822
2024-05-26 19:23:00.097105:2024-05-26 19:23:00.096957: Current epoch: 313, loss: 0.5474646091461182, validation loss: 4.727899551391602
2024-05-26 19:23:02.367808:2024-05-26 19:23:02.367735: Current epoch: 314, loss: 0.4816127419471741, validation loss: 4.780997276306152
2024-05-26 19:23:04.678786:2024-05-26 19:23:04.678714: Current epoch: 315, loss: 0.47208619117736816, validation loss: 4.662781238555908
2024-05-26 19:23:06.958593:2024-05-26 19:23:06.958472: Current epoch: 316, loss: 0.5255008935928345, validation loss: 4.722263336181641
2024-05-26 19:23:09.349869:2024-05-26 19:23:09.349798: Current epoch: 317, loss: 0.5571075081825256, validation loss: 4.534132480621338
2024-05-26 19:23:11.606053:2024-05-26 19:23:11.605989: Current epoch: 318, loss: 0.5164582133293152, validation loss: 4.618302822113037
2024-05-26 19:23:13.878995:2024-05-26 19:23:13.878896: Current epoch: 319, loss: 0.4820640981197357, validation loss: 4.630539417266846
2024-05-26 19:23:16.136598:2024-05-26 19:23:16.136496: Current epoch: 320, loss: 0.4744150638580322, validation loss: 4.655913352966309
2024-05-26 19:23:18.437414:2024-05-26 19:23:18.437341: Current epoch: 321, loss: 0.485537052154541, validation loss: 4.677481174468994
2024-05-26 19:23:20.827744:2024-05-26 19:23:20.827595: Current epoch: 322, loss: 0.5138053894042969, validation loss: 4.704447269439697
2024-05-26 19:23:23.202637:2024-05-26 19:23:23.202541: Current epoch: 323, loss: 0.574944019317627, validation loss: 4.83150053024292
2024-05-26 19:23:25.722196:2024-05-26 19:23:25.722064: Current epoch: 324, loss: 0.5848276615142822, validation loss: 4.660480499267578
2024-05-26 19:23:28.294420:2024-05-26 19:23:28.294272: Current epoch: 325, loss: 0.5116118788719177, validation loss: 4.622188091278076
2024-05-26 19:23:30.714311:2024-05-26 19:23:30.714240: Current epoch: 326, loss: 0.5131998062133789, validation loss: 4.809755325317383
2024-05-26 19:23:33.050610:2024-05-26 19:23:33.050484: Current epoch: 327, loss: 0.7844117283821106, validation loss: 5.044633388519287
2024-05-26 19:23:35.376544:2024-05-26 19:23:35.376420: Current epoch: 328, loss: 0.6415776610374451, validation loss: 4.943548202514648
2024-05-26 19:23:37.810263:2024-05-26 19:23:37.810167: Current epoch: 329, loss: 0.5734192728996277, validation loss: 4.940157413482666
2024-05-26 19:23:40.137128:2024-05-26 19:23:40.136977: Current epoch: 330, loss: 0.6103376150131226, validation loss: 4.933964252471924
2024-05-26 19:23:42.443953:2024-05-26 19:23:42.443813: Current epoch: 331, loss: 0.5532635450363159, validation loss: 4.7295098304748535
2024-05-26 19:23:44.760409:2024-05-26 19:23:44.760312: Current epoch: 332, loss: 0.47034087777137756, validation loss: 4.746832847595215
2024-05-26 19:23:47.106213:2024-05-26 19:23:47.106062: Current epoch: 333, loss: 0.4747569262981415, validation loss: 4.7547407150268555
2024-05-26 19:23:49.577700:2024-05-26 19:23:49.577553: Current epoch: 334, loss: 0.5243513584136963, validation loss: 4.75362491607666
2024-05-26 19:23:52.045361:2024-05-26 19:23:52.045212: Current epoch: 335, loss: 0.4364866018295288, validation loss: 4.650285720825195
2024-05-26 19:23:54.362355:2024-05-26 19:23:54.362232: Current epoch: 336, loss: 0.5765398144721985, validation loss: 4.728662967681885
2024-05-26 19:23:56.704188:2024-05-26 19:23:56.704058: Current epoch: 337, loss: 0.576339066028595, validation loss: 4.775641441345215
2024-05-26 19:23:59.139099:2024-05-26 19:23:59.138922: Current epoch: 338, loss: 0.6162827610969543, validation loss: 4.861865043640137
2024-05-26 19:24:01.482325:2024-05-26 19:24:01.482223: Current epoch: 339, loss: 0.5426833033561707, validation loss: 4.858471870422363
2024-05-26 19:24:03.826311:2024-05-26 19:24:03.826161: Current epoch: 340, loss: 0.701475977897644, validation loss: 5.110836982727051
2024-05-26 19:24:06.141498:2024-05-26 19:24:06.141376: Current epoch: 341, loss: 0.7548466324806213, validation loss: 4.966503143310547
2024-05-26 19:24:08.485789:2024-05-26 19:24:08.485697: Current epoch: 342, loss: 0.7192160487174988, validation loss: 4.730984210968018
2024-05-26 19:24:10.770127:2024-05-26 19:24:10.770004: Current epoch: 343, loss: 0.6450983881950378, validation loss: 4.606022357940674
2024-05-26 19:24:13.053947:2024-05-26 19:24:13.053859: Current epoch: 344, loss: 0.5209600925445557, validation loss: 4.803340911865234
2024-05-26 19:24:15.353725:2024-05-26 19:24:15.353662: Current epoch: 345, loss: 0.52834153175354, validation loss: 4.768912315368652
2024-05-26 19:24:17.637018:2024-05-26 19:24:17.636945: Current epoch: 346, loss: 0.5840957760810852, validation loss: 4.681356906890869
2024-05-26 19:24:19.950721:2024-05-26 19:24:19.950626: Current epoch: 347, loss: 0.4487782120704651, validation loss: 4.594508647918701
2024-05-26 19:24:22.239277:2024-05-26 19:24:22.239201: Current epoch: 348, loss: 0.3823067247867584, validation loss: 4.540589332580566
2024-05-26 19:24:24.652762:2024-05-26 19:24:24.652644: Current epoch: 349, loss: 0.3920671343803406, validation loss: 4.695981502532959
2024-05-26 19:24:27.054058:2024-05-26 19:24:27.053902: Current epoch: 350, loss: 0.42535173892974854, validation loss: 4.636389255523682
2024-05-26 19:24:29.462509:2024-05-26 19:24:29.462408: Current epoch: 351, loss: 0.4359055161476135, validation loss: 4.591214656829834
2024-05-26 19:24:31.859344:2024-05-26 19:24:31.859204: Current epoch: 352, loss: 0.4236094057559967, validation loss: 4.614551067352295
2024-05-26 19:24:34.233312:2024-05-26 19:24:34.233244: Current epoch: 353, loss: 0.4129317104816437, validation loss: 4.657271862030029
2024-05-26 19:24:36.506003:2024-05-26 19:24:36.505866: Current epoch: 354, loss: 0.4398031532764435, validation loss: 4.719570636749268
2024-05-26 19:24:38.773441:2024-05-26 19:24:38.773346: Current epoch: 355, loss: 0.4167279601097107, validation loss: 4.619428634643555
2024-05-26 19:24:41.020550:2024-05-26 19:24:41.020480: Current epoch: 356, loss: 0.43871060013771057, validation loss: 4.540080547332764
2024-05-26 19:24:43.299487:2024-05-26 19:24:43.299423: Current epoch: 357, loss: 0.45337390899658203, validation loss: 4.590426445007324
2024-05-26 19:24:45.579568:2024-05-26 19:24:45.579455: Current epoch: 358, loss: 0.549257218837738, validation loss: 4.801454544067383
2024-05-26 19:24:47.851279:2024-05-26 19:24:47.851170: Current epoch: 359, loss: 0.774753749370575, validation loss: 4.9081854820251465
2024-05-26 19:24:50.144970:2024-05-26 19:24:50.144878: Current epoch: 360, loss: 0.7471498847007751, validation loss: 5.4208903312683105
2024-05-26 19:24:52.472075:2024-05-26 19:24:52.472034: Current epoch: 361, loss: 0.5847949385643005, validation loss: 4.818056583404541
2024-05-26 19:24:52.673353:the test error is  [4.572582244873047, 4.572582244873047]
2024-05-26 19:24:55.258779:saved model to sample/alignn_matbert-base-cased_robo_prop_slme
2024-05-26 19:24:55.567219:done