
2024-02-15 11:02:27.402829:job config: {'train_data_path': '/data/yll6162/alignntl_dft_3d/tl_dataset/dataset_alignn_bert-base-uncased_chemnlp_prop_slme_train.csv', 'val_data_path': '/data/yll6162/alignntl_dft_3d/tl_dataset/dataset_alignn_bert-base-uncased_chemnlp_prop_slme_val.csv', 'test_data_path': '/data/yll6162/alignntl_dft_3d/tl_dataset/dataset_alignn_bert-base-uncased_chemnlp_prop_slme_test.csv', 'label': 'slme', 'input_type': None, 'log_folder': 'log', 'log_file': 'alignn_bert-base-uncased_chemnlp_prop_slme.log', 'test_metric': 'mae', 'architecture': '1024Rx4D-512Rx3D-256Rx3D-128Rx3D-64Rx2-32Rx1-1', 'model_seed': 0, 'loss_type': 'mae', 'config_file': 'sample/alignn_bert-base-uncased_chemnlp_prop_slme_job.config', 'use_valid': True, 'project': 'MOF', 'regressors': None, 'input_types': None, 'paramsGrid': {'optimizer': 'Adam', 'learning_rate': 0.0001, 'patience': 100, 'dropouts': [0.8, 0.9, 0.7, 0.8], 'EVAL_FREQUENCY': 1000}, 'save_path': 'sample/alignn_bert-base-uncased_chemnlp_prop_slme', 'model_path': None, 'last_layer_with_weight': True, 'keras_path': 'model/alignn_bert-base-uncased_chemnlp_prop_slme', 'test_size': None, 'val_size': None}
2024-02-15 11:02:27.402894:train data path is  /data/yll6162/alignntl_dft_3d/tl_dataset/dataset_alignn_bert-base-uncased_chemnlp_prop_slme_train.csv
2024-02-15 11:02:29.232011:input attribute sets are:  None
2024-02-15 11:02:29.232201:test data path is  /data/yll6162/alignntl_dft_3d/tl_dataset/dataset_alignn_bert-base-uncased_chemnlp_prop_slme_test.csv
2024-02-15 11:02:29.515313:val data path is  /data/yll6162/alignntl_dft_3d/tl_dataset/dataset_alignn_bert-base-uncased_chemnlp_prop_slme_val.csv
2024-02-15 11:02:29.793764:input attributes are:  Index(['0', '1', '2', '3', '4', '5', '6', '7', '8', '9',
       ...
       '758.1', '759.1', '760.1', '761.1', '762.1', '763.1', '764.1', '765.1',
       '766.1', '767.1'],
      dtype='object', length=1535)
2024-02-15 11:02:29.793874:label: slme
2024-02-15 11:02:38.198119: train, test, valid sizes:  (7466, 1535) (7466,) (904, 1535) (904,) (908, 1535) (908,)
2024-02-15 11:02:38.273543:train matrix shape of train_X:  (7466, 1535)  train_y:  (7466,)
2024-02-15 11:02:38.273661:valid matrix shape of train_X:  (908, 1535)  valid_y:  (908,)
2024-02-15 11:02:38.273700:test matrix shape of valid_X:   (904, 1535)  test_y:  (904,)
2024-02-15 11:02:38.273734:architecture is:  1024Rx4D-512Rx3D-256Rx3D-128Rx3D-64Rx2-32Rx1-1
2024-02-15 11:02:38.273770:learning rate is  0.0001
2024-02-15 11:02:38.273801:model path is  None
2024-02-15 11:02:38.282080:adding fully connected layers with 1024 outputs
2024-02-15 11:02:40.734524:adding residual with fc as the size are different
2024-02-15 11:02:40.741693:adding fully connected layers with 1024 outputs
2024-02-15 11:02:40.746783:adding residual, both sizes are same
2024-02-15 11:02:40.748724:adding fully connected layers with 1024 outputs
2024-02-15 11:02:40.753568:adding residual, both sizes are same
2024-02-15 11:02:40.755449:adding fully connected layers with 1024 outputs
2024-02-15 11:02:40.760167:adding residual, both sizes are same
2024-02-15 11:02:40.762177:adding dropout 0.8
2024-02-15 11:02:40.766569:adding fully connected layers with 512 outputs
2024-02-15 11:02:40.771575:adding residual with fc as the size are different
2024-02-15 11:02:40.777925:adding fully connected layers with 512 outputs
2024-02-15 11:02:40.782904:adding residual, both sizes are same
2024-02-15 11:02:40.784812:adding fully connected layers with 512 outputs
2024-02-15 11:02:40.790435:adding residual, both sizes are same
2024-02-15 11:02:40.792295:adding dropout 0.9
2024-02-15 11:02:40.793914:adding fully connected layers with 256 outputs
2024-02-15 11:02:40.798956:adding residual with fc as the size are different
2024-02-15 11:02:40.805376:adding fully connected layers with 256 outputs
2024-02-15 11:02:40.810257:adding residual, both sizes are same
2024-02-15 11:02:40.815907:adding fully connected layers with 256 outputs
2024-02-15 11:02:40.829745:adding residual, both sizes are same
2024-02-15 11:02:40.832776:adding dropout 0.7
2024-02-15 11:02:40.835347:adding fully connected layers with 128 outputs
2024-02-15 11:02:40.841442:adding residual with fc as the size are different
2024-02-15 11:02:40.848403:adding fully connected layers with 128 outputs
2024-02-15 11:02:40.853590:adding residual, both sizes are same
2024-02-15 11:02:40.855571:adding fully connected layers with 128 outputs
2024-02-15 11:02:40.860651:adding residual, both sizes are same
2024-02-15 11:02:40.862884:adding dropout 0.8
2024-02-15 11:02:40.864575:adding fully connected layers with 64 outputs
2024-02-15 11:02:40.869918:adding residual with fc as the size are different
2024-02-15 11:02:40.876618:adding fully connected layers with 64 outputs
2024-02-15 11:02:40.882092:adding residual, both sizes are same
2024-02-15 11:02:40.884103:adding fully connected layers with 32 outputs
2024-02-15 11:02:40.889347:adding residual with fc as the size are different
2024-02-15 11:02:40.896263:adding final layer with 1 output
2024-02-15 11:02:40.906233:Model: "ElemNet"
2024-02-15 11:02:40.906305:__________________________________________________________________________________________________
2024-02-15 11:02:40.906356:Layer (type)                    Output Shape         Param #     Connected to                     
2024-02-15 11:02:40.906394:==================================================================================================
2024-02-15 11:02:40.906610:elemental_fractions (InputLayer [(None, 1535)]       0                                            
2024-02-15 11:02:40.906661:__________________________________________________________________________________________________
2024-02-15 11:02:40.906853:fc0_0 (Dense)                   (None, 1024)         1572864     elemental_fractions[0][0]        
2024-02-15 11:02:40.906901:__________________________________________________________________________________________________
2024-02-15 11:02:40.907015:fc0_dim_0 (Dense)               (None, 1024)         1572864     elemental_fractions[0][0]        
2024-02-15 11:02:40.907060:__________________________________________________________________________________________________
2024-02-15 11:02:40.907142:tf.__operators__.add (TFOpLambd (None, 1024)         0           fc0_0[0][0]                      
2024-02-15 11:02:40.907187:                                                                 fc0_dim_0[0][0]                  
2024-02-15 11:02:40.907224:__________________________________________________________________________________________________
2024-02-15 11:02:40.907332:fc0_1 (Dense)                   (None, 1024)         1049600     tf.__operators__.add[0][0]       
2024-02-15 11:02:40.907376:__________________________________________________________________________________________________
2024-02-15 11:02:40.907464:tf.__operators__.add_1 (TFOpLam (None, 1024)         0           fc0_1[0][0]                      
2024-02-15 11:02:40.907510:                                                                 tf.__operators__.add[0][0]       
2024-02-15 11:02:40.907547:__________________________________________________________________________________________________
2024-02-15 11:02:40.907654:fc0_2 (Dense)                   (None, 1024)         1049600     tf.__operators__.add_1[0][0]     
2024-02-15 11:02:40.907697:__________________________________________________________________________________________________
2024-02-15 11:02:40.907774:tf.__operators__.add_2 (TFOpLam (None, 1024)         0           fc0_2[0][0]                      
2024-02-15 11:02:40.907817:                                                                 tf.__operators__.add_1[0][0]     
2024-02-15 11:02:40.907855:__________________________________________________________________________________________________
2024-02-15 11:02:40.907960:fc0_3 (Dense)                   (None, 1024)         1049600     tf.__operators__.add_2[0][0]     
2024-02-15 11:02:40.908003:__________________________________________________________________________________________________
2024-02-15 11:02:40.908080:tf.__operators__.add_3 (TFOpLam (None, 1024)         0           fc0_3[0][0]                      
2024-02-15 11:02:40.908129:                                                                 tf.__operators__.add_2[0][0]     
2024-02-15 11:02:40.908166:__________________________________________________________________________________________________
2024-02-15 11:02:40.908242:dropout (Dropout)               (None, 1024)         0           tf.__operators__.add_3[0][0]     
2024-02-15 11:02:40.908282:__________________________________________________________________________________________________
2024-02-15 11:02:40.908390:fc1_0 (Dense)                   (None, 512)          524800      dropout[0][0]                    
2024-02-15 11:02:40.908438:__________________________________________________________________________________________________
2024-02-15 11:02:40.908545:fc1_dim_0 (Dense)               (None, 512)          524800      dropout[0][0]                    
2024-02-15 11:02:40.908587:__________________________________________________________________________________________________
2024-02-15 11:02:40.908664:tf.__operators__.add_4 (TFOpLam (None, 512)          0           fc1_0[0][0]                      
2024-02-15 11:02:40.908708:                                                                 fc1_dim_0[0][0]                  
2024-02-15 11:02:40.908744:__________________________________________________________________________________________________
2024-02-15 11:02:40.908848:fc1_1 (Dense)                   (None, 512)          262656      tf.__operators__.add_4[0][0]     
2024-02-15 11:02:40.908890:__________________________________________________________________________________________________
2024-02-15 11:02:40.908966:tf.__operators__.add_5 (TFOpLam (None, 512)          0           fc1_1[0][0]                      
2024-02-15 11:02:40.909010:                                                                 tf.__operators__.add_4[0][0]     
2024-02-15 11:02:40.909046:__________________________________________________________________________________________________
2024-02-15 11:02:40.909149:fc1_2 (Dense)                   (None, 512)          262656      tf.__operators__.add_5[0][0]     
2024-02-15 11:02:40.909191:__________________________________________________________________________________________________
2024-02-15 11:02:40.909267:tf.__operators__.add_6 (TFOpLam (None, 512)          0           fc1_2[0][0]                      
2024-02-15 11:02:40.909310:                                                                 tf.__operators__.add_5[0][0]     
2024-02-15 11:02:40.909347:__________________________________________________________________________________________________
2024-02-15 11:02:40.909426:dropout_1 (Dropout)             (None, 512)          0           tf.__operators__.add_6[0][0]     
2024-02-15 11:02:40.909590:__________________________________________________________________________________________________
2024-02-15 11:02:40.909813:fc2_0 (Dense)                   (None, 256)          131328      dropout_1[0][0]                  
2024-02-15 11:02:40.909880:__________________________________________________________________________________________________
2024-02-15 11:02:40.910028:fc2_dim_0 (Dense)               (None, 256)          131328      dropout_1[0][0]                  
2024-02-15 11:02:40.910087:__________________________________________________________________________________________________
2024-02-15 11:02:40.910193:tf.__operators__.add_7 (TFOpLam (None, 256)          0           fc2_0[0][0]                      
2024-02-15 11:02:40.910252:                                                                 fc2_dim_0[0][0]                  
2024-02-15 11:02:40.910299:__________________________________________________________________________________________________
2024-02-15 11:02:40.910448:fc2_1 (Dense)                   (None, 256)          65792       tf.__operators__.add_7[0][0]     
2024-02-15 11:02:40.910505:__________________________________________________________________________________________________
2024-02-15 11:02:40.910609:tf.__operators__.add_8 (TFOpLam (None, 256)          0           fc2_1[0][0]                      
2024-02-15 11:02:40.910677:                                                                 tf.__operators__.add_7[0][0]     
2024-02-15 11:02:40.910726:__________________________________________________________________________________________________
2024-02-15 11:02:40.910860:fc2_2 (Dense)                   (None, 256)          65792       tf.__operators__.add_8[0][0]     
2024-02-15 11:02:40.910916:__________________________________________________________________________________________________
2024-02-15 11:02:40.911017:tf.__operators__.add_9 (TFOpLam (None, 256)          0           fc2_2[0][0]                      
2024-02-15 11:02:40.911074:                                                                 tf.__operators__.add_8[0][0]     
2024-02-15 11:02:40.911121:__________________________________________________________________________________________________
2024-02-15 11:02:40.911216:dropout_2 (Dropout)             (None, 256)          0           tf.__operators__.add_9[0][0]     
2024-02-15 11:02:40.911267:__________________________________________________________________________________________________
2024-02-15 11:02:40.911400:fc3_0 (Dense)                   (None, 128)          32896       dropout_2[0][0]                  
2024-02-15 11:02:40.911465:__________________________________________________________________________________________________
2024-02-15 11:02:40.911602:fc3_dim_0 (Dense)               (None, 128)          32896       dropout_2[0][0]                  
2024-02-15 11:02:40.911657:__________________________________________________________________________________________________
2024-02-15 11:02:40.911758:tf.__operators__.add_10 (TFOpLa (None, 128)          0           fc3_0[0][0]                      
2024-02-15 11:02:40.911815:                                                                 fc3_dim_0[0][0]                  
2024-02-15 11:02:40.911863:__________________________________________________________________________________________________
2024-02-15 11:02:40.911997:fc3_1 (Dense)                   (None, 128)          16512       tf.__operators__.add_10[0][0]    
2024-02-15 11:02:40.912053:__________________________________________________________________________________________________
2024-02-15 11:02:40.912154:tf.__operators__.add_11 (TFOpLa (None, 128)          0           fc3_1[0][0]                      
2024-02-15 11:02:40.912211:                                                                 tf.__operators__.add_10[0][0]    
2024-02-15 11:02:40.912259:__________________________________________________________________________________________________
2024-02-15 11:02:40.912390:fc3_2 (Dense)                   (None, 128)          16512       tf.__operators__.add_11[0][0]    
2024-02-15 11:02:40.912451:__________________________________________________________________________________________________
2024-02-15 11:02:40.912553:tf.__operators__.add_12 (TFOpLa (None, 128)          0           fc3_2[0][0]                      
2024-02-15 11:02:40.912610:                                                                 tf.__operators__.add_11[0][0]    
2024-02-15 11:02:40.912658:__________________________________________________________________________________________________
2024-02-15 11:02:40.912752:dropout_3 (Dropout)             (None, 128)          0           tf.__operators__.add_12[0][0]    
2024-02-15 11:02:40.912803:__________________________________________________________________________________________________
2024-02-15 11:02:40.912935:fc4_0 (Dense)                   (None, 64)           8256        dropout_3[0][0]                  
2024-02-15 11:02:40.912990:__________________________________________________________________________________________________
2024-02-15 11:02:40.913123:fc4_dim_0 (Dense)               (None, 64)           8256        dropout_3[0][0]                  
2024-02-15 11:02:40.913178:__________________________________________________________________________________________________
2024-02-15 11:02:40.913283:tf.__operators__.add_13 (TFOpLa (None, 64)           0           fc4_0[0][0]                      
2024-02-15 11:02:40.913340:                                                                 fc4_dim_0[0][0]                  
2024-02-15 11:02:40.913388:__________________________________________________________________________________________________
2024-02-15 11:02:40.913528:fc4_1 (Dense)                   (None, 64)           4160        tf.__operators__.add_13[0][0]    
2024-02-15 11:02:40.913583:__________________________________________________________________________________________________
2024-02-15 11:02:40.913682:tf.__operators__.add_14 (TFOpLa (None, 64)           0           fc4_1[0][0]                      
2024-02-15 11:02:40.913738:                                                                 tf.__operators__.add_13[0][0]    
2024-02-15 11:02:40.913786:__________________________________________________________________________________________________
2024-02-15 11:02:40.913914:fc5_0 (Dense)                   (None, 32)           2080        tf.__operators__.add_14[0][0]    
2024-02-15 11:02:40.913969:__________________________________________________________________________________________________
2024-02-15 11:02:40.914100:fc5_dim_0 (Dense)               (None, 32)           2080        tf.__operators__.add_14[0][0]    
2024-02-15 11:02:40.914155:__________________________________________________________________________________________________
2024-02-15 11:02:40.914254:tf.__operators__.add_15 (TFOpLa (None, 32)           0           fc5_0[0][0]                      
2024-02-15 11:02:40.914310:                                                                 fc5_dim_0[0][0]                  
2024-02-15 11:02:40.914358:__________________________________________________________________________________________________
2024-02-15 11:02:40.914494:fc6 (Dense)                     (None, 1)            33          tf.__operators__.add_15[0][0]    
2024-02-15 11:02:40.914550:==================================================================================================
2024-02-15 11:02:40.915342:Total params: 8,387,361
2024-02-15 11:02:40.915414:Trainable params: 8,387,361
2024-02-15 11:02:40.915467:Non-trainable params: 0
2024-02-15 11:02:40.915513:__________________________________________________________________________________________________
2024-02-15 11:02:40.930169:start training
2024-02-15 11:02:44.554842:2024-02-15 11:02:44.554790: Current epoch: 0, loss: 11.358434677124023, validation loss: 9.561201095581055
2024-02-15 11:02:46.692313:2024-02-15 11:02:46.692257: Current epoch: 1, loss: 7.324282169342041, validation loss: 7.234669208526611
2024-02-15 11:02:48.843251:2024-02-15 11:02:48.843158: Current epoch: 2, loss: 6.638212203979492, validation loss: 7.477102756500244
2024-02-15 11:02:51.041731:2024-02-15 11:02:51.041677: Current epoch: 3, loss: 6.011322498321533, validation loss: 6.42625093460083
2024-02-15 11:02:53.270438:2024-02-15 11:02:53.270377: Current epoch: 4, loss: 5.503772735595703, validation loss: 6.400289535522461
2024-02-15 11:02:55.482676:2024-02-15 11:02:55.482622: Current epoch: 5, loss: 5.20281457901001, validation loss: 6.004166126251221
2024-02-15 11:02:57.626765:2024-02-15 11:02:57.626695: Current epoch: 6, loss: 4.7901387214660645, validation loss: 6.057537078857422
2024-02-15 11:02:59.766944:2024-02-15 11:02:59.766885: Current epoch: 7, loss: 4.628023147583008, validation loss: 5.838168144226074
2024-02-15 11:03:01.957717:2024-02-15 11:03:01.957654: Current epoch: 8, loss: 4.357499122619629, validation loss: 5.961378574371338
2024-02-15 11:03:04.153122:2024-02-15 11:03:04.153071: Current epoch: 9, loss: 4.2540602684021, validation loss: 5.525055408477783
2024-02-15 11:03:08.799571:2024-02-15 11:03:08.799379: Current epoch: 10, loss: 4.0164265632629395, validation loss: 5.598822593688965
2024-02-15 11:03:11.040165:2024-02-15 11:03:11.040010: Current epoch: 11, loss: 3.9044501781463623, validation loss: 5.747659683227539
2024-02-15 11:03:13.283566:2024-02-15 11:03:13.283398: Current epoch: 12, loss: 3.7049219608306885, validation loss: 5.8202805519104
2024-02-15 11:03:15.450599:2024-02-15 11:03:15.450446: Current epoch: 13, loss: 3.587156295776367, validation loss: 5.550515174865723
2024-02-15 11:03:17.810834:2024-02-15 11:03:17.810756: Current epoch: 14, loss: 3.447643995285034, validation loss: 5.435242652893066
2024-02-15 11:03:20.060573:2024-02-15 11:03:20.060498: Current epoch: 15, loss: 3.41383957862854, validation loss: 5.526264667510986
2024-02-15 11:03:22.288199:2024-02-15 11:03:22.288146: Current epoch: 16, loss: 3.2321605682373047, validation loss: 5.431624889373779
2024-02-15 11:03:24.486107:2024-02-15 11:03:24.486031: Current epoch: 17, loss: 3.1484076976776123, validation loss: 5.89785623550415
2024-02-15 11:03:26.684403:2024-02-15 11:03:26.684247: Current epoch: 18, loss: 3.1670594215393066, validation loss: 5.572519302368164
2024-02-15 11:03:28.927322:2024-02-15 11:03:28.927251: Current epoch: 19, loss: 3.092604637145996, validation loss: 5.059978008270264
2024-02-15 11:03:33.676812:2024-02-15 11:03:33.676653: Current epoch: 20, loss: 2.956421136856079, validation loss: 5.094388484954834
2024-02-15 11:03:36.046693:2024-02-15 11:03:36.046635: Current epoch: 21, loss: 2.857360363006592, validation loss: 4.998795032501221
2024-02-15 11:03:38.120703:2024-02-15 11:03:38.120579: Current epoch: 22, loss: 2.8887710571289062, validation loss: 5.3227458000183105
2024-02-15 11:03:40.382925:2024-02-15 11:03:40.382828: Current epoch: 23, loss: 2.7518093585968018, validation loss: 5.012140274047852
2024-02-15 11:03:42.658663:2024-02-15 11:03:42.658591: Current epoch: 24, loss: 2.7252914905548096, validation loss: 4.909930229187012
2024-02-15 11:03:44.819712:2024-02-15 11:03:44.819636: Current epoch: 25, loss: 2.6675615310668945, validation loss: 5.18093204498291
2024-02-15 11:03:46.915777:2024-02-15 11:03:46.915714: Current epoch: 26, loss: 2.564570903778076, validation loss: 5.2269978523254395
2024-02-15 11:03:49.030625:2024-02-15 11:03:49.030550: Current epoch: 27, loss: 2.549987316131592, validation loss: 5.145908832550049
2024-02-15 11:03:51.187231:2024-02-15 11:03:51.187162: Current epoch: 28, loss: 2.4685142040252686, validation loss: 4.99118185043335
2024-02-15 11:03:53.445364:2024-02-15 11:03:53.445264: Current epoch: 29, loss: 2.4218618869781494, validation loss: 5.121148109436035
2024-02-15 11:03:55.602891:2024-02-15 11:03:55.602775: Current epoch: 30, loss: 2.2811501026153564, validation loss: 5.128335475921631
2024-02-15 11:03:57.824884:2024-02-15 11:03:57.824748: Current epoch: 31, loss: 2.3932254314422607, validation loss: 4.936039924621582
2024-02-15 11:04:00.037767:2024-02-15 11:04:00.037671: Current epoch: 32, loss: 2.264991044998169, validation loss: 5.090753078460693
2024-02-15 11:04:02.268260:2024-02-15 11:04:02.268108: Current epoch: 33, loss: 2.2725398540496826, validation loss: 4.92756462097168
2024-02-15 11:04:04.480286:2024-02-15 11:04:04.480228: Current epoch: 34, loss: 2.2214291095733643, validation loss: 4.838704586029053
2024-02-15 11:04:06.682520:2024-02-15 11:04:06.682348: Current epoch: 35, loss: 2.178410530090332, validation loss: 5.528323650360107
2024-02-15 11:04:08.831500:2024-02-15 11:04:08.831430: Current epoch: 36, loss: 2.139604091644287, validation loss: 4.7350029945373535
2024-02-15 11:04:10.923150:2024-02-15 11:04:10.923063: Current epoch: 37, loss: 2.061161756515503, validation loss: 5.163548946380615
2024-02-15 11:04:13.100964:2024-02-15 11:04:13.100830: Current epoch: 38, loss: 2.0782651901245117, validation loss: 5.022682189941406
2024-02-15 11:04:15.406585:2024-02-15 11:04:15.406488: Current epoch: 39, loss: 2.0128989219665527, validation loss: 4.891395092010498
2024-02-15 11:04:19.901928:2024-02-15 11:04:19.901793: Current epoch: 40, loss: 1.992474913597107, validation loss: 4.876350402832031
2024-02-15 11:04:22.115874:2024-02-15 11:04:22.115719: Current epoch: 41, loss: 1.955466628074646, validation loss: 4.758911609649658
2024-02-15 11:04:24.415615:2024-02-15 11:04:24.415534: Current epoch: 42, loss: 1.9377464056015015, validation loss: 4.695328235626221
2024-02-15 11:04:26.583341:2024-02-15 11:04:26.583247: Current epoch: 43, loss: 1.9225999116897583, validation loss: 4.731550216674805
2024-02-15 11:04:28.805470:2024-02-15 11:04:28.805375: Current epoch: 44, loss: 1.847995638847351, validation loss: 5.035904407501221
2024-02-15 11:04:31.007748:2024-02-15 11:04:31.007676: Current epoch: 45, loss: 1.8578559160232544, validation loss: 4.5967535972595215
2024-02-15 11:04:33.192500:2024-02-15 11:04:33.192420: Current epoch: 46, loss: 1.8434854745864868, validation loss: 4.648824691772461
2024-02-15 11:04:35.391870:2024-02-15 11:04:35.391794: Current epoch: 47, loss: 1.8522454500198364, validation loss: 4.747300624847412
2024-02-15 11:04:37.653713:2024-02-15 11:04:37.653638: Current epoch: 48, loss: 1.7786204814910889, validation loss: 4.772561550140381
2024-02-15 11:04:39.877866:2024-02-15 11:04:39.877800: Current epoch: 49, loss: 1.7950223684310913, validation loss: 4.91520881652832
2024-02-15 11:04:42.170099:2024-02-15 11:04:42.169947: Current epoch: 50, loss: 1.7375068664550781, validation loss: 4.883548736572266
2024-02-15 11:04:44.505548:2024-02-15 11:04:44.505471: Current epoch: 51, loss: 1.6853407621383667, validation loss: 4.989347457885742
2024-02-15 11:04:46.841390:2024-02-15 11:04:46.841236: Current epoch: 52, loss: 1.6675266027450562, validation loss: 4.710159778594971
2024-02-15 11:04:49.172470:2024-02-15 11:04:49.172312: Current epoch: 53, loss: 1.6246474981307983, validation loss: 4.8159918785095215
2024-02-15 11:04:51.450954:2024-02-15 11:04:51.450857: Current epoch: 54, loss: 1.7181333303451538, validation loss: 4.8425140380859375
2024-02-15 11:04:53.722396:2024-02-15 11:04:53.722322: Current epoch: 55, loss: 1.640297293663025, validation loss: 4.820956707000732
2024-02-15 11:04:56.020689:2024-02-15 11:04:56.020636: Current epoch: 56, loss: 1.5858229398727417, validation loss: 4.537528991699219
2024-02-15 11:04:58.133757:2024-02-15 11:04:58.133682: Current epoch: 57, loss: 1.5392818450927734, validation loss: 4.830814361572266
2024-02-15 11:05:00.197058:2024-02-15 11:05:00.196926: Current epoch: 58, loss: 1.5805743932724, validation loss: 4.663140773773193
2024-02-15 11:05:02.351650:2024-02-15 11:05:02.351555: Current epoch: 59, loss: 1.5571701526641846, validation loss: 4.768094062805176
2024-02-15 11:05:07.147762:2024-02-15 11:05:07.147686: Current epoch: 60, loss: 1.5617375373840332, validation loss: 4.621649265289307
2024-02-15 11:05:09.264514:2024-02-15 11:05:09.264438: Current epoch: 61, loss: 1.5035067796707153, validation loss: 4.661583423614502
2024-02-15 11:05:11.421176:2024-02-15 11:05:11.421041: Current epoch: 62, loss: 1.5461556911468506, validation loss: 4.721186637878418
2024-02-15 11:05:13.592376:2024-02-15 11:05:13.592279: Current epoch: 63, loss: 1.4835728406906128, validation loss: 4.560811996459961
2024-02-15 11:05:15.708763:2024-02-15 11:05:15.708687: Current epoch: 64, loss: 1.4785258769989014, validation loss: 4.649167060852051
2024-02-15 11:05:17.846439:2024-02-15 11:05:17.846295: Current epoch: 65, loss: 1.453210711479187, validation loss: 4.740204811096191
2024-02-15 11:05:20.164196:2024-02-15 11:05:20.164133: Current epoch: 66, loss: 1.4527835845947266, validation loss: 4.50486421585083
2024-02-15 11:05:22.459066:2024-02-15 11:05:22.458991: Current epoch: 67, loss: 1.4150772094726562, validation loss: 4.652111053466797
2024-02-15 11:05:24.655771:2024-02-15 11:05:24.655640: Current epoch: 68, loss: 1.3949843645095825, validation loss: 4.723525047302246
2024-02-15 11:05:26.962544:2024-02-15 11:05:26.962444: Current epoch: 69, loss: 1.3836486339569092, validation loss: 4.709268093109131
2024-02-15 11:05:31.674245:2024-02-15 11:05:31.674169: Current epoch: 70, loss: 1.3495612144470215, validation loss: 4.684735298156738
2024-02-15 11:05:33.964568:2024-02-15 11:05:33.964492: Current epoch: 71, loss: 1.3908125162124634, validation loss: 4.606028079986572
2024-02-15 11:05:36.058474:2024-02-15 11:05:36.058389: Current epoch: 72, loss: 1.3836336135864258, validation loss: 4.538922309875488
2024-02-15 11:05:38.269933:2024-02-15 11:05:38.269849: Current epoch: 73, loss: 1.3214044570922852, validation loss: 4.707611083984375
2024-02-15 11:05:40.622861:2024-02-15 11:05:40.622807: Current epoch: 74, loss: 1.3674187660217285, validation loss: 4.45396089553833
2024-02-15 11:05:42.786835:2024-02-15 11:05:42.786760: Current epoch: 75, loss: 1.3916908502578735, validation loss: 4.621891975402832
2024-02-15 11:05:44.914761:2024-02-15 11:05:44.914625: Current epoch: 76, loss: 1.2993004322052002, validation loss: 4.761634349822998
2024-02-15 11:05:47.113861:2024-02-15 11:05:47.113765: Current epoch: 77, loss: 1.331381916999817, validation loss: 4.583950996398926
2024-02-15 11:05:49.217236:2024-02-15 11:05:49.217159: Current epoch: 78, loss: 1.2325471639633179, validation loss: 4.549483776092529
2024-02-15 11:05:51.431221:2024-02-15 11:05:51.431086: Current epoch: 79, loss: 1.2500137090682983, validation loss: 4.7506937980651855
2024-02-15 11:05:53.743784:2024-02-15 11:05:53.743710: Current epoch: 80, loss: 1.267950415611267, validation loss: 4.620900630950928
2024-02-15 11:05:55.972182:2024-02-15 11:05:55.972107: Current epoch: 81, loss: 1.3145947456359863, validation loss: 4.58804988861084
2024-02-15 11:05:58.277818:2024-02-15 11:05:58.277742: Current epoch: 82, loss: 1.2402684688568115, validation loss: 4.601729393005371
2024-02-15 11:06:00.574844:2024-02-15 11:06:00.574761: Current epoch: 83, loss: 1.2004117965698242, validation loss: 4.571579933166504
2024-02-15 11:06:02.872510:2024-02-15 11:06:02.872391: Current epoch: 84, loss: 1.224825143814087, validation loss: 4.719289302825928
2024-02-15 11:06:05.189734:2024-02-15 11:06:05.189659: Current epoch: 85, loss: 1.1838819980621338, validation loss: 4.468886375427246
2024-02-15 11:06:07.465857:2024-02-15 11:06:07.465749: Current epoch: 86, loss: 1.1935367584228516, validation loss: 4.7008891105651855
2024-02-15 11:06:09.715013:2024-02-15 11:06:09.714916: Current epoch: 87, loss: 1.1920959949493408, validation loss: 4.867343425750732
2024-02-15 11:06:12.005782:2024-02-15 11:06:12.005649: Current epoch: 88, loss: 1.1680978536605835, validation loss: 4.585432052612305
2024-02-15 11:06:14.326355:2024-02-15 11:06:14.326263: Current epoch: 89, loss: 1.2042043209075928, validation loss: 4.573513984680176
2024-02-15 11:06:18.930597:2024-02-15 11:06:18.930521: Current epoch: 90, loss: 1.1422971487045288, validation loss: 4.634796619415283
2024-02-15 11:06:21.038667:2024-02-15 11:06:21.038621: Current epoch: 91, loss: 1.1363083124160767, validation loss: 4.558333396911621
2024-02-15 11:06:23.115793:2024-02-15 11:06:23.115716: Current epoch: 92, loss: 1.1863030195236206, validation loss: 4.758458137512207
2024-02-15 11:06:25.287153:2024-02-15 11:06:25.287012: Current epoch: 93, loss: 1.148453950881958, validation loss: 4.573234558105469
2024-02-15 11:06:27.449136:2024-02-15 11:06:27.449027: Current epoch: 94, loss: 1.1277880668640137, validation loss: 4.726637840270996
2024-02-15 11:06:29.503895:2024-02-15 11:06:29.503804: Current epoch: 95, loss: 1.1466103792190552, validation loss: 4.584011077880859
2024-02-15 11:06:31.631960:2024-02-15 11:06:31.631879: Current epoch: 96, loss: 1.0649064779281616, validation loss: 4.575882911682129
2024-02-15 11:06:33.818802:2024-02-15 11:06:33.818650: Current epoch: 97, loss: 1.0675833225250244, validation loss: 4.586404800415039
2024-02-15 11:06:35.927372:2024-02-15 11:06:35.927298: Current epoch: 98, loss: 1.1432992219924927, validation loss: 4.59314489364624
2024-02-15 11:06:38.097152:2024-02-15 11:06:38.097015: Current epoch: 99, loss: 1.075541377067566, validation loss: 4.64079475402832
2024-02-15 11:06:40.376862:2024-02-15 11:06:40.376785: Current epoch: 100, loss: 1.0517189502716064, validation loss: 4.455513000488281
2024-02-15 11:06:42.504744:2024-02-15 11:06:42.504648: Current epoch: 101, loss: 1.1007684469223022, validation loss: 4.5581817626953125
2024-02-15 11:06:44.848389:2024-02-15 11:06:44.848262: Current epoch: 102, loss: 1.1020140647888184, validation loss: 4.68239164352417
2024-02-15 11:06:47.103980:2024-02-15 11:06:47.103905: Current epoch: 103, loss: 1.1160343885421753, validation loss: 4.519496917724609
2024-02-15 11:06:49.378948:2024-02-15 11:06:49.378876: Current epoch: 104, loss: 1.0409438610076904, validation loss: 4.522953987121582
2024-02-15 11:06:51.609826:2024-02-15 11:06:51.609750: Current epoch: 105, loss: 0.990770161151886, validation loss: 4.5904693603515625
2024-02-15 11:06:53.876602:2024-02-15 11:06:53.876527: Current epoch: 106, loss: 1.0254758596420288, validation loss: 4.504348278045654
2024-02-15 11:06:55.985066:2024-02-15 11:06:55.984991: Current epoch: 107, loss: 1.0067708492279053, validation loss: 4.629399299621582
2024-02-15 11:06:58.166597:2024-02-15 11:06:58.166520: Current epoch: 108, loss: 1.05818510055542, validation loss: 4.6000895500183105
2024-02-15 11:07:00.472267:2024-02-15 11:07:00.472133: Current epoch: 109, loss: 1.0193816423416138, validation loss: 4.607330799102783
2024-02-15 11:07:02.627463:2024-02-15 11:07:02.627370: Current epoch: 110, loss: 0.9811558127403259, validation loss: 4.608564376831055
2024-02-15 11:07:04.794206:2024-02-15 11:07:04.794118: Current epoch: 111, loss: 0.9458750486373901, validation loss: 4.628600120544434
2024-02-15 11:07:06.919927:2024-02-15 11:07:06.919851: Current epoch: 112, loss: 0.981680154800415, validation loss: 4.614485263824463
2024-02-15 11:07:09.042021:2024-02-15 11:07:09.041964: Current epoch: 113, loss: 1.0023101568222046, validation loss: 4.624783992767334
2024-02-15 11:07:11.208963:2024-02-15 11:07:11.208887: Current epoch: 114, loss: 0.9846987128257751, validation loss: 4.610860824584961
2024-02-15 11:07:13.378117:2024-02-15 11:07:13.377982: Current epoch: 115, loss: 0.9947004318237305, validation loss: 4.598214626312256
2024-02-15 11:07:15.535308:2024-02-15 11:07:15.535219: Current epoch: 116, loss: 0.959665060043335, validation loss: 4.529994964599609
2024-02-15 11:07:17.774011:2024-02-15 11:07:17.773937: Current epoch: 117, loss: 0.9836927652359009, validation loss: 4.693910121917725
2024-02-15 11:07:20.049726:2024-02-15 11:07:20.049653: Current epoch: 118, loss: 0.936463475227356, validation loss: 4.692624568939209
2024-02-15 11:07:22.349076:2024-02-15 11:07:22.349000: Current epoch: 119, loss: 0.9595242142677307, validation loss: 4.7134294509887695
2024-02-15 11:07:24.588097:2024-02-15 11:07:24.588021: Current epoch: 120, loss: 0.950373649597168, validation loss: 4.638688564300537
2024-02-15 11:07:26.841172:2024-02-15 11:07:26.841099: Current epoch: 121, loss: 0.9308424592018127, validation loss: 4.619784355163574
2024-02-15 11:07:29.072269:2024-02-15 11:07:29.072194: Current epoch: 122, loss: 0.9654192924499512, validation loss: 4.610605716705322
2024-02-15 11:07:31.241655:2024-02-15 11:07:31.241582: Current epoch: 123, loss: 0.964970052242279, validation loss: 4.979897499084473
2024-02-15 11:07:33.448174:2024-02-15 11:07:33.448109: Current epoch: 124, loss: 0.9410298466682434, validation loss: 4.656590938568115
2024-02-15 11:07:35.649449:2024-02-15 11:07:35.649351: Current epoch: 125, loss: 0.9115163087844849, validation loss: 4.457035064697266
2024-02-15 11:07:37.861792:2024-02-15 11:07:37.861715: Current epoch: 126, loss: 0.8856782913208008, validation loss: 4.613310813903809
2024-02-15 11:07:40.122646:2024-02-15 11:07:40.122572: Current epoch: 127, loss: 0.9102962613105774, validation loss: 4.739955425262451
2024-02-15 11:07:42.384075:2024-02-15 11:07:42.384002: Current epoch: 128, loss: 0.907230794429779, validation loss: 4.765256404876709
2024-02-15 11:07:44.661218:2024-02-15 11:07:44.661142: Current epoch: 129, loss: 0.9303608536720276, validation loss: 4.541777610778809
2024-02-15 11:07:49.375387:2024-02-15 11:07:49.375310: Current epoch: 130, loss: 0.9179401993751526, validation loss: 4.562117099761963
2024-02-15 11:07:51.595355:2024-02-15 11:07:51.595278: Current epoch: 131, loss: 0.8625307083129883, validation loss: 4.617589950561523
2024-02-15 11:07:53.779298:2024-02-15 11:07:53.779203: Current epoch: 132, loss: 0.859743595123291, validation loss: 4.645596981048584
2024-02-15 11:07:55.947149:2024-02-15 11:07:55.947015: Current epoch: 133, loss: 0.8653942346572876, validation loss: 4.575056076049805
2024-02-15 11:07:58.119243:2024-02-15 11:07:58.119155: Current epoch: 134, loss: 0.9403932094573975, validation loss: 4.697544574737549
2024-02-15 11:08:00.287954:2024-02-15 11:08:00.287828: Current epoch: 135, loss: 0.8752625584602356, validation loss: 4.535250663757324
2024-02-15 11:08:02.514048:2024-02-15 11:08:02.513972: Current epoch: 136, loss: 0.9091461896896362, validation loss: 4.562745571136475
2024-02-15 11:08:04.660449:2024-02-15 11:08:04.660349: Current epoch: 137, loss: 0.8855268359184265, validation loss: 4.501450061798096
2024-02-15 11:08:06.899642:2024-02-15 11:08:06.899559: Current epoch: 138, loss: 0.856395423412323, validation loss: 4.42104434967041
2024-02-15 11:08:08.956863:2024-02-15 11:08:08.956797: Current epoch: 139, loss: 0.8419438600540161, validation loss: 4.452733039855957
2024-02-15 11:08:13.542392:2024-02-15 11:08:13.542280: Current epoch: 140, loss: 0.8712856769561768, validation loss: 4.521866321563721
2024-02-15 11:08:15.766257:2024-02-15 11:08:15.766197: Current epoch: 141, loss: 0.8731652498245239, validation loss: 4.39675235748291
2024-02-15 11:08:17.867344:2024-02-15 11:08:17.867257: Current epoch: 142, loss: 0.8454791307449341, validation loss: 4.710330486297607
2024-02-15 11:08:20.018311:2024-02-15 11:08:20.018179: Current epoch: 143, loss: 0.8262546062469482, validation loss: 4.585626125335693
2024-02-15 11:08:22.178951:2024-02-15 11:08:22.178877: Current epoch: 144, loss: 0.8265416622161865, validation loss: 4.477133750915527
2024-02-15 11:08:24.369143:2024-02-15 11:08:24.369072: Current epoch: 145, loss: 0.8342433571815491, validation loss: 4.62960958480835
2024-02-15 11:08:26.652422:2024-02-15 11:08:26.652309: Current epoch: 146, loss: 0.8414272665977478, validation loss: 4.6180739402771
2024-02-15 11:08:28.861823:2024-02-15 11:08:28.861747: Current epoch: 147, loss: 0.8962699174880981, validation loss: 4.685708045959473
2024-02-15 11:08:31.086444:2024-02-15 11:08:31.086343: Current epoch: 148, loss: 0.8630753755569458, validation loss: 4.501316070556641
2024-02-15 11:08:33.239184:2024-02-15 11:08:33.239107: Current epoch: 149, loss: 0.7919327616691589, validation loss: 4.585361003875732
2024-02-15 11:08:35.567144:2024-02-15 11:08:35.567069: Current epoch: 150, loss: 0.8603577613830566, validation loss: 4.584781646728516
2024-02-15 11:08:37.795612:2024-02-15 11:08:37.795488: Current epoch: 151, loss: 0.7914819717407227, validation loss: 4.635476589202881
2024-02-15 11:08:39.943920:2024-02-15 11:08:39.943843: Current epoch: 152, loss: 0.7661851048469543, validation loss: 4.798098564147949
2024-02-15 11:08:42.129358:2024-02-15 11:08:42.129288: Current epoch: 153, loss: 0.818572461605072, validation loss: 4.658973693847656
2024-02-15 11:08:44.407040:2024-02-15 11:08:44.406943: Current epoch: 154, loss: 0.8198081254959106, validation loss: 4.748416900634766
2024-02-15 11:08:46.604963:2024-02-15 11:08:46.604896: Current epoch: 155, loss: 0.8468807339668274, validation loss: 4.806398868560791
2024-02-15 11:08:48.876549:2024-02-15 11:08:48.876474: Current epoch: 156, loss: 0.7792133688926697, validation loss: 4.703492164611816
2024-02-15 11:08:51.037829:2024-02-15 11:08:51.037754: Current epoch: 157, loss: 0.750568151473999, validation loss: 4.8521223068237305
2024-02-15 11:08:53.238929:2024-02-15 11:08:53.238857: Current epoch: 158, loss: 0.7670938372612, validation loss: 4.605951309204102
2024-02-15 11:08:55.428208:2024-02-15 11:08:55.428077: Current epoch: 159, loss: 0.736712634563446, validation loss: 4.547705173492432
2024-02-15 11:08:57.745988:2024-02-15 11:08:57.745912: Current epoch: 160, loss: 0.7464746832847595, validation loss: 4.672553062438965
2024-02-15 11:08:59.948467:2024-02-15 11:08:59.948353: Current epoch: 161, loss: 0.807264506816864, validation loss: 4.6321539878845215
2024-02-15 11:09:02.231192:2024-02-15 11:09:02.231112: Current epoch: 162, loss: 0.7298341393470764, validation loss: 4.641625881195068
2024-02-15 11:09:04.370192:2024-02-15 11:09:04.370115: Current epoch: 163, loss: 0.8384769558906555, validation loss: 4.833940505981445
2024-02-15 11:09:06.503604:2024-02-15 11:09:06.503530: Current epoch: 164, loss: 0.8942627906799316, validation loss: 4.565286159515381
2024-02-15 11:09:08.580509:2024-02-15 11:09:08.580430: Current epoch: 165, loss: 0.8259338140487671, validation loss: 4.745601654052734
2024-02-15 11:09:10.709394:2024-02-15 11:09:10.709320: Current epoch: 166, loss: 0.7701799869537354, validation loss: 4.677916526794434
2024-02-15 11:09:12.842021:2024-02-15 11:09:12.841949: Current epoch: 167, loss: 0.7441009879112244, validation loss: 4.695674896240234
2024-02-15 11:09:15.053288:2024-02-15 11:09:15.053227: Current epoch: 168, loss: 0.727624237537384, validation loss: 4.603726387023926
2024-02-15 11:09:17.136054:2024-02-15 11:09:17.135979: Current epoch: 169, loss: 0.786867082118988, validation loss: 4.780872344970703
2024-02-15 11:09:19.218045:2024-02-15 11:09:19.217970: Current epoch: 170, loss: 0.7034189701080322, validation loss: 4.566221714019775
2024-02-15 11:09:21.355016:2024-02-15 11:09:21.354939: Current epoch: 171, loss: 0.7072523236274719, validation loss: 4.711634635925293
2024-02-15 11:09:23.535148:2024-02-15 11:09:23.535073: Current epoch: 172, loss: 0.7254253625869751, validation loss: 4.770626544952393
2024-02-15 11:09:25.783974:2024-02-15 11:09:25.783913: Current epoch: 173, loss: 0.7480854988098145, validation loss: 4.901772975921631
2024-02-15 11:09:28.055266:2024-02-15 11:09:28.055117: Current epoch: 174, loss: 0.864756166934967, validation loss: 4.887283802032471
2024-02-15 11:09:30.206762:2024-02-15 11:09:30.206688: Current epoch: 175, loss: 0.8445595502853394, validation loss: 4.863467693328857
2024-02-15 11:09:32.450647:2024-02-15 11:09:32.450551: Current epoch: 176, loss: 0.8029452562332153, validation loss: 4.681243419647217
2024-02-15 11:09:34.579700:2024-02-15 11:09:34.579625: Current epoch: 177, loss: 0.8221378326416016, validation loss: 4.649380683898926
2024-02-15 11:09:36.657015:2024-02-15 11:09:36.656938: Current epoch: 178, loss: 0.727315366268158, validation loss: 4.680667400360107
2024-02-15 11:09:38.812927:2024-02-15 11:09:38.812865: Current epoch: 179, loss: 0.6909919381141663, validation loss: 4.67889928817749
2024-02-15 11:09:41.002277:2024-02-15 11:09:41.002206: Current epoch: 180, loss: 0.6879375576972961, validation loss: 4.586459159851074
2024-02-15 11:09:43.152814:2024-02-15 11:09:43.152737: Current epoch: 181, loss: 0.6713104844093323, validation loss: 4.5862812995910645
2024-02-15 11:09:45.307131:2024-02-15 11:09:45.307056: Current epoch: 182, loss: 0.6662966012954712, validation loss: 4.624534606933594
2024-02-15 11:09:47.491486:2024-02-15 11:09:47.491391: Current epoch: 183, loss: 0.6762529611587524, validation loss: 4.589298248291016
2024-02-15 11:09:49.596029:2024-02-15 11:09:49.595954: Current epoch: 184, loss: 0.6586094498634338, validation loss: 4.634069442749023
2024-02-15 11:09:51.702222:2024-02-15 11:09:51.702145: Current epoch: 185, loss: 0.7013179063796997, validation loss: 4.8577494621276855
2024-02-15 11:09:53.845121:2024-02-15 11:09:53.845043: Current epoch: 186, loss: 0.7287819385528564, validation loss: 4.676674842834473
2024-02-15 11:09:56.015778:2024-02-15 11:09:56.015707: Current epoch: 187, loss: 0.6736553311347961, validation loss: 4.68409538269043
2024-02-15 11:09:58.253716:2024-02-15 11:09:58.253641: Current epoch: 188, loss: 0.6922019124031067, validation loss: 4.884063243865967
2024-02-15 11:10:00.526456:2024-02-15 11:10:00.526358: Current epoch: 189, loss: 0.7623056769371033, validation loss: 4.709619522094727
2024-02-15 11:10:02.656527:2024-02-15 11:10:02.656451: Current epoch: 190, loss: 0.7751927971839905, validation loss: 4.687723636627197
2024-02-15 11:10:04.819372:2024-02-15 11:10:04.819303: Current epoch: 191, loss: 0.6659759283065796, validation loss: 4.679887771606445
2024-02-15 11:10:07.012378:2024-02-15 11:10:07.012300: Current epoch: 192, loss: 0.70701664686203, validation loss: 4.790704727172852
2024-02-15 11:10:09.075346:2024-02-15 11:10:09.075271: Current epoch: 193, loss: 0.7429099082946777, validation loss: 4.779747009277344
2024-02-15 11:10:11.232719:2024-02-15 11:10:11.232644: Current epoch: 194, loss: 0.6790727376937866, validation loss: 4.531998157501221
2024-02-15 11:10:13.351096:2024-02-15 11:10:13.351021: Current epoch: 195, loss: 0.6610934138298035, validation loss: 4.697926044464111
2024-02-15 11:10:15.507421:2024-02-15 11:10:15.507274: Current epoch: 196, loss: 0.6769986748695374, validation loss: 4.670477390289307
2024-02-15 11:10:17.760943:2024-02-15 11:10:17.760847: Current epoch: 197, loss: 0.6810887455940247, validation loss: 4.9313483238220215
2024-02-15 11:10:20.016103:2024-02-15 11:10:20.016028: Current epoch: 198, loss: 0.8028413653373718, validation loss: 4.711556911468506
2024-02-15 11:10:22.298006:2024-02-15 11:10:22.297932: Current epoch: 199, loss: 0.6781539916992188, validation loss: 4.7205119132995605
2024-02-15 11:10:24.548975:2024-02-15 11:10:24.548900: Current epoch: 200, loss: 0.6529205441474915, validation loss: 4.605339527130127
2024-02-15 11:10:26.851289:2024-02-15 11:10:26.851214: Current epoch: 201, loss: 0.6409033536911011, validation loss: 4.507048606872559
2024-02-15 11:10:29.192517:2024-02-15 11:10:29.192374: Current epoch: 202, loss: 0.6395249366760254, validation loss: 4.4734673500061035
2024-02-15 11:10:31.391973:2024-02-15 11:10:31.391877: Current epoch: 203, loss: 0.6190277934074402, validation loss: 4.582155704498291
2024-02-15 11:10:33.513717:2024-02-15 11:10:33.513640: Current epoch: 204, loss: 0.6629593968391418, validation loss: 4.493459701538086
2024-02-15 11:10:35.660032:2024-02-15 11:10:35.659970: Current epoch: 205, loss: 0.6818401217460632, validation loss: 4.6083807945251465
2024-02-15 11:10:37.822503:2024-02-15 11:10:37.822421: Current epoch: 206, loss: 0.6268666386604309, validation loss: 4.505195140838623
2024-02-15 11:10:39.967107:2024-02-15 11:10:39.967039: Current epoch: 207, loss: 0.6330416798591614, validation loss: 4.562972545623779
2024-02-15 11:10:42.152308:2024-02-15 11:10:42.152185: Current epoch: 208, loss: 0.6185038089752197, validation loss: 4.608611583709717
2024-02-15 11:10:44.408739:2024-02-15 11:10:44.408642: Current epoch: 209, loss: 0.6356557011604309, validation loss: 4.866769313812256
2024-02-15 11:10:46.633201:2024-02-15 11:10:46.633124: Current epoch: 210, loss: 0.6837421655654907, validation loss: 4.797086238861084
2024-02-15 11:10:48.810816:2024-02-15 11:10:48.810684: Current epoch: 211, loss: 0.6405739188194275, validation loss: 4.715328693389893
2024-02-15 11:10:50.969605:2024-02-15 11:10:50.969507: Current epoch: 212, loss: 0.6441489458084106, validation loss: 4.4973297119140625
2024-02-15 11:10:53.090291:2024-02-15 11:10:53.090216: Current epoch: 213, loss: 0.6235598921775818, validation loss: 4.611782073974609
2024-02-15 11:10:55.469593:2024-02-15 11:10:55.469449: Current epoch: 214, loss: 0.7251375913619995, validation loss: 4.791971206665039
2024-02-15 11:10:57.887783:2024-02-15 11:10:57.887628: Current epoch: 215, loss: 0.7732049822807312, validation loss: 4.573474884033203
2024-02-15 11:11:00.157327:2024-02-15 11:11:00.157197: Current epoch: 216, loss: 0.7364456653594971, validation loss: 4.829558849334717
2024-02-15 11:11:02.499227:2024-02-15 11:11:02.499143: Current epoch: 217, loss: 0.7512602210044861, validation loss: 4.608264446258545
2024-02-15 11:11:04.789712:2024-02-15 11:11:04.789635: Current epoch: 218, loss: 0.6361755132675171, validation loss: 4.6475830078125
2024-02-15 11:11:06.862505:2024-02-15 11:11:06.862428: Current epoch: 219, loss: 0.6194231510162354, validation loss: 4.5621562004089355
2024-02-15 11:11:08.962720:2024-02-15 11:11:08.962650: Current epoch: 220, loss: 0.5806781649589539, validation loss: 4.484087944030762
2024-02-15 11:11:11.245682:2024-02-15 11:11:11.245547: Current epoch: 221, loss: 0.6303070783615112, validation loss: 4.960600852966309
2024-02-15 11:11:13.427602:2024-02-15 11:11:13.427524: Current epoch: 222, loss: 0.6134650707244873, validation loss: 4.715245246887207
2024-02-15 11:11:15.519898:2024-02-15 11:11:15.519758: Current epoch: 223, loss: 0.6024225354194641, validation loss: 4.4493794441223145
2024-02-15 11:11:17.732997:2024-02-15 11:11:17.732861: Current epoch: 224, loss: 0.5631275773048401, validation loss: 4.4849629402160645
2024-02-15 11:11:19.828162:2024-02-15 11:11:19.828090: Current epoch: 225, loss: 0.5950843095779419, validation loss: 4.515338897705078
2024-02-15 11:11:21.903346:2024-02-15 11:11:21.903271: Current epoch: 226, loss: 0.6072060465812683, validation loss: 4.593497276306152
2024-02-15 11:11:23.978497:2024-02-15 11:11:23.978401: Current epoch: 227, loss: 0.63492751121521, validation loss: 4.512718200683594
2024-02-15 11:11:26.188970:2024-02-15 11:11:26.188876: Current epoch: 228, loss: 0.6605701446533203, validation loss: 4.766491889953613
2024-02-15 11:11:28.333974:2024-02-15 11:11:28.333899: Current epoch: 229, loss: 0.7491822838783264, validation loss: 4.685024738311768
2024-02-15 11:11:30.442437:2024-02-15 11:11:30.442283: Current epoch: 230, loss: 0.7324059009552002, validation loss: 4.620975017547607
2024-02-15 11:11:32.588979:2024-02-15 11:11:32.588883: Current epoch: 231, loss: 0.6322008967399597, validation loss: 4.63054895401001
2024-02-15 11:11:34.728188:2024-02-15 11:11:34.728038: Current epoch: 232, loss: 0.6504420042037964, validation loss: 4.609639644622803
2024-02-15 11:11:36.887712:2024-02-15 11:11:36.887621: Current epoch: 233, loss: 0.6371642351150513, validation loss: 4.602169513702393
2024-02-15 11:11:39.162307:2024-02-15 11:11:39.162230: Current epoch: 234, loss: 0.7649425268173218, validation loss: 4.706043243408203
2024-02-15 11:11:41.291342:2024-02-15 11:11:41.291265: Current epoch: 235, loss: 0.6092636585235596, validation loss: 4.532421112060547
2024-02-15 11:11:43.476388:2024-02-15 11:11:43.476317: Current epoch: 236, loss: 0.5509076714515686, validation loss: 4.717986583709717
2024-02-15 11:11:45.611138:2024-02-15 11:11:45.611061: Current epoch: 237, loss: 0.5608225464820862, validation loss: 4.6189093589782715
2024-02-15 11:11:47.759533:2024-02-15 11:11:47.759383: Current epoch: 238, loss: 0.5385878086090088, validation loss: 4.570026874542236
2024-02-15 11:11:49.947049:2024-02-15 11:11:49.946951: Current epoch: 239, loss: 0.5347676873207092, validation loss: 4.67631196975708
2024-02-15 11:11:52.253514:2024-02-15 11:11:52.253437: Current epoch: 240, loss: 0.5764127373695374, validation loss: 4.656680583953857
2024-02-15 11:11:54.607851:2024-02-15 11:11:54.607789: Current epoch: 241, loss: 0.562200129032135, validation loss: 4.549281120300293
2024-02-15 11:11:54.796939:the test error is  [4.6640543937683105, 4.6640543937683105]
2024-02-15 11:11:57.349867:saved model to sample/alignn_bert-base-uncased_chemnlp_prop_slme
2024-02-15 11:11:57.634018:done