
2024-03-21 18:06:55.645526:job config: {'train_data_path': '/data/yll6162/alignntl_dft_3d/tl_dataset/dataset_alignn_matbert-base-cased_chemnlp_prop_ehull_train.csv', 'val_data_path': '/data/yll6162/alignntl_dft_3d/tl_dataset/dataset_alignn_matbert-base-cased_chemnlp_prop_ehull_val.csv', 'test_data_path': '/data/yll6162/alignntl_dft_3d/tl_dataset/dataset_alignn_matbert-base-cased_chemnlp_prop_ehull_test.csv', 'label': 'ehull', 'input_type': None, 'log_folder': 'log', 'log_file': 'alignn_matbert-base-cased_chemnlp_prop_ehull.log', 'test_metric': 'mae', 'architecture': '1024Rx4D-512Rx3D-256Rx3D-128Rx3D-64Rx2-32Rx1-1', 'model_seed': 0, 'loss_type': 'mae', 'config_file': 'sample/alignn_matbert-base-cased_chemnlp_prop_ehull_job.config', 'use_valid': True, 'project': 'MOF', 'regressors': None, 'input_types': None, 'paramsGrid': {'optimizer': 'Adam', 'learning_rate': 0.0001, 'patience': 100, 'dropouts': [0.8, 0.9, 0.7, 0.8], 'EVAL_FREQUENCY': 1000}, 'save_path': 'sample/alignn_matbert-base-cased_chemnlp_prop_ehull', 'model_path': None, 'last_layer_with_weight': True, 'keras_path': 'model/alignn_matbert-base-cased_chemnlp_prop_ehull', 'test_size': None, 'val_size': None}
2024-03-21 18:06:55.645681:train data path is  /data/yll6162/alignntl_dft_3d/tl_dataset/dataset_alignn_matbert-base-cased_chemnlp_prop_ehull_train.csv
2024-03-21 18:07:17.247929:input attribute sets are:  None
2024-03-21 18:07:17.248329:test data path is  /data/yll6162/alignntl_dft_3d/tl_dataset/dataset_alignn_matbert-base-cased_chemnlp_prop_ehull_test.csv
2024-03-21 18:07:19.988934:val data path is  /data/yll6162/alignntl_dft_3d/tl_dataset/dataset_alignn_matbert-base-cased_chemnlp_prop_ehull_val.csv
2024-03-21 18:07:22.531265:input attributes are:  Index(['0', '1', '2', '3', '4', '5', '6', '7', '8', '9',
       ...
       '758.1', '759.1', '760.1', '761.1', '762.1', '763.1', '764.1', '765.1',
       '766.1', '767.1'],
      dtype='object', length=1536)
2024-03-21 18:07:22.531394:label: ehull
2024-03-21 18:07:40.723575: train, test, valid sizes:  (59939, 1536) (59939,) (7493, 1536) (7493,) (7494, 1536) (7494,)
2024-03-21 18:07:41.001817:train matrix shape of train_X:  (59939, 1536)  train_y:  (59939,)
2024-03-21 18:07:41.001975:valid matrix shape of train_X:  (7494, 1536)  valid_y:  (7494,)
2024-03-21 18:07:41.002021:test matrix shape of valid_X:   (7493, 1536)  test_y:  (7493,)
2024-03-21 18:07:41.002060:architecture is:  1024Rx4D-512Rx3D-256Rx3D-128Rx3D-64Rx2-32Rx1-1
2024-03-21 18:07:41.002103:learning rate is  0.0001
2024-03-21 18:07:41.002141:model path is  None
2024-03-21 18:07:41.010391:adding fully connected layers with 1024 outputs
2024-03-21 18:07:41.689152:adding residual with fc as the size are different
2024-03-21 18:07:41.706119:adding fully connected layers with 1024 outputs
2024-03-21 18:07:41.718724:adding residual, both sizes are same
2024-03-21 18:07:41.723556:adding fully connected layers with 1024 outputs
2024-03-21 18:07:41.735918:adding residual, both sizes are same
2024-03-21 18:07:41.740600:adding fully connected layers with 1024 outputs
2024-03-21 18:07:41.752561:adding residual, both sizes are same
2024-03-21 18:07:41.754718:adding dropout 0.8
2024-03-21 18:07:41.759684:adding fully connected layers with 512 outputs
2024-03-21 18:07:41.765468:adding residual with fc as the size are different
2024-03-21 18:07:41.773205:adding fully connected layers with 512 outputs
2024-03-21 18:07:41.778906:adding residual, both sizes are same
2024-03-21 18:07:41.780985:adding fully connected layers with 512 outputs
2024-03-21 18:07:41.786502:adding residual, both sizes are same
2024-03-21 18:07:41.788589:adding dropout 0.9
2024-03-21 18:07:41.790395:adding fully connected layers with 256 outputs
2024-03-21 18:07:41.796253:adding residual with fc as the size are different
2024-03-21 18:07:41.803477:adding fully connected layers with 256 outputs
2024-03-21 18:07:41.809147:adding residual, both sizes are same
2024-03-21 18:07:41.811255:adding fully connected layers with 256 outputs
2024-03-21 18:07:41.816801:adding residual, both sizes are same
2024-03-21 18:07:41.818924:adding dropout 0.7
2024-03-21 18:07:41.820741:adding fully connected layers with 128 outputs
2024-03-21 18:07:41.830436:adding residual with fc as the size are different
2024-03-21 18:07:41.847062:adding fully connected layers with 128 outputs
2024-03-21 18:07:41.860844:adding residual, both sizes are same
2024-03-21 18:07:41.865615:adding fully connected layers with 128 outputs
2024-03-21 18:07:41.871693:adding residual, both sizes are same
2024-03-21 18:07:41.873994:adding dropout 0.8
2024-03-21 18:07:41.875757:adding fully connected layers with 64 outputs
2024-03-21 18:07:41.883346:adding residual with fc as the size are different
2024-03-21 18:07:41.889665:adding fully connected layers with 64 outputs
2024-03-21 18:07:41.899180:adding residual, both sizes are same
2024-03-21 18:07:41.904451:adding fully connected layers with 32 outputs
2024-03-21 18:07:41.915292:adding residual with fc as the size are different
2024-03-21 18:07:41.922160:adding final layer with 1 output
2024-03-21 18:07:41.936189:Model: "ElemNet"
2024-03-21 18:07:41.936262:__________________________________________________________________________________________________
2024-03-21 18:07:41.936313:Layer (type)                    Output Shape         Param #     Connected to                     
2024-03-21 18:07:41.936351:==================================================================================================
2024-03-21 18:07:41.936566:elemental_fractions (InputLayer [(None, 1536)]       0                                            
2024-03-21 18:07:41.936616:__________________________________________________________________________________________________
2024-03-21 18:07:41.936780:fc0_0 (Dense)                   (None, 1024)         1573888     elemental_fractions[0][0]        
2024-03-21 18:07:41.936828:__________________________________________________________________________________________________
2024-03-21 18:07:41.936947:fc0_dim_0 (Dense)               (None, 1024)         1573888     elemental_fractions[0][0]        
2024-03-21 18:07:41.936992:__________________________________________________________________________________________________
2024-03-21 18:07:41.937078:tf.__operators__.add (TFOpLambd (None, 1024)         0           fc0_0[0][0]                      
2024-03-21 18:07:41.937125:                                                                 fc0_dim_0[0][0]                  
2024-03-21 18:07:41.937163:__________________________________________________________________________________________________
2024-03-21 18:07:41.937274:fc0_1 (Dense)                   (None, 1024)         1049600     tf.__operators__.add[0][0]       
2024-03-21 18:07:41.937318:__________________________________________________________________________________________________
2024-03-21 18:07:41.937399:tf.__operators__.add_1 (TFOpLam (None, 1024)         0           fc0_1[0][0]                      
2024-03-21 18:07:41.937444:                                                                 tf.__operators__.add[0][0]       
2024-03-21 18:07:41.937488:__________________________________________________________________________________________________
2024-03-21 18:07:41.937597:fc0_2 (Dense)                   (None, 1024)         1049600     tf.__operators__.add_1[0][0]     
2024-03-21 18:07:41.937640:__________________________________________________________________________________________________
2024-03-21 18:07:41.937719:tf.__operators__.add_2 (TFOpLam (None, 1024)         0           fc0_2[0][0]                      
2024-03-21 18:07:41.937763:                                                                 tf.__operators__.add_1[0][0]     
2024-03-21 18:07:41.937801:__________________________________________________________________________________________________
2024-03-21 18:07:41.937905:fc0_3 (Dense)                   (None, 1024)         1049600     tf.__operators__.add_2[0][0]     
2024-03-21 18:07:41.937949:__________________________________________________________________________________________________
2024-03-21 18:07:41.938027:tf.__operators__.add_3 (TFOpLam (None, 1024)         0           fc0_3[0][0]                      
2024-03-21 18:07:41.938079:                                                                 tf.__operators__.add_2[0][0]     
2024-03-21 18:07:41.938117:__________________________________________________________________________________________________
2024-03-21 18:07:41.938206:dropout (Dropout)               (None, 1024)         0           tf.__operators__.add_3[0][0]     
2024-03-21 18:07:41.938245:__________________________________________________________________________________________________
2024-03-21 18:07:41.938351:fc1_0 (Dense)                   (None, 512)          524800      dropout[0][0]                    
2024-03-21 18:07:41.938393:__________________________________________________________________________________________________
2024-03-21 18:07:41.938503:fc1_dim_0 (Dense)               (None, 512)          524800      dropout[0][0]                    
2024-03-21 18:07:41.938547:__________________________________________________________________________________________________
2024-03-21 18:07:41.938625:tf.__operators__.add_4 (TFOpLam (None, 512)          0           fc1_0[0][0]                      
2024-03-21 18:07:41.938668:                                                                 fc1_dim_0[0][0]                  
2024-03-21 18:07:41.938705:__________________________________________________________________________________________________
2024-03-21 18:07:41.938807:fc1_1 (Dense)                   (None, 512)          262656      tf.__operators__.add_4[0][0]     
2024-03-21 18:07:41.938849:__________________________________________________________________________________________________
2024-03-21 18:07:41.938926:tf.__operators__.add_5 (TFOpLam (None, 512)          0           fc1_1[0][0]                      
2024-03-21 18:07:41.938969:                                                                 tf.__operators__.add_4[0][0]     
2024-03-21 18:07:41.939005:__________________________________________________________________________________________________
2024-03-21 18:07:41.939108:fc1_2 (Dense)                   (None, 512)          262656      tf.__operators__.add_5[0][0]     
2024-03-21 18:07:41.939150:__________________________________________________________________________________________________
2024-03-21 18:07:41.939226:tf.__operators__.add_6 (TFOpLam (None, 512)          0           fc1_2[0][0]                      
2024-03-21 18:07:41.939269:                                                                 tf.__operators__.add_5[0][0]     
2024-03-21 18:07:41.939305:__________________________________________________________________________________________________
2024-03-21 18:07:41.939377:dropout_1 (Dropout)             (None, 512)          0           tf.__operators__.add_6[0][0]     
2024-03-21 18:07:41.939416:__________________________________________________________________________________________________
2024-03-21 18:07:41.939776:fc2_0 (Dense)                   (None, 256)          131328      dropout_1[0][0]                  
2024-03-21 18:07:41.939987:__________________________________________________________________________________________________
2024-03-21 18:07:41.940438:fc2_dim_0 (Dense)               (None, 256)          131328      dropout_1[0][0]                  
2024-03-21 18:07:41.940625:__________________________________________________________________________________________________
2024-03-21 18:07:41.940913:tf.__operators__.add_7 (TFOpLam (None, 256)          0           fc2_0[0][0]                      
2024-03-21 18:07:41.941067:                                                                 fc2_dim_0[0][0]                  
2024-03-21 18:07:41.941191:__________________________________________________________________________________________________
2024-03-21 18:07:41.941570:fc2_1 (Dense)                   (None, 256)          65792       tf.__operators__.add_7[0][0]     
2024-03-21 18:07:41.941717:__________________________________________________________________________________________________
2024-03-21 18:07:41.941975:tf.__operators__.add_8 (TFOpLam (None, 256)          0           fc2_1[0][0]                      
2024-03-21 18:07:41.942130:                                                                 tf.__operators__.add_7[0][0]     
2024-03-21 18:07:41.942252:__________________________________________________________________________________________________
2024-03-21 18:07:41.942608:fc2_2 (Dense)                   (None, 256)          65792       tf.__operators__.add_8[0][0]     
2024-03-21 18:07:41.942745:__________________________________________________________________________________________________
2024-03-21 18:07:41.942996:tf.__operators__.add_9 (TFOpLam (None, 256)          0           fc2_2[0][0]                      
2024-03-21 18:07:41.943138:                                                                 tf.__operators__.add_8[0][0]     
2024-03-21 18:07:41.943256:__________________________________________________________________________________________________
2024-03-21 18:07:41.943504:dropout_2 (Dropout)             (None, 256)          0           tf.__operators__.add_9[0][0]     
2024-03-21 18:07:41.943633:__________________________________________________________________________________________________
2024-03-21 18:07:41.943968:fc3_0 (Dense)                   (None, 128)          32896       dropout_2[0][0]                  
2024-03-21 18:07:41.944102:__________________________________________________________________________________________________
2024-03-21 18:07:41.944427:fc3_dim_0 (Dense)               (None, 128)          32896       dropout_2[0][0]                  
2024-03-21 18:07:41.944580:__________________________________________________________________________________________________
2024-03-21 18:07:41.944831:tf.__operators__.add_10 (TFOpLa (None, 128)          0           fc3_0[0][0]                      
2024-03-21 18:07:41.944973:                                                                 fc3_dim_0[0][0]                  
2024-03-21 18:07:41.945092:__________________________________________________________________________________________________
2024-03-21 18:07:41.945419:fc3_1 (Dense)                   (None, 128)          16512       tf.__operators__.add_10[0][0]    
2024-03-21 18:07:41.945566:__________________________________________________________________________________________________
2024-03-21 18:07:41.945925:tf.__operators__.add_11 (TFOpLa (None, 128)          0           fc3_1[0][0]                      
2024-03-21 18:07:41.946078:                                                                 tf.__operators__.add_10[0][0]    
2024-03-21 18:07:41.946199:__________________________________________________________________________________________________
2024-03-21 18:07:41.946573:fc3_2 (Dense)                   (None, 128)          16512       tf.__operators__.add_11[0][0]    
2024-03-21 18:07:41.946715:__________________________________________________________________________________________________
2024-03-21 18:07:41.946966:tf.__operators__.add_12 (TFOpLa (None, 128)          0           fc3_2[0][0]                      
2024-03-21 18:07:41.947107:                                                                 tf.__operators__.add_11[0][0]    
2024-03-21 18:07:41.947224:__________________________________________________________________________________________________
2024-03-21 18:07:41.947476:dropout_3 (Dropout)             (None, 128)          0           tf.__operators__.add_12[0][0]    
2024-03-21 18:07:41.947607:__________________________________________________________________________________________________
2024-03-21 18:07:41.947940:fc4_0 (Dense)                   (None, 64)           8256        dropout_3[0][0]                  
2024-03-21 18:07:41.948075:__________________________________________________________________________________________________
2024-03-21 18:07:41.948334:fc4_dim_0 (Dense)               (None, 64)           8256        dropout_3[0][0]                  
2024-03-21 18:07:41.948433:__________________________________________________________________________________________________
2024-03-21 18:07:41.948644:tf.__operators__.add_13 (TFOpLa (None, 64)           0           fc4_0[0][0]                      
2024-03-21 18:07:41.948749:                                                                 fc4_dim_0[0][0]                  
2024-03-21 18:07:41.948835:__________________________________________________________________________________________________
2024-03-21 18:07:41.949073:fc4_1 (Dense)                   (None, 64)           4160        tf.__operators__.add_13[0][0]    
2024-03-21 18:07:41.949172:__________________________________________________________________________________________________
2024-03-21 18:07:41.949347:tf.__operators__.add_14 (TFOpLa (None, 64)           0           fc4_1[0][0]                      
2024-03-21 18:07:41.949450:                                                                 tf.__operators__.add_13[0][0]    
2024-03-21 18:07:41.949555:__________________________________________________________________________________________________
2024-03-21 18:07:41.949790:fc5_0 (Dense)                   (None, 32)           2080        tf.__operators__.add_14[0][0]    
2024-03-21 18:07:41.949890:__________________________________________________________________________________________________
2024-03-21 18:07:41.950122:fc5_dim_0 (Dense)               (None, 32)           2080        tf.__operators__.add_14[0][0]    
2024-03-21 18:07:41.950221:__________________________________________________________________________________________________
2024-03-21 18:07:41.950397:tf.__operators__.add_15 (TFOpLa (None, 32)           0           fc5_0[0][0]                      
2024-03-21 18:07:41.950550:                                                                 fc5_dim_0[0][0]                  
2024-03-21 18:07:41.950650:__________________________________________________________________________________________________
2024-03-21 18:07:41.950908:fc6 (Dense)                     (None, 1)            33          tf.__operators__.add_15[0][0]    
2024-03-21 18:07:41.951010:==================================================================================================
2024-03-21 18:07:41.952420:Total params: 8,389,409
2024-03-21 18:07:41.952552:Trainable params: 8,389,409
2024-03-21 18:07:41.952642:Non-trainable params: 0
2024-03-21 18:07:41.952724:__________________________________________________________________________________________________
2024-03-21 18:07:41.966478:start training
2024-03-21 18:08:04.000713:2024-03-21 18:08:04.000598: Current epoch: 0, loss: 1.5431398153305054, validation loss: 0.5944908857345581
2024-03-21 18:08:23.470786:2024-03-21 18:08:23.470715: Current epoch: 1, loss: 0.3131661117076874, validation loss: 0.22461986541748047
2024-03-21 18:08:42.774723:2024-03-21 18:08:42.774583: Current epoch: 2, loss: 0.20508378744125366, validation loss: 0.2450876384973526
2024-03-21 18:09:02.073494:2024-03-21 18:09:02.073397: Current epoch: 3, loss: 0.17397716641426086, validation loss: 0.10495525598526001
2024-03-21 18:09:22.184088:2024-03-21 18:09:22.183973: Current epoch: 4, loss: 0.1386219710111618, validation loss: 0.10913348197937012
2024-03-21 18:09:41.686063:2024-03-21 18:09:41.685996: Current epoch: 5, loss: 0.12236343324184418, validation loss: 0.09090450406074524
2024-03-21 18:10:01.626803:2024-03-21 18:10:01.626754: Current epoch: 6, loss: 0.1016056016087532, validation loss: 0.08207520097494125
2024-03-21 18:10:20.808617:2024-03-21 18:10:20.808501: Current epoch: 7, loss: 0.09317674487829208, validation loss: 0.17284391820430756
2024-03-21 18:10:39.008359:2024-03-21 18:10:39.008289: Current epoch: 8, loss: 0.0877402052283287, validation loss: 0.10972034186124802
2024-03-21 18:10:55.126046:2024-03-21 18:10:55.125978: Current epoch: 9, loss: 0.08009358495473862, validation loss: 0.06716912984848022
2024-03-21 18:11:18.427684:2024-03-21 18:11:18.427526: Current epoch: 10, loss: 0.07273431122303009, validation loss: 0.10888323187828064
2024-03-21 18:11:37.581883:2024-03-21 18:11:37.581814: Current epoch: 11, loss: 0.07014568150043488, validation loss: 0.1144823357462883
2024-03-21 18:11:57.304098:2024-03-21 18:11:57.303993: Current epoch: 12, loss: 0.06460386514663696, validation loss: 0.07577752321958542
2024-03-21 18:12:16.568215:2024-03-21 18:12:16.568114: Current epoch: 13, loss: 0.06120266765356064, validation loss: 0.07229647040367126
2024-03-21 18:12:35.960774:2024-03-21 18:12:35.960693: Current epoch: 14, loss: 0.058081213384866714, validation loss: 0.07137727737426758
2024-03-21 18:12:55.382562:2024-03-21 18:12:55.381872: Current epoch: 15, loss: 0.055688995867967606, validation loss: 0.060075871646404266
2024-03-21 18:13:14.777678:2024-03-21 18:13:14.777508: Current epoch: 16, loss: 0.053071193397045135, validation loss: 0.05479789897799492
2024-03-21 18:13:34.207646:2024-03-21 18:13:34.207575: Current epoch: 17, loss: 0.050904564559459686, validation loss: 0.05318387597799301
2024-03-21 18:13:53.485819:2024-03-21 18:13:53.485754: Current epoch: 18, loss: 0.04952448233962059, validation loss: 0.05867381393909454
2024-03-21 18:14:12.965622:2024-03-21 18:14:12.965157: Current epoch: 19, loss: 0.04861060157418251, validation loss: 0.051732614636421204
2024-03-21 18:14:35.505475:2024-03-21 18:14:35.505351: Current epoch: 20, loss: 0.04539785161614418, validation loss: 0.05842500180006027
2024-03-21 18:14:55.272558:2024-03-21 18:14:55.272483: Current epoch: 21, loss: 0.0448560006916523, validation loss: 0.05360746011137962
2024-03-21 18:15:14.942296:2024-03-21 18:15:14.942188: Current epoch: 22, loss: 0.04348253831267357, validation loss: 0.06026448309421539
2024-03-21 18:15:34.306704:2024-03-21 18:15:34.306593: Current epoch: 23, loss: 0.04159024357795715, validation loss: 0.06765803694725037
2024-03-21 18:15:53.531426:2024-03-21 18:15:53.531346: Current epoch: 24, loss: 0.041577424854040146, validation loss: 0.04952642694115639
2024-03-21 18:16:12.344971:2024-03-21 18:16:12.344827: Current epoch: 25, loss: 0.03932344913482666, validation loss: 0.05024939402937889
2024-03-21 18:16:31.231145:2024-03-21 18:16:31.230987: Current epoch: 26, loss: 0.03832513093948364, validation loss: 0.05770346149802208
2024-03-21 18:16:50.100129:2024-03-21 18:16:50.100086: Current epoch: 27, loss: 0.03760983422398567, validation loss: 0.049428991973400116
2024-03-21 18:17:09.874936:2024-03-21 18:17:09.874418: Current epoch: 28, loss: 0.037320543080568314, validation loss: 0.04790346324443817
2024-03-21 18:17:28.884176:2024-03-21 18:17:28.884067: Current epoch: 29, loss: 0.035370368510484695, validation loss: 0.051164936274290085
2024-03-21 18:17:51.860031:2024-03-21 18:17:51.859959: Current epoch: 30, loss: 0.03490554913878441, validation loss: 0.04498863220214844
2024-03-21 18:18:10.892211:2024-03-21 18:18:10.892070: Current epoch: 31, loss: 0.0345076285302639, validation loss: 0.049949392676353455
2024-03-21 18:18:29.907958:2024-03-21 18:18:29.907874: Current epoch: 32, loss: 0.033373355865478516, validation loss: 0.04437914490699768
2024-03-21 18:18:49.154969:2024-03-21 18:18:49.154858: Current epoch: 33, loss: 0.03266294300556183, validation loss: 0.051872577518224716
2024-03-21 18:19:05.806253:2024-03-21 18:19:05.806141: Current epoch: 34, loss: 0.03136797621846199, validation loss: 0.049903545528650284
2024-03-21 18:19:23.015914:2024-03-21 18:19:23.015816: Current epoch: 35, loss: 0.030871741473674774, validation loss: 0.05532249063253403
2024-03-21 18:19:41.791166:2024-03-21 18:19:41.791025: Current epoch: 36, loss: 0.030513763427734375, validation loss: 0.046906765550374985
2024-03-21 18:20:00.494064:2024-03-21 18:20:00.493942: Current epoch: 37, loss: 0.029956191778182983, validation loss: 0.04714658111333847
2024-03-21 18:20:19.326882:2024-03-21 18:20:19.326748: Current epoch: 38, loss: 0.02937488816678524, validation loss: 0.046118415892124176
2024-03-21 18:20:37.993828:2024-03-21 18:20:37.993678: Current epoch: 39, loss: 0.02914023958146572, validation loss: 0.04660189151763916
2024-03-21 18:21:00.005780:2024-03-21 18:21:00.005674: Current epoch: 40, loss: 0.028634991496801376, validation loss: 0.04442188888788223
2024-03-21 18:21:18.458976:2024-03-21 18:21:18.458867: Current epoch: 41, loss: 0.02788136899471283, validation loss: 0.047403961420059204
2024-03-21 18:21:37.271862:2024-03-21 18:21:37.271722: Current epoch: 42, loss: 0.027654781937599182, validation loss: 0.045393235981464386
2024-03-21 18:21:56.431762:2024-03-21 18:21:56.431419: Current epoch: 43, loss: 0.027031850069761276, validation loss: 0.04310894012451172
2024-03-21 18:22:14.802486:2024-03-21 18:22:14.802346: Current epoch: 44, loss: 0.026508966460824013, validation loss: 0.04290398210287094
2024-03-21 18:22:33.586302:2024-03-21 18:22:33.586234: Current epoch: 45, loss: 0.02614893764257431, validation loss: 0.04690297693014145
2024-03-21 18:22:52.997895:2024-03-21 18:22:52.997853: Current epoch: 46, loss: 0.02517656236886978, validation loss: 0.04282233491539955
2024-03-21 18:23:12.041842:2024-03-21 18:23:12.041695: Current epoch: 47, loss: 0.02490692026913166, validation loss: 0.04448804259300232
2024-03-21 18:23:30.836108:2024-03-21 18:23:30.835860: Current epoch: 48, loss: 0.024944201111793518, validation loss: 0.042372554540634155
2024-03-21 18:23:49.812495:2024-03-21 18:23:49.812351: Current epoch: 49, loss: 0.02455415576696396, validation loss: 0.041508615016937256
2024-03-21 18:24:12.582486:2024-03-21 18:24:12.582242: Current epoch: 50, loss: 0.02376595325767994, validation loss: 0.04199904203414917
2024-03-21 18:24:31.442394:2024-03-21 18:24:31.442268: Current epoch: 51, loss: 0.02352883480489254, validation loss: 0.042241018265485764
2024-03-21 18:24:51.063818:2024-03-21 18:24:51.063757: Current epoch: 52, loss: 0.023273058235645294, validation loss: 0.04166819527745247
2024-03-21 18:25:10.142595:2024-03-21 18:25:10.142068: Current epoch: 53, loss: 0.02268769033253193, validation loss: 0.04139507934451103
2024-03-21 18:25:29.555548:2024-03-21 18:25:29.555474: Current epoch: 54, loss: 0.0226435586810112, validation loss: 0.042214103043079376
2024-03-21 18:25:48.454117:2024-03-21 18:25:48.454005: Current epoch: 55, loss: 0.02257520891726017, validation loss: 0.04221930727362633
2024-03-21 18:26:07.713815:2024-03-21 18:26:07.713714: Current epoch: 56, loss: 0.021914277225732803, validation loss: 0.04257149249315262
2024-03-21 18:26:26.605161:2024-03-21 18:26:26.605112: Current epoch: 57, loss: 0.021513035520911217, validation loss: 0.04137125983834267
2024-03-21 18:26:46.014046:2024-03-21 18:26:46.013976: Current epoch: 58, loss: 0.021673228591680527, validation loss: 0.039858628064394
2024-03-21 18:27:04.777823:2024-03-21 18:27:04.777684: Current epoch: 59, loss: 0.021352017298340797, validation loss: 0.03990869224071503
2024-03-21 18:27:22.783469:2024-03-21 18:27:22.783385: Current epoch: 60, loss: 0.021068314090371132, validation loss: 0.04650508239865303
2024-03-21 18:27:41.864648:2024-03-21 18:27:41.864546: Current epoch: 61, loss: 0.020955273881554604, validation loss: 0.041153013706207275
2024-03-21 18:28:00.079298:2024-03-21 18:28:00.079204: Current epoch: 62, loss: 0.020821353420615196, validation loss: 0.04096551612019539
2024-03-21 18:28:18.671815:2024-03-21 18:28:18.671697: Current epoch: 63, loss: 0.02054172195494175, validation loss: 0.04084410145878792
2024-03-21 18:28:37.536015:2024-03-21 18:28:37.535944: Current epoch: 64, loss: 0.020100459456443787, validation loss: 0.0402459055185318
2024-03-21 18:28:56.475668:2024-03-21 18:28:56.475605: Current epoch: 65, loss: 0.019820688292384148, validation loss: 0.042961057275533676
2024-03-21 18:29:15.096491:2024-03-21 18:29:15.096374: Current epoch: 66, loss: 0.019588612020015717, validation loss: 0.04034258797764778
2024-03-21 18:29:33.609218:2024-03-21 18:29:33.609148: Current epoch: 67, loss: 0.01951284520328045, validation loss: 0.040364351123571396
2024-03-21 18:29:52.175598:2024-03-21 18:29:52.175388: Current epoch: 68, loss: 0.01918027736246586, validation loss: 0.03998880088329315
2024-03-21 18:30:11.013050:2024-03-21 18:30:11.012966: Current epoch: 69, loss: 0.019245008006691933, validation loss: 0.040503695607185364
2024-03-21 18:30:29.842058:2024-03-21 18:30:29.841968: Current epoch: 70, loss: 0.018806591629981995, validation loss: 0.04074340686202049
2024-03-21 18:30:48.819294:2024-03-21 18:30:48.819157: Current epoch: 71, loss: 0.018230656161904335, validation loss: 0.03949226811528206
2024-03-21 18:31:07.494537:2024-03-21 18:31:07.494505: Current epoch: 72, loss: 0.01831568218767643, validation loss: 0.03987110033631325
2024-03-21 18:31:26.389610:2024-03-21 18:31:26.389511: Current epoch: 73, loss: 0.017970729619264603, validation loss: 0.042431630194187164
2024-03-21 18:31:45.096008:2024-03-21 18:31:45.095891: Current epoch: 74, loss: 0.018046163022518158, validation loss: 0.0416472963988781
2024-03-21 18:32:04.194252:2024-03-21 18:32:04.193796: Current epoch: 75, loss: 0.017760775983333588, validation loss: 0.03926735371351242
2024-03-21 18:32:22.957404:2024-03-21 18:32:22.957260: Current epoch: 76, loss: 0.01782253570854664, validation loss: 0.04050791636109352
2024-03-21 18:32:41.644464:2024-03-21 18:32:41.644378: Current epoch: 77, loss: 0.017287030816078186, validation loss: 0.038024768233299255
2024-03-21 18:33:01.266095:2024-03-21 18:33:01.265983: Current epoch: 78, loss: 0.01721973530948162, validation loss: 0.03918758034706116
2024-03-21 18:33:20.306967:2024-03-21 18:33:20.306825: Current epoch: 79, loss: 0.017193010076880455, validation loss: 0.038544218987226486
2024-03-21 18:33:42.393867:2024-03-21 18:33:42.393749: Current epoch: 80, loss: 0.016630608588457108, validation loss: 0.03942587971687317
2024-03-21 18:34:01.394483:2024-03-21 18:34:01.394312: Current epoch: 81, loss: 0.01690676249563694, validation loss: 0.03881062567234039
2024-03-21 18:34:20.269198:2024-03-21 18:34:20.269142: Current epoch: 82, loss: 0.01652172952890396, validation loss: 0.03832803666591644
2024-03-21 18:34:39.924149:2024-03-21 18:34:39.923987: Current epoch: 83, loss: 0.016621999442577362, validation loss: 0.03880850598216057
2024-03-21 18:34:59.103565:2024-03-21 18:34:59.103449: Current epoch: 84, loss: 0.016169466078281403, validation loss: 0.03879779949784279
2024-03-21 18:35:17.808229:2024-03-21 18:35:17.808111: Current epoch: 85, loss: 0.015995539724826813, validation loss: 0.0386592261493206
2024-03-21 18:35:34.352931:2024-03-21 18:35:34.352787: Current epoch: 86, loss: 0.01591583900153637, validation loss: 0.03832682594656944
2024-03-21 18:35:52.338946:2024-03-21 18:35:52.338802: Current epoch: 87, loss: 0.016092518344521523, validation loss: 0.04028299078345299
2024-03-21 18:36:11.552208:2024-03-21 18:36:11.552141: Current epoch: 88, loss: 0.015648070722818375, validation loss: 0.03800005465745926
2024-03-21 18:36:30.678623:2024-03-21 18:36:30.678520: Current epoch: 89, loss: 0.015811454504728317, validation loss: 0.03835856914520264
2024-03-21 18:36:53.454021:2024-03-21 18:36:53.453862: Current epoch: 90, loss: 0.01547347940504551, validation loss: 0.03844541683793068
2024-03-21 18:37:12.586674:2024-03-21 18:37:12.586527: Current epoch: 91, loss: 0.015382570214569569, validation loss: 0.03840406984090805
2024-03-21 18:37:31.177777:2024-03-21 18:37:31.177668: Current epoch: 92, loss: 0.01486107800155878, validation loss: 0.03877376392483711
2024-03-21 18:37:50.255809:2024-03-21 18:37:50.255697: Current epoch: 93, loss: 0.015358591452240944, validation loss: 0.03820507973432541
2024-03-21 18:38:09.329288:2024-03-21 18:38:09.329144: Current epoch: 94, loss: 0.01512433122843504, validation loss: 0.038313720375299454
2024-03-21 18:38:28.007489:2024-03-21 18:38:28.007403: Current epoch: 95, loss: 0.014875425957143307, validation loss: 0.040500458329916
2024-03-21 18:38:47.222168:2024-03-21 18:38:47.222059: Current epoch: 96, loss: 0.014736137352883816, validation loss: 0.03802875056862831
2024-03-21 18:39:06.207759:2024-03-21 18:39:06.207638: Current epoch: 97, loss: 0.014901909045875072, validation loss: 0.03826751187443733
2024-03-21 18:39:25.233201:2024-03-21 18:39:25.233132: Current epoch: 98, loss: 0.01471314299851656, validation loss: 0.03821424022316933
2024-03-21 18:39:44.277390:2024-03-21 18:39:44.277246: Current epoch: 99, loss: 0.014378688298165798, validation loss: 0.03869037702679634
2024-03-21 18:40:03.256373:2024-03-21 18:40:03.256305: Current epoch: 100, loss: 0.01441361103206873, validation loss: 0.03795620799064636
2024-03-21 18:40:22.461850:2024-03-21 18:40:22.461805: Current epoch: 101, loss: 0.01423718873411417, validation loss: 0.037577223032712936
2024-03-21 18:40:41.519735:2024-03-21 18:40:41.519592: Current epoch: 102, loss: 0.014262218028306961, validation loss: 0.03786727041006088
2024-03-21 18:41:00.472497:2024-03-21 18:41:00.472380: Current epoch: 103, loss: 0.013910681940615177, validation loss: 0.03827304020524025
2024-03-21 18:41:19.181329:2024-03-21 18:41:19.181274: Current epoch: 104, loss: 0.013892003335058689, validation loss: 0.03799271956086159
2024-03-21 18:41:38.456634:2024-03-21 18:41:38.456562: Current epoch: 105, loss: 0.013754570856690407, validation loss: 0.03836202621459961
2024-03-21 18:41:57.208823:2024-03-21 18:41:57.208706: Current epoch: 106, loss: 0.01401270180940628, validation loss: 0.03801947459578514
2024-03-21 18:42:16.376217:2024-03-21 18:42:16.376076: Current epoch: 107, loss: 0.013796433806419373, validation loss: 0.03778720274567604
2024-03-21 18:42:35.182909:2024-03-21 18:42:35.182440: Current epoch: 108, loss: 0.013678600080311298, validation loss: 0.037357673048973083
2024-03-21 18:42:53.778511:2024-03-21 18:42:53.778407: Current epoch: 109, loss: 0.01363097969442606, validation loss: 0.03900761529803276
2024-03-21 18:43:13.017430:2024-03-21 18:43:13.017357: Current epoch: 110, loss: 0.01359654776751995, validation loss: 0.03742627426981926
2024-03-21 18:43:32.152145:2024-03-21 18:43:32.152006: Current epoch: 111, loss: 0.013504089787602425, validation loss: 0.0376288928091526
2024-03-21 18:43:47.421323:2024-03-21 18:43:47.421292: Current epoch: 112, loss: 0.013176868669688702, validation loss: 0.03768005222082138
2024-03-21 18:44:06.227731:2024-03-21 18:44:06.227608: Current epoch: 113, loss: 0.013255639933049679, validation loss: 0.037434354424476624
2024-03-21 18:44:25.000810:2024-03-21 18:44:25.000712: Current epoch: 114, loss: 0.013139442540705204, validation loss: 0.03868917003273964
2024-03-21 18:44:43.455282:2024-03-21 18:44:43.455186: Current epoch: 115, loss: 0.013155695050954819, validation loss: 0.03764079883694649
2024-03-21 18:45:02.043301:2024-03-21 18:45:02.043237: Current epoch: 116, loss: 0.012811748310923576, validation loss: 0.038126684725284576
2024-03-21 18:45:21.215561:2024-03-21 18:45:21.215382: Current epoch: 117, loss: 0.012860330753028393, validation loss: 0.03763818368315697
2024-03-21 18:45:39.920242:2024-03-21 18:45:39.920170: Current epoch: 118, loss: 0.01290674414485693, validation loss: 0.03791258484125137
2024-03-21 18:45:58.523125:2024-03-21 18:45:58.523004: Current epoch: 119, loss: 0.012629816308617592, validation loss: 0.03688354417681694
2024-03-21 18:46:21.032797:2024-03-21 18:46:21.032691: Current epoch: 120, loss: 0.012755462899804115, validation loss: 0.03735162690281868
2024-03-21 18:46:39.958941:2024-03-21 18:46:39.958878: Current epoch: 121, loss: 0.012403765693306923, validation loss: 0.03779154643416405
2024-03-21 18:47:00.042305:2024-03-21 18:47:00.042101: Current epoch: 122, loss: 0.012519726529717445, validation loss: 0.03967050835490227
2024-03-21 18:47:18.796451:2024-03-21 18:47:18.796335: Current epoch: 123, loss: 0.01246381364762783, validation loss: 0.03725195303559303
2024-03-21 18:47:37.619892:2024-03-21 18:47:37.619763: Current epoch: 124, loss: 0.01255572959780693, validation loss: 0.0390014573931694
2024-03-21 18:47:56.160640:2024-03-21 18:47:56.160497: Current epoch: 125, loss: 0.01235650759190321, validation loss: 0.037159599363803864
2024-03-21 18:48:14.894583:2024-03-21 18:48:14.894464: Current epoch: 126, loss: 0.012179036624729633, validation loss: 0.0371178463101387
2024-03-21 18:48:33.942570:2024-03-21 18:48:33.942467: Current epoch: 127, loss: 0.012138094753026962, validation loss: 0.0391993373632431
2024-03-21 18:48:52.355515:2024-03-21 18:48:52.355440: Current epoch: 128, loss: 0.012014135718345642, validation loss: 0.0373983271420002
2024-03-21 18:49:11.148209:2024-03-21 18:49:11.148113: Current epoch: 129, loss: 0.012150630354881287, validation loss: 0.0376683846116066
2024-03-21 18:49:30.203432:2024-03-21 18:49:30.203357: Current epoch: 130, loss: 0.011808650568127632, validation loss: 0.03730946406722069
2024-03-21 18:49:49.306497:2024-03-21 18:49:49.306414: Current epoch: 131, loss: 0.011851105839014053, validation loss: 0.03751754388213158
2024-03-21 18:50:08.098378:2024-03-21 18:50:08.098238: Current epoch: 132, loss: 0.011653437279164791, validation loss: 0.037218380719423294
2024-03-21 18:50:27.365464:2024-03-21 18:50:27.365391: Current epoch: 133, loss: 0.011689904145896435, validation loss: 0.0373581163585186
2024-03-21 18:50:46.729229:2024-03-21 18:50:46.729166: Current epoch: 134, loss: 0.011802959255874157, validation loss: 0.038031138479709625
2024-03-21 18:51:05.915824:2024-03-21 18:51:05.915722: Current epoch: 135, loss: 0.011707996018230915, validation loss: 0.03737609460949898
2024-03-21 18:51:24.807728:2024-03-21 18:51:24.807664: Current epoch: 136, loss: 0.011504823341965675, validation loss: 0.03713791072368622
2024-03-21 18:51:43.473826:2024-03-21 18:51:43.473768: Current epoch: 137, loss: 0.011436685919761658, validation loss: 0.03700694441795349
2024-03-21 18:51:59.237665:2024-03-21 18:51:59.237602: Current epoch: 138, loss: 0.011574335396289825, validation loss: 0.0375901460647583
2024-03-21 18:52:17.980890:2024-03-21 18:52:17.980747: Current epoch: 139, loss: 0.011317596770823002, validation loss: 0.037567123770713806
2024-03-21 18:52:36.448196:2024-03-21 18:52:36.448141: Current epoch: 140, loss: 0.011362033896148205, validation loss: 0.03737030550837517
2024-03-21 18:52:55.400934:2024-03-21 18:52:55.400796: Current epoch: 141, loss: 0.011239348910748959, validation loss: 0.037475086748600006
2024-03-21 18:53:14.216625:2024-03-21 18:53:14.216577: Current epoch: 142, loss: 0.011321041733026505, validation loss: 0.03674871474504471
2024-03-21 18:53:33.191035:2024-03-21 18:53:33.190921: Current epoch: 143, loss: 0.011102747172117233, validation loss: 0.037902433425188065
2024-03-21 18:53:52.314356:2024-03-21 18:53:52.314214: Current epoch: 144, loss: 0.011306922882795334, validation loss: 0.03852144628763199
2024-03-21 18:54:11.132053:2024-03-21 18:54:11.131949: Current epoch: 145, loss: 0.011077682487666607, validation loss: 0.03713493421673775
2024-03-21 18:54:29.969644:2024-03-21 18:54:29.969499: Current epoch: 146, loss: 0.011049496941268444, validation loss: 0.037346433848142624
2024-03-21 18:54:48.674028:2024-03-21 18:54:48.673902: Current epoch: 147, loss: 0.010884959250688553, validation loss: 0.03724385052919388
2024-03-21 18:55:07.462167:2024-03-21 18:55:07.462082: Current epoch: 148, loss: 0.011077949777245522, validation loss: 0.037497445940971375
2024-03-21 18:55:26.539073:2024-03-21 18:55:26.538924: Current epoch: 149, loss: 0.01079636998474598, validation loss: 0.03777043893933296
2024-03-21 18:55:45.799165:2024-03-21 18:55:45.799049: Current epoch: 150, loss: 0.010920237749814987, validation loss: 0.03709419071674347
2024-03-21 18:56:05.084417:2024-03-21 18:56:05.084271: Current epoch: 151, loss: 0.010697757825255394, validation loss: 0.03855671361088753
2024-03-21 18:56:24.251342:2024-03-21 18:56:24.251229: Current epoch: 152, loss: 0.010902510955929756, validation loss: 0.0370173417031765
2024-03-21 18:56:43.721281:2024-03-21 18:56:43.721142: Current epoch: 153, loss: 0.010642657056450844, validation loss: 0.03772857412695885
2024-03-21 18:57:02.626223:2024-03-21 18:57:02.626080: Current epoch: 154, loss: 0.010575631633400917, validation loss: 0.037262920290231705
2024-03-21 18:57:21.817650:2024-03-21 18:57:21.817592: Current epoch: 155, loss: 0.010557619854807854, validation loss: 0.03710179403424263
2024-03-21 18:57:40.453695:2024-03-21 18:57:40.453631: Current epoch: 156, loss: 0.010589760728180408, validation loss: 0.03752150386571884
2024-03-21 18:57:59.486530:2024-03-21 18:57:59.486374: Current epoch: 157, loss: 0.010389050468802452, validation loss: 0.037652257829904556
2024-03-21 18:58:18.722566:2024-03-21 18:58:18.722496: Current epoch: 158, loss: 0.010493293404579163, validation loss: 0.03768337890505791
2024-03-21 18:58:37.530814:2024-03-21 18:58:37.530709: Current epoch: 159, loss: 0.010394942946732044, validation loss: 0.03753584250807762
2024-03-21 18:58:56.452178:2024-03-21 18:58:56.452068: Current epoch: 160, loss: 0.010386493057012558, validation loss: 0.037529196590185165
2024-03-21 18:59:15.526177:2024-03-21 18:59:15.526061: Current epoch: 161, loss: 0.010295670479536057, validation loss: 0.03667346388101578
2024-03-21 18:59:34.383131:2024-03-21 18:59:34.383044: Current epoch: 162, loss: 0.010358431376516819, validation loss: 0.03643879294395447
2024-03-21 18:59:53.043296:2024-03-21 18:59:53.043188: Current epoch: 163, loss: 0.010045797564089298, validation loss: 0.03806398808956146
2024-03-21 19:00:09.065980:2024-03-21 19:00:09.065948: Current epoch: 164, loss: 0.010358845815062523, validation loss: 0.037254977971315384
2024-03-21 19:00:27.493033:2024-03-21 19:00:27.492891: Current epoch: 165, loss: 0.01012224331498146, validation loss: 0.037563763558864594
2024-03-21 19:00:46.099123:2024-03-21 19:00:46.099055: Current epoch: 166, loss: 0.010069546289741993, validation loss: 0.03737495094537735
2024-03-21 19:01:05.748474:2024-03-21 19:01:05.748358: Current epoch: 167, loss: 0.010139701887965202, validation loss: 0.03790435567498207
2024-03-21 19:01:24.680188:2024-03-21 19:01:24.680034: Current epoch: 168, loss: 0.010289556346833706, validation loss: 0.03695962578058243
2024-03-21 19:01:43.437366:2024-03-21 19:01:43.437216: Current epoch: 169, loss: 0.01016732957214117, validation loss: 0.03660016134381294
2024-03-21 19:02:05.163205:2024-03-21 19:02:05.163125: Current epoch: 170, loss: 0.009950525127351284, validation loss: 0.036605775356292725
2024-03-21 19:02:24.394252:2024-03-21 19:02:24.394144: Current epoch: 171, loss: 0.009826593101024628, validation loss: 0.03696714714169502
2024-03-21 19:02:43.353622:2024-03-21 19:02:43.353508: Current epoch: 172, loss: 0.009985885582864285, validation loss: 0.036724258214235306
2024-03-21 19:03:02.053033:2024-03-21 19:03:02.052934: Current epoch: 173, loss: 0.009886094368994236, validation loss: 0.03673534840345383
2024-03-21 19:03:20.880351:2024-03-21 19:03:20.880264: Current epoch: 174, loss: 0.009821786545217037, validation loss: 0.037046585232019424
2024-03-21 19:03:39.807404:2024-03-21 19:03:39.807342: Current epoch: 175, loss: 0.009808016009628773, validation loss: 0.03685145080089569
2024-03-21 19:03:58.320953:2024-03-21 19:03:58.320857: Current epoch: 176, loss: 0.009772652760148048, validation loss: 0.03649666905403137
2024-03-21 19:04:17.325324:2024-03-21 19:04:17.325254: Current epoch: 177, loss: 0.009630488231778145, validation loss: 0.03750681132078171
2024-03-21 19:04:36.847218:2024-03-21 19:04:36.847114: Current epoch: 178, loss: 0.009554686024785042, validation loss: 0.036729536950588226
2024-03-21 19:04:55.602143:2024-03-21 19:04:55.602072: Current epoch: 179, loss: 0.009610973298549652, validation loss: 0.0376107282936573
2024-03-21 19:05:14.565358:2024-03-21 19:05:14.565293: Current epoch: 180, loss: 0.009523211047053337, validation loss: 0.036465369164943695
2024-03-21 19:05:33.535059:2024-03-21 19:05:33.534946: Current epoch: 181, loss: 0.009599342942237854, validation loss: 0.03667202964425087
2024-03-21 19:05:52.286089:2024-03-21 19:05:52.286023: Current epoch: 182, loss: 0.00949953030794859, validation loss: 0.03730059787631035
2024-03-21 19:06:11.170325:2024-03-21 19:06:11.170280: Current epoch: 183, loss: 0.009589891880750656, validation loss: 0.036999884992837906
2024-03-21 19:06:30.333348:2024-03-21 19:06:30.333194: Current epoch: 184, loss: 0.009446139447391033, validation loss: 0.03745824843645096
2024-03-21 19:06:49.353273:2024-03-21 19:06:49.353131: Current epoch: 185, loss: 0.009625019505620003, validation loss: 0.03758876770734787
2024-03-21 19:07:08.089703:2024-03-21 19:07:08.089589: Current epoch: 186, loss: 0.009417965076863766, validation loss: 0.03721001371741295
2024-03-21 19:07:26.874538:2024-03-21 19:07:26.874381: Current epoch: 187, loss: 0.009262805804610252, validation loss: 0.03971650451421738
2024-03-21 19:07:46.020755:2024-03-21 19:07:46.020598: Current epoch: 188, loss: 0.009286724962294102, validation loss: 0.03685305267572403
2024-03-21 19:08:04.029960:2024-03-21 19:08:04.029883: Current epoch: 189, loss: 0.009249915368855, validation loss: 0.038309063762426376
2024-03-21 19:08:21.095097:2024-03-21 19:08:21.094956: Current epoch: 190, loss: 0.009177584201097488, validation loss: 0.036704014986753464
2024-03-21 19:08:39.621892:2024-03-21 19:08:39.621795: Current epoch: 191, loss: 0.009386975318193436, validation loss: 0.03731447458267212
2024-03-21 19:08:58.860653:2024-03-21 19:08:58.860509: Current epoch: 192, loss: 0.009116427972912788, validation loss: 0.037212617695331573
2024-03-21 19:09:17.674936:2024-03-21 19:09:17.674838: Current epoch: 193, loss: 0.009157933294773102, validation loss: 0.03785749897360802
2024-03-21 19:09:36.436471:2024-03-21 19:09:36.436342: Current epoch: 194, loss: 0.00900808535516262, validation loss: 0.036793407052755356
2024-03-21 19:09:55.272028:2024-03-21 19:09:55.271887: Current epoch: 195, loss: 0.009235207922756672, validation loss: 0.03693515434861183
2024-03-21 19:10:14.759439:2024-03-21 19:10:14.759299: Current epoch: 196, loss: 0.008999967947602272, validation loss: 0.03682933747768402
2024-03-21 19:10:33.690430:2024-03-21 19:10:33.690320: Current epoch: 197, loss: 0.008982575498521328, validation loss: 0.037603434175252914
2024-03-21 19:10:52.682929:2024-03-21 19:10:52.682787: Current epoch: 198, loss: 0.009066681377589703, validation loss: 0.03691106662154198
2024-03-21 19:11:12.357757:2024-03-21 19:11:12.357648: Current epoch: 199, loss: 0.008990331552922726, validation loss: 0.036744121462106705
2024-03-21 19:11:31.447648:2024-03-21 19:11:31.447593: Current epoch: 200, loss: 0.009010767564177513, validation loss: 0.03763130307197571
2024-03-21 19:11:50.498763:2024-03-21 19:11:50.498636: Current epoch: 201, loss: 0.008800113573670387, validation loss: 0.03665192425251007
2024-03-21 19:12:10.084800:2024-03-21 19:12:10.084701: Current epoch: 202, loss: 0.008995519019663334, validation loss: 0.036600884050130844
2024-03-21 19:12:28.839501:2024-03-21 19:12:28.839411: Current epoch: 203, loss: 0.008764981292188168, validation loss: 0.037037067115306854
2024-03-21 19:12:48.166512:2024-03-21 19:12:48.166397: Current epoch: 204, loss: 0.008763852529227734, validation loss: 0.03689716383814812
2024-03-21 19:13:07.066299:2024-03-21 19:13:07.066201: Current epoch: 205, loss: 0.008735675364732742, validation loss: 0.03681175783276558
2024-03-21 19:13:25.992147:2024-03-21 19:13:25.992022: Current epoch: 206, loss: 0.008715412579476833, validation loss: 0.03725505992770195
2024-03-21 19:13:44.978269:2024-03-21 19:13:44.978184: Current epoch: 207, loss: 0.008633621968328953, validation loss: 0.03716607019305229
2024-03-21 19:14:04.096992:2024-03-21 19:14:04.096889: Current epoch: 208, loss: 0.008845269680023193, validation loss: 0.037293773144483566
2024-03-21 19:14:23.310233:2024-03-21 19:14:23.310147: Current epoch: 209, loss: 0.008603589609265327, validation loss: 0.03668283298611641
2024-03-21 19:14:42.271858:2024-03-21 19:14:42.271749: Current epoch: 210, loss: 0.00866951048374176, validation loss: 0.037056032568216324
2024-03-21 19:15:01.006580:2024-03-21 19:15:01.006473: Current epoch: 211, loss: 0.008559738285839558, validation loss: 0.036912012845277786
2024-03-21 19:15:20.204170:2024-03-21 19:15:20.204035: Current epoch: 212, loss: 0.008591089397668839, validation loss: 0.03717939928174019
2024-03-21 19:15:39.505069:2024-03-21 19:15:39.505004: Current epoch: 213, loss: 0.008447079919278622, validation loss: 0.03714662417769432
2024-03-21 19:15:58.513563:2024-03-21 19:15:58.513402: Current epoch: 214, loss: 0.008536840789020061, validation loss: 0.036823563277721405
2024-03-21 19:16:15.396056:2024-03-21 19:16:15.395966: Current epoch: 215, loss: 0.008538532070815563, validation loss: 0.03685767576098442
2024-03-21 19:16:32.650184:2024-03-21 19:16:32.650120: Current epoch: 216, loss: 0.00849649216979742, validation loss: 0.036769215017557144
2024-03-21 19:16:51.641851:2024-03-21 19:16:51.641693: Current epoch: 217, loss: 0.008370265364646912, validation loss: 0.03615706041455269
2024-03-21 19:17:10.672518:2024-03-21 19:17:10.672441: Current epoch: 218, loss: 0.008469496853649616, validation loss: 0.03655201941728592
2024-03-21 19:17:29.295753:2024-03-21 19:17:29.295628: Current epoch: 219, loss: 0.008404026739299297, validation loss: 0.03647174313664436
2024-03-21 19:17:51.555172:2024-03-21 19:17:51.555077: Current epoch: 220, loss: 0.008347706869244576, validation loss: 0.03665873780846596
2024-03-21 19:18:10.582042:2024-03-21 19:18:10.581899: Current epoch: 221, loss: 0.008331231772899628, validation loss: 0.03638534992933273
2024-03-21 19:18:29.644103:2024-03-21 19:18:29.643929: Current epoch: 222, loss: 0.0084447106346488, validation loss: 0.0374499186873436
2024-03-21 19:18:48.450986:2024-03-21 19:18:48.450854: Current epoch: 223, loss: 0.008287724107503891, validation loss: 0.03662066534161568
2024-03-21 19:19:07.111422:2024-03-21 19:19:07.111281: Current epoch: 224, loss: 0.008167192339897156, validation loss: 0.03645024076104164
2024-03-21 19:19:25.864003:2024-03-21 19:19:25.863904: Current epoch: 225, loss: 0.00817609578371048, validation loss: 0.0366685651242733
2024-03-21 19:19:44.834021:2024-03-21 19:19:44.833910: Current epoch: 226, loss: 0.008363624103367329, validation loss: 0.036760058254003525
2024-03-21 19:20:04.133515:2024-03-21 19:20:04.133371: Current epoch: 227, loss: 0.008338574320077896, validation loss: 0.037024833261966705
2024-03-21 19:20:23.305895:2024-03-21 19:20:23.305771: Current epoch: 228, loss: 0.008403271436691284, validation loss: 0.0368017815053463
2024-03-21 19:20:42.421696:2024-03-21 19:20:42.421592: Current epoch: 229, loss: 0.008067907765507698, validation loss: 0.03688989579677582
2024-03-21 19:21:01.464500:2024-03-21 19:21:01.464341: Current epoch: 230, loss: 0.008295037783682346, validation loss: 0.036338213831186295
2024-03-21 19:21:20.105109:2024-03-21 19:21:20.105010: Current epoch: 231, loss: 0.008060016669332981, validation loss: 0.03730468824505806
2024-03-21 19:21:39.222625:2024-03-21 19:21:39.222503: Current epoch: 232, loss: 0.008185788989067078, validation loss: 0.036696456372737885
2024-03-21 19:21:58.333835:2024-03-21 19:21:58.333693: Current epoch: 233, loss: 0.008356213569641113, validation loss: 0.03729202598333359
2024-03-21 19:22:17.065946:2024-03-21 19:22:17.065847: Current epoch: 234, loss: 0.008058659732341766, validation loss: 0.0370241217315197
2024-03-21 19:22:36.035702:2024-03-21 19:22:36.035594: Current epoch: 235, loss: 0.008001508191227913, validation loss: 0.03695196285843849
2024-03-21 19:22:54.826244:2024-03-21 19:22:54.826174: Current epoch: 236, loss: 0.008110295049846172, validation loss: 0.03677799552679062
2024-03-21 19:23:13.432408:2024-03-21 19:23:13.432266: Current epoch: 237, loss: 0.008092221803963184, validation loss: 0.03697061538696289
2024-03-21 19:23:32.681153:2024-03-21 19:23:32.681012: Current epoch: 238, loss: 0.007943580858409405, validation loss: 0.03644358366727829
2024-03-21 19:23:51.961083:2024-03-21 19:23:51.960974: Current epoch: 239, loss: 0.008027572184801102, validation loss: 0.0369841568171978
2024-03-21 19:24:10.878433:2024-03-21 19:24:10.878287: Current epoch: 240, loss: 0.00798362959176302, validation loss: 0.03651142120361328
2024-03-21 19:24:26.513335:2024-03-21 19:24:26.513290: Current epoch: 241, loss: 0.007936704903841019, validation loss: 0.03735341131687164
2024-03-21 19:24:44.516421:2024-03-21 19:24:44.516311: Current epoch: 242, loss: 0.007951867766678333, validation loss: 0.0364542081952095
2024-03-21 19:25:03.666499:2024-03-21 19:25:03.666401: Current epoch: 243, loss: 0.00780757749453187, validation loss: 0.03656104579567909
2024-03-21 19:25:22.530423:2024-03-21 19:25:22.530349: Current epoch: 244, loss: 0.007758344989269972, validation loss: 0.03701254352927208
2024-03-21 19:25:41.431905:2024-03-21 19:25:41.431820: Current epoch: 245, loss: 0.007908700965344906, validation loss: 0.0371178537607193
2024-03-21 19:26:00.282348:2024-03-21 19:26:00.282279: Current epoch: 246, loss: 0.007734691724181175, validation loss: 0.03666558489203453
2024-03-21 19:26:19.550135:2024-03-21 19:26:19.550025: Current epoch: 247, loss: 0.008204370737075806, validation loss: 0.03652676194906235
2024-03-21 19:26:38.952426:2024-03-21 19:26:38.952324: Current epoch: 248, loss: 0.007855718955397606, validation loss: 0.036633070558309555
2024-03-21 19:26:57.788015:2024-03-21 19:26:57.787914: Current epoch: 249, loss: 0.0076860119588673115, validation loss: 0.03670624643564224
2024-03-21 19:27:16.810444:2024-03-21 19:27:16.810337: Current epoch: 250, loss: 0.007746066898107529, validation loss: 0.03673596307635307
2024-03-21 19:27:35.720664:2024-03-21 19:27:35.720543: Current epoch: 251, loss: 0.007753799203783274, validation loss: 0.03726784139871597
2024-03-21 19:27:55.076414:2024-03-21 19:27:55.076275: Current epoch: 252, loss: 0.007612487301230431, validation loss: 0.036682721227407455
2024-03-21 19:28:14.098117:2024-03-21 19:28:14.098009: Current epoch: 253, loss: 0.007704762741923332, validation loss: 0.0364987850189209
2024-03-21 19:28:33.214287:2024-03-21 19:28:33.214171: Current epoch: 254, loss: 0.007685486227273941, validation loss: 0.036474794149398804
2024-03-21 19:28:52.031445:2024-03-21 19:28:52.031336: Current epoch: 255, loss: 0.007630077190697193, validation loss: 0.036791954189538956
2024-03-21 19:29:10.484622:2024-03-21 19:29:10.484481: Current epoch: 256, loss: 0.007580825127661228, validation loss: 0.03668168932199478
2024-03-21 19:29:29.555897:2024-03-21 19:29:29.555768: Current epoch: 257, loss: 0.007599387317895889, validation loss: 0.036658577620983124
2024-03-21 19:29:48.773637:2024-03-21 19:29:48.773510: Current epoch: 258, loss: 0.007610746659338474, validation loss: 0.03657006099820137
2024-03-21 19:30:08.205106:2024-03-21 19:30:08.204964: Current epoch: 259, loss: 0.0075636934489011765, validation loss: 0.0367010198533535
2024-03-21 19:30:26.901571:2024-03-21 19:30:26.901466: Current epoch: 260, loss: 0.007603195030242205, validation loss: 0.037184134125709534
2024-03-21 19:30:45.652647:2024-03-21 19:30:45.652479: Current epoch: 261, loss: 0.007422737777233124, validation loss: 0.03670249506831169
2024-03-21 19:31:04.487578:2024-03-21 19:31:04.487419: Current epoch: 262, loss: 0.007821002043783665, validation loss: 0.037547480314970016
2024-03-21 19:31:23.091048:2024-03-21 19:31:23.090917: Current epoch: 263, loss: 0.007536540739238262, validation loss: 0.03815711289644241
2024-03-21 19:31:41.775879:2024-03-21 19:31:41.775778: Current epoch: 264, loss: 0.0075179641135036945, validation loss: 0.03667960315942764
2024-03-21 19:32:00.510070:2024-03-21 19:32:00.509978: Current epoch: 265, loss: 0.007457329425960779, validation loss: 0.03702574595808983
2024-03-21 19:32:19.603760:2024-03-21 19:32:19.603649: Current epoch: 266, loss: 0.007476399186998606, validation loss: 0.036886587738990784
2024-03-21 19:32:36.621272:2024-03-21 19:32:36.621128: Current epoch: 267, loss: 0.00744162080809474, validation loss: 0.03661510348320007
2024-03-21 19:32:53.928291:2024-03-21 19:32:53.928186: Current epoch: 268, loss: 0.007360172923654318, validation loss: 0.03635185584425926
2024-03-21 19:33:13.239371:2024-03-21 19:33:13.239250: Current epoch: 269, loss: 0.007493122015148401, validation loss: 0.036013536155223846
2024-03-21 19:33:35.526902:2024-03-21 19:33:35.526798: Current epoch: 270, loss: 0.007240756880491972, validation loss: 0.03658910095691681
2024-03-21 19:33:53.939918:2024-03-21 19:33:53.939879: Current epoch: 271, loss: 0.00740628968924284, validation loss: 0.03629375994205475
2024-03-21 19:34:12.593533:2024-03-21 19:34:12.593406: Current epoch: 272, loss: 0.007225203327834606, validation loss: 0.03673940524458885
2024-03-21 19:34:31.392667:2024-03-21 19:34:31.392523: Current epoch: 273, loss: 0.007271451409906149, validation loss: 0.03673345968127251
2024-03-21 19:34:50.665350:2024-03-21 19:34:50.665241: Current epoch: 274, loss: 0.0073358542285859585, validation loss: 0.03684831038117409
2024-03-21 19:35:09.511772:2024-03-21 19:35:09.511673: Current epoch: 275, loss: 0.007262894418090582, validation loss: 0.037016406655311584
2024-03-21 19:35:28.370250:2024-03-21 19:35:28.370127: Current epoch: 276, loss: 0.007250702939927578, validation loss: 0.037287596613168716
2024-03-21 19:35:47.182657:2024-03-21 19:35:47.182590: Current epoch: 277, loss: 0.00719568133354187, validation loss: 0.03680342435836792
2024-03-21 19:36:06.123884:2024-03-21 19:36:06.123742: Current epoch: 278, loss: 0.007194717414677143, validation loss: 0.03778927028179169
2024-03-21 19:36:25.357077:2024-03-21 19:36:25.356975: Current epoch: 279, loss: 0.0072791497223079205, validation loss: 0.03700821101665497
2024-03-21 19:36:44.123857:2024-03-21 19:36:44.123741: Current epoch: 280, loss: 0.00719318026676774, validation loss: 0.03646460548043251
2024-03-21 19:37:03.141357:2024-03-21 19:37:03.141248: Current epoch: 281, loss: 0.0071236854419112206, validation loss: 0.036468781530857086
2024-03-21 19:37:22.379283:2024-03-21 19:37:22.379138: Current epoch: 282, loss: 0.007235630881041288, validation loss: 0.036423396319150925
2024-03-21 19:37:41.965678:2024-03-21 19:37:41.965566: Current epoch: 283, loss: 0.007137870881706476, validation loss: 0.03602851927280426
2024-03-21 19:38:01.244407:2024-03-21 19:38:01.244300: Current epoch: 284, loss: 0.007084965240210295, validation loss: 0.03706086799502373
2024-03-21 19:38:20.368567:2024-03-21 19:38:20.368397: Current epoch: 285, loss: 0.007057312875986099, validation loss: 0.03657082840800285
2024-03-21 19:38:39.335447:2024-03-21 19:38:39.335338: Current epoch: 286, loss: 0.007223526481539011, validation loss: 0.03657278046011925
2024-03-21 19:38:58.417723:2024-03-21 19:38:58.417581: Current epoch: 287, loss: 0.007155290339142084, validation loss: 0.036476027220487595
2024-03-21 19:39:17.699837:2024-03-21 19:39:17.699691: Current epoch: 288, loss: 0.0069861882366240025, validation loss: 0.03663982078433037
2024-03-21 19:39:36.816823:2024-03-21 19:39:36.816732: Current epoch: 289, loss: 0.0070459856651723385, validation loss: 0.03645172342658043
2024-03-21 19:39:55.873710:2024-03-21 19:39:55.873643: Current epoch: 290, loss: 0.007156421896070242, validation loss: 0.036544784903526306
2024-03-21 19:40:14.734930:2024-03-21 19:40:14.734872: Current epoch: 291, loss: 0.007100732997059822, validation loss: 0.03674459829926491
2024-03-21 19:40:32.953889:2024-03-21 19:40:32.953848: Current epoch: 292, loss: 0.006913978606462479, validation loss: 0.03634743019938469
2024-03-21 19:40:48.840413:2024-03-21 19:40:48.840283: Current epoch: 293, loss: 0.006964363623410463, validation loss: 0.036468759179115295
2024-03-21 19:41:07.422763:2024-03-21 19:41:07.422720: Current epoch: 294, loss: 0.0072670369409024715, validation loss: 0.036566413938999176
2024-03-21 19:41:26.465599:2024-03-21 19:41:26.465487: Current epoch: 295, loss: 0.0070350938476622105, validation loss: 0.036545492708683014
2024-03-21 19:41:45.461440:2024-03-21 19:41:45.461279: Current epoch: 296, loss: 0.006905603688210249, validation loss: 0.03698362782597542
2024-03-21 19:42:04.454161:2024-03-21 19:42:04.454032: Current epoch: 297, loss: 0.007370402570813894, validation loss: 0.03678228333592415
2024-03-21 19:42:23.396336:2024-03-21 19:42:23.396247: Current epoch: 298, loss: 0.006965732667595148, validation loss: 0.0362321101129055
2024-03-21 19:42:42.488333:2024-03-21 19:42:42.488212: Current epoch: 299, loss: 0.006851406767964363, validation loss: 0.03637757897377014
2024-03-21 19:43:00.828945:2024-03-21 19:43:00.828836: Current epoch: 300, loss: 0.006910404190421104, validation loss: 0.036337316036224365
2024-03-21 19:43:19.868477:2024-03-21 19:43:19.868389: Current epoch: 301, loss: 0.006928862072527409, validation loss: 0.03622520714998245
2024-03-21 19:43:38.801600:2024-03-21 19:43:38.801491: Current epoch: 302, loss: 0.0070068989880383015, validation loss: 0.03650426119565964
2024-03-21 19:43:57.767191:2024-03-21 19:43:57.767133: Current epoch: 303, loss: 0.007084967102855444, validation loss: 0.03640235215425491
2024-03-21 19:44:16.825818:2024-03-21 19:44:16.825749: Current epoch: 304, loss: 0.006779647897928953, validation loss: 0.03659277409315109
2024-03-21 19:44:36.038620:2024-03-21 19:44:36.038502: Current epoch: 305, loss: 0.0068528661504387856, validation loss: 0.036874402314424515
2024-03-21 19:44:54.824370:2024-03-21 19:44:54.824300: Current epoch: 306, loss: 0.00679634278640151, validation loss: 0.036551136523485184
2024-03-21 19:45:13.622478:2024-03-21 19:45:13.622387: Current epoch: 307, loss: 0.0067395176738500595, validation loss: 0.03638315945863724
2024-03-21 19:45:32.345202:2024-03-21 19:45:32.345104: Current epoch: 308, loss: 0.006843863055109978, validation loss: 0.03651664778590202
2024-03-21 19:45:51.418677:2024-03-21 19:45:51.418535: Current epoch: 309, loss: 0.006813844665884972, validation loss: 0.03678029030561447
2024-03-21 19:46:10.386279:2024-03-21 19:46:10.386138: Current epoch: 310, loss: 0.006755340378731489, validation loss: 0.03670455887913704
2024-03-21 19:46:29.593346:2024-03-21 19:46:29.593244: Current epoch: 311, loss: 0.006790174171328545, validation loss: 0.03635794669389725
2024-03-21 19:46:49.097422:2024-03-21 19:46:49.097282: Current epoch: 312, loss: 0.006896732375025749, validation loss: 0.03699522092938423
2024-03-21 19:47:08.390721:2024-03-21 19:47:08.390578: Current epoch: 313, loss: 0.006741689518094063, validation loss: 0.03613882139325142
2024-03-21 19:47:27.216123:2024-03-21 19:47:27.215980: Current epoch: 314, loss: 0.00674634100869298, validation loss: 0.036538586020469666
2024-03-21 19:47:45.692535:2024-03-21 19:47:45.692398: Current epoch: 315, loss: 0.006612053140997887, validation loss: 0.036831438541412354
2024-03-21 19:48:04.667638:2024-03-21 19:48:04.667554: Current epoch: 316, loss: 0.0066678207367658615, validation loss: 0.03649463504552841
2024-03-21 19:48:21.090992:2024-03-21 19:48:21.090923: Current epoch: 317, loss: 0.006772758439183235, validation loss: 0.03671107068657875
2024-03-21 19:48:35.510370:2024-03-21 19:48:35.510304: Current epoch: 318, loss: 0.006829556077718735, validation loss: 0.03622519597411156
2024-03-21 19:48:49.915231:2024-03-21 19:48:49.915189: Current epoch: 319, loss: 0.006634515710175037, validation loss: 0.03642683103680611
2024-03-21 19:49:04.020746:2024-03-21 19:49:04.020671: Current epoch: 320, loss: 0.006769292056560516, validation loss: 0.03658406436443329
2024-03-21 19:49:19.599914:2024-03-21 19:49:19.599849: Current epoch: 321, loss: 0.006706545129418373, validation loss: 0.03704456239938736
2024-03-21 19:49:35.438471:2024-03-21 19:49:35.438385: Current epoch: 322, loss: 0.006660220213234425, validation loss: 0.03662896156311035
2024-03-21 19:49:49.957162:2024-03-21 19:49:49.957123: Current epoch: 323, loss: 0.006651355419307947, validation loss: 0.03646831959486008
2024-03-21 19:50:04.053608:2024-03-21 19:50:04.053517: Current epoch: 324, loss: 0.006679413840174675, validation loss: 0.03714786842465401
2024-03-21 19:50:19.513108:2024-03-21 19:50:19.513069: Current epoch: 325, loss: 0.006871744990348816, validation loss: 0.03690134361386299
2024-03-21 19:50:33.793779:2024-03-21 19:50:33.793711: Current epoch: 326, loss: 0.006520081777125597, validation loss: 0.03697790950536728
2024-03-21 19:50:48.578899:2024-03-21 19:50:48.578783: Current epoch: 327, loss: 0.006528972182422876, validation loss: 0.035982172936201096
2024-03-21 19:51:03.321648:2024-03-21 19:51:03.321546: Current epoch: 328, loss: 0.006551067810505629, validation loss: 0.03663681447505951
2024-03-21 19:51:17.591270:2024-03-21 19:51:17.591199: Current epoch: 329, loss: 0.006581111345440149, validation loss: 0.03614511713385582
2024-03-21 19:51:32.504235:2024-03-21 19:51:32.504165: Current epoch: 330, loss: 0.006493391469120979, validation loss: 0.03628509119153023
2024-03-21 19:51:47.119895:2024-03-21 19:51:47.119784: Current epoch: 331, loss: 0.006514041218906641, validation loss: 0.036428969353437424
2024-03-21 19:52:02.401997:2024-03-21 19:52:02.401924: Current epoch: 332, loss: 0.006369906943291426, validation loss: 0.03635372221469879
2024-03-21 19:52:17.305149:2024-03-21 19:52:17.305076: Current epoch: 333, loss: 0.00648200698196888, validation loss: 0.03666438162326813
2024-03-21 19:52:31.856392:2024-03-21 19:52:31.856320: Current epoch: 334, loss: 0.006708857603371143, validation loss: 0.03619761019945145
2024-03-21 19:52:46.271082:2024-03-21 19:52:46.271007: Current epoch: 335, loss: 0.006430353503674269, validation loss: 0.03651640564203262
2024-03-21 19:53:01.623151:2024-03-21 19:53:01.623075: Current epoch: 336, loss: 0.006451630964875221, validation loss: 0.03663289174437523
2024-03-21 19:53:16.909100:2024-03-21 19:53:16.909031: Current epoch: 337, loss: 0.006485297344624996, validation loss: 0.037240222096443176
2024-03-21 19:53:32.407853:2024-03-21 19:53:32.407785: Current epoch: 338, loss: 0.00650758994743228, validation loss: 0.036169957369565964
2024-03-21 19:53:47.320646:2024-03-21 19:53:47.320572: Current epoch: 339, loss: 0.006345826201140881, validation loss: 0.03681838884949684
2024-03-21 19:54:01.609412:2024-03-21 19:54:01.609267: Current epoch: 340, loss: 0.006266807671636343, validation loss: 0.036891330033540726
2024-03-21 19:54:17.628616:2024-03-21 19:54:17.628541: Current epoch: 341, loss: 0.00644881185144186, validation loss: 0.03663906082510948
2024-03-21 19:54:32.591904:2024-03-21 19:54:32.591832: Current epoch: 342, loss: 0.006420656573027372, validation loss: 0.03676793724298477
2024-03-21 19:54:47.548737:2024-03-21 19:54:47.548677: Current epoch: 343, loss: 0.0064081065356731415, validation loss: 0.036503057926893234
2024-03-21 19:55:02.095912:2024-03-21 19:55:02.095843: Current epoch: 344, loss: 0.006461879704147577, validation loss: 0.03669526055455208
2024-03-21 19:55:16.404968:2024-03-21 19:55:16.404731: Current epoch: 345, loss: 0.006329510826617479, validation loss: 0.036769844591617584
2024-03-21 19:55:31.294298:2024-03-21 19:55:31.294234: Current epoch: 346, loss: 0.006502862088382244, validation loss: 0.036259863525629044
2024-03-21 19:55:45.735434:2024-03-21 19:55:45.735368: Current epoch: 347, loss: 0.006376688368618488, validation loss: 0.036258913576602936
2024-03-21 19:56:00.910657:2024-03-21 19:56:00.910626: Current epoch: 348, loss: 0.006332723423838615, validation loss: 0.03610563650727272
2024-03-21 19:56:15.790689:2024-03-21 19:56:15.790619: Current epoch: 349, loss: 0.006408802233636379, validation loss: 0.03606522083282471
2024-03-21 19:56:31.983340:2024-03-21 19:56:31.983235: Current epoch: 350, loss: 0.006145882420241833, validation loss: 0.036429084837436676
2024-03-21 19:56:46.402343:2024-03-21 19:56:46.402272: Current epoch: 351, loss: 0.006328510586172342, validation loss: 0.03617773950099945
2024-03-21 19:57:01.259863:2024-03-21 19:57:01.259760: Current epoch: 352, loss: 0.006174586713314056, validation loss: 0.03622601181268692
2024-03-21 19:57:15.757205:2024-03-21 19:57:15.757096: Current epoch: 353, loss: 0.006275066174566746, validation loss: 0.03667379170656204
2024-03-21 19:57:32.239766:2024-03-21 19:57:32.239695: Current epoch: 354, loss: 0.0064426143653690815, validation loss: 0.03636777773499489
2024-03-21 19:57:47.827745:2024-03-21 19:57:47.827539: Current epoch: 355, loss: 0.006262041628360748, validation loss: 0.036851026117801666
2024-03-21 19:58:03.816604:2024-03-21 19:58:03.816432: Current epoch: 356, loss: 0.006241774186491966, validation loss: 0.036770306527614594
2024-03-21 19:58:19.148416:2024-03-21 19:58:19.148294: Current epoch: 357, loss: 0.0062254625372588634, validation loss: 0.036344222724437714
2024-03-21 19:58:34.566184:2024-03-21 19:58:34.566112: Current epoch: 358, loss: 0.006229589227586985, validation loss: 0.03690207749605179
2024-03-21 19:58:51.758564:2024-03-21 19:58:51.758482: Current epoch: 359, loss: 0.006225666031241417, validation loss: 0.03695528209209442
2024-03-21 19:59:08.877548:2024-03-21 19:59:08.877482: Current epoch: 360, loss: 0.0062889051623642445, validation loss: 0.03639298677444458
2024-03-21 19:59:23.890796:2024-03-21 19:59:23.890671: Current epoch: 361, loss: 0.006113661918789148, validation loss: 0.036804281175136566
2024-03-21 19:59:37.984620:2024-03-21 19:59:37.984549: Current epoch: 362, loss: 0.006427575834095478, validation loss: 0.03746667504310608
2024-03-21 19:59:52.073705:2024-03-21 19:59:52.073612: Current epoch: 363, loss: 0.006210594903677702, validation loss: 0.036115847527980804
2024-03-21 20:00:07.209789:2024-03-21 20:00:07.209677: Current epoch: 364, loss: 0.006040981039404869, validation loss: 0.03635859489440918
2024-03-21 20:00:23.793253:2024-03-21 20:00:23.793173: Current epoch: 365, loss: 0.006108677946031094, validation loss: 0.036633413285017014
2024-03-21 20:00:39.977265:2024-03-21 20:00:39.977163: Current epoch: 366, loss: 0.006105490494519472, validation loss: 0.035931508988142014
2024-03-21 20:00:55.752061:2024-03-21 20:00:55.751913: Current epoch: 367, loss: 0.006063603330403566, validation loss: 0.036592330783605576
2024-03-21 20:01:11.352496:2024-03-21 20:01:11.352422: Current epoch: 368, loss: 0.00607748469337821, validation loss: 0.036841027438640594
2024-03-21 20:01:27.088310:2024-03-21 20:01:27.088155: Current epoch: 369, loss: 0.0060923597775399685, validation loss: 0.036226991564035416
2024-03-21 20:01:42.813215:2024-03-21 20:01:42.813146: Current epoch: 370, loss: 0.006115924101322889, validation loss: 0.03647937998175621
2024-03-21 20:01:59.434277:2024-03-21 20:01:59.434206: Current epoch: 371, loss: 0.006110216490924358, validation loss: 0.036564089357852936
2024-03-21 20:02:16.419667:2024-03-21 20:02:16.419547: Current epoch: 372, loss: 0.006404189858585596, validation loss: 0.03662073612213135
2024-03-21 20:02:32.852409:2024-03-21 20:02:32.852314: Current epoch: 373, loss: 0.006015102379024029, validation loss: 0.036257412284612656
2024-03-21 20:02:48.591468:2024-03-21 20:02:48.591349: Current epoch: 374, loss: 0.006047493778169155, validation loss: 0.036404576152563095
2024-03-21 20:03:04.474361:2024-03-21 20:03:04.474292: Current epoch: 375, loss: 0.006021447945386171, validation loss: 0.03683794289827347
2024-03-21 20:03:20.519678:2024-03-21 20:03:20.519445: Current epoch: 376, loss: 0.006074186880141497, validation loss: 0.036464937031269073
2024-03-21 20:03:36.936491:2024-03-21 20:03:36.936406: Current epoch: 377, loss: 0.006063533015549183, validation loss: 0.03681660816073418
2024-03-21 20:03:52.182978:2024-03-21 20:03:52.182873: Current epoch: 378, loss: 0.00592191843315959, validation loss: 0.036389581859111786
2024-03-21 20:04:09.388316:2024-03-21 20:04:09.388167: Current epoch: 379, loss: 0.006019039079546928, validation loss: 0.036484554409980774
2024-03-21 20:04:24.964295:2024-03-21 20:04:24.964112: Current epoch: 380, loss: 0.006232823245227337, validation loss: 0.03649183735251427
2024-03-21 20:04:41.586119:2024-03-21 20:04:41.586010: Current epoch: 381, loss: 0.005918687209486961, validation loss: 0.03671087324619293
2024-03-21 20:04:58.757973:2024-03-21 20:04:58.757856: Current epoch: 382, loss: 0.006035991013050079, validation loss: 0.03659621253609657
2024-03-21 20:05:14.907971:2024-03-21 20:05:14.907868: Current epoch: 383, loss: 0.005913835950195789, validation loss: 0.036805201321840286
2024-03-21 20:05:31.587810:2024-03-21 20:05:31.587667: Current epoch: 384, loss: 0.006110076326876879, validation loss: 0.036465518176555634
2024-03-21 20:05:47.659578:2024-03-21 20:05:47.659519: Current epoch: 385, loss: 0.006091268267482519, validation loss: 0.03637973964214325
2024-03-21 20:06:07.577721:2024-03-21 20:06:07.577656: Current epoch: 386, loss: 0.005869239568710327, validation loss: 0.037170615047216415
2024-03-21 20:06:25.518862:2024-03-21 20:06:25.518716: Current epoch: 387, loss: 0.00600577425211668, validation loss: 0.036737143993377686
2024-03-21 20:06:44.261405:2024-03-21 20:06:44.261264: Current epoch: 388, loss: 0.005916217807680368, validation loss: 0.03693225234746933
2024-03-21 20:07:03.358967:2024-03-21 20:07:03.358896: Current epoch: 389, loss: 0.0059942384250462055, validation loss: 0.03721185773611069
2024-03-21 20:07:23.836599:2024-03-21 20:07:23.836445: Current epoch: 390, loss: 0.00600021705031395, validation loss: 0.036872584372758865
2024-03-21 20:07:43.679082:2024-03-21 20:07:43.678995: Current epoch: 391, loss: 0.0058822412975132465, validation loss: 0.03788245469331741
2024-03-21 20:07:59.385358:2024-03-21 20:07:59.385290: Current epoch: 392, loss: 0.0058872392401099205, validation loss: 0.03700200840830803
2024-03-21 20:08:16.020173:2024-03-21 20:08:16.020105: Current epoch: 393, loss: 0.005814922973513603, validation loss: 0.03669622167944908
2024-03-21 20:08:32.108180:2024-03-21 20:08:32.108103: Current epoch: 394, loss: 0.005888835992664099, validation loss: 0.03713550418615341
2024-03-21 20:08:47.908225:2024-03-21 20:08:47.908067: Current epoch: 395, loss: 0.005866636522114277, validation loss: 0.03733863681554794
2024-03-21 20:09:04.598392:2024-03-21 20:09:04.598287: Current epoch: 396, loss: 0.00575895793735981, validation loss: 0.03643718734383583
2024-03-21 20:09:19.529884:2024-03-21 20:09:19.529785: Current epoch: 397, loss: 0.005816986318677664, validation loss: 0.03689735010266304
2024-03-21 20:09:35.333993:2024-03-21 20:09:35.333923: Current epoch: 398, loss: 0.005681553389877081, validation loss: 0.03662342205643654
2024-03-21 20:09:51.682668:2024-03-21 20:09:51.682599: Current epoch: 399, loss: 0.005782695021480322, validation loss: 0.03633274510502815
2024-03-21 20:10:07.402291:2024-03-21 20:10:07.402187: Current epoch: 400, loss: 0.005850977264344692, validation loss: 0.0365658774971962
2024-03-21 20:10:21.847532:2024-03-21 20:10:21.847463: Current epoch: 401, loss: 0.0058723269030451775, validation loss: 0.036877211183309555
2024-03-21 20:10:34.081720:2024-03-21 20:10:34.081654: Current epoch: 402, loss: 0.005655521526932716, validation loss: 0.03699091821908951
2024-03-21 20:10:48.608134:2024-03-21 20:10:48.608036: Current epoch: 403, loss: 0.005667360033839941, validation loss: 0.03664550930261612
2024-03-21 20:11:03.043433:2024-03-21 20:11:03.043364: Current epoch: 404, loss: 0.005806353408843279, validation loss: 0.0367651991546154
2024-03-21 20:11:19.049151:2024-03-21 20:11:19.048993: Current epoch: 405, loss: 0.0060312445275485516, validation loss: 0.03656543046236038
2024-03-21 20:11:34.895274:2024-03-21 20:11:34.895154: Current epoch: 406, loss: 0.005718110129237175, validation loss: 0.03647887706756592
2024-03-21 20:11:50.906393:2024-03-21 20:11:50.906265: Current epoch: 407, loss: 0.005766232032328844, validation loss: 0.0375683456659317
2024-03-21 20:12:06.994937:2024-03-21 20:12:06.994865: Current epoch: 408, loss: 0.005719238892197609, validation loss: 0.03676897659897804
2024-03-21 20:12:23.102743:2024-03-21 20:12:23.102675: Current epoch: 409, loss: 0.005773467943072319, validation loss: 0.036949653178453445
2024-03-21 20:12:42.240125:2024-03-21 20:12:42.240008: Current epoch: 410, loss: 0.0057139042764902115, validation loss: 0.03684372082352638
2024-03-21 20:13:03.070005:2024-03-21 20:13:03.069898: Current epoch: 411, loss: 0.005628480575978756, validation loss: 0.037102166563272476
2024-03-21 20:13:23.248877:2024-03-21 20:13:23.248746: Current epoch: 412, loss: 0.0056725614704191685, validation loss: 0.03690560534596443
2024-03-21 20:13:43.402332:2024-03-21 20:13:43.402210: Current epoch: 413, loss: 0.005727700423449278, validation loss: 0.03713195398449898
2024-03-21 20:14:04.372057:2024-03-21 20:14:04.371806: Current epoch: 414, loss: 0.00585529301315546, validation loss: 0.03630289062857628
2024-03-21 20:14:25.698638:2024-03-21 20:14:25.698534: Current epoch: 415, loss: 0.005535810254514217, validation loss: 0.03669847920536995
2024-03-21 20:14:46.685670:2024-03-21 20:14:46.685612: Current epoch: 416, loss: 0.005694886203855276, validation loss: 0.03667653724551201
2024-03-21 20:15:07.046060:2024-03-21 20:15:07.045914: Current epoch: 417, loss: 0.00572375301271677, validation loss: 0.036597661674022675
2024-03-21 20:15:27.882016:2024-03-21 20:15:27.881908: Current epoch: 418, loss: 0.005725416820496321, validation loss: 0.03719121590256691
2024-03-21 20:15:48.738110:2024-03-21 20:15:48.738008: Current epoch: 419, loss: 0.005602938588708639, validation loss: 0.036822300404310226
2024-03-21 20:16:09.006926:2024-03-21 20:16:09.006788: Current epoch: 420, loss: 0.005683112423866987, validation loss: 0.03659570962190628
2024-03-21 20:16:27.906546:2024-03-21 20:16:27.906483: Current epoch: 421, loss: 0.005649247672408819, validation loss: 0.03634294867515564
2024-03-21 20:16:46.908082:2024-03-21 20:16:46.907974: Current epoch: 422, loss: 0.00560223450884223, validation loss: 0.03710874542593956
2024-03-21 20:17:05.482414:2024-03-21 20:17:05.482341: Current epoch: 423, loss: 0.005684457719326019, validation loss: 0.03695448860526085
2024-03-21 20:17:24.661400:2024-03-21 20:17:24.661339: Current epoch: 424, loss: 0.005543931387364864, validation loss: 0.03698616474866867
2024-03-21 20:17:43.837528:2024-03-21 20:17:43.837415: Current epoch: 425, loss: 0.0056301564909517765, validation loss: 0.036784686148166656
2024-03-21 20:18:03.274194:2024-03-21 20:18:03.274048: Current epoch: 426, loss: 0.005549432244151831, validation loss: 0.037122972309589386
2024-03-21 20:18:22.063427:2024-03-21 20:18:22.063324: Current epoch: 427, loss: 0.005704362411051989, validation loss: 0.03682663291692734
2024-03-21 20:18:41.407122:2024-03-21 20:18:41.407054: Current epoch: 428, loss: 0.005557792726904154, validation loss: 0.03681391105055809
2024-03-21 20:19:00.885611:2024-03-21 20:19:00.885448: Current epoch: 429, loss: 0.00557009456679225, validation loss: 0.03643301874399185
2024-03-21 20:19:19.720001:2024-03-21 20:19:19.719876: Current epoch: 430, loss: 0.005655036307871342, validation loss: 0.03665803372859955
2024-03-21 20:19:34.997276:2024-03-21 20:19:34.997159: Current epoch: 431, loss: 0.0055708615109324455, validation loss: 0.03659297525882721
2024-03-21 20:19:53.885643:2024-03-21 20:19:53.885585: Current epoch: 432, loss: 0.005540370941162109, validation loss: 0.03638531640172005
2024-03-21 20:20:12.795058:2024-03-21 20:20:12.794938: Current epoch: 433, loss: 0.005551979411393404, validation loss: 0.037449803203344345
2024-03-21 20:20:32.087963:2024-03-21 20:20:32.087817: Current epoch: 434, loss: 0.005527449771761894, validation loss: 0.03710551932454109
2024-03-21 20:20:51.012578:2024-03-21 20:20:51.012469: Current epoch: 435, loss: 0.0055007548071444035, validation loss: 0.03677159920334816
2024-03-21 20:21:09.825129:2024-03-21 20:21:09.824987: Current epoch: 436, loss: 0.005493648815900087, validation loss: 0.03719550743699074
2024-03-21 20:21:28.836844:2024-03-21 20:21:28.836703: Current epoch: 437, loss: 0.005532069131731987, validation loss: 0.03661036491394043
2024-03-21 20:21:47.915240:2024-03-21 20:21:47.915093: Current epoch: 438, loss: 0.005530675873160362, validation loss: 0.0365326888859272
2024-03-21 20:22:06.959586:2024-03-21 20:22:06.959495: Current epoch: 439, loss: 0.005394443403929472, validation loss: 0.0365920215845108
2024-03-21 20:22:26.194919:2024-03-21 20:22:26.194809: Current epoch: 440, loss: 0.005521802697330713, validation loss: 0.03659902513027191
2024-03-21 20:22:45.381766:2024-03-21 20:22:45.381650: Current epoch: 441, loss: 0.005380741320550442, validation loss: 0.036610137671232224
2024-03-21 20:23:04.280549:2024-03-21 20:23:04.280433: Current epoch: 442, loss: 0.005415662657469511, validation loss: 0.03649977222084999
2024-03-21 20:23:22.931540:2024-03-21 20:23:22.931433: Current epoch: 443, loss: 0.0054880352690815926, validation loss: 0.03635597974061966
2024-03-21 20:23:41.791332:2024-03-21 20:23:41.791193: Current epoch: 444, loss: 0.005432038102298975, validation loss: 0.03640299290418625
2024-03-21 20:24:00.900113:2024-03-21 20:24:00.900042: Current epoch: 445, loss: 0.005490846931934357, validation loss: 0.036319367587566376
2024-03-21 20:24:19.870752:2024-03-21 20:24:19.870641: Current epoch: 446, loss: 0.00536009669303894, validation loss: 0.03683583810925484
2024-03-21 20:24:38.644217:2024-03-21 20:24:38.644105: Current epoch: 447, loss: 0.005356290377676487, validation loss: 0.036435920745134354
2024-03-21 20:24:57.918542:2024-03-21 20:24:57.918428: Current epoch: 448, loss: 0.005408739671111107, validation loss: 0.036750540137290955
2024-03-21 20:25:17.000697:2024-03-21 20:25:17.000598: Current epoch: 449, loss: 0.005392496474087238, validation loss: 0.03679581359028816
2024-03-21 20:25:35.624780:2024-03-21 20:25:35.624639: Current epoch: 450, loss: 0.005389819387346506, validation loss: 0.03665533661842346
2024-03-21 20:25:54.387066:2024-03-21 20:25:54.387007: Current epoch: 451, loss: 0.005363436881452799, validation loss: 0.03739139810204506
2024-03-21 20:26:13.396614:2024-03-21 20:26:13.396440: Current epoch: 452, loss: 0.005366021767258644, validation loss: 0.0367526151239872
2024-03-21 20:26:32.908101:2024-03-21 20:26:32.907906: Current epoch: 453, loss: 0.005380069836974144, validation loss: 0.036375727504491806
2024-03-21 20:26:52.033621:2024-03-21 20:26:52.033505: Current epoch: 454, loss: 0.00537367956712842, validation loss: 0.03699358180165291
2024-03-21 20:27:10.789602:2024-03-21 20:27:10.789493: Current epoch: 455, loss: 0.005417827051132917, validation loss: 0.03670608624815941
2024-03-21 20:27:29.825970:2024-03-21 20:27:29.825862: Current epoch: 456, loss: 0.005339246243238449, validation loss: 0.03699107840657234
2024-03-21 20:27:45.600283:2024-03-21 20:27:45.600175: Current epoch: 457, loss: 0.005289617460221052, validation loss: 0.03659877926111221
2024-03-21 20:28:04.202424:2024-03-21 20:28:04.202286: Current epoch: 458, loss: 0.005367843899875879, validation loss: 0.03669250011444092
2024-03-21 20:28:22.996646:2024-03-21 20:28:22.996512: Current epoch: 459, loss: 0.005364113952964544, validation loss: 0.03663722798228264
2024-03-21 20:28:42.230628:2024-03-21 20:28:42.230509: Current epoch: 460, loss: 0.005416989792138338, validation loss: 0.036338213831186295
2024-03-21 20:29:01.703999:2024-03-21 20:29:01.703893: Current epoch: 461, loss: 0.005267802160233259, validation loss: 0.0369938500225544
2024-03-21 20:29:20.399946:2024-03-21 20:29:20.399833: Current epoch: 462, loss: 0.005418760236352682, validation loss: 0.036751389503479004
2024-03-21 20:29:39.712214:2024-03-21 20:29:39.712111: Current epoch: 463, loss: 0.0052752140909433365, validation loss: 0.0367000438272953
2024-03-21 20:29:58.493505:2024-03-21 20:29:58.493393: Current epoch: 464, loss: 0.005367194768041372, validation loss: 0.03644721955060959
2024-03-21 20:30:17.295924:2024-03-21 20:30:17.295817: Current epoch: 465, loss: 0.005342134740203619, validation loss: 0.036855440586805344
2024-03-21 20:30:36.089175:2024-03-21 20:30:36.089108: Current epoch: 466, loss: 0.005373131483793259, validation loss: 0.036979611963033676
2024-03-21 20:30:37.817570:the test error is  [0.03641258552670479, 0.03641258552670479]
2024-03-21 20:30:41.090935:saved model to sample/alignn_matbert-base-cased_chemnlp_prop_ehull
2024-03-21 20:30:42.365771:done