
2024-03-21 16:03:41.199216:job config: {'train_data_path': '/data/yll6162/alignntl_dft_3d/tl_dataset/dataset_alignn_matbert-base-cased_robo_prop_ehull_train.csv', 'val_data_path': '/data/yll6162/alignntl_dft_3d/tl_dataset/dataset_alignn_matbert-base-cased_robo_prop_ehull_val.csv', 'test_data_path': '/data/yll6162/alignntl_dft_3d/tl_dataset/dataset_alignn_matbert-base-cased_robo_prop_ehull_test.csv', 'label': 'ehull', 'input_type': None, 'log_folder': 'log', 'log_file': 'alignn_matbert-base-cased_robo_prop_ehull.log', 'test_metric': 'mae', 'architecture': '1024Rx4D-512Rx3D-256Rx3D-128Rx3D-64Rx2-32Rx1-1', 'model_seed': 0, 'loss_type': 'mae', 'config_file': 'sample/alignn_matbert-base-cased_robo_prop_ehull_job.config', 'use_valid': True, 'project': 'MOF', 'regressors': None, 'input_types': None, 'paramsGrid': {'optimizer': 'Adam', 'learning_rate': 0.0001, 'patience': 100, 'dropouts': [0.8, 0.9, 0.7, 0.8], 'EVAL_FREQUENCY': 1000}, 'save_path': 'sample/alignn_matbert-base-cased_robo_prop_ehull', 'model_path': None, 'last_layer_with_weight': True, 'keras_path': 'model/alignn_matbert-base-cased_robo_prop_ehull', 'test_size': None, 'val_size': None}
2024-03-21 16:03:41.199339:train data path is  /data/yll6162/alignntl_dft_3d/tl_dataset/dataset_alignn_matbert-base-cased_robo_prop_ehull_train.csv
2024-03-21 16:04:01.320636:input attribute sets are:  None
2024-03-21 16:04:01.321012:test data path is  /data/yll6162/alignntl_dft_3d/tl_dataset/dataset_alignn_matbert-base-cased_robo_prop_ehull_test.csv
2024-03-21 16:04:03.816824:val data path is  /data/yll6162/alignntl_dft_3d/tl_dataset/dataset_alignn_matbert-base-cased_robo_prop_ehull_val.csv
2024-03-21 16:04:06.456788:input attributes are:  Index(['0', '1', '2', '3', '4', '5', '6', '7', '8', '9',
       ...
       '758.1', '759.1', '760.1', '761.1', '762.1', '763.1', '764.1', '765.1',
       '766.1', '767.1'],
      dtype='object', length=1536)
2024-03-21 16:04:06.457012:label: ehull
2024-03-21 16:04:23.693102: train, test, valid sizes:  (59939, 1536) (59939,) (7493, 1536) (7493,) (7494, 1536) (7494,)
2024-03-21 16:04:23.937368:train matrix shape of train_X:  (59939, 1536)  train_y:  (59939,)
2024-03-21 16:04:23.937544:valid matrix shape of train_X:  (7494, 1536)  valid_y:  (7494,)
2024-03-21 16:04:23.937587:test matrix shape of valid_X:   (7493, 1536)  test_y:  (7493,)
2024-03-21 16:04:23.937622:architecture is:  1024Rx4D-512Rx3D-256Rx3D-128Rx3D-64Rx2-32Rx1-1
2024-03-21 16:04:23.937660:learning rate is  0.0001
2024-03-21 16:04:23.937693:model path is  None
2024-03-21 16:04:23.952897:adding fully connected layers with 1024 outputs
2024-03-21 16:04:24.689127:adding residual with fc as the size are different
2024-03-21 16:04:24.696550:adding fully connected layers with 1024 outputs
2024-03-21 16:04:24.705398:adding residual, both sizes are same
2024-03-21 16:04:24.707269:adding fully connected layers with 1024 outputs
2024-03-21 16:04:24.711995:adding residual, both sizes are same
2024-03-21 16:04:24.713768:adding fully connected layers with 1024 outputs
2024-03-21 16:04:24.718309:adding residual, both sizes are same
2024-03-21 16:04:24.720215:adding dropout 0.8
2024-03-21 16:04:24.724565:adding fully connected layers with 512 outputs
2024-03-21 16:04:24.732464:adding residual with fc as the size are different
2024-03-21 16:04:24.739156:adding fully connected layers with 512 outputs
2024-03-21 16:04:24.748254:adding residual, both sizes are same
2024-03-21 16:04:24.750258:adding fully connected layers with 512 outputs
2024-03-21 16:04:24.755599:adding residual, both sizes are same
2024-03-21 16:04:24.757628:adding dropout 0.9
2024-03-21 16:04:24.759333:adding fully connected layers with 256 outputs
2024-03-21 16:04:24.764150:adding residual with fc as the size are different
2024-03-21 16:04:24.770400:adding fully connected layers with 256 outputs
2024-03-21 16:04:24.775335:adding residual, both sizes are same
2024-03-21 16:04:24.777190:adding fully connected layers with 256 outputs
2024-03-21 16:04:24.781997:adding residual, both sizes are same
2024-03-21 16:04:24.783842:adding dropout 0.7
2024-03-21 16:04:24.785426:adding fully connected layers with 128 outputs
2024-03-21 16:04:24.792001:adding residual with fc as the size are different
2024-03-21 16:04:24.798157:adding fully connected layers with 128 outputs
2024-03-21 16:04:24.806387:adding residual, both sizes are same
2024-03-21 16:04:24.808206:adding fully connected layers with 128 outputs
2024-03-21 16:04:24.812828:adding residual, both sizes are same
2024-03-21 16:04:24.814904:adding dropout 0.8
2024-03-21 16:04:24.816481:adding fully connected layers with 64 outputs
2024-03-21 16:04:24.824637:adding residual with fc as the size are different
2024-03-21 16:04:24.830567:adding fully connected layers with 64 outputs
2024-03-21 16:04:24.838367:adding residual, both sizes are same
2024-03-21 16:04:24.840187:adding fully connected layers with 32 outputs
2024-03-21 16:04:24.847532:adding residual with fc as the size are different
2024-03-21 16:04:24.853740:adding final layer with 1 output
2024-03-21 16:04:24.866776:Model: "ElemNet"
2024-03-21 16:04:24.866843:__________________________________________________________________________________________________
2024-03-21 16:04:24.866907:Layer (type)                    Output Shape         Param #     Connected to                     
2024-03-21 16:04:24.866943:==================================================================================================
2024-03-21 16:04:24.867141:elemental_fractions (InputLayer [(None, 1536)]       0                                            
2024-03-21 16:04:24.867187:__________________________________________________________________________________________________
2024-03-21 16:04:24.867343:fc0_0 (Dense)                   (None, 1024)         1573888     elemental_fractions[0][0]        
2024-03-21 16:04:24.867388:__________________________________________________________________________________________________
2024-03-21 16:04:24.867506:fc0_dim_0 (Dense)               (None, 1024)         1573888     elemental_fractions[0][0]        
2024-03-21 16:04:24.867723:__________________________________________________________________________________________________
2024-03-21 16:04:24.868152:tf.__operators__.add (TFOpLambd (None, 1024)         0           fc0_0[0][0]                      
2024-03-21 16:04:24.868328:                                                                 fc0_dim_0[0][0]                  
2024-03-21 16:04:24.868484:__________________________________________________________________________________________________
2024-03-21 16:04:24.868896:fc0_1 (Dense)                   (None, 1024)         1049600     tf.__operators__.add[0][0]       
2024-03-21 16:04:24.869040:__________________________________________________________________________________________________
2024-03-21 16:04:24.869299:tf.__operators__.add_1 (TFOpLam (None, 1024)         0           fc0_1[0][0]                      
2024-03-21 16:04:24.869442:                                                                 tf.__operators__.add[0][0]       
2024-03-21 16:04:24.869571:__________________________________________________________________________________________________
2024-03-21 16:04:24.869915:fc0_2 (Dense)                   (None, 1024)         1049600     tf.__operators__.add_1[0][0]     
2024-03-21 16:04:24.870050:__________________________________________________________________________________________________
2024-03-21 16:04:24.870298:tf.__operators__.add_2 (TFOpLam (None, 1024)         0           fc0_2[0][0]                      
2024-03-21 16:04:24.870438:                                                                 tf.__operators__.add_1[0][0]     
2024-03-21 16:04:24.870575:__________________________________________________________________________________________________
2024-03-21 16:04:24.870911:fc0_3 (Dense)                   (None, 1024)         1049600     tf.__operators__.add_2[0][0]     
2024-03-21 16:04:24.871046:__________________________________________________________________________________________________
2024-03-21 16:04:24.871291:tf.__operators__.add_3 (TFOpLam (None, 1024)         0           fc0_3[0][0]                      
2024-03-21 16:04:24.871444:                                                                 tf.__operators__.add_2[0][0]     
2024-03-21 16:04:24.871580:__________________________________________________________________________________________________
2024-03-21 16:04:24.871828:dropout (Dropout)               (None, 1024)         0           tf.__operators__.add_3[0][0]     
2024-03-21 16:04:24.871953:__________________________________________________________________________________________________
2024-03-21 16:04:24.872292:fc1_0 (Dense)                   (None, 512)          524800      dropout[0][0]                    
2024-03-21 16:04:24.872426:__________________________________________________________________________________________________
2024-03-21 16:04:24.872770:fc1_dim_0 (Dense)               (None, 512)          524800      dropout[0][0]                    
2024-03-21 16:04:24.872903:__________________________________________________________________________________________________
2024-03-21 16:04:24.873149:tf.__operators__.add_4 (TFOpLam (None, 512)          0           fc1_0[0][0]                      
2024-03-21 16:04:24.873286:                                                                 fc1_dim_0[0][0]                  
2024-03-21 16:04:24.873401:__________________________________________________________________________________________________
2024-03-21 16:04:24.873744:fc1_1 (Dense)                   (None, 512)          262656      tf.__operators__.add_4[0][0]     
2024-03-21 16:04:24.873878:__________________________________________________________________________________________________
2024-03-21 16:04:24.874121:tf.__operators__.add_5 (TFOpLam (None, 512)          0           fc1_1[0][0]                      
2024-03-21 16:04:24.874259:                                                                 tf.__operators__.add_4[0][0]     
2024-03-21 16:04:24.874375:__________________________________________________________________________________________________
2024-03-21 16:04:24.874710:fc1_2 (Dense)                   (None, 512)          262656      tf.__operators__.add_5[0][0]     
2024-03-21 16:04:24.874846:__________________________________________________________________________________________________
2024-03-21 16:04:24.875088:tf.__operators__.add_6 (TFOpLam (None, 512)          0           fc1_2[0][0]                      
2024-03-21 16:04:24.875227:                                                                 tf.__operators__.add_5[0][0]     
2024-03-21 16:04:24.875343:__________________________________________________________________________________________________
2024-03-21 16:04:24.875688:dropout_1 (Dropout)             (None, 512)          0           tf.__operators__.add_6[0][0]     
2024-03-21 16:04:24.875843:__________________________________________________________________________________________________
2024-03-21 16:04:24.876197:fc2_0 (Dense)                   (None, 256)          131328      dropout_1[0][0]                  
2024-03-21 16:04:24.876334:__________________________________________________________________________________________________
2024-03-21 16:04:24.876698:fc2_dim_0 (Dense)               (None, 256)          131328      dropout_1[0][0]                  
2024-03-21 16:04:24.876840:__________________________________________________________________________________________________
2024-03-21 16:04:24.877087:tf.__operators__.add_7 (TFOpLam (None, 256)          0           fc2_0[0][0]                      
2024-03-21 16:04:24.877225:                                                                 fc2_dim_0[0][0]                  
2024-03-21 16:04:24.877341:__________________________________________________________________________________________________
2024-03-21 16:04:24.877691:fc2_1 (Dense)                   (None, 256)          65792       tf.__operators__.add_7[0][0]     
2024-03-21 16:04:24.877827:__________________________________________________________________________________________________
2024-03-21 16:04:24.878070:tf.__operators__.add_8 (TFOpLam (None, 256)          0           fc2_1[0][0]                      
2024-03-21 16:04:24.878221:                                                                 tf.__operators__.add_7[0][0]     
2024-03-21 16:04:24.878339:__________________________________________________________________________________________________
2024-03-21 16:04:24.878693:fc2_2 (Dense)                   (None, 256)          65792       tf.__operators__.add_8[0][0]     
2024-03-21 16:04:24.878830:__________________________________________________________________________________________________
2024-03-21 16:04:24.879072:tf.__operators__.add_9 (TFOpLam (None, 256)          0           fc2_2[0][0]                      
2024-03-21 16:04:24.879152:                                                                 tf.__operators__.add_8[0][0]     
2024-03-21 16:04:24.879198:__________________________________________________________________________________________________
2024-03-21 16:04:24.879293:dropout_2 (Dropout)             (None, 256)          0           tf.__operators__.add_9[0][0]     
2024-03-21 16:04:24.879343:__________________________________________________________________________________________________
2024-03-21 16:04:24.879486:fc3_0 (Dense)                   (None, 128)          32896       dropout_2[0][0]                  
2024-03-21 16:04:24.879543:__________________________________________________________________________________________________
2024-03-21 16:04:24.879677:fc3_dim_0 (Dense)               (None, 128)          32896       dropout_2[0][0]                  
2024-03-21 16:04:24.879732:__________________________________________________________________________________________________
2024-03-21 16:04:24.879831:tf.__operators__.add_10 (TFOpLa (None, 128)          0           fc3_0[0][0]                      
2024-03-21 16:04:24.879887:                                                                 fc3_dim_0[0][0]                  
2024-03-21 16:04:24.879934:__________________________________________________________________________________________________
2024-03-21 16:04:24.880065:fc3_1 (Dense)                   (None, 128)          16512       tf.__operators__.add_10[0][0]    
2024-03-21 16:04:24.880119:__________________________________________________________________________________________________
2024-03-21 16:04:24.880216:tf.__operators__.add_11 (TFOpLa (None, 128)          0           fc3_1[0][0]                      
2024-03-21 16:04:24.880271:                                                                 tf.__operators__.add_10[0][0]    
2024-03-21 16:04:24.880318:__________________________________________________________________________________________________
2024-03-21 16:04:24.880449:fc3_2 (Dense)                   (None, 128)          16512       tf.__operators__.add_11[0][0]    
2024-03-21 16:04:24.880544:__________________________________________________________________________________________________
2024-03-21 16:04:24.880655:tf.__operators__.add_12 (TFOpLa (None, 128)          0           fc3_2[0][0]                      
2024-03-21 16:04:24.880713:                                                                 tf.__operators__.add_11[0][0]    
2024-03-21 16:04:24.880760:__________________________________________________________________________________________________
2024-03-21 16:04:24.880855:dropout_3 (Dropout)             (None, 128)          0           tf.__operators__.add_12[0][0]    
2024-03-21 16:04:24.880905:__________________________________________________________________________________________________
2024-03-21 16:04:24.881043:fc4_0 (Dense)                   (None, 64)           8256        dropout_3[0][0]                  
2024-03-21 16:04:24.881098:__________________________________________________________________________________________________
2024-03-21 16:04:24.881230:fc4_dim_0 (Dense)               (None, 64)           8256        dropout_3[0][0]                  
2024-03-21 16:04:24.881285:__________________________________________________________________________________________________
2024-03-21 16:04:24.881390:tf.__operators__.add_13 (TFOpLa (None, 64)           0           fc4_0[0][0]                      
2024-03-21 16:04:24.881447:                                                                 fc4_dim_0[0][0]                  
2024-03-21 16:04:24.881506:__________________________________________________________________________________________________
2024-03-21 16:04:24.881640:fc4_1 (Dense)                   (None, 64)           4160        tf.__operators__.add_13[0][0]    
2024-03-21 16:04:24.881695:__________________________________________________________________________________________________
2024-03-21 16:04:24.881791:tf.__operators__.add_14 (TFOpLa (None, 64)           0           fc4_1[0][0]                      
2024-03-21 16:04:24.881847:                                                                 tf.__operators__.add_13[0][0]    
2024-03-21 16:04:24.881894:__________________________________________________________________________________________________
2024-03-21 16:04:24.882024:fc5_0 (Dense)                   (None, 32)           2080        tf.__operators__.add_14[0][0]    
2024-03-21 16:04:24.882078:__________________________________________________________________________________________________
2024-03-21 16:04:24.882209:fc5_dim_0 (Dense)               (None, 32)           2080        tf.__operators__.add_14[0][0]    
2024-03-21 16:04:24.882273:__________________________________________________________________________________________________
2024-03-21 16:04:24.882370:tf.__operators__.add_15 (TFOpLa (None, 32)           0           fc5_0[0][0]                      
2024-03-21 16:04:24.882426:                                                                 fc5_dim_0[0][0]                  
2024-03-21 16:04:24.882481:__________________________________________________________________________________________________
2024-03-21 16:04:24.882615:fc6 (Dense)                     (None, 1)            33          tf.__operators__.add_15[0][0]    
2024-03-21 16:04:24.882669:==================================================================================================
2024-03-21 16:04:24.883446:Total params: 8,389,409
2024-03-21 16:04:24.883547:Trainable params: 8,389,409
2024-03-21 16:04:24.883601:Non-trainable params: 0
2024-03-21 16:04:24.883647:__________________________________________________________________________________________________
2024-03-21 16:04:24.895300:start training
2024-03-21 16:04:46.630649:2024-03-21 16:04:46.630532: Current epoch: 0, loss: 1.6536951065063477, validation loss: 0.5986236929893494
2024-03-21 16:05:05.735120:2024-03-21 16:05:05.734619: Current epoch: 1, loss: 0.3330969214439392, validation loss: 0.3249437212944031
2024-03-21 16:05:24.655928:2024-03-21 16:05:24.655792: Current epoch: 2, loss: 0.21709972620010376, validation loss: 0.1880832016468048
2024-03-21 16:05:43.299780:2024-03-21 16:05:43.299638: Current epoch: 3, loss: 0.17690739035606384, validation loss: 0.19156281650066376
2024-03-21 16:06:01.961437:2024-03-21 16:06:01.961319: Current epoch: 4, loss: 0.14715808629989624, validation loss: 0.21552057564258575
2024-03-21 16:06:20.796177:2024-03-21 16:06:20.796049: Current epoch: 5, loss: 0.12629157304763794, validation loss: 0.12176786363124847
2024-03-21 16:06:39.648232:2024-03-21 16:06:39.648119: Current epoch: 6, loss: 0.11208642274141312, validation loss: 0.1671305000782013
2024-03-21 16:06:58.359184:2024-03-21 16:06:58.359112: Current epoch: 7, loss: 0.09602620452642441, validation loss: 0.08769965171813965
2024-03-21 16:07:15.937563:2024-03-21 16:07:15.936838: Current epoch: 8, loss: 0.08863665163516998, validation loss: 0.07446448504924774
2024-03-21 16:07:32.417765:2024-03-21 16:07:32.417188: Current epoch: 9, loss: 0.08161935210227966, validation loss: 0.06897779554128647
2024-03-21 16:07:54.567668:2024-03-21 16:07:54.567540: Current epoch: 10, loss: 0.07315466552972794, validation loss: 0.0745285227894783
2024-03-21 16:08:13.442277:2024-03-21 16:08:13.442199: Current epoch: 11, loss: 0.0704336017370224, validation loss: 0.06625284999608994
2024-03-21 16:08:32.460170:2024-03-21 16:08:32.460035: Current epoch: 12, loss: 0.06600411236286163, validation loss: 0.08887207508087158
2024-03-21 16:08:51.207265:2024-03-21 16:08:51.207150: Current epoch: 13, loss: 0.06052900850772858, validation loss: 0.07264772057533264
2024-03-21 16:09:09.909107:2024-03-21 16:09:09.909041: Current epoch: 14, loss: 0.05971548706293106, validation loss: 0.06460855156183243
2024-03-21 16:09:29.142526:2024-03-21 16:09:29.142443: Current epoch: 15, loss: 0.055766571313142776, validation loss: 0.05991857126355171
2024-03-21 16:09:47.878792:2024-03-21 16:09:47.878642: Current epoch: 16, loss: 0.0543198361992836, validation loss: 0.06026130169630051
2024-03-21 16:10:06.696213:2024-03-21 16:10:06.696064: Current epoch: 17, loss: 0.05181332677602768, validation loss: 0.07272583991289139
2024-03-21 16:10:25.485258:2024-03-21 16:10:25.485187: Current epoch: 18, loss: 0.05004284903407097, validation loss: 0.058713398873806
2024-03-21 16:10:44.712111:2024-03-21 16:10:44.711969: Current epoch: 19, loss: 0.048640958964824677, validation loss: 0.08580511808395386
2024-03-21 16:11:03.507948:2024-03-21 16:11:03.507882: Current epoch: 20, loss: 0.04627472907304764, validation loss: 0.05086496099829674
2024-03-21 16:11:22.477590:2024-03-21 16:11:22.477477: Current epoch: 21, loss: 0.04426935687661171, validation loss: 0.05227828398346901
2024-03-21 16:11:41.016202:2024-03-21 16:11:41.016141: Current epoch: 22, loss: 0.043214742094278336, validation loss: 0.051722992211580276
2024-03-21 16:11:59.911674:2024-03-21 16:11:59.911550: Current epoch: 23, loss: 0.04214998707175255, validation loss: 0.09346137195825577
2024-03-21 16:12:18.642941:2024-03-21 16:12:18.642874: Current epoch: 24, loss: 0.041310202330350876, validation loss: 0.04694238305091858
2024-03-21 16:12:37.720012:2024-03-21 16:12:37.719905: Current epoch: 25, loss: 0.03921199589967728, validation loss: 0.06089678406715393
2024-03-21 16:12:56.522951:2024-03-21 16:12:56.522846: Current epoch: 26, loss: 0.03928619623184204, validation loss: 0.04728667810559273
2024-03-21 16:13:15.296498:2024-03-21 16:13:15.296413: Current epoch: 27, loss: 0.037872642278671265, validation loss: 0.04653359577059746
2024-03-21 16:13:34.215048:2024-03-21 16:13:34.214965: Current epoch: 28, loss: 0.0364571176469326, validation loss: 0.04686061665415764
2024-03-21 16:13:52.892937:2024-03-21 16:13:52.892824: Current epoch: 29, loss: 0.03529636189341545, validation loss: 0.04746697470545769
2024-03-21 16:14:15.392804:2024-03-21 16:14:15.392685: Current epoch: 30, loss: 0.03464925289154053, validation loss: 0.05678645521402359
2024-03-21 16:14:34.235314:2024-03-21 16:14:34.235239: Current epoch: 31, loss: 0.03476174920797348, validation loss: 0.04440270736813545
2024-03-21 16:14:52.601908:2024-03-21 16:14:52.601835: Current epoch: 32, loss: 0.033129993826150894, validation loss: 0.04427346959710121
2024-03-21 16:15:11.512695:2024-03-21 16:15:11.512628: Current epoch: 33, loss: 0.0326753668487072, validation loss: 0.04656071960926056
2024-03-21 16:15:28.918773:2024-03-21 16:15:28.918710: Current epoch: 34, loss: 0.03184334188699722, validation loss: 0.053487326949834824
2024-03-21 16:15:45.139512:2024-03-21 16:15:45.139478: Current epoch: 35, loss: 0.031315095722675323, validation loss: 0.04560263082385063
2024-03-21 16:16:03.737396:2024-03-21 16:16:03.737278: Current epoch: 36, loss: 0.03052532486617565, validation loss: 0.04634709656238556
2024-03-21 16:16:22.600331:2024-03-21 16:16:22.600212: Current epoch: 37, loss: 0.029945146292448044, validation loss: 0.044813841581344604
2024-03-21 16:16:41.180337:2024-03-21 16:16:41.180269: Current epoch: 38, loss: 0.029276955872774124, validation loss: 0.043294984847307205
2024-03-21 16:16:59.804493:2024-03-21 16:16:59.804328: Current epoch: 39, loss: 0.029144419357180595, validation loss: 0.04563441500067711
2024-03-21 16:17:22.095072:2024-03-21 16:17:22.095006: Current epoch: 40, loss: 0.028309596702456474, validation loss: 0.0430072620511055
2024-03-21 16:17:40.756465:2024-03-21 16:17:40.756410: Current epoch: 41, loss: 0.02780206874012947, validation loss: 0.04230842739343643
2024-03-21 16:17:59.561766:2024-03-21 16:17:59.561622: Current epoch: 42, loss: 0.02734883315861225, validation loss: 0.045275989919900894
2024-03-21 16:18:18.151405:2024-03-21 16:18:18.151280: Current epoch: 43, loss: 0.026945022866129875, validation loss: 0.041388969868421555
2024-03-21 16:18:36.491201:2024-03-21 16:18:36.491116: Current epoch: 44, loss: 0.026646962389349937, validation loss: 0.04336097836494446
2024-03-21 16:18:55.295339:2024-03-21 16:18:55.295189: Current epoch: 45, loss: 0.02588825859129429, validation loss: 0.044563110917806625
2024-03-21 16:19:14.039683:2024-03-21 16:19:14.039566: Current epoch: 46, loss: 0.025425434112548828, validation loss: 0.0406118668615818
2024-03-21 16:19:32.806375:2024-03-21 16:19:32.806306: Current epoch: 47, loss: 0.02534073032438755, validation loss: 0.046092767268419266
2024-03-21 16:19:51.690737:2024-03-21 16:19:51.690587: Current epoch: 48, loss: 0.02453339472413063, validation loss: 0.04082910344004631
2024-03-21 16:20:10.527191:2024-03-21 16:20:10.527111: Current epoch: 49, loss: 0.024587921798229218, validation loss: 0.04121556505560875
2024-03-21 16:20:32.821696:2024-03-21 16:20:32.821544: Current epoch: 50, loss: 0.02401660569012165, validation loss: 0.04178573936223984
2024-03-21 16:20:51.117820:2024-03-21 16:20:51.117731: Current epoch: 51, loss: 0.0234218779951334, validation loss: 0.04166870564222336
2024-03-21 16:21:10.043149:2024-03-21 16:21:10.043013: Current epoch: 52, loss: 0.022927483543753624, validation loss: 0.04090951755642891
2024-03-21 16:21:28.900999:2024-03-21 16:21:28.900483: Current epoch: 53, loss: 0.023252025246620178, validation loss: 0.03940368816256523
2024-03-21 16:21:47.680009:2024-03-21 16:21:47.679841: Current epoch: 54, loss: 0.022603457793593407, validation loss: 0.04026760160923004
2024-03-21 16:22:07.055612:2024-03-21 16:22:07.055472: Current epoch: 55, loss: 0.022175515070557594, validation loss: 0.040365081280469894
2024-03-21 16:22:25.727673:2024-03-21 16:22:25.727559: Current epoch: 56, loss: 0.02175438404083252, validation loss: 0.04083212465047836
2024-03-21 16:22:44.622504:2024-03-21 16:22:44.622382: Current epoch: 57, loss: 0.021684614941477776, validation loss: 0.03986014425754547
2024-03-21 16:23:03.074012:2024-03-21 16:23:03.073865: Current epoch: 58, loss: 0.021635975688695908, validation loss: 0.040227632969617844
2024-03-21 16:23:21.688725:2024-03-21 16:23:21.688590: Current epoch: 59, loss: 0.021456768736243248, validation loss: 0.039621636271476746
2024-03-21 16:23:40.999989:2024-03-21 16:23:40.999859: Current epoch: 60, loss: 0.020804930478334427, validation loss: 0.04087761044502258
2024-03-21 16:23:58.643498:2024-03-21 16:23:58.643337: Current epoch: 61, loss: 0.0205887071788311, validation loss: 0.039429672062397
2024-03-21 16:24:16.972329:2024-03-21 16:24:16.972261: Current epoch: 62, loss: 0.020558426156640053, validation loss: 0.04000505805015564
2024-03-21 16:24:35.603160:2024-03-21 16:24:35.603039: Current epoch: 63, loss: 0.020104482769966125, validation loss: 0.03970447555184364
2024-03-21 16:24:54.392484:2024-03-21 16:24:54.392410: Current epoch: 64, loss: 0.020194368436932564, validation loss: 0.03939533606171608
2024-03-21 16:25:12.868734:2024-03-21 16:25:12.868629: Current epoch: 65, loss: 0.019411252811551094, validation loss: 0.03968558833003044
2024-03-21 16:25:31.509960:2024-03-21 16:25:31.509450: Current epoch: 66, loss: 0.01945231854915619, validation loss: 0.038963332772254944
2024-03-21 16:25:49.908812:2024-03-21 16:25:49.908705: Current epoch: 67, loss: 0.019168958067893982, validation loss: 0.039626579731702805
2024-03-21 16:26:08.709601:2024-03-21 16:26:08.709525: Current epoch: 68, loss: 0.019117817282676697, validation loss: 0.039023686200380325
2024-03-21 16:26:27.525058:2024-03-21 16:26:27.524919: Current epoch: 69, loss: 0.01866746135056019, validation loss: 0.038745276629924774
2024-03-21 16:26:49.329780:2024-03-21 16:26:49.329682: Current epoch: 70, loss: 0.018455784767866135, validation loss: 0.03922457993030548
2024-03-21 16:27:07.844411:2024-03-21 16:27:07.844336: Current epoch: 71, loss: 0.018436960875988007, validation loss: 0.0393887422978878
2024-03-21 16:27:26.205513:2024-03-21 16:27:26.205438: Current epoch: 72, loss: 0.018154487013816833, validation loss: 0.03886251151561737
2024-03-21 16:27:44.987527:2024-03-21 16:27:44.987376: Current epoch: 73, loss: 0.018126772716641426, validation loss: 0.03824949264526367
2024-03-21 16:28:03.233433:2024-03-21 16:28:03.233366: Current epoch: 74, loss: 0.017731158062815666, validation loss: 0.0399981252849102
2024-03-21 16:28:21.809131:2024-03-21 16:28:21.809000: Current epoch: 75, loss: 0.017763203009963036, validation loss: 0.03963901475071907
2024-03-21 16:28:40.514525:2024-03-21 16:28:40.514417: Current epoch: 76, loss: 0.01724327728152275, validation loss: 0.038457050919532776
2024-03-21 16:28:59.516716:2024-03-21 16:28:59.516607: Current epoch: 77, loss: 0.017105909064412117, validation loss: 0.039821747690439224
2024-03-21 16:29:18.270773:2024-03-21 16:29:18.270644: Current epoch: 78, loss: 0.017020156607031822, validation loss: 0.03765224665403366
2024-03-21 16:29:36.958304:2024-03-21 16:29:36.958236: Current epoch: 79, loss: 0.01702301576733589, validation loss: 0.0372508205473423
2024-03-21 16:29:58.770148:2024-03-21 16:29:58.770015: Current epoch: 80, loss: 0.016944520175457, validation loss: 0.03818226233124733
2024-03-21 16:30:17.263738:2024-03-21 16:30:17.263661: Current epoch: 81, loss: 0.01659638248383999, validation loss: 0.03938565403223038
2024-03-21 16:30:35.616773:2024-03-21 16:30:35.616630: Current epoch: 82, loss: 0.016395460814237595, validation loss: 0.037824779748916626
2024-03-21 16:30:54.212560:2024-03-21 16:30:54.212395: Current epoch: 83, loss: 0.01649983413517475, validation loss: 0.0390620082616806
2024-03-21 16:31:13.105824:2024-03-21 16:31:13.105676: Current epoch: 84, loss: 0.01630338653922081, validation loss: 0.03955993056297302
2024-03-21 16:31:32.097608:2024-03-21 16:31:32.097425: Current epoch: 85, loss: 0.01586795039474964, validation loss: 0.037612490355968475
2024-03-21 16:31:48.459093:2024-03-21 16:31:48.458978: Current epoch: 86, loss: 0.015835952013731003, validation loss: 0.03815450891852379
2024-03-21 16:32:05.092267:2024-03-21 16:32:05.092197: Current epoch: 87, loss: 0.01578466035425663, validation loss: 0.03850162774324417
2024-03-21 16:32:23.709835:2024-03-21 16:32:23.709705: Current epoch: 88, loss: 0.015439596958458424, validation loss: 0.03808761388063431
2024-03-21 16:32:42.660143:2024-03-21 16:32:42.660028: Current epoch: 89, loss: 0.01567143201828003, validation loss: 0.03821132332086563
2024-03-21 16:33:01.272066:2024-03-21 16:33:01.271929: Current epoch: 90, loss: 0.015195667743682861, validation loss: 0.04055548086762428
2024-03-21 16:33:19.626164:2024-03-21 16:33:19.626027: Current epoch: 91, loss: 0.015180177986621857, validation loss: 0.03854694589972496
2024-03-21 16:33:38.298736:2024-03-21 16:33:38.298631: Current epoch: 92, loss: 0.015183370560407639, validation loss: 0.03998246043920517
2024-03-21 16:33:56.593072:2024-03-21 16:33:56.592970: Current epoch: 93, loss: 0.014870633371174335, validation loss: 0.03930966928601265
2024-03-21 16:34:15.089182:2024-03-21 16:34:15.089032: Current epoch: 94, loss: 0.015183597803115845, validation loss: 0.03751015290617943
2024-03-21 16:34:33.584180:2024-03-21 16:34:33.584030: Current epoch: 95, loss: 0.014725780114531517, validation loss: 0.03732405602931976
2024-03-21 16:34:52.028315:2024-03-21 16:34:52.028163: Current epoch: 96, loss: 0.014686526730656624, validation loss: 0.03747430443763733
2024-03-21 16:35:11.257288:2024-03-21 16:35:11.257174: Current epoch: 97, loss: 0.014397990889847279, validation loss: 0.03952612355351448
2024-03-21 16:35:30.154822:2024-03-21 16:35:30.154672: Current epoch: 98, loss: 0.014462732709944248, validation loss: 0.03947758302092552
2024-03-21 16:35:48.608934:2024-03-21 16:35:48.608789: Current epoch: 99, loss: 0.014344878494739532, validation loss: 0.037990666925907135
2024-03-21 16:36:07.078825:2024-03-21 16:36:07.078698: Current epoch: 100, loss: 0.014257616363465786, validation loss: 0.03780587017536163
2024-03-21 16:36:25.594437:2024-03-21 16:36:25.594371: Current epoch: 101, loss: 0.014222029596567154, validation loss: 0.037033095955848694
2024-03-21 16:36:44.280097:2024-03-21 16:36:44.279953: Current epoch: 102, loss: 0.014050041325390339, validation loss: 0.03788696974515915
2024-03-21 16:37:03.242884:2024-03-21 16:37:03.242720: Current epoch: 103, loss: 0.013849080540239811, validation loss: 0.03749193251132965
2024-03-21 16:37:22.038402:2024-03-21 16:37:22.038261: Current epoch: 104, loss: 0.013841732405126095, validation loss: 0.03727038949728012
2024-03-21 16:37:41.244234:2024-03-21 16:37:41.244076: Current epoch: 105, loss: 0.013722722418606281, validation loss: 0.037397097796201706
2024-03-21 16:37:59.532714:2024-03-21 16:37:59.532646: Current epoch: 106, loss: 0.013569403439760208, validation loss: 0.036764442920684814
2024-03-21 16:38:18.256070:2024-03-21 16:38:18.255925: Current epoch: 107, loss: 0.013436666689813137, validation loss: 0.037016890943050385
2024-03-21 16:38:36.792492:2024-03-21 16:38:36.792371: Current epoch: 108, loss: 0.013338151387870312, validation loss: 0.0372779406607151
2024-03-21 16:38:55.289299:2024-03-21 16:38:55.289207: Current epoch: 109, loss: 0.013494600541889668, validation loss: 0.03713729605078697
2024-03-21 16:39:17.349889:2024-03-21 16:39:17.349742: Current epoch: 110, loss: 0.013315558433532715, validation loss: 0.03696700558066368
2024-03-21 16:39:36.151660:2024-03-21 16:39:36.151511: Current epoch: 111, loss: 0.013121787458658218, validation loss: 0.036956727504730225
2024-03-21 16:39:55.003301:2024-03-21 16:39:55.003154: Current epoch: 112, loss: 0.013547605834901333, validation loss: 0.03866030275821686
2024-03-21 16:40:11.758542:2024-03-21 16:40:11.758425: Current epoch: 113, loss: 0.01302416529506445, validation loss: 0.03702792897820473
2024-03-21 16:40:29.199879:2024-03-21 16:40:29.199773: Current epoch: 114, loss: 0.01303509995341301, validation loss: 0.0381140410900116
2024-03-21 16:40:48.143948:2024-03-21 16:40:48.143852: Current epoch: 115, loss: 0.012873098254203796, validation loss: 0.037228696048259735
2024-03-21 16:41:06.721759:2024-03-21 16:41:06.721218: Current epoch: 116, loss: 0.012916822917759418, validation loss: 0.03648541122674942
2024-03-21 16:41:25.364107:2024-03-21 16:41:25.364006: Current epoch: 117, loss: 0.012869640253484249, validation loss: 0.037670157849788666
2024-03-21 16:41:43.970279:2024-03-21 16:41:43.970179: Current epoch: 118, loss: 0.012533134780824184, validation loss: 0.036755964159965515
2024-03-21 16:42:02.905277:2024-03-21 16:42:02.905133: Current epoch: 119, loss: 0.012636448256671429, validation loss: 0.03718199580907822
2024-03-21 16:42:21.834560:2024-03-21 16:42:21.834440: Current epoch: 120, loss: 0.012391043826937675, validation loss: 0.03725996986031532
2024-03-21 16:42:40.693243:2024-03-21 16:42:40.693140: Current epoch: 121, loss: 0.012632939033210278, validation loss: 0.03748574107885361
2024-03-21 16:42:59.491547:2024-03-21 16:42:59.491435: Current epoch: 122, loss: 0.012450425885617733, validation loss: 0.03749246522784233
2024-03-21 16:43:17.767028:2024-03-21 16:43:17.766938: Current epoch: 123, loss: 0.01219306979328394, validation loss: 0.0379057452082634
2024-03-21 16:43:36.483357:2024-03-21 16:43:36.483211: Current epoch: 124, loss: 0.012149267829954624, validation loss: 0.03772125020623207
2024-03-21 16:43:55.153892:2024-03-21 16:43:55.153775: Current epoch: 125, loss: 0.012225955724716187, validation loss: 0.03783294931054115
2024-03-21 16:44:13.788814:2024-03-21 16:44:13.788753: Current epoch: 126, loss: 0.01202028151601553, validation loss: 0.03680504858493805
2024-03-21 16:44:32.288358:2024-03-21 16:44:32.288257: Current epoch: 127, loss: 0.012030034326016903, validation loss: 0.03864063695073128
2024-03-21 16:44:50.943948:2024-03-21 16:44:50.943874: Current epoch: 128, loss: 0.011911962181329727, validation loss: 0.03739611431956291
2024-03-21 16:45:09.892297:2024-03-21 16:45:09.892192: Current epoch: 129, loss: 0.011925752274692059, validation loss: 0.036569882184267044
2024-03-21 16:45:31.837271:2024-03-21 16:45:31.837199: Current epoch: 130, loss: 0.011823919601738453, validation loss: 0.03689535707235336
2024-03-21 16:45:50.682731:2024-03-21 16:45:50.682615: Current epoch: 131, loss: 0.011776757426559925, validation loss: 0.038181181997060776
2024-03-21 16:46:09.643524:2024-03-21 16:46:09.643404: Current epoch: 132, loss: 0.011616156436502934, validation loss: 0.03755510225892067
2024-03-21 16:46:28.434169:2024-03-21 16:46:28.433685: Current epoch: 133, loss: 0.011610552668571472, validation loss: 0.03612343221902847
2024-03-21 16:46:47.127727:2024-03-21 16:46:47.127581: Current epoch: 134, loss: 0.011616100557148457, validation loss: 0.03666948527097702
2024-03-21 16:47:06.293053:2024-03-21 16:47:06.292908: Current epoch: 135, loss: 0.01134650968015194, validation loss: 0.036811113357543945
2024-03-21 16:47:25.384899:2024-03-21 16:47:25.384827: Current epoch: 136, loss: 0.011391843669116497, validation loss: 0.036796826869249344
2024-03-21 16:47:44.090039:2024-03-21 16:47:44.089968: Current epoch: 137, loss: 0.011267699301242828, validation loss: 0.037265367805957794
2024-03-21 16:48:02.683633:2024-03-21 16:48:02.683487: Current epoch: 138, loss: 0.011349869892001152, validation loss: 0.03733228147029877
2024-03-21 16:48:19.413034:2024-03-21 16:48:19.412971: Current epoch: 139, loss: 0.011122072115540504, validation loss: 0.03854145482182503
2024-03-21 16:48:36.925486:2024-03-21 16:48:36.925351: Current epoch: 140, loss: 0.011261308565735817, validation loss: 0.03711565211415291
2024-03-21 16:48:55.169745:2024-03-21 16:48:55.169625: Current epoch: 141, loss: 0.011145777069032192, validation loss: 0.037328317761421204
2024-03-21 16:49:14.119482:2024-03-21 16:49:14.119174: Current epoch: 142, loss: 0.01111068669706583, validation loss: 0.036750245839357376
2024-03-21 16:49:33.289820:2024-03-21 16:49:33.289670: Current epoch: 143, loss: 0.011014982126653194, validation loss: 0.037934280931949615
2024-03-21 16:49:52.010600:2024-03-21 16:49:52.010365: Current epoch: 144, loss: 0.011037956923246384, validation loss: 0.03708504140377045
2024-03-21 16:50:10.332117:2024-03-21 16:50:10.332046: Current epoch: 145, loss: 0.010833442211151123, validation loss: 0.037089742720127106
2024-03-21 16:50:29.281499:2024-03-21 16:50:29.281347: Current epoch: 146, loss: 0.010736252181231976, validation loss: 0.03715575858950615
2024-03-21 16:50:48.164443:2024-03-21 16:50:48.164299: Current epoch: 147, loss: 0.010741302743554115, validation loss: 0.03673041611909866
2024-03-21 16:51:06.391119:2024-03-21 16:51:06.390949: Current epoch: 148, loss: 0.010685601271688938, validation loss: 0.0366552360355854
2024-03-21 16:51:24.995268:2024-03-21 16:51:24.995164: Current epoch: 149, loss: 0.01103606354445219, validation loss: 0.036091919988393784
2024-03-21 16:51:46.609958:2024-03-21 16:51:46.609854: Current epoch: 150, loss: 0.010537221096456051, validation loss: 0.036554478108882904
2024-03-21 16:52:04.947610:2024-03-21 16:52:04.947488: Current epoch: 151, loss: 0.010589568875730038, validation loss: 0.036500219255685806
2024-03-21 16:52:23.888981:2024-03-21 16:52:23.888833: Current epoch: 152, loss: 0.01066800206899643, validation loss: 0.03648373857140541
2024-03-21 16:52:42.701612:2024-03-21 16:52:42.701578: Current epoch: 153, loss: 0.010520675219595432, validation loss: 0.03629381209611893
2024-03-21 16:53:01.398518:2024-03-21 16:53:01.398367: Current epoch: 154, loss: 0.010400138795375824, validation loss: 0.03725571930408478
2024-03-21 16:53:20.010895:2024-03-21 16:53:20.010833: Current epoch: 155, loss: 0.010613150894641876, validation loss: 0.03684579208493233
2024-03-21 16:53:38.380251:2024-03-21 16:53:38.380104: Current epoch: 156, loss: 0.010319098830223083, validation loss: 0.03685300424695015
2024-03-21 16:53:57.177831:2024-03-21 16:53:57.177689: Current epoch: 157, loss: 0.010256204754114151, validation loss: 0.03644730895757675
2024-03-21 16:54:15.651860:2024-03-21 16:54:15.651753: Current epoch: 158, loss: 0.010325241833925247, validation loss: 0.036413971334695816
2024-03-21 16:54:34.298965:2024-03-21 16:54:34.298894: Current epoch: 159, loss: 0.010248150676488876, validation loss: 0.036233749240636826
2024-03-21 16:54:53.441340:2024-03-21 16:54:53.441271: Current epoch: 160, loss: 0.010167018510401249, validation loss: 0.03696838766336441
2024-03-21 16:55:11.833333:2024-03-21 16:55:11.833265: Current epoch: 161, loss: 0.010151226073503494, validation loss: 0.03691529855132103
2024-03-21 16:55:30.836006:2024-03-21 16:55:30.835861: Current epoch: 162, loss: 0.010190143249928951, validation loss: 0.036489736288785934
2024-03-21 16:55:48.918585:2024-03-21 16:55:48.918473: Current epoch: 163, loss: 0.010022290982306004, validation loss: 0.03646320104598999
2024-03-21 16:56:07.424878:2024-03-21 16:56:07.424812: Current epoch: 164, loss: 0.009985930286347866, validation loss: 0.036576397716999054
2024-03-21 16:56:25.898961:2024-03-21 16:56:25.898905: Current epoch: 165, loss: 0.010032141581177711, validation loss: 0.036542147397994995
2024-03-21 16:56:41.817900:2024-03-21 16:56:41.817829: Current epoch: 166, loss: 0.01006715651601553, validation loss: 0.03587180748581886
2024-03-21 16:56:59.607695:2024-03-21 16:56:59.607576: Current epoch: 167, loss: 0.00992733333259821, validation loss: 0.036083608865737915
2024-03-21 16:57:18.051686:2024-03-21 16:57:18.051538: Current epoch: 168, loss: 0.00984116643667221, validation loss: 0.03671543672680855
2024-03-21 16:57:36.735200:2024-03-21 16:57:36.735091: Current epoch: 169, loss: 0.009755372069776058, validation loss: 0.038043394684791565
2024-03-21 16:57:55.278882:2024-03-21 16:57:55.278836: Current epoch: 170, loss: 0.009715793654322624, validation loss: 0.03649315610527992
2024-03-21 16:58:14.058897:2024-03-21 16:58:14.058781: Current epoch: 171, loss: 0.009687499143183231, validation loss: 0.036594148725271225
2024-03-21 16:58:32.558268:2024-03-21 16:58:32.558156: Current epoch: 172, loss: 0.009716307744383812, validation loss: 0.036707259714603424
2024-03-21 16:58:51.125785:2024-03-21 16:58:51.125712: Current epoch: 173, loss: 0.009712543338537216, validation loss: 0.03620954602956772
2024-03-21 16:59:09.315532:2024-03-21 16:59:09.315474: Current epoch: 174, loss: 0.009498686529695988, validation loss: 0.03655730187892914
2024-03-21 16:59:28.158735:2024-03-21 16:59:28.158602: Current epoch: 175, loss: 0.009498662315309048, validation loss: 0.037136029452085495
2024-03-21 16:59:46.782434:2024-03-21 16:59:46.782290: Current epoch: 176, loss: 0.009611818939447403, validation loss: 0.03614267706871033
2024-03-21 17:00:05.523594:2024-03-21 17:00:05.523472: Current epoch: 177, loss: 0.009558924473822117, validation loss: 0.03660967946052551
2024-03-21 17:00:24.273714:2024-03-21 17:00:24.273601: Current epoch: 178, loss: 0.009542196989059448, validation loss: 0.0371333509683609
2024-03-21 17:00:43.008892:2024-03-21 17:00:43.008748: Current epoch: 179, loss: 0.009545979090034962, validation loss: 0.036347318440675735
2024-03-21 17:01:01.363896:2024-03-21 17:01:01.363799: Current epoch: 180, loss: 0.009318483993411064, validation loss: 0.03677807375788689
2024-03-21 17:01:20.436390:2024-03-21 17:01:20.436303: Current epoch: 181, loss: 0.00937698408961296, validation loss: 0.03673696517944336
2024-03-21 17:01:39.304846:2024-03-21 17:01:39.304775: Current epoch: 182, loss: 0.009189643897116184, validation loss: 0.03640763834118843
2024-03-21 17:01:58.175276:2024-03-21 17:01:58.175131: Current epoch: 183, loss: 0.009315061382949352, validation loss: 0.03661314398050308
2024-03-21 17:02:17.315666:2024-03-21 17:02:17.315602: Current epoch: 184, loss: 0.009419413283467293, validation loss: 0.03682732209563255
2024-03-21 17:02:35.582934:2024-03-21 17:02:35.582826: Current epoch: 185, loss: 0.009295630268752575, validation loss: 0.03594908490777016
2024-03-21 17:02:54.197877:2024-03-21 17:02:54.197813: Current epoch: 186, loss: 0.009318295866250992, validation loss: 0.03648170456290245
2024-03-21 17:03:12.885320:2024-03-21 17:03:12.885259: Current epoch: 187, loss: 0.009127690456807613, validation loss: 0.03757510706782341
2024-03-21 17:03:31.689946:2024-03-21 17:03:31.689818: Current epoch: 188, loss: 0.00923668872565031, validation loss: 0.03658014535903931
2024-03-21 17:03:50.403519:2024-03-21 17:03:50.403435: Current epoch: 189, loss: 0.009135772474110126, validation loss: 0.0370539091527462
2024-03-21 17:04:09.302949:2024-03-21 17:04:09.302888: Current epoch: 190, loss: 0.009100815281271935, validation loss: 0.03657032176852226
2024-03-21 17:04:27.793124:2024-03-21 17:04:27.793027: Current epoch: 191, loss: 0.009069365449249744, validation loss: 0.03600158914923668
2024-03-21 17:04:46.700522:2024-03-21 17:04:46.700408: Current epoch: 192, loss: 0.009131147526204586, validation loss: 0.03661905229091644
2024-03-21 17:05:02.318435:2024-03-21 17:05:02.318361: Current epoch: 193, loss: 0.008911035023629665, validation loss: 0.036440715193748474
2024-03-21 17:05:20.239501:2024-03-21 17:05:20.239335: Current epoch: 194, loss: 0.00901405606418848, validation loss: 0.03628062084317207
2024-03-21 17:05:38.466847:2024-03-21 17:05:38.466722: Current epoch: 195, loss: 0.008980401791632175, validation loss: 0.03640197589993477
2024-03-21 17:05:56.839901:2024-03-21 17:05:56.839750: Current epoch: 196, loss: 0.0089558782055974, validation loss: 0.03632540628314018
2024-03-21 17:06:15.063555:2024-03-21 17:06:15.063451: Current epoch: 197, loss: 0.008727125823497772, validation loss: 0.03631960228085518
2024-03-21 17:06:33.625211:2024-03-21 17:06:33.625069: Current epoch: 198, loss: 0.008788665756583214, validation loss: 0.03659994527697563
2024-03-21 17:06:51.905288:2024-03-21 17:06:51.905255: Current epoch: 199, loss: 0.008791888132691383, validation loss: 0.03675728291273117
2024-03-21 17:07:10.351771:2024-03-21 17:07:10.351659: Current epoch: 200, loss: 0.008806317113339901, validation loss: 0.03623742237687111
2024-03-21 17:07:28.907451:2024-03-21 17:07:28.907388: Current epoch: 201, loss: 0.008766727522015572, validation loss: 0.036188095808029175
2024-03-21 17:07:47.289243:2024-03-21 17:07:47.289174: Current epoch: 202, loss: 0.008708462119102478, validation loss: 0.03599395230412483
2024-03-21 17:08:06.169780:2024-03-21 17:08:06.169647: Current epoch: 203, loss: 0.008760133758187294, validation loss: 0.03631070628762245
2024-03-21 17:08:24.420808:2024-03-21 17:08:24.420661: Current epoch: 204, loss: 0.00857359915971756, validation loss: 0.036125700920820236
2024-03-21 17:08:42.869906:2024-03-21 17:08:42.869805: Current epoch: 205, loss: 0.008681799285113811, validation loss: 0.036153119057416916
2024-03-21 17:09:01.535685:2024-03-21 17:09:01.535554: Current epoch: 206, loss: 0.008594549261033535, validation loss: 0.03652876242995262
2024-03-21 17:09:20.162923:2024-03-21 17:09:20.162865: Current epoch: 207, loss: 0.008726408705115318, validation loss: 0.03631088510155678
2024-03-21 17:09:38.771578:2024-03-21 17:09:38.771414: Current epoch: 208, loss: 0.008520707488059998, validation loss: 0.03687415271997452
2024-03-21 17:09:57.325002:2024-03-21 17:09:57.324891: Current epoch: 209, loss: 0.008494308218359947, validation loss: 0.03611909598112106
2024-03-21 17:10:15.606569:2024-03-21 17:10:15.606506: Current epoch: 210, loss: 0.008543096482753754, validation loss: 0.03626217320561409
2024-03-21 17:10:34.016123:2024-03-21 17:10:34.016013: Current epoch: 211, loss: 0.008564269170165062, validation loss: 0.03654878959059715
2024-03-21 17:10:52.758566:2024-03-21 17:10:52.758465: Current epoch: 212, loss: 0.008705316111445427, validation loss: 0.036800138652324677
2024-03-21 17:11:12.007714:2024-03-21 17:11:12.007275: Current epoch: 213, loss: 0.008457486517727375, validation loss: 0.035869285464286804
2024-03-21 17:11:30.615655:2024-03-21 17:11:30.615548: Current epoch: 214, loss: 0.0083926348015666, validation loss: 0.03600484877824783
2024-03-21 17:11:49.023357:2024-03-21 17:11:49.023207: Current epoch: 215, loss: 0.008332813158631325, validation loss: 0.036308497190475464
2024-03-21 17:12:07.634025:2024-03-21 17:12:07.633879: Current epoch: 216, loss: 0.008474514819681644, validation loss: 0.037130650132894516
2024-03-21 17:12:26.245402:2024-03-21 17:12:26.245303: Current epoch: 217, loss: 0.008363872766494751, validation loss: 0.03648606687784195
2024-03-21 17:12:45.256540:2024-03-21 17:12:45.256496: Current epoch: 218, loss: 0.008413084782660007, validation loss: 0.03570472449064255
2024-03-21 17:13:04.049546:2024-03-21 17:13:04.049431: Current epoch: 219, loss: 0.008259262889623642, validation loss: 0.03660668060183525
2024-03-21 17:13:20.172659:2024-03-21 17:13:20.172530: Current epoch: 220, loss: 0.008367937058210373, validation loss: 0.0363636240363121
2024-03-21 17:13:36.563041:2024-03-21 17:13:36.562908: Current epoch: 221, loss: 0.008187475614249706, validation loss: 0.03630349040031433
2024-03-21 17:13:54.786756:2024-03-21 17:13:54.786697: Current epoch: 222, loss: 0.008423720486462116, validation loss: 0.03658359870314598
2024-03-21 17:14:13.122981:2024-03-21 17:14:13.122872: Current epoch: 223, loss: 0.008147482760250568, validation loss: 0.03638117015361786
2024-03-21 17:14:31.692871:2024-03-21 17:14:31.692739: Current epoch: 224, loss: 0.008202149532735348, validation loss: 0.03762898966670036
2024-03-21 17:14:50.203392:2024-03-21 17:14:50.203248: Current epoch: 225, loss: 0.008110900409519672, validation loss: 0.036611709743738174
2024-03-21 17:15:09.215664:2024-03-21 17:15:09.215570: Current epoch: 226, loss: 0.008155083283782005, validation loss: 0.03626135736703873
2024-03-21 17:15:27.461106:2024-03-21 17:15:27.460962: Current epoch: 227, loss: 0.008237438276410103, validation loss: 0.036578498780727386
2024-03-21 17:15:46.302812:2024-03-21 17:15:46.302695: Current epoch: 228, loss: 0.008049746975302696, validation loss: 0.036166656762361526
2024-03-21 17:16:04.945431:2024-03-21 17:16:04.945309: Current epoch: 229, loss: 0.008209552615880966, validation loss: 0.03635074570775032
2024-03-21 17:16:23.816204:2024-03-21 17:16:23.816097: Current epoch: 230, loss: 0.008043521083891392, validation loss: 0.03619557246565819
2024-03-21 17:16:42.829185:2024-03-21 17:16:42.829071: Current epoch: 231, loss: 0.00799566600471735, validation loss: 0.036889899522066116
2024-03-21 17:17:01.532241:2024-03-21 17:17:01.532144: Current epoch: 232, loss: 0.008188894018530846, validation loss: 0.036559849977493286
2024-03-21 17:17:20.177770:2024-03-21 17:17:20.177611: Current epoch: 233, loss: 0.007980369962751865, validation loss: 0.03669949993491173
2024-03-21 17:17:38.796036:2024-03-21 17:17:38.795965: Current epoch: 234, loss: 0.008229889906942844, validation loss: 0.035930197685956955
2024-03-21 17:17:57.422206:2024-03-21 17:17:57.422103: Current epoch: 235, loss: 0.007938900031149387, validation loss: 0.03634494170546532
2024-03-21 17:18:16.039516:2024-03-21 17:18:16.039426: Current epoch: 236, loss: 0.007873096503317356, validation loss: 0.03643757104873657
2024-03-21 17:18:34.985356:2024-03-21 17:18:34.985209: Current epoch: 237, loss: 0.007807319983839989, validation loss: 0.03610430285334587
2024-03-21 17:18:53.715964:2024-03-21 17:18:53.715884: Current epoch: 238, loss: 0.00783503707498312, validation loss: 0.0362996980547905
2024-03-21 17:19:12.440558:2024-03-21 17:19:12.440389: Current epoch: 239, loss: 0.007956181652843952, validation loss: 0.0368020124733448
2024-03-21 17:19:31.104206:2024-03-21 17:19:31.104096: Current epoch: 240, loss: 0.00787646695971489, validation loss: 0.03592318668961525
2024-03-21 17:19:49.865516:2024-03-21 17:19:49.865333: Current epoch: 241, loss: 0.0077789053320884705, validation loss: 0.03616175800561905
2024-03-21 17:20:08.273354:2024-03-21 17:20:08.273211: Current epoch: 242, loss: 0.007682031486183405, validation loss: 0.03680902346968651
2024-03-21 17:20:26.958120:2024-03-21 17:20:26.957975: Current epoch: 243, loss: 0.007764000911265612, validation loss: 0.036615535616874695
2024-03-21 17:20:45.344058:2024-03-21 17:20:45.343969: Current epoch: 244, loss: 0.007770140655338764, validation loss: 0.03664986789226532
2024-03-21 17:21:03.780835:2024-03-21 17:21:03.780730: Current epoch: 245, loss: 0.007757450453937054, validation loss: 0.03619040176272392
2024-03-21 17:21:22.742407:2024-03-21 17:21:22.742338: Current epoch: 246, loss: 0.0077447351068258286, validation loss: 0.03601718693971634
2024-03-21 17:21:38.430121:2024-03-21 17:21:38.430047: Current epoch: 247, loss: 0.007553008385002613, validation loss: 0.03601997718214989
2024-03-21 17:21:56.110613:2024-03-21 17:21:56.110515: Current epoch: 248, loss: 0.007892255671322346, validation loss: 0.03622948378324509
2024-03-21 17:22:14.690801:2024-03-21 17:22:14.690656: Current epoch: 249, loss: 0.007723371963948011, validation loss: 0.03628458455204964
2024-03-21 17:22:33.488985:2024-03-21 17:22:33.488881: Current epoch: 250, loss: 0.007652631960809231, validation loss: 0.03662760555744171
2024-03-21 17:22:52.536487:2024-03-21 17:22:52.536363: Current epoch: 251, loss: 0.00754528446123004, validation loss: 0.035893820226192474
2024-03-21 17:23:11.282547:2024-03-21 17:23:11.282487: Current epoch: 252, loss: 0.00760467816144228, validation loss: 0.036056749522686005
2024-03-21 17:23:29.733157:2024-03-21 17:23:29.733101: Current epoch: 253, loss: 0.007529806345701218, validation loss: 0.03590545058250427
2024-03-21 17:23:48.549433:2024-03-21 17:23:48.549312: Current epoch: 254, loss: 0.007630564738065004, validation loss: 0.036343540996313095
2024-03-21 17:24:07.335271:2024-03-21 17:24:07.335172: Current epoch: 255, loss: 0.007537872530519962, validation loss: 0.03667515143752098
2024-03-21 17:24:25.410126:2024-03-21 17:24:25.410002: Current epoch: 256, loss: 0.007687016855925322, validation loss: 0.03643140196800232
2024-03-21 17:24:44.234272:2024-03-21 17:24:44.234129: Current epoch: 257, loss: 0.0074243987910449505, validation loss: 0.037145908921957016
2024-03-21 17:25:03.071686:2024-03-21 17:25:03.071584: Current epoch: 258, loss: 0.007664296310395002, validation loss: 0.03642407804727554
2024-03-21 17:25:21.717975:2024-03-21 17:25:21.717863: Current epoch: 259, loss: 0.007460469380021095, validation loss: 0.035645224153995514
2024-03-21 17:25:43.428923:2024-03-21 17:25:43.428884: Current epoch: 260, loss: 0.007488121744245291, validation loss: 0.0363219752907753
2024-03-21 17:26:01.888851:2024-03-21 17:26:01.888736: Current epoch: 261, loss: 0.007498379796743393, validation loss: 0.03623208403587341
2024-03-21 17:26:20.611243:2024-03-21 17:26:20.611141: Current epoch: 262, loss: 0.0074828569777309895, validation loss: 0.03640672564506531
2024-03-21 17:26:39.182339:2024-03-21 17:26:39.182282: Current epoch: 263, loss: 0.007298651151359081, validation loss: 0.036655452102422714
2024-03-21 17:26:58.072733:2024-03-21 17:26:58.072622: Current epoch: 264, loss: 0.007507575675845146, validation loss: 0.036308061331510544
2024-03-21 17:27:16.709407:2024-03-21 17:27:16.709295: Current epoch: 265, loss: 0.00733614107593894, validation loss: 0.03606555238366127
2024-03-21 17:27:35.233861:2024-03-21 17:27:35.233752: Current epoch: 266, loss: 0.007420159876346588, validation loss: 0.036481741815805435
2024-03-21 17:27:54.062436:2024-03-21 17:27:54.062330: Current epoch: 267, loss: 0.007317977026104927, validation loss: 0.035943638533353806
2024-03-21 17:28:12.674991:2024-03-21 17:28:12.674844: Current epoch: 268, loss: 0.007181030698120594, validation loss: 0.0366966538131237
2024-03-21 17:28:31.071663:2024-03-21 17:28:31.071536: Current epoch: 269, loss: 0.007517112884670496, validation loss: 0.036336660385131836
2024-03-21 17:28:49.895990:2024-03-21 17:28:49.895881: Current epoch: 270, loss: 0.007323981262743473, validation loss: 0.036870844662189484
2024-03-21 17:29:08.574947:2024-03-21 17:29:08.574798: Current epoch: 271, loss: 0.00727414432913065, validation loss: 0.03605975583195686
2024-03-21 17:29:27.190934:2024-03-21 17:29:27.190863: Current epoch: 272, loss: 0.007158785592764616, validation loss: 0.03623480722308159
2024-03-21 17:29:44.179747:2024-03-21 17:29:44.179645: Current epoch: 273, loss: 0.007251724600791931, validation loss: 0.036258451640605927
2024-03-21 17:29:59.984126:2024-03-21 17:29:59.984065: Current epoch: 274, loss: 0.007223193068057299, validation loss: 0.03614671528339386
2024-03-21 17:30:18.475222:2024-03-21 17:30:18.475088: Current epoch: 275, loss: 0.007199594285339117, validation loss: 0.03669314458966255
2024-03-21 17:30:36.934917:2024-03-21 17:30:36.934783: Current epoch: 276, loss: 0.0072860210202634335, validation loss: 0.036598090082407
2024-03-21 17:30:55.845421:2024-03-21 17:30:55.845308: Current epoch: 277, loss: 0.007159272208809853, validation loss: 0.0361158587038517
2024-03-21 17:31:14.364576:2024-03-21 17:31:14.364407: Current epoch: 278, loss: 0.0072167739272117615, validation loss: 0.03658090904355049
2024-03-21 17:31:32.859657:2024-03-21 17:31:32.859547: Current epoch: 279, loss: 0.007227902766317129, validation loss: 0.03664037957787514
2024-03-21 17:31:51.223292:2024-03-21 17:31:51.223146: Current epoch: 280, loss: 0.006950505543500185, validation loss: 0.036540210247039795
2024-03-21 17:32:09.895969:2024-03-21 17:32:09.895849: Current epoch: 281, loss: 0.007207926828414202, validation loss: 0.03667759522795677
2024-03-21 17:32:28.984649:2024-03-21 17:32:28.984533: Current epoch: 282, loss: 0.00702705467119813, validation loss: 0.035715844482183456
2024-03-21 17:32:47.642187:2024-03-21 17:32:47.642103: Current epoch: 283, loss: 0.0071304659359157085, validation loss: 0.036027614027261734
2024-03-21 17:33:06.141945:2024-03-21 17:33:06.141856: Current epoch: 284, loss: 0.007227636408060789, validation loss: 0.0361708328127861
2024-03-21 17:33:24.898151:2024-03-21 17:33:24.898081: Current epoch: 285, loss: 0.006942292675375938, validation loss: 0.035748884081840515
2024-03-21 17:33:43.428063:2024-03-21 17:33:43.427923: Current epoch: 286, loss: 0.007037661969661713, validation loss: 0.03697557747364044
2024-03-21 17:34:02.155182:2024-03-21 17:34:02.155038: Current epoch: 287, loss: 0.007073208224028349, validation loss: 0.036185428500175476
2024-03-21 17:34:20.671036:2024-03-21 17:34:20.670968: Current epoch: 288, loss: 0.007080237381160259, validation loss: 0.03619005158543587
2024-03-21 17:34:39.095878:2024-03-21 17:34:39.095769: Current epoch: 289, loss: 0.007079498842358589, validation loss: 0.03601352125406265
2024-03-21 17:34:57.600955:2024-03-21 17:34:57.600846: Current epoch: 290, loss: 0.006969759706407785, validation loss: 0.036133863031864166
2024-03-21 17:35:16.174549:2024-03-21 17:35:16.174416: Current epoch: 291, loss: 0.0070172930136322975, validation loss: 0.036234479397535324
2024-03-21 17:35:34.896658:2024-03-21 17:35:34.896584: Current epoch: 292, loss: 0.0069495877251029015, validation loss: 0.03591682389378548
2024-03-21 17:35:53.545964:2024-03-21 17:35:53.545834: Current epoch: 293, loss: 0.006873638369143009, validation loss: 0.03560302406549454
2024-03-21 17:36:12.283526:2024-03-21 17:36:12.283409: Current epoch: 294, loss: 0.006869240198284388, validation loss: 0.03702715411782265
2024-03-21 17:36:30.045588:2024-03-21 17:36:30.045422: Current epoch: 295, loss: 0.007051121909171343, validation loss: 0.036525048315525055
2024-03-21 17:36:48.293304:2024-03-21 17:36:48.293196: Current epoch: 296, loss: 0.006845943629741669, validation loss: 0.03652452677488327
2024-03-21 17:37:06.679524:2024-03-21 17:37:06.679416: Current epoch: 297, loss: 0.006899204105138779, validation loss: 0.03615034371614456
2024-03-21 17:37:25.115562:2024-03-21 17:37:25.115416: Current epoch: 298, loss: 0.00686603644862771, validation loss: 0.03607204183936119
2024-03-21 17:37:43.973850:2024-03-21 17:37:43.973771: Current epoch: 299, loss: 0.006843016017228365, validation loss: 0.036872103810310364
2024-03-21 17:38:02.351307:2024-03-21 17:38:02.351166: Current epoch: 300, loss: 0.006934787146747112, validation loss: 0.03615938872098923
2024-03-21 17:38:18.100334:2024-03-21 17:38:18.100182: Current epoch: 301, loss: 0.006760700140148401, validation loss: 0.03591497614979744
2024-03-21 17:38:36.848824:2024-03-21 17:38:36.848754: Current epoch: 302, loss: 0.0068533108569681644, validation loss: 0.03642893210053444
2024-03-21 17:38:55.389858:2024-03-21 17:38:55.389749: Current epoch: 303, loss: 0.006998809985816479, validation loss: 0.03697793930768967
2024-03-21 17:39:14.069992:2024-03-21 17:39:14.069850: Current epoch: 304, loss: 0.006836998276412487, validation loss: 0.03621736913919449
2024-03-21 17:39:32.516586:2024-03-21 17:39:32.516470: Current epoch: 305, loss: 0.006695463787764311, validation loss: 0.036578088998794556
2024-03-21 17:39:51.506217:2024-03-21 17:39:51.506086: Current epoch: 306, loss: 0.006812706124037504, validation loss: 0.036309365183115005
2024-03-21 17:40:10.380640:2024-03-21 17:40:10.380491: Current epoch: 307, loss: 0.0067250789143145084, validation loss: 0.03639806807041168
2024-03-21 17:40:29.199782:2024-03-21 17:40:29.199717: Current epoch: 308, loss: 0.006770742125809193, validation loss: 0.03615830838680267
2024-03-21 17:40:47.864888:2024-03-21 17:40:47.864761: Current epoch: 309, loss: 0.006914558354765177, validation loss: 0.0367063470184803
2024-03-21 17:41:06.742248:2024-03-21 17:41:06.742157: Current epoch: 310, loss: 0.006711648311465979, validation loss: 0.036419082432985306
2024-03-21 17:41:25.619503:2024-03-21 17:41:25.619431: Current epoch: 311, loss: 0.0067075276747345924, validation loss: 0.03705863282084465
2024-03-21 17:41:44.743050:2024-03-21 17:41:44.742931: Current epoch: 312, loss: 0.006849861238151789, validation loss: 0.03618974983692169
2024-03-21 17:42:03.640879:2024-03-21 17:42:03.640760: Current epoch: 313, loss: 0.006697695702314377, validation loss: 0.036006852984428406
2024-03-21 17:42:22.457787:2024-03-21 17:42:22.457681: Current epoch: 314, loss: 0.006694246083498001, validation loss: 0.03639361262321472
2024-03-21 17:42:41.247258:2024-03-21 17:42:41.247113: Current epoch: 315, loss: 0.006533494219183922, validation loss: 0.036402344703674316
2024-03-21 17:42:59.894082:2024-03-21 17:42:59.894004: Current epoch: 316, loss: 0.006591142620891333, validation loss: 0.03682110831141472
2024-03-21 17:43:18.198720:2024-03-21 17:43:18.198673: Current epoch: 317, loss: 0.006693718489259481, validation loss: 0.037017278373241425
2024-03-21 17:43:37.055159:2024-03-21 17:43:37.055084: Current epoch: 318, loss: 0.006518424954265356, validation loss: 0.03633514419198036
2024-03-21 17:43:55.741253:2024-03-21 17:43:55.741141: Current epoch: 319, loss: 0.0064884331077337265, validation loss: 0.036087196320295334
2024-03-21 17:44:14.537419:2024-03-21 17:44:14.537322: Current epoch: 320, loss: 0.006640268489718437, validation loss: 0.03629732504487038
2024-03-21 17:44:33.288332:2024-03-21 17:44:33.288262: Current epoch: 321, loss: 0.00663728779181838, validation loss: 0.035924483090639114
2024-03-21 17:44:51.821146:2024-03-21 17:44:51.820997: Current epoch: 322, loss: 0.006638354156166315, validation loss: 0.03616229444742203
2024-03-21 17:45:10.706973:2024-03-21 17:45:10.706904: Current epoch: 323, loss: 0.006663799285888672, validation loss: 0.03617219999432564
2024-03-21 17:45:29.233166:2024-03-21 17:45:29.233020: Current epoch: 324, loss: 0.006535024847835302, validation loss: 0.03682766109704971
2024-03-21 17:45:48.124211:2024-03-21 17:45:48.124098: Current epoch: 325, loss: 0.00664810836315155, validation loss: 0.03698263317346573
2024-03-21 17:46:06.469741:2024-03-21 17:46:06.469592: Current epoch: 326, loss: 0.006494798697531223, validation loss: 0.03628646954894066
2024-03-21 17:46:22.689211:2024-03-21 17:46:22.689099: Current epoch: 327, loss: 0.006574152037501335, validation loss: 0.03622065857052803
2024-03-21 17:46:40.430708:2024-03-21 17:46:40.430568: Current epoch: 328, loss: 0.006412886083126068, validation loss: 0.0364747978746891
2024-03-21 17:46:59.350719:2024-03-21 17:46:59.350592: Current epoch: 329, loss: 0.006550170481204987, validation loss: 0.03652054816484451
2024-03-21 17:47:17.995901:2024-03-21 17:47:17.995856: Current epoch: 330, loss: 0.006434672512114048, validation loss: 0.03636055067181587
2024-03-21 17:47:36.354160:2024-03-21 17:47:36.354101: Current epoch: 331, loss: 0.006511148065328598, validation loss: 0.036588359624147415
2024-03-21 17:47:55.152765:2024-03-21 17:47:55.152601: Current epoch: 332, loss: 0.006506503559648991, validation loss: 0.036588627845048904
2024-03-21 17:48:14.223851:2024-03-21 17:48:14.223744: Current epoch: 333, loss: 0.006464148871600628, validation loss: 0.03636452928185463
2024-03-21 17:48:32.583972:2024-03-21 17:48:32.583827: Current epoch: 334, loss: 0.006457208190113306, validation loss: 0.036486443132162094
2024-03-21 17:48:51.251941:2024-03-21 17:48:51.251841: Current epoch: 335, loss: 0.006422051694244146, validation loss: 0.03634694591164589
2024-03-21 17:49:10.378734:2024-03-21 17:49:10.378619: Current epoch: 336, loss: 0.006382601801306009, validation loss: 0.036074042320251465
2024-03-21 17:49:29.320300:2024-03-21 17:49:29.320156: Current epoch: 337, loss: 0.006341103930026293, validation loss: 0.03626823052763939
2024-03-21 17:49:47.888667:2024-03-21 17:49:47.888542: Current epoch: 338, loss: 0.00645974837243557, validation loss: 0.0361727699637413
2024-03-21 17:50:06.438904:2024-03-21 17:50:06.438812: Current epoch: 339, loss: 0.006494907196611166, validation loss: 0.036368682980537415
2024-03-21 17:50:25.335403:2024-03-21 17:50:25.335292: Current epoch: 340, loss: 0.006313653197139502, validation loss: 0.03656143322587013
2024-03-21 17:50:43.771998:2024-03-21 17:50:43.771849: Current epoch: 341, loss: 0.00622887397184968, validation loss: 0.03670581057667732
2024-03-21 17:51:02.479703:2024-03-21 17:51:02.479601: Current epoch: 342, loss: 0.006376439239829779, validation loss: 0.03613066300749779
2024-03-21 17:51:21.056241:2024-03-21 17:51:21.056133: Current epoch: 343, loss: 0.006265353411436081, validation loss: 0.03636140003800392
2024-03-21 17:51:39.811615:2024-03-21 17:51:39.811544: Current epoch: 344, loss: 0.006503723096102476, validation loss: 0.03614307567477226
2024-03-21 17:51:58.418725:2024-03-21 17:51:58.418624: Current epoch: 345, loss: 0.0062995608896017075, validation loss: 0.03611752763390541
2024-03-21 17:52:17.217256:2024-03-21 17:52:17.217167: Current epoch: 346, loss: 0.006153438240289688, validation loss: 0.036451369524002075
2024-03-21 17:52:35.630664:2024-03-21 17:52:35.630594: Current epoch: 347, loss: 0.006380856037139893, validation loss: 0.036058664321899414
2024-03-21 17:52:54.396002:2024-03-21 17:52:54.395855: Current epoch: 348, loss: 0.006297831889241934, validation loss: 0.0365612730383873
2024-03-21 17:53:13.156043:2024-03-21 17:53:13.155972: Current epoch: 349, loss: 0.006495357025414705, validation loss: 0.03640293329954147
2024-03-21 17:53:31.879046:2024-03-21 17:53:31.878941: Current epoch: 350, loss: 0.006144593469798565, validation loss: 0.03618069365620613
2024-03-21 17:53:50.379248:2024-03-21 17:53:50.379102: Current epoch: 351, loss: 0.0062082670629024506, validation loss: 0.03660521283745766
2024-03-21 17:54:09.064659:2024-03-21 17:54:09.064534: Current epoch: 352, loss: 0.006295970641076565, validation loss: 0.03625333681702614
2024-03-21 17:54:26.493608:2024-03-21 17:54:26.493530: Current epoch: 353, loss: 0.006160076707601547, validation loss: 0.036511439830064774
2024-03-21 17:54:42.605519:2024-03-21 17:54:42.605449: Current epoch: 354, loss: 0.006391861010342836, validation loss: 0.036340825259685516
2024-03-21 17:55:01.139564:2024-03-21 17:55:01.139437: Current epoch: 355, loss: 0.0061331139877438545, validation loss: 0.03671874850988388
2024-03-21 17:55:19.650538:2024-03-21 17:55:19.650445: Current epoch: 356, loss: 0.006231721490621567, validation loss: 0.03631466627120972
2024-03-21 17:55:38.338035:2024-03-21 17:55:38.337891: Current epoch: 357, loss: 0.006291833706200123, validation loss: 0.036315470933914185
2024-03-21 17:55:56.916216:2024-03-21 17:55:56.916147: Current epoch: 358, loss: 0.006011195946484804, validation loss: 0.03647102415561676
2024-03-21 17:56:15.394259:2024-03-21 17:56:15.394152: Current epoch: 359, loss: 0.005977044813334942, validation loss: 0.03651716187596321
2024-03-21 17:56:33.980234:2024-03-21 17:56:33.980169: Current epoch: 360, loss: 0.006157486699521542, validation loss: 0.03696317970752716
2024-03-21 17:56:52.752411:2024-03-21 17:56:52.752296: Current epoch: 361, loss: 0.006142473313957453, validation loss: 0.03673141449689865
2024-03-21 17:57:11.365307:2024-03-21 17:57:11.365190: Current epoch: 362, loss: 0.0061511932872235775, validation loss: 0.03664392977952957
2024-03-21 17:57:30.364429:2024-03-21 17:57:30.364373: Current epoch: 363, loss: 0.006152855232357979, validation loss: 0.03623739629983902
2024-03-21 17:57:49.345849:2024-03-21 17:57:49.345769: Current epoch: 364, loss: 0.00601285370066762, validation loss: 0.03617997467517853
2024-03-21 17:58:08.361639:2024-03-21 17:58:08.361579: Current epoch: 365, loss: 0.0062717413529753685, validation loss: 0.03720959275960922
2024-03-21 17:58:26.860383:2024-03-21 17:58:26.860320: Current epoch: 366, loss: 0.006074828561395407, validation loss: 0.036224231123924255
2024-03-21 17:58:45.253314:2024-03-21 17:58:45.253246: Current epoch: 367, loss: 0.006100411061197519, validation loss: 0.0363428071141243
2024-03-21 17:59:04.355311:2024-03-21 17:59:04.355211: Current epoch: 368, loss: 0.006065851543098688, validation loss: 0.03641066327691078
2024-03-21 17:59:22.929055:2024-03-21 17:59:22.928905: Current epoch: 369, loss: 0.006172542460262775, validation loss: 0.036159779876470566
2024-03-21 17:59:41.378650:2024-03-21 17:59:41.378549: Current epoch: 370, loss: 0.006008635275065899, validation loss: 0.03752210736274719
2024-03-21 18:00:00.050453:2024-03-21 18:00:00.050331: Current epoch: 371, loss: 0.006247668992727995, validation loss: 0.03644445911049843
2024-03-21 18:00:19.118781:2024-03-21 18:00:19.118708: Current epoch: 372, loss: 0.006001340225338936, validation loss: 0.0368647538125515
2024-03-21 18:00:37.868952:2024-03-21 18:00:37.868842: Current epoch: 373, loss: 0.006015961989760399, validation loss: 0.03631758689880371
2024-03-21 18:00:56.815165:2024-03-21 18:00:56.815064: Current epoch: 374, loss: 0.0061832619830966, validation loss: 0.036115940660238266
2024-03-21 18:01:15.098166:2024-03-21 18:01:15.098075: Current epoch: 375, loss: 0.005981417838484049, validation loss: 0.036076903343200684
2024-03-21 18:01:33.289997:2024-03-21 18:01:33.289927: Current epoch: 376, loss: 0.005989633966237307, validation loss: 0.036931563168764114
2024-03-21 18:01:52.058165:2024-03-21 18:01:52.058051: Current epoch: 377, loss: 0.006076454650610685, validation loss: 0.03628286346793175
2024-03-21 18:02:11.009444:2024-03-21 18:02:11.009328: Current epoch: 378, loss: 0.005973640363663435, validation loss: 0.037409886717796326
2024-03-21 18:02:29.753520:2024-03-21 18:02:29.753405: Current epoch: 379, loss: 0.006279550958424807, validation loss: 0.03725165128707886
2024-03-21 18:02:44.803843:2024-03-21 18:02:44.803779: Current epoch: 380, loss: 0.005847922991961241, validation loss: 0.036274075508117676
2024-03-21 18:03:02.625177:2024-03-21 18:03:02.625030: Current epoch: 381, loss: 0.006035016383975744, validation loss: 0.036420684307813644
2024-03-21 18:03:21.300394:2024-03-21 18:03:21.300279: Current epoch: 382, loss: 0.00609934888780117, validation loss: 0.036245059221982956
2024-03-21 18:03:39.822584:2024-03-21 18:03:39.822415: Current epoch: 383, loss: 0.00618384126573801, validation loss: 0.03647949919104576
2024-03-21 18:03:58.385660:2024-03-21 18:03:58.385560: Current epoch: 384, loss: 0.005931826774030924, validation loss: 0.03686227276921272
2024-03-21 18:04:17.027818:2024-03-21 18:04:17.027668: Current epoch: 385, loss: 0.0058394973166286945, validation loss: 0.0365910641849041
2024-03-21 18:04:35.669161:2024-03-21 18:04:35.669102: Current epoch: 386, loss: 0.006014272570610046, validation loss: 0.03637395426630974
2024-03-21 18:04:54.187799:2024-03-21 18:04:54.187653: Current epoch: 387, loss: 0.005944459233433008, validation loss: 0.036783892661333084
2024-03-21 18:05:12.900139:2024-03-21 18:05:12.900008: Current epoch: 388, loss: 0.005940466653555632, validation loss: 0.036377906799316406
2024-03-21 18:05:31.652441:2024-03-21 18:05:31.652357: Current epoch: 389, loss: 0.00599469942972064, validation loss: 0.03642289713025093
2024-03-21 18:05:50.222997:2024-03-21 18:05:50.222884: Current epoch: 390, loss: 0.00591276353225112, validation loss: 0.03697913885116577
2024-03-21 18:06:08.853704:2024-03-21 18:06:08.853603: Current epoch: 391, loss: 0.005991898011416197, validation loss: 0.03670668229460716
2024-03-21 18:06:27.479110:2024-03-21 18:06:27.479046: Current epoch: 392, loss: 0.005879793781787157, validation loss: 0.036542851477861404
2024-03-21 18:06:46.367952:2024-03-21 18:06:46.367887: Current epoch: 393, loss: 0.005982147064059973, validation loss: 0.03672487661242485
2024-03-21 18:06:47.688137:the test error is  [0.036277707666158676, 0.036277707666158676]
2024-03-21 18:06:50.901378:saved model to sample/alignn_matbert-base-cased_robo_prop_ehull
2024-03-21 18:06:52.078111:done