
2024-02-15 20:10:36.757852:job config: {'train_data_path': '/data/yll6162/alignntl_dft_3d/tl_dataset/dataset_alignn_bert-base-uncased_robo_prop_magmom_outcar_train.csv', 'val_data_path': '/data/yll6162/alignntl_dft_3d/tl_dataset/dataset_alignn_bert-base-uncased_robo_prop_magmom_outcar_val.csv', 'test_data_path': '/data/yll6162/alignntl_dft_3d/tl_dataset/dataset_alignn_bert-base-uncased_robo_prop_magmom_outcar_test.csv', 'label': 'magmom_outcar', 'input_type': None, 'log_folder': 'log', 'log_file': 'alignn_bert-base-uncased_robo_prop_magmom_outcar.log', 'test_metric': 'mae', 'architecture': '1024Rx4D-512Rx3D-256Rx3D-128Rx3D-64Rx2-32Rx1-1', 'model_seed': 0, 'loss_type': 'mae', 'config_file': 'sample/alignn_bert-base-uncased_robo_prop_magmom_outcar_job.config', 'use_valid': True, 'project': 'MOF', 'regressors': None, 'input_types': None, 'paramsGrid': {'optimizer': 'Adam', 'learning_rate': 0.0001, 'patience': 100, 'dropouts': [0.8, 0.9, 0.7, 0.8], 'EVAL_FREQUENCY': 1000}, 'save_path': 'sample/alignn_bert-base-uncased_robo_prop_magmom_outcar', 'model_path': None, 'last_layer_with_weight': True, 'keras_path': 'model/alignn_bert-base-uncased_robo_prop_magmom_outcar', 'test_size': None, 'val_size': None}
2024-02-15 20:10:36.757913:train data path is  /data/yll6162/alignntl_dft_3d/tl_dataset/dataset_alignn_bert-base-uncased_robo_prop_magmom_outcar_train.csv
2024-02-15 20:10:44.220948:input attribute sets are:  None
2024-02-15 20:10:44.221378:test data path is  /data/yll6162/alignntl_dft_3d/tl_dataset/dataset_alignn_bert-base-uncased_robo_prop_magmom_outcar_test.csv
2024-02-15 20:10:45.130654:val data path is  /data/yll6162/alignntl_dft_3d/tl_dataset/dataset_alignn_bert-base-uncased_robo_prop_magmom_outcar_val.csv
2024-02-15 20:10:46.060649:input attributes are:  Index(['0', '1', '2', '3', '4', '5', '6', '7', '8', '9',
       ...
       '758.1', '759.1', '760.1', '761.1', '762.1', '763.1', '764.1', '765.1',
       '766.1', '767.1'],
      dtype='object', length=1535)
2024-02-15 20:10:46.060805:label: magmom_outcar
2024-02-15 20:10:56.655718: train, test, valid sizes:  (30530, 1535) (30530,) (3735, 1535) (3735,) (3750, 1535) (3750,)
2024-02-15 20:10:56.911969:train matrix shape of train_X:  (30530, 1535)  train_y:  (30530,)
2024-02-15 20:10:56.912127:valid matrix shape of train_X:  (3750, 1535)  valid_y:  (3750,)
2024-02-15 20:10:56.912170:test matrix shape of valid_X:   (3735, 1535)  test_y:  (3735,)
2024-02-15 20:10:56.912205:architecture is:  1024Rx4D-512Rx3D-256Rx3D-128Rx3D-64Rx2-32Rx1-1
2024-02-15 20:10:56.912244:learning rate is  0.0001
2024-02-15 20:10:56.912278:model path is  None
2024-02-15 20:10:56.921936:adding fully connected layers with 1024 outputs
2024-02-15 20:10:59.233699:adding residual with fc as the size are different
2024-02-15 20:10:59.240626:adding fully connected layers with 1024 outputs
2024-02-15 20:10:59.245712:adding residual, both sizes are same
2024-02-15 20:10:59.247808:adding fully connected layers with 1024 outputs
2024-02-15 20:10:59.252529:adding residual, both sizes are same
2024-02-15 20:10:59.254452:adding fully connected layers with 1024 outputs
2024-02-15 20:10:59.259148:adding residual, both sizes are same
2024-02-15 20:10:59.261277:adding dropout 0.8
2024-02-15 20:10:59.265555:adding fully connected layers with 512 outputs
2024-02-15 20:10:59.270590:adding residual with fc as the size are different
2024-02-15 20:10:59.276863:adding fully connected layers with 512 outputs
2024-02-15 20:10:59.281845:adding residual, both sizes are same
2024-02-15 20:10:59.283932:adding fully connected layers with 512 outputs
2024-02-15 20:10:59.288578:adding residual, both sizes are same
2024-02-15 20:10:59.290482:adding dropout 0.9
2024-02-15 20:10:59.292114:adding fully connected layers with 256 outputs
2024-02-15 20:10:59.298050:adding residual with fc as the size are different
2024-02-15 20:10:59.304218:adding fully connected layers with 256 outputs
2024-02-15 20:10:59.309115:adding residual, both sizes are same
2024-02-15 20:10:59.314980:adding fully connected layers with 256 outputs
2024-02-15 20:10:59.324296:adding residual, both sizes are same
2024-02-15 20:10:59.327356:adding dropout 0.7
2024-02-15 20:10:59.329537:adding fully connected layers with 128 outputs
2024-02-15 20:10:59.334234:adding residual with fc as the size are different
2024-02-15 20:10:59.340467:adding fully connected layers with 128 outputs
2024-02-15 20:10:59.345287:adding residual, both sizes are same
2024-02-15 20:10:59.347071:adding fully connected layers with 128 outputs
2024-02-15 20:10:59.351887:adding residual, both sizes are same
2024-02-15 20:10:59.353735:adding dropout 0.8
2024-02-15 20:10:59.355276:adding fully connected layers with 64 outputs
2024-02-15 20:10:59.360161:adding residual with fc as the size are different
2024-02-15 20:10:59.366337:adding fully connected layers with 64 outputs
2024-02-15 20:10:59.371139:adding residual, both sizes are same
2024-02-15 20:10:59.373003:adding fully connected layers with 32 outputs
2024-02-15 20:10:59.377910:adding residual with fc as the size are different
2024-02-15 20:10:59.384180:adding final layer with 1 output
2024-02-15 20:10:59.393480:Model: "ElemNet"
2024-02-15 20:10:59.393549:__________________________________________________________________________________________________
2024-02-15 20:10:59.393597:Layer (type)                    Output Shape         Param #     Connected to                     
2024-02-15 20:10:59.393633:==================================================================================================
2024-02-15 20:10:59.393831:elemental_fractions (InputLayer [(None, 1535)]       0                                            
2024-02-15 20:10:59.393876:__________________________________________________________________________________________________
2024-02-15 20:10:59.394031:fc0_0 (Dense)                   (None, 1024)         1572864     elemental_fractions[0][0]        
2024-02-15 20:10:59.394075:__________________________________________________________________________________________________
2024-02-15 20:10:59.394181:fc0_dim_0 (Dense)               (None, 1024)         1572864     elemental_fractions[0][0]        
2024-02-15 20:10:59.394222:__________________________________________________________________________________________________
2024-02-15 20:10:59.394301:tf.__operators__.add (TFOpLambd (None, 1024)         0           fc0_0[0][0]                      
2024-02-15 20:10:59.394344:                                                                 fc0_dim_0[0][0]                  
2024-02-15 20:10:59.394379:__________________________________________________________________________________________________
2024-02-15 20:10:59.394490:fc0_1 (Dense)                   (None, 1024)         1049600     tf.__operators__.add[0][0]       
2024-02-15 20:10:59.394532:__________________________________________________________________________________________________
2024-02-15 20:10:59.394606:tf.__operators__.add_1 (TFOpLam (None, 1024)         0           fc0_1[0][0]                      
2024-02-15 20:10:59.394648:                                                                 tf.__operators__.add[0][0]       
2024-02-15 20:10:59.394682:__________________________________________________________________________________________________
2024-02-15 20:10:59.394782:fc0_2 (Dense)                   (None, 1024)         1049600     tf.__operators__.add_1[0][0]     
2024-02-15 20:10:59.394822:__________________________________________________________________________________________________
2024-02-15 20:10:59.394894:tf.__operators__.add_2 (TFOpLam (None, 1024)         0           fc0_2[0][0]                      
2024-02-15 20:10:59.394935:                                                                 tf.__operators__.add_1[0][0]     
2024-02-15 20:10:59.394970:__________________________________________________________________________________________________
2024-02-15 20:10:59.395067:fc0_3 (Dense)                   (None, 1024)         1049600     tf.__operators__.add_2[0][0]     
2024-02-15 20:10:59.395107:__________________________________________________________________________________________________
2024-02-15 20:10:59.395178:tf.__operators__.add_3 (TFOpLam (None, 1024)         0           fc0_3[0][0]                      
2024-02-15 20:10:59.395228:                                                                 tf.__operators__.add_2[0][0]     
2024-02-15 20:10:59.395263:__________________________________________________________________________________________________
2024-02-15 20:10:59.395334:dropout (Dropout)               (None, 1024)         0           tf.__operators__.add_3[0][0]     
2024-02-15 20:10:59.395372:__________________________________________________________________________________________________
2024-02-15 20:10:59.395479:fc1_0 (Dense)                   (None, 512)          524800      dropout[0][0]                    
2024-02-15 20:10:59.395521:__________________________________________________________________________________________________
2024-02-15 20:10:59.395619:fc1_dim_0 (Dense)               (None, 512)          524800      dropout[0][0]                    
2024-02-15 20:10:59.395659:__________________________________________________________________________________________________
2024-02-15 20:10:59.395731:tf.__operators__.add_4 (TFOpLam (None, 512)          0           fc1_0[0][0]                      
2024-02-15 20:10:59.395772:                                                                 fc1_dim_0[0][0]                  
2024-02-15 20:10:59.395806:__________________________________________________________________________________________________
2024-02-15 20:10:59.395901:fc1_1 (Dense)                   (None, 512)          262656      tf.__operators__.add_4[0][0]     
2024-02-15 20:10:59.395942:__________________________________________________________________________________________________
2024-02-15 20:10:59.396015:tf.__operators__.add_5 (TFOpLam (None, 512)          0           fc1_1[0][0]                      
2024-02-15 20:10:59.396056:                                                                 tf.__operators__.add_4[0][0]     
2024-02-15 20:10:59.396090:__________________________________________________________________________________________________
2024-02-15 20:10:59.396186:fc1_2 (Dense)                   (None, 512)          262656      tf.__operators__.add_5[0][0]     
2024-02-15 20:10:59.396225:__________________________________________________________________________________________________
2024-02-15 20:10:59.396297:tf.__operators__.add_6 (TFOpLam (None, 512)          0           fc1_2[0][0]                      
2024-02-15 20:10:59.396338:                                                                 tf.__operators__.add_5[0][0]     
2024-02-15 20:10:59.396372:__________________________________________________________________________________________________
2024-02-15 20:10:59.396447:dropout_1 (Dropout)             (None, 512)          0           tf.__operators__.add_6[0][0]     
2024-02-15 20:10:59.396486:__________________________________________________________________________________________________
2024-02-15 20:10:59.396582:fc2_0 (Dense)                   (None, 256)          131328      dropout_1[0][0]                  
2024-02-15 20:10:59.396622:__________________________________________________________________________________________________
2024-02-15 20:10:59.396716:fc2_dim_0 (Dense)               (None, 256)          131328      dropout_1[0][0]                  
2024-02-15 20:10:59.396755:__________________________________________________________________________________________________
2024-02-15 20:10:59.396826:tf.__operators__.add_7 (TFOpLam (None, 256)          0           fc2_0[0][0]                      
2024-02-15 20:10:59.396868:                                                                 fc2_dim_0[0][0]                  
2024-02-15 20:10:59.396902:__________________________________________________________________________________________________
2024-02-15 20:10:59.396996:fc2_1 (Dense)                   (None, 256)          65792       tf.__operators__.add_7[0][0]     
2024-02-15 20:10:59.397036:__________________________________________________________________________________________________
2024-02-15 20:10:59.397113:tf.__operators__.add_8 (TFOpLam (None, 256)          0           fc2_1[0][0]                      
2024-02-15 20:10:59.397156:                                                                 tf.__operators__.add_7[0][0]     
2024-02-15 20:10:59.397190:__________________________________________________________________________________________________
2024-02-15 20:10:59.397284:fc2_2 (Dense)                   (None, 256)          65792       tf.__operators__.add_8[0][0]     
2024-02-15 20:10:59.397339:__________________________________________________________________________________________________
2024-02-15 20:10:59.397439:tf.__operators__.add_9 (TFOpLam (None, 256)          0           fc2_2[0][0]                      
2024-02-15 20:10:59.397484:                                                                 tf.__operators__.add_8[0][0]     
2024-02-15 20:10:59.397519:__________________________________________________________________________________________________
2024-02-15 20:10:59.397590:dropout_2 (Dropout)             (None, 256)          0           tf.__operators__.add_9[0][0]     
2024-02-15 20:10:59.397628:__________________________________________________________________________________________________
2024-02-15 20:10:59.397736:fc3_0 (Dense)                   (None, 128)          32896       dropout_2[0][0]                  
2024-02-15 20:10:59.397776:__________________________________________________________________________________________________
2024-02-15 20:10:59.397871:fc3_dim_0 (Dense)               (None, 128)          32896       dropout_2[0][0]                  
2024-02-15 20:10:59.397910:__________________________________________________________________________________________________
2024-02-15 20:10:59.397981:tf.__operators__.add_10 (TFOpLa (None, 128)          0           fc3_0[0][0]                      
2024-02-15 20:10:59.398022:                                                                 fc3_dim_0[0][0]                  
2024-02-15 20:10:59.398057:__________________________________________________________________________________________________
2024-02-15 20:10:59.398150:fc3_1 (Dense)                   (None, 128)          16512       tf.__operators__.add_10[0][0]    
2024-02-15 20:10:59.398190:__________________________________________________________________________________________________
2024-02-15 20:10:59.398261:tf.__operators__.add_11 (TFOpLa (None, 128)          0           fc3_1[0][0]                      
2024-02-15 20:10:59.398301:                                                                 tf.__operators__.add_10[0][0]    
2024-02-15 20:10:59.398335:__________________________________________________________________________________________________
2024-02-15 20:10:59.398436:fc3_2 (Dense)                   (None, 128)          16512       tf.__operators__.add_11[0][0]    
2024-02-15 20:10:59.398477:__________________________________________________________________________________________________
2024-02-15 20:10:59.398581:tf.__operators__.add_12 (TFOpLa (None, 128)          0           fc3_2[0][0]                      
2024-02-15 20:10:59.398630:                                                                 tf.__operators__.add_11[0][0]    
2024-02-15 20:10:59.398665:__________________________________________________________________________________________________
2024-02-15 20:10:59.398735:dropout_3 (Dropout)             (None, 128)          0           tf.__operators__.add_12[0][0]    
2024-02-15 20:10:59.398773:__________________________________________________________________________________________________
2024-02-15 20:10:59.398876:fc4_0 (Dense)                   (None, 64)           8256        dropout_3[0][0]                  
2024-02-15 20:10:59.398916:__________________________________________________________________________________________________
2024-02-15 20:10:59.399012:fc4_dim_0 (Dense)               (None, 64)           8256        dropout_3[0][0]                  
2024-02-15 20:10:59.399052:__________________________________________________________________________________________________
2024-02-15 20:10:59.399130:tf.__operators__.add_13 (TFOpLa (None, 64)           0           fc4_0[0][0]                      
2024-02-15 20:10:59.399172:                                                                 fc4_dim_0[0][0]                  
2024-02-15 20:10:59.399206:__________________________________________________________________________________________________
2024-02-15 20:10:59.399301:fc4_1 (Dense)                   (None, 64)           4160        tf.__operators__.add_13[0][0]    
2024-02-15 20:10:59.399341:__________________________________________________________________________________________________
2024-02-15 20:10:59.399422:tf.__operators__.add_14 (TFOpLa (None, 64)           0           fc4_1[0][0]                      
2024-02-15 20:10:59.399482:                                                                 tf.__operators__.add_13[0][0]    
2024-02-15 20:10:59.399517:__________________________________________________________________________________________________
2024-02-15 20:10:59.399617:fc5_0 (Dense)                   (None, 32)           2080        tf.__operators__.add_14[0][0]    
2024-02-15 20:10:59.399658:__________________________________________________________________________________________________
2024-02-15 20:10:59.399756:fc5_dim_0 (Dense)               (None, 32)           2080        tf.__operators__.add_14[0][0]    
2024-02-15 20:10:59.400614:__________________________________________________________________________________________________
2024-02-15 20:10:59.400702:tf.__operators__.add_15 (TFOpLa (None, 32)           0           fc5_0[0][0]                      
2024-02-15 20:10:59.400746:                                                                 fc5_dim_0[0][0]                  
2024-02-15 20:10:59.400781:__________________________________________________________________________________________________
2024-02-15 20:10:59.400882:fc6 (Dense)                     (None, 1)            33          tf.__operators__.add_15[0][0]    
2024-02-15 20:10:59.400922:==================================================================================================
2024-02-15 20:10:59.401503:Total params: 8,387,361
2024-02-15 20:10:59.401555:Trainable params: 8,387,361
2024-02-15 20:10:59.401593:Non-trainable params: 0
2024-02-15 20:10:59.401627:__________________________________________________________________________________________________
2024-02-15 20:10:59.411624:start training
2024-02-15 20:11:09.820346:2024-02-15 20:11:09.820280: Current epoch: 0, loss: 2.874943733215332, validation loss: 1.2062760591506958
2024-02-15 20:11:18.464320:2024-02-15 20:11:18.464225: Current epoch: 1, loss: 1.068044900894165, validation loss: 1.267069697380066
2024-02-15 20:11:27.237652:2024-02-15 20:11:27.237568: Current epoch: 2, loss: 0.8575904965400696, validation loss: 0.9701074957847595
2024-02-15 20:11:35.995658:2024-02-15 20:11:35.995575: Current epoch: 3, loss: 0.7250521779060364, validation loss: 0.7529070377349854
2024-02-15 20:11:44.723895:2024-02-15 20:11:44.723745: Current epoch: 4, loss: 0.6626285910606384, validation loss: 0.8549633026123047
2024-02-15 20:11:54.223321:2024-02-15 20:11:54.223195: Current epoch: 5, loss: 0.6203842759132385, validation loss: 0.7711992263793945
2024-02-15 20:12:03.306634:2024-02-15 20:12:03.306550: Current epoch: 6, loss: 0.5745997428894043, validation loss: 0.7360004782676697
2024-02-15 20:12:12.320811:2024-02-15 20:12:12.320679: Current epoch: 7, loss: 0.5590452551841736, validation loss: 0.6165519952774048
2024-02-15 20:12:20.756933:2024-02-15 20:12:20.756786: Current epoch: 8, loss: 0.5206176042556763, validation loss: 0.72201007604599
2024-02-15 20:12:29.488131:2024-02-15 20:12:29.488059: Current epoch: 9, loss: 0.49404290318489075, validation loss: 0.5251151919364929
2024-02-15 20:12:40.485262:2024-02-15 20:12:40.485122: Current epoch: 10, loss: 0.475324422121048, validation loss: 0.6307253837585449
2024-02-15 20:12:49.261512:2024-02-15 20:12:49.261342: Current epoch: 11, loss: 0.4512452781200409, validation loss: 0.648899257183075
2024-02-15 20:12:57.994231:2024-02-15 20:12:57.994088: Current epoch: 12, loss: 0.42159348726272583, validation loss: 0.7717400193214417
2024-02-15 20:13:06.948530:2024-02-15 20:13:06.948450: Current epoch: 13, loss: 0.41681355237960815, validation loss: 0.4946000576019287
2024-02-15 20:13:15.751045:2024-02-15 20:13:15.750883: Current epoch: 14, loss: 0.40575969219207764, validation loss: 0.6141172051429749
2024-02-15 20:13:24.681509:2024-02-15 20:13:24.681437: Current epoch: 15, loss: 0.39133787155151367, validation loss: 0.48876282572746277
2024-02-15 20:13:34.153054:2024-02-15 20:13:34.152941: Current epoch: 16, loss: 0.37886691093444824, validation loss: 0.5646435618400574
2024-02-15 20:13:43.299966:2024-02-15 20:13:43.299806: Current epoch: 17, loss: 0.358176052570343, validation loss: 0.5450737476348877
2024-02-15 20:13:52.704119:2024-02-15 20:13:52.704053: Current epoch: 18, loss: 0.3522891104221344, validation loss: 0.4588544964790344
2024-02-15 20:14:01.347286:2024-02-15 20:14:01.347190: Current epoch: 19, loss: 0.340597003698349, validation loss: 0.48010364174842834
2024-02-15 20:14:12.236429:2024-02-15 20:14:12.236343: Current epoch: 20, loss: 0.33440712094306946, validation loss: 0.45039233565330505
2024-02-15 20:14:20.725099:2024-02-15 20:14:20.724960: Current epoch: 21, loss: 0.31079477071762085, validation loss: 0.44466885924339294
2024-02-15 20:14:29.239720:2024-02-15 20:14:29.239651: Current epoch: 22, loss: 0.3110974431037903, validation loss: 0.4456142485141754
2024-02-15 20:14:37.683855:2024-02-15 20:14:37.683783: Current epoch: 23, loss: 0.3048184812068939, validation loss: 0.5391393303871155
2024-02-15 20:14:46.073966:2024-02-15 20:14:46.073796: Current epoch: 24, loss: 0.29141050577163696, validation loss: 0.46607616543769836
2024-02-15 20:14:54.360233:2024-02-15 20:14:54.360155: Current epoch: 25, loss: 0.2914690375328064, validation loss: 0.4622785747051239
2024-02-15 20:15:02.520540:2024-02-15 20:15:02.520362: Current epoch: 26, loss: 0.2777424454689026, validation loss: 0.45798227190971375
2024-02-15 20:15:11.128523:2024-02-15 20:15:11.128441: Current epoch: 27, loss: 0.27431559562683105, validation loss: 0.4716009497642517
2024-02-15 20:15:19.440446:2024-02-15 20:15:19.440269: Current epoch: 28, loss: 0.2779068946838379, validation loss: 0.448466420173645
2024-02-15 20:15:28.309116:2024-02-15 20:15:28.309027: Current epoch: 29, loss: 0.26030901074409485, validation loss: 0.4189987778663635
2024-02-15 20:15:39.602666:2024-02-15 20:15:39.602582: Current epoch: 30, loss: 0.25818508863449097, validation loss: 0.42191290855407715
2024-02-15 20:15:48.118876:2024-02-15 20:15:48.118729: Current epoch: 31, loss: 0.25012102723121643, validation loss: 0.4261985719203949
2024-02-15 20:15:56.721302:2024-02-15 20:15:56.721169: Current epoch: 32, loss: 0.2543889880180359, validation loss: 0.4594663083553314
2024-02-15 20:16:05.337528:2024-02-15 20:16:05.337354: Current epoch: 33, loss: 0.24372634291648865, validation loss: 0.4251278042793274
2024-02-15 20:16:14.104023:2024-02-15 20:16:14.103882: Current epoch: 34, loss: 0.24280554056167603, validation loss: 0.44585785269737244
2024-02-15 20:16:23.202607:2024-02-15 20:16:23.202542: Current epoch: 35, loss: 0.2347777634859085, validation loss: 0.44413724541664124
2024-02-15 20:16:31.685069:2024-02-15 20:16:31.684834: Current epoch: 36, loss: 0.23258650302886963, validation loss: 0.442462682723999
2024-02-15 20:16:40.509661:2024-02-15 20:16:40.509512: Current epoch: 37, loss: 0.22305266559123993, validation loss: 0.4436938464641571
2024-02-15 20:16:49.309731:2024-02-15 20:16:49.309570: Current epoch: 38, loss: 0.2184796780347824, validation loss: 0.4627038836479187
2024-02-15 20:16:58.225833:2024-02-15 20:16:58.225520: Current epoch: 39, loss: 0.21955172717571259, validation loss: 0.4375772178173065
2024-02-15 20:17:06.787446:2024-02-15 20:17:06.787281: Current epoch: 40, loss: 0.21137647330760956, validation loss: 0.4416321814060211
2024-02-15 20:17:15.584049:2024-02-15 20:17:15.583945: Current epoch: 41, loss: 0.2185939997434616, validation loss: 0.43989527225494385
2024-02-15 20:17:24.021087:2024-02-15 20:17:24.021010: Current epoch: 42, loss: 0.210724875330925, validation loss: 0.4775394797325134
2024-02-15 20:17:32.792875:2024-02-15 20:17:32.792795: Current epoch: 43, loss: 0.21133367717266083, validation loss: 0.38372915983200073
2024-02-15 20:17:40.979599:2024-02-15 20:17:40.979452: Current epoch: 44, loss: 0.2008390873670578, validation loss: 0.41673925518989563
2024-02-15 20:17:49.529354:2024-02-15 20:17:49.529208: Current epoch: 45, loss: 0.1985185593366623, validation loss: 0.42251986265182495
2024-02-15 20:17:58.372019:2024-02-15 20:17:58.371886: Current epoch: 46, loss: 0.19711704552173615, validation loss: 0.5252097845077515
2024-02-15 20:18:07.049827:2024-02-15 20:18:07.049748: Current epoch: 47, loss: 0.20707008242607117, validation loss: 0.4064692258834839
2024-02-15 20:18:15.410264:2024-02-15 20:18:15.410194: Current epoch: 48, loss: 0.18848083913326263, validation loss: 0.475963294506073
2024-02-15 20:18:23.609078:2024-02-15 20:18:23.608977: Current epoch: 49, loss: 0.19474145770072937, validation loss: 0.40672969818115234
2024-02-15 20:18:35.086291:2024-02-15 20:18:35.086212: Current epoch: 50, loss: 0.18571080267429352, validation loss: 0.430594801902771
2024-02-15 20:18:44.079741:2024-02-15 20:18:44.079627: Current epoch: 51, loss: 0.18879610300064087, validation loss: 0.42157384753227234
2024-02-15 20:18:52.995051:2024-02-15 20:18:52.994975: Current epoch: 52, loss: 0.1820918321609497, validation loss: 0.3890933692455292
2024-02-15 20:19:01.985288:2024-02-15 20:19:01.985205: Current epoch: 53, loss: 0.18243928253650665, validation loss: 0.3788425028324127
2024-02-15 20:19:10.850528:2024-02-15 20:19:10.850356: Current epoch: 54, loss: 0.18472951650619507, validation loss: 0.3923596143722534
2024-02-15 20:19:19.491817:2024-02-15 20:19:19.491685: Current epoch: 55, loss: 0.17328280210494995, validation loss: 0.3920130729675293
2024-02-15 20:19:28.285089:2024-02-15 20:19:28.284917: Current epoch: 56, loss: 0.17554032802581787, validation loss: 0.4747854173183441
2024-02-15 20:19:37.033270:2024-02-15 20:19:37.033113: Current epoch: 57, loss: 0.17523594200611115, validation loss: 0.4108232855796814
2024-02-15 20:19:45.298319:2024-02-15 20:19:45.298163: Current epoch: 58, loss: 0.1729167401790619, validation loss: 0.41235408186912537
2024-02-15 20:19:53.577155:2024-02-15 20:19:53.576992: Current epoch: 59, loss: 0.17040972411632538, validation loss: 0.39668598771095276
2024-02-15 20:20:04.878601:2024-02-15 20:20:04.878438: Current epoch: 60, loss: 0.16990621387958527, validation loss: 0.38392147421836853
2024-02-15 20:20:13.347695:2024-02-15 20:20:13.347555: Current epoch: 61, loss: 0.16330333054065704, validation loss: 0.3938751220703125
2024-02-15 20:20:22.239643:2024-02-15 20:20:22.239500: Current epoch: 62, loss: 0.16260141134262085, validation loss: 0.39082613587379456
2024-02-15 20:20:30.442033:2024-02-15 20:20:30.441876: Current epoch: 63, loss: 0.16072486340999603, validation loss: 0.38272690773010254
2024-02-15 20:20:39.004464:2024-02-15 20:20:39.004366: Current epoch: 64, loss: 0.16240815818309784, validation loss: 0.40393057465553284
2024-02-15 20:20:47.527265:2024-02-15 20:20:47.527211: Current epoch: 65, loss: 0.16197741031646729, validation loss: 0.37726715207099915
2024-02-15 20:20:56.509894:2024-02-15 20:20:56.509756: Current epoch: 66, loss: 0.1574205458164215, validation loss: 0.39094504714012146
2024-02-15 20:21:04.903898:2024-02-15 20:21:04.903830: Current epoch: 67, loss: 0.1585279256105423, validation loss: 0.375074565410614
2024-02-15 20:21:13.235592:2024-02-15 20:21:13.235487: Current epoch: 68, loss: 0.15460115671157837, validation loss: 0.4024217426776886
2024-02-15 20:21:21.748920:2024-02-15 20:21:21.748764: Current epoch: 69, loss: 0.16027472913265228, validation loss: 0.38971778750419617
2024-02-15 20:21:32.522074:2024-02-15 20:21:32.521915: Current epoch: 70, loss: 0.149112731218338, validation loss: 0.40523168444633484
2024-02-15 20:21:41.032619:2024-02-15 20:21:41.032543: Current epoch: 71, loss: 0.15514828264713287, validation loss: 0.3929288387298584
2024-02-15 20:21:49.158792:2024-02-15 20:21:49.158635: Current epoch: 72, loss: 0.1487366408109665, validation loss: 0.5036191940307617
2024-02-15 20:21:57.334738:2024-02-15 20:21:57.334643: Current epoch: 73, loss: 0.16837184131145477, validation loss: 0.37746959924697876
2024-02-15 20:22:06.143819:2024-02-15 20:22:06.143716: Current epoch: 74, loss: 0.14595913887023926, validation loss: 0.40905824303627014
2024-02-15 20:22:14.241696:2024-02-15 20:22:14.241619: Current epoch: 75, loss: 0.14381003379821777, validation loss: 0.38033145666122437
2024-02-15 20:22:22.960458:2024-02-15 20:22:22.960362: Current epoch: 76, loss: 0.14207762479782104, validation loss: 0.3934475779533386
2024-02-15 20:22:31.442743:2024-02-15 20:22:31.442662: Current epoch: 77, loss: 0.14038459956645966, validation loss: 0.3700394928455353
2024-02-15 20:22:39.838496:2024-02-15 20:22:39.838400: Current epoch: 78, loss: 0.1416293978691101, validation loss: 0.38677629828453064
2024-02-15 20:22:48.092832:2024-02-15 20:22:48.092755: Current epoch: 79, loss: 0.1481095254421234, validation loss: 0.37231123447418213
2024-02-15 20:22:59.181148:2024-02-15 20:22:59.181003: Current epoch: 80, loss: 0.1397426873445511, validation loss: 0.3709564507007599
2024-02-15 20:23:08.029933:2024-02-15 20:23:08.029855: Current epoch: 81, loss: 0.14000533521175385, validation loss: 0.3743162155151367
2024-02-15 20:23:16.944105:2024-02-15 20:23:16.944028: Current epoch: 82, loss: 0.13586312532424927, validation loss: 0.4148811101913452
2024-02-15 20:23:25.716961:2024-02-15 20:23:25.716915: Current epoch: 83, loss: 0.13700202107429504, validation loss: 0.3833664357662201
2024-02-15 20:23:34.328819:2024-02-15 20:23:34.328703: Current epoch: 84, loss: 0.13156884908676147, validation loss: 0.3771994411945343
2024-02-15 20:23:42.656797:2024-02-15 20:23:42.656694: Current epoch: 85, loss: 0.13534338772296906, validation loss: 0.37594524025917053
2024-02-15 20:23:51.195640:2024-02-15 20:23:51.195561: Current epoch: 86, loss: 0.13285177946090698, validation loss: 0.3966039717197418
2024-02-15 20:24:00.090454:2024-02-15 20:24:00.090375: Current epoch: 87, loss: 0.13419365882873535, validation loss: 0.3662862777709961
2024-02-15 20:24:08.566732:2024-02-15 20:24:08.566629: Current epoch: 88, loss: 0.13297833502292633, validation loss: 0.3748393654823303
2024-02-15 20:24:17.039764:2024-02-15 20:24:17.039685: Current epoch: 89, loss: 0.13231386244297028, validation loss: 0.38375189900398254
2024-02-15 20:24:25.412201:2024-02-15 20:24:25.412121: Current epoch: 90, loss: 0.12880931794643402, validation loss: 0.363909512758255
2024-02-15 20:24:33.730636:2024-02-15 20:24:33.730558: Current epoch: 91, loss: 0.12539061903953552, validation loss: 0.37431734800338745
2024-02-15 20:24:42.076332:2024-02-15 20:24:42.076279: Current epoch: 92, loss: 0.12930651009082794, validation loss: 0.3633464574813843
2024-02-15 20:24:50.477622:2024-02-15 20:24:50.477462: Current epoch: 93, loss: 0.13442932069301605, validation loss: 0.37166380882263184
2024-02-15 20:24:58.951327:2024-02-15 20:24:58.951250: Current epoch: 94, loss: 0.12912233173847198, validation loss: 0.37932464480400085
2024-02-15 20:25:07.340928:2024-02-15 20:25:07.340850: Current epoch: 95, loss: 0.12636429071426392, validation loss: 0.3766157627105713
2024-02-15 20:25:15.672731:2024-02-15 20:25:15.672654: Current epoch: 96, loss: 0.1252095103263855, validation loss: 0.3698338270187378
2024-02-15 20:25:24.495738:2024-02-15 20:25:24.495607: Current epoch: 97, loss: 0.13469426333904266, validation loss: 0.3814956843852997
2024-02-15 20:25:33.457839:2024-02-15 20:25:33.457739: Current epoch: 98, loss: 0.12392590939998627, validation loss: 0.37909090518951416
2024-02-15 20:25:41.984528:2024-02-15 20:25:41.984470: Current epoch: 99, loss: 0.12404584884643555, validation loss: 0.36104387044906616
2024-02-15 20:25:53.338029:2024-02-15 20:25:53.337961: Current epoch: 100, loss: 0.12260701507329941, validation loss: 0.3875628709793091
2024-02-15 20:26:02.501767:2024-02-15 20:26:02.501612: Current epoch: 101, loss: 0.1310247927904129, validation loss: 0.3785523474216461
2024-02-15 20:26:11.386885:2024-02-15 20:26:11.386756: Current epoch: 102, loss: 0.12369173765182495, validation loss: 0.3885686993598938
2024-02-15 20:26:20.171962:2024-02-15 20:26:20.171868: Current epoch: 103, loss: 0.11763446033000946, validation loss: 0.3615291118621826
2024-02-15 20:26:29.179488:2024-02-15 20:26:29.179342: Current epoch: 104, loss: 0.11758067458868027, validation loss: 0.38009196519851685
2024-02-15 20:26:38.091180:2024-02-15 20:26:38.091041: Current epoch: 105, loss: 0.12138377130031586, validation loss: 0.3657040297985077
2024-02-15 20:26:46.790074:2024-02-15 20:26:46.790020: Current epoch: 106, loss: 0.11850607395172119, validation loss: 0.3737526834011078
2024-02-15 20:26:55.470306:2024-02-15 20:26:55.470152: Current epoch: 107, loss: 0.12851326167583466, validation loss: 0.3818444311618805
2024-02-15 20:27:03.609755:2024-02-15 20:27:03.609683: Current epoch: 108, loss: 0.11524730920791626, validation loss: 0.3659578263759613
2024-02-15 20:27:12.000618:2024-02-15 20:27:12.000442: Current epoch: 109, loss: 0.11817992478609085, validation loss: 0.37716248631477356
2024-02-15 20:27:20.420736:2024-02-15 20:27:20.420681: Current epoch: 110, loss: 0.12190850079059601, validation loss: 0.35901275277137756
2024-02-15 20:27:28.814830:2024-02-15 20:27:28.814752: Current epoch: 111, loss: 0.11211376637220383, validation loss: 0.37505149841308594
2024-02-15 20:27:36.956775:2024-02-15 20:27:36.956698: Current epoch: 112, loss: 0.11331848800182343, validation loss: 0.36099156737327576
2024-02-15 20:27:45.503905:2024-02-15 20:27:45.503841: Current epoch: 113, loss: 0.11300481110811234, validation loss: 0.4039148986339569
2024-02-15 20:27:54.092925:2024-02-15 20:27:54.092769: Current epoch: 114, loss: 0.12181567400693893, validation loss: 0.3732379674911499
2024-02-15 20:28:02.463123:2024-02-15 20:28:02.463047: Current epoch: 115, loss: 0.11371786147356033, validation loss: 0.37229129672050476
2024-02-15 20:28:11.027987:2024-02-15 20:28:11.027922: Current epoch: 116, loss: 0.11542228609323502, validation loss: 0.3694165349006653
2024-02-15 20:28:19.763946:2024-02-15 20:28:19.763838: Current epoch: 117, loss: 0.10674486309289932, validation loss: 0.3677753508090973
2024-02-15 20:28:28.281914:2024-02-15 20:28:28.281821: Current epoch: 118, loss: 0.11022830009460449, validation loss: 0.3647557497024536
2024-02-15 20:28:36.864746:2024-02-15 20:28:36.864598: Current epoch: 119, loss: 0.10809057205915451, validation loss: 0.37088242173194885
2024-02-15 20:28:45.702756:2024-02-15 20:28:45.702694: Current epoch: 120, loss: 0.11360985040664673, validation loss: 0.3602101802825928
2024-02-15 20:28:54.528677:2024-02-15 20:28:54.528544: Current epoch: 121, loss: 0.10723477602005005, validation loss: 0.36070916056632996
2024-02-15 20:29:03.428949:2024-02-15 20:29:03.428847: Current epoch: 122, loss: 0.10960979014635086, validation loss: 0.36050835251808167
2024-02-15 20:29:12.291267:2024-02-15 20:29:12.291143: Current epoch: 123, loss: 0.1037423387169838, validation loss: 0.3803076148033142
2024-02-15 20:29:20.876203:2024-02-15 20:29:20.876048: Current epoch: 124, loss: 0.10966942459344864, validation loss: 0.3666676878929138
2024-02-15 20:29:29.282505:2024-02-15 20:29:29.282426: Current epoch: 125, loss: 0.10546558350324631, validation loss: 0.36629635095596313
2024-02-15 20:29:37.792921:2024-02-15 20:29:37.792793: Current epoch: 126, loss: 0.11000323295593262, validation loss: 0.361093670129776
2024-02-15 20:29:46.732702:2024-02-15 20:29:46.732584: Current epoch: 127, loss: 0.10245604068040848, validation loss: 0.3833375573158264
2024-02-15 20:29:55.684357:2024-02-15 20:29:55.684215: Current epoch: 128, loss: 0.11336401104927063, validation loss: 0.3534906208515167
2024-02-15 20:30:04.698440:2024-02-15 20:30:04.698270: Current epoch: 129, loss: 0.10481582581996918, validation loss: 0.37179243564605713
2024-02-15 20:30:13.540777:2024-02-15 20:30:13.540655: Current epoch: 130, loss: 0.09996550530195236, validation loss: 0.36865684390068054
2024-02-15 20:30:22.240284:2024-02-15 20:30:22.240152: Current epoch: 131, loss: 0.10168169438838959, validation loss: 0.37966474890708923
2024-02-15 20:30:30.860177:2024-02-15 20:30:30.860079: Current epoch: 132, loss: 0.10155357420444489, validation loss: 0.372881680727005
2024-02-15 20:30:39.706992:2024-02-15 20:30:39.706845: Current epoch: 133, loss: 0.1057436540722847, validation loss: 0.36831429600715637
2024-02-15 20:30:48.590952:2024-02-15 20:30:48.590831: Current epoch: 134, loss: 0.10429441928863525, validation loss: 0.3774591088294983
2024-02-15 20:30:57.472956:2024-02-15 20:30:57.472875: Current epoch: 135, loss: 0.10536375641822815, validation loss: 0.3598128855228424
2024-02-15 20:31:06.321980:2024-02-15 20:31:06.321833: Current epoch: 136, loss: 0.09957213699817657, validation loss: 0.37793025374412537
2024-02-15 20:31:15.075707:2024-02-15 20:31:15.075498: Current epoch: 137, loss: 0.09892234951257706, validation loss: 0.36430203914642334
2024-02-15 20:31:24.264092:2024-02-15 20:31:24.263920: Current epoch: 138, loss: 0.10348936915397644, validation loss: 0.38588035106658936
2024-02-15 20:31:32.955590:2024-02-15 20:31:32.955453: Current epoch: 139, loss: 0.10447469353675842, validation loss: 0.3867080509662628
2024-02-15 20:31:41.794347:2024-02-15 20:31:41.794212: Current epoch: 140, loss: 0.10717892646789551, validation loss: 0.3648860454559326
2024-02-15 20:31:51.581262:2024-02-15 20:31:51.581100: Current epoch: 141, loss: 0.09630999714136124, validation loss: 0.37674081325531006
2024-02-15 20:31:59.965914:2024-02-15 20:31:59.965830: Current epoch: 142, loss: 0.0984501913189888, validation loss: 0.35016006231307983
2024-02-15 20:32:08.988031:2024-02-15 20:32:08.987936: Current epoch: 143, loss: 0.09670599550008774, validation loss: 0.35690703988075256
2024-02-15 20:32:17.872653:2024-02-15 20:32:17.872505: Current epoch: 144, loss: 0.09878414869308472, validation loss: 0.3730309009552002
2024-02-15 20:32:26.639133:2024-02-15 20:32:26.639057: Current epoch: 145, loss: 0.09462397545576096, validation loss: 0.3645919859409332
2024-02-15 20:32:35.659477:2024-02-15 20:32:35.659381: Current epoch: 146, loss: 0.09865310043096542, validation loss: 0.36689090728759766
2024-02-15 20:32:44.227521:2024-02-15 20:32:44.227348: Current epoch: 147, loss: 0.09728338569402695, validation loss: 0.359990656375885
2024-02-15 20:32:52.754010:2024-02-15 20:32:52.753950: Current epoch: 148, loss: 0.09882901608943939, validation loss: 0.35004186630249023
2024-02-15 20:33:01.624856:2024-02-15 20:33:01.624703: Current epoch: 149, loss: 0.09668325632810593, validation loss: 0.37824565172195435
2024-02-15 20:33:10.463353:2024-02-15 20:33:10.463250: Current epoch: 150, loss: 0.09949596226215363, validation loss: 0.36455807089805603
2024-02-15 20:33:19.415762:2024-02-15 20:33:19.415687: Current epoch: 151, loss: 0.096276193857193, validation loss: 0.35543790459632874
2024-02-15 20:33:28.289516:2024-02-15 20:33:28.289383: Current epoch: 152, loss: 0.09801412373781204, validation loss: 0.35482749342918396
2024-02-15 20:33:36.714341:2024-02-15 20:33:36.714199: Current epoch: 153, loss: 0.09150838106870651, validation loss: 0.3703532814979553
2024-02-15 20:33:45.143537:2024-02-15 20:33:45.143456: Current epoch: 154, loss: 0.09239057451486588, validation loss: 0.3727635443210602
2024-02-15 20:33:53.847299:2024-02-15 20:33:53.847122: Current epoch: 155, loss: 0.0924466997385025, validation loss: 0.3501778244972229
2024-02-15 20:34:02.659726:2024-02-15 20:34:02.659651: Current epoch: 156, loss: 0.09071067720651627, validation loss: 0.3576158285140991
2024-02-15 20:34:11.089273:2024-02-15 20:34:11.089105: Current epoch: 157, loss: 0.09793911129236221, validation loss: 0.37168070673942566
2024-02-15 20:34:19.480898:2024-02-15 20:34:19.480823: Current epoch: 158, loss: 0.09345155954360962, validation loss: 0.36598899960517883
2024-02-15 20:34:27.746815:2024-02-15 20:34:27.746738: Current epoch: 159, loss: 0.08806578069925308, validation loss: 0.37577909231185913
2024-02-15 20:34:36.716658:2024-02-15 20:34:36.716502: Current epoch: 160, loss: 0.08996547013521194, validation loss: 0.3633459210395813
2024-02-15 20:34:45.656983:2024-02-15 20:34:45.656846: Current epoch: 161, loss: 0.09393705427646637, validation loss: 0.36272478103637695
2024-02-15 20:34:54.482289:2024-02-15 20:34:54.482220: Current epoch: 162, loss: 0.09083230048418045, validation loss: 0.37176257371902466
2024-02-15 20:35:03.510519:2024-02-15 20:35:03.510342: Current epoch: 163, loss: 0.09466838836669922, validation loss: 0.35333672165870667
2024-02-15 20:35:12.573314:2024-02-15 20:35:12.573160: Current epoch: 164, loss: 0.09233281761407852, validation loss: 0.3671838939189911
2024-02-15 20:35:21.174156:2024-02-15 20:35:21.173996: Current epoch: 165, loss: 0.090858593583107, validation loss: 0.35354387760162354
2024-02-15 20:35:29.821687:2024-02-15 20:35:29.821636: Current epoch: 166, loss: 0.09039388597011566, validation loss: 0.34686243534088135
2024-02-15 20:35:38.653468:2024-02-15 20:35:38.653319: Current epoch: 167, loss: 0.09403125196695328, validation loss: 0.36736810207366943
2024-02-15 20:35:47.341579:2024-02-15 20:35:47.341419: Current epoch: 168, loss: 0.09189119189977646, validation loss: 0.3520171046257019
2024-02-15 20:35:56.352817:2024-02-15 20:35:56.352690: Current epoch: 169, loss: 0.08530213683843613, validation loss: 0.3590126633644104
2024-02-15 20:36:07.801828:2024-02-15 20:36:07.801670: Current epoch: 170, loss: 0.08643725514411926, validation loss: 0.361738920211792
2024-02-15 20:36:16.700529:2024-02-15 20:36:16.700352: Current epoch: 171, loss: 0.08914253860712051, validation loss: 0.35797929763793945
2024-02-15 20:36:25.318325:2024-02-15 20:36:25.318157: Current epoch: 172, loss: 0.08737606555223465, validation loss: 0.4252776801586151
2024-02-15 20:36:34.390148:2024-02-15 20:36:34.389991: Current epoch: 173, loss: 0.09157659113407135, validation loss: 0.35527464747428894
2024-02-15 20:36:43.025986:2024-02-15 20:36:43.025833: Current epoch: 174, loss: 0.09734254330396652, validation loss: 0.35965287685394287
2024-02-15 20:36:51.635091:2024-02-15 20:36:51.634932: Current epoch: 175, loss: 0.08569163084030151, validation loss: 0.35973188281059265
2024-02-15 20:37:00.360186:2024-02-15 20:37:00.360031: Current epoch: 176, loss: 0.08693532645702362, validation loss: 0.3648795187473297
2024-02-15 20:37:09.073831:2024-02-15 20:37:09.073759: Current epoch: 177, loss: 0.09090040624141693, validation loss: 0.34742486476898193
2024-02-15 20:37:17.684900:2024-02-15 20:37:17.684744: Current epoch: 178, loss: 0.09019734710454941, validation loss: 0.36004260182380676
2024-02-15 20:37:26.391160:2024-02-15 20:37:26.391081: Current epoch: 179, loss: 0.08376087248325348, validation loss: 0.35102203488349915
2024-02-15 20:37:37.236081:2024-02-15 20:37:37.235922: Current epoch: 180, loss: 0.09162772446870804, validation loss: 0.3619716465473175
2024-02-15 20:37:46.010910:2024-02-15 20:37:46.010830: Current epoch: 181, loss: 0.08730386942625046, validation loss: 0.3408830761909485
2024-02-15 20:37:54.659928:2024-02-15 20:37:54.659794: Current epoch: 182, loss: 0.08481902629137039, validation loss: 0.34219521284103394
2024-02-15 20:38:03.564003:2024-02-15 20:38:03.563865: Current epoch: 183, loss: 0.08695061504840851, validation loss: 0.37334197759628296
2024-02-15 20:38:12.152797:2024-02-15 20:38:12.152652: Current epoch: 184, loss: 0.08665290474891663, validation loss: 0.3537888526916504
2024-02-15 20:38:20.590521:2024-02-15 20:38:20.590379: Current epoch: 185, loss: 0.08298173546791077, validation loss: 0.3579462766647339
2024-02-15 20:38:29.453937:2024-02-15 20:38:29.453859: Current epoch: 186, loss: 0.08536271750926971, validation loss: 0.35271066427230835
2024-02-15 20:38:38.053428:2024-02-15 20:38:38.053255: Current epoch: 187, loss: 0.08377104252576828, validation loss: 0.3593520224094391
2024-02-15 20:38:46.574987:2024-02-15 20:38:46.574832: Current epoch: 188, loss: 0.0903388038277626, validation loss: 0.3665308654308319
2024-02-15 20:38:55.329539:2024-02-15 20:38:55.329466: Current epoch: 189, loss: 0.08097836375236511, validation loss: 0.35950717329978943
2024-02-15 20:39:04.101178:2024-02-15 20:39:04.101099: Current epoch: 190, loss: 0.08066397905349731, validation loss: 0.35917457938194275
2024-02-15 20:39:12.787472:2024-02-15 20:39:12.787370: Current epoch: 191, loss: 0.08469367027282715, validation loss: 0.3565255403518677
2024-02-15 20:39:21.591888:2024-02-15 20:39:21.591753: Current epoch: 192, loss: 0.08659215271472931, validation loss: 0.35787561535835266
2024-02-15 20:39:30.294594:2024-02-15 20:39:30.294515: Current epoch: 193, loss: 0.08512367308139801, validation loss: 0.3473210334777832
2024-02-15 20:39:39.268575:2024-02-15 20:39:39.268424: Current epoch: 194, loss: 0.08367810398340225, validation loss: 0.349762499332428
2024-02-15 20:39:48.567917:2024-02-15 20:39:48.567696: Current epoch: 195, loss: 0.08288872241973877, validation loss: 0.3528355360031128
2024-02-15 20:39:57.378152:2024-02-15 20:39:57.378015: Current epoch: 196, loss: 0.09011735767126083, validation loss: 0.3578810691833496
2024-02-15 20:40:06.054370:2024-02-15 20:40:06.054248: Current epoch: 197, loss: 0.08389440923929214, validation loss: 0.3563404977321625
2024-02-15 20:40:14.492325:2024-02-15 20:40:14.492170: Current epoch: 198, loss: 0.08006581664085388, validation loss: 0.3559825122356415
2024-02-15 20:40:22.759477:2024-02-15 20:40:22.759170: Current epoch: 199, loss: 0.0824500322341919, validation loss: 0.3545566201210022
2024-02-15 20:40:31.331806:2024-02-15 20:40:31.331678: Current epoch: 200, loss: 0.07934149354696274, validation loss: 0.3552328646183014
2024-02-15 20:40:39.662125:2024-02-15 20:40:39.662020: Current epoch: 201, loss: 0.07966896891593933, validation loss: 0.3673862814903259
2024-02-15 20:40:48.127562:2024-02-15 20:40:48.127389: Current epoch: 202, loss: 0.08313591033220291, validation loss: 0.35533615946769714
2024-02-15 20:40:56.615495:2024-02-15 20:40:56.615322: Current epoch: 203, loss: 0.07995037734508514, validation loss: 0.3608701229095459
2024-02-15 20:41:05.408144:2024-02-15 20:41:05.408071: Current epoch: 204, loss: 0.07907745987176895, validation loss: 0.35463306307792664
2024-02-15 20:41:13.992134:2024-02-15 20:41:13.991985: Current epoch: 205, loss: 0.0877879410982132, validation loss: 0.3585034906864166
2024-02-15 20:41:22.767090:2024-02-15 20:41:22.766829: Current epoch: 206, loss: 0.08489709347486496, validation loss: 0.35288238525390625
2024-02-15 20:41:31.326963:2024-02-15 20:41:31.326816: Current epoch: 207, loss: 0.07961126416921616, validation loss: 0.36266589164733887
2024-02-15 20:41:40.245087:2024-02-15 20:41:40.244796: Current epoch: 208, loss: 0.08386163413524628, validation loss: 0.35498473048210144
2024-02-15 20:41:48.499346:2024-02-15 20:41:48.499268: Current epoch: 209, loss: 0.07856222987174988, validation loss: 0.3596225380897522
2024-02-15 20:41:57.339006:2024-02-15 20:41:57.338884: Current epoch: 210, loss: 0.07584983855485916, validation loss: 0.3545003831386566
2024-02-15 20:42:06.208241:2024-02-15 20:42:06.207990: Current epoch: 211, loss: 0.07975336909294128, validation loss: 0.3663279414176941
2024-02-15 20:42:14.965204:2024-02-15 20:42:14.965058: Current epoch: 212, loss: 0.0828823670744896, validation loss: 0.3558799922466278
2024-02-15 20:42:23.627162:2024-02-15 20:42:23.627002: Current epoch: 213, loss: 0.08133525401353836, validation loss: 0.35236144065856934
2024-02-15 20:42:32.693016:2024-02-15 20:42:32.692772: Current epoch: 214, loss: 0.07834161818027496, validation loss: 0.3499574661254883
2024-02-15 20:42:41.671570:2024-02-15 20:42:41.671397: Current epoch: 215, loss: 0.07644142955541611, validation loss: 0.346210241317749
2024-02-15 20:42:50.609565:2024-02-15 20:42:50.609386: Current epoch: 216, loss: 0.07573775202035904, validation loss: 0.3600733280181885
2024-02-15 20:42:59.065035:2024-02-15 20:42:59.064876: Current epoch: 217, loss: 0.0821426510810852, validation loss: 0.35732951760292053
2024-02-15 20:43:07.817190:2024-02-15 20:43:07.817038: Current epoch: 218, loss: 0.07885384559631348, validation loss: 0.35952281951904297
2024-02-15 20:43:16.758350:2024-02-15 20:43:16.758191: Current epoch: 219, loss: 0.07412027567625046, validation loss: 0.35792970657348633
2024-02-15 20:43:25.426776:2024-02-15 20:43:25.426622: Current epoch: 220, loss: 0.07817059755325317, validation loss: 0.36480963230133057
2024-02-15 20:43:34.263015:2024-02-15 20:43:34.262860: Current epoch: 221, loss: 0.07920708507299423, validation loss: 0.34240302443504333
2024-02-15 20:43:42.975364:2024-02-15 20:43:42.975289: Current epoch: 222, loss: 0.07705942541360855, validation loss: 0.35179007053375244
2024-02-15 20:43:51.516165:2024-02-15 20:43:51.516010: Current epoch: 223, loss: 0.0712108314037323, validation loss: 0.3433324098587036
2024-02-15 20:44:00.620225:2024-02-15 20:44:00.620069: Current epoch: 224, loss: 0.07697954028844833, validation loss: 0.3443990647792816
2024-02-15 20:44:09.508719:2024-02-15 20:44:09.508559: Current epoch: 225, loss: 0.07351487129926682, validation loss: 0.344567209482193
2024-02-15 20:44:18.332628:2024-02-15 20:44:18.332526: Current epoch: 226, loss: 0.07419280707836151, validation loss: 0.34533414244651794
2024-02-15 20:44:27.262840:2024-02-15 20:44:27.262669: Current epoch: 227, loss: 0.07450918108224869, validation loss: 0.35918018221855164
2024-02-15 20:44:35.909115:2024-02-15 20:44:35.908957: Current epoch: 228, loss: 0.08273226022720337, validation loss: 0.35830187797546387
2024-02-15 20:44:44.484555:2024-02-15 20:44:44.484469: Current epoch: 229, loss: 0.07570650428533554, validation loss: 0.35152655839920044
2024-02-15 20:44:52.862135:2024-02-15 20:44:52.862022: Current epoch: 230, loss: 0.0726516991853714, validation loss: 0.353985995054245
2024-02-15 20:45:01.372934:2024-02-15 20:45:01.372833: Current epoch: 231, loss: 0.07582927495241165, validation loss: 0.3487189710140228
2024-02-15 20:45:09.888318:2024-02-15 20:45:09.888238: Current epoch: 232, loss: 0.07508394867181778, validation loss: 0.3534221649169922
2024-02-15 20:45:18.311636:2024-02-15 20:45:18.311499: Current epoch: 233, loss: 0.07329855859279633, validation loss: 0.34306344389915466
2024-02-15 20:45:27.033423:2024-02-15 20:45:27.033335: Current epoch: 234, loss: 0.07929174602031708, validation loss: 0.3465128242969513
2024-02-15 20:45:35.922112:2024-02-15 20:45:35.922036: Current epoch: 235, loss: 0.0711754783987999, validation loss: 0.3500228524208069
2024-02-15 20:45:44.601513:2024-02-15 20:45:44.601364: Current epoch: 236, loss: 0.07603128999471664, validation loss: 0.34704673290252686
2024-02-15 20:45:53.095287:2024-02-15 20:45:53.095209: Current epoch: 237, loss: 0.07511133700609207, validation loss: 0.35428890585899353
2024-02-15 20:46:01.783561:2024-02-15 20:46:01.783482: Current epoch: 238, loss: 0.0739314928650856, validation loss: 0.35516950488090515
2024-02-15 20:46:10.185025:2024-02-15 20:46:10.184950: Current epoch: 239, loss: 0.07182782143354416, validation loss: 0.35203275084495544
2024-02-15 20:46:18.269609:2024-02-15 20:46:18.269478: Current epoch: 240, loss: 0.07462546229362488, validation loss: 0.35335537791252136
2024-02-15 20:46:26.476466:2024-02-15 20:46:26.476368: Current epoch: 241, loss: 0.07114855945110321, validation loss: 0.35230210423469543
2024-02-15 20:46:34.861564:2024-02-15 20:46:34.861452: Current epoch: 242, loss: 0.07984998822212219, validation loss: 0.35279589891433716
2024-02-15 20:46:43.432074:2024-02-15 20:46:43.431992: Current epoch: 243, loss: 0.07654838263988495, validation loss: 0.3475983142852783
2024-02-15 20:46:51.864060:2024-02-15 20:46:51.863983: Current epoch: 244, loss: 0.07027347385883331, validation loss: 0.35596543550491333
2024-02-15 20:47:00.352766:2024-02-15 20:47:00.352685: Current epoch: 245, loss: 0.07302181422710419, validation loss: 0.3574102222919464
2024-02-15 20:47:08.615784:2024-02-15 20:47:08.615704: Current epoch: 246, loss: 0.06948432326316833, validation loss: 0.3432207405567169
2024-02-15 20:47:16.805428:2024-02-15 20:47:16.805330: Current epoch: 247, loss: 0.07130857557058334, validation loss: 0.35109224915504456
2024-02-15 20:47:24.963170:2024-02-15 20:47:24.963034: Current epoch: 248, loss: 0.06949680298566818, validation loss: 0.3560945689678192
2024-02-15 20:47:33.570678:2024-02-15 20:47:33.570618: Current epoch: 249, loss: 0.07276297360658646, validation loss: 0.3515775203704834
2024-02-15 20:47:42.151626:2024-02-15 20:47:42.151547: Current epoch: 250, loss: 0.07140292972326279, validation loss: 0.3559792637825012
2024-02-15 20:47:50.599144:2024-02-15 20:47:50.599066: Current epoch: 251, loss: 0.07220619171857834, validation loss: 0.3505793809890747
2024-02-15 20:47:59.018898:2024-02-15 20:47:59.018826: Current epoch: 252, loss: 0.0671846941113472, validation loss: 0.3500673174858093
2024-02-15 20:48:07.484066:2024-02-15 20:48:07.483919: Current epoch: 253, loss: 0.07143516093492508, validation loss: 0.35286879539489746
2024-02-15 20:48:15.847368:2024-02-15 20:48:15.847273: Current epoch: 254, loss: 0.0750490054488182, validation loss: 0.3494795858860016
2024-02-15 20:48:24.382030:2024-02-15 20:48:24.381963: Current epoch: 255, loss: 0.06914330273866653, validation loss: 0.3559367060661316
2024-02-15 20:48:32.929947:2024-02-15 20:48:32.929830: Current epoch: 256, loss: 0.07024049013853073, validation loss: 0.3552697002887726
2024-02-15 20:48:41.268118:2024-02-15 20:48:41.267961: Current epoch: 257, loss: 0.06754274666309357, validation loss: 0.3566628694534302
2024-02-15 20:48:49.764955:2024-02-15 20:48:49.764884: Current epoch: 258, loss: 0.07228000462055206, validation loss: 0.36022284626960754
2024-02-15 20:48:58.256355:2024-02-15 20:48:58.256208: Current epoch: 259, loss: 0.07568030059337616, validation loss: 0.34974029660224915
2024-02-15 20:49:09.118592:2024-02-15 20:49:09.118515: Current epoch: 260, loss: 0.07193280756473541, validation loss: 0.34224995970726013
2024-02-15 20:49:17.785554:2024-02-15 20:49:17.785498: Current epoch: 261, loss: 0.06823153048753738, validation loss: 0.33762839436531067
2024-02-15 20:49:26.405216:2024-02-15 20:49:26.405064: Current epoch: 262, loss: 0.06547395884990692, validation loss: 0.34556421637535095
2024-02-15 20:49:34.944240:2024-02-15 20:49:34.944165: Current epoch: 263, loss: 0.065607950091362, validation loss: 0.34234192967414856
2024-02-15 20:49:43.626049:2024-02-15 20:49:43.625982: Current epoch: 264, loss: 0.07012046128511429, validation loss: 0.3532280921936035
2024-02-15 20:49:52.188564:2024-02-15 20:49:52.188389: Current epoch: 265, loss: 0.0662158951163292, validation loss: 0.34521856904029846
2024-02-15 20:50:01.294248:2024-02-15 20:50:01.294171: Current epoch: 266, loss: 0.07113992422819138, validation loss: 0.34567537903785706
2024-02-15 20:50:09.790375:2024-02-15 20:50:09.790217: Current epoch: 267, loss: 0.07035191357135773, validation loss: 0.3570614159107208
2024-02-15 20:50:18.335595:2024-02-15 20:50:18.335463: Current epoch: 268, loss: 0.06741201877593994, validation loss: 0.34617894887924194
2024-02-15 20:50:27.166353:2024-02-15 20:50:27.166277: Current epoch: 269, loss: 0.06912026554346085, validation loss: 0.3526836931705475
2024-02-15 20:50:35.602171:2024-02-15 20:50:35.602017: Current epoch: 270, loss: 0.0696682259440422, validation loss: 0.3578692376613617
2024-02-15 20:50:43.963882:2024-02-15 20:50:43.963805: Current epoch: 271, loss: 0.06869868189096451, validation loss: 0.3463364541530609
2024-02-15 20:50:52.900356:2024-02-15 20:50:52.900198: Current epoch: 272, loss: 0.0670674666762352, validation loss: 0.3482323884963989
2024-02-15 20:51:02.120441:2024-02-15 20:51:02.120277: Current epoch: 273, loss: 0.06442484259605408, validation loss: 0.3471924662590027
2024-02-15 20:51:10.842617:2024-02-15 20:51:10.842462: Current epoch: 274, loss: 0.06929995864629745, validation loss: 0.3514299690723419
2024-02-15 20:51:19.795814:2024-02-15 20:51:19.795655: Current epoch: 275, loss: 0.06450264155864716, validation loss: 0.3386712968349457
2024-02-15 20:51:28.559301:2024-02-15 20:51:28.559139: Current epoch: 276, loss: 0.06677106022834778, validation loss: 0.3480391502380371
2024-02-15 20:51:37.352092:2024-02-15 20:51:37.351934: Current epoch: 277, loss: 0.06399665772914886, validation loss: 0.34668049216270447
2024-02-15 20:51:46.008283:2024-02-15 20:51:46.008157: Current epoch: 278, loss: 0.06709621846675873, validation loss: 0.34292420744895935
2024-02-15 20:51:54.721055:2024-02-15 20:51:54.720933: Current epoch: 279, loss: 0.06480943411588669, validation loss: 0.3536055386066437
2024-02-15 20:52:03.106229:2024-02-15 20:52:03.106150: Current epoch: 280, loss: 0.06393907964229584, validation loss: 0.3563140332698822
2024-02-15 20:52:11.503785:2024-02-15 20:52:11.503657: Current epoch: 281, loss: 0.06818515062332153, validation loss: 0.3423819839954376
2024-02-15 20:52:20.143952:2024-02-15 20:52:20.143780: Current epoch: 282, loss: 0.0670587420463562, validation loss: 0.35305991768836975
2024-02-15 20:52:28.867585:2024-02-15 20:52:28.867504: Current epoch: 283, loss: 0.06395958364009857, validation loss: 0.3424977660179138
2024-02-15 20:52:37.595239:2024-02-15 20:52:37.595082: Current epoch: 284, loss: 0.0670965239405632, validation loss: 0.35390719771385193
2024-02-15 20:52:46.485137:2024-02-15 20:52:46.484992: Current epoch: 285, loss: 0.06329329311847687, validation loss: 0.3391083776950836
2024-02-15 20:52:54.952878:2024-02-15 20:52:54.952750: Current epoch: 286, loss: 0.06631550937891006, validation loss: 0.35789167881011963
2024-02-15 20:53:03.911266:2024-02-15 20:53:03.911186: Current epoch: 287, loss: 0.066648930311203, validation loss: 0.35467541217803955
2024-02-15 20:53:12.793741:2024-02-15 20:53:12.793607: Current epoch: 288, loss: 0.06843134015798569, validation loss: 0.36505576968193054
2024-02-15 20:53:21.450928:2024-02-15 20:53:21.450832: Current epoch: 289, loss: 0.06456761062145233, validation loss: 0.3530404269695282
2024-02-15 20:53:30.107426:2024-02-15 20:53:30.107310: Current epoch: 290, loss: 0.0630778893828392, validation loss: 0.36117807030677795
2024-02-15 20:53:38.910510:2024-02-15 20:53:38.910428: Current epoch: 291, loss: 0.06656856089830399, validation loss: 0.3499048054218292
2024-02-15 20:53:47.515436:2024-02-15 20:53:47.515293: Current epoch: 292, loss: 0.0643489882349968, validation loss: 0.3518596589565277
2024-02-15 20:53:55.928924:2024-02-15 20:53:55.928829: Current epoch: 293, loss: 0.06943893432617188, validation loss: 0.3557151257991791
2024-02-15 20:54:04.812228:2024-02-15 20:54:04.812153: Current epoch: 294, loss: 0.06784369796514511, validation loss: 0.35386359691619873
2024-02-15 20:54:13.629874:2024-02-15 20:54:13.629718: Current epoch: 295, loss: 0.060572490096092224, validation loss: 0.34378668665885925
2024-02-15 20:54:22.289246:2024-02-15 20:54:22.289110: Current epoch: 296, loss: 0.059499744325876236, validation loss: 0.34393224120140076
2024-02-15 20:54:30.688363:2024-02-15 20:54:30.688218: Current epoch: 297, loss: 0.06954344362020493, validation loss: 0.35101282596588135
2024-02-15 20:54:39.382572:2024-02-15 20:54:39.382426: Current epoch: 298, loss: 0.06134956330060959, validation loss: 0.340013325214386
2024-02-15 20:54:47.926949:2024-02-15 20:54:47.926797: Current epoch: 299, loss: 0.06263484805822372, validation loss: 0.3479698598384857
2024-02-15 20:54:58.786916:2024-02-15 20:54:58.786841: Current epoch: 300, loss: 0.06341191381216049, validation loss: 0.3508397340774536
2024-02-15 20:55:07.043188:2024-02-15 20:55:07.043031: Current epoch: 301, loss: 0.06352093070745468, validation loss: 0.35998469591140747
2024-02-15 20:55:15.486635:2024-02-15 20:55:15.486554: Current epoch: 302, loss: 0.06390238553285599, validation loss: 0.35055625438690186
2024-02-15 20:55:24.282096:2024-02-15 20:55:24.281966: Current epoch: 303, loss: 0.064773328602314, validation loss: 0.3563730716705322
2024-02-15 20:55:33.161191:2024-02-15 20:55:33.161094: Current epoch: 304, loss: 0.05866246670484543, validation loss: 0.3533237874507904
2024-02-15 20:55:41.802109:2024-02-15 20:55:41.802035: Current epoch: 305, loss: 0.060388125479221344, validation loss: 0.3461717367172241
2024-02-15 20:55:50.650884:2024-02-15 20:55:50.650756: Current epoch: 306, loss: 0.06392447650432587, validation loss: 0.34469932317733765
2024-02-15 20:55:59.238357:2024-02-15 20:55:59.238187: Current epoch: 307, loss: 0.06242963299155235, validation loss: 0.35033363103866577
2024-02-15 20:56:08.238352:2024-02-15 20:56:08.238265: Current epoch: 308, loss: 0.06222410500049591, validation loss: 0.3344164490699768
2024-02-15 20:56:16.817610:2024-02-15 20:56:16.817530: Current epoch: 309, loss: 0.062368374317884445, validation loss: 0.35409489274024963
2024-02-15 20:56:25.188797:2024-02-15 20:56:25.188653: Current epoch: 310, loss: 0.06278974562883377, validation loss: 0.3579525351524353
2024-02-15 20:56:33.982466:2024-02-15 20:56:33.982361: Current epoch: 311, loss: 0.06317991018295288, validation loss: 0.3469221293926239
2024-02-15 20:56:42.361180:2024-02-15 20:56:42.361025: Current epoch: 312, loss: 0.06665133684873581, validation loss: 0.3603178858757019
2024-02-15 20:56:50.758399:2024-02-15 20:56:50.758321: Current epoch: 313, loss: 0.062474217265844345, validation loss: 0.3405595123767853
2024-02-15 20:56:59.533907:2024-02-15 20:56:59.533775: Current epoch: 314, loss: 0.0586584210395813, validation loss: 0.3422802984714508
2024-02-15 20:57:08.351445:2024-02-15 20:57:08.351327: Current epoch: 315, loss: 0.06120771914720535, validation loss: 0.3410726487636566
2024-02-15 20:57:17.025922:2024-02-15 20:57:17.025841: Current epoch: 316, loss: 0.060170043259859085, validation loss: 0.34815505146980286
2024-02-15 20:57:25.666470:2024-02-15 20:57:25.666372: Current epoch: 317, loss: 0.062178466469049454, validation loss: 0.3634428083896637
2024-02-15 20:57:34.032770:2024-02-15 20:57:34.032624: Current epoch: 318, loss: 0.06116478890180588, validation loss: 0.3468080461025238
2024-02-15 20:57:42.119186:2024-02-15 20:57:42.119124: Current epoch: 319, loss: 0.06513909995555878, validation loss: 0.3342721164226532
2024-02-15 20:57:53.302178:2024-02-15 20:57:53.302100: Current epoch: 320, loss: 0.0620221309363842, validation loss: 0.349178284406662
2024-02-15 20:58:02.120642:2024-02-15 20:58:02.120563: Current epoch: 321, loss: 0.05808142200112343, validation loss: 0.36046701669692993
2024-02-15 20:58:10.422610:2024-02-15 20:58:10.422532: Current epoch: 322, loss: 0.06145600602030754, validation loss: 0.35783064365386963
2024-02-15 20:58:18.985889:2024-02-15 20:58:18.985781: Current epoch: 323, loss: 0.06536543369293213, validation loss: 0.3454665243625641
2024-02-15 20:58:27.988884:2024-02-15 20:58:27.988782: Current epoch: 324, loss: 0.0630495697259903, validation loss: 0.37089088559150696
2024-02-15 20:58:36.717366:2024-02-15 20:58:36.717290: Current epoch: 325, loss: 0.05794433876872063, validation loss: 0.34775665402412415
2024-02-15 20:58:45.530366:2024-02-15 20:58:45.530290: Current epoch: 326, loss: 0.05890747532248497, validation loss: 0.3553885221481323
2024-02-15 20:58:54.361968:2024-02-15 20:58:54.361812: Current epoch: 327, loss: 0.05842052772641182, validation loss: 0.34006187319755554
2024-02-15 20:59:03.090265:2024-02-15 20:59:03.090188: Current epoch: 328, loss: 0.06222706660628319, validation loss: 0.34917575120925903
2024-02-15 20:59:11.571268:2024-02-15 20:59:11.571202: Current epoch: 329, loss: 0.061588432639837265, validation loss: 0.36568841338157654
2024-02-15 20:59:19.952734:2024-02-15 20:59:19.952604: Current epoch: 330, loss: 0.06183164566755295, validation loss: 0.34956094622612
2024-02-15 20:59:28.778902:2024-02-15 20:59:28.778810: Current epoch: 331, loss: 0.05950749292969704, validation loss: 0.34240496158599854
2024-02-15 20:59:37.657848:2024-02-15 20:59:37.657769: Current epoch: 332, loss: 0.05668001249432564, validation loss: 0.3661903142929077
2024-02-15 20:59:46.129745:2024-02-15 20:59:46.129612: Current epoch: 333, loss: 0.0643191784620285, validation loss: 0.34278643131256104
2024-02-15 20:59:54.725576:2024-02-15 20:59:54.725485: Current epoch: 334, loss: 0.05913357809185982, validation loss: 0.37146440148353577
2024-02-15 21:00:03.275205:2024-02-15 21:00:03.275048: Current epoch: 335, loss: 0.06276226043701172, validation loss: 0.34910812973976135
2024-02-15 21:00:11.669053:2024-02-15 21:00:11.668898: Current epoch: 336, loss: 0.05827286094427109, validation loss: 0.3671736419200897
2024-02-15 21:00:20.247110:2024-02-15 21:00:20.246995: Current epoch: 337, loss: 0.060745969414711, validation loss: 0.34777897596359253
2024-02-15 21:00:28.962243:2024-02-15 21:00:28.962107: Current epoch: 338, loss: 0.06285183131694794, validation loss: 0.3468021750450134
2024-02-15 21:00:37.672528:2024-02-15 21:00:37.672351: Current epoch: 339, loss: 0.055401649326086044, validation loss: 0.34807315468788147
2024-02-15 21:00:46.197974:2024-02-15 21:00:46.197838: Current epoch: 340, loss: 0.05713007599115372, validation loss: 0.34156981110572815
2024-02-15 21:00:54.663119:2024-02-15 21:00:54.662972: Current epoch: 341, loss: 0.06130930781364441, validation loss: 0.3438565135002136
2024-02-15 21:01:03.150568:2024-02-15 21:01:03.150383: Current epoch: 342, loss: 0.0634910836815834, validation loss: 0.36983129382133484
2024-02-15 21:01:11.507000:2024-02-15 21:01:11.506869: Current epoch: 343, loss: 0.05810639634728432, validation loss: 0.351673424243927
2024-02-15 21:01:19.940885:2024-02-15 21:01:19.940801: Current epoch: 344, loss: 0.05463208258152008, validation loss: 0.3494882881641388
2024-02-15 21:01:28.254654:2024-02-15 21:01:28.254517: Current epoch: 345, loss: 0.05423521623015404, validation loss: 0.3401695191860199
2024-02-15 21:01:36.583878:2024-02-15 21:01:36.583723: Current epoch: 346, loss: 0.05665244907140732, validation loss: 0.3434409201145172
2024-02-15 21:01:44.855444:2024-02-15 21:01:44.855345: Current epoch: 347, loss: 0.06061549112200737, validation loss: 0.33955609798431396
2024-02-15 21:01:53.283973:2024-02-15 21:01:53.283812: Current epoch: 348, loss: 0.06141981482505798, validation loss: 0.34409892559051514
2024-02-15 21:02:01.887219:2024-02-15 21:02:01.887128: Current epoch: 349, loss: 0.058744825422763824, validation loss: 0.3424206078052521
2024-02-15 21:02:10.288350:2024-02-15 21:02:10.288196: Current epoch: 350, loss: 0.05611513927578926, validation loss: 0.3464711308479309
2024-02-15 21:02:18.567510:2024-02-15 21:02:18.567430: Current epoch: 351, loss: 0.05832753702998161, validation loss: 0.3441580832004547
2024-02-15 21:02:26.809031:2024-02-15 21:02:26.808964: Current epoch: 352, loss: 0.05724725499749184, validation loss: 0.3708864152431488
2024-02-15 21:02:35.415841:2024-02-15 21:02:35.415696: Current epoch: 353, loss: 0.06139925867319107, validation loss: 0.3748796582221985
2024-02-15 21:02:43.975523:2024-02-15 21:02:43.975444: Current epoch: 354, loss: 0.057130392640829086, validation loss: 0.34962424635887146
2024-02-15 21:02:52.496798:2024-02-15 21:02:52.496725: Current epoch: 355, loss: 0.05725131928920746, validation loss: 0.3430042564868927
2024-02-15 21:03:00.837281:2024-02-15 21:03:00.837215: Current epoch: 356, loss: 0.06340253353118896, validation loss: 0.3420560359954834
2024-02-15 21:03:09.336914:2024-02-15 21:03:09.336836: Current epoch: 357, loss: 0.05744869261980057, validation loss: 0.3406612277030945
2024-02-15 21:03:17.868480:2024-02-15 21:03:17.868316: Current epoch: 358, loss: 0.052934400737285614, validation loss: 0.34614598751068115
2024-02-15 21:03:26.085808:2024-02-15 21:03:26.085732: Current epoch: 359, loss: 0.05619408190250397, validation loss: 0.3547593057155609
2024-02-15 21:03:34.717344:2024-02-15 21:03:34.717270: Current epoch: 360, loss: 0.05603902041912079, validation loss: 0.3511110246181488
2024-02-15 21:03:43.352962:2024-02-15 21:03:43.352888: Current epoch: 361, loss: 0.05871809273958206, validation loss: 0.3542403280735016
2024-02-15 21:03:51.704981:2024-02-15 21:03:51.704848: Current epoch: 362, loss: 0.05602838099002838, validation loss: 0.3502643406391144
2024-02-15 21:04:00.231456:2024-02-15 21:04:00.231368: Current epoch: 363, loss: 0.05700461566448212, validation loss: 0.34469524025917053
2024-02-15 21:04:08.766149:2024-02-15 21:04:08.766048: Current epoch: 364, loss: 0.05565841123461723, validation loss: 0.33464673161506653
2024-02-15 21:04:17.302109:2024-02-15 21:04:17.302030: Current epoch: 365, loss: 0.05621285364031792, validation loss: 0.3549533784389496
2024-02-15 21:04:25.618778:2024-02-15 21:04:25.618700: Current epoch: 366, loss: 0.05975499749183655, validation loss: 0.3415743410587311
2024-02-15 21:04:34.273300:2024-02-15 21:04:34.273224: Current epoch: 367, loss: 0.05663413926959038, validation loss: 0.3525015115737915
2024-02-15 21:04:42.859631:2024-02-15 21:04:42.859525: Current epoch: 368, loss: 0.05778094008564949, validation loss: 0.35310566425323486
2024-02-15 21:04:51.264796:2024-02-15 21:04:51.264719: Current epoch: 369, loss: 0.0551590658724308, validation loss: 0.3542889654636383
2024-02-15 21:04:59.615933:2024-02-15 21:04:59.615859: Current epoch: 370, loss: 0.05729058384895325, validation loss: 0.3463815748691559
2024-02-15 21:05:07.896095:2024-02-15 21:05:07.896018: Current epoch: 371, loss: 0.056759126484394073, validation loss: 0.35045331716537476
2024-02-15 21:05:16.443224:2024-02-15 21:05:16.443094: Current epoch: 372, loss: 0.05805301293730736, validation loss: 0.3370881974697113
2024-02-15 21:05:24.954933:2024-02-15 21:05:24.954832: Current epoch: 373, loss: 0.05765129625797272, validation loss: 0.3477688133716583
2024-02-15 21:05:33.693099:2024-02-15 21:05:33.693013: Current epoch: 374, loss: 0.055468060076236725, validation loss: 0.3379697799682617
2024-02-15 21:05:41.861711:2024-02-15 21:05:41.861636: Current epoch: 375, loss: 0.05254141986370087, validation loss: 0.3428690433502197
2024-02-15 21:05:49.937359:2024-02-15 21:05:49.937276: Current epoch: 376, loss: 0.053153540939092636, validation loss: 0.3364809453487396
2024-02-15 21:05:58.329834:2024-02-15 21:05:58.329679: Current epoch: 377, loss: 0.05318265035748482, validation loss: 0.3455154001712799
2024-02-15 21:06:06.699690:2024-02-15 21:06:06.699618: Current epoch: 378, loss: 0.05448148772120476, validation loss: 0.3406681716442108
2024-02-15 21:06:14.770685:2024-02-15 21:06:14.770612: Current epoch: 379, loss: 0.054961755871772766, validation loss: 0.3471144139766693
2024-02-15 21:06:23.118431:2024-02-15 21:06:23.118257: Current epoch: 380, loss: 0.05390302464365959, validation loss: 0.34184280037879944
2024-02-15 21:06:31.555827:2024-02-15 21:06:31.555753: Current epoch: 381, loss: 0.05775031819939613, validation loss: 0.3504840135574341
2024-02-15 21:06:40.225518:2024-02-15 21:06:40.225385: Current epoch: 382, loss: 0.05675552040338516, validation loss: 0.3593655526638031
2024-02-15 21:06:49.007671:2024-02-15 21:06:49.007567: Current epoch: 383, loss: 0.054579541087150574, validation loss: 0.35047078132629395
2024-02-15 21:06:57.546610:2024-02-15 21:06:57.546533: Current epoch: 384, loss: 0.0596286803483963, validation loss: 0.3383571207523346
2024-02-15 21:07:05.824576:2024-02-15 21:07:05.824419: Current epoch: 385, loss: 0.052737995982170105, validation loss: 0.34469884634017944
2024-02-15 21:07:14.854147:2024-02-15 21:07:14.854074: Current epoch: 386, loss: 0.05041000247001648, validation loss: 0.35061728954315186
2024-02-15 21:07:24.255148:2024-02-15 21:07:24.255071: Current epoch: 387, loss: 0.05206030607223511, validation loss: 0.3475671112537384
2024-02-15 21:07:33.075850:2024-02-15 21:07:33.075747: Current epoch: 388, loss: 0.0547790490090847, validation loss: 0.3451921343803406
2024-02-15 21:07:41.941736:2024-02-15 21:07:41.941586: Current epoch: 389, loss: 0.05335885286331177, validation loss: 0.34800055623054504
2024-02-15 21:07:50.661132:2024-02-15 21:07:50.661051: Current epoch: 390, loss: 0.05374438688158989, validation loss: 0.34022149443626404
2024-02-15 21:07:58.969365:2024-02-15 21:07:58.969246: Current epoch: 391, loss: 0.05315085127949715, validation loss: 0.35443374514579773
2024-02-15 21:08:07.478871:2024-02-15 21:08:07.478769: Current epoch: 392, loss: 0.057044241577386856, validation loss: 0.3444894850254059
2024-02-15 21:08:16.146493:2024-02-15 21:08:16.146361: Current epoch: 393, loss: 0.05472046509385109, validation loss: 0.3546178638935089
2024-02-15 21:08:25.199352:2024-02-15 21:08:25.199196: Current epoch: 394, loss: 0.06316854804754257, validation loss: 0.3444359600543976
2024-02-15 21:08:34.013799:2024-02-15 21:08:34.013643: Current epoch: 395, loss: 0.05209653079509735, validation loss: 0.35011395812034607
2024-02-15 21:08:42.434266:2024-02-15 21:08:42.434161: Current epoch: 396, loss: 0.05441509559750557, validation loss: 0.34749293327331543
2024-02-15 21:08:51.401941:2024-02-15 21:08:51.401782: Current epoch: 397, loss: 0.05421896651387215, validation loss: 0.3506535589694977
2024-02-15 21:09:00.462346:2024-02-15 21:09:00.462208: Current epoch: 398, loss: 0.05615566298365593, validation loss: 0.34992101788520813
2024-02-15 21:09:09.230907:2024-02-15 21:09:09.230764: Current epoch: 399, loss: 0.05692700669169426, validation loss: 0.3457164168357849
2024-02-15 21:09:17.568506:2024-02-15 21:09:17.568435: Current epoch: 400, loss: 0.0505133792757988, validation loss: 0.3470785915851593
2024-02-15 21:09:26.279278:2024-02-15 21:09:26.279148: Current epoch: 401, loss: 0.05063117668032646, validation loss: 0.3342747986316681
2024-02-15 21:09:35.314830:2024-02-15 21:09:35.314747: Current epoch: 402, loss: 0.05284202843904495, validation loss: 0.33348938822746277
2024-02-15 21:09:43.843643:2024-02-15 21:09:43.843565: Current epoch: 403, loss: 0.05120684206485748, validation loss: 0.33954280614852905
2024-02-15 21:09:52.311035:2024-02-15 21:09:52.310900: Current epoch: 404, loss: 0.05696975439786911, validation loss: 0.3392232656478882
2024-02-15 21:10:00.743999:2024-02-15 21:10:00.743843: Current epoch: 405, loss: 0.05086326599121094, validation loss: 0.3410322964191437
2024-02-15 21:10:09.284058:2024-02-15 21:10:09.283900: Current epoch: 406, loss: 0.049703020602464676, validation loss: 0.3365241587162018
2024-02-15 21:10:17.391081:2024-02-15 21:10:17.391021: Current epoch: 407, loss: 0.05124835669994354, validation loss: 0.336845338344574
2024-02-15 21:10:25.754253:2024-02-15 21:10:25.754171: Current epoch: 408, loss: 0.05168626829981804, validation loss: 0.32841575145721436
2024-02-15 21:10:33.943356:2024-02-15 21:10:33.943283: Current epoch: 409, loss: 0.05263933911919594, validation loss: 0.3421725630760193
2024-02-15 21:10:42.546819:2024-02-15 21:10:42.546664: Current epoch: 410, loss: 0.05375067889690399, validation loss: 0.34322383999824524
2024-02-15 21:10:51.234761:2024-02-15 21:10:51.234683: Current epoch: 411, loss: 0.05002773553133011, validation loss: 0.34122464060783386
2024-02-15 21:11:00.115282:2024-02-15 21:11:00.115203: Current epoch: 412, loss: 0.051795266568660736, validation loss: 0.34352657198905945
2024-02-15 21:11:09.093809:2024-02-15 21:11:09.093654: Current epoch: 413, loss: 0.05137007310986519, validation loss: 0.3355506956577301
2024-02-15 21:11:17.708829:2024-02-15 21:11:17.708751: Current epoch: 414, loss: 0.05588969215750694, validation loss: 0.3440433144569397
2024-02-15 21:11:26.229028:2024-02-15 21:11:26.228857: Current epoch: 415, loss: 0.05782549828290939, validation loss: 0.34711888432502747
2024-02-15 21:11:34.911662:2024-02-15 21:11:34.911576: Current epoch: 416, loss: 0.04949982464313507, validation loss: 0.35182589292526245
2024-02-15 21:11:43.490494:2024-02-15 21:11:43.490310: Current epoch: 417, loss: 0.05682596564292908, validation loss: 0.3483342230319977
2024-02-15 21:11:52.067384:2024-02-15 21:11:52.067229: Current epoch: 418, loss: 0.05068729445338249, validation loss: 0.35260292887687683
2024-02-15 21:12:00.610116:2024-02-15 21:12:00.609972: Current epoch: 419, loss: 0.047750603407621384, validation loss: 0.3411756157875061
2024-02-15 21:12:09.151486:2024-02-15 21:12:09.151384: Current epoch: 420, loss: 0.04926415905356407, validation loss: 0.3482895493507385
2024-02-15 21:12:17.985159:2024-02-15 21:12:17.985011: Current epoch: 421, loss: 0.05166186764836311, validation loss: 0.34849438071250916
2024-02-15 21:12:26.527720:2024-02-15 21:12:26.527602: Current epoch: 422, loss: 0.05163673684000969, validation loss: 0.348838210105896
2024-02-15 21:12:34.906929:2024-02-15 21:12:34.906774: Current epoch: 423, loss: 0.05389771610498428, validation loss: 0.35057735443115234
2024-02-15 21:12:43.426726:2024-02-15 21:12:43.426625: Current epoch: 424, loss: 0.05251835659146309, validation loss: 0.3404179811477661
2024-02-15 21:12:52.036663:2024-02-15 21:12:52.036503: Current epoch: 425, loss: 0.04883014038205147, validation loss: 0.34275439381599426
2024-02-15 21:13:00.369150:2024-02-15 21:13:00.368997: Current epoch: 426, loss: 0.05037248879671097, validation loss: 0.3438556492328644
2024-02-15 21:13:08.769686:2024-02-15 21:13:08.769535: Current epoch: 427, loss: 0.05248069390654564, validation loss: 0.3408045172691345
2024-02-15 21:13:17.603974:2024-02-15 21:13:17.603827: Current epoch: 428, loss: 0.049585722386837006, validation loss: 0.3493257761001587
2024-02-15 21:13:26.216138:2024-02-15 21:13:26.216037: Current epoch: 429, loss: 0.049451474100351334, validation loss: 0.3556678891181946
2024-02-15 21:13:34.476559:2024-02-15 21:13:34.476486: Current epoch: 430, loss: 0.05756907910108566, validation loss: 0.3370055556297302
2024-02-15 21:13:42.992177:2024-02-15 21:13:42.992021: Current epoch: 431, loss: 0.05268648639321327, validation loss: 0.3364734947681427
2024-02-15 21:13:51.890120:2024-02-15 21:13:51.890043: Current epoch: 432, loss: 0.04956969618797302, validation loss: 0.3428635597229004
2024-02-15 21:14:00.396014:2024-02-15 21:14:00.395859: Current epoch: 433, loss: 0.05068125203251839, validation loss: 0.3769197165966034
2024-02-15 21:14:09.353451:2024-02-15 21:14:09.353352: Current epoch: 434, loss: 0.04975517839193344, validation loss: 0.3368392586708069
2024-02-15 21:14:18.143923:2024-02-15 21:14:18.143846: Current epoch: 435, loss: 0.04954371228814125, validation loss: 0.3390451967716217
2024-02-15 21:14:26.878043:2024-02-15 21:14:26.877969: Current epoch: 436, loss: 0.04971867799758911, validation loss: 0.33920595049858093
2024-02-15 21:14:35.334869:2024-02-15 21:14:35.334790: Current epoch: 437, loss: 0.05211663991212845, validation loss: 0.339570552110672
2024-02-15 21:14:44.114823:2024-02-15 21:14:44.114670: Current epoch: 438, loss: 0.05259082838892937, validation loss: 0.3391991853713989
2024-02-15 21:14:53.312654:2024-02-15 21:14:53.312573: Current epoch: 439, loss: 0.051420897245407104, validation loss: 0.33581462502479553
2024-02-15 21:15:02.503250:2024-02-15 21:15:02.503176: Current epoch: 440, loss: 0.04946957156062126, validation loss: 0.33248600363731384
2024-02-15 21:15:11.345571:2024-02-15 21:15:11.345392: Current epoch: 441, loss: 0.049815014004707336, validation loss: 0.33988264203071594
2024-02-15 21:15:19.793165:2024-02-15 21:15:19.793085: Current epoch: 442, loss: 0.05377081036567688, validation loss: 0.33956602215766907
2024-02-15 21:15:28.285556:2024-02-15 21:15:28.285484: Current epoch: 443, loss: 0.04968976974487305, validation loss: 0.34093955159187317
2024-02-15 21:15:36.683656:2024-02-15 21:15:36.683509: Current epoch: 444, loss: 0.0491921529173851, validation loss: 0.33787813782691956
2024-02-15 21:15:45.090954:2024-02-15 21:15:45.090848: Current epoch: 445, loss: 0.05071697384119034, validation loss: 0.331403523683548
2024-02-15 21:15:53.567606:2024-02-15 21:15:53.567474: Current epoch: 446, loss: 0.04808796942234039, validation loss: 0.33344659209251404
2024-02-15 21:16:01.832496:2024-02-15 21:16:01.832356: Current epoch: 447, loss: 0.051546841859817505, validation loss: 0.3392064869403839
2024-02-15 21:16:10.030040:2024-02-15 21:16:10.029892: Current epoch: 448, loss: 0.051330290734767914, validation loss: 0.34243690967559814
2024-02-15 21:16:18.119577:2024-02-15 21:16:18.119423: Current epoch: 449, loss: 0.05000028759241104, validation loss: 0.34517398476600647
2024-02-15 21:16:26.265260:2024-02-15 21:16:26.265114: Current epoch: 450, loss: 0.04687180370092392, validation loss: 0.3338370621204376
2024-02-15 21:16:34.340815:2024-02-15 21:16:34.340667: Current epoch: 451, loss: 0.048853255808353424, validation loss: 0.3396873474121094
2024-02-15 21:16:42.613765:2024-02-15 21:16:42.613701: Current epoch: 452, loss: 0.047607649117708206, validation loss: 0.32823285460472107
2024-02-15 21:16:50.553759:2024-02-15 21:16:50.553669: Current epoch: 453, loss: 0.05569300800561905, validation loss: 0.3447246849536896
2024-02-15 21:16:58.417597:2024-02-15 21:16:58.417472: Current epoch: 454, loss: 0.04811801016330719, validation loss: 0.3541691303253174
2024-02-15 21:17:06.031525:2024-02-15 21:17:06.031399: Current epoch: 455, loss: 0.04774017632007599, validation loss: 0.3380775451660156
2024-02-15 21:17:14.359961:2024-02-15 21:17:14.359889: Current epoch: 456, loss: 0.045291718095541, validation loss: 0.34480002522468567
2024-02-15 21:17:22.629132:2024-02-15 21:17:22.628986: Current epoch: 457, loss: 0.049314238131046295, validation loss: 0.3382233679294586
2024-02-15 21:17:30.418135:2024-02-15 21:17:30.418063: Current epoch: 458, loss: 0.050202347338199615, validation loss: 0.34825399518013
2024-02-15 21:17:38.314593:2024-02-15 21:17:38.314444: Current epoch: 459, loss: 0.04618469625711441, validation loss: 0.3323841392993927
2024-02-15 21:17:49.171034:2024-02-15 21:17:49.170962: Current epoch: 460, loss: 0.04697219654917717, validation loss: 0.34043365716934204
2024-02-15 21:17:57.802986:2024-02-15 21:17:57.802915: Current epoch: 461, loss: 0.04789334535598755, validation loss: 0.3352575898170471
2024-02-15 21:18:06.327104:2024-02-15 21:18:06.327033: Current epoch: 462, loss: 0.048657871782779694, validation loss: 0.3383153975009918
2024-02-15 21:18:14.654642:2024-02-15 21:18:14.654518: Current epoch: 463, loss: 0.048938315361738205, validation loss: 0.3348762094974518
2024-02-15 21:18:22.675574:2024-02-15 21:18:22.675478: Current epoch: 464, loss: 0.05550776794552803, validation loss: 0.3398604393005371
2024-02-15 21:18:30.600062:2024-02-15 21:18:30.599990: Current epoch: 465, loss: 0.05619383603334427, validation loss: 0.3445330858230591
2024-02-15 21:18:38.775388:2024-02-15 21:18:38.775240: Current epoch: 466, loss: 0.04440474137663841, validation loss: 0.3407694399356842
2024-02-15 21:18:46.950855:2024-02-15 21:18:46.950786: Current epoch: 467, loss: 0.049169931560754776, validation loss: 0.34755027294158936
2024-02-15 21:18:55.314056:2024-02-15 21:18:55.313932: Current epoch: 468, loss: 0.04732338711619377, validation loss: 0.33867743611335754
2024-02-15 21:19:03.422441:2024-02-15 21:19:03.422322: Current epoch: 469, loss: 0.0480765663087368, validation loss: 0.34302470088005066
2024-02-15 21:19:11.557827:2024-02-15 21:19:11.557710: Current epoch: 470, loss: 0.048788778483867645, validation loss: 0.3561975359916687
2024-02-15 21:19:19.657281:2024-02-15 21:19:19.657222: Current epoch: 471, loss: 0.047339729964733124, validation loss: 0.3357729911804199
2024-02-15 21:19:27.810668:2024-02-15 21:19:27.810598: Current epoch: 472, loss: 0.04729516804218292, validation loss: 0.3410211205482483
2024-02-15 21:19:35.892564:2024-02-15 21:19:35.892418: Current epoch: 473, loss: 0.04563099145889282, validation loss: 0.33486682176589966
2024-02-15 21:19:43.922613:2024-02-15 21:19:43.922542: Current epoch: 474, loss: 0.048871785402297974, validation loss: 0.3320772647857666
2024-02-15 21:19:52.031886:2024-02-15 21:19:52.031761: Current epoch: 475, loss: 0.04772587865591049, validation loss: 0.335004597902298
2024-02-15 21:20:00.275767:2024-02-15 21:20:00.275702: Current epoch: 476, loss: 0.0492735393345356, validation loss: 0.3411701023578644
2024-02-15 21:20:08.359217:2024-02-15 21:20:08.359070: Current epoch: 477, loss: 0.04731462523341179, validation loss: 0.33596208691596985
2024-02-15 21:20:16.397799:2024-02-15 21:20:16.397636: Current epoch: 478, loss: 0.04405782371759415, validation loss: 0.3365609645843506
2024-02-15 21:20:24.528140:2024-02-15 21:20:24.528069: Current epoch: 479, loss: 0.04687554016709328, validation loss: 0.34671810269355774
2024-02-15 21:20:32.629177:2024-02-15 21:20:32.629106: Current epoch: 480, loss: 0.04947741702198982, validation loss: 0.3355158865451813
2024-02-15 21:20:40.924305:2024-02-15 21:20:40.924159: Current epoch: 481, loss: 0.049234937876462936, validation loss: 0.334771066904068
2024-02-15 21:20:48.988964:2024-02-15 21:20:48.988898: Current epoch: 482, loss: 0.04918929934501648, validation loss: 0.343178927898407
2024-02-15 21:20:57.500527:2024-02-15 21:20:57.500372: Current epoch: 483, loss: 0.04654781147837639, validation loss: 0.34081047773361206
2024-02-15 21:21:06.012496:2024-02-15 21:21:06.012393: Current epoch: 484, loss: 0.049504224210977554, validation loss: 0.3384757936000824
2024-02-15 21:21:14.801197:2024-02-15 21:21:14.801035: Current epoch: 485, loss: 0.046414587646722794, validation loss: 0.3336283266544342
2024-02-15 21:21:23.715242:2024-02-15 21:21:23.715134: Current epoch: 486, loss: 0.046014197170734406, validation loss: 0.3339930474758148
2024-02-15 21:21:32.518125:2024-02-15 21:21:32.518051: Current epoch: 487, loss: 0.046555910259485245, validation loss: 0.3365474045276642
2024-02-15 21:21:41.238289:2024-02-15 21:21:41.238214: Current epoch: 488, loss: 0.05226311460137367, validation loss: 0.3397518992424011
2024-02-15 21:21:49.531526:2024-02-15 21:21:49.531423: Current epoch: 489, loss: 0.04484326392412186, validation loss: 0.33428147435188293
2024-02-15 21:21:57.857943:2024-02-15 21:21:57.857842: Current epoch: 490, loss: 0.04489809274673462, validation loss: 0.34559372067451477
2024-02-15 21:22:06.346936:2024-02-15 21:22:06.346858: Current epoch: 491, loss: 0.049096137285232544, validation loss: 0.3373744487762451
2024-02-15 21:22:15.065162:2024-02-15 21:22:15.065084: Current epoch: 492, loss: 0.04997633025050163, validation loss: 0.34060847759246826
2024-02-15 21:22:23.551267:2024-02-15 21:22:23.551135: Current epoch: 493, loss: 0.044820498675107956, validation loss: 0.3396216332912445
2024-02-15 21:22:31.925360:2024-02-15 21:22:31.925284: Current epoch: 494, loss: 0.04616251215338707, validation loss: 0.34592291712760925
2024-02-15 21:22:40.511279:2024-02-15 21:22:40.511200: Current epoch: 495, loss: 0.0486096628010273, validation loss: 0.3592260479927063
2024-02-15 21:22:49.365077:2024-02-15 21:22:49.365010: Current epoch: 496, loss: 0.05157707631587982, validation loss: 0.3455994427204132
2024-02-15 21:22:57.740532:2024-02-15 21:22:57.740451: Current epoch: 497, loss: 0.04457908123731613, validation loss: 0.3380553722381592
2024-02-15 21:23:06.303170:2024-02-15 21:23:06.303054: Current epoch: 498, loss: 0.04397346451878548, validation loss: 0.3454962372779846
2024-02-15 21:23:14.589640:2024-02-15 21:23:14.589539: Current epoch: 499, loss: 0.044897809624671936, validation loss: 0.34025120735168457
2024-02-15 21:23:23.004292:2024-02-15 21:23:23.004201: Current epoch: 500, loss: 0.04719110205769539, validation loss: 0.3331182897090912
2024-02-15 21:23:31.250577:2024-02-15 21:23:31.250504: Current epoch: 501, loss: 0.05040876567363739, validation loss: 0.3442647159099579
2024-02-15 21:23:39.732967:2024-02-15 21:23:39.732888: Current epoch: 502, loss: 0.050101641565561295, validation loss: 0.34289833903312683
2024-02-15 21:23:48.135513:2024-02-15 21:23:48.135372: Current epoch: 503, loss: 0.045280471444129944, validation loss: 0.3381420969963074
2024-02-15 21:23:56.712873:2024-02-15 21:23:56.712779: Current epoch: 504, loss: 0.04667632654309273, validation loss: 0.3511343002319336
2024-02-15 21:24:05.271679:2024-02-15 21:24:05.271609: Current epoch: 505, loss: 0.04364350810647011, validation loss: 0.3373583257198334
2024-02-15 21:24:13.566340:2024-02-15 21:24:13.566265: Current epoch: 506, loss: 0.045991238206624985, validation loss: 0.34022286534309387
2024-02-15 21:24:21.874086:2024-02-15 21:24:21.874027: Current epoch: 507, loss: 0.04712501913309097, validation loss: 0.35305026173591614
2024-02-15 21:24:30.381873:2024-02-15 21:24:30.381795: Current epoch: 508, loss: 0.04740370437502861, validation loss: 0.34244704246520996
2024-02-15 21:24:38.912988:2024-02-15 21:24:38.912858: Current epoch: 509, loss: 0.04492984339594841, validation loss: 0.3407449722290039
2024-02-15 21:24:47.490083:2024-02-15 21:24:47.489980: Current epoch: 510, loss: 0.044807370752096176, validation loss: 0.3385140895843506
2024-02-15 21:24:56.068598:2024-02-15 21:24:56.068529: Current epoch: 511, loss: 0.04488728567957878, validation loss: 0.3477819263935089
2024-02-15 21:25:04.420230:2024-02-15 21:25:04.420155: Current epoch: 512, loss: 0.04554889351129532, validation loss: 0.3482402265071869
2024-02-15 21:25:12.953805:2024-02-15 21:25:12.953733: Current epoch: 513, loss: 0.04902469739317894, validation loss: 0.3448600471019745
2024-02-15 21:25:21.367682:2024-02-15 21:25:21.367609: Current epoch: 514, loss: 0.044640906155109406, validation loss: 0.3410226106643677
2024-02-15 21:25:29.098229:2024-02-15 21:25:29.098156: Current epoch: 515, loss: 0.04400442913174629, validation loss: 0.3393503725528717
2024-02-15 21:25:37.338969:2024-02-15 21:25:37.338895: Current epoch: 516, loss: 0.0473819337785244, validation loss: 0.3413311243057251
2024-02-15 21:25:45.054026:2024-02-15 21:25:45.053952: Current epoch: 517, loss: 0.043825335800647736, validation loss: 0.3393861949443817
2024-02-15 21:25:52.942163:2024-02-15 21:25:52.942046: Current epoch: 518, loss: 0.048074137419462204, validation loss: 0.33610042929649353
2024-02-15 21:26:01.075462:2024-02-15 21:26:01.075343: Current epoch: 519, loss: 0.047885533422231674, validation loss: 0.3337232172489166
2024-02-15 21:26:09.065779:2024-02-15 21:26:09.065706: Current epoch: 520, loss: 0.0463828481733799, validation loss: 0.33380988240242004
2024-02-15 21:26:17.335157:2024-02-15 21:26:17.335085: Current epoch: 521, loss: 0.04541253298521042, validation loss: 0.3470597267150879
2024-02-15 21:26:25.391756:2024-02-15 21:26:25.391682: Current epoch: 522, loss: 0.04606248438358307, validation loss: 0.34633833169937134
2024-02-15 21:26:33.687988:2024-02-15 21:26:33.687849: Current epoch: 523, loss: 0.04591016843914986, validation loss: 0.3326541483402252
2024-02-15 21:26:42.385378:2024-02-15 21:26:42.385304: Current epoch: 524, loss: 0.044878311455249786, validation loss: 0.33018532395362854
2024-02-15 21:26:50.807959:2024-02-15 21:26:50.807836: Current epoch: 525, loss: 0.04426541179418564, validation loss: 0.3320629894733429
2024-02-15 21:26:59.562590:2024-02-15 21:26:59.562489: Current epoch: 526, loss: 0.04311111196875572, validation loss: 0.3349562883377075
2024-02-15 21:27:07.733896:2024-02-15 21:27:07.733863: Current epoch: 527, loss: 0.04593006521463394, validation loss: 0.3368171751499176
2024-02-15 21:27:15.985912:2024-02-15 21:27:15.985795: Current epoch: 528, loss: 0.045705441385507584, validation loss: 0.33504828810691833
2024-02-15 21:27:24.306665:2024-02-15 21:27:24.306568: Current epoch: 529, loss: 0.04473952203989029, validation loss: 0.3428567051887512
2024-02-15 21:27:32.598751:2024-02-15 21:27:32.598688: Current epoch: 530, loss: 0.04492751136422157, validation loss: 0.3477761447429657
2024-02-15 21:27:40.733212:2024-02-15 21:27:40.733138: Current epoch: 531, loss: 0.04401303455233574, validation loss: 0.33767083287239075
2024-02-15 21:27:48.896747:2024-02-15 21:27:48.896623: Current epoch: 532, loss: 0.04518323764204979, validation loss: 0.3426704406738281
2024-02-15 21:27:57.009750:2024-02-15 21:27:57.009656: Current epoch: 533, loss: 0.04450475051999092, validation loss: 0.3440752625465393
2024-02-15 21:28:05.033319:2024-02-15 21:28:05.033246: Current epoch: 534, loss: 0.04606429859995842, validation loss: 0.3424597680568695
2024-02-15 21:28:12.861139:2024-02-15 21:28:12.861088: Current epoch: 535, loss: 0.04541255533695221, validation loss: 0.34736964106559753
2024-02-15 21:28:20.822368:2024-02-15 21:28:20.822293: Current epoch: 536, loss: 0.04450250416994095, validation loss: 0.3386019170284271
2024-02-15 21:28:29.276203:2024-02-15 21:28:29.276084: Current epoch: 537, loss: 0.0428449772298336, validation loss: 0.3426172137260437
2024-02-15 21:28:37.703531:2024-02-15 21:28:37.703458: Current epoch: 538, loss: 0.044089365750551224, validation loss: 0.34042584896087646
2024-02-15 21:28:46.081607:2024-02-15 21:28:46.081503: Current epoch: 539, loss: 0.04645073041319847, validation loss: 0.34517213702201843
2024-02-15 21:28:54.610518:2024-02-15 21:28:54.610440: Current epoch: 540, loss: 0.04552658647298813, validation loss: 0.33832669258117676
2024-02-15 21:29:03.076352:2024-02-15 21:29:03.076276: Current epoch: 541, loss: 0.0442596897482872, validation loss: 0.33591875433921814
2024-02-15 21:29:11.648192:2024-02-15 21:29:11.648038: Current epoch: 542, loss: 0.04739939421415329, validation loss: 0.3539822995662689
2024-02-15 21:29:20.094785:2024-02-15 21:29:20.094719: Current epoch: 543, loss: 0.04412326589226723, validation loss: 0.34253573417663574
2024-02-15 21:29:29.115602:2024-02-15 21:29:29.115469: Current epoch: 544, loss: 0.04382899031043053, validation loss: 0.3407559096813202
2024-02-15 21:29:37.733983:2024-02-15 21:29:37.733886: Current epoch: 545, loss: 0.04401346296072006, validation loss: 0.3358965516090393
2024-02-15 21:29:46.323730:2024-02-15 21:29:46.323651: Current epoch: 546, loss: 0.04616081342101097, validation loss: 0.3402176797389984
2024-02-15 21:29:54.782398:2024-02-15 21:29:54.782319: Current epoch: 547, loss: 0.0433630608022213, validation loss: 0.3421598970890045
2024-02-15 21:30:02.937628:2024-02-15 21:30:02.937472: Current epoch: 548, loss: 0.04396990314126015, validation loss: 0.3410331606864929
2024-02-15 21:30:11.402426:2024-02-15 21:30:11.402326: Current epoch: 549, loss: 0.045704733580350876, validation loss: 0.35361674427986145
2024-02-15 21:30:20.416737:2024-02-15 21:30:20.416605: Current epoch: 550, loss: 0.04711924493312836, validation loss: 0.33813515305519104
2024-02-15 21:30:29.294301:2024-02-15 21:30:29.294204: Current epoch: 551, loss: 0.04600272700190544, validation loss: 0.33969563245773315
2024-02-15 21:30:38.180537:2024-02-15 21:30:38.180486: Current epoch: 552, loss: 0.04327801614999771, validation loss: 0.3363919258117676
2024-02-15 21:30:38.772163:the test error is  [0.31718191504478455, 0.31718191504478455]
2024-02-15 21:30:41.314656:saved model to sample/alignn_bert-base-uncased_robo_prop_magmom_outcar
2024-02-15 21:30:41.904717:done