
2024-05-16 19:16:47.744709:job config: {'train_data_path': '/data/yll6162/alignntl_dft_3d/tl_dataset/dataset_alignn_matbert-base-cased_chemnlp_prop_slme_train.csv', 'val_data_path': '/data/yll6162/alignntl_dft_3d/tl_dataset/dataset_alignn_matbert-base-cased_chemnlp_prop_slme_val.csv', 'test_data_path': '/data/yll6162/alignntl_dft_3d/tl_dataset/dataset_alignn_matbert-base-cased_chemnlp_prop_slme_test.csv', 'label': 'slme', 'input_type': None, 'log_folder': 'log', 'log_file': 'alignn_matbert-base-cased_chemnlp_prop_slme.log', 'test_metric': 'mae', 'architecture': '1024Rx4D-512Rx3D-256Rx3D-128Rx3D-64Rx2-32Rx1-1', 'model_seed': 0, 'loss_type': 'mae', 'config_file': 'sample/alignn_matbert-base-cased_chemnlp_prop_slme_job.config', 'use_valid': True, 'project': 'MOF', 'regressors': None, 'input_types': None, 'paramsGrid': {'optimizer': 'Adam', 'learning_rate': 0.0001, 'patience': 100, 'dropouts': [0.8, 0.9, 0.7, 0.8], 'EVAL_FREQUENCY': 1000}, 'save_path': 'sample/alignn_matbert-base-cased_chemnlp_prop_slme', 'model_path': None, 'last_layer_with_weight': True, 'keras_path': 'model/alignn_matbert-base-cased_chemnlp_prop_slme', 'test_size': None, 'val_size': None}
2024-05-16 19:16:47.744777:train data path is  /data/yll6162/alignntl_dft_3d/tl_dataset/dataset_alignn_matbert-base-cased_chemnlp_prop_slme_train.csv
2024-05-16 19:16:49.829710:input attribute sets are:  None
2024-05-16 19:16:49.830130:test data path is  /data/yll6162/alignntl_dft_3d/tl_dataset/dataset_alignn_matbert-base-cased_chemnlp_prop_slme_test.csv
2024-05-16 19:16:50.109428:val data path is  /data/yll6162/alignntl_dft_3d/tl_dataset/dataset_alignn_matbert-base-cased_chemnlp_prop_slme_val.csv
2024-05-16 19:16:50.392521:input attributes are:  Index(['0', '1', '2', '3', '4', '5', '6', '7', '8', '9',
       ...
       '758.1', '759.1', '760.1', '761.1', '762.1', '763.1', '764.1', '765.1',
       '766.1', '767.1'],
      dtype='object', length=1536)
2024-05-16 19:16:50.392646:label: slme
2024-05-16 19:16:59.110746: train, test, valid sizes:  (7810, 1536) (7810,) (977, 1536) (977,) (977, 1536) (977,)
2024-05-16 19:16:59.240875:train matrix shape of train_X:  (7810, 1536)  train_y:  (7810,)
2024-05-16 19:16:59.241029:valid matrix shape of train_X:  (977, 1536)  valid_y:  (977,)
2024-05-16 19:16:59.241072:test matrix shape of valid_X:   (977, 1536)  test_y:  (977,)
2024-05-16 19:16:59.241106:architecture is:  1024Rx4D-512Rx3D-256Rx3D-128Rx3D-64Rx2-32Rx1-1
2024-05-16 19:16:59.241142:learning rate is  0.0001
2024-05-16 19:16:59.241174:model path is  None
2024-05-16 19:16:59.256774:adding fully connected layers with 1024 outputs
2024-05-16 19:16:59.750490:adding residual with fc as the size are different
2024-05-16 19:16:59.757467:adding fully connected layers with 1024 outputs
2024-05-16 19:16:59.762472:adding residual, both sizes are same
2024-05-16 19:16:59.764387:adding fully connected layers with 1024 outputs
2024-05-16 19:16:59.769359:adding residual, both sizes are same
2024-05-16 19:16:59.771239:adding fully connected layers with 1024 outputs
2024-05-16 19:16:59.775953:adding residual, both sizes are same
2024-05-16 19:16:59.777816:adding dropout 0.8
2024-05-16 19:16:59.782393:adding fully connected layers with 512 outputs
2024-05-16 19:16:59.787424:adding residual with fc as the size are different
2024-05-16 19:16:59.794415:adding fully connected layers with 512 outputs
2024-05-16 19:16:59.799303:adding residual, both sizes are same
2024-05-16 19:16:59.801145:adding fully connected layers with 512 outputs
2024-05-16 19:16:59.806040:adding residual, both sizes are same
2024-05-16 19:16:59.807883:adding dropout 0.9
2024-05-16 19:16:59.809503:adding fully connected layers with 256 outputs
2024-05-16 19:16:59.814509:adding residual with fc as the size are different
2024-05-16 19:16:59.820890:adding fully connected layers with 256 outputs
2024-05-16 19:16:59.832880:adding residual, both sizes are same
2024-05-16 19:16:59.838664:adding fully connected layers with 256 outputs
2024-05-16 19:16:59.851337:adding residual, both sizes are same
2024-05-16 19:16:59.853758:adding dropout 0.7
2024-05-16 19:16:59.855854:adding fully connected layers with 128 outputs
2024-05-16 19:16:59.861635:adding residual with fc as the size are different
2024-05-16 19:16:59.868162:adding fully connected layers with 128 outputs
2024-05-16 19:16:59.873156:adding residual, both sizes are same
2024-05-16 19:16:59.875014:adding fully connected layers with 128 outputs
2024-05-16 19:16:59.879750:adding residual, both sizes are same
2024-05-16 19:16:59.881869:adding dropout 0.8
2024-05-16 19:16:59.883495:adding fully connected layers with 64 outputs
2024-05-16 19:16:59.888508:adding residual with fc as the size are different
2024-05-16 19:16:59.894706:adding fully connected layers with 64 outputs
2024-05-16 19:16:59.899846:adding residual, both sizes are same
2024-05-16 19:16:59.901713:adding fully connected layers with 32 outputs
2024-05-16 19:16:59.906675:adding residual with fc as the size are different
2024-05-16 19:16:59.913009:adding final layer with 1 output
2024-05-16 19:16:59.922412:Model: "ElemNet"
2024-05-16 19:16:59.922481:__________________________________________________________________________________________________
2024-05-16 19:16:59.922530:Layer (type)                    Output Shape         Param #     Connected to                     
2024-05-16 19:16:59.922567:==================================================================================================
2024-05-16 19:16:59.922770:elemental_fractions (InputLayer [(None, 1536)]       0                                            
2024-05-16 19:16:59.922817:__________________________________________________________________________________________________
2024-05-16 19:16:59.922988:fc0_0 (Dense)                   (None, 1024)         1573888     elemental_fractions[0][0]        
2024-05-16 19:16:59.923034:__________________________________________________________________________________________________
2024-05-16 19:16:59.923147:fc0_dim_0 (Dense)               (None, 1024)         1573888     elemental_fractions[0][0]        
2024-05-16 19:16:59.923191:__________________________________________________________________________________________________
2024-05-16 19:16:59.923274:tf.__operators__.add (TFOpLambd (None, 1024)         0           fc0_0[0][0]                      
2024-05-16 19:16:59.923317:                                                                 fc0_dim_0[0][0]                  
2024-05-16 19:16:59.923353:__________________________________________________________________________________________________
2024-05-16 19:16:59.923458:fc0_1 (Dense)                   (None, 1024)         1049600     tf.__operators__.add[0][0]       
2024-05-16 19:16:59.923501:__________________________________________________________________________________________________
2024-05-16 19:16:59.923578:tf.__operators__.add_1 (TFOpLam (None, 1024)         0           fc0_1[0][0]                      
2024-05-16 19:16:59.923621:                                                                 tf.__operators__.add[0][0]       
2024-05-16 19:16:59.923656:__________________________________________________________________________________________________
2024-05-16 19:16:59.923756:fc0_2 (Dense)                   (None, 1024)         1049600     tf.__operators__.add_1[0][0]     
2024-05-16 19:16:59.923798:__________________________________________________________________________________________________
2024-05-16 19:16:59.923873:tf.__operators__.add_2 (TFOpLam (None, 1024)         0           fc0_2[0][0]                      
2024-05-16 19:16:59.923915:                                                                 tf.__operators__.add_1[0][0]     
2024-05-16 19:16:59.923958:__________________________________________________________________________________________________
2024-05-16 19:16:59.924060:fc0_3 (Dense)                   (None, 1024)         1049600     tf.__operators__.add_2[0][0]     
2024-05-16 19:16:59.924102:__________________________________________________________________________________________________
2024-05-16 19:16:59.924177:tf.__operators__.add_3 (TFOpLam (None, 1024)         0           fc0_3[0][0]                      
2024-05-16 19:16:59.924226:                                                                 tf.__operators__.add_2[0][0]     
2024-05-16 19:16:59.924261:__________________________________________________________________________________________________
2024-05-16 19:16:59.924335:dropout (Dropout)               (None, 1024)         0           tf.__operators__.add_3[0][0]     
2024-05-16 19:16:59.924373:__________________________________________________________________________________________________
2024-05-16 19:16:59.924474:fc1_0 (Dense)                   (None, 512)          524800      dropout[0][0]                    
2024-05-16 19:16:59.924515:__________________________________________________________________________________________________
2024-05-16 19:16:59.924614:fc1_dim_0 (Dense)               (None, 512)          524800      dropout[0][0]                    
2024-05-16 19:16:59.924655:__________________________________________________________________________________________________
2024-05-16 19:16:59.924731:tf.__operators__.add_4 (TFOpLam (None, 512)          0           fc1_0[0][0]                      
2024-05-16 19:16:59.924773:                                                                 fc1_dim_0[0][0]                  
2024-05-16 19:16:59.924810:__________________________________________________________________________________________________
2024-05-16 19:16:59.924907:fc1_1 (Dense)                   (None, 512)          262656      tf.__operators__.add_4[0][0]     
2024-05-16 19:16:59.924957:__________________________________________________________________________________________________
2024-05-16 19:16:59.925033:tf.__operators__.add_5 (TFOpLam (None, 512)          0           fc1_1[0][0]                      
2024-05-16 19:16:59.925076:                                                                 tf.__operators__.add_4[0][0]     
2024-05-16 19:16:59.925111:__________________________________________________________________________________________________
2024-05-16 19:16:59.925210:fc1_2 (Dense)                   (None, 512)          262656      tf.__operators__.add_5[0][0]     
2024-05-16 19:16:59.925250:__________________________________________________________________________________________________
2024-05-16 19:16:59.925323:tf.__operators__.add_6 (TFOpLam (None, 512)          0           fc1_2[0][0]                      
2024-05-16 19:16:59.925366:                                                                 tf.__operators__.add_5[0][0]     
2024-05-16 19:16:59.925401:__________________________________________________________________________________________________
2024-05-16 19:16:59.925487:dropout_1 (Dropout)             (None, 512)          0           tf.__operators__.add_6[0][0]     
2024-05-16 19:16:59.925525:__________________________________________________________________________________________________
2024-05-16 19:16:59.925625:fc2_0 (Dense)                   (None, 256)          131328      dropout_1[0][0]                  
2024-05-16 19:16:59.925668:__________________________________________________________________________________________________
2024-05-16 19:16:59.925769:fc2_dim_0 (Dense)               (None, 256)          131328      dropout_1[0][0]                  
2024-05-16 19:16:59.925811:__________________________________________________________________________________________________
2024-05-16 19:16:59.925886:tf.__operators__.add_7 (TFOpLam (None, 256)          0           fc2_0[0][0]                      
2024-05-16 19:16:59.925936:                                                                 fc2_dim_0[0][0]                  
2024-05-16 19:16:59.925974:__________________________________________________________________________________________________
2024-05-16 19:16:59.926076:fc2_1 (Dense)                   (None, 256)          65792       tf.__operators__.add_7[0][0]     
2024-05-16 19:16:59.926117:__________________________________________________________________________________________________
2024-05-16 19:16:59.926199:tf.__operators__.add_8 (TFOpLam (None, 256)          0           fc2_1[0][0]                      
2024-05-16 19:16:59.926242:                                                                 tf.__operators__.add_7[0][0]     
2024-05-16 19:16:59.926280:__________________________________________________________________________________________________
2024-05-16 19:16:59.926381:fc2_2 (Dense)                   (None, 256)          65792       tf.__operators__.add_8[0][0]     
2024-05-16 19:16:59.926470:__________________________________________________________________________________________________
2024-05-16 19:16:59.926549:tf.__operators__.add_9 (TFOpLam (None, 256)          0           fc2_2[0][0]                      
2024-05-16 19:16:59.926593:                                                                 tf.__operators__.add_8[0][0]     
2024-05-16 19:16:59.926629:__________________________________________________________________________________________________
2024-05-16 19:16:59.926710:dropout_2 (Dropout)             (None, 256)          0           tf.__operators__.add_9[0][0]     
2024-05-16 19:16:59.926747:__________________________________________________________________________________________________
2024-05-16 19:16:59.926845:fc3_0 (Dense)                   (None, 128)          32896       dropout_2[0][0]                  
2024-05-16 19:16:59.926886:__________________________________________________________________________________________________
2024-05-16 19:16:59.927029:fc3_dim_0 (Dense)               (None, 128)          32896       dropout_2[0][0]                  
2024-05-16 19:16:59.927079:__________________________________________________________________________________________________
2024-05-16 19:16:59.927158:tf.__operators__.add_10 (TFOpLa (None, 128)          0           fc3_0[0][0]                      
2024-05-16 19:16:59.927202:                                                                 fc3_dim_0[0][0]                  
2024-05-16 19:16:59.927237:__________________________________________________________________________________________________
2024-05-16 19:16:59.927337:fc3_1 (Dense)                   (None, 128)          16512       tf.__operators__.add_10[0][0]    
2024-05-16 19:16:59.927379:__________________________________________________________________________________________________
2024-05-16 19:16:59.927453:tf.__operators__.add_11 (TFOpLa (None, 128)          0           fc3_1[0][0]                      
2024-05-16 19:16:59.927495:                                                                 tf.__operators__.add_10[0][0]    
2024-05-16 19:16:59.927531:__________________________________________________________________________________________________
2024-05-16 19:16:59.927629:fc3_2 (Dense)                   (None, 128)          16512       tf.__operators__.add_11[0][0]    
2024-05-16 19:16:59.927669:__________________________________________________________________________________________________
2024-05-16 19:16:59.927742:tf.__operators__.add_12 (TFOpLa (None, 128)          0           fc3_2[0][0]                      
2024-05-16 19:16:59.927784:                                                                 tf.__operators__.add_11[0][0]    
2024-05-16 19:16:59.927820:__________________________________________________________________________________________________
2024-05-16 19:16:59.927889:dropout_3 (Dropout)             (None, 128)          0           tf.__operators__.add_12[0][0]    
2024-05-16 19:16:59.927937:__________________________________________________________________________________________________
2024-05-16 19:16:59.928043:fc4_0 (Dense)                   (None, 64)           8256        dropout_3[0][0]                  
2024-05-16 19:16:59.928085:__________________________________________________________________________________________________
2024-05-16 19:16:59.928184:fc4_dim_0 (Dense)               (None, 64)           8256        dropout_3[0][0]                  
2024-05-16 19:16:59.928225:__________________________________________________________________________________________________
2024-05-16 19:16:59.928305:tf.__operators__.add_13 (TFOpLa (None, 64)           0           fc4_0[0][0]                      
2024-05-16 19:16:59.928348:                                                                 fc4_dim_0[0][0]                  
2024-05-16 19:16:59.928383:__________________________________________________________________________________________________
2024-05-16 19:16:59.928481:fc4_1 (Dense)                   (None, 64)           4160        tf.__operators__.add_13[0][0]    
2024-05-16 19:16:59.928525:__________________________________________________________________________________________________
2024-05-16 19:16:59.928601:tf.__operators__.add_14 (TFOpLa (None, 64)           0           fc4_1[0][0]                      
2024-05-16 19:16:59.928643:                                                                 tf.__operators__.add_13[0][0]    
2024-05-16 19:16:59.928678:__________________________________________________________________________________________________
2024-05-16 19:16:59.928775:fc5_0 (Dense)                   (None, 32)           2080        tf.__operators__.add_14[0][0]    
2024-05-16 19:16:59.928817:__________________________________________________________________________________________________
2024-05-16 19:16:59.928913:fc5_dim_0 (Dense)               (None, 32)           2080        tf.__operators__.add_14[0][0]    
2024-05-16 19:16:59.928963:__________________________________________________________________________________________________
2024-05-16 19:16:59.929039:tf.__operators__.add_15 (TFOpLa (None, 32)           0           fc5_0[0][0]                      
2024-05-16 19:16:59.929083:                                                                 fc5_dim_0[0][0]                  
2024-05-16 19:16:59.929119:__________________________________________________________________________________________________
2024-05-16 19:16:59.929218:fc6 (Dense)                     (None, 1)            33          tf.__operators__.add_15[0][0]    
2024-05-16 19:16:59.929258:==================================================================================================
2024-05-16 19:16:59.929830:Total params: 8,389,409
2024-05-16 19:16:59.929879:Trainable params: 8,389,409
2024-05-16 19:16:59.929917:Non-trainable params: 0
2024-05-16 19:16:59.929960:__________________________________________________________________________________________________
2024-05-16 19:16:59.940356:start training
2024-05-16 19:17:03.858297:2024-05-16 19:17:03.858229: Current epoch: 0, loss: 11.501891136169434, validation loss: 13.718308448791504
2024-05-16 19:17:06.193187:2024-05-16 19:17:06.193126: Current epoch: 1, loss: 7.830999374389648, validation loss: 7.98934268951416
2024-05-16 19:17:08.463499:2024-05-16 19:17:08.463425: Current epoch: 2, loss: 6.85796594619751, validation loss: 8.705198287963867
2024-05-16 19:17:10.842751:2024-05-16 19:17:10.842667: Current epoch: 3, loss: 6.452258586883545, validation loss: 7.03342342376709
2024-05-16 19:17:13.257959:2024-05-16 19:17:13.257835: Current epoch: 4, loss: 6.0040388107299805, validation loss: 7.769700050354004
2024-05-16 19:17:15.757036:2024-05-16 19:17:15.756927: Current epoch: 5, loss: 5.647525310516357, validation loss: 6.555423736572266
2024-05-16 19:17:18.131889:2024-05-16 19:17:18.131800: Current epoch: 6, loss: 5.408713340759277, validation loss: 6.361992835998535
2024-05-16 19:17:20.537694:2024-05-16 19:17:20.537532: Current epoch: 7, loss: 5.060056686401367, validation loss: 6.677722930908203
2024-05-16 19:17:22.864720:2024-05-16 19:17:22.864557: Current epoch: 8, loss: 5.024415969848633, validation loss: 6.741618633270264
2024-05-16 19:17:25.174458:2024-05-16 19:17:25.174385: Current epoch: 9, loss: 4.747938632965088, validation loss: 6.593228816986084
2024-05-16 19:17:30.069961:2024-05-16 19:17:30.069862: Current epoch: 10, loss: 4.434364318847656, validation loss: 6.09210729598999
2024-05-16 19:17:32.485728:2024-05-16 19:17:32.485644: Current epoch: 11, loss: 4.353034019470215, validation loss: 6.088911056518555
2024-05-16 19:17:34.945307:2024-05-16 19:17:34.945228: Current epoch: 12, loss: 4.209098815917969, validation loss: 6.045993328094482
2024-05-16 19:17:37.366763:2024-05-16 19:17:37.366698: Current epoch: 13, loss: 4.057666301727295, validation loss: 5.498631000518799
2024-05-16 19:17:39.719400:2024-05-16 19:17:39.719261: Current epoch: 14, loss: 3.8729469776153564, validation loss: 6.056181907653809
2024-05-16 19:17:42.093514:2024-05-16 19:17:42.093351: Current epoch: 15, loss: 3.7664101123809814, validation loss: 5.803560733795166
2024-05-16 19:17:44.592882:2024-05-16 19:17:44.592720: Current epoch: 16, loss: 3.790029287338257, validation loss: 5.76967191696167
2024-05-16 19:17:46.882296:2024-05-16 19:17:46.882223: Current epoch: 17, loss: 3.661872148513794, validation loss: 5.885278224945068
2024-05-16 19:17:49.181462:2024-05-16 19:17:49.181405: Current epoch: 18, loss: 3.542508363723755, validation loss: 5.30813455581665
2024-05-16 19:17:51.414586:2024-05-16 19:17:51.414515: Current epoch: 19, loss: 3.4091176986694336, validation loss: 5.498377323150635
2024-05-16 19:17:56.231410:2024-05-16 19:17:56.231321: Current epoch: 20, loss: 3.388077974319458, validation loss: 5.554419994354248
2024-05-16 19:17:58.526811:2024-05-16 19:17:58.526647: Current epoch: 21, loss: 3.3344407081604004, validation loss: 5.466113090515137
2024-05-16 19:18:00.782993:2024-05-16 19:18:00.782847: Current epoch: 22, loss: 3.191114664077759, validation loss: 6.023642539978027
2024-05-16 19:18:03.129454:2024-05-16 19:18:03.129325: Current epoch: 23, loss: 3.292543888092041, validation loss: 5.584977626800537
2024-05-16 19:18:05.575132:2024-05-16 19:18:05.575064: Current epoch: 24, loss: 3.0535051822662354, validation loss: 5.2570109367370605
2024-05-16 19:18:07.914554:2024-05-16 19:18:07.914392: Current epoch: 25, loss: 2.920518636703491, validation loss: 5.604170322418213
2024-05-16 19:18:10.292794:2024-05-16 19:18:10.292705: Current epoch: 26, loss: 2.852003574371338, validation loss: 5.10260009765625
2024-05-16 19:18:12.593830:2024-05-16 19:18:12.593758: Current epoch: 27, loss: 2.8133230209350586, validation loss: 4.990013122558594
2024-05-16 19:18:14.900261:2024-05-16 19:18:14.900096: Current epoch: 28, loss: 2.806940793991089, validation loss: 5.035754680633545
2024-05-16 19:18:17.235910:2024-05-16 19:18:17.235814: Current epoch: 29, loss: 2.8142282962799072, validation loss: 5.683436870574951
2024-05-16 19:18:19.549033:2024-05-16 19:18:19.548847: Current epoch: 30, loss: 2.644929885864258, validation loss: 5.219832420349121
2024-05-16 19:18:21.832988:2024-05-16 19:18:21.832850: Current epoch: 31, loss: 2.5925586223602295, validation loss: 5.167266845703125
2024-05-16 19:18:24.171447:2024-05-16 19:18:24.171340: Current epoch: 32, loss: 2.5516674518585205, validation loss: 5.241916656494141
2024-05-16 19:18:26.543888:2024-05-16 19:18:26.543802: Current epoch: 33, loss: 2.437145471572876, validation loss: 4.86137056350708
2024-05-16 19:18:28.811920:2024-05-16 19:18:28.811851: Current epoch: 34, loss: 2.4729018211364746, validation loss: 5.06030797958374
2024-05-16 19:18:31.124688:2024-05-16 19:18:31.124523: Current epoch: 35, loss: 2.444298028945923, validation loss: 4.927012920379639
2024-05-16 19:18:33.384574:2024-05-16 19:18:33.384395: Current epoch: 36, loss: 2.4026455879211426, validation loss: 5.136358737945557
2024-05-16 19:18:35.709757:2024-05-16 19:18:35.709705: Current epoch: 37, loss: 2.5157947540283203, validation loss: 5.106213569641113
2024-05-16 19:18:38.091632:2024-05-16 19:18:38.091473: Current epoch: 38, loss: 2.3617405891418457, validation loss: 5.248478412628174
2024-05-16 19:18:40.315523:2024-05-16 19:18:40.315449: Current epoch: 39, loss: 2.38322114944458, validation loss: 4.996139049530029
2024-05-16 19:18:45.164645:2024-05-16 19:18:45.164482: Current epoch: 40, loss: 2.3016834259033203, validation loss: 5.131825923919678
2024-05-16 19:18:47.680322:2024-05-16 19:18:47.680090: Current epoch: 41, loss: 2.177565097808838, validation loss: 4.981761932373047
2024-05-16 19:18:50.090628:2024-05-16 19:18:50.090553: Current epoch: 42, loss: 2.103532314300537, validation loss: 5.024181842803955
2024-05-16 19:18:52.361624:2024-05-16 19:18:52.361548: Current epoch: 43, loss: 2.124055862426758, validation loss: 5.18108606338501
2024-05-16 19:18:54.581439:2024-05-16 19:18:54.581368: Current epoch: 44, loss: 2.052891254425049, validation loss: 5.487546920776367
2024-05-16 19:18:56.895976:2024-05-16 19:18:56.895850: Current epoch: 45, loss: 2.095381259918213, validation loss: 5.038186550140381
2024-05-16 19:18:59.217997:2024-05-16 19:18:59.217893: Current epoch: 46, loss: 2.0070245265960693, validation loss: 4.910910129547119
2024-05-16 19:19:01.480462:2024-05-16 19:19:01.480328: Current epoch: 47, loss: 1.9697961807250977, validation loss: 5.014570236206055
2024-05-16 19:19:03.739264:2024-05-16 19:19:03.739188: Current epoch: 48, loss: 2.04815411567688, validation loss: 5.483363151550293
2024-05-16 19:19:06.040774:2024-05-16 19:19:06.040700: Current epoch: 49, loss: 1.9349586963653564, validation loss: 5.019968032836914
2024-05-16 19:19:08.347160:2024-05-16 19:19:08.347083: Current epoch: 50, loss: 1.8796030282974243, validation loss: 5.048187732696533
2024-05-16 19:19:10.598819:2024-05-16 19:19:10.598744: Current epoch: 51, loss: 1.875489354133606, validation loss: 4.899294853210449
2024-05-16 19:19:12.985847:2024-05-16 19:19:12.985786: Current epoch: 52, loss: 1.9360936880111694, validation loss: 4.7495551109313965
2024-05-16 19:19:15.381472:2024-05-16 19:19:15.381238: Current epoch: 53, loss: 1.8536715507507324, validation loss: 5.011621952056885
2024-05-16 19:19:17.927280:2024-05-16 19:19:17.927146: Current epoch: 54, loss: 1.8103430271148682, validation loss: 4.973268032073975
2024-05-16 19:19:20.308262:2024-05-16 19:19:20.307912: Current epoch: 55, loss: 1.7985295057296753, validation loss: 5.156248569488525
2024-05-16 19:19:22.653392:2024-05-16 19:19:22.653223: Current epoch: 56, loss: 1.8710863590240479, validation loss: 4.9502081871032715
2024-05-16 19:19:25.016875:2024-05-16 19:19:25.016712: Current epoch: 57, loss: 1.6980657577514648, validation loss: 5.192544937133789
2024-05-16 19:19:27.508685:2024-05-16 19:19:27.508521: Current epoch: 58, loss: 1.8271523714065552, validation loss: 4.829194068908691
2024-05-16 19:19:29.810601:2024-05-16 19:19:29.810478: Current epoch: 59, loss: 1.7260500192642212, validation loss: 4.8819403648376465
2024-05-16 19:19:34.573638:2024-05-16 19:19:34.573478: Current epoch: 60, loss: 1.6440722942352295, validation loss: 4.875542640686035
2024-05-16 19:19:36.845219:2024-05-16 19:19:36.845113: Current epoch: 61, loss: 1.6583104133605957, validation loss: 4.7969279289245605
2024-05-16 19:19:39.027961:2024-05-16 19:19:39.027888: Current epoch: 62, loss: 1.6884685754776, validation loss: 4.8029561042785645
2024-05-16 19:19:41.262878:2024-05-16 19:19:41.262726: Current epoch: 63, loss: 1.6547367572784424, validation loss: 5.004428863525391
2024-05-16 19:19:43.531290:2024-05-16 19:19:43.531141: Current epoch: 64, loss: 1.6929508447647095, validation loss: 4.995613098144531
2024-05-16 19:19:45.797675:2024-05-16 19:19:45.797600: Current epoch: 65, loss: 1.5830272436141968, validation loss: 4.826967716217041
2024-05-16 19:19:48.009676:2024-05-16 19:19:48.009563: Current epoch: 66, loss: 1.5750768184661865, validation loss: 4.919173717498779
2024-05-16 19:19:50.305485:2024-05-16 19:19:50.305396: Current epoch: 67, loss: 1.5581114292144775, validation loss: 4.771348476409912
2024-05-16 19:19:52.692740:2024-05-16 19:19:52.692653: Current epoch: 68, loss: 1.5118473768234253, validation loss: 4.643636226654053
2024-05-16 19:19:54.940799:2024-05-16 19:19:54.940725: Current epoch: 69, loss: 1.5473077297210693, validation loss: 4.771609783172607
2024-05-16 19:19:59.555520:2024-05-16 19:19:59.555386: Current epoch: 70, loss: 1.5842612981796265, validation loss: 4.722265720367432
2024-05-16 19:20:01.858013:2024-05-16 19:20:01.857907: Current epoch: 71, loss: 1.4601075649261475, validation loss: 4.876758098602295
2024-05-16 19:20:04.177076:2024-05-16 19:20:04.176999: Current epoch: 72, loss: 1.4346387386322021, validation loss: 4.830833435058594
2024-05-16 19:20:06.665805:2024-05-16 19:20:06.665736: Current epoch: 73, loss: 1.5083390474319458, validation loss: 4.678829669952393
2024-05-16 19:20:08.968778:2024-05-16 19:20:08.968707: Current epoch: 74, loss: 1.5769747495651245, validation loss: 4.822768211364746
2024-05-16 19:20:11.182583:2024-05-16 19:20:11.182420: Current epoch: 75, loss: 1.439995527267456, validation loss: 4.906884670257568
2024-05-16 19:20:13.433612:2024-05-16 19:20:13.433539: Current epoch: 76, loss: 1.4692986011505127, validation loss: 4.7264084815979
2024-05-16 19:20:15.665703:2024-05-16 19:20:15.665635: Current epoch: 77, loss: 1.438916563987732, validation loss: 4.868282794952393
2024-05-16 19:20:17.833374:2024-05-16 19:20:17.833301: Current epoch: 78, loss: 1.349513053894043, validation loss: 4.870229721069336
2024-05-16 19:20:20.063228:2024-05-16 19:20:20.063153: Current epoch: 79, loss: 1.3674858808517456, validation loss: 4.702822208404541
2024-05-16 19:20:24.716063:2024-05-16 19:20:24.715941: Current epoch: 80, loss: 1.4061964750289917, validation loss: 5.182196140289307
2024-05-16 19:20:26.907793:2024-05-16 19:20:26.907716: Current epoch: 81, loss: 1.4025516510009766, validation loss: 4.80948543548584
2024-05-16 19:20:29.228735:2024-05-16 19:20:29.228661: Current epoch: 82, loss: 1.4421926736831665, validation loss: 4.764163970947266
2024-05-16 19:20:31.580972:2024-05-16 19:20:31.580870: Current epoch: 83, loss: 1.3149547576904297, validation loss: 4.732036113739014
2024-05-16 19:20:33.832912:2024-05-16 19:20:33.832835: Current epoch: 84, loss: 1.2595223188400269, validation loss: 4.735569953918457
2024-05-16 19:20:36.077331:2024-05-16 19:20:36.077256: Current epoch: 85, loss: 1.3251838684082031, validation loss: 4.879790782928467
2024-05-16 19:20:38.347142:2024-05-16 19:20:38.347068: Current epoch: 86, loss: 1.313857078552246, validation loss: 4.728170394897461
2024-05-16 19:20:40.594028:2024-05-16 19:20:40.593951: Current epoch: 87, loss: 1.284095048904419, validation loss: 4.832956314086914
2024-05-16 19:20:42.866816:2024-05-16 19:20:42.866741: Current epoch: 88, loss: 1.2419235706329346, validation loss: 4.718492031097412
2024-05-16 19:20:45.220817:2024-05-16 19:20:45.220731: Current epoch: 89, loss: 1.2412431240081787, validation loss: 4.583826065063477
2024-05-16 19:20:49.860914:2024-05-16 19:20:49.860779: Current epoch: 90, loss: 1.2102149724960327, validation loss: 4.749335765838623
2024-05-16 19:20:52.084721:2024-05-16 19:20:52.084613: Current epoch: 91, loss: 1.2995246648788452, validation loss: 4.837027549743652
2024-05-16 19:20:54.311196:2024-05-16 19:20:54.311128: Current epoch: 92, loss: 1.270455241203308, validation loss: 4.6925153732299805
2024-05-16 19:20:56.506481:2024-05-16 19:20:56.506412: Current epoch: 93, loss: 1.249025583267212, validation loss: 4.783926486968994
2024-05-16 19:20:58.693408:2024-05-16 19:20:58.693287: Current epoch: 94, loss: 1.272902011871338, validation loss: 4.6638102531433105
2024-05-16 19:21:00.912145:2024-05-16 19:21:00.912071: Current epoch: 95, loss: 1.272985816001892, validation loss: 4.723907470703125
2024-05-16 19:21:03.171124:2024-05-16 19:21:03.171024: Current epoch: 96, loss: 1.2178711891174316, validation loss: 4.720958709716797
2024-05-16 19:21:05.448114:2024-05-16 19:21:05.448041: Current epoch: 97, loss: 1.103574275970459, validation loss: 4.916134834289551
2024-05-16 19:21:07.695033:2024-05-16 19:21:07.694962: Current epoch: 98, loss: 1.1332614421844482, validation loss: 4.6576619148254395
2024-05-16 19:21:09.931877:2024-05-16 19:21:09.931802: Current epoch: 99, loss: 1.1798359155654907, validation loss: 4.888390064239502
2024-05-16 19:21:12.120591:2024-05-16 19:21:12.120515: Current epoch: 100, loss: 1.1503268480300903, validation loss: 4.7732110023498535
2024-05-16 19:21:14.303528:2024-05-16 19:21:14.303398: Current epoch: 101, loss: 1.1766976118087769, validation loss: 4.854428768157959
2024-05-16 19:21:16.571027:2024-05-16 19:21:16.570913: Current epoch: 102, loss: 1.1681886911392212, validation loss: 4.938239574432373
2024-05-16 19:21:18.773627:2024-05-16 19:21:18.773552: Current epoch: 103, loss: 1.2211540937423706, validation loss: 4.893887519836426
2024-05-16 19:21:20.971688:2024-05-16 19:21:20.971612: Current epoch: 104, loss: 1.1375480890274048, validation loss: 4.698418140411377
2024-05-16 19:21:23.171149:2024-05-16 19:21:23.171028: Current epoch: 105, loss: 1.1761831045150757, validation loss: 4.729554653167725
2024-05-16 19:21:25.410496:2024-05-16 19:21:25.410390: Current epoch: 106, loss: 1.1341058015823364, validation loss: 4.838852882385254
2024-05-16 19:21:27.623020:2024-05-16 19:21:27.622952: Current epoch: 107, loss: 1.1329848766326904, validation loss: 4.704512596130371
2024-05-16 19:21:29.829015:2024-05-16 19:21:29.828837: Current epoch: 108, loss: 1.1220593452453613, validation loss: 4.643405437469482
2024-05-16 19:21:32.051337:2024-05-16 19:21:32.051260: Current epoch: 109, loss: 1.0880494117736816, validation loss: 4.619772911071777
2024-05-16 19:21:34.328437:2024-05-16 19:21:34.328360: Current epoch: 110, loss: 1.0517678260803223, validation loss: 4.72015905380249
2024-05-16 19:21:36.603121:2024-05-16 19:21:36.603050: Current epoch: 111, loss: 1.1247363090515137, validation loss: 4.92122220993042
2024-05-16 19:21:38.885021:2024-05-16 19:21:38.884835: Current epoch: 112, loss: 1.1332893371582031, validation loss: 4.717048168182373
2024-05-16 19:21:41.202787:2024-05-16 19:21:41.202712: Current epoch: 113, loss: 1.0868966579437256, validation loss: 4.830908298492432
2024-05-16 19:21:43.448271:2024-05-16 19:21:43.448199: Current epoch: 114, loss: 1.0590797662734985, validation loss: 4.676849842071533
2024-05-16 19:21:45.688406:2024-05-16 19:21:45.688331: Current epoch: 115, loss: 1.0322023630142212, validation loss: 4.870011806488037
2024-05-16 19:21:48.028383:2024-05-16 19:21:48.028314: Current epoch: 116, loss: 1.0422176122665405, validation loss: 4.795975685119629
2024-05-16 19:21:50.403800:2024-05-16 19:21:50.403726: Current epoch: 117, loss: 1.0131728649139404, validation loss: 4.585617542266846
2024-05-16 19:21:52.615246:2024-05-16 19:21:52.615170: Current epoch: 118, loss: 1.0218828916549683, validation loss: 4.6927690505981445
2024-05-16 19:21:54.869860:2024-05-16 19:21:54.869783: Current epoch: 119, loss: 1.0374863147735596, validation loss: 4.630294322967529
2024-05-16 19:21:57.152133:2024-05-16 19:21:57.152004: Current epoch: 120, loss: 0.9990646243095398, validation loss: 5.093449592590332
2024-05-16 19:21:59.505361:2024-05-16 19:21:59.505254: Current epoch: 121, loss: 1.175689697265625, validation loss: 4.818028450012207
2024-05-16 19:22:01.814572:2024-05-16 19:22:01.814409: Current epoch: 122, loss: 1.0949103832244873, validation loss: 4.85971736907959
2024-05-16 19:22:04.191040:2024-05-16 19:22:04.190948: Current epoch: 123, loss: 1.0518709421157837, validation loss: 4.544259548187256
2024-05-16 19:22:06.557615:2024-05-16 19:22:06.557442: Current epoch: 124, loss: 0.9927616715431213, validation loss: 4.713413715362549
2024-05-16 19:22:08.878552:2024-05-16 19:22:08.878401: Current epoch: 125, loss: 0.9658883213996887, validation loss: 4.8073015213012695
2024-05-16 19:22:11.130762:2024-05-16 19:22:11.130692: Current epoch: 126, loss: 1.0076450109481812, validation loss: 4.7483086585998535
2024-05-16 19:22:13.502917:2024-05-16 19:22:13.502755: Current epoch: 127, loss: 0.9822595119476318, validation loss: 4.944144248962402
2024-05-16 19:22:15.809413:2024-05-16 19:22:15.809286: Current epoch: 128, loss: 1.0065770149230957, validation loss: 4.89082670211792
2024-05-16 19:22:18.160898:2024-05-16 19:22:18.160799: Current epoch: 129, loss: 1.003555178642273, validation loss: 4.770948886871338
2024-05-16 19:22:20.497766:2024-05-16 19:22:20.497616: Current epoch: 130, loss: 0.9336024522781372, validation loss: 4.717843532562256
2024-05-16 19:22:22.843843:2024-05-16 19:22:22.843682: Current epoch: 131, loss: 0.9179508686065674, validation loss: 4.783726215362549
2024-05-16 19:22:25.196022:2024-05-16 19:22:25.195879: Current epoch: 132, loss: 0.9609059691429138, validation loss: 4.940803050994873
2024-05-16 19:22:27.528920:2024-05-16 19:22:27.528813: Current epoch: 133, loss: 0.9721997380256653, validation loss: 4.642080307006836
2024-05-16 19:22:29.838804:2024-05-16 19:22:29.838738: Current epoch: 134, loss: 0.9152097702026367, validation loss: 4.874788761138916
2024-05-16 19:22:32.131291:2024-05-16 19:22:32.131129: Current epoch: 135, loss: 0.9355854392051697, validation loss: 4.717594146728516
2024-05-16 19:22:34.594401:2024-05-16 19:22:34.594326: Current epoch: 136, loss: 0.9646244645118713, validation loss: 4.783616542816162
2024-05-16 19:22:36.972547:2024-05-16 19:22:36.972398: Current epoch: 137, loss: 0.9066690802574158, validation loss: 4.583464622497559
2024-05-16 19:22:39.322799:2024-05-16 19:22:39.322724: Current epoch: 138, loss: 0.9047682285308838, validation loss: 4.709712982177734
2024-05-16 19:22:41.643797:2024-05-16 19:22:41.643634: Current epoch: 139, loss: 0.8822001218795776, validation loss: 4.846035003662109
2024-05-16 19:22:43.897618:2024-05-16 19:22:43.897548: Current epoch: 140, loss: 1.0185401439666748, validation loss: 4.824391841888428
2024-05-16 19:22:46.190517:2024-05-16 19:22:46.190378: Current epoch: 141, loss: 0.9677746891975403, validation loss: 4.690221309661865
2024-05-16 19:22:48.382066:2024-05-16 19:22:48.381896: Current epoch: 142, loss: 0.9516662359237671, validation loss: 4.750990390777588
2024-05-16 19:22:50.642435:2024-05-16 19:22:50.642327: Current epoch: 143, loss: 1.0497384071350098, validation loss: 4.8583173751831055
2024-05-16 19:22:52.946032:2024-05-16 19:22:52.945960: Current epoch: 144, loss: 0.9240747690200806, validation loss: 4.813275337219238
2024-05-16 19:22:55.186218:2024-05-16 19:22:55.186084: Current epoch: 145, loss: 0.9381394386291504, validation loss: 4.727787494659424
2024-05-16 19:22:57.359084:2024-05-16 19:22:57.358950: Current epoch: 146, loss: 0.9509571194648743, validation loss: 4.8073649406433105
2024-05-16 19:22:59.654329:2024-05-16 19:22:59.654222: Current epoch: 147, loss: 0.869976818561554, validation loss: 4.893311500549316
2024-05-16 19:23:01.897079:2024-05-16 19:23:01.896913: Current epoch: 148, loss: 0.9184016585350037, validation loss: 4.740015029907227
2024-05-16 19:23:04.097602:2024-05-16 19:23:04.097528: Current epoch: 149, loss: 0.8450367450714111, validation loss: 4.864726543426514
2024-05-16 19:23:06.289708:2024-05-16 19:23:06.289634: Current epoch: 150, loss: 0.8572662472724915, validation loss: 4.9699482917785645
2024-05-16 19:23:08.450190:2024-05-16 19:23:08.450113: Current epoch: 151, loss: 0.8710302114486694, validation loss: 4.813704490661621
2024-05-16 19:23:10.657797:2024-05-16 19:23:10.657722: Current epoch: 152, loss: 0.8475401401519775, validation loss: 4.796330451965332
2024-05-16 19:23:12.904147:2024-05-16 19:23:12.904072: Current epoch: 153, loss: 0.929399311542511, validation loss: 4.852747440338135
2024-05-16 19:23:15.121983:2024-05-16 19:23:15.121842: Current epoch: 154, loss: 0.9858372807502747, validation loss: 4.740941524505615
2024-05-16 19:23:17.370186:2024-05-16 19:23:17.370074: Current epoch: 155, loss: 0.8886592388153076, validation loss: 4.940038681030273
2024-05-16 19:23:19.614113:2024-05-16 19:23:19.614039: Current epoch: 156, loss: 0.8211455941200256, validation loss: 4.794417381286621
2024-05-16 19:23:21.848301:2024-05-16 19:23:21.848227: Current epoch: 157, loss: 0.8255671262741089, validation loss: 4.780774116516113
2024-05-16 19:23:24.056847:2024-05-16 19:23:24.056741: Current epoch: 158, loss: 0.848304271697998, validation loss: 4.757676601409912
2024-05-16 19:23:26.290096:2024-05-16 19:23:26.289990: Current epoch: 159, loss: 0.7888280749320984, validation loss: 4.750601768493652
2024-05-16 19:23:28.490079:2024-05-16 19:23:28.490002: Current epoch: 160, loss: 0.8802477121353149, validation loss: 4.639558792114258
2024-05-16 19:23:30.729017:2024-05-16 19:23:30.728939: Current epoch: 161, loss: 0.9597112536430359, validation loss: 4.856832027435303
2024-05-16 19:23:32.990376:2024-05-16 19:23:32.990301: Current epoch: 162, loss: 0.9590170979499817, validation loss: 5.147634983062744
2024-05-16 19:23:35.266518:2024-05-16 19:23:35.266444: Current epoch: 163, loss: 0.8958495855331421, validation loss: 4.904788017272949
2024-05-16 19:23:37.509561:2024-05-16 19:23:37.509484: Current epoch: 164, loss: 0.8128602504730225, validation loss: 4.758205890655518
2024-05-16 19:23:39.707377:2024-05-16 19:23:39.707302: Current epoch: 165, loss: 0.7711100578308105, validation loss: 4.842604160308838
2024-05-16 19:23:41.937397:2024-05-16 19:23:41.937322: Current epoch: 166, loss: 0.7950255870819092, validation loss: 4.799978256225586
2024-05-16 19:23:44.199460:2024-05-16 19:23:44.199303: Current epoch: 167, loss: 0.8028457760810852, validation loss: 4.783179759979248
2024-05-16 19:23:46.413921:2024-05-16 19:23:46.413851: Current epoch: 168, loss: 0.8152515292167664, validation loss: 4.6768574714660645
2024-05-16 19:23:48.524223:2024-05-16 19:23:48.524089: Current epoch: 169, loss: 0.8294188976287842, validation loss: 4.707019805908203
2024-05-16 19:23:50.734767:2024-05-16 19:23:50.734659: Current epoch: 170, loss: 0.8584235906600952, validation loss: 4.741485595703125
2024-05-16 19:23:53.010397:2024-05-16 19:23:53.010327: Current epoch: 171, loss: 0.9216747283935547, validation loss: 4.612106800079346
2024-05-16 19:23:55.193436:2024-05-16 19:23:55.193361: Current epoch: 172, loss: 0.7693943977355957, validation loss: 4.559352397918701
2024-05-16 19:23:57.441439:2024-05-16 19:23:57.441289: Current epoch: 173, loss: 0.8872271776199341, validation loss: 4.78915548324585
2024-05-16 19:23:59.696898:2024-05-16 19:23:59.696826: Current epoch: 174, loss: 0.8273550868034363, validation loss: 4.939539432525635
2024-05-16 19:24:01.932468:2024-05-16 19:24:01.932305: Current epoch: 175, loss: 0.8159217238426208, validation loss: 4.720048904418945
2024-05-16 19:24:04.234098:2024-05-16 19:24:04.234027: Current epoch: 176, loss: 0.7497286796569824, validation loss: 4.80537223815918
2024-05-16 19:24:06.459098:2024-05-16 19:24:06.458967: Current epoch: 177, loss: 0.7610054612159729, validation loss: 4.6709771156311035
2024-05-16 19:24:08.674344:2024-05-16 19:24:08.674273: Current epoch: 178, loss: 0.7659813165664673, validation loss: 4.652230262756348
2024-05-16 19:24:10.904095:2024-05-16 19:24:10.904018: Current epoch: 179, loss: 0.7290234565734863, validation loss: 4.711913585662842
2024-05-16 19:24:13.185659:2024-05-16 19:24:13.185583: Current epoch: 180, loss: 0.785656213760376, validation loss: 4.7473859786987305
2024-05-16 19:24:15.447639:2024-05-16 19:24:15.447566: Current epoch: 181, loss: 0.8142110705375671, validation loss: 4.6188178062438965
2024-05-16 19:24:17.737508:2024-05-16 19:24:17.737406: Current epoch: 182, loss: 0.7565158009529114, validation loss: 4.686894416809082
2024-05-16 19:24:20.022678:2024-05-16 19:24:20.022601: Current epoch: 183, loss: 0.7776334285736084, validation loss: 4.9715681076049805
2024-05-16 19:24:22.305544:2024-05-16 19:24:22.305468: Current epoch: 184, loss: 0.8941012024879456, validation loss: 4.834868907928467
2024-05-16 19:24:24.565545:2024-05-16 19:24:24.565468: Current epoch: 185, loss: 0.7840075492858887, validation loss: 4.97728967666626
2024-05-16 19:24:26.815643:2024-05-16 19:24:26.815567: Current epoch: 186, loss: 0.8232903480529785, validation loss: 4.638101100921631
2024-05-16 19:24:29.059977:2024-05-16 19:24:29.059881: Current epoch: 187, loss: 0.7460914850234985, validation loss: 4.6724114418029785
2024-05-16 19:24:31.327896:2024-05-16 19:24:31.327823: Current epoch: 188, loss: 0.7941689491271973, validation loss: 4.745121002197266
2024-05-16 19:24:33.543892:2024-05-16 19:24:33.543773: Current epoch: 189, loss: 0.7890686392784119, validation loss: 4.687955379486084
2024-05-16 19:24:35.689049:2024-05-16 19:24:35.688974: Current epoch: 190, loss: 0.7835953235626221, validation loss: 4.636561393737793
2024-05-16 19:24:37.903149:2024-05-16 19:24:37.903049: Current epoch: 191, loss: 0.9789310693740845, validation loss: 4.93424654006958
2024-05-16 19:24:40.110279:2024-05-16 19:24:40.110208: Current epoch: 192, loss: 0.9155434370040894, validation loss: 4.771983623504639
2024-05-16 19:24:42.302284:2024-05-16 19:24:42.302211: Current epoch: 193, loss: 0.7668741345405579, validation loss: 4.724360466003418
2024-05-16 19:24:44.537845:2024-05-16 19:24:44.537770: Current epoch: 194, loss: 0.7191083431243896, validation loss: 4.706448554992676
2024-05-16 19:24:46.705815:2024-05-16 19:24:46.705692: Current epoch: 195, loss: 0.7160667181015015, validation loss: 4.753969192504883
2024-05-16 19:24:48.977050:2024-05-16 19:24:48.976947: Current epoch: 196, loss: 0.7053837180137634, validation loss: 4.843952178955078
2024-05-16 19:24:51.181135:2024-05-16 19:24:51.181061: Current epoch: 197, loss: 0.7313261032104492, validation loss: 4.743282794952393
2024-05-16 19:24:53.383250:2024-05-16 19:24:53.383176: Current epoch: 198, loss: 0.7255633473396301, validation loss: 4.632984161376953
2024-05-16 19:24:55.596322:2024-05-16 19:24:55.596245: Current epoch: 199, loss: 0.7173619866371155, validation loss: 4.73082971572876
2024-05-16 19:24:57.766767:2024-05-16 19:24:57.766693: Current epoch: 200, loss: 0.7173786759376526, validation loss: 4.724942207336426
2024-05-16 19:24:59.984462:2024-05-16 19:24:59.984386: Current epoch: 201, loss: 0.6806245446205139, validation loss: 4.648442268371582
2024-05-16 19:25:02.432823:2024-05-16 19:25:02.432680: Current epoch: 202, loss: 0.8235875368118286, validation loss: 4.707968235015869
2024-05-16 19:25:04.658720:2024-05-16 19:25:04.658591: Current epoch: 203, loss: 0.7730103135108948, validation loss: 4.786930561065674
2024-05-16 19:25:06.945312:2024-05-16 19:25:06.945204: Current epoch: 204, loss: 0.8162346482276917, validation loss: 4.831551551818848
2024-05-16 19:25:09.124100:2024-05-16 19:25:09.123992: Current epoch: 205, loss: 0.7244358062744141, validation loss: 4.713863372802734
2024-05-16 19:25:11.473020:2024-05-16 19:25:11.472884: Current epoch: 206, loss: 0.6647450923919678, validation loss: 4.65547513961792
2024-05-16 19:25:13.726364:2024-05-16 19:25:13.726253: Current epoch: 207, loss: 0.6670368909835815, validation loss: 4.855112075805664
2024-05-16 19:25:16.059118:2024-05-16 19:25:16.059007: Current epoch: 208, loss: 0.7111408710479736, validation loss: 4.857767581939697
2024-05-16 19:25:18.362554:2024-05-16 19:25:18.362386: Current epoch: 209, loss: 0.7323142886161804, validation loss: 4.811045169830322
2024-05-16 19:25:20.694553:2024-05-16 19:25:20.694441: Current epoch: 210, loss: 0.9552996754646301, validation loss: 4.7927422523498535
2024-05-16 19:25:22.966062:2024-05-16 19:25:22.965983: Current epoch: 211, loss: 0.7293062806129456, validation loss: 4.632465362548828
2024-05-16 19:25:25.166021:2024-05-16 19:25:25.165943: Current epoch: 212, loss: 0.7281655669212341, validation loss: 5.189751148223877
2024-05-16 19:25:27.368425:2024-05-16 19:25:27.368358: Current epoch: 213, loss: 0.8092906475067139, validation loss: 4.709936618804932
2024-05-16 19:25:29.562483:2024-05-16 19:25:29.562407: Current epoch: 214, loss: 0.6560301780700684, validation loss: 4.742010593414307
2024-05-16 19:25:31.782895:2024-05-16 19:25:31.782761: Current epoch: 215, loss: 0.669089674949646, validation loss: 4.579023361206055
2024-05-16 19:25:34.018762:2024-05-16 19:25:34.018711: Current epoch: 216, loss: 0.617551863193512, validation loss: 4.541418552398682
2024-05-16 19:25:36.171123:2024-05-16 19:25:36.171044: Current epoch: 217, loss: 0.6298703551292419, validation loss: 4.587496280670166
2024-05-16 19:25:38.354171:2024-05-16 19:25:38.354093: Current epoch: 218, loss: 0.7312853932380676, validation loss: 4.695253372192383
2024-05-16 19:25:40.530644:2024-05-16 19:25:40.530566: Current epoch: 219, loss: 0.7080222964286804, validation loss: 4.984562397003174
2024-05-16 19:25:42.796557:2024-05-16 19:25:42.796472: Current epoch: 220, loss: 0.7848460674285889, validation loss: 4.735861301422119
2024-05-16 19:25:45.049816:2024-05-16 19:25:45.049578: Current epoch: 221, loss: 0.7087091207504272, validation loss: 4.702451705932617
2024-05-16 19:25:47.296384:2024-05-16 19:25:47.296274: Current epoch: 222, loss: 0.6824060082435608, validation loss: 4.660928726196289
2024-05-16 19:25:49.544585:2024-05-16 19:25:49.544465: Current epoch: 223, loss: 0.7500662803649902, validation loss: 4.835869312286377
2024-05-16 19:25:51.775867:2024-05-16 19:25:51.775775: Current epoch: 224, loss: 0.6961285471916199, validation loss: 4.88547945022583
2024-05-16 19:25:54.005355:2024-05-16 19:25:54.005281: Current epoch: 225, loss: 0.6878297328948975, validation loss: 4.56429386138916
2024-05-16 19:25:56.309654:2024-05-16 19:25:56.309578: Current epoch: 226, loss: 0.6083603501319885, validation loss: 4.850536823272705
2024-05-16 19:25:58.551394:2024-05-16 19:25:58.551318: Current epoch: 227, loss: 0.6349791288375854, validation loss: 4.807857990264893
2024-05-16 19:26:00.786173:2024-05-16 19:26:00.786097: Current epoch: 228, loss: 0.6498852372169495, validation loss: 4.7164387702941895
2024-05-16 19:26:02.998323:2024-05-16 19:26:02.998245: Current epoch: 229, loss: 0.7402504086494446, validation loss: 4.843533992767334
2024-05-16 19:26:05.258082:2024-05-16 19:26:05.257921: Current epoch: 230, loss: 0.7110800743103027, validation loss: 4.917917251586914
2024-05-16 19:26:07.475136:2024-05-16 19:26:07.475061: Current epoch: 231, loss: 0.7536529302597046, validation loss: 4.858980178833008
2024-05-16 19:26:09.701312:2024-05-16 19:26:09.701241: Current epoch: 232, loss: 0.7373780012130737, validation loss: 4.996819972991943
2024-05-16 19:26:11.869667:2024-05-16 19:26:11.869592: Current epoch: 233, loss: 0.7119646668434143, validation loss: 4.737995147705078
2024-05-16 19:26:14.175979:2024-05-16 19:26:14.175889: Current epoch: 234, loss: 0.7410256862640381, validation loss: 4.784432411193848
2024-05-16 19:26:16.383097:2024-05-16 19:26:16.383022: Current epoch: 235, loss: 0.6460192203521729, validation loss: 4.83541202545166
2024-05-16 19:26:18.626999:2024-05-16 19:26:18.626845: Current epoch: 236, loss: 1.4646704196929932, validation loss: 4.6721978187561035
2024-05-16 19:26:20.823703:2024-05-16 19:26:20.823629: Current epoch: 237, loss: 0.7514879107475281, validation loss: 4.711028575897217
2024-05-16 19:26:23.023830:2024-05-16 19:26:23.023766: Current epoch: 238, loss: 0.6309971809387207, validation loss: 4.8502092361450195
2024-05-16 19:26:25.256517:2024-05-16 19:26:25.256442: Current epoch: 239, loss: 0.6136140823364258, validation loss: 4.625166893005371
2024-05-16 19:26:27.456894:2024-05-16 19:26:27.456764: Current epoch: 240, loss: 0.5478320121765137, validation loss: 4.692892551422119
2024-05-16 19:26:29.734405:2024-05-16 19:26:29.734298: Current epoch: 241, loss: 0.5519658923149109, validation loss: 4.686349868774414
2024-05-16 19:26:31.943561:2024-05-16 19:26:31.943486: Current epoch: 242, loss: 0.5395039916038513, validation loss: 4.561697006225586
2024-05-16 19:26:34.117964:2024-05-16 19:26:34.117862: Current epoch: 243, loss: 0.5519396662712097, validation loss: 4.603536128997803
2024-05-16 19:26:36.296958:2024-05-16 19:26:36.296860: Current epoch: 244, loss: 0.5330920815467834, validation loss: 4.601434230804443
2024-05-16 19:26:38.495520:2024-05-16 19:26:38.495458: Current epoch: 245, loss: 0.5671482086181641, validation loss: 4.742326259613037
2024-05-16 19:26:40.670705:2024-05-16 19:26:40.670631: Current epoch: 246, loss: 0.5743110775947571, validation loss: 4.650211334228516
2024-05-16 19:26:42.907304:2024-05-16 19:26:42.907169: Current epoch: 247, loss: 0.6156150102615356, validation loss: 4.727014064788818
2024-05-16 19:26:45.177789:2024-05-16 19:26:45.177714: Current epoch: 248, loss: 0.6472567915916443, validation loss: 4.768346309661865
2024-05-16 19:26:47.422403:2024-05-16 19:26:47.422332: Current epoch: 249, loss: 0.6875502467155457, validation loss: 4.723666667938232
2024-05-16 19:26:49.660686:2024-05-16 19:26:49.660611: Current epoch: 250, loss: 0.62129807472229, validation loss: 4.837754726409912
2024-05-16 19:26:51.940809:2024-05-16 19:26:51.940733: Current epoch: 251, loss: 0.7495214939117432, validation loss: 4.715038299560547
2024-05-16 19:26:54.177746:2024-05-16 19:26:54.177663: Current epoch: 252, loss: 0.6387743949890137, validation loss: 4.950507640838623
2024-05-16 19:26:56.470957:2024-05-16 19:26:56.470862: Current epoch: 253, loss: 0.627328097820282, validation loss: 4.633080959320068
2024-05-16 19:26:58.751781:2024-05-16 19:26:58.751650: Current epoch: 254, loss: 0.588540256023407, validation loss: 4.616993427276611
2024-05-16 19:27:01.118420:2024-05-16 19:27:01.118310: Current epoch: 255, loss: 0.6630368828773499, validation loss: 4.776469707489014
2024-05-16 19:27:03.374194:2024-05-16 19:27:03.374120: Current epoch: 256, loss: 0.6462937593460083, validation loss: 4.785008907318115
2024-05-16 19:27:05.668114:2024-05-16 19:27:05.668029: Current epoch: 257, loss: 0.6281598806381226, validation loss: 4.754554271697998
2024-05-16 19:27:07.990666:2024-05-16 19:27:07.990593: Current epoch: 258, loss: 0.6485221982002258, validation loss: 4.733328819274902
2024-05-16 19:27:10.200617:2024-05-16 19:27:10.200541: Current epoch: 259, loss: 0.7014214396476746, validation loss: 4.806449890136719
2024-05-16 19:27:12.423511:2024-05-16 19:27:12.423436: Current epoch: 260, loss: 0.6754251718521118, validation loss: 4.8256731033325195
2024-05-16 19:27:14.717310:2024-05-16 19:27:14.717147: Current epoch: 261, loss: 0.7310699820518494, validation loss: 4.833856582641602
2024-05-16 19:27:17.014319:2024-05-16 19:27:17.014199: Current epoch: 262, loss: 0.706760585308075, validation loss: 4.719527244567871
2024-05-16 19:27:19.391101:2024-05-16 19:27:19.390940: Current epoch: 263, loss: 0.6593207120895386, validation loss: 4.729846000671387
2024-05-16 19:27:21.784338:2024-05-16 19:27:21.784263: Current epoch: 264, loss: 0.5763983726501465, validation loss: 4.852663993835449
2024-05-16 19:27:24.060586:2024-05-16 19:27:24.060460: Current epoch: 265, loss: 0.6363034248352051, validation loss: 4.644765377044678
2024-05-16 19:27:26.577551:2024-05-16 19:27:26.577444: Current epoch: 266, loss: 0.624462366104126, validation loss: 4.751462459564209
2024-05-16 19:27:28.930979:2024-05-16 19:27:28.930835: Current epoch: 267, loss: 0.6843368411064148, validation loss: 4.725244998931885
2024-05-16 19:27:31.368161:2024-05-16 19:27:31.368055: Current epoch: 268, loss: 0.6187381148338318, validation loss: 4.869534492492676
2024-05-16 19:27:33.612174:2024-05-16 19:27:33.612100: Current epoch: 269, loss: 0.6770955324172974, validation loss: 4.860977649688721
2024-05-16 19:27:35.983703:2024-05-16 19:27:35.983629: Current epoch: 270, loss: 0.6180198788642883, validation loss: 4.732559680938721
2024-05-16 19:27:38.150963:2024-05-16 19:27:38.150879: Current epoch: 271, loss: 0.7579604387283325, validation loss: 4.598146915435791
2024-05-16 19:27:40.365858:2024-05-16 19:27:40.365793: Current epoch: 272, loss: 0.6743389964103699, validation loss: 4.766391277313232
2024-05-16 19:27:42.611746:2024-05-16 19:27:42.611583: Current epoch: 273, loss: 0.6111211180686951, validation loss: 4.735544681549072
2024-05-16 19:27:44.915520:2024-05-16 19:27:44.915449: Current epoch: 274, loss: 0.6088040471076965, validation loss: 4.9289069175720215
2024-05-16 19:27:47.304291:2024-05-16 19:27:47.304217: Current epoch: 275, loss: 0.5986449122428894, validation loss: 4.532388210296631
2024-05-16 19:27:49.771851:2024-05-16 19:27:49.771751: Current epoch: 276, loss: 0.5523374080657959, validation loss: 4.554232597351074
2024-05-16 19:27:52.004912:2024-05-16 19:27:52.004781: Current epoch: 277, loss: 0.5084244608879089, validation loss: 4.579319477081299
2024-05-16 19:27:54.289606:2024-05-16 19:27:54.289517: Current epoch: 278, loss: 0.577857494354248, validation loss: 4.5417799949646
2024-05-16 19:27:56.480881:2024-05-16 19:27:56.480751: Current epoch: 279, loss: 0.5316283106803894, validation loss: 4.668274402618408
2024-05-16 19:27:58.757409:2024-05-16 19:27:58.757316: Current epoch: 280, loss: 0.5120579600334167, validation loss: 4.613922595977783
2024-05-16 19:28:01.042712:2024-05-16 19:28:01.042658: Current epoch: 281, loss: 0.5473271608352661, validation loss: 4.52019739151001
2024-05-16 19:28:03.233855:2024-05-16 19:28:03.233785: Current epoch: 282, loss: 0.5331727266311646, validation loss: 4.662874221801758
2024-05-16 19:28:05.437053:2024-05-16 19:28:05.436976: Current epoch: 283, loss: 0.5705826282501221, validation loss: 4.71915340423584
2024-05-16 19:28:07.677992:2024-05-16 19:28:07.677817: Current epoch: 284, loss: 0.5559271574020386, validation loss: 4.5783915519714355
2024-05-16 19:28:09.919686:2024-05-16 19:28:09.919611: Current epoch: 285, loss: 0.6043773889541626, validation loss: 4.58292818069458
2024-05-16 19:28:12.171052:2024-05-16 19:28:12.170977: Current epoch: 286, loss: 0.5718929171562195, validation loss: 4.586523056030273
2024-05-16 19:28:14.406570:2024-05-16 19:28:14.406447: Current epoch: 287, loss: 0.8383368253707886, validation loss: 4.996729373931885
2024-05-16 19:28:16.715308:2024-05-16 19:28:16.715216: Current epoch: 288, loss: 0.6432467103004456, validation loss: 4.920473098754883
2024-05-16 19:28:19.006975:2024-05-16 19:28:19.006878: Current epoch: 289, loss: 0.6227192282676697, validation loss: 4.607365608215332
2024-05-16 19:28:21.276061:2024-05-16 19:28:21.275995: Current epoch: 290, loss: 0.5720533728599548, validation loss: 4.690818786621094
2024-05-16 19:28:23.499485:2024-05-16 19:28:23.499354: Current epoch: 291, loss: 0.6543402075767517, validation loss: 4.8979811668396
2024-05-16 19:28:25.767954:2024-05-16 19:28:25.767865: Current epoch: 292, loss: 0.5968819260597229, validation loss: 4.739705562591553
2024-05-16 19:28:28.075308:2024-05-16 19:28:28.075201: Current epoch: 293, loss: 0.6114813089370728, validation loss: 4.6866960525512695
2024-05-16 19:28:30.333493:2024-05-16 19:28:30.333364: Current epoch: 294, loss: 0.8035539984703064, validation loss: 4.941750526428223
2024-05-16 19:28:32.565033:2024-05-16 19:28:32.564964: Current epoch: 295, loss: 0.6069490909576416, validation loss: 4.896679878234863
2024-05-16 19:28:34.792251:2024-05-16 19:28:34.792178: Current epoch: 296, loss: 0.5962749719619751, validation loss: 4.977421760559082
2024-05-16 19:28:37.001820:2024-05-16 19:28:37.001745: Current epoch: 297, loss: 0.5762990117073059, validation loss: 4.800705432891846
2024-05-16 19:28:39.311454:2024-05-16 19:28:39.311381: Current epoch: 298, loss: 0.4981301426887512, validation loss: 4.6817169189453125
2024-05-16 19:28:41.660687:2024-05-16 19:28:41.660561: Current epoch: 299, loss: 0.5182791352272034, validation loss: 4.794079780578613
2024-05-16 19:28:43.965510:2024-05-16 19:28:43.965405: Current epoch: 300, loss: 0.6086100339889526, validation loss: 4.843685626983643
2024-05-16 19:28:46.356496:2024-05-16 19:28:46.356331: Current epoch: 301, loss: 0.6154227256774902, validation loss: 4.890024185180664
2024-05-16 19:28:48.605364:2024-05-16 19:28:48.605203: Current epoch: 302, loss: 0.6941927075386047, validation loss: 4.8917741775512695
2024-05-16 19:28:50.878730:2024-05-16 19:28:50.878579: Current epoch: 303, loss: 0.6030954718589783, validation loss: 4.737484931945801
2024-05-16 19:28:53.096790:2024-05-16 19:28:53.096694: Current epoch: 304, loss: 0.4753783047199249, validation loss: 4.676490783691406
2024-05-16 19:28:55.375955:2024-05-16 19:28:55.375859: Current epoch: 305, loss: 0.45936712622642517, validation loss: 4.711224555969238
2024-05-16 19:28:57.641503:2024-05-16 19:28:57.641343: Current epoch: 306, loss: 0.4683507978916168, validation loss: 4.665883541107178
2024-05-16 19:28:59.911269:2024-05-16 19:28:59.911194: Current epoch: 307, loss: 0.4985048472881317, validation loss: 4.761593818664551
2024-05-16 19:29:02.147173:2024-05-16 19:29:02.147060: Current epoch: 308, loss: 0.4708072543144226, validation loss: 4.670490741729736
2024-05-16 19:29:04.427775:2024-05-16 19:29:04.427715: Current epoch: 309, loss: 0.4908469021320343, validation loss: 4.516385078430176
2024-05-16 19:29:09.197065:2024-05-16 19:29:09.196990: Current epoch: 310, loss: 0.5166962146759033, validation loss: 4.552786827087402
2024-05-16 19:29:11.478298:2024-05-16 19:29:11.478229: Current epoch: 311, loss: 0.5179446935653687, validation loss: 4.719351291656494
2024-05-16 19:29:13.707000:2024-05-16 19:29:13.706889: Current epoch: 312, loss: 0.5083649754524231, validation loss: 4.56908655166626
2024-05-16 19:29:15.948805:2024-05-16 19:29:15.948730: Current epoch: 313, loss: 0.48759710788726807, validation loss: 4.647958755493164
2024-05-16 19:29:18.258960:2024-05-16 19:29:18.258893: Current epoch: 314, loss: 0.48595792055130005, validation loss: 4.500277996063232
2024-05-16 19:29:20.497886:2024-05-16 19:29:20.497755: Current epoch: 315, loss: 0.522442102432251, validation loss: 4.612006664276123
2024-05-16 19:29:22.805122:2024-05-16 19:29:22.805022: Current epoch: 316, loss: 0.6085135340690613, validation loss: 4.830826759338379
2024-05-16 19:29:25.007729:2024-05-16 19:29:25.007655: Current epoch: 317, loss: 0.7646517157554626, validation loss: 4.923500061035156
2024-05-16 19:29:27.241488:2024-05-16 19:29:27.241359: Current epoch: 318, loss: 0.7361343502998352, validation loss: 5.280043601989746
2024-05-16 19:29:29.503441:2024-05-16 19:29:29.503340: Current epoch: 319, loss: 0.5941257476806641, validation loss: 4.859513759613037
2024-05-16 19:29:31.699015:2024-05-16 19:29:31.698914: Current epoch: 320, loss: 0.6514914035797119, validation loss: 4.886900901794434
2024-05-16 19:29:33.951164:2024-05-16 19:29:33.951036: Current epoch: 321, loss: 0.5632590055465698, validation loss: 4.6654791831970215
2024-05-16 19:29:36.300816:2024-05-16 19:29:36.300707: Current epoch: 322, loss: 0.5414273738861084, validation loss: 4.601978778839111
2024-05-16 19:29:38.576069:2024-05-16 19:29:38.575992: Current epoch: 323, loss: 0.5983277559280396, validation loss: 4.841333389282227
2024-05-16 19:29:40.859497:2024-05-16 19:29:40.859267: Current epoch: 324, loss: 0.6038327217102051, validation loss: 4.897037029266357
2024-05-16 19:29:43.142539:2024-05-16 19:29:43.142465: Current epoch: 325, loss: 0.5458102226257324, validation loss: 4.750820636749268
2024-05-16 19:29:45.411835:2024-05-16 19:29:45.411762: Current epoch: 326, loss: 0.6115661859512329, validation loss: 4.760446548461914
2024-05-16 19:29:47.672394:2024-05-16 19:29:47.672314: Current epoch: 327, loss: 0.5098345279693604, validation loss: 4.53253173828125
2024-05-16 19:29:49.927943:2024-05-16 19:29:49.927851: Current epoch: 328, loss: 0.5188337564468384, validation loss: 4.618952751159668
2024-05-16 19:29:52.168252:2024-05-16 19:29:52.168144: Current epoch: 329, loss: 0.5084887146949768, validation loss: 4.668552398681641
2024-05-16 19:29:54.404076:2024-05-16 19:29:54.403919: Current epoch: 330, loss: 0.46335771679878235, validation loss: 4.657572269439697
2024-05-16 19:29:56.598285:2024-05-16 19:29:56.598175: Current epoch: 331, loss: 0.45661458373069763, validation loss: 4.539911270141602
2024-05-16 19:29:58.741072:2024-05-16 19:29:58.740991: Current epoch: 332, loss: 0.4548839330673218, validation loss: 4.670440673828125
2024-05-16 19:30:00.957908:2024-05-16 19:30:00.957834: Current epoch: 333, loss: 0.4695744812488556, validation loss: 4.616009712219238
2024-05-16 19:30:03.245465:2024-05-16 19:30:03.245389: Current epoch: 334, loss: 0.5399675965309143, validation loss: 4.795421123504639
2024-05-16 19:30:05.546217:2024-05-16 19:30:05.546141: Current epoch: 335, loss: 0.5726910829544067, validation loss: 5.010205268859863
2024-05-16 19:30:07.931838:2024-05-16 19:30:07.931732: Current epoch: 336, loss: 0.6291782855987549, validation loss: 4.866654872894287
2024-05-16 19:30:10.233472:2024-05-16 19:30:10.233397: Current epoch: 337, loss: 0.5643954873085022, validation loss: 4.746973514556885
2024-05-16 19:30:12.417339:2024-05-16 19:30:12.417266: Current epoch: 338, loss: 0.6164065003395081, validation loss: 4.651514530181885
2024-05-16 19:30:14.683384:2024-05-16 19:30:14.683217: Current epoch: 339, loss: 0.5050846338272095, validation loss: 4.534968852996826
2024-05-16 19:30:16.885057:2024-05-16 19:30:16.884986: Current epoch: 340, loss: 0.46441176533699036, validation loss: 4.964753150939941
2024-05-16 19:30:19.159602:2024-05-16 19:30:19.159363: Current epoch: 341, loss: 0.6212723851203918, validation loss: 4.806388854980469
2024-05-16 19:30:21.442709:2024-05-16 19:30:21.442602: Current epoch: 342, loss: 0.5966246724128723, validation loss: 4.773043632507324
2024-05-16 19:30:23.736085:2024-05-16 19:30:23.736006: Current epoch: 343, loss: 0.5489989519119263, validation loss: 4.946700572967529
2024-05-16 19:30:26.007429:2024-05-16 19:30:26.007299: Current epoch: 344, loss: 0.547391951084137, validation loss: 4.808194637298584
2024-05-16 19:30:28.257070:2024-05-16 19:30:28.256976: Current epoch: 345, loss: 0.5212895274162292, validation loss: 4.590031147003174
2024-05-16 19:30:30.543902:2024-05-16 19:30:30.543741: Current epoch: 346, loss: 0.6231032013893127, validation loss: 4.838919162750244
2024-05-16 19:30:32.796740:2024-05-16 19:30:32.796583: Current epoch: 347, loss: 0.5350618958473206, validation loss: 4.745532035827637
2024-05-16 19:30:34.995189:2024-05-16 19:30:34.995113: Current epoch: 348, loss: 0.4634684920310974, validation loss: 4.7051682472229
2024-05-16 19:30:37.233438:2024-05-16 19:30:37.233363: Current epoch: 349, loss: 0.4486842155456543, validation loss: 4.812349796295166
2024-05-16 19:30:39.475357:2024-05-16 19:30:39.475282: Current epoch: 350, loss: 0.6341457962989807, validation loss: 4.5707526206970215
2024-05-16 19:30:41.682670:2024-05-16 19:30:41.682595: Current epoch: 351, loss: 0.5173947811126709, validation loss: 4.6555657386779785
2024-05-16 19:30:43.884381:2024-05-16 19:30:43.884306: Current epoch: 352, loss: 0.4991784989833832, validation loss: 4.734527111053467
2024-05-16 19:30:46.075785:2024-05-16 19:30:46.075655: Current epoch: 353, loss: 0.522999107837677, validation loss: 4.765616416931152
2024-05-16 19:30:48.338072:2024-05-16 19:30:48.337971: Current epoch: 354, loss: 0.5355597138404846, validation loss: 4.894824981689453
2024-05-16 19:30:50.537360:2024-05-16 19:30:50.537283: Current epoch: 355, loss: 0.5705962777137756, validation loss: 4.957643508911133
2024-05-16 19:30:52.726312:2024-05-16 19:30:52.726180: Current epoch: 356, loss: 0.6111065149307251, validation loss: 4.924405574798584
2024-05-16 19:30:54.996094:2024-05-16 19:30:54.995996: Current epoch: 357, loss: 0.6321585774421692, validation loss: 4.689350128173828
2024-05-16 19:30:57.370948:2024-05-16 19:30:57.370774: Current epoch: 358, loss: 0.6727533340454102, validation loss: 4.751147270202637
2024-05-16 19:30:59.772713:2024-05-16 19:30:59.772553: Current epoch: 359, loss: 0.5849214196205139, validation loss: 4.865771770477295
2024-05-16 19:31:02.008698:2024-05-16 19:31:02.008535: Current epoch: 360, loss: 0.5344252586364746, validation loss: 4.781042098999023
2024-05-16 19:31:04.244667:2024-05-16 19:31:04.244595: Current epoch: 361, loss: 0.6440102458000183, validation loss: 4.830019474029541
2024-05-16 19:31:06.477961:2024-05-16 19:31:06.477864: Current epoch: 362, loss: 0.5390924215316772, validation loss: 4.888741970062256
2024-05-16 19:31:08.709081:2024-05-16 19:31:08.709007: Current epoch: 363, loss: 0.4579269289970398, validation loss: 4.6871161460876465
2024-05-16 19:31:10.906200:2024-05-16 19:31:10.906141: Current epoch: 364, loss: 0.5005459189414978, validation loss: 4.719580173492432
2024-05-16 19:31:13.120063:2024-05-16 19:31:13.119987: Current epoch: 365, loss: 0.4708338975906372, validation loss: 4.658262252807617
2024-05-16 19:31:15.401776:2024-05-16 19:31:15.401626: Current epoch: 366, loss: 0.4194488823413849, validation loss: 4.812942028045654
2024-05-16 19:31:17.681445:2024-05-16 19:31:17.681370: Current epoch: 367, loss: 0.4412672221660614, validation loss: 4.694255352020264
2024-05-16 19:31:19.926398:2024-05-16 19:31:19.926324: Current epoch: 368, loss: 0.4234406650066376, validation loss: 4.600532531738281
2024-05-16 19:31:22.158507:2024-05-16 19:31:22.158430: Current epoch: 369, loss: 0.47316962480545044, validation loss: 4.810183048248291
2024-05-16 19:31:24.383852:2024-05-16 19:31:24.383793: Current epoch: 370, loss: 0.6122796535491943, validation loss: 4.922830581665039
2024-05-16 19:31:26.640425:2024-05-16 19:31:26.640280: Current epoch: 371, loss: 0.6208876967430115, validation loss: 4.780585765838623
2024-05-16 19:31:28.893906:2024-05-16 19:31:28.893811: Current epoch: 372, loss: 0.4999687969684601, validation loss: 4.713144779205322
2024-05-16 19:31:31.119874:2024-05-16 19:31:31.119799: Current epoch: 373, loss: 0.5230185985565186, validation loss: 4.702643394470215
2024-05-16 19:31:33.353562:2024-05-16 19:31:33.353401: Current epoch: 374, loss: 0.48431065678596497, validation loss: 4.646347522735596
2024-05-16 19:31:35.589045:2024-05-16 19:31:35.588901: Current epoch: 375, loss: 0.44415804743766785, validation loss: 4.804347038269043
2024-05-16 19:31:37.852271:2024-05-16 19:31:37.852165: Current epoch: 376, loss: 0.5083749294281006, validation loss: 4.865012168884277
2024-05-16 19:31:40.057402:2024-05-16 19:31:40.057268: Current epoch: 377, loss: 0.582923412322998, validation loss: 4.8382463455200195
2024-05-16 19:31:42.285913:2024-05-16 19:31:42.285837: Current epoch: 378, loss: 0.6510646343231201, validation loss: 4.80145788192749
2024-05-16 19:31:44.508912:2024-05-16 19:31:44.508837: Current epoch: 379, loss: 0.8039108514785767, validation loss: 4.7962164878845215
2024-05-16 19:31:46.718633:2024-05-16 19:31:46.718557: Current epoch: 380, loss: 0.49953097105026245, validation loss: 4.714175224304199
2024-05-16 19:31:48.942390:2024-05-16 19:31:48.942315: Current epoch: 381, loss: 0.3937675952911377, validation loss: 4.663028240203857
2024-05-16 19:31:51.160572:2024-05-16 19:31:51.160500: Current epoch: 382, loss: 0.4749697148799896, validation loss: 4.6745452880859375
2024-05-16 19:31:53.412888:2024-05-16 19:31:53.412814: Current epoch: 383, loss: 0.4735196530818939, validation loss: 4.577188491821289
2024-05-16 19:31:55.694851:2024-05-16 19:31:55.694774: Current epoch: 384, loss: 0.44004887342453003, validation loss: 4.6490068435668945
2024-05-16 19:31:57.990168:2024-05-16 19:31:57.990094: Current epoch: 385, loss: 0.4017867147922516, validation loss: 4.6257123947143555
2024-05-16 19:32:00.335545:2024-05-16 19:32:00.335381: Current epoch: 386, loss: 0.43560194969177246, validation loss: 4.65705680847168
2024-05-16 19:32:02.578577:2024-05-16 19:32:02.578503: Current epoch: 387, loss: 0.4278049170970917, validation loss: 4.987252712249756
2024-05-16 19:32:04.844569:2024-05-16 19:32:04.844493: Current epoch: 388, loss: 0.5333729386329651, validation loss: 4.844788074493408
2024-05-16 19:32:07.109668:2024-05-16 19:32:07.109511: Current epoch: 389, loss: 0.5237702131271362, validation loss: 4.72343111038208
2024-05-16 19:32:09.322258:2024-05-16 19:32:09.322127: Current epoch: 390, loss: 0.4961034059524536, validation loss: 4.656006813049316
2024-05-16 19:32:11.620167:2024-05-16 19:32:11.620060: Current epoch: 391, loss: 0.4617297947406769, validation loss: 4.717006206512451
2024-05-16 19:32:13.885854:2024-05-16 19:32:13.885780: Current epoch: 392, loss: 0.4554305672645569, validation loss: 4.649338722229004
2024-05-16 19:32:16.215207:2024-05-16 19:32:16.215065: Current epoch: 393, loss: 0.6090200543403625, validation loss: 4.923557758331299
2024-05-16 19:32:18.512810:2024-05-16 19:32:18.512647: Current epoch: 394, loss: 0.6195327639579773, validation loss: 4.907261371612549
2024-05-16 19:32:20.823100:2024-05-16 19:32:20.823037: Current epoch: 395, loss: 0.5248280763626099, validation loss: 4.696021556854248
2024-05-16 19:32:23.172539:2024-05-16 19:32:23.172397: Current epoch: 396, loss: 0.430307537317276, validation loss: 4.619106292724609
2024-05-16 19:32:25.625053:2024-05-16 19:32:25.624975: Current epoch: 397, loss: 0.39981770515441895, validation loss: 4.674253463745117
2024-05-16 19:32:27.834619:2024-05-16 19:32:27.834548: Current epoch: 398, loss: 0.4046187102794647, validation loss: 4.712713718414307
2024-05-16 19:32:30.068544:2024-05-16 19:32:30.068481: Current epoch: 399, loss: 0.4836465120315552, validation loss: 4.879330635070801
2024-05-16 19:32:32.274993:2024-05-16 19:32:32.274905: Current epoch: 400, loss: 0.6440736651420593, validation loss: 4.846981525421143
2024-05-16 19:32:34.507668:2024-05-16 19:32:34.507592: Current epoch: 401, loss: 0.5815995335578918, validation loss: 4.937061309814453
2024-05-16 19:32:36.878218:2024-05-16 19:32:36.878064: Current epoch: 402, loss: 0.4650646150112152, validation loss: 4.6816253662109375
2024-05-16 19:32:39.194346:2024-05-16 19:32:39.194212: Current epoch: 403, loss: 0.3960217535495758, validation loss: 4.581037998199463
2024-05-16 19:32:41.600450:2024-05-16 19:32:41.600351: Current epoch: 404, loss: 0.3767967224121094, validation loss: 4.67350959777832
2024-05-16 19:32:43.880540:2024-05-16 19:32:43.880392: Current epoch: 405, loss: 0.3936459422111511, validation loss: 4.6247968673706055
2024-05-16 19:32:46.172906:2024-05-16 19:32:46.172831: Current epoch: 406, loss: 0.4021092355251312, validation loss: 4.596433162689209
2024-05-16 19:32:48.572198:2024-05-16 19:32:48.572055: Current epoch: 407, loss: 0.4123404920101166, validation loss: 4.647826194763184
2024-05-16 19:32:50.869013:2024-05-16 19:32:50.868920: Current epoch: 408, loss: 0.40197423100471497, validation loss: 4.644722938537598
2024-05-16 19:32:53.235915:2024-05-16 19:32:53.235766: Current epoch: 409, loss: 0.4059273302555084, validation loss: 4.54921817779541
2024-05-16 19:32:55.624145:2024-05-16 19:32:55.624058: Current epoch: 410, loss: 0.40558508038520813, validation loss: 4.481137752532959
2024-05-16 19:32:57.927610:2024-05-16 19:32:57.927486: Current epoch: 411, loss: 0.4034827649593353, validation loss: 4.5047078132629395
2024-05-16 19:33:00.360512:2024-05-16 19:33:00.360404: Current epoch: 412, loss: 0.4098321497440338, validation loss: 4.683194637298584
2024-05-16 19:33:02.783159:2024-05-16 19:33:02.782995: Current epoch: 413, loss: 0.47992730140686035, validation loss: 4.6261115074157715
2024-05-16 19:33:05.177474:2024-05-16 19:33:05.177348: Current epoch: 414, loss: 0.5907792448997498, validation loss: 4.986186504364014
2024-05-16 19:33:07.535679:2024-05-16 19:33:07.535577: Current epoch: 415, loss: 0.7599489092826843, validation loss: 4.977510929107666
2024-05-16 19:33:09.724923:2024-05-16 19:33:09.724852: Current epoch: 416, loss: 0.6624506115913391, validation loss: 4.795845031738281
2024-05-16 19:33:11.974616:2024-05-16 19:33:11.974542: Current epoch: 417, loss: 0.475558340549469, validation loss: 4.7680983543396
2024-05-16 19:33:14.220795:2024-05-16 19:33:14.220721: Current epoch: 418, loss: 0.4144889712333679, validation loss: 4.627909183502197
2024-05-16 19:33:16.475883:2024-05-16 19:33:16.475809: Current epoch: 419, loss: 0.39629194140434265, validation loss: 4.812371253967285
2024-05-16 19:33:18.795080:2024-05-16 19:33:18.794907: Current epoch: 420, loss: 0.43242114782333374, validation loss: 4.6586012840271
2024-05-16 19:33:21.105318:2024-05-16 19:33:21.105243: Current epoch: 421, loss: 0.4309091866016388, validation loss: 4.922126293182373
2024-05-16 19:33:23.324213:2024-05-16 19:33:23.324049: Current epoch: 422, loss: 0.44901564717292786, validation loss: 4.75162935256958
2024-05-16 19:33:25.585131:2024-05-16 19:33:25.585059: Current epoch: 423, loss: 0.4321659207344055, validation loss: 4.8715715408325195
2024-05-16 19:33:27.780880:2024-05-16 19:33:27.780760: Current epoch: 424, loss: 0.402833491563797, validation loss: 4.729108810424805
2024-05-16 19:33:30.105458:2024-05-16 19:33:30.105298: Current epoch: 425, loss: 0.3755616843700409, validation loss: 4.654109954833984
2024-05-16 19:33:32.575349:2024-05-16 19:33:32.575223: Current epoch: 426, loss: 0.4101415276527405, validation loss: 4.841620922088623
2024-05-16 19:33:34.855990:2024-05-16 19:33:34.855848: Current epoch: 427, loss: 0.42140182852745056, validation loss: 5.368804454803467
2024-05-16 19:33:37.256048:2024-05-16 19:33:37.255923: Current epoch: 428, loss: 0.7285973429679871, validation loss: 4.99760627746582
2024-05-16 19:33:39.551106:2024-05-16 19:33:39.550976: Current epoch: 429, loss: 0.7196900248527527, validation loss: 5.077426433563232
2024-05-16 19:33:41.894542:2024-05-16 19:33:41.894448: Current epoch: 430, loss: 0.6280204057693481, validation loss: 4.861166477203369
2024-05-16 19:33:44.147710:2024-05-16 19:33:44.147547: Current epoch: 431, loss: 0.45870256423950195, validation loss: 4.8430376052856445
2024-05-16 19:33:46.382037:2024-05-16 19:33:46.381961: Current epoch: 432, loss: 0.40699389576911926, validation loss: 4.744695663452148
2024-05-16 19:33:48.626776:2024-05-16 19:33:48.626700: Current epoch: 433, loss: 0.35844504833221436, validation loss: 4.668543815612793
2024-05-16 19:33:50.896633:2024-05-16 19:33:50.896559: Current epoch: 434, loss: 0.34870946407318115, validation loss: 4.737100601196289
2024-05-16 19:33:53.132985:2024-05-16 19:33:53.132884: Current epoch: 435, loss: 0.37057796120643616, validation loss: 4.647088050842285
2024-05-16 19:33:55.387793:2024-05-16 19:33:55.387718: Current epoch: 436, loss: 0.36987727880477905, validation loss: 4.626943111419678
2024-05-16 19:33:57.574278:2024-05-16 19:33:57.574203: Current epoch: 437, loss: 0.36996695399284363, validation loss: 4.688854217529297
2024-05-16 19:33:59.783701:2024-05-16 19:33:59.783570: Current epoch: 438, loss: 0.38006970286369324, validation loss: 4.62716007232666
2024-05-16 19:34:02.134272:2024-05-16 19:34:02.134165: Current epoch: 439, loss: 0.3797764480113983, validation loss: 4.606293678283691
2024-05-16 19:34:04.429047:2024-05-16 19:34:04.428868: Current epoch: 440, loss: 0.3741112947463989, validation loss: 4.6780314445495605
2024-05-16 19:34:06.604656:2024-05-16 19:34:06.604584: Current epoch: 441, loss: 0.43263620138168335, validation loss: 4.675613880157471
2024-05-16 19:34:08.767967:2024-05-16 19:34:08.767868: Current epoch: 442, loss: 0.5159356594085693, validation loss: 4.649563789367676
2024-05-16 19:34:10.930027:2024-05-16 19:34:10.929951: Current epoch: 443, loss: 0.5662437677383423, validation loss: 4.803589344024658
2024-05-16 19:34:13.103811:2024-05-16 19:34:13.103736: Current epoch: 444, loss: 0.47363585233688354, validation loss: 5.045635223388672
2024-05-16 19:34:15.258278:2024-05-16 19:34:15.258202: Current epoch: 445, loss: 0.5584001541137695, validation loss: 4.908595085144043
2024-05-16 19:34:17.467474:2024-05-16 19:34:17.467341: Current epoch: 446, loss: 0.4863084852695465, validation loss: 4.77803897857666
2024-05-16 19:34:19.692153:2024-05-16 19:34:19.692044: Current epoch: 447, loss: 0.46227556467056274, validation loss: 4.788492679595947
2024-05-16 19:34:21.946674:2024-05-16 19:34:21.946599: Current epoch: 448, loss: 0.4439879059791565, validation loss: 4.8881449699401855
2024-05-16 19:34:24.155054:2024-05-16 19:34:24.154978: Current epoch: 449, loss: 0.3977823257446289, validation loss: 4.659121513366699
2024-05-16 19:34:26.347360:2024-05-16 19:34:26.347287: Current epoch: 450, loss: 0.3846096992492676, validation loss: 4.657904624938965
2024-05-16 19:34:28.453253:2024-05-16 19:34:28.453182: Current epoch: 451, loss: 0.40331849455833435, validation loss: 4.713111400604248
2024-05-16 19:34:30.612087:2024-05-16 19:34:30.612013: Current epoch: 452, loss: 0.38809242844581604, validation loss: 4.652331352233887
2024-05-16 19:34:32.843168:2024-05-16 19:34:32.843034: Current epoch: 453, loss: 0.3648099899291992, validation loss: 4.656970500946045
2024-05-16 19:34:35.063906:2024-05-16 19:34:35.063831: Current epoch: 454, loss: 0.3722647726535797, validation loss: 4.776045322418213
2024-05-16 19:34:37.291677:2024-05-16 19:34:37.291602: Current epoch: 455, loss: 0.3791434168815613, validation loss: 4.715930461883545
2024-05-16 19:34:39.715438:2024-05-16 19:34:39.715344: Current epoch: 456, loss: 0.3796670138835907, validation loss: 4.7354888916015625
2024-05-16 19:34:41.967188:2024-05-16 19:34:41.967055: Current epoch: 457, loss: 0.43357372283935547, validation loss: 4.648252010345459
2024-05-16 19:34:44.264263:2024-05-16 19:34:44.264162: Current epoch: 458, loss: 0.45933398604393005, validation loss: 4.722721576690674
2024-05-16 19:34:46.445142:2024-05-16 19:34:46.445071: Current epoch: 459, loss: 0.42804479598999023, validation loss: 4.636805534362793
2024-05-16 19:34:48.681280:2024-05-16 19:34:48.681118: Current epoch: 460, loss: 0.4239913821220398, validation loss: 4.675388813018799
2024-05-16 19:34:50.947100:2024-05-16 19:34:50.947040: Current epoch: 461, loss: 0.5351068377494812, validation loss: 4.820178985595703
2024-05-16 19:34:53.179845:2024-05-16 19:34:53.179768: Current epoch: 462, loss: 0.4945758581161499, validation loss: 4.704411506652832
2024-05-16 19:34:55.353715:2024-05-16 19:34:55.353603: Current epoch: 463, loss: 0.47456756234169006, validation loss: 4.681081771850586
2024-05-16 19:34:57.646150:2024-05-16 19:34:57.646043: Current epoch: 464, loss: 0.43490761518478394, validation loss: 4.763674736022949
2024-05-16 19:34:59.903182:2024-05-16 19:34:59.903111: Current epoch: 465, loss: 0.6318811178207397, validation loss: 4.922342300415039
2024-05-16 19:35:02.173559:2024-05-16 19:35:02.173485: Current epoch: 466, loss: 0.4947127103805542, validation loss: 4.942019939422607
2024-05-16 19:35:04.441553:2024-05-16 19:35:04.441391: Current epoch: 467, loss: 0.5921262502670288, validation loss: 5.030028820037842
2024-05-16 19:35:06.769966:2024-05-16 19:35:06.769861: Current epoch: 468, loss: 0.49083074927330017, validation loss: 5.0035786628723145
2024-05-16 19:35:09.100528:2024-05-16 19:35:09.100374: Current epoch: 469, loss: 0.451128751039505, validation loss: 5.039021015167236
2024-05-16 19:35:11.454415:2024-05-16 19:35:11.454285: Current epoch: 470, loss: 0.461722731590271, validation loss: 4.913647174835205
2024-05-16 19:35:13.758873:2024-05-16 19:35:13.758803: Current epoch: 471, loss: 0.3651074171066284, validation loss: 4.774497985839844
2024-05-16 19:35:15.996199:2024-05-16 19:35:15.996122: Current epoch: 472, loss: 0.35330677032470703, validation loss: 4.745229721069336
2024-05-16 19:35:18.311458:2024-05-16 19:35:18.311386: Current epoch: 473, loss: 0.33451178669929504, validation loss: 4.803731918334961
2024-05-16 19:35:20.642987:2024-05-16 19:35:20.642892: Current epoch: 474, loss: 0.34824731945991516, validation loss: 4.574787139892578
2024-05-16 19:35:23.031091:2024-05-16 19:35:23.030990: Current epoch: 475, loss: 0.3712601661682129, validation loss: 4.698940277099609
2024-05-16 19:35:25.408128:2024-05-16 19:35:25.407964: Current epoch: 476, loss: 0.37674224376678467, validation loss: 4.663908958435059
2024-05-16 19:35:27.637310:2024-05-16 19:35:27.637145: Current epoch: 477, loss: 0.36955901980400085, validation loss: 4.850127696990967
2024-05-16 19:35:29.981804:2024-05-16 19:35:29.981672: Current epoch: 478, loss: 0.48951104283332825, validation loss: 4.851047039031982
2024-05-16 19:35:32.394991:2024-05-16 19:35:32.394858: Current epoch: 479, loss: 0.4307972490787506, validation loss: 4.872075080871582
2024-05-16 19:35:34.624553:2024-05-16 19:35:34.624451: Current epoch: 480, loss: 0.5722781419754028, validation loss: 5.191007137298584
2024-05-16 19:35:36.864882:2024-05-16 19:35:36.864782: Current epoch: 481, loss: 0.6015758514404297, validation loss: 4.948534965515137
2024-05-16 19:35:39.090599:2024-05-16 19:35:39.090537: Current epoch: 482, loss: 0.5308934450149536, validation loss: 4.79620361328125
2024-05-16 19:35:41.278041:2024-05-16 19:35:41.277916: Current epoch: 483, loss: 0.4647417962551117, validation loss: 4.676294803619385
2024-05-16 19:35:43.516129:2024-05-16 19:35:43.516024: Current epoch: 484, loss: 0.3812054693698883, validation loss: 4.663513660430908
2024-05-16 19:35:45.739741:2024-05-16 19:35:45.739665: Current epoch: 485, loss: 0.4363063871860504, validation loss: 4.760898590087891
2024-05-16 19:35:47.948795:2024-05-16 19:35:47.948696: Current epoch: 486, loss: 0.4117105305194855, validation loss: 4.662902355194092
2024-05-16 19:35:50.230964:2024-05-16 19:35:50.230849: Current epoch: 487, loss: 0.42167940735816956, validation loss: 4.934391498565674
2024-05-16 19:35:52.500668:2024-05-16 19:35:52.500598: Current epoch: 488, loss: 0.47433382272720337, validation loss: 4.704032897949219
2024-05-16 19:35:54.769952:2024-05-16 19:35:54.769858: Current epoch: 489, loss: 0.4132276177406311, validation loss: 4.783566951751709
2024-05-16 19:35:57.057718:2024-05-16 19:35:57.057643: Current epoch: 490, loss: 0.3864569365978241, validation loss: 4.709286689758301
2024-05-16 19:35:59.323252:2024-05-16 19:35:59.323178: Current epoch: 491, loss: 0.40955451130867004, validation loss: 4.6549882888793945
2024-05-16 19:36:01.673581:2024-05-16 19:36:01.673416: Current epoch: 492, loss: 0.4302394390106201, validation loss: 5.1695170402526855
2024-05-16 19:36:03.984012:2024-05-16 19:36:03.983922: Current epoch: 493, loss: 0.5766394734382629, validation loss: 4.752285003662109
2024-05-16 19:36:06.326365:2024-05-16 19:36:06.326204: Current epoch: 494, loss: 0.42717471718788147, validation loss: 4.905482769012451
2024-05-16 19:36:08.662476:2024-05-16 19:36:08.662320: Current epoch: 495, loss: 0.6193200945854187, validation loss: 4.761140823364258
2024-05-16 19:36:10.915615:2024-05-16 19:36:10.915541: Current epoch: 496, loss: 0.43792006373405457, validation loss: 4.8369059562683105
2024-05-16 19:36:13.193427:2024-05-16 19:36:13.193301: Current epoch: 497, loss: 0.3979891836643219, validation loss: 4.69929838180542
2024-05-16 19:36:15.595653:2024-05-16 19:36:15.595552: Current epoch: 498, loss: 0.4194299876689911, validation loss: 4.659807205200195
2024-05-16 19:36:17.992074:2024-05-16 19:36:17.991892: Current epoch: 499, loss: 0.42806917428970337, validation loss: 5.1160888671875
2024-05-16 19:36:20.292538:2024-05-16 19:36:20.292376: Current epoch: 500, loss: 0.5773619413375854, validation loss: 4.7823991775512695
2024-05-16 19:36:22.503797:2024-05-16 19:36:22.503720: Current epoch: 501, loss: 0.39064279198646545, validation loss: 4.7767229080200195
2024-05-16 19:36:24.720002:2024-05-16 19:36:24.719904: Current epoch: 502, loss: 0.4596443772315979, validation loss: 4.711578845977783
2024-05-16 19:36:26.958281:2024-05-16 19:36:26.958211: Current epoch: 503, loss: 0.4160859286785126, validation loss: 4.5692338943481445
2024-05-16 19:36:29.147086:2024-05-16 19:36:29.147021: Current epoch: 504, loss: 0.45898303389549255, validation loss: 4.677709579467773
2024-05-16 19:36:31.442369:2024-05-16 19:36:31.442249: Current epoch: 505, loss: 0.5357595086097717, validation loss: 4.685436248779297
2024-05-16 19:36:33.704356:2024-05-16 19:36:33.704269: Current epoch: 506, loss: 0.5294082760810852, validation loss: 4.642511367797852
2024-05-16 19:36:36.220669:2024-05-16 19:36:36.220527: Current epoch: 507, loss: 0.4102071225643158, validation loss: 4.634530067443848
2024-05-16 19:36:38.430665:2024-05-16 19:36:38.430589: Current epoch: 508, loss: 0.36560747027397156, validation loss: 4.598442554473877
2024-05-16 19:36:40.721442:2024-05-16 19:36:40.721281: Current epoch: 509, loss: 0.3280682861804962, validation loss: 4.516348838806152
2024-05-16 19:36:45.376459:2024-05-16 19:36:45.376408: Current epoch: 510, loss: 0.33847576379776, validation loss: 4.583097457885742
2024-05-16 19:36:45.554539:the test error is  [4.682655334472656, 4.682655334472656]
2024-05-16 19:36:47.900303:saved model to sample/alignn_matbert-base-cased_chemnlp_prop_slme
2024-05-16 19:36:48.193196:done