
2024-04-11 00:54:05.121126:job config: {'train_data_path': '/data/yll6162/alignntl_dft_3d/tl_dataset/dataset_alignn_matbert-base-cased_robo_prop_spillage_train.csv', 'val_data_path': '/data/yll6162/alignntl_dft_3d/tl_dataset/dataset_alignn_matbert-base-cased_robo_prop_spillage_val.csv', 'test_data_path': '/data/yll6162/alignntl_dft_3d/tl_dataset/dataset_alignn_matbert-base-cased_robo_prop_spillage_test.csv', 'label': 'spillage', 'input_type': None, 'log_folder': 'log', 'log_file': 'alignn_bert-base-uncased_robo_prop_spillage.log', 'test_metric': 'mae', 'architecture': '1024Rx4D-512Rx3D-256Rx3D-128Rx3D-64Rx2-32Rx1-1', 'model_seed': 0, 'loss_type': 'mae', 'config_file': 'sample/alignn_bert-base-uncased_robo_prop_spillage_job.config', 'use_valid': True, 'project': 'MOF', 'regressors': None, 'input_types': None, 'paramsGrid': {'optimizer': 'Adam', 'learning_rate': 0.0001, 'patience': 100, 'dropouts': [0.8, 0.9, 0.7, 0.8], 'EVAL_FREQUENCY': 1000}, 'save_path': 'sample/alignn_bert-base-uncased_robo_prop_spillage', 'model_path': None, 'last_layer_with_weight': True, 'keras_path': 'model/alignn_bert-base-uncased_robo_prop_spillage', 'test_size': None, 'val_size': None}
2024-04-11 00:54:05.121187:train data path is  /data/yll6162/alignntl_dft_3d/tl_dataset/dataset_alignn_matbert-base-cased_robo_prop_spillage_train.csv
2024-04-11 00:54:07.375676:input attribute sets are:  None
2024-04-11 00:54:07.375877:test data path is  /data/yll6162/alignntl_dft_3d/tl_dataset/dataset_alignn_matbert-base-cased_robo_prop_spillage_test.csv
2024-04-11 00:54:07.708998:val data path is  /data/yll6162/alignntl_dft_3d/tl_dataset/dataset_alignn_matbert-base-cased_robo_prop_spillage_val.csv
2024-04-11 00:54:08.032961:input attributes are:  Index(['0', '1', '2', '3', '4', '5', '6', '7', '8', '9',
       ...
       '758.1', '759.1', '760.1', '761.1', '762.1', '763.1', '764.1', '765.1',
       '766.1', '767.1'],
      dtype='object', length=1536)
2024-04-11 00:54:08.033063:label: spillage
2024-04-11 00:54:16.739232: train, test, valid sizes:  (9041, 1536) (9041,) (1131, 1536) (1131,) (1131, 1536) (1131,)
2024-04-11 00:54:16.814402:train matrix shape of train_X:  (9041, 1536)  train_y:  (9041,)
2024-04-11 00:54:16.814566:valid matrix shape of train_X:  (1131, 1536)  valid_y:  (1131,)
2024-04-11 00:54:16.814609:test matrix shape of valid_X:   (1131, 1536)  test_y:  (1131,)
2024-04-11 00:54:16.814647:architecture is:  1024Rx4D-512Rx3D-256Rx3D-128Rx3D-64Rx2-32Rx1-1
2024-04-11 00:54:16.814686:learning rate is  0.0001
2024-04-11 00:54:16.814722:model path is  None
2024-04-11 00:54:16.825416:adding fully connected layers with 1024 outputs
2024-04-11 00:54:18.844637:adding residual with fc as the size are different
2024-04-11 00:54:18.853009:adding fully connected layers with 1024 outputs
2024-04-11 00:54:18.858746:adding residual, both sizes are same
2024-04-11 00:54:18.860859:adding fully connected layers with 1024 outputs
2024-04-11 00:54:18.866189:adding residual, both sizes are same
2024-04-11 00:54:18.868215:adding fully connected layers with 1024 outputs
2024-04-11 00:54:18.873403:adding residual, both sizes are same
2024-04-11 00:54:18.875492:adding dropout 0.8
2024-04-11 00:54:18.880739:adding fully connected layers with 512 outputs
2024-04-11 00:54:18.886140:adding residual with fc as the size are different
2024-04-11 00:54:18.893896:adding fully connected layers with 512 outputs
2024-04-11 00:54:18.899194:adding residual, both sizes are same
2024-04-11 00:54:18.901174:adding fully connected layers with 512 outputs
2024-04-11 00:54:18.906471:adding residual, both sizes are same
2024-04-11 00:54:18.908459:adding dropout 0.9
2024-04-11 00:54:18.910183:adding fully connected layers with 256 outputs
2024-04-11 00:54:18.915575:adding residual with fc as the size are different
2024-04-11 00:54:18.929769:adding fully connected layers with 256 outputs
2024-04-11 00:54:18.936484:adding residual, both sizes are same
2024-04-11 00:54:18.939092:adding fully connected layers with 256 outputs
2024-04-11 00:54:18.943985:adding residual, both sizes are same
2024-04-11 00:54:18.945801:adding dropout 0.7
2024-04-11 00:54:18.947392:adding fully connected layers with 128 outputs
2024-04-11 00:54:18.952312:adding residual with fc as the size are different
2024-04-11 00:54:18.958654:adding fully connected layers with 128 outputs
2024-04-11 00:54:18.963518:adding residual, both sizes are same
2024-04-11 00:54:18.965326:adding fully connected layers with 128 outputs
2024-04-11 00:54:18.969968:adding residual, both sizes are same
2024-04-11 00:54:18.972073:adding dropout 0.8
2024-04-11 00:54:18.973648:adding fully connected layers with 64 outputs
2024-04-11 00:54:18.978477:adding residual with fc as the size are different
2024-04-11 00:54:18.984671:adding fully connected layers with 64 outputs
2024-04-11 00:54:18.989478:adding residual, both sizes are same
2024-04-11 00:54:18.991311:adding fully connected layers with 32 outputs
2024-04-11 00:54:18.996136:adding residual with fc as the size are different
2024-04-11 00:54:19.002537:adding final layer with 1 output
2024-04-11 00:54:19.012001:Model: "ElemNet"
2024-04-11 00:54:19.012069:__________________________________________________________________________________________________
2024-04-11 00:54:19.012116:Layer (type)                    Output Shape         Param #     Connected to                     
2024-04-11 00:54:19.012150:==================================================================================================
2024-04-11 00:54:19.012372:elemental_fractions (InputLayer [(None, 1536)]       0                                            
2024-04-11 00:54:19.012418:__________________________________________________________________________________________________
2024-04-11 00:54:19.012605:fc0_0 (Dense)                   (None, 1024)         1573888     elemental_fractions[0][0]        
2024-04-11 00:54:19.012652:__________________________________________________________________________________________________
2024-04-11 00:54:19.012763:fc0_dim_0 (Dense)               (None, 1024)         1573888     elemental_fractions[0][0]        
2024-04-11 00:54:19.012805:__________________________________________________________________________________________________
2024-04-11 00:54:19.012885:tf.__operators__.add (TFOpLambd (None, 1024)         0           fc0_0[0][0]                      
2024-04-11 00:54:19.012927:                                                                 fc0_dim_0[0][0]                  
2024-04-11 00:54:19.012962:__________________________________________________________________________________________________
2024-04-11 00:54:19.013062:fc0_1 (Dense)                   (None, 1024)         1049600     tf.__operators__.add[0][0]       
2024-04-11 00:54:19.013103:__________________________________________________________________________________________________
2024-04-11 00:54:19.013178:tf.__operators__.add_1 (TFOpLam (None, 1024)         0           fc0_1[0][0]                      
2024-04-11 00:54:19.013219:                                                                 tf.__operators__.add[0][0]       
2024-04-11 00:54:19.013253:__________________________________________________________________________________________________
2024-04-11 00:54:19.013359:fc0_2 (Dense)                   (None, 1024)         1049600     tf.__operators__.add_1[0][0]     
2024-04-11 00:54:19.013400:__________________________________________________________________________________________________
2024-04-11 00:54:19.013474:tf.__operators__.add_2 (TFOpLam (None, 1024)         0           fc0_2[0][0]                      
2024-04-11 00:54:19.013515:                                                                 tf.__operators__.add_1[0][0]     
2024-04-11 00:54:19.013550:__________________________________________________________________________________________________
2024-04-11 00:54:19.013648:fc0_3 (Dense)                   (None, 1024)         1049600     tf.__operators__.add_2[0][0]     
2024-04-11 00:54:19.013688:__________________________________________________________________________________________________
2024-04-11 00:54:19.013759:tf.__operators__.add_3 (TFOpLam (None, 1024)         0           fc0_3[0][0]                      
2024-04-11 00:54:19.013807:                                                                 tf.__operators__.add_2[0][0]     
2024-04-11 00:54:19.013842:__________________________________________________________________________________________________
2024-04-11 00:54:19.013915:dropout (Dropout)               (None, 1024)         0           tf.__operators__.add_3[0][0]     
2024-04-11 00:54:19.013952:__________________________________________________________________________________________________
2024-04-11 00:54:19.014051:fc1_0 (Dense)                   (None, 512)          524800      dropout[0][0]                    
2024-04-11 00:54:19.014093:__________________________________________________________________________________________________
2024-04-11 00:54:19.014190:fc1_dim_0 (Dense)               (None, 512)          524800      dropout[0][0]                    
2024-04-11 00:54:19.014230:__________________________________________________________________________________________________
2024-04-11 00:54:19.014313:tf.__operators__.add_4 (TFOpLam (None, 512)          0           fc1_0[0][0]                      
2024-04-11 00:54:19.014354:                                                                 fc1_dim_0[0][0]                  
2024-04-11 00:54:19.014390:__________________________________________________________________________________________________
2024-04-11 00:54:19.014488:fc1_1 (Dense)                   (None, 512)          262656      tf.__operators__.add_4[0][0]     
2024-04-11 00:54:19.014527:__________________________________________________________________________________________________
2024-04-11 00:54:19.014600:tf.__operators__.add_5 (TFOpLam (None, 512)          0           fc1_1[0][0]                      
2024-04-11 00:54:19.014641:                                                                 tf.__operators__.add_4[0][0]     
2024-04-11 00:54:19.014674:__________________________________________________________________________________________________
2024-04-11 00:54:19.014771:fc1_2 (Dense)                   (None, 512)          262656      tf.__operators__.add_5[0][0]     
2024-04-11 00:54:19.014811:__________________________________________________________________________________________________
2024-04-11 00:54:19.014881:tf.__operators__.add_6 (TFOpLam (None, 512)          0           fc1_2[0][0]                      
2024-04-11 00:54:19.014921:                                                                 tf.__operators__.add_5[0][0]     
2024-04-11 00:54:19.014954:__________________________________________________________________________________________________
2024-04-11 00:54:19.015021:dropout_1 (Dropout)             (None, 512)          0           tf.__operators__.add_6[0][0]     
2024-04-11 00:54:19.015058:__________________________________________________________________________________________________
2024-04-11 00:54:19.015153:fc2_0 (Dense)                   (None, 256)          131328      dropout_1[0][0]                  
2024-04-11 00:54:19.015193:__________________________________________________________________________________________________
2024-04-11 00:54:19.015298:fc2_dim_0 (Dense)               (None, 256)          131328      dropout_1[0][0]                  
2024-04-11 00:54:19.015339:__________________________________________________________________________________________________
2024-04-11 00:54:19.015413:tf.__operators__.add_7 (TFOpLam (None, 256)          0           fc2_0[0][0]                      
2024-04-11 00:54:19.015454:                                                                 fc2_dim_0[0][0]                  
2024-04-11 00:54:19.015487:__________________________________________________________________________________________________
2024-04-11 00:54:19.015582:fc2_1 (Dense)                   (None, 256)          65792       tf.__operators__.add_7[0][0]     
2024-04-11 00:54:19.015622:__________________________________________________________________________________________________
2024-04-11 00:54:19.015694:tf.__operators__.add_8 (TFOpLam (None, 256)          0           fc2_1[0][0]                      
2024-04-11 00:54:19.015743:                                                                 tf.__operators__.add_7[0][0]     
2024-04-11 00:54:19.015777:__________________________________________________________________________________________________
2024-04-11 00:54:19.015874:fc2_2 (Dense)                   (None, 256)          65792       tf.__operators__.add_8[0][0]     
2024-04-11 00:54:19.015930:__________________________________________________________________________________________________
2024-04-11 00:54:19.016004:tf.__operators__.add_9 (TFOpLam (None, 256)          0           fc2_2[0][0]                      
2024-04-11 00:54:19.016045:                                                                 tf.__operators__.add_8[0][0]     
2024-04-11 00:54:19.016079:__________________________________________________________________________________________________
2024-04-11 00:54:19.016146:dropout_2 (Dropout)             (None, 256)          0           tf.__operators__.add_9[0][0]     
2024-04-11 00:54:19.016182:__________________________________________________________________________________________________
2024-04-11 00:54:19.016285:fc3_0 (Dense)                   (None, 128)          32896       dropout_2[0][0]                  
2024-04-11 00:54:19.016327:__________________________________________________________________________________________________
2024-04-11 00:54:19.016423:fc3_dim_0 (Dense)               (None, 128)          32896       dropout_2[0][0]                  
2024-04-11 00:54:19.016463:__________________________________________________________________________________________________
2024-04-11 00:54:19.016534:tf.__operators__.add_10 (TFOpLa (None, 128)          0           fc3_0[0][0]                      
2024-04-11 00:54:19.016576:                                                                 fc3_dim_0[0][0]                  
2024-04-11 00:54:19.016610:__________________________________________________________________________________________________
2024-04-11 00:54:19.016720:fc3_1 (Dense)                   (None, 128)          16512       tf.__operators__.add_10[0][0]    
2024-04-11 00:54:19.016761:__________________________________________________________________________________________________
2024-04-11 00:54:19.016833:tf.__operators__.add_11 (TFOpLa (None, 128)          0           fc3_1[0][0]                      
2024-04-11 00:54:19.016875:                                                                 tf.__operators__.add_10[0][0]    
2024-04-11 00:54:19.016910:__________________________________________________________________________________________________
2024-04-11 00:54:19.017007:fc3_2 (Dense)                   (None, 128)          16512       tf.__operators__.add_11[0][0]    
2024-04-11 00:54:19.017047:__________________________________________________________________________________________________
2024-04-11 00:54:19.017118:tf.__operators__.add_12 (TFOpLa (None, 128)          0           fc3_2[0][0]                      
2024-04-11 00:54:19.017159:                                                                 tf.__operators__.add_11[0][0]    
2024-04-11 00:54:19.017195:__________________________________________________________________________________________________
2024-04-11 00:54:19.017264:dropout_3 (Dropout)             (None, 128)          0           tf.__operators__.add_12[0][0]    
2024-04-11 00:54:19.017335:__________________________________________________________________________________________________
2024-04-11 00:54:19.017457:fc4_0 (Dense)                   (None, 64)           8256        dropout_3[0][0]                  
2024-04-11 00:54:19.017501:__________________________________________________________________________________________________
2024-04-11 00:54:19.017602:fc4_dim_0 (Dense)               (None, 64)           8256        dropout_3[0][0]                  
2024-04-11 00:54:19.017643:__________________________________________________________________________________________________
2024-04-11 00:54:19.017722:tf.__operators__.add_13 (TFOpLa (None, 64)           0           fc4_0[0][0]                      
2024-04-11 00:54:19.017775:                                                                 fc4_dim_0[0][0]                  
2024-04-11 00:54:19.017810:__________________________________________________________________________________________________
2024-04-11 00:54:19.017907:fc4_1 (Dense)                   (None, 64)           4160        tf.__operators__.add_13[0][0]    
2024-04-11 00:54:19.017947:__________________________________________________________________________________________________
2024-04-11 00:54:19.018019:tf.__operators__.add_14 (TFOpLa (None, 64)           0           fc4_1[0][0]                      
2024-04-11 00:54:19.018059:                                                                 tf.__operators__.add_13[0][0]    
2024-04-11 00:54:19.018093:__________________________________________________________________________________________________
2024-04-11 00:54:19.018190:fc5_0 (Dense)                   (None, 32)           2080        tf.__operators__.add_14[0][0]    
2024-04-11 00:54:19.018230:__________________________________________________________________________________________________
2024-04-11 00:54:19.018340:fc5_dim_0 (Dense)               (None, 32)           2080        tf.__operators__.add_14[0][0]    
2024-04-11 00:54:19.018396:__________________________________________________________________________________________________
2024-04-11 00:54:19.018472:tf.__operators__.add_15 (TFOpLa (None, 32)           0           fc5_0[0][0]                      
2024-04-11 00:54:19.018513:                                                                 fc5_dim_0[0][0]                  
2024-04-11 00:54:19.018546:__________________________________________________________________________________________________
2024-04-11 00:54:19.018643:fc6 (Dense)                     (None, 1)            33          tf.__operators__.add_15[0][0]    
2024-04-11 00:54:19.018682:==================================================================================================
2024-04-11 00:54:19.019252:Total params: 8,389,409
2024-04-11 00:54:19.019326:Trainable params: 8,389,409
2024-04-11 00:54:19.019365:Non-trainable params: 0
2024-04-11 00:54:19.019399:__________________________________________________________________________________________________
2024-04-11 00:54:19.030059:start training
2024-04-11 00:54:23.058761:2024-04-11 00:54:23.058696: Current epoch: 0, loss: 5.629993438720703, validation loss: 2.678535223007202
2024-04-11 00:54:25.712148:2024-04-11 00:54:25.712086: Current epoch: 1, loss: 1.8170350790023804, validation loss: 1.1643768548965454
2024-04-11 00:54:28.327847:2024-04-11 00:54:28.327675: Current epoch: 2, loss: 1.377608299255371, validation loss: 2.0832290649414062
2024-04-11 00:54:30.990439:2024-04-11 00:54:30.990349: Current epoch: 3, loss: 0.9905129671096802, validation loss: 0.9524299502372742
2024-04-11 00:54:33.692599:2024-04-11 00:54:33.692545: Current epoch: 4, loss: 0.8158097267150879, validation loss: 0.5727732181549072
2024-04-11 00:54:36.343739:2024-04-11 00:54:36.343662: Current epoch: 5, loss: 0.7369437217712402, validation loss: 0.5508028268814087
2024-04-11 00:54:39.009043:2024-04-11 00:54:39.008868: Current epoch: 6, loss: 0.6316985487937927, validation loss: 0.6263794898986816
2024-04-11 00:54:41.681851:2024-04-11 00:54:41.681602: Current epoch: 7, loss: 0.5683166980743408, validation loss: 1.1971131563186646
2024-04-11 00:54:44.326654:2024-04-11 00:54:44.326569: Current epoch: 8, loss: 0.5511326193809509, validation loss: 0.5107133984565735
2024-04-11 00:54:46.996763:2024-04-11 00:54:46.996674: Current epoch: 9, loss: 0.4979536533355713, validation loss: 0.4892144203186035
2024-04-11 00:54:52.183498:2024-04-11 00:54:52.183412: Current epoch: 10, loss: 0.48959141969680786, validation loss: 0.41951507329940796
2024-04-11 00:54:54.852204:2024-04-11 00:54:54.851915: Current epoch: 11, loss: 0.49357375502586365, validation loss: 0.4375494718551636
2024-04-11 00:54:57.477688:2024-04-11 00:54:57.477518: Current epoch: 12, loss: 0.4449903964996338, validation loss: 0.45005375146865845
2024-04-11 00:55:00.205751:2024-04-11 00:55:00.205631: Current epoch: 13, loss: 0.4372766613960266, validation loss: 0.6111116409301758
2024-04-11 00:55:02.847662:2024-04-11 00:55:02.847520: Current epoch: 14, loss: 0.47189924120903015, validation loss: 0.593161404132843
2024-04-11 00:55:05.523736:2024-04-11 00:55:05.523566: Current epoch: 15, loss: 0.4535064101219177, validation loss: 0.4423319697380066
2024-04-11 00:55:08.194022:2024-04-11 00:55:08.193865: Current epoch: 16, loss: 0.460540771484375, validation loss: 0.43039920926094055
2024-04-11 00:55:10.799923:2024-04-11 00:55:10.799773: Current epoch: 17, loss: 0.4120868146419525, validation loss: 0.48739901185035706
2024-04-11 00:55:13.412772:2024-04-11 00:55:13.412656: Current epoch: 18, loss: 0.42277953028678894, validation loss: 0.4940899610519409
2024-04-11 00:55:16.102110:2024-04-11 00:55:16.101921: Current epoch: 19, loss: 0.38757428526878357, validation loss: 0.44183915853500366
2024-04-11 00:55:21.181613:2024-04-11 00:55:21.181541: Current epoch: 20, loss: 0.3969567120075226, validation loss: 0.5884495973587036
2024-04-11 00:55:23.809158:2024-04-11 00:55:23.809095: Current epoch: 21, loss: 0.4015597701072693, validation loss: 0.5628591179847717
2024-04-11 00:55:26.462981:2024-04-11 00:55:26.462896: Current epoch: 22, loss: 0.40068477392196655, validation loss: 0.4043619632720947
2024-04-11 00:55:29.197755:2024-04-11 00:55:29.197679: Current epoch: 23, loss: 0.36114758253097534, validation loss: 0.38352170586586
2024-04-11 00:55:31.867168:2024-04-11 00:55:31.867011: Current epoch: 24, loss: 0.37219929695129395, validation loss: 0.39811602234840393
2024-04-11 00:55:34.572965:2024-04-11 00:55:34.572798: Current epoch: 25, loss: 0.3667926788330078, validation loss: 0.4345218241214752
2024-04-11 00:55:37.270474:2024-04-11 00:55:37.270304: Current epoch: 26, loss: 0.3557421863079071, validation loss: 0.41724953055381775
2024-04-11 00:55:39.906183:2024-04-11 00:55:39.906014: Current epoch: 27, loss: 0.36539098620414734, validation loss: 0.4336414337158203
2024-04-11 00:55:42.533293:2024-04-11 00:55:42.533150: Current epoch: 28, loss: 0.33331039547920227, validation loss: 0.39520904421806335
2024-04-11 00:55:45.438901:2024-04-11 00:55:45.438816: Current epoch: 29, loss: 0.32527515292167664, validation loss: 0.3725646734237671
2024-04-11 00:55:50.576530:2024-04-11 00:55:50.576451: Current epoch: 30, loss: 0.3408939838409424, validation loss: 0.4712054431438446
2024-04-11 00:55:53.112310:2024-04-11 00:55:53.112214: Current epoch: 31, loss: 0.33179086446762085, validation loss: 0.39126619696617126
2024-04-11 00:55:56.055336:2024-04-11 00:55:56.055242: Current epoch: 32, loss: 0.3311631977558136, validation loss: 0.37123510241508484
2024-04-11 00:55:58.823023:2024-04-11 00:55:58.822665: Current epoch: 33, loss: 0.3165646195411682, validation loss: 0.41755983233451843
2024-04-11 00:56:01.420146:2024-04-11 00:56:01.420066: Current epoch: 34, loss: 0.3195509910583496, validation loss: 0.4665442109107971
2024-04-11 00:56:04.044889:2024-04-11 00:56:04.044675: Current epoch: 35, loss: 0.3057611584663391, validation loss: 0.4114660322666168
2024-04-11 00:56:06.781648:2024-04-11 00:56:06.781320: Current epoch: 36, loss: 0.3108256459236145, validation loss: 0.378109335899353
2024-04-11 00:56:09.420670:2024-04-11 00:56:09.420500: Current epoch: 37, loss: 0.315490186214447, validation loss: 0.40379151701927185
2024-04-11 00:56:12.130390:2024-04-11 00:56:12.130259: Current epoch: 38, loss: 0.3002157509326935, validation loss: 0.3635745942592621
2024-04-11 00:56:14.800303:2024-04-11 00:56:14.800112: Current epoch: 39, loss: 0.2985183000564575, validation loss: 0.38737183809280396
2024-04-11 00:56:17.421433:2024-04-11 00:56:17.421302: Current epoch: 40, loss: 0.28004008531570435, validation loss: 0.401714563369751
2024-04-11 00:56:20.102622:2024-04-11 00:56:20.102539: Current epoch: 41, loss: 0.29165709018707275, validation loss: 0.36249399185180664
2024-04-11 00:56:22.759954:2024-04-11 00:56:22.759786: Current epoch: 42, loss: 0.2943425178527832, validation loss: 0.3696887791156769
2024-04-11 00:56:25.429313:2024-04-11 00:56:25.429121: Current epoch: 43, loss: 0.2790455222129822, validation loss: 0.4191785454750061
2024-04-11 00:56:27.992352:2024-04-11 00:56:27.992190: Current epoch: 44, loss: 0.2634460926055908, validation loss: 0.3822835683822632
2024-04-11 00:56:30.640992:2024-04-11 00:56:30.640802: Current epoch: 45, loss: 0.26085180044174194, validation loss: 0.3645987808704376
2024-04-11 00:56:33.316002:2024-04-11 00:56:33.315883: Current epoch: 46, loss: 0.27009063959121704, validation loss: 0.4152579605579376
2024-04-11 00:56:35.966112:2024-04-11 00:56:35.965984: Current epoch: 47, loss: 0.25499844551086426, validation loss: 0.4202720522880554
2024-04-11 00:56:38.527498:2024-04-11 00:56:38.527423: Current epoch: 48, loss: 0.24496428668498993, validation loss: 0.3615208566188812
2024-04-11 00:56:41.125219:2024-04-11 00:56:41.125049: Current epoch: 49, loss: 0.244151771068573, validation loss: 0.3952513635158539
2024-04-11 00:56:43.837604:2024-04-11 00:56:43.837501: Current epoch: 50, loss: 0.24341009557247162, validation loss: 0.3864983022212982
2024-04-11 00:56:46.474446:2024-04-11 00:56:46.474392: Current epoch: 51, loss: 0.23848269879817963, validation loss: 0.35827916860580444
2024-04-11 00:56:49.023493:2024-04-11 00:56:49.023418: Current epoch: 52, loss: 0.23840875923633575, validation loss: 0.4125479459762573
2024-04-11 00:56:51.586893:2024-04-11 00:56:51.586841: Current epoch: 53, loss: 0.24490077793598175, validation loss: 0.3548310399055481
2024-04-11 00:56:54.303649:2024-04-11 00:56:54.303572: Current epoch: 54, loss: 0.22864070534706116, validation loss: 0.35648253560066223
2024-04-11 00:56:56.908865:2024-04-11 00:56:56.908744: Current epoch: 55, loss: 0.22072739899158478, validation loss: 0.36920592188835144
2024-04-11 00:56:59.467664:2024-04-11 00:56:59.467602: Current epoch: 56, loss: 0.23067006468772888, validation loss: 0.3545672595500946
2024-04-11 00:57:02.024254:2024-04-11 00:57:02.024150: Current epoch: 57, loss: 0.2159678339958191, validation loss: 0.35796061158180237
2024-04-11 00:57:04.564073:2024-04-11 00:57:04.563997: Current epoch: 58, loss: 0.21169352531433105, validation loss: 0.3633898198604584
2024-04-11 00:57:07.096167:2024-04-11 00:57:07.096089: Current epoch: 59, loss: 0.22288542985916138, validation loss: 0.37416666746139526
2024-04-11 00:57:09.752409:2024-04-11 00:57:09.752335: Current epoch: 60, loss: 0.2237653136253357, validation loss: 0.35597312450408936
2024-04-11 00:57:12.506204:2024-04-11 00:57:12.506109: Current epoch: 61, loss: 0.20434601604938507, validation loss: 0.3437315821647644
2024-04-11 00:57:15.097245:2024-04-11 00:57:15.097169: Current epoch: 62, loss: 0.19650956988334656, validation loss: 0.35359492897987366
2024-04-11 00:57:17.866853:2024-04-11 00:57:17.866776: Current epoch: 63, loss: 0.19454720616340637, validation loss: 0.3587217628955841
2024-04-11 00:57:20.606316:2024-04-11 00:57:20.606185: Current epoch: 64, loss: 0.19654621183872223, validation loss: 0.3510376214981079
2024-04-11 00:57:23.331442:2024-04-11 00:57:23.331363: Current epoch: 65, loss: 0.19622871279716492, validation loss: 0.35055258870124817
2024-04-11 00:57:26.067029:2024-04-11 00:57:26.066952: Current epoch: 66, loss: 0.18501007556915283, validation loss: 0.3673081696033478
2024-04-11 00:57:28.704459:2024-04-11 00:57:28.704375: Current epoch: 67, loss: 0.18858060240745544, validation loss: 0.35303807258605957
2024-04-11 00:57:31.348472:2024-04-11 00:57:31.348370: Current epoch: 68, loss: 0.18569770455360413, validation loss: 0.37163349986076355
2024-04-11 00:57:34.148172:2024-04-11 00:57:34.148020: Current epoch: 69, loss: 0.18410006165504456, validation loss: 0.38043466210365295
2024-04-11 00:57:36.783000:2024-04-11 00:57:36.782899: Current epoch: 70, loss: 0.1793699562549591, validation loss: 0.3497430980205536
2024-04-11 00:57:39.528086:2024-04-11 00:57:39.527983: Current epoch: 71, loss: 0.1754867136478424, validation loss: 0.35297778248786926
2024-04-11 00:57:42.302043:2024-04-11 00:57:42.301972: Current epoch: 72, loss: 0.1732644885778427, validation loss: 0.34841158986091614
2024-04-11 00:57:44.879103:2024-04-11 00:57:44.878997: Current epoch: 73, loss: 0.18332025408744812, validation loss: 0.3483709990978241
2024-04-11 00:57:47.395775:2024-04-11 00:57:47.395699: Current epoch: 74, loss: 0.1747099757194519, validation loss: 0.34732747077941895
2024-04-11 00:57:49.984549:2024-04-11 00:57:49.984484: Current epoch: 75, loss: 0.1646062731742859, validation loss: 0.3399581015110016
2024-04-11 00:57:52.634844:2024-04-11 00:57:52.634725: Current epoch: 76, loss: 0.16978779435157776, validation loss: 0.3502318561077118
2024-04-11 00:57:55.157569:2024-04-11 00:57:55.157488: Current epoch: 77, loss: 0.1717180460691452, validation loss: 0.3561892509460449
2024-04-11 00:57:57.770139:2024-04-11 00:57:57.770062: Current epoch: 78, loss: 0.17149247229099274, validation loss: 0.34471264481544495
2024-04-11 00:58:00.486490:2024-04-11 00:58:00.486412: Current epoch: 79, loss: 0.16110269725322723, validation loss: 0.35961976647377014
2024-04-11 00:58:05.480150:2024-04-11 00:58:05.480074: Current epoch: 80, loss: 0.15674026310443878, validation loss: 0.34959888458251953
2024-04-11 00:58:07.983849:2024-04-11 00:58:07.983765: Current epoch: 81, loss: 0.15679536759853363, validation loss: 0.35594043135643005
2024-04-11 00:58:10.583659:2024-04-11 00:58:10.583581: Current epoch: 82, loss: 0.1565118432044983, validation loss: 0.35518819093704224
2024-04-11 00:58:13.264582:2024-04-11 00:58:13.264508: Current epoch: 83, loss: 0.1555945873260498, validation loss: 0.3405325412750244
2024-04-11 00:58:16.024887:2024-04-11 00:58:16.024799: Current epoch: 84, loss: 0.14723773300647736, validation loss: 0.352445513010025
2024-04-11 00:58:18.769115:2024-04-11 00:58:18.769039: Current epoch: 85, loss: 0.14648298919200897, validation loss: 0.3423299193382263
2024-04-11 00:58:21.546490:2024-04-11 00:58:21.546380: Current epoch: 86, loss: 0.14512242376804352, validation loss: 0.36308249831199646
2024-04-11 00:58:24.240193:2024-04-11 00:58:24.240116: Current epoch: 87, loss: 0.14560604095458984, validation loss: 0.3780636191368103
2024-04-11 00:58:26.918670:2024-04-11 00:58:26.918593: Current epoch: 88, loss: 0.14029666781425476, validation loss: 0.35002753138542175
2024-04-11 00:58:29.488665:2024-04-11 00:58:29.488561: Current epoch: 89, loss: 0.14374998211860657, validation loss: 0.340604305267334
2024-04-11 00:58:34.243188:2024-04-11 00:58:34.243109: Current epoch: 90, loss: 0.1393686830997467, validation loss: 0.3525244891643524
2024-04-11 00:58:36.794116:2024-04-11 00:58:36.794038: Current epoch: 91, loss: 0.13654127717018127, validation loss: 0.36303970217704773
2024-04-11 00:58:39.378582:2024-04-11 00:58:39.378414: Current epoch: 92, loss: 0.13915494084358215, validation loss: 0.3554309606552124
2024-04-11 00:58:42.043973:2024-04-11 00:58:42.043895: Current epoch: 93, loss: 0.14117670059204102, validation loss: 0.3597187399864197
2024-04-11 00:58:44.571866:2024-04-11 00:58:44.571788: Current epoch: 94, loss: 0.1362820863723755, validation loss: 0.34214311838150024
2024-04-11 00:58:47.149471:2024-04-11 00:58:47.149350: Current epoch: 95, loss: 0.12731952965259552, validation loss: 0.36219727993011475
2024-04-11 00:58:49.755524:2024-04-11 00:58:49.755447: Current epoch: 96, loss: 0.1323837786912918, validation loss: 0.3510294556617737
2024-04-11 00:58:52.326363:2024-04-11 00:58:52.326238: Current epoch: 97, loss: 0.12822005152702332, validation loss: 0.3603144884109497
2024-04-11 00:58:55.036690:2024-04-11 00:58:55.036629: Current epoch: 98, loss: 0.13394203782081604, validation loss: 0.33978867530822754
2024-04-11 00:58:57.746154:2024-04-11 00:58:57.746082: Current epoch: 99, loss: 0.1260393261909485, validation loss: 0.3391130268573761
2024-04-11 00:59:02.687776:2024-04-11 00:59:02.687698: Current epoch: 100, loss: 0.12348117679357529, validation loss: 0.3512209355831146
2024-04-11 00:59:05.274037:2024-04-11 00:59:05.273938: Current epoch: 101, loss: 0.13104981184005737, validation loss: 0.34559372067451477
2024-04-11 00:59:07.823207:2024-04-11 00:59:07.823076: Current epoch: 102, loss: 0.12329027056694031, validation loss: 0.36486759781837463
2024-04-11 00:59:10.392593:2024-04-11 00:59:10.392488: Current epoch: 103, loss: 0.12830758094787598, validation loss: 0.3397194445133209
2024-04-11 00:59:13.068573:2024-04-11 00:59:13.068518: Current epoch: 104, loss: 0.12422128021717072, validation loss: 0.3379325270652771
2024-04-11 00:59:15.583959:2024-04-11 00:59:15.583882: Current epoch: 105, loss: 0.11829434335231781, validation loss: 0.35556551814079285
2024-04-11 00:59:18.126255:2024-04-11 00:59:18.126179: Current epoch: 106, loss: 0.11595935374498367, validation loss: 0.369253545999527
2024-04-11 00:59:20.619529:2024-04-11 00:59:20.619416: Current epoch: 107, loss: 0.11902410537004471, validation loss: 0.35251688957214355
2024-04-11 00:59:23.228521:2024-04-11 00:59:23.228445: Current epoch: 108, loss: 0.1183212399482727, validation loss: 0.3424323499202728
2024-04-11 00:59:25.890692:2024-04-11 00:59:25.890637: Current epoch: 109, loss: 0.11486633867025375, validation loss: 0.3375352919101715
2024-04-11 00:59:30.828984:2024-04-11 00:59:30.828919: Current epoch: 110, loss: 0.11387763917446136, validation loss: 0.3581269681453705
2024-04-11 00:59:33.359319:2024-04-11 00:59:33.359222: Current epoch: 111, loss: 0.11568119376897812, validation loss: 0.3380395174026489
2024-04-11 00:59:35.901061:2024-04-11 00:59:35.900982: Current epoch: 112, loss: 0.11289844661951065, validation loss: 0.36287814378738403
2024-04-11 00:59:38.648868:2024-04-11 00:59:38.648763: Current epoch: 113, loss: 0.11034755408763885, validation loss: 0.3453727066516876
2024-04-11 00:59:41.348042:2024-04-11 00:59:41.347965: Current epoch: 114, loss: 0.10790138691663742, validation loss: 0.3458472788333893
2024-04-11 00:59:44.107862:2024-04-11 00:59:44.107784: Current epoch: 115, loss: 0.11332522332668304, validation loss: 0.33995476365089417
2024-04-11 00:59:46.756972:2024-04-11 00:59:46.756901: Current epoch: 116, loss: 0.10460232198238373, validation loss: 0.3484644591808319
2024-04-11 00:59:49.339205:2024-04-11 00:59:49.339067: Current epoch: 117, loss: 0.11200278997421265, validation loss: 0.34269601106643677
2024-04-11 00:59:51.845615:2024-04-11 00:59:51.845512: Current epoch: 118, loss: 0.10837386548519135, validation loss: 0.3400137424468994
2024-04-11 00:59:54.474050:2024-04-11 00:59:54.473979: Current epoch: 119, loss: 0.1068720743060112, validation loss: 0.3497866094112396
2024-04-11 00:59:57.016408:2024-04-11 00:59:57.016331: Current epoch: 120, loss: 0.10952729731798172, validation loss: 0.3411387503147125
2024-04-11 00:59:59.564641:2024-04-11 00:59:59.564565: Current epoch: 121, loss: 0.10565195977687836, validation loss: 0.34385889768600464
2024-04-11 01:00:02.133369:2024-04-11 01:00:02.133292: Current epoch: 122, loss: 0.10224051773548126, validation loss: 0.3410223424434662
2024-04-11 01:00:04.793947:2024-04-11 01:00:04.793823: Current epoch: 123, loss: 0.10125161707401276, validation loss: 0.34119245409965515
2024-04-11 01:00:07.441505:2024-04-11 01:00:07.441428: Current epoch: 124, loss: 0.09860215336084366, validation loss: 0.3504343628883362
2024-04-11 01:00:10.068866:2024-04-11 01:00:10.068813: Current epoch: 125, loss: 0.10188242793083191, validation loss: 0.3358863294124603
2024-04-11 01:00:12.627785:2024-04-11 01:00:12.627712: Current epoch: 126, loss: 0.09982751309871674, validation loss: 0.3536998927593231
2024-04-11 01:00:15.179744:2024-04-11 01:00:15.179638: Current epoch: 127, loss: 0.0998554676771164, validation loss: 0.34030506014823914
2024-04-11 01:00:17.753710:2024-04-11 01:00:17.753539: Current epoch: 128, loss: 0.10049935430288315, validation loss: 0.34060490131378174
2024-04-11 01:00:20.282425:2024-04-11 01:00:20.282251: Current epoch: 129, loss: 0.09650436043739319, validation loss: 0.3431667387485504
2024-04-11 01:00:22.941828:2024-04-11 01:00:22.941757: Current epoch: 130, loss: 0.09638097137212753, validation loss: 0.34222567081451416
2024-04-11 01:00:25.651230:2024-04-11 01:00:25.651166: Current epoch: 131, loss: 0.09193521738052368, validation loss: 0.33270835876464844
2024-04-11 01:00:28.246138:2024-04-11 01:00:28.246043: Current epoch: 132, loss: 0.09720250219106674, validation loss: 0.3439202606678009
2024-04-11 01:00:30.773412:2024-04-11 01:00:30.773292: Current epoch: 133, loss: 0.09873147308826447, validation loss: 0.3450533449649811
2024-04-11 01:00:33.438092:2024-04-11 01:00:33.437987: Current epoch: 134, loss: 0.09404635429382324, validation loss: 0.34615883231163025
2024-04-11 01:00:35.990069:2024-04-11 01:00:35.989984: Current epoch: 135, loss: 0.0948510393500328, validation loss: 0.34024015069007874
2024-04-11 01:00:38.590868:2024-04-11 01:00:38.590815: Current epoch: 136, loss: 0.09229104220867157, validation loss: 0.32821545004844666
2024-04-11 01:00:41.158756:2024-04-11 01:00:41.158678: Current epoch: 137, loss: 0.08823174238204956, validation loss: 0.3390711545944214
2024-04-11 01:00:43.677364:2024-04-11 01:00:43.677266: Current epoch: 138, loss: 0.08948128670454025, validation loss: 0.33993515372276306
2024-04-11 01:00:46.179621:2024-04-11 01:00:46.179544: Current epoch: 139, loss: 0.08615275472402573, validation loss: 0.3387655019760132
2024-04-11 01:00:48.705758:2024-04-11 01:00:48.705656: Current epoch: 140, loss: 0.09033596515655518, validation loss: 0.3310214877128601
2024-04-11 01:00:51.335990:2024-04-11 01:00:51.335847: Current epoch: 141, loss: 0.08905549347400665, validation loss: 0.3333616256713867
2024-04-11 01:00:53.820806:2024-04-11 01:00:53.820727: Current epoch: 142, loss: 0.09001969546079636, validation loss: 0.3471798896789551
2024-04-11 01:00:56.373532:2024-04-11 01:00:56.373455: Current epoch: 143, loss: 0.08682382851839066, validation loss: 0.3331795930862427
2024-04-11 01:00:58.917375:2024-04-11 01:00:58.917292: Current epoch: 144, loss: 0.08922155201435089, validation loss: 0.3315449357032776
2024-04-11 01:01:01.525941:2024-04-11 01:01:01.525864: Current epoch: 145, loss: 0.08838347345590591, validation loss: 0.34358686208724976
2024-04-11 01:01:04.182268:2024-04-11 01:01:04.182190: Current epoch: 146, loss: 0.08764418959617615, validation loss: 0.33111149072647095
2024-04-11 01:01:06.810021:2024-04-11 01:01:06.809944: Current epoch: 147, loss: 0.08232585340738297, validation loss: 0.34112435579299927
2024-04-11 01:01:09.309919:2024-04-11 01:01:09.309841: Current epoch: 148, loss: 0.08372790366411209, validation loss: 0.33962878584861755
2024-04-11 01:01:11.867897:2024-04-11 01:01:11.867785: Current epoch: 149, loss: 0.08253446966409683, validation loss: 0.33661603927612305
2024-04-11 01:01:16.772023:2024-04-11 01:01:16.771935: Current epoch: 150, loss: 0.08226178586483002, validation loss: 0.3428460657596588
2024-04-11 01:01:19.424073:2024-04-11 01:01:19.424020: Current epoch: 151, loss: 0.08293703943490982, validation loss: 0.32803472876548767
2024-04-11 01:01:21.978840:2024-04-11 01:01:21.978788: Current epoch: 152, loss: 0.08206096291542053, validation loss: 0.32500141859054565
2024-04-11 01:01:24.641297:2024-04-11 01:01:24.641202: Current epoch: 153, loss: 0.08060044050216675, validation loss: 0.3266335427761078
2024-04-11 01:01:27.222208:2024-04-11 01:01:27.222102: Current epoch: 154, loss: 0.08108388632535934, validation loss: 0.3502708673477173
2024-04-11 01:01:29.852801:2024-04-11 01:01:29.852733: Current epoch: 155, loss: 0.08042918890714645, validation loss: 0.3388265371322632
2024-04-11 01:01:32.487921:2024-04-11 01:01:32.487845: Current epoch: 156, loss: 0.08241505175828934, validation loss: 0.3354804217815399
2024-04-11 01:01:35.083994:2024-04-11 01:01:35.083918: Current epoch: 157, loss: 0.08032258599996567, validation loss: 0.33593663573265076
2024-04-11 01:01:37.663302:2024-04-11 01:01:37.663209: Current epoch: 158, loss: 0.07678920775651932, validation loss: 0.3415704667568207
2024-04-11 01:01:40.236441:2024-04-11 01:01:40.236250: Current epoch: 159, loss: 0.07723622024059296, validation loss: 0.3396972417831421
2024-04-11 01:01:42.782181:2024-04-11 01:01:42.782105: Current epoch: 160, loss: 0.07702545076608658, validation loss: 0.33209100365638733
2024-04-11 01:01:45.339776:2024-04-11 01:01:45.339704: Current epoch: 161, loss: 0.07789412885904312, validation loss: 0.3284832239151001
2024-04-11 01:01:47.957561:2024-04-11 01:01:47.957484: Current epoch: 162, loss: 0.07827995717525482, validation loss: 0.33880487084388733
2024-04-11 01:01:50.537241:2024-04-11 01:01:50.537059: Current epoch: 163, loss: 0.07623501121997833, validation loss: 0.3415060043334961
2024-04-11 01:01:53.264268:2024-04-11 01:01:53.264135: Current epoch: 164, loss: 0.07850849628448486, validation loss: 0.35533642768859863
2024-04-11 01:01:55.824428:2024-04-11 01:01:55.824320: Current epoch: 165, loss: 0.07687243074178696, validation loss: 0.33483248949050903
2024-04-11 01:01:58.398833:2024-04-11 01:01:58.398719: Current epoch: 166, loss: 0.07497278600931168, validation loss: 0.333717942237854
2024-04-11 01:02:00.930803:2024-04-11 01:02:00.930698: Current epoch: 167, loss: 0.07230879366397858, validation loss: 0.3497799038887024
2024-04-11 01:02:03.538215:2024-04-11 01:02:03.538139: Current epoch: 168, loss: 0.07294324040412903, validation loss: 0.3317530155181885
2024-04-11 01:02:06.100603:2024-04-11 01:02:06.100527: Current epoch: 169, loss: 0.07329999655485153, validation loss: 0.329822301864624
2024-04-11 01:02:10.774976:2024-04-11 01:02:10.774904: Current epoch: 170, loss: 0.07380593568086624, validation loss: 0.3364620506763458
2024-04-11 01:02:13.387678:2024-04-11 01:02:13.387603: Current epoch: 171, loss: 0.0747290626168251, validation loss: 0.33603259921073914
2024-04-11 01:02:15.963453:2024-04-11 01:02:15.963377: Current epoch: 172, loss: 0.07064961642026901, validation loss: 0.3324010372161865
2024-04-11 01:02:18.573323:2024-04-11 01:02:18.573141: Current epoch: 173, loss: 0.07106608152389526, validation loss: 0.3379528224468231
2024-04-11 01:02:21.206126:2024-04-11 01:02:21.205955: Current epoch: 174, loss: 0.07160792499780655, validation loss: 0.3349728286266327
2024-04-11 01:02:23.649418:2024-04-11 01:02:23.649341: Current epoch: 175, loss: 0.07019142806529999, validation loss: 0.33424124121665955
2024-04-11 01:02:26.171528:2024-04-11 01:02:26.171452: Current epoch: 176, loss: 0.06913233548402786, validation loss: 0.33197659254074097
2024-04-11 01:02:28.875536:2024-04-11 01:02:28.875461: Current epoch: 177, loss: 0.07258286327123642, validation loss: 0.33998993039131165
2024-04-11 01:02:31.512827:2024-04-11 01:02:31.512747: Current epoch: 178, loss: 0.07265066355466843, validation loss: 0.3268696963787079
2024-04-11 01:02:34.043621:2024-04-11 01:02:34.043545: Current epoch: 179, loss: 0.07141685485839844, validation loss: 0.3461017608642578
2024-04-11 01:02:36.568420:2024-04-11 01:02:36.568342: Current epoch: 180, loss: 0.07009004801511765, validation loss: 0.3368164002895355
2024-04-11 01:02:39.191130:2024-04-11 01:02:39.190994: Current epoch: 181, loss: 0.06816746294498444, validation loss: 0.3348826467990875
2024-04-11 01:02:41.691924:2024-04-11 01:02:41.691820: Current epoch: 182, loss: 0.06823613494634628, validation loss: 0.3397009074687958
2024-04-11 01:02:44.276306:2024-04-11 01:02:44.276213: Current epoch: 183, loss: 0.06731308251619339, validation loss: 0.33818668127059937
2024-04-11 01:02:46.958079:2024-04-11 01:02:46.957997: Current epoch: 184, loss: 0.06621377170085907, validation loss: 0.34294089674949646
2024-04-11 01:02:49.624291:2024-04-11 01:02:49.624126: Current epoch: 185, loss: 0.064765065908432, validation loss: 0.342956006526947
2024-04-11 01:02:52.286468:2024-04-11 01:02:52.286397: Current epoch: 186, loss: 0.06654868274927139, validation loss: 0.3342522978782654
2024-04-11 01:02:54.837018:2024-04-11 01:02:54.836945: Current epoch: 187, loss: 0.06581179797649384, validation loss: 0.33484020829200745
2024-04-11 01:02:57.334363:2024-04-11 01:02:57.334269: Current epoch: 188, loss: 0.06570719927549362, validation loss: 0.3380541205406189
2024-04-11 01:02:59.866863:2024-04-11 01:02:59.866785: Current epoch: 189, loss: 0.06389555335044861, validation loss: 0.34102436900138855
2024-04-11 01:03:02.482077:2024-04-11 01:03:02.482002: Current epoch: 190, loss: 0.06447997689247131, validation loss: 0.3381529450416565
2024-04-11 01:03:05.110174:2024-04-11 01:03:05.110098: Current epoch: 191, loss: 0.06624773889780045, validation loss: 0.329368531703949
2024-04-11 01:03:07.665783:2024-04-11 01:03:07.665715: Current epoch: 192, loss: 0.06659534573554993, validation loss: 0.33741307258605957
2024-04-11 01:03:10.224877:2024-04-11 01:03:10.224730: Current epoch: 193, loss: 0.06549175828695297, validation loss: 0.3277793526649475
2024-04-11 01:03:12.830757:2024-04-11 01:03:12.830682: Current epoch: 194, loss: 0.06147007271647453, validation loss: 0.3416491150856018
2024-04-11 01:03:15.440553:2024-04-11 01:03:15.440482: Current epoch: 195, loss: 0.06330369412899017, validation loss: 0.33081763982772827
2024-04-11 01:03:17.985664:2024-04-11 01:03:17.985560: Current epoch: 196, loss: 0.06521923094987869, validation loss: 0.34693393111228943
2024-04-11 01:03:20.580707:2024-04-11 01:03:20.580628: Current epoch: 197, loss: 0.06200186908245087, validation loss: 0.33800777792930603
2024-04-11 01:03:23.100154:2024-04-11 01:03:23.100078: Current epoch: 198, loss: 0.06267831474542618, validation loss: 0.3328888714313507
2024-04-11 01:03:25.655185:2024-04-11 01:03:25.655109: Current epoch: 199, loss: 0.06224628537893295, validation loss: 0.3494717478752136
2024-04-11 01:03:28.234525:2024-04-11 01:03:28.234453: Current epoch: 200, loss: 0.06349429488182068, validation loss: 0.335098534822464
2024-04-11 01:03:30.738042:2024-04-11 01:03:30.737964: Current epoch: 201, loss: 0.062208447605371475, validation loss: 0.3565250337123871
2024-04-11 01:03:33.266633:2024-04-11 01:03:33.266565: Current epoch: 202, loss: 0.06138826534152031, validation loss: 0.3461877405643463
2024-04-11 01:03:35.961935:2024-04-11 01:03:35.961858: Current epoch: 203, loss: 0.06134677305817604, validation loss: 0.32904866337776184
2024-04-11 01:03:38.673788:2024-04-11 01:03:38.673630: Current epoch: 204, loss: 0.0602114163339138, validation loss: 0.3303277790546417
2024-04-11 01:03:41.388071:2024-04-11 01:03:41.387994: Current epoch: 205, loss: 0.06167014688253403, validation loss: 0.3313952088356018
2024-04-11 01:03:43.897840:2024-04-11 01:03:43.897764: Current epoch: 206, loss: 0.0618165023624897, validation loss: 0.33393168449401855
2024-04-11 01:03:46.644331:2024-04-11 01:03:46.644276: Current epoch: 207, loss: 0.060024116188287735, validation loss: 0.3238033056259155
2024-04-11 01:03:49.298253:2024-04-11 01:03:49.298149: Current epoch: 208, loss: 0.06040603667497635, validation loss: 0.3312545418739319
2024-04-11 01:03:51.808439:2024-04-11 01:03:51.808363: Current epoch: 209, loss: 0.06078360229730606, validation loss: 0.32621267437934875
2024-04-11 01:03:56.854400:2024-04-11 01:03:56.854326: Current epoch: 210, loss: 0.05880841612815857, validation loss: 0.3373151123523712
2024-04-11 01:03:59.399586:2024-04-11 01:03:59.399516: Current epoch: 211, loss: 0.05755298584699631, validation loss: 0.33893319964408875
2024-04-11 01:04:02.021085:2024-04-11 01:04:02.021009: Current epoch: 212, loss: 0.05958903953433037, validation loss: 0.3290361166000366
2024-04-11 01:04:04.710310:2024-04-11 01:04:04.710252: Current epoch: 213, loss: 0.05909532308578491, validation loss: 0.3465936779975891
2024-04-11 01:04:07.383782:2024-04-11 01:04:07.383713: Current epoch: 214, loss: 0.05764290317893028, validation loss: 0.34625038504600525
2024-04-11 01:04:10.016385:2024-04-11 01:04:10.016295: Current epoch: 215, loss: 0.05707716569304466, validation loss: 0.32510438561439514
2024-04-11 01:04:12.720141:2024-04-11 01:04:12.720063: Current epoch: 216, loss: 0.057128582149744034, validation loss: 0.33392804861068726
2024-04-11 01:04:15.367133:2024-04-11 01:04:15.367055: Current epoch: 217, loss: 0.05637394264340401, validation loss: 0.33557114005088806
2024-04-11 01:04:17.959483:2024-04-11 01:04:17.959407: Current epoch: 218, loss: 0.057255275547504425, validation loss: 0.3381548821926117
2024-04-11 01:04:20.605110:2024-04-11 01:04:20.605038: Current epoch: 219, loss: 0.056253667920827866, validation loss: 0.3245420455932617
2024-04-11 01:04:25.479168:2024-04-11 01:04:25.479091: Current epoch: 220, loss: 0.05532030016183853, validation loss: 0.3383582830429077
2024-04-11 01:04:28.129900:2024-04-11 01:04:28.129822: Current epoch: 221, loss: 0.054609764367341995, validation loss: 0.331523060798645
2024-04-11 01:04:30.650584:2024-04-11 01:04:30.650507: Current epoch: 222, loss: 0.055597878992557526, validation loss: 0.3369988203048706
2024-04-11 01:04:33.253813:2024-04-11 01:04:33.253672: Current epoch: 223, loss: 0.05503477528691292, validation loss: 0.3270364999771118
2024-04-11 01:04:35.966528:2024-04-11 01:04:35.966453: Current epoch: 224, loss: 0.05463085323572159, validation loss: 0.34188568592071533
2024-04-11 01:04:38.605079:2024-04-11 01:04:38.605004: Current epoch: 225, loss: 0.05443502962589264, validation loss: 0.3414475619792938
2024-04-11 01:04:41.352242:2024-04-11 01:04:41.352164: Current epoch: 226, loss: 0.05321785435080528, validation loss: 0.33384159207344055
2024-04-11 01:04:44.049443:2024-04-11 01:04:44.049365: Current epoch: 227, loss: 0.054990921169519424, validation loss: 0.33862802386283875
2024-04-11 01:04:46.613977:2024-04-11 01:04:46.613872: Current epoch: 228, loss: 0.05524502322077751, validation loss: 0.34174200892448425
2024-04-11 01:04:49.181670:2024-04-11 01:04:49.181593: Current epoch: 229, loss: 0.05317490175366402, validation loss: 0.33946913480758667
2024-04-11 01:04:51.775625:2024-04-11 01:04:51.775554: Current epoch: 230, loss: 0.05524902418255806, validation loss: 0.3346344232559204
2024-04-11 01:04:54.453131:2024-04-11 01:04:54.453055: Current epoch: 231, loss: 0.05466509237885475, validation loss: 0.3350468575954437
2024-04-11 01:04:57.105588:2024-04-11 01:04:57.105512: Current epoch: 232, loss: 0.05253028869628906, validation loss: 0.3446156084537506
2024-04-11 01:04:59.748583:2024-04-11 01:04:59.748509: Current epoch: 233, loss: 0.05326355993747711, validation loss: 0.3304353654384613
2024-04-11 01:05:02.497879:2024-04-11 01:05:02.497803: Current epoch: 234, loss: 0.052551861852407455, validation loss: 0.3386184871196747
2024-04-11 01:05:05.157259:2024-04-11 01:05:05.157183: Current epoch: 235, loss: 0.05202940106391907, validation loss: 0.3495248556137085
2024-04-11 01:05:07.702978:2024-04-11 01:05:07.702903: Current epoch: 236, loss: 0.0547112412750721, validation loss: 0.3435995578765869
2024-04-11 01:05:10.294236:2024-04-11 01:05:10.294165: Current epoch: 237, loss: 0.051069196313619614, validation loss: 0.3509836792945862
2024-04-11 01:05:12.914968:2024-04-11 01:05:12.914891: Current epoch: 238, loss: 0.05286926403641701, validation loss: 0.33627745509147644
2024-04-11 01:05:15.482179:2024-04-11 01:05:15.482105: Current epoch: 239, loss: 0.05579344183206558, validation loss: 0.3293265998363495
2024-04-11 01:05:18.115693:2024-04-11 01:05:18.115616: Current epoch: 240, loss: 0.051842186599969864, validation loss: 0.3362995386123657
2024-04-11 01:05:20.703674:2024-04-11 01:05:20.703594: Current epoch: 241, loss: 0.048990920186042786, validation loss: 0.32823559641838074
2024-04-11 01:05:23.251447:2024-04-11 01:05:23.251372: Current epoch: 242, loss: 0.049729667603969574, validation loss: 0.33491167426109314
2024-04-11 01:05:25.854268:2024-04-11 01:05:25.854191: Current epoch: 243, loss: 0.0503976047039032, validation loss: 0.34447750449180603
2024-04-11 01:05:28.596627:2024-04-11 01:05:28.596493: Current epoch: 244, loss: 0.053123705089092255, validation loss: 0.33450016379356384
2024-04-11 01:05:31.307197:2024-04-11 01:05:31.307120: Current epoch: 245, loss: 0.052565522491931915, validation loss: 0.33455535769462585
2024-04-11 01:05:34.064234:2024-04-11 01:05:34.064160: Current epoch: 246, loss: 0.05124704912304878, validation loss: 0.34105774760246277
2024-04-11 01:05:36.648339:2024-04-11 01:05:36.648235: Current epoch: 247, loss: 0.05102792754769325, validation loss: 0.3420584201812744
2024-04-11 01:05:39.204687:2024-04-11 01:05:39.204614: Current epoch: 248, loss: 0.04931509122252464, validation loss: 0.3384046256542206
2024-04-11 01:05:41.810452:2024-04-11 01:05:41.810346: Current epoch: 249, loss: 0.04850996285676956, validation loss: 0.34262099862098694
2024-04-11 01:05:44.536092:2024-04-11 01:05:44.536025: Current epoch: 250, loss: 0.048664119094610214, validation loss: 0.33169397711753845
2024-04-11 01:05:47.077388:2024-04-11 01:05:47.077305: Current epoch: 251, loss: 0.05238727480173111, validation loss: 0.33076587319374084
2024-04-11 01:05:49.677289:2024-04-11 01:05:49.677196: Current epoch: 252, loss: 0.05025065317749977, validation loss: 0.34953752160072327
2024-04-11 01:05:52.235128:2024-04-11 01:05:52.235053: Current epoch: 253, loss: 0.0494440421462059, validation loss: 0.3481172025203705
2024-04-11 01:05:54.911617:2024-04-11 01:05:54.911542: Current epoch: 254, loss: 0.04986562207341194, validation loss: 0.34146541357040405
2024-04-11 01:05:57.626318:2024-04-11 01:05:57.626217: Current epoch: 255, loss: 0.04880977421998978, validation loss: 0.3361731171607971
2024-04-11 01:06:00.225868:2024-04-11 01:06:00.225800: Current epoch: 256, loss: 0.04780024662613869, validation loss: 0.33453840017318726
2024-04-11 01:06:02.868980:2024-04-11 01:06:02.868898: Current epoch: 257, loss: 0.04874670132994652, validation loss: 0.33580681681632996
2024-04-11 01:06:05.499592:2024-04-11 01:06:05.499514: Current epoch: 258, loss: 0.04602837190032005, validation loss: 0.33818379044532776
2024-04-11 01:06:08.147758:2024-04-11 01:06:08.147687: Current epoch: 259, loss: 0.04805995896458626, validation loss: 0.33532464504241943
2024-04-11 01:06:10.853633:2024-04-11 01:06:10.853556: Current epoch: 260, loss: 0.04950990155339241, validation loss: 0.3450259864330292
2024-04-11 01:06:13.350246:2024-04-11 01:06:13.350169: Current epoch: 261, loss: 0.049904774874448776, validation loss: 0.3455636203289032
2024-04-11 01:06:15.995319:2024-04-11 01:06:15.995233: Current epoch: 262, loss: 0.046642668545246124, validation loss: 0.34113582968711853
2024-04-11 01:06:18.536112:2024-04-11 01:06:18.536045: Current epoch: 263, loss: 0.0468394011259079, validation loss: 0.3387836813926697
2024-04-11 01:06:21.075226:2024-04-11 01:06:21.075150: Current epoch: 264, loss: 0.04809761419892311, validation loss: 0.3336685597896576
2024-04-11 01:06:23.567307:2024-04-11 01:06:23.567214: Current epoch: 265, loss: 0.045816488564014435, validation loss: 0.33653244376182556
2024-04-11 01:06:26.119847:2024-04-11 01:06:26.119706: Current epoch: 266, loss: 0.046962495893239975, validation loss: 0.3363152742385864
2024-04-11 01:06:28.781483:2024-04-11 01:06:28.781362: Current epoch: 267, loss: 0.04659358412027359, validation loss: 0.34470316767692566
2024-04-11 01:06:31.373567:2024-04-11 01:06:31.373495: Current epoch: 268, loss: 0.04782932251691818, validation loss: 0.33733198046684265
2024-04-11 01:06:33.970758:2024-04-11 01:06:33.970690: Current epoch: 269, loss: 0.045167580246925354, validation loss: 0.3449258804321289
2024-04-11 01:06:36.560356:2024-04-11 01:06:36.560256: Current epoch: 270, loss: 0.04479401186108589, validation loss: 0.33485180139541626
2024-04-11 01:06:39.169340:2024-04-11 01:06:39.169244: Current epoch: 271, loss: 0.046503759920597076, validation loss: 0.3390887975692749
2024-04-11 01:06:41.769017:2024-04-11 01:06:41.768939: Current epoch: 272, loss: 0.047319572418928146, validation loss: 0.33885547518730164
2024-04-11 01:06:44.377249:2024-04-11 01:06:44.377171: Current epoch: 273, loss: 0.04546039178967476, validation loss: 0.3494890332221985
2024-04-11 01:06:46.926546:2024-04-11 01:06:46.926470: Current epoch: 274, loss: 0.04466988146305084, validation loss: 0.32991787791252136
2024-04-11 01:06:49.446621:2024-04-11 01:06:49.446543: Current epoch: 275, loss: 0.04328131303191185, validation loss: 0.347307413816452
2024-04-11 01:06:51.970508:2024-04-11 01:06:51.970430: Current epoch: 276, loss: 0.04310133308172226, validation loss: 0.3349636495113373
2024-04-11 01:06:54.509595:2024-04-11 01:06:54.509527: Current epoch: 277, loss: 0.04481114447116852, validation loss: 0.3406200706958771
2024-04-11 01:06:57.001769:2024-04-11 01:06:57.001700: Current epoch: 278, loss: 0.044246573001146317, validation loss: 0.34857186675071716
2024-04-11 01:06:59.568242:2024-04-11 01:06:59.568165: Current epoch: 279, loss: 0.0450921356678009, validation loss: 0.33763477206230164
2024-04-11 01:07:02.191224:2024-04-11 01:07:02.191147: Current epoch: 280, loss: 0.04304441064596176, validation loss: 0.3449881076812744
2024-04-11 01:07:04.831222:2024-04-11 01:07:04.831147: Current epoch: 281, loss: 0.04741654172539711, validation loss: 0.3507252037525177
2024-04-11 01:07:07.404503:2024-04-11 01:07:07.404427: Current epoch: 282, loss: 0.045883696526288986, validation loss: 0.3345330059528351
2024-04-11 01:07:10.106683:2024-04-11 01:07:10.106605: Current epoch: 283, loss: 0.045420143753290176, validation loss: 0.34506407380104065
2024-04-11 01:07:12.634486:2024-04-11 01:07:12.634409: Current epoch: 284, loss: 0.04522058740258217, validation loss: 0.3474259376525879
2024-04-11 01:07:15.294377:2024-04-11 01:07:15.294297: Current epoch: 285, loss: 0.04573165625333786, validation loss: 0.3410979211330414
2024-04-11 01:07:18.017187:2024-04-11 01:07:18.017110: Current epoch: 286, loss: 0.04173131287097931, validation loss: 0.3295709490776062
2024-04-11 01:07:20.700267:2024-04-11 01:07:20.700123: Current epoch: 287, loss: 0.04108843207359314, validation loss: 0.33347979187965393
2024-04-11 01:07:23.291039:2024-04-11 01:07:23.290963: Current epoch: 288, loss: 0.04433814063668251, validation loss: 0.3426438570022583
2024-04-11 01:07:25.840545:2024-04-11 01:07:25.840474: Current epoch: 289, loss: 0.04255770146846771, validation loss: 0.3355390131473541
2024-04-11 01:07:28.573957:2024-04-11 01:07:28.573875: Current epoch: 290, loss: 0.04238307848572731, validation loss: 0.341754287481308
2024-04-11 01:07:31.267041:2024-04-11 01:07:31.266964: Current epoch: 291, loss: 0.04340042173862457, validation loss: 0.34532400965690613
2024-04-11 01:07:33.909913:2024-04-11 01:07:33.909808: Current epoch: 292, loss: 0.04225500300526619, validation loss: 0.34725844860076904
2024-04-11 01:07:36.680586:2024-04-11 01:07:36.680509: Current epoch: 293, loss: 0.04164799302816391, validation loss: 0.3445420265197754
2024-04-11 01:07:39.423131:2024-04-11 01:07:39.423055: Current epoch: 294, loss: 0.04015255346894264, validation loss: 0.3478638827800751
2024-04-11 01:07:42.158986:2024-04-11 01:07:42.158908: Current epoch: 295, loss: 0.042184628546237946, validation loss: 0.34148141741752625
2024-04-11 01:07:44.947898:2024-04-11 01:07:44.947820: Current epoch: 296, loss: 0.041769638657569885, validation loss: 0.3403743803501129
2024-04-11 01:07:47.652954:2024-04-11 01:07:47.652877: Current epoch: 297, loss: 0.04152567684650421, validation loss: 0.33301109075546265
2024-04-11 01:07:50.373653:2024-04-11 01:07:50.373495: Current epoch: 298, loss: 0.04021860286593437, validation loss: 0.33589839935302734
2024-04-11 01:07:52.970229:2024-04-11 01:07:52.970151: Current epoch: 299, loss: 0.040695540606975555, validation loss: 0.3402855694293976
2024-04-11 01:07:55.514166:2024-04-11 01:07:55.514090: Current epoch: 300, loss: 0.04400014504790306, validation loss: 0.34413227438926697
2024-04-11 01:07:58.270362:2024-04-11 01:07:58.270290: Current epoch: 301, loss: 0.04280266538262367, validation loss: 0.34055039286613464
2024-04-11 01:08:00.952708:2024-04-11 01:08:00.952530: Current epoch: 302, loss: 0.0434945672750473, validation loss: 0.34902316331863403
2024-04-11 01:08:03.549628:2024-04-11 01:08:03.549457: Current epoch: 303, loss: 0.04470138996839523, validation loss: 0.3370282053947449
2024-04-11 01:08:06.110412:2024-04-11 01:08:06.110333: Current epoch: 304, loss: 0.040290750563144684, validation loss: 0.3271394670009613
2024-04-11 01:08:08.856731:2024-04-11 01:08:08.856655: Current epoch: 305, loss: 0.04107750207185745, validation loss: 0.3532353937625885
2024-04-11 01:08:11.417161:2024-04-11 01:08:11.417085: Current epoch: 306, loss: 0.038602955639362335, validation loss: 0.3297771215438843
2024-04-11 01:08:14.023005:2024-04-11 01:08:14.022921: Current epoch: 307, loss: 0.040712613612413406, validation loss: 0.3411453664302826
2024-04-11 01:08:14.229802:the test error is  [0.31402552127838135, 0.31402552127838135]
2024-04-11 01:08:16.620025:saved model to sample/alignn_bert-base-uncased_robo_prop_spillage
2024-04-11 01:08:16.938817:done