
2024-05-26 00:23:54.938681:job config: {'train_data_path': '/data/yll6162/alignntl_dft_3d/tl_dataset/dataset_alignn_matbert-base-cased_chemnlp_prop_Tc_supercon_train.csv', 'val_data_path': '/data/yll6162/alignntl_dft_3d/tl_dataset/dataset_alignn_matbert-base-cased_chemnlp_prop_Tc_supercon_val.csv', 'test_data_path': '/data/yll6162/alignntl_dft_3d/tl_dataset/dataset_alignn_matbert-base-cased_chemnlp_prop_Tc_supercon_test.csv', 'label': 'Tc_supercon', 'input_type': None, 'log_folder': 'log', 'log_file': 'alignn_matbert-base-cased_chemnlp_prop_Tc_supercon.log', 'test_metric': 'mae', 'architecture': '1024Rx4D-512Rx3D-256Rx3D-128Rx3D-64Rx2-32Rx1-1', 'model_seed': 0, 'loss_type': 'mae', 'config_file': 'sample/alignn_matbert-base-cased_chemnlp_prop_Tc_supercon_job.config', 'use_valid': True, 'project': 'MOF', 'regressors': None, 'input_types': None, 'paramsGrid': {'optimizer': 'Adam', 'learning_rate': 0.0001, 'patience': 100, 'dropouts': [0.8, 0.9, 0.7, 0.8], 'EVAL_FREQUENCY': 1000}, 'save_path': 'sample/alignn_matbert-base-cased_chemnlp_prop_Tc_supercon', 'model_path': None, 'last_layer_with_weight': True, 'keras_path': 'model/alignn_matbert-base-cased_chemnlp_prop_Tc_supercon', 'test_size': None, 'val_size': None}
2024-05-26 00:23:54.938742:train data path is  /data/yll6162/alignntl_dft_3d/tl_dataset/dataset_alignn_matbert-base-cased_chemnlp_prop_Tc_supercon_train.csv
2024-05-26 00:23:55.206223:input attribute sets are:  None
2024-05-26 00:23:55.206356:test data path is  /data/yll6162/alignntl_dft_3d/tl_dataset/dataset_alignn_matbert-base-cased_chemnlp_prop_Tc_supercon_test.csv
2024-05-26 00:23:55.299659:val data path is  /data/yll6162/alignntl_dft_3d/tl_dataset/dataset_alignn_matbert-base-cased_chemnlp_prop_Tc_supercon_val.csv
2024-05-26 00:23:55.391717:input attributes are:  Index(['0', '1', '2', '3', '4', '5', '6', '7', '8', '9',
       ...
       '758.1', '759.1', '760.1', '761.1', '762.1', '763.1', '764.1', '765.1',
       '766.1', '767.1'],
      dtype='object', length=1536)
2024-05-26 00:23:55.391812:label: Tc_supercon
2024-05-26 00:24:03.318154: train, test, valid sizes:  (842, 1536) (842,) (106, 1536) (106,) (106, 1536) (106,)
2024-05-26 00:24:03.335241:train matrix shape of train_X:  (842, 1536)  train_y:  (842,)
2024-05-26 00:24:03.335344:valid matrix shape of train_X:  (106, 1536)  valid_y:  (106,)
2024-05-26 00:24:03.335385:test matrix shape of valid_X:   (106, 1536)  test_y:  (106,)
2024-05-26 00:24:03.335420:architecture is:  1024Rx4D-512Rx3D-256Rx3D-128Rx3D-64Rx2-32Rx1-1
2024-05-26 00:24:03.335455:learning rate is  0.0001
2024-05-26 00:24:03.335487:model path is  None
2024-05-26 00:24:03.344290:adding fully connected layers with 1024 outputs
2024-05-26 00:24:05.704347:adding residual with fc as the size are different
2024-05-26 00:24:05.711823:adding fully connected layers with 1024 outputs
2024-05-26 00:24:05.716953:adding residual, both sizes are same
2024-05-26 00:24:05.719071:adding fully connected layers with 1024 outputs
2024-05-26 00:24:05.723797:adding residual, both sizes are same
2024-05-26 00:24:05.725627:adding fully connected layers with 1024 outputs
2024-05-26 00:24:05.730311:adding residual, both sizes are same
2024-05-26 00:24:05.732443:adding dropout 0.8
2024-05-26 00:24:05.737074:adding fully connected layers with 512 outputs
2024-05-26 00:24:05.742245:adding residual with fc as the size are different
2024-05-26 00:24:05.748451:adding fully connected layers with 512 outputs
2024-05-26 00:24:05.753439:adding residual, both sizes are same
2024-05-26 00:24:05.756403:adding fully connected layers with 512 outputs
2024-05-26 00:24:05.761053:adding residual, both sizes are same
2024-05-26 00:24:05.762890:adding dropout 0.9
2024-05-26 00:24:05.764509:adding fully connected layers with 256 outputs
2024-05-26 00:24:05.769701:adding residual with fc as the size are different
2024-05-26 00:24:05.775767:adding fully connected layers with 256 outputs
2024-05-26 00:24:05.780675:adding residual, both sizes are same
2024-05-26 00:24:05.786702:adding fully connected layers with 256 outputs
2024-05-26 00:24:05.796386:adding residual, both sizes are same
2024-05-26 00:24:05.801608:adding dropout 0.7
2024-05-26 00:24:05.805756:adding fully connected layers with 128 outputs
2024-05-26 00:24:05.815350:adding residual with fc as the size are different
2024-05-26 00:24:05.822011:adding fully connected layers with 128 outputs
2024-05-26 00:24:05.826932:adding residual, both sizes are same
2024-05-26 00:24:05.828826:adding fully connected layers with 128 outputs
2024-05-26 00:24:05.833718:adding residual, both sizes are same
2024-05-26 00:24:05.835518:adding dropout 0.8
2024-05-26 00:24:05.837114:adding fully connected layers with 64 outputs
2024-05-26 00:24:05.842130:adding residual with fc as the size are different
2024-05-26 00:24:05.848525:adding fully connected layers with 64 outputs
2024-05-26 00:24:05.853402:adding residual, both sizes are same
2024-05-26 00:24:05.855330:adding fully connected layers with 32 outputs
2024-05-26 00:24:05.860249:adding residual with fc as the size are different
2024-05-26 00:24:05.866582:adding final layer with 1 output
2024-05-26 00:24:05.880842:Model: "ElemNet"
2024-05-26 00:24:05.880944:__________________________________________________________________________________________________
2024-05-26 00:24:05.881012:Layer (type)                    Output Shape         Param #     Connected to                     
2024-05-26 00:24:05.881225:==================================================================================================
2024-05-26 00:24:05.881980:elemental_fractions (InputLayer [(None, 1536)]       0                                            
2024-05-26 00:24:05.882148:__________________________________________________________________________________________________
2024-05-26 00:24:05.882664:fc0_0 (Dense)                   (None, 1024)         1573888     elemental_fractions[0][0]        
2024-05-26 00:24:05.882817:__________________________________________________________________________________________________
2024-05-26 00:24:05.883199:fc0_dim_0 (Dense)               (None, 1024)         1573888     elemental_fractions[0][0]        
2024-05-26 00:24:05.883343:__________________________________________________________________________________________________
2024-05-26 00:24:05.883616:tf.__operators__.add (TFOpLambd (None, 1024)         0           fc0_0[0][0]                      
2024-05-26 00:24:05.883763:                                                                 fc0_dim_0[0][0]                  
2024-05-26 00:24:05.883884:__________________________________________________________________________________________________
2024-05-26 00:24:05.884244:fc0_1 (Dense)                   (None, 1024)         1049600     tf.__operators__.add[0][0]       
2024-05-26 00:24:05.884380:__________________________________________________________________________________________________
2024-05-26 00:24:05.884630:tf.__operators__.add_1 (TFOpLam (None, 1024)         0           fc0_1[0][0]                      
2024-05-26 00:24:05.884770:                                                                 tf.__operators__.add[0][0]       
2024-05-26 00:24:05.884888:__________________________________________________________________________________________________
2024-05-26 00:24:05.885237:fc0_2 (Dense)                   (None, 1024)         1049600     tf.__operators__.add_1[0][0]     
2024-05-26 00:24:05.885374:__________________________________________________________________________________________________
2024-05-26 00:24:05.885622:tf.__operators__.add_2 (TFOpLam (None, 1024)         0           fc0_2[0][0]                      
2024-05-26 00:24:05.885762:                                                                 tf.__operators__.add_1[0][0]     
2024-05-26 00:24:05.885881:__________________________________________________________________________________________________
2024-05-26 00:24:05.886229:fc0_3 (Dense)                   (None, 1024)         1049600     tf.__operators__.add_2[0][0]     
2024-05-26 00:24:05.886366:__________________________________________________________________________________________________
2024-05-26 00:24:05.886630:tf.__operators__.add_3 (TFOpLam (None, 1024)         0           fc0_3[0][0]                      
2024-05-26 00:24:05.886772:                                                                 tf.__operators__.add_2[0][0]     
2024-05-26 00:24:05.886889:__________________________________________________________________________________________________
2024-05-26 00:24:05.887144:dropout (Dropout)               (None, 1024)         0           tf.__operators__.add_3[0][0]     
2024-05-26 00:24:05.887269:__________________________________________________________________________________________________
2024-05-26 00:24:05.887617:fc1_0 (Dense)                   (None, 512)          524800      dropout[0][0]                    
2024-05-26 00:24:05.887755:__________________________________________________________________________________________________
2024-05-26 00:24:05.888103:fc1_dim_0 (Dense)               (None, 512)          524800      dropout[0][0]                    
2024-05-26 00:24:05.888238:__________________________________________________________________________________________________
2024-05-26 00:24:05.888484:tf.__operators__.add_4 (TFOpLam (None, 512)          0           fc1_0[0][0]                      
2024-05-26 00:24:05.888624:                                                                 fc1_dim_0[0][0]                  
2024-05-26 00:24:05.888742:__________________________________________________________________________________________________
2024-05-26 00:24:05.889131:fc1_1 (Dense)                   (None, 512)          262656      tf.__operators__.add_4[0][0]     
2024-05-26 00:24:05.889307:__________________________________________________________________________________________________
2024-05-26 00:24:05.889574:tf.__operators__.add_5 (TFOpLam (None, 512)          0           fc1_1[0][0]                      
2024-05-26 00:24:05.889718:                                                                 tf.__operators__.add_4[0][0]     
2024-05-26 00:24:05.889836:__________________________________________________________________________________________________
2024-05-26 00:24:05.890213:fc1_2 (Dense)                   (None, 512)          262656      tf.__operators__.add_5[0][0]     
2024-05-26 00:24:05.890351:__________________________________________________________________________________________________
2024-05-26 00:24:05.890595:tf.__operators__.add_6 (TFOpLam (None, 512)          0           fc1_2[0][0]                      
2024-05-26 00:24:05.890734:                                                                 tf.__operators__.add_5[0][0]     
2024-05-26 00:24:05.890851:__________________________________________________________________________________________________
2024-05-26 00:24:05.891110:dropout_1 (Dropout)             (None, 512)          0           tf.__operators__.add_6[0][0]     
2024-05-26 00:24:05.891236:__________________________________________________________________________________________________
2024-05-26 00:24:05.891568:fc2_0 (Dense)                   (None, 256)          131328      dropout_1[0][0]                  
2024-05-26 00:24:05.891704:__________________________________________________________________________________________________
2024-05-26 00:24:05.892060:fc2_dim_0 (Dense)               (None, 256)          131328      dropout_1[0][0]                  
2024-05-26 00:24:05.892223:__________________________________________________________________________________________________
2024-05-26 00:24:05.892469:tf.__operators__.add_7 (TFOpLam (None, 256)          0           fc2_0[0][0]                      
2024-05-26 00:24:05.892609:                                                                 fc2_dim_0[0][0]                  
2024-05-26 00:24:05.892726:__________________________________________________________________________________________________
2024-05-26 00:24:05.893077:fc2_1 (Dense)                   (None, 256)          65792       tf.__operators__.add_7[0][0]     
2024-05-26 00:24:05.893215:__________________________________________________________________________________________________
2024-05-26 00:24:05.893475:tf.__operators__.add_8 (TFOpLam (None, 256)          0           fc2_1[0][0]                      
2024-05-26 00:24:05.893616:                                                                 tf.__operators__.add_7[0][0]     
2024-05-26 00:24:05.893732:__________________________________________________________________________________________________
2024-05-26 00:24:05.894160:fc2_2 (Dense)                   (None, 256)          65792       tf.__operators__.add_8[0][0]     
2024-05-26 00:24:05.894313:__________________________________________________________________________________________________
2024-05-26 00:24:05.894479:tf.__operators__.add_9 (TFOpLam (None, 256)          0           fc2_2[0][0]                      
2024-05-26 00:24:05.894535:                                                                 tf.__operators__.add_8[0][0]     
2024-05-26 00:24:05.894583:__________________________________________________________________________________________________
2024-05-26 00:24:05.894678:dropout_2 (Dropout)             (None, 256)          0           tf.__operators__.add_9[0][0]     
2024-05-26 00:24:05.894729:__________________________________________________________________________________________________
2024-05-26 00:24:05.894864:fc3_0 (Dense)                   (None, 128)          32896       dropout_2[0][0]                  
2024-05-26 00:24:05.894919:__________________________________________________________________________________________________
2024-05-26 00:24:05.895069:fc3_dim_0 (Dense)               (None, 128)          32896       dropout_2[0][0]                  
2024-05-26 00:24:05.895125:__________________________________________________________________________________________________
2024-05-26 00:24:05.895224:tf.__operators__.add_10 (TFOpLa (None, 128)          0           fc3_0[0][0]                      
2024-05-26 00:24:05.895281:                                                                 fc3_dim_0[0][0]                  
2024-05-26 00:24:05.895328:__________________________________________________________________________________________________
2024-05-26 00:24:05.895458:fc3_1 (Dense)                   (None, 128)          16512       tf.__operators__.add_10[0][0]    
2024-05-26 00:24:05.895513:__________________________________________________________________________________________________
2024-05-26 00:24:05.895611:tf.__operators__.add_11 (TFOpLa (None, 128)          0           fc3_1[0][0]                      
2024-05-26 00:24:05.895667:                                                                 tf.__operators__.add_10[0][0]    
2024-05-26 00:24:05.895714:__________________________________________________________________________________________________
2024-05-26 00:24:05.895844:fc3_2 (Dense)                   (None, 128)          16512       tf.__operators__.add_11[0][0]    
2024-05-26 00:24:05.895898:__________________________________________________________________________________________________
2024-05-26 00:24:05.896009:tf.__operators__.add_12 (TFOpLa (None, 128)          0           fc3_2[0][0]                      
2024-05-26 00:24:05.896066:                                                                 tf.__operators__.add_11[0][0]    
2024-05-26 00:24:05.896113:__________________________________________________________________________________________________
2024-05-26 00:24:05.896207:dropout_3 (Dropout)             (None, 128)          0           tf.__operators__.add_12[0][0]    
2024-05-26 00:24:05.896257:__________________________________________________________________________________________________
2024-05-26 00:24:05.896389:fc4_0 (Dense)                   (None, 64)           8256        dropout_3[0][0]                  
2024-05-26 00:24:05.896446:__________________________________________________________________________________________________
2024-05-26 00:24:05.896577:fc4_dim_0 (Dense)               (None, 64)           8256        dropout_3[0][0]                  
2024-05-26 00:24:05.896638:__________________________________________________________________________________________________
2024-05-26 00:24:05.896737:tf.__operators__.add_13 (TFOpLa (None, 64)           0           fc4_0[0][0]                      
2024-05-26 00:24:05.896794:                                                                 fc4_dim_0[0][0]                  
2024-05-26 00:24:05.896841:__________________________________________________________________________________________________
2024-05-26 00:24:05.896983:fc4_1 (Dense)                   (None, 64)           4160        tf.__operators__.add_13[0][0]    
2024-05-26 00:24:05.897039:__________________________________________________________________________________________________
2024-05-26 00:24:05.897141:tf.__operators__.add_14 (TFOpLa (None, 64)           0           fc4_1[0][0]                      
2024-05-26 00:24:05.897197:                                                                 tf.__operators__.add_13[0][0]    
2024-05-26 00:24:05.897245:__________________________________________________________________________________________________
2024-05-26 00:24:05.897375:fc5_0 (Dense)                   (None, 32)           2080        tf.__operators__.add_14[0][0]    
2024-05-26 00:24:05.897429:__________________________________________________________________________________________________
2024-05-26 00:24:05.897559:fc5_dim_0 (Dense)               (None, 32)           2080        tf.__operators__.add_14[0][0]    
2024-05-26 00:24:05.897613:__________________________________________________________________________________________________
2024-05-26 00:24:05.897711:tf.__operators__.add_15 (TFOpLa (None, 32)           0           fc5_0[0][0]                      
2024-05-26 00:24:05.897768:                                                                 fc5_dim_0[0][0]                  
2024-05-26 00:24:05.897815:__________________________________________________________________________________________________
2024-05-26 00:24:05.897956:fc6 (Dense)                     (None, 1)            33          tf.__operators__.add_15[0][0]    
2024-05-26 00:24:05.898012:==================================================================================================
2024-05-26 00:24:05.898813:Total params: 8,389,409
2024-05-26 00:24:05.898877:Trainable params: 8,389,409
2024-05-26 00:24:05.898940:Non-trainable params: 0
2024-05-26 00:24:05.898989:__________________________________________________________________________________________________
2024-05-26 00:24:05.911090:start training
2024-05-26 00:24:07.543985:2024-05-26 00:24:07.543905: Current epoch: 0, loss: 23.890562057495117, validation loss: 13.41645336151123
2024-05-26 00:24:07.823614:2024-05-26 00:24:07.823562: Current epoch: 1, loss: 7.871215343475342, validation loss: 7.774635314941406
2024-05-26 00:24:08.129832:2024-05-26 00:24:08.129783: Current epoch: 2, loss: 5.696277618408203, validation loss: 4.372405529022217
2024-05-26 00:24:08.416545:2024-05-26 00:24:08.416489: Current epoch: 3, loss: 4.754571914672852, validation loss: 3.822242021560669
2024-05-26 00:24:08.675060:2024-05-26 00:24:08.674991: Current epoch: 4, loss: 4.26469087600708, validation loss: 5.341352939605713
2024-05-26 00:24:08.937170:2024-05-26 00:24:08.937135: Current epoch: 5, loss: 4.343037128448486, validation loss: 4.28438663482666
2024-05-26 00:24:09.209044:2024-05-26 00:24:09.209009: Current epoch: 6, loss: 3.7472496032714844, validation loss: 5.084275245666504
2024-05-26 00:24:09.476286:2024-05-26 00:24:09.476247: Current epoch: 7, loss: 3.616196632385254, validation loss: 4.5726189613342285
2024-05-26 00:24:09.754419:2024-05-26 00:24:09.754347: Current epoch: 8, loss: 3.859565496444702, validation loss: 4.465811252593994
2024-05-26 00:24:10.026460:2024-05-26 00:24:10.026428: Current epoch: 9, loss: 4.238837718963623, validation loss: 5.173153400421143
2024-05-26 00:24:12.748127:2024-05-26 00:24:12.748068: Current epoch: 10, loss: 3.6875228881835938, validation loss: 2.5247464179992676
2024-05-26 00:24:13.018298:2024-05-26 00:24:13.018258: Current epoch: 11, loss: 3.2417867183685303, validation loss: 2.56547212600708
2024-05-26 00:24:13.316776:2024-05-26 00:24:13.316722: Current epoch: 12, loss: 2.757599115371704, validation loss: 2.2695677280426025
2024-05-26 00:24:13.587524:2024-05-26 00:24:13.587483: Current epoch: 13, loss: 2.6691946983337402, validation loss: 2.47257661819458
2024-05-26 00:24:13.862219:2024-05-26 00:24:13.862150: Current epoch: 14, loss: 2.2707111835479736, validation loss: 3.206916093826294
2024-05-26 00:24:14.178856:2024-05-26 00:24:14.178799: Current epoch: 15, loss: 2.21779465675354, validation loss: 2.2495992183685303
2024-05-26 00:24:14.455855:2024-05-26 00:24:14.455785: Current epoch: 16, loss: 2.383164882659912, validation loss: 2.3406214714050293
2024-05-26 00:24:14.745828:2024-05-26 00:24:14.745741: Current epoch: 17, loss: 2.2725534439086914, validation loss: 2.394444227218628
2024-05-26 00:24:15.017694:2024-05-26 00:24:15.017661: Current epoch: 18, loss: 2.320648193359375, validation loss: 2.4753615856170654
2024-05-26 00:24:15.298764:2024-05-26 00:24:15.298712: Current epoch: 19, loss: 2.096454620361328, validation loss: 2.0883567333221436
2024-05-26 00:24:17.898724:2024-05-26 00:24:17.898671: Current epoch: 20, loss: 2.030364990234375, validation loss: 2.4514853954315186
2024-05-26 00:24:18.183579:2024-05-26 00:24:18.183509: Current epoch: 21, loss: 2.162083387374878, validation loss: 2.299445867538452
2024-05-26 00:24:18.478454:2024-05-26 00:24:18.478382: Current epoch: 22, loss: 1.9306713342666626, validation loss: 2.133930206298828
2024-05-26 00:24:18.753711:2024-05-26 00:24:18.753672: Current epoch: 23, loss: 2.794623851776123, validation loss: 3.0135180950164795
2024-05-26 00:24:19.030409:2024-05-26 00:24:19.030337: Current epoch: 24, loss: 2.1509885787963867, validation loss: 2.146451711654663
2024-05-26 00:24:19.301062:2024-05-26 00:24:19.300990: Current epoch: 25, loss: 2.1738035678863525, validation loss: 2.7243587970733643
2024-05-26 00:24:19.579510:2024-05-26 00:24:19.579472: Current epoch: 26, loss: 1.9525824785232544, validation loss: 2.264240264892578
2024-05-26 00:24:19.876867:2024-05-26 00:24:19.876810: Current epoch: 27, loss: 1.7047879695892334, validation loss: 2.0883285999298096
2024-05-26 00:24:20.149599:2024-05-26 00:24:20.149560: Current epoch: 28, loss: 1.7408422231674194, validation loss: 2.305114269256592
2024-05-26 00:24:20.430703:2024-05-26 00:24:20.430634: Current epoch: 29, loss: 1.6176668405532837, validation loss: 2.1969850063323975
2024-05-26 00:24:20.739503:2024-05-26 00:24:20.739463: Current epoch: 30, loss: 1.706191062927246, validation loss: 2.833470106124878
2024-05-26 00:24:21.010823:2024-05-26 00:24:21.010784: Current epoch: 31, loss: 1.6434377431869507, validation loss: 2.119419813156128
2024-05-26 00:24:21.358394:2024-05-26 00:24:21.358341: Current epoch: 32, loss: 1.4217716455459595, validation loss: 1.9748281240463257
2024-05-26 00:24:21.658402:2024-05-26 00:24:21.658364: Current epoch: 33, loss: 1.6109431982040405, validation loss: 2.0838239192962646
2024-05-26 00:24:21.931976:2024-05-26 00:24:21.931938: Current epoch: 34, loss: 1.7033512592315674, validation loss: 1.9768128395080566
2024-05-26 00:24:22.234154:2024-05-26 00:24:22.234117: Current epoch: 35, loss: 1.47548246383667, validation loss: 2.0807323455810547
2024-05-26 00:24:22.519585:2024-05-26 00:24:22.519515: Current epoch: 36, loss: 1.3934755325317383, validation loss: 2.162930727005005
2024-05-26 00:24:22.816962:2024-05-26 00:24:22.816914: Current epoch: 37, loss: 1.4877749681472778, validation loss: 2.9354827404022217
2024-05-26 00:24:23.090601:2024-05-26 00:24:23.090564: Current epoch: 38, loss: 1.5513123273849487, validation loss: 2.2204816341400146
2024-05-26 00:24:23.374317:2024-05-26 00:24:23.374203: Current epoch: 39, loss: 1.4418858289718628, validation loss: 2.1152913570404053
2024-05-26 00:24:23.713254:2024-05-26 00:24:23.713193: Current epoch: 40, loss: 1.512292742729187, validation loss: 1.898711919784546
2024-05-26 00:24:23.986836:2024-05-26 00:24:23.986797: Current epoch: 41, loss: 1.515129804611206, validation loss: 2.0753724575042725
2024-05-26 00:24:24.263735:2024-05-26 00:24:24.263664: Current epoch: 42, loss: 1.243410348892212, validation loss: 2.2598352432250977
2024-05-26 00:24:24.567304:2024-05-26 00:24:24.567257: Current epoch: 43, loss: 1.3631086349487305, validation loss: 2.162609815597534
2024-05-26 00:24:24.893361:2024-05-26 00:24:24.893310: Current epoch: 44, loss: 1.316640853881836, validation loss: 1.8645341396331787
2024-05-26 00:24:25.175167:2024-05-26 00:24:25.175108: Current epoch: 45, loss: 1.3129451274871826, validation loss: 2.230905532836914
2024-05-26 00:24:25.448275:2024-05-26 00:24:25.448239: Current epoch: 46, loss: 1.4412786960601807, validation loss: 1.94710373878479
2024-05-26 00:25:04.615362:2024-05-26 00:25:04.615248: Current epoch: 47, loss: 1.2937499284744263, validation loss: 2.6636500358581543
2024-05-26 00:25:04.934279:2024-05-26 00:25:04.934226: Current epoch: 48, loss: 1.6030257940292358, validation loss: 2.152334451675415
2024-05-26 00:25:05.225300:2024-05-26 00:25:05.225259: Current epoch: 49, loss: 1.4222919940948486, validation loss: 2.008795976638794
2024-05-26 00:25:07.886418:2024-05-26 00:25:07.886343: Current epoch: 50, loss: 1.444157361984253, validation loss: 1.941260576248169
2024-05-26 00:25:08.167007:2024-05-26 00:25:08.166964: Current epoch: 51, loss: 1.1576093435287476, validation loss: 2.070101499557495
2024-05-26 00:25:08.455227:2024-05-26 00:25:08.455111: Current epoch: 52, loss: 1.2457033395767212, validation loss: 2.0170559883117676
2024-05-26 00:25:08.742191:2024-05-26 00:25:08.742152: Current epoch: 53, loss: 1.2691444158554077, validation loss: 1.9825379848480225
2024-05-26 00:25:09.035079:2024-05-26 00:25:09.035032: Current epoch: 54, loss: 1.3296546936035156, validation loss: 2.0016911029815674
2024-05-26 00:25:09.295115:2024-05-26 00:25:09.295045: Current epoch: 55, loss: 1.3324013948440552, validation loss: 2.0668232440948486
2024-05-26 00:25:09.596523:2024-05-26 00:25:09.596450: Current epoch: 56, loss: 1.3186968564987183, validation loss: 1.961700439453125
2024-05-26 00:25:09.931312:2024-05-26 00:25:09.931258: Current epoch: 57, loss: 1.2118452787399292, validation loss: 1.8513801097869873
2024-05-26 00:25:10.257867:2024-05-26 00:25:10.257802: Current epoch: 58, loss: 1.0680145025253296, validation loss: 1.7639966011047363
2024-05-26 00:25:10.527305:2024-05-26 00:25:10.527265: Current epoch: 59, loss: 1.018706202507019, validation loss: 1.9841554164886475
2024-05-26 00:25:13.133327:2024-05-26 00:25:13.133284: Current epoch: 60, loss: 1.0516108274459839, validation loss: 1.9334694147109985
2024-05-26 00:25:13.409907:2024-05-26 00:25:13.409867: Current epoch: 61, loss: 0.9917881488800049, validation loss: 2.009866237640381
2024-05-26 00:25:13.696090:2024-05-26 00:25:13.696019: Current epoch: 62, loss: 0.989678680896759, validation loss: 1.792513132095337
2024-05-26 00:25:13.984763:2024-05-26 00:25:13.984724: Current epoch: 63, loss: 1.1067432165145874, validation loss: 1.9400112628936768
2024-05-26 00:25:14.265301:2024-05-26 00:25:14.265227: Current epoch: 64, loss: 1.049619436264038, validation loss: 2.024097204208374
2024-05-26 00:25:14.551845:2024-05-26 00:25:14.551772: Current epoch: 65, loss: 1.2401149272918701, validation loss: 1.9464399814605713
2024-05-26 00:25:14.829952:2024-05-26 00:25:14.829902: Current epoch: 66, loss: 1.2090058326721191, validation loss: 1.776580572128296
2024-05-26 00:25:15.109252:2024-05-26 00:25:15.109212: Current epoch: 67, loss: 0.9566932320594788, validation loss: 1.97458016872406
2024-05-26 00:25:15.387327:2024-05-26 00:25:15.387286: Current epoch: 68, loss: 1.0244419574737549, validation loss: 1.9681707620620728
2024-05-26 00:25:15.650681:2024-05-26 00:25:15.650640: Current epoch: 69, loss: 1.0474812984466553, validation loss: 2.0242531299591064
2024-05-26 00:25:15.931382:2024-05-26 00:25:15.931344: Current epoch: 70, loss: 1.011171579360962, validation loss: 1.863281011581421
2024-05-26 00:25:16.209127:2024-05-26 00:25:16.209053: Current epoch: 71, loss: 1.0516523122787476, validation loss: 2.00539231300354
2024-05-26 00:25:16.486495:2024-05-26 00:25:16.486455: Current epoch: 72, loss: 0.9183878898620605, validation loss: 1.923523187637329
2024-05-26 00:25:16.783614:2024-05-26 00:25:16.783561: Current epoch: 73, loss: 1.0487548112869263, validation loss: 2.120312452316284
2024-05-26 00:25:17.063463:2024-05-26 00:25:17.063390: Current epoch: 74, loss: 1.0352007150650024, validation loss: 1.943680763244629
2024-05-26 00:25:17.344380:2024-05-26 00:25:17.344309: Current epoch: 75, loss: 0.9882142543792725, validation loss: 1.9421656131744385
2024-05-26 00:25:17.636375:2024-05-26 00:25:17.636333: Current epoch: 76, loss: 1.041264295578003, validation loss: 2.305903196334839
2024-05-26 00:25:17.920750:2024-05-26 00:25:17.920710: Current epoch: 77, loss: 1.2479071617126465, validation loss: 2.116612672805786
2024-05-26 00:25:18.212802:2024-05-26 00:25:18.212763: Current epoch: 78, loss: 1.1233304738998413, validation loss: 1.8835214376449585
2024-05-26 00:25:18.501667:2024-05-26 00:25:18.501594: Current epoch: 79, loss: 1.1569472551345825, validation loss: 1.864456295967102
2024-05-26 00:25:21.117809:2024-05-26 00:25:21.117765: Current epoch: 80, loss: 1.3255680799484253, validation loss: 2.1461141109466553
2024-05-26 00:25:21.391715:2024-05-26 00:25:21.391675: Current epoch: 81, loss: 1.0198183059692383, validation loss: 1.8781489133834839
2024-05-26 00:25:21.664892:2024-05-26 00:25:21.664855: Current epoch: 82, loss: 1.0068588256835938, validation loss: 1.7839596271514893
2024-05-26 00:25:21.945413:2024-05-26 00:25:21.945354: Current epoch: 83, loss: 0.867808997631073, validation loss: 1.8354142904281616
2024-05-26 00:25:22.248375:2024-05-26 00:25:22.248327: Current epoch: 84, loss: 0.8766480088233948, validation loss: 1.8426194190979004
2024-05-26 00:25:22.546638:2024-05-26 00:25:22.546587: Current epoch: 85, loss: 0.9588593244552612, validation loss: 1.7484478950500488
2024-05-26 00:25:22.824888:2024-05-26 00:25:22.824815: Current epoch: 86, loss: 0.7839864492416382, validation loss: 1.8832371234893799
2024-05-26 00:25:23.111698:2024-05-26 00:25:23.111632: Current epoch: 87, loss: 0.8135600686073303, validation loss: 1.8818308115005493
2024-05-26 00:25:23.398904:2024-05-26 00:25:23.398830: Current epoch: 88, loss: 0.7952293753623962, validation loss: 1.7720720767974854
2024-05-26 00:25:23.688712:2024-05-26 00:25:23.688653: Current epoch: 89, loss: 0.767160952091217, validation loss: 1.840216875076294
2024-05-26 00:25:26.369024:2024-05-26 00:25:26.368923: Current epoch: 90, loss: 0.9009106755256653, validation loss: 1.8734660148620605
2024-05-26 00:25:26.656301:2024-05-26 00:25:26.656262: Current epoch: 91, loss: 0.9126434922218323, validation loss: 1.7752796411514282
2024-05-26 00:25:26.916650:2024-05-26 00:25:26.916617: Current epoch: 92, loss: 0.8549059629440308, validation loss: 1.8548872470855713
2024-05-26 00:25:27.185284:2024-05-26 00:25:27.185244: Current epoch: 93, loss: 0.8874626755714417, validation loss: 1.8267184495925903
2024-05-26 00:25:27.461536:2024-05-26 00:25:27.461497: Current epoch: 94, loss: 0.7494394183158875, validation loss: 1.7942447662353516
2024-05-26 00:25:27.740170:2024-05-26 00:25:27.740101: Current epoch: 95, loss: 0.7346446514129639, validation loss: 1.940548062324524
2024-05-26 00:25:28.029587:2024-05-26 00:25:28.029547: Current epoch: 96, loss: 0.8608055710792542, validation loss: 1.8625646829605103
2024-05-26 00:25:28.303986:2024-05-26 00:25:28.303948: Current epoch: 97, loss: 0.8125731945037842, validation loss: 1.852149248123169
2024-05-26 00:25:28.584951:2024-05-26 00:25:28.584900: Current epoch: 98, loss: 0.8179994821548462, validation loss: 1.905985951423645
2024-05-26 00:25:28.881211:2024-05-26 00:25:28.881173: Current epoch: 99, loss: 0.7703324556350708, validation loss: 1.8590564727783203
2024-05-26 00:25:29.170578:2024-05-26 00:25:29.170539: Current epoch: 100, loss: 0.8849550485610962, validation loss: 1.9659416675567627
2024-05-26 00:25:29.444441:2024-05-26 00:25:29.444370: Current epoch: 101, loss: 0.9686234593391418, validation loss: 1.762660026550293
2024-05-26 00:25:29.745499:2024-05-26 00:25:29.745426: Current epoch: 102, loss: 0.9267417192459106, validation loss: 2.0362536907196045
2024-05-26 00:25:30.056194:2024-05-26 00:25:30.056122: Current epoch: 103, loss: 0.8964579701423645, validation loss: 1.9833568334579468
2024-05-26 00:25:30.388117:2024-05-26 00:25:30.388056: Current epoch: 104, loss: 0.8067625761032104, validation loss: 1.725819706916809
2024-05-26 00:25:30.690566:2024-05-26 00:25:30.690518: Current epoch: 105, loss: 0.724360466003418, validation loss: 2.0041778087615967
2024-05-26 00:25:30.994152:2024-05-26 00:25:30.994113: Current epoch: 106, loss: 0.870419442653656, validation loss: 1.8579599857330322
2024-05-26 00:25:31.297556:2024-05-26 00:25:31.297518: Current epoch: 107, loss: 0.7892956137657166, validation loss: 2.1556389331817627
2024-05-26 00:25:31.596226:2024-05-26 00:25:31.596187: Current epoch: 108, loss: 0.8759042620658875, validation loss: 1.80851411819458
2024-05-26 00:25:31.881095:2024-05-26 00:25:31.881024: Current epoch: 109, loss: 0.9045805931091309, validation loss: 1.9741843938827515
2024-05-26 00:25:32.186678:2024-05-26 00:25:32.186640: Current epoch: 110, loss: 0.7927682399749756, validation loss: 1.8267862796783447
2024-05-26 00:25:32.468328:2024-05-26 00:25:32.468288: Current epoch: 111, loss: 0.8062870502471924, validation loss: 1.860429048538208
2024-05-26 00:25:32.753195:2024-05-26 00:25:32.753134: Current epoch: 112, loss: 0.7432112693786621, validation loss: 2.0026209354400635
2024-05-26 00:25:33.056855:2024-05-26 00:25:33.056783: Current epoch: 113, loss: 0.8901535868644714, validation loss: 1.7739527225494385
2024-05-26 00:25:33.340188:2024-05-26 00:25:33.340146: Current epoch: 114, loss: 0.7907466888427734, validation loss: 1.7950422763824463
2024-05-26 00:25:33.622885:2024-05-26 00:25:33.622830: Current epoch: 115, loss: 0.7988975048065186, validation loss: 1.8630149364471436
2024-05-26 00:25:33.894727:2024-05-26 00:25:33.894688: Current epoch: 116, loss: 0.7338420748710632, validation loss: 1.8867425918579102
2024-05-26 00:25:34.195182:2024-05-26 00:25:34.195130: Current epoch: 117, loss: 1.0331509113311768, validation loss: 1.8309388160705566
2024-05-26 00:25:34.476540:2024-05-26 00:25:34.476500: Current epoch: 118, loss: 0.8518943786621094, validation loss: 1.9226830005645752
2024-05-26 00:25:34.757031:2024-05-26 00:25:34.756989: Current epoch: 119, loss: 0.803825318813324, validation loss: 1.826667070388794
2024-05-26 00:25:37.408853:2024-05-26 00:25:37.408810: Current epoch: 120, loss: 0.7820807695388794, validation loss: 1.9513970613479614
2024-05-26 00:25:37.693977:2024-05-26 00:25:37.693921: Current epoch: 121, loss: 0.8557173013687134, validation loss: 1.7277843952178955
2024-05-26 00:25:37.974199:2024-05-26 00:25:37.974160: Current epoch: 122, loss: 0.7663907408714294, validation loss: 1.9286167621612549
2024-05-26 00:25:38.257367:2024-05-26 00:25:38.257303: Current epoch: 123, loss: 0.8635417222976685, validation loss: 1.7935535907745361
2024-05-26 00:25:38.563593:2024-05-26 00:25:38.563535: Current epoch: 124, loss: 0.7335346937179565, validation loss: 1.6911871433258057
2024-05-26 00:25:38.854599:2024-05-26 00:25:38.854497: Current epoch: 125, loss: 0.6414077877998352, validation loss: 1.8307411670684814
2024-05-26 00:25:39.142681:2024-05-26 00:25:39.142608: Current epoch: 126, loss: 0.8430179953575134, validation loss: 1.8423302173614502
2024-05-26 00:25:39.463962:2024-05-26 00:25:39.463876: Current epoch: 127, loss: 0.7359874844551086, validation loss: 1.6834534406661987
2024-05-26 00:25:39.739566:2024-05-26 00:25:39.739527: Current epoch: 128, loss: 0.6769210696220398, validation loss: 2.0770516395568848
2024-05-26 00:25:40.032287:2024-05-26 00:25:40.032246: Current epoch: 129, loss: 0.9428629279136658, validation loss: 1.7222590446472168
2024-05-26 00:25:42.767562:2024-05-26 00:25:42.767521: Current epoch: 130, loss: 0.8490535616874695, validation loss: 1.8183854818344116
2024-05-26 00:25:43.040471:2024-05-26 00:25:43.040430: Current epoch: 131, loss: 0.7119690179824829, validation loss: 1.9262073040008545
2024-05-26 00:25:43.319197:2024-05-26 00:25:43.319155: Current epoch: 132, loss: 0.6984903216362, validation loss: 1.8003443479537964
2024-05-26 00:25:43.591368:2024-05-26 00:25:43.591328: Current epoch: 133, loss: 0.716594934463501, validation loss: 1.7301206588745117
2024-05-26 00:25:43.858380:2024-05-26 00:25:43.858338: Current epoch: 134, loss: 0.7133687734603882, validation loss: 1.8464001417160034
2024-05-26 00:25:44.138701:2024-05-26 00:25:44.138660: Current epoch: 135, loss: 0.7183486223220825, validation loss: 1.7936556339263916
2024-05-26 00:25:44.414353:2024-05-26 00:25:44.414302: Current epoch: 136, loss: 0.7508180141448975, validation loss: 2.0382659435272217
2024-05-26 00:25:44.692684:2024-05-26 00:25:44.692614: Current epoch: 137, loss: 0.7763419151306152, validation loss: 1.7113736867904663
2024-05-26 00:25:44.966486:2024-05-26 00:25:44.966446: Current epoch: 138, loss: 0.704318642616272, validation loss: 1.8119561672210693
2024-05-26 00:25:45.246527:2024-05-26 00:25:45.246487: Current epoch: 139, loss: 0.8223971128463745, validation loss: 1.8339351415634155
2024-05-26 00:25:45.521952:2024-05-26 00:25:45.521902: Current epoch: 140, loss: 0.8784664869308472, validation loss: 1.9266211986541748
2024-05-26 00:25:45.833197:2024-05-26 00:25:45.833138: Current epoch: 141, loss: 0.8053710460662842, validation loss: 1.6629979610443115
2024-05-26 00:25:46.112504:2024-05-26 00:25:46.112464: Current epoch: 142, loss: 0.751760721206665, validation loss: 1.694068431854248
2024-05-26 00:25:46.388841:2024-05-26 00:25:46.388804: Current epoch: 143, loss: 0.7454975247383118, validation loss: 1.8977936506271362
2024-05-26 00:25:46.662783:2024-05-26 00:25:46.662747: Current epoch: 144, loss: 0.9470127820968628, validation loss: 1.7226576805114746
2024-05-26 00:25:46.940237:2024-05-26 00:25:46.940197: Current epoch: 145, loss: 0.7322176694869995, validation loss: 1.8890200853347778
2024-05-26 00:25:47.219982:2024-05-26 00:25:47.219887: Current epoch: 146, loss: 0.8830351233482361, validation loss: 2.0502922534942627
2024-05-26 00:25:47.523983:2024-05-26 00:25:47.523884: Current epoch: 147, loss: 0.8610503673553467, validation loss: 1.7351253032684326
2024-05-26 00:25:47.822690:2024-05-26 00:25:47.822619: Current epoch: 148, loss: 0.8016360402107239, validation loss: 1.774059534072876
2024-05-26 00:25:48.114112:2024-05-26 00:25:48.114041: Current epoch: 149, loss: 0.7350832223892212, validation loss: 1.7739120721817017
2024-05-26 00:25:48.401656:2024-05-26 00:25:48.401582: Current epoch: 150, loss: 0.6279175877571106, validation loss: 1.7714204788208008
2024-05-26 00:25:48.689876:2024-05-26 00:25:48.689837: Current epoch: 151, loss: 0.6682811975479126, validation loss: 1.8361884355545044
2024-05-26 00:25:48.969300:2024-05-26 00:25:48.969244: Current epoch: 152, loss: 0.6875696778297424, validation loss: 1.7598870992660522
2024-05-26 00:25:49.260239:2024-05-26 00:25:49.260192: Current epoch: 153, loss: 0.669667661190033, validation loss: 1.7615972757339478
2024-05-26 00:25:49.551477:2024-05-26 00:25:49.551431: Current epoch: 154, loss: 0.6713162660598755, validation loss: 1.771446704864502
2024-05-26 00:25:49.857542:2024-05-26 00:25:49.857504: Current epoch: 155, loss: 0.6599897146224976, validation loss: 1.8978097438812256
2024-05-26 00:25:50.162254:2024-05-26 00:25:50.162217: Current epoch: 156, loss: 0.6397246718406677, validation loss: 1.7015990018844604
2024-05-26 00:25:50.447753:2024-05-26 00:25:50.447707: Current epoch: 157, loss: 0.6275209188461304, validation loss: 1.8168156147003174
2024-05-26 00:25:50.751481:2024-05-26 00:25:50.751364: Current epoch: 158, loss: 0.6178581118583679, validation loss: 1.7897554636001587
2024-05-26 00:25:51.071975:2024-05-26 00:25:51.071913: Current epoch: 159, loss: 0.6605755686759949, validation loss: 1.7434649467468262
2024-05-26 00:25:51.350491:2024-05-26 00:25:51.350452: Current epoch: 160, loss: 0.6062048077583313, validation loss: 1.8756070137023926
2024-05-26 00:25:51.631503:2024-05-26 00:25:51.631462: Current epoch: 161, loss: 0.6227991580963135, validation loss: 1.7104741334915161
2024-05-26 00:25:51.911185:2024-05-26 00:25:51.911114: Current epoch: 162, loss: 0.7249823808670044, validation loss: 1.7546298503875732
2024-05-26 00:25:52.188160:2024-05-26 00:25:52.188087: Current epoch: 163, loss: 0.6840407848358154, validation loss: 1.7371395826339722
2024-05-26 00:25:52.467902:2024-05-26 00:25:52.467862: Current epoch: 164, loss: 0.6855995655059814, validation loss: 1.8549262285232544
2024-05-26 00:25:52.741797:2024-05-26 00:25:52.741757: Current epoch: 165, loss: 0.6424258351325989, validation loss: 1.8406846523284912
2024-05-26 00:25:53.023511:2024-05-26 00:25:53.023472: Current epoch: 166, loss: 0.6773279309272766, validation loss: 1.7413254976272583
2024-05-26 00:25:53.295533:2024-05-26 00:25:53.295492: Current epoch: 167, loss: 0.5934380292892456, validation loss: 1.7136236429214478
2024-05-26 00:25:53.574604:2024-05-26 00:25:53.574528: Current epoch: 168, loss: 0.6119171380996704, validation loss: 1.8640950918197632
2024-05-26 00:25:53.851150:2024-05-26 00:25:53.851110: Current epoch: 169, loss: 0.6358142495155334, validation loss: 1.8585814237594604
2024-05-26 00:25:54.117279:2024-05-26 00:25:54.117207: Current epoch: 170, loss: 0.731469452381134, validation loss: 1.731581449508667
2024-05-26 00:25:54.393251:2024-05-26 00:25:54.393211: Current epoch: 171, loss: 0.607599675655365, validation loss: 1.6832020282745361
2024-05-26 00:25:54.670768:2024-05-26 00:25:54.670697: Current epoch: 172, loss: 0.5833869576454163, validation loss: 1.8216606378555298
2024-05-26 00:25:54.957257:2024-05-26 00:25:54.957185: Current epoch: 173, loss: 0.7258086204528809, validation loss: 1.7813565731048584
2024-05-26 00:25:55.280594:2024-05-26 00:25:55.280533: Current epoch: 174, loss: 0.660708487033844, validation loss: 1.6593421697616577
2024-05-26 00:25:55.553324:2024-05-26 00:25:55.553282: Current epoch: 175, loss: 0.6073203682899475, validation loss: 1.6926870346069336
2024-05-26 00:25:55.825955:2024-05-26 00:25:55.825898: Current epoch: 176, loss: 0.7315346002578735, validation loss: 1.7661489248275757
2024-05-26 00:25:56.123543:2024-05-26 00:25:56.123489: Current epoch: 177, loss: 0.6370846629142761, validation loss: 1.614431619644165
2024-05-26 00:25:56.395032:2024-05-26 00:25:56.394992: Current epoch: 178, loss: 0.6832045316696167, validation loss: 1.9140965938568115
2024-05-26 00:25:56.674086:2024-05-26 00:25:56.674046: Current epoch: 179, loss: 0.7248772382736206, validation loss: 1.7789050340652466
2024-05-26 00:25:56.953107:2024-05-26 00:25:56.953058: Current epoch: 180, loss: 0.6549607515335083, validation loss: 1.7974332571029663
2024-05-26 00:25:57.240586:2024-05-26 00:25:57.240521: Current epoch: 181, loss: 0.6794577240943909, validation loss: 1.810526967048645
2024-05-26 00:25:57.522340:2024-05-26 00:25:57.522297: Current epoch: 182, loss: 0.5721316933631897, validation loss: 1.7418636083602905
2024-05-26 00:25:57.804782:2024-05-26 00:25:57.804710: Current epoch: 183, loss: 0.5999702215194702, validation loss: 1.6646569967269897
2024-05-26 00:25:58.090013:2024-05-26 00:25:58.089922: Current epoch: 184, loss: 0.6250677108764648, validation loss: 1.7511223554611206
2024-05-26 00:25:58.369845:2024-05-26 00:25:58.369802: Current epoch: 185, loss: 0.6683321595191956, validation loss: 1.8293473720550537
2024-05-26 00:25:58.641005:2024-05-26 00:25:58.640963: Current epoch: 186, loss: 0.5887423753738403, validation loss: 1.7384474277496338
2024-05-26 00:25:58.916140:2024-05-26 00:25:58.916066: Current epoch: 187, loss: 0.5843231081962585, validation loss: 1.7560780048370361
2024-05-26 00:25:59.195451:2024-05-26 00:25:59.195410: Current epoch: 188, loss: 0.5806817412376404, validation loss: 1.6851518154144287
2024-05-26 00:25:59.458566:2024-05-26 00:25:59.458494: Current epoch: 189, loss: 0.5882241725921631, validation loss: 1.7118815183639526
2024-05-26 00:26:02.154564:2024-05-26 00:26:02.154499: Current epoch: 190, loss: 0.5561361908912659, validation loss: 1.7214581966400146
2024-05-26 00:26:02.437133:2024-05-26 00:26:02.437092: Current epoch: 191, loss: 0.5440341830253601, validation loss: 1.7105566263198853
2024-05-26 00:26:02.740543:2024-05-26 00:26:02.740489: Current epoch: 192, loss: 0.6278641819953918, validation loss: 1.729134440422058
2024-05-26 00:26:03.022898:2024-05-26 00:26:03.022827: Current epoch: 193, loss: 0.5943434834480286, validation loss: 1.7827361822128296
2024-05-26 00:26:03.321532:2024-05-26 00:26:03.321493: Current epoch: 194, loss: 0.64223313331604, validation loss: 1.7269514799118042
2024-05-26 00:26:03.603010:2024-05-26 00:26:03.602860: Current epoch: 195, loss: 0.6209519505500793, validation loss: 1.742488980293274
2024-05-26 00:26:03.877889:2024-05-26 00:26:03.877817: Current epoch: 196, loss: 0.6570048332214355, validation loss: 1.7541782855987549
2024-05-26 00:26:04.160617:2024-05-26 00:26:04.160554: Current epoch: 197, loss: 0.6338797211647034, validation loss: 1.8157355785369873
2024-05-26 00:26:04.462921:2024-05-26 00:26:04.462850: Current epoch: 198, loss: 0.6317368745803833, validation loss: 1.7688201665878296
2024-05-26 00:26:04.767434:2024-05-26 00:26:04.767393: Current epoch: 199, loss: 0.7335412502288818, validation loss: 1.81084144115448
2024-05-26 00:26:05.059855:2024-05-26 00:26:05.059783: Current epoch: 200, loss: 0.6918757557868958, validation loss: 1.7446982860565186
2024-05-26 00:26:05.340123:2024-05-26 00:26:05.340052: Current epoch: 201, loss: 0.586789071559906, validation loss: 1.6747472286224365
2024-05-26 00:26:05.625816:2024-05-26 00:26:05.625743: Current epoch: 202, loss: 0.6312845349311829, validation loss: 1.8233429193496704
2024-05-26 00:26:05.933404:2024-05-26 00:26:05.933354: Current epoch: 203, loss: 0.7046301960945129, validation loss: 1.730892300605774
2024-05-26 00:26:06.216115:2024-05-26 00:26:06.216074: Current epoch: 204, loss: 0.807528018951416, validation loss: 1.7212861776351929
2024-05-26 00:26:06.524243:2024-05-26 00:26:06.524170: Current epoch: 205, loss: 0.7132325768470764, validation loss: 1.7099429368972778
2024-05-26 00:26:06.805692:2024-05-26 00:26:06.805621: Current epoch: 206, loss: 0.613386869430542, validation loss: 1.760823369026184
2024-05-26 00:26:07.102664:2024-05-26 00:26:07.102623: Current epoch: 207, loss: 0.5627685785293579, validation loss: 1.767532229423523
2024-05-26 00:26:07.396850:2024-05-26 00:26:07.396730: Current epoch: 208, loss: 0.5766161680221558, validation loss: 1.7043566703796387
2024-05-26 00:26:07.679378:2024-05-26 00:26:07.679339: Current epoch: 209, loss: 0.5779314041137695, validation loss: 1.730319619178772
2024-05-26 00:26:08.000738:2024-05-26 00:26:08.000681: Current epoch: 210, loss: 0.6309564113616943, validation loss: 1.5900648832321167
2024-05-26 00:26:08.263488:2024-05-26 00:26:08.263449: Current epoch: 211, loss: 0.7026463150978088, validation loss: 1.7282251119613647
2024-05-26 00:26:08.570155:2024-05-26 00:26:08.570091: Current epoch: 212, loss: 0.6338043808937073, validation loss: 1.769514799118042
2024-05-26 00:26:08.845109:2024-05-26 00:26:08.845035: Current epoch: 213, loss: 0.6341742873191833, validation loss: 1.8136918544769287
2024-05-26 00:26:09.108531:2024-05-26 00:26:09.108495: Current epoch: 214, loss: 0.6984598636627197, validation loss: 1.7162960767745972
2024-05-26 00:26:09.372261:2024-05-26 00:26:09.372220: Current epoch: 215, loss: 0.607972264289856, validation loss: 1.778066635131836
2024-05-26 00:26:09.658905:2024-05-26 00:26:09.658865: Current epoch: 216, loss: 0.6281936764717102, validation loss: 1.7386976480484009
2024-05-26 00:26:09.947970:2024-05-26 00:26:09.947892: Current epoch: 217, loss: 0.7622247934341431, validation loss: 1.7454277276992798
2024-05-26 00:26:10.223356:2024-05-26 00:26:10.223316: Current epoch: 218, loss: 0.5727661848068237, validation loss: 1.7940189838409424
2024-05-26 00:26:10.502177:2024-05-26 00:26:10.502136: Current epoch: 219, loss: 0.7227425575256348, validation loss: 1.7379209995269775
2024-05-26 00:26:10.775351:2024-05-26 00:26:10.775279: Current epoch: 220, loss: 0.736498236656189, validation loss: 1.7954931259155273
2024-05-26 00:26:11.055776:2024-05-26 00:26:11.055738: Current epoch: 221, loss: 0.666314423084259, validation loss: 1.804804801940918
2024-05-26 00:26:11.332300:2024-05-26 00:26:11.332228: Current epoch: 222, loss: 0.6587302684783936, validation loss: 1.8312761783599854
2024-05-26 00:26:11.615491:2024-05-26 00:26:11.615418: Current epoch: 223, loss: 0.5649324059486389, validation loss: 1.7826452255249023
2024-05-26 00:26:11.893299:2024-05-26 00:26:11.893259: Current epoch: 224, loss: 0.571373701095581, validation loss: 1.6567577123641968
2024-05-26 00:26:12.171903:2024-05-26 00:26:12.171784: Current epoch: 225, loss: 0.48770463466644287, validation loss: 1.735205888748169
2024-05-26 00:26:12.450634:2024-05-26 00:26:12.450595: Current epoch: 226, loss: 0.5450184345245361, validation loss: 1.6556437015533447
2024-05-26 00:26:12.713290:2024-05-26 00:26:12.713250: Current epoch: 227, loss: 0.5623875856399536, validation loss: 1.9398525953292847
2024-05-26 00:26:13.018071:2024-05-26 00:26:13.017972: Current epoch: 228, loss: 0.5720524191856384, validation loss: 1.642158031463623
2024-05-26 00:26:13.307438:2024-05-26 00:26:13.307397: Current epoch: 229, loss: 0.5981432199478149, validation loss: 1.6957452297210693
2024-05-26 00:26:15.987149:2024-05-26 00:26:15.987106: Current epoch: 230, loss: 0.5190303921699524, validation loss: 1.693471908569336
2024-05-26 00:26:16.278270:2024-05-26 00:26:16.278231: Current epoch: 231, loss: 0.5979632139205933, validation loss: 1.7022984027862549
2024-05-26 00:26:16.574716:2024-05-26 00:26:16.574676: Current epoch: 232, loss: 0.5012878179550171, validation loss: 1.7557752132415771
2024-05-26 00:26:16.851812:2024-05-26 00:26:16.851745: Current epoch: 233, loss: 0.5198954939842224, validation loss: 1.7275469303131104
2024-05-26 00:26:17.136500:2024-05-26 00:26:17.136460: Current epoch: 234, loss: 0.5453453660011292, validation loss: 1.735514760017395
2024-05-26 00:26:17.411910:2024-05-26 00:26:17.411870: Current epoch: 235, loss: 0.6810311675071716, validation loss: 1.7354482412338257
2024-05-26 00:26:17.688360:2024-05-26 00:26:17.688317: Current epoch: 236, loss: 0.6415624022483826, validation loss: 1.7626451253890991
2024-05-26 00:26:17.979681:2024-05-26 00:26:17.979566: Current epoch: 237, loss: 0.6279441118240356, validation loss: 1.762771487236023
2024-05-26 00:26:18.291259:2024-05-26 00:26:18.291204: Current epoch: 238, loss: 0.5325188040733337, validation loss: 1.7262033224105835
2024-05-26 00:26:18.578242:2024-05-26 00:26:18.578200: Current epoch: 239, loss: 0.5533887147903442, validation loss: 1.7931634187698364
2024-05-26 00:26:18.854078:2024-05-26 00:26:18.854040: Current epoch: 240, loss: 0.6115736365318298, validation loss: 1.8935567140579224
2024-05-26 00:26:19.134142:2024-05-26 00:26:19.134103: Current epoch: 241, loss: 0.5748241543769836, validation loss: 1.7631893157958984
2024-05-26 00:26:19.439066:2024-05-26 00:26:19.438994: Current epoch: 242, loss: 0.5222561955451965, validation loss: 1.693542242050171
2024-05-26 00:26:19.714210:2024-05-26 00:26:19.714139: Current epoch: 243, loss: 0.5411249399185181, validation loss: 1.7912112474441528
2024-05-26 00:26:19.998624:2024-05-26 00:26:19.998585: Current epoch: 244, loss: 0.5409857034683228, validation loss: 1.7545639276504517
2024-05-26 00:26:20.295837:2024-05-26 00:26:20.295766: Current epoch: 245, loss: 0.5159773230552673, validation loss: 1.7512634992599487
2024-05-26 00:26:20.583308:2024-05-26 00:26:20.583268: Current epoch: 246, loss: 0.5194306373596191, validation loss: 1.7727700471878052
2024-05-26 00:26:20.860410:2024-05-26 00:26:20.860314: Current epoch: 247, loss: 0.6374250054359436, validation loss: 1.7408504486083984
2024-05-26 00:26:21.168694:2024-05-26 00:26:21.168640: Current epoch: 248, loss: 0.5117281675338745, validation loss: 1.6805089712142944
2024-05-26 00:26:21.446393:2024-05-26 00:26:21.446352: Current epoch: 249, loss: 0.598996102809906, validation loss: 1.7330045700073242
2024-05-26 00:26:21.737846:2024-05-26 00:26:21.737774: Current epoch: 250, loss: 0.6160862445831299, validation loss: 1.7191822528839111
2024-05-26 00:26:22.036508:2024-05-26 00:26:22.036470: Current epoch: 251, loss: 0.5152868628501892, validation loss: 1.7485560178756714
2024-05-26 00:26:22.329793:2024-05-26 00:26:22.329753: Current epoch: 252, loss: 0.48602601885795593, validation loss: 1.7189526557922363
2024-05-26 00:26:22.634776:2024-05-26 00:26:22.634704: Current epoch: 253, loss: 0.524492084980011, validation loss: 1.6648887395858765
2024-05-26 00:26:22.914584:2024-05-26 00:26:22.914542: Current epoch: 254, loss: 0.5194653868675232, validation loss: 1.7555526494979858
2024-05-26 00:26:23.202206:2024-05-26 00:26:23.202164: Current epoch: 255, loss: 0.5203933715820312, validation loss: 1.6914379596710205
2024-05-26 00:26:23.479527:2024-05-26 00:26:23.479486: Current epoch: 256, loss: 0.4872741401195526, validation loss: 1.6662797927856445
2024-05-26 00:26:23.759485:2024-05-26 00:26:23.759411: Current epoch: 257, loss: 0.5872577428817749, validation loss: 1.6706757545471191
2024-05-26 00:26:24.060322:2024-05-26 00:26:24.060258: Current epoch: 258, loss: 0.5442137718200684, validation loss: 1.6953381299972534
2024-05-26 00:26:24.338626:2024-05-26 00:26:24.338588: Current epoch: 259, loss: 0.5578756928443909, validation loss: 1.857581615447998
2024-05-26 00:26:24.645205:2024-05-26 00:26:24.645155: Current epoch: 260, loss: 0.5292802453041077, validation loss: 1.6914697885513306
2024-05-26 00:26:24.944424:2024-05-26 00:26:24.944385: Current epoch: 261, loss: 0.5475273728370667, validation loss: 1.8994828462600708
2024-05-26 00:26:25.232754:2024-05-26 00:26:25.232679: Current epoch: 262, loss: 0.5227259993553162, validation loss: 1.6704106330871582
2024-05-26 00:26:25.521168:2024-05-26 00:26:25.521129: Current epoch: 263, loss: 0.5545307993888855, validation loss: 1.6258366107940674
2024-05-26 00:26:25.840526:2024-05-26 00:26:25.840453: Current epoch: 264, loss: 0.5498441457748413, validation loss: 1.6691458225250244
2024-05-26 00:26:26.138265:2024-05-26 00:26:26.138192: Current epoch: 265, loss: 0.5397824645042419, validation loss: 1.6790008544921875
2024-05-26 00:26:26.422689:2024-05-26 00:26:26.422649: Current epoch: 266, loss: 0.5268612504005432, validation loss: 1.6937730312347412
2024-05-26 00:26:26.698984:2024-05-26 00:26:26.698889: Current epoch: 267, loss: 0.48692217469215393, validation loss: 1.6381361484527588
2024-05-26 00:26:27.022644:2024-05-26 00:26:27.022587: Current epoch: 268, loss: 0.5401790142059326, validation loss: 1.825527548789978
2024-05-26 00:26:27.297646:2024-05-26 00:26:27.297607: Current epoch: 269, loss: 0.5083968043327332, validation loss: 1.7432523965835571
2024-05-26 00:26:27.576741:2024-05-26 00:26:27.576701: Current epoch: 270, loss: 0.5132662057876587, validation loss: 1.7007426023483276
2024-05-26 00:26:27.850729:2024-05-26 00:26:27.850687: Current epoch: 271, loss: 0.5094362497329712, validation loss: 1.6965242624282837
2024-05-26 00:26:28.120946:2024-05-26 00:26:28.120854: Current epoch: 272, loss: 0.47924283146858215, validation loss: 1.7062219381332397
2024-05-26 00:26:28.452425:2024-05-26 00:26:28.452322: Current epoch: 273, loss: 0.5099849104881287, validation loss: 1.6601402759552002
2024-05-26 00:26:28.759695:2024-05-26 00:26:28.759656: Current epoch: 274, loss: 0.4534340798854828, validation loss: 1.7527016401290894
2024-05-26 00:26:29.046111:2024-05-26 00:26:29.046062: Current epoch: 275, loss: 0.48396939039230347, validation loss: 1.7012372016906738
2024-05-26 00:26:29.358301:2024-05-26 00:26:29.358258: Current epoch: 276, loss: 0.5252483487129211, validation loss: 1.6783510446548462
2024-05-26 00:26:29.644855:2024-05-26 00:26:29.644788: Current epoch: 277, loss: 0.5684874057769775, validation loss: 1.7086313962936401
2024-05-26 00:26:29.957834:2024-05-26 00:26:29.957761: Current epoch: 278, loss: 0.5146098136901855, validation loss: 1.7677905559539795
2024-05-26 00:26:30.255299:2024-05-26 00:26:30.255205: Current epoch: 279, loss: 0.5706615447998047, validation loss: 1.8045605421066284
2024-05-26 00:26:30.567577:2024-05-26 00:26:30.567535: Current epoch: 280, loss: 0.6237165927886963, validation loss: 1.667690634727478
2024-05-26 00:26:30.849723:2024-05-26 00:26:30.849651: Current epoch: 281, loss: 0.6555694937705994, validation loss: 1.7341383695602417
2024-05-26 00:26:31.151410:2024-05-26 00:26:31.151338: Current epoch: 282, loss: 0.6930347681045532, validation loss: 1.7574957609176636
2024-05-26 00:26:31.440542:2024-05-26 00:26:31.440501: Current epoch: 283, loss: 0.5265424847602844, validation loss: 1.7427992820739746
2024-05-26 00:26:31.724749:2024-05-26 00:26:31.724710: Current epoch: 284, loss: 0.6097985506057739, validation loss: 1.7724242210388184
2024-05-26 00:26:32.008317:2024-05-26 00:26:32.008243: Current epoch: 285, loss: 0.6210789680480957, validation loss: 1.7730082273483276
2024-05-26 00:26:32.299263:2024-05-26 00:26:32.299190: Current epoch: 286, loss: 0.5869930386543274, validation loss: 1.7584971189498901
2024-05-26 00:26:32.580532:2024-05-26 00:26:32.580490: Current epoch: 287, loss: 0.6187928318977356, validation loss: 1.6523011922836304
2024-05-26 00:26:32.884890:2024-05-26 00:26:32.884819: Current epoch: 288, loss: 0.5354533195495605, validation loss: 1.7652517557144165
2024-05-26 00:26:33.211798:2024-05-26 00:26:33.211728: Current epoch: 289, loss: 0.5511745810508728, validation loss: 1.6925396919250488
2024-05-26 00:26:35.860217:2024-05-26 00:26:35.860086: Current epoch: 290, loss: 0.47012677788734436, validation loss: 1.5920015573501587
2024-05-26 00:26:36.160003:2024-05-26 00:26:36.159900: Current epoch: 291, loss: 0.509649932384491, validation loss: 1.6924623250961304
2024-05-26 00:26:36.451900:2024-05-26 00:26:36.451857: Current epoch: 292, loss: 0.5152268409729004, validation loss: 1.7325917482376099
2024-05-26 00:26:36.729662:2024-05-26 00:26:36.729622: Current epoch: 293, loss: 0.498304545879364, validation loss: 1.6920077800750732
2024-05-26 00:26:37.035761:2024-05-26 00:26:37.035719: Current epoch: 294, loss: 0.4990532696247101, validation loss: 1.6744974851608276
2024-05-26 00:26:37.311338:2024-05-26 00:26:37.311299: Current epoch: 295, loss: 0.4758250415325165, validation loss: 1.779634714126587
2024-05-26 00:26:37.608561:2024-05-26 00:26:37.608497: Current epoch: 296, loss: 0.4845331013202667, validation loss: 1.7016816139221191
2024-05-26 00:26:37.898298:2024-05-26 00:26:37.898249: Current epoch: 297, loss: 0.4804975390434265, validation loss: 1.665188193321228
2024-05-26 00:26:38.181033:2024-05-26 00:26:38.180989: Current epoch: 298, loss: 0.44725844264030457, validation loss: 1.7752711772918701
2024-05-26 00:26:38.462997:2024-05-26 00:26:38.462963: Current epoch: 299, loss: 0.5392141342163086, validation loss: 1.679949164390564
2024-05-26 00:26:41.060674:2024-05-26 00:26:41.060632: Current epoch: 300, loss: 0.5285115242004395, validation loss: 1.6806700229644775
2024-05-26 00:26:41.353670:2024-05-26 00:26:41.353599: Current epoch: 301, loss: 0.4892314672470093, validation loss: 1.8862873315811157
2024-05-26 00:26:41.648195:2024-05-26 00:26:41.648157: Current epoch: 302, loss: 0.6153044700622559, validation loss: 1.679396390914917
2024-05-26 00:26:41.927571:2024-05-26 00:26:41.927530: Current epoch: 303, loss: 0.47622883319854736, validation loss: 1.7529933452606201
2024-05-26 00:26:42.220859:2024-05-26 00:26:42.220818: Current epoch: 304, loss: 0.6207579374313354, validation loss: 1.7941616773605347
2024-05-26 00:26:42.515727:2024-05-26 00:26:42.515688: Current epoch: 305, loss: 0.5372494459152222, validation loss: 1.707696557044983
2024-05-26 00:26:42.793254:2024-05-26 00:26:42.793215: Current epoch: 306, loss: 0.5570973753929138, validation loss: 1.754127025604248
2024-05-26 00:26:43.061880:2024-05-26 00:26:43.061808: Current epoch: 307, loss: 0.601224422454834, validation loss: 1.61924147605896
2024-05-26 00:26:43.338077:2024-05-26 00:26:43.338036: Current epoch: 308, loss: 0.44849467277526855, validation loss: 1.6570643186569214
2024-05-26 00:26:43.625457:2024-05-26 00:26:43.625418: Current epoch: 309, loss: 0.4569765329360962, validation loss: 1.856086015701294
2024-05-26 00:26:43.958682:2024-05-26 00:26:43.958635: Current epoch: 310, loss: 0.6529114246368408, validation loss: 1.6441361904144287
2024-05-26 00:26:44.022987:the test error is  [2.1862215995788574, 2.1862215995788574]
2024-05-26 00:26:46.342147:saved model to sample/alignn_matbert-base-cased_chemnlp_prop_Tc_supercon
2024-05-26 00:26:46.541275:done