
2024-04-10 12:33:11.290617:job config: {'train_data_path': '/data/yll6162/alignntl_dft_3d/tl_dataset/dataset_alignn_bert-base-uncased_chemnlp_prop_slme_train.csv', 'val_data_path': '/data/yll6162/alignntl_dft_3d/tl_dataset/dataset_alignn_bert-base-uncased_chemnlp_prop_slme_val.csv', 'test_data_path': '/data/yll6162/alignntl_dft_3d/tl_dataset/dataset_alignn_bert-base-uncased_chemnlp_prop_slme_test.csv', 'label': 'slme', 'input_type': None, 'log_folder': 'log', 'log_file': 'alignn_bert-base-uncased_chemnlp_prop_slme.log', 'test_metric': 'mae', 'architecture': '1024Rx4D-512Rx3D-256Rx3D-128Rx3D-64Rx2-32Rx1-1', 'model_seed': 0, 'loss_type': 'mae', 'config_file': 'sample/alignn_bert-base-uncased_chemnlp_prop_slme_job.config', 'use_valid': True, 'project': 'MOF', 'regressors': None, 'input_types': None, 'paramsGrid': {'optimizer': 'Adam', 'learning_rate': 0.0001, 'patience': 100, 'dropouts': [0.8, 0.9, 0.7, 0.8], 'EVAL_FREQUENCY': 1000}, 'save_path': 'sample/alignn_bert-base-uncased_chemnlp_prop_slme', 'model_path': None, 'last_layer_with_weight': True, 'keras_path': 'model/alignn_bert-base-uncased_chemnlp_prop_slme', 'test_size': None, 'val_size': None}
2024-04-10 12:33:11.290805:train data path is  /data/yll6162/alignntl_dft_3d/tl_dataset/dataset_alignn_bert-base-uncased_chemnlp_prop_slme_train.csv
2024-04-10 12:33:13.358902:input attribute sets are:  None
2024-04-10 12:33:13.359417:test data path is  /data/yll6162/alignntl_dft_3d/tl_dataset/dataset_alignn_bert-base-uncased_chemnlp_prop_slme_test.csv
2024-04-10 12:33:13.649787:val data path is  /data/yll6162/alignntl_dft_3d/tl_dataset/dataset_alignn_bert-base-uncased_chemnlp_prop_slme_val.csv
2024-04-10 12:33:13.938735:input attributes are:  Index(['0', '1', '2', '3', '4', '5', '6', '7', '8', '9',
       ...
       '758.1', '759.1', '760.1', '761.1', '762.1', '763.1', '764.1', '765.1',
       '766.1', '767.1'],
      dtype='object', length=1536)
2024-04-10 12:33:13.938850:label: slme
2024-04-10 12:33:22.528099: train, test, valid sizes:  (7810, 1536) (7810,) (977, 1536) (977,) (977, 1536) (977,)
2024-04-10 12:33:22.572985:train matrix shape of train_X:  (7810, 1536)  train_y:  (7810,)
2024-04-10 12:33:22.573132:valid matrix shape of train_X:  (977, 1536)  valid_y:  (977,)
2024-04-10 12:33:22.573172:test matrix shape of valid_X:   (977, 1536)  test_y:  (977,)
2024-04-10 12:33:22.573207:architecture is:  1024Rx4D-512Rx3D-256Rx3D-128Rx3D-64Rx2-32Rx1-1
2024-04-10 12:33:22.573244:learning rate is  0.0001
2024-04-10 12:33:22.573297:model path is  None
2024-04-10 12:33:22.585354:adding fully connected layers with 1024 outputs
2024-04-10 12:33:24.662716:adding residual with fc as the size are different
2024-04-10 12:33:24.669836:adding fully connected layers with 1024 outputs
2024-04-10 12:33:24.674925:adding residual, both sizes are same
2024-04-10 12:33:24.677024:adding fully connected layers with 1024 outputs
2024-04-10 12:33:24.681775:adding residual, both sizes are same
2024-04-10 12:33:24.683642:adding fully connected layers with 1024 outputs
2024-04-10 12:33:24.688297:adding residual, both sizes are same
2024-04-10 12:33:24.690428:adding dropout 0.8
2024-04-10 12:33:24.694725:adding fully connected layers with 512 outputs
2024-04-10 12:33:24.699848:adding residual with fc as the size are different
2024-04-10 12:33:24.705993:adding fully connected layers with 512 outputs
2024-04-10 12:33:24.710944:adding residual, both sizes are same
2024-04-10 12:33:24.713645:adding fully connected layers with 512 outputs
2024-04-10 12:33:24.718225:adding residual, both sizes are same
2024-04-10 12:33:24.720127:adding dropout 0.9
2024-04-10 12:33:24.721711:adding fully connected layers with 256 outputs
2024-04-10 12:33:24.726808:adding residual with fc as the size are different
2024-04-10 12:33:24.732940:adding fully connected layers with 256 outputs
2024-04-10 12:33:24.737913:adding residual, both sizes are same
2024-04-10 12:33:24.740005:adding fully connected layers with 256 outputs
2024-04-10 12:33:24.744706:adding residual, both sizes are same
2024-04-10 12:33:24.746548:adding dropout 0.7
2024-04-10 12:33:24.748122:adding fully connected layers with 128 outputs
2024-04-10 12:33:24.753127:adding residual with fc as the size are different
2024-04-10 12:33:24.770386:adding fully connected layers with 128 outputs
2024-04-10 12:33:24.776881:adding residual, both sizes are same
2024-04-10 12:33:24.782729:adding fully connected layers with 128 outputs
2024-04-10 12:33:24.793227:adding residual, both sizes are same
2024-04-10 12:33:24.795858:adding dropout 0.8
2024-04-10 12:33:24.798123:adding fully connected layers with 64 outputs
2024-04-10 12:33:24.803792:adding residual with fc as the size are different
2024-04-10 12:33:24.810760:adding fully connected layers with 64 outputs
2024-04-10 12:33:24.816109:adding residual, both sizes are same
2024-04-10 12:33:24.818098:adding fully connected layers with 32 outputs
2024-04-10 12:33:24.823450:adding residual with fc as the size are different
2024-04-10 12:33:24.830223:adding final layer with 1 output
2024-04-10 12:33:24.840451:Model: "ElemNet"
2024-04-10 12:33:24.840540:__________________________________________________________________________________________________
2024-04-10 12:33:24.840592:Layer (type)                    Output Shape         Param #     Connected to                     
2024-04-10 12:33:24.840630:==================================================================================================
2024-04-10 12:33:24.840851:elemental_fractions (InputLayer [(None, 1536)]       0                                            
2024-04-10 12:33:24.840900:__________________________________________________________________________________________________
2024-04-10 12:33:24.841060:fc0_0 (Dense)                   (None, 1024)         1573888     elemental_fractions[0][0]        
2024-04-10 12:33:24.841106:__________________________________________________________________________________________________
2024-04-10 12:33:24.841221:fc0_dim_0 (Dense)               (None, 1024)         1573888     elemental_fractions[0][0]        
2024-04-10 12:33:24.841265:__________________________________________________________________________________________________
2024-04-10 12:33:24.841361:tf.__operators__.add (TFOpLambd (None, 1024)         0           fc0_0[0][0]                      
2024-04-10 12:33:24.841407:                                                                 fc0_dim_0[0][0]                  
2024-04-10 12:33:24.841444:__________________________________________________________________________________________________
2024-04-10 12:33:24.841555:fc0_1 (Dense)                   (None, 1024)         1049600     tf.__operators__.add[0][0]       
2024-04-10 12:33:24.841600:__________________________________________________________________________________________________
2024-04-10 12:33:24.841679:tf.__operators__.add_1 (TFOpLam (None, 1024)         0           fc0_1[0][0]                      
2024-04-10 12:33:24.841735:                                                                 tf.__operators__.add[0][0]       
2024-04-10 12:33:24.841771:__________________________________________________________________________________________________
2024-04-10 12:33:24.841876:fc0_2 (Dense)                   (None, 1024)         1049600     tf.__operators__.add_1[0][0]     
2024-04-10 12:33:24.841918:__________________________________________________________________________________________________
2024-04-10 12:33:24.841995:tf.__operators__.add_2 (TFOpLam (None, 1024)         0           fc0_2[0][0]                      
2024-04-10 12:33:24.842037:                                                                 tf.__operators__.add_1[0][0]     
2024-04-10 12:33:24.842073:__________________________________________________________________________________________________
2024-04-10 12:33:24.842177:fc0_3 (Dense)                   (None, 1024)         1049600     tf.__operators__.add_2[0][0]     
2024-04-10 12:33:24.842218:__________________________________________________________________________________________________
2024-04-10 12:33:24.842302:tf.__operators__.add_3 (TFOpLam (None, 1024)         0           fc0_3[0][0]                      
2024-04-10 12:33:24.842351:                                                                 tf.__operators__.add_2[0][0]     
2024-04-10 12:33:24.842388:__________________________________________________________________________________________________
2024-04-10 12:33:24.842465:dropout (Dropout)               (None, 1024)         0           tf.__operators__.add_3[0][0]     
2024-04-10 12:33:24.842505:__________________________________________________________________________________________________
2024-04-10 12:33:24.842614:fc1_0 (Dense)                   (None, 512)          524800      dropout[0][0]                    
2024-04-10 12:33:24.842655:__________________________________________________________________________________________________
2024-04-10 12:33:24.842760:fc1_dim_0 (Dense)               (None, 512)          524800      dropout[0][0]                    
2024-04-10 12:33:24.842803:__________________________________________________________________________________________________
2024-04-10 12:33:24.842879:tf.__operators__.add_4 (TFOpLam (None, 512)          0           fc1_0[0][0]                      
2024-04-10 12:33:24.842921:                                                                 fc1_dim_0[0][0]                  
2024-04-10 12:33:24.842957:__________________________________________________________________________________________________
2024-04-10 12:33:24.843059:fc1_1 (Dense)                   (None, 512)          262656      tf.__operators__.add_4[0][0]     
2024-04-10 12:33:24.843100:__________________________________________________________________________________________________
2024-04-10 12:33:24.843176:tf.__operators__.add_5 (TFOpLam (None, 512)          0           fc1_1[0][0]                      
2024-04-10 12:33:24.843219:                                                                 tf.__operators__.add_4[0][0]     
2024-04-10 12:33:24.843254:__________________________________________________________________________________________________
2024-04-10 12:33:24.843366:fc1_2 (Dense)                   (None, 512)          262656      tf.__operators__.add_5[0][0]     
2024-04-10 12:33:24.843409:__________________________________________________________________________________________________
2024-04-10 12:33:24.843485:tf.__operators__.add_6 (TFOpLam (None, 512)          0           fc1_2[0][0]                      
2024-04-10 12:33:24.843526:                                                                 tf.__operators__.add_5[0][0]     
2024-04-10 12:33:24.843562:__________________________________________________________________________________________________
2024-04-10 12:33:24.843635:dropout_1 (Dropout)             (None, 512)          0           tf.__operators__.add_6[0][0]     
2024-04-10 12:33:24.843675:__________________________________________________________________________________________________
2024-04-10 12:33:24.843777:fc2_0 (Dense)                   (None, 256)          131328      dropout_1[0][0]                  
2024-04-10 12:33:24.843820:__________________________________________________________________________________________________
2024-04-10 12:33:24.843921:fc2_dim_0 (Dense)               (None, 256)          131328      dropout_1[0][0]                  
2024-04-10 12:33:24.843963:__________________________________________________________________________________________________
2024-04-10 12:33:24.844039:tf.__operators__.add_7 (TFOpLam (None, 256)          0           fc2_0[0][0]                      
2024-04-10 12:33:24.844083:                                                                 fc2_dim_0[0][0]                  
2024-04-10 12:33:24.844119:__________________________________________________________________________________________________
2024-04-10 12:33:24.844219:fc2_1 (Dense)                   (None, 256)          65792       tf.__operators__.add_7[0][0]     
2024-04-10 12:33:24.844259:__________________________________________________________________________________________________
2024-04-10 12:33:24.844346:tf.__operators__.add_8 (TFOpLam (None, 256)          0           fc2_1[0][0]                      
2024-04-10 12:33:24.844393:                                                                 tf.__operators__.add_7[0][0]     
2024-04-10 12:33:24.844430:__________________________________________________________________________________________________
2024-04-10 12:33:24.844534:fc2_2 (Dense)                   (None, 256)          65792       tf.__operators__.add_8[0][0]     
2024-04-10 12:33:24.844591:__________________________________________________________________________________________________
2024-04-10 12:33:24.844689:tf.__operators__.add_9 (TFOpLam (None, 256)          0           fc2_2[0][0]                      
2024-04-10 12:33:24.844734:                                                                 tf.__operators__.add_8[0][0]     
2024-04-10 12:33:24.844771:__________________________________________________________________________________________________
2024-04-10 12:33:24.844846:dropout_2 (Dropout)             (None, 256)          0           tf.__operators__.add_9[0][0]     
2024-04-10 12:33:24.844887:__________________________________________________________________________________________________
2024-04-10 12:33:24.844994:fc3_0 (Dense)                   (None, 128)          32896       dropout_2[0][0]                  
2024-04-10 12:33:24.845036:__________________________________________________________________________________________________
2024-04-10 12:33:24.845140:fc3_dim_0 (Dense)               (None, 128)          32896       dropout_2[0][0]                  
2024-04-10 12:33:24.845184:__________________________________________________________________________________________________
2024-04-10 12:33:24.845261:tf.__operators__.add_10 (TFOpLa (None, 128)          0           fc3_0[0][0]                      
2024-04-10 12:33:24.845311:                                                                 fc3_dim_0[0][0]                  
2024-04-10 12:33:24.845349:__________________________________________________________________________________________________
2024-04-10 12:33:24.845494:fc3_1 (Dense)                   (None, 128)          16512       tf.__operators__.add_10[0][0]    
2024-04-10 12:33:24.845543:__________________________________________________________________________________________________
2024-04-10 12:33:24.845623:tf.__operators__.add_11 (TFOpLa (None, 128)          0           fc3_1[0][0]                      
2024-04-10 12:33:24.845667:                                                                 tf.__operators__.add_10[0][0]    
2024-04-10 12:33:24.845704:__________________________________________________________________________________________________
2024-04-10 12:33:24.845826:fc3_2 (Dense)                   (None, 128)          16512       tf.__operators__.add_11[0][0]    
2024-04-10 12:33:24.845896:__________________________________________________________________________________________________
2024-04-10 12:33:24.845980:tf.__operators__.add_12 (TFOpLa (None, 128)          0           fc3_2[0][0]                      
2024-04-10 12:33:24.846024:                                                                 tf.__operators__.add_11[0][0]    
2024-04-10 12:33:24.846061:__________________________________________________________________________________________________
2024-04-10 12:33:24.846139:dropout_3 (Dropout)             (None, 128)          0           tf.__operators__.add_12[0][0]    
2024-04-10 12:33:24.846179:__________________________________________________________________________________________________
2024-04-10 12:33:24.846300:fc4_0 (Dense)                   (None, 64)           8256        dropout_3[0][0]                  
2024-04-10 12:33:24.846345:__________________________________________________________________________________________________
2024-04-10 12:33:24.846452:fc4_dim_0 (Dense)               (None, 64)           8256        dropout_3[0][0]                  
2024-04-10 12:33:24.846495:__________________________________________________________________________________________________
2024-04-10 12:33:24.846578:tf.__operators__.add_13 (TFOpLa (None, 64)           0           fc4_0[0][0]                      
2024-04-10 12:33:24.846623:                                                                 fc4_dim_0[0][0]                  
2024-04-10 12:33:24.846660:__________________________________________________________________________________________________
2024-04-10 12:33:24.846765:fc4_1 (Dense)                   (None, 64)           4160        tf.__operators__.add_13[0][0]    
2024-04-10 12:33:24.846808:__________________________________________________________________________________________________
2024-04-10 12:33:24.846885:tf.__operators__.add_14 (TFOpLa (None, 64)           0           fc4_1[0][0]                      
2024-04-10 12:33:24.846928:                                                                 tf.__operators__.add_13[0][0]    
2024-04-10 12:33:24.846965:__________________________________________________________________________________________________
2024-04-10 12:33:24.847071:fc5_0 (Dense)                   (None, 32)           2080        tf.__operators__.add_14[0][0]    
2024-04-10 12:33:24.847113:__________________________________________________________________________________________________
2024-04-10 12:33:24.847217:fc5_dim_0 (Dense)               (None, 32)           2080        tf.__operators__.add_14[0][0]    
2024-04-10 12:33:24.848953:__________________________________________________________________________________________________
2024-04-10 12:33:24.849047:tf.__operators__.add_15 (TFOpLa (None, 32)           0           fc5_0[0][0]                      
2024-04-10 12:33:24.849091:                                                                 fc5_dim_0[0][0]                  
2024-04-10 12:33:24.849128:__________________________________________________________________________________________________
2024-04-10 12:33:24.849235:fc6 (Dense)                     (None, 1)            33          tf.__operators__.add_15[0][0]    
2024-04-10 12:33:24.849288:==================================================================================================
2024-04-10 12:33:24.849972:Total params: 8,389,409
2024-04-10 12:33:24.850026:Trainable params: 8,389,409
2024-04-10 12:33:24.850066:Non-trainable params: 0
2024-04-10 12:33:24.850103:__________________________________________________________________________________________________
2024-04-10 12:33:24.860852:start training
2024-04-10 12:33:28.762697:2024-04-10 12:33:28.762639: Current epoch: 0, loss: 10.991315841674805, validation loss: 8.681036949157715
2024-04-10 12:33:31.199788:2024-04-10 12:33:31.199736: Current epoch: 1, loss: 7.599602699279785, validation loss: 7.978748798370361
2024-04-10 12:33:33.549715:2024-04-10 12:33:33.549655: Current epoch: 2, loss: 6.976468563079834, validation loss: 6.854301929473877
2024-04-10 12:33:35.851345:2024-04-10 12:33:35.851252: Current epoch: 3, loss: 6.115200996398926, validation loss: 7.493760585784912
2024-04-10 12:33:38.291516:2024-04-10 12:33:38.291466: Current epoch: 4, loss: 5.85452938079834, validation loss: 6.829159259796143
2024-04-10 12:33:40.617257:2024-04-10 12:33:40.617158: Current epoch: 5, loss: 5.369975566864014, validation loss: 6.607483863830566
2024-04-10 12:33:42.982364:2024-04-10 12:33:42.982281: Current epoch: 6, loss: 5.141985893249512, validation loss: 6.44900369644165
2024-04-10 12:33:45.445731:2024-04-10 12:33:45.445654: Current epoch: 7, loss: 4.8097944259643555, validation loss: 6.289567947387695
2024-04-10 12:33:47.800681:2024-04-10 12:33:47.800518: Current epoch: 8, loss: 4.65647554397583, validation loss: 6.592680931091309
2024-04-10 12:33:50.126154:2024-04-10 12:33:50.126088: Current epoch: 9, loss: 4.506961822509766, validation loss: 5.85138463973999
2024-04-10 12:33:54.980426:2024-04-10 12:33:54.980266: Current epoch: 10, loss: 4.27975606918335, validation loss: 6.125490665435791
2024-04-10 12:33:57.338955:2024-04-10 12:33:57.338776: Current epoch: 11, loss: 4.077674388885498, validation loss: 6.364029407501221
2024-04-10 12:33:59.755670:2024-04-10 12:33:59.755587: Current epoch: 12, loss: 3.895582914352417, validation loss: 5.56270170211792
2024-04-10 12:34:02.088489:2024-04-10 12:34:02.088248: Current epoch: 13, loss: 3.8089561462402344, validation loss: 5.991221904754639
2024-04-10 12:34:04.448846:2024-04-10 12:34:04.448680: Current epoch: 14, loss: 3.6984009742736816, validation loss: 6.024073123931885
2024-04-10 12:34:06.983483:2024-04-10 12:34:06.983335: Current epoch: 15, loss: 3.4410769939422607, validation loss: 5.479233264923096
2024-04-10 12:34:09.434841:2024-04-10 12:34:09.434744: Current epoch: 16, loss: 3.5189132690429688, validation loss: 5.473303318023682
2024-04-10 12:34:11.774180:2024-04-10 12:34:11.773908: Current epoch: 17, loss: 3.3923487663269043, validation loss: 5.497209072113037
2024-04-10 12:34:14.249551:2024-04-10 12:34:14.249444: Current epoch: 18, loss: 3.2184481620788574, validation loss: 5.398717403411865
2024-04-10 12:34:16.678264:2024-04-10 12:34:16.678179: Current epoch: 19, loss: 3.1746840476989746, validation loss: 5.206564903259277
2024-04-10 12:34:21.532050:2024-04-10 12:34:21.531985: Current epoch: 20, loss: 3.027970790863037, validation loss: 5.29271125793457
2024-04-10 12:34:23.826738:2024-04-10 12:34:23.826665: Current epoch: 21, loss: 3.155179262161255, validation loss: 5.821618556976318
2024-04-10 12:34:26.198394:2024-04-10 12:34:26.198245: Current epoch: 22, loss: 3.0203771591186523, validation loss: 5.765017509460449
2024-04-10 12:34:28.539839:2024-04-10 12:34:28.539711: Current epoch: 23, loss: 2.9419925212860107, validation loss: 5.691515922546387
2024-04-10 12:34:30.858815:2024-04-10 12:34:30.858683: Current epoch: 24, loss: 2.7934188842773438, validation loss: 5.28962516784668
2024-04-10 12:34:33.164727:2024-04-10 12:34:33.164625: Current epoch: 25, loss: 2.705817699432373, validation loss: 5.488702297210693
2024-04-10 12:34:35.518459:2024-04-10 12:34:35.518380: Current epoch: 26, loss: 2.640597105026245, validation loss: 5.117118835449219
2024-04-10 12:34:37.835308:2024-04-10 12:34:37.835140: Current epoch: 27, loss: 2.5806076526641846, validation loss: 5.177302360534668
2024-04-10 12:34:40.108673:2024-04-10 12:34:40.108563: Current epoch: 28, loss: 2.6790924072265625, validation loss: 5.331152439117432
2024-04-10 12:34:42.496124:2024-04-10 12:34:42.496047: Current epoch: 29, loss: 2.5612964630126953, validation loss: 5.100497245788574
2024-04-10 12:34:47.174879:2024-04-10 12:34:47.174803: Current epoch: 30, loss: 2.430514097213745, validation loss: 5.305389404296875
2024-04-10 12:34:49.580308:2024-04-10 12:34:49.580217: Current epoch: 31, loss: 2.4623193740844727, validation loss: 5.242530345916748
2024-04-10 12:34:51.902352:2024-04-10 12:34:51.902279: Current epoch: 32, loss: 2.350257635116577, validation loss: 4.851057529449463
2024-04-10 12:34:54.261082:2024-04-10 12:34:54.260942: Current epoch: 33, loss: 2.363593101501465, validation loss: 4.937352180480957
2024-04-10 12:34:56.730674:2024-04-10 12:34:56.730610: Current epoch: 34, loss: 2.2829031944274902, validation loss: 4.759402275085449
2024-04-10 12:34:59.087508:2024-04-10 12:34:59.087401: Current epoch: 35, loss: 2.218386650085449, validation loss: 5.033878326416016
2024-04-10 12:35:01.557199:2024-04-10 12:35:01.557080: Current epoch: 36, loss: 2.256876230239868, validation loss: 5.149006366729736
2024-04-10 12:35:03.873733:2024-04-10 12:35:03.873659: Current epoch: 37, loss: 2.218714952468872, validation loss: 4.933945178985596
2024-04-10 12:35:06.376162:2024-04-10 12:35:06.376094: Current epoch: 38, loss: 2.2075607776641846, validation loss: 5.330641269683838
2024-04-10 12:35:08.869828:2024-04-10 12:35:08.869727: Current epoch: 39, loss: 2.15909481048584, validation loss: 4.981425762176514
2024-04-10 12:35:13.413736:2024-04-10 12:35:13.413594: Current epoch: 40, loss: 2.1192471981048584, validation loss: 5.140436172485352
2024-04-10 12:35:15.638068:2024-04-10 12:35:15.637959: Current epoch: 41, loss: 2.0775306224823, validation loss: 4.995872974395752
2024-04-10 12:35:17.887097:2024-04-10 12:35:17.886980: Current epoch: 42, loss: 1.9633923768997192, validation loss: 5.054546356201172
2024-04-10 12:35:20.096615:2024-04-10 12:35:20.096541: Current epoch: 43, loss: 1.9232895374298096, validation loss: 4.772586345672607
2024-04-10 12:35:22.356455:2024-04-10 12:35:22.356359: Current epoch: 44, loss: 1.8911949396133423, validation loss: 4.849348068237305
2024-04-10 12:35:24.693142:2024-04-10 12:35:24.692988: Current epoch: 45, loss: 1.9118435382843018, validation loss: 4.928283214569092
2024-04-10 12:35:27.016007:2024-04-10 12:35:27.015873: Current epoch: 46, loss: 1.8790186643600464, validation loss: 4.828404903411865
2024-04-10 12:35:29.314887:2024-04-10 12:35:29.314811: Current epoch: 47, loss: 1.8674224615097046, validation loss: 4.874605178833008
2024-04-10 12:35:31.527490:2024-04-10 12:35:31.527416: Current epoch: 48, loss: 1.8976653814315796, validation loss: 5.2589430809021
2024-04-10 12:35:33.867229:2024-04-10 12:35:33.867154: Current epoch: 49, loss: 1.8238178491592407, validation loss: 5.057445526123047
2024-04-10 12:35:36.049598:2024-04-10 12:35:36.049502: Current epoch: 50, loss: 1.8310118913650513, validation loss: 5.0691962242126465
2024-04-10 12:35:38.241216:2024-04-10 12:35:38.241141: Current epoch: 51, loss: 1.7566401958465576, validation loss: 4.993171691894531
2024-04-10 12:35:40.440780:2024-04-10 12:35:40.440716: Current epoch: 52, loss: 1.770015835762024, validation loss: 4.7962727546691895
2024-04-10 12:35:42.791430:2024-04-10 12:35:42.791299: Current epoch: 53, loss: 1.7670220136642456, validation loss: 5.001450061798096
2024-04-10 12:35:45.064641:2024-04-10 12:35:45.064540: Current epoch: 54, loss: 1.7942466735839844, validation loss: 4.847395420074463
2024-04-10 12:35:47.241853:2024-04-10 12:35:47.241699: Current epoch: 55, loss: 1.6959927082061768, validation loss: 4.923689365386963
2024-04-10 12:35:49.565965:2024-04-10 12:35:49.565889: Current epoch: 56, loss: 1.7993727922439575, validation loss: 4.966897964477539
2024-04-10 12:35:51.945466:2024-04-10 12:35:51.945332: Current epoch: 57, loss: 1.602117657661438, validation loss: 4.901581287384033
2024-04-10 12:35:54.279325:2024-04-10 12:35:54.279255: Current epoch: 58, loss: 1.7140486240386963, validation loss: 4.6948723793029785
2024-04-10 12:35:56.432905:2024-04-10 12:35:56.432831: Current epoch: 59, loss: 1.570390224456787, validation loss: 4.744412422180176
2024-04-10 12:36:00.965436:2024-04-10 12:36:00.965358: Current epoch: 60, loss: 1.549559235572815, validation loss: 4.970800399780273
2024-04-10 12:36:03.241774:2024-04-10 12:36:03.241711: Current epoch: 61, loss: 1.5596245527267456, validation loss: 4.733026027679443
2024-04-10 12:36:05.508407:2024-04-10 12:36:05.508332: Current epoch: 62, loss: 1.556112289428711, validation loss: 4.890643119812012
2024-04-10 12:36:07.831853:2024-04-10 12:36:07.831727: Current epoch: 63, loss: 1.5509841442108154, validation loss: 5.2406325340271
2024-04-10 12:36:10.047579:2024-04-10 12:36:10.047506: Current epoch: 64, loss: 1.6255216598510742, validation loss: 4.826930999755859
2024-04-10 12:36:12.398685:2024-04-10 12:36:12.398565: Current epoch: 65, loss: 1.4748519659042358, validation loss: 4.882877349853516
2024-04-10 12:36:14.647231:2024-04-10 12:36:14.647154: Current epoch: 66, loss: 1.5191479921340942, validation loss: 4.865446090698242
2024-04-10 12:36:16.859788:2024-04-10 12:36:16.859712: Current epoch: 67, loss: 1.514868974685669, validation loss: 4.8399505615234375
2024-04-10 12:36:19.034650:2024-04-10 12:36:19.034592: Current epoch: 68, loss: 1.443528413772583, validation loss: 4.745583534240723
2024-04-10 12:36:21.389776:2024-04-10 12:36:21.389699: Current epoch: 69, loss: 1.4819742441177368, validation loss: 5.138329029083252
2024-04-10 12:36:23.614006:2024-04-10 12:36:23.613931: Current epoch: 70, loss: 1.4844318628311157, validation loss: 4.837018013000488
2024-04-10 12:36:25.797882:2024-04-10 12:36:25.797749: Current epoch: 71, loss: 1.43980073928833, validation loss: 4.824034214019775
2024-04-10 12:36:27.981455:2024-04-10 12:36:27.981360: Current epoch: 72, loss: 1.4199540615081787, validation loss: 4.698172569274902
2024-04-10 12:36:30.259791:2024-04-10 12:36:30.259717: Current epoch: 73, loss: 1.3613842725753784, validation loss: 5.394365310668945
2024-04-10 12:36:32.567605:2024-04-10 12:36:32.567506: Current epoch: 74, loss: 1.450498342514038, validation loss: 4.941412925720215
2024-04-10 12:36:34.890436:2024-04-10 12:36:34.890358: Current epoch: 75, loss: 1.4171464443206787, validation loss: 4.725937366485596
2024-04-10 12:36:37.191863:2024-04-10 12:36:37.191789: Current epoch: 76, loss: 1.3804093599319458, validation loss: 4.854272365570068
2024-04-10 12:36:39.456502:2024-04-10 12:36:39.456408: Current epoch: 77, loss: 1.3532201051712036, validation loss: 4.83811092376709
2024-04-10 12:36:41.727957:2024-04-10 12:36:41.727884: Current epoch: 78, loss: 1.306797742843628, validation loss: 5.302359104156494
2024-04-10 12:36:43.918199:2024-04-10 12:36:43.918105: Current epoch: 79, loss: 1.3709050416946411, validation loss: 4.704329013824463
2024-04-10 12:36:48.482699:2024-04-10 12:36:48.482617: Current epoch: 80, loss: 1.3185311555862427, validation loss: 5.178889751434326
2024-04-10 12:36:50.722561:2024-04-10 12:36:50.722485: Current epoch: 81, loss: 1.3703498840332031, validation loss: 4.843358516693115
2024-04-10 12:36:53.033127:2024-04-10 12:36:53.033052: Current epoch: 82, loss: 1.3069846630096436, validation loss: 4.654441833496094
2024-04-10 12:36:55.178698:2024-04-10 12:36:55.178603: Current epoch: 83, loss: 1.2374111413955688, validation loss: 4.6982951164245605
2024-04-10 12:36:57.553431:2024-04-10 12:36:57.553360: Current epoch: 84, loss: 1.261618733406067, validation loss: 5.0479817390441895
2024-04-10 12:36:59.778771:2024-04-10 12:36:59.778635: Current epoch: 85, loss: 1.2727272510528564, validation loss: 4.925294876098633
2024-04-10 12:37:01.962407:2024-04-10 12:37:01.962333: Current epoch: 86, loss: 1.2658814191818237, validation loss: 4.846384525299072
2024-04-10 12:37:04.207670:2024-04-10 12:37:04.207612: Current epoch: 87, loss: 1.2024415731430054, validation loss: 4.572025299072266
2024-04-10 12:37:06.421681:2024-04-10 12:37:06.421604: Current epoch: 88, loss: 1.1913459300994873, validation loss: 4.846898078918457
2024-04-10 12:37:08.679166:2024-04-10 12:37:08.679092: Current epoch: 89, loss: 1.2186808586120605, validation loss: 4.6739888191223145
2024-04-10 12:37:13.357712:2024-04-10 12:37:13.357634: Current epoch: 90, loss: 1.1775054931640625, validation loss: 5.027891635894775
2024-04-10 12:37:15.707065:2024-04-10 12:37:15.706990: Current epoch: 91, loss: 1.1678510904312134, validation loss: 4.656975746154785
2024-04-10 12:37:17.904799:2024-04-10 12:37:17.904724: Current epoch: 92, loss: 1.1830660104751587, validation loss: 4.770158767700195
2024-04-10 12:37:20.108854:2024-04-10 12:37:20.108775: Current epoch: 93, loss: 1.209192156791687, validation loss: 4.828671455383301
2024-04-10 12:37:22.369395:2024-04-10 12:37:22.369246: Current epoch: 94, loss: 1.2417171001434326, validation loss: 4.863707065582275
2024-04-10 12:37:24.680367:2024-04-10 12:37:24.680252: Current epoch: 95, loss: 1.3000966310501099, validation loss: 4.751374244689941
2024-04-10 12:37:26.995211:2024-04-10 12:37:26.995136: Current epoch: 96, loss: 1.2220553159713745, validation loss: 4.7405829429626465
2024-04-10 12:37:29.376786:2024-04-10 12:37:29.376711: Current epoch: 97, loss: 1.161916732788086, validation loss: 4.778283596038818
2024-04-10 12:37:31.655489:2024-04-10 12:37:31.655389: Current epoch: 98, loss: 1.1145610809326172, validation loss: 4.812507629394531
2024-04-10 12:37:34.015960:2024-04-10 12:37:34.015850: Current epoch: 99, loss: 1.1430634260177612, validation loss: 4.737279891967773
2024-04-10 12:37:36.336589:2024-04-10 12:37:36.336518: Current epoch: 100, loss: 1.1350998878479004, validation loss: 4.839957237243652
2024-04-10 12:37:38.521593:2024-04-10 12:37:38.521516: Current epoch: 101, loss: 1.1726149320602417, validation loss: 4.6126508712768555
2024-04-10 12:37:40.735154:2024-04-10 12:37:40.735079: Current epoch: 102, loss: 1.1679213047027588, validation loss: 4.791440486907959
2024-04-10 12:37:43.080554:2024-04-10 12:37:43.080459: Current epoch: 103, loss: 1.145071268081665, validation loss: 4.711080551147461
2024-04-10 12:37:45.282854:2024-04-10 12:37:45.282783: Current epoch: 104, loss: 1.113427758216858, validation loss: 4.715080738067627
2024-04-10 12:37:47.484362:2024-04-10 12:37:47.484289: Current epoch: 105, loss: 1.0720244646072388, validation loss: 4.6403679847717285
2024-04-10 12:37:49.673104:2024-04-10 12:37:49.673030: Current epoch: 106, loss: 1.1552298069000244, validation loss: 4.846889019012451
2024-04-10 12:37:51.907094:2024-04-10 12:37:51.907027: Current epoch: 107, loss: 1.1820781230926514, validation loss: 4.82532262802124
2024-04-10 12:37:54.118618:2024-04-10 12:37:54.118544: Current epoch: 108, loss: 1.100569486618042, validation loss: 4.648614883422852
2024-04-10 12:37:56.437761:2024-04-10 12:37:56.437688: Current epoch: 109, loss: 1.0564595460891724, validation loss: 4.6589155197143555
2024-04-10 12:38:01.072402:2024-04-10 12:38:01.072324: Current epoch: 110, loss: 1.028657078742981, validation loss: 4.740177631378174
2024-04-10 12:38:03.285669:2024-04-10 12:38:03.285594: Current epoch: 111, loss: 1.0844287872314453, validation loss: 4.78010892868042
2024-04-10 12:38:05.535107:2024-04-10 12:38:05.535042: Current epoch: 112, loss: 1.120733618736267, validation loss: 4.707945346832275
2024-04-10 12:38:07.742327:2024-04-10 12:38:07.742231: Current epoch: 113, loss: 1.0397193431854248, validation loss: 4.935606479644775
2024-04-10 12:38:09.924988:2024-04-10 12:38:09.924855: Current epoch: 114, loss: 1.0276142358779907, validation loss: 4.724459648132324
2024-04-10 12:38:12.167906:2024-04-10 12:38:12.167812: Current epoch: 115, loss: 1.0284258127212524, validation loss: 5.15594482421875
2024-04-10 12:38:14.486898:2024-04-10 12:38:14.486827: Current epoch: 116, loss: 1.058252215385437, validation loss: 4.6821208000183105
2024-04-10 12:38:16.745449:2024-04-10 12:38:16.745374: Current epoch: 117, loss: 1.1052484512329102, validation loss: 4.636995315551758
2024-04-10 12:38:19.084264:2024-04-10 12:38:19.084189: Current epoch: 118, loss: 1.0675978660583496, validation loss: 4.973502159118652
2024-04-10 12:38:21.355564:2024-04-10 12:38:21.355490: Current epoch: 119, loss: 1.063859462738037, validation loss: 4.846891403198242
2024-04-10 12:38:23.522000:2024-04-10 12:38:23.521927: Current epoch: 120, loss: 0.9958059787750244, validation loss: 4.645739555358887
2024-04-10 12:38:25.737865:2024-04-10 12:38:25.737790: Current epoch: 121, loss: 1.0261272192001343, validation loss: 4.64382266998291
2024-04-10 12:38:27.922525:2024-04-10 12:38:27.922451: Current epoch: 122, loss: 0.9977129697799683, validation loss: 4.610289573669434
2024-04-10 12:38:30.078995:2024-04-10 12:38:30.078920: Current epoch: 123, loss: 0.9979467391967773, validation loss: 4.869913578033447
2024-04-10 12:38:32.301067:2024-04-10 12:38:32.300991: Current epoch: 124, loss: 0.9711888432502747, validation loss: 4.6699137687683105
2024-04-10 12:38:34.575684:2024-04-10 12:38:34.575602: Current epoch: 125, loss: 0.9493064284324646, validation loss: 4.641110897064209
2024-04-10 12:38:36.775461:2024-04-10 12:38:36.775391: Current epoch: 126, loss: 0.9727792143821716, validation loss: 4.615896224975586
2024-04-10 12:38:38.954301:2024-04-10 12:38:38.954161: Current epoch: 127, loss: 0.9452998042106628, validation loss: 4.675636291503906
2024-04-10 12:38:41.164629:2024-04-10 12:38:41.164534: Current epoch: 128, loss: 0.9591957926750183, validation loss: 4.831604957580566
2024-04-10 12:38:43.371820:2024-04-10 12:38:43.371744: Current epoch: 129, loss: 0.9246756434440613, validation loss: 4.574770927429199
2024-04-10 12:38:47.866811:2024-04-10 12:38:47.866735: Current epoch: 130, loss: 0.9700149893760681, validation loss: 4.6946258544921875
2024-04-10 12:38:50.093594:2024-04-10 12:38:50.093518: Current epoch: 131, loss: 0.9346516132354736, validation loss: 4.779758930206299
2024-04-10 12:38:52.265110:2024-04-10 12:38:52.265034: Current epoch: 132, loss: 0.993923008441925, validation loss: 4.6131391525268555
2024-04-10 12:38:54.492225:2024-04-10 12:38:54.492090: Current epoch: 133, loss: 0.936401903629303, validation loss: 4.716997146606445
2024-04-10 12:38:56.700865:2024-04-10 12:38:56.700784: Current epoch: 134, loss: 0.9388009905815125, validation loss: 4.854148864746094
2024-04-10 12:38:58.992244:2024-04-10 12:38:58.992170: Current epoch: 135, loss: 0.9374390244483948, validation loss: 4.73307466506958
2024-04-10 12:39:01.333637:2024-04-10 12:39:01.333586: Current epoch: 136, loss: 0.9146756529808044, validation loss: 4.555022239685059
2024-04-10 12:39:03.537960:2024-04-10 12:39:03.537884: Current epoch: 137, loss: 0.8507845401763916, validation loss: 4.7861785888671875
2024-04-10 12:39:05.763184:2024-04-10 12:39:05.763127: Current epoch: 138, loss: 0.9950379729270935, validation loss: 4.527678489685059
2024-04-10 12:39:08.071373:2024-04-10 12:39:08.071298: Current epoch: 139, loss: 0.9959579706192017, validation loss: 4.708401203155518
2024-04-10 12:39:10.397430:2024-04-10 12:39:10.397354: Current epoch: 140, loss: 0.8588327765464783, validation loss: 4.664787769317627
2024-04-10 12:39:12.623400:2024-04-10 12:39:12.623246: Current epoch: 141, loss: 0.8823716044425964, validation loss: 4.754398345947266
2024-04-10 12:39:14.969491:2024-04-10 12:39:14.969420: Current epoch: 142, loss: 0.9703220129013062, validation loss: 4.866425037384033
2024-04-10 12:39:17.216546:2024-04-10 12:39:17.216473: Current epoch: 143, loss: 0.9834142327308655, validation loss: 4.787518501281738
2024-04-10 12:39:19.478244:2024-04-10 12:39:19.478170: Current epoch: 144, loss: 0.8929018974304199, validation loss: 4.766197681427002
2024-04-10 12:39:21.711110:2024-04-10 12:39:21.711036: Current epoch: 145, loss: 0.8446688055992126, validation loss: 4.76218843460083
2024-04-10 12:39:24.011196:2024-04-10 12:39:24.011123: Current epoch: 146, loss: 0.8723816871643066, validation loss: 4.770793914794922
2024-04-10 12:39:26.376748:2024-04-10 12:39:26.376672: Current epoch: 147, loss: 0.8690827488899231, validation loss: 4.721858501434326
2024-04-10 12:39:28.620198:2024-04-10 12:39:28.620128: Current epoch: 148, loss: 0.8344692587852478, validation loss: 4.619095802307129
2024-04-10 12:39:30.908742:2024-04-10 12:39:30.908668: Current epoch: 149, loss: 0.870659351348877, validation loss: 4.581436634063721
2024-04-10 12:39:33.207386:2024-04-10 12:39:33.207309: Current epoch: 150, loss: 0.8156141042709351, validation loss: 4.7280707359313965
2024-04-10 12:39:35.440177:2024-04-10 12:39:35.440103: Current epoch: 151, loss: 0.8014621138572693, validation loss: 4.942119121551514
2024-04-10 12:39:37.749812:2024-04-10 12:39:37.749753: Current epoch: 152, loss: 0.8811314105987549, validation loss: 4.6429619789123535
2024-04-10 12:39:39.969244:2024-04-10 12:39:39.969111: Current epoch: 153, loss: 0.8636595606803894, validation loss: 4.835517406463623
2024-04-10 12:39:42.204285:2024-04-10 12:39:42.204219: Current epoch: 154, loss: 0.9131889343261719, validation loss: 4.498022556304932
2024-04-10 12:39:44.466483:2024-04-10 12:39:44.466412: Current epoch: 155, loss: 0.9112977981567383, validation loss: 4.541017055511475
2024-04-10 12:39:46.728245:2024-04-10 12:39:46.728172: Current epoch: 156, loss: 0.8311025500297546, validation loss: 4.702798366546631
2024-04-10 12:39:48.988447:2024-04-10 12:39:48.988353: Current epoch: 157, loss: 0.7955376505851746, validation loss: 4.735406398773193
2024-04-10 12:39:51.306136:2024-04-10 12:39:51.306063: Current epoch: 158, loss: 0.8656049370765686, validation loss: 4.706432342529297
2024-04-10 12:39:53.572601:2024-04-10 12:39:53.572535: Current epoch: 159, loss: 0.8140296936035156, validation loss: 4.812245845794678
2024-04-10 12:39:55.816080:2024-04-10 12:39:55.816006: Current epoch: 160, loss: 0.893254816532135, validation loss: 5.0568766593933105
2024-04-10 12:39:58.096547:2024-04-10 12:39:58.096473: Current epoch: 161, loss: 0.9448813796043396, validation loss: 4.789665222167969
2024-04-10 12:40:00.337611:2024-04-10 12:40:00.337542: Current epoch: 162, loss: 0.8431916236877441, validation loss: 5.042354106903076
2024-04-10 12:40:02.520539:2024-04-10 12:40:02.520465: Current epoch: 163, loss: 0.7806735038757324, validation loss: 4.7024383544921875
2024-04-10 12:40:04.720688:2024-04-10 12:40:04.720613: Current epoch: 164, loss: 0.8117221593856812, validation loss: 4.740361213684082
2024-04-10 12:40:06.977104:2024-04-10 12:40:06.977029: Current epoch: 165, loss: 0.8266163468360901, validation loss: 4.839630126953125
2024-04-10 12:40:09.208947:2024-04-10 12:40:09.208871: Current epoch: 166, loss: 0.8829233646392822, validation loss: 4.7105255126953125
2024-04-10 12:40:11.379820:2024-04-10 12:40:11.379740: Current epoch: 167, loss: 0.8501226902008057, validation loss: 4.84122896194458
2024-04-10 12:40:13.624434:2024-04-10 12:40:13.624344: Current epoch: 168, loss: 0.8506573438644409, validation loss: 4.8596978187561035
2024-04-10 12:40:15.912208:2024-04-10 12:40:15.912133: Current epoch: 169, loss: 0.8043150305747986, validation loss: 4.622129917144775
2024-04-10 12:40:18.221604:2024-04-10 12:40:18.221475: Current epoch: 170, loss: 0.8840553760528564, validation loss: 4.761078357696533
2024-04-10 12:40:20.557606:2024-04-10 12:40:20.557531: Current epoch: 171, loss: 0.9138043522834778, validation loss: 4.888613700866699
2024-04-10 12:40:22.873469:2024-04-10 12:40:22.873393: Current epoch: 172, loss: 0.9636409282684326, validation loss: 4.9065093994140625
2024-04-10 12:40:25.126105:2024-04-10 12:40:25.126030: Current epoch: 173, loss: 0.8267645239830017, validation loss: 4.8160552978515625
2024-04-10 12:40:27.327749:2024-04-10 12:40:27.327675: Current epoch: 174, loss: 0.8460644483566284, validation loss: 4.649783134460449
2024-04-10 12:40:29.532216:2024-04-10 12:40:29.532123: Current epoch: 175, loss: 0.781525194644928, validation loss: 4.778446674346924
2024-04-10 12:40:31.769514:2024-04-10 12:40:31.769438: Current epoch: 176, loss: 0.7468752861022949, validation loss: 4.797730445861816
2024-04-10 12:40:33.925867:2024-04-10 12:40:33.925806: Current epoch: 177, loss: 0.7063660621643066, validation loss: 4.7592082023620605
2024-04-10 12:40:36.167044:2024-04-10 12:40:36.166969: Current epoch: 178, loss: 0.7617247104644775, validation loss: 4.763516902923584
2024-04-10 12:40:38.522401:2024-04-10 12:40:38.522328: Current epoch: 179, loss: 0.7283850312232971, validation loss: 4.824555397033691
2024-04-10 12:40:40.865767:2024-04-10 12:40:40.865691: Current epoch: 180, loss: 0.8404628038406372, validation loss: 4.832299709320068
2024-04-10 12:40:43.056762:2024-04-10 12:40:43.056685: Current epoch: 181, loss: 0.9057896137237549, validation loss: 4.763199806213379
2024-04-10 12:40:45.294484:2024-04-10 12:40:45.294411: Current epoch: 182, loss: 0.8441229462623596, validation loss: 4.557179927825928
2024-04-10 12:40:47.499069:2024-04-10 12:40:47.498997: Current epoch: 183, loss: 0.9237277507781982, validation loss: 4.8689117431640625
2024-04-10 12:40:49.815075:2024-04-10 12:40:49.815001: Current epoch: 184, loss: 0.8124827742576599, validation loss: 4.763216495513916
2024-04-10 12:40:51.998658:2024-04-10 12:40:51.998583: Current epoch: 185, loss: 0.6828625202178955, validation loss: 4.704470634460449
2024-04-10 12:40:54.229672:2024-04-10 12:40:54.229600: Current epoch: 186, loss: 0.8003385663032532, validation loss: 4.8995490074157715
2024-04-10 12:40:56.449819:2024-04-10 12:40:56.449745: Current epoch: 187, loss: 0.7840738892555237, validation loss: 5.013432025909424
2024-04-10 12:40:58.655204:2024-04-10 12:40:58.655071: Current epoch: 188, loss: 0.9381580948829651, validation loss: 4.931153774261475
2024-04-10 12:41:00.914061:2024-04-10 12:41:00.913987: Current epoch: 189, loss: 0.914203405380249, validation loss: 4.736992359161377
2024-04-10 12:41:03.169544:2024-04-10 12:41:03.169468: Current epoch: 190, loss: 0.7073298692703247, validation loss: 4.748447418212891
2024-04-10 12:41:05.475865:2024-04-10 12:41:05.475791: Current epoch: 191, loss: 0.6679482460021973, validation loss: 4.709566116333008
2024-04-10 12:41:07.738551:2024-04-10 12:41:07.738477: Current epoch: 192, loss: 0.6649490594863892, validation loss: 4.721024036407471
2024-04-10 12:41:10.011109:2024-04-10 12:41:10.011010: Current epoch: 193, loss: 0.6837530136108398, validation loss: 4.624210357666016
2024-04-10 12:41:12.252499:2024-04-10 12:41:12.252361: Current epoch: 194, loss: 0.7030957937240601, validation loss: 4.7084174156188965
2024-04-10 12:41:14.446665:2024-04-10 12:41:14.446571: Current epoch: 195, loss: 0.7034913897514343, validation loss: 4.776377201080322
2024-04-10 12:41:16.776126:2024-04-10 12:41:16.776038: Current epoch: 196, loss: 0.6970357894897461, validation loss: 4.673410892486572
2024-04-10 12:41:18.981951:2024-04-10 12:41:18.981830: Current epoch: 197, loss: 0.6575740575790405, validation loss: 4.635458946228027
2024-04-10 12:41:21.241603:2024-04-10 12:41:21.241508: Current epoch: 198, loss: 0.6707108020782471, validation loss: 4.568539142608643
2024-04-10 12:41:23.427911:2024-04-10 12:41:23.427838: Current epoch: 199, loss: 0.689849317073822, validation loss: 4.718138217926025
2024-04-10 12:41:25.734957:2024-04-10 12:41:25.734884: Current epoch: 200, loss: 0.7128511071205139, validation loss: 4.626928329467773
2024-04-10 12:41:28.016752:2024-04-10 12:41:28.016663: Current epoch: 201, loss: 0.8284658193588257, validation loss: 4.9578094482421875
2024-04-10 12:41:30.286000:2024-04-10 12:41:30.285928: Current epoch: 202, loss: 0.7718170285224915, validation loss: 4.730507850646973
2024-04-10 12:41:32.609853:2024-04-10 12:41:32.609783: Current epoch: 203, loss: 0.6993938684463501, validation loss: 4.810342788696289
2024-04-10 12:41:34.825559:2024-04-10 12:41:34.825491: Current epoch: 204, loss: 0.7212262153625488, validation loss: 4.809998989105225
2024-04-10 12:41:37.031610:2024-04-10 12:41:37.031489: Current epoch: 205, loss: 0.7586709260940552, validation loss: 4.770972728729248
2024-04-10 12:41:39.303021:2024-04-10 12:41:39.302918: Current epoch: 206, loss: 0.8107879161834717, validation loss: 4.7226715087890625
2024-04-10 12:41:41.563225:2024-04-10 12:41:41.563152: Current epoch: 207, loss: 0.8129991888999939, validation loss: 4.995327472686768
2024-04-10 12:41:43.812929:2024-04-10 12:41:43.812854: Current epoch: 208, loss: 1.0343972444534302, validation loss: 4.9122724533081055
2024-04-10 12:41:46.163806:2024-04-10 12:41:46.163732: Current epoch: 209, loss: 0.9486866593360901, validation loss: 4.74442195892334
2024-04-10 12:41:48.419579:2024-04-10 12:41:48.419509: Current epoch: 210, loss: 0.8339816927909851, validation loss: 4.762861728668213
2024-04-10 12:41:50.699979:2024-04-10 12:41:50.699933: Current epoch: 211, loss: 0.6729554533958435, validation loss: 4.581509590148926
2024-04-10 12:41:53.037709:2024-04-10 12:41:53.037633: Current epoch: 212, loss: 0.6666101217269897, validation loss: 4.6181745529174805
2024-04-10 12:41:55.274863:2024-04-10 12:41:55.274705: Current epoch: 213, loss: 0.6549497842788696, validation loss: 4.852677345275879
2024-04-10 12:41:57.587217:2024-04-10 12:41:57.587142: Current epoch: 214, loss: 0.7965379953384399, validation loss: 4.728024482727051
2024-04-10 12:41:59.888638:2024-04-10 12:41:59.888568: Current epoch: 215, loss: 0.6588100790977478, validation loss: 4.76016902923584
2024-04-10 12:42:02.123328:2024-04-10 12:42:02.123242: Current epoch: 216, loss: 0.629847526550293, validation loss: 4.784969806671143
2024-04-10 12:42:04.342192:2024-04-10 12:42:04.342116: Current epoch: 217, loss: 0.6061680316925049, validation loss: 4.78463077545166
2024-04-10 12:42:06.619269:2024-04-10 12:42:06.619195: Current epoch: 218, loss: 0.5919253826141357, validation loss: 4.73596715927124
2024-04-10 12:42:08.843233:2024-04-10 12:42:08.843157: Current epoch: 219, loss: 0.6269357204437256, validation loss: 4.644097328186035
2024-04-10 12:42:11.024925:2024-04-10 12:42:11.024852: Current epoch: 220, loss: 0.6966266632080078, validation loss: 4.869568824768066
2024-04-10 12:42:13.230420:2024-04-10 12:42:13.230251: Current epoch: 221, loss: 0.6845802664756775, validation loss: 4.791423797607422
2024-04-10 12:42:15.550982:2024-04-10 12:42:15.550864: Current epoch: 222, loss: 0.6574276685714722, validation loss: 4.735151767730713
2024-04-10 12:42:17.876040:2024-04-10 12:42:17.875947: Current epoch: 223, loss: 0.621506929397583, validation loss: 4.758646488189697
2024-04-10 12:42:20.072515:2024-04-10 12:42:20.072394: Current epoch: 224, loss: 0.6227347254753113, validation loss: 4.660898685455322
2024-04-10 12:42:22.358385:2024-04-10 12:42:22.358258: Current epoch: 225, loss: 0.7171457409858704, validation loss: 4.751957416534424
2024-04-10 12:42:24.596220:2024-04-10 12:42:24.596146: Current epoch: 226, loss: 0.6906662583351135, validation loss: 4.88376522064209
2024-04-10 12:42:26.837345:2024-04-10 12:42:26.837249: Current epoch: 227, loss: 0.7496345639228821, validation loss: 5.005673408508301
2024-04-10 12:42:29.098339:2024-04-10 12:42:29.098247: Current epoch: 228, loss: 0.7705385684967041, validation loss: 4.640693664550781
2024-04-10 12:42:31.299379:2024-04-10 12:42:31.299215: Current epoch: 229, loss: 0.689445972442627, validation loss: 4.894362449645996
2024-04-10 12:42:33.618631:2024-04-10 12:42:33.618477: Current epoch: 230, loss: 0.8328776955604553, validation loss: 4.843166828155518
2024-04-10 12:42:35.822963:2024-04-10 12:42:35.822887: Current epoch: 231, loss: 0.6543613076210022, validation loss: 4.731114864349365
2024-04-10 12:42:38.038366:2024-04-10 12:42:38.038267: Current epoch: 232, loss: 0.6567460298538208, validation loss: 4.727297306060791
2024-04-10 12:42:40.205368:2024-04-10 12:42:40.205256: Current epoch: 233, loss: 0.6657178997993469, validation loss: 4.899763107299805
2024-04-10 12:42:42.520819:2024-04-10 12:42:42.520753: Current epoch: 234, loss: 0.7305814027786255, validation loss: 4.891628265380859
2024-04-10 12:42:44.842403:2024-04-10 12:42:44.842334: Current epoch: 235, loss: 0.7477023601531982, validation loss: 4.715911388397217
2024-04-10 12:42:47.102769:2024-04-10 12:42:47.102621: Current epoch: 236, loss: 0.6612018346786499, validation loss: 4.6487932205200195
2024-04-10 12:42:49.367621:2024-04-10 12:42:49.367547: Current epoch: 237, loss: 0.6483408212661743, validation loss: 4.772373199462891
2024-04-10 12:42:51.633230:2024-04-10 12:42:51.633156: Current epoch: 238, loss: 0.7988649010658264, validation loss: 4.867768287658691
2024-04-10 12:42:53.892352:2024-04-10 12:42:53.892260: Current epoch: 239, loss: 0.8284895420074463, validation loss: 5.090916156768799
2024-04-10 12:42:56.053106:2024-04-10 12:42:56.053033: Current epoch: 240, loss: 0.6892356872558594, validation loss: 5.203505992889404
2024-04-10 12:42:58.415190:2024-04-10 12:42:58.415058: Current epoch: 241, loss: 0.6877228617668152, validation loss: 4.756634712219238
2024-04-10 12:43:00.596838:2024-04-10 12:43:00.596763: Current epoch: 242, loss: 0.6135969758033752, validation loss: 4.6803741455078125
2024-04-10 12:43:02.785886:2024-04-10 12:43:02.785810: Current epoch: 243, loss: 0.6648115515708923, validation loss: 4.7491960525512695
2024-04-10 12:43:05.036412:2024-04-10 12:43:05.036297: Current epoch: 244, loss: 0.6486957669258118, validation loss: 4.924272060394287
2024-04-10 12:43:07.245191:2024-04-10 12:43:07.245116: Current epoch: 245, loss: 0.7341798543930054, validation loss: 4.766704082489014
2024-04-10 12:43:09.437154:2024-04-10 12:43:09.436998: Current epoch: 246, loss: 0.8724798560142517, validation loss: 4.946167469024658
2024-04-10 12:43:11.650886:2024-04-10 12:43:11.650730: Current epoch: 247, loss: 1.1974670886993408, validation loss: 4.884617805480957
2024-04-10 12:43:13.970438:2024-04-10 12:43:13.970363: Current epoch: 248, loss: 0.7220020890235901, validation loss: 4.712982654571533
2024-04-10 12:43:16.211458:2024-04-10 12:43:16.211312: Current epoch: 249, loss: 0.579986572265625, validation loss: 4.955132484436035
2024-04-10 12:43:18.467766:2024-04-10 12:43:18.467692: Current epoch: 250, loss: 0.6040322184562683, validation loss: 4.936001777648926
2024-04-10 12:43:20.766996:2024-04-10 12:43:20.766863: Current epoch: 251, loss: 0.6168547868728638, validation loss: 4.671318531036377
2024-04-10 12:43:23.021691:2024-04-10 12:43:23.021605: Current epoch: 252, loss: 0.5931020975112915, validation loss: 4.747248649597168
2024-04-10 12:43:25.310725:2024-04-10 12:43:25.310651: Current epoch: 253, loss: 0.5957529544830322, validation loss: 4.607733726501465
2024-04-10 12:43:27.659622:2024-04-10 12:43:27.659528: Current epoch: 254, loss: 0.5594454407691956, validation loss: 4.717175006866455
2024-04-10 12:43:27.837415:the test error is  [4.887406349182129, 4.887406349182129]
2024-04-10 12:43:30.099895:saved model to sample/alignn_bert-base-uncased_chemnlp_prop_slme
2024-04-10 12:43:30.388101:done