
2024-04-10 23:25:15.263213:job config: {'train_data_path': '/data/yll6162/alignntl_dft_3d/tl_dataset/dataset_alignn_bert-base-uncased_robo_prop_spillage_train.csv', 'val_data_path': '/data/yll6162/alignntl_dft_3d/tl_dataset/dataset_alignn_bert-base-uncased_robo_prop_spillage_val.csv', 'test_data_path': '/data/yll6162/alignntl_dft_3d/tl_dataset/dataset_alignn_bert-base-uncased_robo_prop_spillage_test.csv', 'label': 'spillage', 'input_type': None, 'log_folder': 'log', 'log_file': 'alignn_bert-base-uncased_robo_prop_spillage.log', 'test_metric': 'mae', 'architecture': '1024Rx4D-512Rx3D-256Rx3D-128Rx3D-64Rx2-32Rx1-1', 'model_seed': 0, 'loss_type': 'mae', 'config_file': 'sample/alignn_bert-base-uncased_robo_prop_spillage_job.config', 'use_valid': True, 'project': 'MOF', 'regressors': None, 'input_types': None, 'paramsGrid': {'optimizer': 'Adam', 'learning_rate': 0.0001, 'patience': 100, 'dropouts': [0.8, 0.9, 0.7, 0.8], 'EVAL_FREQUENCY': 1000}, 'save_path': 'sample/alignn_bert-base-uncased_robo_prop_spillage', 'model_path': None, 'last_layer_with_weight': True, 'keras_path': 'model/alignn_bert-base-uncased_robo_prop_spillage', 'test_size': None, 'val_size': None}
2024-04-10 23:25:15.263440:train data path is  /data/yll6162/alignntl_dft_3d/tl_dataset/dataset_alignn_bert-base-uncased_robo_prop_spillage_train.csv
2024-04-10 23:25:17.450178:input attribute sets are:  None
2024-04-10 23:25:17.450599:test data path is  /data/yll6162/alignntl_dft_3d/tl_dataset/dataset_alignn_bert-base-uncased_robo_prop_spillage_test.csv
2024-04-10 23:25:17.775023:val data path is  /data/yll6162/alignntl_dft_3d/tl_dataset/dataset_alignn_bert-base-uncased_robo_prop_spillage_val.csv
2024-04-10 23:25:18.091445:input attributes are:  Index(['0', '1', '2', '3', '4', '5', '6', '7', '8', '9',
       ...
       '758.1', '759.1', '760.1', '761.1', '762.1', '763.1', '764.1', '765.1',
       '766.1', '767.1'],
      dtype='object', length=1536)
2024-04-10 23:25:18.091557:label: spillage
2024-04-10 23:25:26.731213: train, test, valid sizes:  (9041, 1536) (9041,) (1131, 1536) (1131,) (1131, 1536) (1131,)
2024-04-10 23:25:26.776101:train matrix shape of train_X:  (9041, 1536)  train_y:  (9041,)
2024-04-10 23:25:26.776249:valid matrix shape of train_X:  (1131, 1536)  valid_y:  (1131,)
2024-04-10 23:25:26.776308:test matrix shape of valid_X:   (1131, 1536)  test_y:  (1131,)
2024-04-10 23:25:26.776344:architecture is:  1024Rx4D-512Rx3D-256Rx3D-128Rx3D-64Rx2-32Rx1-1
2024-04-10 23:25:26.776382:learning rate is  0.0001
2024-04-10 23:25:26.776414:model path is  None
2024-04-10 23:25:26.786698:adding fully connected layers with 1024 outputs
2024-04-10 23:25:28.774130:adding residual with fc as the size are different
2024-04-10 23:25:28.781577:adding fully connected layers with 1024 outputs
2024-04-10 23:25:28.786982:adding residual, both sizes are same
2024-04-10 23:25:28.789022:adding fully connected layers with 1024 outputs
2024-04-10 23:25:28.794229:adding residual, both sizes are same
2024-04-10 23:25:28.796182:adding fully connected layers with 1024 outputs
2024-04-10 23:25:28.801221:adding residual, both sizes are same
2024-04-10 23:25:28.803264:adding dropout 0.8
2024-04-10 23:25:28.807744:adding fully connected layers with 512 outputs
2024-04-10 23:25:28.813001:adding residual with fc as the size are different
2024-04-10 23:25:28.820343:adding fully connected layers with 512 outputs
2024-04-10 23:25:28.825514:adding residual, both sizes are same
2024-04-10 23:25:28.827463:adding fully connected layers with 512 outputs
2024-04-10 23:25:28.832646:adding residual, both sizes are same
2024-04-10 23:25:28.834600:adding dropout 0.9
2024-04-10 23:25:28.836257:adding fully connected layers with 256 outputs
2024-04-10 23:25:28.841562:adding residual with fc as the size are different
2024-04-10 23:25:28.848294:adding fully connected layers with 256 outputs
2024-04-10 23:25:28.853595:adding residual, both sizes are same
2024-04-10 23:25:28.858293:adding fully connected layers with 256 outputs
2024-04-10 23:25:28.870089:adding residual, both sizes are same
2024-04-10 23:25:28.872527:adding dropout 0.7
2024-04-10 23:25:28.874636:adding fully connected layers with 128 outputs
2024-04-10 23:25:28.880361:adding residual with fc as the size are different
2024-04-10 23:25:28.886721:adding fully connected layers with 128 outputs
2024-04-10 23:25:28.891600:adding residual, both sizes are same
2024-04-10 23:25:28.893416:adding fully connected layers with 128 outputs
2024-04-10 23:25:28.898065:adding residual, both sizes are same
2024-04-10 23:25:28.900135:adding dropout 0.8
2024-04-10 23:25:28.901735:adding fully connected layers with 64 outputs
2024-04-10 23:25:28.906669:adding residual with fc as the size are different
2024-04-10 23:25:28.920983:adding fully connected layers with 64 outputs
2024-04-10 23:25:28.928295:adding residual, both sizes are same
2024-04-10 23:25:28.930094:adding fully connected layers with 32 outputs
2024-04-10 23:25:28.934946:adding residual with fc as the size are different
2024-04-10 23:25:28.941223:adding final layer with 1 output
2024-04-10 23:25:28.950679:Model: "ElemNet"
2024-04-10 23:25:28.950747:__________________________________________________________________________________________________
2024-04-10 23:25:28.950796:Layer (type)                    Output Shape         Param #     Connected to                     
2024-04-10 23:25:28.950831:==================================================================================================
2024-04-10 23:25:28.951037:elemental_fractions (InputLayer [(None, 1536)]       0                                            
2024-04-10 23:25:28.951081:__________________________________________________________________________________________________
2024-04-10 23:25:28.951232:fc0_0 (Dense)                   (None, 1024)         1573888     elemental_fractions[0][0]        
2024-04-10 23:25:28.951284:__________________________________________________________________________________________________
2024-04-10 23:25:28.951397:fc0_dim_0 (Dense)               (None, 1024)         1573888     elemental_fractions[0][0]        
2024-04-10 23:25:28.951439:__________________________________________________________________________________________________
2024-04-10 23:25:28.951518:tf.__operators__.add (TFOpLambd (None, 1024)         0           fc0_0[0][0]                      
2024-04-10 23:25:28.951561:                                                                 fc0_dim_0[0][0]                  
2024-04-10 23:25:28.951595:__________________________________________________________________________________________________
2024-04-10 23:25:28.951696:fc0_1 (Dense)                   (None, 1024)         1049600     tf.__operators__.add[0][0]       
2024-04-10 23:25:28.951736:__________________________________________________________________________________________________
2024-04-10 23:25:28.951810:tf.__operators__.add_1 (TFOpLam (None, 1024)         0           fc0_1[0][0]                      
2024-04-10 23:25:28.951852:                                                                 tf.__operators__.add[0][0]       
2024-04-10 23:25:28.951886:__________________________________________________________________________________________________
2024-04-10 23:25:28.951984:fc0_2 (Dense)                   (None, 1024)         1049600     tf.__operators__.add_1[0][0]     
2024-04-10 23:25:28.952023:__________________________________________________________________________________________________
2024-04-10 23:25:28.952096:tf.__operators__.add_2 (TFOpLam (None, 1024)         0           fc0_2[0][0]                      
2024-04-10 23:25:28.952137:                                                                 tf.__operators__.add_1[0][0]     
2024-04-10 23:25:28.952171:__________________________________________________________________________________________________
2024-04-10 23:25:28.952268:fc0_3 (Dense)                   (None, 1024)         1049600     tf.__operators__.add_2[0][0]     
2024-04-10 23:25:28.952315:__________________________________________________________________________________________________
2024-04-10 23:25:28.952390:tf.__operators__.add_3 (TFOpLam (None, 1024)         0           fc0_3[0][0]                      
2024-04-10 23:25:28.952436:                                                                 tf.__operators__.add_2[0][0]     
2024-04-10 23:25:28.952471:__________________________________________________________________________________________________
2024-04-10 23:25:28.952544:dropout (Dropout)               (None, 1024)         0           tf.__operators__.add_3[0][0]     
2024-04-10 23:25:28.952580:__________________________________________________________________________________________________
2024-04-10 23:25:28.952683:fc1_0 (Dense)                   (None, 512)          524800      dropout[0][0]                    
2024-04-10 23:25:28.952723:__________________________________________________________________________________________________
2024-04-10 23:25:28.952823:fc1_dim_0 (Dense)               (None, 512)          524800      dropout[0][0]                    
2024-04-10 23:25:28.952863:__________________________________________________________________________________________________
2024-04-10 23:25:28.952936:tf.__operators__.add_4 (TFOpLam (None, 512)          0           fc1_0[0][0]                      
2024-04-10 23:25:28.952976:                                                                 fc1_dim_0[0][0]                  
2024-04-10 23:25:28.953011:__________________________________________________________________________________________________
2024-04-10 23:25:28.953108:fc1_1 (Dense)                   (None, 512)          262656      tf.__operators__.add_4[0][0]     
2024-04-10 23:25:28.953149:__________________________________________________________________________________________________
2024-04-10 23:25:28.953222:tf.__operators__.add_5 (TFOpLam (None, 512)          0           fc1_1[0][0]                      
2024-04-10 23:25:28.953262:                                                                 tf.__operators__.add_4[0][0]     
2024-04-10 23:25:28.953304:__________________________________________________________________________________________________
2024-04-10 23:25:28.953567:fc1_2 (Dense)                   (None, 512)          262656      tf.__operators__.add_5[0][0]     
2024-04-10 23:25:28.953699:__________________________________________________________________________________________________
2024-04-10 23:25:28.953913:tf.__operators__.add_6 (TFOpLam (None, 512)          0           fc1_2[0][0]                      
2024-04-10 23:25:28.954010:                                                                 tf.__operators__.add_5[0][0]     
2024-04-10 23:25:28.954090:__________________________________________________________________________________________________
2024-04-10 23:25:28.954254:dropout_1 (Dropout)             (None, 512)          0           tf.__operators__.add_6[0][0]     
2024-04-10 23:25:28.954346:__________________________________________________________________________________________________
2024-04-10 23:25:28.954572:fc2_0 (Dense)                   (None, 256)          131328      dropout_1[0][0]                  
2024-04-10 23:25:28.954656:__________________________________________________________________________________________________
2024-04-10 23:25:28.954864:fc2_dim_0 (Dense)               (None, 256)          131328      dropout_1[0][0]                  
2024-04-10 23:25:28.954946:__________________________________________________________________________________________________
2024-04-10 23:25:28.955098:tf.__operators__.add_7 (TFOpLam (None, 256)          0           fc2_0[0][0]                      
2024-04-10 23:25:28.955182:                                                                 fc2_dim_0[0][0]                  
2024-04-10 23:25:28.955256:__________________________________________________________________________________________________
2024-04-10 23:25:28.955471:fc2_1 (Dense)                   (None, 256)          65792       tf.__operators__.add_7[0][0]     
2024-04-10 23:25:28.955551:__________________________________________________________________________________________________
2024-04-10 23:25:28.955699:tf.__operators__.add_8 (TFOpLam (None, 256)          0           fc2_1[0][0]                      
2024-04-10 23:25:28.955791:                                                                 tf.__operators__.add_7[0][0]     
2024-04-10 23:25:28.955862:__________________________________________________________________________________________________
2024-04-10 23:25:28.956063:fc2_2 (Dense)                   (None, 256)          65792       tf.__operators__.add_8[0][0]     
2024-04-10 23:25:28.956142:__________________________________________________________________________________________________
2024-04-10 23:25:28.956300:tf.__operators__.add_9 (TFOpLam (None, 256)          0           fc2_2[0][0]                      
2024-04-10 23:25:28.956384:                                                                 tf.__operators__.add_8[0][0]     
2024-04-10 23:25:28.956455:__________________________________________________________________________________________________
2024-04-10 23:25:28.956596:dropout_2 (Dropout)             (None, 256)          0           tf.__operators__.add_9[0][0]     
2024-04-10 23:25:28.956671:__________________________________________________________________________________________________
2024-04-10 23:25:28.956871:fc3_0 (Dense)                   (None, 128)          32896       dropout_2[0][0]                  
2024-04-10 23:25:28.956949:__________________________________________________________________________________________________
2024-04-10 23:25:28.957145:fc3_dim_0 (Dense)               (None, 128)          32896       dropout_2[0][0]                  
2024-04-10 23:25:28.957225:__________________________________________________________________________________________________
2024-04-10 23:25:28.957378:tf.__operators__.add_10 (TFOpLa (None, 128)          0           fc3_0[0][0]                      
2024-04-10 23:25:28.957460:                                                                 fc3_dim_0[0][0]                  
2024-04-10 23:25:28.957531:__________________________________________________________________________________________________
2024-04-10 23:25:28.957727:fc3_1 (Dense)                   (None, 128)          16512       tf.__operators__.add_10[0][0]    
2024-04-10 23:25:28.957805:__________________________________________________________________________________________________
2024-04-10 23:25:28.957950:tf.__operators__.add_11 (TFOpLa (None, 128)          0           fc3_1[0][0]                      
2024-04-10 23:25:28.958032:                                                                 tf.__operators__.add_10[0][0]    
2024-04-10 23:25:28.958101:__________________________________________________________________________________________________
2024-04-10 23:25:28.958304:fc3_2 (Dense)                   (None, 128)          16512       tf.__operators__.add_11[0][0]    
2024-04-10 23:25:28.958383:__________________________________________________________________________________________________
2024-04-10 23:25:28.958527:tf.__operators__.add_12 (TFOpLa (None, 128)          0           fc3_2[0][0]                      
2024-04-10 23:25:28.958608:                                                                 tf.__operators__.add_11[0][0]    
2024-04-10 23:25:28.958677:__________________________________________________________________________________________________
2024-04-10 23:25:28.958815:dropout_3 (Dropout)             (None, 128)          0           tf.__operators__.add_12[0][0]    
2024-04-10 23:25:28.958888:__________________________________________________________________________________________________
2024-04-10 23:25:28.959081:fc4_0 (Dense)                   (None, 64)           8256        dropout_3[0][0]                  
2024-04-10 23:25:28.959170:__________________________________________________________________________________________________
2024-04-10 23:25:28.959365:fc4_dim_0 (Dense)               (None, 64)           8256        dropout_3[0][0]                  
2024-04-10 23:25:28.959441:__________________________________________________________________________________________________
2024-04-10 23:25:28.959587:tf.__operators__.add_13 (TFOpLa (None, 64)           0           fc4_0[0][0]                      
2024-04-10 23:25:28.959664:                                                                 fc4_dim_0[0][0]                  
2024-04-10 23:25:28.959730:__________________________________________________________________________________________________
2024-04-10 23:25:28.959913:fc4_1 (Dense)                   (None, 64)           4160        tf.__operators__.add_13[0][0]    
2024-04-10 23:25:28.959987:__________________________________________________________________________________________________
2024-04-10 23:25:28.960124:tf.__operators__.add_14 (TFOpLa (None, 64)           0           fc4_1[0][0]                      
2024-04-10 23:25:28.960201:                                                                 tf.__operators__.add_13[0][0]    
2024-04-10 23:25:28.960267:__________________________________________________________________________________________________
2024-04-10 23:25:28.960463:fc5_0 (Dense)                   (None, 32)           2080        tf.__operators__.add_14[0][0]    
2024-04-10 23:25:28.960538:__________________________________________________________________________________________________
2024-04-10 23:25:28.960721:fc5_dim_0 (Dense)               (None, 32)           2080        tf.__operators__.add_14[0][0]    
2024-04-10 23:25:28.960795:__________________________________________________________________________________________________
2024-04-10 23:25:28.960932:tf.__operators__.add_15 (TFOpLa (None, 32)           0           fc5_0[0][0]                      
2024-04-10 23:25:28.961010:                                                                 fc5_dim_0[0][0]                  
2024-04-10 23:25:28.961076:__________________________________________________________________________________________________
2024-04-10 23:25:28.961258:fc6 (Dense)                     (None, 1)            33          tf.__operators__.add_15[0][0]    
2024-04-10 23:25:28.961341:==================================================================================================
2024-04-10 23:25:28.962514:Total params: 8,389,409
2024-04-10 23:25:28.962601:Trainable params: 8,389,409
2024-04-10 23:25:28.962671:Non-trainable params: 0
2024-04-10 23:25:28.962736:__________________________________________________________________________________________________
2024-04-10 23:25:28.975660:start training
2024-04-10 23:25:33.147940:2024-04-10 23:25:33.147885: Current epoch: 0, loss: 5.2166361808776855, validation loss: 2.620560884475708
2024-04-10 23:25:35.828739:2024-04-10 23:25:35.828682: Current epoch: 1, loss: 1.5852769613265991, validation loss: 2.541085720062256
2024-04-10 23:25:38.542867:2024-04-10 23:25:38.542807: Current epoch: 2, loss: 1.0654642581939697, validation loss: 0.8683009743690491
2024-04-10 23:25:41.173708:2024-04-10 23:25:41.173657: Current epoch: 3, loss: 0.8581605553627014, validation loss: 0.7544708251953125
2024-04-10 23:25:43.820501:2024-04-10 23:25:43.820449: Current epoch: 4, loss: 0.7021706104278564, validation loss: 0.5670339465141296
2024-04-10 23:25:46.448153:2024-04-10 23:25:46.447992: Current epoch: 5, loss: 0.6306332349777222, validation loss: 0.9784172177314758
2024-04-10 23:25:49.131319:2024-04-10 23:25:49.131152: Current epoch: 6, loss: 0.5679660439491272, validation loss: 0.6442320346832275
2024-04-10 23:25:51.791455:2024-04-10 23:25:51.791290: Current epoch: 7, loss: 0.5394161343574524, validation loss: 0.6385681629180908
2024-04-10 23:25:54.578358:2024-04-10 23:25:54.578202: Current epoch: 8, loss: 0.5169516205787659, validation loss: 0.6024848818778992
2024-04-10 23:25:57.382783:2024-04-10 23:25:57.382705: Current epoch: 9, loss: 0.5013676285743713, validation loss: 0.5427807569503784
2024-04-10 23:26:02.498752:2024-04-10 23:26:02.498685: Current epoch: 10, loss: 0.5063714981079102, validation loss: 0.5199869871139526
2024-04-10 23:26:05.072528:2024-04-10 23:26:05.072453: Current epoch: 11, loss: 0.48369887471199036, validation loss: 0.7925982475280762
2024-04-10 23:26:07.724926:2024-04-10 23:26:07.724877: Current epoch: 12, loss: 0.4394329786300659, validation loss: 0.45367950201034546
2024-04-10 23:26:10.406769:2024-04-10 23:26:10.406696: Current epoch: 13, loss: 0.4483906924724579, validation loss: 0.43706777691841125
2024-04-10 23:26:13.106384:2024-04-10 23:26:13.106301: Current epoch: 14, loss: 0.3970066010951996, validation loss: 0.4099483788013458
2024-04-10 23:26:15.851159:2024-04-10 23:26:15.851056: Current epoch: 15, loss: 0.4183214008808136, validation loss: 0.41728946566581726
2024-04-10 23:26:18.591580:2024-04-10 23:26:18.591504: Current epoch: 16, loss: 0.43656226992607117, validation loss: 0.3925250768661499
2024-04-10 23:26:21.409209:2024-04-10 23:26:21.409046: Current epoch: 17, loss: 0.3930595815181732, validation loss: 0.41477909684181213
2024-04-10 23:26:24.095198:2024-04-10 23:26:24.095038: Current epoch: 18, loss: 0.40644896030426025, validation loss: 0.42799004912376404
2024-04-10 23:26:26.770378:2024-04-10 23:26:26.770200: Current epoch: 19, loss: 0.3880971074104309, validation loss: 0.42425206303596497
2024-04-10 23:26:31.894825:2024-04-10 23:26:31.894747: Current epoch: 20, loss: 0.36417704820632935, validation loss: 0.39717531204223633
2024-04-10 23:26:34.536551:2024-04-10 23:26:34.536479: Current epoch: 21, loss: 0.3917671740055084, validation loss: 0.5963879823684692
2024-04-10 23:26:37.274202:2024-04-10 23:26:37.274043: Current epoch: 22, loss: 0.3776707649230957, validation loss: 0.4439122676849365
2024-04-10 23:26:40.098482:2024-04-10 23:26:40.098325: Current epoch: 23, loss: 0.35449492931365967, validation loss: 0.38773971796035767
2024-04-10 23:26:42.869307:2024-04-10 23:26:42.869129: Current epoch: 24, loss: 0.3524685204029083, validation loss: 0.47304004430770874
2024-04-10 23:26:45.626789:2024-04-10 23:26:45.626718: Current epoch: 25, loss: 0.34846675395965576, validation loss: 0.4111539125442505
2024-04-10 23:26:48.326984:2024-04-10 23:26:48.326916: Current epoch: 26, loss: 0.34513068199157715, validation loss: 0.38647475838661194
2024-04-10 23:26:51.001890:2024-04-10 23:26:51.001746: Current epoch: 27, loss: 0.34310340881347656, validation loss: 0.5030973553657532
2024-04-10 23:26:53.652740:2024-04-10 23:26:53.652670: Current epoch: 28, loss: 0.36032697558403015, validation loss: 0.3839825987815857
2024-04-10 23:26:56.543113:2024-04-10 23:26:56.543034: Current epoch: 29, loss: 0.33976316452026367, validation loss: 0.3802323341369629
2024-04-10 23:27:01.696373:2024-04-10 23:27:01.696196: Current epoch: 30, loss: 0.34023523330688477, validation loss: 0.4321167767047882
2024-04-10 23:27:04.546694:2024-04-10 23:27:04.546560: Current epoch: 31, loss: 0.3205093443393707, validation loss: 0.40714776515960693
2024-04-10 23:27:07.269927:2024-04-10 23:27:07.269855: Current epoch: 32, loss: 0.31001153588294983, validation loss: 0.42745450139045715
2024-04-10 23:27:09.984753:2024-04-10 23:27:09.984696: Current epoch: 33, loss: 0.31400439143180847, validation loss: 0.3777001202106476
2024-04-10 23:27:12.667675:2024-04-10 23:27:12.667625: Current epoch: 34, loss: 0.31065091490745544, validation loss: 0.3754192292690277
2024-04-10 23:27:15.341388:2024-04-10 23:27:15.341223: Current epoch: 35, loss: 0.29727739095687866, validation loss: 0.41113895177841187
2024-04-10 23:27:17.994595:2024-04-10 23:27:17.994437: Current epoch: 36, loss: 0.30691787600517273, validation loss: 0.39069005846977234
2024-04-10 23:27:20.712103:2024-04-10 23:27:20.712022: Current epoch: 37, loss: 0.2938081920146942, validation loss: 0.3495278060436249
2024-04-10 23:27:23.374038:2024-04-10 23:27:23.373892: Current epoch: 38, loss: 0.2820475399494171, validation loss: 0.37173521518707275
2024-04-10 23:27:26.035564:2024-04-10 23:27:26.035407: Current epoch: 39, loss: 0.28531599044799805, validation loss: 0.36009058356285095
2024-04-10 23:27:31.110189:2024-04-10 23:27:31.110108: Current epoch: 40, loss: 0.272004634141922, validation loss: 0.40908315777778625
2024-04-10 23:27:33.780822:2024-04-10 23:27:33.780744: Current epoch: 41, loss: 0.27003175020217896, validation loss: 0.36523622274398804
2024-04-10 23:27:36.395842:2024-04-10 23:27:36.395764: Current epoch: 42, loss: 0.2643091380596161, validation loss: 0.37400126457214355
2024-04-10 23:27:39.174782:2024-04-10 23:27:39.174646: Current epoch: 43, loss: 0.2730044722557068, validation loss: 0.390892893075943
2024-04-10 23:27:41.981463:2024-04-10 23:27:41.981159: Current epoch: 44, loss: 0.2656645178794861, validation loss: 0.41968777775764465
2024-04-10 23:27:44.606941:2024-04-10 23:27:44.606844: Current epoch: 45, loss: 0.2574313282966614, validation loss: 0.3652975559234619
2024-04-10 23:27:47.196056:2024-04-10 23:27:47.195896: Current epoch: 46, loss: 0.24529942870140076, validation loss: 0.368868887424469
2024-04-10 23:27:49.937089:2024-04-10 23:27:49.936956: Current epoch: 47, loss: 0.23989124596118927, validation loss: 0.3578590154647827
2024-04-10 23:27:52.676905:2024-04-10 23:27:52.676778: Current epoch: 48, loss: 0.23562708497047424, validation loss: 0.36716654896736145
2024-04-10 23:27:55.314832:2024-04-10 23:27:55.314706: Current epoch: 49, loss: 0.23230457305908203, validation loss: 0.3945342004299164
2024-04-10 23:27:57.992580:2024-04-10 23:27:57.992448: Current epoch: 50, loss: 0.23179779946804047, validation loss: 0.36071836948394775
2024-04-10 23:28:00.614255:2024-04-10 23:28:00.614195: Current epoch: 51, loss: 0.2235599160194397, validation loss: 0.3477054536342621
2024-04-10 23:28:03.295173:2024-04-10 23:28:03.295063: Current epoch: 52, loss: 0.21612289547920227, validation loss: 0.37274277210235596
2024-04-10 23:28:05.926920:2024-04-10 23:28:05.926823: Current epoch: 53, loss: 0.2233472764492035, validation loss: 0.3756653666496277
2024-04-10 23:28:08.570718:2024-04-10 23:28:08.570618: Current epoch: 54, loss: 0.21749810874462128, validation loss: 0.3587619662284851
2024-04-10 23:28:11.122542:2024-04-10 23:28:11.122473: Current epoch: 55, loss: 0.20347556471824646, validation loss: 0.36987850069999695
2024-04-10 23:28:13.754524:2024-04-10 23:28:13.754450: Current epoch: 56, loss: 0.20878638327121735, validation loss: 0.36817899346351624
2024-04-10 23:28:16.507250:2024-04-10 23:28:16.507173: Current epoch: 57, loss: 0.20159690082073212, validation loss: 0.3527967035770416
2024-04-10 23:28:19.196404:2024-04-10 23:28:19.196254: Current epoch: 58, loss: 0.20176568627357483, validation loss: 0.36644089221954346
2024-04-10 23:28:21.876008:2024-04-10 23:28:21.875912: Current epoch: 59, loss: 0.19930900633335114, validation loss: 0.38937920331954956
2024-04-10 23:28:24.476013:2024-04-10 23:28:24.475955: Current epoch: 60, loss: 0.19703207910060883, validation loss: 0.3408671021461487
2024-04-10 23:28:26.944909:2024-04-10 23:28:26.944834: Current epoch: 61, loss: 0.19421614706516266, validation loss: 0.35614028573036194
2024-04-10 23:28:29.428495:2024-04-10 23:28:29.428423: Current epoch: 62, loss: 0.1977040320634842, validation loss: 0.3434649705886841
2024-04-10 23:28:32.035497:2024-04-10 23:28:32.035328: Current epoch: 63, loss: 0.19025851786136627, validation loss: 0.3453421890735626
2024-04-10 23:28:34.569079:2024-04-10 23:28:34.569003: Current epoch: 64, loss: 0.18171006441116333, validation loss: 0.36600860953330994
2024-04-10 23:28:37.204711:2024-04-10 23:28:37.204603: Current epoch: 65, loss: 0.18233519792556763, validation loss: 0.36283013224601746
2024-04-10 23:28:39.763553:2024-04-10 23:28:39.763480: Current epoch: 66, loss: 0.1793038696050644, validation loss: 0.35681381821632385
2024-04-10 23:28:42.332161:2024-04-10 23:28:42.332062: Current epoch: 67, loss: 0.17774371802806854, validation loss: 0.3520805537700653
2024-04-10 23:28:44.978834:2024-04-10 23:28:44.978762: Current epoch: 68, loss: 0.1715788096189499, validation loss: 0.35955506563186646
2024-04-10 23:28:47.639666:2024-04-10 23:28:47.639613: Current epoch: 69, loss: 0.17676463723182678, validation loss: 0.33770236372947693
2024-04-10 23:28:52.834525:2024-04-10 23:28:52.834472: Current epoch: 70, loss: 0.17289623618125916, validation loss: 0.33586055040359497
2024-04-10 23:28:55.422704:2024-04-10 23:28:55.422629: Current epoch: 71, loss: 0.16790682077407837, validation loss: 0.34363389015197754
2024-04-10 23:28:58.075704:2024-04-10 23:28:58.075634: Current epoch: 72, loss: 0.16498808562755585, validation loss: 0.3652344048023224
2024-04-10 23:29:00.726360:2024-04-10 23:29:00.726267: Current epoch: 73, loss: 0.16811351478099823, validation loss: 0.3776068389415741
2024-04-10 23:29:03.388153:2024-04-10 23:29:03.388037: Current epoch: 74, loss: 0.1571207046508789, validation loss: 0.3452450931072235
2024-04-10 23:29:06.022351:2024-04-10 23:29:06.022237: Current epoch: 75, loss: 0.1640203893184662, validation loss: 0.3405369222164154
2024-04-10 23:29:08.643578:2024-04-10 23:29:08.643510: Current epoch: 76, loss: 0.1584770828485489, validation loss: 0.33841440081596375
2024-04-10 23:29:11.223140:2024-04-10 23:29:11.223071: Current epoch: 77, loss: 0.1583758145570755, validation loss: 0.3494044542312622
2024-04-10 23:29:13.904795:2024-04-10 23:29:13.904722: Current epoch: 78, loss: 0.15961404144763947, validation loss: 0.372881144285202
2024-04-10 23:29:16.452262:2024-04-10 23:29:16.452153: Current epoch: 79, loss: 0.15649884939193726, validation loss: 0.3475521504878998
2024-04-10 23:29:19.141557:2024-04-10 23:29:19.141484: Current epoch: 80, loss: 0.15533310174942017, validation loss: 0.34195825457572937
2024-04-10 23:29:21.755921:2024-04-10 23:29:21.755846: Current epoch: 81, loss: 0.14924964308738708, validation loss: 0.340838760137558
2024-04-10 23:29:24.345816:2024-04-10 23:29:24.345708: Current epoch: 82, loss: 0.14351846277713776, validation loss: 0.34901177883148193
2024-04-10 23:29:27.063760:2024-04-10 23:29:27.063685: Current epoch: 83, loss: 0.14946028590202332, validation loss: 0.33727315068244934
2024-04-10 23:29:29.826086:2024-04-10 23:29:29.826031: Current epoch: 84, loss: 0.14632262289524078, validation loss: 0.3350566029548645
2024-04-10 23:29:32.467826:2024-04-10 23:29:32.467774: Current epoch: 85, loss: 0.1426672488451004, validation loss: 0.330959677696228
2024-04-10 23:29:35.174136:2024-04-10 23:29:35.174062: Current epoch: 86, loss: 0.14114248752593994, validation loss: 0.3504800498485565
2024-04-10 23:29:37.805399:2024-04-10 23:29:37.805325: Current epoch: 87, loss: 0.1426074206829071, validation loss: 0.35479119420051575
2024-04-10 23:29:40.364407:2024-04-10 23:29:40.364332: Current epoch: 88, loss: 0.1439366638660431, validation loss: 0.33836039900779724
2024-04-10 23:29:42.997817:2024-04-10 23:29:42.997765: Current epoch: 89, loss: 0.13480006158351898, validation loss: 0.32642561197280884
2024-04-10 23:29:47.983980:2024-04-10 23:29:47.983908: Current epoch: 90, loss: 0.1361135095357895, validation loss: 0.3411264717578888
2024-04-10 23:29:50.647121:2024-04-10 23:29:50.647013: Current epoch: 91, loss: 0.13150611519813538, validation loss: 0.3335840702056885
2024-04-10 23:29:53.108766:2024-04-10 23:29:53.108691: Current epoch: 92, loss: 0.12840279936790466, validation loss: 0.3500904440879822
2024-04-10 23:29:55.809392:2024-04-10 23:29:55.809315: Current epoch: 93, loss: 0.13119558990001678, validation loss: 0.3496175706386566
2024-04-10 23:29:58.434379:2024-04-10 23:29:58.434262: Current epoch: 94, loss: 0.13269847631454468, validation loss: 0.334061861038208
2024-04-10 23:30:01.117056:2024-04-10 23:30:01.116984: Current epoch: 95, loss: 0.12802189588546753, validation loss: 0.34021928906440735
2024-04-10 23:30:03.721000:2024-04-10 23:30:03.720925: Current epoch: 96, loss: 0.12422537058591843, validation loss: 0.35092610120773315
2024-04-10 23:30:06.334424:2024-04-10 23:30:06.334314: Current epoch: 97, loss: 0.1268022358417511, validation loss: 0.3362566828727722
2024-04-10 23:30:08.892438:2024-04-10 23:30:08.892256: Current epoch: 98, loss: 0.1277949959039688, validation loss: 0.35034850239753723
2024-04-10 23:30:11.432887:2024-04-10 23:30:11.432780: Current epoch: 99, loss: 0.12483727186918259, validation loss: 0.34031739830970764
2024-04-10 23:30:14.161111:2024-04-10 23:30:14.161039: Current epoch: 100, loss: 0.11972872912883759, validation loss: 0.35456693172454834
2024-04-10 23:30:16.790309:2024-04-10 23:30:16.790219: Current epoch: 101, loss: 0.12194845825433731, validation loss: 0.34342533349990845
2024-04-10 23:30:19.446703:2024-04-10 23:30:19.446624: Current epoch: 102, loss: 0.11934844404459, validation loss: 0.3526918292045593
2024-04-10 23:30:22.062619:2024-04-10 23:30:22.062465: Current epoch: 103, loss: 0.11882849037647247, validation loss: 0.3425397574901581
2024-04-10 23:30:24.705658:2024-04-10 23:30:24.705584: Current epoch: 104, loss: 0.11377204209566116, validation loss: 0.3508068323135376
2024-04-10 23:30:27.301933:2024-04-10 23:30:27.301861: Current epoch: 105, loss: 0.1121569275856018, validation loss: 0.3410346806049347
2024-04-10 23:30:29.948217:2024-04-10 23:30:29.948144: Current epoch: 106, loss: 0.11122294515371323, validation loss: 0.33272185921669006
2024-04-10 23:30:32.465352:2024-04-10 23:30:32.465267: Current epoch: 107, loss: 0.11093195527791977, validation loss: 0.35511741042137146
2024-04-10 23:30:35.028068:2024-04-10 23:30:35.027995: Current epoch: 108, loss: 0.11382824927568436, validation loss: 0.33589786291122437
2024-04-10 23:30:37.574933:2024-04-10 23:30:37.574781: Current epoch: 109, loss: 0.1109137162566185, validation loss: 0.3476671576499939
2024-04-10 23:30:40.049905:2024-04-10 23:30:40.049831: Current epoch: 110, loss: 0.11144375056028366, validation loss: 0.33760640025138855
2024-04-10 23:30:42.559215:2024-04-10 23:30:42.559140: Current epoch: 111, loss: 0.11070616543292999, validation loss: 0.3490944802761078
2024-04-10 23:30:45.110171:2024-04-10 23:30:45.110097: Current epoch: 112, loss: 0.10911960899829865, validation loss: 0.3417937159538269
2024-04-10 23:30:47.647737:2024-04-10 23:30:47.647663: Current epoch: 113, loss: 0.10550019890069962, validation loss: 0.3386057913303375
2024-04-10 23:30:50.170622:2024-04-10 23:30:50.170548: Current epoch: 114, loss: 0.10392385721206665, validation loss: 0.336699515581131
2024-04-10 23:30:52.673372:2024-04-10 23:30:52.673299: Current epoch: 115, loss: 0.1078355684876442, validation loss: 0.3314681649208069
2024-04-10 23:30:55.176563:2024-04-10 23:30:55.176489: Current epoch: 116, loss: 0.10472362488508224, validation loss: 0.3398149013519287
2024-04-10 23:30:57.740746:2024-04-10 23:30:57.740673: Current epoch: 117, loss: 0.10368014872074127, validation loss: 0.33428752422332764
2024-04-10 23:31:00.359590:2024-04-10 23:31:00.359516: Current epoch: 118, loss: 0.10592691600322723, validation loss: 0.3566838502883911
2024-04-10 23:31:02.888885:2024-04-10 23:31:02.888811: Current epoch: 119, loss: 0.102614626288414, validation loss: 0.34586313366889954
2024-04-10 23:31:05.442570:2024-04-10 23:31:05.442489: Current epoch: 120, loss: 0.10817723721265793, validation loss: 0.3346608877182007
2024-04-10 23:31:07.929647:2024-04-10 23:31:07.929494: Current epoch: 121, loss: 0.10229790210723877, validation loss: 0.33943620324134827
2024-04-10 23:31:10.559218:2024-04-10 23:31:10.559120: Current epoch: 122, loss: 0.09719616174697876, validation loss: 0.33161234855651855
2024-04-10 23:31:13.148641:2024-04-10 23:31:13.148569: Current epoch: 123, loss: 0.09826779365539551, validation loss: 0.33849164843559265
2024-04-10 23:31:15.730876:2024-04-10 23:31:15.730807: Current epoch: 124, loss: 0.09723631292581558, validation loss: 0.33307841420173645
2024-04-10 23:31:18.310751:2024-04-10 23:31:18.310622: Current epoch: 125, loss: 0.09599550813436508, validation loss: 0.33638641238212585
2024-04-10 23:31:20.788939:2024-04-10 23:31:20.788784: Current epoch: 126, loss: 0.10120942443609238, validation loss: 0.34171101450920105
2024-04-10 23:31:23.365310:2024-04-10 23:31:23.365185: Current epoch: 127, loss: 0.09630925953388214, validation loss: 0.3476434051990509
2024-04-10 23:31:25.864729:2024-04-10 23:31:25.864662: Current epoch: 128, loss: 0.0940057709813118, validation loss: 0.33627161383628845
2024-04-10 23:31:28.455319:2024-04-10 23:31:28.455222: Current epoch: 129, loss: 0.0941300019621849, validation loss: 0.36185064911842346
2024-04-10 23:31:31.058676:2024-04-10 23:31:31.058521: Current epoch: 130, loss: 0.09386004507541656, validation loss: 0.33127957582473755
2024-04-10 23:31:33.651828:2024-04-10 23:31:33.651674: Current epoch: 131, loss: 0.09332315623760223, validation loss: 0.33475884795188904
2024-04-10 23:31:36.181049:2024-04-10 23:31:36.180895: Current epoch: 132, loss: 0.0915985181927681, validation loss: 0.33899998664855957
2024-04-10 23:31:38.697462:2024-04-10 23:31:38.697381: Current epoch: 133, loss: 0.09660079330205917, validation loss: 0.3407248258590698
2024-04-10 23:31:41.348662:2024-04-10 23:31:41.348505: Current epoch: 134, loss: 0.0917397066950798, validation loss: 0.33266395330429077
2024-04-10 23:31:43.876775:2024-04-10 23:31:43.876703: Current epoch: 135, loss: 0.089242123067379, validation loss: 0.339942067861557
2024-04-10 23:31:46.421600:2024-04-10 23:31:46.421530: Current epoch: 136, loss: 0.09073060750961304, validation loss: 0.3428919315338135
2024-04-10 23:31:49.019820:2024-04-10 23:31:49.019719: Current epoch: 137, loss: 0.08644331991672516, validation loss: 0.33601269125938416
2024-04-10 23:31:51.556435:2024-04-10 23:31:51.556306: Current epoch: 138, loss: 0.08709322661161423, validation loss: 0.3411056399345398
2024-04-10 23:31:54.224288:2024-04-10 23:31:54.224198: Current epoch: 139, loss: 0.08731431514024734, validation loss: 0.33678072690963745
2024-04-10 23:31:56.978501:2024-04-10 23:31:56.978346: Current epoch: 140, loss: 0.08730655163526535, validation loss: 0.3405243456363678
2024-04-10 23:31:59.725971:2024-04-10 23:31:59.725897: Current epoch: 141, loss: 0.08856820315122604, validation loss: 0.3405981957912445
2024-04-10 23:32:02.424050:2024-04-10 23:32:02.423977: Current epoch: 142, loss: 0.0846053808927536, validation loss: 0.32834234833717346
2024-04-10 23:32:05.093988:2024-04-10 23:32:05.093914: Current epoch: 143, loss: 0.08649543672800064, validation loss: 0.33887219429016113
2024-04-10 23:32:07.692832:2024-04-10 23:32:07.692700: Current epoch: 144, loss: 0.08387571573257446, validation loss: 0.34717196226119995
2024-04-10 23:32:10.276059:2024-04-10 23:32:10.275966: Current epoch: 145, loss: 0.08690567314624786, validation loss: 0.3332521617412567
2024-04-10 23:32:12.815764:2024-04-10 23:32:12.815610: Current epoch: 146, loss: 0.0849580317735672, validation loss: 0.3355424106121063
2024-04-10 23:32:15.489254:2024-04-10 23:32:15.489181: Current epoch: 147, loss: 0.08088870346546173, validation loss: 0.3296724259853363
2024-04-10 23:32:18.165708:2024-04-10 23:32:18.165554: Current epoch: 148, loss: 0.0823962539434433, validation loss: 0.33365893363952637
2024-04-10 23:32:20.803165:2024-04-10 23:32:20.803091: Current epoch: 149, loss: 0.0808369368314743, validation loss: 0.3487028181552887
2024-04-10 23:32:23.460100:2024-04-10 23:32:23.459998: Current epoch: 150, loss: 0.08011940121650696, validation loss: 0.35044461488723755
2024-04-10 23:32:26.093263:2024-04-10 23:32:26.093189: Current epoch: 151, loss: 0.08125844597816467, validation loss: 0.3301734924316406
2024-04-10 23:32:28.569879:2024-04-10 23:32:28.569805: Current epoch: 152, loss: 0.07990571856498718, validation loss: 0.33861735463142395
2024-04-10 23:32:31.212693:2024-04-10 23:32:31.212620: Current epoch: 153, loss: 0.08083666115999222, validation loss: 0.3490030765533447
2024-04-10 23:32:33.642065:2024-04-10 23:32:33.641957: Current epoch: 154, loss: 0.07735494524240494, validation loss: 0.3428182005882263
2024-04-10 23:32:36.177593:2024-04-10 23:32:36.177520: Current epoch: 155, loss: 0.07986230403184891, validation loss: 0.3516213893890381
2024-04-10 23:32:38.724765:2024-04-10 23:32:38.724690: Current epoch: 156, loss: 0.07647193968296051, validation loss: 0.34018126130104065
2024-04-10 23:32:41.359048:2024-04-10 23:32:41.358956: Current epoch: 157, loss: 0.07735615223646164, validation loss: 0.3382261395454407
2024-04-10 23:32:43.881624:2024-04-10 23:32:43.881550: Current epoch: 158, loss: 0.07652664184570312, validation loss: 0.3304845094680786
2024-04-10 23:32:46.513136:2024-04-10 23:32:46.513062: Current epoch: 159, loss: 0.07890138030052185, validation loss: 0.3322198688983917
2024-04-10 23:32:49.204750:2024-04-10 23:32:49.204676: Current epoch: 160, loss: 0.07686126977205276, validation loss: 0.3430752158164978
2024-04-10 23:32:51.755228:2024-04-10 23:32:51.755155: Current epoch: 161, loss: 0.07689523696899414, validation loss: 0.33699265122413635
2024-04-10 23:32:54.260496:2024-04-10 23:32:54.260424: Current epoch: 162, loss: 0.07333624362945557, validation loss: 0.3421998620033264
2024-04-10 23:32:56.841983:2024-04-10 23:32:56.841909: Current epoch: 163, loss: 0.07196739315986633, validation loss: 0.32901686429977417
2024-04-10 23:32:59.511880:2024-04-10 23:32:59.511806: Current epoch: 164, loss: 0.07335560768842697, validation loss: 0.3362997770309448
2024-04-10 23:33:02.192399:2024-04-10 23:33:02.192325: Current epoch: 165, loss: 0.07537925243377686, validation loss: 0.32931333780288696
2024-04-10 23:33:04.817808:2024-04-10 23:33:04.817735: Current epoch: 166, loss: 0.07206027209758759, validation loss: 0.3391053080558777
2024-04-10 23:33:07.545538:2024-04-10 23:33:07.545465: Current epoch: 167, loss: 0.0726483017206192, validation loss: 0.3264203369617462
2024-04-10 23:33:10.169430:2024-04-10 23:33:10.169335: Current epoch: 168, loss: 0.0715990662574768, validation loss: 0.3438994288444519
2024-04-10 23:33:12.823037:2024-04-10 23:33:12.822957: Current epoch: 169, loss: 0.07152774930000305, validation loss: 0.32149285078048706
2024-04-10 23:33:17.667214:2024-04-10 23:33:17.667112: Current epoch: 170, loss: 0.07291390001773834, validation loss: 0.3266173303127289
2024-04-10 23:33:20.256499:2024-04-10 23:33:20.256425: Current epoch: 171, loss: 0.07214043289422989, validation loss: 0.3260107934474945
2024-04-10 23:33:22.881845:2024-04-10 23:33:22.881773: Current epoch: 172, loss: 0.06992735713720322, validation loss: 0.3355869948863983
2024-04-10 23:33:25.476228:2024-04-10 23:33:25.476153: Current epoch: 173, loss: 0.06924253702163696, validation loss: 0.32665345072746277
2024-04-10 23:33:27.957101:2024-04-10 23:33:27.956957: Current epoch: 174, loss: 0.06754794716835022, validation loss: 0.3466029465198517
2024-04-10 23:33:30.577012:2024-04-10 23:33:30.576943: Current epoch: 175, loss: 0.06872105598449707, validation loss: 0.3382912874221802
2024-04-10 23:33:33.052650:2024-04-10 23:33:33.052578: Current epoch: 176, loss: 0.07291217893362045, validation loss: 0.3251195549964905
2024-04-10 23:33:35.623369:2024-04-10 23:33:35.623288: Current epoch: 177, loss: 0.07020041346549988, validation loss: 0.33614543080329895
2024-04-10 23:33:38.156872:2024-04-10 23:33:38.156717: Current epoch: 178, loss: 0.06751231104135513, validation loss: 0.3353293240070343
2024-04-10 23:33:40.687121:2024-04-10 23:33:40.687048: Current epoch: 179, loss: 0.0679890438914299, validation loss: 0.3320382535457611
2024-04-10 23:33:43.193460:2024-04-10 23:33:43.193416: Current epoch: 180, loss: 0.06701512634754181, validation loss: 0.33880946040153503
2024-04-10 23:33:45.788229:2024-04-10 23:33:45.788154: Current epoch: 181, loss: 0.06636019051074982, validation loss: 0.3313826620578766
2024-04-10 23:33:48.244674:2024-04-10 23:33:48.244607: Current epoch: 182, loss: 0.06759537011384964, validation loss: 0.3344378173351288
2024-04-10 23:33:50.798036:2024-04-10 23:33:50.797911: Current epoch: 183, loss: 0.06625260412693024, validation loss: 0.32932037115097046
2024-04-10 23:33:53.311683:2024-04-10 23:33:53.311588: Current epoch: 184, loss: 0.06621908396482468, validation loss: 0.3481791019439697
2024-04-10 23:33:55.855159:2024-04-10 23:33:55.855086: Current epoch: 185, loss: 0.0682847872376442, validation loss: 0.32931312918663025
2024-04-10 23:33:58.364111:2024-04-10 23:33:58.364041: Current epoch: 186, loss: 0.06730419397354126, validation loss: 0.3368842899799347
2024-04-10 23:34:00.942334:2024-04-10 23:34:00.942248: Current epoch: 187, loss: 0.06288035213947296, validation loss: 0.34147223830223083
2024-04-10 23:34:03.667162:2024-04-10 23:34:03.667114: Current epoch: 188, loss: 0.0633830800652504, validation loss: 0.31952232122421265
2024-04-10 23:34:06.314728:2024-04-10 23:34:06.314654: Current epoch: 189, loss: 0.06454222649335861, validation loss: 0.33672335743904114
2024-04-10 23:34:08.851539:2024-04-10 23:34:08.851465: Current epoch: 190, loss: 0.06261514127254486, validation loss: 0.33302581310272217
2024-04-10 23:34:11.420093:2024-04-10 23:34:11.420020: Current epoch: 191, loss: 0.06399907916784286, validation loss: 0.34760212898254395
2024-04-10 23:34:13.994118:2024-04-10 23:34:13.993980: Current epoch: 192, loss: 0.0623750202357769, validation loss: 0.33225777745246887
2024-04-10 23:34:16.687369:2024-04-10 23:34:16.687295: Current epoch: 193, loss: 0.06269426643848419, validation loss: 0.3354492783546448
2024-04-10 23:34:19.401792:2024-04-10 23:34:19.401719: Current epoch: 194, loss: 0.0627855584025383, validation loss: 0.33360061049461365
2024-04-10 23:34:21.958741:2024-04-10 23:34:21.958649: Current epoch: 195, loss: 0.062405116856098175, validation loss: 0.353887677192688
2024-04-10 23:34:24.599852:2024-04-10 23:34:24.599699: Current epoch: 196, loss: 0.06491535902023315, validation loss: 0.3286953866481781
2024-04-10 23:34:27.301251:2024-04-10 23:34:27.301177: Current epoch: 197, loss: 0.06290853023529053, validation loss: 0.33264100551605225
2024-04-10 23:34:29.996060:2024-04-10 23:34:29.995987: Current epoch: 198, loss: 0.059920232743024826, validation loss: 0.3352334499359131
2024-04-10 23:34:32.598266:2024-04-10 23:34:32.598131: Current epoch: 199, loss: 0.06187914311885834, validation loss: 0.3319096565246582
2024-04-10 23:34:35.175886:2024-04-10 23:34:35.175752: Current epoch: 200, loss: 0.0597156323492527, validation loss: 0.3334895968437195
2024-04-10 23:34:37.755253:2024-04-10 23:34:37.755159: Current epoch: 201, loss: 0.06014664098620415, validation loss: 0.34014102816581726
2024-04-10 23:34:40.331149:2024-04-10 23:34:40.331017: Current epoch: 202, loss: 0.05918583273887634, validation loss: 0.3397429287433624
2024-04-10 23:34:42.836144:2024-04-10 23:34:42.836041: Current epoch: 203, loss: 0.06096797063946724, validation loss: 0.32780221104621887
2024-04-10 23:34:45.376304:2024-04-10 23:34:45.376175: Current epoch: 204, loss: 0.05932919681072235, validation loss: 0.33339589834213257
2024-04-10 23:34:47.908199:2024-04-10 23:34:47.908125: Current epoch: 205, loss: 0.05868932232260704, validation loss: 0.33215945959091187
2024-04-10 23:34:50.477593:2024-04-10 23:34:50.477518: Current epoch: 206, loss: 0.05676278471946716, validation loss: 0.33740606904029846
2024-04-10 23:34:53.041909:2024-04-10 23:34:53.041807: Current epoch: 207, loss: 0.05683545023202896, validation loss: 0.33952727913856506
2024-04-10 23:34:55.685565:2024-04-10 23:34:55.685435: Current epoch: 208, loss: 0.058537766337394714, validation loss: 0.3290819227695465
2024-04-10 23:34:58.309208:2024-04-10 23:34:58.309063: Current epoch: 209, loss: 0.05676254630088806, validation loss: 0.33585888147354126
2024-04-10 23:35:00.843829:2024-04-10 23:35:00.843736: Current epoch: 210, loss: 0.057840678840875626, validation loss: 0.32587525248527527
2024-04-10 23:35:03.391598:2024-04-10 23:35:03.391525: Current epoch: 211, loss: 0.05604550987482071, validation loss: 0.3397321105003357
2024-04-10 23:35:06.068448:2024-04-10 23:35:06.068374: Current epoch: 212, loss: 0.05498158559203148, validation loss: 0.32965314388275146
2024-04-10 23:35:08.654243:2024-04-10 23:35:08.654144: Current epoch: 213, loss: 0.05569186434149742, validation loss: 0.3288557827472687
2024-04-10 23:35:11.135870:2024-04-10 23:35:11.135742: Current epoch: 214, loss: 0.055137958377599716, validation loss: 0.33716219663619995
2024-04-10 23:35:13.642553:2024-04-10 23:35:13.642478: Current epoch: 215, loss: 0.05592247098684311, validation loss: 0.32751530408859253
2024-04-10 23:35:16.131420:2024-04-10 23:35:16.131247: Current epoch: 216, loss: 0.05653754994273186, validation loss: 0.338783323764801
2024-04-10 23:35:18.649252:2024-04-10 23:35:18.649178: Current epoch: 217, loss: 0.05626436322927475, validation loss: 0.34144389629364014
2024-04-10 23:35:21.157399:2024-04-10 23:35:21.157330: Current epoch: 218, loss: 0.0563543364405632, validation loss: 0.3282734453678131
2024-04-10 23:35:23.654683:2024-04-10 23:35:23.654608: Current epoch: 219, loss: 0.05561085417866707, validation loss: 0.336544930934906
2024-04-10 23:35:26.351623:2024-04-10 23:35:26.351548: Current epoch: 220, loss: 0.05626530200242996, validation loss: 0.32692450284957886
2024-04-10 23:35:28.904672:2024-04-10 23:35:28.904518: Current epoch: 221, loss: 0.052962418645620346, validation loss: 0.33249714970588684
2024-04-10 23:35:31.428710:2024-04-10 23:35:31.428637: Current epoch: 222, loss: 0.05395409092307091, validation loss: 0.34745028614997864
2024-04-10 23:35:34.055086:2024-04-10 23:35:34.054985: Current epoch: 223, loss: 0.05753735825419426, validation loss: 0.33417272567749023
2024-04-10 23:35:36.619703:2024-04-10 23:35:36.619597: Current epoch: 224, loss: 0.05352204665541649, validation loss: 0.3412705063819885
2024-04-10 23:35:39.084249:2024-04-10 23:35:39.084164: Current epoch: 225, loss: 0.05628480389714241, validation loss: 0.3298785984516144
2024-04-10 23:35:41.686415:2024-04-10 23:35:41.686320: Current epoch: 226, loss: 0.05312720313668251, validation loss: 0.33606868982315063
2024-04-10 23:35:44.133739:2024-04-10 23:35:44.133634: Current epoch: 227, loss: 0.0526345930993557, validation loss: 0.3359731435775757
2024-04-10 23:35:46.657874:2024-04-10 23:35:46.657782: Current epoch: 228, loss: 0.05333230644464493, validation loss: 0.33554190397262573
2024-04-10 23:35:49.253094:2024-04-10 23:35:49.253020: Current epoch: 229, loss: 0.05259856581687927, validation loss: 0.3321106731891632
2024-04-10 23:35:51.817747:2024-04-10 23:35:51.817674: Current epoch: 230, loss: 0.05312385782599449, validation loss: 0.3309774696826935
2024-04-10 23:35:54.384798:2024-04-10 23:35:54.384729: Current epoch: 231, loss: 0.05293231084942818, validation loss: 0.33433589339256287
2024-04-10 23:35:56.935316:2024-04-10 23:35:56.935224: Current epoch: 232, loss: 0.05713704228401184, validation loss: 0.32884708046913147
2024-04-10 23:35:59.495706:2024-04-10 23:35:59.495633: Current epoch: 233, loss: 0.054352398961782455, validation loss: 0.33390331268310547
2024-04-10 23:36:01.974055:2024-04-10 23:36:01.973932: Current epoch: 234, loss: 0.053485870361328125, validation loss: 0.33352240920066833
2024-04-10 23:36:04.414940:2024-04-10 23:36:04.414860: Current epoch: 235, loss: 0.050140880048274994, validation loss: 0.3406246304512024
2024-04-10 23:36:07.037151:2024-04-10 23:36:07.037077: Current epoch: 236, loss: 0.05258512496948242, validation loss: 0.3384835720062256
2024-04-10 23:36:09.731388:2024-04-10 23:36:09.731313: Current epoch: 237, loss: 0.0518544502556324, validation loss: 0.33231329917907715
2024-04-10 23:36:12.375165:2024-04-10 23:36:12.375094: Current epoch: 238, loss: 0.053227800875902176, validation loss: 0.3410227596759796
2024-04-10 23:36:14.937529:2024-04-10 23:36:14.937450: Current epoch: 239, loss: 0.05399990454316139, validation loss: 0.3306494951248169
2024-04-10 23:36:17.492584:2024-04-10 23:36:17.492511: Current epoch: 240, loss: 0.05110369995236397, validation loss: 0.3399263918399811
2024-04-10 23:36:20.120399:2024-04-10 23:36:20.120325: Current epoch: 241, loss: 0.05082478001713753, validation loss: 0.32736727595329285
2024-04-10 23:36:22.681468:2024-04-10 23:36:22.681394: Current epoch: 242, loss: 0.04832636937499046, validation loss: 0.3282462954521179
2024-04-10 23:36:25.251771:2024-04-10 23:36:25.251698: Current epoch: 243, loss: 0.05171932280063629, validation loss: 0.3347165286540985
2024-04-10 23:36:27.819530:2024-04-10 23:36:27.819455: Current epoch: 244, loss: 0.04793563485145569, validation loss: 0.3338702321052551
2024-04-10 23:36:30.398677:2024-04-10 23:36:30.398604: Current epoch: 245, loss: 0.049769286066293716, validation loss: 0.3359322249889374
2024-04-10 23:36:33.033661:2024-04-10 23:36:33.033595: Current epoch: 246, loss: 0.04851026087999344, validation loss: 0.33677586913108826
2024-04-10 23:36:35.664092:2024-04-10 23:36:35.664017: Current epoch: 247, loss: 0.049331676214933395, validation loss: 0.33219826221466064
2024-04-10 23:36:38.202211:2024-04-10 23:36:38.202075: Current epoch: 248, loss: 0.05072731897234917, validation loss: 0.3284517526626587
2024-04-10 23:36:40.839966:2024-04-10 23:36:40.839892: Current epoch: 249, loss: 0.0498524010181427, validation loss: 0.3410441279411316
2024-04-10 23:36:43.476577:2024-04-10 23:36:43.476484: Current epoch: 250, loss: 0.04965656250715256, validation loss: 0.3463083803653717
2024-04-10 23:36:46.160585:2024-04-10 23:36:46.160513: Current epoch: 251, loss: 0.05519823729991913, validation loss: 0.34946465492248535
2024-04-10 23:36:48.808310:2024-04-10 23:36:48.808221: Current epoch: 252, loss: 0.04765494912862778, validation loss: 0.34830641746520996
2024-04-10 23:36:51.338417:2024-04-10 23:36:51.338341: Current epoch: 253, loss: 0.046617813408374786, validation loss: 0.3351011276245117
2024-04-10 23:36:53.934865:2024-04-10 23:36:53.934791: Current epoch: 254, loss: 0.048661354929208755, validation loss: 0.33653682470321655
2024-04-10 23:36:56.332639:2024-04-10 23:36:56.332564: Current epoch: 255, loss: 0.04815461486577988, validation loss: 0.3388553857803345
2024-04-10 23:36:58.918059:2024-04-10 23:36:58.917985: Current epoch: 256, loss: 0.04662758484482765, validation loss: 0.33384615182876587
2024-04-10 23:37:01.404364:2024-04-10 23:37:01.404269: Current epoch: 257, loss: 0.04698992148041725, validation loss: 0.3344823718070984
2024-04-10 23:37:03.893471:2024-04-10 23:37:03.893397: Current epoch: 258, loss: 0.046220604330301285, validation loss: 0.3351956605911255
2024-04-10 23:37:06.321812:2024-04-10 23:37:06.321733: Current epoch: 259, loss: 0.04852529615163803, validation loss: 0.34250983595848083
2024-04-10 23:37:08.880352:2024-04-10 23:37:08.880260: Current epoch: 260, loss: 0.04669701308012009, validation loss: 0.3388267457485199
2024-04-10 23:37:11.363187:2024-04-10 23:37:11.363114: Current epoch: 261, loss: 0.05001278966665268, validation loss: 0.3362996280193329
2024-04-10 23:37:13.899162:2024-04-10 23:37:13.899090: Current epoch: 262, loss: 0.05072616785764694, validation loss: 0.3521572947502136
2024-04-10 23:37:16.316837:2024-04-10 23:37:16.316765: Current epoch: 263, loss: 0.04712771251797676, validation loss: 0.3274190127849579
2024-04-10 23:37:18.857574:2024-04-10 23:37:18.857495: Current epoch: 264, loss: 0.044378217309713364, validation loss: 0.33626359701156616
2024-04-10 23:37:21.453326:2024-04-10 23:37:21.453183: Current epoch: 265, loss: 0.04405921325087547, validation loss: 0.3478085398674011
2024-04-10 23:37:24.064823:2024-04-10 23:37:24.064743: Current epoch: 266, loss: 0.04775254428386688, validation loss: 0.33099836111068726
2024-04-10 23:37:26.672082:2024-04-10 23:37:26.672010: Current epoch: 267, loss: 0.046144481748342514, validation loss: 0.3459837734699249
2024-04-10 23:37:29.212078:2024-04-10 23:37:29.211984: Current epoch: 268, loss: 0.044722236692905426, validation loss: 0.33535251021385193
2024-04-10 23:37:31.870686:2024-04-10 23:37:31.870613: Current epoch: 269, loss: 0.04621313139796257, validation loss: 0.3290315270423889
2024-04-10 23:37:34.387520:2024-04-10 23:37:34.387446: Current epoch: 270, loss: 0.04640258848667145, validation loss: 0.33222636580467224
2024-04-10 23:37:36.980238:2024-04-10 23:37:36.980166: Current epoch: 271, loss: 0.045745931565761566, validation loss: 0.3332522511482239
2024-04-10 23:37:39.626737:2024-04-10 23:37:39.626602: Current epoch: 272, loss: 0.04445670545101166, validation loss: 0.34069523215293884
2024-04-10 23:37:42.179645:2024-04-10 23:37:42.179549: Current epoch: 273, loss: 0.046874359250068665, validation loss: 0.34046047925949097
2024-04-10 23:37:44.839558:2024-04-10 23:37:44.839418: Current epoch: 274, loss: 0.047047559171915054, validation loss: 0.3425946533679962
2024-04-10 23:37:47.480448:2024-04-10 23:37:47.480348: Current epoch: 275, loss: 0.047638069838285446, validation loss: 0.3433955907821655
2024-04-10 23:37:50.111163:2024-04-10 23:37:50.111091: Current epoch: 276, loss: 0.04563501104712486, validation loss: 0.3420984148979187
2024-04-10 23:37:52.770149:2024-04-10 23:37:52.770075: Current epoch: 277, loss: 0.045152559876441956, validation loss: 0.3470333516597748
2024-04-10 23:37:55.382672:2024-04-10 23:37:55.382600: Current epoch: 278, loss: 0.04461808130145073, validation loss: 0.3504357635974884
2024-04-10 23:37:58.084479:2024-04-10 23:37:58.084341: Current epoch: 279, loss: 0.04733014851808548, validation loss: 0.33691728115081787
2024-04-10 23:38:00.687130:2024-04-10 23:38:00.687037: Current epoch: 280, loss: 0.04471515864133835, validation loss: 0.3517383337020874
2024-04-10 23:38:03.334623:2024-04-10 23:38:03.334466: Current epoch: 281, loss: 0.045535337179899216, validation loss: 0.348317950963974
2024-04-10 23:38:05.939864:2024-04-10 23:38:05.939791: Current epoch: 282, loss: 0.04378805682063103, validation loss: 0.346178263425827
2024-04-10 23:38:08.573549:2024-04-10 23:38:08.573411: Current epoch: 283, loss: 0.04513760283589363, validation loss: 0.33076149225234985
2024-04-10 23:38:11.303136:2024-04-10 23:38:11.303041: Current epoch: 284, loss: 0.04543868452310562, validation loss: 0.3398425877094269
2024-04-10 23:38:13.827895:2024-04-10 23:38:13.827823: Current epoch: 285, loss: 0.04378999397158623, validation loss: 0.3291293978691101
2024-04-10 23:38:16.348169:2024-04-10 23:38:16.348097: Current epoch: 286, loss: 0.04221576079726219, validation loss: 0.334599107503891
2024-04-10 23:38:18.861059:2024-04-10 23:38:18.860989: Current epoch: 287, loss: 0.04189865291118622, validation loss: 0.33524733781814575
2024-04-10 23:38:21.379036:2024-04-10 23:38:21.378984: Current epoch: 288, loss: 0.0424729585647583, validation loss: 0.3313390910625458
2024-04-10 23:38:21.587604:the test error is  [0.32263338565826416, 0.32263338565826416]
2024-04-10 23:38:24.041313:saved model to sample/alignn_bert-base-uncased_robo_prop_spillage
2024-04-10 23:38:24.330253:done