
2024-05-26 21:15:13.981016:job config: {'train_data_path': '/data/yll6162/alignntl_dft_3d/tl_dataset/dataset_alignn_matbert-base-cased_robo_prop_spillage_train.csv', 'val_data_path': '/data/yll6162/alignntl_dft_3d/tl_dataset/dataset_alignn_matbert-base-cased_robo_prop_spillage_val.csv', 'test_data_path': '/data/yll6162/alignntl_dft_3d/tl_dataset/dataset_alignn_matbert-base-cased_robo_prop_spillage_test.csv', 'label': 'spillage', 'input_type': None, 'log_folder': 'log', 'log_file': 'alignn_matbert-base-cased_robo_prop_spillage.log', 'test_metric': 'mae', 'architecture': '1024Rx4D-512Rx3D-256Rx3D-128Rx3D-64Rx2-32Rx1-1', 'model_seed': 0, 'loss_type': 'mae', 'config_file': 'sample/alignn_matbert-base-cased_robo_prop_spillage_job.config', 'use_valid': True, 'project': 'MOF', 'regressors': None, 'input_types': None, 'paramsGrid': {'optimizer': 'Adam', 'learning_rate': 0.0001, 'patience': 100, 'dropouts': [0.8, 0.9, 0.7, 0.8], 'EVAL_FREQUENCY': 1000}, 'save_path': 'sample/alignn_matbert-base-cased_robo_prop_spillage', 'model_path': None, 'last_layer_with_weight': True, 'keras_path': 'model/alignn_matbert-base-cased_robo_prop_spillage', 'test_size': None, 'val_size': None}
2024-05-26 21:15:13.981101:train data path is  /data/yll6162/alignntl_dft_3d/tl_dataset/dataset_alignn_matbert-base-cased_robo_prop_spillage_train.csv
2024-05-26 21:15:16.268991:input attribute sets are:  None
2024-05-26 21:15:16.269182:test data path is  /data/yll6162/alignntl_dft_3d/tl_dataset/dataset_alignn_matbert-base-cased_robo_prop_spillage_test.csv
2024-05-26 21:15:16.612343:val data path is  /data/yll6162/alignntl_dft_3d/tl_dataset/dataset_alignn_matbert-base-cased_robo_prop_spillage_val.csv
2024-05-26 21:15:16.955043:input attributes are:  Index(['0', '1', '2', '3', '4', '5', '6', '7', '8', '9',
       ...
       '758.1', '759.1', '760.1', '761.1', '762.1', '763.1', '764.1', '765.1',
       '766.1', '767.1'],
      dtype='object', length=1536)
2024-05-26 21:15:16.955141:label: spillage
2024-05-26 21:15:25.546575: train, test, valid sizes:  (9041, 1536) (9041,) (1131, 1536) (1131,) (1131, 1536) (1131,)
2024-05-26 21:15:25.641622:train matrix shape of train_X:  (9041, 1536)  train_y:  (9041,)
2024-05-26 21:15:25.641732:valid matrix shape of train_X:  (1131, 1536)  valid_y:  (1131,)
2024-05-26 21:15:25.641772:test matrix shape of valid_X:   (1131, 1536)  test_y:  (1131,)
2024-05-26 21:15:25.641805:architecture is:  1024Rx4D-512Rx3D-256Rx3D-128Rx3D-64Rx2-32Rx1-1
2024-05-26 21:15:25.641840:learning rate is  0.0001
2024-05-26 21:15:25.641871:model path is  None
2024-05-26 21:15:25.649816:adding fully connected layers with 1024 outputs
2024-05-26 21:15:25.999027:adding residual with fc as the size are different
2024-05-26 21:15:26.005858:adding fully connected layers with 1024 outputs
2024-05-26 21:15:26.010825:adding residual, both sizes are same
2024-05-26 21:15:26.012906:adding fully connected layers with 1024 outputs
2024-05-26 21:15:26.017604:adding residual, both sizes are same
2024-05-26 21:15:26.019473:adding fully connected layers with 1024 outputs
2024-05-26 21:15:26.024169:adding residual, both sizes are same
2024-05-26 21:15:26.026286:adding dropout 0.8
2024-05-26 21:15:26.030404:adding fully connected layers with 512 outputs
2024-05-26 21:15:26.035520:adding residual with fc as the size are different
2024-05-26 21:15:26.041697:adding fully connected layers with 512 outputs
2024-05-26 21:15:26.046563:adding residual, both sizes are same
2024-05-26 21:15:26.049271:adding fully connected layers with 512 outputs
2024-05-26 21:15:26.053937:adding residual, both sizes are same
2024-05-26 21:15:26.055793:adding dropout 0.9
2024-05-26 21:15:26.057410:adding fully connected layers with 256 outputs
2024-05-26 21:15:26.062521:adding residual with fc as the size are different
2024-05-26 21:15:26.068633:adding fully connected layers with 256 outputs
2024-05-26 21:15:26.073650:adding residual, both sizes are same
2024-05-26 21:15:26.075745:adding fully connected layers with 256 outputs
2024-05-26 21:15:26.088391:adding residual, both sizes are same
2024-05-26 21:15:26.092416:adding dropout 0.7
2024-05-26 21:15:26.094196:adding fully connected layers with 128 outputs
2024-05-26 21:15:26.099559:adding residual with fc as the size are different
2024-05-26 21:15:26.106220:adding fully connected layers with 128 outputs
2024-05-26 21:15:26.111167:adding residual, both sizes are same
2024-05-26 21:15:26.113060:adding fully connected layers with 128 outputs
2024-05-26 21:15:26.118009:adding residual, both sizes are same
2024-05-26 21:15:26.119884:adding dropout 0.8
2024-05-26 21:15:26.121524:adding fully connected layers with 64 outputs
2024-05-26 21:15:26.126508:adding residual with fc as the size are different
2024-05-26 21:15:26.143367:adding fully connected layers with 64 outputs
2024-05-26 21:15:26.149646:adding residual, both sizes are same
2024-05-26 21:15:26.154132:adding fully connected layers with 32 outputs
2024-05-26 21:15:26.165388:adding residual with fc as the size are different
2024-05-26 21:15:26.173794:adding final layer with 1 output
2024-05-26 21:15:26.184209:Model: "ElemNet"
2024-05-26 21:15:26.184285:__________________________________________________________________________________________________
2024-05-26 21:15:26.184337:Layer (type)                    Output Shape         Param #     Connected to                     
2024-05-26 21:15:26.184377:==================================================================================================
2024-05-26 21:15:26.184580:elemental_fractions (InputLayer [(None, 1536)]       0                                            
2024-05-26 21:15:26.184630:__________________________________________________________________________________________________
2024-05-26 21:15:26.184815:fc0_0 (Dense)                   (None, 1024)         1573888     elemental_fractions[0][0]        
2024-05-26 21:15:26.184863:__________________________________________________________________________________________________
2024-05-26 21:15:26.184989:fc0_dim_0 (Dense)               (None, 1024)         1573888     elemental_fractions[0][0]        
2024-05-26 21:15:26.185035:__________________________________________________________________________________________________
2024-05-26 21:15:26.185120:tf.__operators__.add (TFOpLambd (None, 1024)         0           fc0_0[0][0]                      
2024-05-26 21:15:26.185166:                                                                 fc0_dim_0[0][0]                  
2024-05-26 21:15:26.185205:__________________________________________________________________________________________________
2024-05-26 21:15:26.185315:fc0_1 (Dense)                   (None, 1024)         1049600     tf.__operators__.add[0][0]       
2024-05-26 21:15:26.185358:__________________________________________________________________________________________________
2024-05-26 21:15:26.185438:tf.__operators__.add_1 (TFOpLam (None, 1024)         0           fc0_1[0][0]                      
2024-05-26 21:15:26.185482:                                                                 tf.__operators__.add[0][0]       
2024-05-26 21:15:26.185520:__________________________________________________________________________________________________
2024-05-26 21:15:26.185626:fc0_2 (Dense)                   (None, 1024)         1049600     tf.__operators__.add_1[0][0]     
2024-05-26 21:15:26.185669:__________________________________________________________________________________________________
2024-05-26 21:15:26.185747:tf.__operators__.add_2 (TFOpLam (None, 1024)         0           fc0_2[0][0]                      
2024-05-26 21:15:26.185792:                                                                 tf.__operators__.add_1[0][0]     
2024-05-26 21:15:26.185830:__________________________________________________________________________________________________
2024-05-26 21:15:26.185942:fc0_3 (Dense)                   (None, 1024)         1049600     tf.__operators__.add_2[0][0]     
2024-05-26 21:15:26.185988:__________________________________________________________________________________________________
2024-05-26 21:15:26.186069:tf.__operators__.add_3 (TFOpLam (None, 1024)         0           fc0_3[0][0]                      
2024-05-26 21:15:26.186121:                                                                 tf.__operators__.add_2[0][0]     
2024-05-26 21:15:26.186159:__________________________________________________________________________________________________
2024-05-26 21:15:26.186237:dropout (Dropout)               (None, 1024)         0           tf.__operators__.add_3[0][0]     
2024-05-26 21:15:26.186278:__________________________________________________________________________________________________
2024-05-26 21:15:26.186389:fc1_0 (Dense)                   (None, 512)          524800      dropout[0][0]                    
2024-05-26 21:15:26.186433:__________________________________________________________________________________________________
2024-05-26 21:15:26.186538:fc1_dim_0 (Dense)               (None, 512)          524800      dropout[0][0]                    
2024-05-26 21:15:26.186582:__________________________________________________________________________________________________
2024-05-26 21:15:26.186660:tf.__operators__.add_4 (TFOpLam (None, 512)          0           fc1_0[0][0]                      
2024-05-26 21:15:26.186704:                                                                 fc1_dim_0[0][0]                  
2024-05-26 21:15:26.186741:__________________________________________________________________________________________________
2024-05-26 21:15:26.186846:fc1_1 (Dense)                   (None, 512)          262656      tf.__operators__.add_4[0][0]     
2024-05-26 21:15:26.186889:__________________________________________________________________________________________________
2024-05-26 21:15:26.186977:tf.__operators__.add_5 (TFOpLam (None, 512)          0           fc1_1[0][0]                      
2024-05-26 21:15:26.187023:                                                                 tf.__operators__.add_4[0][0]     
2024-05-26 21:15:26.187060:__________________________________________________________________________________________________
2024-05-26 21:15:26.187166:fc1_2 (Dense)                   (None, 512)          262656      tf.__operators__.add_5[0][0]     
2024-05-26 21:15:26.187210:__________________________________________________________________________________________________
2024-05-26 21:15:26.187286:tf.__operators__.add_6 (TFOpLam (None, 512)          0           fc1_2[0][0]                      
2024-05-26 21:15:26.187330:                                                                 tf.__operators__.add_5[0][0]     
2024-05-26 21:15:26.187367:__________________________________________________________________________________________________
2024-05-26 21:15:26.187440:dropout_1 (Dropout)             (None, 512)          0           tf.__operators__.add_6[0][0]     
2024-05-26 21:15:26.187483:__________________________________________________________________________________________________
2024-05-26 21:15:26.187589:fc2_0 (Dense)                   (None, 256)          131328      dropout_1[0][0]                  
2024-05-26 21:15:26.187632:__________________________________________________________________________________________________
2024-05-26 21:15:26.187737:fc2_dim_0 (Dense)               (None, 256)          131328      dropout_1[0][0]                  
2024-05-26 21:15:26.187780:__________________________________________________________________________________________________
2024-05-26 21:15:26.187857:tf.__operators__.add_7 (TFOpLam (None, 256)          0           fc2_0[0][0]                      
2024-05-26 21:15:26.187901:                                                                 fc2_dim_0[0][0]                  
2024-05-26 21:15:26.187963:__________________________________________________________________________________________________
2024-05-26 21:15:26.188072:fc2_1 (Dense)                   (None, 256)          65792       tf.__operators__.add_7[0][0]     
2024-05-26 21:15:26.188117:__________________________________________________________________________________________________
2024-05-26 21:15:26.188204:tf.__operators__.add_8 (TFOpLam (None, 256)          0           fc2_1[0][0]                      
2024-05-26 21:15:26.188249:                                                                 tf.__operators__.add_7[0][0]     
2024-05-26 21:15:26.188288:__________________________________________________________________________________________________
2024-05-26 21:15:26.188395:fc2_2 (Dense)                   (None, 256)          65792       tf.__operators__.add_8[0][0]     
2024-05-26 21:15:26.188455:__________________________________________________________________________________________________
2024-05-26 21:15:26.188538:tf.__operators__.add_9 (TFOpLam (None, 256)          0           fc2_2[0][0]                      
2024-05-26 21:15:26.188583:                                                                 tf.__operators__.add_8[0][0]     
2024-05-26 21:15:26.188622:__________________________________________________________________________________________________
2024-05-26 21:15:26.188697:dropout_2 (Dropout)             (None, 256)          0           tf.__operators__.add_9[0][0]     
2024-05-26 21:15:26.188738:__________________________________________________________________________________________________
2024-05-26 21:15:26.188848:fc3_0 (Dense)                   (None, 128)          32896       dropout_2[0][0]                  
2024-05-26 21:15:26.188892:__________________________________________________________________________________________________
2024-05-26 21:15:26.189037:fc3_dim_0 (Dense)               (None, 128)          32896       dropout_2[0][0]                  
2024-05-26 21:15:26.189094:__________________________________________________________________________________________________
2024-05-26 21:15:26.189184:tf.__operators__.add_10 (TFOpLa (None, 128)          0           fc3_0[0][0]                      
2024-05-26 21:15:26.189230:                                                                 fc3_dim_0[0][0]                  
2024-05-26 21:15:26.189269:__________________________________________________________________________________________________
2024-05-26 21:15:26.189382:fc3_1 (Dense)                   (None, 128)          16512       tf.__operators__.add_10[0][0]    
2024-05-26 21:15:26.189428:__________________________________________________________________________________________________
2024-05-26 21:15:26.189509:tf.__operators__.add_11 (TFOpLa (None, 128)          0           fc3_1[0][0]                      
2024-05-26 21:15:26.189555:                                                                 tf.__operators__.add_10[0][0]    
2024-05-26 21:15:26.189593:__________________________________________________________________________________________________
2024-05-26 21:15:26.189701:fc3_2 (Dense)                   (None, 128)          16512       tf.__operators__.add_11[0][0]    
2024-05-26 21:15:26.189746:__________________________________________________________________________________________________
2024-05-26 21:15:26.189826:tf.__operators__.add_12 (TFOpLa (None, 128)          0           fc3_2[0][0]                      
2024-05-26 21:15:26.189871:                                                                 tf.__operators__.add_11[0][0]    
2024-05-26 21:15:26.189909:__________________________________________________________________________________________________
2024-05-26 21:15:26.189999:dropout_3 (Dropout)             (None, 128)          0           tf.__operators__.add_12[0][0]    
2024-05-26 21:15:26.190042:__________________________________________________________________________________________________
2024-05-26 21:15:26.190152:fc4_0 (Dense)                   (None, 64)           8256        dropout_3[0][0]                  
2024-05-26 21:15:26.190196:__________________________________________________________________________________________________
2024-05-26 21:15:26.190303:fc4_dim_0 (Dense)               (None, 64)           8256        dropout_3[0][0]                  
2024-05-26 21:15:26.190347:__________________________________________________________________________________________________
2024-05-26 21:15:26.190435:tf.__operators__.add_13 (TFOpLa (None, 64)           0           fc4_0[0][0]                      
2024-05-26 21:15:26.190481:                                                                 fc4_dim_0[0][0]                  
2024-05-26 21:15:26.190519:__________________________________________________________________________________________________
2024-05-26 21:15:26.190627:fc4_1 (Dense)                   (None, 64)           4160        tf.__operators__.add_13[0][0]    
2024-05-26 21:15:26.190671:__________________________________________________________________________________________________
2024-05-26 21:15:26.190749:tf.__operators__.add_14 (TFOpLa (None, 64)           0           fc4_1[0][0]                      
2024-05-26 21:15:26.190794:                                                                 tf.__operators__.add_13[0][0]    
2024-05-26 21:15:26.190834:__________________________________________________________________________________________________
2024-05-26 21:15:26.190949:fc5_0 (Dense)                   (None, 32)           2080        tf.__operators__.add_14[0][0]    
2024-05-26 21:15:26.190996:__________________________________________________________________________________________________
2024-05-26 21:15:26.191105:fc5_dim_0 (Dense)               (None, 32)           2080        tf.__operators__.add_14[0][0]    
2024-05-26 21:15:26.191162:__________________________________________________________________________________________________
2024-05-26 21:15:26.191243:tf.__operators__.add_15 (TFOpLa (None, 32)           0           fc5_0[0][0]                      
2024-05-26 21:15:26.191290:                                                                 fc5_dim_0[0][0]                  
2024-05-26 21:15:26.191329:__________________________________________________________________________________________________
2024-05-26 21:15:26.191435:fc6 (Dense)                     (None, 1)            33          tf.__operators__.add_15[0][0]    
2024-05-26 21:15:26.191479:==================================================================================================
2024-05-26 21:15:26.192166:Total params: 8,389,409
2024-05-26 21:15:26.192224:Trainable params: 8,389,409
2024-05-26 21:15:26.192266:Non-trainable params: 0
2024-05-26 21:15:26.192305:__________________________________________________________________________________________________
2024-05-26 21:15:26.203480:start training
2024-05-26 21:15:30.566855:2024-05-26 21:15:30.566800: Current epoch: 0, loss: 6.062474250793457, validation loss: 1.91763174533844
2024-05-26 21:15:33.299636:2024-05-26 21:15:33.299575: Current epoch: 1, loss: 1.631646752357483, validation loss: 1.5232475996017456
2024-05-26 21:15:36.129698:2024-05-26 21:15:36.129634: Current epoch: 2, loss: 1.0889524221420288, validation loss: 0.8722183704376221
2024-05-26 21:15:38.921615:2024-05-26 21:15:38.921541: Current epoch: 3, loss: 0.8176719546318054, validation loss: 1.0329025983810425
2024-05-26 21:15:41.746560:2024-05-26 21:15:41.746505: Current epoch: 4, loss: 0.7269700169563293, validation loss: 0.6170204281806946
2024-05-26 21:15:44.481111:2024-05-26 21:15:44.481065: Current epoch: 5, loss: 0.6369736194610596, validation loss: 0.588935136795044
2024-05-26 21:15:47.201068:2024-05-26 21:15:47.201018: Current epoch: 6, loss: 0.5882118940353394, validation loss: 0.4869917333126068
2024-05-26 21:15:49.827075:2024-05-26 21:15:49.827007: Current epoch: 7, loss: 0.6048076152801514, validation loss: 0.5364011526107788
2024-05-26 21:15:52.603324:2024-05-26 21:15:52.603236: Current epoch: 8, loss: 0.4677577316761017, validation loss: 0.4584757387638092
2024-05-26 21:15:55.327737:2024-05-26 21:15:55.327533: Current epoch: 9, loss: 0.4906086027622223, validation loss: 0.4794304072856903
2024-05-26 21:16:00.551334:2024-05-26 21:16:00.551186: Current epoch: 10, loss: 0.4972550570964813, validation loss: 0.47659099102020264
2024-05-26 21:16:03.245239:2024-05-26 21:16:03.245133: Current epoch: 11, loss: 0.45150506496429443, validation loss: 0.7039878368377686
2024-05-26 21:16:05.943524:2024-05-26 21:16:05.943370: Current epoch: 12, loss: 0.4379715025424957, validation loss: 0.6932569742202759
2024-05-26 21:16:08.705215:2024-05-26 21:16:08.705148: Current epoch: 13, loss: 0.45713087916374207, validation loss: 0.4159213900566101
2024-05-26 21:16:11.441262:2024-05-26 21:16:11.441163: Current epoch: 14, loss: 0.41726961731910706, validation loss: 0.40610384941101074
2024-05-26 21:16:14.217860:2024-05-26 21:16:14.217810: Current epoch: 15, loss: 0.40405699610710144, validation loss: 0.40576085448265076
2024-05-26 21:16:16.909789:2024-05-26 21:16:16.909628: Current epoch: 16, loss: 0.41226956248283386, validation loss: 0.661813497543335
2024-05-26 21:16:19.595363:2024-05-26 21:16:19.595201: Current epoch: 17, loss: 0.4126209616661072, validation loss: 0.46300411224365234
2024-05-26 21:16:22.237254:2024-05-26 21:16:22.237124: Current epoch: 18, loss: 0.3799993693828583, validation loss: 0.601555585861206
2024-05-26 21:16:24.821916:2024-05-26 21:16:24.821811: Current epoch: 19, loss: 0.4136835038661957, validation loss: 0.5282787680625916
2024-05-26 21:16:27.484573:2024-05-26 21:16:27.484502: Current epoch: 20, loss: 0.3972870409488678, validation loss: 0.42640751600265503
2024-05-26 21:16:30.160083:2024-05-26 21:16:30.159945: Current epoch: 21, loss: 0.3732060492038727, validation loss: 0.4141189157962799
2024-05-26 21:16:32.879727:2024-05-26 21:16:32.879621: Current epoch: 22, loss: 0.382648766040802, validation loss: 0.7278496623039246
2024-05-26 21:16:35.813323:2024-05-26 21:16:35.813156: Current epoch: 23, loss: 0.37941280007362366, validation loss: 0.3768520653247833
2024-05-26 21:16:38.749229:2024-05-26 21:16:38.749120: Current epoch: 24, loss: 0.3584561049938202, validation loss: 0.4274296462535858
2024-05-26 21:16:41.697003:2024-05-26 21:16:41.696819: Current epoch: 25, loss: 0.3832196593284607, validation loss: 0.5717500448226929
2024-05-26 21:16:44.408522:2024-05-26 21:16:44.408381: Current epoch: 26, loss: 0.3533099591732025, validation loss: 0.38617339730262756
2024-05-26 21:16:47.151943:2024-05-26 21:16:47.151779: Current epoch: 27, loss: 0.3439693748950958, validation loss: 0.4483489394187927
2024-05-26 21:16:49.970595:2024-05-26 21:16:49.970498: Current epoch: 28, loss: 0.3219819962978363, validation loss: 0.369742214679718
2024-05-26 21:16:52.672303:2024-05-26 21:16:52.672137: Current epoch: 29, loss: 0.3157716393470764, validation loss: 0.45013296604156494
2024-05-26 21:16:57.985455:2024-05-26 21:16:57.985317: Current epoch: 30, loss: 0.3363686800003052, validation loss: 0.4436296224594116
2024-05-26 21:17:00.787225:2024-05-26 21:17:00.787141: Current epoch: 31, loss: 0.3382141590118408, validation loss: 0.36001965403556824
2024-05-26 21:17:03.536771:2024-05-26 21:17:03.536613: Current epoch: 32, loss: 0.3175089955329895, validation loss: 0.4734492897987366
2024-05-26 21:17:06.277866:2024-05-26 21:17:06.277753: Current epoch: 33, loss: 0.31881392002105713, validation loss: 0.38165563344955444
2024-05-26 21:17:08.918573:2024-05-26 21:17:08.918440: Current epoch: 34, loss: 0.30902838706970215, validation loss: 0.37021294236183167
2024-05-26 21:17:11.571636:2024-05-26 21:17:11.571570: Current epoch: 35, loss: 0.3008984327316284, validation loss: 0.3823947310447693
2024-05-26 21:17:14.170054:2024-05-26 21:17:14.169976: Current epoch: 36, loss: 0.3100223243236542, validation loss: 0.4041612446308136
2024-05-26 21:17:16.786146:2024-05-26 21:17:16.786070: Current epoch: 37, loss: 0.29702481627464294, validation loss: 0.3662787079811096
2024-05-26 21:17:19.529588:2024-05-26 21:17:19.529513: Current epoch: 38, loss: 0.28233450651168823, validation loss: 0.35919007658958435
2024-05-26 21:17:22.211637:2024-05-26 21:17:22.211560: Current epoch: 39, loss: 0.2700326144695282, validation loss: 0.36311689019203186
2024-05-26 21:17:27.374476:2024-05-26 21:17:27.374338: Current epoch: 40, loss: 0.2788276970386505, validation loss: 0.3565452992916107
2024-05-26 21:17:30.156762:2024-05-26 21:17:30.156630: Current epoch: 41, loss: 0.27713674306869507, validation loss: 0.37439367175102234
2024-05-26 21:17:32.955291:2024-05-26 21:17:32.955150: Current epoch: 42, loss: 0.2762293517589569, validation loss: 0.5428789258003235
2024-05-26 21:17:35.771349:2024-05-26 21:17:35.771253: Current epoch: 43, loss: 0.27118608355522156, validation loss: 0.346320778131485
2024-05-26 21:17:38.487160:2024-05-26 21:17:38.487050: Current epoch: 44, loss: 0.26577484607696533, validation loss: 0.36094945669174194
2024-05-26 21:17:41.214901:2024-05-26 21:17:41.214837: Current epoch: 45, loss: 0.2574882209300995, validation loss: 0.3451133966445923
2024-05-26 21:17:43.894276:2024-05-26 21:17:43.894209: Current epoch: 46, loss: 0.24960839748382568, validation loss: 0.35324129462242126
2024-05-26 21:17:46.730256:2024-05-26 21:17:46.730122: Current epoch: 47, loss: 0.2395811825990677, validation loss: 0.36243459582328796
2024-05-26 21:17:49.428515:2024-05-26 21:17:49.428402: Current epoch: 48, loss: 0.24541622400283813, validation loss: 0.41586852073669434
2024-05-26 21:17:52.122962:2024-05-26 21:17:52.122861: Current epoch: 49, loss: 0.2385806441307068, validation loss: 0.4013928472995758
2024-05-26 21:17:54.867232:2024-05-26 21:17:54.867098: Current epoch: 50, loss: 0.24166853725910187, validation loss: 0.3566058874130249
2024-05-26 21:17:57.583524:2024-05-26 21:17:57.583418: Current epoch: 51, loss: 0.2392003983259201, validation loss: 0.3490878641605377
2024-05-26 21:18:00.258675:2024-05-26 21:18:00.258512: Current epoch: 52, loss: 0.22662171721458435, validation loss: 0.35301393270492554
2024-05-26 21:18:02.911612:2024-05-26 21:18:02.911492: Current epoch: 53, loss: 0.22468462586402893, validation loss: 0.35985520482063293
2024-05-26 21:18:05.492546:2024-05-26 21:18:05.492438: Current epoch: 54, loss: 0.22535380721092224, validation loss: 0.34621283411979675
2024-05-26 21:18:08.113849:2024-05-26 21:18:08.113772: Current epoch: 55, loss: 0.22914114594459534, validation loss: 0.37511059641838074
2024-05-26 21:18:10.652728:2024-05-26 21:18:10.652624: Current epoch: 56, loss: 0.2229592502117157, validation loss: 0.3514629006385803
2024-05-26 21:18:13.301705:2024-05-26 21:18:13.301631: Current epoch: 57, loss: 0.2240132838487625, validation loss: 0.34269437193870544
2024-05-26 21:18:15.841213:2024-05-26 21:18:15.841079: Current epoch: 58, loss: 0.21761161088943481, validation loss: 0.3512791693210602
2024-05-26 21:18:18.435322:2024-05-26 21:18:18.435221: Current epoch: 59, loss: 0.2112143486738205, validation loss: 0.3854225277900696
2024-05-26 21:18:21.088310:2024-05-26 21:18:21.088172: Current epoch: 60, loss: 0.19813036918640137, validation loss: 0.3482798635959625
2024-05-26 21:18:23.838384:2024-05-26 21:18:23.838313: Current epoch: 61, loss: 0.19591538608074188, validation loss: 0.3362991511821747
2024-05-26 21:18:26.511795:2024-05-26 21:18:26.511716: Current epoch: 62, loss: 0.19399528205394745, validation loss: 0.3439636826515198
2024-05-26 21:18:29.188412:2024-05-26 21:18:29.188336: Current epoch: 63, loss: 0.18729563057422638, validation loss: 0.34048762917518616
2024-05-26 21:18:31.850063:2024-05-26 21:18:31.849981: Current epoch: 64, loss: 0.19792349636554718, validation loss: 0.346436470746994
2024-05-26 21:18:34.498332:2024-05-26 21:18:34.498261: Current epoch: 65, loss: 0.187641903758049, validation loss: 0.35739871859550476
2024-05-26 21:18:37.150539:2024-05-26 21:18:37.150374: Current epoch: 66, loss: 0.18620829284191132, validation loss: 0.34758052229881287
2024-05-26 21:18:39.766281:2024-05-26 21:18:39.766218: Current epoch: 67, loss: 0.1870226114988327, validation loss: 0.3904820382595062
2024-05-26 21:18:42.370410:2024-05-26 21:18:42.370245: Current epoch: 68, loss: 0.18416787683963776, validation loss: 0.3694322407245636
2024-05-26 21:18:44.948959:2024-05-26 21:18:44.948803: Current epoch: 69, loss: 0.18297605216503143, validation loss: 0.3379769027233124
2024-05-26 21:18:49.868840:2024-05-26 21:18:49.868747: Current epoch: 70, loss: 0.1752750128507614, validation loss: 0.3402280807495117
2024-05-26 21:18:52.449669:2024-05-26 21:18:52.449592: Current epoch: 71, loss: 0.17969882488250732, validation loss: 0.3575463593006134
2024-05-26 21:18:55.167272:2024-05-26 21:18:55.167170: Current epoch: 72, loss: 0.17206239700317383, validation loss: 0.33576714992523193
2024-05-26 21:18:57.871098:2024-05-26 21:18:57.871032: Current epoch: 73, loss: 0.17124022543430328, validation loss: 0.32886508107185364
2024-05-26 21:19:00.356489:2024-05-26 21:19:00.356411: Current epoch: 74, loss: 0.16857163608074188, validation loss: 0.3481442630290985
2024-05-26 21:19:02.870976:2024-05-26 21:19:02.870876: Current epoch: 75, loss: 0.1646605283021927, validation loss: 0.341717392206192
2024-05-26 21:19:05.497131:2024-05-26 21:19:05.497022: Current epoch: 76, loss: 0.16536465287208557, validation loss: 0.34838882088661194
2024-05-26 21:19:08.090683:2024-05-26 21:19:08.090608: Current epoch: 77, loss: 0.1564135104417801, validation loss: 0.354900985956192
2024-05-26 21:19:10.697640:2024-05-26 21:19:10.697564: Current epoch: 78, loss: 0.1644066721200943, validation loss: 0.34043005108833313
2024-05-26 21:19:13.316057:2024-05-26 21:19:13.315985: Current epoch: 79, loss: 0.16649773716926575, validation loss: 0.3479496240615845
2024-05-26 21:19:15.919697:2024-05-26 21:19:15.919625: Current epoch: 80, loss: 0.15648417174816132, validation loss: 0.36703556776046753
2024-05-26 21:19:18.511986:2024-05-26 21:19:18.511881: Current epoch: 81, loss: 0.15521693229675293, validation loss: 0.3415452837944031
2024-05-26 21:19:21.102858:2024-05-26 21:19:21.102786: Current epoch: 82, loss: 0.1524301916360855, validation loss: 0.34309834241867065
2024-05-26 21:19:23.737766:2024-05-26 21:19:23.737696: Current epoch: 83, loss: 0.15107408165931702, validation loss: 0.3466741144657135
2024-05-26 21:19:26.328502:2024-05-26 21:19:26.328367: Current epoch: 84, loss: 0.15294387936592102, validation loss: 0.3655834197998047
2024-05-26 21:19:28.900561:2024-05-26 21:19:28.900484: Current epoch: 85, loss: 0.14630039036273956, validation loss: 0.3424530029296875
2024-05-26 21:19:31.550137:2024-05-26 21:19:31.550027: Current epoch: 86, loss: 0.14903390407562256, validation loss: 0.34171560406684875
2024-05-26 21:19:34.195578:2024-05-26 21:19:34.195502: Current epoch: 87, loss: 0.1466921716928482, validation loss: 0.33956146240234375
2024-05-26 21:19:36.844744:2024-05-26 21:19:36.844668: Current epoch: 88, loss: 0.13802863657474518, validation loss: 0.3473372757434845
2024-05-26 21:19:39.456171:2024-05-26 21:19:39.456112: Current epoch: 89, loss: 0.13794748485088348, validation loss: 0.3624626398086548
2024-05-26 21:19:42.054505:2024-05-26 21:19:42.054431: Current epoch: 90, loss: 0.13916723430156708, validation loss: 0.350165456533432
2024-05-26 21:19:44.667697:2024-05-26 21:19:44.667621: Current epoch: 91, loss: 0.13716860115528107, validation loss: 0.35846132040023804
2024-05-26 21:19:47.323061:2024-05-26 21:19:47.322907: Current epoch: 92, loss: 0.136836975812912, validation loss: 0.34127435088157654
2024-05-26 21:19:50.025235:2024-05-26 21:19:50.025127: Current epoch: 93, loss: 0.14084060490131378, validation loss: 0.3495734632015228
2024-05-26 21:19:52.767129:2024-05-26 21:19:52.766977: Current epoch: 94, loss: 0.1320010870695114, validation loss: 0.33575502038002014
2024-05-26 21:19:55.444220:2024-05-26 21:19:55.444052: Current epoch: 95, loss: 0.12932084500789642, validation loss: 0.34341752529144287
2024-05-26 21:19:58.125533:2024-05-26 21:19:58.125426: Current epoch: 96, loss: 0.13585497438907623, validation loss: 0.35806572437286377
2024-05-26 21:20:00.732144:2024-05-26 21:20:00.732069: Current epoch: 97, loss: 0.13487988710403442, validation loss: 0.3370745778083801
2024-05-26 21:20:03.363016:2024-05-26 21:20:03.362893: Current epoch: 98, loss: 0.1271124929189682, validation loss: 0.3395218849182129
2024-05-26 21:20:05.985513:2024-05-26 21:20:05.985435: Current epoch: 99, loss: 0.12426923960447311, validation loss: 0.3393824100494385
2024-05-26 21:20:08.640597:2024-05-26 21:20:08.640521: Current epoch: 100, loss: 0.12609997391700745, validation loss: 0.3432905077934265
2024-05-26 21:20:11.337514:2024-05-26 21:20:11.337352: Current epoch: 101, loss: 0.12582942843437195, validation loss: 0.3341332674026489
2024-05-26 21:20:13.983257:2024-05-26 21:20:13.983182: Current epoch: 102, loss: 0.12179727852344513, validation loss: 0.3307984471321106
2024-05-26 21:20:16.732400:2024-05-26 21:20:16.732266: Current epoch: 103, loss: 0.12133001536130905, validation loss: 0.3647715747356415
2024-05-26 21:20:19.424773:2024-05-26 21:20:19.424672: Current epoch: 104, loss: 0.1228707805275917, validation loss: 0.33897462487220764
2024-05-26 21:20:22.033613:2024-05-26 21:20:22.033538: Current epoch: 105, loss: 0.11954519152641296, validation loss: 0.3380134105682373
2024-05-26 21:20:24.666729:2024-05-26 21:20:24.666596: Current epoch: 106, loss: 0.11828356981277466, validation loss: 0.34028542041778564
2024-05-26 21:20:27.317275:2024-05-26 21:20:27.317175: Current epoch: 107, loss: 0.11628183722496033, validation loss: 0.34495702385902405
2024-05-26 21:20:29.964020:2024-05-26 21:20:29.963942: Current epoch: 108, loss: 0.11281805485486984, validation loss: 0.3309077024459839
2024-05-26 21:20:32.590517:2024-05-26 21:20:32.590384: Current epoch: 109, loss: 0.1116306334733963, validation loss: 0.33151543140411377
2024-05-26 21:20:37.880980:2024-05-26 21:20:37.880860: Current epoch: 110, loss: 0.11102379858493805, validation loss: 0.3345893621444702
2024-05-26 21:20:40.579705:2024-05-26 21:20:40.579550: Current epoch: 111, loss: 0.11122632026672363, validation loss: 0.34298768639564514
2024-05-26 21:20:43.391109:2024-05-26 21:20:43.390923: Current epoch: 112, loss: 0.10914558917284012, validation loss: 0.33301401138305664
2024-05-26 21:20:46.213471:2024-05-26 21:20:46.213309: Current epoch: 113, loss: 0.10925266891717911, validation loss: 0.3543832302093506
2024-05-26 21:20:48.985177:2024-05-26 21:20:48.985014: Current epoch: 114, loss: 0.11035647988319397, validation loss: 0.3425387144088745
2024-05-26 21:20:51.824236:2024-05-26 21:20:51.824147: Current epoch: 115, loss: 0.10842747986316681, validation loss: 0.3391053378582001
2024-05-26 21:20:54.507462:2024-05-26 21:20:54.507346: Current epoch: 116, loss: 0.10650109499692917, validation loss: 0.33995321393013
2024-05-26 21:20:57.182674:2024-05-26 21:20:57.182566: Current epoch: 117, loss: 0.1058482751250267, validation loss: 0.3437633812427521
2024-05-26 21:20:59.861564:2024-05-26 21:20:59.861380: Current epoch: 118, loss: 0.10586557537317276, validation loss: 0.33503812551498413
2024-05-26 21:21:02.742103:2024-05-26 21:21:02.741996: Current epoch: 119, loss: 0.10482929646968842, validation loss: 0.3318484425544739
2024-05-26 21:21:05.465851:2024-05-26 21:21:05.465752: Current epoch: 120, loss: 0.10398869961500168, validation loss: 0.32753464579582214
2024-05-26 21:21:08.140400:2024-05-26 21:21:08.140271: Current epoch: 121, loss: 0.10610964149236679, validation loss: 0.3370369076728821
2024-05-26 21:21:10.797479:2024-05-26 21:21:10.797332: Current epoch: 122, loss: 0.09910980612039566, validation loss: 0.34101662039756775
2024-05-26 21:21:13.442772:2024-05-26 21:21:13.442672: Current epoch: 123, loss: 0.10099683701992035, validation loss: 0.33620697259902954
2024-05-26 21:21:16.084639:2024-05-26 21:21:16.084560: Current epoch: 124, loss: 0.10101263970136642, validation loss: 0.34008103609085083
2024-05-26 21:21:18.722530:2024-05-26 21:21:18.722453: Current epoch: 125, loss: 0.10002563893795013, validation loss: 0.33478835225105286
2024-05-26 21:21:21.326060:2024-05-26 21:21:21.325980: Current epoch: 126, loss: 0.09711594879627228, validation loss: 0.33239683508872986
2024-05-26 21:21:23.858900:2024-05-26 21:21:23.858823: Current epoch: 127, loss: 0.09785366803407669, validation loss: 0.3363538384437561
2024-05-26 21:21:26.568139:2024-05-26 21:21:26.568010: Current epoch: 128, loss: 0.10064641386270523, validation loss: 0.33382681012153625
2024-05-26 21:21:29.281000:2024-05-26 21:21:29.280862: Current epoch: 129, loss: 0.09195791184902191, validation loss: 0.3343038558959961
2024-05-26 21:21:31.880685:2024-05-26 21:21:31.880614: Current epoch: 130, loss: 0.0971645712852478, validation loss: 0.33751749992370605
2024-05-26 21:21:34.484495:2024-05-26 21:21:34.484418: Current epoch: 131, loss: 0.09596915543079376, validation loss: 0.3470414876937866
2024-05-26 21:21:37.090531:2024-05-26 21:21:37.090467: Current epoch: 132, loss: 0.09422909468412399, validation loss: 0.33906033635139465
2024-05-26 21:21:39.692417:2024-05-26 21:21:39.692348: Current epoch: 133, loss: 0.09599374234676361, validation loss: 0.3357340395450592
2024-05-26 21:21:42.294205:2024-05-26 21:21:42.294129: Current epoch: 134, loss: 0.09567222744226456, validation loss: 0.3441438674926758
2024-05-26 21:21:44.908278:2024-05-26 21:21:44.908146: Current epoch: 135, loss: 0.08973616361618042, validation loss: 0.3346787393093109
2024-05-26 21:21:47.552711:2024-05-26 21:21:47.552613: Current epoch: 136, loss: 0.09150566905736923, validation loss: 0.3554668724536896
2024-05-26 21:21:50.187394:2024-05-26 21:21:50.187316: Current epoch: 137, loss: 0.09017766267061234, validation loss: 0.3403364419937134
2024-05-26 21:21:52.866474:2024-05-26 21:21:52.866341: Current epoch: 138, loss: 0.08966272324323654, validation loss: 0.334646612405777
2024-05-26 21:21:55.556268:2024-05-26 21:21:55.556174: Current epoch: 139, loss: 0.08956781029701233, validation loss: 0.33712872862815857
2024-05-26 21:21:58.202816:2024-05-26 21:21:58.202683: Current epoch: 140, loss: 0.08962038159370422, validation loss: 0.34021010994911194
2024-05-26 21:22:00.876099:2024-05-26 21:22:00.876000: Current epoch: 141, loss: 0.08872121572494507, validation loss: 0.32762306928634644
2024-05-26 21:22:03.537178:2024-05-26 21:22:03.537036: Current epoch: 142, loss: 0.08828208595514297, validation loss: 0.3334941864013672
2024-05-26 21:22:06.286591:2024-05-26 21:22:06.286464: Current epoch: 143, loss: 0.08519893884658813, validation loss: 0.34576404094696045
2024-05-26 21:22:08.892478:2024-05-26 21:22:08.892371: Current epoch: 144, loss: 0.08403543382883072, validation loss: 0.3350319564342499
2024-05-26 21:22:11.558339:2024-05-26 21:22:11.558206: Current epoch: 145, loss: 0.08459357917308807, validation loss: 0.344135582447052
2024-05-26 21:22:14.208513:2024-05-26 21:22:14.208405: Current epoch: 146, loss: 0.08485331386327744, validation loss: 0.33612242341041565
2024-05-26 21:22:16.860614:2024-05-26 21:22:16.860452: Current epoch: 147, loss: 0.08336830139160156, validation loss: 0.34598013758659363
2024-05-26 21:22:19.466333:2024-05-26 21:22:19.466262: Current epoch: 148, loss: 0.08262675255537033, validation loss: 0.3311134874820709
2024-05-26 21:22:22.046439:2024-05-26 21:22:22.046375: Current epoch: 149, loss: 0.08508598804473877, validation loss: 0.3399154245853424
2024-05-26 21:22:24.539715:2024-05-26 21:22:24.539639: Current epoch: 150, loss: 0.08261571824550629, validation loss: 0.3304031193256378
2024-05-26 21:22:27.187277:2024-05-26 21:22:27.187199: Current epoch: 151, loss: 0.08520487695932388, validation loss: 0.34299659729003906
2024-05-26 21:22:29.842253:2024-05-26 21:22:29.842120: Current epoch: 152, loss: 0.0778270736336708, validation loss: 0.3306575417518616
2024-05-26 21:22:32.527895:2024-05-26 21:22:32.527819: Current epoch: 153, loss: 0.08367391675710678, validation loss: 0.3337306082248688
2024-05-26 21:22:35.188466:2024-05-26 21:22:35.188334: Current epoch: 154, loss: 0.07932181656360626, validation loss: 0.3473030626773834
2024-05-26 21:22:37.794224:2024-05-26 21:22:37.794060: Current epoch: 155, loss: 0.07795450836420059, validation loss: 0.3300418257713318
2024-05-26 21:22:40.430864:2024-05-26 21:22:40.430769: Current epoch: 156, loss: 0.07902604341506958, validation loss: 0.3307771384716034
2024-05-26 21:22:43.045529:2024-05-26 21:22:43.045408: Current epoch: 157, loss: 0.08311906456947327, validation loss: 0.32947415113449097
2024-05-26 21:22:45.685511:2024-05-26 21:22:45.685449: Current epoch: 158, loss: 0.07922238111495972, validation loss: 0.3260137140750885
2024-05-26 21:22:48.279803:2024-05-26 21:22:48.279696: Current epoch: 159, loss: 0.07817517220973969, validation loss: 0.3334280252456665
2024-05-26 21:22:50.832986:2024-05-26 21:22:50.832902: Current epoch: 160, loss: 0.08230974525213242, validation loss: 0.3359343111515045
2024-05-26 21:22:53.480918:2024-05-26 21:22:53.480838: Current epoch: 161, loss: 0.0743655413389206, validation loss: 0.325036883354187
2024-05-26 21:22:56.096162:2024-05-26 21:22:56.096053: Current epoch: 162, loss: 0.07617063820362091, validation loss: 0.340084433555603
2024-05-26 21:22:58.699480:2024-05-26 21:22:58.699407: Current epoch: 163, loss: 0.08032147586345673, validation loss: 0.34260669350624084
2024-05-26 21:23:01.215010:2024-05-26 21:23:01.214917: Current epoch: 164, loss: 0.07560347765684128, validation loss: 0.33352959156036377
2024-05-26 21:23:03.821754:2024-05-26 21:23:03.821691: Current epoch: 165, loss: 0.07665669918060303, validation loss: 0.3494381606578827
2024-05-26 21:23:06.402626:2024-05-26 21:23:06.402548: Current epoch: 166, loss: 0.07234496623277664, validation loss: 0.33479687571525574
2024-05-26 21:23:09.036469:2024-05-26 21:23:09.036336: Current epoch: 167, loss: 0.07196636497974396, validation loss: 0.3269626796245575
2024-05-26 21:23:11.709417:2024-05-26 21:23:11.709309: Current epoch: 168, loss: 0.07393629848957062, validation loss: 0.3336990177631378
2024-05-26 21:23:14.412851:2024-05-26 21:23:14.412688: Current epoch: 169, loss: 0.07548316568136215, validation loss: 0.3432566523551941
2024-05-26 21:23:17.079554:2024-05-26 21:23:17.079402: Current epoch: 170, loss: 0.07279311120510101, validation loss: 0.3340774178504944
2024-05-26 21:23:19.708641:2024-05-26 21:23:19.708564: Current epoch: 171, loss: 0.07248175144195557, validation loss: 0.32889077067375183
2024-05-26 21:23:22.453226:2024-05-26 21:23:22.453093: Current epoch: 172, loss: 0.07281012833118439, validation loss: 0.327517569065094
2024-05-26 21:23:25.384970:2024-05-26 21:23:25.384836: Current epoch: 173, loss: 0.07037004828453064, validation loss: 0.3428182899951935
2024-05-26 21:23:28.150471:2024-05-26 21:23:28.150340: Current epoch: 174, loss: 0.07292875647544861, validation loss: 0.333624005317688
2024-05-26 21:23:31.020942:2024-05-26 21:23:31.020825: Current epoch: 175, loss: 0.07272762805223465, validation loss: 0.33876118063926697
2024-05-26 21:23:33.917628:2024-05-26 21:23:33.917464: Current epoch: 176, loss: 0.06969891488552094, validation loss: 0.3275836706161499
2024-05-26 21:23:36.559710:2024-05-26 21:23:36.559632: Current epoch: 177, loss: 0.07359001040458679, validation loss: 0.336503803730011
2024-05-26 21:23:39.200445:2024-05-26 21:23:39.200293: Current epoch: 178, loss: 0.07044667750597, validation loss: 0.3319602310657501
2024-05-26 21:23:41.862066:2024-05-26 21:23:41.861990: Current epoch: 179, loss: 0.06484286487102509, validation loss: 0.3349182903766632
2024-05-26 21:23:44.498021:2024-05-26 21:23:44.497918: Current epoch: 180, loss: 0.06882935017347336, validation loss: 0.33379098773002625
2024-05-26 21:23:47.134009:2024-05-26 21:23:47.133949: Current epoch: 181, loss: 0.06650545448064804, validation loss: 0.3268667161464691
2024-05-26 21:23:49.777464:2024-05-26 21:23:49.777418: Current epoch: 182, loss: 0.06808006763458252, validation loss: 0.33751407265663147
2024-05-26 21:23:52.585995:2024-05-26 21:23:52.585848: Current epoch: 183, loss: 0.06887135654687881, validation loss: 0.3309190273284912
2024-05-26 21:23:55.470106:2024-05-26 21:23:55.469995: Current epoch: 184, loss: 0.0673888549208641, validation loss: 0.3306296765804291
2024-05-26 21:23:58.121976:2024-05-26 21:23:58.121833: Current epoch: 185, loss: 0.06769334524869919, validation loss: 0.3309663236141205
2024-05-26 21:24:00.850998:2024-05-26 21:24:00.850867: Current epoch: 186, loss: 0.06533603370189667, validation loss: 0.33520469069480896
2024-05-26 21:24:03.573775:2024-05-26 21:24:03.573610: Current epoch: 187, loss: 0.06512459367513657, validation loss: 0.3441396653652191
2024-05-26 21:24:06.272674:2024-05-26 21:24:06.272598: Current epoch: 188, loss: 0.06447048485279083, validation loss: 0.32574155926704407
2024-05-26 21:24:09.122716:2024-05-26 21:24:09.122645: Current epoch: 189, loss: 0.06425032764673233, validation loss: 0.3273542523384094
2024-05-26 21:24:14.182424:2024-05-26 21:24:14.182347: Current epoch: 190, loss: 0.06510327011346817, validation loss: 0.33842340111732483
2024-05-26 21:24:17.107852:2024-05-26 21:24:17.107701: Current epoch: 191, loss: 0.06113547459244728, validation loss: 0.3378550112247467
2024-05-26 21:24:20.071178:2024-05-26 21:24:20.071023: Current epoch: 192, loss: 0.06355473399162292, validation loss: 0.34236985445022583
2024-05-26 21:24:23.001474:2024-05-26 21:24:23.001310: Current epoch: 193, loss: 0.06290686130523682, validation loss: 0.3339362144470215
2024-05-26 21:24:25.751944:2024-05-26 21:24:25.751811: Current epoch: 194, loss: 0.06361660361289978, validation loss: 0.3284411132335663
2024-05-26 21:24:28.465407:2024-05-26 21:24:28.465331: Current epoch: 195, loss: 0.06359031051397324, validation loss: 0.33988478779792786
2024-05-26 21:24:31.230821:2024-05-26 21:24:31.230746: Current epoch: 196, loss: 0.06695140153169632, validation loss: 0.33646753430366516
2024-05-26 21:24:34.079774:2024-05-26 21:24:34.079673: Current epoch: 197, loss: 0.06384500861167908, validation loss: 0.34498220682144165
2024-05-26 21:24:36.910083:2024-05-26 21:24:36.909908: Current epoch: 198, loss: 0.0603620670735836, validation loss: 0.330941766500473
2024-05-26 21:24:39.646260:2024-05-26 21:24:39.646097: Current epoch: 199, loss: 0.06001393124461174, validation loss: 0.3309233486652374
2024-05-26 21:24:42.364593:2024-05-26 21:24:42.364456: Current epoch: 200, loss: 0.06113051250576973, validation loss: 0.34379714727401733
2024-05-26 21:24:45.013008:2024-05-26 21:24:45.012913: Current epoch: 201, loss: 0.06577648222446442, validation loss: 0.36726245284080505
2024-05-26 21:24:47.717798:2024-05-26 21:24:47.717636: Current epoch: 202, loss: 0.05999648571014404, validation loss: 0.34639567136764526
2024-05-26 21:24:50.404035:2024-05-26 21:24:50.403867: Current epoch: 203, loss: 0.06037186458706856, validation loss: 0.34112370014190674
2024-05-26 21:24:53.132186:2024-05-26 21:24:53.132021: Current epoch: 204, loss: 0.06064409017562866, validation loss: 0.32679060101509094
2024-05-26 21:24:55.778369:2024-05-26 21:24:55.778291: Current epoch: 205, loss: 0.06132647395133972, validation loss: 0.33857160806655884
2024-05-26 21:24:58.512993:2024-05-26 21:24:58.512898: Current epoch: 206, loss: 0.056698061525821686, validation loss: 0.3444439172744751
2024-05-26 21:25:01.200439:2024-05-26 21:25:01.200368: Current epoch: 207, loss: 0.05577853322029114, validation loss: 0.3465847969055176
2024-05-26 21:25:03.863883:2024-05-26 21:25:03.863806: Current epoch: 208, loss: 0.05635986104607582, validation loss: 0.33189842104911804
2024-05-26 21:25:06.546539:2024-05-26 21:25:06.546399: Current epoch: 209, loss: 0.057671040296554565, validation loss: 0.34598809480667114
2024-05-26 21:25:09.149397:2024-05-26 21:25:09.149287: Current epoch: 210, loss: 0.05870245397090912, validation loss: 0.33603957295417786
2024-05-26 21:25:11.868354:2024-05-26 21:25:11.868232: Current epoch: 211, loss: 0.06174018234014511, validation loss: 0.33796167373657227
2024-05-26 21:25:14.556966:2024-05-26 21:25:14.556853: Current epoch: 212, loss: 0.05937759205698967, validation loss: 0.32600775361061096
2024-05-26 21:25:17.225357:2024-05-26 21:25:17.225193: Current epoch: 213, loss: 0.058269672095775604, validation loss: 0.3387376368045807
2024-05-26 21:25:19.969014:2024-05-26 21:25:19.968942: Current epoch: 214, loss: 0.05678485706448555, validation loss: 0.3353831470012665
2024-05-26 21:25:22.868393:2024-05-26 21:25:22.868238: Current epoch: 215, loss: 0.056118905544281006, validation loss: 0.3368249237537384
2024-05-26 21:25:25.662014:2024-05-26 21:25:25.661656: Current epoch: 216, loss: 0.057164475321769714, validation loss: 0.3339180052280426
2024-05-26 21:25:28.441092:2024-05-26 21:25:28.440915: Current epoch: 217, loss: 0.05601733550429344, validation loss: 0.34031516313552856
2024-05-26 21:25:31.156358:2024-05-26 21:25:31.156246: Current epoch: 218, loss: 0.055969685316085815, validation loss: 0.35671308636665344
2024-05-26 21:25:33.828855:2024-05-26 21:25:33.828734: Current epoch: 219, loss: 0.05507482960820198, validation loss: 0.33869022130966187
2024-05-26 21:25:36.511630:2024-05-26 21:25:36.511513: Current epoch: 220, loss: 0.05641328915953636, validation loss: 0.3375295102596283
2024-05-26 21:25:39.429849:2024-05-26 21:25:39.429686: Current epoch: 221, loss: 0.052144892513751984, validation loss: 0.331114798784256
2024-05-26 21:25:42.245168:2024-05-26 21:25:42.245048: Current epoch: 222, loss: 0.055247966200113297, validation loss: 0.3427296578884125
2024-05-26 21:25:44.912048:2024-05-26 21:25:44.911942: Current epoch: 223, loss: 0.05650408938527107, validation loss: 0.3367792069911957
2024-05-26 21:25:47.615678:2024-05-26 21:25:47.615613: Current epoch: 224, loss: 0.05595897138118744, validation loss: 0.3327525556087494
2024-05-26 21:25:50.341358:2024-05-26 21:25:50.341285: Current epoch: 225, loss: 0.053766924887895584, validation loss: 0.3500013053417206
2024-05-26 21:25:53.167150:2024-05-26 21:25:53.167079: Current epoch: 226, loss: 0.05283719301223755, validation loss: 0.34134814143180847
2024-05-26 21:25:55.859662:2024-05-26 21:25:55.859545: Current epoch: 227, loss: 0.05420375242829323, validation loss: 0.3282693922519684
2024-05-26 21:25:58.549281:2024-05-26 21:25:58.549130: Current epoch: 228, loss: 0.054440174251794815, validation loss: 0.32790616154670715
2024-05-26 21:26:01.234313:2024-05-26 21:26:01.234184: Current epoch: 229, loss: 0.05329865217208862, validation loss: 0.33442580699920654
2024-05-26 21:26:03.957124:2024-05-26 21:26:03.957005: Current epoch: 230, loss: 0.052185334265232086, validation loss: 0.3368294835090637
2024-05-26 21:26:06.630947:2024-05-26 21:26:06.630788: Current epoch: 231, loss: 0.05118244141340256, validation loss: 0.34544381499290466
2024-05-26 21:26:09.332159:2024-05-26 21:26:09.331865: Current epoch: 232, loss: 0.05385899916291237, validation loss: 0.3426186442375183
2024-05-26 21:26:11.971907:2024-05-26 21:26:11.971804: Current epoch: 233, loss: 0.05398896336555481, validation loss: 0.331662654876709
2024-05-26 21:26:14.638817:2024-05-26 21:26:14.638746: Current epoch: 234, loss: 0.05106459558010101, validation loss: 0.32416832447052
2024-05-26 21:26:17.223441:2024-05-26 21:26:17.223310: Current epoch: 235, loss: 0.05176351219415665, validation loss: 0.3361667990684509
2024-05-26 21:26:19.811473:2024-05-26 21:26:19.811395: Current epoch: 236, loss: 0.050705134868621826, validation loss: 0.3307587206363678
2024-05-26 21:26:22.455918:2024-05-26 21:26:22.455828: Current epoch: 237, loss: 0.04973052814602852, validation loss: 0.33264678716659546
2024-05-26 21:26:25.315150:2024-05-26 21:26:25.315087: Current epoch: 238, loss: 0.051679909229278564, validation loss: 0.3344321548938751
2024-05-26 21:26:27.972707:2024-05-26 21:26:27.972542: Current epoch: 239, loss: 0.05008864030241966, validation loss: 0.341051310300827
2024-05-26 21:26:30.620131:2024-05-26 21:26:30.620053: Current epoch: 240, loss: 0.05065247416496277, validation loss: 0.34109827876091003
2024-05-26 21:26:33.249712:2024-05-26 21:26:33.249579: Current epoch: 241, loss: 0.048623986542224884, validation loss: 0.3313496708869934
2024-05-26 21:26:35.919009:2024-05-26 21:26:35.918878: Current epoch: 242, loss: 0.04867720603942871, validation loss: 0.3399944007396698
2024-05-26 21:26:38.560057:2024-05-26 21:26:38.559911: Current epoch: 243, loss: 0.05046886205673218, validation loss: 0.33848509192466736
2024-05-26 21:26:41.322045:2024-05-26 21:26:41.321917: Current epoch: 244, loss: 0.05078062787652016, validation loss: 0.3443203568458557
2024-05-26 21:26:43.996161:2024-05-26 21:26:43.996084: Current epoch: 245, loss: 0.048278529196977615, validation loss: 0.3393477201461792
2024-05-26 21:26:46.702523:2024-05-26 21:26:46.702374: Current epoch: 246, loss: 0.04878019541501999, validation loss: 0.3388229012489319
2024-05-26 21:26:49.405498:2024-05-26 21:26:49.405421: Current epoch: 247, loss: 0.05190732702612877, validation loss: 0.3398040533065796
2024-05-26 21:26:52.105216:2024-05-26 21:26:52.105092: Current epoch: 248, loss: 0.04981919005513191, validation loss: 0.33848515152931213
2024-05-26 21:26:54.824599:2024-05-26 21:26:54.824491: Current epoch: 249, loss: 0.04772207885980606, validation loss: 0.33444851636886597
2024-05-26 21:26:57.324789:2024-05-26 21:26:57.324625: Current epoch: 250, loss: 0.04897285997867584, validation loss: 0.3298110365867615
2024-05-26 21:26:59.970472:2024-05-26 21:26:59.970337: Current epoch: 251, loss: 0.050743814557790756, validation loss: 0.3377375304698944
2024-05-26 21:27:02.634067:2024-05-26 21:27:02.633916: Current epoch: 252, loss: 0.04842212423682213, validation loss: 0.3294898569583893
2024-05-26 21:27:05.319047:2024-05-26 21:27:05.318916: Current epoch: 253, loss: 0.0483403354883194, validation loss: 0.3325512409210205
2024-05-26 21:27:07.989800:2024-05-26 21:27:07.989674: Current epoch: 254, loss: 0.04782329127192497, validation loss: 0.33385685086250305
2024-05-26 21:27:10.634877:2024-05-26 21:27:10.634727: Current epoch: 255, loss: 0.04863688349723816, validation loss: 0.3469060957431793
2024-05-26 21:27:13.283210:2024-05-26 21:27:13.283077: Current epoch: 256, loss: 0.049493178725242615, validation loss: 0.3414277136325836
2024-05-26 21:27:15.941809:2024-05-26 21:27:15.941692: Current epoch: 257, loss: 0.048381563276052475, validation loss: 0.34288281202316284
2024-05-26 21:27:18.544819:2024-05-26 21:27:18.544743: Current epoch: 258, loss: 0.04667549580335617, validation loss: 0.34372302889823914
2024-05-26 21:27:21.143704:2024-05-26 21:27:21.143626: Current epoch: 259, loss: 0.04838303476572037, validation loss: 0.3500562906265259
2024-05-26 21:27:23.775860:2024-05-26 21:27:23.775784: Current epoch: 260, loss: 0.04677765071392059, validation loss: 0.34240394830703735
2024-05-26 21:27:26.432228:2024-05-26 21:27:26.432105: Current epoch: 261, loss: 0.04706842824816704, validation loss: 0.3452577590942383
2024-05-26 21:27:29.106563:2024-05-26 21:27:29.106427: Current epoch: 262, loss: 0.0438803993165493, validation loss: 0.3355652689933777
2024-05-26 21:27:31.778006:2024-05-26 21:27:31.777914: Current epoch: 263, loss: 0.04577118158340454, validation loss: 0.3481856882572174
2024-05-26 21:27:34.384633:2024-05-26 21:27:34.384555: Current epoch: 264, loss: 0.04759674519300461, validation loss: 0.3341686725616455
2024-05-26 21:27:37.102443:2024-05-26 21:27:37.102371: Current epoch: 265, loss: 0.04942800849676132, validation loss: 0.3472442924976349
2024-05-26 21:27:39.749814:2024-05-26 21:27:39.749708: Current epoch: 266, loss: 0.046038199216127396, validation loss: 0.33737340569496155
2024-05-26 21:27:42.396849:2024-05-26 21:27:42.396688: Current epoch: 267, loss: 0.04652230814099312, validation loss: 0.3479501008987427
2024-05-26 21:27:45.095631:2024-05-26 21:27:45.095482: Current epoch: 268, loss: 0.04706670716404915, validation loss: 0.3349529504776001
2024-05-26 21:27:47.779265:2024-05-26 21:27:47.779082: Current epoch: 269, loss: 0.045018963515758514, validation loss: 0.3501134216785431
2024-05-26 21:27:50.274161:2024-05-26 21:27:50.274046: Current epoch: 270, loss: 0.045157480984926224, validation loss: 0.34610190987586975
2024-05-26 21:27:52.830645:2024-05-26 21:27:52.830577: Current epoch: 271, loss: 0.0437995009124279, validation loss: 0.33853697776794434
2024-05-26 21:27:55.572457:2024-05-26 21:27:55.572306: Current epoch: 272, loss: 0.04350125044584274, validation loss: 0.3360142409801483
2024-05-26 21:27:58.483637:2024-05-26 21:27:58.483487: Current epoch: 273, loss: 0.04524417221546173, validation loss: 0.32827332615852356
2024-05-26 21:28:01.383618:2024-05-26 21:28:01.383541: Current epoch: 274, loss: 0.04420431703329086, validation loss: 0.33350610733032227
2024-05-26 21:28:04.291379:2024-05-26 21:28:04.291302: Current epoch: 275, loss: 0.04315249249339104, validation loss: 0.33890971541404724
2024-05-26 21:28:07.056409:2024-05-26 21:28:07.056330: Current epoch: 276, loss: 0.04275137931108475, validation loss: 0.34274548292160034
2024-05-26 21:28:09.661700:2024-05-26 21:28:09.661536: Current epoch: 277, loss: 0.04396635666489601, validation loss: 0.3332248032093048
2024-05-26 21:28:12.349018:2024-05-26 21:28:12.348870: Current epoch: 278, loss: 0.04904026910662651, validation loss: 0.33268705010414124
2024-05-26 21:28:14.935644:2024-05-26 21:28:14.935578: Current epoch: 279, loss: 0.0447314977645874, validation loss: 0.3370943069458008
2024-05-26 21:28:17.601704:2024-05-26 21:28:17.601626: Current epoch: 280, loss: 0.042729295790195465, validation loss: 0.3334474265575409
2024-05-26 21:28:20.238672:2024-05-26 21:28:20.238594: Current epoch: 281, loss: 0.044756509363651276, validation loss: 0.3366934359073639
2024-05-26 21:28:22.838882:2024-05-26 21:28:22.838775: Current epoch: 282, loss: 0.04446576535701752, validation loss: 0.33497849106788635
2024-05-26 21:28:25.694308:2024-05-26 21:28:25.694204: Current epoch: 283, loss: 0.04362053796648979, validation loss: 0.337867796421051
2024-05-26 21:28:28.275036:2024-05-26 21:28:28.274839: Current epoch: 284, loss: 0.04031763970851898, validation loss: 0.33600524067878723
2024-05-26 21:28:30.977328:2024-05-26 21:28:30.977192: Current epoch: 285, loss: 0.04410252347588539, validation loss: 0.3477795124053955
2024-05-26 21:28:33.640868:2024-05-26 21:28:33.640758: Current epoch: 286, loss: 0.04123717546463013, validation loss: 0.33513152599334717
2024-05-26 21:28:36.237411:2024-05-26 21:28:36.237346: Current epoch: 287, loss: 0.04628616198897362, validation loss: 0.3343403935432434
2024-05-26 21:28:38.877266:2024-05-26 21:28:38.877098: Current epoch: 288, loss: 0.044471047818660736, validation loss: 0.3401607573032379
2024-05-26 21:28:41.505683:2024-05-26 21:28:41.505612: Current epoch: 289, loss: 0.041002094745635986, validation loss: 0.3430592119693756
2024-05-26 21:28:44.092815:2024-05-26 21:28:44.092737: Current epoch: 290, loss: 0.04103453829884529, validation loss: 0.3473607003688812
2024-05-26 21:28:46.699043:2024-05-26 21:28:46.698890: Current epoch: 291, loss: 0.04222926124930382, validation loss: 0.33140236139297485
2024-05-26 21:28:49.353004:2024-05-26 21:28:49.352871: Current epoch: 292, loss: 0.041625913232564926, validation loss: 0.34792694449424744
2024-05-26 21:28:51.987396:2024-05-26 21:28:51.987321: Current epoch: 293, loss: 0.0439533106982708, validation loss: 0.33939245343208313
2024-05-26 21:28:54.586676:2024-05-26 21:28:54.586604: Current epoch: 294, loss: 0.041382674127817154, validation loss: 0.3334721028804779
2024-05-26 21:28:57.239248:2024-05-26 21:28:57.239082: Current epoch: 295, loss: 0.03977660462260246, validation loss: 0.3382296562194824
2024-05-26 21:28:59.870014:2024-05-26 21:28:59.869921: Current epoch: 296, loss: 0.04151928797364235, validation loss: 0.3461656868457794
2024-05-26 21:29:02.472507:2024-05-26 21:29:02.472370: Current epoch: 297, loss: 0.040944088250398636, validation loss: 0.33476755023002625
2024-05-26 21:29:05.072113:2024-05-26 21:29:05.072005: Current epoch: 298, loss: 0.04327203705906868, validation loss: 0.3357226848602295
2024-05-26 21:29:07.868217:2024-05-26 21:29:07.868140: Current epoch: 299, loss: 0.043533362448215485, validation loss: 0.3377876579761505
2024-05-26 21:29:10.568327:2024-05-26 21:29:10.568250: Current epoch: 300, loss: 0.04612032324075699, validation loss: 0.3454061448574066
2024-05-26 21:29:13.226892:2024-05-26 21:29:13.226753: Current epoch: 301, loss: 0.041612617671489716, validation loss: 0.34078994393348694
2024-05-26 21:29:15.889579:2024-05-26 21:29:15.889507: Current epoch: 302, loss: 0.04198527708649635, validation loss: 0.33543816208839417
2024-05-26 21:29:18.566732:2024-05-26 21:29:18.566623: Current epoch: 303, loss: 0.03898592293262482, validation loss: 0.3517415225505829
2024-05-26 21:29:21.179082:2024-05-26 21:29:21.179004: Current epoch: 304, loss: 0.040038976818323135, validation loss: 0.3317408859729767
2024-05-26 21:29:23.864786:2024-05-26 21:29:23.864624: Current epoch: 305, loss: 0.04102427139878273, validation loss: 0.3431488871574402
2024-05-26 21:29:26.658525:2024-05-26 21:29:26.658358: Current epoch: 306, loss: 0.043712154030799866, validation loss: 0.33970344066619873
2024-05-26 21:29:29.307302:2024-05-26 21:29:29.307235: Current epoch: 307, loss: 0.04288306459784508, validation loss: 0.3330361843109131
2024-05-26 21:29:31.967754:2024-05-26 21:29:31.967591: Current epoch: 308, loss: 0.040140300989151, validation loss: 0.34787777066230774
2024-05-26 21:29:34.718876:2024-05-26 21:29:34.718809: Current epoch: 309, loss: 0.03859709948301315, validation loss: 0.3458954095840454
2024-05-26 21:29:37.401657:2024-05-26 21:29:37.401580: Current epoch: 310, loss: 0.04019271582365036, validation loss: 0.3504980802536011
2024-05-26 21:29:40.189243:2024-05-26 21:29:40.189166: Current epoch: 311, loss: 0.04177973419427872, validation loss: 0.3476547598838806
2024-05-26 21:29:42.966681:2024-05-26 21:29:42.966483: Current epoch: 312, loss: 0.04028056561946869, validation loss: 0.3354761302471161
2024-05-26 21:29:45.752812:2024-05-26 21:29:45.752549: Current epoch: 313, loss: 0.04198044538497925, validation loss: 0.337955504655838
2024-05-26 21:29:48.513509:2024-05-26 21:29:48.513411: Current epoch: 314, loss: 0.03857790306210518, validation loss: 0.3373902440071106
2024-05-26 21:29:51.203334:2024-05-26 21:29:51.203170: Current epoch: 315, loss: 0.0394585020840168, validation loss: 0.3568079173564911
2024-05-26 21:29:53.925818:2024-05-26 21:29:53.925670: Current epoch: 316, loss: 0.038237541913986206, validation loss: 0.3362371027469635
2024-05-26 21:29:56.614092:2024-05-26 21:29:56.613978: Current epoch: 317, loss: 0.03782369941473007, validation loss: 0.3491989076137543
2024-05-26 21:29:59.313326:2024-05-26 21:29:59.313223: Current epoch: 318, loss: 0.0407349169254303, validation loss: 0.3464008867740631
2024-05-26 21:30:02.051599:2024-05-26 21:30:02.051431: Current epoch: 319, loss: 0.039655204862356186, validation loss: 0.34131312370300293
2024-05-26 21:30:04.761975:2024-05-26 21:30:04.761819: Current epoch: 320, loss: 0.04001656174659729, validation loss: 0.3386108875274658
2024-05-26 21:30:07.445133:2024-05-26 21:30:07.445061: Current epoch: 321, loss: 0.037754904478788376, validation loss: 0.3408268988132477
2024-05-26 21:30:10.083472:2024-05-26 21:30:10.083400: Current epoch: 322, loss: 0.04012461379170418, validation loss: 0.33683153986930847
2024-05-26 21:30:12.799998:2024-05-26 21:30:12.799907: Current epoch: 323, loss: 0.03791649639606476, validation loss: 0.33805903792381287
2024-05-26 21:30:15.575846:2024-05-26 21:30:15.575775: Current epoch: 324, loss: 0.03937035799026489, validation loss: 0.3412307798862457
2024-05-26 21:30:18.243268:2024-05-26 21:30:18.243198: Current epoch: 325, loss: 0.03878965228796005, validation loss: 0.3419467508792877
2024-05-26 21:30:20.926586:2024-05-26 21:30:20.926506: Current epoch: 326, loss: 0.03813387081027031, validation loss: 0.3397931754589081
2024-05-26 21:30:23.631276:2024-05-26 21:30:23.631136: Current epoch: 327, loss: 0.03995461389422417, validation loss: 0.3407594859600067
2024-05-26 21:30:26.322381:2024-05-26 21:30:26.322265: Current epoch: 328, loss: 0.03939344733953476, validation loss: 0.33801326155662537
2024-05-26 21:30:29.054382:2024-05-26 21:30:29.054290: Current epoch: 329, loss: 0.03748674318194389, validation loss: 0.33828964829444885
2024-05-26 21:30:31.775628:2024-05-26 21:30:31.775465: Current epoch: 330, loss: 0.03445793315768242, validation loss: 0.34601715207099915
2024-05-26 21:30:34.494548:2024-05-26 21:30:34.494437: Current epoch: 331, loss: 0.03829661011695862, validation loss: 0.34752821922302246
2024-05-26 21:30:37.352166:2024-05-26 21:30:37.351815: Current epoch: 332, loss: 0.036702562123537064, validation loss: 0.3291808068752289
2024-05-26 21:30:40.055457:2024-05-26 21:30:40.055288: Current epoch: 333, loss: 0.03554408252239227, validation loss: 0.3324442505836487
2024-05-26 21:30:42.858261:2024-05-26 21:30:42.858096: Current epoch: 334, loss: 0.036097925156354904, validation loss: 0.34209680557250977
2024-05-26 21:30:43.088467:the test error is  [0.3175029754638672, 0.3175029754638672]
2024-05-26 21:30:45.592321:saved model to sample/alignn_matbert-base-cased_robo_prop_spillage
2024-05-26 21:30:45.908046:done