
2024-04-11 13:10:41.043887:job config: {'train_data_path': '/data/yll6162/alignntl_dft_3d/tl_dataset/dataset_alignn_matbert-base-cased_robo_prop_magmom_outcar_train.csv', 'val_data_path': '/data/yll6162/alignntl_dft_3d/tl_dataset/dataset_alignn_matbert-base-cased_robo_prop_magmom_outcar_val.csv', 'test_data_path': '/data/yll6162/alignntl_dft_3d/tl_dataset/dataset_alignn_matbert-base-cased_robo_prop_magmom_outcar_test.csv', 'label': 'magmom_outcar', 'input_type': None, 'log_folder': 'log', 'log_file': 'alignn_matbert-base-cased_robo_prop_magmom_outcar.log', 'test_metric': 'mae', 'architecture': '1024Rx4D-512Rx3D-256Rx3D-128Rx3D-64Rx2-32Rx1-1', 'model_seed': 0, 'loss_type': 'mae', 'config_file': 'sample/alignn_matbert-base-cased_robo_prop_magmom_outcar_job.config', 'use_valid': True, 'project': 'MOF', 'regressors': None, 'input_types': None, 'paramsGrid': {'optimizer': 'Adam', 'learning_rate': 0.0001, 'patience': 100, 'dropouts': [0.8, 0.9, 0.7, 0.8], 'EVAL_FREQUENCY': 1000}, 'save_path': 'sample/alignn_matbert-base-cased_robo_prop_magmom_outcar', 'model_path': None, 'last_layer_with_weight': True, 'keras_path': 'model/alignn_matbert-base-cased_robo_prop_magmom_outcar', 'test_size': None, 'val_size': None}
2024-04-11 13:10:41.043951:train data path is  /data/yll6162/alignntl_dft_3d/tl_dataset/dataset_alignn_matbert-base-cased_robo_prop_magmom_outcar_train.csv
2024-04-11 13:10:55.429582:input attribute sets are:  None
2024-04-11 13:10:55.429775:test data path is  /data/yll6162/alignntl_dft_3d/tl_dataset/dataset_alignn_matbert-base-cased_robo_prop_magmom_outcar_test.csv
2024-04-11 13:10:57.167688:val data path is  /data/yll6162/alignntl_dft_3d/tl_dataset/dataset_alignn_matbert-base-cased_robo_prop_magmom_outcar_val.csv
2024-04-11 13:10:58.900771:input attributes are:  Index(['0', '1', '2', '3', '4', '5', '6', '7', '8', '9',
       ...
       '758.1', '759.1', '760.1', '761.1', '762.1', '763.1', '764.1', '765.1',
       '766.1', '767.1'],
      dtype='object', length=1536)
2024-04-11 13:10:58.900888:label: magmom_outcar
2024-04-11 13:11:11.410977: train, test, valid sizes:  (59370, 1536) (59370,) (7422, 1536) (7422,) (7422, 1536) (7422,)
2024-04-11 13:11:11.681451:train matrix shape of train_X:  (59370, 1536)  train_y:  (59370,)
2024-04-11 13:11:11.681579:valid matrix shape of train_X:  (7422, 1536)  valid_y:  (7422,)
2024-04-11 13:11:11.681618:test matrix shape of valid_X:   (7422, 1536)  test_y:  (7422,)
2024-04-11 13:11:11.681652:architecture is:  1024Rx4D-512Rx3D-256Rx3D-128Rx3D-64Rx2-32Rx1-1
2024-04-11 13:11:11.681687:learning rate is  0.0001
2024-04-11 13:11:11.681719:model path is  None
2024-04-11 13:11:11.689298:adding fully connected layers with 1024 outputs
2024-04-11 13:11:13.740607:adding residual with fc as the size are different
2024-04-11 13:11:13.748079:adding fully connected layers with 1024 outputs
2024-04-11 13:11:13.753415:adding residual, both sizes are same
2024-04-11 13:11:13.755422:adding fully connected layers with 1024 outputs
2024-04-11 13:11:13.760434:adding residual, both sizes are same
2024-04-11 13:11:13.762328:adding fully connected layers with 1024 outputs
2024-04-11 13:11:13.767075:adding residual, both sizes are same
2024-04-11 13:11:13.769107:adding dropout 0.8
2024-04-11 13:11:13.774021:adding fully connected layers with 512 outputs
2024-04-11 13:11:13.778983:adding residual with fc as the size are different
2024-04-11 13:11:13.786092:adding fully connected layers with 512 outputs
2024-04-11 13:11:13.790956:adding residual, both sizes are same
2024-04-11 13:11:13.792836:adding fully connected layers with 512 outputs
2024-04-11 13:11:13.797735:adding residual, both sizes are same
2024-04-11 13:11:13.799612:adding dropout 0.9
2024-04-11 13:11:13.801270:adding fully connected layers with 256 outputs
2024-04-11 13:11:13.806367:adding residual with fc as the size are different
2024-04-11 13:11:13.812756:adding fully connected layers with 256 outputs
2024-04-11 13:11:13.817714:adding residual, both sizes are same
2024-04-11 13:11:13.820747:adding fully connected layers with 256 outputs
2024-04-11 13:11:13.835262:adding residual, both sizes are same
2024-04-11 13:11:13.837733:adding dropout 0.7
2024-04-11 13:11:13.839876:adding fully connected layers with 128 outputs
2024-04-11 13:11:13.845941:adding residual with fc as the size are different
2024-04-11 13:11:13.852635:adding fully connected layers with 128 outputs
2024-04-11 13:11:13.857406:adding residual, both sizes are same
2024-04-11 13:11:13.859260:adding fully connected layers with 128 outputs
2024-04-11 13:11:13.863936:adding residual, both sizes are same
2024-04-11 13:11:13.867684:adding dropout 0.8
2024-04-11 13:11:13.872668:adding fully connected layers with 64 outputs
2024-04-11 13:11:13.882778:adding residual with fc as the size are different
2024-04-11 13:11:13.890180:adding fully connected layers with 64 outputs
2024-04-11 13:11:13.895126:adding residual, both sizes are same
2024-04-11 13:11:13.896916:adding fully connected layers with 32 outputs
2024-04-11 13:11:13.901816:adding residual with fc as the size are different
2024-04-11 13:11:13.908112:adding final layer with 1 output
2024-04-11 13:11:13.917529:Model: "ElemNet"
2024-04-11 13:11:13.917597:__________________________________________________________________________________________________
2024-04-11 13:11:13.917644:Layer (type)                    Output Shape         Param #     Connected to                     
2024-04-11 13:11:13.917679:==================================================================================================
2024-04-11 13:11:13.917892:elemental_fractions (InputLayer [(None, 1536)]       0                                            
2024-04-11 13:11:13.917936:__________________________________________________________________________________________________
2024-04-11 13:11:13.918096:fc0_0 (Dense)                   (None, 1024)         1573888     elemental_fractions[0][0]        
2024-04-11 13:11:13.918140:__________________________________________________________________________________________________
2024-04-11 13:11:13.918251:fc0_dim_0 (Dense)               (None, 1024)         1573888     elemental_fractions[0][0]        
2024-04-11 13:11:13.918300:__________________________________________________________________________________________________
2024-04-11 13:11:13.918382:tf.__operators__.add (TFOpLambd (None, 1024)         0           fc0_0[0][0]                      
2024-04-11 13:11:13.918603:                                                                 fc0_dim_0[0][0]                  
2024-04-11 13:11:13.918809:__________________________________________________________________________________________________
2024-04-11 13:11:13.919308:fc0_1 (Dense)                   (None, 1024)         1049600     tf.__operators__.add[0][0]       
2024-04-11 13:11:13.919473:__________________________________________________________________________________________________
2024-04-11 13:11:13.919769:tf.__operators__.add_1 (TFOpLam (None, 1024)         0           fc0_1[0][0]                      
2024-04-11 13:11:13.919923:                                                                 tf.__operators__.add[0][0]       
2024-04-11 13:11:13.920052:__________________________________________________________________________________________________
2024-04-11 13:11:13.920441:fc0_2 (Dense)                   (None, 1024)         1049600     tf.__operators__.add_1[0][0]     
2024-04-11 13:11:13.920586:__________________________________________________________________________________________________
2024-04-11 13:11:13.920846:tf.__operators__.add_2 (TFOpLam (None, 1024)         0           fc0_2[0][0]                      
2024-04-11 13:11:13.920988:                                                                 tf.__operators__.add_1[0][0]     
2024-04-11 13:11:13.921106:__________________________________________________________________________________________________
2024-04-11 13:11:13.921459:fc0_3 (Dense)                   (None, 1024)         1049600     tf.__operators__.add_2[0][0]     
2024-04-11 13:11:13.921594:__________________________________________________________________________________________________
2024-04-11 13:11:13.921841:tf.__operators__.add_3 (TFOpLam (None, 1024)         0           fc0_3[0][0]                      
2024-04-11 13:11:13.921994:                                                                 tf.__operators__.add_2[0][0]     
2024-04-11 13:11:13.922113:__________________________________________________________________________________________________
2024-04-11 13:11:13.922373:dropout (Dropout)               (None, 1024)         0           tf.__operators__.add_3[0][0]     
2024-04-11 13:11:13.922501:__________________________________________________________________________________________________
2024-04-11 13:11:13.922839:fc1_0 (Dense)                   (None, 512)          524800      dropout[0][0]                    
2024-04-11 13:11:13.922974:__________________________________________________________________________________________________
2024-04-11 13:11:13.923317:fc1_dim_0 (Dense)               (None, 512)          524800      dropout[0][0]                    
2024-04-11 13:11:13.923454:__________________________________________________________________________________________________
2024-04-11 13:11:13.923698:tf.__operators__.add_4 (TFOpLam (None, 512)          0           fc1_0[0][0]                      
2024-04-11 13:11:13.923836:                                                                 fc1_dim_0[0][0]                  
2024-04-11 13:11:13.923953:__________________________________________________________________________________________________
2024-04-11 13:11:13.924290:fc1_1 (Dense)                   (None, 512)          262656      tf.__operators__.add_4[0][0]     
2024-04-11 13:11:13.924426:__________________________________________________________________________________________________
2024-04-11 13:11:13.924672:tf.__operators__.add_5 (TFOpLam (None, 512)          0           fc1_1[0][0]                      
2024-04-11 13:11:13.924810:                                                                 tf.__operators__.add_4[0][0]     
2024-04-11 13:11:13.924926:__________________________________________________________________________________________________
2024-04-11 13:11:13.925253:fc1_2 (Dense)                   (None, 512)          262656      tf.__operators__.add_5[0][0]     
2024-04-11 13:11:13.925396:__________________________________________________________________________________________________
2024-04-11 13:11:13.925641:tf.__operators__.add_6 (TFOpLam (None, 512)          0           fc1_2[0][0]                      
2024-04-11 13:11:13.925770:                                                                 tf.__operators__.add_5[0][0]     
2024-04-11 13:11:13.925847:__________________________________________________________________________________________________
2024-04-11 13:11:13.926000:dropout_1 (Dropout)             (None, 512)          0           tf.__operators__.add_6[0][0]     
2024-04-11 13:11:13.926083:__________________________________________________________________________________________________
2024-04-11 13:11:13.926313:fc2_0 (Dense)                   (None, 256)          131328      dropout_1[0][0]                  
2024-04-11 13:11:13.926404:__________________________________________________________________________________________________
2024-04-11 13:11:13.926704:fc2_dim_0 (Dense)               (None, 256)          131328      dropout_1[0][0]                  
2024-04-11 13:11:13.926800:__________________________________________________________________________________________________
2024-04-11 13:11:13.926965:tf.__operators__.add_7 (TFOpLam (None, 256)          0           fc2_0[0][0]                      
2024-04-11 13:11:13.927057:                                                                 fc2_dim_0[0][0]                  
2024-04-11 13:11:13.927135:__________________________________________________________________________________________________
2024-04-11 13:11:13.927374:fc2_1 (Dense)                   (None, 256)          65792       tf.__operators__.add_7[0][0]     
2024-04-11 13:11:13.927468:__________________________________________________________________________________________________
2024-04-11 13:11:13.927642:tf.__operators__.add_8 (TFOpLam (None, 256)          0           fc2_1[0][0]                      
2024-04-11 13:11:13.927735:                                                                 tf.__operators__.add_7[0][0]     
2024-04-11 13:11:13.927812:__________________________________________________________________________________________________
2024-04-11 13:11:13.928030:fc2_2 (Dense)                   (None, 256)          65792       tf.__operators__.add_8[0][0]     
2024-04-11 13:11:13.928120:__________________________________________________________________________________________________
2024-04-11 13:11:13.928292:tf.__operators__.add_9 (TFOpLam (None, 256)          0           fc2_2[0][0]                      
2024-04-11 13:11:13.928388:                                                                 tf.__operators__.add_8[0][0]     
2024-04-11 13:11:13.928467:__________________________________________________________________________________________________
2024-04-11 13:11:13.928622:dropout_2 (Dropout)             (None, 256)          0           tf.__operators__.add_9[0][0]     
2024-04-11 13:11:13.928705:__________________________________________________________________________________________________
2024-04-11 13:11:13.928923:fc3_0 (Dense)                   (None, 128)          32896       dropout_2[0][0]                  
2024-04-11 13:11:13.929012:__________________________________________________________________________________________________
2024-04-11 13:11:13.929226:fc3_dim_0 (Dense)               (None, 128)          32896       dropout_2[0][0]                  
2024-04-11 13:11:13.929330:__________________________________________________________________________________________________
2024-04-11 13:11:13.929493:tf.__operators__.add_10 (TFOpLa (None, 128)          0           fc3_0[0][0]                      
2024-04-11 13:11:13.929585:                                                                 fc3_dim_0[0][0]                  
2024-04-11 13:11:13.929663:__________________________________________________________________________________________________
2024-04-11 13:11:13.929878:fc3_1 (Dense)                   (None, 128)          16512       tf.__operators__.add_10[0][0]    
2024-04-11 13:11:13.929971:__________________________________________________________________________________________________
2024-04-11 13:11:13.930132:tf.__operators__.add_11 (TFOpLa (None, 128)          0           fc3_1[0][0]                      
2024-04-11 13:11:13.930224:                                                                 tf.__operators__.add_10[0][0]    
2024-04-11 13:11:13.930318:__________________________________________________________________________________________________
2024-04-11 13:11:13.930538:fc3_2 (Dense)                   (None, 128)          16512       tf.__operators__.add_11[0][0]    
2024-04-11 13:11:13.930627:__________________________________________________________________________________________________
2024-04-11 13:11:13.930787:tf.__operators__.add_12 (TFOpLa (None, 128)          0           fc3_2[0][0]                      
2024-04-11 13:11:13.930879:                                                                 tf.__operators__.add_11[0][0]    
2024-04-11 13:11:13.930956:__________________________________________________________________________________________________
2024-04-11 13:11:13.931109:dropout_3 (Dropout)             (None, 128)          0           tf.__operators__.add_12[0][0]    
2024-04-11 13:11:13.931191:__________________________________________________________________________________________________
2024-04-11 13:11:13.931485:fc4_0 (Dense)                   (None, 64)           8256        dropout_3[0][0]                  
2024-04-11 13:11:13.931601:__________________________________________________________________________________________________
2024-04-11 13:11:13.931827:fc4_dim_0 (Dense)               (None, 64)           8256        dropout_3[0][0]                  
2024-04-11 13:11:13.931918:__________________________________________________________________________________________________
2024-04-11 13:11:13.932089:tf.__operators__.add_13 (TFOpLa (None, 64)           0           fc4_0[0][0]                      
2024-04-11 13:11:13.932183:                                                                 fc4_dim_0[0][0]                  
2024-04-11 13:11:13.932261:__________________________________________________________________________________________________
2024-04-11 13:11:13.932810:fc4_1 (Dense)                   (None, 64)           4160        tf.__operators__.add_13[0][0]    
2024-04-11 13:11:13.933020:__________________________________________________________________________________________________
2024-04-11 13:11:13.933351:tf.__operators__.add_14 (TFOpLa (None, 64)           0           fc4_1[0][0]                      
2024-04-11 13:11:13.933514:                                                                 tf.__operators__.add_13[0][0]    
2024-04-11 13:11:13.933638:__________________________________________________________________________________________________
2024-04-11 13:11:13.934007:fc5_0 (Dense)                   (None, 32)           2080        tf.__operators__.add_14[0][0]    
2024-04-11 13:11:13.934148:__________________________________________________________________________________________________
2024-04-11 13:11:13.934503:fc5_dim_0 (Dense)               (None, 32)           2080        tf.__operators__.add_14[0][0]    
2024-04-11 13:11:13.934643:__________________________________________________________________________________________________
2024-04-11 13:11:13.934894:tf.__operators__.add_15 (TFOpLa (None, 32)           0           fc5_0[0][0]                      
2024-04-11 13:11:13.935033:                                                                 fc5_dim_0[0][0]                  
2024-04-11 13:11:13.935150:__________________________________________________________________________________________________
2024-04-11 13:11:13.935499:fc6 (Dense)                     (None, 1)            33          tf.__operators__.add_15[0][0]    
2024-04-11 13:11:13.935635:==================================================================================================
2024-04-11 13:11:13.936845:Total params: 8,389,409
2024-04-11 13:11:13.936920:Trainable params: 8,389,409
2024-04-11 13:11:13.936964:Non-trainable params: 0
2024-04-11 13:11:13.937002:__________________________________________________________________________________________________
2024-04-11 13:11:13.956232:start training
2024-04-11 13:11:33.038158:2024-04-11 13:11:33.038090: Current epoch: 0, loss: 2.4130747318267822, validation loss: 1.6308681964874268
2024-04-11 13:11:50.420637:2024-04-11 13:11:50.420549: Current epoch: 1, loss: 1.08774733543396, validation loss: 1.039077877998352
2024-04-11 13:12:07.710843:2024-04-11 13:12:07.710754: Current epoch: 2, loss: 0.9043866395950317, validation loss: 0.8199514150619507
2024-04-11 13:12:25.242403:2024-04-11 13:12:25.242308: Current epoch: 3, loss: 0.8308367133140564, validation loss: 0.8065979480743408
2024-04-11 13:12:42.884246:2024-04-11 13:12:42.884160: Current epoch: 4, loss: 0.7685372233390808, validation loss: 0.7352694869041443
2024-04-11 13:13:00.355370:2024-04-11 13:13:00.355290: Current epoch: 5, loss: 0.7198205590248108, validation loss: 0.7097265720367432
2024-04-11 13:13:18.177381:2024-04-11 13:13:18.177187: Current epoch: 6, loss: 0.689433753490448, validation loss: 0.8375411629676819
2024-04-11 13:13:35.161745:2024-04-11 13:13:35.161651: Current epoch: 7, loss: 0.6371432542800903, validation loss: 0.6501186490058899
2024-04-11 13:13:51.940538:2024-04-11 13:13:51.940443: Current epoch: 8, loss: 0.6199908256530762, validation loss: 0.6213117837905884
2024-04-11 13:14:08.068114:2024-04-11 13:14:08.067946: Current epoch: 9, loss: 0.5972755551338196, validation loss: 0.61745685338974
2024-04-11 13:14:27.784523:2024-04-11 13:14:27.784435: Current epoch: 10, loss: 0.5781478881835938, validation loss: 0.579228401184082
2024-04-11 13:14:44.663989:2024-04-11 13:14:44.663823: Current epoch: 11, loss: 0.5548425912857056, validation loss: 0.6216546893119812
2024-04-11 13:15:01.020018:2024-04-11 13:15:01.019854: Current epoch: 12, loss: 0.5431722402572632, validation loss: 0.621162474155426
2024-04-11 13:15:18.105949:2024-04-11 13:15:18.105780: Current epoch: 13, loss: 0.5187061429023743, validation loss: 0.6077873110771179
2024-04-11 13:15:34.606638:2024-04-11 13:15:34.606434: Current epoch: 14, loss: 0.508238673210144, validation loss: 0.5923168659210205
2024-04-11 13:15:51.899585:2024-04-11 13:15:51.899497: Current epoch: 15, loss: 0.4960402548313141, validation loss: 0.5593988299369812
2024-04-11 13:16:08.622676:2024-04-11 13:16:08.622510: Current epoch: 16, loss: 0.4759331941604614, validation loss: 0.5939910411834717
2024-04-11 13:16:24.947133:2024-04-11 13:16:24.946976: Current epoch: 17, loss: 0.47197040915489197, validation loss: 0.5641456842422485
2024-04-11 13:16:41.929121:2024-04-11 13:16:41.928994: Current epoch: 18, loss: 0.45960482954978943, validation loss: 0.6399558782577515
2024-04-11 13:16:58.872937:2024-04-11 13:16:58.872853: Current epoch: 19, loss: 0.45117300748825073, validation loss: 0.5361730456352234
2024-04-11 13:17:19.075137:2024-04-11 13:17:19.074968: Current epoch: 20, loss: 0.45016852021217346, validation loss: 0.5528700947761536
2024-04-11 13:17:36.379551:2024-04-11 13:17:36.379355: Current epoch: 21, loss: 0.42888757586479187, validation loss: 0.5473452806472778
2024-04-11 13:17:53.951593:2024-04-11 13:17:53.951539: Current epoch: 22, loss: 0.42269793152809143, validation loss: 0.533519446849823
2024-04-11 13:18:11.687880:2024-04-11 13:18:11.687723: Current epoch: 23, loss: 0.41023579239845276, validation loss: 0.5448421835899353
2024-04-11 13:18:27.834665:2024-04-11 13:18:27.834573: Current epoch: 24, loss: 0.40905147790908813, validation loss: 0.5272006392478943
2024-04-11 13:18:44.397009:2024-04-11 13:18:44.396841: Current epoch: 25, loss: 0.4001123905181885, validation loss: 0.5947995781898499
2024-04-11 13:19:00.966669:2024-04-11 13:19:00.966586: Current epoch: 26, loss: 0.39388516545295715, validation loss: 0.5303010940551758
2024-04-11 13:19:18.045331:2024-04-11 13:19:18.045132: Current epoch: 27, loss: 0.38457006216049194, validation loss: 0.5409377813339233
2024-04-11 13:19:35.930007:2024-04-11 13:19:35.929932: Current epoch: 28, loss: 0.3764592707157135, validation loss: 0.4910328686237335
2024-04-11 13:19:53.679267:2024-04-11 13:19:53.679100: Current epoch: 29, loss: 0.37226176261901855, validation loss: 0.5292871594429016
2024-04-11 13:20:13.320542:2024-04-11 13:20:13.320358: Current epoch: 30, loss: 0.3659587800502777, validation loss: 0.5287026166915894
2024-04-11 13:20:30.754112:2024-04-11 13:20:30.754007: Current epoch: 31, loss: 0.36178654432296753, validation loss: 0.5087474584579468
2024-04-11 13:20:47.402755:2024-04-11 13:20:47.402631: Current epoch: 32, loss: 0.35192370414733887, validation loss: 0.5098347067832947
2024-04-11 13:21:04.181380:2024-04-11 13:21:04.181190: Current epoch: 33, loss: 0.35611021518707275, validation loss: 0.4985150396823883
2024-04-11 13:21:21.108643:2024-04-11 13:21:21.108563: Current epoch: 34, loss: 0.35118958353996277, validation loss: 0.5073598623275757
2024-04-11 13:21:37.977106:2024-04-11 13:21:37.977025: Current epoch: 35, loss: 0.34212175011634827, validation loss: 0.5025018453598022
2024-04-11 13:21:55.106565:2024-04-11 13:21:55.106420: Current epoch: 36, loss: 0.34111976623535156, validation loss: 0.583014190196991
2024-04-11 13:22:12.007651:2024-04-11 13:22:12.007595: Current epoch: 37, loss: 0.3313046395778656, validation loss: 0.48942387104034424
2024-04-11 13:22:28.890393:2024-04-11 13:22:28.890342: Current epoch: 38, loss: 0.32762402296066284, validation loss: 0.5278001427650452
2024-04-11 13:22:45.303262:2024-04-11 13:22:45.303081: Current epoch: 39, loss: 0.3245241343975067, validation loss: 0.5222299695014954
2024-04-11 13:23:04.596045:2024-04-11 13:23:04.595971: Current epoch: 40, loss: 0.32005858421325684, validation loss: 0.4989728331565857
2024-04-11 13:23:21.340591:2024-04-11 13:23:21.340523: Current epoch: 41, loss: 0.3136120140552521, validation loss: 0.4956262707710266
2024-04-11 13:23:37.730614:2024-04-11 13:23:37.730448: Current epoch: 42, loss: 0.31217652559280396, validation loss: 0.529843270778656
2024-04-11 13:23:54.872174:2024-04-11 13:23:54.872116: Current epoch: 43, loss: 0.3047667145729065, validation loss: 0.48051580786705017
2024-04-11 13:24:12.203935:2024-04-11 13:24:12.203771: Current epoch: 44, loss: 0.3039282262325287, validation loss: 0.490653395652771
2024-04-11 13:24:28.732875:2024-04-11 13:24:28.732796: Current epoch: 45, loss: 0.29807189106941223, validation loss: 0.48886197805404663
2024-04-11 13:24:45.534372:2024-04-11 13:24:45.534210: Current epoch: 46, loss: 0.29962486028671265, validation loss: 0.48686355352401733
2024-04-11 13:25:02.260019:2024-04-11 13:25:02.259937: Current epoch: 47, loss: 0.28975459933280945, validation loss: 0.5069244503974915
2024-04-11 13:25:19.799369:2024-04-11 13:25:19.799265: Current epoch: 48, loss: 0.2905607223510742, validation loss: 0.4844404458999634
2024-04-11 13:25:36.948343:2024-04-11 13:25:36.948161: Current epoch: 49, loss: 0.2880096733570099, validation loss: 0.48255452513694763
2024-04-11 13:25:56.784082:2024-04-11 13:25:56.784020: Current epoch: 50, loss: 0.2847447991371155, validation loss: 0.4737711548805237
2024-04-11 13:26:13.683983:2024-04-11 13:26:13.683890: Current epoch: 51, loss: 0.28289589285850525, validation loss: 0.4699136018753052
2024-04-11 13:26:30.676074:2024-04-11 13:26:30.675993: Current epoch: 52, loss: 0.2774454951286316, validation loss: 0.49426066875457764
2024-04-11 13:26:47.378477:2024-04-11 13:26:47.378385: Current epoch: 53, loss: 0.27660679817199707, validation loss: 0.5062379837036133
2024-04-11 13:27:04.515424:2024-04-11 13:27:04.515259: Current epoch: 54, loss: 0.2748713195323944, validation loss: 0.500784158706665
2024-04-11 13:27:21.098908:2024-04-11 13:27:21.098833: Current epoch: 55, loss: 0.2720114290714264, validation loss: 0.4796130657196045
2024-04-11 13:27:37.478968:2024-04-11 13:27:37.478919: Current epoch: 56, loss: 0.2686710059642792, validation loss: 0.480958491563797
2024-04-11 13:27:53.710206:2024-04-11 13:27:53.710063: Current epoch: 57, loss: 0.2656562924385071, validation loss: 0.47306570410728455
2024-04-11 13:28:10.614808:2024-04-11 13:28:10.614706: Current epoch: 58, loss: 0.26433441042900085, validation loss: 0.4758072793483734
2024-04-11 13:28:27.260777:2024-04-11 13:28:27.260698: Current epoch: 59, loss: 0.26142165064811707, validation loss: 0.48163139820098877
2024-04-11 13:28:46.525336:2024-04-11 13:28:46.525159: Current epoch: 60, loss: 0.260127454996109, validation loss: 0.4836691617965698
2024-04-11 13:29:03.090471:2024-04-11 13:29:03.090409: Current epoch: 61, loss: 0.2604252099990845, validation loss: 0.4656515419483185
2024-04-11 13:29:20.311329:2024-04-11 13:29:20.311217: Current epoch: 62, loss: 0.253545880317688, validation loss: 0.4714323878288269
2024-04-11 13:29:37.604247:2024-04-11 13:29:37.604086: Current epoch: 63, loss: 0.24847133457660675, validation loss: 0.4695667326450348
2024-04-11 13:29:54.944598:2024-04-11 13:29:54.944445: Current epoch: 64, loss: 0.25671568512916565, validation loss: 0.4990292489528656
2024-04-11 13:30:11.993974:2024-04-11 13:30:11.993768: Current epoch: 65, loss: 0.24570836126804352, validation loss: 0.4792097806930542
2024-04-11 13:30:28.974959:2024-04-11 13:30:28.974875: Current epoch: 66, loss: 0.24498389661312103, validation loss: 0.457958847284317
2024-04-11 13:30:46.246985:2024-04-11 13:30:46.246896: Current epoch: 67, loss: 0.24294540286064148, validation loss: 0.4511697292327881
2024-04-11 13:31:02.888536:2024-04-11 13:31:02.888391: Current epoch: 68, loss: 0.2415388822555542, validation loss: 0.48299452662467957
2024-04-11 13:31:19.847479:2024-04-11 13:31:19.847407: Current epoch: 69, loss: 0.23905593156814575, validation loss: 0.4861944615840912
2024-04-11 13:31:36.855508:2024-04-11 13:31:36.855342: Current epoch: 70, loss: 0.23784193396568298, validation loss: 0.4675377607345581
2024-04-11 13:31:53.627748:2024-04-11 13:31:53.627689: Current epoch: 71, loss: 0.23595048487186432, validation loss: 0.45983532071113586
2024-04-11 13:32:10.446999:2024-04-11 13:32:10.446863: Current epoch: 72, loss: 0.23146508634090424, validation loss: 0.45702436566352844
2024-04-11 13:32:26.725751:2024-04-11 13:32:26.725674: Current epoch: 73, loss: 0.23177681863307953, validation loss: 0.46771952509880066
2024-04-11 13:32:43.586336:2024-04-11 13:32:43.586153: Current epoch: 74, loss: 0.2345418930053711, validation loss: 0.47253575921058655
2024-04-11 13:33:00.894723:2024-04-11 13:33:00.894560: Current epoch: 75, loss: 0.22928880155086517, validation loss: 0.468793123960495
2024-04-11 13:33:18.242492:2024-04-11 13:33:18.242352: Current epoch: 76, loss: 0.2238519936800003, validation loss: 0.4689393937587738
2024-04-11 13:33:35.870889:2024-04-11 13:33:35.870791: Current epoch: 77, loss: 0.22551818192005157, validation loss: 0.4639208912849426
2024-04-11 13:33:53.110611:2024-04-11 13:33:53.110449: Current epoch: 78, loss: 0.21860761940479279, validation loss: 0.5281372666358948
2024-04-11 13:34:10.442611:2024-04-11 13:34:10.442464: Current epoch: 79, loss: 0.22216704487800598, validation loss: 0.46359705924987793
2024-04-11 13:34:29.155455:2024-04-11 13:34:29.155364: Current epoch: 80, loss: 0.22257459163665771, validation loss: 0.48701414465904236
2024-04-11 13:34:46.169741:2024-04-11 13:34:46.169579: Current epoch: 81, loss: 0.22527170181274414, validation loss: 0.46465668082237244
2024-04-11 13:35:03.450416:2024-04-11 13:35:03.450233: Current epoch: 82, loss: 0.21235117316246033, validation loss: 0.494433730840683
2024-04-11 13:35:20.925372:2024-04-11 13:35:20.925301: Current epoch: 83, loss: 0.2165880650281906, validation loss: 0.4719836115837097
2024-04-11 13:35:38.285593:2024-04-11 13:35:38.285449: Current epoch: 84, loss: 0.21350832283496857, validation loss: 0.46737679839134216
2024-04-11 13:35:55.467891:2024-04-11 13:35:55.467740: Current epoch: 85, loss: 0.21197937428951263, validation loss: 0.4685947597026825
2024-04-11 13:36:12.674207:2024-04-11 13:36:12.674084: Current epoch: 86, loss: 0.20827066898345947, validation loss: 0.4624055027961731
2024-04-11 13:36:29.396847:2024-04-11 13:36:29.396686: Current epoch: 87, loss: 0.20661380887031555, validation loss: 0.4895060956478119
2024-04-11 13:36:46.266085:2024-04-11 13:36:46.265921: Current epoch: 88, loss: 0.20683032274246216, validation loss: 0.4780462980270386
2024-04-11 13:37:03.400046:2024-04-11 13:37:03.399903: Current epoch: 89, loss: 0.2066887468099594, validation loss: 0.46381422877311707
2024-04-11 13:37:20.030067:2024-04-11 13:37:20.029900: Current epoch: 90, loss: 0.20319560170173645, validation loss: 0.452492892742157
2024-04-11 13:37:36.664326:2024-04-11 13:37:36.664170: Current epoch: 91, loss: 0.20598390698432922, validation loss: 0.46265193819999695
2024-04-11 13:37:53.298769:2024-04-11 13:37:53.298685: Current epoch: 92, loss: 0.19884231686592102, validation loss: 0.477718323469162
2024-04-11 13:38:09.548718:2024-04-11 13:38:09.548557: Current epoch: 93, loss: 0.2010253220796585, validation loss: 0.47397908568382263
2024-04-11 13:38:26.440215:2024-04-11 13:38:26.440054: Current epoch: 94, loss: 0.20047597587108612, validation loss: 0.48462796211242676
2024-04-11 13:38:42.092701:2024-04-11 13:38:42.092540: Current epoch: 95, loss: 0.20175282657146454, validation loss: 0.4564989507198334
2024-04-11 13:38:58.648683:2024-04-11 13:38:58.648519: Current epoch: 96, loss: 0.1957426369190216, validation loss: 0.47519972920417786
2024-04-11 13:39:15.135559:2024-04-11 13:39:15.135396: Current epoch: 97, loss: 0.19466552138328552, validation loss: 0.502819299697876
2024-04-11 13:39:31.729380:2024-04-11 13:39:31.729244: Current epoch: 98, loss: 0.19521939754486084, validation loss: 0.4608984589576721
2024-04-11 13:39:47.987080:2024-04-11 13:39:47.986937: Current epoch: 99, loss: 0.19495989382266998, validation loss: 0.46788880228996277
2024-04-11 13:40:04.881783:2024-04-11 13:40:04.881683: Current epoch: 100, loss: 0.1916661560535431, validation loss: 0.46309491991996765
2024-04-11 13:40:21.699726:2024-04-11 13:40:21.699601: Current epoch: 101, loss: 0.19060885906219482, validation loss: 0.4616246521472931
2024-04-11 13:40:38.756314:2024-04-11 13:40:38.756223: Current epoch: 102, loss: 0.18891458213329315, validation loss: 0.44790568947792053
2024-04-11 13:40:55.333748:2024-04-11 13:40:55.333627: Current epoch: 103, loss: 0.18811927735805511, validation loss: 0.44803518056869507
2024-04-11 13:41:11.562062:2024-04-11 13:41:11.561900: Current epoch: 104, loss: 0.18536365032196045, validation loss: 0.45220163464546204
2024-04-11 13:41:27.960930:2024-04-11 13:41:27.960777: Current epoch: 105, loss: 0.18639694154262543, validation loss: 0.4615243077278137
2024-04-11 13:41:44.669789:2024-04-11 13:41:44.669633: Current epoch: 106, loss: 0.18718907237052917, validation loss: 0.46199896931648254
2024-04-11 13:42:01.510029:2024-04-11 13:42:01.509882: Current epoch: 107, loss: 0.1820467710494995, validation loss: 0.4688822329044342
2024-04-11 13:42:18.374737:2024-04-11 13:42:18.374648: Current epoch: 108, loss: 0.18254593014717102, validation loss: 0.4441046714782715
2024-04-11 13:42:35.560718:2024-04-11 13:42:35.560535: Current epoch: 109, loss: 0.18364886939525604, validation loss: 0.4522828161716461
2024-04-11 13:42:54.972934:2024-04-11 13:42:54.972778: Current epoch: 110, loss: 0.18126781284809113, validation loss: 0.4619501531124115
2024-04-11 13:43:11.563910:2024-04-11 13:43:11.563731: Current epoch: 111, loss: 0.17962004244327545, validation loss: 0.45197954773902893
2024-04-11 13:43:28.564521:2024-04-11 13:43:28.564356: Current epoch: 112, loss: 0.1861874908208847, validation loss: 0.4512636363506317
2024-04-11 13:43:45.615014:2024-04-11 13:43:45.614850: Current epoch: 113, loss: 0.17344631254673004, validation loss: 0.4866722524166107
2024-04-11 13:44:02.866257:2024-04-11 13:44:02.866079: Current epoch: 114, loss: 0.17695732414722443, validation loss: 0.460203617811203
2024-04-11 13:44:19.336918:2024-04-11 13:44:19.336754: Current epoch: 115, loss: 0.17679117619991302, validation loss: 0.4574592411518097
2024-04-11 13:44:36.925131:2024-04-11 13:44:36.924979: Current epoch: 116, loss: 0.17648692429065704, validation loss: 0.4465535283088684
2024-04-11 13:44:53.582613:2024-04-11 13:44:53.582447: Current epoch: 117, loss: 0.1720692366361618, validation loss: 0.45504826307296753
2024-04-11 13:45:10.633305:2024-04-11 13:45:10.633124: Current epoch: 118, loss: 0.17252019047737122, validation loss: 0.45555874705314636
2024-04-11 13:45:27.953013:2024-04-11 13:45:27.952847: Current epoch: 119, loss: 0.17154021561145782, validation loss: 0.45992910861968994
2024-04-11 13:45:45.016068:2024-04-11 13:45:45.015992: Current epoch: 120, loss: 0.17332670092582703, validation loss: 0.4624578654766083
2024-04-11 13:46:02.002511:2024-04-11 13:46:02.002360: Current epoch: 121, loss: 0.16906937956809998, validation loss: 0.4631584882736206
2024-04-11 13:46:18.818430:2024-04-11 13:46:18.818302: Current epoch: 122, loss: 0.1667437106370926, validation loss: 0.46993038058280945
2024-04-11 13:46:35.355182:2024-04-11 13:46:35.355080: Current epoch: 123, loss: 0.17248108983039856, validation loss: 0.480747252702713
2024-04-11 13:46:51.924171:2024-04-11 13:46:51.924040: Current epoch: 124, loss: 0.16896621882915497, validation loss: 0.46165403723716736
2024-04-11 13:47:09.120878:2024-04-11 13:47:09.120791: Current epoch: 125, loss: 0.16601398587226868, validation loss: 0.4621802866458893
2024-04-11 13:47:25.690309:2024-04-11 13:47:25.690203: Current epoch: 126, loss: 0.17202937602996826, validation loss: 0.4811103641986847
2024-04-11 13:47:42.513342:2024-04-11 13:47:42.513180: Current epoch: 127, loss: 0.1642080843448639, validation loss: 0.4536949098110199
2024-04-11 13:47:59.536750:2024-04-11 13:47:59.536668: Current epoch: 128, loss: 0.16161754727363586, validation loss: 0.45234745740890503
2024-04-11 13:48:15.992085:2024-04-11 13:48:15.991910: Current epoch: 129, loss: 0.16511128842830658, validation loss: 0.4511161148548126
2024-04-11 13:48:34.461421:2024-04-11 13:48:34.461241: Current epoch: 130, loss: 0.16263261437416077, validation loss: 0.47097110748291016
2024-04-11 13:48:51.496870:2024-04-11 13:48:51.496740: Current epoch: 131, loss: 0.16283036768436432, validation loss: 0.4633406400680542
2024-04-11 13:49:08.653807:2024-04-11 13:49:08.653727: Current epoch: 132, loss: 0.15866413712501526, validation loss: 0.45887085795402527
2024-04-11 13:49:25.357731:2024-04-11 13:49:25.357580: Current epoch: 133, loss: 0.16024573147296906, validation loss: 0.4561409056186676
2024-04-11 13:49:42.553995:2024-04-11 13:49:42.553854: Current epoch: 134, loss: 0.16180291771888733, validation loss: 0.4608267843723297
2024-04-11 13:49:59.828423:2024-04-11 13:49:59.828333: Current epoch: 135, loss: 0.16029857099056244, validation loss: 0.4585093855857849
2024-04-11 13:50:15.881574:2024-04-11 13:50:15.881433: Current epoch: 136, loss: 0.1551666557788849, validation loss: 0.4576468765735626
2024-04-11 13:50:32.612047:2024-04-11 13:50:32.611945: Current epoch: 137, loss: 0.158828467130661, validation loss: 0.44515806436538696
2024-04-11 13:50:49.712951:2024-04-11 13:50:49.712870: Current epoch: 138, loss: 0.15594010055065155, validation loss: 0.44633278250694275
2024-04-11 13:51:06.365720:2024-04-11 13:51:06.365567: Current epoch: 139, loss: 0.1546328067779541, validation loss: 0.463369756937027
2024-04-11 13:51:22.660605:2024-04-11 13:51:22.660442: Current epoch: 140, loss: 0.16054856777191162, validation loss: 0.46051204204559326
2024-04-11 13:51:39.920090:2024-04-11 13:51:39.919916: Current epoch: 141, loss: 0.15523958206176758, validation loss: 0.4597812592983246
2024-04-11 13:51:56.813024:2024-04-11 13:51:56.812863: Current epoch: 142, loss: 0.15572667121887207, validation loss: 0.4500966966152191
2024-04-11 13:52:13.299421:2024-04-11 13:52:13.299245: Current epoch: 143, loss: 0.15787175297737122, validation loss: 0.460307240486145
2024-04-11 13:52:29.731245:2024-04-11 13:52:29.731082: Current epoch: 144, loss: 0.15469901263713837, validation loss: 0.4598822593688965
2024-04-11 13:52:46.585802:2024-04-11 13:52:46.585638: Current epoch: 145, loss: 0.15368832647800446, validation loss: 0.4577995240688324
2024-04-11 13:53:03.986084:2024-04-11 13:53:03.985910: Current epoch: 146, loss: 0.1515679657459259, validation loss: 0.44552338123321533
2024-04-11 13:53:20.984039:2024-04-11 13:53:20.983880: Current epoch: 147, loss: 0.14663703739643097, validation loss: 0.450248122215271
2024-04-11 13:53:37.704912:2024-04-11 13:53:37.704750: Current epoch: 148, loss: 0.14997634291648865, validation loss: 0.46161413192749023
2024-04-11 13:53:54.596940:2024-04-11 13:53:54.596798: Current epoch: 149, loss: 0.15219233930110931, validation loss: 0.45337364077568054
2024-04-11 13:54:11.273435:2024-04-11 13:54:11.273247: Current epoch: 150, loss: 0.1532621681690216, validation loss: 0.46282124519348145
2024-04-11 13:54:27.418326:2024-04-11 13:54:27.418231: Current epoch: 151, loss: 0.1477537602186203, validation loss: 0.44401222467422485
2024-04-11 13:54:44.064265:2024-04-11 13:54:44.064103: Current epoch: 152, loss: 0.14595812559127808, validation loss: 0.4590141475200653
2024-04-11 13:55:00.501360:2024-04-11 13:55:00.501266: Current epoch: 153, loss: 0.1473275125026703, validation loss: 0.4511423408985138
2024-04-11 13:55:16.905425:2024-04-11 13:55:16.905233: Current epoch: 154, loss: 0.14675863087177277, validation loss: 0.4494977593421936
2024-04-11 13:55:33.838681:2024-04-11 13:55:33.838500: Current epoch: 155, loss: 0.14575132727622986, validation loss: 0.461005300283432
2024-04-11 13:55:51.406869:2024-04-11 13:55:51.406703: Current epoch: 156, loss: 0.14883655309677124, validation loss: 0.4747745394706726
2024-04-11 13:56:08.105422:2024-04-11 13:56:08.105236: Current epoch: 157, loss: 0.14485342800617218, validation loss: 0.4441129267215729
2024-04-11 13:56:25.027860:2024-04-11 13:56:25.027699: Current epoch: 158, loss: 0.1450125277042389, validation loss: 0.4498647153377533
2024-04-11 13:56:41.722855:2024-04-11 13:56:41.722702: Current epoch: 159, loss: 0.14133580029010773, validation loss: 0.44527512788772583
2024-04-11 13:57:00.834071:2024-04-11 13:57:00.833902: Current epoch: 160, loss: 0.14318625628948212, validation loss: 0.4559432566165924
2024-04-11 13:57:18.087258:2024-04-11 13:57:18.087171: Current epoch: 161, loss: 0.14198178052902222, validation loss: 0.44273486733436584
2024-04-11 13:57:35.390948:2024-04-11 13:57:35.390789: Current epoch: 162, loss: 0.14316992461681366, validation loss: 0.4532643258571625
2024-04-11 13:57:52.380945:2024-04-11 13:57:52.380784: Current epoch: 163, loss: 0.1391984522342682, validation loss: 0.4533734917640686
2024-04-11 13:58:09.911941:2024-04-11 13:58:09.911797: Current epoch: 164, loss: 0.14241571724414825, validation loss: 0.4511565864086151
2024-04-11 13:58:26.731984:2024-04-11 13:58:26.731822: Current epoch: 165, loss: 0.13973262906074524, validation loss: 0.4787524938583374
2024-04-11 13:58:43.943171:2024-04-11 13:58:43.943028: Current epoch: 166, loss: 0.13711152970790863, validation loss: 0.4537150263786316
2024-04-11 13:59:00.832867:2024-04-11 13:59:00.832706: Current epoch: 167, loss: 0.13936904072761536, validation loss: 0.46207448840141296
2024-04-11 13:59:18.203595:2024-04-11 13:59:18.203432: Current epoch: 168, loss: 0.14014336466789246, validation loss: 0.46076419949531555
2024-04-11 13:59:35.349197:2024-04-11 13:59:35.349112: Current epoch: 169, loss: 0.13827256858348846, validation loss: 0.44238924980163574
2024-04-11 13:59:54.856970:2024-04-11 13:59:54.856806: Current epoch: 170, loss: 0.1395566761493683, validation loss: 0.44838958978652954
2024-04-11 14:00:11.907609:2024-04-11 14:00:11.907445: Current epoch: 171, loss: 0.13910430669784546, validation loss: 0.44328218698501587
2024-04-11 14:00:28.364207:2024-04-11 14:00:28.364125: Current epoch: 172, loss: 0.13738854229450226, validation loss: 0.4445528984069824
2024-04-11 14:00:45.224934:2024-04-11 14:00:45.224774: Current epoch: 173, loss: 0.13991069793701172, validation loss: 0.458037406206131
2024-04-11 14:01:02.134493:2024-04-11 14:01:02.134421: Current epoch: 174, loss: 0.13602033257484436, validation loss: 0.45089298486709595
2024-04-11 14:01:18.889738:2024-04-11 14:01:18.889597: Current epoch: 175, loss: 0.14149868488311768, validation loss: 0.47798657417297363
2024-04-11 14:01:35.081730:2024-04-11 14:01:35.081630: Current epoch: 176, loss: 0.1358109712600708, validation loss: 0.4440372586250305
2024-04-11 14:01:51.292675:2024-04-11 14:01:51.292513: Current epoch: 177, loss: 0.13588467240333557, validation loss: 0.4445982575416565
2024-04-11 14:02:07.636262:2024-04-11 14:02:07.636182: Current epoch: 178, loss: 0.134294331073761, validation loss: 0.44803711771965027
2024-04-11 14:02:24.200371:2024-04-11 14:02:24.200255: Current epoch: 179, loss: 0.13489918410778046, validation loss: 0.45246151089668274
2024-04-11 14:02:41.508170:2024-04-11 14:02:41.508008: Current epoch: 180, loss: 0.1358109414577484, validation loss: 0.4491284489631653
2024-04-11 14:02:58.358208:2024-04-11 14:02:58.358068: Current epoch: 181, loss: 0.13107751309871674, validation loss: 0.44467616081237793
2024-04-11 14:03:15.197991:2024-04-11 14:03:15.197891: Current epoch: 182, loss: 0.13223358988761902, validation loss: 0.4686157703399658
2024-04-11 14:03:31.705594:2024-04-11 14:03:31.705514: Current epoch: 183, loss: 0.13611815869808197, validation loss: 0.4664725959300995
2024-04-11 14:03:48.548537:2024-04-11 14:03:48.548395: Current epoch: 184, loss: 0.1322220265865326, validation loss: 0.44664883613586426
2024-04-11 14:04:05.093760:2024-04-11 14:04:05.093679: Current epoch: 185, loss: 0.12966665625572205, validation loss: 0.455295205116272
2024-04-11 14:04:21.692254:2024-04-11 14:04:21.692112: Current epoch: 186, loss: 0.12858936190605164, validation loss: 0.44711801409721375
2024-04-11 14:04:38.769056:2024-04-11 14:04:38.768959: Current epoch: 187, loss: 0.12954643368721008, validation loss: 0.4438687860965729
2024-04-11 14:04:55.980023:2024-04-11 14:04:55.979881: Current epoch: 188, loss: 0.13326361775398254, validation loss: 0.4634134769439697
2024-04-11 14:05:12.983555:2024-04-11 14:05:12.983456: Current epoch: 189, loss: 0.13440728187561035, validation loss: 0.47809189558029175
2024-04-11 14:05:30.074661:2024-04-11 14:05:30.074573: Current epoch: 190, loss: 0.1291821449995041, validation loss: 0.47010302543640137
2024-04-11 14:05:47.031962:2024-04-11 14:05:47.031820: Current epoch: 191, loss: 0.1286594122648239, validation loss: 0.4455910623073578
2024-04-11 14:06:03.570604:2024-04-11 14:06:03.570502: Current epoch: 192, loss: 0.12741853296756744, validation loss: 0.44786909222602844
2024-04-11 14:06:19.953412:2024-04-11 14:06:19.953330: Current epoch: 193, loss: 0.13008353114128113, validation loss: 0.4577041566371918
2024-04-11 14:06:36.964910:2024-04-11 14:06:36.964753: Current epoch: 194, loss: 0.12632818520069122, validation loss: 0.4535060226917267
2024-04-11 14:06:53.830898:2024-04-11 14:06:53.830831: Current epoch: 195, loss: 0.13218183815479279, validation loss: 0.442325234413147
2024-04-11 14:07:10.277336:2024-04-11 14:07:10.277233: Current epoch: 196, loss: 0.1293010115623474, validation loss: 0.44558075070381165
2024-04-11 14:07:26.928088:2024-04-11 14:07:26.927955: Current epoch: 197, loss: 0.13263247907161713, validation loss: 0.4488709568977356
2024-04-11 14:07:44.233776:2024-04-11 14:07:44.233674: Current epoch: 198, loss: 0.12747228145599365, validation loss: 0.44984865188598633
2024-04-11 14:08:01.401671:2024-04-11 14:08:01.401591: Current epoch: 199, loss: 0.12456804513931274, validation loss: 0.4471735954284668
2024-04-11 14:08:17.673196:2024-04-11 14:08:17.673054: Current epoch: 200, loss: 0.1214175820350647, validation loss: 0.44909432530403137
2024-04-11 14:08:34.740362:2024-04-11 14:08:34.740247: Current epoch: 201, loss: 0.12522733211517334, validation loss: 0.4548456370830536
2024-04-11 14:08:51.566132:2024-04-11 14:08:51.566048: Current epoch: 202, loss: 0.12658017873764038, validation loss: 0.45660969614982605
2024-04-11 14:09:07.976880:2024-04-11 14:09:07.976739: Current epoch: 203, loss: 0.12386920303106308, validation loss: 0.4577379524707794
2024-04-11 14:09:24.562457:2024-04-11 14:09:24.562355: Current epoch: 204, loss: 0.12541921436786652, validation loss: 0.46027517318725586
2024-04-11 14:09:41.584690:2024-04-11 14:09:41.584610: Current epoch: 205, loss: 0.12648671865463257, validation loss: 0.44662541151046753
2024-04-11 14:09:59.408828:2024-04-11 14:09:59.408668: Current epoch: 206, loss: 0.12142924964427948, validation loss: 0.45086047053337097
2024-04-11 14:10:16.877648:2024-04-11 14:10:16.877345: Current epoch: 207, loss: 0.11949145793914795, validation loss: 0.4506307542324066
2024-04-11 14:10:34.534949:2024-04-11 14:10:34.534818: Current epoch: 208, loss: 0.12897491455078125, validation loss: 0.443251371383667
2024-04-11 14:10:51.385478:2024-04-11 14:10:51.385345: Current epoch: 209, loss: 0.12139541655778885, validation loss: 0.45372718572616577
2024-04-11 14:11:08.419029:2024-04-11 14:11:08.418949: Current epoch: 210, loss: 0.12742355465888977, validation loss: 0.4407132565975189
2024-04-11 14:11:26.057405:2024-04-11 14:11:26.057234: Current epoch: 211, loss: 0.12362280488014221, validation loss: 0.4561353325843811
2024-04-11 14:11:42.749649:2024-04-11 14:11:42.749546: Current epoch: 212, loss: 0.1185162365436554, validation loss: 0.4396783113479614
2024-04-11 14:12:00.551664:2024-04-11 14:12:00.551511: Current epoch: 213, loss: 0.11934083700180054, validation loss: 0.4434402883052826
2024-04-11 14:12:18.456483:2024-04-11 14:12:18.456315: Current epoch: 214, loss: 0.12050206959247589, validation loss: 0.4589163362979889
2024-04-11 14:12:35.172844:2024-04-11 14:12:35.172530: Current epoch: 215, loss: 0.1194768026471138, validation loss: 0.45705464482307434
2024-04-11 14:12:51.998357:2024-04-11 14:12:51.998194: Current epoch: 216, loss: 0.11759286373853683, validation loss: 0.45573854446411133
2024-04-11 14:13:08.554356:2024-04-11 14:13:08.554173: Current epoch: 217, loss: 0.117134228348732, validation loss: 0.45194557309150696
2024-04-11 14:13:25.214455:2024-04-11 14:13:25.214291: Current epoch: 218, loss: 0.11838521808385849, validation loss: 0.4582878649234772
2024-04-11 14:13:42.084999:2024-04-11 14:13:42.084850: Current epoch: 219, loss: 0.11939352005720139, validation loss: 0.45140746235847473
2024-04-11 14:13:58.751691:2024-04-11 14:13:58.751375: Current epoch: 220, loss: 0.11717139184474945, validation loss: 0.4422079026699066
2024-04-11 14:14:15.786556:2024-04-11 14:14:15.786358: Current epoch: 221, loss: 0.1165550947189331, validation loss: 0.45454052090644836
2024-04-11 14:14:32.741753:2024-04-11 14:14:32.741465: Current epoch: 222, loss: 0.11969422549009323, validation loss: 0.4428115487098694
2024-04-11 14:14:49.762192:2024-04-11 14:14:49.762040: Current epoch: 223, loss: 0.1164928749203682, validation loss: 0.4563964605331421
2024-04-11 14:15:07.113015:2024-04-11 14:15:07.112853: Current epoch: 224, loss: 0.11582716554403305, validation loss: 0.4449153244495392
2024-04-11 14:15:24.033018:2024-04-11 14:15:24.032935: Current epoch: 225, loss: 0.1146809458732605, validation loss: 0.47438958287239075
2024-04-11 14:15:40.928691:2024-04-11 14:15:40.928527: Current epoch: 226, loss: 0.11671027541160583, validation loss: 0.44990476965904236
2024-04-11 14:15:57.407434:2024-04-11 14:15:57.407252: Current epoch: 227, loss: 0.11507594585418701, validation loss: 0.4619227349758148
2024-04-11 14:16:13.935900:2024-04-11 14:16:13.935737: Current epoch: 228, loss: 0.1183868944644928, validation loss: 0.44404295086860657
2024-04-11 14:16:31.134996:2024-04-11 14:16:31.134833: Current epoch: 229, loss: 0.1159290075302124, validation loss: 0.4402961730957031
2024-04-11 14:16:50.751192:2024-04-11 14:16:50.751111: Current epoch: 230, loss: 0.11542604118585587, validation loss: 0.44067785143852234
2024-04-11 14:17:08.201113:2024-04-11 14:17:08.200951: Current epoch: 231, loss: 0.11342281103134155, validation loss: 0.44149860739707947
2024-04-11 14:17:25.234655:2024-04-11 14:17:25.234534: Current epoch: 232, loss: 0.1156000867486, validation loss: 0.449866384267807
2024-04-11 14:17:42.010611:2024-04-11 14:17:42.010529: Current epoch: 233, loss: 0.11299581825733185, validation loss: 0.45872747898101807
2024-04-11 14:17:58.684315:2024-04-11 14:17:58.684217: Current epoch: 234, loss: 0.11155227571725845, validation loss: 0.4376659095287323
2024-04-11 14:18:15.543790:2024-04-11 14:18:15.543625: Current epoch: 235, loss: 0.11390389502048492, validation loss: 0.43953007459640503
2024-04-11 14:18:31.791336:2024-04-11 14:18:31.791154: Current epoch: 236, loss: 0.11384937167167664, validation loss: 0.4447462260723114
2024-04-11 14:18:48.213503:2024-04-11 14:18:48.213338: Current epoch: 237, loss: 0.11265077441930771, validation loss: 0.45999857783317566
2024-04-11 14:19:05.515149:2024-04-11 14:19:05.515000: Current epoch: 238, loss: 0.11209127306938171, validation loss: 0.45662668347358704
2024-04-11 14:19:23.004633:2024-04-11 14:19:23.004315: Current epoch: 239, loss: 0.1134696677327156, validation loss: 0.44128912687301636
2024-04-11 14:19:40.782792:2024-04-11 14:19:40.782637: Current epoch: 240, loss: 0.10941572487354279, validation loss: 0.44499465823173523
2024-04-11 14:19:58.584707:2024-04-11 14:19:58.584565: Current epoch: 241, loss: 0.10909896343946457, validation loss: 0.44252657890319824
2024-04-11 14:20:15.811396:2024-04-11 14:20:15.811323: Current epoch: 242, loss: 0.11030005663633347, validation loss: 0.44016504287719727
2024-04-11 14:20:32.332267:2024-04-11 14:20:32.332146: Current epoch: 243, loss: 0.11132138222455978, validation loss: 0.4430292844772339
2024-04-11 14:20:48.866252:2024-04-11 14:20:48.866004: Current epoch: 244, loss: 0.11505315452814102, validation loss: 0.4401039183139801
2024-04-11 14:21:05.254061:2024-04-11 14:21:05.253941: Current epoch: 245, loss: 0.10922113806009293, validation loss: 0.4466472864151001
2024-04-11 14:21:21.491049:2024-04-11 14:21:21.490908: Current epoch: 246, loss: 0.10850684344768524, validation loss: 0.4479038715362549
2024-04-11 14:21:38.550009:2024-04-11 14:21:38.549908: Current epoch: 247, loss: 0.10843639075756073, validation loss: 0.45545411109924316
2024-04-11 14:21:55.423834:2024-04-11 14:21:55.423752: Current epoch: 248, loss: 0.10919727385044098, validation loss: 0.45413070917129517
2024-04-11 14:22:12.624351:2024-04-11 14:22:12.624163: Current epoch: 249, loss: 0.111332468688488, validation loss: 0.44240978360176086
2024-04-11 14:22:29.358139:2024-04-11 14:22:29.357978: Current epoch: 250, loss: 0.107892706990242, validation loss: 0.4529077708721161
2024-04-11 14:22:46.014972:2024-04-11 14:22:46.014812: Current epoch: 251, loss: 0.11228697746992111, validation loss: 0.44422560930252075
2024-04-11 14:23:02.993916:2024-04-11 14:23:02.993748: Current epoch: 252, loss: 0.1100301668047905, validation loss: 0.43972867727279663
2024-04-11 14:23:20.272140:2024-04-11 14:23:20.271979: Current epoch: 253, loss: 0.10866791009902954, validation loss: 0.44647032022476196
2024-04-11 14:23:37.042979:2024-04-11 14:23:37.042824: Current epoch: 254, loss: 0.10604903846979141, validation loss: 0.45478928089141846
2024-04-11 14:23:53.380044:2024-04-11 14:23:53.379942: Current epoch: 255, loss: 0.10797970741987228, validation loss: 0.45963937044143677
2024-04-11 14:24:10.608245:2024-04-11 14:24:10.608163: Current epoch: 256, loss: 0.10650282353162766, validation loss: 0.43956243991851807
2024-04-11 14:24:27.072209:2024-04-11 14:24:27.072059: Current epoch: 257, loss: 0.10562150180339813, validation loss: 0.45695289969444275
2024-04-11 14:24:43.925770:2024-04-11 14:24:43.925601: Current epoch: 258, loss: 0.1089099645614624, validation loss: 0.44828861951828003
2024-04-11 14:25:00.617716:2024-04-11 14:25:00.617555: Current epoch: 259, loss: 0.10911237448453903, validation loss: 0.45266276597976685
2024-04-11 14:25:17.216667:2024-04-11 14:25:17.216507: Current epoch: 260, loss: 0.10899514704942703, validation loss: 0.4435172379016876
2024-04-11 14:25:33.817736:2024-04-11 14:25:33.817654: Current epoch: 261, loss: 0.10505513101816177, validation loss: 0.4495656192302704
2024-04-11 14:25:50.224597:2024-04-11 14:25:50.224437: Current epoch: 262, loss: 0.1040058508515358, validation loss: 0.4500080645084381
2024-04-11 14:26:06.511915:2024-04-11 14:26:06.511754: Current epoch: 263, loss: 0.10616441816091537, validation loss: 0.4583742916584015
2024-04-11 14:26:22.780930:2024-04-11 14:26:22.780848: Current epoch: 264, loss: 0.10562064498662949, validation loss: 0.44866546988487244
2024-04-11 14:26:39.549622:2024-04-11 14:26:39.549459: Current epoch: 265, loss: 0.10469716042280197, validation loss: 0.45279258489608765
2024-04-11 14:26:56.498822:2024-04-11 14:26:56.498665: Current epoch: 266, loss: 0.10464126616716385, validation loss: 0.44573143124580383
2024-04-11 14:27:13.924111:2024-04-11 14:27:13.924010: Current epoch: 267, loss: 0.10498714447021484, validation loss: 0.4453699588775635
2024-04-11 14:27:30.823947:2024-04-11 14:27:30.823783: Current epoch: 268, loss: 0.1037805825471878, validation loss: 0.45031172037124634
2024-04-11 14:27:47.963141:2024-04-11 14:27:47.962979: Current epoch: 269, loss: 0.10441968590021133, validation loss: 0.46192264556884766
2024-04-11 14:28:04.637925:2024-04-11 14:28:04.637842: Current epoch: 270, loss: 0.1049037054181099, validation loss: 0.44669193029403687
2024-04-11 14:28:21.527636:2024-04-11 14:28:21.527524: Current epoch: 271, loss: 0.10412085056304932, validation loss: 0.45634183287620544
2024-04-11 14:28:38.498595:2024-04-11 14:28:38.498500: Current epoch: 272, loss: 0.10182716697454453, validation loss: 0.44462350010871887
2024-04-11 14:28:55.188075:2024-04-11 14:28:55.188016: Current epoch: 273, loss: 0.10274748504161835, validation loss: 0.4349108338356018
2024-04-11 14:29:11.985969:2024-04-11 14:29:11.985793: Current epoch: 274, loss: 0.10321934521198273, validation loss: 0.4481562376022339
2024-04-11 14:29:28.768792:2024-04-11 14:29:28.768712: Current epoch: 275, loss: 0.10415998846292496, validation loss: 0.445654958486557
2024-04-11 14:29:45.017913:2024-04-11 14:29:45.017831: Current epoch: 276, loss: 0.10270590335130692, validation loss: 0.45632243156433105
2024-04-11 14:30:01.866473:2024-04-11 14:30:01.866334: Current epoch: 277, loss: 0.10220348834991455, validation loss: 0.4409016966819763
2024-04-11 14:30:18.162645:2024-04-11 14:30:18.162577: Current epoch: 278, loss: 0.10247357189655304, validation loss: 0.4392238259315491
2024-04-11 14:30:34.332055:2024-04-11 14:30:34.331974: Current epoch: 279, loss: 0.1035115197300911, validation loss: 0.43775486946105957
2024-04-11 14:30:52.887190:2024-04-11 14:30:52.887063: Current epoch: 280, loss: 0.10216747224330902, validation loss: 0.4507434666156769
2024-04-11 14:31:09.412524:2024-04-11 14:31:09.412441: Current epoch: 281, loss: 0.10638946294784546, validation loss: 0.44453972578048706
2024-04-11 14:31:25.252625:2024-04-11 14:31:25.252484: Current epoch: 282, loss: 0.10021684318780899, validation loss: 0.4470413327217102
2024-04-11 14:31:41.044680:2024-04-11 14:31:41.044598: Current epoch: 283, loss: 0.10306812822818756, validation loss: 0.4392967224121094
2024-04-11 14:31:57.400560:2024-04-11 14:31:57.400477: Current epoch: 284, loss: 0.1008855402469635, validation loss: 0.45272767543792725
2024-04-11 14:32:14.187489:2024-04-11 14:32:14.187343: Current epoch: 285, loss: 0.1033511757850647, validation loss: 0.4463127553462982
2024-04-11 14:32:30.536394:2024-04-11 14:32:30.536269: Current epoch: 286, loss: 0.10350591689348221, validation loss: 0.45106157660484314
2024-04-11 14:32:46.968739:2024-04-11 14:32:46.968661: Current epoch: 287, loss: 0.10144656151533127, validation loss: 0.4533194303512573
2024-04-11 14:33:03.290191:2024-04-11 14:33:03.290095: Current epoch: 288, loss: 0.1005362719297409, validation loss: 0.4496507942676544
2024-04-11 14:33:19.511370:2024-04-11 14:33:19.511247: Current epoch: 289, loss: 0.09754861146211624, validation loss: 0.4446869492530823
2024-04-11 14:33:36.555036:2024-04-11 14:33:36.554957: Current epoch: 290, loss: 0.10037816315889359, validation loss: 0.4446687698364258
2024-04-11 14:33:53.022500:2024-04-11 14:33:53.022425: Current epoch: 291, loss: 0.10159731656312943, validation loss: 0.44929367303848267
2024-04-11 14:34:09.113033:2024-04-11 14:34:09.112868: Current epoch: 292, loss: 0.10407443344593048, validation loss: 0.4465022683143616
2024-04-11 14:34:25.572636:2024-04-11 14:34:25.572558: Current epoch: 293, loss: 0.09868528693914413, validation loss: 0.4533306956291199
2024-04-11 14:34:41.767709:2024-04-11 14:34:41.767532: Current epoch: 294, loss: 0.09940649569034576, validation loss: 0.4531569182872772
2024-04-11 14:34:58.173996:2024-04-11 14:34:58.173913: Current epoch: 295, loss: 0.10032820701599121, validation loss: 0.4529734253883362
2024-04-11 14:35:14.688317:2024-04-11 14:35:14.688216: Current epoch: 296, loss: 0.09995229542255402, validation loss: 0.4486517906188965
2024-04-11 14:35:31.369214:2024-04-11 14:35:31.369066: Current epoch: 297, loss: 0.09902524203062057, validation loss: 0.4462199807167053
2024-04-11 14:35:48.051807:2024-04-11 14:35:48.051727: Current epoch: 298, loss: 0.1029248982667923, validation loss: 0.4490083158016205
2024-04-11 14:36:04.478454:2024-04-11 14:36:04.478302: Current epoch: 299, loss: 0.09785185009241104, validation loss: 0.4478776454925537
2024-04-11 14:36:20.782145:2024-04-11 14:36:20.782066: Current epoch: 300, loss: 0.09614181518554688, validation loss: 0.44749635457992554
2024-04-11 14:36:37.872829:2024-04-11 14:36:37.872664: Current epoch: 301, loss: 0.09450370073318481, validation loss: 0.45605912804603577
2024-04-11 14:36:54.721709:2024-04-11 14:36:54.721592: Current epoch: 302, loss: 0.09892304986715317, validation loss: 0.436339408159256
2024-04-11 14:37:11.503182:2024-04-11 14:37:11.503040: Current epoch: 303, loss: 0.09548785537481308, validation loss: 0.44792258739471436
2024-04-11 14:37:28.080536:2024-04-11 14:37:28.080434: Current epoch: 304, loss: 0.09492165595293045, validation loss: 0.45602336525917053
2024-04-11 14:37:44.995602:2024-04-11 14:37:44.995380: Current epoch: 305, loss: 0.0968494638800621, validation loss: 0.4469583034515381
2024-04-11 14:38:01.678542:2024-04-11 14:38:01.678225: Current epoch: 306, loss: 0.09840475022792816, validation loss: 0.44587674736976624
2024-04-11 14:38:19.465959:2024-04-11 14:38:19.465839: Current epoch: 307, loss: 0.09511435776948929, validation loss: 0.44535064697265625
2024-04-11 14:38:36.172464:2024-04-11 14:38:36.172298: Current epoch: 308, loss: 0.09610574692487717, validation loss: 0.4470786452293396
2024-04-11 14:38:52.844944:2024-04-11 14:38:52.844613: Current epoch: 309, loss: 0.09783728420734406, validation loss: 0.44386154413223267
2024-04-11 14:39:09.235853:2024-04-11 14:39:09.235692: Current epoch: 310, loss: 0.0955013856291771, validation loss: 0.44680652022361755
2024-04-11 14:39:25.711143:2024-04-11 14:39:25.711062: Current epoch: 311, loss: 0.09329409897327423, validation loss: 0.4517711102962494
2024-04-11 14:39:42.615842:2024-04-11 14:39:42.615683: Current epoch: 312, loss: 0.09882041811943054, validation loss: 0.4461677074432373
2024-04-11 14:39:59.066879:2024-04-11 14:39:59.066801: Current epoch: 313, loss: 0.09347472339868546, validation loss: 0.439484566450119
2024-04-11 14:40:15.413753:2024-04-11 14:40:15.413575: Current epoch: 314, loss: 0.09770412743091583, validation loss: 0.4536410868167877
2024-04-11 14:40:31.598355:2024-04-11 14:40:31.598251: Current epoch: 315, loss: 0.09530775994062424, validation loss: 0.44403544068336487
2024-04-11 14:40:48.058944:2024-04-11 14:40:48.058805: Current epoch: 316, loss: 0.09535099565982819, validation loss: 0.4464084804058075
2024-04-11 14:41:04.323402:2024-04-11 14:41:04.323301: Current epoch: 317, loss: 0.09369213879108429, validation loss: 0.44277068972587585
2024-04-11 14:41:20.370411:2024-04-11 14:41:20.370197: Current epoch: 318, loss: 0.09370855987071991, validation loss: 0.44767042994499207
2024-04-11 14:41:36.598351:2024-04-11 14:41:36.598250: Current epoch: 319, loss: 0.09322266280651093, validation loss: 0.4396892189979553
2024-04-11 14:41:53.083427:2024-04-11 14:41:53.083245: Current epoch: 320, loss: 0.09613242745399475, validation loss: 0.44681423902511597
2024-04-11 14:42:09.720609:2024-04-11 14:42:09.720483: Current epoch: 321, loss: 0.09414952248334885, validation loss: 0.4472961127758026
2024-04-11 14:42:26.506492:2024-04-11 14:42:26.506392: Current epoch: 322, loss: 0.09569577127695084, validation loss: 0.4489743113517761
2024-04-11 14:42:43.138085:2024-04-11 14:42:43.137933: Current epoch: 323, loss: 0.09223127365112305, validation loss: 0.44910234212875366
2024-04-11 14:42:59.530771:2024-04-11 14:42:59.530669: Current epoch: 324, loss: 0.09469499439001083, validation loss: 0.44351354241371155
2024-04-11 14:43:16.979677:2024-04-11 14:43:16.979506: Current epoch: 325, loss: 0.0964287519454956, validation loss: 0.4456727206707001
2024-04-11 14:43:33.639793:2024-04-11 14:43:33.639624: Current epoch: 326, loss: 0.09536048769950867, validation loss: 0.44421154260635376
2024-04-11 14:43:50.488386:2024-04-11 14:43:50.488226: Current epoch: 327, loss: 0.09146096557378769, validation loss: 0.4357509911060333
2024-04-11 14:44:06.264588:2024-04-11 14:44:06.264437: Current epoch: 328, loss: 0.0917249470949173, validation loss: 0.44836118817329407
2024-04-11 14:44:22.333597:2024-04-11 14:44:22.333435: Current epoch: 329, loss: 0.09494742751121521, validation loss: 0.4462888836860657
2024-04-11 14:44:39.362388:2024-04-11 14:44:39.362306: Current epoch: 330, loss: 0.09713629633188248, validation loss: 0.4466520845890045
2024-04-11 14:44:55.787734:2024-04-11 14:44:55.787572: Current epoch: 331, loss: 0.09220395982265472, validation loss: 0.44470998644828796
2024-04-11 14:45:11.600501:2024-04-11 14:45:11.600420: Current epoch: 332, loss: 0.09285136312246323, validation loss: 0.4355703294277191
2024-04-11 14:45:28.002557:2024-04-11 14:45:28.002395: Current epoch: 333, loss: 0.09169427305459976, validation loss: 0.4576267898082733
2024-04-11 14:45:44.102931:2024-04-11 14:45:44.102852: Current epoch: 334, loss: 0.09383130818605423, validation loss: 0.447898805141449
2024-04-11 14:46:00.601680:2024-04-11 14:46:00.601520: Current epoch: 335, loss: 0.09252797067165375, validation loss: 0.45117390155792236
2024-04-11 14:46:16.921784:2024-04-11 14:46:16.921697: Current epoch: 336, loss: 0.09002872556447983, validation loss: 0.44600534439086914
2024-04-11 14:46:33.765489:2024-04-11 14:46:33.765325: Current epoch: 337, loss: 0.09216181188821793, validation loss: 0.4476393163204193
2024-04-11 14:46:50.839134:2024-04-11 14:46:50.839052: Current epoch: 338, loss: 0.09350965172052383, validation loss: 0.44348692893981934
2024-04-11 14:47:07.501544:2024-04-11 14:47:07.501462: Current epoch: 339, loss: 0.0936082974076271, validation loss: 0.44499853253364563
2024-04-11 14:47:24.157022:2024-04-11 14:47:24.156866: Current epoch: 340, loss: 0.08976346999406815, validation loss: 0.44711747765541077
2024-04-11 14:47:40.337157:2024-04-11 14:47:40.337077: Current epoch: 341, loss: 0.09323730319738388, validation loss: 0.4468093812465668
2024-04-11 14:47:57.506840:2024-04-11 14:47:57.506702: Current epoch: 342, loss: 0.08876630663871765, validation loss: 0.4654552936553955
2024-04-11 14:48:14.273627:2024-04-11 14:48:14.273524: Current epoch: 343, loss: 0.09209579229354858, validation loss: 0.45789116621017456
2024-04-11 14:48:30.599192:2024-04-11 14:48:30.599112: Current epoch: 344, loss: 0.09013073891401291, validation loss: 0.4427388906478882
2024-04-11 14:48:47.294514:2024-04-11 14:48:47.294356: Current epoch: 345, loss: 0.0910855382680893, validation loss: 0.4411165416240692
2024-04-11 14:49:03.504293:2024-04-11 14:49:03.504202: Current epoch: 346, loss: 0.08978744596242905, validation loss: 0.44118577241897583
2024-04-11 14:49:19.965511:2024-04-11 14:49:19.965352: Current epoch: 347, loss: 0.08999033272266388, validation loss: 0.44086408615112305
2024-04-11 14:49:36.770760:2024-04-11 14:49:36.770612: Current epoch: 348, loss: 0.08676844835281372, validation loss: 0.4375527501106262
2024-04-11 14:49:53.303811:2024-04-11 14:49:53.303742: Current epoch: 349, loss: 0.09111181646585464, validation loss: 0.4518127143383026
2024-04-11 14:50:10.045568:2024-04-11 14:50:10.045451: Current epoch: 350, loss: 0.08896119147539139, validation loss: 0.4454112946987152
2024-04-11 14:50:26.662811:2024-04-11 14:50:26.662670: Current epoch: 351, loss: 0.09215161949396133, validation loss: 0.4378139078617096
2024-04-11 14:50:43.437608:2024-04-11 14:50:43.437449: Current epoch: 352, loss: 0.09084409475326538, validation loss: 0.4447000026702881
2024-04-11 14:51:00.550475:2024-04-11 14:51:00.550396: Current epoch: 353, loss: 0.09050353616476059, validation loss: 0.44454118609428406
2024-04-11 14:51:17.093197:2024-04-11 14:51:17.093069: Current epoch: 354, loss: 0.08875104784965515, validation loss: 0.4476684331893921
2024-04-11 14:51:33.590614:2024-04-11 14:51:33.590464: Current epoch: 355, loss: 0.08803116530179977, validation loss: 0.4427696764469147
2024-04-11 14:51:49.750456:2024-04-11 14:51:49.750353: Current epoch: 356, loss: 0.08743170648813248, validation loss: 0.4490230977535248
2024-04-11 14:52:06.138846:2024-04-11 14:52:06.138673: Current epoch: 357, loss: 0.08994144946336746, validation loss: 0.4449707269668579
2024-04-11 14:52:22.306596:2024-04-11 14:52:22.306436: Current epoch: 358, loss: 0.08907455205917358, validation loss: 0.44533684849739075
2024-04-11 14:52:39.109551:2024-04-11 14:52:39.109395: Current epoch: 359, loss: 0.08888693153858185, validation loss: 0.4443371295928955
2024-04-11 14:52:55.278513:2024-04-11 14:52:55.278455: Current epoch: 360, loss: 0.08895407617092133, validation loss: 0.4335080683231354
2024-04-11 14:53:11.262594:2024-04-11 14:53:11.262516: Current epoch: 361, loss: 0.08548234403133392, validation loss: 0.4386107921600342
2024-04-11 14:53:27.569749:2024-04-11 14:53:27.569592: Current epoch: 362, loss: 0.0886397734284401, validation loss: 0.4419005811214447
2024-04-11 14:53:43.755352:2024-04-11 14:53:43.755252: Current epoch: 363, loss: 0.08874766528606415, validation loss: 0.43592575192451477
2024-04-11 14:54:00.025247:2024-04-11 14:54:00.025088: Current epoch: 364, loss: 0.08850731700658798, validation loss: 0.44037824869155884
2024-04-11 14:54:16.158336:2024-04-11 14:54:16.158182: Current epoch: 365, loss: 0.08614276349544525, validation loss: 0.4542407691478729
2024-04-11 14:54:32.477664:2024-04-11 14:54:32.477566: Current epoch: 366, loss: 0.08479106426239014, validation loss: 0.43926677107810974
2024-04-11 14:54:49.047439:2024-04-11 14:54:49.047360: Current epoch: 367, loss: 0.08636745065450668, validation loss: 0.43915504217147827
2024-04-11 14:55:05.510573:2024-04-11 14:55:05.510418: Current epoch: 368, loss: 0.09032801538705826, validation loss: 0.4617963433265686
2024-04-11 14:55:22.442295:2024-04-11 14:55:22.441982: Current epoch: 369, loss: 0.08772030472755432, validation loss: 0.4499399662017822
2024-04-11 14:55:39.740582:2024-04-11 14:55:39.740428: Current epoch: 370, loss: 0.08877335488796234, validation loss: 0.45741114020347595
2024-04-11 14:55:55.898057:2024-04-11 14:55:55.897979: Current epoch: 371, loss: 0.08684859424829483, validation loss: 0.44764992594718933
2024-04-11 14:56:12.627609:2024-04-11 14:56:12.627444: Current epoch: 372, loss: 0.089059978723526, validation loss: 0.44679638743400574
2024-04-11 14:56:30.273853:2024-04-11 14:56:30.273700: Current epoch: 373, loss: 0.0845012217760086, validation loss: 0.4477265179157257
2024-04-11 14:56:48.130213:2024-04-11 14:56:48.130140: Current epoch: 374, loss: 0.08368939161300659, validation loss: 0.4451608657836914
2024-04-11 14:57:05.873916:2024-04-11 14:57:05.873720: Current epoch: 375, loss: 0.08500998467206955, validation loss: 0.4463920593261719
2024-04-11 14:57:23.118614:2024-04-11 14:57:23.118541: Current epoch: 376, loss: 0.0925845056772232, validation loss: 0.43817785382270813
2024-04-11 14:57:40.473167:2024-04-11 14:57:40.473016: Current epoch: 377, loss: 0.0847986713051796, validation loss: 0.4462040960788727
2024-04-11 14:57:58.074735:2024-04-11 14:57:58.074594: Current epoch: 378, loss: 0.08681871742010117, validation loss: 0.4363463819026947
2024-04-11 14:58:15.718308:2024-04-11 14:58:15.718161: Current epoch: 379, loss: 0.08541401475667953, validation loss: 0.45027807354927063
2024-04-11 14:58:32.916265:2024-04-11 14:58:32.916159: Current epoch: 380, loss: 0.08687400072813034, validation loss: 0.44700974225997925
2024-04-11 14:58:49.888130:2024-04-11 14:58:49.888044: Current epoch: 381, loss: 0.08503720164299011, validation loss: 0.4429110586643219
2024-04-11 14:59:06.387404:2024-04-11 14:59:06.387185: Current epoch: 382, loss: 0.08487103134393692, validation loss: 0.4423657953739166
2024-04-11 14:59:23.067916:2024-04-11 14:59:23.067831: Current epoch: 383, loss: 0.08961314707994461, validation loss: 0.4433649778366089
2024-04-11 14:59:39.909463:2024-04-11 14:59:39.909215: Current epoch: 384, loss: 0.08494032919406891, validation loss: 0.4440441131591797
2024-04-11 14:59:56.176666:2024-04-11 14:59:56.176565: Current epoch: 385, loss: 0.08648110926151276, validation loss: 0.447904109954834
2024-04-11 15:00:13.077862:2024-04-11 15:00:13.077782: Current epoch: 386, loss: 0.09129227697849274, validation loss: 0.45118042826652527
2024-04-11 15:00:30.611337:2024-04-11 15:00:30.611169: Current epoch: 387, loss: 0.08502546697854996, validation loss: 0.4475519061088562
2024-04-11 15:00:48.342764:2024-04-11 15:00:48.342470: Current epoch: 388, loss: 0.08513297140598297, validation loss: 0.4633203446865082
2024-04-11 15:01:05.249776:2024-04-11 15:01:05.249627: Current epoch: 389, loss: 0.08425568789243698, validation loss: 0.44222524762153625
2024-04-11 15:01:22.297970:2024-04-11 15:01:22.297856: Current epoch: 390, loss: 0.08339933305978775, validation loss: 0.4560771882534027
2024-04-11 15:01:39.052823:2024-04-11 15:01:39.052748: Current epoch: 391, loss: 0.08307727426290512, validation loss: 0.45431047677993774
2024-04-11 15:01:56.021458:2024-04-11 15:01:56.021325: Current epoch: 392, loss: 0.085919588804245, validation loss: 0.45776355266571045
2024-04-11 15:02:12.728900:2024-04-11 15:02:12.728749: Current epoch: 393, loss: 0.08215294033288956, validation loss: 0.4560823440551758
2024-04-11 15:02:30.196253:2024-04-11 15:02:30.196100: Current epoch: 394, loss: 0.08260378986597061, validation loss: 0.4473385810852051
2024-04-11 15:02:46.755958:2024-04-11 15:02:46.755874: Current epoch: 395, loss: 0.08272716403007507, validation loss: 0.4483199119567871
2024-04-11 15:03:03.772794:2024-04-11 15:03:03.772653: Current epoch: 396, loss: 0.08465664833784103, validation loss: 0.4450893700122833
2024-04-11 15:03:20.034685:2024-04-11 15:03:20.034446: Current epoch: 397, loss: 0.08688080310821533, validation loss: 0.45072636008262634
2024-04-11 15:03:36.998289:2024-04-11 15:03:36.998139: Current epoch: 398, loss: 0.08549979329109192, validation loss: 0.44577792286872864
2024-04-11 15:03:53.268134:2024-04-11 15:03:53.268006: Current epoch: 399, loss: 0.0845673680305481, validation loss: 0.44037145376205444
2024-04-11 15:04:10.411541:2024-04-11 15:04:10.411384: Current epoch: 400, loss: 0.0837038904428482, validation loss: 0.4496231973171234
2024-04-11 15:04:27.308772:2024-04-11 15:04:27.308612: Current epoch: 401, loss: 0.08161870390176773, validation loss: 0.44410157203674316
2024-04-11 15:04:43.621674:2024-04-11 15:04:43.621597: Current epoch: 402, loss: 0.08201831579208374, validation loss: 0.4438280165195465
2024-04-11 15:05:00.820789:2024-04-11 15:05:00.820653: Current epoch: 403, loss: 0.08452846854925156, validation loss: 0.4412058889865875
2024-04-11 15:05:17.600656:2024-04-11 15:05:17.600499: Current epoch: 404, loss: 0.08366312831640244, validation loss: 0.4634282886981964
2024-04-11 15:05:34.449063:2024-04-11 15:05:34.448905: Current epoch: 405, loss: 0.08248278498649597, validation loss: 0.43851882219314575
2024-04-11 15:05:51.235841:2024-04-11 15:05:51.235757: Current epoch: 406, loss: 0.08565597236156464, validation loss: 0.42844077944755554
2024-04-11 15:06:07.344142:2024-04-11 15:06:07.344041: Current epoch: 407, loss: 0.08268134295940399, validation loss: 0.4370298683643341
2024-04-11 15:06:23.440701:2024-04-11 15:06:23.440620: Current epoch: 408, loss: 0.08050837367773056, validation loss: 0.45897722244262695
2024-04-11 15:06:39.897258:2024-04-11 15:06:39.897111: Current epoch: 409, loss: 0.08540418744087219, validation loss: 0.45878028869628906
2024-04-11 15:06:56.226689:2024-04-11 15:06:56.226608: Current epoch: 410, loss: 0.08553598076105118, validation loss: 0.45810237526893616
2024-04-11 15:07:13.451762:2024-04-11 15:07:13.451643: Current epoch: 411, loss: 0.08403213322162628, validation loss: 0.44750937819480896
2024-04-11 15:07:29.552848:2024-04-11 15:07:29.552748: Current epoch: 412, loss: 0.08220936357975006, validation loss: 0.43938109278678894
2024-04-11 15:07:45.705371:2024-04-11 15:07:45.705288: Current epoch: 413, loss: 0.07958617806434631, validation loss: 0.43785643577575684
2024-04-11 15:08:02.754880:2024-04-11 15:08:02.754724: Current epoch: 414, loss: 0.08514715731143951, validation loss: 0.4433096945285797
2024-04-11 15:08:20.835063:2024-04-11 15:08:20.834770: Current epoch: 415, loss: 0.08502494543790817, validation loss: 0.451486736536026
2024-04-11 15:08:38.653586:2024-04-11 15:08:38.653437: Current epoch: 416, loss: 0.08084909617900848, validation loss: 0.44844669103622437
2024-04-11 15:08:55.570788:2024-04-11 15:08:55.570641: Current epoch: 417, loss: 0.07999011129140854, validation loss: 0.4474003314971924
2024-04-11 15:09:12.402631:2024-04-11 15:09:12.402494: Current epoch: 418, loss: 0.08658315986394882, validation loss: 0.45642441511154175
2024-04-11 15:09:29.376369:2024-04-11 15:09:29.376218: Current epoch: 419, loss: 0.08229068666696548, validation loss: 0.4393274784088135
2024-04-11 15:09:45.969954:2024-04-11 15:09:45.969793: Current epoch: 420, loss: 0.08016787469387054, validation loss: 0.44274237751960754
2024-04-11 15:10:02.093247:2024-04-11 15:10:02.093161: Current epoch: 421, loss: 0.07966867089271545, validation loss: 0.44204357266426086
2024-04-11 15:10:18.220263:2024-04-11 15:10:18.219959: Current epoch: 422, loss: 0.0781884416937828, validation loss: 0.4429279863834381
2024-04-11 15:10:34.655746:2024-04-11 15:10:34.655636: Current epoch: 423, loss: 0.08341743797063828, validation loss: 0.45183318853378296
2024-04-11 15:10:50.161176:2024-04-11 15:10:50.161074: Current epoch: 424, loss: 0.08074085414409637, validation loss: 0.44280266761779785
2024-04-11 15:11:07.880623:2024-04-11 15:11:07.880492: Current epoch: 425, loss: 0.07948322594165802, validation loss: 0.45456045866012573
2024-04-11 15:11:25.345395:2024-04-11 15:11:25.345244: Current epoch: 426, loss: 0.08197353780269623, validation loss: 0.44291988015174866
2024-04-11 15:11:43.169270:2024-04-11 15:11:43.169026: Current epoch: 427, loss: 0.07781562954187393, validation loss: 0.4408765435218811
2024-04-11 15:12:01.388776:2024-04-11 15:12:01.388623: Current epoch: 428, loss: 0.08094725012779236, validation loss: 0.4412851631641388
2024-04-11 15:12:18.558832:2024-04-11 15:12:18.558681: Current epoch: 429, loss: 0.08097148686647415, validation loss: 0.4299880862236023
2024-04-11 15:12:36.835021:2024-04-11 15:12:36.834761: Current epoch: 430, loss: 0.08981707692146301, validation loss: 0.45079928636550903
2024-04-11 15:12:53.133564:2024-04-11 15:12:53.133403: Current epoch: 431, loss: 0.07598317414522171, validation loss: 0.447680801153183
2024-04-11 15:13:09.382868:2024-04-11 15:13:09.382710: Current epoch: 432, loss: 0.07743803411722183, validation loss: 0.4445013701915741
2024-04-11 15:13:25.943678:2024-04-11 15:13:25.943600: Current epoch: 433, loss: 0.08365584909915924, validation loss: 0.43924519419670105
2024-04-11 15:13:42.567884:2024-04-11 15:13:42.567729: Current epoch: 434, loss: 0.0806208997964859, validation loss: 0.4428827464580536
2024-04-11 15:13:59.312606:2024-04-11 15:13:59.312388: Current epoch: 435, loss: 0.08110392838716507, validation loss: 0.4399118423461914
2024-04-11 15:14:16.350974:2024-04-11 15:14:16.350826: Current epoch: 436, loss: 0.08407661318778992, validation loss: 0.44172656536102295
2024-04-11 15:14:33.166882:2024-04-11 15:14:33.166733: Current epoch: 437, loss: 0.08171622455120087, validation loss: 0.43893593549728394
2024-04-11 15:14:50.002680:2024-04-11 15:14:50.002516: Current epoch: 438, loss: 0.08074989169836044, validation loss: 0.433756947517395
2024-04-11 15:15:06.535354:2024-04-11 15:15:06.535044: Current epoch: 439, loss: 0.07996027171611786, validation loss: 0.43582653999328613
2024-04-11 15:15:23.273899:2024-04-11 15:15:23.273743: Current epoch: 440, loss: 0.07748948037624359, validation loss: 0.4439437985420227
2024-04-11 15:15:39.705158:2024-04-11 15:15:39.705021: Current epoch: 441, loss: 0.08123719692230225, validation loss: 0.4666558504104614
2024-04-11 15:15:57.034881:2024-04-11 15:15:57.034721: Current epoch: 442, loss: 0.08056263625621796, validation loss: 0.4414578080177307
2024-04-11 15:16:14.260372:2024-04-11 15:16:14.260254: Current epoch: 443, loss: 0.07552708685398102, validation loss: 0.44433051347732544
2024-04-11 15:16:30.877407:2024-04-11 15:16:30.877263: Current epoch: 444, loss: 0.08106604218482971, validation loss: 0.4460775852203369
2024-04-11 15:16:46.978623:2024-04-11 15:16:46.978539: Current epoch: 445, loss: 0.07725277543067932, validation loss: 0.44500821828842163
2024-04-11 15:17:03.728771:2024-04-11 15:17:03.728610: Current epoch: 446, loss: 0.08249355852603912, validation loss: 0.4453064203262329
2024-04-11 15:17:19.699763:2024-04-11 15:17:19.699603: Current epoch: 447, loss: 0.07592552155256271, validation loss: 0.4423324465751648
2024-04-11 15:17:36.021650:2024-04-11 15:17:36.021478: Current epoch: 448, loss: 0.07570905983448029, validation loss: 0.43590986728668213
2024-04-11 15:17:52.827174:2024-04-11 15:17:52.827021: Current epoch: 449, loss: 0.07953257113695145, validation loss: 0.44408679008483887
2024-04-11 15:18:09.037266:2024-04-11 15:18:09.037110: Current epoch: 450, loss: 0.0801258236169815, validation loss: 0.44736266136169434
2024-04-11 15:18:25.186204:2024-04-11 15:18:25.186048: Current epoch: 451, loss: 0.08081842213869095, validation loss: 0.4385514557361603
2024-04-11 15:18:41.845999:2024-04-11 15:18:41.845854: Current epoch: 452, loss: 0.07506271451711655, validation loss: 0.44115397334098816
2024-04-11 15:18:57.780295:2024-04-11 15:18:57.780196: Current epoch: 453, loss: 0.08152420818805695, validation loss: 0.4511995017528534
2024-04-11 15:19:14.013822:2024-04-11 15:19:14.013665: Current epoch: 454, loss: 0.07655138522386551, validation loss: 0.4408704936504364
2024-04-11 15:19:30.977542:2024-04-11 15:19:30.977460: Current epoch: 455, loss: 0.07875823229551315, validation loss: 0.4432249963283539
2024-04-11 15:19:47.379366:2024-04-11 15:19:47.379180: Current epoch: 456, loss: 0.0754721537232399, validation loss: 0.44613468647003174
2024-04-11 15:20:04.018233:2024-04-11 15:20:04.018074: Current epoch: 457, loss: 0.07705873250961304, validation loss: 0.44757533073425293
2024-04-11 15:20:20.435818:2024-04-11 15:20:20.435661: Current epoch: 458, loss: 0.08253640681505203, validation loss: 0.44084492325782776
2024-04-11 15:20:37.180091:2024-04-11 15:20:37.179975: Current epoch: 459, loss: 0.08172706514596939, validation loss: 0.4468005299568176
2024-04-11 15:20:54.282861:2024-04-11 15:20:54.282687: Current epoch: 460, loss: 0.07851064205169678, validation loss: 0.4481717646121979
2024-04-11 15:21:11.341566:2024-04-11 15:21:11.341487: Current epoch: 461, loss: 0.0763985738158226, validation loss: 0.448843389749527
2024-04-11 15:21:28.423766:2024-04-11 15:21:28.423684: Current epoch: 462, loss: 0.07705914229154587, validation loss: 0.44404444098472595
2024-04-11 15:21:45.748800:2024-04-11 15:21:45.748643: Current epoch: 463, loss: 0.07615447044372559, validation loss: 0.44593101739883423
2024-04-11 15:22:02.886901:2024-04-11 15:22:02.886815: Current epoch: 464, loss: 0.07677344977855682, validation loss: 0.468370258808136
2024-04-11 15:22:19.932259:2024-04-11 15:22:19.932101: Current epoch: 465, loss: 0.07520934194326401, validation loss: 0.45528340339660645
2024-04-11 15:22:36.233405:2024-04-11 15:22:36.233341: Current epoch: 466, loss: 0.07492494583129883, validation loss: 0.4503040909767151
2024-04-11 15:22:52.672332:2024-04-11 15:22:52.672162: Current epoch: 467, loss: 0.07741973549127579, validation loss: 0.443552166223526
2024-04-11 15:23:09.283797:2024-04-11 15:23:09.283637: Current epoch: 468, loss: 0.07427158206701279, validation loss: 0.4344872832298279
2024-04-11 15:23:26.302414:2024-04-11 15:23:26.302290: Current epoch: 469, loss: 0.07772544026374817, validation loss: 0.43723568320274353
2024-04-11 15:23:42.741887:2024-04-11 15:23:42.741807: Current epoch: 470, loss: 0.07679606974124908, validation loss: 0.4436958432197571
2024-04-11 15:23:59.114177:2024-04-11 15:23:59.114076: Current epoch: 471, loss: 0.07503296434879303, validation loss: 0.44046828150749207
2024-04-11 15:24:15.539346:2024-04-11 15:24:15.539242: Current epoch: 472, loss: 0.0764920637011528, validation loss: 0.4442630410194397
2024-04-11 15:24:31.748179:2024-04-11 15:24:31.748054: Current epoch: 473, loss: 0.07768287509679794, validation loss: 0.44498488306999207
2024-04-11 15:24:48.043608:2024-04-11 15:24:48.043530: Current epoch: 474, loss: 0.07349709421396255, validation loss: 0.4393615126609802
2024-04-11 15:25:03.907922:2024-04-11 15:25:03.907769: Current epoch: 475, loss: 0.07888080924749374, validation loss: 0.4516203999519348
2024-04-11 15:25:20.060970:2024-04-11 15:25:20.060866: Current epoch: 476, loss: 0.07446473836898804, validation loss: 0.44436824321746826
2024-04-11 15:25:35.886535:2024-04-11 15:25:35.886464: Current epoch: 477, loss: 0.07618779689073563, validation loss: 0.4466707706451416
2024-04-11 15:25:52.075478:2024-04-11 15:25:52.075318: Current epoch: 478, loss: 0.07437869906425476, validation loss: 0.43925219774246216
2024-04-11 15:26:08.336884:2024-04-11 15:26:08.336817: Current epoch: 479, loss: 0.07348580658435822, validation loss: 0.4368738532066345
2024-04-11 15:26:25.023188:2024-04-11 15:26:25.023107: Current epoch: 480, loss: 0.07561791688203812, validation loss: 0.43784967064857483
2024-04-11 15:26:41.692425:2024-04-11 15:26:41.692358: Current epoch: 481, loss: 0.07482513785362244, validation loss: 0.442987859249115
2024-04-11 15:26:58.175886:2024-04-11 15:26:58.175729: Current epoch: 482, loss: 0.07568413764238358, validation loss: 0.45189255475997925
2024-04-11 15:27:14.863562:2024-04-11 15:27:14.863484: Current epoch: 483, loss: 0.07738606631755829, validation loss: 0.438717246055603
2024-04-11 15:27:31.503543:2024-04-11 15:27:31.503486: Current epoch: 484, loss: 0.07597404718399048, validation loss: 0.4462485611438751
2024-04-11 15:27:48.241946:2024-04-11 15:27:48.241880: Current epoch: 485, loss: 0.07665842026472092, validation loss: 0.43949785828590393
2024-04-11 15:28:04.978408:2024-04-11 15:28:04.978225: Current epoch: 486, loss: 0.07870341837406158, validation loss: 0.44638344645500183
2024-04-11 15:28:21.861068:2024-04-11 15:28:21.860993: Current epoch: 487, loss: 0.07386374473571777, validation loss: 0.43472275137901306
2024-04-11 15:28:38.317761:2024-04-11 15:28:38.317679: Current epoch: 488, loss: 0.07493539899587631, validation loss: 0.45575007796287537
2024-04-11 15:28:55.201806:2024-04-11 15:28:55.201646: Current epoch: 489, loss: 0.07484880089759827, validation loss: 0.4449770152568817
2024-04-11 15:29:12.350376:2024-04-11 15:29:12.350293: Current epoch: 490, loss: 0.07374860346317291, validation loss: 0.4451136291027069
2024-04-11 15:29:29.337571:2024-04-11 15:29:29.337489: Current epoch: 491, loss: 0.07673624902963638, validation loss: 0.4394417405128479
2024-04-11 15:29:46.488853:2024-04-11 15:29:46.488705: Current epoch: 492, loss: 0.07789172977209091, validation loss: 0.4434823989868164
2024-04-11 15:30:03.317467:2024-04-11 15:30:03.317361: Current epoch: 493, loss: 0.07555338740348816, validation loss: 0.4365285038948059
2024-04-11 15:30:19.486758:2024-04-11 15:30:19.486676: Current epoch: 494, loss: 0.06917404383420944, validation loss: 0.44476330280303955
2024-04-11 15:30:35.752608:2024-04-11 15:30:35.752540: Current epoch: 495, loss: 0.07345015555620193, validation loss: 0.4375644326210022
2024-04-11 15:30:52.459842:2024-04-11 15:30:52.459682: Current epoch: 496, loss: 0.07483470439910889, validation loss: 0.44090723991394043
2024-04-11 15:31:09.288798:2024-04-11 15:31:09.288721: Current epoch: 497, loss: 0.07516369968652725, validation loss: 0.43907198309898376
2024-04-11 15:31:26.408290:2024-04-11 15:31:26.408210: Current epoch: 498, loss: 0.07357662916183472, validation loss: 0.4429638087749481
2024-04-11 15:31:43.384636:2024-04-11 15:31:43.384479: Current epoch: 499, loss: 0.07577860355377197, validation loss: 0.43884846568107605
2024-04-11 15:32:00.464140:2024-04-11 15:32:00.464057: Current epoch: 500, loss: 0.07670547813177109, validation loss: 0.46136417984962463
2024-04-11 15:32:16.722129:2024-04-11 15:32:16.722050: Current epoch: 501, loss: 0.07214772701263428, validation loss: 0.44218915700912476
2024-04-11 15:32:33.093667:2024-04-11 15:32:33.093511: Current epoch: 502, loss: 0.07539758086204529, validation loss: 0.43831512331962585
2024-04-11 15:32:49.696931:2024-04-11 15:32:49.696794: Current epoch: 503, loss: 0.0730540081858635, validation loss: 0.4518504738807678
2024-04-11 15:33:06.041865:2024-04-11 15:33:06.041695: Current epoch: 504, loss: 0.07391399890184402, validation loss: 0.44948020577430725
2024-04-11 15:33:22.729299:2024-04-11 15:33:22.729121: Current epoch: 505, loss: 0.07495666295289993, validation loss: 0.4460586905479431
2024-04-11 15:33:39.299177:2024-04-11 15:33:39.299111: Current epoch: 506, loss: 0.0719527006149292, validation loss: 0.44869378209114075
2024-04-11 15:33:40.330871:the test error is  [0.4210502803325653, 0.4210502803325653]
2024-04-11 15:33:42.701215:saved model to sample/alignn_matbert-base-cased_robo_prop_magmom_outcar
2024-04-11 15:33:43.639244:done