
2024-03-19 23:20:31.909223:job config: {'train_data_path': '/data/yll6162/alignntl_dft_3d/tl_dataset/dataset_alignn_bert-base-uncased_robo_prop_mbj_bandgap_train.csv', 'val_data_path': '/data/yll6162/alignntl_dft_3d/tl_dataset/dataset_alignn_bert-base-uncased_robo_prop_mbj_bandgap_val.csv', 'test_data_path': '/data/yll6162/alignntl_dft_3d/tl_dataset/dataset_alignn_bert-base-uncased_robo_prop_mbj_bandgap_test.csv', 'label': 'mbj_bandgap', 'input_type': None, 'log_folder': 'log', 'log_file': 'alignn_bert-base-uncased_robo_prop_mbj_bandgap.log', 'test_metric': 'mae', 'architecture': '1024Rx4D-512Rx3D-256Rx3D-128Rx3D-64Rx2-32Rx1-1', 'model_seed': 0, 'loss_type': 'mae', 'config_file': 'sample/alignn_bert-base-uncased_robo_prop_mbj_bandgap_job.config', 'use_valid': True, 'project': 'MOF', 'regressors': None, 'input_types': None, 'paramsGrid': {'optimizer': 'Adam', 'learning_rate': 0.0001, 'patience': 100, 'dropouts': [0.8, 0.9, 0.7, 0.8], 'EVAL_FREQUENCY': 1000}, 'save_path': 'sample/alignn_bert-base-uncased_robo_prop_mbj_bandgap', 'model_path': None, 'last_layer_with_weight': True, 'keras_path': 'model/alignn_bert-base-uncased_robo_prop_mbj_bandgap', 'test_size': None, 'val_size': None}
2024-03-19 23:20:31.909285:train data path is  /data/yll6162/alignntl_dft_3d/tl_dataset/dataset_alignn_bert-base-uncased_robo_prop_mbj_bandgap_train.csv
2024-03-19 23:20:35.676641:input attribute sets are:  None
2024-03-19 23:20:35.677012:test data path is  /data/yll6162/alignntl_dft_3d/tl_dataset/dataset_alignn_bert-base-uncased_robo_prop_mbj_bandgap_test.csv
2024-03-19 23:20:36.183664:val data path is  /data/yll6162/alignntl_dft_3d/tl_dataset/dataset_alignn_bert-base-uncased_robo_prop_mbj_bandgap_val.csv
2024-03-19 23:20:36.676178:input attributes are:  Index(['0', '1', '2', '3', '4', '5', '6', '7', '8', '9',
       ...
       '758.1', '759.1', '760.1', '761.1', '762.1', '763.1', '764.1', '765.1',
       '766.1', '767.1'],
      dtype='object', length=1536)
2024-03-19 23:20:36.676311:label: mbj_bandgap
2024-03-19 23:20:45.975837: train, test, valid sizes:  (15642, 1536) (15642,) (1957, 1536) (1957,) (1957, 1536) (1957,)
2024-03-19 23:20:46.049809:train matrix shape of train_X:  (15642, 1536)  train_y:  (15642,)
2024-03-19 23:20:46.049944:valid matrix shape of train_X:  (1957, 1536)  valid_y:  (1957,)
2024-03-19 23:20:46.049984:test matrix shape of valid_X:   (1957, 1536)  test_y:  (1957,)
2024-03-19 23:20:46.050018:architecture is:  1024Rx4D-512Rx3D-256Rx3D-128Rx3D-64Rx2-32Rx1-1
2024-03-19 23:20:46.050053:learning rate is  0.0001
2024-03-19 23:20:46.050084:model path is  None
2024-03-19 23:20:46.059814:adding fully connected layers with 1024 outputs
2024-03-19 23:20:46.589261:adding residual with fc as the size are different
2024-03-19 23:20:46.596081:adding fully connected layers with 1024 outputs
2024-03-19 23:20:46.601146:adding residual, both sizes are same
2024-03-19 23:20:46.603253:adding fully connected layers with 1024 outputs
2024-03-19 23:20:46.607922:adding residual, both sizes are same
2024-03-19 23:20:46.609779:adding fully connected layers with 1024 outputs
2024-03-19 23:20:46.614476:adding residual, both sizes are same
2024-03-19 23:20:46.616633:adding dropout 0.8
2024-03-19 23:20:46.620918:adding fully connected layers with 512 outputs
2024-03-19 23:20:46.626140:adding residual with fc as the size are different
2024-03-19 23:20:46.632374:adding fully connected layers with 512 outputs
2024-03-19 23:20:46.637513:adding residual, both sizes are same
2024-03-19 23:20:46.640263:adding fully connected layers with 512 outputs
2024-03-19 23:20:46.644976:adding residual, both sizes are same
2024-03-19 23:20:46.646907:adding dropout 0.9
2024-03-19 23:20:46.648550:adding fully connected layers with 256 outputs
2024-03-19 23:20:46.653756:adding residual with fc as the size are different
2024-03-19 23:20:46.659930:adding fully connected layers with 256 outputs
2024-03-19 23:20:46.664888:adding residual, both sizes are same
2024-03-19 23:20:46.670334:adding fully connected layers with 256 outputs
2024-03-19 23:20:46.684005:adding residual, both sizes are same
2024-03-19 23:20:46.687756:adding dropout 0.7
2024-03-19 23:20:46.689537:adding fully connected layers with 128 outputs
2024-03-19 23:20:46.695102:adding residual with fc as the size are different
2024-03-19 23:20:46.701805:adding fully connected layers with 128 outputs
2024-03-19 23:20:46.706783:adding residual, both sizes are same
2024-03-19 23:20:46.708691:adding fully connected layers with 128 outputs
2024-03-19 23:20:46.713668:adding residual, both sizes are same
2024-03-19 23:20:46.715503:adding dropout 0.8
2024-03-19 23:20:46.717084:adding fully connected layers with 64 outputs
2024-03-19 23:20:46.722147:adding residual with fc as the size are different
2024-03-19 23:20:46.728649:adding fully connected layers with 64 outputs
2024-03-19 23:20:46.733565:adding residual, both sizes are same
2024-03-19 23:20:46.735481:adding fully connected layers with 32 outputs
2024-03-19 23:20:46.740561:adding residual with fc as the size are different
2024-03-19 23:20:46.746980:adding final layer with 1 output
2024-03-19 23:20:46.756663:Model: "ElemNet"
2024-03-19 23:20:46.756732:__________________________________________________________________________________________________
2024-03-19 23:20:46.756779:Layer (type)                    Output Shape         Param #     Connected to                     
2024-03-19 23:20:46.756815:==================================================================================================
2024-03-19 23:20:46.757017:elemental_fractions (InputLayer [(None, 1536)]       0                                            
2024-03-19 23:20:46.757062:__________________________________________________________________________________________________
2024-03-19 23:20:46.757211:fc0_0 (Dense)                   (None, 1024)         1573888     elemental_fractions[0][0]        
2024-03-19 23:20:46.757256:__________________________________________________________________________________________________
2024-03-19 23:20:46.757366:fc0_dim_0 (Dense)               (None, 1024)         1573888     elemental_fractions[0][0]        
2024-03-19 23:20:46.757408:__________________________________________________________________________________________________
2024-03-19 23:20:46.757493:tf.__operators__.add (TFOpLambd (None, 1024)         0           fc0_0[0][0]                      
2024-03-19 23:20:46.757537:                                                                 fc0_dim_0[0][0]                  
2024-03-19 23:20:46.757572:__________________________________________________________________________________________________
2024-03-19 23:20:46.757676:fc0_1 (Dense)                   (None, 1024)         1049600     tf.__operators__.add[0][0]       
2024-03-19 23:20:46.757717:__________________________________________________________________________________________________
2024-03-19 23:20:46.757791:tf.__operators__.add_1 (TFOpLam (None, 1024)         0           fc0_1[0][0]                      
2024-03-19 23:20:46.757833:                                                                 tf.__operators__.add[0][0]       
2024-03-19 23:20:46.757867:__________________________________________________________________________________________________
2024-03-19 23:20:46.757966:fc0_2 (Dense)                   (None, 1024)         1049600     tf.__operators__.add_1[0][0]     
2024-03-19 23:20:46.758006:__________________________________________________________________________________________________
2024-03-19 23:20:46.758081:tf.__operators__.add_2 (TFOpLam (None, 1024)         0           fc0_2[0][0]                      
2024-03-19 23:20:46.758123:                                                                 tf.__operators__.add_1[0][0]     
2024-03-19 23:20:46.758174:__________________________________________________________________________________________________
2024-03-19 23:20:46.758275:fc0_3 (Dense)                   (None, 1024)         1049600     tf.__operators__.add_2[0][0]     
2024-03-19 23:20:46.758316:__________________________________________________________________________________________________
2024-03-19 23:20:46.758392:tf.__operators__.add_3 (TFOpLam (None, 1024)         0           fc0_3[0][0]                      
2024-03-19 23:20:46.758441:                                                                 tf.__operators__.add_2[0][0]     
2024-03-19 23:20:46.758482:__________________________________________________________________________________________________
2024-03-19 23:20:46.758559:dropout (Dropout)               (None, 1024)         0           tf.__operators__.add_3[0][0]     
2024-03-19 23:20:46.758597:__________________________________________________________________________________________________
2024-03-19 23:20:46.758702:fc1_0 (Dense)                   (None, 512)          524800      dropout[0][0]                    
2024-03-19 23:20:46.758744:__________________________________________________________________________________________________
2024-03-19 23:20:46.758846:fc1_dim_0 (Dense)               (None, 512)          524800      dropout[0][0]                    
2024-03-19 23:20:46.758888:__________________________________________________________________________________________________
2024-03-19 23:20:46.758963:tf.__operators__.add_4 (TFOpLam (None, 512)          0           fc1_0[0][0]                      
2024-03-19 23:20:46.759006:                                                                 fc1_dim_0[0][0]                  
2024-03-19 23:20:46.759042:__________________________________________________________________________________________________
2024-03-19 23:20:46.759143:fc1_1 (Dense)                   (None, 512)          262656      tf.__operators__.add_4[0][0]     
2024-03-19 23:20:46.759184:__________________________________________________________________________________________________
2024-03-19 23:20:46.759269:tf.__operators__.add_5 (TFOpLam (None, 512)          0           fc1_1[0][0]                      
2024-03-19 23:20:46.759310:                                                                 tf.__operators__.add_4[0][0]     
2024-03-19 23:20:46.759344:__________________________________________________________________________________________________
2024-03-19 23:20:46.759440:fc1_2 (Dense)                   (None, 512)          262656      tf.__operators__.add_5[0][0]     
2024-03-19 23:20:46.759487:__________________________________________________________________________________________________
2024-03-19 23:20:46.759560:tf.__operators__.add_6 (TFOpLam (None, 512)          0           fc1_2[0][0]                      
2024-03-19 23:20:46.759601:                                                                 tf.__operators__.add_5[0][0]     
2024-03-19 23:20:46.759635:__________________________________________________________________________________________________
2024-03-19 23:20:46.759722:dropout_1 (Dropout)             (None, 512)          0           tf.__operators__.add_6[0][0]     
2024-03-19 23:20:46.759760:__________________________________________________________________________________________________
2024-03-19 23:20:46.759861:fc2_0 (Dense)                   (None, 256)          131328      dropout_1[0][0]                  
2024-03-19 23:20:46.759902:__________________________________________________________________________________________________
2024-03-19 23:20:46.760003:fc2_dim_0 (Dense)               (None, 256)          131328      dropout_1[0][0]                  
2024-03-19 23:20:46.760044:__________________________________________________________________________________________________
2024-03-19 23:20:46.760118:tf.__operators__.add_7 (TFOpLam (None, 256)          0           fc2_0[0][0]                      
2024-03-19 23:20:46.760160:                                                                 fc2_dim_0[0][0]                  
2024-03-19 23:20:46.760196:__________________________________________________________________________________________________
2024-03-19 23:20:46.760295:fc2_1 (Dense)                   (None, 256)          65792       tf.__operators__.add_7[0][0]     
2024-03-19 23:20:46.760336:__________________________________________________________________________________________________
2024-03-19 23:20:46.760416:tf.__operators__.add_8 (TFOpLam (None, 256)          0           fc2_1[0][0]                      
2024-03-19 23:20:46.760464:                                                                 tf.__operators__.add_7[0][0]     
2024-03-19 23:20:46.760663:__________________________________________________________________________________________________
2024-03-19 23:20:46.761177:fc2_2 (Dense)                   (None, 256)          65792       tf.__operators__.add_8[0][0]     
2024-03-19 23:20:46.761340:__________________________________________________________________________________________________
2024-03-19 23:20:46.761642:tf.__operators__.add_9 (TFOpLam (None, 256)          0           fc2_2[0][0]                      
2024-03-19 23:20:46.761797:                                                                 tf.__operators__.add_8[0][0]     
2024-03-19 23:20:46.761919:__________________________________________________________________________________________________
2024-03-19 23:20:46.762164:dropout_2 (Dropout)             (None, 256)          0           tf.__operators__.add_9[0][0]     
2024-03-19 23:20:46.762290:__________________________________________________________________________________________________
2024-03-19 23:20:46.762654:fc3_0 (Dense)                   (None, 128)          32896       dropout_2[0][0]                  
2024-03-19 23:20:46.762790:__________________________________________________________________________________________________
2024-03-19 23:20:46.763126:fc3_dim_0 (Dense)               (None, 128)          32896       dropout_2[0][0]                  
2024-03-19 23:20:46.763259:__________________________________________________________________________________________________
2024-03-19 23:20:46.763520:tf.__operators__.add_10 (TFOpLa (None, 128)          0           fc3_0[0][0]                      
2024-03-19 23:20:46.763662:                                                                 fc3_dim_0[0][0]                  
2024-03-19 23:20:46.763778:__________________________________________________________________________________________________
2024-03-19 23:20:46.764112:fc3_1 (Dense)                   (None, 128)          16512       tf.__operators__.add_10[0][0]    
2024-03-19 23:20:46.764244:__________________________________________________________________________________________________
2024-03-19 23:20:46.764504:tf.__operators__.add_11 (TFOpLa (None, 128)          0           fc3_1[0][0]                      
2024-03-19 23:20:46.764646:                                                                 tf.__operators__.add_10[0][0]    
2024-03-19 23:20:46.764760:__________________________________________________________________________________________________
2024-03-19 23:20:46.765088:fc3_2 (Dense)                   (None, 128)          16512       tf.__operators__.add_11[0][0]    
2024-03-19 23:20:46.765221:__________________________________________________________________________________________________
2024-03-19 23:20:46.765471:tf.__operators__.add_12 (TFOpLa (None, 128)          0           fc3_2[0][0]                      
2024-03-19 23:20:46.765743:                                                                 tf.__operators__.add_11[0][0]    
2024-03-19 23:20:46.765906:__________________________________________________________________________________________________
2024-03-19 23:20:46.766239:dropout_3 (Dropout)             (None, 128)          0           tf.__operators__.add_12[0][0]    
2024-03-19 23:20:46.766383:__________________________________________________________________________________________________
2024-03-19 23:20:46.766881:fc4_0 (Dense)                   (None, 64)           8256        dropout_3[0][0]                  
2024-03-19 23:20:46.767083:__________________________________________________________________________________________________
2024-03-19 23:20:46.767560:fc4_dim_0 (Dense)               (None, 64)           8256        dropout_3[0][0]                  
2024-03-19 23:20:46.767662:__________________________________________________________________________________________________
2024-03-19 23:20:46.767833:tf.__operators__.add_13 (TFOpLa (None, 64)           0           fc4_0[0][0]                      
2024-03-19 23:20:46.767907:                                                                 fc4_dim_0[0][0]                  
2024-03-19 23:20:46.767966:__________________________________________________________________________________________________
2024-03-19 23:20:46.768156:fc4_1 (Dense)                   (None, 64)           4160        tf.__operators__.add_13[0][0]    
2024-03-19 23:20:46.768223:__________________________________________________________________________________________________
2024-03-19 23:20:46.768352:tf.__operators__.add_14 (TFOpLa (None, 64)           0           fc4_1[0][0]                      
2024-03-19 23:20:46.768421:                                                                 tf.__operators__.add_13[0][0]    
2024-03-19 23:20:46.768485:__________________________________________________________________________________________________
2024-03-19 23:20:46.768651:fc5_0 (Dense)                   (None, 32)           2080        tf.__operators__.add_14[0][0]    
2024-03-19 23:20:46.768714:__________________________________________________________________________________________________
2024-03-19 23:20:46.768869:fc5_dim_0 (Dense)               (None, 32)           2080        tf.__operators__.add_14[0][0]    
2024-03-19 23:20:46.768931:__________________________________________________________________________________________________
2024-03-19 23:20:46.769045:tf.__operators__.add_15 (TFOpLa (None, 32)           0           fc5_0[0][0]                      
2024-03-19 23:20:46.769109:                                                                 fc5_dim_0[0][0]                  
2024-03-19 23:20:46.769162:__________________________________________________________________________________________________
2024-03-19 23:20:46.769314:fc6 (Dense)                     (None, 1)            33          tf.__operators__.add_15[0][0]    
2024-03-19 23:20:46.769375:==================================================================================================
2024-03-19 23:20:46.770284:Total params: 8,389,409
2024-03-19 23:20:46.770359:Trainable params: 8,389,409
2024-03-19 23:20:46.770415:Non-trainable params: 0
2024-03-19 23:20:46.770472:__________________________________________________________________________________________________
2024-03-19 23:20:46.791383:start training
2024-03-19 23:20:52.570696:2024-03-19 23:20:52.570647: Current epoch: 0, loss: 3.7732644081115723, validation loss: 1.491724967956543
2024-03-19 23:20:56.920290:2024-03-19 23:20:56.920222: Current epoch: 1, loss: 1.324021577835083, validation loss: 0.9362668991088867
2024-03-19 23:21:01.248168:2024-03-19 23:21:01.248116: Current epoch: 2, loss: 0.9881687760353088, validation loss: 0.8359359502792358
2024-03-19 23:21:05.584464:2024-03-19 23:21:05.584392: Current epoch: 3, loss: 0.7692832946777344, validation loss: 0.6505025625228882
2024-03-19 23:21:09.886471:2024-03-19 23:21:09.886387: Current epoch: 4, loss: 0.7703322768211365, validation loss: 0.6607455611228943
2024-03-19 23:21:14.263864:2024-03-19 23:21:14.263737: Current epoch: 5, loss: 0.6667805314064026, validation loss: 0.6713303923606873
2024-03-19 23:21:18.707202:2024-03-19 23:21:18.707129: Current epoch: 6, loss: 0.6105758547782898, validation loss: 0.5752150416374207
2024-03-19 23:21:23.067802:2024-03-19 23:21:23.067735: Current epoch: 7, loss: 0.6154830455780029, validation loss: 0.5904028415679932
2024-03-19 23:21:27.441119:2024-03-19 23:21:27.441049: Current epoch: 8, loss: 0.5408914685249329, validation loss: 0.5132721066474915
2024-03-19 23:21:31.842472:2024-03-19 23:21:31.842308: Current epoch: 9, loss: 0.5209946036338806, validation loss: 0.5207312107086182
2024-03-19 23:21:38.670708:2024-03-19 23:21:38.670663: Current epoch: 10, loss: 0.49507448077201843, validation loss: 0.4534265995025635
2024-03-19 23:21:43.111239:2024-03-19 23:21:43.111100: Current epoch: 11, loss: 0.43983277678489685, validation loss: 0.4597490429878235
2024-03-19 23:21:47.538664:2024-03-19 23:21:47.538497: Current epoch: 12, loss: 0.4666915833950043, validation loss: 0.5279592275619507
2024-03-19 23:21:52.110022:2024-03-19 23:21:52.109953: Current epoch: 13, loss: 0.4403338134288788, validation loss: 0.4516245424747467
2024-03-19 23:21:56.573448:2024-03-19 23:21:56.573356: Current epoch: 14, loss: 0.4268617033958435, validation loss: 0.4325481653213501
2024-03-19 23:22:01.056525:2024-03-19 23:22:01.056425: Current epoch: 15, loss: 0.3982243835926056, validation loss: 0.45108917355537415
2024-03-19 23:22:05.478469:2024-03-19 23:22:05.478335: Current epoch: 16, loss: 0.3826618194580078, validation loss: 0.48137974739074707
2024-03-19 23:22:09.962084:2024-03-19 23:22:09.962012: Current epoch: 17, loss: 0.36246028542518616, validation loss: 0.3779090344905853
2024-03-19 23:22:14.488544:2024-03-19 23:22:14.488467: Current epoch: 18, loss: 0.35841235518455505, validation loss: 0.6565315127372742
2024-03-19 23:22:19.156174:2024-03-19 23:22:19.156016: Current epoch: 19, loss: 0.34802067279815674, validation loss: 0.4137119948863983
2024-03-19 23:22:26.240397:2024-03-19 23:22:26.240195: Current epoch: 20, loss: 0.3195229768753052, validation loss: 0.4680088758468628
2024-03-19 23:22:30.729467:2024-03-19 23:22:30.729305: Current epoch: 21, loss: 0.3191138207912445, validation loss: 0.3830123543739319
2024-03-19 23:22:35.147970:2024-03-19 23:22:35.147656: Current epoch: 22, loss: 0.31386128067970276, validation loss: 0.38038116693496704
2024-03-19 23:22:39.439059:2024-03-19 23:22:39.438974: Current epoch: 23, loss: 0.2828832268714905, validation loss: 0.3336655795574188
2024-03-19 23:22:43.980141:2024-03-19 23:22:43.979945: Current epoch: 24, loss: 0.2930823564529419, validation loss: 0.4075765609741211
2024-03-19 23:22:48.451884:2024-03-19 23:22:48.451757: Current epoch: 25, loss: 0.2759944200515747, validation loss: 0.446420282125473
2024-03-19 23:22:52.971045:2024-03-19 23:22:52.970947: Current epoch: 26, loss: 0.2800551652908325, validation loss: 0.44001999497413635
2024-03-19 23:22:57.558488:2024-03-19 23:22:57.558328: Current epoch: 27, loss: 0.2577706277370453, validation loss: 0.35629478096961975
2024-03-19 23:23:02.208088:2024-03-19 23:23:02.208018: Current epoch: 28, loss: 0.24676525592803955, validation loss: 0.37694913148880005
2024-03-19 23:23:06.914797:2024-03-19 23:23:06.914658: Current epoch: 29, loss: 0.2331065982580185, validation loss: 0.3479340970516205
2024-03-19 23:23:14.142725:2024-03-19 23:23:14.142609: Current epoch: 30, loss: 0.2527684271335602, validation loss: 0.3443284332752228
2024-03-19 23:23:18.836533:2024-03-19 23:23:18.836270: Current epoch: 31, loss: 0.2294817864894867, validation loss: 0.38025328516960144
2024-03-19 23:23:23.707864:2024-03-19 23:23:23.707787: Current epoch: 32, loss: 0.2288782149553299, validation loss: 0.31696566939353943
2024-03-19 23:23:28.302474:2024-03-19 23:23:28.302300: Current epoch: 33, loss: 0.21933454275131226, validation loss: 0.31977733969688416
2024-03-19 23:23:32.990404:2024-03-19 23:23:32.990278: Current epoch: 34, loss: 0.21827177703380585, validation loss: 0.3742676079273224
2024-03-19 23:23:37.886450:2024-03-19 23:23:37.886243: Current epoch: 35, loss: 0.21032896637916565, validation loss: 0.3601384460926056
2024-03-19 23:23:42.694274:2024-03-19 23:23:42.694122: Current epoch: 36, loss: 0.21904043853282928, validation loss: 0.3296441435813904
2024-03-19 23:23:47.671642:2024-03-19 23:23:47.671504: Current epoch: 37, loss: 0.20985890924930573, validation loss: 0.33148065209388733
2024-03-19 23:23:52.412784:2024-03-19 23:23:52.412634: Current epoch: 38, loss: 0.20021747052669525, validation loss: 0.3276291489601135
2024-03-19 23:23:57.064417:2024-03-19 23:23:57.064331: Current epoch: 39, loss: 0.18973149359226227, validation loss: 0.3101922273635864
2024-03-19 23:24:03.924641:2024-03-19 23:24:03.924336: Current epoch: 40, loss: 0.18872906267642975, validation loss: 0.31797024607658386
2024-03-19 23:24:08.720692:2024-03-19 23:24:08.720610: Current epoch: 41, loss: 0.18449990451335907, validation loss: 0.3071538805961609
2024-03-19 23:24:13.158167:2024-03-19 23:24:13.158044: Current epoch: 42, loss: 0.1807699054479599, validation loss: 0.3190281093120575
2024-03-19 23:24:17.955035:2024-03-19 23:24:17.954972: Current epoch: 43, loss: 0.17630444467067719, validation loss: 0.3045329451560974
2024-03-19 23:24:22.369777:2024-03-19 23:24:22.369698: Current epoch: 44, loss: 0.17354492843151093, validation loss: 0.3499729633331299
2024-03-19 23:24:26.889886:2024-03-19 23:24:26.889758: Current epoch: 45, loss: 0.17750264704227448, validation loss: 0.3541184365749359
2024-03-19 23:24:31.567231:2024-03-19 23:24:31.567128: Current epoch: 46, loss: 0.16926583647727966, validation loss: 0.3259866535663605
2024-03-19 23:24:36.168300:2024-03-19 23:24:36.168242: Current epoch: 47, loss: 0.16454824805259705, validation loss: 0.36244770884513855
2024-03-19 23:24:40.745808:2024-03-19 23:24:40.745730: Current epoch: 48, loss: 0.1596584916114807, validation loss: 0.29742589592933655
2024-03-19 23:24:45.231104:2024-03-19 23:24:45.231034: Current epoch: 49, loss: 0.1600981205701828, validation loss: 0.3116944134235382
2024-03-19 23:24:49.742261:2024-03-19 23:24:49.742144: Current epoch: 50, loss: 0.1574437916278839, validation loss: 0.31650683283805847
2024-03-19 23:24:54.513032:2024-03-19 23:24:54.512926: Current epoch: 51, loss: 0.15417887270450592, validation loss: 0.3101823031902313
2024-03-19 23:24:59.032810:2024-03-19 23:24:59.032731: Current epoch: 52, loss: 0.15072937309741974, validation loss: 0.35661202669143677
2024-03-19 23:25:03.564858:2024-03-19 23:25:03.564783: Current epoch: 53, loss: 0.1527644544839859, validation loss: 0.3371828496456146
2024-03-19 23:25:08.302968:2024-03-19 23:25:08.302915: Current epoch: 54, loss: 0.14778603613376617, validation loss: 0.29251953959465027
2024-03-19 23:25:12.942274:2024-03-19 23:25:12.942197: Current epoch: 55, loss: 0.15089260041713715, validation loss: 0.296059787273407
2024-03-19 23:25:17.682609:2024-03-19 23:25:17.682529: Current epoch: 56, loss: 0.14332543313503265, validation loss: 0.2952653765678406
2024-03-19 23:25:22.449143:2024-03-19 23:25:22.449074: Current epoch: 57, loss: 0.13936176896095276, validation loss: 0.28543800115585327
2024-03-19 23:25:27.143804:2024-03-19 23:25:27.143700: Current epoch: 58, loss: 0.13721098005771637, validation loss: 0.29047897458076477
2024-03-19 23:25:31.860210:2024-03-19 23:25:31.860133: Current epoch: 59, loss: 0.13347817957401276, validation loss: 0.2917930781841278
2024-03-19 23:25:38.858390:2024-03-19 23:25:38.858312: Current epoch: 60, loss: 0.13493585586547852, validation loss: 0.3042193055152893
2024-03-19 23:25:43.641750:2024-03-19 23:25:43.641692: Current epoch: 61, loss: 0.14124298095703125, validation loss: 0.2788837254047394
2024-03-19 23:25:48.437301:2024-03-19 23:25:48.437239: Current epoch: 62, loss: 0.13078342378139496, validation loss: 0.2754961848258972
2024-03-19 23:25:53.506441:2024-03-19 23:25:53.506364: Current epoch: 63, loss: 0.12926962971687317, validation loss: 0.30057212710380554
2024-03-19 23:25:58.463386:2024-03-19 23:25:58.463319: Current epoch: 64, loss: 0.1270170956850052, validation loss: 0.2897360324859619
2024-03-19 23:26:03.464410:2024-03-19 23:26:03.464332: Current epoch: 65, loss: 0.13085439801216125, validation loss: 0.3273591101169586
2024-03-19 23:26:08.320163:2024-03-19 23:26:08.320096: Current epoch: 66, loss: 0.1323213428258896, validation loss: 0.30583304166793823
2024-03-19 23:26:13.159275:2024-03-19 23:26:13.159199: Current epoch: 67, loss: 0.12194185703992844, validation loss: 0.2955232560634613
2024-03-19 23:26:17.941272:2024-03-19 23:26:17.941193: Current epoch: 68, loss: 0.1217442974448204, validation loss: 0.272160142660141
2024-03-19 23:26:22.861251:2024-03-19 23:26:22.861150: Current epoch: 69, loss: 0.1190325990319252, validation loss: 0.27564215660095215
2024-03-19 23:26:29.909302:2024-03-19 23:26:29.909224: Current epoch: 70, loss: 0.11710668355226517, validation loss: 0.2961101233959198
2024-03-19 23:26:34.637541:2024-03-19 23:26:34.637433: Current epoch: 71, loss: 0.12431851774454117, validation loss: 0.28722959756851196
2024-03-19 23:26:39.207668:2024-03-19 23:26:39.207614: Current epoch: 72, loss: 0.11906039714813232, validation loss: 0.27201539278030396
2024-03-19 23:26:43.759252:2024-03-19 23:26:43.759200: Current epoch: 73, loss: 0.12139630317687988, validation loss: 0.269295334815979
2024-03-19 23:26:48.116330:2024-03-19 23:26:48.116201: Current epoch: 74, loss: 0.11722011119127274, validation loss: 0.2823082506656647
2024-03-19 23:26:52.627353:2024-03-19 23:26:52.627231: Current epoch: 75, loss: 0.1192290410399437, validation loss: 0.27813178300857544
2024-03-19 23:26:57.193943:2024-03-19 23:26:57.193788: Current epoch: 76, loss: 0.11117251962423325, validation loss: 0.28125834465026855
2024-03-19 23:27:01.783813:2024-03-19 23:27:01.783760: Current epoch: 77, loss: 0.11046119779348373, validation loss: 0.26898953318595886
2024-03-19 23:27:06.236929:2024-03-19 23:27:06.236852: Current epoch: 78, loss: 0.11596883088350296, validation loss: 0.2822859585285187
2024-03-19 23:27:10.729158:2024-03-19 23:27:10.729081: Current epoch: 79, loss: 0.11040634661912918, validation loss: 0.2833890914916992
2024-03-19 23:27:15.241592:2024-03-19 23:27:15.241513: Current epoch: 80, loss: 0.10935798287391663, validation loss: 0.2644905745983124
2024-03-19 23:27:19.609685:2024-03-19 23:27:19.609608: Current epoch: 81, loss: 0.10451468825340271, validation loss: 0.2774985432624817
2024-03-19 23:27:24.501248:2024-03-19 23:27:24.501095: Current epoch: 82, loss: 0.10545263439416885, validation loss: 0.2885984480381012
2024-03-19 23:27:29.164612:2024-03-19 23:27:29.164540: Current epoch: 83, loss: 0.10831893980503082, validation loss: 0.26246339082717896
2024-03-19 23:27:33.814612:2024-03-19 23:27:33.814534: Current epoch: 84, loss: 0.10759137570858002, validation loss: 0.26773500442504883
2024-03-19 23:27:38.363081:2024-03-19 23:27:38.362971: Current epoch: 85, loss: 0.10379352420568466, validation loss: 0.29266348481178284
2024-03-19 23:27:42.820293:2024-03-19 23:27:42.820218: Current epoch: 86, loss: 0.09878586232662201, validation loss: 0.27168795466423035
2024-03-19 23:27:47.339071:2024-03-19 23:27:47.338919: Current epoch: 87, loss: 0.10598049312829971, validation loss: 0.3218502104282379
2024-03-19 23:27:51.830830:2024-03-19 23:27:51.830708: Current epoch: 88, loss: 0.10192229598760605, validation loss: 0.2743525803089142
2024-03-19 23:27:56.430001:2024-03-19 23:27:56.429927: Current epoch: 89, loss: 0.10060213506221771, validation loss: 0.2726958692073822
2024-03-19 23:28:03.361365:2024-03-19 23:28:03.361263: Current epoch: 90, loss: 0.1010291576385498, validation loss: 0.26753225922584534
2024-03-19 23:28:07.950562:2024-03-19 23:28:07.950383: Current epoch: 91, loss: 0.10345958173274994, validation loss: 0.28142425417900085
2024-03-19 23:28:12.535025:2024-03-19 23:28:12.534949: Current epoch: 92, loss: 0.09734121710062027, validation loss: 0.27284833788871765
2024-03-19 23:28:17.059530:2024-03-19 23:28:17.059428: Current epoch: 93, loss: 0.09613114595413208, validation loss: 0.28294363617897034
2024-03-19 23:28:21.675686:2024-03-19 23:28:21.675532: Current epoch: 94, loss: 0.10092779248952866, validation loss: 0.2759721875190735
2024-03-19 23:28:26.254269:2024-03-19 23:28:26.254165: Current epoch: 95, loss: 0.09142161905765533, validation loss: 0.2893446981906891
2024-03-19 23:28:30.991774:2024-03-19 23:28:30.991642: Current epoch: 96, loss: 0.10090155154466629, validation loss: 0.26665082573890686
2024-03-19 23:28:35.373826:2024-03-19 23:28:35.373659: Current epoch: 97, loss: 0.08852321654558182, validation loss: 0.28527557849884033
2024-03-19 23:28:39.983023:2024-03-19 23:28:39.982946: Current epoch: 98, loss: 0.09820935875177383, validation loss: 0.27755171060562134
2024-03-19 23:28:44.521194:2024-03-19 23:28:44.521118: Current epoch: 99, loss: 0.09328371286392212, validation loss: 0.27631574869155884
2024-03-19 23:28:49.052801:2024-03-19 23:28:49.052647: Current epoch: 100, loss: 0.09671196341514587, validation loss: 0.2681889533996582
2024-03-19 23:28:53.488233:2024-03-19 23:28:53.488156: Current epoch: 101, loss: 0.09408226609230042, validation loss: 0.26581376791000366
2024-03-19 23:28:57.916792:2024-03-19 23:28:57.916714: Current epoch: 102, loss: 0.08749537169933319, validation loss: 0.26890096068382263
2024-03-19 23:29:02.485224:2024-03-19 23:29:02.485147: Current epoch: 103, loss: 0.0827275812625885, validation loss: 0.30533093214035034
2024-03-19 23:29:06.946838:2024-03-19 23:29:06.946764: Current epoch: 104, loss: 0.08905430883169174, validation loss: 0.2806745767593384
2024-03-19 23:29:11.520851:2024-03-19 23:29:11.520695: Current epoch: 105, loss: 0.09151460230350494, validation loss: 0.27237939834594727
2024-03-19 23:29:15.991870:2024-03-19 23:29:15.991794: Current epoch: 106, loss: 0.08789674192667007, validation loss: 0.2646438181400299
2024-03-19 23:29:20.651721:2024-03-19 23:29:20.651604: Current epoch: 107, loss: 0.08636684715747833, validation loss: 0.2697250545024872
2024-03-19 23:29:25.341542:2024-03-19 23:29:25.341420: Current epoch: 108, loss: 0.08941218256950378, validation loss: 0.2749868333339691
2024-03-19 23:29:30.105839:2024-03-19 23:29:30.105763: Current epoch: 109, loss: 0.08996609598398209, validation loss: 0.2764781415462494
2024-03-19 23:29:34.902421:2024-03-19 23:29:34.902344: Current epoch: 110, loss: 0.08074858039617538, validation loss: 0.268290638923645
2024-03-19 23:29:39.419326:2024-03-19 23:29:39.419250: Current epoch: 111, loss: 0.08787579834461212, validation loss: 0.2634018361568451
2024-03-19 23:29:43.899997:2024-03-19 23:29:43.899861: Current epoch: 112, loss: 0.0837850570678711, validation loss: 0.2716119587421417
2024-03-19 23:29:48.612506:2024-03-19 23:29:48.612402: Current epoch: 113, loss: 0.08851597458124161, validation loss: 0.2715385854244232
2024-03-19 23:29:53.150832:2024-03-19 23:29:53.150768: Current epoch: 114, loss: 0.08493353426456451, validation loss: 0.2973751723766327
2024-03-19 23:29:57.765095:2024-03-19 23:29:57.765018: Current epoch: 115, loss: 0.08177101612091064, validation loss: 0.27695637941360474
2024-03-19 23:30:02.403408:2024-03-19 23:30:02.403333: Current epoch: 116, loss: 0.08389750123023987, validation loss: 0.286194771528244
2024-03-19 23:30:07.089753:2024-03-19 23:30:07.089599: Current epoch: 117, loss: 0.0847209095954895, validation loss: 0.2660636007785797
2024-03-19 23:30:11.603472:2024-03-19 23:30:11.603411: Current epoch: 118, loss: 0.08203574270009995, validation loss: 0.24931243062019348
2024-03-19 23:30:16.468618:2024-03-19 23:30:16.468532: Current epoch: 119, loss: 0.0789862722158432, validation loss: 0.27618154883384705
2024-03-19 23:30:21.069040:2024-03-19 23:30:21.068913: Current epoch: 120, loss: 0.08068925142288208, validation loss: 0.26957643032073975
2024-03-19 23:30:25.934748:2024-03-19 23:30:25.934589: Current epoch: 121, loss: 0.07622025161981583, validation loss: 0.3016902506351471
2024-03-19 23:30:30.481240:2024-03-19 23:30:30.481118: Current epoch: 122, loss: 0.07951728254556656, validation loss: 0.25823214650154114
2024-03-19 23:30:35.172164:2024-03-19 23:30:35.172021: Current epoch: 123, loss: 0.07802768051624298, validation loss: 0.2693505585193634
2024-03-19 23:30:39.757089:2024-03-19 23:30:39.757008: Current epoch: 124, loss: 0.07479848712682724, validation loss: 0.272685170173645
2024-03-19 23:30:44.346901:2024-03-19 23:30:44.346830: Current epoch: 125, loss: 0.07558214664459229, validation loss: 0.27973806858062744
2024-03-19 23:30:48.818930:2024-03-19 23:30:48.818854: Current epoch: 126, loss: 0.08336126059293747, validation loss: 0.261466920375824
2024-03-19 23:30:53.251662:2024-03-19 23:30:53.251590: Current epoch: 127, loss: 0.07699433714151382, validation loss: 0.26262378692626953
2024-03-19 23:30:57.862982:2024-03-19 23:30:57.862841: Current epoch: 128, loss: 0.07818649709224701, validation loss: 0.2567829191684723
2024-03-19 23:31:02.410410:2024-03-19 23:31:02.410335: Current epoch: 129, loss: 0.07418283075094223, validation loss: 0.2602735459804535
2024-03-19 23:31:09.193763:2024-03-19 23:31:09.193686: Current epoch: 130, loss: 0.07982902228832245, validation loss: 0.26916542649269104
2024-03-19 23:31:13.887491:2024-03-19 23:31:13.887323: Current epoch: 131, loss: 0.0739801749587059, validation loss: 0.2821313142776489
2024-03-19 23:31:18.602797:2024-03-19 23:31:18.602721: Current epoch: 132, loss: 0.07608889043331146, validation loss: 0.27299821376800537
2024-03-19 23:31:23.148060:2024-03-19 23:31:23.148007: Current epoch: 133, loss: 0.07255995273590088, validation loss: 0.24881218373775482
2024-03-19 23:31:27.608012:2024-03-19 23:31:27.607935: Current epoch: 134, loss: 0.0707334503531456, validation loss: 0.2822214961051941
2024-03-19 23:31:32.252736:2024-03-19 23:31:32.252579: Current epoch: 135, loss: 0.07381787151098251, validation loss: 0.27223557233810425
2024-03-19 23:31:36.786955:2024-03-19 23:31:36.786892: Current epoch: 136, loss: 0.0749250054359436, validation loss: 0.2604776918888092
2024-03-19 23:31:41.382844:2024-03-19 23:31:41.382766: Current epoch: 137, loss: 0.07719071209430695, validation loss: 0.26993244886398315
2024-03-19 23:31:45.974809:2024-03-19 23:31:45.974742: Current epoch: 138, loss: 0.07303860783576965, validation loss: 0.2586261034011841
2024-03-19 23:31:50.322286:2024-03-19 23:31:50.322175: Current epoch: 139, loss: 0.06973642110824585, validation loss: 0.2748517692089081
2024-03-19 23:31:54.840319:2024-03-19 23:31:54.840244: Current epoch: 140, loss: 0.07122869789600372, validation loss: 0.29228121042251587
2024-03-19 23:31:59.397950:2024-03-19 23:31:59.397845: Current epoch: 141, loss: 0.072996124625206, validation loss: 0.2723917067050934
2024-03-19 23:32:03.959599:2024-03-19 23:32:03.959523: Current epoch: 142, loss: 0.08009009063243866, validation loss: 0.2762642800807953
2024-03-19 23:32:08.578803:2024-03-19 23:32:08.578727: Current epoch: 143, loss: 0.07208651304244995, validation loss: 0.2547886371612549
2024-03-19 23:32:13.291966:2024-03-19 23:32:13.291890: Current epoch: 144, loss: 0.07161706686019897, validation loss: 0.2693729102611542
2024-03-19 23:32:17.981280:2024-03-19 23:32:17.981147: Current epoch: 145, loss: 0.0735115110874176, validation loss: 0.276907354593277
2024-03-19 23:32:22.420528:2024-03-19 23:32:22.420412: Current epoch: 146, loss: 0.07434407621622086, validation loss: 0.26581132411956787
2024-03-19 23:32:26.994639:2024-03-19 23:32:26.994560: Current epoch: 147, loss: 0.07160158455371857, validation loss: 0.2649756073951721
2024-03-19 23:32:31.552993:2024-03-19 23:32:31.552916: Current epoch: 148, loss: 0.06913140416145325, validation loss: 0.2662477195262909
2024-03-19 23:32:36.066806:2024-03-19 23:32:36.066734: Current epoch: 149, loss: 0.06631161272525787, validation loss: 0.2617000937461853
2024-03-19 23:32:40.561852:2024-03-19 23:32:40.561777: Current epoch: 150, loss: 0.0767870545387268, validation loss: 0.2622333765029907
2024-03-19 23:32:45.142512:2024-03-19 23:32:45.142367: Current epoch: 151, loss: 0.06927356868982315, validation loss: 0.28005707263946533
2024-03-19 23:32:49.603033:2024-03-19 23:32:49.602956: Current epoch: 152, loss: 0.0674699917435646, validation loss: 0.25258883833885193
2024-03-19 23:32:54.068646:2024-03-19 23:32:54.068568: Current epoch: 153, loss: 0.06569723784923553, validation loss: 0.2770555019378662
2024-03-19 23:32:58.576839:2024-03-19 23:32:58.576789: Current epoch: 154, loss: 0.06437122821807861, validation loss: 0.24804586172103882
2024-03-19 23:33:02.979195:2024-03-19 23:33:02.979118: Current epoch: 155, loss: 0.06541917473077774, validation loss: 0.2712409794330597
2024-03-19 23:33:07.556502:2024-03-19 23:33:07.556404: Current epoch: 156, loss: 0.07103235274553299, validation loss: 0.27148449420928955
2024-03-19 23:33:11.933236:2024-03-19 23:33:11.933161: Current epoch: 157, loss: 0.0650697872042656, validation loss: 0.2578178942203522
2024-03-19 23:33:16.744301:2024-03-19 23:33:16.744225: Current epoch: 158, loss: 0.06840582937002182, validation loss: 0.267283171415329
2024-03-19 23:33:21.488268:2024-03-19 23:33:21.488143: Current epoch: 159, loss: 0.07057292014360428, validation loss: 0.2698793411254883
2024-03-19 23:33:26.105319:2024-03-19 23:33:26.105242: Current epoch: 160, loss: 0.07594678550958633, validation loss: 0.2756858468055725
2024-03-19 23:33:30.538169:2024-03-19 23:33:30.538093: Current epoch: 161, loss: 0.0691894143819809, validation loss: 0.25925296545028687
2024-03-19 23:33:35.032047:2024-03-19 23:33:35.031949: Current epoch: 162, loss: 0.06520530581474304, validation loss: 0.2521522045135498
2024-03-19 23:33:39.506275:2024-03-19 23:33:39.506199: Current epoch: 163, loss: 0.06699664890766144, validation loss: 0.28000953793525696
2024-03-19 23:33:44.068922:2024-03-19 23:33:44.068844: Current epoch: 164, loss: 0.07044202089309692, validation loss: 0.27073171734809875
2024-03-19 23:33:48.427075:2024-03-19 23:33:48.427010: Current epoch: 165, loss: 0.06670460850000381, validation loss: 0.2704281508922577
2024-03-19 23:33:53.072449:2024-03-19 23:33:53.072374: Current epoch: 166, loss: 0.06422150135040283, validation loss: 0.2651602029800415
2024-03-19 23:33:57.737758:2024-03-19 23:33:57.737615: Current epoch: 167, loss: 0.0619269423186779, validation loss: 0.2565675675868988
2024-03-19 23:34:02.393453:2024-03-19 23:34:02.393301: Current epoch: 168, loss: 0.06552030146121979, validation loss: 0.2558167576789856
2024-03-19 23:34:06.942862:2024-03-19 23:34:06.942691: Current epoch: 169, loss: 0.06225544586777687, validation loss: 0.2712956368923187
2024-03-19 23:34:11.526562:2024-03-19 23:34:11.526425: Current epoch: 170, loss: 0.06583559513092041, validation loss: 0.25804904103279114
2024-03-19 23:34:16.033998:2024-03-19 23:34:16.033862: Current epoch: 171, loss: 0.06178240478038788, validation loss: 0.2613268196582794
2024-03-19 23:34:20.691641:2024-03-19 23:34:20.691506: Current epoch: 172, loss: 0.06805067509412766, validation loss: 0.2626751661300659
2024-03-19 23:34:25.132109:2024-03-19 23:34:25.132033: Current epoch: 173, loss: 0.06907109171152115, validation loss: 0.27516597509384155
2024-03-19 23:34:29.653339:2024-03-19 23:34:29.653262: Current epoch: 174, loss: 0.06026512011885643, validation loss: 0.2678297758102417
2024-03-19 23:34:34.299783:2024-03-19 23:34:34.299640: Current epoch: 175, loss: 0.060643166303634644, validation loss: 0.2610875368118286
2024-03-19 23:34:38.991928:2024-03-19 23:34:38.991853: Current epoch: 176, loss: 0.06438764929771423, validation loss: 0.25742319226264954
2024-03-19 23:34:43.766090:2024-03-19 23:34:43.766013: Current epoch: 177, loss: 0.0628420040011406, validation loss: 0.26153191924095154
2024-03-19 23:34:48.226919:2024-03-19 23:34:48.226772: Current epoch: 178, loss: 0.061920810490846634, validation loss: 0.2586151659488678
2024-03-19 23:34:52.670279:2024-03-19 23:34:52.670156: Current epoch: 179, loss: 0.06484834104776382, validation loss: 0.25248420238494873
2024-03-19 23:34:59.337010:2024-03-19 23:34:59.336910: Current epoch: 180, loss: 0.062259722501039505, validation loss: 0.2579694092273712
2024-03-19 23:35:04.045897:2024-03-19 23:35:04.045820: Current epoch: 181, loss: 0.05976191908121109, validation loss: 0.25923681259155273
2024-03-19 23:35:08.771681:2024-03-19 23:35:08.771612: Current epoch: 182, loss: 0.062408674508333206, validation loss: 0.26356586813926697
2024-03-19 23:35:13.225169:2024-03-19 23:35:13.225094: Current epoch: 183, loss: 0.06412932276725769, validation loss: 0.2684214115142822
2024-03-19 23:35:17.597753:2024-03-19 23:35:17.597620: Current epoch: 184, loss: 0.06326363235712051, validation loss: 0.25122252106666565
2024-03-19 23:35:22.068180:2024-03-19 23:35:22.068075: Current epoch: 185, loss: 0.059411995112895966, validation loss: 0.26510658860206604
2024-03-19 23:35:26.473439:2024-03-19 23:35:26.473363: Current epoch: 186, loss: 0.05840958282351494, validation loss: 0.2643527388572693
2024-03-19 23:35:30.904600:2024-03-19 23:35:30.904523: Current epoch: 187, loss: 0.05773116648197174, validation loss: 0.2751316726207733
2024-03-19 23:35:35.495740:2024-03-19 23:35:35.495662: Current epoch: 188, loss: 0.059816282242536545, validation loss: 0.2602910101413727
2024-03-19 23:35:40.075450:2024-03-19 23:35:40.075376: Current epoch: 189, loss: 0.05765584483742714, validation loss: 0.2667110860347748
2024-03-19 23:35:44.853803:2024-03-19 23:35:44.853677: Current epoch: 190, loss: 0.060916122049093246, validation loss: 0.252945214509964
2024-03-19 23:35:49.714434:2024-03-19 23:35:49.714333: Current epoch: 191, loss: 0.059582967311143875, validation loss: 0.25410768389701843
2024-03-19 23:35:54.413152:2024-03-19 23:35:54.413076: Current epoch: 192, loss: 0.06183663755655289, validation loss: 0.2702025771141052
2024-03-19 23:35:59.127680:2024-03-19 23:35:59.127603: Current epoch: 193, loss: 0.05869190767407417, validation loss: 0.2603461742401123
2024-03-19 23:36:03.948950:2024-03-19 23:36:03.948790: Current epoch: 194, loss: 0.05734716355800629, validation loss: 0.25381189584732056
2024-03-19 23:36:08.528094:2024-03-19 23:36:08.528011: Current epoch: 195, loss: 0.058948710560798645, validation loss: 0.26730358600616455
2024-03-19 23:36:13.024761:2024-03-19 23:36:13.024689: Current epoch: 196, loss: 0.059746939688920975, validation loss: 0.26279279589653015
2024-03-19 23:36:17.558196:2024-03-19 23:36:17.558087: Current epoch: 197, loss: 0.055522847920656204, validation loss: 0.2658592760562897
2024-03-19 23:36:22.182500:2024-03-19 23:36:22.182394: Current epoch: 198, loss: 0.05664211884140968, validation loss: 0.27908167243003845
2024-03-19 23:36:26.888375:2024-03-19 23:36:26.888249: Current epoch: 199, loss: 0.06069674715399742, validation loss: 0.2645605802536011
2024-03-19 23:36:31.696217:2024-03-19 23:36:31.696114: Current epoch: 200, loss: 0.05565445497632027, validation loss: 0.26357194781303406
2024-03-19 23:36:36.310553:2024-03-19 23:36:36.310472: Current epoch: 201, loss: 0.06224455684423447, validation loss: 0.25650596618652344
2024-03-19 23:36:41.025928:2024-03-19 23:36:41.025856: Current epoch: 202, loss: 0.06168891489505768, validation loss: 0.25878748297691345
2024-03-19 23:36:45.700320:2024-03-19 23:36:45.700244: Current epoch: 203, loss: 0.06049874424934387, validation loss: 0.25860264897346497
2024-03-19 23:36:50.263876:2024-03-19 23:36:50.263798: Current epoch: 204, loss: 0.05632104352116585, validation loss: 0.25297296047210693
2024-03-19 23:36:54.815183:2024-03-19 23:36:54.815028: Current epoch: 205, loss: 0.05532439053058624, validation loss: 0.25819534063339233
2024-03-19 23:36:59.370765:2024-03-19 23:36:59.370690: Current epoch: 206, loss: 0.06436782330274582, validation loss: 0.2858554422855377
2024-03-19 23:37:04.076195:2024-03-19 23:37:04.076120: Current epoch: 207, loss: 0.05343405902385712, validation loss: 0.25694894790649414
2024-03-19 23:37:08.716493:2024-03-19 23:37:08.716405: Current epoch: 208, loss: 0.05742042884230614, validation loss: 0.26111900806427
2024-03-19 23:37:13.333117:2024-03-19 23:37:13.332984: Current epoch: 209, loss: 0.059808772057294846, validation loss: 0.2660117447376251
2024-03-19 23:37:17.938208:2024-03-19 23:37:17.938132: Current epoch: 210, loss: 0.06532883644104004, validation loss: 0.2486095279455185
2024-03-19 23:37:22.501050:2024-03-19 23:37:22.500907: Current epoch: 211, loss: 0.05207404866814613, validation loss: 0.26076680421829224
2024-03-19 23:37:27.184717:2024-03-19 23:37:27.184657: Current epoch: 212, loss: 0.05801568925380707, validation loss: 0.24801218509674072
2024-03-19 23:37:31.849964:2024-03-19 23:37:31.849912: Current epoch: 213, loss: 0.055075403302907944, validation loss: 0.24434751272201538
2024-03-19 23:37:36.619201:2024-03-19 23:37:36.619125: Current epoch: 214, loss: 0.05862780660390854, validation loss: 0.2780531942844391
2024-03-19 23:37:41.387494:2024-03-19 23:37:41.387394: Current epoch: 215, loss: 0.056343406438827515, validation loss: 0.25660088658332825
2024-03-19 23:37:46.224120:2024-03-19 23:37:46.223978: Current epoch: 216, loss: 0.0505816750228405, validation loss: 0.24798668920993805
2024-03-19 23:37:50.972612:2024-03-19 23:37:50.972455: Current epoch: 217, loss: 0.05020151659846306, validation loss: 0.25877687335014343
2024-03-19 23:37:55.504069:2024-03-19 23:37:55.503991: Current epoch: 218, loss: 0.054560236632823944, validation loss: 0.253144770860672
2024-03-19 23:38:00.215620:2024-03-19 23:38:00.215493: Current epoch: 219, loss: 0.053987402468919754, validation loss: 0.247412770986557
2024-03-19 23:38:07.090286:2024-03-19 23:38:07.090185: Current epoch: 220, loss: 0.07517468929290771, validation loss: 0.3055045008659363
2024-03-19 23:38:11.640693:2024-03-19 23:38:11.640624: Current epoch: 221, loss: 0.07706842571496964, validation loss: 0.2706415355205536
2024-03-19 23:38:16.124832:2024-03-19 23:38:16.124756: Current epoch: 222, loss: 0.062175359576940536, validation loss: 0.2611828148365021
2024-03-19 23:38:20.691235:2024-03-19 23:38:20.691080: Current epoch: 223, loss: 0.05167863517999649, validation loss: 0.2493673712015152
2024-03-19 23:38:25.407687:2024-03-19 23:38:25.407612: Current epoch: 224, loss: 0.05231579765677452, validation loss: 0.269741028547287
2024-03-19 23:38:30.086217:2024-03-19 23:38:30.086061: Current epoch: 225, loss: 0.052670668810606, validation loss: 0.2585572302341461
2024-03-19 23:38:34.775181:2024-03-19 23:38:34.775029: Current epoch: 226, loss: 0.04714605212211609, validation loss: 0.2515621483325958
2024-03-19 23:38:39.484081:2024-03-19 23:38:39.484004: Current epoch: 227, loss: 0.05708066001534462, validation loss: 0.25616535544395447
2024-03-19 23:38:44.018415:2024-03-19 23:38:44.018248: Current epoch: 228, loss: 0.0513107031583786, validation loss: 0.26482340693473816
2024-03-19 23:38:48.932987:2024-03-19 23:38:48.932835: Current epoch: 229, loss: 0.0526767335832119, validation loss: 0.25096094608306885
2024-03-19 23:38:53.702597:2024-03-19 23:38:53.702425: Current epoch: 230, loss: 0.05281975120306015, validation loss: 0.2560562789440155
2024-03-19 23:38:58.298372:2024-03-19 23:38:58.298239: Current epoch: 231, loss: 0.05063832551240921, validation loss: 0.2516104578971863
2024-03-19 23:39:02.878292:2024-03-19 23:39:02.878216: Current epoch: 232, loss: 0.04918329417705536, validation loss: 0.2580176293849945
2024-03-19 23:39:07.318986:2024-03-19 23:39:07.318913: Current epoch: 233, loss: 0.05552918463945389, validation loss: 0.25614431500434875
2024-03-19 23:39:11.838108:2024-03-19 23:39:11.838032: Current epoch: 234, loss: 0.05071001872420311, validation loss: 0.2579040229320526
2024-03-19 23:39:16.564555:2024-03-19 23:39:16.564416: Current epoch: 235, loss: 0.050592582672834396, validation loss: 0.2595826983451843
2024-03-19 23:39:21.330076:2024-03-19 23:39:21.329989: Current epoch: 236, loss: 0.052371930330991745, validation loss: 0.2500195801258087
2024-03-19 23:39:26.038262:2024-03-19 23:39:26.038187: Current epoch: 237, loss: 0.051727138459682465, validation loss: 0.26972585916519165
2024-03-19 23:39:30.526298:2024-03-19 23:39:30.526168: Current epoch: 238, loss: 0.054944366216659546, validation loss: 0.25630345940589905
2024-03-19 23:39:35.176131:2024-03-19 23:39:35.176045: Current epoch: 239, loss: 0.05049722269177437, validation loss: 0.25331708788871765
2024-03-19 23:39:39.753107:2024-03-19 23:39:39.753030: Current epoch: 240, loss: 0.0493757389485836, validation loss: 0.25821802020072937
2024-03-19 23:39:44.311638:2024-03-19 23:39:44.311555: Current epoch: 241, loss: 0.049891285598278046, validation loss: 0.2557706832885742
2024-03-19 23:39:48.804877:2024-03-19 23:39:48.804800: Current epoch: 242, loss: 0.05135215073823929, validation loss: 0.25944241881370544
2024-03-19 23:39:53.130279:2024-03-19 23:39:53.130210: Current epoch: 243, loss: 0.05312217399477959, validation loss: 0.2598980963230133
2024-03-19 23:39:57.670324:2024-03-19 23:39:57.670171: Current epoch: 244, loss: 0.0507519394159317, validation loss: 0.259558767080307
2024-03-19 23:40:02.108174:2024-03-19 23:40:02.108097: Current epoch: 245, loss: 0.05168331786990166, validation loss: 0.2600104510784149
2024-03-19 23:40:06.495869:2024-03-19 23:40:06.495793: Current epoch: 246, loss: 0.048415638506412506, validation loss: 0.27329543232917786
2024-03-19 23:40:10.866486:2024-03-19 23:40:10.866395: Current epoch: 247, loss: 0.04942112788558006, validation loss: 0.2548942565917969
2024-03-19 23:40:15.342557:2024-03-19 23:40:15.342479: Current epoch: 248, loss: 0.049852922558784485, validation loss: 0.24784286320209503
2024-03-19 23:40:19.960957:2024-03-19 23:40:19.960787: Current epoch: 249, loss: 0.05388201028108597, validation loss: 0.25465914607048035
2024-03-19 23:40:24.410973:2024-03-19 23:40:24.410895: Current epoch: 250, loss: 0.053059373050928116, validation loss: 0.26866888999938965
2024-03-19 23:40:28.799361:2024-03-19 23:40:28.799279: Current epoch: 251, loss: 0.05811312422156334, validation loss: 0.25549057126045227
2024-03-19 23:40:33.362806:2024-03-19 23:40:33.362729: Current epoch: 252, loss: 0.04938210919499397, validation loss: 0.24479526281356812
2024-03-19 23:40:37.921095:2024-03-19 23:40:37.921023: Current epoch: 253, loss: 0.050474874675273895, validation loss: 0.24572812020778656
2024-03-19 23:40:42.483381:2024-03-19 23:40:42.483225: Current epoch: 254, loss: 0.04840214177966118, validation loss: 0.27741119265556335
2024-03-19 23:40:47.127877:2024-03-19 23:40:47.127794: Current epoch: 255, loss: 0.048766087740659714, validation loss: 0.2629185616970062
2024-03-19 23:40:51.572556:2024-03-19 23:40:51.572478: Current epoch: 256, loss: 0.04792223125696182, validation loss: 0.25395798683166504
2024-03-19 23:40:56.166060:2024-03-19 23:40:56.165907: Current epoch: 257, loss: 0.06150340288877487, validation loss: 0.26496919989585876
2024-03-19 23:41:00.642907:2024-03-19 23:41:00.642835: Current epoch: 258, loss: 0.050347667187452316, validation loss: 0.2631438374519348
2024-03-19 23:41:05.208534:2024-03-19 23:41:05.208357: Current epoch: 259, loss: 0.05581775680184364, validation loss: 0.25856125354766846
2024-03-19 23:41:09.873882:2024-03-19 23:41:09.873742: Current epoch: 260, loss: 0.05590200051665306, validation loss: 0.24484378099441528
2024-03-19 23:41:14.417626:2024-03-19 23:41:14.417482: Current epoch: 261, loss: 0.04775795713067055, validation loss: 0.2687745690345764
2024-03-19 23:41:19.107730:2024-03-19 23:41:19.107575: Current epoch: 262, loss: 0.04513013735413551, validation loss: 0.2508401572704315
2024-03-19 23:41:23.599909:2024-03-19 23:41:23.599858: Current epoch: 263, loss: 0.046209439635276794, validation loss: 0.23997464776039124
2024-03-19 23:41:28.066784:2024-03-19 23:41:28.066634: Current epoch: 264, loss: 0.04523809999227524, validation loss: 0.2577689588069916
2024-03-19 23:41:32.556902:2024-03-19 23:41:32.556825: Current epoch: 265, loss: 0.04589366540312767, validation loss: 0.2528681457042694
2024-03-19 23:41:36.869747:2024-03-19 23:41:36.869671: Current epoch: 266, loss: 0.04952790215611458, validation loss: 0.2485833764076233
2024-03-19 23:41:41.451270:2024-03-19 23:41:41.451192: Current epoch: 267, loss: 0.05011283606290817, validation loss: 0.25331413745880127
2024-03-19 23:41:45.897697:2024-03-19 23:41:45.897566: Current epoch: 268, loss: 0.04585447534918785, validation loss: 0.2502765953540802
2024-03-19 23:41:50.478024:2024-03-19 23:41:50.477921: Current epoch: 269, loss: 0.04686629772186279, validation loss: 0.2532746493816376
2024-03-19 23:41:55.001325:2024-03-19 23:41:55.001246: Current epoch: 270, loss: 0.05081627145409584, validation loss: 0.25271737575531006
2024-03-19 23:41:59.729959:2024-03-19 23:41:59.729803: Current epoch: 271, loss: 0.04752102494239807, validation loss: 0.25562360882759094
2024-03-19 23:42:04.297066:2024-03-19 23:42:04.296988: Current epoch: 272, loss: 0.047102827578783035, validation loss: 0.2591872811317444
2024-03-19 23:42:09.088834:2024-03-19 23:42:09.088763: Current epoch: 273, loss: 0.04707702249288559, validation loss: 0.24173139035701752
2024-03-19 23:42:13.852987:2024-03-19 23:42:13.852906: Current epoch: 274, loss: 0.04825630038976669, validation loss: 0.2552396059036255
2024-03-19 23:42:18.377404:2024-03-19 23:42:18.377321: Current epoch: 275, loss: 0.05023445188999176, validation loss: 0.25972649455070496
2024-03-19 23:42:23.046078:2024-03-19 23:42:23.046001: Current epoch: 276, loss: 0.048006270080804825, validation loss: 0.2529224753379822
2024-03-19 23:42:27.664987:2024-03-19 23:42:27.664820: Current epoch: 277, loss: 0.04741339012980461, validation loss: 0.2432018220424652
2024-03-19 23:42:32.331716:2024-03-19 23:42:32.331558: Current epoch: 278, loss: 0.04816359281539917, validation loss: 0.24782024323940277
2024-03-19 23:42:36.978912:2024-03-19 23:42:36.978759: Current epoch: 279, loss: 0.05773092061281204, validation loss: 0.2878882884979248
2024-03-19 23:42:41.657131:2024-03-19 23:42:41.657055: Current epoch: 280, loss: 0.0639239102602005, validation loss: 0.2723003327846527
2024-03-19 23:42:46.196978:2024-03-19 23:42:46.196830: Current epoch: 281, loss: 0.045853227376937866, validation loss: 0.26074978709220886
2024-03-19 23:42:50.641334:2024-03-19 23:42:50.641187: Current epoch: 282, loss: 0.04339482635259628, validation loss: 0.2563229203224182
2024-03-19 23:42:55.140964:2024-03-19 23:42:55.140874: Current epoch: 283, loss: 0.04598970711231232, validation loss: 0.2532261908054352
2024-03-19 23:42:59.753745:2024-03-19 23:42:59.753669: Current epoch: 284, loss: 0.04384567216038704, validation loss: 0.2511848509311676
2024-03-19 23:43:04.243842:2024-03-19 23:43:04.243766: Current epoch: 285, loss: 0.04055813327431679, validation loss: 0.24864520132541656
2024-03-19 23:43:08.724950:2024-03-19 23:43:08.724883: Current epoch: 286, loss: 0.0439775288105011, validation loss: 0.2559347152709961
2024-03-19 23:43:13.208155:2024-03-19 23:43:13.207997: Current epoch: 287, loss: 0.04466676712036133, validation loss: 0.24563701450824738
2024-03-19 23:43:17.591067:2024-03-19 23:43:17.591014: Current epoch: 288, loss: 0.0425899475812912, validation loss: 0.23936040699481964
2024-03-19 23:43:22.237652:2024-03-19 23:43:22.237581: Current epoch: 289, loss: 0.04267828166484833, validation loss: 0.24992735683918
2024-03-19 23:43:26.909569:2024-03-19 23:43:26.909403: Current epoch: 290, loss: 0.04457109794020653, validation loss: 0.24704261124134064
2024-03-19 23:43:31.663777:2024-03-19 23:43:31.663700: Current epoch: 291, loss: 0.04569172486662865, validation loss: 0.24991199374198914
2024-03-19 23:43:36.338452:2024-03-19 23:43:36.338377: Current epoch: 292, loss: 0.046470411121845245, validation loss: 0.2599429190158844
2024-03-19 23:43:40.935920:2024-03-19 23:43:40.935843: Current epoch: 293, loss: 0.055016543716192245, validation loss: 0.275579571723938
2024-03-19 23:43:45.503220:2024-03-19 23:43:45.503095: Current epoch: 294, loss: 0.05576558783650398, validation loss: 0.25216928124427795
2024-03-19 23:43:50.111132:2024-03-19 23:43:50.111028: Current epoch: 295, loss: 0.04474174976348877, validation loss: 0.25360313057899475
2024-03-19 23:43:54.674112:2024-03-19 23:43:54.674035: Current epoch: 296, loss: 0.043644979596138, validation loss: 0.26768070459365845
2024-03-19 23:43:59.189610:2024-03-19 23:43:59.189534: Current epoch: 297, loss: 0.04545409977436066, validation loss: 0.24674130976200104
2024-03-19 23:44:03.769741:2024-03-19 23:44:03.769664: Current epoch: 298, loss: 0.054113779217004776, validation loss: 0.2597882151603699
2024-03-19 23:44:08.413848:2024-03-19 23:44:08.413779: Current epoch: 299, loss: 0.05691001936793327, validation loss: 0.26237013936042786
2024-03-19 23:44:12.948048:2024-03-19 23:44:12.947971: Current epoch: 300, loss: 0.04313002899289131, validation loss: 0.25487765669822693
2024-03-19 23:44:17.418634:2024-03-19 23:44:17.418556: Current epoch: 301, loss: 0.04262663796544075, validation loss: 0.24793638288974762
2024-03-19 23:44:21.989415:2024-03-19 23:44:21.989311: Current epoch: 302, loss: 0.04059445112943649, validation loss: 0.25131773948669434
2024-03-19 23:44:26.563188:2024-03-19 23:44:26.563085: Current epoch: 303, loss: 0.05142524093389511, validation loss: 0.2867400646209717
2024-03-19 23:44:31.121521:2024-03-19 23:44:31.121428: Current epoch: 304, loss: 0.04861605539917946, validation loss: 0.25753870606422424
2024-03-19 23:44:35.678531:2024-03-19 23:44:35.678427: Current epoch: 305, loss: 0.0444536916911602, validation loss: 0.27911487221717834
2024-03-19 23:44:40.203802:2024-03-19 23:44:40.203725: Current epoch: 306, loss: 0.04710547626018524, validation loss: 0.24284778535366058
2024-03-19 23:44:44.732054:2024-03-19 23:44:44.731970: Current epoch: 307, loss: 0.04460904374718666, validation loss: 0.24760346114635468
2024-03-19 23:44:49.276763:2024-03-19 23:44:49.276691: Current epoch: 308, loss: 0.04090011492371559, validation loss: 0.24898909032344818
2024-03-19 23:44:53.888759:2024-03-19 23:44:53.888605: Current epoch: 309, loss: 0.03981540724635124, validation loss: 0.24206601083278656
2024-03-19 23:45:00.815034:2024-03-19 23:45:00.814955: Current epoch: 310, loss: 0.04015768691897392, validation loss: 0.24347560107707977
2024-03-19 23:45:05.655129:2024-03-19 23:45:05.655050: Current epoch: 311, loss: 0.043665848672389984, validation loss: 0.25007709860801697
2024-03-19 23:45:10.287262:2024-03-19 23:45:10.287185: Current epoch: 312, loss: 0.041944749653339386, validation loss: 0.24551735818386078
2024-03-19 23:45:14.889335:2024-03-19 23:45:14.889209: Current epoch: 313, loss: 0.042152512818574905, validation loss: 0.24307985603809357
2024-03-19 23:45:19.546905:2024-03-19 23:45:19.546836: Current epoch: 314, loss: 0.04217154532670975, validation loss: 0.24769912660121918
2024-03-19 23:45:24.266601:2024-03-19 23:45:24.266496: Current epoch: 315, loss: 0.04411390423774719, validation loss: 0.25314339995384216
2024-03-19 23:45:28.798104:2024-03-19 23:45:28.798039: Current epoch: 316, loss: 0.048596370965242386, validation loss: 0.2653123736381531
2024-03-19 23:45:33.271547:2024-03-19 23:45:33.271400: Current epoch: 317, loss: 0.04287942871451378, validation loss: 0.24985221028327942
2024-03-19 23:45:37.829870:2024-03-19 23:45:37.829765: Current epoch: 318, loss: 0.05084910988807678, validation loss: 0.28364798426628113
2024-03-19 23:45:42.408698:2024-03-19 23:45:42.408621: Current epoch: 319, loss: 0.054144494235515594, validation loss: 0.2569926977157593
2024-03-19 23:45:47.066995:2024-03-19 23:45:47.066917: Current epoch: 320, loss: 0.0462757833302021, validation loss: 0.26708894968032837
2024-03-19 23:45:51.754369:2024-03-19 23:45:51.754293: Current epoch: 321, loss: 0.04648970812559128, validation loss: 0.25720545649528503
2024-03-19 23:45:56.419897:2024-03-19 23:45:56.419820: Current epoch: 322, loss: 0.041682805866003036, validation loss: 0.2544032335281372
2024-03-19 23:46:01.150522:2024-03-19 23:46:01.150425: Current epoch: 323, loss: 0.03740885481238365, validation loss: 0.25171327590942383
2024-03-19 23:46:05.816271:2024-03-19 23:46:05.816120: Current epoch: 324, loss: 0.04731205850839615, validation loss: 0.3301299810409546
2024-03-19 23:46:10.628792:2024-03-19 23:46:10.628717: Current epoch: 325, loss: 0.052264947444200516, validation loss: 0.2496328502893448
2024-03-19 23:46:15.214549:2024-03-19 23:46:15.214452: Current epoch: 326, loss: 0.04028790071606636, validation loss: 0.25338518619537354
2024-03-19 23:46:20.015475:2024-03-19 23:46:20.015384: Current epoch: 327, loss: 0.03712208569049835, validation loss: 0.25204867124557495
2024-03-19 23:46:24.738709:2024-03-19 23:46:24.738648: Current epoch: 328, loss: 0.03774691000580788, validation loss: 0.2572465240955353
2024-03-19 23:46:29.469942:2024-03-19 23:46:29.469825: Current epoch: 329, loss: 0.04047061875462532, validation loss: 0.25055912137031555
2024-03-19 23:46:34.180521:2024-03-19 23:46:34.180393: Current epoch: 330, loss: 0.040637075901031494, validation loss: 0.2530546486377716
2024-03-19 23:46:38.733416:2024-03-19 23:46:38.733341: Current epoch: 331, loss: 0.04167104884982109, validation loss: 0.2561272084712982
2024-03-19 23:46:43.400069:2024-03-19 23:46:43.399993: Current epoch: 332, loss: 0.039657849818468094, validation loss: 0.26007890701293945
2024-03-19 23:46:47.951159:2024-03-19 23:46:47.951090: Current epoch: 333, loss: 0.04349382966756821, validation loss: 0.2708565592765808
2024-03-19 23:46:52.661885:2024-03-19 23:46:52.661806: Current epoch: 334, loss: 0.04236910492181778, validation loss: 0.25569579005241394
2024-03-19 23:46:57.278918:2024-03-19 23:46:57.278841: Current epoch: 335, loss: 0.04167850315570831, validation loss: 0.25981882214546204
2024-03-19 23:47:01.864898:2024-03-19 23:47:01.864809: Current epoch: 336, loss: 0.04138156399130821, validation loss: 0.2563219964504242
2024-03-19 23:47:06.558639:2024-03-19 23:47:06.558532: Current epoch: 337, loss: 0.043598730117082596, validation loss: 0.25980937480926514
2024-03-19 23:47:11.149380:2024-03-19 23:47:11.149302: Current epoch: 338, loss: 0.04224710166454315, validation loss: 0.2619812488555908
2024-03-19 23:47:15.610884:2024-03-19 23:47:15.610807: Current epoch: 339, loss: 0.04033949598670006, validation loss: 0.2566837966442108
2024-03-19 23:47:20.277773:2024-03-19 23:47:20.277600: Current epoch: 340, loss: 0.04318646341562271, validation loss: 0.2815774381160736
2024-03-19 23:47:24.871351:2024-03-19 23:47:24.871197: Current epoch: 341, loss: 0.0415179505944252, validation loss: 0.26035499572753906
2024-03-19 23:47:29.566805:2024-03-19 23:47:29.566651: Current epoch: 342, loss: 0.040616896003484726, validation loss: 0.2592290937900543
2024-03-19 23:47:34.346618:2024-03-19 23:47:34.346539: Current epoch: 343, loss: 0.04096760228276253, validation loss: 0.26857349276542664
2024-03-19 23:47:39.130531:2024-03-19 23:47:39.130370: Current epoch: 344, loss: 0.040925659239292145, validation loss: 0.2564113438129425
2024-03-19 23:47:43.872071:2024-03-19 23:47:43.871918: Current epoch: 345, loss: 0.04347556084394455, validation loss: 0.25895747542381287
2024-03-19 23:47:48.685331:2024-03-19 23:47:48.685176: Current epoch: 346, loss: 0.04276100546121597, validation loss: 0.25166353583335876
2024-03-19 23:47:53.309419:2024-03-19 23:47:53.309341: Current epoch: 347, loss: 0.039144646376371384, validation loss: 0.2538412809371948
2024-03-19 23:47:57.861632:2024-03-19 23:47:57.861496: Current epoch: 348, loss: 0.04075363650918007, validation loss: 0.2542613446712494
2024-03-19 23:48:02.492426:2024-03-19 23:48:02.492299: Current epoch: 349, loss: 0.04144035652279854, validation loss: 0.25843408703804016
2024-03-19 23:48:06.911961:2024-03-19 23:48:06.911861: Current epoch: 350, loss: 0.040954940021038055, validation loss: 0.2588590681552887
2024-03-19 23:48:11.491507:2024-03-19 23:48:11.491406: Current epoch: 351, loss: 0.04014488309621811, validation loss: 0.2554035484790802
2024-03-19 23:48:16.036589:2024-03-19 23:48:16.036512: Current epoch: 352, loss: 0.0418890081346035, validation loss: 0.25387734174728394
2024-03-19 23:48:20.532724:2024-03-19 23:48:20.532655: Current epoch: 353, loss: 0.04380931332707405, validation loss: 0.2631560266017914
2024-03-19 23:48:24.965763:2024-03-19 23:48:24.965620: Current epoch: 354, loss: 0.042213961482048035, validation loss: 0.2548748552799225
2024-03-19 23:48:29.509405:2024-03-19 23:48:29.509335: Current epoch: 355, loss: 0.03882388025522232, validation loss: 0.2791620194911957
2024-03-19 23:48:34.003956:2024-03-19 23:48:34.003883: Current epoch: 356, loss: 0.042865678668022156, validation loss: 0.24448592960834503
2024-03-19 23:48:38.627837:2024-03-19 23:48:38.627773: Current epoch: 357, loss: 0.039976365864276886, validation loss: 0.2716869115829468
2024-03-19 23:48:43.171205:2024-03-19 23:48:43.171129: Current epoch: 358, loss: 0.04811664670705795, validation loss: 0.2482990026473999
2024-03-19 23:48:47.577438:2024-03-19 23:48:47.577310: Current epoch: 359, loss: 0.03895094245672226, validation loss: 0.2613604664802551
2024-03-19 23:48:52.169261:2024-03-19 23:48:52.169158: Current epoch: 360, loss: 0.050608813762664795, validation loss: 0.27179697155952454
2024-03-19 23:48:56.830087:2024-03-19 23:48:56.830015: Current epoch: 361, loss: 0.03793063759803772, validation loss: 0.24810932576656342
2024-03-19 23:49:01.287003:2024-03-19 23:49:01.286928: Current epoch: 362, loss: 0.03567296639084816, validation loss: 0.2594073712825775
2024-03-19 23:49:05.822789:2024-03-19 23:49:05.822634: Current epoch: 363, loss: 0.03753869980573654, validation loss: 0.25731360912323
2024-03-19 23:49:10.281632:2024-03-19 23:49:10.281556: Current epoch: 364, loss: 0.03609346225857735, validation loss: 0.25555938482284546
2024-03-19 23:49:14.843962:2024-03-19 23:49:14.843896: Current epoch: 365, loss: 0.03612908348441124, validation loss: 0.24897469580173492
2024-03-19 23:49:19.406825:2024-03-19 23:49:19.406749: Current epoch: 366, loss: 0.03663111850619316, validation loss: 0.260635107755661
2024-03-19 23:49:23.948185:2024-03-19 23:49:23.948067: Current epoch: 367, loss: 0.038348935544490814, validation loss: 0.2537728250026703
2024-03-19 23:49:28.442625:2024-03-19 23:49:28.442548: Current epoch: 368, loss: 0.03857579454779625, validation loss: 0.2549482583999634
2024-03-19 23:49:33.037823:2024-03-19 23:49:33.037733: Current epoch: 369, loss: 0.03902288153767586, validation loss: 0.2603600323200226
2024-03-19 23:49:37.600299:2024-03-19 23:49:37.600224: Current epoch: 370, loss: 0.03783971071243286, validation loss: 0.2540229260921478
2024-03-19 23:49:42.376248:2024-03-19 23:49:42.376172: Current epoch: 371, loss: 0.03777876868844032, validation loss: 0.2514294683933258
2024-03-19 23:49:46.874329:2024-03-19 23:49:46.874260: Current epoch: 372, loss: 0.03797329217195511, validation loss: 0.25535523891448975
2024-03-19 23:49:51.497723:2024-03-19 23:49:51.497647: Current epoch: 373, loss: 0.03976717218756676, validation loss: 0.256969153881073
2024-03-19 23:49:56.353478:2024-03-19 23:49:56.353306: Current epoch: 374, loss: 0.037607695907354355, validation loss: 0.2596414089202881
2024-03-19 23:50:01.030989:2024-03-19 23:50:01.030848: Current epoch: 375, loss: 0.037684518843889236, validation loss: 0.25504377484321594
2024-03-19 23:50:05.663604:2024-03-19 23:50:05.663544: Current epoch: 376, loss: 0.037126876413822174, validation loss: 0.25076985359191895
2024-03-19 23:50:10.326381:2024-03-19 23:50:10.326305: Current epoch: 377, loss: 0.03713877126574516, validation loss: 0.26269233226776123
2024-03-19 23:50:15.070029:2024-03-19 23:50:15.069952: Current epoch: 378, loss: 0.039055585861206055, validation loss: 0.2605871558189392
2024-03-19 23:50:19.904085:2024-03-19 23:50:19.903931: Current epoch: 379, loss: 0.0589289665222168, validation loss: 0.2669156789779663
2024-03-19 23:50:24.733933:2024-03-19 23:50:24.733855: Current epoch: 380, loss: 0.04571628198027611, validation loss: 0.24651916325092316
2024-03-19 23:50:29.321475:2024-03-19 23:50:29.321386: Current epoch: 381, loss: 0.04338869825005531, validation loss: 0.2545708417892456
2024-03-19 23:50:34.140772:2024-03-19 23:50:34.140617: Current epoch: 382, loss: 0.03724924102425575, validation loss: 0.24609751999378204
2024-03-19 23:50:38.805160:2024-03-19 23:50:38.805085: Current epoch: 383, loss: 0.035757213830947876, validation loss: 0.25112053751945496
2024-03-19 23:50:43.544148:2024-03-19 23:50:43.543995: Current epoch: 384, loss: 0.035529401153326035, validation loss: 0.2536659240722656
2024-03-19 23:50:48.176102:2024-03-19 23:50:48.175976: Current epoch: 385, loss: 0.03438922017812729, validation loss: 0.2577081620693207
2024-03-19 23:50:52.926811:2024-03-19 23:50:52.926706: Current epoch: 386, loss: 0.036495763808488846, validation loss: 0.2551296353340149
2024-03-19 23:50:57.593292:2024-03-19 23:50:57.593216: Current epoch: 387, loss: 0.03541969135403633, validation loss: 0.24443092942237854
2024-03-19 23:51:02.328550:2024-03-19 23:51:02.328471: Current epoch: 388, loss: 0.03501083329319954, validation loss: 0.25552862882614136
2024-03-19 23:51:02.690291:the test error is  [0.25225362181663513, 0.25225362181663513]
2024-03-19 23:51:05.217208:saved model to sample/alignn_bert-base-uncased_robo_prop_mbj_bandgap
2024-03-19 23:51:05.644409:done