
2024-03-22 04:54:32.439524:job config: {'train_data_path': '/data/yll6162/alignntl_dft_3d/tl_dataset/dataset_alignn_matbert-base-cased_robo_prop_formation_energy_peratom_train.csv', 'val_data_path': '/data/yll6162/alignntl_dft_3d/tl_dataset/dataset_alignn_matbert-base-cased_robo_prop_formation_energy_peratom_val.csv', 'test_data_path': '/data/yll6162/alignntl_dft_3d/tl_dataset/dataset_alignn_matbert-base-cased_robo_prop_formation_energy_peratom_test.csv', 'label': 'formation_energy_peratom', 'input_type': None, 'log_folder': 'log', 'log_file': 'alignn_matbert-base-cased_robo_prop_formation_energy_peratom.log', 'test_metric': 'mae', 'architecture': '1024Rx4D-512Rx3D-256Rx3D-128Rx3D-64Rx2-32Rx1-1', 'model_seed': 0, 'loss_type': 'mae', 'config_file': 'sample/alignn_matbert-base-cased_robo_prop_formation_energy_peratom_job.config', 'use_valid': True, 'project': 'MOF', 'regressors': None, 'input_types': None, 'paramsGrid': {'optimizer': 'Adam', 'learning_rate': 0.0001, 'patience': 100, 'dropouts': [0.8, 0.9, 0.7, 0.8], 'EVAL_FREQUENCY': 1000}, 'save_path': 'sample/alignn_matbert-base-cased_robo_prop_formation_energy_peratom', 'model_path': None, 'last_layer_with_weight': True, 'keras_path': 'model/alignn_matbert-base-cased_robo_prop_formation_energy_peratom', 'test_size': None, 'val_size': None}
2024-03-22 04:54:32.439601:train data path is  /data/yll6162/alignntl_dft_3d/tl_dataset/dataset_alignn_matbert-base-cased_robo_prop_formation_energy_peratom_train.csv
2024-03-22 04:54:54.110710:input attribute sets are:  None
2024-03-22 04:54:54.111895:test data path is  /data/yll6162/alignntl_dft_3d/tl_dataset/dataset_alignn_matbert-base-cased_robo_prop_formation_energy_peratom_test.csv
2024-03-22 04:54:56.574854:val data path is  /data/yll6162/alignntl_dft_3d/tl_dataset/dataset_alignn_matbert-base-cased_robo_prop_formation_energy_peratom_val.csv
2024-03-22 04:54:59.450084:input attributes are:  Index(['0', '1', '2', '3', '4', '5', '6', '7', '8', '9',
       ...
       '758.1', '759.1', '760.1', '761.1', '762.1', '763.1', '764.1', '765.1',
       '766.1', '767.1'],
      dtype='object', length=1536)
2024-03-22 04:54:59.450319:label: formation_energy_peratom
2024-03-22 04:55:17.814813: train, test, valid sizes:  (60639, 1536) (60639,) (7580, 1536) (7580,) (7580, 1536) (7580,)
2024-03-22 04:55:18.488122:train matrix shape of train_X:  (60639, 1536)  train_y:  (60639,)
2024-03-22 04:55:18.488372:valid matrix shape of train_X:  (7580, 1536)  valid_y:  (7580,)
2024-03-22 04:55:18.488492:test matrix shape of valid_X:   (7580, 1536)  test_y:  (7580,)
2024-03-22 04:55:18.488577:architecture is:  1024Rx4D-512Rx3D-256Rx3D-128Rx3D-64Rx2-32Rx1-1
2024-03-22 04:55:18.488666:learning rate is  0.0001
2024-03-22 04:55:18.488747:model path is  None
2024-03-22 04:55:18.509952:adding fully connected layers with 1024 outputs
2024-03-22 04:55:19.181429:adding residual with fc as the size are different
2024-03-22 04:55:19.188818:adding fully connected layers with 1024 outputs
2024-03-22 04:55:19.196990:adding residual, both sizes are same
2024-03-22 04:55:19.199004:adding fully connected layers with 1024 outputs
2024-03-22 04:55:19.204181:adding residual, both sizes are same
2024-03-22 04:55:19.206109:adding fully connected layers with 1024 outputs
2024-03-22 04:55:19.211147:adding residual, both sizes are same
2024-03-22 04:55:19.213201:adding dropout 0.8
2024-03-22 04:55:19.217607:adding fully connected layers with 512 outputs
2024-03-22 04:55:19.225729:adding residual with fc as the size are different
2024-03-22 04:55:19.232935:adding fully connected layers with 512 outputs
2024-03-22 04:55:19.241593:adding residual, both sizes are same
2024-03-22 04:55:19.243551:adding fully connected layers with 512 outputs
2024-03-22 04:55:19.248695:adding residual, both sizes are same
2024-03-22 04:55:19.250669:adding dropout 0.9
2024-03-22 04:55:19.252343:adding fully connected layers with 256 outputs
2024-03-22 04:55:19.261553:adding residual with fc as the size are different
2024-03-22 04:55:19.268354:adding fully connected layers with 256 outputs
2024-03-22 04:55:19.273861:adding residual, both sizes are same
2024-03-22 04:55:19.278570:adding fully connected layers with 256 outputs
2024-03-22 04:55:19.290198:adding residual, both sizes are same
2024-03-22 04:55:19.292579:adding dropout 0.7
2024-03-22 04:55:19.294663:adding fully connected layers with 128 outputs
2024-03-22 04:55:19.300289:adding residual with fc as the size are different
2024-03-22 04:55:19.306630:adding fully connected layers with 128 outputs
2024-03-22 04:55:19.311611:adding residual, both sizes are same
2024-03-22 04:55:19.313417:adding fully connected layers with 128 outputs
2024-03-22 04:55:19.318062:adding residual, both sizes are same
2024-03-22 04:55:19.320130:adding dropout 0.8
2024-03-22 04:55:19.321729:adding fully connected layers with 64 outputs
2024-03-22 04:55:19.330789:adding residual with fc as the size are different
2024-03-22 04:55:19.336987:adding fully connected layers with 64 outputs
2024-03-22 04:55:19.346429:adding residual, both sizes are same
2024-03-22 04:55:19.348281:adding fully connected layers with 32 outputs
2024-03-22 04:55:19.355755:adding residual with fc as the size are different
2024-03-22 04:55:19.361911:adding final layer with 1 output
2024-03-22 04:55:19.375345:Model: "ElemNet"
2024-03-22 04:55:19.375414:__________________________________________________________________________________________________
2024-03-22 04:55:19.375471:Layer (type)                    Output Shape         Param #     Connected to                     
2024-03-22 04:55:19.375508:==================================================================================================
2024-03-22 04:55:19.375720:elemental_fractions (InputLayer [(None, 1536)]       0                                            
2024-03-22 04:55:19.375765:__________________________________________________________________________________________________
2024-03-22 04:55:19.375925:fc0_0 (Dense)                   (None, 1024)         1573888     elemental_fractions[0][0]        
2024-03-22 04:55:19.375969:__________________________________________________________________________________________________
2024-03-22 04:55:19.376081:fc0_dim_0 (Dense)               (None, 1024)         1573888     elemental_fractions[0][0]        
2024-03-22 04:55:19.376123:__________________________________________________________________________________________________
2024-03-22 04:55:19.376203:tf.__operators__.add (TFOpLambd (None, 1024)         0           fc0_0[0][0]                      
2024-03-22 04:55:19.376245:                                                                 fc0_dim_0[0][0]                  
2024-03-22 04:55:19.376280:__________________________________________________________________________________________________
2024-03-22 04:55:19.376380:fc0_1 (Dense)                   (None, 1024)         1049600     tf.__operators__.add[0][0]       
2024-03-22 04:55:19.376421:__________________________________________________________________________________________________
2024-03-22 04:55:19.376502:tf.__operators__.add_1 (TFOpLam (None, 1024)         0           fc0_1[0][0]                      
2024-03-22 04:55:19.376544:                                                                 tf.__operators__.add[0][0]       
2024-03-22 04:55:19.376578:__________________________________________________________________________________________________
2024-03-22 04:55:19.376676:fc0_2 (Dense)                   (None, 1024)         1049600     tf.__operators__.add_1[0][0]     
2024-03-22 04:55:19.376717:__________________________________________________________________________________________________
2024-03-22 04:55:19.376791:tf.__operators__.add_2 (TFOpLam (None, 1024)         0           fc0_2[0][0]                      
2024-03-22 04:55:19.376832:                                                                 tf.__operators__.add_1[0][0]     
2024-03-22 04:55:19.376866:__________________________________________________________________________________________________
2024-03-22 04:55:19.376965:fc0_3 (Dense)                   (None, 1024)         1049600     tf.__operators__.add_2[0][0]     
2024-03-22 04:55:19.377006:__________________________________________________________________________________________________
2024-03-22 04:55:19.377089:tf.__operators__.add_3 (TFOpLam (None, 1024)         0           fc0_3[0][0]                      
2024-03-22 04:55:19.377130:                                                                 tf.__operators__.add_2[0][0]     
2024-03-22 04:55:19.377165:__________________________________________________________________________________________________
2024-03-22 04:55:19.377238:dropout (Dropout)               (None, 1024)         0           tf.__operators__.add_3[0][0]     
2024-03-22 04:55:19.377274:__________________________________________________________________________________________________
2024-03-22 04:55:19.377375:fc1_0 (Dense)                   (None, 512)          524800      dropout[0][0]                    
2024-03-22 04:55:19.377416:__________________________________________________________________________________________________
2024-03-22 04:55:19.377522:fc1_dim_0 (Dense)               (None, 512)          524800      dropout[0][0]                    
2024-03-22 04:55:19.377563:__________________________________________________________________________________________________
2024-03-22 04:55:19.377636:tf.__operators__.add_4 (TFOpLam (None, 512)          0           fc1_0[0][0]                      
2024-03-22 04:55:19.377677:                                                                 fc1_dim_0[0][0]                  
2024-03-22 04:55:19.377712:__________________________________________________________________________________________________
2024-03-22 04:55:19.377809:fc1_1 (Dense)                   (None, 512)          262656      tf.__operators__.add_4[0][0]     
2024-03-22 04:55:19.377849:__________________________________________________________________________________________________
2024-03-22 04:55:19.377921:tf.__operators__.add_5 (TFOpLam (None, 512)          0           fc1_1[0][0]                      
2024-03-22 04:55:19.377962:                                                                 tf.__operators__.add_4[0][0]     
2024-03-22 04:55:19.377996:__________________________________________________________________________________________________
2024-03-22 04:55:19.378093:fc1_2 (Dense)                   (None, 512)          262656      tf.__operators__.add_5[0][0]     
2024-03-22 04:55:19.378132:__________________________________________________________________________________________________
2024-03-22 04:55:19.378203:tf.__operators__.add_6 (TFOpLam (None, 512)          0           fc1_2[0][0]                      
2024-03-22 04:55:19.378244:                                                                 tf.__operators__.add_5[0][0]     
2024-03-22 04:55:19.378278:__________________________________________________________________________________________________
2024-03-22 04:55:19.378348:dropout_1 (Dropout)             (None, 512)          0           tf.__operators__.add_6[0][0]     
2024-03-22 04:55:19.378384:__________________________________________________________________________________________________
2024-03-22 04:55:19.378485:fc2_0 (Dense)                   (None, 256)          131328      dropout_1[0][0]                  
2024-03-22 04:55:19.378526:__________________________________________________________________________________________________
2024-03-22 04:55:19.378623:fc2_dim_0 (Dense)               (None, 256)          131328      dropout_1[0][0]                  
2024-03-22 04:55:19.378663:__________________________________________________________________________________________________
2024-03-22 04:55:19.378734:tf.__operators__.add_7 (TFOpLam (None, 256)          0           fc2_0[0][0]                      
2024-03-22 04:55:19.378776:                                                                 fc2_dim_0[0][0]                  
2024-03-22 04:55:19.378810:__________________________________________________________________________________________________
2024-03-22 04:55:19.378905:fc2_1 (Dense)                   (None, 256)          65792       tf.__operators__.add_7[0][0]     
2024-03-22 04:55:19.378950:__________________________________________________________________________________________________
2024-03-22 04:55:19.379023:tf.__operators__.add_8 (TFOpLam (None, 256)          0           fc2_1[0][0]                      
2024-03-22 04:55:19.379064:                                                                 tf.__operators__.add_7[0][0]     
2024-03-22 04:55:19.379098:__________________________________________________________________________________________________
2024-03-22 04:55:19.379194:fc2_2 (Dense)                   (None, 256)          65792       tf.__operators__.add_8[0][0]     
2024-03-22 04:55:19.379249:__________________________________________________________________________________________________
2024-03-22 04:55:19.379342:tf.__operators__.add_9 (TFOpLam (None, 256)          0           fc2_2[0][0]                      
2024-03-22 04:55:19.379384:                                                                 tf.__operators__.add_8[0][0]     
2024-03-22 04:55:19.379419:__________________________________________________________________________________________________
2024-03-22 04:55:19.379495:dropout_2 (Dropout)             (None, 256)          0           tf.__operators__.add_9[0][0]     
2024-03-22 04:55:19.379534:__________________________________________________________________________________________________
2024-03-22 04:55:19.379669:fc3_0 (Dense)                   (None, 128)          32896       dropout_2[0][0]                  
2024-03-22 04:55:19.379719:__________________________________________________________________________________________________
2024-03-22 04:55:19.379824:fc3_dim_0 (Dense)               (None, 128)          32896       dropout_2[0][0]                  
2024-03-22 04:55:19.379866:__________________________________________________________________________________________________
2024-03-22 04:55:19.379942:tf.__operators__.add_10 (TFOpLa (None, 128)          0           fc3_0[0][0]                      
2024-03-22 04:55:19.379984:                                                                 fc3_dim_0[0][0]                  
2024-03-22 04:55:19.380019:__________________________________________________________________________________________________
2024-03-22 04:55:19.380117:fc3_1 (Dense)                   (None, 128)          16512       tf.__operators__.add_10[0][0]    
2024-03-22 04:55:19.380159:__________________________________________________________________________________________________
2024-03-22 04:55:19.380233:tf.__operators__.add_11 (TFOpLa (None, 128)          0           fc3_1[0][0]                      
2024-03-22 04:55:19.380275:                                                                 tf.__operators__.add_10[0][0]    
2024-03-22 04:55:19.380309:__________________________________________________________________________________________________
2024-03-22 04:55:19.380407:fc3_2 (Dense)                   (None, 128)          16512       tf.__operators__.add_11[0][0]    
2024-03-22 04:55:19.380449:__________________________________________________________________________________________________
2024-03-22 04:55:19.380536:tf.__operators__.add_12 (TFOpLa (None, 128)          0           fc3_2[0][0]                      
2024-03-22 04:55:19.380579:                                                                 tf.__operators__.add_11[0][0]    
2024-03-22 04:55:19.380614:__________________________________________________________________________________________________
2024-03-22 04:55:19.380683:dropout_3 (Dropout)             (None, 128)          0           tf.__operators__.add_12[0][0]    
2024-03-22 04:55:19.380721:__________________________________________________________________________________________________
2024-03-22 04:55:19.380820:fc4_0 (Dense)                   (None, 64)           8256        dropout_3[0][0]                  
2024-03-22 04:55:19.380861:__________________________________________________________________________________________________
2024-03-22 04:55:19.380960:fc4_dim_0 (Dense)               (None, 64)           8256        dropout_3[0][0]                  
2024-03-22 04:55:19.381006:__________________________________________________________________________________________________
2024-03-22 04:55:19.381082:tf.__operators__.add_13 (TFOpLa (None, 64)           0           fc4_0[0][0]                      
2024-03-22 04:55:19.381124:                                                                 fc4_dim_0[0][0]                  
2024-03-22 04:55:19.381159:__________________________________________________________________________________________________
2024-03-22 04:55:19.381259:fc4_1 (Dense)                   (None, 64)           4160        tf.__operators__.add_13[0][0]    
2024-03-22 04:55:19.381301:__________________________________________________________________________________________________
2024-03-22 04:55:19.381375:tf.__operators__.add_14 (TFOpLa (None, 64)           0           fc4_1[0][0]                      
2024-03-22 04:55:19.381416:                                                                 tf.__operators__.add_13[0][0]    
2024-03-22 04:55:19.381451:__________________________________________________________________________________________________
2024-03-22 04:55:19.381560:fc5_0 (Dense)                   (None, 32)           2080        tf.__operators__.add_14[0][0]    
2024-03-22 04:55:19.381601:__________________________________________________________________________________________________
2024-03-22 04:55:19.381698:fc5_dim_0 (Dense)               (None, 32)           2080        tf.__operators__.add_14[0][0]    
2024-03-22 04:55:19.381740:__________________________________________________________________________________________________
2024-03-22 04:55:19.381813:tf.__operators__.add_15 (TFOpLa (None, 32)           0           fc5_0[0][0]                      
2024-03-22 04:55:19.381855:                                                                 fc5_dim_0[0][0]                  
2024-03-22 04:55:19.381890:__________________________________________________________________________________________________
2024-03-22 04:55:19.381988:fc6 (Dense)                     (None, 1)            33          tf.__operators__.add_15[0][0]    
2024-03-22 04:55:19.382028:==================================================================================================
2024-03-22 04:55:19.382624:Total params: 8,389,409
2024-03-22 04:55:19.382677:Trainable params: 8,389,409
2024-03-22 04:55:19.382715:Non-trainable params: 0
2024-03-22 04:55:19.382748:__________________________________________________________________________________________________
2024-03-22 04:55:19.395334:start training
2024-03-22 04:55:41.802060:2024-03-22 04:55:41.801992: Current epoch: 0, loss: 1.628059983253479, validation loss: 0.6520276665687561
2024-03-22 04:56:01.017001:2024-03-22 04:56:01.016920: Current epoch: 1, loss: 0.327687531709671, validation loss: 0.17234331369400024
2024-03-22 04:56:20.001121:2024-03-22 04:56:20.000958: Current epoch: 2, loss: 0.22919286787509918, validation loss: 0.24149595201015472
2024-03-22 04:56:39.409751:2024-03-22 04:56:39.409207: Current epoch: 3, loss: 0.19024083018302917, validation loss: 0.12546415627002716
2024-03-22 04:56:58.387198:2024-03-22 04:56:58.387085: Current epoch: 4, loss: 0.1446291208267212, validation loss: 0.13020841777324677
2024-03-22 04:57:17.808510:2024-03-22 04:57:17.808425: Current epoch: 5, loss: 0.12445448338985443, validation loss: 0.09251227229833603
2024-03-22 04:57:36.698994:2024-03-22 04:57:36.698826: Current epoch: 6, loss: 0.11251520365476608, validation loss: 0.17546556890010834
2024-03-22 04:57:55.977850:2024-03-22 04:57:55.977723: Current epoch: 7, loss: 0.09723176807165146, validation loss: 0.09474021941423416
2024-03-22 04:58:14.891645:2024-03-22 04:58:14.891570: Current epoch: 8, loss: 0.09097914397716522, validation loss: 0.07821084558963776
2024-03-22 04:58:34.413633:2024-03-22 04:58:34.413496: Current epoch: 9, loss: 0.08448779582977295, validation loss: 0.149104043841362
2024-03-22 04:58:56.923787:2024-03-22 04:58:56.923645: Current epoch: 10, loss: 0.07880052924156189, validation loss: 0.0690700113773346
2024-03-22 04:59:16.082882:2024-03-22 04:59:16.082701: Current epoch: 11, loss: 0.07484699040651321, validation loss: 0.06964300572872162
2024-03-22 04:59:35.112506:2024-03-22 04:59:35.112427: Current epoch: 12, loss: 0.07264075428247452, validation loss: 0.06656236201524734
2024-03-22 04:59:54.564088:2024-03-22 04:59:54.563484: Current epoch: 13, loss: 0.06788776814937592, validation loss: 0.05914077162742615
2024-03-22 05:00:14.051794:2024-03-22 05:00:14.051663: Current epoch: 14, loss: 0.06557338684797287, validation loss: 0.08503593504428864
2024-03-22 05:00:33.284770:2024-03-22 05:00:33.284686: Current epoch: 15, loss: 0.06166279315948486, validation loss: 0.055979881435632706
2024-03-22 05:00:52.477196:2024-03-22 05:00:52.477072: Current epoch: 16, loss: 0.0592130683362484, validation loss: 0.06092771515250206
2024-03-22 05:01:11.809997:2024-03-22 05:01:11.809394: Current epoch: 17, loss: 0.058415982872247696, validation loss: 0.0548604391515255
2024-03-22 05:01:30.613607:2024-03-22 05:01:30.613431: Current epoch: 18, loss: 0.054153092205524445, validation loss: 0.05877222120761871
2024-03-22 05:01:48.673224:2024-03-22 05:01:48.673106: Current epoch: 19, loss: 0.05351659655570984, validation loss: 0.053301405161619186
2024-03-22 05:02:09.477298:2024-03-22 05:02:09.477176: Current epoch: 20, loss: 0.05246962979435921, validation loss: 0.05968867614865303
2024-03-22 05:02:28.822605:2024-03-22 05:02:28.822520: Current epoch: 21, loss: 0.05049775913357735, validation loss: 0.05288947746157646
2024-03-22 05:02:47.706300:2024-03-22 05:02:47.706133: Current epoch: 22, loss: 0.0494249053299427, validation loss: 0.05962046608328819
2024-03-22 05:03:07.425607:2024-03-22 05:03:07.425526: Current epoch: 23, loss: 0.04757523164153099, validation loss: 0.0521836131811142
2024-03-22 05:03:26.672403:2024-03-22 05:03:26.672328: Current epoch: 24, loss: 0.04652021452784538, validation loss: 0.04847559332847595
2024-03-22 05:03:45.652817:2024-03-22 05:03:45.652731: Current epoch: 25, loss: 0.04444442689418793, validation loss: 0.06058446690440178
2024-03-22 05:04:04.894920:2024-03-22 05:04:04.894787: Current epoch: 26, loss: 0.04329995438456535, validation loss: 0.054166339337825775
2024-03-22 05:04:24.317490:2024-03-22 05:04:24.317351: Current epoch: 27, loss: 0.043321963399648666, validation loss: 0.058431226760149
2024-03-22 05:04:43.481633:2024-03-22 05:04:43.481468: Current epoch: 28, loss: 0.04193995147943497, validation loss: 0.05468321964144707
2024-03-22 05:05:02.855091:2024-03-22 05:05:02.854962: Current epoch: 29, loss: 0.04105823487043381, validation loss: 0.05165334418416023
2024-03-22 05:05:25.008330:2024-03-22 05:05:25.008211: Current epoch: 30, loss: 0.040244653820991516, validation loss: 0.05702352151274681
2024-03-22 05:05:43.806089:2024-03-22 05:05:43.806011: Current epoch: 31, loss: 0.04030488058924675, validation loss: 0.04798964038491249
2024-03-22 05:06:03.198534:2024-03-22 05:06:03.198401: Current epoch: 32, loss: 0.0388687327504158, validation loss: 0.052115533500909805
2024-03-22 05:06:22.180957:2024-03-22 05:06:22.180803: Current epoch: 33, loss: 0.03851208835840225, validation loss: 0.054858192801475525
2024-03-22 05:06:41.604505:2024-03-22 05:06:41.604385: Current epoch: 34, loss: 0.03929654881358147, validation loss: 0.048143815249204636
2024-03-22 05:07:00.700980:2024-03-22 05:07:00.700909: Current epoch: 35, loss: 0.03610538691282272, validation loss: 0.052611179649829865
2024-03-22 05:07:19.903483:2024-03-22 05:07:19.903349: Current epoch: 36, loss: 0.03628639876842499, validation loss: 0.04774461314082146
2024-03-22 05:07:39.202353:2024-03-22 05:07:39.202281: Current epoch: 37, loss: 0.03576627001166344, validation loss: 0.05140848457813263
2024-03-22 05:07:58.621187:2024-03-22 05:07:58.621114: Current epoch: 38, loss: 0.03539023548364639, validation loss: 0.0468563474714756
2024-03-22 05:08:17.518666:2024-03-22 05:08:17.518512: Current epoch: 39, loss: 0.03383255377411842, validation loss: 0.04884835705161095
2024-03-22 05:08:39.695423:2024-03-22 05:08:39.695355: Current epoch: 40, loss: 0.03364015743136406, validation loss: 0.044649045914411545
2024-03-22 05:08:58.950001:2024-03-22 05:08:58.949798: Current epoch: 41, loss: 0.03359954431653023, validation loss: 0.046810973435640335
2024-03-22 05:09:18.378566:2024-03-22 05:09:18.378435: Current epoch: 42, loss: 0.0328463539481163, validation loss: 0.05540002882480621
2024-03-22 05:09:37.480820:2024-03-22 05:09:37.480712: Current epoch: 43, loss: 0.033169880509376526, validation loss: 0.048759814351797104
2024-03-22 05:09:54.524548:2024-03-22 05:09:54.524406: Current epoch: 44, loss: 0.032412339001894, validation loss: 0.05001458153128624
2024-03-22 05:10:12.327667:2024-03-22 05:10:12.327552: Current epoch: 45, loss: 0.031264036893844604, validation loss: 0.04554680362343788
2024-03-22 05:10:31.401928:2024-03-22 05:10:31.401806: Current epoch: 46, loss: 0.03126610815525055, validation loss: 0.05085837095975876
2024-03-22 05:10:50.943289:2024-03-22 05:10:50.943166: Current epoch: 47, loss: 0.03096844255924225, validation loss: 0.05002651736140251
2024-03-22 05:11:10.055371:2024-03-22 05:11:10.055236: Current epoch: 48, loss: 0.030229218304157257, validation loss: 0.043010275810956955
2024-03-22 05:11:29.671088:2024-03-22 05:11:29.670961: Current epoch: 49, loss: 0.029531234875321388, validation loss: 0.04543367773294449
2024-03-22 05:11:52.189622:2024-03-22 05:11:52.189452: Current epoch: 50, loss: 0.03014882281422615, validation loss: 0.04318564385175705
2024-03-22 05:12:11.703120:2024-03-22 05:12:11.702993: Current epoch: 51, loss: 0.030216483399271965, validation loss: 0.04351704940199852
2024-03-22 05:12:31.011263:2024-03-22 05:12:31.011111: Current epoch: 52, loss: 0.02859177254140377, validation loss: 0.04875386878848076
2024-03-22 05:12:50.201058:2024-03-22 05:12:50.200938: Current epoch: 53, loss: 0.028658021241426468, validation loss: 0.047549113631248474
2024-03-22 05:13:09.526259:2024-03-22 05:13:09.526128: Current epoch: 54, loss: 0.028688659891486168, validation loss: 0.04404526203870773
2024-03-22 05:13:28.737704:2024-03-22 05:13:28.737581: Current epoch: 55, loss: 0.027640074491500854, validation loss: 0.04326031357049942
2024-03-22 05:13:48.214213:2024-03-22 05:13:48.214151: Current epoch: 56, loss: 0.02775581181049347, validation loss: 0.041876498609781265
2024-03-22 05:14:07.470492:2024-03-22 05:14:07.470440: Current epoch: 57, loss: 0.027630724012851715, validation loss: 0.044131722301244736
2024-03-22 05:14:26.691331:2024-03-22 05:14:26.691213: Current epoch: 58, loss: 0.0266556516289711, validation loss: 0.04284507781267166
2024-03-22 05:14:46.311736:2024-03-22 05:14:46.311611: Current epoch: 59, loss: 0.02718977816402912, validation loss: 0.04348891228437424
2024-03-22 05:15:08.715376:2024-03-22 05:15:08.715261: Current epoch: 60, loss: 0.0262281633913517, validation loss: 0.04352804273366928
2024-03-22 05:15:27.996193:2024-03-22 05:15:27.996119: Current epoch: 61, loss: 0.026866240426898003, validation loss: 0.041017964482307434
2024-03-22 05:15:46.974215:2024-03-22 05:15:46.974091: Current epoch: 62, loss: 0.025908056646585464, validation loss: 0.043410319834947586
2024-03-22 05:16:05.991661:2024-03-22 05:16:05.991547: Current epoch: 63, loss: 0.02542896941304207, validation loss: 0.04467523470520973
2024-03-22 05:16:25.046593:2024-03-22 05:16:25.046416: Current epoch: 64, loss: 0.025729600340127945, validation loss: 0.04109780490398407
2024-03-22 05:16:44.326537:2024-03-22 05:16:44.326341: Current epoch: 65, loss: 0.025099806487560272, validation loss: 0.04191780090332031
2024-03-22 05:17:03.876498:2024-03-22 05:17:03.876314: Current epoch: 66, loss: 0.025312278419733047, validation loss: 0.05259914696216583
2024-03-22 05:17:23.038887:2024-03-22 05:17:23.038803: Current epoch: 67, loss: 0.02533610165119171, validation loss: 0.04368084669113159
2024-03-22 05:17:41.362656:2024-03-22 05:17:41.362567: Current epoch: 68, loss: 0.02392103523015976, validation loss: 0.04307572543621063
2024-03-22 05:17:57.375482:2024-03-22 05:17:57.375302: Current epoch: 69, loss: 0.02453162521123886, validation loss: 0.042691200971603394
2024-03-22 05:18:19.993703:2024-03-22 05:18:19.993570: Current epoch: 70, loss: 0.02384272776544094, validation loss: 0.041798800230026245
2024-03-22 05:18:39.435679:2024-03-22 05:18:39.435547: Current epoch: 71, loss: 0.024085691198706627, validation loss: 0.041601743549108505
2024-03-22 05:18:58.808632:2024-03-22 05:18:58.808563: Current epoch: 72, loss: 0.02365337312221527, validation loss: 0.04141984134912491
2024-03-22 05:19:17.925915:2024-03-22 05:19:17.925750: Current epoch: 73, loss: 0.02360152080655098, validation loss: 0.041868358850479126
2024-03-22 05:19:37.341583:2024-03-22 05:19:37.341508: Current epoch: 74, loss: 0.023509284481406212, validation loss: 0.04099898412823677
2024-03-22 05:19:56.516744:2024-03-22 05:19:56.516104: Current epoch: 75, loss: 0.022788530215620995, validation loss: 0.04046248644590378
2024-03-22 05:20:16.149248:2024-03-22 05:20:16.149083: Current epoch: 76, loss: 0.02298291027545929, validation loss: 0.042318377643823624
2024-03-22 05:20:35.640824:2024-03-22 05:20:35.640701: Current epoch: 77, loss: 0.02282286062836647, validation loss: 0.04411487653851509
2024-03-22 05:20:55.017357:2024-03-22 05:20:55.017191: Current epoch: 78, loss: 0.022265780717134476, validation loss: 0.0431959442794323
2024-03-22 05:21:14.278146:2024-03-22 05:21:14.277994: Current epoch: 79, loss: 0.023049233481287956, validation loss: 0.039534397423267365
2024-03-22 05:21:36.970019:2024-03-22 05:21:36.969924: Current epoch: 80, loss: 0.022140327841043472, validation loss: 0.040797606110572815
2024-03-22 05:21:56.141995:2024-03-22 05:21:56.141922: Current epoch: 81, loss: 0.021895894780755043, validation loss: 0.03938130661845207
2024-03-22 05:22:15.659358:2024-03-22 05:22:15.659231: Current epoch: 82, loss: 0.021742353215813637, validation loss: 0.04391564801335335
2024-03-22 05:22:34.643700:2024-03-22 05:22:34.643581: Current epoch: 83, loss: 0.02130568027496338, validation loss: 0.04353858157992363
2024-03-22 05:22:53.972737:2024-03-22 05:22:53.972685: Current epoch: 84, loss: 0.02171478234231472, validation loss: 0.041281890124082565
2024-03-22 05:23:13.227240:2024-03-22 05:23:13.227086: Current epoch: 85, loss: 0.021466374397277832, validation loss: 0.0407213419675827
2024-03-22 05:23:32.667395:2024-03-22 05:23:32.667334: Current epoch: 86, loss: 0.021042460575699806, validation loss: 0.04149029403924942
2024-03-22 05:23:51.899271:2024-03-22 05:23:51.899130: Current epoch: 87, loss: 0.021207667887210846, validation loss: 0.04115975275635719
2024-03-22 05:24:11.281574:2024-03-22 05:24:11.281501: Current epoch: 88, loss: 0.020974617451429367, validation loss: 0.03956860303878784
2024-03-22 05:24:30.463117:2024-03-22 05:24:30.462963: Current epoch: 89, loss: 0.020414823666214943, validation loss: 0.04148276522755623
2024-03-22 05:24:49.712310:2024-03-22 05:24:49.712193: Current epoch: 90, loss: 0.02053672820329666, validation loss: 0.040089067071676254
2024-03-22 05:25:09.184599:2024-03-22 05:25:09.184555: Current epoch: 91, loss: 0.020464932546019554, validation loss: 0.03918607532978058
2024-03-22 05:25:27.508409:2024-03-22 05:25:27.508296: Current epoch: 92, loss: 0.020151400938630104, validation loss: 0.040145017206668854
2024-03-22 05:25:43.999151:2024-03-22 05:25:43.998987: Current epoch: 93, loss: 0.020531734451651573, validation loss: 0.04053305834531784
2024-03-22 05:26:03.022041:2024-03-22 05:26:03.021950: Current epoch: 94, loss: 0.020076284185051918, validation loss: 0.04220600426197052
2024-03-22 05:26:22.184333:2024-03-22 05:26:22.184206: Current epoch: 95, loss: 0.020181849598884583, validation loss: 0.043780069798231125
2024-03-22 05:26:41.356110:2024-03-22 05:26:41.356008: Current epoch: 96, loss: 0.019913382828235626, validation loss: 0.041338156908750534
2024-03-22 05:27:00.681639:2024-03-22 05:27:00.681489: Current epoch: 97, loss: 0.019507741555571556, validation loss: 0.039015110582113266
2024-03-22 05:27:20.127614:2024-03-22 05:27:20.127480: Current epoch: 98, loss: 0.019675150513648987, validation loss: 0.04167376831173897
2024-03-22 05:27:39.583199:2024-03-22 05:27:39.583111: Current epoch: 99, loss: 0.019369689747691154, validation loss: 0.046067677438259125
2024-03-22 05:27:58.956593:2024-03-22 05:27:58.956454: Current epoch: 100, loss: 0.0191932525485754, validation loss: 0.045275572687387466
2024-03-22 05:28:17.868756:2024-03-22 05:28:17.868653: Current epoch: 101, loss: 0.018881281837821007, validation loss: 0.03949107602238655
2024-03-22 05:28:36.911646:2024-03-22 05:28:36.911575: Current epoch: 102, loss: 0.018980957567691803, validation loss: 0.03951149806380272
2024-03-22 05:28:56.369513:2024-03-22 05:28:56.369442: Current epoch: 103, loss: 0.018926847726106644, validation loss: 0.038917142897844315
2024-03-22 05:29:15.565686:2024-03-22 05:29:15.565589: Current epoch: 104, loss: 0.01888938620686531, validation loss: 0.04132203012704849
2024-03-22 05:29:34.860709:2024-03-22 05:29:34.860608: Current epoch: 105, loss: 0.0187270138412714, validation loss: 0.03966537117958069
2024-03-22 05:29:53.902370:2024-03-22 05:29:53.902250: Current epoch: 106, loss: 0.01867019385099411, validation loss: 0.03921429067850113
2024-03-22 05:30:13.168056:2024-03-22 05:30:13.167982: Current epoch: 107, loss: 0.01857178844511509, validation loss: 0.04092622920870781
2024-03-22 05:30:32.478174:2024-03-22 05:30:32.478047: Current epoch: 108, loss: 0.01832663267850876, validation loss: 0.04282241687178612
2024-03-22 05:30:51.312160:2024-03-22 05:30:51.312021: Current epoch: 109, loss: 0.01835453324019909, validation loss: 0.044298041611909866
2024-03-22 05:31:10.919484:2024-03-22 05:31:10.919348: Current epoch: 110, loss: 0.018144704401493073, validation loss: 0.039381954818964005
2024-03-22 05:31:30.085419:2024-03-22 05:31:30.085287: Current epoch: 111, loss: 0.0180246252566576, validation loss: 0.04157409444451332
2024-03-22 05:31:50.009976:2024-03-22 05:31:50.009238: Current epoch: 112, loss: 0.017873933538794518, validation loss: 0.03866708278656006
2024-03-22 05:32:09.414260:2024-03-22 05:32:09.414188: Current epoch: 113, loss: 0.017743607982993126, validation loss: 0.039233192801475525
2024-03-22 05:32:28.731556:2024-03-22 05:32:28.731422: Current epoch: 114, loss: 0.017969464883208275, validation loss: 0.04002620279788971
2024-03-22 05:32:48.147528:2024-03-22 05:32:48.147411: Current epoch: 115, loss: 0.017783597111701965, validation loss: 0.043869152665138245
2024-03-22 05:33:07.547546:2024-03-22 05:33:07.547463: Current epoch: 116, loss: 0.017493801191449165, validation loss: 0.04196428507566452
2024-03-22 05:33:24.933727:2024-03-22 05:33:24.933587: Current epoch: 117, loss: 0.017645159736275673, validation loss: 0.04090274125337601
2024-03-22 05:33:42.428767:2024-03-22 05:33:42.428658: Current epoch: 118, loss: 0.017200428992509842, validation loss: 0.03819704428315163
2024-03-22 05:34:01.643611:2024-03-22 05:34:01.643509: Current epoch: 119, loss: 0.017337553203105927, validation loss: 0.038318514823913574
2024-03-22 05:34:24.097121:2024-03-22 05:34:24.097045: Current epoch: 120, loss: 0.017056452110409737, validation loss: 0.03814360126852989
2024-03-22 05:34:42.868309:2024-03-22 05:34:42.868143: Current epoch: 121, loss: 0.017387770116329193, validation loss: 0.03919271007180214
2024-03-22 05:35:02.160440:2024-03-22 05:35:02.160312: Current epoch: 122, loss: 0.01725034788250923, validation loss: 0.039556894451379776
2024-03-22 05:35:21.087979:2024-03-22 05:35:21.087880: Current epoch: 123, loss: 0.016956506296992302, validation loss: 0.04047217592597008
2024-03-22 05:35:40.475779:2024-03-22 05:35:40.475724: Current epoch: 124, loss: 0.01706344075500965, validation loss: 0.03774791210889816
2024-03-22 05:36:00.048945:2024-03-22 05:36:00.048828: Current epoch: 125, loss: 0.01661819778382778, validation loss: 0.03787253424525261
2024-03-22 05:36:19.734236:2024-03-22 05:36:19.734071: Current epoch: 126, loss: 0.016634110361337662, validation loss: 0.03800301253795624
2024-03-22 05:36:39.191363:2024-03-22 05:36:39.190746: Current epoch: 127, loss: 0.016770200803875923, validation loss: 0.03740236908197403
2024-03-22 05:36:58.461312:2024-03-22 05:36:58.461151: Current epoch: 128, loss: 0.016352901235222816, validation loss: 0.03903084993362427
2024-03-22 05:37:17.726261:2024-03-22 05:37:17.726198: Current epoch: 129, loss: 0.016637975350022316, validation loss: 0.037911493331193924
2024-03-22 05:37:40.105407:2024-03-22 05:37:40.105295: Current epoch: 130, loss: 0.016447294503450394, validation loss: 0.03989394009113312
2024-03-22 05:37:59.121415:2024-03-22 05:37:59.121342: Current epoch: 131, loss: 0.0162518173456192, validation loss: 0.038711145520210266
2024-03-22 05:38:18.623120:2024-03-22 05:38:18.622972: Current epoch: 132, loss: 0.016001267358660698, validation loss: 0.03733114153146744
2024-03-22 05:38:38.448741:2024-03-22 05:38:38.448621: Current epoch: 133, loss: 0.015804816037416458, validation loss: 0.03907321020960808
2024-03-22 05:38:57.942765:2024-03-22 05:38:57.942655: Current epoch: 134, loss: 0.016228673979640007, validation loss: 0.039595045149326324
2024-03-22 05:39:17.403762:2024-03-22 05:39:17.403644: Current epoch: 135, loss: 0.01578904315829277, validation loss: 0.03852983936667442
2024-03-22 05:39:37.202426:2024-03-22 05:39:37.202266: Current epoch: 136, loss: 0.01562488917261362, validation loss: 0.03815774247050285
2024-03-22 05:39:56.715992:2024-03-22 05:39:56.715914: Current epoch: 137, loss: 0.015619398094713688, validation loss: 0.039008527994155884
2024-03-22 05:40:15.932525:2024-03-22 05:40:15.932332: Current epoch: 138, loss: 0.015712307766079903, validation loss: 0.03809918090701103
2024-03-22 05:40:35.144091:2024-03-22 05:40:35.143980: Current epoch: 139, loss: 0.015760762616991997, validation loss: 0.03975289314985275
2024-03-22 05:40:54.565372:2024-03-22 05:40:54.565255: Current epoch: 140, loss: 0.015593085438013077, validation loss: 0.038195621222257614
2024-03-22 05:41:11.390421:2024-03-22 05:41:11.390349: Current epoch: 141, loss: 0.015609649010002613, validation loss: 0.037220120429992676
2024-03-22 05:41:29.549814:2024-03-22 05:41:29.549718: Current epoch: 142, loss: 0.015746215358376503, validation loss: 0.03766497224569321
2024-03-22 05:41:48.718933:2024-03-22 05:41:48.718814: Current epoch: 143, loss: 0.015345439314842224, validation loss: 0.03769947588443756
2024-03-22 05:42:07.773923:2024-03-22 05:42:07.773804: Current epoch: 144, loss: 0.015292891301214695, validation loss: 0.03790142014622688
2024-03-22 05:42:27.175956:2024-03-22 05:42:27.175838: Current epoch: 145, loss: 0.015300899744033813, validation loss: 0.038489505648612976
2024-03-22 05:42:46.067318:2024-03-22 05:42:46.067201: Current epoch: 146, loss: 0.015565825626254082, validation loss: 0.03795914351940155
2024-03-22 05:43:05.444980:2024-03-22 05:43:05.444826: Current epoch: 147, loss: 0.014915893785655499, validation loss: 0.038555871695280075
2024-03-22 05:43:24.824186:2024-03-22 05:43:24.824034: Current epoch: 148, loss: 0.015136614441871643, validation loss: 0.03947954252362251
2024-03-22 05:43:44.413588:2024-03-22 05:43:44.413397: Current epoch: 149, loss: 0.015036048367619514, validation loss: 0.03778441250324249
2024-03-22 05:44:06.920266:2024-03-22 05:44:06.920143: Current epoch: 150, loss: 0.01503127720206976, validation loss: 0.037843089550733566
2024-03-22 05:44:26.339699:2024-03-22 05:44:26.339574: Current epoch: 151, loss: 0.015058189630508423, validation loss: 0.040464531630277634
2024-03-22 05:44:45.882980:2024-03-22 05:44:45.882869: Current epoch: 152, loss: 0.01499824970960617, validation loss: 0.047911252826452255
2024-03-22 05:45:05.302475:2024-03-22 05:45:05.302303: Current epoch: 153, loss: 0.014949938282370567, validation loss: 0.03852708265185356
2024-03-22 05:45:25.094842:2024-03-22 05:45:25.094724: Current epoch: 154, loss: 0.014725735411047935, validation loss: 0.038042616099119186
2024-03-22 05:45:44.641118:2024-03-22 05:45:44.641053: Current epoch: 155, loss: 0.014533326029777527, validation loss: 0.04031209647655487
2024-03-22 05:46:04.140877:2024-03-22 05:46:04.140722: Current epoch: 156, loss: 0.014650365337729454, validation loss: 0.037983667105436325
2024-03-22 05:46:23.326600:2024-03-22 05:46:23.326540: Current epoch: 157, loss: 0.014852574095129967, validation loss: 0.03718071058392525
2024-03-22 05:46:43.386265:2024-03-22 05:46:43.386108: Current epoch: 158, loss: 0.014391160570085049, validation loss: 0.03721781447529793
2024-03-22 05:47:03.406582:2024-03-22 05:47:03.406463: Current epoch: 159, loss: 0.014439518563449383, validation loss: 0.037348125129938126
2024-03-22 05:47:26.477790:2024-03-22 05:47:26.477637: Current epoch: 160, loss: 0.01425550039857626, validation loss: 0.03790975362062454
2024-03-22 05:47:45.750902:2024-03-22 05:47:45.750836: Current epoch: 161, loss: 0.014298474416136742, validation loss: 0.04179001972079277
2024-03-22 05:48:05.108263:2024-03-22 05:48:05.108127: Current epoch: 162, loss: 0.014307844452559948, validation loss: 0.036992717534303665
2024-03-22 05:48:24.431695:2024-03-22 05:48:24.431581: Current epoch: 163, loss: 0.01443792600184679, validation loss: 0.03797547519207001
2024-03-22 05:48:42.561319:2024-03-22 05:48:42.561162: Current epoch: 164, loss: 0.014306141994893551, validation loss: 0.037170976400375366
2024-03-22 05:48:58.492026:2024-03-22 05:48:58.491901: Current epoch: 165, loss: 0.014208542183041573, validation loss: 0.036722034215927124
2024-03-22 05:49:17.662209:2024-03-22 05:49:17.662092: Current epoch: 166, loss: 0.014164458028972149, validation loss: 0.04034949466586113
2024-03-22 05:49:36.440672:2024-03-22 05:49:36.440523: Current epoch: 167, loss: 0.014103291556239128, validation loss: 0.037690188735723495
2024-03-22 05:49:55.895516:2024-03-22 05:49:55.895448: Current epoch: 168, loss: 0.013824176974594593, validation loss: 0.036666858941316605
2024-03-22 05:50:15.045750:2024-03-22 05:50:15.045652: Current epoch: 169, loss: 0.014023618772625923, validation loss: 0.03688275068998337
2024-03-22 05:50:37.494127:2024-03-22 05:50:37.494079: Current epoch: 170, loss: 0.013918409124016762, validation loss: 0.037269823253154755
2024-03-22 05:50:56.986401:2024-03-22 05:50:56.986284: Current epoch: 171, loss: 0.013972228392958641, validation loss: 0.03676948323845863
2024-03-22 05:51:16.610387:2024-03-22 05:51:16.610231: Current epoch: 172, loss: 0.014067362993955612, validation loss: 0.037850093096494675
2024-03-22 05:51:36.005858:2024-03-22 05:51:36.005760: Current epoch: 173, loss: 0.01364887598901987, validation loss: 0.037374772131443024
2024-03-22 05:51:55.331878:2024-03-22 05:51:55.331767: Current epoch: 174, loss: 0.013927729800343513, validation loss: 0.03736373782157898
2024-03-22 05:52:14.495099:2024-03-22 05:52:14.494938: Current epoch: 175, loss: 0.013551746495068073, validation loss: 0.03799213096499443
2024-03-22 05:52:33.553562:2024-03-22 05:52:33.553488: Current epoch: 176, loss: 0.013737831264734268, validation loss: 0.03957207873463631
2024-03-22 05:52:52.636567:2024-03-22 05:52:52.636437: Current epoch: 177, loss: 0.013542389497160912, validation loss: 0.037294987589120865
2024-03-22 05:53:11.727176:2024-03-22 05:53:11.727103: Current epoch: 178, loss: 0.013507291674613953, validation loss: 0.03757447004318237
2024-03-22 05:53:31.308913:2024-03-22 05:53:31.308792: Current epoch: 179, loss: 0.013247529044747353, validation loss: 0.03818309307098389
2024-03-22 05:53:50.727064:2024-03-22 05:53:50.726920: Current epoch: 180, loss: 0.013655150309205055, validation loss: 0.0392976813018322
2024-03-22 05:54:10.451232:2024-03-22 05:54:10.451086: Current epoch: 181, loss: 0.013449682854115963, validation loss: 0.036656592041254044
2024-03-22 05:54:29.501362:2024-03-22 05:54:29.501244: Current epoch: 182, loss: 0.013533790595829487, validation loss: 0.03811671957373619
2024-03-22 05:54:48.407468:2024-03-22 05:54:48.407379: Current epoch: 183, loss: 0.01319791842252016, validation loss: 0.03753682225942612
2024-03-22 05:55:07.650577:2024-03-22 05:55:07.650433: Current epoch: 184, loss: 0.013581393286585808, validation loss: 0.0379716157913208
2024-03-22 05:55:26.997383:2024-03-22 05:55:26.997337: Current epoch: 185, loss: 0.013256560079753399, validation loss: 0.03725776821374893
2024-03-22 05:55:46.200960:2024-03-22 05:55:46.200840: Current epoch: 186, loss: 0.013175372034311295, validation loss: 0.036873675882816315
2024-03-22 05:56:05.331558:2024-03-22 05:56:05.331496: Current epoch: 187, loss: 0.013137881644070148, validation loss: 0.03745443746447563
2024-03-22 05:56:24.797767:2024-03-22 05:56:24.797683: Current epoch: 188, loss: 0.012979085557162762, validation loss: 0.03639819473028183
2024-03-22 05:56:41.053475:2024-03-22 05:56:41.053302: Current epoch: 189, loss: 0.013066360726952553, validation loss: 0.03791206702589989
2024-03-22 05:56:58.640839:2024-03-22 05:56:58.640758: Current epoch: 190, loss: 0.01309407502412796, validation loss: 0.03656322881579399
2024-03-22 05:57:17.679609:2024-03-22 05:57:17.679538: Current epoch: 191, loss: 0.012958377599716187, validation loss: 0.03695545345544815
2024-03-22 05:57:36.939788:2024-03-22 05:57:36.939683: Current epoch: 192, loss: 0.012991746887564659, validation loss: 0.03806441277265549
2024-03-22 05:57:55.924510:2024-03-22 05:57:55.924422: Current epoch: 193, loss: 0.013168060220777988, validation loss: 0.03800244256854057
2024-03-22 05:58:14.792700:2024-03-22 05:58:14.792630: Current epoch: 194, loss: 0.012912257574498653, validation loss: 0.036646388471126556
2024-03-22 05:58:34.053565:2024-03-22 05:58:34.053437: Current epoch: 195, loss: 0.012789342552423477, validation loss: 0.038872648030519485
2024-03-22 05:58:53.610435:2024-03-22 05:58:53.610279: Current epoch: 196, loss: 0.012660995125770569, validation loss: 0.03728218004107475
2024-03-22 05:59:12.992552:2024-03-22 05:59:12.992378: Current epoch: 197, loss: 0.01282903365790844, validation loss: 0.0385003387928009
2024-03-22 05:59:32.613642:2024-03-22 05:59:32.613571: Current epoch: 198, loss: 0.01277401763945818, validation loss: 0.0372094102203846
2024-03-22 05:59:52.328746:2024-03-22 05:59:52.328587: Current epoch: 199, loss: 0.012791267596185207, validation loss: 0.03723457083106041
2024-03-22 06:00:11.836015:2024-03-22 06:00:11.835885: Current epoch: 200, loss: 0.012540611438453197, validation loss: 0.036774810403585434
2024-03-22 06:00:31.208337:2024-03-22 06:00:31.208256: Current epoch: 201, loss: 0.012648574076592922, validation loss: 0.03677767142653465
2024-03-22 06:00:50.303785:2024-03-22 06:00:50.303667: Current epoch: 202, loss: 0.012755582109093666, validation loss: 0.03737422823905945
2024-03-22 06:01:09.232201:2024-03-22 06:01:09.232140: Current epoch: 203, loss: 0.012257055379450321, validation loss: 0.03734169900417328
2024-03-22 06:01:28.268612:2024-03-22 06:01:28.268491: Current epoch: 204, loss: 0.012526306323707104, validation loss: 0.03681690990924835
2024-03-22 06:01:47.663676:2024-03-22 06:01:47.663561: Current epoch: 205, loss: 0.012471714057028294, validation loss: 0.03651063144207001
2024-03-22 06:02:06.919492:2024-03-22 06:02:06.919315: Current epoch: 206, loss: 0.012359293177723885, validation loss: 0.03725443407893181
2024-03-22 06:02:26.256469:2024-03-22 06:02:26.256389: Current epoch: 207, loss: 0.012364568188786507, validation loss: 0.03711147978901863
2024-03-22 06:02:45.699828:2024-03-22 06:02:45.699715: Current epoch: 208, loss: 0.01236667763441801, validation loss: 0.03706168755888939
2024-03-22 06:03:04.825146:2024-03-22 06:03:04.825036: Current epoch: 209, loss: 0.01228399109095335, validation loss: 0.0367116779088974
2024-03-22 06:03:26.839261:2024-03-22 06:03:26.839136: Current epoch: 210, loss: 0.012381738983094692, validation loss: 0.03718797490000725
2024-03-22 06:03:46.210734:2024-03-22 06:03:46.210619: Current epoch: 211, loss: 0.01221919059753418, validation loss: 0.03760223463177681
2024-03-22 06:04:05.782085:2024-03-22 06:04:05.781930: Current epoch: 212, loss: 0.012020470574498177, validation loss: 0.039421431720256805
2024-03-22 06:04:22.354769:2024-03-22 06:04:22.354696: Current epoch: 213, loss: 0.01200559176504612, validation loss: 0.036997947841882706
2024-03-22 06:04:40.208324:2024-03-22 06:04:40.208148: Current epoch: 214, loss: 0.011975790373980999, validation loss: 0.03724956884980202
2024-03-22 06:04:59.390966:2024-03-22 06:04:59.390816: Current epoch: 215, loss: 0.011880991980433464, validation loss: 0.036903124302625656
2024-03-22 06:05:18.728820:2024-03-22 06:05:18.728665: Current epoch: 216, loss: 0.012025918811559677, validation loss: 0.036452386528253555
2024-03-22 06:05:38.115219:2024-03-22 06:05:38.115174: Current epoch: 217, loss: 0.01193590834736824, validation loss: 0.03635716065764427
2024-03-22 06:05:57.419552:2024-03-22 06:05:57.419381: Current epoch: 218, loss: 0.011960946023464203, validation loss: 0.03674697503447533
2024-03-22 06:06:16.612334:2024-03-22 06:06:16.612175: Current epoch: 219, loss: 0.012083657085895538, validation loss: 0.037495337426662445
2024-03-22 06:06:35.663631:2024-03-22 06:06:35.663470: Current epoch: 220, loss: 0.01187025848776102, validation loss: 0.03698252514004707
2024-03-22 06:06:55.426728:2024-03-22 06:06:55.426565: Current epoch: 221, loss: 0.01194297056645155, validation loss: 0.03692621737718582
2024-03-22 06:07:14.700859:2024-03-22 06:07:14.700729: Current epoch: 222, loss: 0.011765514500439167, validation loss: 0.03650376945734024
2024-03-22 06:07:33.825253:2024-03-22 06:07:33.825124: Current epoch: 223, loss: 0.011515378020703793, validation loss: 0.03662983328104019
2024-03-22 06:07:53.084227:2024-03-22 06:07:53.084071: Current epoch: 224, loss: 0.011691790074110031, validation loss: 0.03637378290295601
2024-03-22 06:08:12.594983:2024-03-22 06:08:12.594856: Current epoch: 225, loss: 0.011865884996950626, validation loss: 0.03672833368182182
2024-03-22 06:08:31.744917:2024-03-22 06:08:31.744845: Current epoch: 226, loss: 0.011813567019999027, validation loss: 0.036287497729063034
2024-03-22 06:08:51.058025:2024-03-22 06:08:51.057898: Current epoch: 227, loss: 0.011785087175667286, validation loss: 0.03610026836395264
2024-03-22 06:09:10.592724:2024-03-22 06:09:10.592659: Current epoch: 228, loss: 0.011558416299521923, validation loss: 0.03733285889029503
2024-03-22 06:09:29.759337:2024-03-22 06:09:29.759230: Current epoch: 229, loss: 0.011493000201880932, validation loss: 0.036510270088911057
2024-03-22 06:09:51.830645:2024-03-22 06:09:51.830501: Current epoch: 230, loss: 0.011473472230136395, validation loss: 0.03689604252576828
2024-03-22 06:10:10.944597:2024-03-22 06:10:10.944439: Current epoch: 231, loss: 0.011480708606541157, validation loss: 0.03706818073987961
2024-03-22 06:10:30.064899:2024-03-22 06:10:30.064769: Current epoch: 232, loss: 0.011551063507795334, validation loss: 0.03611396253108978
2024-03-22 06:10:49.370655:2024-03-22 06:10:49.370536: Current epoch: 233, loss: 0.011435664258897305, validation loss: 0.03622576966881752
2024-03-22 06:11:08.642932:2024-03-22 06:11:08.642824: Current epoch: 234, loss: 0.01125306636095047, validation loss: 0.03653949126601219
2024-03-22 06:11:27.805033:2024-03-22 06:11:27.804953: Current epoch: 235, loss: 0.011369675397872925, validation loss: 0.03628632798790932
2024-03-22 06:11:47.195739:2024-03-22 06:11:47.195619: Current epoch: 236, loss: 0.011440183967351913, validation loss: 0.03630843386054039
2024-03-22 06:12:04.020367:2024-03-22 06:12:04.020208: Current epoch: 237, loss: 0.011470806784927845, validation loss: 0.036521077156066895
2024-03-22 06:12:21.631554:2024-03-22 06:12:21.631438: Current epoch: 238, loss: 0.01123022474348545, validation loss: 0.03640323504805565
2024-03-22 06:12:40.717218:2024-03-22 06:12:40.717106: Current epoch: 239, loss: 0.01133882999420166, validation loss: 0.036500971764326096
2024-03-22 06:13:02.814854:2024-03-22 06:13:02.814737: Current epoch: 240, loss: 0.011363877914845943, validation loss: 0.03689861670136452
2024-03-22 06:13:21.921798:2024-03-22 06:13:21.921712: Current epoch: 241, loss: 0.011033523827791214, validation loss: 0.036769770085811615
2024-03-22 06:13:41.327247:2024-03-22 06:13:41.327121: Current epoch: 242, loss: 0.011296505108475685, validation loss: 0.03680190071463585
2024-03-22 06:14:00.673343:2024-03-22 06:14:00.673213: Current epoch: 243, loss: 0.011203916743397713, validation loss: 0.036335255950689316
2024-03-22 06:14:19.951250:2024-03-22 06:14:19.951094: Current epoch: 244, loss: 0.011172707192599773, validation loss: 0.03626687079668045
2024-03-22 06:14:39.235213:2024-03-22 06:14:39.235046: Current epoch: 245, loss: 0.011008421890437603, validation loss: 0.037046879529953
2024-03-22 06:14:58.629740:2024-03-22 06:14:58.629657: Current epoch: 246, loss: 0.011057849042117596, validation loss: 0.037272170186042786
2024-03-22 06:15:18.268056:2024-03-22 06:15:18.267973: Current epoch: 247, loss: 0.010998229496181011, validation loss: 0.03600476309657097
2024-03-22 06:15:38.208798:2024-03-22 06:15:38.208639: Current epoch: 248, loss: 0.011100634932518005, validation loss: 0.03679942339658737
2024-03-22 06:15:57.748255:2024-03-22 06:15:57.748132: Current epoch: 249, loss: 0.010996323078870773, validation loss: 0.03694925829768181
2024-03-22 06:16:16.930832:2024-03-22 06:16:16.930755: Current epoch: 250, loss: 0.010826578363776207, validation loss: 0.03590323030948639
2024-03-22 06:16:36.490162:2024-03-22 06:16:36.490001: Current epoch: 251, loss: 0.010842381976544857, validation loss: 0.036976687610149384
2024-03-22 06:16:55.623441:2024-03-22 06:16:55.623281: Current epoch: 252, loss: 0.011091426014900208, validation loss: 0.03603203222155571
2024-03-22 06:17:14.626996:2024-03-22 06:17:14.626875: Current epoch: 253, loss: 0.010679303668439388, validation loss: 0.036005932837724686
2024-03-22 06:17:33.873541:2024-03-22 06:17:33.873410: Current epoch: 254, loss: 0.010881655849516392, validation loss: 0.037049300968647
2024-03-22 06:17:53.025628:2024-03-22 06:17:53.025479: Current epoch: 255, loss: 0.01094993855804205, validation loss: 0.03608502820134163
2024-03-22 06:18:12.282767:2024-03-22 06:18:12.282640: Current epoch: 256, loss: 0.010816152207553387, validation loss: 0.036986254155635834
2024-03-22 06:18:31.924790:2024-03-22 06:18:31.924719: Current epoch: 257, loss: 0.010880359448492527, validation loss: 0.03578346595168114
2024-03-22 06:18:51.439647:2024-03-22 06:18:51.439491: Current epoch: 258, loss: 0.010646248236298561, validation loss: 0.03615531325340271
2024-03-22 06:19:10.445163:2024-03-22 06:19:10.445086: Current epoch: 259, loss: 0.010735179297626019, validation loss: 0.036000438034534454
2024-03-22 06:19:32.852862:2024-03-22 06:19:32.852719: Current epoch: 260, loss: 0.010676557198166847, validation loss: 0.036159418523311615
2024-03-22 06:19:49.080509:2024-03-22 06:19:49.080473: Current epoch: 261, loss: 0.010667596012353897, validation loss: 0.03652306646108627
2024-03-22 06:20:07.794796:2024-03-22 06:20:07.794663: Current epoch: 262, loss: 0.010563123971223831, validation loss: 0.036886632442474365
2024-03-22 06:20:27.110556:2024-03-22 06:20:27.110405: Current epoch: 263, loss: 0.010659766383469105, validation loss: 0.03700065612792969
2024-03-22 06:20:46.403022:2024-03-22 06:20:46.402922: Current epoch: 264, loss: 0.010676803067326546, validation loss: 0.03642728924751282
2024-03-22 06:21:05.526193:2024-03-22 06:21:05.526075: Current epoch: 265, loss: 0.01064247451722622, validation loss: 0.036006614565849304
2024-03-22 06:21:24.649010:2024-03-22 06:21:24.648979: Current epoch: 266, loss: 0.010598194785416126, validation loss: 0.036036014556884766
2024-03-22 06:21:43.972729:2024-03-22 06:21:43.972606: Current epoch: 267, loss: 0.010361132211983204, validation loss: 0.03721323236823082
2024-03-22 06:22:03.372342:2024-03-22 06:22:03.372233: Current epoch: 268, loss: 0.010478365235030651, validation loss: 0.03716777265071869
2024-03-22 06:22:22.806697:2024-03-22 06:22:22.806537: Current epoch: 269, loss: 0.0104277478531003, validation loss: 0.03584503382444382
2024-03-22 06:22:45.681117:2024-03-22 06:22:45.680951: Current epoch: 270, loss: 0.010412927716970444, validation loss: 0.03625989705324173
2024-03-22 06:23:05.218856:2024-03-22 06:23:05.218758: Current epoch: 271, loss: 0.010535639710724354, validation loss: 0.036330826580524445
2024-03-22 06:23:24.819860:2024-03-22 06:23:24.819740: Current epoch: 272, loss: 0.010437230579555035, validation loss: 0.037340112030506134
2024-03-22 06:23:43.915769:2024-03-22 06:23:43.915664: Current epoch: 273, loss: 0.010440212674438953, validation loss: 0.03617070987820625
2024-03-22 06:24:03.188776:2024-03-22 06:24:03.188743: Current epoch: 274, loss: 0.010225758887827396, validation loss: 0.03646088391542435
2024-03-22 06:24:22.436058:2024-03-22 06:24:22.435924: Current epoch: 275, loss: 0.010369166731834412, validation loss: 0.03605131059885025
2024-03-22 06:24:41.721490:2024-03-22 06:24:41.721312: Current epoch: 276, loss: 0.010274585336446762, validation loss: 0.03581336885690689
2024-03-22 06:25:01.370171:2024-03-22 06:25:01.370102: Current epoch: 277, loss: 0.010415698401629925, validation loss: 0.03618517890572548
2024-03-22 06:25:20.502830:2024-03-22 06:25:20.502721: Current epoch: 278, loss: 0.010298674926161766, validation loss: 0.036031223833560944
2024-03-22 06:25:39.508610:2024-03-22 06:25:39.508539: Current epoch: 279, loss: 0.010353054851293564, validation loss: 0.03630029782652855
2024-03-22 06:25:58.948901:2024-03-22 06:25:58.948745: Current epoch: 280, loss: 0.010234352201223373, validation loss: 0.03637111932039261
2024-03-22 06:26:18.666649:2024-03-22 06:26:18.666477: Current epoch: 281, loss: 0.010383044369518757, validation loss: 0.03637151047587395
2024-03-22 06:26:38.078886:2024-03-22 06:26:38.078764: Current epoch: 282, loss: 0.010131222195923328, validation loss: 0.036105383187532425
2024-03-22 06:26:57.291332:2024-03-22 06:26:57.291240: Current epoch: 283, loss: 0.010208453983068466, validation loss: 0.03636283800005913
2024-03-22 06:27:16.556666:2024-03-22 06:27:16.556555: Current epoch: 284, loss: 0.010223927907645702, validation loss: 0.03691854700446129
2024-03-22 06:27:32.303919:2024-03-22 06:27:32.303806: Current epoch: 285, loss: 0.010024519637227058, validation loss: 0.0365108959376812
2024-03-22 06:27:51.584955:2024-03-22 06:27:51.584791: Current epoch: 286, loss: 0.010057411156594753, validation loss: 0.036027081310749054
2024-03-22 06:28:10.840264:2024-03-22 06:28:10.840108: Current epoch: 287, loss: 0.010063518770039082, validation loss: 0.03696460276842117
2024-03-22 06:28:30.000485:2024-03-22 06:28:30.000353: Current epoch: 288, loss: 0.010063422843813896, validation loss: 0.03659659996628761
2024-03-22 06:28:49.110573:2024-03-22 06:28:49.110444: Current epoch: 289, loss: 0.010195084847509861, validation loss: 0.03817383944988251
2024-03-22 06:29:08.258113:2024-03-22 06:29:08.257982: Current epoch: 290, loss: 0.010086646303534508, validation loss: 0.03618074581027031
2024-03-22 06:29:27.646645:2024-03-22 06:29:27.646486: Current epoch: 291, loss: 0.01001317985355854, validation loss: 0.03583185374736786
2024-03-22 06:29:46.555324:2024-03-22 06:29:46.555261: Current epoch: 292, loss: 0.010166754014790058, validation loss: 0.03737949952483177
2024-03-22 06:30:05.910424:2024-03-22 06:30:05.910305: Current epoch: 293, loss: 0.009896448813378811, validation loss: 0.03637063503265381
2024-03-22 06:30:25.005242:2024-03-22 06:30:25.005076: Current epoch: 294, loss: 0.010018749162554741, validation loss: 0.03583192080259323
2024-03-22 06:30:44.572636:2024-03-22 06:30:44.572453: Current epoch: 295, loss: 0.0099452780559659, validation loss: 0.03634170815348625
2024-03-22 06:31:04.381653:2024-03-22 06:31:04.381541: Current epoch: 296, loss: 0.009899286553263664, validation loss: 0.036446359008550644
2024-03-22 06:31:23.552760:2024-03-22 06:31:23.552680: Current epoch: 297, loss: 0.010077767074108124, validation loss: 0.036260221153497696
2024-03-22 06:31:42.906700:2024-03-22 06:31:42.906588: Current epoch: 298, loss: 0.010400144383311272, validation loss: 0.03628023341298103
2024-03-22 06:32:02.007114:2024-03-22 06:32:02.007002: Current epoch: 299, loss: 0.009694511070847511, validation loss: 0.03596055507659912
2024-03-22 06:32:21.133789:2024-03-22 06:32:21.133644: Current epoch: 300, loss: 0.009682386182248592, validation loss: 0.03560696169734001
2024-03-22 06:32:40.531387:2024-03-22 06:32:40.531226: Current epoch: 301, loss: 0.009773602709174156, validation loss: 0.03591122478246689
2024-03-22 06:33:00.120963:2024-03-22 06:33:00.120840: Current epoch: 302, loss: 0.009917130693793297, validation loss: 0.03603580966591835
2024-03-22 06:33:19.688168:2024-03-22 06:33:19.688060: Current epoch: 303, loss: 0.009848139248788357, validation loss: 0.03721347078680992
2024-03-22 06:33:38.944534:2024-03-22 06:33:38.944354: Current epoch: 304, loss: 0.009707543067634106, validation loss: 0.03630618751049042
2024-03-22 06:33:58.474789:2024-03-22 06:33:58.474634: Current epoch: 305, loss: 0.009760805405676365, validation loss: 0.035972971469163895
2024-03-22 06:34:18.399798:2024-03-22 06:34:18.399676: Current epoch: 306, loss: 0.009760415181517601, validation loss: 0.036698728799819946
2024-03-22 06:34:37.915171:2024-03-22 06:34:37.915102: Current epoch: 307, loss: 0.009794103913009167, validation loss: 0.03560511767864227
2024-03-22 06:34:57.014081:2024-03-22 06:34:57.013949: Current epoch: 308, loss: 0.009582649916410446, validation loss: 0.03599374368786812
2024-03-22 06:35:13.777146:2024-03-22 06:35:13.777001: Current epoch: 309, loss: 0.009836377575993538, validation loss: 0.03614268824458122
2024-03-22 06:35:31.700167:2024-03-22 06:35:31.700008: Current epoch: 310, loss: 0.00959276407957077, validation loss: 0.03603271394968033
2024-03-22 06:35:50.942524:2024-03-22 06:35:50.942405: Current epoch: 311, loss: 0.009672082960605621, validation loss: 0.03605087846517563
2024-03-22 06:36:10.365747:2024-03-22 06:36:10.365589: Current epoch: 312, loss: 0.009742846712470055, validation loss: 0.03579035773873329
2024-03-22 06:36:29.748697:2024-03-22 06:36:29.748538: Current epoch: 313, loss: 0.009523973800241947, validation loss: 0.03590520843863487
2024-03-22 06:36:48.852564:2024-03-22 06:36:48.852477: Current epoch: 314, loss: 0.00976045522838831, validation loss: 0.03793860599398613
2024-03-22 06:37:07.860176:2024-03-22 06:37:07.860058: Current epoch: 315, loss: 0.009758302010595798, validation loss: 0.03740043193101883
2024-03-22 06:37:27.112415:2024-03-22 06:37:27.112244: Current epoch: 316, loss: 0.009361974895000458, validation loss: 0.036399755626916885
2024-03-22 06:37:45.856208:2024-03-22 06:37:45.856127: Current epoch: 317, loss: 0.00963967852294445, validation loss: 0.03593151271343231
2024-03-22 06:38:05.475146:2024-03-22 06:38:05.474992: Current epoch: 318, loss: 0.009579361416399479, validation loss: 0.03725875914096832
2024-03-22 06:38:24.980625:2024-03-22 06:38:24.980444: Current epoch: 319, loss: 0.009516831487417221, validation loss: 0.03594544157385826
2024-03-22 06:38:44.207843:2024-03-22 06:38:44.207721: Current epoch: 320, loss: 0.00942363403737545, validation loss: 0.03618795797228813
2024-03-22 06:39:03.824009:2024-03-22 06:39:03.823854: Current epoch: 321, loss: 0.009513151831924915, validation loss: 0.036633823066949844
2024-03-22 06:39:23.332436:2024-03-22 06:39:23.332309: Current epoch: 322, loss: 0.009406243450939655, validation loss: 0.036669328808784485
2024-03-22 06:39:42.828175:2024-03-22 06:39:42.828047: Current epoch: 323, loss: 0.009532095864415169, validation loss: 0.035886265337467194
2024-03-22 06:40:02.431885:2024-03-22 06:40:02.431764: Current epoch: 324, loss: 0.009520201943814754, validation loss: 0.03884175419807434
2024-03-22 06:40:22.159338:2024-03-22 06:40:22.159207: Current epoch: 325, loss: 0.009445393458008766, validation loss: 0.03673112764954567
2024-03-22 06:40:41.371622:2024-03-22 06:40:41.371507: Current epoch: 326, loss: 0.009383096359670162, validation loss: 0.03613677993416786
2024-03-22 06:41:01.014379:2024-03-22 06:41:01.014259: Current epoch: 327, loss: 0.009464637376368046, validation loss: 0.03605392575263977
2024-03-22 06:41:20.298957:2024-03-22 06:41:20.298887: Current epoch: 328, loss: 0.009237960912287235, validation loss: 0.03675996512174606
2024-03-22 06:41:40.274232:2024-03-22 06:41:40.274113: Current epoch: 329, loss: 0.009341243654489517, validation loss: 0.03565426170825958
2024-03-22 06:42:02.776928:2024-03-22 06:42:02.776824: Current epoch: 330, loss: 0.009312300011515617, validation loss: 0.035918839275836945
2024-03-22 06:42:22.181936:2024-03-22 06:42:22.181781: Current epoch: 331, loss: 0.009365171194076538, validation loss: 0.03569836914539337
2024-03-22 06:42:42.037727:2024-03-22 06:42:42.037630: Current epoch: 332, loss: 0.009559683501720428, validation loss: 0.03572384640574455
2024-03-22 06:42:57.673980:2024-03-22 06:42:57.673843: Current epoch: 333, loss: 0.00912034697830677, validation loss: 0.037216924130916595
2024-03-22 06:43:17.852036:2024-03-22 06:43:17.851908: Current epoch: 334, loss: 0.009244538843631744, validation loss: 0.03574058786034584
2024-03-22 06:43:37.031486:2024-03-22 06:43:37.031413: Current epoch: 335, loss: 0.009165615774691105, validation loss: 0.0359991081058979
2024-03-22 06:43:56.683225:2024-03-22 06:43:56.683109: Current epoch: 336, loss: 0.009176982566714287, validation loss: 0.035627249628305435
2024-03-22 06:44:16.176690:2024-03-22 06:44:16.176572: Current epoch: 337, loss: 0.008986844681203365, validation loss: 0.03581632301211357
2024-03-22 06:44:35.293322:2024-03-22 06:44:35.293205: Current epoch: 338, loss: 0.009276291355490685, validation loss: 0.03603219985961914
2024-03-22 06:44:54.200013:2024-03-22 06:44:54.199940: Current epoch: 339, loss: 0.009286382235586643, validation loss: 0.0358906164765358
2024-03-22 06:45:12.987153:2024-03-22 06:45:12.986992: Current epoch: 340, loss: 0.00928401667624712, validation loss: 0.03605708107352257
2024-03-22 06:45:32.255983:2024-03-22 06:45:32.255920: Current epoch: 341, loss: 0.00906345620751381, validation loss: 0.03574886545538902
2024-03-22 06:45:51.254372:2024-03-22 06:45:51.254312: Current epoch: 342, loss: 0.009028197266161442, validation loss: 0.035886023193597794
2024-03-22 06:46:10.508220:2024-03-22 06:46:10.508064: Current epoch: 343, loss: 0.009114434011280537, validation loss: 0.03612636402249336
2024-03-22 06:46:30.491303:2024-03-22 06:46:30.491171: Current epoch: 344, loss: 0.009186021983623505, validation loss: 0.0358126126229763
2024-03-22 06:46:50.032015:2024-03-22 06:46:50.031909: Current epoch: 345, loss: 0.009205823764204979, validation loss: 0.03678884729743004
2024-03-22 06:47:09.004113:2024-03-22 06:47:09.003996: Current epoch: 346, loss: 0.009095960296690464, validation loss: 0.03804066777229309
2024-03-22 06:47:28.324835:2024-03-22 06:47:28.324729: Current epoch: 347, loss: 0.009073587134480476, validation loss: 0.03595281019806862
2024-03-22 06:47:47.732536:2024-03-22 06:47:47.732408: Current epoch: 348, loss: 0.008990726433694363, validation loss: 0.035905592143535614
2024-03-22 06:48:06.789975:2024-03-22 06:48:06.789870: Current epoch: 349, loss: 0.009079666808247566, validation loss: 0.035562265664339066
2024-03-22 06:48:29.132556:2024-03-22 06:48:29.132402: Current epoch: 350, loss: 0.00899171456694603, validation loss: 0.03545793890953064
2024-03-22 06:48:48.514073:2024-03-22 06:48:48.513917: Current epoch: 351, loss: 0.008994252420961857, validation loss: 0.03570933640003204
2024-03-22 06:49:07.680041:2024-03-22 06:49:07.679885: Current epoch: 352, loss: 0.009034437127411366, validation loss: 0.03597491607069969
2024-03-22 06:49:26.915784:2024-03-22 06:49:26.915629: Current epoch: 353, loss: 0.009107760153710842, validation loss: 0.03564773127436638
2024-03-22 06:49:46.220405:2024-03-22 06:49:46.220289: Current epoch: 354, loss: 0.008952463045716286, validation loss: 0.03646896779537201
2024-03-22 06:50:05.378668:2024-03-22 06:50:05.378557: Current epoch: 355, loss: 0.008944069035351276, validation loss: 0.036822497844696045
2024-03-22 06:50:24.686360:2024-03-22 06:50:24.686201: Current epoch: 356, loss: 0.00889578741043806, validation loss: 0.03757723420858383
2024-03-22 06:50:40.964724:2024-03-22 06:50:40.964602: Current epoch: 357, loss: 0.00888967327773571, validation loss: 0.035662248730659485
2024-03-22 06:50:59.374628:2024-03-22 06:50:59.374509: Current epoch: 358, loss: 0.008884849958121777, validation loss: 0.03565150499343872
2024-03-22 06:51:18.748322:2024-03-22 06:51:18.748250: Current epoch: 359, loss: 0.008818435482680798, validation loss: 0.03538468852639198
2024-03-22 06:51:40.750274:2024-03-22 06:51:40.750122: Current epoch: 360, loss: 0.00888074841350317, validation loss: 0.03598109260201454
2024-03-22 06:52:00.332662:2024-03-22 06:52:00.332596: Current epoch: 361, loss: 0.008971573784947395, validation loss: 0.03677572309970856
2024-03-22 06:52:19.867088:2024-03-22 06:52:19.866968: Current epoch: 362, loss: 0.008818003349006176, validation loss: 0.035920992493629456
2024-03-22 06:52:39.251554:2024-03-22 06:52:39.251430: Current epoch: 363, loss: 0.008818025700747967, validation loss: 0.03582189604640007
2024-03-22 06:52:58.458738:2024-03-22 06:52:58.458576: Current epoch: 364, loss: 0.009094510227441788, validation loss: 0.03629624843597412
2024-03-22 06:53:17.836083:2024-03-22 06:53:17.835966: Current epoch: 365, loss: 0.008858617395162582, validation loss: 0.035872962325811386
2024-03-22 06:53:36.923806:2024-03-22 06:53:36.923635: Current epoch: 366, loss: 0.008800419978797436, validation loss: 0.03703277185559273
2024-03-22 06:53:56.519593:2024-03-22 06:53:56.519561: Current epoch: 367, loss: 0.008849912323057652, validation loss: 0.035909973084926605
2024-03-22 06:54:15.993717:2024-03-22 06:54:15.993584: Current epoch: 368, loss: 0.00873018242418766, validation loss: 0.03554142639040947
2024-03-22 06:54:35.342501:2024-03-22 06:54:35.342374: Current epoch: 369, loss: 0.00887046754360199, validation loss: 0.036216575652360916
2024-03-22 06:54:54.352482:2024-03-22 06:54:54.352349: Current epoch: 370, loss: 0.008695625700056553, validation loss: 0.036023616790771484
2024-03-22 06:55:13.648494:2024-03-22 06:55:13.648365: Current epoch: 371, loss: 0.008784821256995201, validation loss: 0.036914799362421036
2024-03-22 06:55:32.786198:2024-03-22 06:55:32.786044: Current epoch: 372, loss: 0.008814530447125435, validation loss: 0.03576434776186943
2024-03-22 06:55:52.156137:2024-03-22 06:55:52.156015: Current epoch: 373, loss: 0.00859093014150858, validation loss: 0.03597602993249893
2024-03-22 06:56:11.331870:2024-03-22 06:56:11.331749: Current epoch: 374, loss: 0.00885710772126913, validation loss: 0.036504730582237244
2024-03-22 06:56:30.730998:2024-03-22 06:56:30.730874: Current epoch: 375, loss: 0.008637480437755585, validation loss: 0.03687805309891701
2024-03-22 06:56:50.478723:2024-03-22 06:56:50.478593: Current epoch: 376, loss: 0.008721517398953438, validation loss: 0.036075808107852936
2024-03-22 06:57:09.880352:2024-03-22 06:57:09.880291: Current epoch: 377, loss: 0.00861403252929449, validation loss: 0.035849422216415405
2024-03-22 06:57:29.205647:2024-03-22 06:57:29.205569: Current epoch: 378, loss: 0.008614296093583107, validation loss: 0.03624391183257103
2024-03-22 06:57:48.418732:2024-03-22 06:57:48.418607: Current epoch: 379, loss: 0.008501461707055569, validation loss: 0.0365021638572216
2024-03-22 06:58:07.898900:2024-03-22 06:58:07.898742: Current epoch: 380, loss: 0.008509134873747826, validation loss: 0.03539121150970459
2024-03-22 06:58:22.994535:2024-03-22 06:58:22.994448: Current epoch: 381, loss: 0.008564398624002934, validation loss: 0.03610089793801308
2024-03-22 06:58:42.102017:2024-03-22 06:58:42.101859: Current epoch: 382, loss: 0.008518324233591557, validation loss: 0.036035291850566864
2024-03-22 06:59:01.520631:2024-03-22 06:59:01.520558: Current epoch: 383, loss: 0.008668817579746246, validation loss: 0.035837240517139435
2024-03-22 06:59:20.618386:2024-03-22 06:59:20.618321: Current epoch: 384, loss: 0.008542412891983986, validation loss: 0.03554381802678108
2024-03-22 06:59:40.010319:2024-03-22 06:59:40.010163: Current epoch: 385, loss: 0.008436683565378189, validation loss: 0.03654702752828598
2024-03-22 06:59:59.020976:2024-03-22 06:59:59.020905: Current epoch: 386, loss: 0.008372935466468334, validation loss: 0.03556094318628311
2024-03-22 07:00:18.094739:2024-03-22 07:00:18.094675: Current epoch: 387, loss: 0.008520121686160564, validation loss: 0.03565851226449013
2024-03-22 07:00:37.127318:2024-03-22 07:00:37.127183: Current epoch: 388, loss: 0.008492889814078808, validation loss: 0.035430602729320526
2024-03-22 07:00:56.648091:2024-03-22 07:00:56.647907: Current epoch: 389, loss: 0.008547656238079071, validation loss: 0.03570569306612015
2024-03-22 07:01:16.090594:2024-03-22 07:01:16.090425: Current epoch: 390, loss: 0.008586974814534187, validation loss: 0.03585430234670639
2024-03-22 07:01:35.341085:2024-03-22 07:01:35.340939: Current epoch: 391, loss: 0.008404041640460491, validation loss: 0.03613480180501938
2024-03-22 07:01:54.969975:2024-03-22 07:01:54.969828: Current epoch: 392, loss: 0.0083772586658597, validation loss: 0.03633059188723564
2024-03-22 07:02:14.942018:2024-03-22 07:02:14.941896: Current epoch: 393, loss: 0.00837291032075882, validation loss: 0.035875800997018814
2024-03-22 07:02:34.176810:2024-03-22 07:02:34.176654: Current epoch: 394, loss: 0.008363348431885242, validation loss: 0.035646382719278336
2024-03-22 07:02:53.514526:2024-03-22 07:02:53.514354: Current epoch: 395, loss: 0.008489971980452538, validation loss: 0.03552468866109848
2024-03-22 07:03:13.116959:2024-03-22 07:03:13.116822: Current epoch: 396, loss: 0.008344527333974838, validation loss: 0.036192636936903
2024-03-22 07:03:32.502154:2024-03-22 07:03:32.502073: Current epoch: 397, loss: 0.00845369417220354, validation loss: 0.03568938747048378
2024-03-22 07:03:51.512398:2024-03-22 07:03:51.512352: Current epoch: 398, loss: 0.008311041630804539, validation loss: 0.03648678958415985
2024-03-22 07:04:11.153207:2024-03-22 07:04:11.153089: Current epoch: 399, loss: 0.008383353240787983, validation loss: 0.03561397269368172
2024-03-22 07:04:30.291643:2024-03-22 07:04:30.291508: Current epoch: 400, loss: 0.008315092884004116, validation loss: 0.035479769110679626
2024-03-22 07:04:49.583937:2024-03-22 07:04:49.583828: Current epoch: 401, loss: 0.008214225992560387, validation loss: 0.03541252389550209
2024-03-22 07:05:08.788093:2024-03-22 07:05:08.787974: Current epoch: 402, loss: 0.008411155082285404, validation loss: 0.03559158742427826
2024-03-22 07:05:28.124613:2024-03-22 07:05:28.124491: Current epoch: 403, loss: 0.00814859289675951, validation loss: 0.03573114797472954
2024-03-22 07:05:47.467299:2024-03-22 07:05:47.467262: Current epoch: 404, loss: 0.008293269202113152, validation loss: 0.03559526056051254
2024-03-22 07:06:02.914670:2024-03-22 07:06:02.914602: Current epoch: 405, loss: 0.008233222179114819, validation loss: 0.03602392226457596
2024-03-22 07:06:22.118044:2024-03-22 07:06:22.118009: Current epoch: 406, loss: 0.008214318193495274, validation loss: 0.035754941403865814
2024-03-22 07:06:41.460977:2024-03-22 07:06:41.460863: Current epoch: 407, loss: 0.00831320695579052, validation loss: 0.035685911774635315
2024-03-22 07:07:00.989150:2024-03-22 07:07:00.988469: Current epoch: 408, loss: 0.008240323513746262, validation loss: 0.0353810153901577
2024-03-22 07:07:20.403776:2024-03-22 07:07:20.403629: Current epoch: 409, loss: 0.008227162063121796, validation loss: 0.03526816889643669
2024-03-22 07:07:42.480136:2024-03-22 07:07:42.480005: Current epoch: 410, loss: 0.008129080757498741, validation loss: 0.03611969202756882
2024-03-22 07:08:01.701086:2024-03-22 07:08:01.700990: Current epoch: 411, loss: 0.008309825323522091, validation loss: 0.03547460213303566
2024-03-22 07:08:20.958132:2024-03-22 07:08:20.958009: Current epoch: 412, loss: 0.008179925382137299, validation loss: 0.03546157479286194
2024-03-22 07:08:39.979145:2024-03-22 07:08:39.979099: Current epoch: 413, loss: 0.008223313838243484, validation loss: 0.035545751452445984
2024-03-22 07:08:59.437829:2024-03-22 07:08:59.437649: Current epoch: 414, loss: 0.00835227221250534, validation loss: 0.03587379306554794
2024-03-22 07:09:19.316764:2024-03-22 07:09:19.316647: Current epoch: 415, loss: 0.008183489553630352, validation loss: 0.03774714097380638
2024-03-22 07:09:39.056515:2024-03-22 07:09:39.056389: Current epoch: 416, loss: 0.008249036967754364, validation loss: 0.035555291920900345
2024-03-22 07:09:58.766642:2024-03-22 07:09:58.766493: Current epoch: 417, loss: 0.008161994628608227, validation loss: 0.03621981292963028
2024-03-22 07:10:17.936094:2024-03-22 07:10:17.935940: Current epoch: 418, loss: 0.008107315748929977, validation loss: 0.03546525165438652
2024-03-22 07:10:36.987747:2024-03-22 07:10:36.987592: Current epoch: 419, loss: 0.008082626387476921, validation loss: 0.03588275611400604
2024-03-22 07:10:56.840385:2024-03-22 07:10:56.840268: Current epoch: 420, loss: 0.008134587667882442, validation loss: 0.03590637817978859
2024-03-22 07:11:15.944697:2024-03-22 07:11:15.944616: Current epoch: 421, loss: 0.008049380965530872, validation loss: 0.03533346205949783
2024-03-22 07:11:35.514086:2024-03-22 07:11:35.513974: Current epoch: 422, loss: 0.008007805794477463, validation loss: 0.03667132556438446
2024-03-22 07:11:54.882656:2024-03-22 07:11:54.882491: Current epoch: 423, loss: 0.008181136101484299, validation loss: 0.035379018634557724
2024-03-22 07:12:14.425911:2024-03-22 07:12:14.425843: Current epoch: 424, loss: 0.008141802623867989, validation loss: 0.03549455851316452
2024-03-22 07:12:33.804892:2024-03-22 07:12:33.804714: Current epoch: 425, loss: 0.008180812001228333, validation loss: 0.0359332412481308
2024-03-22 07:12:53.337281:2024-03-22 07:12:53.337134: Current epoch: 426, loss: 0.008109808899462223, validation loss: 0.036008551716804504
2024-03-22 07:13:12.683033:2024-03-22 07:13:12.682908: Current epoch: 427, loss: 0.008085977286100388, validation loss: 0.03547579422593117
2024-03-22 07:13:30.271085:2024-03-22 07:13:30.270965: Current epoch: 428, loss: 0.00809718668460846, validation loss: 0.035549603402614594
2024-03-22 07:13:47.041149:2024-03-22 07:13:47.041052: Current epoch: 429, loss: 0.007919315248727798, validation loss: 0.03599313646554947
2024-03-22 07:14:06.252068:2024-03-22 07:14:06.251911: Current epoch: 430, loss: 0.007960040122270584, validation loss: 0.03534719720482826
2024-03-22 07:14:25.820986:2024-03-22 07:14:25.820842: Current epoch: 431, loss: 0.008032388053834438, validation loss: 0.035718634724617004
2024-03-22 07:14:45.114323:2024-03-22 07:14:45.114169: Current epoch: 432, loss: 0.008115345612168312, validation loss: 0.03561494126915932
2024-03-22 07:15:04.253793:2024-03-22 07:15:04.253725: Current epoch: 433, loss: 0.00816983450204134, validation loss: 0.03632562980055809
2024-03-22 07:15:23.721635:2024-03-22 07:15:23.721479: Current epoch: 434, loss: 0.008138499222695827, validation loss: 0.03594188764691353
2024-03-22 07:15:42.992681:2024-03-22 07:15:42.992604: Current epoch: 435, loss: 0.008183964528143406, validation loss: 0.0352812297642231
2024-03-22 07:16:02.236723:2024-03-22 07:16:02.236600: Current epoch: 436, loss: 0.00797234382480383, validation loss: 0.0362197570502758
2024-03-22 07:16:21.736620:2024-03-22 07:16:21.736436: Current epoch: 437, loss: 0.007944641634821892, validation loss: 0.03554600849747658
2024-03-22 07:16:41.518996:2024-03-22 07:16:41.518838: Current epoch: 438, loss: 0.00787455402314663, validation loss: 0.035439953207969666
2024-03-22 07:17:00.840680:2024-03-22 07:17:00.840552: Current epoch: 439, loss: 0.008014555089175701, validation loss: 0.03573168069124222
2024-03-22 07:17:20.055010:2024-03-22 07:17:20.054891: Current epoch: 440, loss: 0.007898232899606228, validation loss: 0.03583572804927826
2024-03-22 07:17:39.347053:2024-03-22 07:17:39.346952: Current epoch: 441, loss: 0.007862057536840439, validation loss: 0.03584471344947815
2024-03-22 07:17:58.900590:2024-03-22 07:17:58.900549: Current epoch: 442, loss: 0.007920551113784313, validation loss: 0.03598039224743843
2024-03-22 07:18:18.295287:2024-03-22 07:18:18.295158: Current epoch: 443, loss: 0.00789711158722639, validation loss: 0.035317596048116684
2024-03-22 07:18:38.000896:2024-03-22 07:18:38.000741: Current epoch: 444, loss: 0.007940134033560753, validation loss: 0.036751434206962585
2024-03-22 07:18:57.276725:2024-03-22 07:18:57.276649: Current epoch: 445, loss: 0.007980459369719028, validation loss: 0.035902902483940125
2024-03-22 07:19:16.795906:2024-03-22 07:19:16.795750: Current epoch: 446, loss: 0.007766826543956995, validation loss: 0.036141518503427505
2024-03-22 07:19:36.374399:2024-03-22 07:19:36.374284: Current epoch: 447, loss: 0.007791443262249231, validation loss: 0.035537514835596085
2024-03-22 07:19:55.659235:2024-03-22 07:19:55.659109: Current epoch: 448, loss: 0.007823193445801735, validation loss: 0.03556956723332405
2024-03-22 07:20:14.862759:2024-03-22 07:20:14.862696: Current epoch: 449, loss: 0.007861554622650146, validation loss: 0.03573004528880119
2024-03-22 07:20:34.438383:2024-03-22 07:20:34.438259: Current epoch: 450, loss: 0.007805232889950275, validation loss: 0.03578172251582146
2024-03-22 07:20:54.554572:2024-03-22 07:20:54.554433: Current epoch: 451, loss: 0.007650262676179409, validation loss: 0.0352916456758976
2024-03-22 07:21:12.148803:2024-03-22 07:21:12.148642: Current epoch: 452, loss: 0.007876473478972912, validation loss: 0.035758938640356064
2024-03-22 07:21:29.340302:2024-03-22 07:21:29.340143: Current epoch: 453, loss: 0.00784927699714899, validation loss: 0.0356159433722496
2024-03-22 07:21:48.743613:2024-03-22 07:21:48.743474: Current epoch: 454, loss: 0.007829844951629639, validation loss: 0.03561216965317726
2024-03-22 07:22:08.098615:2024-03-22 07:22:08.098493: Current epoch: 455, loss: 0.00781699176877737, validation loss: 0.035545069724321365
2024-03-22 07:22:27.533136:2024-03-22 07:22:27.533012: Current epoch: 456, loss: 0.007797665428370237, validation loss: 0.03568492457270622
2024-03-22 07:22:46.839270:2024-03-22 07:22:46.839202: Current epoch: 457, loss: 0.00774845527485013, validation loss: 0.035378940403461456
2024-03-22 07:23:05.898741:2024-03-22 07:23:05.898621: Current epoch: 458, loss: 0.007694285828620195, validation loss: 0.03566458821296692
2024-03-22 07:23:25.349856:2024-03-22 07:23:25.349738: Current epoch: 459, loss: 0.007689652498811483, validation loss: 0.03634269908070564
2024-03-22 07:23:44.834636:2024-03-22 07:23:44.834479: Current epoch: 460, loss: 0.007740342523902655, validation loss: 0.03587211295962334
2024-03-22 07:24:03.934023:2024-03-22 07:24:03.933953: Current epoch: 461, loss: 0.007829271256923676, validation loss: 0.03640611842274666
2024-03-22 07:24:23.196686:2024-03-22 07:24:23.196576: Current epoch: 462, loss: 0.007669274229556322, validation loss: 0.035620253533124924
2024-03-22 07:24:42.483254:2024-03-22 07:24:42.483132: Current epoch: 463, loss: 0.00772063946351409, validation loss: 0.0356474295258522
2024-03-22 07:25:01.639062:2024-03-22 07:25:01.638963: Current epoch: 464, loss: 0.0076048532500863075, validation loss: 0.03570591285824776
2024-03-22 07:25:21.045935:2024-03-22 07:25:21.045780: Current epoch: 465, loss: 0.007684221491217613, validation loss: 0.03536515310406685
2024-03-22 07:25:40.309403:2024-03-22 07:25:40.309306: Current epoch: 466, loss: 0.007728440687060356, validation loss: 0.03546338528394699
2024-03-22 07:25:59.222872:2024-03-22 07:25:59.222717: Current epoch: 467, loss: 0.007672712206840515, validation loss: 0.036793626844882965
2024-03-22 07:26:18.462081:2024-03-22 07:26:18.461965: Current epoch: 468, loss: 0.007674763910472393, validation loss: 0.03589402884244919
2024-03-22 07:26:37.900137:2024-03-22 07:26:37.900013: Current epoch: 469, loss: 0.007754529360681772, validation loss: 0.0358247347176075
2024-03-22 07:26:56.896217:2024-03-22 07:26:56.896177: Current epoch: 470, loss: 0.007677413523197174, validation loss: 0.03578975051641464
2024-03-22 07:27:16.195949:2024-03-22 07:27:16.195792: Current epoch: 471, loss: 0.007741074077785015, validation loss: 0.035461608320474625
2024-03-22 07:27:35.267420:2024-03-22 07:27:35.267298: Current epoch: 472, loss: 0.007684502750635147, validation loss: 0.0356147475540638
2024-03-22 07:27:55.131858:2024-03-22 07:27:55.131701: Current epoch: 473, loss: 0.007575569674372673, validation loss: 0.035693712532520294
2024-03-22 07:28:14.826942:2024-03-22 07:28:14.826787: Current epoch: 474, loss: 0.007604397367686033, validation loss: 0.03629453107714653
2024-03-22 07:28:34.136488:2024-03-22 07:28:34.136291: Current epoch: 475, loss: 0.007598548661917448, validation loss: 0.03588123619556427
2024-03-22 07:28:51.901896:2024-03-22 07:28:51.901752: Current epoch: 476, loss: 0.007639975752681494, validation loss: 0.03552955016493797
2024-03-22 07:29:08.881857:2024-03-22 07:29:08.881764: Current epoch: 477, loss: 0.0075494758784770966, validation loss: 0.035935208201408386
2024-03-22 07:29:28.004757:2024-03-22 07:29:28.004607: Current epoch: 478, loss: 0.00759861757978797, validation loss: 0.03581366315484047
2024-03-22 07:29:47.533922:2024-03-22 07:29:47.533862: Current epoch: 479, loss: 0.007548348046839237, validation loss: 0.03606126829981804
2024-03-22 07:30:06.725408:2024-03-22 07:30:06.725288: Current epoch: 480, loss: 0.007469850592315197, validation loss: 0.03536215424537659
2024-03-22 07:30:26.359913:2024-03-22 07:30:26.359801: Current epoch: 481, loss: 0.007459315471351147, validation loss: 0.03580029308795929
2024-03-22 07:30:45.965155:2024-03-22 07:30:45.965034: Current epoch: 482, loss: 0.0074523999355733395, validation loss: 0.03559913858771324
2024-03-22 07:31:05.585134:2024-03-22 07:31:05.584994: Current epoch: 483, loss: 0.007604439742863178, validation loss: 0.03583569452166557
2024-03-22 07:31:24.719349:2024-03-22 07:31:24.719158: Current epoch: 484, loss: 0.0073687247931957245, validation loss: 0.03546712547540665
2024-03-22 07:31:44.165933:2024-03-22 07:31:44.165856: Current epoch: 485, loss: 0.007624614518135786, validation loss: 0.03621091693639755
2024-03-22 07:32:03.334489:2024-03-22 07:32:03.334370: Current epoch: 486, loss: 0.007479856256395578, validation loss: 0.0357338972389698
2024-03-22 07:32:22.967272:2024-03-22 07:32:22.967165: Current epoch: 487, loss: 0.0075230724178254604, validation loss: 0.035590142011642456
2024-03-22 07:32:42.195312:2024-03-22 07:32:42.195174: Current epoch: 488, loss: 0.007464010268449783, validation loss: 0.035664308816194534
2024-03-22 07:33:01.530324:2024-03-22 07:33:01.530169: Current epoch: 489, loss: 0.007579555734992027, validation loss: 0.03578280657529831
2024-03-22 07:33:20.904153:2024-03-22 07:33:20.904033: Current epoch: 490, loss: 0.007454174105077982, validation loss: 0.035454899072647095
2024-03-22 07:33:40.064402:2024-03-22 07:33:40.064246: Current epoch: 491, loss: 0.0075128828175365925, validation loss: 0.03655296936631203
2024-03-22 07:33:59.527848:2024-03-22 07:33:59.527693: Current epoch: 492, loss: 0.007482742890715599, validation loss: 0.035540275275707245
2024-03-22 07:34:18.837402:2024-03-22 07:34:18.837272: Current epoch: 493, loss: 0.0074857925064861774, validation loss: 0.03549657389521599
2024-03-22 07:34:38.103339:2024-03-22 07:34:38.103201: Current epoch: 494, loss: 0.00748455198481679, validation loss: 0.03566550463438034
2024-03-22 07:34:57.346897:2024-03-22 07:34:57.346739: Current epoch: 495, loss: 0.007389000616967678, validation loss: 0.03530198708176613
2024-03-22 07:35:16.413533:2024-03-22 07:35:16.413383: Current epoch: 496, loss: 0.007582881022244692, validation loss: 0.035489629954099655
2024-03-22 07:35:35.857854:2024-03-22 07:35:35.857784: Current epoch: 497, loss: 0.00738551514223218, validation loss: 0.035973623394966125
2024-03-22 07:35:54.921428:2024-03-22 07:35:54.921312: Current epoch: 498, loss: 0.0074927243404090405, validation loss: 0.03531764820218086
2024-03-22 07:36:14.448020:2024-03-22 07:36:14.447899: Current epoch: 499, loss: 0.007393180392682552, validation loss: 0.03572000563144684
2024-03-22 07:36:31.441448:2024-03-22 07:36:31.441341: Current epoch: 500, loss: 0.007318972609937191, validation loss: 0.03596499562263489
2024-03-22 07:36:49.036566:2024-03-22 07:36:49.036433: Current epoch: 501, loss: 0.007449427153915167, validation loss: 0.035969991236925125
2024-03-22 07:37:08.720540:2024-03-22 07:37:08.720424: Current epoch: 502, loss: 0.0073805032297968864, validation loss: 0.035633400082588196
2024-03-22 07:37:27.949523:2024-03-22 07:37:27.949343: Current epoch: 503, loss: 0.007320165168493986, validation loss: 0.03530600666999817
2024-03-22 07:37:47.300082:2024-03-22 07:37:47.299960: Current epoch: 504, loss: 0.007490172050893307, validation loss: 0.03647397831082344
2024-03-22 07:38:06.646535:2024-03-22 07:38:06.646472: Current epoch: 505, loss: 0.007448459509760141, validation loss: 0.03582587093114853
2024-03-22 07:38:25.727575:2024-03-22 07:38:25.727401: Current epoch: 506, loss: 0.007444922346621752, validation loss: 0.03572990000247955
2024-03-22 07:38:45.072268:2024-03-22 07:38:45.072094: Current epoch: 507, loss: 0.007339406758546829, validation loss: 0.035662733018398285
2024-03-22 07:39:04.735582:2024-03-22 07:39:04.735454: Current epoch: 508, loss: 0.007428048178553581, validation loss: 0.035301923751831055
2024-03-22 07:39:24.001907:2024-03-22 07:39:24.001078: Current epoch: 509, loss: 0.00732405437156558, validation loss: 0.03603100776672363
2024-03-22 07:39:25.625157:the test error is  [0.03386309742927551, 0.03386309742927551]
2024-03-22 07:39:28.796253:saved model to sample/alignn_matbert-base-cased_robo_prop_formation_energy_peratom
2024-03-22 07:39:29.765778:done