
2024-04-10 15:06:58.659031:job config: {'train_data_path': '/data/yll6162/alignntl_dft_3d/tl_dataset/dataset_alignn_matbert-base-cased_robo_prop_slme_train.csv', 'val_data_path': '/data/yll6162/alignntl_dft_3d/tl_dataset/dataset_alignn_matbert-base-cased_robo_prop_slme_val.csv', 'test_data_path': '/data/yll6162/alignntl_dft_3d/tl_dataset/dataset_alignn_matbert-base-cased_robo_prop_slme_test.csv', 'label': 'slme', 'input_type': None, 'log_folder': 'log', 'log_file': 'alignn_bert-base-uncased_robo_prop_slme.log', 'test_metric': 'mae', 'architecture': '1024Rx4D-512Rx3D-256Rx3D-128Rx3D-64Rx2-32Rx1-1', 'model_seed': 0, 'loss_type': 'mae', 'config_file': 'sample/alignn_bert-base-uncased_robo_prop_slme_job.config', 'use_valid': True, 'project': 'MOF', 'regressors': None, 'input_types': None, 'paramsGrid': {'optimizer': 'Adam', 'learning_rate': 0.0001, 'patience': 100, 'dropouts': [0.8, 0.9, 0.7, 0.8], 'EVAL_FREQUENCY': 1000}, 'save_path': 'sample/alignn_bert-base-uncased_robo_prop_slme', 'model_path': None, 'last_layer_with_weight': True, 'keras_path': 'model/alignn_bert-base-uncased_robo_prop_slme', 'test_size': None, 'val_size': None}
2024-04-10 15:06:58.659089:train data path is  /data/yll6162/alignntl_dft_3d/tl_dataset/dataset_alignn_matbert-base-cased_robo_prop_slme_train.csv
2024-04-10 15:07:00.593449:input attribute sets are:  None
2024-04-10 15:07:00.593618:test data path is  /data/yll6162/alignntl_dft_3d/tl_dataset/dataset_alignn_matbert-base-cased_robo_prop_slme_test.csv
2024-04-10 15:07:00.870855:val data path is  /data/yll6162/alignntl_dft_3d/tl_dataset/dataset_alignn_matbert-base-cased_robo_prop_slme_val.csv
2024-04-10 15:07:01.146547:input attributes are:  Index(['0', '1', '2', '3', '4', '5', '6', '7', '8', '9',
       ...
       '758.1', '759.1', '760.1', '761.1', '762.1', '763.1', '764.1', '765.1',
       '766.1', '767.1'],
      dtype='object', length=1536)
2024-04-10 15:07:01.146662:label: slme
2024-04-10 15:07:09.687583: train, test, valid sizes:  (7810, 1536) (7810,) (977, 1536) (977,) (977, 1536) (977,)
2024-04-10 15:07:09.733771:train matrix shape of train_X:  (7810, 1536)  train_y:  (7810,)
2024-04-10 15:07:09.733898:valid matrix shape of train_X:  (977, 1536)  valid_y:  (977,)
2024-04-10 15:07:09.733938:test matrix shape of valid_X:   (977, 1536)  test_y:  (977,)
2024-04-10 15:07:09.733972:architecture is:  1024Rx4D-512Rx3D-256Rx3D-128Rx3D-64Rx2-32Rx1-1
2024-04-10 15:07:09.734007:learning rate is  0.0001
2024-04-10 15:07:09.734038:model path is  None
2024-04-10 15:07:09.741659:adding fully connected layers with 1024 outputs
2024-04-10 15:07:11.752554:adding residual with fc as the size are different
2024-04-10 15:07:11.760055:adding fully connected layers with 1024 outputs
2024-04-10 15:07:11.765214:adding residual, both sizes are same
2024-04-10 15:07:11.767197:adding fully connected layers with 1024 outputs
2024-04-10 15:07:11.772189:adding residual, both sizes are same
2024-04-10 15:07:11.774075:adding fully connected layers with 1024 outputs
2024-04-10 15:07:11.778818:adding residual, both sizes are same
2024-04-10 15:07:11.784958:adding dropout 0.8
2024-04-10 15:07:11.794373:adding fully connected layers with 512 outputs
2024-04-10 15:07:11.801159:adding residual with fc as the size are different
2024-04-10 15:07:11.808165:adding fully connected layers with 512 outputs
2024-04-10 15:07:11.813081:adding residual, both sizes are same
2024-04-10 15:07:11.814932:adding fully connected layers with 512 outputs
2024-04-10 15:07:11.819776:adding residual, both sizes are same
2024-04-10 15:07:11.821634:adding dropout 0.9
2024-04-10 15:07:11.823222:adding fully connected layers with 256 outputs
2024-04-10 15:07:11.828108:adding residual with fc as the size are different
2024-04-10 15:07:11.834456:adding fully connected layers with 256 outputs
2024-04-10 15:07:11.839290:adding residual, both sizes are same
2024-04-10 15:07:11.841128:adding fully connected layers with 256 outputs
2024-04-10 15:07:11.845904:adding residual, both sizes are same
2024-04-10 15:07:11.847810:adding dropout 0.7
2024-04-10 15:07:11.849419:adding fully connected layers with 128 outputs
2024-04-10 15:07:11.854341:adding residual with fc as the size are different
2024-04-10 15:07:11.860708:adding fully connected layers with 128 outputs
2024-04-10 15:07:11.865565:adding residual, both sizes are same
2024-04-10 15:07:11.870006:adding fully connected layers with 128 outputs
2024-04-10 15:07:11.880569:adding residual, both sizes are same
2024-04-10 15:07:11.886024:adding dropout 0.8
2024-04-10 15:07:11.890098:adding fully connected layers with 64 outputs
2024-04-10 15:07:11.902471:adding residual with fc as the size are different
2024-04-10 15:07:11.911137:adding fully connected layers with 64 outputs
2024-04-10 15:07:11.916159:adding residual, both sizes are same
2024-04-10 15:07:11.918009:adding fully connected layers with 32 outputs
2024-04-10 15:07:11.922844:adding residual with fc as the size are different
2024-04-10 15:07:11.929016:adding final layer with 1 output
2024-04-10 15:07:11.938035:Model: "ElemNet"
2024-04-10 15:07:11.938104:__________________________________________________________________________________________________
2024-04-10 15:07:11.938151:Layer (type)                    Output Shape         Param #     Connected to                     
2024-04-10 15:07:11.938187:==================================================================================================
2024-04-10 15:07:11.938407:elemental_fractions (InputLayer [(None, 1536)]       0                                            
2024-04-10 15:07:11.938454:__________________________________________________________________________________________________
2024-04-10 15:07:11.938617:fc0_0 (Dense)                   (None, 1024)         1573888     elemental_fractions[0][0]        
2024-04-10 15:07:11.938662:__________________________________________________________________________________________________
2024-04-10 15:07:11.938772:fc0_dim_0 (Dense)               (None, 1024)         1573888     elemental_fractions[0][0]        
2024-04-10 15:07:11.938814:__________________________________________________________________________________________________
2024-04-10 15:07:11.938894:tf.__operators__.add (TFOpLambd (None, 1024)         0           fc0_0[0][0]                      
2024-04-10 15:07:11.938937:                                                                 fc0_dim_0[0][0]                  
2024-04-10 15:07:11.938973:__________________________________________________________________________________________________
2024-04-10 15:07:11.939075:fc0_1 (Dense)                   (None, 1024)         1049600     tf.__operators__.add[0][0]       
2024-04-10 15:07:11.939116:__________________________________________________________________________________________________
2024-04-10 15:07:11.939190:tf.__operators__.add_1 (TFOpLam (None, 1024)         0           fc0_1[0][0]                      
2024-04-10 15:07:11.939233:                                                                 tf.__operators__.add[0][0]       
2024-04-10 15:07:11.939267:__________________________________________________________________________________________________
2024-04-10 15:07:11.939396:fc0_2 (Dense)                   (None, 1024)         1049600     tf.__operators__.add_1[0][0]     
2024-04-10 15:07:11.939437:__________________________________________________________________________________________________
2024-04-10 15:07:11.939511:tf.__operators__.add_2 (TFOpLam (None, 1024)         0           fc0_2[0][0]                      
2024-04-10 15:07:11.939553:                                                                 tf.__operators__.add_1[0][0]     
2024-04-10 15:07:11.939588:__________________________________________________________________________________________________
2024-04-10 15:07:11.939689:fc0_3 (Dense)                   (None, 1024)         1049600     tf.__operators__.add_2[0][0]     
2024-04-10 15:07:11.939730:__________________________________________________________________________________________________
2024-04-10 15:07:11.939803:tf.__operators__.add_3 (TFOpLam (None, 1024)         0           fc0_3[0][0]                      
2024-04-10 15:07:11.939845:                                                                 tf.__operators__.add_2[0][0]     
2024-04-10 15:07:11.939887:__________________________________________________________________________________________________
2024-04-10 15:07:11.939962:dropout (Dropout)               (None, 1024)         0           tf.__operators__.add_3[0][0]     
2024-04-10 15:07:11.939999:__________________________________________________________________________________________________
2024-04-10 15:07:11.940112:fc1_0 (Dense)                   (None, 512)          524800      dropout[0][0]                    
2024-04-10 15:07:11.940152:__________________________________________________________________________________________________
2024-04-10 15:07:11.940249:fc1_dim_0 (Dense)               (None, 512)          524800      dropout[0][0]                    
2024-04-10 15:07:11.940313:__________________________________________________________________________________________________
2024-04-10 15:07:11.940389:tf.__operators__.add_4 (TFOpLam (None, 512)          0           fc1_0[0][0]                      
2024-04-10 15:07:11.940431:                                                                 fc1_dim_0[0][0]                  
2024-04-10 15:07:11.940476:__________________________________________________________________________________________________
2024-04-10 15:07:11.940575:fc1_1 (Dense)                   (None, 512)          262656      tf.__operators__.add_4[0][0]     
2024-04-10 15:07:11.940614:__________________________________________________________________________________________________
2024-04-10 15:07:11.940685:tf.__operators__.add_5 (TFOpLam (None, 512)          0           fc1_1[0][0]                      
2024-04-10 15:07:11.940725:                                                                 tf.__operators__.add_4[0][0]     
2024-04-10 15:07:11.940759:__________________________________________________________________________________________________
2024-04-10 15:07:11.940855:fc1_2 (Dense)                   (None, 512)          262656      tf.__operators__.add_5[0][0]     
2024-04-10 15:07:11.940894:__________________________________________________________________________________________________
2024-04-10 15:07:11.940964:tf.__operators__.add_6 (TFOpLam (None, 512)          0           fc1_2[0][0]                      
2024-04-10 15:07:11.941005:                                                                 tf.__operators__.add_5[0][0]     
2024-04-10 15:07:11.941039:__________________________________________________________________________________________________
2024-04-10 15:07:11.941106:dropout_1 (Dropout)             (None, 512)          0           tf.__operators__.add_6[0][0]     
2024-04-10 15:07:11.941142:__________________________________________________________________________________________________
2024-04-10 15:07:11.941254:fc2_0 (Dense)                   (None, 256)          131328      dropout_1[0][0]                  
2024-04-10 15:07:11.941303:__________________________________________________________________________________________________
2024-04-10 15:07:11.941406:fc2_dim_0 (Dense)               (None, 256)          131328      dropout_1[0][0]                  
2024-04-10 15:07:11.941447:__________________________________________________________________________________________________
2024-04-10 15:07:11.941518:tf.__operators__.add_7 (TFOpLam (None, 256)          0           fc2_0[0][0]                      
2024-04-10 15:07:11.941560:                                                                 fc2_dim_0[0][0]                  
2024-04-10 15:07:11.941595:__________________________________________________________________________________________________
2024-04-10 15:07:11.941692:fc2_1 (Dense)                   (None, 256)          65792       tf.__operators__.add_7[0][0]     
2024-04-10 15:07:11.941732:__________________________________________________________________________________________________
2024-04-10 15:07:11.941803:tf.__operators__.add_8 (TFOpLam (None, 256)          0           fc2_1[0][0]                      
2024-04-10 15:07:11.941849:                                                                 tf.__operators__.add_7[0][0]     
2024-04-10 15:07:11.941884:__________________________________________________________________________________________________
2024-04-10 15:07:11.941982:fc2_2 (Dense)                   (None, 256)          65792       tf.__operators__.add_8[0][0]     
2024-04-10 15:07:11.942037:__________________________________________________________________________________________________
2024-04-10 15:07:11.942113:tf.__operators__.add_9 (TFOpLam (None, 256)          0           fc2_2[0][0]                      
2024-04-10 15:07:11.942155:                                                                 tf.__operators__.add_8[0][0]     
2024-04-10 15:07:11.942189:__________________________________________________________________________________________________
2024-04-10 15:07:11.942258:dropout_2 (Dropout)             (None, 256)          0           tf.__operators__.add_9[0][0]     
2024-04-10 15:07:11.942305:__________________________________________________________________________________________________
2024-04-10 15:07:11.942409:fc3_0 (Dense)                   (None, 128)          32896       dropout_2[0][0]                  
2024-04-10 15:07:11.942450:__________________________________________________________________________________________________
2024-04-10 15:07:11.942549:fc3_dim_0 (Dense)               (None, 128)          32896       dropout_2[0][0]                  
2024-04-10 15:07:11.942589:__________________________________________________________________________________________________
2024-04-10 15:07:11.942661:tf.__operators__.add_10 (TFOpLa (None, 128)          0           fc3_0[0][0]                      
2024-04-10 15:07:11.942703:                                                                 fc3_dim_0[0][0]                  
2024-04-10 15:07:11.942737:__________________________________________________________________________________________________
2024-04-10 15:07:11.942834:fc3_1 (Dense)                   (None, 128)          16512       tf.__operators__.add_10[0][0]    
2024-04-10 15:07:11.942874:__________________________________________________________________________________________________
2024-04-10 15:07:11.942945:tf.__operators__.add_11 (TFOpLa (None, 128)          0           fc3_1[0][0]                      
2024-04-10 15:07:11.942986:                                                                 tf.__operators__.add_10[0][0]    
2024-04-10 15:07:11.943020:__________________________________________________________________________________________________
2024-04-10 15:07:11.943117:fc3_2 (Dense)                   (None, 128)          16512       tf.__operators__.add_11[0][0]    
2024-04-10 15:07:11.943158:__________________________________________________________________________________________________
2024-04-10 15:07:11.943229:tf.__operators__.add_12 (TFOpLa (None, 128)          0           fc3_2[0][0]                      
2024-04-10 15:07:11.943286:                                                                 tf.__operators__.add_11[0][0]    
2024-04-10 15:07:11.943321:__________________________________________________________________________________________________
2024-04-10 15:07:11.943387:dropout_3 (Dropout)             (None, 128)          0           tf.__operators__.add_12[0][0]    
2024-04-10 15:07:11.943424:__________________________________________________________________________________________________
2024-04-10 15:07:11.943520:fc4_0 (Dense)                   (None, 64)           8256        dropout_3[0][0]                  
2024-04-10 15:07:11.943559:__________________________________________________________________________________________________
2024-04-10 15:07:11.943654:fc4_dim_0 (Dense)               (None, 64)           8256        dropout_3[0][0]                  
2024-04-10 15:07:11.943694:__________________________________________________________________________________________________
2024-04-10 15:07:11.943763:tf.__operators__.add_13 (TFOpLa (None, 64)           0           fc4_0[0][0]                      
2024-04-10 15:07:11.943808:                                                                 fc4_dim_0[0][0]                  
2024-04-10 15:07:11.943842:__________________________________________________________________________________________________
2024-04-10 15:07:11.943937:fc4_1 (Dense)                   (None, 64)           4160        tf.__operators__.add_13[0][0]    
2024-04-10 15:07:11.943976:__________________________________________________________________________________________________
2024-04-10 15:07:11.944046:tf.__operators__.add_14 (TFOpLa (None, 64)           0           fc4_1[0][0]                      
2024-04-10 15:07:11.944086:                                                                 tf.__operators__.add_13[0][0]    
2024-04-10 15:07:11.944119:__________________________________________________________________________________________________
2024-04-10 15:07:11.944213:fc5_0 (Dense)                   (None, 32)           2080        tf.__operators__.add_14[0][0]    
2024-04-10 15:07:11.944252:__________________________________________________________________________________________________
2024-04-10 15:07:11.944395:fc5_dim_0 (Dense)               (None, 32)           2080        tf.__operators__.add_14[0][0]    
2024-04-10 15:07:11.948171:__________________________________________________________________________________________________
2024-04-10 15:07:11.948263:tf.__operators__.add_15 (TFOpLa (None, 32)           0           fc5_0[0][0]                      
2024-04-10 15:07:11.948313:                                                                 fc5_dim_0[0][0]                  
2024-04-10 15:07:11.948348:__________________________________________________________________________________________________
2024-04-10 15:07:11.948456:fc6 (Dense)                     (None, 1)            33          tf.__operators__.add_15[0][0]    
2024-04-10 15:07:11.948496:==================================================================================================
2024-04-10 15:07:11.949094:Total params: 8,389,409
2024-04-10 15:07:11.949143:Trainable params: 8,389,409
2024-04-10 15:07:11.949180:Non-trainable params: 0
2024-04-10 15:07:11.949214:__________________________________________________________________________________________________
2024-04-10 15:07:11.959056:start training
2024-04-10 15:07:15.573545:2024-04-10 15:07:15.573496: Current epoch: 0, loss: 11.010269165039062, validation loss: 14.322056770324707
2024-04-10 15:07:17.856112:2024-04-10 15:07:17.856056: Current epoch: 1, loss: 7.847557067871094, validation loss: 7.748498439788818
2024-04-10 15:07:20.227632:2024-04-10 15:07:20.227570: Current epoch: 2, loss: 6.76713752746582, validation loss: 6.9701080322265625
2024-04-10 15:07:22.555955:2024-04-10 15:07:22.555875: Current epoch: 3, loss: 6.501053810119629, validation loss: 7.2173871994018555
2024-04-10 15:07:25.009005:2024-04-10 15:07:25.008941: Current epoch: 4, loss: 6.049891948699951, validation loss: 6.871541976928711
2024-04-10 15:07:27.332249:2024-04-10 15:07:27.332192: Current epoch: 5, loss: 5.542046070098877, validation loss: 6.370930194854736
2024-04-10 15:07:29.725509:2024-04-10 15:07:29.725442: Current epoch: 6, loss: 5.348202705383301, validation loss: 6.1992645263671875
2024-04-10 15:07:32.171198:2024-04-10 15:07:32.171030: Current epoch: 7, loss: 4.949134826660156, validation loss: 6.140782833099365
2024-04-10 15:07:34.494321:2024-04-10 15:07:34.493994: Current epoch: 8, loss: 4.798009395599365, validation loss: 6.7589802742004395
2024-04-10 15:07:36.818486:2024-04-10 15:07:36.818419: Current epoch: 9, loss: 4.598042011260986, validation loss: 5.839010715484619
2024-04-10 15:07:41.662336:2024-04-10 15:07:41.662146: Current epoch: 10, loss: 4.3873515129089355, validation loss: 5.96141242980957
2024-04-10 15:07:44.062493:2024-04-10 15:07:44.062399: Current epoch: 11, loss: 4.2549920082092285, validation loss: 5.597798824310303
2024-04-10 15:07:46.487927:2024-04-10 15:07:46.487606: Current epoch: 12, loss: 3.993382692337036, validation loss: 6.348952293395996
2024-04-10 15:07:49.026261:2024-04-10 15:07:49.026136: Current epoch: 13, loss: 3.9230403900146484, validation loss: 5.77656364440918
2024-04-10 15:07:51.643563:2024-04-10 15:07:51.643374: Current epoch: 14, loss: 3.761077880859375, validation loss: 5.499725818634033
2024-04-10 15:07:54.040073:2024-04-10 15:07:54.039982: Current epoch: 15, loss: 3.6847383975982666, validation loss: 5.320119380950928
2024-04-10 15:07:56.406493:2024-04-10 15:07:56.406155: Current epoch: 16, loss: 3.615704298019409, validation loss: 5.401039123535156
2024-04-10 15:07:58.847804:2024-04-10 15:07:58.847629: Current epoch: 17, loss: 3.4787163734436035, validation loss: 5.340346813201904
2024-04-10 15:08:01.185437:2024-04-10 15:08:01.185076: Current epoch: 18, loss: 3.358595609664917, validation loss: 5.818159103393555
2024-04-10 15:08:03.594764:2024-04-10 15:08:03.594664: Current epoch: 19, loss: 3.430302619934082, validation loss: 5.229705810546875
2024-04-10 15:08:08.450532:2024-04-10 15:08:08.450333: Current epoch: 20, loss: 3.2934279441833496, validation loss: 5.826442241668701
2024-04-10 15:08:10.838352:2024-04-10 15:08:10.838221: Current epoch: 21, loss: 3.099257469177246, validation loss: 5.184567928314209
2024-04-10 15:08:13.099479:2024-04-10 15:08:13.099376: Current epoch: 22, loss: 3.1333916187286377, validation loss: 5.888666152954102
2024-04-10 15:08:15.428530:2024-04-10 15:08:15.428388: Current epoch: 23, loss: 3.021378993988037, validation loss: 5.790318489074707
2024-04-10 15:08:17.642935:2024-04-10 15:08:17.642793: Current epoch: 24, loss: 2.842242479324341, validation loss: 5.576459884643555
2024-04-10 15:08:19.912104:2024-04-10 15:08:19.912031: Current epoch: 25, loss: 2.8485376834869385, validation loss: 5.336763858795166
2024-04-10 15:08:22.362675:2024-04-10 15:08:22.362592: Current epoch: 26, loss: 2.7422749996185303, validation loss: 5.092137813568115
2024-04-10 15:08:24.660106:2024-04-10 15:08:24.660031: Current epoch: 27, loss: 2.7285070419311523, validation loss: 5.347379207611084
2024-04-10 15:08:26.861129:2024-04-10 15:08:26.860995: Current epoch: 28, loss: 2.762057065963745, validation loss: 5.198490619659424
2024-04-10 15:08:29.112157:2024-04-10 15:08:29.112075: Current epoch: 29, loss: 2.6768836975097656, validation loss: 5.241955757141113
2024-04-10 15:08:31.383210:2024-04-10 15:08:31.383116: Current epoch: 30, loss: 2.4986510276794434, validation loss: 5.183587074279785
2024-04-10 15:08:33.666998:2024-04-10 15:08:33.666911: Current epoch: 31, loss: 2.5057218074798584, validation loss: 4.969765663146973
2024-04-10 15:08:35.900637:2024-04-10 15:08:35.900568: Current epoch: 32, loss: 2.464426040649414, validation loss: 4.883115291595459
2024-04-10 15:08:38.184397:2024-04-10 15:08:38.184227: Current epoch: 33, loss: 2.449631452560425, validation loss: 5.0897369384765625
2024-04-10 15:08:40.437725:2024-04-10 15:08:40.437623: Current epoch: 34, loss: 2.347583055496216, validation loss: 4.926219940185547
2024-04-10 15:08:42.725169:2024-04-10 15:08:42.725034: Current epoch: 35, loss: 2.3395700454711914, validation loss: 4.9239606857299805
2024-04-10 15:08:45.031395:2024-04-10 15:08:45.031291: Current epoch: 36, loss: 2.2642738819122314, validation loss: 5.258344650268555
2024-04-10 15:08:47.261250:2024-04-10 15:08:47.261177: Current epoch: 37, loss: 2.3416502475738525, validation loss: 5.11757230758667
2024-04-10 15:08:49.542112:2024-04-10 15:08:49.542063: Current epoch: 38, loss: 2.1218366622924805, validation loss: 4.860589504241943
2024-04-10 15:08:51.733518:2024-04-10 15:08:51.733383: Current epoch: 39, loss: 2.2654595375061035, validation loss: 5.002708435058594
2024-04-10 15:08:56.525886:2024-04-10 15:08:56.525790: Current epoch: 40, loss: 2.1041579246520996, validation loss: 5.01148796081543
2024-04-10 15:08:58.752023:2024-04-10 15:08:58.751975: Current epoch: 41, loss: 2.060145139694214, validation loss: 4.6949687004089355
2024-04-10 15:09:00.993588:2024-04-10 15:09:00.993424: Current epoch: 42, loss: 2.064073324203491, validation loss: 5.169003009796143
2024-04-10 15:09:03.306355:2024-04-10 15:09:03.306264: Current epoch: 43, loss: 1.9873449802398682, validation loss: 4.878127574920654
2024-04-10 15:09:05.596077:2024-04-10 15:09:05.596005: Current epoch: 44, loss: 1.950285792350769, validation loss: 5.00490665435791
2024-04-10 15:09:08.030907:2024-04-10 15:09:08.030833: Current epoch: 45, loss: 2.053523302078247, validation loss: 4.8518805503845215
2024-04-10 15:09:10.357236:2024-04-10 15:09:10.357092: Current epoch: 46, loss: 1.9390054941177368, validation loss: 4.8713884353637695
2024-04-10 15:09:12.706799:2024-04-10 15:09:12.706689: Current epoch: 47, loss: 1.9314868450164795, validation loss: 4.861189842224121
2024-04-10 15:09:15.033078:2024-04-10 15:09:15.032820: Current epoch: 48, loss: 1.910893201828003, validation loss: 4.953641414642334
2024-04-10 15:09:17.388242:2024-04-10 15:09:17.388094: Current epoch: 49, loss: 1.9123855829238892, validation loss: 4.874829292297363
2024-04-10 15:09:22.041649:2024-04-10 15:09:22.041577: Current epoch: 50, loss: 1.8170675039291382, validation loss: 4.995731830596924
2024-04-10 15:09:24.282450:2024-04-10 15:09:24.282373: Current epoch: 51, loss: 1.8176071643829346, validation loss: 4.998703956604004
2024-04-10 15:09:26.577657:2024-04-10 15:09:26.577523: Current epoch: 52, loss: 1.814157247543335, validation loss: 5.035499572753906
2024-04-10 15:09:28.835832:2024-04-10 15:09:28.835613: Current epoch: 53, loss: 1.7992680072784424, validation loss: 4.995234966278076
2024-04-10 15:09:31.170117:2024-04-10 15:09:31.170042: Current epoch: 54, loss: 1.9302738904953003, validation loss: 5.1038360595703125
2024-04-10 15:09:33.440554:2024-04-10 15:09:33.440396: Current epoch: 55, loss: 1.741509199142456, validation loss: 4.910513401031494
2024-04-10 15:09:35.655470:2024-04-10 15:09:35.655367: Current epoch: 56, loss: 1.718813419342041, validation loss: 4.855880260467529
2024-04-10 15:09:37.918135:2024-04-10 15:09:37.917990: Current epoch: 57, loss: 1.7757172584533691, validation loss: 4.788151741027832
2024-04-10 15:09:40.297337:2024-04-10 15:09:40.297257: Current epoch: 58, loss: 1.7148627042770386, validation loss: 4.647846221923828
2024-04-10 15:09:42.551554:2024-04-10 15:09:42.551383: Current epoch: 59, loss: 1.6386302709579468, validation loss: 4.687184810638428
2024-04-10 15:09:47.517960:2024-04-10 15:09:47.517803: Current epoch: 60, loss: 1.5864053964614868, validation loss: 4.760983467102051
2024-04-10 15:09:49.823081:2024-04-10 15:09:49.823010: Current epoch: 61, loss: 1.5665582418441772, validation loss: 4.585493564605713
2024-04-10 15:09:52.115040:2024-04-10 15:09:52.114930: Current epoch: 62, loss: 1.4943113327026367, validation loss: 4.934744358062744
2024-04-10 15:09:54.412103:2024-04-10 15:09:54.411955: Current epoch: 63, loss: 1.6164312362670898, validation loss: 4.903529167175293
2024-04-10 15:09:56.756504:2024-04-10 15:09:56.756341: Current epoch: 64, loss: 1.618250846862793, validation loss: 4.894538402557373
2024-04-10 15:09:59.111528:2024-04-10 15:09:59.111450: Current epoch: 65, loss: 1.5132150650024414, validation loss: 4.672184467315674
2024-04-10 15:10:01.549068:2024-04-10 15:10:01.549009: Current epoch: 66, loss: 1.5376325845718384, validation loss: 4.800581932067871
2024-04-10 15:10:03.786290:2024-04-10 15:10:03.786231: Current epoch: 67, loss: 1.464910864830017, validation loss: 4.522485733032227
2024-04-10 15:10:05.996863:2024-04-10 15:10:05.996790: Current epoch: 68, loss: 1.4648969173431396, validation loss: 5.005711078643799
2024-04-10 15:10:08.173417:2024-04-10 15:10:08.173257: Current epoch: 69, loss: 1.5026496648788452, validation loss: 4.887518882751465
2024-04-10 15:10:10.402964:2024-04-10 15:10:10.402858: Current epoch: 70, loss: 1.4572343826293945, validation loss: 4.770555019378662
2024-04-10 15:10:12.606221:2024-04-10 15:10:12.606146: Current epoch: 71, loss: 1.5029411315917969, validation loss: 4.802721977233887
2024-04-10 15:10:14.810611:2024-04-10 15:10:14.810537: Current epoch: 72, loss: 1.4938843250274658, validation loss: 4.945709705352783
2024-04-10 15:10:17.017232:2024-04-10 15:10:17.017158: Current epoch: 73, loss: 1.3952014446258545, validation loss: 4.623398303985596
2024-04-10 15:10:19.267306:2024-04-10 15:10:19.267221: Current epoch: 74, loss: 1.5552890300750732, validation loss: 4.810855865478516
2024-04-10 15:10:21.483570:2024-04-10 15:10:21.483451: Current epoch: 75, loss: 1.4349311590194702, validation loss: 4.85360050201416
2024-04-10 15:10:23.763394:2024-04-10 15:10:23.763222: Current epoch: 76, loss: 1.4184460639953613, validation loss: 4.676692008972168
2024-04-10 15:10:26.027844:2024-04-10 15:10:26.027774: Current epoch: 77, loss: 1.3901429176330566, validation loss: 4.97579288482666
2024-04-10 15:10:28.242653:2024-04-10 15:10:28.242580: Current epoch: 78, loss: 1.3229806423187256, validation loss: 4.653260231018066
2024-04-10 15:10:30.506076:2024-04-10 15:10:30.506003: Current epoch: 79, loss: 1.2858675718307495, validation loss: 4.853792190551758
2024-04-10 15:10:32.738174:2024-04-10 15:10:32.738119: Current epoch: 80, loss: 1.3099688291549683, validation loss: 4.811511516571045
2024-04-10 15:10:34.956225:2024-04-10 15:10:34.956152: Current epoch: 81, loss: 1.3683388233184814, validation loss: 4.617547988891602
2024-04-10 15:10:37.168663:2024-04-10 15:10:37.168602: Current epoch: 82, loss: 1.300414800643921, validation loss: 4.770143985748291
2024-04-10 15:10:39.372428:2024-04-10 15:10:39.372356: Current epoch: 83, loss: 1.278577446937561, validation loss: 4.739058494567871
2024-04-10 15:10:41.587947:2024-04-10 15:10:41.587874: Current epoch: 84, loss: 1.2862555980682373, validation loss: 4.69826602935791
2024-04-10 15:10:43.819536:2024-04-10 15:10:43.819461: Current epoch: 85, loss: 1.2597507238388062, validation loss: 4.817358016967773
2024-04-10 15:10:46.061326:2024-04-10 15:10:46.061174: Current epoch: 86, loss: 1.3036671876907349, validation loss: 4.787771701812744
2024-04-10 15:10:48.303356:2024-04-10 15:10:48.303264: Current epoch: 87, loss: 1.2217912673950195, validation loss: 4.6353325843811035
2024-04-10 15:10:50.608133:2024-04-10 15:10:50.608033: Current epoch: 88, loss: 1.2558668851852417, validation loss: 4.643308639526367
2024-04-10 15:10:52.916723:2024-04-10 15:10:52.916644: Current epoch: 89, loss: 1.21488618850708, validation loss: 4.692718505859375
2024-04-10 15:10:55.230607:2024-04-10 15:10:55.230528: Current epoch: 90, loss: 1.2340933084487915, validation loss: 5.089131832122803
2024-04-10 15:10:57.452561:2024-04-10 15:10:57.452488: Current epoch: 91, loss: 1.2638211250305176, validation loss: 4.602512359619141
2024-04-10 15:10:59.711943:2024-04-10 15:10:59.711874: Current epoch: 92, loss: 1.2133371829986572, validation loss: 4.77541446685791
2024-04-10 15:11:01.909325:2024-04-10 15:11:01.909239: Current epoch: 93, loss: 1.2323142290115356, validation loss: 4.555209636688232
2024-04-10 15:11:04.236147:2024-04-10 15:11:04.236073: Current epoch: 94, loss: 1.155372142791748, validation loss: 4.895173072814941
2024-04-10 15:11:06.530374:2024-04-10 15:11:06.530171: Current epoch: 95, loss: 1.2271884679794312, validation loss: 4.9029436111450195
2024-04-10 15:11:08.183952:2024-04-10 15:11:08.183884: Current epoch: 96, loss: 1.1755706071853638, validation loss: 4.757143020629883
2024-04-10 15:11:09.651488:2024-04-10 15:11:09.651416: Current epoch: 97, loss: 1.1455506086349487, validation loss: 4.8137359619140625
2024-04-10 15:11:10.984529:2024-04-10 15:11:10.984488: Current epoch: 98, loss: 1.197409749031067, validation loss: 4.610135078430176
2024-04-10 15:11:12.424220:2024-04-10 15:11:12.424162: Current epoch: 99, loss: 1.1009845733642578, validation loss: 4.635566234588623
2024-04-10 15:11:16.456770:2024-04-10 15:11:16.456737: Current epoch: 100, loss: 1.0974584817886353, validation loss: 4.832496643066406
2024-04-10 15:11:17.712504:2024-04-10 15:11:17.712456: Current epoch: 101, loss: 1.160556435585022, validation loss: 4.678655624389648
2024-04-10 15:11:19.118644:2024-04-10 15:11:19.118602: Current epoch: 102, loss: 1.106628656387329, validation loss: 4.58751106262207
2024-04-10 15:11:20.538195:2024-04-10 15:11:20.538122: Current epoch: 103, loss: 1.2143402099609375, validation loss: 4.758848667144775
2024-04-10 15:11:22.157589:2024-04-10 15:11:22.157442: Current epoch: 104, loss: 1.1294803619384766, validation loss: 4.5612640380859375
2024-04-10 15:11:23.748975:2024-04-10 15:11:23.748910: Current epoch: 105, loss: 1.0603231191635132, validation loss: 4.8463826179504395
2024-04-10 15:11:25.306970:2024-04-10 15:11:25.306908: Current epoch: 106, loss: 1.0771100521087646, validation loss: 4.612971305847168
2024-04-10 15:11:26.615017:2024-04-10 15:11:26.614975: Current epoch: 107, loss: 1.0560753345489502, validation loss: 4.636791229248047
2024-04-10 15:11:27.898665:2024-04-10 15:11:27.898596: Current epoch: 108, loss: 1.0121506452560425, validation loss: 4.633467197418213
2024-04-10 15:11:29.337127:2024-04-10 15:11:29.337074: Current epoch: 109, loss: 1.0608587265014648, validation loss: 4.723312854766846
2024-04-10 15:11:30.724426:2024-04-10 15:11:30.724391: Current epoch: 110, loss: 1.0245412588119507, validation loss: 4.750955581665039
2024-04-10 15:11:32.042459:2024-04-10 15:11:32.042425: Current epoch: 111, loss: 1.1475613117218018, validation loss: 4.6507158279418945
2024-04-10 15:11:33.474491:2024-04-10 15:11:33.474460: Current epoch: 112, loss: 1.1038967370986938, validation loss: 4.664913177490234
2024-04-10 15:11:34.853217:2024-04-10 15:11:34.853148: Current epoch: 113, loss: 1.0504934787750244, validation loss: 4.620830535888672
2024-04-10 15:11:36.424147:2024-04-10 15:11:36.424052: Current epoch: 114, loss: 0.9928675889968872, validation loss: 4.7313079833984375
2024-04-10 15:11:37.687828:2024-04-10 15:11:37.687778: Current epoch: 115, loss: 1.0803219079971313, validation loss: 4.732367038726807
2024-04-10 15:11:39.280126:2024-04-10 15:11:39.280089: Current epoch: 116, loss: 1.076041579246521, validation loss: 4.741013526916504
2024-04-10 15:11:40.793189:2024-04-10 15:11:40.793161: Current epoch: 117, loss: 0.977864682674408, validation loss: 4.788523197174072
2024-04-10 15:11:42.117590:2024-04-10 15:11:42.117560: Current epoch: 118, loss: 0.9917575716972351, validation loss: 4.804354667663574
2024-04-10 15:11:43.434567:2024-04-10 15:11:43.434491: Current epoch: 119, loss: 0.9819024205207825, validation loss: 4.709750175476074
2024-04-10 15:11:44.630325:2024-04-10 15:11:44.630253: Current epoch: 120, loss: 0.9708772301673889, validation loss: 4.731390476226807
2024-04-10 15:11:46.051013:2024-04-10 15:11:46.050921: Current epoch: 121, loss: 0.9605923891067505, validation loss: 4.700789451599121
2024-04-10 15:11:47.450352:2024-04-10 15:11:47.450316: Current epoch: 122, loss: 1.0639467239379883, validation loss: 5.066802501678467
2024-04-10 15:11:48.884963:2024-04-10 15:11:48.884919: Current epoch: 123, loss: 1.1042205095291138, validation loss: 4.661249160766602
2024-04-10 15:11:50.305063:2024-04-10 15:11:50.305027: Current epoch: 124, loss: 0.9653497338294983, validation loss: 4.552688121795654
2024-04-10 15:11:51.669558:2024-04-10 15:11:51.669483: Current epoch: 125, loss: 0.9513769745826721, validation loss: 4.671826362609863
2024-04-10 15:11:53.219341:2024-04-10 15:11:53.219299: Current epoch: 126, loss: 0.9395917654037476, validation loss: 4.748747825622559
2024-04-10 15:11:54.861874:2024-04-10 15:11:54.861831: Current epoch: 127, loss: 0.959419310092926, validation loss: 4.486403942108154
2024-04-10 15:11:56.140964:2024-04-10 15:11:56.140913: Current epoch: 128, loss: 0.9841994643211365, validation loss: 4.668633460998535
2024-04-10 15:11:57.529965:2024-04-10 15:11:57.529933: Current epoch: 129, loss: 0.9499362111091614, validation loss: 4.745073318481445
2024-04-10 15:11:58.839695:2024-04-10 15:11:58.839646: Current epoch: 130, loss: 0.9541249871253967, validation loss: 4.577298164367676
2024-04-10 15:12:00.270095:2024-04-10 15:12:00.270036: Current epoch: 131, loss: 0.9274765849113464, validation loss: 4.707200527191162
2024-04-10 15:12:01.826192:2024-04-10 15:12:01.826123: Current epoch: 132, loss: 0.9054102301597595, validation loss: 4.68896484375
2024-04-10 15:12:03.153232:2024-04-10 15:12:03.153157: Current epoch: 133, loss: 0.899868905544281, validation loss: 4.68068265914917
2024-04-10 15:12:04.617826:2024-04-10 15:12:04.617786: Current epoch: 134, loss: 0.888739287853241, validation loss: 4.535170555114746
2024-04-10 15:12:05.892878:2024-04-10 15:12:05.892844: Current epoch: 135, loss: 0.9100547432899475, validation loss: 4.689563751220703
2024-04-10 15:12:07.178597:2024-04-10 15:12:07.178568: Current epoch: 136, loss: 0.8704078793525696, validation loss: 4.780120372772217
2024-04-10 15:12:08.407968:2024-04-10 15:12:08.407882: Current epoch: 137, loss: 0.8603840470314026, validation loss: 4.598555564880371
2024-04-10 15:12:09.807682:2024-04-10 15:12:09.807623: Current epoch: 138, loss: 0.9141137599945068, validation loss: 4.815031051635742
2024-04-10 15:12:11.312712:2024-04-10 15:12:11.312656: Current epoch: 139, loss: 0.939388632774353, validation loss: 4.6015400886535645
2024-04-10 15:12:15.485948:2024-04-10 15:12:15.485914: Current epoch: 140, loss: 0.9302014708518982, validation loss: 4.6537909507751465
2024-04-10 15:12:16.699237:2024-04-10 15:12:16.699185: Current epoch: 141, loss: 0.950246274471283, validation loss: 4.75680685043335
2024-04-10 15:12:18.213831:2024-04-10 15:12:18.213791: Current epoch: 142, loss: 0.9732903242111206, validation loss: 4.62004280090332
2024-04-10 15:12:19.755720:2024-04-10 15:12:19.755678: Current epoch: 143, loss: 0.8907447457313538, validation loss: 4.482110977172852
2024-04-10 15:12:21.234687:2024-04-10 15:12:21.234648: Current epoch: 144, loss: 0.8402989506721497, validation loss: 4.645671844482422
2024-04-10 15:12:22.442173:2024-04-10 15:12:22.442140: Current epoch: 145, loss: 0.8336706161499023, validation loss: 4.568639278411865
2024-04-10 15:12:23.886108:2024-04-10 15:12:23.886051: Current epoch: 146, loss: 0.9224552512168884, validation loss: 4.579511642456055
2024-04-10 15:12:25.228937:2024-04-10 15:12:25.228836: Current epoch: 147, loss: 0.8445736169815063, validation loss: 4.645580768585205
2024-04-10 15:12:26.635507:2024-04-10 15:12:26.635473: Current epoch: 148, loss: 0.9847794771194458, validation loss: 4.8055925369262695
2024-04-10 15:12:28.007884:2024-04-10 15:12:28.007844: Current epoch: 149, loss: 0.9367550015449524, validation loss: 4.758030414581299
2024-04-10 15:12:29.252477:2024-04-10 15:12:29.252442: Current epoch: 150, loss: 0.8849252462387085, validation loss: 4.68789005279541
2024-04-10 15:12:30.839727:2024-04-10 15:12:30.839680: Current epoch: 151, loss: 0.8698780536651611, validation loss: 4.907061576843262
2024-04-10 15:12:32.330022:2024-04-10 15:12:32.329982: Current epoch: 152, loss: 0.8566951751708984, validation loss: 4.655508995056152
2024-04-10 15:12:33.832044:2024-04-10 15:12:33.831986: Current epoch: 153, loss: 0.8536388278007507, validation loss: 4.6056036949157715
2024-04-10 15:12:35.082363:2024-04-10 15:12:35.082327: Current epoch: 154, loss: 0.7979503870010376, validation loss: 4.580532550811768
2024-04-10 15:12:36.390167:2024-04-10 15:12:36.390133: Current epoch: 155, loss: 0.9334350824356079, validation loss: 4.851988315582275
2024-04-10 15:12:37.786838:2024-04-10 15:12:37.786804: Current epoch: 156, loss: 0.7933940887451172, validation loss: 4.530257225036621
2024-04-10 15:12:39.076993:2024-04-10 15:12:39.076950: Current epoch: 157, loss: 0.7923636436462402, validation loss: 4.652856826782227
2024-04-10 15:12:40.546079:2024-04-10 15:12:40.546035: Current epoch: 158, loss: 0.795159637928009, validation loss: 4.544827461242676
2024-04-10 15:12:41.744068:2024-04-10 15:12:41.744034: Current epoch: 159, loss: 0.8067914843559265, validation loss: 4.690114974975586
2024-04-10 15:12:42.972775:2024-04-10 15:12:42.972694: Current epoch: 160, loss: 0.8227429986000061, validation loss: 4.753130912780762
2024-04-10 15:12:44.193440:2024-04-10 15:12:44.193366: Current epoch: 161, loss: 0.8059992790222168, validation loss: 4.703642845153809
2024-04-10 15:12:45.730969:2024-04-10 15:12:45.730925: Current epoch: 162, loss: 0.864258885383606, validation loss: 4.789935111999512
2024-04-10 15:12:47.269638:2024-04-10 15:12:47.269604: Current epoch: 163, loss: 0.7620759010314941, validation loss: 4.6976318359375
2024-04-10 15:12:48.779441:2024-04-10 15:12:48.779406: Current epoch: 164, loss: 0.8068603873252869, validation loss: 4.711007595062256
2024-04-10 15:12:50.379361:2024-04-10 15:12:50.379303: Current epoch: 165, loss: 0.8237105011940002, validation loss: 4.755672454833984
2024-04-10 15:12:51.960139:2024-04-10 15:12:51.960095: Current epoch: 166, loss: 0.8058211803436279, validation loss: 4.651935577392578
2024-04-10 15:12:53.218927:2024-04-10 15:12:53.218860: Current epoch: 167, loss: 0.7927272915840149, validation loss: 4.711141109466553
2024-04-10 15:12:54.676433:2024-04-10 15:12:54.676299: Current epoch: 168, loss: 0.7568808794021606, validation loss: 4.707626819610596
2024-04-10 15:12:56.609399:2024-04-10 15:12:56.609342: Current epoch: 169, loss: 0.7950261831283569, validation loss: 4.768118858337402
2024-04-10 15:12:58.351653:2024-04-10 15:12:58.351618: Current epoch: 170, loss: 0.8946511745452881, validation loss: 4.735140323638916
2024-04-10 15:12:59.833976:2024-04-10 15:12:59.833908: Current epoch: 171, loss: 0.7791408896446228, validation loss: 4.724266052246094
2024-04-10 15:13:01.304423:2024-04-10 15:13:01.304361: Current epoch: 172, loss: 0.8291349411010742, validation loss: 4.809718608856201
2024-04-10 15:13:03.083570:2024-04-10 15:13:03.083501: Current epoch: 173, loss: 0.9448937773704529, validation loss: 4.665028095245361
2024-04-10 15:13:04.912416:2024-04-10 15:13:04.912349: Current epoch: 174, loss: 1.8050153255462646, validation loss: 4.741798400878906
2024-04-10 15:13:06.500738:2024-04-10 15:13:06.500689: Current epoch: 175, loss: 0.8755849003791809, validation loss: 4.734413146972656
2024-04-10 15:13:08.059336:2024-04-10 15:13:08.059300: Current epoch: 176, loss: 0.7501718401908875, validation loss: 4.758112907409668
2024-04-10 15:13:09.567424:2024-04-10 15:13:09.567389: Current epoch: 177, loss: 0.6799648404121399, validation loss: 4.592959880828857
2024-04-10 15:13:11.063457:2024-04-10 15:13:11.063427: Current epoch: 178, loss: 0.6401170492172241, validation loss: 4.671184539794922
2024-04-10 15:13:12.445646:2024-04-10 15:13:12.445588: Current epoch: 179, loss: 0.6422023773193359, validation loss: 4.694995880126953
2024-04-10 15:13:14.141826:2024-04-10 15:13:14.141781: Current epoch: 180, loss: 0.6303805112838745, validation loss: 4.635836124420166
2024-04-10 15:13:15.649750:2024-04-10 15:13:15.649656: Current epoch: 181, loss: 0.6951018571853638, validation loss: 4.691378593444824
2024-04-10 15:13:17.222772:2024-04-10 15:13:17.222721: Current epoch: 182, loss: 0.7410223484039307, validation loss: 4.689272880554199
2024-04-10 15:13:18.838877:2024-04-10 15:13:18.838810: Current epoch: 183, loss: 0.7303153872489929, validation loss: 4.687723636627197
2024-04-10 15:13:20.368382:2024-04-10 15:13:20.368334: Current epoch: 184, loss: 0.7435380816459656, validation loss: 4.785877704620361
2024-04-10 15:13:22.051584:2024-04-10 15:13:22.051516: Current epoch: 185, loss: 0.6741465926170349, validation loss: 4.728901386260986
2024-04-10 15:13:23.732873:2024-04-10 15:13:23.732821: Current epoch: 186, loss: 0.6639755368232727, validation loss: 4.711739540100098
2024-04-10 15:13:25.199313:2024-04-10 15:13:25.199252: Current epoch: 187, loss: 0.6879740953445435, validation loss: 4.709704875946045
2024-04-10 15:13:26.680854:2024-04-10 15:13:26.680813: Current epoch: 188, loss: 0.6817945837974548, validation loss: 4.731065273284912
2024-04-10 15:13:28.196719:2024-04-10 15:13:28.196683: Current epoch: 189, loss: 0.7199146747589111, validation loss: 5.003975868225098
2024-04-10 15:13:29.724191:2024-04-10 15:13:29.724152: Current epoch: 190, loss: 0.8251935243606567, validation loss: 4.68409538269043
2024-04-10 15:13:31.358295:2024-04-10 15:13:31.358227: Current epoch: 191, loss: 0.7020300626754761, validation loss: 4.742280006408691
2024-04-10 15:13:33.157465:2024-04-10 15:13:33.157402: Current epoch: 192, loss: 0.741086483001709, validation loss: 4.632493019104004
2024-04-10 15:13:34.687612:2024-04-10 15:13:34.687527: Current epoch: 193, loss: 0.7755533456802368, validation loss: 4.687394142150879
2024-04-10 15:13:36.213837:2024-04-10 15:13:36.213762: Current epoch: 194, loss: 0.8061777949333191, validation loss: 4.882569313049316
2024-04-10 15:13:37.943724:2024-04-10 15:13:37.943655: Current epoch: 195, loss: 0.8493612408638, validation loss: 4.718897819519043
2024-04-10 15:13:39.801381:2024-04-10 15:13:39.801296: Current epoch: 196, loss: 0.7062298059463501, validation loss: 4.752800941467285
2024-04-10 15:13:41.627514:2024-04-10 15:13:41.627450: Current epoch: 197, loss: 0.7127225995063782, validation loss: 4.702332973480225
2024-04-10 15:13:43.383581:2024-04-10 15:13:43.383538: Current epoch: 198, loss: 0.7574554681777954, validation loss: 4.724569797515869
2024-04-10 15:13:44.824068:2024-04-10 15:13:44.824035: Current epoch: 199, loss: 0.7396553158760071, validation loss: 4.790975093841553
2024-04-10 15:13:46.632978:2024-04-10 15:13:46.632920: Current epoch: 200, loss: 0.7472246289253235, validation loss: 4.701299667358398
2024-04-10 15:13:48.289391:2024-04-10 15:13:48.289355: Current epoch: 201, loss: 0.7132622599601746, validation loss: 4.746580123901367
2024-04-10 15:13:49.871004:2024-04-10 15:13:49.870917: Current epoch: 202, loss: 0.7302197813987732, validation loss: 4.735989093780518
2024-04-10 15:13:51.898264:2024-04-10 15:13:51.898107: Current epoch: 203, loss: 0.8180972933769226, validation loss: 4.861360549926758
2024-04-10 15:13:53.876771:2024-04-10 15:13:53.876676: Current epoch: 204, loss: 0.8012118935585022, validation loss: 4.7321343421936035
2024-04-10 15:13:55.587117:2024-04-10 15:13:55.587083: Current epoch: 205, loss: 0.7887747883796692, validation loss: 4.670762538909912
2024-04-10 15:13:57.238636:2024-04-10 15:13:57.238601: Current epoch: 206, loss: 0.745869517326355, validation loss: 4.5505452156066895
2024-04-10 15:13:58.915862:2024-04-10 15:13:58.915827: Current epoch: 207, loss: 0.6385297775268555, validation loss: 4.670831680297852
2024-04-10 15:14:00.513623:2024-04-10 15:14:00.513552: Current epoch: 208, loss: 0.7165313363075256, validation loss: 4.601164817810059
2024-04-10 15:14:02.192513:2024-04-10 15:14:02.192446: Current epoch: 209, loss: 0.7160794138908386, validation loss: 4.549863815307617
2024-04-10 15:14:06.464756:2024-04-10 15:14:06.464687: Current epoch: 210, loss: 0.787713885307312, validation loss: 4.60198974609375
2024-04-10 15:14:08.476526:2024-04-10 15:14:08.476453: Current epoch: 211, loss: 0.6569305658340454, validation loss: 4.7021636962890625
2024-04-10 15:14:10.697061:2024-04-10 15:14:10.696995: Current epoch: 212, loss: 0.7210444211959839, validation loss: 4.672004222869873
2024-04-10 15:14:12.988404:2024-04-10 15:14:12.988219: Current epoch: 213, loss: 0.7995538115501404, validation loss: 4.6300506591796875
2024-04-10 15:14:15.281599:2024-04-10 15:14:15.281526: Current epoch: 214, loss: 0.7127346992492676, validation loss: 4.489680767059326
2024-04-10 15:14:17.563750:2024-04-10 15:14:17.563586: Current epoch: 215, loss: 0.6423744559288025, validation loss: 4.592124938964844
2024-04-10 15:14:19.835860:2024-04-10 15:14:19.835788: Current epoch: 216, loss: 0.6719193458557129, validation loss: 4.552397727966309
2024-04-10 15:14:22.097660:2024-04-10 15:14:22.097587: Current epoch: 217, loss: 0.6252502799034119, validation loss: 4.520652770996094
2024-04-10 15:14:24.363871:2024-04-10 15:14:24.363797: Current epoch: 218, loss: 0.6836211085319519, validation loss: 4.680926322937012
2024-04-10 15:14:26.605250:2024-04-10 15:14:26.605177: Current epoch: 219, loss: 0.7895824909210205, validation loss: 4.988181114196777
2024-04-10 15:14:28.914736:2024-04-10 15:14:28.914686: Current epoch: 220, loss: 0.8059355616569519, validation loss: 4.467168807983398
2024-04-10 15:14:31.185159:2024-04-10 15:14:31.185086: Current epoch: 221, loss: 0.7416155934333801, validation loss: 4.614937782287598
2024-04-10 15:14:33.459226:2024-04-10 15:14:33.459115: Current epoch: 222, loss: 0.6567573547363281, validation loss: 4.722762107849121
2024-04-10 15:14:35.763536:2024-04-10 15:14:35.763434: Current epoch: 223, loss: 0.7409470677375793, validation loss: 4.692856311798096
2024-04-10 15:14:38.024750:2024-04-10 15:14:38.024684: Current epoch: 224, loss: 0.8168202042579651, validation loss: 4.662936687469482
2024-04-10 15:14:40.222558:2024-04-10 15:14:40.222486: Current epoch: 225, loss: 0.6723580360412598, validation loss: 4.88328218460083
2024-04-10 15:14:42.468467:2024-04-10 15:14:42.468398: Current epoch: 226, loss: 0.7187751531600952, validation loss: 4.90727424621582
2024-04-10 15:14:44.724621:2024-04-10 15:14:44.724549: Current epoch: 227, loss: 0.8165422677993774, validation loss: 4.8020339012146
2024-04-10 15:14:47.000916:2024-04-10 15:14:47.000754: Current epoch: 228, loss: 0.673823356628418, validation loss: 4.706989765167236
2024-04-10 15:14:49.291471:2024-04-10 15:14:49.291399: Current epoch: 229, loss: 0.6184377074241638, validation loss: 4.50713586807251
2024-04-10 15:14:53.818678:2024-04-10 15:14:53.818618: Current epoch: 230, loss: 0.5562015175819397, validation loss: 4.581775188446045
2024-04-10 15:14:56.043641:2024-04-10 15:14:56.043568: Current epoch: 231, loss: 0.6477957367897034, validation loss: 4.592739105224609
2024-04-10 15:14:58.370532:2024-04-10 15:14:58.370456: Current epoch: 232, loss: 0.5981852412223816, validation loss: 4.5673723220825195
2024-04-10 15:15:00.717484:2024-04-10 15:15:00.717315: Current epoch: 233, loss: 0.5925607681274414, validation loss: 4.801755905151367
2024-04-10 15:15:03.079585:2024-04-10 15:15:03.079530: Current epoch: 234, loss: 0.5992699265480042, validation loss: 4.445008754730225
2024-04-10 15:15:05.294613:2024-04-10 15:15:05.294546: Current epoch: 235, loss: 0.5530597567558289, validation loss: 4.651978969573975
2024-04-10 15:15:07.511333:2024-04-10 15:15:07.511242: Current epoch: 236, loss: 0.6266276240348816, validation loss: 4.685102939605713
2024-04-10 15:15:09.840229:2024-04-10 15:15:09.840067: Current epoch: 237, loss: 0.7437313795089722, validation loss: 4.957374095916748
2024-04-10 15:15:12.121196:2024-04-10 15:15:12.121079: Current epoch: 238, loss: 0.7659489512443542, validation loss: 4.840803146362305
2024-04-10 15:15:14.410246:2024-04-10 15:15:14.410108: Current epoch: 239, loss: 0.7224912047386169, validation loss: 4.671039581298828
2024-04-10 15:15:16.775266:2024-04-10 15:15:16.775166: Current epoch: 240, loss: 0.6798728108406067, validation loss: 4.6891398429870605
2024-04-10 15:15:19.024459:2024-04-10 15:15:19.024400: Current epoch: 241, loss: 0.7212750315666199, validation loss: 5.031228065490723
2024-04-10 15:15:21.259994:2024-04-10 15:15:21.259927: Current epoch: 242, loss: 0.6821107864379883, validation loss: 4.680169105529785
2024-04-10 15:15:23.462917:2024-04-10 15:15:23.462847: Current epoch: 243, loss: 0.6058191061019897, validation loss: 4.955085277557373
2024-04-10 15:15:25.792826:2024-04-10 15:15:25.792673: Current epoch: 244, loss: 0.594487190246582, validation loss: 4.539640426635742
2024-04-10 15:15:28.067868:2024-04-10 15:15:28.067810: Current epoch: 245, loss: 0.611057460308075, validation loss: 4.6562933921813965
2024-04-10 15:15:30.346402:2024-04-10 15:15:30.346329: Current epoch: 246, loss: 0.5638673901557922, validation loss: 4.551514148712158
2024-04-10 15:15:32.617270:2024-04-10 15:15:32.617197: Current epoch: 247, loss: 0.5342869758605957, validation loss: 4.617319583892822
2024-04-10 15:15:34.913810:2024-04-10 15:15:34.913618: Current epoch: 248, loss: 0.5481466054916382, validation loss: 4.553354263305664
2024-04-10 15:15:37.200609:2024-04-10 15:15:37.200458: Current epoch: 249, loss: 0.5875605344772339, validation loss: 4.62680196762085
2024-04-10 15:15:39.449501:2024-04-10 15:15:39.449366: Current epoch: 250, loss: 0.6577164530754089, validation loss: 4.718113422393799
2024-04-10 15:15:41.719564:2024-04-10 15:15:41.719462: Current epoch: 251, loss: 0.6244610548019409, validation loss: 4.691253185272217
2024-04-10 15:15:43.955326:2024-04-10 15:15:43.955177: Current epoch: 252, loss: 0.6127484440803528, validation loss: 4.60541296005249
2024-04-10 15:15:46.199647:2024-04-10 15:15:46.199574: Current epoch: 253, loss: 0.7222587466239929, validation loss: 4.891129970550537
2024-04-10 15:15:48.485007:2024-04-10 15:15:48.484908: Current epoch: 254, loss: 0.7028787732124329, validation loss: 4.834023952484131
2024-04-10 15:15:50.728891:2024-04-10 15:15:50.728755: Current epoch: 255, loss: 0.7850849032402039, validation loss: 4.68922758102417
2024-04-10 15:15:52.994877:2024-04-10 15:15:52.994777: Current epoch: 256, loss: 0.6068822145462036, validation loss: 4.899330139160156
2024-04-10 15:15:55.273729:2024-04-10 15:15:55.273569: Current epoch: 257, loss: 0.5567708611488342, validation loss: 4.749356269836426
2024-04-10 15:15:57.559601:2024-04-10 15:15:57.559529: Current epoch: 258, loss: 0.692974328994751, validation loss: 4.801286697387695
2024-04-10 15:15:59.817341:2024-04-10 15:15:59.817192: Current epoch: 259, loss: 0.5768827795982361, validation loss: 4.6081156730651855
2024-04-10 15:16:02.134087:2024-04-10 15:16:02.134000: Current epoch: 260, loss: 0.5255581140518188, validation loss: 4.648786544799805
2024-04-10 15:16:04.399329:2024-04-10 15:16:04.399235: Current epoch: 261, loss: 0.5468983054161072, validation loss: 4.704959869384766
2024-04-10 15:16:06.653869:2024-04-10 15:16:06.653807: Current epoch: 262, loss: 0.5997793078422546, validation loss: 4.874327659606934
2024-04-10 15:16:08.914194:2024-04-10 15:16:08.914122: Current epoch: 263, loss: 0.6370337605476379, validation loss: 4.558047771453857
2024-04-10 15:16:11.193942:2024-04-10 15:16:11.193816: Current epoch: 264, loss: 0.6414849758148193, validation loss: 4.895569801330566
2024-04-10 15:16:13.508367:2024-04-10 15:16:13.508244: Current epoch: 265, loss: 0.7382874488830566, validation loss: 5.031274318695068
2024-04-10 15:16:15.767405:2024-04-10 15:16:15.767345: Current epoch: 266, loss: 0.8370828628540039, validation loss: 4.712507724761963
2024-04-10 15:16:18.013291:2024-04-10 15:16:18.013209: Current epoch: 267, loss: 0.763407289981842, validation loss: 4.6171979904174805
2024-04-10 15:16:20.232764:2024-04-10 15:16:20.232692: Current epoch: 268, loss: 0.6693795323371887, validation loss: 4.715952396392822
2024-04-10 15:16:22.438999:2024-04-10 15:16:22.438928: Current epoch: 269, loss: 0.6176935434341431, validation loss: 4.675425052642822
2024-04-10 15:16:24.695551:2024-04-10 15:16:24.695398: Current epoch: 270, loss: 0.6396825909614563, validation loss: 4.639586448669434
2024-04-10 15:16:26.995093:2024-04-10 15:16:26.994926: Current epoch: 271, loss: 0.6095886826515198, validation loss: 4.747614860534668
2024-04-10 15:16:29.348524:2024-04-10 15:16:29.348357: Current epoch: 272, loss: 0.6887712478637695, validation loss: 4.852816581726074
2024-04-10 15:16:31.643674:2024-04-10 15:16:31.643508: Current epoch: 273, loss: 0.8153026700019836, validation loss: 4.876204490661621
2024-04-10 15:16:33.982857:2024-04-10 15:16:33.982756: Current epoch: 274, loss: 0.6292017698287964, validation loss: 4.478612422943115
2024-04-10 15:16:36.352855:2024-04-10 15:16:36.352721: Current epoch: 275, loss: 0.5077511072158813, validation loss: 4.625173091888428
2024-04-10 15:16:38.849590:2024-04-10 15:16:38.849521: Current epoch: 276, loss: 0.5228230357170105, validation loss: 4.464548587799072
2024-04-10 15:16:41.220205:2024-04-10 15:16:41.220133: Current epoch: 277, loss: 0.5427462458610535, validation loss: 4.642127513885498
2024-04-10 15:16:43.725394:2024-04-10 15:16:43.725292: Current epoch: 278, loss: 0.5416176319122314, validation loss: 4.447664260864258
2024-04-10 15:16:46.136009:2024-04-10 15:16:46.135892: Current epoch: 279, loss: 0.4796796143054962, validation loss: 4.514930248260498
2024-04-10 15:16:48.560960:2024-04-10 15:16:48.560796: Current epoch: 280, loss: 0.6267057061195374, validation loss: 4.792388916015625
2024-04-10 15:16:50.946311:2024-04-10 15:16:50.946127: Current epoch: 281, loss: 0.6020506620407104, validation loss: 4.629184246063232
2024-04-10 15:16:53.367556:2024-04-10 15:16:53.367413: Current epoch: 282, loss: 0.5300419330596924, validation loss: 4.503818988800049
2024-04-10 15:16:55.838006:2024-04-10 15:16:55.837919: Current epoch: 283, loss: 0.5021066069602966, validation loss: 4.429694175720215
2024-04-10 15:16:58.202259:2024-04-10 15:16:58.202097: Current epoch: 284, loss: 0.5021873712539673, validation loss: 4.507913112640381
2024-04-10 15:17:00.558608:2024-04-10 15:17:00.558482: Current epoch: 285, loss: 0.5008328557014465, validation loss: 4.5289459228515625
2024-04-10 15:17:03.001059:2024-04-10 15:17:03.000908: Current epoch: 286, loss: 0.5381930470466614, validation loss: 4.599161624908447
2024-04-10 15:17:05.392474:2024-04-10 15:17:05.392298: Current epoch: 287, loss: 0.5795546174049377, validation loss: 4.6782612800598145
2024-04-10 15:17:07.781957:2024-04-10 15:17:07.781793: Current epoch: 288, loss: 0.5552255511283875, validation loss: 4.667994022369385
2024-04-10 15:17:10.098581:2024-04-10 15:17:10.098414: Current epoch: 289, loss: 0.5779268145561218, validation loss: 4.584129810333252
2024-04-10 15:17:12.414552:2024-04-10 15:17:12.414454: Current epoch: 290, loss: 0.5492749214172363, validation loss: 4.580124378204346
2024-04-10 15:17:14.806541:2024-04-10 15:17:14.806207: Current epoch: 291, loss: 0.5542864203453064, validation loss: 4.576664924621582
2024-04-10 15:17:17.211219:2024-04-10 15:17:17.211053: Current epoch: 292, loss: 0.6975029706954956, validation loss: 4.945330619812012
2024-04-10 15:17:19.594561:2024-04-10 15:17:19.594413: Current epoch: 293, loss: 0.6369875073432922, validation loss: 4.83117151260376
2024-04-10 15:17:21.906690:2024-04-10 15:17:21.906614: Current epoch: 294, loss: 0.6477134823799133, validation loss: 4.643868923187256
2024-04-10 15:17:24.325471:2024-04-10 15:17:24.325296: Current epoch: 295, loss: 0.5680037140846252, validation loss: 4.619581699371338
2024-04-10 15:17:26.677476:2024-04-10 15:17:26.677359: Current epoch: 296, loss: 0.5357800126075745, validation loss: 4.694770812988281
2024-04-10 15:17:29.008194:2024-04-10 15:17:29.008026: Current epoch: 297, loss: 0.4958557188510895, validation loss: 4.619560718536377
2024-04-10 15:17:31.433200:2024-04-10 15:17:31.433031: Current epoch: 298, loss: 0.4980041980743408, validation loss: 4.593479156494141
2024-04-10 15:17:33.799444:2024-04-10 15:17:33.799312: Current epoch: 299, loss: 0.4976314604282379, validation loss: 4.691841125488281
2024-04-10 15:17:36.156989:2024-04-10 15:17:36.156897: Current epoch: 300, loss: 0.515256941318512, validation loss: 5.014930248260498
2024-04-10 15:17:38.408409:2024-04-10 15:17:38.408322: Current epoch: 301, loss: 0.6285222768783569, validation loss: 4.696744918823242
2024-04-10 15:17:40.675546:2024-04-10 15:17:40.675471: Current epoch: 302, loss: 0.5493193864822388, validation loss: 4.745621681213379
2024-04-10 15:17:42.988449:2024-04-10 15:17:42.988376: Current epoch: 303, loss: 0.5875202417373657, validation loss: 4.7307634353637695
2024-04-10 15:17:45.396523:2024-04-10 15:17:45.396346: Current epoch: 304, loss: 0.6802386045455933, validation loss: 4.664900302886963
2024-04-10 15:17:47.715104:2024-04-10 15:17:47.714930: Current epoch: 305, loss: 0.5493125319480896, validation loss: 4.4807634353637695
2024-04-10 15:17:50.071581:2024-04-10 15:17:50.071430: Current epoch: 306, loss: 0.5190621614456177, validation loss: 4.669844627380371
2024-04-10 15:17:52.404224:2024-04-10 15:17:52.404054: Current epoch: 307, loss: 0.5914886593818665, validation loss: 4.809911727905273
2024-04-10 15:17:54.657526:2024-04-10 15:17:54.657448: Current epoch: 308, loss: 0.534756064414978, validation loss: 4.633572101593018
2024-04-10 15:17:56.945774:2024-04-10 15:17:56.945696: Current epoch: 309, loss: 0.4748786687850952, validation loss: 4.634076118469238
2024-04-10 15:17:59.206988:2024-04-10 15:17:59.206912: Current epoch: 310, loss: 0.4917404055595398, validation loss: 5.23216438293457
2024-04-10 15:18:01.560875:2024-04-10 15:18:01.560703: Current epoch: 311, loss: 0.6573745608329773, validation loss: 4.856536865234375
2024-04-10 15:18:03.899419:2024-04-10 15:18:03.899230: Current epoch: 312, loss: 0.7096868753433228, validation loss: 4.9855241775512695
2024-04-10 15:18:06.234393:2024-04-10 15:18:06.234191: Current epoch: 313, loss: 0.6182696223258972, validation loss: 4.754879951477051
2024-04-10 15:18:08.524161:2024-04-10 15:18:08.524087: Current epoch: 314, loss: 0.5085830688476562, validation loss: 4.682472229003906
2024-04-10 15:18:10.779204:2024-04-10 15:18:10.779128: Current epoch: 315, loss: 0.5266984701156616, validation loss: 4.698846340179443
2024-04-10 15:18:13.004747:2024-04-10 15:18:13.004666: Current epoch: 316, loss: 0.48930490016937256, validation loss: 4.6842780113220215
2024-04-10 15:18:15.450082:2024-04-10 15:18:15.449944: Current epoch: 317, loss: 0.5042927861213684, validation loss: 5.022529602050781
2024-04-10 15:18:17.765869:2024-04-10 15:18:17.765813: Current epoch: 318, loss: 0.4903199076652527, validation loss: 4.39935302734375
2024-04-10 15:18:20.069082:2024-04-10 15:18:20.069009: Current epoch: 319, loss: 0.46796947717666626, validation loss: 4.506125450134277
2024-04-10 15:18:25.038330:2024-04-10 15:18:25.038158: Current epoch: 320, loss: 0.692920982837677, validation loss: 4.777519226074219
2024-04-10 15:18:27.458424:2024-04-10 15:18:27.458241: Current epoch: 321, loss: 1.6498644351959229, validation loss: 4.934885025024414
2024-04-10 15:18:29.806683:2024-04-10 15:18:29.806510: Current epoch: 322, loss: 0.7023931741714478, validation loss: 4.800460338592529
2024-04-10 15:18:32.147501:2024-04-10 15:18:32.147337: Current epoch: 323, loss: 0.6026324033737183, validation loss: 4.7364349365234375
2024-04-10 15:18:34.514807:2024-04-10 15:18:34.514723: Current epoch: 324, loss: 0.6029627323150635, validation loss: 4.659368515014648
2024-04-10 15:18:36.855445:2024-04-10 15:18:36.855248: Current epoch: 325, loss: 0.4717578589916229, validation loss: 4.8006415367126465
2024-04-10 15:18:39.188423:2024-04-10 15:18:39.188254: Current epoch: 326, loss: 0.4377143979072571, validation loss: 4.664135932922363
2024-04-10 15:18:41.518692:2024-04-10 15:18:41.518552: Current epoch: 327, loss: 0.41537952423095703, validation loss: 4.619296073913574
2024-04-10 15:18:43.898159:2024-04-10 15:18:43.897991: Current epoch: 328, loss: 0.4344143271446228, validation loss: 4.652438163757324
2024-04-10 15:18:46.363490:2024-04-10 15:18:46.363324: Current epoch: 329, loss: 0.4269077777862549, validation loss: 4.608968257904053
2024-04-10 15:18:48.743912:2024-04-10 15:18:48.743614: Current epoch: 330, loss: 0.42923060059547424, validation loss: 4.734311580657959
2024-04-10 15:18:51.107438:2024-04-10 15:18:51.107354: Current epoch: 331, loss: 0.49085935950279236, validation loss: 4.621274471282959
2024-04-10 15:18:53.485744:2024-04-10 15:18:53.485666: Current epoch: 332, loss: 0.45149552822113037, validation loss: 4.899336814880371
2024-04-10 15:18:55.778340:2024-04-10 15:18:55.778238: Current epoch: 333, loss: 0.4873121678829193, validation loss: 4.814274311065674
2024-04-10 15:18:58.205139:2024-04-10 15:18:58.204937: Current epoch: 334, loss: 0.4895690083503723, validation loss: 4.642977714538574
2024-04-10 15:19:00.683980:2024-04-10 15:19:00.683681: Current epoch: 335, loss: 0.4580462872982025, validation loss: 4.65221643447876
2024-04-10 15:19:03.162679:2024-04-10 15:19:03.162505: Current epoch: 336, loss: 0.4512613117694855, validation loss: 4.682381629943848
2024-04-10 15:19:05.506021:2024-04-10 15:19:05.505863: Current epoch: 337, loss: 0.4637291431427002, validation loss: 4.6529622077941895
2024-04-10 15:19:07.851235:2024-04-10 15:19:07.851055: Current epoch: 338, loss: 0.7614133358001709, validation loss: 4.795627117156982
2024-04-10 15:19:10.206518:2024-04-10 15:19:10.206431: Current epoch: 339, loss: 0.6501273512840271, validation loss: 4.794727802276611
2024-04-10 15:19:12.580740:2024-04-10 15:19:12.580574: Current epoch: 340, loss: 0.7030925154685974, validation loss: 4.682888984680176
2024-04-10 15:19:14.952623:2024-04-10 15:19:14.952546: Current epoch: 341, loss: 0.5420450568199158, validation loss: 4.679145336151123
2024-04-10 15:19:17.270960:2024-04-10 15:19:17.270812: Current epoch: 342, loss: 0.5030455589294434, validation loss: 4.945932388305664
2024-04-10 15:19:19.550409:2024-04-10 15:19:19.550333: Current epoch: 343, loss: 0.47581955790519714, validation loss: 4.733465671539307
2024-04-10 15:19:21.879744:2024-04-10 15:19:21.879556: Current epoch: 344, loss: 0.47625502943992615, validation loss: 4.684462070465088
2024-04-10 15:19:24.234949:2024-04-10 15:19:24.234890: Current epoch: 345, loss: 0.44360771775245667, validation loss: 4.731861114501953
2024-04-10 15:19:26.563658:2024-04-10 15:19:26.563484: Current epoch: 346, loss: 0.47728583216667175, validation loss: 4.614311695098877
2024-04-10 15:19:28.942325:2024-04-10 15:19:28.942151: Current epoch: 347, loss: 0.45849233865737915, validation loss: 4.622612476348877
2024-04-10 15:19:31.307449:2024-04-10 15:19:31.307252: Current epoch: 348, loss: 0.46788129210472107, validation loss: 4.652896404266357
2024-04-10 15:19:33.633405:2024-04-10 15:19:33.633205: Current epoch: 349, loss: 0.48060333728790283, validation loss: 4.664085865020752
2024-04-10 15:19:35.985700:2024-04-10 15:19:35.985623: Current epoch: 350, loss: 0.46169790625572205, validation loss: 4.554492473602295
2024-04-10 15:19:38.485222:2024-04-10 15:19:38.485054: Current epoch: 351, loss: 0.6092449426651001, validation loss: 4.7467522621154785
2024-04-10 15:19:41.010320:2024-04-10 15:19:41.010123: Current epoch: 352, loss: 0.6227949261665344, validation loss: 4.78590726852417
2024-04-10 15:19:43.423231:2024-04-10 15:19:43.423095: Current epoch: 353, loss: 0.6244399547576904, validation loss: 4.645268440246582
2024-04-10 15:19:45.840705:2024-04-10 15:19:45.840550: Current epoch: 354, loss: 0.4928557574748993, validation loss: 4.527756690979004
2024-04-10 15:19:48.201319:2024-04-10 15:19:48.201193: Current epoch: 355, loss: 0.4409303367137909, validation loss: 4.64467191696167
2024-04-10 15:19:50.739738:2024-04-10 15:19:50.739567: Current epoch: 356, loss: 0.44035372138023376, validation loss: 4.651318550109863
2024-04-10 15:19:53.123019:2024-04-10 15:19:53.122941: Current epoch: 357, loss: 0.42439791560173035, validation loss: 4.694547653198242
2024-04-10 15:19:55.457702:2024-04-10 15:19:55.457638: Current epoch: 358, loss: 0.42611947655677795, validation loss: 4.664829254150391
2024-04-10 15:19:57.793337:2024-04-10 15:19:57.793240: Current epoch: 359, loss: 0.47368448972702026, validation loss: 4.763096332550049
2024-04-10 15:20:00.136129:2024-04-10 15:20:00.135957: Current epoch: 360, loss: 0.45918571949005127, validation loss: 4.571256160736084
2024-04-10 15:20:02.457377:2024-04-10 15:20:02.457218: Current epoch: 361, loss: 0.45235690474510193, validation loss: 4.663837432861328
2024-04-10 15:20:04.827042:2024-04-10 15:20:04.826936: Current epoch: 362, loss: 0.5604835152626038, validation loss: 5.611142158508301
2024-04-10 15:20:07.222418:2024-04-10 15:20:07.222228: Current epoch: 363, loss: 0.6880409121513367, validation loss: 4.6315436363220215
2024-04-10 15:20:09.594038:2024-04-10 15:20:09.593893: Current epoch: 364, loss: 0.5885939002037048, validation loss: 4.831570625305176
2024-04-10 15:20:11.949367:2024-04-10 15:20:11.949269: Current epoch: 365, loss: 0.5825079679489136, validation loss: 4.615885257720947
2024-04-10 15:20:14.306493:2024-04-10 15:20:14.306342: Current epoch: 366, loss: 0.45737671852111816, validation loss: 4.710328578948975
2024-04-10 15:20:16.733932:2024-04-10 15:20:16.733764: Current epoch: 367, loss: 0.4277331829071045, validation loss: 4.656667232513428
2024-04-10 15:20:19.184190:2024-04-10 15:20:19.184024: Current epoch: 368, loss: 0.4344685673713684, validation loss: 4.654582977294922
2024-04-10 15:20:21.610914:2024-04-10 15:20:21.610756: Current epoch: 369, loss: 0.5817772150039673, validation loss: 5.023970603942871
2024-04-10 15:20:24.007310:2024-04-10 15:20:24.007064: Current epoch: 370, loss: 0.7254069447517395, validation loss: 4.8885273933410645
2024-04-10 15:20:26.438373:2024-04-10 15:20:26.438193: Current epoch: 371, loss: 0.5604574680328369, validation loss: 4.90179967880249
2024-04-10 15:20:28.901504:2024-04-10 15:20:28.901348: Current epoch: 372, loss: 0.536706268787384, validation loss: 4.734591960906982
2024-04-10 15:20:31.276465:2024-04-10 15:20:31.276333: Current epoch: 373, loss: 0.47408047318458557, validation loss: 4.715910911560059
2024-04-10 15:20:33.656247:2024-04-10 15:20:33.656156: Current epoch: 374, loss: 0.508574366569519, validation loss: 4.671875
2024-04-10 15:20:35.950810:2024-04-10 15:20:35.950666: Current epoch: 375, loss: 0.48602378368377686, validation loss: 4.726720809936523
2024-04-10 15:20:38.366586:2024-04-10 15:20:38.366312: Current epoch: 376, loss: 0.4344441890716553, validation loss: 4.685245037078857
2024-04-10 15:20:40.642398:2024-04-10 15:20:40.642222: Current epoch: 377, loss: 0.48398369550704956, validation loss: 4.678961753845215
2024-04-10 15:20:43.144790:2024-04-10 15:20:43.144637: Current epoch: 378, loss: 0.4705275297164917, validation loss: 4.767088413238525
2024-04-10 15:20:45.510097:2024-04-10 15:20:45.509940: Current epoch: 379, loss: 0.5350461006164551, validation loss: 4.681445598602295
2024-04-10 15:20:47.834550:2024-04-10 15:20:47.834404: Current epoch: 380, loss: 0.4423258602619171, validation loss: 4.639378070831299
2024-04-10 15:20:50.184544:2024-04-10 15:20:50.184399: Current epoch: 381, loss: 0.41737911105155945, validation loss: 4.8598527908325195
2024-04-10 15:20:52.502980:2024-04-10 15:20:52.502903: Current epoch: 382, loss: 0.4334057569503784, validation loss: 4.5497612953186035
2024-04-10 15:20:54.876478:2024-04-10 15:20:54.876403: Current epoch: 383, loss: 0.4046558439731598, validation loss: 4.494690418243408
2024-04-10 15:20:57.229381:2024-04-10 15:20:57.229309: Current epoch: 384, loss: 0.42781782150268555, validation loss: 4.7380452156066895
2024-04-10 15:20:59.610084:2024-04-10 15:20:59.609973: Current epoch: 385, loss: 0.5429129004478455, validation loss: 4.6231913566589355
2024-04-10 15:21:01.994724:2024-04-10 15:21:01.994450: Current epoch: 386, loss: 0.6554858684539795, validation loss: 4.718846321105957
2024-04-10 15:21:04.310222:2024-04-10 15:21:04.310109: Current epoch: 387, loss: 0.595791757106781, validation loss: 4.767278671264648
2024-04-10 15:21:06.553942:2024-04-10 15:21:06.553870: Current epoch: 388, loss: 0.5743666291236877, validation loss: 5.03895902633667
2024-04-10 15:21:08.896577:2024-04-10 15:21:08.896509: Current epoch: 389, loss: 0.6107179522514343, validation loss: 5.048641681671143
2024-04-10 15:21:11.192889:2024-04-10 15:21:11.192795: Current epoch: 390, loss: 0.6195281744003296, validation loss: 4.7814459800720215
2024-04-10 15:21:13.482227:2024-04-10 15:21:13.482155: Current epoch: 391, loss: 0.5714050531387329, validation loss: 4.806094646453857
2024-04-10 15:21:15.821521:2024-04-10 15:21:15.821343: Current epoch: 392, loss: 0.5887584090232849, validation loss: 5.055920124053955
2024-04-10 15:21:18.221063:2024-04-10 15:21:18.220765: Current epoch: 393, loss: 0.5398231744766235, validation loss: 4.89005184173584
2024-04-10 15:21:20.517841:2024-04-10 15:21:20.517675: Current epoch: 394, loss: 0.5257063508033752, validation loss: 4.6329755783081055
2024-04-10 15:21:22.838054:2024-04-10 15:21:22.837914: Current epoch: 395, loss: 0.4309889078140259, validation loss: 4.7303056716918945
2024-04-10 15:21:25.149499:2024-04-10 15:21:25.149401: Current epoch: 396, loss: 0.39144644141197205, validation loss: 4.8103928565979
2024-04-10 15:21:27.510526:2024-04-10 15:21:27.510353: Current epoch: 397, loss: 0.3630218505859375, validation loss: 4.772408485412598
2024-04-10 15:21:29.822999:2024-04-10 15:21:29.822918: Current epoch: 398, loss: 0.4563831686973572, validation loss: 4.716200828552246
2024-04-10 15:21:32.196180:2024-04-10 15:21:32.196048: Current epoch: 399, loss: 0.45301273465156555, validation loss: 4.626060485839844
2024-04-10 15:21:34.507317:2024-04-10 15:21:34.507130: Current epoch: 400, loss: 0.4277637004852295, validation loss: 4.746792316436768
2024-04-10 15:21:36.794233:2024-04-10 15:21:36.794156: Current epoch: 401, loss: 0.40559834241867065, validation loss: 4.6465349197387695
2024-04-10 15:21:39.057976:2024-04-10 15:21:39.057804: Current epoch: 402, loss: 0.39794740080833435, validation loss: 4.603166580200195
2024-04-10 15:21:41.368383:2024-04-10 15:21:41.368308: Current epoch: 403, loss: 0.40022704005241394, validation loss: 4.671692371368408
2024-04-10 15:21:43.654661:2024-04-10 15:21:43.654582: Current epoch: 404, loss: 0.4288136661052704, validation loss: 4.595419406890869
2024-04-10 15:21:45.891555:2024-04-10 15:21:45.891478: Current epoch: 405, loss: 0.4598965644836426, validation loss: 4.592457294464111
2024-04-10 15:21:48.161915:2024-04-10 15:21:48.161837: Current epoch: 406, loss: 0.45704153180122375, validation loss: 4.650611877441406
2024-04-10 15:21:50.550020:2024-04-10 15:21:50.549854: Current epoch: 407, loss: 0.46118804812431335, validation loss: 4.623622417449951
2024-04-10 15:21:52.934650:2024-04-10 15:21:52.934492: Current epoch: 408, loss: 0.6549389362335205, validation loss: 4.636802673339844
2024-04-10 15:21:55.385075:2024-04-10 15:21:55.384998: Current epoch: 409, loss: 0.4512336254119873, validation loss: 4.7204108238220215
2024-04-10 15:21:57.671030:2024-04-10 15:21:57.670866: Current epoch: 410, loss: 0.4298320710659027, validation loss: 4.714912414550781
2024-04-10 15:21:59.989521:2024-04-10 15:21:59.989443: Current epoch: 411, loss: 0.5036022067070007, validation loss: 4.736969947814941
2024-04-10 15:22:02.315751:2024-04-10 15:22:02.315591: Current epoch: 412, loss: 0.560879647731781, validation loss: 4.542092800140381
2024-04-10 15:22:04.585909:2024-04-10 15:22:04.585837: Current epoch: 413, loss: 0.4530457854270935, validation loss: 4.655038356781006
2024-04-10 15:22:06.941233:2024-04-10 15:22:06.940927: Current epoch: 414, loss: 0.4203488230705261, validation loss: 4.493208885192871
2024-04-10 15:22:09.275737:2024-04-10 15:22:09.275665: Current epoch: 415, loss: 0.3880839943885803, validation loss: 4.689730167388916
2024-04-10 15:22:11.566073:2024-04-10 15:22:11.566001: Current epoch: 416, loss: 0.42270028591156006, validation loss: 4.6217360496521
2024-04-10 15:22:13.913969:2024-04-10 15:22:13.913888: Current epoch: 417, loss: 0.44480082392692566, validation loss: 4.5664896965026855
2024-04-10 15:22:16.317136:2024-04-10 15:22:16.317052: Current epoch: 418, loss: 0.405160129070282, validation loss: 4.57006311416626
2024-04-10 15:22:16.510240:the test error is  [4.563380241394043, 4.563380241394043]
2024-04-10 15:22:19.120599:saved model to sample/alignn_bert-base-uncased_robo_prop_slme
2024-04-10 15:22:19.440364:done