
2024-04-09 01:56:13.165544:job config: {'train_data_path': '/data/yll6162/alignntl_dft_3d/tl_dataset/dataset_alignn_bert-base-uncased_robo_prop_ehull_train.csv', 'val_data_path': '/data/yll6162/alignntl_dft_3d/tl_dataset/dataset_alignn_bert-base-uncased_robo_prop_ehull_val.csv', 'test_data_path': '/data/yll6162/alignntl_dft_3d/tl_dataset/dataset_alignn_bert-base-uncased_robo_prop_ehull_test.csv', 'label': 'ehull', 'input_type': None, 'log_folder': 'log', 'log_file': 'alignn_bert-base-uncased_robo_prop_ehull.log', 'test_metric': 'mae', 'architecture': '1024Rx4D-512Rx3D-256Rx3D-128Rx3D-64Rx2-32Rx1-1', 'model_seed': 0, 'loss_type': 'mae', 'config_file': 'sample/alignn_bert-base-uncased_robo_prop_ehull_job.config', 'use_valid': True, 'project': 'MOF', 'regressors': None, 'input_types': None, 'paramsGrid': {'optimizer': 'Adam', 'learning_rate': 0.0001, 'patience': 100, 'dropouts': [0.8, 0.9, 0.7, 0.8], 'EVAL_FREQUENCY': 1000}, 'save_path': 'sample/alignn_bert-base-uncased_robo_prop_ehull', 'model_path': None, 'last_layer_with_weight': True, 'keras_path': 'model/alignn_bert-base-uncased_robo_prop_ehull', 'test_size': None, 'val_size': None}
2024-04-09 01:56:13.165608:train data path is  /data/yll6162/alignntl_dft_3d/tl_dataset/dataset_alignn_bert-base-uncased_robo_prop_ehull_train.csv
2024-04-09 01:56:27.611439:input attribute sets are:  None
2024-04-09 01:56:27.611686:test data path is  /data/yll6162/alignntl_dft_3d/tl_dataset/dataset_alignn_bert-base-uncased_robo_prop_ehull_test.csv
2024-04-09 01:56:29.339722:val data path is  /data/yll6162/alignntl_dft_3d/tl_dataset/dataset_alignn_bert-base-uncased_robo_prop_ehull_val.csv
2024-04-09 01:56:31.089030:input attributes are:  Index(['0', '1', '2', '3', '4', '5', '6', '7', '8', '9',
       ...
       '758.1', '759.1', '760.1', '761.1', '762.1', '763.1', '764.1', '765.1',
       '766.1', '767.1'],
      dtype='object', length=1536)
2024-04-09 01:56:31.089171:label: ehull
2024-04-09 01:56:43.803560: train, test, valid sizes:  (59939, 1536) (59939,) (7493, 1536) (7493,) (7494, 1536) (7494,)
2024-04-09 01:56:44.079181:train matrix shape of train_X:  (59939, 1536)  train_y:  (59939,)
2024-04-09 01:56:44.079334:valid matrix shape of train_X:  (7494, 1536)  valid_y:  (7494,)
2024-04-09 01:56:44.079401:test matrix shape of valid_X:   (7493, 1536)  test_y:  (7493,)
2024-04-09 01:56:44.079457:architecture is:  1024Rx4D-512Rx3D-256Rx3D-128Rx3D-64Rx2-32Rx1-1
2024-04-09 01:56:44.079494:learning rate is  0.0001
2024-04-09 01:56:44.079525:model path is  None
2024-04-09 01:56:44.088282:adding fully connected layers with 1024 outputs
2024-04-09 01:56:46.095289:adding residual with fc as the size are different
2024-04-09 01:56:46.102680:adding fully connected layers with 1024 outputs
2024-04-09 01:56:46.107936:adding residual, both sizes are same
2024-04-09 01:56:46.110125:adding fully connected layers with 1024 outputs
2024-04-09 01:56:46.114733:adding residual, both sizes are same
2024-04-09 01:56:46.116670:adding fully connected layers with 1024 outputs
2024-04-09 01:56:46.121421:adding residual, both sizes are same
2024-04-09 01:56:46.123544:adding dropout 0.8
2024-04-09 01:56:46.128317:adding fully connected layers with 512 outputs
2024-04-09 01:56:46.133450:adding residual with fc as the size are different
2024-04-09 01:56:46.139718:adding fully connected layers with 512 outputs
2024-04-09 01:56:46.144774:adding residual, both sizes are same
2024-04-09 01:56:46.147632:adding fully connected layers with 512 outputs
2024-04-09 01:56:46.152237:adding residual, both sizes are same
2024-04-09 01:56:46.154090:adding dropout 0.9
2024-04-09 01:56:46.155698:adding fully connected layers with 256 outputs
2024-04-09 01:56:46.160845:adding residual with fc as the size are different
2024-04-09 01:56:46.166865:adding fully connected layers with 256 outputs
2024-04-09 01:56:46.171810:adding residual, both sizes are same
2024-04-09 01:56:46.177823:adding fully connected layers with 256 outputs
2024-04-09 01:56:46.189296:adding residual, both sizes are same
2024-04-09 01:56:46.193652:adding dropout 0.7
2024-04-09 01:56:46.198517:adding fully connected layers with 128 outputs
2024-04-09 01:56:46.207714:adding residual with fc as the size are different
2024-04-09 01:56:46.214180:adding fully connected layers with 128 outputs
2024-04-09 01:56:46.218970:adding residual, both sizes are same
2024-04-09 01:56:46.220847:adding fully connected layers with 128 outputs
2024-04-09 01:56:46.225658:adding residual, both sizes are same
2024-04-09 01:56:46.227486:adding dropout 0.8
2024-04-09 01:56:46.229074:adding fully connected layers with 64 outputs
2024-04-09 01:56:46.234173:adding residual with fc as the size are different
2024-04-09 01:56:46.240484:adding fully connected layers with 64 outputs
2024-04-09 01:56:46.245355:adding residual, both sizes are same
2024-04-09 01:56:46.247266:adding fully connected layers with 32 outputs
2024-04-09 01:56:46.252377:adding residual with fc as the size are different
2024-04-09 01:56:46.258626:adding final layer with 1 output
2024-04-09 01:56:46.268357:Model: "ElemNet"
2024-04-09 01:56:46.268426:__________________________________________________________________________________________________
2024-04-09 01:56:46.268474:Layer (type)                    Output Shape         Param #     Connected to                     
2024-04-09 01:56:46.268522:==================================================================================================
2024-04-09 01:56:46.268725:elemental_fractions (InputLayer [(None, 1536)]       0                                            
2024-04-09 01:56:46.268769:__________________________________________________________________________________________________
2024-04-09 01:56:46.268928:fc0_0 (Dense)                   (None, 1024)         1573888     elemental_fractions[0][0]        
2024-04-09 01:56:46.268972:__________________________________________________________________________________________________
2024-04-09 01:56:46.269078:fc0_dim_0 (Dense)               (None, 1024)         1573888     elemental_fractions[0][0]        
2024-04-09 01:56:46.269119:__________________________________________________________________________________________________
2024-04-09 01:56:46.269197:tf.__operators__.add (TFOpLambd (None, 1024)         0           fc0_0[0][0]                      
2024-04-09 01:56:46.269239:                                                                 fc0_dim_0[0][0]                  
2024-04-09 01:56:46.269278:__________________________________________________________________________________________________
2024-04-09 01:56:46.269383:fc0_1 (Dense)                   (None, 1024)         1049600     tf.__operators__.add[0][0]       
2024-04-09 01:56:46.269424:__________________________________________________________________________________________________
2024-04-09 01:56:46.269498:tf.__operators__.add_1 (TFOpLam (None, 1024)         0           fc0_1[0][0]                      
2024-04-09 01:56:46.269539:                                                                 tf.__operators__.add[0][0]       
2024-04-09 01:56:46.269572:__________________________________________________________________________________________________
2024-04-09 01:56:46.269669:fc0_2 (Dense)                   (None, 1024)         1049600     tf.__operators__.add_1[0][0]     
2024-04-09 01:56:46.269709:__________________________________________________________________________________________________
2024-04-09 01:56:46.269781:tf.__operators__.add_2 (TFOpLam (None, 1024)         0           fc0_2[0][0]                      
2024-04-09 01:56:46.269820:                                                                 tf.__operators__.add_1[0][0]     
2024-04-09 01:56:46.269854:__________________________________________________________________________________________________
2024-04-09 01:56:46.269950:fc0_3 (Dense)                   (None, 1024)         1049600     tf.__operators__.add_2[0][0]     
2024-04-09 01:56:46.269990:__________________________________________________________________________________________________
2024-04-09 01:56:46.270061:tf.__operators__.add_3 (TFOpLam (None, 1024)         0           fc0_3[0][0]                      
2024-04-09 01:56:46.270101:                                                                 tf.__operators__.add_2[0][0]     
2024-04-09 01:56:46.270144:__________________________________________________________________________________________________
2024-04-09 01:56:46.270216:dropout (Dropout)               (None, 1024)         0           tf.__operators__.add_3[0][0]     
2024-04-09 01:56:46.270253:__________________________________________________________________________________________________
2024-04-09 01:56:46.270774:fc1_0 (Dense)                   (None, 512)          524800      dropout[0][0]                    
2024-04-09 01:56:46.270993:__________________________________________________________________________________________________
2024-04-09 01:56:46.271428:fc1_dim_0 (Dense)               (None, 512)          524800      dropout[0][0]                    
2024-04-09 01:56:46.271582:__________________________________________________________________________________________________
2024-04-09 01:56:46.271859:tf.__operators__.add_4 (TFOpLam (None, 512)          0           fc1_0[0][0]                      
2024-04-09 01:56:46.272010:                                                                 fc1_dim_0[0][0]                  
2024-04-09 01:56:46.272138:__________________________________________________________________________________________________
2024-04-09 01:56:46.272514:fc1_1 (Dense)                   (None, 512)          262656      tf.__operators__.add_4[0][0]     
2024-04-09 01:56:46.272657:__________________________________________________________________________________________________
2024-04-09 01:56:46.272921:tf.__operators__.add_5 (TFOpLam (None, 512)          0           fc1_1[0][0]                      
2024-04-09 01:56:46.273068:                                                                 tf.__operators__.add_4[0][0]     
2024-04-09 01:56:46.273192:__________________________________________________________________________________________________
2024-04-09 01:56:46.273562:fc1_2 (Dense)                   (None, 512)          262656      tf.__operators__.add_5[0][0]     
2024-04-09 01:56:46.273716:__________________________________________________________________________________________________
2024-04-09 01:56:46.273975:tf.__operators__.add_6 (TFOpLam (None, 512)          0           fc1_2[0][0]                      
2024-04-09 01:56:46.274121:                                                                 tf.__operators__.add_5[0][0]     
2024-04-09 01:56:46.274243:__________________________________________________________________________________________________
2024-04-09 01:56:46.274503:dropout_1 (Dropout)             (None, 512)          0           tf.__operators__.add_6[0][0]     
2024-04-09 01:56:46.274634:__________________________________________________________________________________________________
2024-04-09 01:56:46.274984:fc2_0 (Dense)                   (None, 256)          131328      dropout_1[0][0]                  
2024-04-09 01:56:46.275125:__________________________________________________________________________________________________
2024-04-09 01:56:46.275485:fc2_dim_0 (Dense)               (None, 256)          131328      dropout_1[0][0]                  
2024-04-09 01:56:46.275626:__________________________________________________________________________________________________
2024-04-09 01:56:46.275884:tf.__operators__.add_7 (TFOpLam (None, 256)          0           fc2_0[0][0]                      
2024-04-09 01:56:46.276031:                                                                 fc2_dim_0[0][0]                  
2024-04-09 01:56:46.276155:__________________________________________________________________________________________________
2024-04-09 01:56:46.276514:fc2_1 (Dense)                   (None, 256)          65792       tf.__operators__.add_7[0][0]     
2024-04-09 01:56:46.276654:__________________________________________________________________________________________________
2024-04-09 01:56:46.276911:tf.__operators__.add_8 (TFOpLam (None, 256)          0           fc2_1[0][0]                      
2024-04-09 01:56:46.277071:                                                                 tf.__operators__.add_7[0][0]     
2024-04-09 01:56:46.277197:__________________________________________________________________________________________________
2024-04-09 01:56:46.277557:fc2_2 (Dense)                   (None, 256)          65792       tf.__operators__.add_8[0][0]     
2024-04-09 01:56:46.277698:__________________________________________________________________________________________________
2024-04-09 01:56:46.277951:tf.__operators__.add_9 (TFOpLam (None, 256)          0           fc2_2[0][0]                      
2024-04-09 01:56:46.278097:                                                                 tf.__operators__.add_8[0][0]     
2024-04-09 01:56:46.278221:__________________________________________________________________________________________________
2024-04-09 01:56:46.278478:dropout_2 (Dropout)             (None, 256)          0           tf.__operators__.add_9[0][0]     
2024-04-09 01:56:46.278607:__________________________________________________________________________________________________
2024-04-09 01:56:46.278951:fc3_0 (Dense)                   (None, 128)          32896       dropout_2[0][0]                  
2024-04-09 01:56:46.279090:__________________________________________________________________________________________________
2024-04-09 01:56:46.279447:fc3_dim_0 (Dense)               (None, 128)          32896       dropout_2[0][0]                  
2024-04-09 01:56:46.279522:__________________________________________________________________________________________________
2024-04-09 01:56:46.279659:tf.__operators__.add_10 (TFOpLa (None, 128)          0           fc3_0[0][0]                      
2024-04-09 01:56:46.279735:                                                                 fc3_dim_0[0][0]                  
2024-04-09 01:56:46.279801:__________________________________________________________________________________________________
2024-04-09 01:56:46.279981:fc3_1 (Dense)                   (None, 128)          16512       tf.__operators__.add_10[0][0]    
2024-04-09 01:56:46.280057:__________________________________________________________________________________________________
2024-04-09 01:56:46.280192:tf.__operators__.add_11 (TFOpLa (None, 128)          0           fc3_1[0][0]                      
2024-04-09 01:56:46.280269:                                                                 tf.__operators__.add_10[0][0]    
2024-04-09 01:56:46.280343:__________________________________________________________________________________________________
2024-04-09 01:56:46.280526:fc3_2 (Dense)                   (None, 128)          16512       tf.__operators__.add_11[0][0]    
2024-04-09 01:56:46.280602:__________________________________________________________________________________________________
2024-04-09 01:56:46.280736:tf.__operators__.add_12 (TFOpLa (None, 128)          0           fc3_2[0][0]                      
2024-04-09 01:56:46.280811:                                                                 tf.__operators__.add_11[0][0]    
2024-04-09 01:56:46.280875:__________________________________________________________________________________________________
2024-04-09 01:56:46.281003:dropout_3 (Dropout)             (None, 128)          0           tf.__operators__.add_12[0][0]    
2024-04-09 01:56:46.281072:__________________________________________________________________________________________________
2024-04-09 01:56:46.281252:fc4_0 (Dense)                   (None, 64)           8256        dropout_3[0][0]                  
2024-04-09 01:56:46.281354:__________________________________________________________________________________________________
2024-04-09 01:56:46.281605:fc4_dim_0 (Dense)               (None, 64)           8256        dropout_3[0][0]                  
2024-04-09 01:56:46.281718:__________________________________________________________________________________________________
2024-04-09 01:56:46.281979:tf.__operators__.add_13 (TFOpLa (None, 64)           0           fc4_0[0][0]                      
2024-04-09 01:56:46.282141:                                                                 fc4_dim_0[0][0]                  
2024-04-09 01:56:46.282288:__________________________________________________________________________________________________
2024-04-09 01:56:46.282482:fc4_1 (Dense)                   (None, 64)           4160        tf.__operators__.add_13[0][0]    
2024-04-09 01:56:46.282559:__________________________________________________________________________________________________
2024-04-09 01:56:46.282693:tf.__operators__.add_14 (TFOpLa (None, 64)           0           fc4_1[0][0]                      
2024-04-09 01:56:46.282769:                                                                 tf.__operators__.add_13[0][0]    
2024-04-09 01:56:46.282834:__________________________________________________________________________________________________
2024-04-09 01:56:46.283017:fc5_0 (Dense)                   (None, 32)           2080        tf.__operators__.add_14[0][0]    
2024-04-09 01:56:46.283094:__________________________________________________________________________________________________
2024-04-09 01:56:46.283284:fc5_dim_0 (Dense)               (None, 32)           2080        tf.__operators__.add_14[0][0]    
2024-04-09 01:56:46.283364:__________________________________________________________________________________________________
2024-04-09 01:56:46.283501:tf.__operators__.add_15 (TFOpLa (None, 32)           0           fc5_0[0][0]                      
2024-04-09 01:56:46.283578:                                                                 fc5_dim_0[0][0]                  
2024-04-09 01:56:46.283642:__________________________________________________________________________________________________
2024-04-09 01:56:46.283824:fc6 (Dense)                     (None, 1)            33          tf.__operators__.add_15[0][0]    
2024-04-09 01:56:46.283899:==================================================================================================
2024-04-09 01:56:46.285072:Total params: 8,389,409
2024-04-09 01:56:46.285162:Trainable params: 8,389,409
2024-04-09 01:56:46.285232:Non-trainable params: 0
2024-04-09 01:56:46.285312:__________________________________________________________________________________________________
2024-04-09 01:56:46.298481:start training
2024-04-09 01:57:05.608660:2024-04-09 01:57:05.608588: Current epoch: 0, loss: 1.4452757835388184, validation loss: 0.49430426955223083
2024-04-09 01:57:22.516107:2024-04-09 01:57:22.516021: Current epoch: 1, loss: 0.30163684487342834, validation loss: 0.1793617457151413
2024-04-09 01:57:39.027817:2024-04-09 01:57:39.027649: Current epoch: 2, loss: 0.20521435141563416, validation loss: 0.22708861529827118
2024-04-09 01:57:55.692324:2024-04-09 01:57:55.692122: Current epoch: 3, loss: 0.15357428789138794, validation loss: 0.19651374220848083
2024-04-09 01:58:12.430872:2024-04-09 01:58:12.430785: Current epoch: 4, loss: 0.13435012102127075, validation loss: 0.1686307042837143
2024-04-09 01:58:29.251526:2024-04-09 01:58:29.251345: Current epoch: 5, loss: 0.11306387186050415, validation loss: 0.20148980617523193
2024-04-09 01:58:45.314004:2024-04-09 01:58:45.313919: Current epoch: 6, loss: 0.10223128646612167, validation loss: 0.11482048779726028
2024-04-09 01:59:01.524010:2024-04-09 01:59:01.523925: Current epoch: 7, loss: 0.09119581431150436, validation loss: 0.10512097179889679
2024-04-09 01:59:18.216235:2024-04-09 01:59:18.216130: Current epoch: 8, loss: 0.08323094248771667, validation loss: 0.09590907394886017
2024-04-09 01:59:34.494704:2024-04-09 01:59:34.494615: Current epoch: 9, loss: 0.07759582996368408, validation loss: 0.08808889240026474
2024-04-09 01:59:53.825249:2024-04-09 01:59:53.825170: Current epoch: 10, loss: 0.07197697460651398, validation loss: 0.07676699012517929
2024-04-09 02:00:10.142247:2024-04-09 02:00:10.142155: Current epoch: 11, loss: 0.06621749699115753, validation loss: 0.060642633587121964
2024-04-09 02:00:26.644960:2024-04-09 02:00:26.644790: Current epoch: 12, loss: 0.0625879243016243, validation loss: 0.08233248442411423
2024-04-09 02:00:43.212541:2024-04-09 02:00:43.212369: Current epoch: 13, loss: 0.06149579584598541, validation loss: 0.06275413185358047
2024-04-09 02:00:59.933944:2024-04-09 02:00:59.933774: Current epoch: 14, loss: 0.057386890053749084, validation loss: 0.07891235500574112
2024-04-09 02:01:16.633131:2024-04-09 02:01:16.633050: Current epoch: 15, loss: 0.054101888090372086, validation loss: 0.058248233050107956
2024-04-09 02:01:33.377644:2024-04-09 02:01:33.377473: Current epoch: 16, loss: 0.05108463764190674, validation loss: 0.06096375733613968
2024-04-09 02:01:49.890175:2024-04-09 02:01:49.890067: Current epoch: 17, loss: 0.05037989094853401, validation loss: 0.058963194489479065
2024-04-09 02:02:06.773198:2024-04-09 02:02:06.773116: Current epoch: 18, loss: 0.04801703989505768, validation loss: 0.052522212266922
2024-04-09 02:02:24.613813:2024-04-09 02:02:24.613653: Current epoch: 19, loss: 0.046607520431280136, validation loss: 0.05778443440794945
2024-04-09 02:02:44.067063:2024-04-09 02:02:44.066895: Current epoch: 20, loss: 0.04488798603415489, validation loss: 0.05564701929688454
2024-04-09 02:03:01.245488:2024-04-09 02:03:01.245321: Current epoch: 21, loss: 0.04223788157105446, validation loss: 0.05684220790863037
2024-04-09 02:03:18.042558:2024-04-09 02:03:18.042373: Current epoch: 22, loss: 0.04195806011557579, validation loss: 0.05259448289871216
2024-04-09 02:03:34.962659:2024-04-09 02:03:34.962549: Current epoch: 23, loss: 0.04037727415561676, validation loss: 0.06650121510028839
2024-04-09 02:03:51.972718:2024-04-09 02:03:51.972626: Current epoch: 24, loss: 0.04027922451496124, validation loss: 0.05079113692045212
2024-04-09 02:04:09.131778:2024-04-09 02:04:09.131613: Current epoch: 25, loss: 0.03817213326692581, validation loss: 0.05402466654777527
2024-04-09 02:04:26.214087:2024-04-09 02:04:26.213994: Current epoch: 26, loss: 0.0371258445084095, validation loss: 0.04994458705186844
2024-04-09 02:04:43.456516:2024-04-09 02:04:43.456431: Current epoch: 27, loss: 0.036151520907878876, validation loss: 0.0493483729660511
2024-04-09 02:05:00.436954:2024-04-09 02:05:00.436786: Current epoch: 28, loss: 0.03538544848561287, validation loss: 0.04973318800330162
2024-04-09 02:05:17.691459:2024-04-09 02:05:17.691246: Current epoch: 29, loss: 0.03404621779918671, validation loss: 0.04958638176321983
2024-04-09 02:05:37.611910:2024-04-09 02:05:37.611727: Current epoch: 30, loss: 0.03369976952672005, validation loss: 0.0517878495156765
2024-04-09 02:05:54.959853:2024-04-09 02:05:54.959671: Current epoch: 31, loss: 0.03243749588727951, validation loss: 0.05061997473239899
2024-04-09 02:06:12.189150:2024-04-09 02:06:12.189069: Current epoch: 32, loss: 0.03241278603672981, validation loss: 0.046947769820690155
2024-04-09 02:06:28.970629:2024-04-09 02:06:28.970438: Current epoch: 33, loss: 0.03113354928791523, validation loss: 0.047011930495500565
2024-04-09 02:06:45.573017:2024-04-09 02:06:45.572855: Current epoch: 34, loss: 0.030800633132457733, validation loss: 0.054993391036987305
2024-04-09 02:07:02.239423:2024-04-09 02:07:02.239338: Current epoch: 35, loss: 0.029860595241189003, validation loss: 0.0446130707859993
2024-04-09 02:07:19.383771:2024-04-09 02:07:19.383639: Current epoch: 36, loss: 0.029614711180329323, validation loss: 0.04840351268649101
2024-04-09 02:07:36.019358:2024-04-09 02:07:36.019207: Current epoch: 37, loss: 0.029099687933921814, validation loss: 0.04725243151187897
2024-04-09 02:07:53.387254:2024-04-09 02:07:53.387172: Current epoch: 38, loss: 0.028525706380605698, validation loss: 0.04378516599535942
2024-04-09 02:08:10.099739:2024-04-09 02:08:10.099579: Current epoch: 39, loss: 0.02751779928803444, validation loss: 0.04735131189227104
2024-04-09 02:08:29.258127:2024-04-09 02:08:29.257984: Current epoch: 40, loss: 0.027347521856427193, validation loss: 0.046941135078668594
2024-04-09 02:08:46.140701:2024-04-09 02:08:46.140531: Current epoch: 41, loss: 0.026688747107982635, validation loss: 0.04573963209986687
2024-04-09 02:09:03.335219:2024-04-09 02:09:03.335032: Current epoch: 42, loss: 0.02610982209444046, validation loss: 0.04736774414777756
2024-04-09 02:09:20.555989:2024-04-09 02:09:20.555907: Current epoch: 43, loss: 0.025692462921142578, validation loss: 0.04272761568427086
2024-04-09 02:09:37.731833:2024-04-09 02:09:37.731666: Current epoch: 44, loss: 0.025453031063079834, validation loss: 0.04332232102751732
2024-04-09 02:09:54.213689:2024-04-09 02:09:54.213526: Current epoch: 45, loss: 0.024780867621302605, validation loss: 0.050461020320653915
2024-04-09 02:10:10.536628:2024-04-09 02:10:10.536441: Current epoch: 46, loss: 0.024459443986415863, validation loss: 0.04336871951818466
2024-04-09 09:06:33.266682:2024-04-09 09:06:33.266564: Current epoch: 47, loss: 0.02416933700442314, validation loss: 0.042604025453329086
2024-04-09 09:06:50.048826:2024-04-09 09:06:50.048672: Current epoch: 48, loss: 0.023610221222043037, validation loss: 0.0429241806268692
2024-04-09 09:07:06.759825:2024-04-09 09:07:06.759733: Current epoch: 49, loss: 0.023073071613907814, validation loss: 0.041828703135252
2024-04-09 09:07:26.587130:2024-04-09 09:07:26.587047: Current epoch: 50, loss: 0.022815771400928497, validation loss: 0.04143271967768669
2024-04-09 09:07:43.546643:2024-04-09 09:07:43.546482: Current epoch: 51, loss: 0.022810036316514015, validation loss: 0.04196607694029808
2024-04-09 09:08:01.104955:2024-04-09 09:08:01.104776: Current epoch: 52, loss: 0.0222557932138443, validation loss: 0.042429838329553604
2024-04-09 09:08:18.591353:2024-04-09 09:08:18.591260: Current epoch: 53, loss: 0.022395694628357887, validation loss: 0.041087210178375244
2024-04-09 09:08:35.430239:2024-04-09 09:08:35.430063: Current epoch: 54, loss: 0.022030536085367203, validation loss: 0.04139334335923195
2024-04-09 09:08:51.978159:2024-04-09 09:08:51.977983: Current epoch: 55, loss: 0.021278217434883118, validation loss: 0.04161141812801361
2024-04-09 09:09:08.929454:2024-04-09 09:09:08.929296: Current epoch: 56, loss: 0.020915474742650986, validation loss: 0.04232490062713623
2024-04-09 09:09:26.479029:2024-04-09 09:09:26.478850: Current epoch: 57, loss: 0.020701708272099495, validation loss: 0.04234197735786438
2024-04-09 09:09:42.818200:2024-04-09 09:09:42.818118: Current epoch: 58, loss: 0.020862385630607605, validation loss: 0.041009869426488876
2024-04-09 09:09:59.447551:2024-04-09 09:09:59.447411: Current epoch: 59, loss: 0.02045777067542076, validation loss: 0.04470888152718544
2024-04-09 09:10:16.964695:2024-04-09 09:10:16.964611: Current epoch: 60, loss: 0.020281996577978134, validation loss: 0.040801409631967545
2024-04-09 09:10:34.173211:2024-04-09 09:10:34.173022: Current epoch: 61, loss: 0.020167961716651917, validation loss: 0.04574163630604744
2024-04-09 09:10:51.138570:2024-04-09 09:10:51.138481: Current epoch: 62, loss: 0.020046906545758247, validation loss: 0.04066119343042374
2024-04-09 09:11:07.797677:2024-04-09 09:11:07.797506: Current epoch: 63, loss: 0.019496824592351913, validation loss: 0.042983874678611755
2024-04-09 09:11:24.426923:2024-04-09 09:11:24.426747: Current epoch: 64, loss: 0.01954563893377781, validation loss: 0.04386312887072563
2024-04-09 09:11:41.198470:2024-04-09 09:11:41.198349: Current epoch: 65, loss: 0.019030146300792694, validation loss: 0.04324335604906082
2024-04-09 09:11:58.063983:2024-04-09 09:11:58.063896: Current epoch: 66, loss: 0.01905798725783825, validation loss: 0.040416281670331955
2024-04-09 09:12:15.100627:2024-04-09 09:12:15.100545: Current epoch: 67, loss: 0.018875135108828545, validation loss: 0.040036071091890335
2024-04-09 09:12:31.522296:2024-04-09 09:12:31.522168: Current epoch: 68, loss: 0.018333181738853455, validation loss: 0.04249262437224388
2024-04-09 09:12:48.313440:2024-04-09 09:12:48.313189: Current epoch: 69, loss: 0.018303479999303818, validation loss: 0.0426553413271904
2024-04-09 09:13:05.484545:2024-04-09 09:13:05.484373: Current epoch: 70, loss: 0.01790447346866131, validation loss: 0.03978760167956352
2024-04-09 09:13:22.582785:2024-04-09 09:13:22.582636: Current epoch: 71, loss: 0.017807282507419586, validation loss: 0.04021552577614784
2024-04-09 09:13:39.317387:2024-04-09 09:13:39.317216: Current epoch: 72, loss: 0.01753186248242855, validation loss: 0.03981636092066765
2024-04-09 09:13:55.877125:2024-04-09 09:13:55.877030: Current epoch: 73, loss: 0.017399655655026436, validation loss: 0.03892635181546211
2024-04-09 09:14:12.376660:2024-04-09 09:14:12.376499: Current epoch: 74, loss: 0.01728048175573349, validation loss: 0.03949835151433945
2024-04-09 09:14:29.007034:2024-04-09 09:14:29.006880: Current epoch: 75, loss: 0.017255311831831932, validation loss: 0.03984445706009865
2024-04-09 09:14:45.416349:2024-04-09 09:14:45.416168: Current epoch: 76, loss: 0.016860568895936012, validation loss: 0.038931991904973984
2024-04-09 09:15:02.968625:2024-04-09 09:15:02.968242: Current epoch: 77, loss: 0.017072731629014015, validation loss: 0.03921343758702278
2024-04-09 09:15:20.200254:2024-04-09 09:15:20.200090: Current epoch: 78, loss: 0.016497699543833733, validation loss: 0.03922595456242561
2024-04-09 09:15:36.687684:2024-04-09 09:15:36.687551: Current epoch: 79, loss: 0.016420040279626846, validation loss: 0.03919953480362892
2024-04-09 09:15:55.665417:2024-04-09 09:15:55.665240: Current epoch: 80, loss: 0.01631675474345684, validation loss: 0.03935738652944565
2024-04-09 09:16:13.125009:2024-04-09 09:16:13.124852: Current epoch: 81, loss: 0.016239957883954048, validation loss: 0.03991783782839775
2024-04-09 09:16:30.144926:2024-04-09 09:16:30.144770: Current epoch: 82, loss: 0.015917161479592323, validation loss: 0.039521604776382446
2024-04-09 09:16:47.153577:2024-04-09 09:16:47.153413: Current epoch: 83, loss: 0.01579916663467884, validation loss: 0.039131905883550644
2024-04-09 09:17:03.842105:2024-04-09 09:17:03.842021: Current epoch: 84, loss: 0.015519494190812111, validation loss: 0.038832828402519226
2024-04-09 09:17:20.052310:2024-04-09 09:17:20.052130: Current epoch: 85, loss: 0.01566297747194767, validation loss: 0.03916952386498451
2024-04-09 09:17:36.902483:2024-04-09 09:17:36.902382: Current epoch: 86, loss: 0.015388240106403828, validation loss: 0.042113978415727615
2024-04-09 09:17:53.430001:2024-04-09 09:17:53.429838: Current epoch: 87, loss: 0.015389990992844105, validation loss: 0.03938562795519829
2024-04-09 09:18:10.014307:2024-04-09 09:18:10.014135: Current epoch: 88, loss: 0.015238496474921703, validation loss: 0.03933343663811684
2024-04-09 09:18:26.349885:2024-04-09 09:18:26.349734: Current epoch: 89, loss: 0.015254119411110878, validation loss: 0.03939558565616608
2024-04-09 09:18:42.795715:2024-04-09 09:18:42.795635: Current epoch: 90, loss: 0.014961285516619682, validation loss: 0.038479652255773544
2024-04-09 09:18:59.195058:2024-04-09 09:18:59.194968: Current epoch: 91, loss: 0.014900966547429562, validation loss: 0.03840672969818115
2024-04-09 09:19:16.209883:2024-04-09 09:19:16.209722: Current epoch: 92, loss: 0.014793678186833858, validation loss: 0.04142829775810242
2024-04-09 09:19:32.691944:2024-04-09 09:19:32.691769: Current epoch: 93, loss: 0.01480772439390421, validation loss: 0.03885529562830925
2024-04-09 09:19:49.295527:2024-04-09 09:19:49.295438: Current epoch: 94, loss: 0.0145286088809371, validation loss: 0.03820255771279335
2024-04-09 09:20:05.943771:2024-04-09 09:20:05.943617: Current epoch: 95, loss: 0.014326355420053005, validation loss: 0.038761433213949203
2024-04-09 09:20:22.552834:2024-04-09 09:20:22.552689: Current epoch: 96, loss: 0.014373991638422012, validation loss: 0.03909945860505104
2024-04-09 09:20:39.332255:2024-04-09 09:20:39.332132: Current epoch: 97, loss: 0.014440805651247501, validation loss: 0.04027378931641579
2024-04-09 09:20:55.840697:2024-04-09 09:20:55.840559: Current epoch: 98, loss: 0.01400656346231699, validation loss: 0.04141286760568619
2024-04-09 09:21:12.316885:2024-04-09 09:21:12.316721: Current epoch: 99, loss: 0.014201683923602104, validation loss: 0.0385422483086586
2024-04-09 09:21:31.537992:2024-04-09 09:21:31.537847: Current epoch: 100, loss: 0.013907029293477535, validation loss: 0.03899836167693138
2024-04-09 09:21:48.448944:2024-04-09 09:21:48.448774: Current epoch: 101, loss: 0.013785555958747864, validation loss: 0.03903187811374664
2024-04-09 09:22:04.831447:2024-04-09 09:22:04.831292: Current epoch: 102, loss: 0.013849765993654728, validation loss: 0.03848811611533165
2024-04-09 09:22:21.632332:2024-04-09 09:22:21.632163: Current epoch: 103, loss: 0.013637259602546692, validation loss: 0.03834934160113335
2024-04-09 09:22:38.405384:2024-04-09 09:22:38.405151: Current epoch: 104, loss: 0.01359554287046194, validation loss: 0.03897072747349739
2024-04-09 09:22:55.272593:2024-04-09 09:22:55.272298: Current epoch: 105, loss: 0.013359729200601578, validation loss: 0.041725657880306244
2024-04-09 09:23:11.926780:2024-04-09 09:23:11.926629: Current epoch: 106, loss: 0.013499361462891102, validation loss: 0.038246236741542816
2024-04-09 09:23:28.791834:2024-04-09 09:23:28.791513: Current epoch: 107, loss: 0.013488268479704857, validation loss: 0.03840307891368866
2024-04-09 09:23:45.490983:2024-04-09 09:23:45.490829: Current epoch: 108, loss: 0.01333985198289156, validation loss: 0.039076875895261765
2024-04-09 09:24:02.215256:2024-04-09 09:24:02.215077: Current epoch: 109, loss: 0.013342807069420815, validation loss: 0.0399160273373127
2024-04-09 09:24:18.878073:2024-04-09 09:24:18.877940: Current epoch: 110, loss: 0.013324490748345852, validation loss: 0.03868697211146355
2024-04-09 09:24:35.518993:2024-04-09 09:24:35.518909: Current epoch: 111, loss: 0.013104196637868881, validation loss: 0.03802685812115669
2024-04-09 09:24:52.346980:2024-04-09 09:24:52.346859: Current epoch: 112, loss: 0.012794161215424538, validation loss: 0.03807426989078522
2024-04-09 09:25:09.157107:2024-04-09 09:25:09.156960: Current epoch: 113, loss: 0.012815834954380989, validation loss: 0.03916662931442261
2024-04-09 09:25:26.004324:2024-04-09 09:25:26.004235: Current epoch: 114, loss: 0.012771422043442726, validation loss: 0.03792272135615349
2024-04-09 09:25:42.869819:2024-04-09 09:25:42.869655: Current epoch: 115, loss: 0.012539675459265709, validation loss: 0.0380842387676239
2024-04-09 09:25:59.872458:2024-04-09 09:25:59.872300: Current epoch: 116, loss: 0.012696857564151287, validation loss: 0.038160599768161774
2024-04-09 09:26:16.838364:2024-04-09 09:26:16.838188: Current epoch: 117, loss: 0.01242981106042862, validation loss: 0.038102876394987106
2024-04-09 09:26:33.729787:2024-04-09 09:26:33.729627: Current epoch: 118, loss: 0.012671669013798237, validation loss: 0.03819168359041214
2024-04-09 09:26:50.633240:2024-04-09 09:26:50.633095: Current epoch: 119, loss: 0.012350780889391899, validation loss: 0.03760848566889763
2024-04-09 09:27:10.074886:2024-04-09 09:27:10.074727: Current epoch: 120, loss: 0.012245399877429008, validation loss: 0.03764756768941879
2024-04-09 09:27:27.088954:2024-04-09 09:27:27.088658: Current epoch: 121, loss: 0.01234391238540411, validation loss: 0.038011617958545685
2024-04-09 09:27:43.792853:2024-04-09 09:27:43.792771: Current epoch: 122, loss: 0.012219211086630821, validation loss: 0.03752587363123894
2024-04-09 09:28:00.291064:2024-04-09 09:28:00.290904: Current epoch: 123, loss: 0.01213096734136343, validation loss: 0.03829200938344002
2024-04-09 09:28:16.743705:2024-04-09 09:28:16.743531: Current epoch: 124, loss: 0.011968890205025673, validation loss: 0.038530830293893814
2024-04-09 09:28:33.187585:2024-04-09 09:28:33.187447: Current epoch: 125, loss: 0.01195208728313446, validation loss: 0.03825123980641365
2024-04-09 09:28:49.849776:2024-04-09 09:28:49.849607: Current epoch: 126, loss: 0.012101220898330212, validation loss: 0.0379423052072525
2024-04-09 09:29:06.565785:2024-04-09 09:29:06.565457: Current epoch: 127, loss: 0.01197242271155119, validation loss: 0.03895822539925575
2024-04-09 09:29:23.204729:2024-04-09 09:29:23.204566: Current epoch: 128, loss: 0.011988465674221516, validation loss: 0.0390443429350853
2024-04-09 09:29:39.706095:2024-04-09 09:29:39.705988: Current epoch: 129, loss: 0.011616972275078297, validation loss: 0.03750050440430641
2024-04-09 09:29:58.520109:2024-04-09 09:29:58.519945: Current epoch: 130, loss: 0.011563031002879143, validation loss: 0.03751904144883156
2024-04-09 09:30:15.583867:2024-04-09 09:30:15.583669: Current epoch: 131, loss: 0.01173829659819603, validation loss: 0.03806314989924431
2024-04-09 09:30:32.515815:2024-04-09 09:30:32.515660: Current epoch: 132, loss: 0.011505769565701485, validation loss: 0.038119468837976456
2024-04-09 09:30:49.307492:2024-04-09 09:30:49.307350: Current epoch: 133, loss: 0.011586795561015606, validation loss: 0.03798860311508179
2024-04-09 09:31:05.810832:2024-04-09 09:31:05.810711: Current epoch: 134, loss: 0.011414704844355583, validation loss: 0.03751073032617569
2024-04-09 09:31:22.700267:2024-04-09 09:31:22.700147: Current epoch: 135, loss: 0.01136199850589037, validation loss: 0.038758039474487305
2024-04-09 09:31:39.016678:2024-04-09 09:31:39.016530: Current epoch: 136, loss: 0.011131728999316692, validation loss: 0.037359386682510376
2024-04-09 09:31:55.573565:2024-04-09 09:31:55.573422: Current epoch: 137, loss: 0.011081980541348457, validation loss: 0.03776239603757858
2024-04-09 09:32:12.518813:2024-04-09 09:32:12.518522: Current epoch: 138, loss: 0.011004183441400528, validation loss: 0.03803125023841858
2024-04-09 09:32:29.261119:2024-04-09 09:32:29.260963: Current epoch: 139, loss: 0.01125432550907135, validation loss: 0.037813637405633926
2024-04-09 09:32:46.137326:2024-04-09 09:32:46.137160: Current epoch: 140, loss: 0.011140456423163414, validation loss: 0.03758510574698448
2024-04-09 09:33:03.218760:2024-04-09 09:33:03.218595: Current epoch: 141, loss: 0.01105657871812582, validation loss: 0.03756307438015938
2024-04-09 09:33:20.462228:2024-04-09 09:33:20.462029: Current epoch: 142, loss: 0.010895390063524246, validation loss: 0.0376143753528595
2024-04-09 09:33:37.318856:2024-04-09 09:33:37.318696: Current epoch: 143, loss: 0.010790085420012474, validation loss: 0.03844524174928665
2024-04-09 09:33:54.107877:2024-04-09 09:33:54.107718: Current epoch: 144, loss: 0.010778278112411499, validation loss: 0.03828883171081543
2024-04-09 09:34:10.720048:2024-04-09 09:34:10.719968: Current epoch: 145, loss: 0.010780961252748966, validation loss: 0.037164732813835144
2024-04-09 09:34:27.558699:2024-04-09 09:34:27.558479: Current epoch: 146, loss: 0.010715302079916, validation loss: 0.03730221465229988
2024-04-09 09:34:44.553673:2024-04-09 09:34:44.553512: Current epoch: 147, loss: 0.010679246857762337, validation loss: 0.037606317549943924
2024-04-09 09:35:01.665801:2024-04-09 09:35:01.665645: Current epoch: 148, loss: 0.010533866472542286, validation loss: 0.03730582445859909
2024-04-09 09:35:18.670219:2024-04-09 09:35:18.670053: Current epoch: 149, loss: 0.010583007708191872, validation loss: 0.03771905228495598
2024-04-09 09:35:35.937840:2024-04-09 09:35:35.937675: Current epoch: 150, loss: 0.010603933595120907, validation loss: 0.03726699575781822
2024-04-09 09:35:53.076803:2024-04-09 09:35:53.076489: Current epoch: 151, loss: 0.010391580872237682, validation loss: 0.03734557703137398
2024-04-09 09:36:10.230475:2024-04-09 09:36:10.230319: Current epoch: 152, loss: 0.010691304691135883, validation loss: 0.037236206233501434
2024-04-09 09:36:27.370934:2024-04-09 09:36:27.370842: Current epoch: 153, loss: 0.010291694663465023, validation loss: 0.03716105967760086
2024-04-09 09:36:44.126732:2024-04-09 09:36:44.126640: Current epoch: 154, loss: 0.010210613720119, validation loss: 0.03702694550156593
2024-04-09 09:37:01.271344:2024-04-09 09:37:01.271165: Current epoch: 155, loss: 0.01023880671709776, validation loss: 0.03715231269598007
2024-04-09 09:37:18.026848:2024-04-09 09:37:18.026656: Current epoch: 156, loss: 0.01005895622074604, validation loss: 0.03773658722639084
2024-04-09 09:37:34.968787:2024-04-09 09:37:34.968645: Current epoch: 157, loss: 0.010159029625356197, validation loss: 0.03766322135925293
2024-04-09 09:37:52.143109:2024-04-09 09:37:52.142941: Current epoch: 158, loss: 0.009955530986189842, validation loss: 0.03829865902662277
2024-04-09 09:38:08.962629:2024-04-09 09:38:08.962457: Current epoch: 159, loss: 0.010216117836534977, validation loss: 0.038394033908843994
2024-04-09 09:38:25.932995:2024-04-09 09:38:25.932835: Current epoch: 160, loss: 0.01004681084305048, validation loss: 0.0376773364841938
2024-04-09 09:38:42.692601:2024-04-09 09:38:42.692515: Current epoch: 161, loss: 0.0101477587595582, validation loss: 0.036981869488954544
2024-04-09 09:38:59.741174:2024-04-09 09:38:59.741021: Current epoch: 162, loss: 0.010098762810230255, validation loss: 0.037628691643476486
2024-04-09 09:39:16.726783:2024-04-09 09:39:16.726628: Current epoch: 163, loss: 0.010021434165537357, validation loss: 0.03726169094443321
2024-04-09 09:39:33.521391:2024-04-09 09:39:33.521301: Current epoch: 164, loss: 0.009940940886735916, validation loss: 0.03671151027083397
2024-04-09 09:39:50.587336:2024-04-09 09:39:50.587165: Current epoch: 165, loss: 0.00968051329255104, validation loss: 0.03711786866188049
2024-04-09 09:40:07.826099:2024-04-09 09:40:07.825761: Current epoch: 166, loss: 0.00994387362152338, validation loss: 0.03689473867416382
2024-04-09 09:40:24.630923:2024-04-09 09:40:24.630742: Current epoch: 167, loss: 0.009904693812131882, validation loss: 0.0374644435942173
2024-04-09 09:40:42.196990:2024-04-09 09:40:42.196829: Current epoch: 168, loss: 0.009766180999577045, validation loss: 0.03750033676624298
2024-04-09 09:40:59.138620:2024-04-09 09:40:59.138313: Current epoch: 169, loss: 0.009687839075922966, validation loss: 0.03711487352848053
2024-04-09 09:41:18.502994:2024-04-09 09:41:18.502821: Current epoch: 170, loss: 0.009720070287585258, validation loss: 0.0370166152715683
2024-04-09 09:41:35.486359:2024-04-09 09:41:35.486223: Current epoch: 171, loss: 0.009655172005295753, validation loss: 0.03788699209690094
2024-04-09 09:41:52.593803:2024-04-09 09:41:52.593658: Current epoch: 172, loss: 0.00960888434201479, validation loss: 0.03747580200433731
2024-04-09 09:42:09.582189:2024-04-09 09:42:09.582014: Current epoch: 173, loss: 0.00951649621129036, validation loss: 0.03753994032740593
2024-04-09 09:42:26.781905:2024-04-09 09:42:26.781746: Current epoch: 174, loss: 0.0093765864148736, validation loss: 0.03772008791565895
2024-04-09 09:42:43.674178:2024-04-09 09:42:43.674026: Current epoch: 175, loss: 0.009560087695717812, validation loss: 0.03731146827340126
2024-04-09 09:43:00.557732:2024-04-09 09:43:00.557560: Current epoch: 176, loss: 0.009422623552381992, validation loss: 0.03754305839538574
2024-04-09 09:43:17.369427:2024-04-09 09:43:17.369292: Current epoch: 177, loss: 0.009461462497711182, validation loss: 0.037152040749788284
2024-04-09 09:43:34.632900:2024-04-09 09:43:34.632747: Current epoch: 178, loss: 0.009407991543412209, validation loss: 0.03695431351661682
2024-04-09 09:43:51.030622:2024-04-09 09:43:51.030465: Current epoch: 179, loss: 0.00920933298766613, validation loss: 0.03704090043902397
2024-04-09 09:44:10.359061:2024-04-09 09:44:10.358880: Current epoch: 180, loss: 0.00936061330139637, validation loss: 0.03743751719594002
2024-04-09 09:44:27.397715:2024-04-09 09:44:27.397557: Current epoch: 181, loss: 0.009251506067812443, validation loss: 0.03729872405529022
2024-04-09 09:44:44.221880:2024-04-09 09:44:44.221724: Current epoch: 182, loss: 0.009220587089657784, validation loss: 0.03758544847369194
2024-04-09 09:45:01.063127:2024-04-09 09:45:01.062984: Current epoch: 183, loss: 0.009212621487677097, validation loss: 0.03723379597067833
2024-04-09 09:45:18.360733:2024-04-09 09:45:18.360588: Current epoch: 184, loss: 0.00913070049136877, validation loss: 0.037648722529411316
2024-04-09 09:45:35.723871:2024-04-09 09:45:35.723726: Current epoch: 185, loss: 0.009140043519437313, validation loss: 0.037312284111976624
2024-04-09 09:45:52.756585:2024-04-09 09:45:52.756429: Current epoch: 186, loss: 0.009232230484485626, validation loss: 0.03678123280405998
2024-04-09 09:46:09.870010:2024-04-09 09:46:09.869865: Current epoch: 187, loss: 0.009165098890662193, validation loss: 0.03705177828669548
2024-04-09 09:46:26.681387:2024-04-09 09:46:26.681213: Current epoch: 188, loss: 0.009098329581320286, validation loss: 0.037486203014850616
2024-04-09 09:46:43.401087:2024-04-09 09:46:43.400932: Current epoch: 189, loss: 0.008994502015411854, validation loss: 0.03739701583981514
2024-04-09 09:47:00.134668:2024-04-09 09:47:00.134527: Current epoch: 190, loss: 0.008984857238829136, validation loss: 0.03791241720318794
2024-04-09 09:47:16.705960:2024-04-09 09:47:16.705828: Current epoch: 191, loss: 0.009077033028006554, validation loss: 0.03719580918550491
2024-04-09 09:47:33.501991:2024-04-09 09:47:33.501846: Current epoch: 192, loss: 0.008970877155661583, validation loss: 0.03719088435173035
2024-04-09 09:47:50.396375:2024-04-09 09:47:50.396197: Current epoch: 193, loss: 0.008859692141413689, validation loss: 0.03685938939452171
2024-04-09 09:48:07.032788:2024-04-09 09:48:07.032639: Current epoch: 194, loss: 0.008953305892646313, validation loss: 0.03711296617984772
2024-04-09 09:48:23.448700:2024-04-09 09:48:23.448437: Current epoch: 195, loss: 0.008927782997488976, validation loss: 0.03724110871553421
2024-04-09 09:48:40.226597:2024-04-09 09:48:40.226434: Current epoch: 196, loss: 0.00888912659138441, validation loss: 0.03692227229475975
2024-04-09 09:48:57.265591:2024-04-09 09:48:57.265433: Current epoch: 197, loss: 0.008730960078537464, validation loss: 0.03824455291032791
2024-04-09 09:49:13.945166:2024-04-09 09:49:13.944986: Current epoch: 198, loss: 0.008716600947082043, validation loss: 0.03723323717713356
2024-04-09 09:49:30.676311:2024-04-09 09:49:30.676137: Current epoch: 199, loss: 0.008820438757538795, validation loss: 0.03928263112902641
2024-04-09 09:49:47.432141:2024-04-09 09:49:47.431944: Current epoch: 200, loss: 0.00874694436788559, validation loss: 0.03719068318605423
2024-04-09 09:50:03.955835:2024-04-09 09:50:03.955667: Current epoch: 201, loss: 0.00877395085990429, validation loss: 0.0369935967028141
2024-04-09 09:50:20.000609:2024-04-09 09:50:20.000304: Current epoch: 202, loss: 0.008703640662133694, validation loss: 0.03754829615354538
2024-04-09 09:50:36.300167:2024-04-09 09:50:36.299981: Current epoch: 203, loss: 0.0087401382625103, validation loss: 0.03722012788057327
2024-04-09 09:50:53.644920:2024-04-09 09:50:53.644765: Current epoch: 204, loss: 0.008561708964407444, validation loss: 0.03712673485279083
2024-04-09 09:51:11.091928:2024-04-09 09:51:11.091766: Current epoch: 205, loss: 0.00857988279312849, validation loss: 0.03756508603692055
2024-04-09 09:51:27.698119:2024-04-09 09:51:27.697977: Current epoch: 206, loss: 0.00851333886384964, validation loss: 0.03694860637187958
2024-04-09 09:51:44.502083:2024-04-09 09:51:44.501934: Current epoch: 207, loss: 0.008550330996513367, validation loss: 0.0369245745241642
2024-04-09 09:52:01.288930:2024-04-09 09:52:01.288778: Current epoch: 208, loss: 0.008506808429956436, validation loss: 0.03696071356534958
2024-04-09 09:52:18.768587:2024-04-09 09:52:18.768431: Current epoch: 209, loss: 0.008609306067228317, validation loss: 0.036967430263757706
2024-04-09 09:52:37.865914:2024-04-09 09:52:37.865772: Current epoch: 210, loss: 0.008513829670846462, validation loss: 0.03698229417204857
2024-04-09 09:52:55.121746:2024-04-09 09:52:55.121593: Current epoch: 211, loss: 0.008391547948122025, validation loss: 0.037351030856370926
2024-04-09 09:53:12.046110:2024-04-09 09:53:12.045985: Current epoch: 212, loss: 0.008436932228505611, validation loss: 0.037138961255550385
2024-04-09 09:53:28.534145:2024-04-09 09:53:28.533993: Current epoch: 213, loss: 0.008352781645953655, validation loss: 0.03769439831376076
2024-04-09 09:53:45.235424:2024-04-09 09:53:45.235250: Current epoch: 214, loss: 0.008238091133534908, validation loss: 0.03685641661286354
2024-04-09 09:54:02.706051:2024-04-09 09:54:02.705878: Current epoch: 215, loss: 0.008510313928127289, validation loss: 0.03728076070547104
2024-04-09 09:54:20.703202:2024-04-09 09:54:20.703029: Current epoch: 216, loss: 0.008303814567625523, validation loss: 0.037474125623703
2024-04-09 09:54:38.226676:2024-04-09 09:54:38.226506: Current epoch: 217, loss: 0.008415957912802696, validation loss: 0.036937810480594635
2024-04-09 09:54:55.047134:2024-04-09 09:54:55.046979: Current epoch: 218, loss: 0.008420402184128761, validation loss: 0.03699897229671478
2024-04-09 09:55:12.309615:2024-04-09 09:55:12.309459: Current epoch: 219, loss: 0.008336021564900875, validation loss: 0.03742152079939842
2024-04-09 09:55:29.278344:2024-04-09 09:55:29.278152: Current epoch: 220, loss: 0.008106361143290997, validation loss: 0.03757159784436226
2024-04-09 09:55:46.107053:2024-04-09 09:55:46.106878: Current epoch: 221, loss: 0.008284248411655426, validation loss: 0.036787793040275574
2024-04-09 09:56:03.113827:2024-04-09 09:56:03.113666: Current epoch: 222, loss: 0.00813988409936428, validation loss: 0.037315379828214645
2024-04-09 09:56:20.537220:2024-04-09 09:56:20.537058: Current epoch: 223, loss: 0.008048180490732193, validation loss: 0.0373351164162159
2024-04-09 09:56:37.509552:2024-04-09 09:56:37.509391: Current epoch: 224, loss: 0.00813631247729063, validation loss: 0.03703729808330536
2024-04-09 09:56:54.098175:2024-04-09 09:56:54.098030: Current epoch: 225, loss: 0.008141566067934036, validation loss: 0.0373309925198555
2024-04-09 09:57:10.796989:2024-04-09 09:57:10.796801: Current epoch: 226, loss: 0.008190740831196308, validation loss: 0.03744740039110184
2024-04-09 09:57:27.544926:2024-04-09 09:57:27.544765: Current epoch: 227, loss: 0.008051782846450806, validation loss: 0.03714677318930626
2024-04-09 09:57:44.858648:2024-04-09 09:57:44.858501: Current epoch: 228, loss: 0.008126688189804554, validation loss: 0.03696633130311966
2024-04-09 09:58:02.156913:2024-04-09 09:58:02.156756: Current epoch: 229, loss: 0.008026796393096447, validation loss: 0.03706750646233559
2024-04-09 09:58:20.013651:2024-04-09 09:58:20.013506: Current epoch: 230, loss: 0.008111516013741493, validation loss: 0.03748670220375061
2024-04-09 09:58:36.907524:2024-04-09 09:58:36.907354: Current epoch: 231, loss: 0.007992124184966087, validation loss: 0.03860185667872429
2024-04-09 09:58:54.130827:2024-04-09 09:58:54.130685: Current epoch: 232, loss: 0.008156467229127884, validation loss: 0.037147969007492065
2024-04-09 09:59:10.957671:2024-04-09 09:59:10.957515: Current epoch: 233, loss: 0.007919127121567726, validation loss: 0.037028659135103226
2024-04-09 09:59:28.325499:2024-04-09 09:59:28.325344: Current epoch: 234, loss: 0.008076193742454052, validation loss: 0.03683987259864807
2024-04-09 09:59:45.053524:2024-04-09 09:59:45.053371: Current epoch: 235, loss: 0.007850592024624348, validation loss: 0.036868948489427567
2024-04-09 10:00:01.990948:2024-04-09 10:00:01.990789: Current epoch: 236, loss: 0.00793122686445713, validation loss: 0.03703536465764046
2024-04-09 10:00:18.265841:2024-04-09 10:00:18.265701: Current epoch: 237, loss: 0.007858890108764172, validation loss: 0.03686416894197464
2024-04-09 10:00:34.867593:2024-04-09 10:00:34.867458: Current epoch: 238, loss: 0.00789928250014782, validation loss: 0.03768674656748772
2024-04-09 10:00:51.808919:2024-04-09 10:00:51.808729: Current epoch: 239, loss: 0.007690683472901583, validation loss: 0.03730551525950432
2024-04-09 10:01:08.560366:2024-04-09 10:01:08.560218: Current epoch: 240, loss: 0.00788663886487484, validation loss: 0.03693995624780655
2024-04-09 10:01:25.650797:2024-04-09 10:01:25.650657: Current epoch: 241, loss: 0.007625211030244827, validation loss: 0.03675589710474014
2024-04-09 10:01:42.970541:2024-04-09 10:01:42.970386: Current epoch: 242, loss: 0.007667228579521179, validation loss: 0.03752468526363373
2024-04-09 10:02:00.239083:2024-04-09 10:02:00.238923: Current epoch: 243, loss: 0.007701439317315817, validation loss: 0.037785179913043976
2024-04-09 10:02:17.584663:2024-04-09 10:02:17.584377: Current epoch: 244, loss: 0.007877340540289879, validation loss: 0.037370406091213226
2024-04-09 10:02:34.222027:2024-04-09 10:02:34.221882: Current epoch: 245, loss: 0.007612947374582291, validation loss: 0.037168342620134354
2024-04-09 10:02:51.378311:2024-04-09 10:02:51.378137: Current epoch: 246, loss: 0.007663605269044638, validation loss: 0.03757665306329727
2024-04-09 10:03:08.348480:2024-04-09 10:03:08.348132: Current epoch: 247, loss: 0.0076506067998707294, validation loss: 0.03718862310051918
2024-04-09 10:03:24.819939:2024-04-09 10:03:24.819803: Current epoch: 248, loss: 0.007594530936330557, validation loss: 0.03693605214357376
2024-04-09 10:03:40.863090:2024-04-09 10:03:40.862934: Current epoch: 249, loss: 0.007568443194031715, validation loss: 0.037307873368263245
2024-04-09 10:03:57.505594:2024-04-09 10:03:57.505458: Current epoch: 250, loss: 0.00755347590893507, validation loss: 0.036962877959012985
2024-04-09 10:04:14.051207:2024-04-09 10:04:14.051004: Current epoch: 251, loss: 0.007575573865324259, validation loss: 0.036966580897569656
2024-04-09 10:04:31.246305:2024-04-09 10:04:31.245963: Current epoch: 252, loss: 0.007499821484088898, validation loss: 0.037182360887527466
2024-04-09 10:04:48.083022:2024-04-09 10:04:48.082900: Current epoch: 253, loss: 0.0075325616635382175, validation loss: 0.03733101859688759
2024-04-09 10:05:04.807920:2024-04-09 10:05:04.807727: Current epoch: 254, loss: 0.007556282915174961, validation loss: 0.03736325725913048
2024-04-09 10:05:21.456792:2024-04-09 10:05:21.456645: Current epoch: 255, loss: 0.007453299127519131, validation loss: 0.03724450245499611
2024-04-09 10:05:38.159222:2024-04-09 10:05:38.159065: Current epoch: 256, loss: 0.0075193471275269985, validation loss: 0.037378184497356415
2024-04-09 10:05:54.680844:2024-04-09 10:05:54.680705: Current epoch: 257, loss: 0.007406243588775396, validation loss: 0.036907948553562164
2024-04-09 10:06:11.101637:2024-04-09 10:06:11.101375: Current epoch: 258, loss: 0.00734606571495533, validation loss: 0.03726796805858612
2024-04-09 10:06:27.554368:2024-04-09 10:06:27.554214: Current epoch: 259, loss: 0.007436797488480806, validation loss: 0.0371270477771759
2024-04-09 10:06:44.056114:2024-04-09 10:06:44.055800: Current epoch: 260, loss: 0.007419946603477001, validation loss: 0.03686889633536339
2024-04-09 10:07:00.792891:2024-04-09 10:07:00.792710: Current epoch: 261, loss: 0.007384014315903187, validation loss: 0.0374424010515213
2024-04-09 10:07:18.362267:2024-04-09 10:07:18.362108: Current epoch: 262, loss: 0.007254483178257942, validation loss: 0.03699032589793205
2024-04-09 10:07:35.135605:2024-04-09 10:07:35.135431: Current epoch: 263, loss: 0.0074367159977555275, validation loss: 0.0372433215379715
2024-04-09 10:07:51.877199:2024-04-09 10:07:51.877096: Current epoch: 264, loss: 0.0073608169332146645, validation loss: 0.037128835916519165
2024-04-09 10:07:52.902084:the test error is  [0.03656585142016411, 0.03656585142016411]
2024-04-09 10:07:55.353043:saved model to sample/alignn_bert-base-uncased_robo_prop_ehull
2024-04-09 10:07:56.346980:done