
2024-05-25 23:03:03.291013:job config: {'train_data_path': '/data/yll6162/alignntl_dft_3d/tl_dataset/dataset_alignn_bert-base-uncased_robo_prop_Tc_supercon_train.csv', 'val_data_path': '/data/yll6162/alignntl_dft_3d/tl_dataset/dataset_alignn_bert-base-uncased_robo_prop_Tc_supercon_val.csv', 'test_data_path': '/data/yll6162/alignntl_dft_3d/tl_dataset/dataset_alignn_bert-base-uncased_robo_prop_Tc_supercon_test.csv', 'label': 'Tc_supercon', 'input_type': None, 'log_folder': 'log', 'log_file': 'alignn_bert-base-uncased_robo_prop_Tc_supercon.log', 'test_metric': 'mae', 'architecture': '1024Rx4D-512Rx3D-256Rx3D-128Rx3D-64Rx2-32Rx1-1', 'model_seed': 0, 'loss_type': 'mae', 'config_file': 'sample/alignn_bert-base-uncased_robo_prop_Tc_supercon_job.config', 'use_valid': True, 'project': 'MOF', 'regressors': None, 'input_types': None, 'paramsGrid': {'optimizer': 'Adam', 'learning_rate': 0.0001, 'patience': 100, 'dropouts': [0.8, 0.9, 0.7, 0.8], 'EVAL_FREQUENCY': 1000}, 'save_path': 'sample/alignn_bert-base-uncased_robo_prop_Tc_supercon', 'model_path': None, 'last_layer_with_weight': True, 'keras_path': 'model/alignn_bert-base-uncased_robo_prop_Tc_supercon', 'test_size': None, 'val_size': None}
2024-05-25 23:03:03.291212:train data path is  /data/yll6162/alignntl_dft_3d/tl_dataset/dataset_alignn_bert-base-uncased_robo_prop_Tc_supercon_train.csv
2024-05-25 23:03:03.603114:input attribute sets are:  None
2024-05-25 23:03:03.603248:test data path is  /data/yll6162/alignntl_dft_3d/tl_dataset/dataset_alignn_bert-base-uncased_robo_prop_Tc_supercon_test.csv
2024-05-25 23:03:03.709598:val data path is  /data/yll6162/alignntl_dft_3d/tl_dataset/dataset_alignn_bert-base-uncased_robo_prop_Tc_supercon_val.csv
2024-05-25 23:03:03.810869:input attributes are:  Index(['0', '1', '2', '3', '4', '5', '6', '7', '8', '9',
       ...
       '758.1', '759.1', '760.1', '761.1', '762.1', '763.1', '764.1', '765.1',
       '766.1', '767.1'],
      dtype='object', length=1536)
2024-05-25 23:03:03.810990:label: Tc_supercon
2024-05-25 23:03:11.652512: train, test, valid sizes:  (842, 1536) (842,) (106, 1536) (106,) (106, 1536) (106,)
2024-05-25 23:03:11.661228:train matrix shape of train_X:  (842, 1536)  train_y:  (842,)
2024-05-25 23:03:11.661331:valid matrix shape of train_X:  (106, 1536)  valid_y:  (106,)
2024-05-25 23:03:11.661372:test matrix shape of valid_X:   (106, 1536)  test_y:  (106,)
2024-05-25 23:03:11.661408:architecture is:  1024Rx4D-512Rx3D-256Rx3D-128Rx3D-64Rx2-32Rx1-1
2024-05-25 23:03:11.661444:learning rate is  0.0001
2024-05-25 23:03:11.661478:model path is  None
2024-05-25 23:03:11.669614:adding fully connected layers with 1024 outputs
2024-05-25 23:03:14.009676:adding residual with fc as the size are different
2024-05-25 23:03:14.016482:adding fully connected layers with 1024 outputs
2024-05-25 23:03:14.021466:adding residual, both sizes are same
2024-05-25 23:03:14.023415:adding fully connected layers with 1024 outputs
2024-05-25 23:03:14.028224:adding residual, both sizes are same
2024-05-25 23:03:14.030112:adding fully connected layers with 1024 outputs
2024-05-25 23:03:14.034772:adding residual, both sizes are same
2024-05-25 23:03:14.036682:adding dropout 0.8
2024-05-25 23:03:14.040992:adding fully connected layers with 512 outputs
2024-05-25 23:03:14.045976:adding residual with fc as the size are different
2024-05-25 23:03:14.052743:adding fully connected layers with 512 outputs
2024-05-25 23:03:14.057624:adding residual, both sizes are same
2024-05-25 23:03:14.059488:adding fully connected layers with 512 outputs
2024-05-25 23:03:14.064354:adding residual, both sizes are same
2024-05-25 23:03:14.066214:adding dropout 0.9
2024-05-25 23:03:14.067857:adding fully connected layers with 256 outputs
2024-05-25 23:03:14.072765:adding residual with fc as the size are different
2024-05-25 23:03:14.079147:adding fully connected layers with 256 outputs
2024-05-25 23:03:14.084001:adding residual, both sizes are same
2024-05-25 23:03:14.085878:adding fully connected layers with 256 outputs
2024-05-25 23:03:14.090728:adding residual, both sizes are same
2024-05-25 23:03:14.092605:adding dropout 0.7
2024-05-25 23:03:14.094204:adding fully connected layers with 128 outputs
2024-05-25 23:03:14.099186:adding residual with fc as the size are different
2024-05-25 23:03:14.113761:adding fully connected layers with 128 outputs
2024-05-25 23:03:14.119985:adding residual, both sizes are same
2024-05-25 23:03:14.122347:adding fully connected layers with 128 outputs
2024-05-25 23:03:14.127101:adding residual, both sizes are same
2024-05-25 23:03:14.129173:adding dropout 0.8
2024-05-25 23:03:14.130751:adding fully connected layers with 64 outputs
2024-05-25 23:03:14.135563:adding residual with fc as the size are different
2024-05-25 23:03:14.141587:adding fully connected layers with 64 outputs
2024-05-25 23:03:14.146576:adding residual, both sizes are same
2024-05-25 23:03:14.148417:adding fully connected layers with 32 outputs
2024-05-25 23:03:14.153207:adding residual with fc as the size are different
2024-05-25 23:03:14.159476:adding final layer with 1 output
2024-05-25 23:03:14.168764:Model: "ElemNet"
2024-05-25 23:03:14.168831:__________________________________________________________________________________________________
2024-05-25 23:03:14.168895:Layer (type)                    Output Shape         Param #     Connected to                     
2024-05-25 23:03:14.168939:==================================================================================================
2024-05-25 23:03:14.169138:elemental_fractions (InputLayer [(None, 1536)]       0                                            
2024-05-25 23:03:14.169183:__________________________________________________________________________________________________
2024-05-25 23:03:14.169344:fc0_0 (Dense)                   (None, 1024)         1573888     elemental_fractions[0][0]        
2024-05-25 23:03:14.169390:__________________________________________________________________________________________________
2024-05-25 23:03:14.169497:fc0_dim_0 (Dense)               (None, 1024)         1573888     elemental_fractions[0][0]        
2024-05-25 23:03:14.169538:__________________________________________________________________________________________________
2024-05-25 23:03:14.169617:tf.__operators__.add (TFOpLambd (None, 1024)         0           fc0_0[0][0]                      
2024-05-25 23:03:14.169660:                                                                 fc0_dim_0[0][0]                  
2024-05-25 23:03:14.169695:__________________________________________________________________________________________________
2024-05-25 23:03:14.169796:fc0_1 (Dense)                   (None, 1024)         1049600     tf.__operators__.add[0][0]       
2024-05-25 23:03:14.169837:__________________________________________________________________________________________________
2024-05-25 23:03:14.169910:tf.__operators__.add_1 (TFOpLam (None, 1024)         0           fc0_1[0][0]                      
2024-05-25 23:03:14.169963:                                                                 tf.__operators__.add[0][0]       
2024-05-25 23:03:14.170000:__________________________________________________________________________________________________
2024-05-25 23:03:14.170102:fc0_2 (Dense)                   (None, 1024)         1049600     tf.__operators__.add_1[0][0]     
2024-05-25 23:03:14.170143:__________________________________________________________________________________________________
2024-05-25 23:03:14.170215:tf.__operators__.add_2 (TFOpLam (None, 1024)         0           fc0_2[0][0]                      
2024-05-25 23:03:14.170257:                                                                 tf.__operators__.add_1[0][0]     
2024-05-25 23:03:14.170293:__________________________________________________________________________________________________
2024-05-25 23:03:14.170389:fc0_3 (Dense)                   (None, 1024)         1049600     tf.__operators__.add_2[0][0]     
2024-05-25 23:03:14.170430:__________________________________________________________________________________________________
2024-05-25 23:03:14.170501:tf.__operators__.add_3 (TFOpLam (None, 1024)         0           fc0_3[0][0]                      
2024-05-25 23:03:14.170549:                                                                 tf.__operators__.add_2[0][0]     
2024-05-25 23:03:14.170585:__________________________________________________________________________________________________
2024-05-25 23:03:14.170658:dropout (Dropout)               (None, 1024)         0           tf.__operators__.add_3[0][0]     
2024-05-25 23:03:14.170695:__________________________________________________________________________________________________
2024-05-25 23:03:14.170795:fc1_0 (Dense)                   (None, 512)          524800      dropout[0][0]                    
2024-05-25 23:03:14.170835:__________________________________________________________________________________________________
2024-05-25 23:03:14.170939:fc1_dim_0 (Dense)               (None, 512)          524800      dropout[0][0]                    
2024-05-25 23:03:14.170981:__________________________________________________________________________________________________
2024-05-25 23:03:14.171056:tf.__operators__.add_4 (TFOpLam (None, 512)          0           fc1_0[0][0]                      
2024-05-25 23:03:14.171098:                                                                 fc1_dim_0[0][0]                  
2024-05-25 23:03:14.171133:__________________________________________________________________________________________________
2024-05-25 23:03:14.171231:fc1_1 (Dense)                   (None, 512)          262656      tf.__operators__.add_4[0][0]     
2024-05-25 23:03:14.171271:__________________________________________________________________________________________________
2024-05-25 23:03:14.171343:tf.__operators__.add_5 (TFOpLam (None, 512)          0           fc1_1[0][0]                      
2024-05-25 23:03:14.171385:                                                                 tf.__operators__.add_4[0][0]     
2024-05-25 23:03:14.171420:__________________________________________________________________________________________________
2024-05-25 23:03:14.171516:fc1_2 (Dense)                   (None, 512)          262656      tf.__operators__.add_5[0][0]     
2024-05-25 23:03:14.171557:__________________________________________________________________________________________________
2024-05-25 23:03:14.171629:tf.__operators__.add_6 (TFOpLam (None, 512)          0           fc1_2[0][0]                      
2024-05-25 23:03:14.171670:                                                                 tf.__operators__.add_5[0][0]     
2024-05-25 23:03:14.171705:__________________________________________________________________________________________________
2024-05-25 23:03:14.171773:dropout_1 (Dropout)             (None, 512)          0           tf.__operators__.add_6[0][0]     
2024-05-25 23:03:14.171810:__________________________________________________________________________________________________
2024-05-25 23:03:14.171908:fc2_0 (Dense)                   (None, 256)          131328      dropout_1[0][0]                  
2024-05-25 23:03:14.171954:__________________________________________________________________________________________________
2024-05-25 23:03:14.172054:fc2_dim_0 (Dense)               (None, 256)          131328      dropout_1[0][0]                  
2024-05-25 23:03:14.172094:__________________________________________________________________________________________________
2024-05-25 23:03:14.172166:tf.__operators__.add_7 (TFOpLam (None, 256)          0           fc2_0[0][0]                      
2024-05-25 23:03:14.172208:                                                                 fc2_dim_0[0][0]                  
2024-05-25 23:03:14.172242:__________________________________________________________________________________________________
2024-05-25 23:03:14.172337:fc2_1 (Dense)                   (None, 256)          65792       tf.__operators__.add_7[0][0]     
2024-05-25 23:03:14.172377:__________________________________________________________________________________________________
2024-05-25 23:03:14.172454:tf.__operators__.add_8 (TFOpLam (None, 256)          0           fc2_1[0][0]                      
2024-05-25 23:03:14.172496:                                                                 tf.__operators__.add_7[0][0]     
2024-05-25 23:03:14.172532:__________________________________________________________________________________________________
2024-05-25 23:03:14.172629:fc2_2 (Dense)                   (None, 256)          65792       tf.__operators__.add_8[0][0]     
2024-05-25 23:03:14.172685:__________________________________________________________________________________________________
2024-05-25 23:03:14.172759:tf.__operators__.add_9 (TFOpLam (None, 256)          0           fc2_2[0][0]                      
2024-05-25 23:03:14.172800:                                                                 tf.__operators__.add_8[0][0]     
2024-05-25 23:03:14.172835:__________________________________________________________________________________________________
2024-05-25 23:03:14.172902:dropout_2 (Dropout)             (None, 256)          0           tf.__operators__.add_9[0][0]     
2024-05-25 23:03:14.172945:__________________________________________________________________________________________________
2024-05-25 23:03:14.173046:fc3_0 (Dense)                   (None, 128)          32896       dropout_2[0][0]                  
2024-05-25 23:03:14.173086:__________________________________________________________________________________________________
2024-05-25 23:03:14.173182:fc3_dim_0 (Dense)               (None, 128)          32896       dropout_2[0][0]                  
2024-05-25 23:03:14.173222:__________________________________________________________________________________________________
2024-05-25 23:03:14.173293:tf.__operators__.add_10 (TFOpLa (None, 128)          0           fc3_0[0][0]                      
2024-05-25 23:03:14.173334:                                                                 fc3_dim_0[0][0]                  
2024-05-25 23:03:14.173369:__________________________________________________________________________________________________
2024-05-25 23:03:14.173464:fc3_1 (Dense)                   (None, 128)          16512       tf.__operators__.add_10[0][0]    
2024-05-25 23:03:14.173503:__________________________________________________________________________________________________
2024-05-25 23:03:14.173573:tf.__operators__.add_11 (TFOpLa (None, 128)          0           fc3_1[0][0]                      
2024-05-25 23:03:14.173614:                                                                 tf.__operators__.add_10[0][0]    
2024-05-25 23:03:14.173649:__________________________________________________________________________________________________
2024-05-25 23:03:14.173744:fc3_2 (Dense)                   (None, 128)          16512       tf.__operators__.add_11[0][0]    
2024-05-25 23:03:14.173785:__________________________________________________________________________________________________
2024-05-25 23:03:14.173856:tf.__operators__.add_12 (TFOpLa (None, 128)          0           fc3_2[0][0]                      
2024-05-25 23:03:14.173897:                                                                 tf.__operators__.add_11[0][0]    
2024-05-25 23:03:14.173938:__________________________________________________________________________________________________
2024-05-25 23:03:14.174038:dropout_3 (Dropout)             (None, 128)          0           tf.__operators__.add_12[0][0]    
2024-05-25 23:03:14.174083:__________________________________________________________________________________________________
2024-05-25 23:03:14.174191:fc4_0 (Dense)                   (None, 64)           8256        dropout_3[0][0]                  
2024-05-25 23:03:14.174233:__________________________________________________________________________________________________
2024-05-25 23:03:14.174330:fc4_dim_0 (Dense)               (None, 64)           8256        dropout_3[0][0]                  
2024-05-25 23:03:14.174371:__________________________________________________________________________________________________
2024-05-25 23:03:14.174450:tf.__operators__.add_13 (TFOpLa (None, 64)           0           fc4_0[0][0]                      
2024-05-25 23:03:14.174492:                                                                 fc4_dim_0[0][0]                  
2024-05-25 23:03:14.174526:__________________________________________________________________________________________________
2024-05-25 23:03:14.174623:fc4_1 (Dense)                   (None, 64)           4160        tf.__operators__.add_13[0][0]    
2024-05-25 23:03:14.174664:__________________________________________________________________________________________________
2024-05-25 23:03:14.174735:tf.__operators__.add_14 (TFOpLa (None, 64)           0           fc4_1[0][0]                      
2024-05-25 23:03:14.174776:                                                                 tf.__operators__.add_13[0][0]    
2024-05-25 23:03:14.174810:__________________________________________________________________________________________________
2024-05-25 23:03:14.174906:fc5_0 (Dense)                   (None, 32)           2080        tf.__operators__.add_14[0][0]    
2024-05-25 23:03:14.174956:__________________________________________________________________________________________________
2024-05-25 23:03:14.175057:fc5_dim_0 (Dense)               (None, 32)           2080        tf.__operators__.add_14[0][0]    
2024-05-25 23:03:14.178164:__________________________________________________________________________________________________
2024-05-25 23:03:14.178253:tf.__operators__.add_15 (TFOpLa (None, 32)           0           fc5_0[0][0]                      
2024-05-25 23:03:14.178295:                                                                 fc5_dim_0[0][0]                  
2024-05-25 23:03:14.178330:__________________________________________________________________________________________________
2024-05-25 23:03:14.178430:fc6 (Dense)                     (None, 1)            33          tf.__operators__.add_15[0][0]    
2024-05-25 23:03:14.178470:==================================================================================================
2024-05-25 23:03:14.179054:Total params: 8,389,409
2024-05-25 23:03:14.179105:Trainable params: 8,389,409
2024-05-25 23:03:14.179142:Non-trainable params: 0
2024-05-25 23:03:14.179177:__________________________________________________________________________________________________
2024-05-25 23:03:14.189135:start training
2024-05-25 23:03:15.757262:2024-05-25 23:03:15.757216: Current epoch: 0, loss: 20.957860946655273, validation loss: 8.00052261352539
2024-05-25 23:03:16.065970:2024-05-25 23:03:16.065920: Current epoch: 1, loss: 6.633852481842041, validation loss: 6.070627689361572
2024-05-25 23:03:16.388311:2024-05-25 23:03:16.388268: Current epoch: 2, loss: 5.051207542419434, validation loss: 4.275853157043457
2024-05-25 23:03:16.693645:2024-05-25 23:03:16.693601: Current epoch: 3, loss: 4.758433818817139, validation loss: 3.5317201614379883
2024-05-25 23:03:16.975736:2024-05-25 23:03:16.975646: Current epoch: 4, loss: 4.09853982925415, validation loss: 4.163183689117432
2024-05-25 23:03:17.291918:2024-05-25 23:03:17.291878: Current epoch: 5, loss: 4.428965091705322, validation loss: 3.0967679023742676
2024-05-25 23:03:17.566624:2024-05-25 23:03:17.566587: Current epoch: 6, loss: 5.08864688873291, validation loss: 7.645529747009277
2024-05-25 23:03:17.916756:2024-05-25 23:03:17.916709: Current epoch: 7, loss: 3.8526573181152344, validation loss: 2.696768045425415
2024-05-25 23:03:18.198700:2024-05-25 23:03:18.198660: Current epoch: 8, loss: 3.244096517562866, validation loss: 3.1411633491516113
2024-05-25 23:03:18.482070:2024-05-25 23:03:18.482004: Current epoch: 9, loss: 3.1595637798309326, validation loss: 3.117661952972412
2024-05-25 23:03:21.320328:2024-05-25 23:03:21.320249: Current epoch: 10, loss: 2.9062366485595703, validation loss: 3.4699244499206543
2024-05-25 23:03:21.654823:2024-05-25 23:03:21.654778: Current epoch: 11, loss: 3.488802194595337, validation loss: 2.5249786376953125
2024-05-25 23:03:21.936147:2024-05-25 23:03:21.936107: Current epoch: 12, loss: 2.890174150466919, validation loss: 3.808030128479004
2024-05-25 23:03:22.222671:2024-05-25 23:03:22.222610: Current epoch: 13, loss: 2.871691942214966, validation loss: 2.6505014896392822
2024-05-25 23:03:22.516789:2024-05-25 23:03:22.516720: Current epoch: 14, loss: 2.5793912410736084, validation loss: 2.686051607131958
2024-05-25 23:03:22.796713:2024-05-25 23:03:22.796649: Current epoch: 15, loss: 2.2806191444396973, validation loss: 3.2247676849365234
2024-05-25 23:03:23.075020:2024-05-25 23:03:23.074949: Current epoch: 16, loss: 2.888455629348755, validation loss: 3.6016860008239746
2024-05-25 23:03:23.371704:2024-05-25 23:03:23.371663: Current epoch: 17, loss: 2.4911065101623535, validation loss: 2.524609327316284
2024-05-25 23:03:23.642271:2024-05-25 23:03:23.642233: Current epoch: 18, loss: 2.1370482444763184, validation loss: 3.248593330383301
2024-05-25 23:03:23.926255:2024-05-25 23:03:23.926186: Current epoch: 19, loss: 2.7644944190979004, validation loss: 3.0936169624328613
2024-05-25 23:03:26.492727:2024-05-25 23:03:26.492680: Current epoch: 20, loss: 2.1834447383880615, validation loss: 2.184917449951172
2024-05-25 23:03:26.778178:2024-05-25 23:03:26.778140: Current epoch: 21, loss: 2.154965400695801, validation loss: 2.850515127182007
2024-05-25 23:03:27.060140:2024-05-25 23:03:27.060098: Current epoch: 22, loss: 2.1220688819885254, validation loss: 2.249023199081421
2024-05-25 23:03:27.334147:2024-05-25 23:03:27.334080: Current epoch: 23, loss: 1.8452122211456299, validation loss: 2.406479835510254
2024-05-25 23:03:27.603018:2024-05-25 23:03:27.602983: Current epoch: 24, loss: 1.7069997787475586, validation loss: 2.2651965618133545
2024-05-25 23:03:27.869448:2024-05-25 23:03:27.869411: Current epoch: 25, loss: 1.7090049982070923, validation loss: 2.741567373275757
2024-05-25 23:03:28.134058:2024-05-25 23:03:28.134022: Current epoch: 26, loss: 1.7807631492614746, validation loss: 2.418813705444336
2024-05-25 23:03:28.404832:2024-05-25 23:03:28.404710: Current epoch: 27, loss: 1.5766915082931519, validation loss: 2.378063678741455
2024-05-25 23:03:28.684043:2024-05-25 23:03:28.684008: Current epoch: 28, loss: 2.0324745178222656, validation loss: 2.675948143005371
2024-05-25 23:03:28.997380:2024-05-25 23:03:28.997284: Current epoch: 29, loss: 2.167572498321533, validation loss: 2.400210380554199
2024-05-25 23:03:31.791150:2024-05-25 23:03:31.791105: Current epoch: 30, loss: 1.7454094886779785, validation loss: 2.145538091659546
2024-05-25 23:03:32.076094:2024-05-25 23:03:32.076056: Current epoch: 31, loss: 1.6364014148712158, validation loss: 2.7692325115203857
2024-05-25 23:03:32.347864:2024-05-25 23:03:32.347795: Current epoch: 32, loss: 2.086432456970215, validation loss: 2.222846746444702
2024-05-25 23:03:32.677632:2024-05-25 23:03:32.677594: Current epoch: 33, loss: 1.7198796272277832, validation loss: 2.1219980716705322
2024-05-25 23:03:32.954318:2024-05-25 23:03:32.954274: Current epoch: 34, loss: 1.5614360570907593, validation loss: 2.128446340560913
2024-05-25 23:03:33.245407:2024-05-25 23:03:33.245341: Current epoch: 35, loss: 1.6777938604354858, validation loss: 2.4526078701019287
2024-05-25 23:03:33.526897:2024-05-25 23:03:33.526831: Current epoch: 36, loss: 1.4274934530258179, validation loss: 2.1586592197418213
2024-05-25 23:03:33.829021:2024-05-25 23:03:33.828980: Current epoch: 37, loss: 1.3622967004776, validation loss: 1.8421133756637573
2024-05-25 23:03:34.092828:2024-05-25 23:03:34.092796: Current epoch: 38, loss: 1.268363356590271, validation loss: 2.0579588413238525
2024-05-25 23:03:34.377075:2024-05-25 23:03:34.377007: Current epoch: 39, loss: 1.4829564094543457, validation loss: 2.5535531044006348
2024-05-25 23:03:34.664218:2024-05-25 23:03:34.664150: Current epoch: 40, loss: 1.5444598197937012, validation loss: 2.346703052520752
2024-05-25 23:03:34.954953:2024-05-25 23:03:34.954862: Current epoch: 41, loss: 1.416767954826355, validation loss: 2.0790867805480957
2024-05-25 23:03:35.255091:2024-05-25 23:03:35.255048: Current epoch: 42, loss: 1.2055046558380127, validation loss: 2.0790371894836426
2024-05-25 23:03:35.544619:2024-05-25 23:03:35.544579: Current epoch: 43, loss: 1.1701829433441162, validation loss: 2.407980442047119
2024-05-25 23:03:35.834384:2024-05-25 23:03:35.834311: Current epoch: 44, loss: 1.5685464143753052, validation loss: 2.0966529846191406
2024-05-25 23:03:36.136749:2024-05-25 23:03:36.136713: Current epoch: 45, loss: 1.3545470237731934, validation loss: 1.8655654191970825
2024-05-25 23:03:36.426975:2024-05-25 23:03:36.426874: Current epoch: 46, loss: 1.2067968845367432, validation loss: 1.8857237100601196
2024-05-25 23:03:36.747455:2024-05-25 23:03:36.747398: Current epoch: 47, loss: 1.0955960750579834, validation loss: 1.8325551748275757
2024-05-25 23:03:37.060313:2024-05-25 23:03:37.060247: Current epoch: 48, loss: 1.1007267236709595, validation loss: 1.821479082107544
2024-05-25 23:03:37.346061:2024-05-25 23:03:37.345982: Current epoch: 49, loss: 1.192054271697998, validation loss: 2.6205592155456543
2024-05-25 23:03:37.638363:2024-05-25 23:03:37.638288: Current epoch: 50, loss: 1.3574272394180298, validation loss: 1.8686399459838867
2024-05-25 23:03:37.929458:2024-05-25 23:03:37.929414: Current epoch: 51, loss: 1.138562560081482, validation loss: 2.2241928577423096
2024-05-25 23:03:38.213689:2024-05-25 23:03:38.213643: Current epoch: 52, loss: 1.2904869318008423, validation loss: 2.0845727920532227
2024-05-25 23:03:38.510784:2024-05-25 23:03:38.510740: Current epoch: 53, loss: 1.0743987560272217, validation loss: 1.9091469049453735
2024-05-25 23:03:38.797065:2024-05-25 23:03:38.797006: Current epoch: 54, loss: 1.1621406078338623, validation loss: 2.0566675662994385
2024-05-25 23:03:39.087831:2024-05-25 23:03:39.087786: Current epoch: 55, loss: 1.2254987955093384, validation loss: 2.1782944202423096
2024-05-25 23:03:39.374560:2024-05-25 23:03:39.374482: Current epoch: 56, loss: 1.2830853462219238, validation loss: 1.904774785041809
2024-05-25 23:03:39.663349:2024-05-25 23:03:39.663304: Current epoch: 57, loss: 1.1409419775009155, validation loss: 1.9345043897628784
2024-05-25 23:03:39.951531:2024-05-25 23:03:39.951485: Current epoch: 58, loss: 1.15189528465271, validation loss: 1.9513946771621704
2024-05-25 23:03:40.237870:2024-05-25 23:03:40.237798: Current epoch: 59, loss: 1.0819001197814941, validation loss: 1.8337303400039673
2024-05-25 23:03:43.001363:2024-05-25 23:03:43.001295: Current epoch: 60, loss: 1.1773614883422852, validation loss: 1.9829723834991455
2024-05-25 23:03:43.295964:2024-05-25 23:03:43.295889: Current epoch: 61, loss: 1.2644654512405396, validation loss: 1.993308424949646
2024-05-25 23:03:43.586889:2024-05-25 23:03:43.586813: Current epoch: 62, loss: 1.2191317081451416, validation loss: 2.0006651878356934
2024-05-25 23:03:43.891904:2024-05-25 23:03:43.891858: Current epoch: 63, loss: 1.0515809059143066, validation loss: 1.8877917528152466
2024-05-25 23:03:44.179483:2024-05-25 23:03:44.179426: Current epoch: 64, loss: 1.1182900667190552, validation loss: 1.8841478824615479
2024-05-25 23:03:44.461571:2024-05-25 23:03:44.461531: Current epoch: 65, loss: 1.1089890003204346, validation loss: 2.147599697113037
2024-05-25 23:03:44.759133:2024-05-25 23:03:44.759087: Current epoch: 66, loss: 1.020788550376892, validation loss: 1.8887550830841064
2024-05-25 23:03:45.049505:2024-05-25 23:03:45.049348: Current epoch: 67, loss: 0.9706968069076538, validation loss: 1.8900717496871948
2024-05-25 23:03:45.378748:2024-05-25 23:03:45.378691: Current epoch: 68, loss: 1.0812596082687378, validation loss: 1.7611597776412964
2024-05-25 23:03:45.730200:2024-05-25 23:03:45.730060: Current epoch: 69, loss: 0.9489829540252686, validation loss: 2.023318290710449
2024-05-25 23:03:46.079235:2024-05-25 23:03:46.079180: Current epoch: 70, loss: 0.9613757133483887, validation loss: 1.6392199993133545
2024-05-25 23:03:46.358884:2024-05-25 23:03:46.358842: Current epoch: 71, loss: 0.9451885223388672, validation loss: 1.8715875148773193
2024-05-25 23:03:46.645399:2024-05-25 23:03:46.645358: Current epoch: 72, loss: 0.9366962313652039, validation loss: 1.7439268827438354
2024-05-25 23:03:46.925500:2024-05-25 23:03:46.925457: Current epoch: 73, loss: 1.045654535293579, validation loss: 1.7703558206558228
2024-05-25 23:03:47.204151:2024-05-25 23:03:47.204080: Current epoch: 74, loss: 0.914923369884491, validation loss: 2.1947386264801025
2024-05-25 23:03:47.486914:2024-05-25 23:03:47.486842: Current epoch: 75, loss: 0.9792808890342712, validation loss: 1.9601341485977173
2024-05-25 23:03:47.765683:2024-05-25 23:03:47.765644: Current epoch: 76, loss: 0.798911988735199, validation loss: 1.966571569442749
2024-05-25 23:03:48.044612:2024-05-25 23:03:48.044574: Current epoch: 77, loss: 0.873591423034668, validation loss: 1.8736751079559326
2024-05-25 23:03:48.328635:2024-05-25 23:03:48.328563: Current epoch: 78, loss: 0.8477542996406555, validation loss: 1.9836580753326416
2024-05-25 23:03:48.605005:2024-05-25 23:03:48.604914: Current epoch: 79, loss: 0.9260991811752319, validation loss: 1.8295642137527466
2024-05-25 23:03:51.476574:2024-05-25 23:03:51.476497: Current epoch: 80, loss: 0.8084268569946289, validation loss: 1.9556010961532593
2024-05-25 23:03:51.784300:2024-05-25 23:03:51.784229: Current epoch: 81, loss: 0.8710294961929321, validation loss: 1.8865039348602295
2024-05-25 23:03:52.096013:2024-05-25 23:03:52.095889: Current epoch: 82, loss: 0.878854513168335, validation loss: 1.7552512884140015
2024-05-25 23:03:52.389763:2024-05-25 23:03:52.389690: Current epoch: 83, loss: 0.9184178113937378, validation loss: 1.9054545164108276
2024-05-25 23:03:52.677243:2024-05-25 23:03:52.677172: Current epoch: 84, loss: 0.9237661957740784, validation loss: 1.7419476509094238
2024-05-25 23:03:52.968277:2024-05-25 23:03:52.968238: Current epoch: 85, loss: 0.8683732748031616, validation loss: 1.8567677736282349
2024-05-25 23:03:53.260066:2024-05-25 23:03:53.260026: Current epoch: 86, loss: 0.9696721434593201, validation loss: 1.841713786125183
2024-05-25 23:03:53.586958:2024-05-25 23:03:53.586906: Current epoch: 87, loss: 0.8990834355354309, validation loss: 1.7317266464233398
2024-05-25 23:03:53.902496:2024-05-25 23:03:53.902421: Current epoch: 88, loss: 0.8475474715232849, validation loss: 1.9118847846984863
2024-05-25 23:03:54.207113:2024-05-25 23:03:54.207070: Current epoch: 89, loss: 0.85946124792099, validation loss: 1.9776110649108887
2024-05-25 23:03:54.493572:2024-05-25 23:03:54.493495: Current epoch: 90, loss: 0.7811923027038574, validation loss: 1.7267206907272339
2024-05-25 23:03:54.795947:2024-05-25 23:03:54.795704: Current epoch: 91, loss: 0.6889084577560425, validation loss: 1.7628040313720703
2024-05-25 23:03:55.086339:2024-05-25 23:03:55.086267: Current epoch: 92, loss: 0.7406290173530579, validation loss: 2.003366231918335
2024-05-25 23:03:55.381513:2024-05-25 23:03:55.381473: Current epoch: 93, loss: 0.7537309527397156, validation loss: 1.9201246500015259
2024-05-25 23:03:55.728879:2024-05-25 23:03:55.728783: Current epoch: 94, loss: 0.7615534663200378, validation loss: 1.941665530204773
2024-05-25 23:03:56.036229:2024-05-25 23:03:56.036158: Current epoch: 95, loss: 0.7421312928199768, validation loss: 1.849887490272522
2024-05-25 23:03:56.347148:2024-05-25 23:03:56.347075: Current epoch: 96, loss: 0.8453470468521118, validation loss: 1.8050503730773926
2024-05-25 23:03:56.635813:2024-05-25 23:03:56.635772: Current epoch: 97, loss: 0.7229779958724976, validation loss: 1.7764948606491089
2024-05-25 23:03:56.919302:2024-05-25 23:03:56.919262: Current epoch: 98, loss: 0.7980802655220032, validation loss: 1.8268569707870483
2024-05-25 23:03:57.208677:2024-05-25 23:03:57.208638: Current epoch: 99, loss: 0.7802155017852783, validation loss: 1.7430306673049927
2024-05-25 23:04:00.006395:2024-05-25 23:04:00.006354: Current epoch: 100, loss: 0.8449532985687256, validation loss: 1.956664800643921
2024-05-25 23:04:00.293446:2024-05-25 23:04:00.293322: Current epoch: 101, loss: 0.7810128927230835, validation loss: 1.8235841989517212
2024-05-25 23:04:00.574152:2024-05-25 23:04:00.574082: Current epoch: 102, loss: 0.7630577683448792, validation loss: 1.7256555557250977
2024-05-25 23:04:00.901888:2024-05-25 23:04:00.901834: Current epoch: 103, loss: 0.8459252119064331, validation loss: 1.7736871242523193
2024-05-25 23:04:01.181037:2024-05-25 23:04:01.180998: Current epoch: 104, loss: 0.7749612331390381, validation loss: 1.7091766595840454
2024-05-25 23:04:01.498482:2024-05-25 23:04:01.498442: Current epoch: 105, loss: 0.709416389465332, validation loss: 1.7689745426177979
2024-05-25 23:04:01.794395:2024-05-25 23:04:01.794347: Current epoch: 106, loss: 0.8408755660057068, validation loss: 1.956151008605957
2024-05-25 23:04:02.091661:2024-05-25 23:04:02.091623: Current epoch: 107, loss: 0.8358796834945679, validation loss: 1.8829458951950073
2024-05-25 23:04:02.396820:2024-05-25 23:04:02.396686: Current epoch: 108, loss: 0.9318053126335144, validation loss: 1.9041343927383423
2024-05-25 23:04:02.697654:2024-05-25 23:04:02.697583: Current epoch: 109, loss: 0.8360846638679504, validation loss: 2.028470516204834
2024-05-25 23:04:02.990628:2024-05-25 23:04:02.990557: Current epoch: 110, loss: 0.7124395370483398, validation loss: 1.793316125869751
2024-05-25 23:04:03.301688:2024-05-25 23:04:03.301638: Current epoch: 111, loss: 0.7596253752708435, validation loss: 1.771781325340271
2024-05-25 23:04:03.589894:2024-05-25 23:04:03.589816: Current epoch: 112, loss: 0.8518134355545044, validation loss: 1.8772550821304321
2024-05-25 23:04:03.888892:2024-05-25 23:04:03.888828: Current epoch: 113, loss: 0.8601780533790588, validation loss: 1.909252405166626
2024-05-25 23:04:04.178570:2024-05-25 23:04:04.178525: Current epoch: 114, loss: 0.9018043875694275, validation loss: 1.9081252813339233
2024-05-25 23:04:04.455067:2024-05-25 23:04:04.454991: Current epoch: 115, loss: 0.752549946308136, validation loss: 1.782857060432434
2024-05-25 23:04:04.758521:2024-05-25 23:04:04.758446: Current epoch: 116, loss: 0.7198026776313782, validation loss: 1.7833423614501953
2024-05-25 23:04:05.046068:2024-05-25 23:04:05.045990: Current epoch: 117, loss: 0.7022862434387207, validation loss: 1.7411473989486694
2024-05-25 23:04:05.324163:2024-05-25 23:04:05.324119: Current epoch: 118, loss: 0.7063605785369873, validation loss: 1.8965404033660889
2024-05-25 23:04:05.606181:2024-05-25 23:04:05.606132: Current epoch: 119, loss: 0.6862517595291138, validation loss: 1.8170527219772339
2024-05-25 23:04:05.890236:2024-05-25 23:04:05.890192: Current epoch: 120, loss: 0.7448101043701172, validation loss: 1.805993676185608
2024-05-25 23:04:06.181475:2024-05-25 23:04:06.181368: Current epoch: 121, loss: 0.7975829243659973, validation loss: 1.774442434310913
2024-05-25 23:04:06.464566:2024-05-25 23:04:06.464524: Current epoch: 122, loss: 0.766526460647583, validation loss: 1.755663275718689
2024-05-25 23:04:06.767545:2024-05-25 23:04:06.767463: Current epoch: 123, loss: 0.7307177186012268, validation loss: 1.8005731105804443
2024-05-25 23:04:07.058137:2024-05-25 23:04:07.058094: Current epoch: 124, loss: 0.8845489025115967, validation loss: 1.9002755880355835
2024-05-25 23:04:07.339466:2024-05-25 23:04:07.339423: Current epoch: 125, loss: 0.9067865610122681, validation loss: 1.823293685913086
2024-05-25 23:04:07.625587:2024-05-25 23:04:07.625542: Current epoch: 126, loss: 0.8957671523094177, validation loss: 1.9989194869995117
2024-05-25 23:04:07.934808:2024-05-25 23:04:07.934731: Current epoch: 127, loss: 0.7763445973396301, validation loss: 1.8042821884155273
2024-05-25 23:04:08.228030:2024-05-25 23:04:08.227984: Current epoch: 128, loss: 0.7962279915809631, validation loss: 2.0795443058013916
2024-05-25 23:04:08.508155:2024-05-25 23:04:08.508112: Current epoch: 129, loss: 1.0063985586166382, validation loss: 1.8935911655426025
2024-05-25 23:04:08.785085:2024-05-25 23:04:08.785041: Current epoch: 130, loss: 0.965225338935852, validation loss: 1.9287177324295044
2024-05-25 23:04:09.114791:2024-05-25 23:04:09.114711: Current epoch: 131, loss: 0.8347799777984619, validation loss: 1.7424935102462769
2024-05-25 23:04:09.398414:2024-05-25 23:04:09.398377: Current epoch: 132, loss: 0.7407812476158142, validation loss: 1.9774285554885864
2024-05-25 23:04:09.680052:2024-05-25 23:04:09.680012: Current epoch: 133, loss: 0.7664414644241333, validation loss: 1.7192280292510986
2024-05-25 23:04:09.960692:2024-05-25 23:04:09.960653: Current epoch: 134, loss: 0.6961203813552856, validation loss: 1.8117330074310303
2024-05-25 23:04:10.255094:2024-05-25 23:04:10.255055: Current epoch: 135, loss: 0.6789984107017517, validation loss: 1.7503119707107544
2024-05-25 23:04:10.541668:2024-05-25 23:04:10.541594: Current epoch: 136, loss: 0.7089052796363831, validation loss: 1.737925410270691
2024-05-25 23:04:10.834102:2024-05-25 23:04:10.834061: Current epoch: 137, loss: 0.6347800493240356, validation loss: 1.728198528289795
2024-05-25 23:04:11.134795:2024-05-25 23:04:11.134726: Current epoch: 138, loss: 0.70639568567276, validation loss: 1.7296003103256226
2024-05-25 23:04:11.419261:2024-05-25 23:04:11.419191: Current epoch: 139, loss: 0.7929971218109131, validation loss: 1.7023876905441284
2024-05-25 23:04:14.288659:2024-05-25 23:04:14.288605: Current epoch: 140, loss: 0.853405237197876, validation loss: 1.9903979301452637
2024-05-25 23:04:14.584132:2024-05-25 23:04:14.584060: Current epoch: 141, loss: 0.8584322333335876, validation loss: 1.7747220993041992
2024-05-25 23:04:14.874784:2024-05-25 23:04:14.874715: Current epoch: 142, loss: 0.6418860554695129, validation loss: 1.698076605796814
2024-05-25 23:04:15.168865:2024-05-25 23:04:15.168797: Current epoch: 143, loss: 0.8721970915794373, validation loss: 1.6957975625991821
2024-05-25 23:04:15.503427:2024-05-25 23:04:15.503339: Current epoch: 144, loss: 0.853830873966217, validation loss: 1.7943196296691895
2024-05-25 23:04:15.804064:2024-05-25 23:04:15.803996: Current epoch: 145, loss: 0.7234214544296265, validation loss: 1.7467663288116455
2024-05-25 23:04:16.090337:2024-05-25 23:04:16.090301: Current epoch: 146, loss: 0.6507443189620972, validation loss: 1.770942211151123
2024-05-25 23:04:16.372644:2024-05-25 23:04:16.372580: Current epoch: 147, loss: 0.6489803791046143, validation loss: 1.9846782684326172
2024-05-25 23:04:16.669011:2024-05-25 23:04:16.668954: Current epoch: 148, loss: 0.8383342623710632, validation loss: 1.6709281206130981
2024-05-25 23:04:16.958919:2024-05-25 23:04:16.958859: Current epoch: 149, loss: 0.8008993268013, validation loss: 1.929322600364685
2024-05-25 23:04:17.243913:2024-05-25 23:04:17.243843: Current epoch: 150, loss: 0.6488121747970581, validation loss: 1.7349013090133667
2024-05-25 23:04:17.552305:2024-05-25 23:04:17.552235: Current epoch: 151, loss: 0.679078221321106, validation loss: 1.6947790384292603
2024-05-25 23:04:17.890546:2024-05-25 23:04:17.890501: Current epoch: 152, loss: 0.6145398616790771, validation loss: 1.638645052909851
2024-05-25 23:04:18.168421:2024-05-25 23:04:18.168388: Current epoch: 153, loss: 0.6282788515090942, validation loss: 1.7529067993164062
2024-05-25 23:04:18.453317:2024-05-25 23:04:18.453268: Current epoch: 154, loss: 0.6473036408424377, validation loss: 1.737134575843811
2024-05-25 23:04:18.741402:2024-05-25 23:04:18.741368: Current epoch: 155, loss: 0.5885207056999207, validation loss: 1.7346993684768677
2024-05-25 23:04:19.032187:2024-05-25 23:04:19.032125: Current epoch: 156, loss: 0.5944715142250061, validation loss: 1.8162676095962524
2024-05-25 23:04:19.318163:2024-05-25 23:04:19.318103: Current epoch: 157, loss: 0.6314481496810913, validation loss: 1.8949007987976074
2024-05-25 23:04:19.606194:2024-05-25 23:04:19.606157: Current epoch: 158, loss: 0.6328413486480713, validation loss: 1.6642961502075195
2024-05-25 23:04:19.890990:2024-05-25 23:04:19.890952: Current epoch: 159, loss: 0.5522931814193726, validation loss: 1.701900601387024
2024-05-25 23:04:22.657353:2024-05-25 23:04:22.657230: Current epoch: 160, loss: 0.5815553069114685, validation loss: 1.6640827655792236
2024-05-25 23:04:22.941977:2024-05-25 23:04:22.941920: Current epoch: 161, loss: 0.5949874520301819, validation loss: 1.831367015838623
2024-05-25 23:04:23.247802:2024-05-25 23:04:23.247711: Current epoch: 162, loss: 0.5601493120193481, validation loss: 1.691030502319336
2024-05-25 23:04:23.559089:2024-05-25 23:04:23.559051: Current epoch: 163, loss: 0.622668981552124, validation loss: 1.7334731817245483
2024-05-25 23:04:23.841832:2024-05-25 23:04:23.841799: Current epoch: 164, loss: 0.7590137124061584, validation loss: 1.6900335550308228
2024-05-25 23:04:24.123265:2024-05-25 23:04:24.123229: Current epoch: 165, loss: 0.6821046471595764, validation loss: 1.7772321701049805
2024-05-25 23:04:24.409833:2024-05-25 23:04:24.409765: Current epoch: 166, loss: 0.6817504167556763, validation loss: 1.7572911977767944
2024-05-25 23:04:24.681307:2024-05-25 23:04:24.681273: Current epoch: 167, loss: 0.6105338931083679, validation loss: 1.7517145872116089
2024-05-25 23:04:24.963635:2024-05-25 23:04:24.963565: Current epoch: 168, loss: 0.5722243189811707, validation loss: 1.707510232925415
2024-05-25 23:04:25.236820:2024-05-25 23:04:25.236732: Current epoch: 169, loss: 0.6190622448921204, validation loss: 1.8934351205825806
2024-05-25 23:04:25.528859:2024-05-25 23:04:25.528790: Current epoch: 170, loss: 0.6351369619369507, validation loss: 1.8365647792816162
2024-05-25 23:04:25.824525:2024-05-25 23:04:25.824481: Current epoch: 171, loss: 0.6778006553649902, validation loss: 1.7619894742965698
2024-05-25 23:04:26.121833:2024-05-25 23:04:26.121761: Current epoch: 172, loss: 0.633578360080719, validation loss: 1.953927993774414
2024-05-25 23:04:26.426689:2024-05-25 23:04:26.426614: Current epoch: 173, loss: 0.8304447531700134, validation loss: 1.7036540508270264
2024-05-25 23:04:26.715212:2024-05-25 23:04:26.715178: Current epoch: 174, loss: 0.6630228161811829, validation loss: 1.9116250276565552
2024-05-25 23:04:27.014899:2024-05-25 23:04:27.014831: Current epoch: 175, loss: 0.7428088784217834, validation loss: 1.6836053133010864
2024-05-25 23:04:27.296092:2024-05-25 23:04:27.296022: Current epoch: 176, loss: 0.7863113284111023, validation loss: 1.8107210397720337
2024-05-25 23:04:27.585174:2024-05-25 23:04:27.585050: Current epoch: 177, loss: 0.7848067283630371, validation loss: 1.896461009979248
2024-05-25 23:04:27.873421:2024-05-25 23:04:27.873383: Current epoch: 178, loss: 0.7571686506271362, validation loss: 1.7077878713607788
2024-05-25 23:04:28.153346:2024-05-25 23:04:28.153276: Current epoch: 179, loss: 0.6887766122817993, validation loss: 1.7766622304916382
2024-05-25 23:04:28.441910:2024-05-25 23:04:28.441841: Current epoch: 180, loss: 0.6182940602302551, validation loss: 1.8177366256713867
2024-05-25 23:04:28.730828:2024-05-25 23:04:28.730761: Current epoch: 181, loss: 0.5818845629692078, validation loss: 1.802126169204712
2024-05-25 23:04:29.015095:2024-05-25 23:04:29.015028: Current epoch: 182, loss: 0.6119573712348938, validation loss: 1.6927783489227295
2024-05-25 23:04:29.316038:2024-05-25 23:04:29.315969: Current epoch: 183, loss: 0.5839287042617798, validation loss: 1.681823968887329
2024-05-25 23:04:29.608884:2024-05-25 23:04:29.608849: Current epoch: 184, loss: 0.5165764093399048, validation loss: 1.7197235822677612
2024-05-25 23:04:29.928090:2024-05-25 23:04:29.927991: Current epoch: 185, loss: 0.5380165576934814, validation loss: 1.7699530124664307
2024-05-25 23:04:30.223907:2024-05-25 23:04:30.223868: Current epoch: 186, loss: 0.6531355381011963, validation loss: 1.8713587522506714
2024-05-25 23:04:30.562589:2024-05-25 23:04:30.562546: Current epoch: 187, loss: 0.6572469472885132, validation loss: 1.6099082231521606
2024-05-25 23:04:30.848610:2024-05-25 23:04:30.848541: Current epoch: 188, loss: 0.5764151811599731, validation loss: 1.746107816696167
2024-05-25 23:04:31.139449:2024-05-25 23:04:31.139414: Current epoch: 189, loss: 0.5959662199020386, validation loss: 1.7229245901107788
2024-05-25 23:04:31.425396:2024-05-25 23:04:31.425364: Current epoch: 190, loss: 0.7153930068016052, validation loss: 1.7663851976394653
2024-05-25 23:04:31.708250:2024-05-25 23:04:31.708182: Current epoch: 191, loss: 0.5744539499282837, validation loss: 1.6388994455337524
2024-05-25 23:04:31.996880:2024-05-25 23:04:31.996848: Current epoch: 192, loss: 0.5889249444007874, validation loss: 1.7309253215789795
2024-05-25 23:04:32.297616:2024-05-25 23:04:32.297580: Current epoch: 193, loss: 0.5694175958633423, validation loss: 1.7005671262741089
2024-05-25 23:04:32.575253:2024-05-25 23:04:32.575220: Current epoch: 194, loss: 0.6522213816642761, validation loss: 1.6657605171203613
2024-05-25 23:04:32.855419:2024-05-25 23:04:32.855291: Current epoch: 195, loss: 0.5705229043960571, validation loss: 1.6566873788833618
2024-05-25 23:04:33.145763:2024-05-25 23:04:33.145726: Current epoch: 196, loss: 0.49924373626708984, validation loss: 1.6865766048431396
2024-05-25 23:04:33.461597:2024-05-25 23:04:33.461547: Current epoch: 197, loss: 0.588205873966217, validation loss: 1.6410136222839355
2024-05-25 23:04:33.745211:2024-05-25 23:04:33.745143: Current epoch: 198, loss: 0.6166384816169739, validation loss: 1.8483357429504395
2024-05-25 23:04:34.030274:2024-05-25 23:04:34.030240: Current epoch: 199, loss: 0.5943604707717896, validation loss: 1.699181079864502
2024-05-25 23:04:36.523179:2024-05-25 23:04:36.523108: Current epoch: 200, loss: 0.6036736369132996, validation loss: 1.7857906818389893
2024-05-25 23:04:36.807733:2024-05-25 23:04:36.807663: Current epoch: 201, loss: 0.5549802184104919, validation loss: 1.744479775428772
2024-05-25 23:04:37.089677:2024-05-25 23:04:37.089638: Current epoch: 202, loss: 0.5938369631767273, validation loss: 1.7646268606185913
2024-05-25 23:04:37.370874:2024-05-25 23:04:37.370838: Current epoch: 203, loss: 0.6331291794776917, validation loss: 1.6114860773086548
2024-05-25 23:04:37.645052:2024-05-25 23:04:37.644982: Current epoch: 204, loss: 0.5386145114898682, validation loss: 1.783111810684204
2024-05-25 23:04:37.931615:2024-05-25 23:04:37.931580: Current epoch: 205, loss: 0.5350530743598938, validation loss: 1.778622031211853
2024-05-25 23:04:38.245001:2024-05-25 23:04:38.244960: Current epoch: 206, loss: 0.5403704643249512, validation loss: 1.6013073921203613
2024-05-25 23:04:38.525078:2024-05-25 23:04:38.525037: Current epoch: 207, loss: 0.6005926728248596, validation loss: 1.851375937461853
2024-05-25 23:04:38.866195:2024-05-25 23:04:38.866155: Current epoch: 208, loss: 0.5617414712905884, validation loss: 1.5752681493759155
2024-05-25 23:04:39.144911:2024-05-25 23:04:39.144840: Current epoch: 209, loss: 0.5987855195999146, validation loss: 1.7317928075790405
2024-05-25 23:04:39.427431:2024-05-25 23:04:39.427362: Current epoch: 210, loss: 0.5501124262809753, validation loss: 1.7318005561828613
2024-05-25 23:04:39.708354:2024-05-25 23:04:39.708320: Current epoch: 211, loss: 0.5661496520042419, validation loss: 1.7362114191055298
2024-05-25 23:04:39.990671:2024-05-25 23:04:39.990618: Current epoch: 212, loss: 0.5542153120040894, validation loss: 1.685166358947754
2024-05-25 23:04:40.288882:2024-05-25 23:04:40.288843: Current epoch: 213, loss: 0.523987889289856, validation loss: 1.6851718425750732
2024-05-25 23:04:40.590822:2024-05-25 23:04:40.590725: Current epoch: 214, loss: 0.5790773630142212, validation loss: 2.024066925048828
2024-05-25 23:04:40.891454:2024-05-25 23:04:40.891380: Current epoch: 215, loss: 0.6429018378257751, validation loss: 1.7215913534164429
2024-05-25 23:04:41.207280:2024-05-25 23:04:41.207221: Current epoch: 216, loss: 0.6855140328407288, validation loss: 1.7127671241760254
2024-05-25 23:04:41.483180:2024-05-25 23:04:41.483134: Current epoch: 217, loss: 0.6148763298988342, validation loss: 1.6576015949249268
2024-05-25 23:04:41.762942:2024-05-25 23:04:41.762883: Current epoch: 218, loss: 0.6061753034591675, validation loss: 1.7548319101333618
2024-05-25 23:04:42.050302:2024-05-25 23:04:42.050225: Current epoch: 219, loss: 0.4865383803844452, validation loss: 1.7084181308746338
2024-05-25 23:04:42.335191:2024-05-25 23:04:42.335153: Current epoch: 220, loss: 0.6857463121414185, validation loss: 1.7505708932876587
2024-05-25 23:04:42.613918:2024-05-25 23:04:42.613849: Current epoch: 221, loss: 0.6576926708221436, validation loss: 1.736382007598877
2024-05-25 23:04:42.894906:2024-05-25 23:04:42.894838: Current epoch: 222, loss: 0.5838959217071533, validation loss: 1.8414013385772705
2024-05-25 23:04:43.179384:2024-05-25 23:04:43.179317: Current epoch: 223, loss: 0.5996130108833313, validation loss: 1.757243037223816
2024-05-25 23:04:43.463022:2024-05-25 23:04:43.462991: Current epoch: 224, loss: 0.5674458146095276, validation loss: 1.6800836324691772
2024-05-25 23:04:43.737142:2024-05-25 23:04:43.737104: Current epoch: 225, loss: 0.5613508224487305, validation loss: 1.6485365629196167
2024-05-25 23:04:44.019272:2024-05-25 23:04:44.019234: Current epoch: 226, loss: 0.6423567533493042, validation loss: 1.818746566772461
2024-05-25 23:04:44.299508:2024-05-25 23:04:44.299437: Current epoch: 227, loss: 0.5777947306632996, validation loss: 1.9960639476776123
2024-05-25 23:04:44.586193:2024-05-25 23:04:44.586124: Current epoch: 228, loss: 0.6927724480628967, validation loss: 1.7075449228286743
2024-05-25 23:04:44.890433:2024-05-25 23:04:44.890396: Current epoch: 229, loss: 0.6145003437995911, validation loss: 1.763359546661377
2024-05-25 23:04:45.183250:2024-05-25 23:04:45.183210: Current epoch: 230, loss: 0.511867880821228, validation loss: 1.6742128133773804
2024-05-25 23:04:45.478142:2024-05-25 23:04:45.478068: Current epoch: 231, loss: 0.5241809487342834, validation loss: 1.65474271774292
2024-05-25 23:04:45.778011:2024-05-25 23:04:45.777919: Current epoch: 232, loss: 0.562916100025177, validation loss: 1.7115386724472046
2024-05-25 23:04:46.082240:2024-05-25 23:04:46.082171: Current epoch: 233, loss: 0.5512298941612244, validation loss: 1.7114498615264893
2024-05-25 23:04:46.370228:2024-05-25 23:04:46.370160: Current epoch: 234, loss: 0.5555983781814575, validation loss: 1.7141972780227661
2024-05-25 23:04:46.656395:2024-05-25 23:04:46.656327: Current epoch: 235, loss: 0.5562602281570435, validation loss: 1.5873866081237793
2024-05-25 23:04:46.947131:2024-05-25 23:04:46.947064: Current epoch: 236, loss: 0.46744757890701294, validation loss: 1.7383487224578857
2024-05-25 23:04:47.238630:2024-05-25 23:04:47.238562: Current epoch: 237, loss: 0.5846610069274902, validation loss: 1.633678674697876
2024-05-25 23:04:47.538849:2024-05-25 23:04:47.538727: Current epoch: 238, loss: 0.49399417638778687, validation loss: 1.7410813570022583
2024-05-25 23:04:47.825452:2024-05-25 23:04:47.825385: Current epoch: 239, loss: 0.5939880013465881, validation loss: 1.7088367938995361
2024-05-25 23:04:48.104685:2024-05-25 23:04:48.104631: Current epoch: 240, loss: 0.6415716409683228, validation loss: 1.6873215436935425
2024-05-25 23:04:48.387738:2024-05-25 23:04:48.387679: Current epoch: 241, loss: 0.5600254535675049, validation loss: 1.7074774503707886
2024-05-25 23:04:48.677620:2024-05-25 23:04:48.677582: Current epoch: 242, loss: 0.5314974188804626, validation loss: 1.864218831062317
2024-05-25 23:04:48.952087:2024-05-25 23:04:48.952046: Current epoch: 243, loss: 0.5698783993721008, validation loss: 1.83810293674469
2024-05-25 23:04:49.237196:2024-05-25 23:04:49.237127: Current epoch: 244, loss: 0.5768380165100098, validation loss: 1.7387880086898804
2024-05-25 23:04:49.523689:2024-05-25 23:04:49.523654: Current epoch: 245, loss: 0.5372825860977173, validation loss: 1.666791558265686
2024-05-25 23:04:49.828893:2024-05-25 23:04:49.828795: Current epoch: 246, loss: 0.4890671968460083, validation loss: 1.6334584951400757
2024-05-25 23:04:50.135695:2024-05-25 23:04:50.135630: Current epoch: 247, loss: 0.581756055355072, validation loss: 1.6799592971801758
2024-05-25 23:04:50.446800:2024-05-25 23:04:50.446764: Current epoch: 248, loss: 0.4817962348461151, validation loss: 1.7148138284683228
2024-05-25 23:04:50.761190:2024-05-25 23:04:50.761118: Current epoch: 249, loss: 0.5510026812553406, validation loss: 1.7299067974090576
2024-05-25 23:04:51.076295:2024-05-25 23:04:51.076259: Current epoch: 250, loss: 0.5256026983261108, validation loss: 1.7646962404251099
2024-05-25 23:04:51.359581:2024-05-25 23:04:51.359547: Current epoch: 251, loss: 0.5008421540260315, validation loss: 1.6283307075500488
2024-05-25 23:04:51.641852:2024-05-25 23:04:51.641816: Current epoch: 252, loss: 0.5085976123809814, validation loss: 1.7099894285202026
2024-05-25 23:04:51.936220:2024-05-25 23:04:51.936095: Current epoch: 253, loss: 0.529578685760498, validation loss: 1.6698554754257202
2024-05-25 23:04:52.227142:2024-05-25 23:04:52.227071: Current epoch: 254, loss: 0.4825737774372101, validation loss: 1.7056043148040771
2024-05-25 23:04:52.513354:2024-05-25 23:04:52.513314: Current epoch: 255, loss: 0.5795350074768066, validation loss: 1.7064530849456787
2024-05-25 23:04:52.791778:2024-05-25 23:04:52.791711: Current epoch: 256, loss: 0.5105953216552734, validation loss: 1.6801187992095947
2024-05-25 23:04:53.077647:2024-05-25 23:04:53.077591: Current epoch: 257, loss: 0.5069946050643921, validation loss: 1.8726389408111572
2024-05-25 23:04:53.366403:2024-05-25 23:04:53.366333: Current epoch: 258, loss: 0.5657843351364136, validation loss: 1.6776607036590576
2024-05-25 23:04:53.655254:2024-05-25 23:04:53.655218: Current epoch: 259, loss: 0.4712953567504883, validation loss: 1.6507833003997803
2024-05-25 23:04:56.418236:2024-05-25 23:04:56.418186: Current epoch: 260, loss: 0.47308382391929626, validation loss: 1.685655951499939
2024-05-25 23:04:56.700848:2024-05-25 23:04:56.700775: Current epoch: 261, loss: 0.5275377631187439, validation loss: 1.8303582668304443
2024-05-25 23:04:56.984616:2024-05-25 23:04:56.984567: Current epoch: 262, loss: 0.5979831218719482, validation loss: 1.7753926515579224
2024-05-25 23:04:57.267804:2024-05-25 23:04:57.267735: Current epoch: 263, loss: 0.5008006691932678, validation loss: 1.7025997638702393
2024-05-25 23:04:57.554256:2024-05-25 23:04:57.554203: Current epoch: 264, loss: 0.5580503940582275, validation loss: 1.6598384380340576
2024-05-25 23:04:57.824579:2024-05-25 23:04:57.824548: Current epoch: 265, loss: 0.5753905773162842, validation loss: 1.6663312911987305
2024-05-25 23:04:58.106726:2024-05-25 23:04:58.106657: Current epoch: 266, loss: 0.6179735660552979, validation loss: 1.690740942955017
2024-05-25 23:04:58.402072:2024-05-25 23:04:58.401976: Current epoch: 267, loss: 0.49283266067504883, validation loss: 1.5808839797973633
2024-05-25 23:04:58.683460:2024-05-25 23:04:58.683395: Current epoch: 268, loss: 0.4801695942878723, validation loss: 1.638474464416504
2024-05-25 23:04:58.983678:2024-05-25 23:04:58.983610: Current epoch: 269, loss: 0.612870991230011, validation loss: 1.7128946781158447
2024-05-25 23:04:59.264940:2024-05-25 23:04:59.264857: Current epoch: 270, loss: 0.4781166911125183, validation loss: 1.5980405807495117
2024-05-25 23:04:59.554094:2024-05-25 23:04:59.554027: Current epoch: 271, loss: 0.4941118061542511, validation loss: 1.7023946046829224
2024-05-25 23:04:59.835386:2024-05-25 23:04:59.835355: Current epoch: 272, loss: 0.5114182829856873, validation loss: 1.664551019668579
2024-05-25 23:05:00.118662:2024-05-25 23:05:00.118595: Current epoch: 273, loss: 0.5862663984298706, validation loss: 1.587632179260254
2024-05-25 23:05:00.412987:2024-05-25 23:05:00.412845: Current epoch: 274, loss: 0.5004485249519348, validation loss: 1.6840745210647583
2024-05-25 23:05:00.692428:2024-05-25 23:05:00.692395: Current epoch: 275, loss: 0.5087019801139832, validation loss: 1.6930230855941772
2024-05-25 23:05:00.973512:2024-05-25 23:05:00.973449: Current epoch: 276, loss: 0.5041675567626953, validation loss: 1.6825928688049316
2024-05-25 23:05:01.277982:2024-05-25 23:05:01.277885: Current epoch: 277, loss: 0.4746604561805725, validation loss: 1.8882495164871216
2024-05-25 23:05:01.569895:2024-05-25 23:05:01.569827: Current epoch: 278, loss: 0.6527391672134399, validation loss: 1.6779388189315796
2024-05-25 23:05:01.854661:2024-05-25 23:05:01.854595: Current epoch: 279, loss: 0.47284287214279175, validation loss: 1.700945496559143
2024-05-25 23:05:02.167213:2024-05-25 23:05:02.167165: Current epoch: 280, loss: 0.5491111278533936, validation loss: 1.6123197078704834
2024-05-25 23:05:02.455045:2024-05-25 23:05:02.454983: Current epoch: 281, loss: 0.5080884695053101, validation loss: 1.7025376558303833
2024-05-25 23:05:02.738910:2024-05-25 23:05:02.738843: Current epoch: 282, loss: 0.5097782611846924, validation loss: 1.6674047708511353
2024-05-25 23:05:03.026178:2024-05-25 23:05:03.026111: Current epoch: 283, loss: 0.46593719720840454, validation loss: 1.666095495223999
2024-05-25 23:05:03.305249:2024-05-25 23:05:03.305181: Current epoch: 284, loss: 0.40399760007858276, validation loss: 1.6670082807540894
2024-05-25 23:05:03.603674:2024-05-25 23:05:03.603605: Current epoch: 285, loss: 0.46140432357788086, validation loss: 1.6198793649673462
2024-05-25 23:05:03.887921:2024-05-25 23:05:03.887852: Current epoch: 286, loss: 0.4535551071166992, validation loss: 1.6245208978652954
2024-05-25 23:05:04.174773:2024-05-25 23:05:04.174707: Current epoch: 287, loss: 0.4144813120365143, validation loss: 1.6634818315505981
2024-05-25 23:05:04.461108:2024-05-25 23:05:04.461041: Current epoch: 288, loss: 0.4226677417755127, validation loss: 1.6396490335464478
2024-05-25 23:05:04.743867:2024-05-25 23:05:04.743799: Current epoch: 289, loss: 0.44162896275520325, validation loss: 1.7239731550216675
2024-05-25 23:05:05.023449:2024-05-25 23:05:05.023418: Current epoch: 290, loss: 0.41692426800727844, validation loss: 1.6906323432922363
2024-05-25 23:05:05.304386:2024-05-25 23:05:05.304349: Current epoch: 291, loss: 0.48544830083847046, validation loss: 1.6882668733596802
2024-05-25 23:05:05.596020:2024-05-25 23:05:05.595984: Current epoch: 292, loss: 0.48204562067985535, validation loss: 1.5806246995925903
2024-05-25 23:05:05.880064:2024-05-25 23:05:05.879991: Current epoch: 293, loss: 0.40398484468460083, validation loss: 1.656975269317627
2024-05-25 23:05:06.169533:2024-05-25 23:05:06.169496: Current epoch: 294, loss: 0.49565809965133667, validation loss: 1.6509761810302734
2024-05-25 23:05:06.458287:2024-05-25 23:05:06.458161: Current epoch: 295, loss: 0.47005924582481384, validation loss: 1.6180851459503174
2024-05-25 23:05:06.782316:2024-05-25 23:05:06.782236: Current epoch: 296, loss: 0.466169536113739, validation loss: 1.6375935077667236
2024-05-25 23:05:07.070700:2024-05-25 23:05:07.070633: Current epoch: 297, loss: 0.4337468147277832, validation loss: 1.644497036933899
2024-05-25 23:05:07.356920:2024-05-25 23:05:07.356862: Current epoch: 298, loss: 0.43505269289016724, validation loss: 1.669327974319458
2024-05-25 23:05:07.636794:2024-05-25 23:05:07.636727: Current epoch: 299, loss: 0.49789509177207947, validation loss: 1.59351646900177
2024-05-25 23:05:10.294153:2024-05-25 23:05:10.294115: Current epoch: 300, loss: 0.4750906527042389, validation loss: 1.692746877670288
2024-05-25 23:05:10.587375:2024-05-25 23:05:10.587303: Current epoch: 301, loss: 0.4411683678627014, validation loss: 1.6549334526062012
2024-05-25 23:05:10.875202:2024-05-25 23:05:10.875165: Current epoch: 302, loss: 0.4761609435081482, validation loss: 1.6262834072113037
2024-05-25 23:05:11.156277:2024-05-25 23:05:11.156208: Current epoch: 303, loss: 0.5096780061721802, validation loss: 1.6303905248641968
2024-05-25 23:05:11.440393:2024-05-25 23:05:11.440323: Current epoch: 304, loss: 0.46704673767089844, validation loss: 1.6241469383239746
2024-05-25 23:05:11.731463:2024-05-25 23:05:11.731385: Current epoch: 305, loss: 0.5565268993377686, validation loss: 1.6632537841796875
2024-05-25 23:05:12.030300:2024-05-25 23:05:12.030268: Current epoch: 306, loss: 0.5116016268730164, validation loss: 1.6276487112045288
2024-05-25 23:05:12.320166:2024-05-25 23:05:12.320130: Current epoch: 307, loss: 0.5048152208328247, validation loss: 1.6687028408050537
2024-05-25 23:05:12.660192:2024-05-25 23:05:12.660143: Current epoch: 308, loss: 0.47692805528640747, validation loss: 1.694120168685913
2024-05-25 23:05:12.728715:the test error is  [2.056947708129883, 2.056947708129883]
2024-05-25 23:05:15.247038:saved model to sample/alignn_bert-base-uncased_robo_prop_Tc_supercon
2024-05-25 23:05:15.453007:done