
2024-03-21 03:47:18.747596:job config: {'train_data_path': '/data/yll6162/alignntl_dft_3d/tl_dataset/dataset_alignn_matbert-base-cased_robo_prop_ehull_train.csv', 'val_data_path': '/data/yll6162/alignntl_dft_3d/tl_dataset/dataset_alignn_matbert-base-cased_robo_prop_ehull_val.csv', 'test_data_path': '/data/yll6162/alignntl_dft_3d/tl_dataset/dataset_alignn_matbert-base-cased_robo_prop_ehull_test.csv', 'label': 'ehull', 'input_type': None, 'log_folder': 'log', 'log_file': 'alignn_matbert-base-cased_robo_prop_ehull.log', 'test_metric': 'mae', 'architecture': '1024Rx4D-512Rx3D-256Rx3D-128Rx3D-64Rx2-32Rx1-1', 'model_seed': 0, 'loss_type': 'mae', 'config_file': 'sample/alignn_matbert-base-cased_robo_prop_ehull_job.config', 'use_valid': True, 'project': 'MOF', 'regressors': None, 'input_types': None, 'paramsGrid': {'optimizer': 'Adam', 'learning_rate': 0.0001, 'patience': 100, 'dropouts': [0.8, 0.9, 0.7, 0.8], 'EVAL_FREQUENCY': 1000}, 'save_path': 'sample/alignn_matbert-base-cased_robo_prop_ehull', 'model_path': None, 'last_layer_with_weight': True, 'keras_path': 'model/alignn_matbert-base-cased_robo_prop_ehull', 'test_size': None, 'val_size': None}
2024-03-21 03:47:18.747747:train data path is  /data/yll6162/alignntl_dft_3d/tl_dataset/dataset_alignn_matbert-base-cased_robo_prop_ehull_train.csv
2024-03-21 03:47:38.200326:input attribute sets are:  None
2024-03-21 03:47:38.200578:test data path is  /data/yll6162/alignntl_dft_3d/tl_dataset/dataset_alignn_matbert-base-cased_robo_prop_ehull_test.csv
2024-03-21 03:47:40.585824:val data path is  /data/yll6162/alignntl_dft_3d/tl_dataset/dataset_alignn_matbert-base-cased_robo_prop_ehull_val.csv
2024-03-21 03:47:42.976598:input attributes are:  Index(['0', '1', '2', '3', '4', '5', '6', '7', '8', '9',
       ...
       '758.1', '759.1', '760.1', '761.1', '762.1', '763.1', '764.1', '765.1',
       '766.1', '767.1'],
      dtype='object', length=1536)
2024-03-21 03:47:42.976725:label: ehull
2024-03-21 03:48:00.003692: train, test, valid sizes:  (59939, 1536) (59939,) (7493, 1536) (7493,) (7494, 1536) (7494,)
2024-03-21 03:48:00.293127:train matrix shape of train_X:  (59939, 1536)  train_y:  (59939,)
2024-03-21 03:48:00.293286:valid matrix shape of train_X:  (7494, 1536)  valid_y:  (7494,)
2024-03-21 03:48:00.293328:test matrix shape of valid_X:   (7493, 1536)  test_y:  (7493,)
2024-03-21 03:48:00.293364:architecture is:  1024Rx4D-512Rx3D-256Rx3D-128Rx3D-64Rx2-32Rx1-1
2024-03-21 03:48:00.293402:learning rate is  0.0001
2024-03-21 03:48:00.293436:model path is  None
2024-03-21 03:48:00.301243:adding fully connected layers with 1024 outputs
2024-03-21 03:48:00.932195:adding residual with fc as the size are different
2024-03-21 03:48:00.948144:adding fully connected layers with 1024 outputs
2024-03-21 03:48:00.959503:adding residual, both sizes are same
2024-03-21 03:48:00.963841:adding fully connected layers with 1024 outputs
2024-03-21 03:48:00.974954:adding residual, both sizes are same
2024-03-21 03:48:00.979197:adding fully connected layers with 1024 outputs
2024-03-21 03:48:00.991212:adding residual, both sizes are same
2024-03-21 03:48:00.996048:adding dropout 0.8
2024-03-21 03:48:01.009020:adding fully connected layers with 512 outputs
2024-03-21 03:48:01.021648:adding residual with fc as the size are different
2024-03-21 03:48:01.039089:adding fully connected layers with 512 outputs
2024-03-21 03:48:01.051596:adding residual, both sizes are same
2024-03-21 03:48:01.056383:adding fully connected layers with 512 outputs
2024-03-21 03:48:01.068731:adding residual, both sizes are same
2024-03-21 03:48:01.072953:adding dropout 0.9
2024-03-21 03:48:01.076750:adding fully connected layers with 256 outputs
2024-03-21 03:48:01.087991:adding residual with fc as the size are different
2024-03-21 03:48:01.102639:adding fully connected layers with 256 outputs
2024-03-21 03:48:01.113809:adding residual, both sizes are same
2024-03-21 03:48:01.118095:adding fully connected layers with 256 outputs
2024-03-21 03:48:01.129237:adding residual, both sizes are same
2024-03-21 03:48:01.133494:adding dropout 0.7
2024-03-21 03:48:01.137235:adding fully connected layers with 128 outputs
2024-03-21 03:48:01.148701:adding residual with fc as the size are different
2024-03-21 03:48:01.163392:adding fully connected layers with 128 outputs
2024-03-21 03:48:01.171405:adding residual, both sizes are same
2024-03-21 03:48:01.173282:adding fully connected layers with 128 outputs
2024-03-21 03:48:01.177995:adding residual, both sizes are same
2024-03-21 03:48:01.180097:adding dropout 0.8
2024-03-21 03:48:01.181679:adding fully connected layers with 64 outputs
2024-03-21 03:48:01.187999:adding residual with fc as the size are different
2024-03-21 03:48:01.195741:adding fully connected layers with 64 outputs
2024-03-21 03:48:01.201145:adding residual, both sizes are same
2024-03-21 03:48:01.203047:adding fully connected layers with 32 outputs
2024-03-21 03:48:01.208207:adding residual with fc as the size are different
2024-03-21 03:48:01.214648:adding final layer with 1 output
2024-03-21 03:48:01.224501:Model: "ElemNet"
2024-03-21 03:48:01.224573:__________________________________________________________________________________________________
2024-03-21 03:48:01.224622:Layer (type)                    Output Shape         Param #     Connected to                     
2024-03-21 03:48:01.224659:==================================================================================================
2024-03-21 03:48:01.224860:elemental_fractions (InputLayer [(None, 1536)]       0                                            
2024-03-21 03:48:01.224906:__________________________________________________________________________________________________
2024-03-21 03:48:01.225068:fc0_0 (Dense)                   (None, 1024)         1573888     elemental_fractions[0][0]        
2024-03-21 03:48:01.225115:__________________________________________________________________________________________________
2024-03-21 03:48:01.225226:fc0_dim_0 (Dense)               (None, 1024)         1573888     elemental_fractions[0][0]        
2024-03-21 03:48:01.225270:__________________________________________________________________________________________________
2024-03-21 03:48:01.225352:tf.__operators__.add (TFOpLambd (None, 1024)         0           fc0_0[0][0]                      
2024-03-21 03:48:01.225395:                                                                 fc0_dim_0[0][0]                  
2024-03-21 03:48:01.225431:__________________________________________________________________________________________________
2024-03-21 03:48:01.225547:fc0_1 (Dense)                   (None, 1024)         1049600     tf.__operators__.add[0][0]       
2024-03-21 03:48:01.225590:__________________________________________________________________________________________________
2024-03-21 03:48:01.225666:tf.__operators__.add_1 (TFOpLam (None, 1024)         0           fc0_1[0][0]                      
2024-03-21 03:48:01.225709:                                                                 tf.__operators__.add[0][0]       
2024-03-21 03:48:01.225745:__________________________________________________________________________________________________
2024-03-21 03:48:01.225847:fc0_2 (Dense)                   (None, 1024)         1049600     tf.__operators__.add_1[0][0]     
2024-03-21 03:48:01.225889:__________________________________________________________________________________________________
2024-03-21 03:48:01.225965:tf.__operators__.add_2 (TFOpLam (None, 1024)         0           fc0_2[0][0]                      
2024-03-21 03:48:01.226007:                                                                 tf.__operators__.add_1[0][0]     
2024-03-21 03:48:01.226043:__________________________________________________________________________________________________
2024-03-21 03:48:01.226145:fc0_3 (Dense)                   (None, 1024)         1049600     tf.__operators__.add_2[0][0]     
2024-03-21 03:48:01.226187:__________________________________________________________________________________________________
2024-03-21 03:48:01.226262:tf.__operators__.add_3 (TFOpLam (None, 1024)         0           fc0_3[0][0]                      
2024-03-21 03:48:01.226313:                                                                 tf.__operators__.add_2[0][0]     
2024-03-21 03:48:01.226349:__________________________________________________________________________________________________
2024-03-21 03:48:01.226423:dropout (Dropout)               (None, 1024)         0           tf.__operators__.add_3[0][0]     
2024-03-21 03:48:01.226469:__________________________________________________________________________________________________
2024-03-21 03:48:01.226578:fc1_0 (Dense)                   (None, 512)          524800      dropout[0][0]                    
2024-03-21 03:48:01.226619:__________________________________________________________________________________________________
2024-03-21 03:48:01.226721:fc1_dim_0 (Dense)               (None, 512)          524800      dropout[0][0]                    
2024-03-21 03:48:01.226763:__________________________________________________________________________________________________
2024-03-21 03:48:01.226838:tf.__operators__.add_4 (TFOpLam (None, 512)          0           fc1_0[0][0]                      
2024-03-21 03:48:01.226881:                                                                 fc1_dim_0[0][0]                  
2024-03-21 03:48:01.226916:__________________________________________________________________________________________________
2024-03-21 03:48:01.227017:fc1_1 (Dense)                   (None, 512)          262656      tf.__operators__.add_4[0][0]     
2024-03-21 03:48:01.227059:__________________________________________________________________________________________________
2024-03-21 03:48:01.227135:tf.__operators__.add_5 (TFOpLam (None, 512)          0           fc1_1[0][0]                      
2024-03-21 03:48:01.227178:                                                                 tf.__operators__.add_4[0][0]     
2024-03-21 03:48:01.227214:__________________________________________________________________________________________________
2024-03-21 03:48:01.227314:fc1_2 (Dense)                   (None, 512)          262656      tf.__operators__.add_5[0][0]     
2024-03-21 03:48:01.227355:__________________________________________________________________________________________________
2024-03-21 03:48:01.227431:tf.__operators__.add_6 (TFOpLam (None, 512)          0           fc1_2[0][0]                      
2024-03-21 03:48:01.227482:                                                                 tf.__operators__.add_5[0][0]     
2024-03-21 03:48:01.227518:__________________________________________________________________________________________________
2024-03-21 03:48:01.227590:dropout_1 (Dropout)             (None, 512)          0           tf.__operators__.add_6[0][0]     
2024-03-21 03:48:01.227628:__________________________________________________________________________________________________
2024-03-21 03:48:01.227730:fc2_0 (Dense)                   (None, 256)          131328      dropout_1[0][0]                  
2024-03-21 03:48:01.227772:__________________________________________________________________________________________________
2024-03-21 03:48:01.227873:fc2_dim_0 (Dense)               (None, 256)          131328      dropout_1[0][0]                  
2024-03-21 03:48:01.227915:__________________________________________________________________________________________________
2024-03-21 03:48:01.227991:tf.__operators__.add_7 (TFOpLam (None, 256)          0           fc2_0[0][0]                      
2024-03-21 03:48:01.228034:                                                                 fc2_dim_0[0][0]                  
2024-03-21 03:48:01.228069:__________________________________________________________________________________________________
2024-03-21 03:48:01.228170:fc2_1 (Dense)                   (None, 256)          65792       tf.__operators__.add_7[0][0]     
2024-03-21 03:48:01.228211:__________________________________________________________________________________________________
2024-03-21 03:48:01.228286:tf.__operators__.add_8 (TFOpLam (None, 256)          0           fc2_1[0][0]                      
2024-03-21 03:48:01.228334:                                                                 tf.__operators__.add_7[0][0]     
2024-03-21 03:48:01.228370:__________________________________________________________________________________________________
2024-03-21 03:48:01.228478:fc2_2 (Dense)                   (None, 256)          65792       tf.__operators__.add_8[0][0]     
2024-03-21 03:48:01.228537:__________________________________________________________________________________________________
2024-03-21 03:48:01.228636:tf.__operators__.add_9 (TFOpLam (None, 256)          0           fc2_2[0][0]                      
2024-03-21 03:48:01.228680:                                                                 tf.__operators__.add_8[0][0]     
2024-03-21 03:48:01.228716:__________________________________________________________________________________________________
2024-03-21 03:48:01.228789:dropout_2 (Dropout)             (None, 256)          0           tf.__operators__.add_9[0][0]     
2024-03-21 03:48:01.228828:__________________________________________________________________________________________________
2024-03-21 03:48:01.228934:fc3_0 (Dense)                   (None, 128)          32896       dropout_2[0][0]                  
2024-03-21 03:48:01.228977:__________________________________________________________________________________________________
2024-03-21 03:48:01.229080:fc3_dim_0 (Dense)               (None, 128)          32896       dropout_2[0][0]                  
2024-03-21 03:48:01.229122:__________________________________________________________________________________________________
2024-03-21 03:48:01.229200:tf.__operators__.add_10 (TFOpLa (None, 128)          0           fc3_0[0][0]                      
2024-03-21 03:48:01.229254:                                                                 fc3_dim_0[0][0]                  
2024-03-21 03:48:01.229290:__________________________________________________________________________________________________
2024-03-21 03:48:01.229390:fc3_1 (Dense)                   (None, 128)          16512       tf.__operators__.add_10[0][0]    
2024-03-21 03:48:01.229432:__________________________________________________________________________________________________
2024-03-21 03:48:01.229544:tf.__operators__.add_11 (TFOpLa (None, 128)          0           fc3_1[0][0]                      
2024-03-21 03:48:01.229597:                                                                 tf.__operators__.add_10[0][0]    
2024-03-21 03:48:01.229635:__________________________________________________________________________________________________
2024-03-21 03:48:01.229754:fc3_2 (Dense)                   (None, 128)          16512       tf.__operators__.add_11[0][0]    
2024-03-21 03:48:01.229796:__________________________________________________________________________________________________
2024-03-21 03:48:01.229870:tf.__operators__.add_12 (TFOpLa (None, 128)          0           fc3_2[0][0]                      
2024-03-21 03:48:01.229912:                                                                 tf.__operators__.add_11[0][0]    
2024-03-21 03:48:01.229947:__________________________________________________________________________________________________
2024-03-21 03:48:01.230016:dropout_3 (Dropout)             (None, 128)          0           tf.__operators__.add_12[0][0]    
2024-03-21 03:48:01.230053:__________________________________________________________________________________________________
2024-03-21 03:48:01.230153:fc4_0 (Dense)                   (None, 64)           8256        dropout_3[0][0]                  
2024-03-21 03:48:01.230195:__________________________________________________________________________________________________
2024-03-21 03:48:01.230294:fc4_dim_0 (Dense)               (None, 64)           8256        dropout_3[0][0]                  
2024-03-21 03:48:01.230334:__________________________________________________________________________________________________
2024-03-21 03:48:01.230413:tf.__operators__.add_13 (TFOpLa (None, 64)           0           fc4_0[0][0]                      
2024-03-21 03:48:01.230463:                                                                 fc4_dim_0[0][0]                  
2024-03-21 03:48:01.230501:__________________________________________________________________________________________________
2024-03-21 03:48:01.230606:fc4_1 (Dense)                   (None, 64)           4160        tf.__operators__.add_13[0][0]    
2024-03-21 03:48:01.230647:__________________________________________________________________________________________________
2024-03-21 03:48:01.230720:tf.__operators__.add_14 (TFOpLa (None, 64)           0           fc4_1[0][0]                      
2024-03-21 03:48:01.230762:                                                                 tf.__operators__.add_13[0][0]    
2024-03-21 03:48:01.230796:__________________________________________________________________________________________________
2024-03-21 03:48:01.230894:fc5_0 (Dense)                   (None, 32)           2080        tf.__operators__.add_14[0][0]    
2024-03-21 03:48:01.230933:__________________________________________________________________________________________________
2024-03-21 03:48:01.231031:fc5_dim_0 (Dense)               (None, 32)           2080        tf.__operators__.add_14[0][0]    
2024-03-21 03:48:01.231268:__________________________________________________________________________________________________
2024-03-21 03:48:01.231348:tf.__operators__.add_15 (TFOpLa (None, 32)           0           fc5_0[0][0]                      
2024-03-21 03:48:01.231391:                                                                 fc5_dim_0[0][0]                  
2024-03-21 03:48:01.231427:__________________________________________________________________________________________________
2024-03-21 03:48:01.231540:fc6 (Dense)                     (None, 1)            33          tf.__operators__.add_15[0][0]    
2024-03-21 03:48:01.231583:==================================================================================================
2024-03-21 03:48:01.232174:Total params: 8,389,409
2024-03-21 03:48:01.232224:Trainable params: 8,389,409
2024-03-21 03:48:01.232262:Non-trainable params: 0
2024-03-21 03:48:01.232296:__________________________________________________________________________________________________
2024-03-21 03:48:01.243089:start training
2024-03-21 03:48:23.029403:2024-03-21 03:48:23.029327: Current epoch: 0, loss: 1.61875319480896, validation loss: 1.0459375381469727
2024-03-21 03:48:42.020748:2024-03-21 03:48:42.020667: Current epoch: 1, loss: 0.3276194930076599, validation loss: 0.20969147980213165
2024-03-21 03:49:01.255846:2024-03-21 03:49:01.255771: Current epoch: 2, loss: 0.22176285088062286, validation loss: 0.21681678295135498
2024-03-21 03:49:20.407410:2024-03-21 03:49:20.407321: Current epoch: 3, loss: 0.17030130326747894, validation loss: 0.11005213856697083
2024-03-21 03:49:39.769615:2024-03-21 03:49:39.769435: Current epoch: 4, loss: 0.14798833429813385, validation loss: 0.1487872451543808
2024-03-21 03:49:59.146191:2024-03-21 03:49:59.146123: Current epoch: 5, loss: 0.11599115282297134, validation loss: 0.10418031364679337
2024-03-21 03:50:18.375564:2024-03-21 03:50:18.375466: Current epoch: 6, loss: 0.10744527727365494, validation loss: 0.08449602872133255
2024-03-21 03:50:37.509836:2024-03-21 03:50:37.509659: Current epoch: 7, loss: 0.09309324622154236, validation loss: 0.11505018174648285
2024-03-21 03:50:56.232112:2024-03-21 03:50:56.232041: Current epoch: 8, loss: 0.0878070592880249, validation loss: 0.0845089927315712
2024-03-21 03:51:15.601105:2024-03-21 03:51:15.601040: Current epoch: 9, loss: 0.08040742576122284, validation loss: 0.09303589165210724
2024-03-21 03:51:38.471034:2024-03-21 03:51:38.470929: Current epoch: 10, loss: 0.07392031699419022, validation loss: 0.11353074014186859
2024-03-21 03:51:58.154440:2024-03-21 03:51:58.154385: Current epoch: 11, loss: 0.06853680312633514, validation loss: 0.12556174397468567
2024-03-21 03:52:17.369041:2024-03-21 03:52:17.368970: Current epoch: 12, loss: 0.06645138561725616, validation loss: 0.0661587193608284
2024-03-21 03:52:36.651554:2024-03-21 03:52:36.651496: Current epoch: 13, loss: 0.060501936823129654, validation loss: 0.06262250989675522
2024-03-21 03:52:56.118833:2024-03-21 03:52:56.118711: Current epoch: 14, loss: 0.058055393397808075, validation loss: 0.07112125307321548
2024-03-21 03:53:15.548722:2024-03-21 03:53:15.548687: Current epoch: 15, loss: 0.05484061688184738, validation loss: 0.07423048466444016
2024-03-21 03:53:35.402332:2024-03-21 03:53:35.402158: Current epoch: 16, loss: 0.05434374138712883, validation loss: 0.06391257047653198
2024-03-21 03:53:55.289995:2024-03-21 03:53:55.289811: Current epoch: 17, loss: 0.05006028339266777, validation loss: 0.06906678527593613
2024-03-21 03:54:11.093421:2024-03-21 03:54:11.093246: Current epoch: 18, loss: 0.04877379909157753, validation loss: 0.06303580105304718
2024-03-21 03:54:30.859754:2024-03-21 03:54:30.859637: Current epoch: 19, loss: 0.0472489669919014, validation loss: 0.07103946059942245
2024-03-21 03:54:53.349959:2024-03-21 03:54:53.349835: Current epoch: 20, loss: 0.04527542367577553, validation loss: 0.05110666900873184
2024-03-21 03:55:12.844131:2024-03-21 03:55:12.844010: Current epoch: 21, loss: 0.04345564916729927, validation loss: 0.0514887236058712
2024-03-21 03:55:32.254242:2024-03-21 03:55:32.254165: Current epoch: 22, loss: 0.04211018607020378, validation loss: 0.04884810000658035
2024-03-21 03:55:51.499085:2024-03-21 03:55:51.498935: Current epoch: 23, loss: 0.0415225587785244, validation loss: 0.07736413180828094
2024-03-21 03:56:10.378832:2024-03-21 03:56:10.378666: Current epoch: 24, loss: 0.04099048301577568, validation loss: 0.054983943700790405
2024-03-21 03:56:29.618145:2024-03-21 03:56:29.618044: Current epoch: 25, loss: 0.03936129808425903, validation loss: 0.04947889968752861
2024-03-21 03:56:48.741476:2024-03-21 03:56:48.741385: Current epoch: 26, loss: 0.038311757147312164, validation loss: 0.051413219422101974
2024-03-21 03:57:07.754112:2024-03-21 03:57:07.753947: Current epoch: 27, loss: 0.03708710893988609, validation loss: 0.054889049381017685
2024-03-21 03:57:26.876747:2024-03-21 03:57:26.876671: Current epoch: 28, loss: 0.03618104010820389, validation loss: 0.04558141529560089
2024-03-21 03:57:46.194371:2024-03-21 03:57:46.194289: Current epoch: 29, loss: 0.03556470572948456, validation loss: 0.04913926497101784
2024-03-21 03:58:08.526568:2024-03-21 03:58:08.526386: Current epoch: 30, loss: 0.03449898585677147, validation loss: 0.04560267552733421
2024-03-21 03:58:28.274637:2024-03-21 03:58:28.274145: Current epoch: 31, loss: 0.03361855074763298, validation loss: 0.0517602413892746
2024-03-21 03:58:47.528149:2024-03-21 03:58:47.528012: Current epoch: 32, loss: 0.032861433923244476, validation loss: 0.047945473343133926
2024-03-21 03:59:07.220857:2024-03-21 03:59:07.220712: Current epoch: 33, loss: 0.03204049915075302, validation loss: 0.044388677924871445
2024-03-21 03:59:26.423970:2024-03-21 03:59:26.423860: Current epoch: 34, loss: 0.03146541491150856, validation loss: 0.044171880930662155
2024-03-21 03:59:45.457284:2024-03-21 03:59:45.457170: Current epoch: 35, loss: 0.030387194827198982, validation loss: 0.04461526870727539
2024-03-21 04:00:04.678081:2024-03-21 04:00:04.678020: Current epoch: 36, loss: 0.030127864331007004, validation loss: 0.04754796624183655
2024-03-21 04:00:23.769339:2024-03-21 04:00:23.769263: Current epoch: 37, loss: 0.029760461300611496, validation loss: 0.04324398562312126
2024-03-21 04:00:43.116236:2024-03-21 04:00:43.116165: Current epoch: 38, loss: 0.02972513996064663, validation loss: 0.053009115159511566
2024-03-21 04:01:01.947788:2024-03-21 04:01:01.947663: Current epoch: 39, loss: 0.028835220262408257, validation loss: 0.04802267625927925
2024-03-21 04:01:23.809483:2024-03-21 04:01:23.809438: Current epoch: 40, loss: 0.028132284060120583, validation loss: 0.044511329382658005
2024-03-21 04:01:40.910953:2024-03-21 04:01:40.910787: Current epoch: 41, loss: 0.027853012084960938, validation loss: 0.04758719727396965
2024-03-21 04:01:58.733589:2024-03-21 04:01:58.733400: Current epoch: 42, loss: 0.027043791487812996, validation loss: 0.04481283202767372
2024-03-21 04:02:17.857396:2024-03-21 04:02:17.857206: Current epoch: 43, loss: 0.02702055126428604, validation loss: 0.04434708133339882
2024-03-21 04:02:36.664647:2024-03-21 04:02:36.664571: Current epoch: 44, loss: 0.0261081475764513, validation loss: 0.04309776797890663
2024-03-21 04:02:56.022769:2024-03-21 04:02:56.022643: Current epoch: 45, loss: 0.02593788132071495, validation loss: 0.04072178900241852
2024-03-21 04:03:15.162683:2024-03-21 04:03:15.162519: Current epoch: 46, loss: 0.02560240402817726, validation loss: 0.043095845729112625
2024-03-21 04:03:34.212250:2024-03-21 04:03:34.212129: Current epoch: 47, loss: 0.025061339139938354, validation loss: 0.04303010180592537
2024-03-21 04:03:53.087998:2024-03-21 04:03:53.087838: Current epoch: 48, loss: 0.024708857759833336, validation loss: 0.041023243218660355
2024-03-21 04:04:11.913391:2024-03-21 04:04:11.913229: Current epoch: 49, loss: 0.02404910884797573, validation loss: 0.042434245347976685
2024-03-21 04:04:33.681724:2024-03-21 04:04:33.681563: Current epoch: 50, loss: 0.024067437276244164, validation loss: 0.04231908917427063
2024-03-21 04:04:52.590836:2024-03-21 04:04:52.590756: Current epoch: 51, loss: 0.023633835837244987, validation loss: 0.04185791313648224
2024-03-21 04:05:11.713619:2024-03-21 04:05:11.713502: Current epoch: 52, loss: 0.02289701998233795, validation loss: 0.046419382095336914
2024-03-21 04:05:30.733691:2024-03-21 04:05:30.733549: Current epoch: 53, loss: 0.022993141785264015, validation loss: 0.04408079385757446
2024-03-21 04:05:50.193685:2024-03-21 04:05:50.193565: Current epoch: 54, loss: 0.022603387013077736, validation loss: 0.043242186307907104
2024-03-21 04:06:09.076640:2024-03-21 04:06:09.076489: Current epoch: 55, loss: 0.02199772372841835, validation loss: 0.04885495826601982
2024-03-21 04:06:28.063518:2024-03-21 04:06:28.063465: Current epoch: 56, loss: 0.022135069593787193, validation loss: 0.04042419418692589
2024-03-21 04:06:46.814375:2024-03-21 04:06:46.814264: Current epoch: 57, loss: 0.021586492657661438, validation loss: 0.042623549699783325
2024-03-21 04:07:05.658570:2024-03-21 04:07:05.658412: Current epoch: 58, loss: 0.02124635875225067, validation loss: 0.04009009897708893
2024-03-21 04:07:24.428079:2024-03-21 04:07:24.427913: Current epoch: 59, loss: 0.021300049498677254, validation loss: 0.04023723304271698
2024-03-21 04:07:46.773826:2024-03-21 04:07:46.773290: Current epoch: 60, loss: 0.02064306102693081, validation loss: 0.039895907044410706
2024-03-21 04:08:05.942036:2024-03-21 04:08:05.941946: Current epoch: 61, loss: 0.020265087485313416, validation loss: 0.039942409843206406
2024-03-21 04:08:24.845869:2024-03-21 04:08:24.845789: Current epoch: 62, loss: 0.020110514014959335, validation loss: 0.04404992610216141
2024-03-21 04:08:43.721322:2024-03-21 04:08:43.721205: Current epoch: 63, loss: 0.020252598449587822, validation loss: 0.0417192243039608
2024-03-21 04:09:02.360616:2024-03-21 04:09:02.360433: Current epoch: 64, loss: 0.019895467907190323, validation loss: 0.04285471513867378
2024-03-21 04:09:21.456277:2024-03-21 04:09:21.456207: Current epoch: 65, loss: 0.019670633599162102, validation loss: 0.040836483240127563
2024-03-21 04:09:38.197075:2024-03-21 04:09:38.196973: Current epoch: 66, loss: 0.019429553300142288, validation loss: 0.04045652598142624
2024-03-21 04:09:55.533771:2024-03-21 04:09:55.533411: Current epoch: 67, loss: 0.01927078329026699, validation loss: 0.03850541263818741
2024-03-21 04:10:14.294703:2024-03-21 04:10:14.294536: Current epoch: 68, loss: 0.018956178799271584, validation loss: 0.03935884311795235
2024-03-21 04:10:32.883137:2024-03-21 04:10:32.883014: Current epoch: 69, loss: 0.01879354752600193, validation loss: 0.041862741112709045
2024-03-21 04:10:52.095938:2024-03-21 04:10:52.095759: Current epoch: 70, loss: 0.01848488301038742, validation loss: 0.039698220789432526
2024-03-21 04:11:11.132878:2024-03-21 04:11:11.132806: Current epoch: 71, loss: 0.018221110105514526, validation loss: 0.041956622153520584
2024-03-21 04:11:29.981853:2024-03-21 04:11:29.981671: Current epoch: 72, loss: 0.01826731488108635, validation loss: 0.03938039392232895
2024-03-21 04:11:48.909975:2024-03-21 04:11:48.909909: Current epoch: 73, loss: 0.018170595169067383, validation loss: 0.03863458335399628
2024-03-21 04:12:07.788498:2024-03-21 04:12:07.788379: Current epoch: 74, loss: 0.017908882349729538, validation loss: 0.04039999470114708
2024-03-21 04:12:26.600768:2024-03-21 04:12:26.600706: Current epoch: 75, loss: 0.01764974370598793, validation loss: 0.040287066251039505
2024-03-21 04:12:45.365845:2024-03-21 04:12:45.365699: Current epoch: 76, loss: 0.017489373683929443, validation loss: 0.03983290493488312
2024-03-21 04:13:04.190104:2024-03-21 04:13:04.190001: Current epoch: 77, loss: 0.01727054826915264, validation loss: 0.04102819040417671
2024-03-21 04:13:23.130423:2024-03-21 04:13:23.130301: Current epoch: 78, loss: 0.01725030690431595, validation loss: 0.03855769708752632
2024-03-21 04:13:42.272504:2024-03-21 04:13:42.272424: Current epoch: 79, loss: 0.016983941197395325, validation loss: 0.03792979195713997
2024-03-21 04:14:04.706395:2024-03-21 04:14:04.706262: Current epoch: 80, loss: 0.016630016267299652, validation loss: 0.03815057501196861
2024-03-21 04:14:23.877678:2024-03-21 04:14:23.877562: Current epoch: 81, loss: 0.016743984073400497, validation loss: 0.03793639689683914
2024-03-21 04:14:42.801051:2024-03-21 04:14:42.800934: Current epoch: 82, loss: 0.016503404825925827, validation loss: 0.03822571411728859
2024-03-21 04:15:01.631887:2024-03-21 04:15:01.631710: Current epoch: 83, loss: 0.016314929351210594, validation loss: 0.038315966725349426
2024-03-21 04:15:21.243990:2024-03-21 04:15:21.243416: Current epoch: 84, loss: 0.016471555456519127, validation loss: 0.03751012310385704
2024-03-21 04:15:39.986037:2024-03-21 04:15:39.985871: Current epoch: 85, loss: 0.015873124822974205, validation loss: 0.03975636512041092
2024-03-21 04:15:58.761822:2024-03-21 04:15:58.761759: Current epoch: 86, loss: 0.016011325642466545, validation loss: 0.0388176403939724
2024-03-21 04:16:17.562660:2024-03-21 04:16:17.562492: Current epoch: 87, loss: 0.0157031062990427, validation loss: 0.03803766891360283
2024-03-21 04:16:36.082409:2024-03-21 04:16:36.082345: Current epoch: 88, loss: 0.015585985034704208, validation loss: 0.03948744758963585
2024-03-21 04:16:54.883187:2024-03-21 04:16:54.883118: Current epoch: 89, loss: 0.015336044132709503, validation loss: 0.039846181869506836
2024-03-21 04:17:14.049183:2024-03-21 04:17:14.049118: Current epoch: 90, loss: 0.015240967273712158, validation loss: 0.03791651874780655
2024-03-21 04:17:31.257856:2024-03-21 04:17:31.257692: Current epoch: 91, loss: 0.015379675664007664, validation loss: 0.03774384409189224
2024-03-21 04:17:47.583906:2024-03-21 04:17:47.583848: Current epoch: 92, loss: 0.01527995616197586, validation loss: 0.03769627586007118
2024-03-21 04:18:05.801110:2024-03-21 04:18:05.801031: Current epoch: 93, loss: 0.015039407648146152, validation loss: 0.03731780871748924
2024-03-21 04:18:24.743697:2024-03-21 04:18:24.743581: Current epoch: 94, loss: 0.014886528253555298, validation loss: 0.038060370832681656
2024-03-21 04:18:43.592848:2024-03-21 04:18:43.592729: Current epoch: 95, loss: 0.014580115675926208, validation loss: 0.037715520709753036
2024-03-21 04:19:02.331527:2024-03-21 04:19:02.331348: Current epoch: 96, loss: 0.014627332799136639, validation loss: 0.03715883940458298
2024-03-21 04:19:21.366430:2024-03-21 04:19:21.366298: Current epoch: 97, loss: 0.014554536901414394, validation loss: 0.03735451400279999
2024-03-21 04:19:40.471083:2024-03-21 04:19:40.471002: Current epoch: 98, loss: 0.014473098330199718, validation loss: 0.03863130137324333
2024-03-21 04:19:59.128230:2024-03-21 04:19:59.128100: Current epoch: 99, loss: 0.014534772373735905, validation loss: 0.0382162407040596
2024-03-21 04:20:18.386916:2024-03-21 04:20:18.386821: Current epoch: 100, loss: 0.01456049270927906, validation loss: 0.03786385804414749
2024-03-21 04:20:37.319334:2024-03-21 04:20:37.319186: Current epoch: 101, loss: 0.014178380370140076, validation loss: 0.03760644420981407
2024-03-21 04:20:56.415191:2024-03-21 04:20:56.415068: Current epoch: 102, loss: 0.014064599759876728, validation loss: 0.040004804730415344
2024-03-21 04:21:14.977410:2024-03-21 04:21:14.977366: Current epoch: 103, loss: 0.01418962050229311, validation loss: 0.03783605992794037
2024-03-21 04:21:33.754904:2024-03-21 04:21:33.754796: Current epoch: 104, loss: 0.013769319280982018, validation loss: 0.03680620342493057
2024-03-21 04:21:52.650755:2024-03-21 04:21:52.650634: Current epoch: 105, loss: 0.013614900410175323, validation loss: 0.03726800158619881
2024-03-21 04:22:11.700992:2024-03-21 04:22:11.700954: Current epoch: 106, loss: 0.013659934513270855, validation loss: 0.03730391710996628
2024-03-21 04:22:30.768312:2024-03-21 04:22:30.768182: Current epoch: 107, loss: 0.013581862673163414, validation loss: 0.03685865178704262
2024-03-21 04:22:49.909093:2024-03-21 04:22:49.908972: Current epoch: 108, loss: 0.013433585874736309, validation loss: 0.03776301071047783
2024-03-21 04:23:09.043920:2024-03-21 04:23:09.043798: Current epoch: 109, loss: 0.01341698132455349, validation loss: 0.037960924208164215
2024-03-21 04:23:28.109444:2024-03-21 04:23:28.109325: Current epoch: 110, loss: 0.013257496058940887, validation loss: 0.03718888759613037
2024-03-21 04:23:46.572636:2024-03-21 04:23:46.572483: Current epoch: 111, loss: 0.013246690854430199, validation loss: 0.037175823003053665
2024-03-21 04:24:05.234923:2024-03-21 04:24:05.234761: Current epoch: 112, loss: 0.01301716547459364, validation loss: 0.03694191575050354
2024-03-21 04:24:24.281244:2024-03-21 04:24:24.281114: Current epoch: 113, loss: 0.013269299641251564, validation loss: 0.0368221141397953
2024-03-21 04:24:42.835387:2024-03-21 04:24:42.835267: Current epoch: 114, loss: 0.012960243970155716, validation loss: 0.037686146795749664
2024-03-21 04:25:01.601592:2024-03-21 04:25:01.601524: Current epoch: 115, loss: 0.012836444191634655, validation loss: 0.0368930958211422
2024-03-21 04:25:20.522541:2024-03-21 04:25:20.522404: Current epoch: 116, loss: 0.012622118927538395, validation loss: 0.037941012531518936
2024-03-21 04:25:39.078103:2024-03-21 04:25:39.077993: Current epoch: 117, loss: 0.01269777026027441, validation loss: 0.03686608374118805
2024-03-21 04:25:55.528766:2024-03-21 04:25:55.528666: Current epoch: 118, loss: 0.012582569383084774, validation loss: 0.03659616410732269
2024-03-21 04:26:11.967714:2024-03-21 04:26:11.967657: Current epoch: 119, loss: 0.012484174221754074, validation loss: 0.03742307052016258
2024-03-21 04:26:33.468279:2024-03-21 04:26:33.468129: Current epoch: 120, loss: 0.01251411996781826, validation loss: 0.03705153614282608
2024-03-21 04:26:52.013964:2024-03-21 04:26:52.013894: Current epoch: 121, loss: 0.012319345958530903, validation loss: 0.037040259689092636
2024-03-21 04:27:10.570356:2024-03-21 04:27:10.570296: Current epoch: 122, loss: 0.01226247288286686, validation loss: 0.036985792219638824
2024-03-21 04:27:29.912046:2024-03-21 04:27:29.911911: Current epoch: 123, loss: 0.012182055972516537, validation loss: 0.03684064745903015
2024-03-21 04:27:48.288158:2024-03-21 04:27:48.288089: Current epoch: 124, loss: 0.01230629999190569, validation loss: 0.03798205405473709
2024-03-21 04:28:07.222825:2024-03-21 04:28:07.222662: Current epoch: 125, loss: 0.012232949025928974, validation loss: 0.03906708210706711
2024-03-21 04:28:26.046536:2024-03-21 04:28:26.046498: Current epoch: 126, loss: 0.012079705484211445, validation loss: 0.038080520927906036
2024-03-21 04:28:45.039843:2024-03-21 04:28:45.039764: Current epoch: 127, loss: 0.012013054452836514, validation loss: 0.036570604890584946
2024-03-21 04:29:04.056086:2024-03-21 04:29:04.056017: Current epoch: 128, loss: 0.01185646653175354, validation loss: 0.03746018558740616
2024-03-21 04:29:23.215924:2024-03-21 04:29:23.215423: Current epoch: 129, loss: 0.011782868765294552, validation loss: 0.03600247949361801
2024-03-21 04:29:45.171427:2024-03-21 04:29:45.171319: Current epoch: 130, loss: 0.011732220649719238, validation loss: 0.0363074466586113
2024-03-21 04:30:03.947177:2024-03-21 04:30:03.947037: Current epoch: 131, loss: 0.011786972172558308, validation loss: 0.037452083081007004
2024-03-21 04:30:22.880345:2024-03-21 04:30:22.880267: Current epoch: 132, loss: 0.01165467407554388, validation loss: 0.03827093914151192
2024-03-21 04:30:41.677494:2024-03-21 04:30:41.677368: Current epoch: 133, loss: 0.011650821194052696, validation loss: 0.03783203288912773
2024-03-21 04:31:01.010834:2024-03-21 04:31:01.010714: Current epoch: 134, loss: 0.011599015444517136, validation loss: 0.03717401251196861
2024-03-21 04:31:20.116829:2024-03-21 04:31:20.116740: Current epoch: 135, loss: 0.011557948775589466, validation loss: 0.036362215876579285
2024-03-21 04:31:39.460658:2024-03-21 04:31:39.460535: Current epoch: 136, loss: 0.011489156633615494, validation loss: 0.03630285710096359
2024-03-21 04:31:58.327998:2024-03-21 04:31:58.327882: Current epoch: 137, loss: 0.011332613416016102, validation loss: 0.03683893382549286
2024-03-21 04:32:17.415904:2024-03-21 04:32:17.415788: Current epoch: 138, loss: 0.01126858964562416, validation loss: 0.03732156753540039
2024-03-21 04:32:36.176997:2024-03-21 04:32:36.176837: Current epoch: 139, loss: 0.011269960552453995, validation loss: 0.03675493225455284
2024-03-21 04:32:54.657801:2024-03-21 04:32:54.657697: Current epoch: 140, loss: 0.01154892984777689, validation loss: 0.03722013533115387
2024-03-21 04:33:13.271225:2024-03-21 04:33:13.271146: Current epoch: 141, loss: 0.011267377994954586, validation loss: 0.03642551228404045
2024-03-21 04:33:32.449649:2024-03-21 04:33:32.449131: Current epoch: 142, loss: 0.011073792353272438, validation loss: 0.03584972023963928
2024-03-21 04:33:51.501504:2024-03-21 04:33:51.501342: Current epoch: 143, loss: 0.011049497872591019, validation loss: 0.036967672407627106
2024-03-21 04:34:09.965960:2024-03-21 04:34:09.965917: Current epoch: 144, loss: 0.011016029864549637, validation loss: 0.03689989447593689
2024-03-21 04:34:24.994131:2024-03-21 04:34:24.993981: Current epoch: 145, loss: 0.010872435756027699, validation loss: 0.036328643560409546
2024-03-21 04:34:43.857616:2024-03-21 04:34:43.857489: Current epoch: 146, loss: 0.011011514812707901, validation loss: 0.03647863119840622
2024-03-21 04:35:02.647236:2024-03-21 04:35:02.647109: Current epoch: 147, loss: 0.010805012658238411, validation loss: 0.03603711724281311
2024-03-21 04:35:21.320619:2024-03-21 04:35:21.320445: Current epoch: 148, loss: 0.010828702710568905, validation loss: 0.036281682550907135
2024-03-21 04:35:40.418979:2024-03-21 04:35:40.418820: Current epoch: 149, loss: 0.010798366740345955, validation loss: 0.03651786968111992
2024-03-21 04:35:59.508293:2024-03-21 04:35:59.508176: Current epoch: 150, loss: 0.010755205526947975, validation loss: 0.0364190973341465
2024-03-21 04:36:18.347635:2024-03-21 04:36:18.347479: Current epoch: 151, loss: 0.010643440298736095, validation loss: 0.0360567569732666
2024-03-21 04:36:36.946717:2024-03-21 04:36:36.946577: Current epoch: 152, loss: 0.010650135576725006, validation loss: 0.038367148488759995
2024-03-21 04:36:55.622410:2024-03-21 04:36:55.622295: Current epoch: 153, loss: 0.010710246860980988, validation loss: 0.03787320479750633
2024-03-21 04:37:14.589863:2024-03-21 04:37:14.589701: Current epoch: 154, loss: 0.010522199794650078, validation loss: 0.03645100072026253
2024-03-21 04:37:33.519900:2024-03-21 04:37:33.519772: Current epoch: 155, loss: 0.010512012988328934, validation loss: 0.036171071231365204
2024-03-21 04:37:52.302968:2024-03-21 04:37:52.302858: Current epoch: 156, loss: 0.01042183954268694, validation loss: 0.036437809467315674
2024-03-21 04:38:11.602557:2024-03-21 04:38:11.602477: Current epoch: 157, loss: 0.010405360721051693, validation loss: 0.03597070649266243
2024-03-21 04:38:30.306348:2024-03-21 04:38:30.306189: Current epoch: 158, loss: 0.010373407043516636, validation loss: 0.03701991215348244
2024-03-21 04:38:49.374139:2024-03-21 04:38:49.374016: Current epoch: 159, loss: 0.010329566895961761, validation loss: 0.03628246858716011
2024-03-21 04:39:08.250644:2024-03-21 04:39:08.250523: Current epoch: 160, loss: 0.010295350104570389, validation loss: 0.03715944290161133
2024-03-21 04:39:26.963702:2024-03-21 04:39:26.963592: Current epoch: 161, loss: 0.010213433764874935, validation loss: 0.036249637603759766
2024-03-21 04:39:46.118583:2024-03-21 04:39:46.118445: Current epoch: 162, loss: 0.010177941992878914, validation loss: 0.03625620901584625
2024-03-21 04:40:04.746133:2024-03-21 04:40:04.746062: Current epoch: 163, loss: 0.010123846121132374, validation loss: 0.03701786324381828
2024-03-21 04:40:23.429557:2024-03-21 04:40:23.429378: Current epoch: 164, loss: 0.010060488246381283, validation loss: 0.03640199080109596
2024-03-21 04:40:42.124837:2024-03-21 04:40:42.124708: Current epoch: 165, loss: 0.010092916898429394, validation loss: 0.0362992100417614
2024-03-21 04:41:01.534120:2024-03-21 04:41:01.534040: Current epoch: 166, loss: 0.010031422600150108, validation loss: 0.03772541880607605
2024-03-21 04:41:20.310210:2024-03-21 04:41:20.310098: Current epoch: 167, loss: 0.009984767064452171, validation loss: 0.04083174839615822
2024-03-21 04:41:39.231664:2024-03-21 04:41:39.231615: Current epoch: 168, loss: 0.010245059616863728, validation loss: 0.0370081327855587
2024-03-21 04:41:58.218161:2024-03-21 04:41:58.218089: Current epoch: 169, loss: 0.009619379416108131, validation loss: 0.0368662066757679
2024-03-21 04:42:17.468915:2024-03-21 04:42:17.468749: Current epoch: 170, loss: 0.009861895814538002, validation loss: 0.036530762910842896
2024-03-21 04:42:34.824944:2024-03-21 04:42:34.824886: Current epoch: 171, loss: 0.009942523203790188, validation loss: 0.03620225563645363
2024-03-21 04:42:51.426065:2024-03-21 04:42:51.425953: Current epoch: 172, loss: 0.009823255240917206, validation loss: 0.037660982459783554
2024-03-21 04:43:10.238315:2024-03-21 04:43:10.238190: Current epoch: 173, loss: 0.009468451142311096, validation loss: 0.0364580973982811
2024-03-21 04:43:28.973333:2024-03-21 04:43:28.973195: Current epoch: 174, loss: 0.009531228803098202, validation loss: 0.036172471940517426
2024-03-21 04:43:47.467443:2024-03-21 04:43:47.467322: Current epoch: 175, loss: 0.009443304501473904, validation loss: 0.03603880852460861
2024-03-21 04:44:05.813137:2024-03-21 04:44:05.813011: Current epoch: 176, loss: 0.009623137302696705, validation loss: 0.03611136972904205
2024-03-21 04:44:24.366604:2024-03-21 04:44:24.366479: Current epoch: 177, loss: 0.009642183780670166, validation loss: 0.036271803081035614
2024-03-21 04:44:43.198963:2024-03-21 04:44:43.198690: Current epoch: 178, loss: 0.009477813728153706, validation loss: 0.03644254803657532
2024-03-21 04:45:01.610417:2024-03-21 04:45:01.610249: Current epoch: 179, loss: 0.009387333877384663, validation loss: 0.03658087179064751
2024-03-21 04:45:20.561106:2024-03-21 04:45:20.560783: Current epoch: 180, loss: 0.009543371386826038, validation loss: 0.03693917393684387
2024-03-21 04:45:38.968707:2024-03-21 04:45:38.968580: Current epoch: 181, loss: 0.009531572461128235, validation loss: 0.036138828843832016
2024-03-21 04:45:57.516310:2024-03-21 04:45:57.516159: Current epoch: 182, loss: 0.009249035269021988, validation loss: 0.037171538919210434
2024-03-21 04:46:16.470389:2024-03-21 04:46:16.470272: Current epoch: 183, loss: 0.009330512024462223, validation loss: 0.03619541600346565
2024-03-21 04:46:35.149494:2024-03-21 04:46:35.149410: Current epoch: 184, loss: 0.009252328425645828, validation loss: 0.03695014491677284
2024-03-21 04:46:53.444903:2024-03-21 04:46:53.444744: Current epoch: 185, loss: 0.009233001619577408, validation loss: 0.037160079926252365
2024-03-21 04:47:11.600400:2024-03-21 04:47:11.600303: Current epoch: 186, loss: 0.009240570478141308, validation loss: 0.036164507269859314
2024-03-21 04:47:30.277852:2024-03-21 04:47:30.277775: Current epoch: 187, loss: 0.009130978025496006, validation loss: 0.03670364245772362
2024-03-21 04:47:49.438108:2024-03-21 04:47:49.437972: Current epoch: 188, loss: 0.009212730452418327, validation loss: 0.03600393980741501
2024-03-21 04:48:08.561921:2024-03-21 04:48:08.561802: Current epoch: 189, loss: 0.009186153300106525, validation loss: 0.03624247759580612
2024-03-21 04:48:27.883356:2024-03-21 04:48:27.883236: Current epoch: 190, loss: 0.009165382944047451, validation loss: 0.03616201877593994
2024-03-21 04:48:46.463512:2024-03-21 04:48:46.463393: Current epoch: 191, loss: 0.00913083553314209, validation loss: 0.03595159202814102
2024-03-21 04:49:05.328241:2024-03-21 04:49:05.328083: Current epoch: 192, loss: 0.009027236141264439, validation loss: 0.03667781129479408
2024-03-21 04:49:23.845642:2024-03-21 04:49:23.845518: Current epoch: 193, loss: 0.008940345607697964, validation loss: 0.0362185463309288
2024-03-21 04:49:42.506175:2024-03-21 04:49:42.506056: Current epoch: 194, loss: 0.00911429151892662, validation loss: 0.035872507840394974
2024-03-21 04:50:01.312728:2024-03-21 04:50:01.312609: Current epoch: 195, loss: 0.009118698537349701, validation loss: 0.036191120743751526
2024-03-21 04:50:20.223200:2024-03-21 04:50:20.223067: Current epoch: 196, loss: 0.008791384287178516, validation loss: 0.03627638891339302
2024-03-21 04:50:38.889183:2024-03-21 04:50:38.889025: Current epoch: 197, loss: 0.00877380184829235, validation loss: 0.036209240555763245
2024-03-21 04:50:57.757155:2024-03-21 04:50:57.757010: Current epoch: 198, loss: 0.008795181289315224, validation loss: 0.03615470975637436
2024-03-21 04:51:15.418776:2024-03-21 04:51:15.418658: Current epoch: 199, loss: 0.008942426182329655, validation loss: 0.03780106455087662
2024-03-21 04:51:31.398604:2024-03-21 04:51:31.398422: Current epoch: 200, loss: 0.008859453722834587, validation loss: 0.0368146076798439
2024-03-21 04:51:49.231701:2024-03-21 04:51:49.231560: Current epoch: 201, loss: 0.008708319626748562, validation loss: 0.0363166369497776
2024-03-21 04:52:08.229262:2024-03-21 04:52:08.229167: Current epoch: 202, loss: 0.008754088543355465, validation loss: 0.03610897809267044
2024-03-21 04:52:26.994852:2024-03-21 04:52:26.994787: Current epoch: 203, loss: 0.008706415072083473, validation loss: 0.03620951250195503
2024-03-21 04:52:45.709894:2024-03-21 04:52:45.709835: Current epoch: 204, loss: 0.008544258773326874, validation loss: 0.037167321890592575
2024-03-21 04:53:04.249356:2024-03-21 04:53:04.249199: Current epoch: 205, loss: 0.008727914653718472, validation loss: 0.03677279129624367
2024-03-21 04:53:23.075689:2024-03-21 04:53:23.075528: Current epoch: 206, loss: 0.008623952977359295, validation loss: 0.03674641251564026
2024-03-21 04:53:42.426676:2024-03-21 04:53:42.426546: Current epoch: 207, loss: 0.008492930792272091, validation loss: 0.03818686306476593
2024-03-21 04:54:01.304304:2024-03-21 04:54:01.304146: Current epoch: 208, loss: 0.008620410226285458, validation loss: 0.03656424209475517
2024-03-21 04:54:19.906833:2024-03-21 04:54:19.906721: Current epoch: 209, loss: 0.008561256341636181, validation loss: 0.03696740046143532
2024-03-21 04:54:39.261352:2024-03-21 04:54:39.261241: Current epoch: 210, loss: 0.008384637534618378, validation loss: 0.03661668300628662
2024-03-21 04:54:57.786053:2024-03-21 04:54:57.785893: Current epoch: 211, loss: 0.00863182544708252, validation loss: 0.036270566284656525
2024-03-21 04:55:16.428807:2024-03-21 04:55:16.428740: Current epoch: 212, loss: 0.008534896187484264, validation loss: 0.03612217679619789
2024-03-21 04:55:35.234692:2024-03-21 04:55:35.234607: Current epoch: 213, loss: 0.008404272608458996, validation loss: 0.03577717766165733
2024-03-21 04:55:53.952810:2024-03-21 04:55:53.952695: Current epoch: 214, loss: 0.008238117210566998, validation loss: 0.036682289093732834
2024-03-21 04:56:12.564604:2024-03-21 04:56:12.564478: Current epoch: 215, loss: 0.008347587659955025, validation loss: 0.037162575870752335
2024-03-21 04:56:31.286103:2024-03-21 04:56:31.286056: Current epoch: 216, loss: 0.00838779378682375, validation loss: 0.03679279610514641
2024-03-21 04:56:50.049552:2024-03-21 04:56:50.049479: Current epoch: 217, loss: 0.00829347688704729, validation loss: 0.035260386765003204
2024-03-21 04:57:08.917197:2024-03-21 04:57:08.917076: Current epoch: 218, loss: 0.00846289936453104, validation loss: 0.035855621099472046
2024-03-21 04:57:28.015947:2024-03-21 04:57:28.015748: Current epoch: 219, loss: 0.008165924809873104, validation loss: 0.036089345812797546
2024-03-21 04:57:46.460198:2024-03-21 04:57:46.460086: Current epoch: 220, loss: 0.008280572481453419, validation loss: 0.03565571829676628
2024-03-21 04:58:05.162934:2024-03-21 04:58:05.162774: Current epoch: 221, loss: 0.008267194963991642, validation loss: 0.036137282848358154
2024-03-21 04:58:23.798519:2024-03-21 04:58:23.798378: Current epoch: 222, loss: 0.008222733624279499, validation loss: 0.03609747812151909
2024-03-21 04:58:42.975570:2024-03-21 04:58:42.975438: Current epoch: 223, loss: 0.00833445880562067, validation loss: 0.03585295379161835
2024-03-21 04:59:01.689723:2024-03-21 04:59:01.689600: Current epoch: 224, loss: 0.008123734965920448, validation loss: 0.03564709424972534
2024-03-21 04:59:20.607714:2024-03-21 04:59:20.607606: Current epoch: 225, loss: 0.008357074111700058, validation loss: 0.036047764122486115
2024-03-21 04:59:39.045068:2024-03-21 04:59:39.044992: Current epoch: 226, loss: 0.007984098978340626, validation loss: 0.03665189817547798
2024-03-21 04:59:55.618650:2024-03-21 04:59:55.618577: Current epoch: 227, loss: 0.008162111975252628, validation loss: 0.03609918802976608
2024-03-21 05:00:12.532671:2024-03-21 05:00:12.532596: Current epoch: 228, loss: 0.008063404820859432, validation loss: 0.036229923367500305
2024-03-21 05:00:31.612399:2024-03-21 05:00:31.612266: Current epoch: 229, loss: 0.008098539896309376, validation loss: 0.03625193610787392
2024-03-21 05:00:50.777589:2024-03-21 05:00:50.777489: Current epoch: 230, loss: 0.00800313614308834, validation loss: 0.03604508191347122
2024-03-21 05:01:09.260680:2024-03-21 05:01:09.260559: Current epoch: 231, loss: 0.007998750545084476, validation loss: 0.03578696399927139
2024-03-21 05:01:28.139316:2024-03-21 05:01:28.139203: Current epoch: 232, loss: 0.007978488691151142, validation loss: 0.036380916833877563
2024-03-21 05:01:47.023496:2024-03-21 05:01:47.023367: Current epoch: 233, loss: 0.008052557706832886, validation loss: 0.03549462929368019
2024-03-21 05:02:06.180749:2024-03-21 05:02:06.180591: Current epoch: 234, loss: 0.007816324941813946, validation loss: 0.03589971363544464
2024-03-21 05:02:25.308698:2024-03-21 05:02:25.308638: Current epoch: 235, loss: 0.007792063057422638, validation loss: 0.03669988736510277
2024-03-21 05:02:43.918932:2024-03-21 05:02:43.918811: Current epoch: 236, loss: 0.007830212824046612, validation loss: 0.03631413355469704
2024-03-21 05:03:02.261250:2024-03-21 05:03:02.261093: Current epoch: 237, loss: 0.007867303676903248, validation loss: 0.035601090639829636
2024-03-21 05:03:20.626381:2024-03-21 05:03:20.626323: Current epoch: 238, loss: 0.007780814543366432, validation loss: 0.035763777792453766
2024-03-21 05:03:39.434832:2024-03-21 05:03:39.434735: Current epoch: 239, loss: 0.007818087935447693, validation loss: 0.03552358224987984
2024-03-21 05:04:01.295734:2024-03-21 05:04:01.295663: Current epoch: 240, loss: 0.0077809845097362995, validation loss: 0.03601573407649994
2024-03-21 05:04:19.811351:2024-03-21 05:04:19.811258: Current epoch: 241, loss: 0.007770727854222059, validation loss: 0.03566631302237511
2024-03-21 05:04:39.081576:2024-03-21 05:04:39.081451: Current epoch: 242, loss: 0.00777782266959548, validation loss: 0.03584307059645653
2024-03-21 05:04:58.017933:2024-03-21 05:04:58.017795: Current epoch: 243, loss: 0.0077103800140321255, validation loss: 0.03543853387236595
2024-03-21 05:05:16.605153:2024-03-21 05:05:16.605027: Current epoch: 244, loss: 0.007757426239550114, validation loss: 0.03589513897895813
2024-03-21 05:05:35.645829:2024-03-21 05:05:35.645668: Current epoch: 245, loss: 0.007556525059044361, validation loss: 0.035886187106370926
2024-03-21 05:05:53.878292:2024-03-21 05:05:53.878157: Current epoch: 246, loss: 0.007669177837669849, validation loss: 0.03606421872973442
2024-03-21 05:06:12.238291:2024-03-21 05:06:12.238170: Current epoch: 247, loss: 0.0076532019302248955, validation loss: 0.03556184843182564
2024-03-21 05:06:30.914306:2024-03-21 05:06:30.914146: Current epoch: 248, loss: 0.0077278707176446915, validation loss: 0.03598704934120178
2024-03-21 05:06:49.046562:2024-03-21 05:06:49.046423: Current epoch: 249, loss: 0.0076552489772439, validation loss: 0.03668976575136185
2024-03-21 05:07:06.778191:2024-03-21 05:07:06.778070: Current epoch: 250, loss: 0.007632526569068432, validation loss: 0.035706862807273865
2024-03-21 05:07:24.937033:2024-03-21 05:07:24.936912: Current epoch: 251, loss: 0.007682618219405413, validation loss: 0.036310598254203796
2024-03-21 05:07:43.677935:2024-03-21 05:07:43.677825: Current epoch: 252, loss: 0.007562542334198952, validation loss: 0.036010801792144775
2024-03-21 05:08:02.557020:2024-03-21 05:08:02.556905: Current epoch: 253, loss: 0.007482902612537146, validation loss: 0.0361219085752964
2024-03-21 05:08:20.940604:2024-03-21 05:08:20.940534: Current epoch: 254, loss: 0.0074926624074578285, validation loss: 0.035421282052993774
2024-03-21 05:08:39.879094:2024-03-21 05:08:39.878979: Current epoch: 255, loss: 0.007466453593224287, validation loss: 0.035509929060935974
2024-03-21 05:08:55.701818:2024-03-21 05:08:55.701733: Current epoch: 256, loss: 0.007455134764313698, validation loss: 0.0360008105635643
2024-03-21 05:09:12.944748:2024-03-21 05:09:12.944716: Current epoch: 257, loss: 0.007465147878974676, validation loss: 0.035769931972026825
2024-03-21 05:09:31.592510:2024-03-21 05:09:31.592389: Current epoch: 258, loss: 0.0075039914809167385, validation loss: 0.035634566098451614
2024-03-21 05:09:50.156974:2024-03-21 05:09:50.156822: Current epoch: 259, loss: 0.00736908707767725, validation loss: 0.03641412407159805
2024-03-21 05:10:08.604592:2024-03-21 05:10:08.604408: Current epoch: 260, loss: 0.007341186515986919, validation loss: 0.0357237383723259
2024-03-21 05:10:27.193585:2024-03-21 05:10:27.193453: Current epoch: 261, loss: 0.00731957983225584, validation loss: 0.03582819178700447
2024-03-21 05:10:45.782476:2024-03-21 05:10:45.782396: Current epoch: 262, loss: 0.007229187525808811, validation loss: 0.035854995250701904
2024-03-21 05:11:04.545414:2024-03-21 05:11:04.545296: Current epoch: 263, loss: 0.007306329440325499, validation loss: 0.036014899611473083
2024-03-21 05:11:23.172998:2024-03-21 05:11:23.172859: Current epoch: 264, loss: 0.00723789818584919, validation loss: 0.03592387214303017
2024-03-21 05:11:41.942423:2024-03-21 05:11:41.942350: Current epoch: 265, loss: 0.007346681319177151, validation loss: 0.03562503308057785
2024-03-21 05:12:00.694995:2024-03-21 05:12:00.694880: Current epoch: 266, loss: 0.007300460245460272, validation loss: 0.036125410348176956
2024-03-21 05:12:19.755911:2024-03-21 05:12:19.755737: Current epoch: 267, loss: 0.0073095401749014854, validation loss: 0.036243584007024765
2024-03-21 05:12:38.427911:2024-03-21 05:12:38.427802: Current epoch: 268, loss: 0.007278820965439081, validation loss: 0.03611985594034195
2024-03-21 05:12:57.016565:2024-03-21 05:12:57.016443: Current epoch: 269, loss: 0.00716821663081646, validation loss: 0.03646786883473396
2024-03-21 05:13:15.853901:2024-03-21 05:13:15.853825: Current epoch: 270, loss: 0.0072006178088486195, validation loss: 0.03608643263578415
2024-03-21 05:13:34.797138:2024-03-21 05:13:34.797017: Current epoch: 271, loss: 0.007224153261631727, validation loss: 0.03596499562263489
2024-03-21 05:13:53.402834:2024-03-21 05:13:53.402722: Current epoch: 272, loss: 0.007148290053009987, validation loss: 0.03688690438866615
2024-03-21 05:14:12.282612:2024-03-21 05:14:12.282437: Current epoch: 273, loss: 0.0072471764869987965, validation loss: 0.0362018384039402
2024-03-21 05:14:31.770287:2024-03-21 05:14:31.770123: Current epoch: 274, loss: 0.007152051664888859, validation loss: 0.0357060581445694
2024-03-21 05:14:50.539988:2024-03-21 05:14:50.539857: Current epoch: 275, loss: 0.007225764915347099, validation loss: 0.03613743185997009
2024-03-21 05:15:09.832987:2024-03-21 05:15:09.832897: Current epoch: 276, loss: 0.007092446554452181, validation loss: 0.03641171753406525
2024-03-21 05:15:28.908154:2024-03-21 05:15:28.908035: Current epoch: 277, loss: 0.007228149101138115, validation loss: 0.03603656217455864
2024-03-21 05:15:47.371134:2024-03-21 05:15:47.371021: Current epoch: 278, loss: 0.0069994316436350346, validation loss: 0.036390699446201324
2024-03-21 05:16:06.363083:2024-03-21 05:16:06.362999: Current epoch: 279, loss: 0.006998799741268158, validation loss: 0.036605216562747955
2024-03-21 05:16:25.542356:2024-03-21 05:16:25.542219: Current epoch: 280, loss: 0.007148733828216791, validation loss: 0.03574785590171814
2024-03-21 05:16:44.359371:2024-03-21 05:16:44.359273: Current epoch: 281, loss: 0.007044226862490177, validation loss: 0.036213476210832596
2024-03-21 05:17:03.883376:2024-03-21 05:17:03.883269: Current epoch: 282, loss: 0.007034657523036003, validation loss: 0.03620655834674835
2024-03-21 05:17:21.143893:2024-03-21 05:17:21.143797: Current epoch: 283, loss: 0.0071844011545181274, validation loss: 0.03598644584417343
2024-03-21 05:17:37.283913:2024-03-21 05:17:37.283795: Current epoch: 284, loss: 0.007141109090298414, validation loss: 0.03634254261851311
2024-03-21 05:17:56.431704:2024-03-21 05:17:56.431623: Current epoch: 285, loss: 0.006933769676834345, validation loss: 0.03593549504876137
2024-03-21 05:18:14.962149:2024-03-21 05:18:14.962039: Current epoch: 286, loss: 0.006890635006129742, validation loss: 0.03597422316670418
2024-03-21 05:18:33.605102:2024-03-21 05:18:33.605026: Current epoch: 287, loss: 0.006926765665411949, validation loss: 0.03621400520205498
2024-03-21 05:18:52.605303:2024-03-21 05:18:52.605193: Current epoch: 288, loss: 0.006918055005371571, validation loss: 0.03574758395552635
2024-03-21 05:19:11.354754:2024-03-21 05:19:11.354612: Current epoch: 289, loss: 0.006838701665401459, validation loss: 0.03614410385489464
2024-03-21 05:19:30.155641:2024-03-21 05:19:30.155488: Current epoch: 290, loss: 0.006943885702639818, validation loss: 0.03599763289093971
2024-03-21 05:19:49.130980:2024-03-21 05:19:49.130908: Current epoch: 291, loss: 0.006881449371576309, validation loss: 0.03608476370573044
2024-03-21 05:20:08.509226:2024-03-21 05:20:08.509066: Current epoch: 292, loss: 0.0068013351410627365, validation loss: 0.036081649363040924
2024-03-21 05:20:27.490689:2024-03-21 05:20:27.490622: Current epoch: 293, loss: 0.006951776798814535, validation loss: 0.036168646067380905
2024-03-21 05:20:46.382964:2024-03-21 05:20:46.382893: Current epoch: 294, loss: 0.006896354723721743, validation loss: 0.036420464515686035
2024-03-21 05:21:05.402834:2024-03-21 05:21:05.402659: Current epoch: 295, loss: 0.006764862686395645, validation loss: 0.03592640534043312
2024-03-21 05:21:23.826756:2024-03-21 05:21:23.826685: Current epoch: 296, loss: 0.0068701403215527534, validation loss: 0.03585659712553024
2024-03-21 05:21:42.678485:2024-03-21 05:21:42.678370: Current epoch: 297, loss: 0.006743867415934801, validation loss: 0.03640341758728027
2024-03-21 05:22:01.807378:2024-03-21 05:22:01.807244: Current epoch: 298, loss: 0.006768203340470791, validation loss: 0.03677253797650337
2024-03-21 05:22:20.678154:2024-03-21 05:22:20.678045: Current epoch: 299, loss: 0.006723606958985329, validation loss: 0.03663630411028862
2024-03-21 05:22:39.405000:2024-03-21 05:22:39.404888: Current epoch: 300, loss: 0.0067487964406609535, validation loss: 0.035942669957876205
2024-03-21 05:22:58.157632:2024-03-21 05:22:58.157545: Current epoch: 301, loss: 0.006791034713387489, validation loss: 0.0355970598757267
2024-03-21 05:23:16.586531:2024-03-21 05:23:16.586424: Current epoch: 302, loss: 0.006665147840976715, validation loss: 0.03611208498477936
2024-03-21 05:23:35.546805:2024-03-21 05:23:35.546724: Current epoch: 303, loss: 0.00670934934169054, validation loss: 0.035844605416059494
2024-03-21 05:23:53.986186:2024-03-21 05:23:53.986121: Current epoch: 304, loss: 0.006719703786075115, validation loss: 0.036113012582063675
2024-03-21 05:24:12.680195:2024-03-21 05:24:12.680125: Current epoch: 305, loss: 0.006722207646816969, validation loss: 0.03576314076781273
2024-03-21 05:24:31.789356:2024-03-21 05:24:31.789236: Current epoch: 306, loss: 0.006626780144870281, validation loss: 0.03614846244454384
2024-03-21 05:24:50.418332:2024-03-21 05:24:50.418272: Current epoch: 307, loss: 0.006590023171156645, validation loss: 0.036249611526727676
2024-03-21 05:25:08.811012:2024-03-21 05:25:08.810910: Current epoch: 308, loss: 0.006645421031862497, validation loss: 0.03615088388323784
2024-03-21 05:25:27.303771:2024-03-21 05:25:27.303624: Current epoch: 309, loss: 0.006545930169522762, validation loss: 0.03589213266968727
2024-03-21 05:25:44.263135:2024-03-21 05:25:44.262997: Current epoch: 310, loss: 0.006583589129149914, validation loss: 0.03583650663495064
2024-03-21 05:26:01.598758:2024-03-21 05:26:01.598685: Current epoch: 311, loss: 0.006600187625735998, validation loss: 0.036146506667137146
2024-03-21 05:26:20.373118:2024-03-21 05:26:20.373020: Current epoch: 312, loss: 0.00658148480579257, validation loss: 0.0364086888730526
2024-03-21 05:26:38.892618:2024-03-21 05:26:38.892520: Current epoch: 313, loss: 0.00655230600386858, validation loss: 0.03635053336620331
2024-03-21 05:26:57.626528:2024-03-21 05:26:57.626442: Current epoch: 314, loss: 0.006591802462935448, validation loss: 0.036101214587688446
2024-03-21 05:27:16.038941:2024-03-21 05:27:16.038867: Current epoch: 315, loss: 0.006624946370720863, validation loss: 0.036231741309165955
2024-03-21 05:27:34.771686:2024-03-21 05:27:34.771551: Current epoch: 316, loss: 0.006526585202664137, validation loss: 0.03589935973286629
2024-03-21 05:27:53.735521:2024-03-21 05:27:53.735442: Current epoch: 317, loss: 0.006514659151434898, validation loss: 0.03607486933469772
2024-03-21 05:27:55.228535:the test error is  [0.03573502227663994, 0.03573502227663994]
2024-03-21 05:27:58.494685:saved model to sample/alignn_matbert-base-cased_robo_prop_ehull
2024-03-21 05:27:59.585661:done