
2024-04-09 14:39:18.102744:job config: {'train_data_path': '/data/yll6162/alignntl_dft_3d/tl_dataset/dataset_alignn_matbert-base-cased_chemnlp_prop_mbj_bandgap_train.csv', 'val_data_path': '/data/yll6162/alignntl_dft_3d/tl_dataset/dataset_alignn_matbert-base-cased_chemnlp_prop_mbj_bandgap_val.csv', 'test_data_path': '/data/yll6162/alignntl_dft_3d/tl_dataset/dataset_alignn_matbert-base-cased_chemnlp_prop_mbj_bandgap_test.csv', 'label': 'mbj_bandgap', 'input_type': None, 'log_folder': 'log', 'log_file': 'alignn_matbert-base-cased_chemnlp_prop_mbj_bandgap.log', 'test_metric': 'mae', 'architecture': '1024Rx4D-512Rx3D-256Rx3D-128Rx3D-64Rx2-32Rx1-1', 'model_seed': 0, 'loss_type': 'mae', 'config_file': 'sample/alignn_matbert-base-cased_chemnlp_prop_mbj_bandgap_job.config', 'use_valid': True, 'project': 'MOF', 'regressors': None, 'input_types': None, 'paramsGrid': {'optimizer': 'Adam', 'learning_rate': 0.0001, 'patience': 100, 'dropouts': [0.8, 0.9, 0.7, 0.8], 'EVAL_FREQUENCY': 1000}, 'save_path': 'sample/alignn_matbert-base-cased_chemnlp_prop_mbj_bandgap', 'model_path': None, 'last_layer_with_weight': True, 'keras_path': 'model/alignn_matbert-base-cased_chemnlp_prop_mbj_bandgap', 'test_size': None, 'val_size': None}
2024-04-09 14:39:18.102818:train data path is  /data/yll6162/alignntl_dft_3d/tl_dataset/dataset_alignn_matbert-base-cased_chemnlp_prop_mbj_bandgap_train.csv
2024-04-09 14:39:22.048341:input attribute sets are:  None
2024-04-09 14:39:22.048762:test data path is  /data/yll6162/alignntl_dft_3d/tl_dataset/dataset_alignn_matbert-base-cased_chemnlp_prop_mbj_bandgap_test.csv
2024-04-09 14:39:22.549061:val data path is  /data/yll6162/alignntl_dft_3d/tl_dataset/dataset_alignn_matbert-base-cased_chemnlp_prop_mbj_bandgap_val.csv
2024-04-09 14:39:23.040820:input attributes are:  Index(['0', '1', '2', '3', '4', '5', '6', '7', '8', '9',
       ...
       '758.1', '759.1', '760.1', '761.1', '762.1', '763.1', '764.1', '765.1',
       '766.1', '767.1'],
      dtype='object', length=1536)
2024-04-09 14:39:23.040931:label: mbj_bandgap
2024-04-09 14:39:32.382918: train, test, valid sizes:  (15642, 1536) (15642,) (1957, 1536) (1957,) (1957, 1536) (1957,)
2024-04-09 14:39:32.460486:train matrix shape of train_X:  (15642, 1536)  train_y:  (15642,)
2024-04-09 14:39:32.460632:valid matrix shape of train_X:  (1957, 1536)  valid_y:  (1957,)
2024-04-09 14:39:32.460673:test matrix shape of valid_X:   (1957, 1536)  test_y:  (1957,)
2024-04-09 14:39:32.460708:architecture is:  1024Rx4D-512Rx3D-256Rx3D-128Rx3D-64Rx2-32Rx1-1
2024-04-09 14:39:32.460746:learning rate is  0.0001
2024-04-09 14:39:32.460779:model path is  None
2024-04-09 14:39:32.470117:adding fully connected layers with 1024 outputs
2024-04-09 14:39:34.471612:adding residual with fc as the size are different
2024-04-09 14:39:34.478362:adding fully connected layers with 1024 outputs
2024-04-09 14:39:34.483208:adding residual, both sizes are same
2024-04-09 14:39:34.485233:adding fully connected layers with 1024 outputs
2024-04-09 14:39:34.489841:adding residual, both sizes are same
2024-04-09 14:39:34.491699:adding fully connected layers with 1024 outputs
2024-04-09 14:39:34.496240:adding residual, both sizes are same
2024-04-09 14:39:34.498331:adding dropout 0.8
2024-04-09 14:39:34.502556:adding fully connected layers with 512 outputs
2024-04-09 14:39:34.507553:adding residual with fc as the size are different
2024-04-09 14:39:34.513521:adding fully connected layers with 512 outputs
2024-04-09 14:39:34.518232:adding residual, both sizes are same
2024-04-09 14:39:34.520897:adding fully connected layers with 512 outputs
2024-04-09 14:39:34.525433:adding residual, both sizes are same
2024-04-09 14:39:34.527244:adding dropout 0.9
2024-04-09 14:39:34.528825:adding fully connected layers with 256 outputs
2024-04-09 14:39:34.533829:adding residual with fc as the size are different
2024-04-09 14:39:34.539765:adding fully connected layers with 256 outputs
2024-04-09 14:39:34.544449:adding residual, both sizes are same
2024-04-09 14:39:34.549359:adding fully connected layers with 256 outputs
2024-04-09 14:39:34.559902:adding residual, both sizes are same
2024-04-09 14:39:34.563069:adding dropout 0.7
2024-04-09 14:39:34.564623:adding fully connected layers with 128 outputs
2024-04-09 14:39:34.569398:adding residual with fc as the size are different
2024-04-09 14:39:34.575559:adding fully connected layers with 128 outputs
2024-04-09 14:39:34.580223:adding residual, both sizes are same
2024-04-09 14:39:34.582081:adding fully connected layers with 128 outputs
2024-04-09 14:39:34.586801:adding residual, both sizes are same
2024-04-09 14:39:34.588648:adding dropout 0.8
2024-04-09 14:39:34.590222:adding fully connected layers with 64 outputs
2024-04-09 14:39:34.595068:adding residual with fc as the size are different
2024-04-09 14:39:34.611888:adding fully connected layers with 64 outputs
2024-04-09 14:39:34.617218:adding residual, both sizes are same
2024-04-09 14:39:34.619211:adding fully connected layers with 32 outputs
2024-04-09 14:39:34.624520:adding residual with fc as the size are different
2024-04-09 14:39:34.631248:adding final layer with 1 output
2024-04-09 14:39:34.641113:Model: "ElemNet"
2024-04-09 14:39:34.641203:__________________________________________________________________________________________________
2024-04-09 14:39:34.641253:Layer (type)                    Output Shape         Param #     Connected to                     
2024-04-09 14:39:34.641298:==================================================================================================
2024-04-09 14:39:34.641962:elemental_fractions (InputLayer [(None, 1536)]       0                                            
2024-04-09 14:39:34.642170:__________________________________________________________________________________________________
2024-04-09 14:39:34.642628:fc0_0 (Dense)                   (None, 1024)         1573888     elemental_fractions[0][0]        
2024-04-09 14:39:34.642779:__________________________________________________________________________________________________
2024-04-09 14:39:34.643134:fc0_dim_0 (Dense)               (None, 1024)         1573888     elemental_fractions[0][0]        
2024-04-09 14:39:34.643284:__________________________________________________________________________________________________
2024-04-09 14:39:34.643564:tf.__operators__.add (TFOpLambd (None, 1024)         0           fc0_0[0][0]                      
2024-04-09 14:39:34.643708:                                                                 fc0_dim_0[0][0]                  
2024-04-09 14:39:34.643828:__________________________________________________________________________________________________
2024-04-09 14:39:34.644168:fc0_1 (Dense)                   (None, 1024)         1049600     tf.__operators__.add[0][0]       
2024-04-09 14:39:34.644315:__________________________________________________________________________________________________
2024-04-09 14:39:34.644567:tf.__operators__.add_1 (TFOpLam (None, 1024)         0           fc0_1[0][0]                      
2024-04-09 14:39:34.644706:                                                                 tf.__operators__.add[0][0]       
2024-04-09 14:39:34.644821:__________________________________________________________________________________________________
2024-04-09 14:39:34.645148:fc0_2 (Dense)                   (None, 1024)         1049600     tf.__operators__.add_1[0][0]     
2024-04-09 14:39:34.645286:__________________________________________________________________________________________________
2024-04-09 14:39:34.645531:tf.__operators__.add_2 (TFOpLam (None, 1024)         0           fc0_2[0][0]                      
2024-04-09 14:39:34.645668:                                                                 tf.__operators__.add_1[0][0]     
2024-04-09 14:39:34.645784:__________________________________________________________________________________________________
2024-04-09 14:39:34.646109:fc0_3 (Dense)                   (None, 1024)         1049600     tf.__operators__.add_2[0][0]     
2024-04-09 14:39:34.646242:__________________________________________________________________________________________________
2024-04-09 14:39:34.646498:tf.__operators__.add_3 (TFOpLam (None, 1024)         0           fc0_3[0][0]                      
2024-04-09 14:39:34.646651:                                                                 tf.__operators__.add_2[0][0]     
2024-04-09 14:39:34.646767:__________________________________________________________________________________________________
2024-04-09 14:39:34.647010:dropout (Dropout)               (None, 1024)         0           tf.__operators__.add_3[0][0]     
2024-04-09 14:39:34.647134:__________________________________________________________________________________________________
2024-04-09 14:39:34.647482:fc1_0 (Dense)                   (None, 512)          524800      dropout[0][0]                    
2024-04-09 14:39:34.647617:__________________________________________________________________________________________________
2024-04-09 14:39:34.647942:fc1_dim_0 (Dense)               (None, 512)          524800      dropout[0][0]                    
2024-04-09 14:39:34.648074:__________________________________________________________________________________________________
2024-04-09 14:39:34.648327:tf.__operators__.add_4 (TFOpLam (None, 512)          0           fc1_0[0][0]                      
2024-04-09 14:39:34.648466:                                                                 fc1_dim_0[0][0]                  
2024-04-09 14:39:34.648582:__________________________________________________________________________________________________
2024-04-09 14:39:34.648903:fc1_1 (Dense)                   (None, 512)          262656      tf.__operators__.add_4[0][0]     
2024-04-09 14:39:34.649035:__________________________________________________________________________________________________
2024-04-09 14:39:34.649284:tf.__operators__.add_5 (TFOpLam (None, 512)          0           fc1_1[0][0]                      
2024-04-09 14:39:34.649425:                                                                 tf.__operators__.add_4[0][0]     
2024-04-09 14:39:34.649541:__________________________________________________________________________________________________
2024-04-09 14:39:34.649860:fc1_2 (Dense)                   (None, 512)          262656      tf.__operators__.add_5[0][0]     
2024-04-09 14:39:34.649992:__________________________________________________________________________________________________
2024-04-09 14:39:34.650234:tf.__operators__.add_6 (TFOpLam (None, 512)          0           fc1_2[0][0]                      
2024-04-09 14:39:34.650380:                                                                 tf.__operators__.add_5[0][0]     
2024-04-09 14:39:34.650494:__________________________________________________________________________________________________
2024-04-09 14:39:34.650728:dropout_1 (Dropout)             (None, 512)          0           tf.__operators__.add_6[0][0]     
2024-04-09 14:39:34.650851:__________________________________________________________________________________________________
2024-04-09 14:39:34.651174:fc2_0 (Dense)                   (None, 256)          131328      dropout_1[0][0]                  
2024-04-09 14:39:34.651313:__________________________________________________________________________________________________
2024-04-09 14:39:34.651727:fc2_dim_0 (Dense)               (None, 256)          131328      dropout_1[0][0]                  
2024-04-09 14:39:34.651879:__________________________________________________________________________________________________
2024-04-09 14:39:34.652129:tf.__operators__.add_7 (TFOpLam (None, 256)          0           fc2_0[0][0]                      
2024-04-09 14:39:34.652268:                                                                 fc2_dim_0[0][0]                  
2024-04-09 14:39:34.652350:__________________________________________________________________________________________________
2024-04-09 14:39:34.652486:fc2_1 (Dense)                   (None, 256)          65792       tf.__operators__.add_7[0][0]     
2024-04-09 14:39:34.652540:__________________________________________________________________________________________________
2024-04-09 14:39:34.652646:tf.__operators__.add_8 (TFOpLam (None, 256)          0           fc2_1[0][0]                      
2024-04-09 14:39:34.652703:                                                                 tf.__operators__.add_7[0][0]     
2024-04-09 14:39:34.652750:__________________________________________________________________________________________________
2024-04-09 14:39:34.652880:fc2_2 (Dense)                   (None, 256)          65792       tf.__operators__.add_8[0][0]     
2024-04-09 14:39:34.652933:__________________________________________________________________________________________________
2024-04-09 14:39:34.653031:tf.__operators__.add_9 (TFOpLam (None, 256)          0           fc2_2[0][0]                      
2024-04-09 14:39:34.653087:                                                                 tf.__operators__.add_8[0][0]     
2024-04-09 14:39:34.653134:__________________________________________________________________________________________________
2024-04-09 14:39:34.653228:dropout_2 (Dropout)             (None, 256)          0           tf.__operators__.add_9[0][0]     
2024-04-09 14:39:34.653286:__________________________________________________________________________________________________
2024-04-09 14:39:34.653420:fc3_0 (Dense)                   (None, 128)          32896       dropout_2[0][0]                  
2024-04-09 14:39:34.653474:__________________________________________________________________________________________________
2024-04-09 14:39:34.653603:fc3_dim_0 (Dense)               (None, 128)          32896       dropout_2[0][0]                  
2024-04-09 14:39:34.653659:__________________________________________________________________________________________________
2024-04-09 14:39:34.653759:tf.__operators__.add_10 (TFOpLa (None, 128)          0           fc3_0[0][0]                      
2024-04-09 14:39:34.653815:                                                                 fc3_dim_0[0][0]                  
2024-04-09 14:39:34.653861:__________________________________________________________________________________________________
2024-04-09 14:39:34.653990:fc3_1 (Dense)                   (None, 128)          16512       tf.__operators__.add_10[0][0]    
2024-04-09 14:39:34.654043:__________________________________________________________________________________________________
2024-04-09 14:39:34.654139:tf.__operators__.add_11 (TFOpLa (None, 128)          0           fc3_1[0][0]                      
2024-04-09 14:39:34.654195:                                                                 tf.__operators__.add_10[0][0]    
2024-04-09 14:39:34.654242:__________________________________________________________________________________________________
2024-04-09 14:39:34.654379:fc3_2 (Dense)                   (None, 128)          16512       tf.__operators__.add_11[0][0]    
2024-04-09 14:39:34.654434:__________________________________________________________________________________________________
2024-04-09 14:39:34.654532:tf.__operators__.add_12 (TFOpLa (None, 128)          0           fc3_2[0][0]                      
2024-04-09 14:39:34.654587:                                                                 tf.__operators__.add_11[0][0]    
2024-04-09 14:39:34.654633:__________________________________________________________________________________________________
2024-04-09 14:39:34.654726:dropout_3 (Dropout)             (None, 128)          0           tf.__operators__.add_12[0][0]    
2024-04-09 14:39:34.654776:__________________________________________________________________________________________________
2024-04-09 14:39:34.654904:fc4_0 (Dense)                   (None, 64)           8256        dropout_3[0][0]                  
2024-04-09 14:39:34.654958:__________________________________________________________________________________________________
2024-04-09 14:39:34.655087:fc4_dim_0 (Dense)               (None, 64)           8256        dropout_3[0][0]                  
2024-04-09 14:39:34.655140:__________________________________________________________________________________________________
2024-04-09 14:39:34.655244:tf.__operators__.add_13 (TFOpLa (None, 64)           0           fc4_0[0][0]                      
2024-04-09 14:39:34.655310:                                                                 fc4_dim_0[0][0]                  
2024-04-09 14:39:34.655358:__________________________________________________________________________________________________
2024-04-09 14:39:34.655490:fc4_1 (Dense)                   (None, 64)           4160        tf.__operators__.add_13[0][0]    
2024-04-09 14:39:34.655544:__________________________________________________________________________________________________
2024-04-09 14:39:34.655641:tf.__operators__.add_14 (TFOpLa (None, 64)           0           fc4_1[0][0]                      
2024-04-09 14:39:34.655696:                                                                 tf.__operators__.add_13[0][0]    
2024-04-09 14:39:34.655742:__________________________________________________________________________________________________
2024-04-09 14:39:34.655870:fc5_0 (Dense)                   (None, 32)           2080        tf.__operators__.add_14[0][0]    
2024-04-09 14:39:34.655924:__________________________________________________________________________________________________
2024-04-09 14:39:34.656052:fc5_dim_0 (Dense)               (None, 32)           2080        tf.__operators__.add_14[0][0]    
2024-04-09 14:39:34.656106:__________________________________________________________________________________________________
2024-04-09 14:39:34.656203:tf.__operators__.add_15 (TFOpLa (None, 32)           0           fc5_0[0][0]                      
2024-04-09 14:39:34.656259:                                                                 fc5_dim_0[0][0]                  
2024-04-09 14:39:34.656315:__________________________________________________________________________________________________
2024-04-09 14:39:34.656445:fc6 (Dense)                     (None, 1)            33          tf.__operators__.add_15[0][0]    
2024-04-09 14:39:34.656499:==================================================================================================
2024-04-09 14:39:34.657278:Total params: 8,389,409
2024-04-09 14:39:34.657346:Trainable params: 8,389,409
2024-04-09 14:39:34.657396:Non-trainable params: 0
2024-04-09 14:39:34.657442:__________________________________________________________________________________________________
2024-04-09 14:39:34.668493:start training
2024-04-09 14:39:40.679448:2024-04-09 14:39:40.679390: Current epoch: 0, loss: 3.8839199542999268, validation loss: 1.3581279516220093
2024-04-09 14:39:45.378047:2024-04-09 14:39:45.377971: Current epoch: 1, loss: 1.3570036888122559, validation loss: 0.8839507699012756
2024-04-09 14:39:50.041762:2024-04-09 14:39:50.041687: Current epoch: 2, loss: 0.9612904787063599, validation loss: 0.8490660786628723
2024-04-09 14:39:54.633015:2024-04-09 14:39:54.632861: Current epoch: 3, loss: 0.7790140509605408, validation loss: 0.9962586164474487
2024-04-09 14:39:59.366028:2024-04-09 14:39:59.365924: Current epoch: 4, loss: 0.7710549235343933, validation loss: 0.6116968393325806
2024-04-09 14:40:03.948219:2024-04-09 14:40:03.948068: Current epoch: 5, loss: 0.6719053387641907, validation loss: 0.5860415697097778
2024-04-09 14:40:08.468139:2024-04-09 14:40:08.468066: Current epoch: 6, loss: 0.6467565894126892, validation loss: 0.6675255298614502
2024-04-09 14:40:13.105159:2024-04-09 14:40:13.105002: Current epoch: 7, loss: 0.5960392951965332, validation loss: 0.603296160697937
2024-04-09 14:40:17.794417:2024-04-09 14:40:17.794131: Current epoch: 8, loss: 0.539082944393158, validation loss: 0.7077441811561584
2024-04-09 14:40:22.489617:2024-04-09 14:40:22.489465: Current epoch: 9, loss: 0.5330705642700195, validation loss: 0.595008373260498
2024-04-09 14:40:29.573473:2024-04-09 14:40:29.573393: Current epoch: 10, loss: 0.515936017036438, validation loss: 0.4840068817138672
2024-04-09 14:40:34.293844:2024-04-09 14:40:34.293767: Current epoch: 11, loss: 0.48994776606559753, validation loss: 0.475178599357605
2024-04-09 14:40:39.021902:2024-04-09 14:40:39.021819: Current epoch: 12, loss: 0.47178712487220764, validation loss: 0.4741775095462799
2024-04-09 14:40:43.716616:2024-04-09 14:40:43.716536: Current epoch: 13, loss: 0.4311479926109314, validation loss: 0.43808966875076294
2024-04-09 14:40:48.079664:2024-04-09 14:40:48.079584: Current epoch: 14, loss: 0.44133684039115906, validation loss: 0.41685521602630615
2024-04-09 14:40:52.618383:2024-04-09 14:40:52.618219: Current epoch: 15, loss: 0.40559858083724976, validation loss: 0.4286494255065918
2024-04-09 14:40:57.177439:2024-04-09 14:40:57.177387: Current epoch: 16, loss: 0.38976016640663147, validation loss: 0.3811052739620209
2024-04-09 14:41:01.603853:2024-04-09 14:41:01.603776: Current epoch: 17, loss: 0.39267224073410034, validation loss: 0.47675737738609314
2024-04-09 14:41:06.188671:2024-04-09 14:41:06.188521: Current epoch: 18, loss: 0.37946537137031555, validation loss: 0.5039275884628296
2024-04-09 14:41:10.722326:2024-04-09 14:41:10.722238: Current epoch: 19, loss: 0.35649344325065613, validation loss: 0.3722430467605591
2024-04-09 14:41:17.685125:2024-04-09 14:41:17.685029: Current epoch: 20, loss: 0.3415469825267792, validation loss: 0.40519824624061584
2024-04-09 14:41:22.282940:2024-04-09 14:41:22.282798: Current epoch: 21, loss: 0.3307094871997833, validation loss: 0.3897944986820221
2024-04-09 14:41:26.719358:2024-04-09 14:41:26.719219: Current epoch: 22, loss: 0.32629361748695374, validation loss: 0.37782883644104004
2024-04-09 14:41:30.999497:2024-04-09 14:41:30.999429: Current epoch: 23, loss: 0.3161976933479309, validation loss: 0.42080801725387573
2024-04-09 14:41:35.822854:2024-04-09 14:41:35.822776: Current epoch: 24, loss: 0.30847468972206116, validation loss: 0.3615565896034241
2024-04-09 14:41:40.586108:2024-04-09 14:41:40.586058: Current epoch: 25, loss: 0.28259432315826416, validation loss: 0.33114850521087646
2024-04-09 14:41:45.275376:2024-04-09 14:41:45.275204: Current epoch: 26, loss: 0.2983781397342682, validation loss: 0.3708515763282776
2024-04-09 14:41:49.741406:2024-04-09 14:41:49.741331: Current epoch: 27, loss: 0.2747071385383606, validation loss: 0.3382774591445923
2024-04-09 14:41:54.410234:2024-04-09 14:41:54.410101: Current epoch: 28, loss: 0.27013590931892395, validation loss: 0.41941821575164795
2024-04-09 14:41:59.105144:2024-04-09 14:41:59.105047: Current epoch: 29, loss: 0.2641965448856354, validation loss: 0.39534279704093933
2024-04-09 14:42:03.882055:2024-04-09 14:42:03.881900: Current epoch: 30, loss: 0.24454836547374725, validation loss: 0.4349953234195709
2024-04-09 14:42:08.571101:2024-04-09 14:42:08.571027: Current epoch: 31, loss: 0.24995698034763336, validation loss: 0.35950013995170593
2024-04-09 14:42:13.188571:2024-04-09 14:42:13.188495: Current epoch: 32, loss: 0.2453773021697998, validation loss: 0.41040369868278503
2024-04-09 14:42:17.704900:2024-04-09 14:42:17.704755: Current epoch: 33, loss: 0.2322242110967636, validation loss: 0.3838048577308655
2024-04-09 14:42:22.312905:2024-04-09 14:42:22.312838: Current epoch: 34, loss: 0.2223624885082245, validation loss: 0.306369423866272
2024-04-09 14:42:26.978477:2024-04-09 14:42:26.978380: Current epoch: 35, loss: 0.22570250928401947, validation loss: 0.34217193722724915
2024-04-09 14:42:31.663995:2024-04-09 14:42:31.663929: Current epoch: 36, loss: 0.21971800923347473, validation loss: 0.34100690484046936
2024-04-09 14:42:35.969823:2024-04-09 14:42:35.969750: Current epoch: 37, loss: 0.2125861942768097, validation loss: 0.30916374921798706
2024-04-09 14:42:40.498793:2024-04-09 14:42:40.498679: Current epoch: 38, loss: 0.21005083620548248, validation loss: 0.32473793625831604
2024-04-09 14:42:44.967924:2024-04-09 14:42:44.967854: Current epoch: 39, loss: 0.20869329571723938, validation loss: 0.3227114677429199
2024-04-09 14:42:51.762928:2024-04-09 14:42:51.762823: Current epoch: 40, loss: 0.2053810954093933, validation loss: 0.3326367735862732
2024-04-09 14:42:56.256176:2024-04-09 14:42:56.256124: Current epoch: 41, loss: 0.18924786150455475, validation loss: 0.29719558358192444
2024-04-09 14:43:00.788614:2024-04-09 14:43:00.788539: Current epoch: 42, loss: 0.1864796131849289, validation loss: 0.32116833329200745
2024-04-09 14:43:05.442173:2024-04-09 14:43:05.442104: Current epoch: 43, loss: 0.1921619027853012, validation loss: 0.33030834794044495
2024-04-09 14:43:10.157916:2024-04-09 14:43:10.157843: Current epoch: 44, loss: 0.18294668197631836, validation loss: 0.3349243998527527
2024-04-09 14:43:14.937589:2024-04-09 14:43:14.937454: Current epoch: 45, loss: 0.19105839729309082, validation loss: 0.32366693019866943
2024-04-09 14:43:19.443749:2024-04-09 14:43:19.443655: Current epoch: 46, loss: 0.17136070132255554, validation loss: 0.3105931580066681
2024-04-09 14:43:23.930841:2024-04-09 14:43:23.930766: Current epoch: 47, loss: 0.1758613884449005, validation loss: 0.29970142245292664
2024-04-09 14:43:28.332611:2024-04-09 14:43:28.332535: Current epoch: 48, loss: 0.18131600320339203, validation loss: 0.31905922293663025
2024-04-09 14:43:33.062033:2024-04-09 14:43:33.061958: Current epoch: 49, loss: 0.16648514568805695, validation loss: 0.3162343204021454
2024-04-09 14:43:39.907140:2024-04-09 14:43:39.907062: Current epoch: 50, loss: 0.17014354467391968, validation loss: 0.3131135106086731
2024-04-09 14:43:44.631250:2024-04-09 14:43:44.631119: Current epoch: 51, loss: 0.16886398196220398, validation loss: 0.3204728662967682
2024-04-09 14:43:49.386374:2024-04-09 14:43:49.386261: Current epoch: 52, loss: 0.1651032567024231, validation loss: 0.30526405572891235
2024-04-09 14:43:53.880354:2024-04-09 14:43:53.880255: Current epoch: 53, loss: 0.1598595827817917, validation loss: 0.30558857321739197
2024-04-09 14:43:58.412322:2024-04-09 14:43:58.412265: Current epoch: 54, loss: 0.1545133739709854, validation loss: 0.2846994698047638
2024-04-09 14:44:02.949827:2024-04-09 14:44:02.949752: Current epoch: 55, loss: 0.1558183878660202, validation loss: 0.2910740375518799
2024-04-09 14:44:07.420499:2024-04-09 14:44:07.420422: Current epoch: 56, loss: 0.154188871383667, validation loss: 0.3059987425804138
2024-04-09 14:44:12.013430:2024-04-09 14:44:12.013355: Current epoch: 57, loss: 0.1578112095594406, validation loss: 0.2967270612716675
2024-04-09 14:44:16.509406:2024-04-09 14:44:16.509352: Current epoch: 58, loss: 0.14934928715229034, validation loss: 0.2754746079444885
2024-04-09 14:44:21.009933:2024-04-09 14:44:21.009777: Current epoch: 59, loss: 0.1376606971025467, validation loss: 0.323480486869812
2024-04-09 14:44:25.587457:2024-04-09 14:44:25.587380: Current epoch: 60, loss: 0.14231030642986298, validation loss: 0.296989381313324
2024-04-09 14:44:30.109979:2024-04-09 14:44:30.109901: Current epoch: 61, loss: 0.13952992856502533, validation loss: 0.27970463037490845
2024-04-09 14:44:34.752478:2024-04-09 14:44:34.752403: Current epoch: 62, loss: 0.14024364948272705, validation loss: 0.33612069487571716
2024-04-09 14:44:39.302347:2024-04-09 14:44:39.302256: Current epoch: 63, loss: 0.14427915215492249, validation loss: 0.2884273827075958
2024-04-09 14:44:43.918557:2024-04-09 14:44:43.918484: Current epoch: 64, loss: 0.1327052265405655, validation loss: 0.2996208667755127
2024-04-09 14:44:48.790060:2024-04-09 14:44:48.789984: Current epoch: 65, loss: 0.13616664707660675, validation loss: 0.2888196110725403
2024-04-09 14:44:53.499999:2024-04-09 14:44:53.499885: Current epoch: 66, loss: 0.1365000456571579, validation loss: 0.286223828792572
2024-04-09 14:44:58.112078:2024-04-09 14:44:58.112002: Current epoch: 67, loss: 0.1388479769229889, validation loss: 0.2838371694087982
2024-04-09 14:45:02.783075:2024-04-09 14:45:02.782981: Current epoch: 68, loss: 0.1286538988351822, validation loss: 0.2860204875469208
2024-04-09 14:45:07.410216:2024-04-09 14:45:07.410144: Current epoch: 69, loss: 0.12955985963344574, validation loss: 0.2941691279411316
2024-04-09 14:45:14.454316:2024-04-09 14:45:14.454216: Current epoch: 70, loss: 0.13107997179031372, validation loss: 0.2769680917263031
2024-04-09 14:45:19.141226:2024-04-09 14:45:19.141099: Current epoch: 71, loss: 0.12540704011917114, validation loss: 0.2797039747238159
2024-04-09 14:45:23.444560:2024-04-09 14:45:23.444480: Current epoch: 72, loss: 0.12130724638700485, validation loss: 0.28523755073547363
2024-04-09 14:45:27.176036:2024-04-09 14:45:27.175961: Current epoch: 73, loss: 0.1226423978805542, validation loss: 0.2779514491558075
2024-04-09 14:45:30.107039:2024-04-09 14:45:30.107007: Current epoch: 74, loss: 0.1187632828950882, validation loss: 0.2791895568370819
2024-04-09 14:45:32.791979:2024-04-09 14:45:32.791940: Current epoch: 75, loss: 0.11714919656515121, validation loss: 0.2809908390045166
2024-04-09 14:45:37.256362:2024-04-09 14:45:37.256186: Current epoch: 76, loss: 0.12160748988389969, validation loss: 0.2928433120250702
2024-04-09 14:45:41.781255:2024-04-09 14:45:41.781184: Current epoch: 77, loss: 0.11650941520929337, validation loss: 0.28762802481651306
2024-04-09 14:45:46.308232:2024-04-09 14:45:46.308107: Current epoch: 78, loss: 0.11935801804065704, validation loss: 0.2776174247264862
2024-04-09 14:45:50.951485:2024-04-09 14:45:50.951433: Current epoch: 79, loss: 0.11470480263233185, validation loss: 0.2682344615459442
2024-04-09 14:45:57.986439:2024-04-09 14:45:57.986372: Current epoch: 80, loss: 0.11545205116271973, validation loss: 0.3225966691970825
2024-04-09 14:46:02.521158:2024-04-09 14:46:02.521006: Current epoch: 81, loss: 0.11293629556894302, validation loss: 0.27319833636283875
2024-04-09 14:46:07.228525:2024-04-09 14:46:07.228448: Current epoch: 82, loss: 0.1107194721698761, validation loss: 0.27834805846214294
2024-04-09 14:46:11.940545:2024-04-09 14:46:11.940500: Current epoch: 83, loss: 0.10974723100662231, validation loss: 0.2667742073535919
2024-04-09 14:46:16.568012:2024-04-09 14:46:16.567937: Current epoch: 84, loss: 0.10673314332962036, validation loss: 0.2824432849884033
2024-04-09 14:46:21.052336:2024-04-09 14:46:21.052234: Current epoch: 85, loss: 0.10627130419015884, validation loss: 0.2893448770046234
2024-04-09 14:46:25.581307:2024-04-09 14:46:25.581231: Current epoch: 86, loss: 0.10285013914108276, validation loss: 0.25660210847854614
2024-04-09 14:46:29.902715:2024-04-09 14:46:29.902639: Current epoch: 87, loss: 0.10888370126485825, validation loss: 0.2599143385887146
2024-04-09 14:46:34.651120:2024-04-09 14:46:34.651024: Current epoch: 88, loss: 0.10686542093753815, validation loss: 0.2665973901748657
2024-04-09 14:46:39.242562:2024-04-09 14:46:39.242487: Current epoch: 89, loss: 0.10305515676736832, validation loss: 0.2679867148399353
2024-04-09 14:46:46.555719:2024-04-09 14:46:46.555643: Current epoch: 90, loss: 0.10872720927000046, validation loss: 0.2862568497657776
2024-04-09 14:46:51.290580:2024-04-09 14:46:51.290418: Current epoch: 91, loss: 0.10459677129983902, validation loss: 0.2823089361190796
2024-04-09 14:46:55.920890:2024-04-09 14:46:55.920826: Current epoch: 92, loss: 0.09997877478599548, validation loss: 0.2722882628440857
2024-04-09 14:47:00.592150:2024-04-09 14:47:00.592078: Current epoch: 93, loss: 0.10390537977218628, validation loss: 0.27789488434791565
2024-04-09 14:47:05.362612:2024-04-09 14:47:05.362495: Current epoch: 94, loss: 0.10000086575746536, validation loss: 0.2780088484287262
2024-04-09 14:47:09.864996:2024-04-09 14:47:09.864910: Current epoch: 95, loss: 0.09968613088130951, validation loss: 0.2574467062950134
2024-04-09 14:47:14.603491:2024-04-09 14:47:14.603416: Current epoch: 96, loss: 0.10374723374843597, validation loss: 0.26385316252708435
2024-04-09 14:47:19.117595:2024-04-09 14:47:19.117526: Current epoch: 97, loss: 0.09860879182815552, validation loss: 0.27588701248168945
2024-04-09 14:47:23.739437:2024-04-09 14:47:23.739288: Current epoch: 98, loss: 0.09762078523635864, validation loss: 0.25748512148857117
2024-04-09 14:47:28.245201:2024-04-09 14:47:28.245137: Current epoch: 99, loss: 0.09590842574834824, validation loss: 0.25989747047424316
2024-04-09 14:47:33.388914:2024-04-09 14:47:33.388874: Current epoch: 100, loss: 0.09775344282388687, validation loss: 0.26511794328689575
2024-04-09 14:47:36.188440:2024-04-09 14:47:36.188394: Current epoch: 101, loss: 0.09737689793109894, validation loss: 0.2591014504432678
2024-04-09 14:47:40.154022:2024-04-09 14:47:40.153947: Current epoch: 102, loss: 0.09280657768249512, validation loss: 0.2684914469718933
2024-04-09 14:47:44.634198:2024-04-09 14:47:44.634131: Current epoch: 103, loss: 0.0983053520321846, validation loss: 0.26488903164863586
2024-04-09 14:47:49.252590:2024-04-09 14:47:49.252437: Current epoch: 104, loss: 0.09433849900960922, validation loss: 0.281213641166687
2024-04-09 14:47:54.133348:2024-04-09 14:47:54.133210: Current epoch: 105, loss: 0.0954609140753746, validation loss: 0.27770373225212097
2024-04-09 14:47:58.651106:2024-04-09 14:47:58.651012: Current epoch: 106, loss: 0.09382324665784836, validation loss: 0.2719556987285614
2024-04-09 14:48:03.259952:2024-04-09 14:48:03.259876: Current epoch: 107, loss: 0.09196148812770844, validation loss: 0.26759377121925354
2024-04-09 14:48:07.950553:2024-04-09 14:48:07.950476: Current epoch: 108, loss: 0.0874798372387886, validation loss: 0.2760956287384033
2024-04-09 14:48:12.448587:2024-04-09 14:48:12.448526: Current epoch: 109, loss: 0.09190914779901505, validation loss: 0.26962679624557495
2024-04-09 14:48:17.071395:2024-04-09 14:48:17.071325: Current epoch: 110, loss: 0.08575262874364853, validation loss: 0.28391724824905396
2024-04-09 14:48:21.687291:2024-04-09 14:48:21.687199: Current epoch: 111, loss: 0.08930239081382751, validation loss: 0.29754573106765747
2024-04-09 14:48:25.868876:2024-04-09 14:48:25.868834: Current epoch: 112, loss: 0.08749023079872131, validation loss: 0.27130645513534546
2024-04-09 14:48:29.221938:2024-04-09 14:48:29.221896: Current epoch: 113, loss: 0.08748874813318253, validation loss: 0.26606523990631104
2024-04-09 14:48:31.828882:2024-04-09 14:48:31.828843: Current epoch: 114, loss: 0.0840689018368721, validation loss: 0.2827222943305969
2024-04-09 14:48:36.032013:2024-04-09 14:48:36.031939: Current epoch: 115, loss: 0.08611191809177399, validation loss: 0.31146374344825745
2024-04-09 14:48:40.791908:2024-04-09 14:48:40.791839: Current epoch: 116, loss: 0.08574578911066055, validation loss: 0.2561076581478119
2024-04-09 14:48:45.228704:2024-04-09 14:48:45.228608: Current epoch: 117, loss: 0.08612030744552612, validation loss: 0.26996496319770813
2024-04-09 14:48:49.777576:2024-04-09 14:48:49.777422: Current epoch: 118, loss: 0.08346216380596161, validation loss: 0.25996601581573486
2024-04-09 14:48:54.518253:2024-04-09 14:48:54.518123: Current epoch: 119, loss: 0.0889865830540657, validation loss: 0.2770974338054657
2024-04-09 14:48:59.208004:2024-04-09 14:48:59.207908: Current epoch: 120, loss: 0.08544796705245972, validation loss: 0.26381492614746094
2024-04-09 14:49:04.078532:2024-04-09 14:49:04.078456: Current epoch: 121, loss: 0.08734786510467529, validation loss: 0.26297351717948914
2024-04-09 14:49:08.683336:2024-04-09 14:49:08.683232: Current epoch: 122, loss: 0.08226616680622101, validation loss: 0.3173917531967163
2024-04-09 14:49:13.426045:2024-04-09 14:49:13.425886: Current epoch: 123, loss: 0.0832185372710228, validation loss: 0.2776108682155609
2024-04-09 14:49:17.957670:2024-04-09 14:49:17.957538: Current epoch: 124, loss: 0.08090042322874069, validation loss: 0.26352161169052124
2024-04-09 14:49:22.734166:2024-04-09 14:49:22.734070: Current epoch: 125, loss: 0.0753704309463501, validation loss: 0.2650996148586273
2024-04-09 14:49:27.196245:2024-04-09 14:49:27.196174: Current epoch: 126, loss: 0.08310938626527786, validation loss: 0.2795743942260742
2024-04-09 14:49:31.648760:2024-04-09 14:49:31.648655: Current epoch: 127, loss: 0.0792231485247612, validation loss: 0.2614356577396393
2024-04-09 14:49:36.091765:2024-04-09 14:49:36.091681: Current epoch: 128, loss: 0.07687009871006012, validation loss: 0.2658418118953705
2024-04-09 14:49:40.488189:2024-04-09 14:49:40.488139: Current epoch: 129, loss: 0.07866509258747101, validation loss: 0.2516500949859619
2024-04-09 14:49:47.310036:2024-04-09 14:49:47.309905: Current epoch: 130, loss: 0.08169906586408615, validation loss: 0.2850390374660492
2024-04-09 14:49:51.903677:2024-04-09 14:49:51.903620: Current epoch: 131, loss: 0.07930167764425278, validation loss: 0.2516128718852997
2024-04-09 14:49:56.408022:2024-04-09 14:49:56.407971: Current epoch: 132, loss: 0.07631896436214447, validation loss: 0.24795348942279816
2024-04-09 14:50:01.103362:2024-04-09 14:50:01.103268: Current epoch: 133, loss: 0.07724304497241974, validation loss: 0.25617387890815735
2024-04-09 14:50:05.488860:2024-04-09 14:50:05.488714: Current epoch: 134, loss: 0.0760854035615921, validation loss: 0.26902487874031067
2024-04-09 14:50:09.817108:2024-04-09 14:50:09.817033: Current epoch: 135, loss: 0.08177874982357025, validation loss: 0.2641647458076477
2024-04-09 14:50:14.294668:2024-04-09 14:50:14.294593: Current epoch: 136, loss: 0.07679091393947601, validation loss: 0.263364315032959
2024-04-09 14:50:18.786703:2024-04-09 14:50:18.786548: Current epoch: 137, loss: 0.07332861423492432, validation loss: 0.2814329266548157
2024-04-09 14:50:23.290567:2024-04-09 14:50:23.290504: Current epoch: 138, loss: 0.08061346411705017, validation loss: 0.25330275297164917
2024-04-09 14:50:27.758195:2024-04-09 14:50:27.758064: Current epoch: 139, loss: 0.07782136648893356, validation loss: 0.25765448808670044
2024-04-09 14:50:32.178127:2024-04-09 14:50:32.178058: Current epoch: 140, loss: 0.07394459843635559, validation loss: 0.2602905333042145
2024-04-09 14:50:36.727588:2024-04-09 14:50:36.727492: Current epoch: 141, loss: 0.07742396742105484, validation loss: 0.27434152364730835
2024-04-09 14:50:41.041141:2024-04-09 14:50:41.041067: Current epoch: 142, loss: 0.07085256278514862, validation loss: 0.2714778184890747
2024-04-09 14:50:45.486413:2024-04-09 14:50:45.486364: Current epoch: 143, loss: 0.07005307078361511, validation loss: 0.2461448609828949
2024-04-09 14:50:49.983752:2024-04-09 14:50:49.983618: Current epoch: 144, loss: 0.07102113962173462, validation loss: 0.24777257442474365
2024-04-09 14:50:54.256206:2024-04-09 14:50:54.256114: Current epoch: 145, loss: 0.06994490325450897, validation loss: 0.2559417486190796
2024-04-09 14:50:58.877404:2024-04-09 14:50:58.877333: Current epoch: 146, loss: 0.07253959029912949, validation loss: 0.25180932879447937
2024-04-09 14:51:03.312693:2024-04-09 14:51:03.312617: Current epoch: 147, loss: 0.07392942160367966, validation loss: 0.26223528385162354
2024-04-09 14:51:07.969537:2024-04-09 14:51:07.969460: Current epoch: 148, loss: 0.07135361433029175, validation loss: 0.2606646418571472
2024-04-09 14:51:12.634581:2024-04-09 14:51:12.634506: Current epoch: 149, loss: 0.07162854820489883, validation loss: 0.2529921233654022
2024-04-09 14:51:17.380826:2024-04-09 14:51:17.380671: Current epoch: 150, loss: 0.06986206024885178, validation loss: 0.2993485629558563
2024-04-09 14:51:22.019350:2024-04-09 14:51:22.019240: Current epoch: 151, loss: 0.07709464430809021, validation loss: 0.26926007866859436
2024-04-09 14:51:26.597133:2024-04-09 14:51:26.597056: Current epoch: 152, loss: 0.06749028712511063, validation loss: 0.2577517032623291
2024-04-09 14:51:31.337325:2024-04-09 14:51:31.337225: Current epoch: 153, loss: 0.06940190494060516, validation loss: 0.25597482919692993
2024-04-09 14:51:35.766085:2024-04-09 14:51:35.766011: Current epoch: 154, loss: 0.070113405585289, validation loss: 0.24766868352890015
2024-04-09 14:51:40.205372:2024-04-09 14:51:40.205241: Current epoch: 155, loss: 0.06738205254077911, validation loss: 0.2596471607685089
2024-04-09 14:51:44.669484:2024-04-09 14:51:44.669422: Current epoch: 156, loss: 0.06941820681095123, validation loss: 0.2518962025642395
2024-04-09 14:51:49.299421:2024-04-09 14:51:49.299323: Current epoch: 157, loss: 0.07541503757238388, validation loss: 0.25156307220458984
2024-04-09 14:51:53.756525:2024-04-09 14:51:53.756450: Current epoch: 158, loss: 0.06837080419063568, validation loss: 0.2589610815048218
2024-04-09 14:51:58.244719:2024-04-09 14:51:58.244644: Current epoch: 159, loss: 0.06811881810426712, validation loss: 0.2614302337169647
2024-04-09 14:52:02.813454:2024-04-09 14:52:02.813377: Current epoch: 160, loss: 0.06696800142526627, validation loss: 0.2667941451072693
2024-04-09 14:52:07.405749:2024-04-09 14:52:07.405680: Current epoch: 161, loss: 0.0672428235411644, validation loss: 0.2658209502696991
2024-04-09 14:52:11.903764:2024-04-09 14:52:11.903688: Current epoch: 162, loss: 0.07817782461643219, validation loss: 0.27566757798194885
2024-04-09 14:52:16.375532:2024-04-09 14:52:16.375457: Current epoch: 163, loss: 0.06999963521957397, validation loss: 0.2561096251010895
2024-04-09 14:52:20.819166:2024-04-09 14:52:20.819092: Current epoch: 164, loss: 0.06261593848466873, validation loss: 0.25608962774276733
2024-04-09 14:52:25.354634:2024-04-09 14:52:25.354560: Current epoch: 165, loss: 0.06573933362960815, validation loss: 0.26502037048339844
2024-04-09 14:52:29.900613:2024-04-09 14:52:29.900511: Current epoch: 166, loss: 0.0642535462975502, validation loss: 0.24802617728710175
2024-04-09 14:52:34.372669:2024-04-09 14:52:34.372594: Current epoch: 167, loss: 0.0693989023566246, validation loss: 0.24955570697784424
2024-04-09 14:52:38.834465:2024-04-09 14:52:38.834420: Current epoch: 168, loss: 0.06362844258546829, validation loss: 0.24587273597717285
2024-04-09 14:52:43.271617:2024-04-09 14:52:43.271523: Current epoch: 169, loss: 0.07786846905946732, validation loss: 0.24642413854599
2024-04-09 14:52:50.134180:2024-04-09 14:52:50.134103: Current epoch: 170, loss: 0.06422622501850128, validation loss: 0.246901735663414
2024-04-09 14:52:54.655703:2024-04-09 14:52:54.655628: Current epoch: 171, loss: 0.06318709254264832, validation loss: 0.26233425736427307
2024-04-09 14:52:59.249672:2024-04-09 14:52:59.249603: Current epoch: 172, loss: 0.0599871464073658, validation loss: 0.2533475160598755
2024-04-09 14:53:03.736558:2024-04-09 14:53:03.736483: Current epoch: 173, loss: 0.058951009064912796, validation loss: 0.24737998843193054
2024-04-09 14:53:08.291757:2024-04-09 14:53:08.291701: Current epoch: 174, loss: 0.0635470449924469, validation loss: 0.24024319648742676
2024-04-09 14:53:12.794643:2024-04-09 14:53:12.794568: Current epoch: 175, loss: 0.06249522045254707, validation loss: 0.2572909891605377
2024-04-09 14:53:17.320024:2024-04-09 14:53:17.319951: Current epoch: 176, loss: 0.063816137611866, validation loss: 0.2594101130962372
2024-04-09 14:53:21.836058:2024-04-09 14:53:21.835953: Current epoch: 177, loss: 0.07275503128767014, validation loss: 0.2679664194583893
2024-04-09 14:53:26.306698:2024-04-09 14:53:26.306623: Current epoch: 178, loss: 0.06179628148674965, validation loss: 0.25203001499176025
2024-04-09 14:53:30.877496:2024-04-09 14:53:30.877398: Current epoch: 179, loss: 0.0606696791946888, validation loss: 0.2496529370546341
2024-04-09 14:53:35.400794:2024-04-09 14:53:35.400719: Current epoch: 180, loss: 0.06236310303211212, validation loss: 0.2802284061908722
2024-04-09 14:53:39.774098:2024-04-09 14:53:39.774024: Current epoch: 181, loss: 0.0647205263376236, validation loss: 0.27277645468711853
2024-04-09 14:53:44.447292:2024-04-09 14:53:44.447205: Current epoch: 182, loss: 0.06270895153284073, validation loss: 0.2517068088054657
2024-04-09 14:53:48.996169:2024-04-09 14:53:48.996094: Current epoch: 183, loss: 0.06222701817750931, validation loss: 0.2584999203681946
2024-04-09 14:53:53.785141:2024-04-09 14:53:53.785054: Current epoch: 184, loss: 0.061944182962179184, validation loss: 0.26340121030807495
2024-04-09 14:53:58.440312:2024-04-09 14:53:58.440216: Current epoch: 185, loss: 0.06663864850997925, validation loss: 0.2770041823387146
2024-04-09 14:54:02.934049:2024-04-09 14:54:02.933975: Current epoch: 186, loss: 0.07043340802192688, validation loss: 0.3263639211654663
2024-04-09 14:54:07.395103:2024-04-09 14:54:07.395029: Current epoch: 187, loss: 0.07088024914264679, validation loss: 0.3000405430793762
2024-04-09 14:54:12.106150:2024-04-09 14:54:12.106088: Current epoch: 188, loss: 0.06473544239997864, validation loss: 0.26198244094848633
2024-04-09 14:54:16.623263:2024-04-09 14:54:16.623192: Current epoch: 189, loss: 0.05872984975576401, validation loss: 0.27107271552085876
2024-04-09 14:54:21.243946:2024-04-09 14:54:21.243814: Current epoch: 190, loss: 0.05904803052544594, validation loss: 0.25930291414260864
2024-04-09 14:54:25.780929:2024-04-09 14:54:25.780876: Current epoch: 191, loss: 0.05885825678706169, validation loss: 0.2544148564338684
2024-04-09 14:54:30.332847:2024-04-09 14:54:30.332774: Current epoch: 192, loss: 0.05788439139723778, validation loss: 0.2469371259212494
2024-04-09 14:54:34.993495:2024-04-09 14:54:34.993400: Current epoch: 193, loss: 0.05996318534016609, validation loss: 0.25549012422561646
2024-04-09 14:54:39.388856:2024-04-09 14:54:39.388815: Current epoch: 194, loss: 0.060523621737957, validation loss: 0.2639199197292328
2024-04-09 14:54:43.789789:2024-04-09 14:54:43.789715: Current epoch: 195, loss: 0.06385905295610428, validation loss: 0.28353652358055115
2024-04-09 14:54:48.436112:2024-04-09 14:54:48.436037: Current epoch: 196, loss: 0.06639955937862396, validation loss: 0.28141653537750244
2024-04-09 14:54:53.040978:2024-04-09 14:54:53.040908: Current epoch: 197, loss: 0.06090825796127319, validation loss: 0.2675619125366211
2024-04-09 14:54:57.792699:2024-04-09 14:54:57.792624: Current epoch: 198, loss: 0.05790567398071289, validation loss: 0.2684294283390045
2024-04-09 14:55:02.528592:2024-04-09 14:55:02.528517: Current epoch: 199, loss: 0.05896247178316116, validation loss: 0.26418226957321167
2024-04-09 14:55:07.236254:2024-04-09 14:55:07.236190: Current epoch: 200, loss: 0.05770716443657875, validation loss: 0.2670428156852722
2024-04-09 14:55:11.672645:2024-04-09 14:55:11.672571: Current epoch: 201, loss: 0.0592406801879406, validation loss: 0.2884540259838104
2024-04-09 14:55:16.245314:2024-04-09 14:55:16.245215: Current epoch: 202, loss: 0.05972668156027794, validation loss: 0.2606932818889618
2024-04-09 14:55:20.730791:2024-04-09 14:55:20.730717: Current epoch: 203, loss: 0.05483466759324074, validation loss: 0.2709907591342926
2024-04-09 14:55:25.214046:2024-04-09 14:55:25.213967: Current epoch: 204, loss: 0.057054366916418076, validation loss: 0.27730807662010193
2024-04-09 14:55:29.605838:2024-04-09 14:55:29.605762: Current epoch: 205, loss: 0.060319460928440094, validation loss: 0.24820508062839508
2024-04-09 14:55:34.288124:2024-04-09 14:55:34.287993: Current epoch: 206, loss: 0.05975552648305893, validation loss: 0.25787556171417236
2024-04-09 14:55:38.963338:2024-04-09 14:55:38.963247: Current epoch: 207, loss: 0.05372234806418419, validation loss: 0.26286694407463074
2024-04-09 14:55:43.641950:2024-04-09 14:55:43.641883: Current epoch: 208, loss: 0.053881365805864334, validation loss: 0.2594907283782959
2024-04-09 14:55:48.417456:2024-04-09 14:55:48.417360: Current epoch: 209, loss: 0.056661199778318405, validation loss: 0.25298064947128296
2024-04-09 14:55:53.186129:2024-04-09 14:55:53.186054: Current epoch: 210, loss: 0.05654849857091904, validation loss: 0.2703055441379547
2024-04-09 14:55:57.814451:2024-04-09 14:55:57.814297: Current epoch: 211, loss: 0.05614886432886124, validation loss: 0.24726541340351105
2024-04-09 14:56:02.405267:2024-04-09 14:56:02.405112: Current epoch: 212, loss: 0.06201895698904991, validation loss: 0.27204203605651855
2024-04-09 14:56:06.942696:2024-04-09 14:56:06.942620: Current epoch: 213, loss: 0.05783235281705856, validation loss: 0.2561693787574768
2024-04-09 14:56:11.434743:2024-04-09 14:56:11.434589: Current epoch: 214, loss: 0.0598660446703434, validation loss: 0.25916212797164917
2024-04-09 14:56:16.057121:2024-04-09 14:56:16.056968: Current epoch: 215, loss: 0.06132999807596207, validation loss: 0.24814373254776
2024-04-09 14:56:20.727055:2024-04-09 14:56:20.726979: Current epoch: 216, loss: 0.05126171559095383, validation loss: 0.2617509961128235
2024-04-09 14:56:25.182155:2024-04-09 14:56:25.182016: Current epoch: 217, loss: 0.05611635372042656, validation loss: 0.25748196244239807
2024-04-09 14:56:29.737464:2024-04-09 14:56:29.737368: Current epoch: 218, loss: 0.06013664975762367, validation loss: 0.25906801223754883
2024-04-09 14:56:34.344302:2024-04-09 14:56:34.344210: Current epoch: 219, loss: 0.0617360919713974, validation loss: 0.24524731934070587
2024-04-09 14:56:41.530236:2024-04-09 14:56:41.530098: Current epoch: 220, loss: 0.05254821106791496, validation loss: 0.2629469931125641
2024-04-09 14:56:46.084123:2024-04-09 14:56:46.084026: Current epoch: 221, loss: 0.05045784264802933, validation loss: 0.25046637654304504
2024-04-09 14:56:50.518182:2024-04-09 14:56:50.518095: Current epoch: 222, loss: 0.054156672209501266, validation loss: 0.24065878987312317
2024-04-09 14:56:54.958054:2024-04-09 14:56:54.957980: Current epoch: 223, loss: 0.05346336215734482, validation loss: 0.24179421365261078
2024-04-09 14:56:59.346847:2024-04-09 14:56:59.346772: Current epoch: 224, loss: 0.05301504582166672, validation loss: 0.24556386470794678
2024-04-09 14:57:03.907837:2024-04-09 14:57:03.907706: Current epoch: 225, loss: 0.061427041888237, validation loss: 0.27519771456718445
2024-04-09 14:57:08.396794:2024-04-09 14:57:08.396690: Current epoch: 226, loss: 0.08644819259643555, validation loss: 0.2716447412967682
2024-04-09 14:57:13.207890:2024-04-09 14:57:13.207821: Current epoch: 227, loss: 0.05256953090429306, validation loss: 0.25223153829574585
2024-04-09 14:57:17.958835:2024-04-09 14:57:17.958765: Current epoch: 228, loss: 0.05036952346563339, validation loss: 0.26936575770378113
2024-04-09 14:57:22.635461:2024-04-09 14:57:22.635394: Current epoch: 229, loss: 0.05421130359172821, validation loss: 0.2551027238368988
2024-04-09 14:57:27.024640:2024-04-09 14:57:27.024564: Current epoch: 230, loss: 0.0535297617316246, validation loss: 0.2504383623600006
2024-04-09 14:57:31.491134:2024-04-09 14:57:31.491060: Current epoch: 231, loss: 0.0537530742585659, validation loss: 0.2450469583272934
2024-04-09 14:57:36.109418:2024-04-09 14:57:36.109264: Current epoch: 232, loss: 0.06067747622728348, validation loss: 0.2690919041633606
2024-04-09 14:57:40.641694:2024-04-09 14:57:40.641599: Current epoch: 233, loss: 0.05726250261068344, validation loss: 0.2514888048171997
2024-04-09 14:57:45.308378:2024-04-09 14:57:45.308290: Current epoch: 234, loss: 0.04865456745028496, validation loss: 0.2586330771446228
2024-04-09 14:57:49.826501:2024-04-09 14:57:49.826427: Current epoch: 235, loss: 0.05198633298277855, validation loss: 0.24874283373355865
2024-04-09 14:57:54.318575:2024-04-09 14:57:54.318503: Current epoch: 236, loss: 0.053111955523490906, validation loss: 0.2608281672000885
2024-04-09 14:57:58.740019:2024-04-09 14:57:58.739941: Current epoch: 237, loss: 0.059538234025239944, validation loss: 0.2554760277271271
2024-04-09 14:58:03.488634:2024-04-09 14:58:03.488564: Current epoch: 238, loss: 0.04895193129777908, validation loss: 0.2494526356458664
2024-04-09 14:58:07.973738:2024-04-09 14:58:07.973586: Current epoch: 239, loss: 0.059751927852630615, validation loss: 0.25722330808639526
2024-04-09 14:58:12.577328:2024-04-09 14:58:12.577233: Current epoch: 240, loss: 0.05606665089726448, validation loss: 0.2502402365207672
2024-04-09 14:58:17.344159:2024-04-09 14:58:17.344079: Current epoch: 241, loss: 0.04875974729657173, validation loss: 0.2532068192958832
2024-04-09 14:58:22.058422:2024-04-09 14:58:22.058293: Current epoch: 242, loss: 0.04925662279129028, validation loss: 0.2492174208164215
2024-04-09 14:58:26.741024:2024-04-09 14:58:26.740949: Current epoch: 243, loss: 0.05634269118309021, validation loss: 0.24359601736068726
2024-04-09 14:58:31.180428:2024-04-09 14:58:31.180350: Current epoch: 244, loss: 0.04665369912981987, validation loss: 0.24495166540145874
2024-04-09 14:58:35.856296:2024-04-09 14:58:35.856200: Current epoch: 245, loss: 0.054636117070913315, validation loss: 0.2809666693210602
2024-04-09 14:58:40.540640:2024-04-09 14:58:40.540524: Current epoch: 246, loss: 0.06904865056276321, validation loss: 0.2589310109615326
2024-04-09 14:58:45.228534:2024-04-09 14:58:45.228458: Current epoch: 247, loss: 0.05217314884066582, validation loss: 0.266549676656723
2024-04-09 14:58:49.912980:2024-04-09 14:58:49.912880: Current epoch: 248, loss: 0.050240516662597656, validation loss: 0.25103333592414856
2024-04-09 14:58:54.447498:2024-04-09 14:58:54.447422: Current epoch: 249, loss: 0.04703960940241814, validation loss: 0.2437639832496643
2024-04-09 14:59:01.195246:2024-04-09 14:59:01.195173: Current epoch: 250, loss: 0.0559842474758625, validation loss: 0.253558874130249
2024-04-09 14:59:05.785113:2024-04-09 14:59:05.784983: Current epoch: 251, loss: 0.0455470010638237, validation loss: 0.2522711157798767
2024-04-09 14:59:10.254095:2024-04-09 14:59:10.254021: Current epoch: 252, loss: 0.04795007407665253, validation loss: 0.2515682578086853
2024-04-09 14:59:14.746088:2024-04-09 14:59:14.745997: Current epoch: 253, loss: 0.04831503704190254, validation loss: 0.25862130522727966
2024-04-09 14:59:19.198033:2024-04-09 14:59:19.197954: Current epoch: 254, loss: 0.04807569459080696, validation loss: 0.24964547157287598
2024-04-09 14:59:23.747360:2024-04-09 14:59:23.747166: Current epoch: 255, loss: 0.051031243056058884, validation loss: 0.25205227732658386
2024-04-09 14:59:28.469696:2024-04-09 14:59:28.469547: Current epoch: 256, loss: 0.04749133437871933, validation loss: 0.24953693151474
2024-04-09 14:59:33.120420:2024-04-09 14:59:33.120249: Current epoch: 257, loss: 0.04781077057123184, validation loss: 0.24384061992168427
2024-04-09 14:59:37.527151:2024-04-09 14:59:37.527076: Current epoch: 258, loss: 0.04824160784482956, validation loss: 0.2437569499015808
2024-04-09 14:59:42.186953:2024-04-09 14:59:42.186804: Current epoch: 259, loss: 0.05130627378821373, validation loss: 0.25513187050819397
2024-04-09 14:59:46.883386:2024-04-09 14:59:46.883315: Current epoch: 260, loss: 0.04967247322201729, validation loss: 0.2704406678676605
2024-04-09 14:59:51.598901:2024-04-09 14:59:51.598766: Current epoch: 261, loss: 0.05144229158759117, validation loss: 0.2629370391368866
2024-04-09 14:59:56.080968:2024-04-09 14:59:56.080878: Current epoch: 262, loss: 0.04965231567621231, validation loss: 0.2447666972875595
2024-04-09 15:00:00.484421:2024-04-09 15:00:00.484346: Current epoch: 263, loss: 0.05182361975312233, validation loss: 0.2482617199420929
2024-04-09 15:00:05.325016:2024-04-09 15:00:05.324861: Current epoch: 264, loss: 0.050110019743442535, validation loss: 0.27057814598083496
2024-04-09 15:00:09.850666:2024-04-09 15:00:09.850518: Current epoch: 265, loss: 0.048151880502700806, validation loss: 0.2578137516975403
2024-04-09 15:00:14.477201:2024-04-09 15:00:14.477057: Current epoch: 266, loss: 0.04977453500032425, validation loss: 0.24772438406944275
2024-04-09 15:00:19.158762:2024-04-09 15:00:19.158613: Current epoch: 267, loss: 0.04652423411607742, validation loss: 0.24939776957035065
2024-04-09 15:00:23.828483:2024-04-09 15:00:23.828330: Current epoch: 268, loss: 0.04836536943912506, validation loss: 0.24748605489730835
2024-04-09 15:00:28.194096:2024-04-09 15:00:28.194024: Current epoch: 269, loss: 0.049731746315956116, validation loss: 0.255601704120636
2024-04-09 15:00:32.720066:2024-04-09 15:00:32.719988: Current epoch: 270, loss: 0.04858433082699776, validation loss: 0.25227856636047363
2024-04-09 15:00:37.401110:2024-04-09 15:00:37.401034: Current epoch: 271, loss: 0.04820666462182999, validation loss: 0.25512826442718506
2024-04-09 15:00:41.636867:2024-04-09 15:00:41.636714: Current epoch: 272, loss: 0.05181167647242546, validation loss: 0.26557981967926025
2024-04-09 15:00:46.246541:2024-04-09 15:00:46.246465: Current epoch: 273, loss: 0.045873839408159256, validation loss: 0.2638443112373352
2024-04-09 15:00:50.644516:2024-04-09 15:00:50.644463: Current epoch: 274, loss: 0.050951823592185974, validation loss: 0.259557843208313
2024-04-09 15:00:50.949173:the test error is  [0.272024929523468, 0.272024929523468]
2024-04-09 15:00:53.335386:saved model to sample/alignn_matbert-base-cased_chemnlp_prop_mbj_bandgap
2024-04-09 15:00:53.680558:done