
2024-03-20 17:00:18.571753:job config: {'train_data_path': '/data/yll6162/alignntl_dft_3d/tl_dataset/dataset_alignn_bert-base-uncased_combo_prop_ehull_train.csv', 'val_data_path': '/data/yll6162/alignntl_dft_3d/tl_dataset/dataset_alignn_bert-base-uncased_combo_prop_ehull_val.csv', 'test_data_path': '/data/yll6162/alignntl_dft_3d/tl_dataset/dataset_alignn_bert-base-uncased_combo_prop_ehull_test.csv', 'label': 'ehull', 'input_type': None, 'log_folder': 'log', 'log_file': 'alignn_bert-base-uncased_combo_prop_ehull.log', 'test_metric': 'mae', 'architecture': '1024Rx4D-512Rx3D-256Rx3D-128Rx3D-64Rx2-32Rx1-1', 'model_seed': 0, 'loss_type': 'mae', 'config_file': 'sample/alignn_bert-base-uncased_combo_prop_ehull_job.config', 'use_valid': True, 'project': 'MOF', 'regressors': None, 'input_types': None, 'paramsGrid': {'optimizer': 'Adam', 'learning_rate': 0.0001, 'patience': 100, 'dropouts': [0.8, 0.9, 0.7, 0.8], 'EVAL_FREQUENCY': 1000}, 'save_path': 'sample/alignn_bert-base-uncased_combo_prop_ehull', 'model_path': None, 'last_layer_with_weight': True, 'keras_path': 'model/alignn_bert-base-uncased_combo_prop_ehull', 'test_size': None, 'val_size': None}
2024-03-20 17:00:18.571824:train data path is  /data/yll6162/alignntl_dft_3d/tl_dataset/dataset_alignn_bert-base-uncased_combo_prop_ehull_train.csv
2024-03-20 17:00:42.208811:input attribute sets are:  None
2024-03-20 17:00:42.209241:test data path is  /data/yll6162/alignntl_dft_3d/tl_dataset/dataset_alignn_bert-base-uncased_combo_prop_ehull_test.csv
2024-03-20 17:00:45.255554:val data path is  /data/yll6162/alignntl_dft_3d/tl_dataset/dataset_alignn_bert-base-uncased_combo_prop_ehull_val.csv
2024-03-20 17:00:48.208614:input attributes are:  Index(['0', '1', '2', '3', '4', '5', '6', '7', '8', '9',
       ...
       '758.1', '759.1', '760.1', '761.1', '762.1', '763.1', '764.1', '765.1',
       '766.1', '767.1'],
      dtype='object', length=1536)
2024-03-20 17:00:48.208743:label: ehull
2024-03-20 17:01:07.699994: train, test, valid sizes:  (59939, 1536) (59939,) (7493, 1536) (7493,) (7494, 1536) (7494,)
2024-03-20 17:01:08.017791:train matrix shape of train_X:  (59939, 1536)  train_y:  (59939,)
2024-03-20 17:01:08.018051:valid matrix shape of train_X:  (7494, 1536)  valid_y:  (7494,)
2024-03-20 17:01:08.018147:test matrix shape of valid_X:   (7493, 1536)  test_y:  (7493,)
2024-03-20 17:01:08.018229:architecture is:  1024Rx4D-512Rx3D-256Rx3D-128Rx3D-64Rx2-32Rx1-1
2024-03-20 17:01:08.018315:learning rate is  0.0001
2024-03-20 17:01:08.018397:model path is  None
2024-03-20 17:01:08.039073:adding fully connected layers with 1024 outputs
2024-03-20 17:01:08.851023:adding residual with fc as the size are different
2024-03-20 17:01:08.857969:adding fully connected layers with 1024 outputs
2024-03-20 17:01:08.865292:adding residual, both sizes are same
2024-03-20 17:01:08.867372:adding fully connected layers with 1024 outputs
2024-03-20 17:01:08.872139:adding residual, both sizes are same
2024-03-20 17:01:08.874017:adding fully connected layers with 1024 outputs
2024-03-20 17:01:08.878744:adding residual, both sizes are same
2024-03-20 17:01:08.880854:adding dropout 0.8
2024-03-20 17:01:08.885297:adding fully connected layers with 512 outputs
2024-03-20 17:01:08.894319:adding residual with fc as the size are different
2024-03-20 17:01:08.900512:adding fully connected layers with 512 outputs
2024-03-20 17:01:08.907931:adding residual, both sizes are same
2024-03-20 17:01:08.910663:adding fully connected layers with 512 outputs
2024-03-20 17:01:08.915348:adding residual, both sizes are same
2024-03-20 17:01:08.917218:adding dropout 0.9
2024-03-20 17:01:08.918847:adding fully connected layers with 256 outputs
2024-03-20 17:01:08.928259:adding residual with fc as the size are different
2024-03-20 17:01:08.934425:adding fully connected layers with 256 outputs
2024-03-20 17:01:08.943771:adding residual, both sizes are same
2024-03-20 17:01:08.945874:adding fully connected layers with 256 outputs
2024-03-20 17:01:08.950567:adding residual, both sizes are same
2024-03-20 17:01:08.952428:adding dropout 0.7
2024-03-20 17:01:08.954055:adding fully connected layers with 128 outputs
2024-03-20 17:01:08.961687:adding residual with fc as the size are different
2024-03-20 17:01:08.968032:adding fully connected layers with 128 outputs
2024-03-20 17:01:08.973032:adding residual, both sizes are same
2024-03-20 17:01:08.974873:adding fully connected layers with 128 outputs
2024-03-20 17:01:08.979638:adding residual, both sizes are same
2024-03-20 17:01:08.981449:adding dropout 0.8
2024-03-20 17:01:08.983061:adding fully connected layers with 64 outputs
2024-03-20 17:01:08.987978:adding residual with fc as the size are different
2024-03-20 17:01:08.994222:adding fully connected layers with 64 outputs
2024-03-20 17:01:08.999301:adding residual, both sizes are same
2024-03-20 17:01:09.001171:adding fully connected layers with 32 outputs
2024-03-20 17:01:09.010362:adding residual with fc as the size are different
2024-03-20 17:01:09.016752:adding final layer with 1 output
2024-03-20 17:01:09.031938:Model: "ElemNet"
2024-03-20 17:01:09.032011:__________________________________________________________________________________________________
2024-03-20 17:01:09.032062:Layer (type)                    Output Shape         Param #     Connected to                     
2024-03-20 17:01:09.032100:==================================================================================================
2024-03-20 17:01:09.032326:elemental_fractions (InputLayer [(None, 1536)]       0                                            
2024-03-20 17:01:09.032375:__________________________________________________________________________________________________
2024-03-20 17:01:09.032555:fc0_0 (Dense)                   (None, 1024)         1573888     elemental_fractions[0][0]        
2024-03-20 17:01:09.032603:__________________________________________________________________________________________________
2024-03-20 17:01:09.032720:fc0_dim_0 (Dense)               (None, 1024)         1573888     elemental_fractions[0][0]        
2024-03-20 17:01:09.032765:__________________________________________________________________________________________________
2024-03-20 17:01:09.032851:tf.__operators__.add (TFOpLambd (None, 1024)         0           fc0_0[0][0]                      
2024-03-20 17:01:09.032896:                                                                 fc0_dim_0[0][0]                  
2024-03-20 17:01:09.032934:__________________________________________________________________________________________________
2024-03-20 17:01:09.033043:fc0_1 (Dense)                   (None, 1024)         1049600     tf.__operators__.add[0][0]       
2024-03-20 17:01:09.033087:__________________________________________________________________________________________________
2024-03-20 17:01:09.033167:tf.__operators__.add_1 (TFOpLam (None, 1024)         0           fc0_1[0][0]                      
2024-03-20 17:01:09.033212:                                                                 tf.__operators__.add[0][0]       
2024-03-20 17:01:09.033249:__________________________________________________________________________________________________
2024-03-20 17:01:09.033357:fc0_2 (Dense)                   (None, 1024)         1049600     tf.__operators__.add_1[0][0]     
2024-03-20 17:01:09.033400:__________________________________________________________________________________________________
2024-03-20 17:01:09.033487:tf.__operators__.add_2 (TFOpLam (None, 1024)         0           fc0_2[0][0]                      
2024-03-20 17:01:09.033531:                                                                 tf.__operators__.add_1[0][0]     
2024-03-20 17:01:09.033568:__________________________________________________________________________________________________
2024-03-20 17:01:09.033676:fc0_3 (Dense)                   (None, 1024)         1049600     tf.__operators__.add_2[0][0]     
2024-03-20 17:01:09.033721:__________________________________________________________________________________________________
2024-03-20 17:01:09.033799:tf.__operators__.add_3 (TFOpLam (None, 1024)         0           fc0_3[0][0]                      
2024-03-20 17:01:09.033853:                                                                 tf.__operators__.add_2[0][0]     
2024-03-20 17:01:09.033893:__________________________________________________________________________________________________
2024-03-20 17:01:09.033971:dropout (Dropout)               (None, 1024)         0           tf.__operators__.add_3[0][0]     
2024-03-20 17:01:09.034010:__________________________________________________________________________________________________
2024-03-20 17:01:09.034118:fc1_0 (Dense)                   (None, 512)          524800      dropout[0][0]                    
2024-03-20 17:01:09.034162:__________________________________________________________________________________________________
2024-03-20 17:01:09.034268:fc1_dim_0 (Dense)               (None, 512)          524800      dropout[0][0]                    
2024-03-20 17:01:09.034312:__________________________________________________________________________________________________
2024-03-20 17:01:09.034390:tf.__operators__.add_4 (TFOpLam (None, 512)          0           fc1_0[0][0]                      
2024-03-20 17:01:09.034434:                                                                 fc1_dim_0[0][0]                  
2024-03-20 17:01:09.034482:__________________________________________________________________________________________________
2024-03-20 17:01:09.034589:fc1_1 (Dense)                   (None, 512)          262656      tf.__operators__.add_4[0][0]     
2024-03-20 17:01:09.034632:__________________________________________________________________________________________________
2024-03-20 17:01:09.034710:tf.__operators__.add_5 (TFOpLam (None, 512)          0           fc1_1[0][0]                      
2024-03-20 17:01:09.034754:                                                                 tf.__operators__.add_4[0][0]     
2024-03-20 17:01:09.034790:__________________________________________________________________________________________________
2024-03-20 17:01:09.034905:fc1_2 (Dense)                   (None, 512)          262656      tf.__operators__.add_5[0][0]     
2024-03-20 17:01:09.034946:__________________________________________________________________________________________________
2024-03-20 17:01:09.035021:tf.__operators__.add_6 (TFOpLam (None, 512)          0           fc1_2[0][0]                      
2024-03-20 17:01:09.035063:                                                                 tf.__operators__.add_5[0][0]     
2024-03-20 17:01:09.035098:__________________________________________________________________________________________________
2024-03-20 17:01:09.035170:dropout_1 (Dropout)             (None, 512)          0           tf.__operators__.add_6[0][0]     
2024-03-20 17:01:09.035208:__________________________________________________________________________________________________
2024-03-20 17:01:09.035309:fc2_0 (Dense)                   (None, 256)          131328      dropout_1[0][0]                  
2024-03-20 17:01:09.035350:__________________________________________________________________________________________________
2024-03-20 17:01:09.035450:fc2_dim_0 (Dense)               (None, 256)          131328      dropout_1[0][0]                  
2024-03-20 17:01:09.035498:__________________________________________________________________________________________________
2024-03-20 17:01:09.035575:tf.__operators__.add_7 (TFOpLam (None, 256)          0           fc2_0[0][0]                      
2024-03-20 17:01:09.035618:                                                                 fc2_dim_0[0][0]                  
2024-03-20 17:01:09.035653:__________________________________________________________________________________________________
2024-03-20 17:01:09.035756:fc2_1 (Dense)                   (None, 256)          65792       tf.__operators__.add_7[0][0]     
2024-03-20 17:01:09.035798:__________________________________________________________________________________________________
2024-03-20 17:01:09.035874:tf.__operators__.add_8 (TFOpLam (None, 256)          0           fc2_1[0][0]                      
2024-03-20 17:01:09.035922:                                                                 tf.__operators__.add_7[0][0]     
2024-03-20 17:01:09.035959:__________________________________________________________________________________________________
2024-03-20 17:01:09.036060:fc2_2 (Dense)                   (None, 256)          65792       tf.__operators__.add_8[0][0]     
2024-03-20 17:01:09.036124:__________________________________________________________________________________________________
2024-03-20 17:01:09.036201:tf.__operators__.add_9 (TFOpLam (None, 256)          0           fc2_2[0][0]                      
2024-03-20 17:01:09.036244:                                                                 tf.__operators__.add_8[0][0]     
2024-03-20 17:01:09.036280:__________________________________________________________________________________________________
2024-03-20 17:01:09.036353:dropout_2 (Dropout)             (None, 256)          0           tf.__operators__.add_9[0][0]     
2024-03-20 17:01:09.036391:__________________________________________________________________________________________________
2024-03-20 17:01:09.036500:fc3_0 (Dense)                   (None, 128)          32896       dropout_2[0][0]                  
2024-03-20 17:01:09.036567:__________________________________________________________________________________________________
2024-03-20 17:01:09.036689:fc3_dim_0 (Dense)               (None, 128)          32896       dropout_2[0][0]                  
2024-03-20 17:01:09.036733:__________________________________________________________________________________________________
2024-03-20 17:01:09.036809:tf.__operators__.add_10 (TFOpLa (None, 128)          0           fc3_0[0][0]                      
2024-03-20 17:01:09.036852:                                                                 fc3_dim_0[0][0]                  
2024-03-20 17:01:09.036888:__________________________________________________________________________________________________
2024-03-20 17:01:09.036989:fc3_1 (Dense)                   (None, 128)          16512       tf.__operators__.add_10[0][0]    
2024-03-20 17:01:09.037031:__________________________________________________________________________________________________
2024-03-20 17:01:09.037106:tf.__operators__.add_11 (TFOpLa (None, 128)          0           fc3_1[0][0]                      
2024-03-20 17:01:09.037148:                                                                 tf.__operators__.add_10[0][0]    
2024-03-20 17:01:09.037184:__________________________________________________________________________________________________
2024-03-20 17:01:09.037285:fc3_2 (Dense)                   (None, 128)          16512       tf.__operators__.add_11[0][0]    
2024-03-20 17:01:09.037326:__________________________________________________________________________________________________
2024-03-20 17:01:09.037400:tf.__operators__.add_12 (TFOpLa (None, 128)          0           fc3_2[0][0]                      
2024-03-20 17:01:09.037442:                                                                 tf.__operators__.add_11[0][0]    
2024-03-20 17:01:09.037488:__________________________________________________________________________________________________
2024-03-20 17:01:09.037564:dropout_3 (Dropout)             (None, 128)          0           tf.__operators__.add_12[0][0]    
2024-03-20 17:01:09.037603:__________________________________________________________________________________________________
2024-03-20 17:01:09.037705:fc4_0 (Dense)                   (None, 64)           8256        dropout_3[0][0]                  
2024-03-20 17:01:09.037747:__________________________________________________________________________________________________
2024-03-20 17:01:09.037847:fc4_dim_0 (Dense)               (None, 64)           8256        dropout_3[0][0]                  
2024-03-20 17:01:09.037890:__________________________________________________________________________________________________
2024-03-20 17:01:09.037970:tf.__operators__.add_13 (TFOpLa (None, 64)           0           fc4_0[0][0]                      
2024-03-20 17:01:09.038014:                                                                 fc4_dim_0[0][0]                  
2024-03-20 17:01:09.038049:__________________________________________________________________________________________________
2024-03-20 17:01:09.038149:fc4_1 (Dense)                   (None, 64)           4160        tf.__operators__.add_13[0][0]    
2024-03-20 17:01:09.038191:__________________________________________________________________________________________________
2024-03-20 17:01:09.038265:tf.__operators__.add_14 (TFOpLa (None, 64)           0           fc4_1[0][0]                      
2024-03-20 17:01:09.038307:                                                                 tf.__operators__.add_13[0][0]    
2024-03-20 17:01:09.038343:__________________________________________________________________________________________________
2024-03-20 17:01:09.038441:fc5_0 (Dense)                   (None, 32)           2080        tf.__operators__.add_14[0][0]    
2024-03-20 17:01:09.038491:__________________________________________________________________________________________________
2024-03-20 17:01:09.038595:fc5_dim_0 (Dense)               (None, 32)           2080        tf.__operators__.add_14[0][0]    
2024-03-20 17:01:09.038882:__________________________________________________________________________________________________
2024-03-20 17:01:09.038961:tf.__operators__.add_15 (TFOpLa (None, 32)           0           fc5_0[0][0]                      
2024-03-20 17:01:09.039005:                                                                 fc5_dim_0[0][0]                  
2024-03-20 17:01:09.039042:__________________________________________________________________________________________________
2024-03-20 17:01:09.039142:fc6 (Dense)                     (None, 1)            33          tf.__operators__.add_15[0][0]    
2024-03-20 17:01:09.039183:==================================================================================================
2024-03-20 17:01:09.039798:Total params: 8,389,409
2024-03-20 17:01:09.039851:Trainable params: 8,389,409
2024-03-20 17:01:09.039890:Non-trainable params: 0
2024-03-20 17:01:09.039925:__________________________________________________________________________________________________
2024-03-20 17:01:09.051735:start training
2024-03-20 17:01:30.875068:2024-03-20 17:01:30.874951: Current epoch: 0, loss: 1.4614224433898926, validation loss: 0.38949692249298096
2024-03-20 17:01:49.866356:2024-03-20 17:01:49.866279: Current epoch: 1, loss: 0.31214025616645813, validation loss: 0.29715579748153687
2024-03-20 17:02:08.510803:2024-03-20 17:02:08.510659: Current epoch: 2, loss: 0.2119010090827942, validation loss: 0.13130782544612885
2024-03-20 17:02:27.033925:2024-03-20 17:02:27.033802: Current epoch: 3, loss: 0.1539083868265152, validation loss: 0.2057645618915558
2024-03-20 17:02:45.323654:2024-03-20 17:02:45.323453: Current epoch: 4, loss: 0.13845890760421753, validation loss: 0.14916981756687164
2024-03-20 17:03:03.929042:2024-03-20 17:03:03.928939: Current epoch: 5, loss: 0.11647369712591171, validation loss: 0.43746256828308105
2024-03-20 17:03:22.908850:2024-03-20 17:03:22.908762: Current epoch: 6, loss: 0.10283049196004868, validation loss: 0.10706668347120285
2024-03-20 17:03:41.347000:2024-03-20 17:03:41.346862: Current epoch: 7, loss: 0.09092596173286438, validation loss: 0.09227489680051804
2024-03-20 17:03:59.653003:2024-03-20 17:03:59.652875: Current epoch: 8, loss: 0.08448043465614319, validation loss: 0.11113806068897247
2024-03-20 17:04:18.120251:2024-03-20 17:04:18.120109: Current epoch: 9, loss: 0.07960223406553268, validation loss: 0.06975727528333664
2024-03-20 17:04:41.309116:2024-03-20 17:04:41.309028: Current epoch: 10, loss: 0.07345525920391083, validation loss: 0.06584899872541428
2024-03-20 17:05:00.669930:2024-03-20 17:05:00.669760: Current epoch: 11, loss: 0.0667664036154747, validation loss: 0.06856875121593475
2024-03-20 17:05:18.761908:2024-03-20 17:05:18.761780: Current epoch: 12, loss: 0.0636868104338646, validation loss: 0.08565234392881393
2024-03-20 17:05:37.353583:2024-03-20 17:05:37.353443: Current epoch: 13, loss: 0.06023219972848892, validation loss: 0.06212380528450012
2024-03-20 17:05:55.897540:2024-03-20 17:05:55.897410: Current epoch: 14, loss: 0.05700857192277908, validation loss: 0.0637977123260498
2024-03-20 17:06:14.649564:2024-03-20 17:06:14.648907: Current epoch: 15, loss: 0.05438416823744774, validation loss: 0.059706784784793854
2024-03-20 17:06:33.257048:2024-03-20 17:06:33.256938: Current epoch: 16, loss: 0.05316474661231041, validation loss: 0.07675177603960037
2024-03-20 17:06:51.698210:2024-03-20 17:06:51.698130: Current epoch: 17, loss: 0.05078265815973282, validation loss: 0.05831584334373474
2024-03-20 17:07:10.140513:2024-03-20 17:07:10.140356: Current epoch: 18, loss: 0.04853333532810211, validation loss: 0.05409468710422516
2024-03-20 17:07:28.866606:2024-03-20 17:07:28.866407: Current epoch: 19, loss: 0.04641981050372124, validation loss: 0.05865645408630371
2024-03-20 17:07:51.256600:2024-03-20 17:07:51.256505: Current epoch: 20, loss: 0.04475139454007149, validation loss: 0.05802514776587486
2024-03-20 17:08:09.248047:2024-03-20 17:08:09.247908: Current epoch: 21, loss: 0.0434420108795166, validation loss: 0.05680962651968002
2024-03-20 17:08:27.625520:2024-03-20 17:08:27.625382: Current epoch: 22, loss: 0.04239567369222641, validation loss: 0.06250376999378204
2024-03-20 17:08:45.477497:2024-03-20 17:08:45.477422: Current epoch: 23, loss: 0.040718983858823776, validation loss: 0.0925678238272667
2024-03-20 17:09:04.507002:2024-03-20 17:09:04.506910: Current epoch: 24, loss: 0.03945095092058182, validation loss: 0.048459477722644806
2024-03-20 17:09:22.952370:2024-03-20 17:09:22.952227: Current epoch: 25, loss: 0.03867807239294052, validation loss: 0.05404641479253769
2024-03-20 17:09:41.386834:2024-03-20 17:09:41.386786: Current epoch: 26, loss: 0.03740004450082779, validation loss: 0.05539395287632942
2024-03-20 17:09:59.796143:2024-03-20 17:09:59.796028: Current epoch: 27, loss: 0.036260612308979034, validation loss: 0.06287442147731781
2024-03-20 17:10:16.434995:2024-03-20 17:10:16.434945: Current epoch: 28, loss: 0.035273920744657516, validation loss: 0.046165186911821365
2024-03-20 17:10:33.512064:2024-03-20 17:10:33.511934: Current epoch: 29, loss: 0.03488542139530182, validation loss: 0.05531288683414459
2024-03-20 17:10:55.533194:2024-03-20 17:10:55.533086: Current epoch: 30, loss: 0.0335993617773056, validation loss: 0.054254189133644104
2024-03-20 17:11:13.485229:2024-03-20 17:11:13.485152: Current epoch: 31, loss: 0.03292955458164215, validation loss: 0.045108962804079056
2024-03-20 17:11:32.140609:2024-03-20 17:11:32.140483: Current epoch: 32, loss: 0.03295930102467537, validation loss: 0.04558037593960762
2024-03-20 17:11:50.764812:2024-03-20 17:11:50.764678: Current epoch: 33, loss: 0.03138451650738716, validation loss: 0.045095283538103104
2024-03-20 17:12:08.893917:2024-03-20 17:12:08.893852: Current epoch: 34, loss: 0.031242869794368744, validation loss: 0.0462769977748394
2024-03-20 17:12:27.662587:2024-03-20 17:12:27.662400: Current epoch: 35, loss: 0.03001083992421627, validation loss: 0.04609879478812218
2024-03-20 17:12:46.428251:2024-03-20 17:12:46.428060: Current epoch: 36, loss: 0.030019395053386688, validation loss: 0.048740461468696594
2024-03-20 17:13:05.353194:2024-03-20 17:13:05.353028: Current epoch: 37, loss: 0.029212258756160736, validation loss: 0.04703596606850624
2024-03-20 17:13:24.333090:2024-03-20 17:13:24.332937: Current epoch: 38, loss: 0.028550773859024048, validation loss: 0.04345667362213135
2024-03-20 17:13:43.008569:2024-03-20 17:13:43.008432: Current epoch: 39, loss: 0.02794729918241501, validation loss: 0.044897954910993576
2024-03-20 17:14:06.320850:2024-03-20 17:14:06.320698: Current epoch: 40, loss: 0.02741997316479683, validation loss: 0.044419609010219574
2024-03-20 17:14:24.866436:2024-03-20 17:14:24.866319: Current epoch: 41, loss: 0.027445126324892044, validation loss: 0.04411867633461952
2024-03-20 17:14:43.588063:2024-03-20 17:14:43.587941: Current epoch: 42, loss: 0.026333287358283997, validation loss: 0.046238504350185394
2024-03-20 17:15:01.946738:2024-03-20 17:15:01.946571: Current epoch: 43, loss: 0.02676328457891941, validation loss: 0.04527100920677185
2024-03-20 17:15:20.300908:2024-03-20 17:15:20.300767: Current epoch: 44, loss: 0.025688841938972473, validation loss: 0.04505489021539688
2024-03-20 17:15:38.219717:2024-03-20 17:15:38.219592: Current epoch: 45, loss: 0.02528807334601879, validation loss: 0.042414527386426926
2024-03-20 17:15:56.818515:2024-03-20 17:15:56.818428: Current epoch: 46, loss: 0.024818651378154755, validation loss: 0.042901210486888885
2024-03-20 17:16:15.030933:2024-03-20 17:16:15.030847: Current epoch: 47, loss: 0.02436668425798416, validation loss: 0.042376209050416946
2024-03-20 17:16:33.331163:2024-03-20 17:16:33.331034: Current epoch: 48, loss: 0.024088513106107712, validation loss: 0.042591530829668045
2024-03-20 17:16:52.948423:2024-03-20 17:16:52.947729: Current epoch: 49, loss: 0.024072423577308655, validation loss: 0.041905567049980164
2024-03-20 17:17:16.799853:2024-03-20 17:17:16.799686: Current epoch: 50, loss: 0.02350624091923237, validation loss: 0.04297424480319023
2024-03-20 17:17:35.321043:2024-03-20 17:17:35.320923: Current epoch: 51, loss: 0.02313731424510479, validation loss: 0.04270285367965698
2024-03-20 17:17:54.068169:2024-03-20 17:17:54.068086: Current epoch: 52, loss: 0.022945217788219452, validation loss: 0.0410708412528038
2024-03-20 17:18:13.555251:2024-03-20 17:18:13.555143: Current epoch: 53, loss: 0.022876238450407982, validation loss: 0.04186559468507767
2024-03-20 17:18:32.286519:2024-03-20 17:18:32.286385: Current epoch: 54, loss: 0.02222035825252533, validation loss: 0.04138911888003349
2024-03-20 17:18:50.822763:2024-03-20 17:18:50.822645: Current epoch: 55, loss: 0.02200978435575962, validation loss: 0.04134203493595123
2024-03-20 17:19:09.442796:2024-03-20 17:19:09.442600: Current epoch: 56, loss: 0.02169240452349186, validation loss: 0.0415705069899559
2024-03-20 17:19:28.328435:2024-03-20 17:19:28.328309: Current epoch: 57, loss: 0.021263638511300087, validation loss: 0.04154509678483009
2024-03-20 17:19:47.006778:2024-03-20 17:19:47.006634: Current epoch: 58, loss: 0.021122382953763008, validation loss: 0.04173484817147255
2024-03-20 17:20:05.605056:2024-03-20 17:20:05.604926: Current epoch: 59, loss: 0.021241679787635803, validation loss: 0.04127182066440582
2024-03-20 17:20:26.832896:2024-03-20 17:20:26.832781: Current epoch: 60, loss: 0.02074776217341423, validation loss: 0.044712990522384644
2024-03-20 17:20:43.485574:2024-03-20 17:20:43.485387: Current epoch: 61, loss: 0.020124105736613274, validation loss: 0.04111135005950928
2024-03-20 17:21:02.332423:2024-03-20 17:21:02.332301: Current epoch: 62, loss: 0.020347297191619873, validation loss: 0.04675411805510521
2024-03-20 17:21:21.253423:2024-03-20 17:21:21.253279: Current epoch: 63, loss: 0.02013213373720646, validation loss: 0.040065698325634
2024-03-20 17:21:39.607305:2024-03-20 17:21:39.607173: Current epoch: 64, loss: 0.01969674415886402, validation loss: 0.04366343840956688
2024-03-20 17:21:58.002645:2024-03-20 17:21:58.002506: Current epoch: 65, loss: 0.019170226529240608, validation loss: 0.04001159965991974
2024-03-20 17:22:16.434987:2024-03-20 17:22:16.434897: Current epoch: 66, loss: 0.018911009654402733, validation loss: 0.039913538843393326
2024-03-20 17:22:34.859938:2024-03-20 17:22:34.859849: Current epoch: 67, loss: 0.019067393615841866, validation loss: 0.0396973118185997
2024-03-20 17:22:53.466771:2024-03-20 17:22:53.466638: Current epoch: 68, loss: 0.018348228186368942, validation loss: 0.04041483253240585
2024-03-20 17:23:12.214432:2024-03-20 17:23:12.214332: Current epoch: 69, loss: 0.018325187265872955, validation loss: 0.040088385343551636
2024-03-20 17:23:35.235754:2024-03-20 17:23:35.234958: Current epoch: 70, loss: 0.018264301121234894, validation loss: 0.039472658187150955
2024-03-20 17:23:54.105831:2024-03-20 17:23:54.105424: Current epoch: 71, loss: 0.018168849870562553, validation loss: 0.03913172706961632
2024-03-20 17:24:13.032426:2024-03-20 17:24:13.032293: Current epoch: 72, loss: 0.017827484756708145, validation loss: 0.039678897708654404
2024-03-20 17:24:31.414964:2024-03-20 17:24:31.414872: Current epoch: 73, loss: 0.01794583909213543, validation loss: 0.04039190709590912
2024-03-20 17:24:50.146530:2024-03-20 17:24:50.146412: Current epoch: 74, loss: 0.017620200291275978, validation loss: 0.039302725344896317
2024-03-20 17:25:08.735453:2024-03-20 17:25:08.735289: Current epoch: 75, loss: 0.0178186297416687, validation loss: 0.04075279086828232
2024-03-20 17:25:27.405441:2024-03-20 17:25:27.405307: Current epoch: 76, loss: 0.01749434880912304, validation loss: 0.04102892056107521
2024-03-20 17:25:46.551339:2024-03-20 17:25:46.551051: Current epoch: 77, loss: 0.01737351156771183, validation loss: 0.040052782744169235
2024-03-20 17:26:04.792115:2024-03-20 17:26:04.791947: Current epoch: 78, loss: 0.01698555424809456, validation loss: 0.03929039090871811
2024-03-20 17:26:24.177686:2024-03-20 17:26:24.177415: Current epoch: 79, loss: 0.016784071922302246, validation loss: 0.03951403871178627
2024-03-20 17:26:46.471947:2024-03-20 17:26:46.471859: Current epoch: 80, loss: 0.016928663477301598, validation loss: 0.03920280933380127
2024-03-20 17:27:05.105160:2024-03-20 17:27:05.105102: Current epoch: 81, loss: 0.016449397429823875, validation loss: 0.039199795573949814
2024-03-20 17:27:24.305634:2024-03-20 17:27:24.305575: Current epoch: 82, loss: 0.016271334141492844, validation loss: 0.03882759064435959
2024-03-20 17:27:42.952535:2024-03-20 17:27:42.952422: Current epoch: 83, loss: 0.0162422526627779, validation loss: 0.03992746025323868
2024-03-20 17:28:01.720258:2024-03-20 17:28:01.720156: Current epoch: 84, loss: 0.016052881255745888, validation loss: 0.03903583064675331
2024-03-20 17:28:20.831876:2024-03-20 17:28:20.831812: Current epoch: 85, loss: 0.015924030914902687, validation loss: 0.038967233151197433
2024-03-20 17:28:39.661078:2024-03-20 17:28:39.660960: Current epoch: 86, loss: 0.015795398503541946, validation loss: 0.03998209536075592
2024-03-20 17:28:58.049639:2024-03-20 17:28:58.049577: Current epoch: 87, loss: 0.015649033710360527, validation loss: 0.038856394588947296
2024-03-20 17:29:16.702977:2024-03-20 17:29:16.702861: Current epoch: 88, loss: 0.015498608350753784, validation loss: 0.0398065447807312
2024-03-20 17:29:35.279841:2024-03-20 17:29:35.279772: Current epoch: 89, loss: 0.01552210096269846, validation loss: 0.03877556696534157
2024-03-20 17:29:58.863165:2024-03-20 17:29:58.863041: Current epoch: 90, loss: 0.015497240237891674, validation loss: 0.03908529132604599
2024-03-20 17:30:18.234202:2024-03-20 17:30:18.234121: Current epoch: 91, loss: 0.015420110896229744, validation loss: 0.03863728418946266
2024-03-20 17:30:34.986617:2024-03-20 17:30:34.986534: Current epoch: 92, loss: 0.014919962733983994, validation loss: 0.03889751434326172
2024-03-20 17:30:52.901803:2024-03-20 17:30:52.901655: Current epoch: 93, loss: 0.014958799816668034, validation loss: 0.03871605172753334
2024-03-20 17:31:11.540517:2024-03-20 17:31:11.540427: Current epoch: 94, loss: 0.014774121344089508, validation loss: 0.03739435598254204
2024-03-20 17:31:29.855442:2024-03-20 17:31:29.855280: Current epoch: 95, loss: 0.014551820233464241, validation loss: 0.039332110434770584
2024-03-20 17:31:48.664756:2024-03-20 17:31:48.664644: Current epoch: 96, loss: 0.014534203335642815, validation loss: 0.03929147124290466
2024-03-20 17:32:07.529700:2024-03-20 17:32:07.529610: Current epoch: 97, loss: 0.014554459601640701, validation loss: 0.04001447930932045
2024-03-20 17:32:26.691930:2024-03-20 17:32:26.691820: Current epoch: 98, loss: 0.014370950870215893, validation loss: 0.03881166875362396
2024-03-20 17:32:46.261682:2024-03-20 17:32:46.261588: Current epoch: 99, loss: 0.014276091940701008, validation loss: 0.038027793169021606
2024-03-20 17:33:10.118235:2024-03-20 17:33:10.118085: Current epoch: 100, loss: 0.01391167938709259, validation loss: 0.038699548691511154
2024-03-20 17:33:28.879100:2024-03-20 17:33:28.878985: Current epoch: 101, loss: 0.014149386435747147, validation loss: 0.03842577338218689
2024-03-20 17:33:47.975382:2024-03-20 17:33:47.975259: Current epoch: 102, loss: 0.014061207883059978, validation loss: 0.038151197135448456
2024-03-20 17:34:08.085432:2024-03-20 17:34:08.085167: Current epoch: 103, loss: 0.01409725658595562, validation loss: 0.03858160600066185
2024-03-20 17:34:27.176954:2024-03-20 17:34:27.176768: Current epoch: 104, loss: 0.013880728743970394, validation loss: 0.03887356445193291
2024-03-20 17:34:45.695171:2024-03-20 17:34:45.694885: Current epoch: 105, loss: 0.013808905147016048, validation loss: 0.03853851556777954
2024-03-20 17:35:04.750447:2024-03-20 17:35:04.750366: Current epoch: 106, loss: 0.01361555140465498, validation loss: 0.03773850202560425
2024-03-20 17:35:23.438742:2024-03-20 17:35:23.438574: Current epoch: 107, loss: 0.013736331835389137, validation loss: 0.03752792999148369
2024-03-20 17:35:42.913003:2024-03-20 17:35:42.912887: Current epoch: 108, loss: 0.013752193190157413, validation loss: 0.038987044245004654
2024-03-20 17:36:02.982485:2024-03-20 17:36:02.982353: Current epoch: 109, loss: 0.013331920839846134, validation loss: 0.03759382292628288
2024-03-20 17:36:25.887928:2024-03-20 17:36:25.887783: Current epoch: 110, loss: 0.013275813311338425, validation loss: 0.03765423968434334
2024-03-20 17:36:45.441073:2024-03-20 17:36:45.440922: Current epoch: 111, loss: 0.01308500301092863, validation loss: 0.0375371091067791
2024-03-20 17:37:03.955953:2024-03-20 17:37:03.955793: Current epoch: 112, loss: 0.0129728177562356, validation loss: 0.03737831488251686
2024-03-20 17:37:24.193125:2024-03-20 17:37:24.193028: Current epoch: 113, loss: 0.012850084342062473, validation loss: 0.03723197430372238
2024-03-20 17:37:43.807792:2024-03-20 17:37:43.807679: Current epoch: 114, loss: 0.012970056384801865, validation loss: 0.03752557560801506
2024-03-20 17:38:01.562568:2024-03-20 17:38:01.562470: Current epoch: 115, loss: 0.01286806259304285, validation loss: 0.03815415874123573
2024-03-20 17:38:22.262783:2024-03-20 17:38:22.262647: Current epoch: 116, loss: 0.012962711974978447, validation loss: 0.03725391626358032
2024-03-20 17:38:41.217825:2024-03-20 17:38:41.217736: Current epoch: 117, loss: 0.012769087217748165, validation loss: 0.03816249594092369
2024-03-20 17:39:00.764436:2024-03-20 17:39:00.764316: Current epoch: 118, loss: 0.01288011483848095, validation loss: 0.03743084520101547
2024-03-20 17:39:20.514971:2024-03-20 17:39:20.514858: Current epoch: 119, loss: 0.012455680407583714, validation loss: 0.03798474743962288
2024-03-20 17:39:38.807053:2024-03-20 17:39:38.806918: Current epoch: 120, loss: 0.01248161867260933, validation loss: 0.03739726170897484
2024-03-20 17:39:58.076597:2024-03-20 17:39:58.076482: Current epoch: 121, loss: 0.012259193696081638, validation loss: 0.03837500885128975
2024-03-20 17:40:15.384619:2024-03-20 17:40:15.384530: Current epoch: 122, loss: 0.012463435530662537, validation loss: 0.038347505033016205
2024-03-20 17:40:32.986176:2024-03-20 17:40:32.986097: Current epoch: 123, loss: 0.012218895368278027, validation loss: 0.037357017397880554
2024-03-20 17:40:51.795069:2024-03-20 17:40:51.794952: Current epoch: 124, loss: 0.012330537661910057, validation loss: 0.03754285350441933
2024-03-20 17:41:11.384417:2024-03-20 17:41:11.384331: Current epoch: 125, loss: 0.012209209613502026, validation loss: 0.03756813704967499
2024-03-20 17:41:30.812121:2024-03-20 17:41:30.812016: Current epoch: 126, loss: 0.012195322662591934, validation loss: 0.03795213624835014
2024-03-20 17:41:48.895515:2024-03-20 17:41:48.895422: Current epoch: 127, loss: 0.011958328075706959, validation loss: 0.03778186812996864
2024-03-20 17:42:06.845909:2024-03-20 17:42:06.845847: Current epoch: 128, loss: 0.011826330795884132, validation loss: 0.03733060881495476
2024-03-20 17:42:24.699747:2024-03-20 17:42:24.699611: Current epoch: 129, loss: 0.01208688784390688, validation loss: 0.03787199407815933
2024-03-20 17:42:42.301314:2024-03-20 17:42:42.301190: Current epoch: 130, loss: 0.011866043321788311, validation loss: 0.04175674542784691
2024-03-20 17:43:01.383645:2024-03-20 17:43:01.383565: Current epoch: 131, loss: 0.012583471834659576, validation loss: 0.03792944177985191
2024-03-20 17:43:18.994137:2024-03-20 17:43:18.994017: Current epoch: 132, loss: 0.011581414379179478, validation loss: 0.03757789358496666
2024-03-20 17:43:37.324294:2024-03-20 17:43:37.324204: Current epoch: 133, loss: 0.011727397330105305, validation loss: 0.03779055178165436
2024-03-20 17:43:55.118326:2024-03-20 17:43:55.118245: Current epoch: 134, loss: 0.011501629836857319, validation loss: 0.037263501435518265
2024-03-20 17:44:13.139113:2024-03-20 17:44:13.138990: Current epoch: 135, loss: 0.011490488424897194, validation loss: 0.03734198957681656
2024-03-20 17:44:30.963290:2024-03-20 17:44:30.963191: Current epoch: 136, loss: 0.011500677093863487, validation loss: 0.037464018911123276
2024-03-20 17:44:49.708209:2024-03-20 17:44:49.708132: Current epoch: 137, loss: 0.011456751264631748, validation loss: 0.038019049912691116
2024-03-20 17:45:07.859717:2024-03-20 17:45:07.859622: Current epoch: 138, loss: 0.011421804316341877, validation loss: 0.03665121644735336
2024-03-20 17:45:26.351146:2024-03-20 17:45:26.351058: Current epoch: 139, loss: 0.01125328615307808, validation loss: 0.03822549059987068
2024-03-20 17:45:45.850235:2024-03-20 17:45:45.850151: Current epoch: 140, loss: 0.011199782602488995, validation loss: 0.03737474977970123
2024-03-20 17:46:03.782616:2024-03-20 17:46:03.782511: Current epoch: 141, loss: 0.011356453411281109, validation loss: 0.03758957237005234
2024-03-20 17:46:22.196528:2024-03-20 17:46:22.196430: Current epoch: 142, loss: 0.011148706078529358, validation loss: 0.03770313039422035
2024-03-20 17:46:40.593605:2024-03-20 17:46:40.593523: Current epoch: 143, loss: 0.011102113872766495, validation loss: 0.03729599341750145
2024-03-20 17:46:59.240530:2024-03-20 17:46:59.240410: Current epoch: 144, loss: 0.01104575302451849, validation loss: 0.03786572068929672
2024-03-20 17:47:17.833837:2024-03-20 17:47:17.833701: Current epoch: 145, loss: 0.011042874306440353, validation loss: 0.038026127964258194
2024-03-20 17:47:35.421048:2024-03-20 17:47:35.420915: Current epoch: 146, loss: 0.011093067936599255, validation loss: 0.03729378432035446
2024-03-20 17:47:55.077931:2024-03-20 17:47:55.077832: Current epoch: 147, loss: 0.010816381312906742, validation loss: 0.03759143501520157
2024-03-20 17:48:12.566110:2024-03-20 17:48:12.565986: Current epoch: 148, loss: 0.01077271532267332, validation loss: 0.03732183575630188
2024-03-20 17:48:32.138335:2024-03-20 17:48:32.138264: Current epoch: 149, loss: 0.010724729858338833, validation loss: 0.03749657794833183
2024-03-20 17:48:55.411523:2024-03-20 17:48:55.411423: Current epoch: 150, loss: 0.010837933048605919, validation loss: 0.037719931453466415
2024-03-20 17:49:13.616337:2024-03-20 17:49:13.616263: Current epoch: 151, loss: 0.010482332669198513, validation loss: 0.037142325192689896
2024-03-20 17:49:33.228958:2024-03-20 17:49:33.228884: Current epoch: 152, loss: 0.010975547134876251, validation loss: 0.03785824403166771
2024-03-20 17:49:52.802386:2024-03-20 17:49:52.802264: Current epoch: 153, loss: 0.010557557456195354, validation loss: 0.03871908038854599
2024-03-20 17:50:09.959817:2024-03-20 17:50:09.959652: Current epoch: 154, loss: 0.010553267784416676, validation loss: 0.03789651766419411
2024-03-20 17:50:28.776327:2024-03-20 17:50:28.776258: Current epoch: 155, loss: 0.01042958628386259, validation loss: 0.037054892629384995
2024-03-20 17:50:46.307447:2024-03-20 17:50:46.307367: Current epoch: 156, loss: 0.010419554077088833, validation loss: 0.03681817650794983
2024-03-20 17:51:04.878012:2024-03-20 17:51:04.877942: Current epoch: 157, loss: 0.010300233028829098, validation loss: 0.03758793696761131
2024-03-20 17:51:23.065937:2024-03-20 17:51:23.065847: Current epoch: 158, loss: 0.010462515987455845, validation loss: 0.03737710788846016
2024-03-20 17:51:41.344407:2024-03-20 17:51:41.344326: Current epoch: 159, loss: 0.010309820994734764, validation loss: 0.03743097558617592
2024-03-20 17:52:03.410688:2024-03-20 17:52:03.410593: Current epoch: 160, loss: 0.01024711038917303, validation loss: 0.038283154368400574
2024-03-20 17:52:19.146166:2024-03-20 17:52:19.146091: Current epoch: 161, loss: 0.010348455049097538, validation loss: 0.03788500651717186
2024-03-20 17:52:36.652569:2024-03-20 17:52:36.652467: Current epoch: 162, loss: 0.010348222218453884, validation loss: 0.03725064545869827
2024-03-20 17:52:55.152523:2024-03-20 17:52:55.152410: Current epoch: 163, loss: 0.010093181394040585, validation loss: 0.03765323385596275
2024-03-20 17:53:14.872024:2024-03-20 17:53:14.871916: Current epoch: 164, loss: 0.01001640222966671, validation loss: 0.03796694055199623
2024-03-20 17:53:34.424526:2024-03-20 17:53:34.424388: Current epoch: 165, loss: 0.010155107825994492, validation loss: 0.037308432161808014
2024-03-20 17:53:55.346367:2024-03-20 17:53:55.346289: Current epoch: 166, loss: 0.01010381430387497, validation loss: 0.03696750849485397
2024-03-20 17:54:15.234446:2024-03-20 17:54:15.234328: Current epoch: 167, loss: 0.01006457582116127, validation loss: 0.037529949098825455
2024-03-20 17:54:34.946271:2024-03-20 17:54:34.946193: Current epoch: 168, loss: 0.009946043603122234, validation loss: 0.03785998001694679
2024-03-20 17:54:54.715636:2024-03-20 17:54:54.715551: Current epoch: 169, loss: 0.009843237698078156, validation loss: 0.037723608314991
2024-03-20 17:55:13.794566:2024-03-20 17:55:13.794405: Current epoch: 170, loss: 0.010219990275800228, validation loss: 0.03768441081047058
2024-03-20 17:55:32.887832:2024-03-20 17:55:32.887720: Current epoch: 171, loss: 0.009795642457902431, validation loss: 0.036822929978370667
2024-03-20 17:55:52.114491:2024-03-20 17:55:52.114316: Current epoch: 172, loss: 0.009841994382441044, validation loss: 0.0377388522028923
2024-03-20 17:56:12.373970:2024-03-20 17:56:12.373715: Current epoch: 173, loss: 0.00989497173577547, validation loss: 0.03719072416424751
2024-03-20 17:56:30.517033:2024-03-20 17:56:30.516944: Current epoch: 174, loss: 0.009629130363464355, validation loss: 0.03738704323768616
2024-03-20 17:56:49.116661:2024-03-20 17:56:49.116538: Current epoch: 175, loss: 0.00953374058008194, validation loss: 0.03717142343521118
2024-03-20 17:57:07.769043:2024-03-20 17:57:07.768963: Current epoch: 176, loss: 0.009618905372917652, validation loss: 0.0373249277472496
2024-03-20 17:57:26.707413:2024-03-20 17:57:26.707302: Current epoch: 177, loss: 0.009551105089485645, validation loss: 0.036964524537324905
2024-03-20 17:57:44.828075:2024-03-20 17:57:44.827968: Current epoch: 178, loss: 0.009450145065784454, validation loss: 0.037384942173957825
2024-03-20 17:58:03.698153:2024-03-20 17:58:03.698038: Current epoch: 179, loss: 0.009601513855159283, validation loss: 0.03685794770717621
2024-03-20 17:58:25.543088:2024-03-20 17:58:25.543004: Current epoch: 180, loss: 0.009724004194140434, validation loss: 0.03810803219676018
2024-03-20 17:58:45.005124:2024-03-20 17:58:45.005032: Current epoch: 181, loss: 0.009399079717695713, validation loss: 0.037436842918395996
2024-03-20 17:59:03.478296:2024-03-20 17:59:03.478121: Current epoch: 182, loss: 0.009347568266093731, validation loss: 0.03705386444926262
2024-03-20 17:59:21.819094:2024-03-20 17:59:21.818988: Current epoch: 183, loss: 0.009518932551145554, validation loss: 0.03671516850590706
2024-03-20 17:59:40.449106:2024-03-20 17:59:40.449028: Current epoch: 184, loss: 0.009295486845076084, validation loss: 0.037824444472789764
2024-03-20 17:59:59.041303:2024-03-20 17:59:59.041232: Current epoch: 185, loss: 0.009194152429699898, validation loss: 0.03775810822844505
2024-03-20 18:00:17.875010:2024-03-20 18:00:17.874900: Current epoch: 186, loss: 0.00919442530721426, validation loss: 0.03824850171804428
2024-03-20 18:00:36.507543:2024-03-20 18:00:36.507445: Current epoch: 187, loss: 0.009382260963320732, validation loss: 0.03790303319692612
2024-03-20 18:00:54.700931:2024-03-20 18:00:54.700842: Current epoch: 188, loss: 0.009164934977889061, validation loss: 0.03684631735086441
2024-03-20 18:01:12.819638:2024-03-20 18:01:12.819570: Current epoch: 189, loss: 0.009265181608498096, validation loss: 0.03753705322742462
2024-03-20 18:01:30.703842:2024-03-20 18:01:30.703725: Current epoch: 190, loss: 0.009466231800615788, validation loss: 0.037070393562316895
2024-03-20 18:01:50.266928:2024-03-20 18:01:50.266821: Current epoch: 191, loss: 0.00924758892506361, validation loss: 0.03737293928861618
2024-03-20 18:02:08.579541:2024-03-20 18:02:08.579428: Current epoch: 192, loss: 0.009189845062792301, validation loss: 0.03789205849170685
2024-03-20 18:02:27.118037:2024-03-20 18:02:27.117931: Current epoch: 193, loss: 0.008904111571609974, validation loss: 0.03702246770262718
2024-03-20 18:02:46.012911:2024-03-20 18:02:46.012813: Current epoch: 194, loss: 0.009244421496987343, validation loss: 0.03707296773791313
2024-03-20 18:03:02.315178:2024-03-20 18:03:02.315104: Current epoch: 195, loss: 0.009133424609899521, validation loss: 0.036974988877773285
2024-03-20 18:03:21.270566:2024-03-20 18:03:21.270471: Current epoch: 196, loss: 0.008921357803046703, validation loss: 0.03721746802330017
2024-03-20 18:03:39.271971:2024-03-20 18:03:39.271887: Current epoch: 197, loss: 0.009017255157232285, validation loss: 0.038467902690172195
2024-03-20 18:03:57.865500:2024-03-20 18:03:57.865326: Current epoch: 198, loss: 0.008908694609999657, validation loss: 0.03673022240400314
2024-03-20 18:04:16.443952:2024-03-20 18:04:16.443881: Current epoch: 199, loss: 0.008959575556218624, validation loss: 0.03694537281990051
2024-03-20 18:04:35.280002:2024-03-20 18:04:35.279938: Current epoch: 200, loss: 0.008940208703279495, validation loss: 0.03733472526073456
2024-03-20 18:04:53.951002:2024-03-20 18:04:53.950908: Current epoch: 201, loss: 0.008820910006761551, validation loss: 0.03700108081102371
2024-03-20 18:05:12.869122:2024-03-20 18:05:12.869008: Current epoch: 202, loss: 0.008905192837119102, validation loss: 0.03696493059396744
2024-03-20 18:05:32.276754:2024-03-20 18:05:32.276656: Current epoch: 203, loss: 0.008841133676469326, validation loss: 0.036938123404979706
2024-03-20 18:05:50.872749:2024-03-20 18:05:50.872641: Current epoch: 204, loss: 0.008737248368561268, validation loss: 0.037174053490161896
2024-03-20 18:06:10.208116:2024-03-20 18:06:10.208046: Current epoch: 205, loss: 0.008803595788776875, validation loss: 0.037508103996515274
2024-03-20 18:06:29.448256:2024-03-20 18:06:29.448125: Current epoch: 206, loss: 0.008687112480401993, validation loss: 0.03735172748565674
2024-03-20 18:06:49.271410:2024-03-20 18:06:49.271310: Current epoch: 207, loss: 0.008644238114356995, validation loss: 0.03673664852976799
2024-03-20 18:07:08.669243:2024-03-20 18:07:08.669169: Current epoch: 208, loss: 0.008761612698435783, validation loss: 0.03758765384554863
2024-03-20 18:07:28.592538:2024-03-20 18:07:28.592419: Current epoch: 209, loss: 0.00870855525135994, validation loss: 0.03746199607849121
2024-03-20 18:07:48.026065:2024-03-20 18:07:48.025967: Current epoch: 210, loss: 0.008572324179112911, validation loss: 0.03728749230504036
2024-03-20 18:08:07.971955:2024-03-20 18:08:07.971868: Current epoch: 211, loss: 0.008527661673724651, validation loss: 0.03691573441028595
2024-03-20 18:08:27.435415:2024-03-20 18:08:27.435338: Current epoch: 212, loss: 0.008578747510910034, validation loss: 0.03689714893698692
2024-03-20 18:08:46.111729:2024-03-20 18:08:46.111655: Current epoch: 213, loss: 0.008592557162046432, validation loss: 0.03718309849500656
2024-03-20 18:09:04.803093:2024-03-20 18:09:04.803028: Current epoch: 214, loss: 0.008638173341751099, validation loss: 0.036986544728279114
2024-03-20 18:09:25.570228:2024-03-20 18:09:25.570146: Current epoch: 215, loss: 0.00865165051072836, validation loss: 0.036719370633363724
2024-03-20 18:09:45.064621:2024-03-20 18:09:45.064499: Current epoch: 216, loss: 0.008481812663376331, validation loss: 0.037403665482997894
2024-03-20 18:10:05.593235:2024-03-20 18:10:05.593156: Current epoch: 217, loss: 0.008403543382883072, validation loss: 0.03724316880106926
2024-03-20 18:10:24.238599:2024-03-20 18:10:24.238328: Current epoch: 218, loss: 0.008525640703737736, validation loss: 0.03865259513258934
2024-03-20 18:10:44.112720:2024-03-20 18:10:44.112576: Current epoch: 219, loss: 0.008364573121070862, validation loss: 0.03705798462033272
2024-03-20 18:11:03.691189:2024-03-20 18:11:03.690907: Current epoch: 220, loss: 0.00845534261316061, validation loss: 0.03697287663817406
2024-03-20 18:11:23.689073:2024-03-20 18:11:23.688986: Current epoch: 221, loss: 0.00846841000020504, validation loss: 0.036822136491537094
2024-03-20 18:11:44.614809:2024-03-20 18:11:44.614691: Current epoch: 222, loss: 0.008426548913121223, validation loss: 0.03684419021010399
2024-03-20 18:12:02.658952:2024-03-20 18:12:02.658826: Current epoch: 223, loss: 0.008223538286983967, validation loss: 0.03733503818511963
2024-03-20 18:12:21.513342:2024-03-20 18:12:21.513244: Current epoch: 224, loss: 0.00827038288116455, validation loss: 0.037102848291397095
2024-03-20 18:12:40.017272:2024-03-20 18:12:40.017206: Current epoch: 225, loss: 0.008338922634720802, validation loss: 0.03742503747344017
2024-03-20 18:12:58.259667:2024-03-20 18:12:58.259611: Current epoch: 226, loss: 0.008324033580720425, validation loss: 0.03730526193976402
2024-03-20 18:13:16.997865:2024-03-20 18:13:16.997675: Current epoch: 227, loss: 0.00813547894358635, validation loss: 0.036935288459062576
2024-03-20 18:13:35.368277:2024-03-20 18:13:35.368198: Current epoch: 228, loss: 0.00816260650753975, validation loss: 0.03717799857258797
2024-03-20 18:13:53.647570:2024-03-20 18:13:53.647421: Current epoch: 229, loss: 0.008143424056470394, validation loss: 0.03678222373127937
2024-03-20 18:14:17.217970:2024-03-20 18:14:17.217889: Current epoch: 230, loss: 0.00823055487126112, validation loss: 0.03906950354576111
2024-03-20 18:14:36.037648:2024-03-20 18:14:36.037551: Current epoch: 231, loss: 0.007957478053867817, validation loss: 0.036798618733882904
2024-03-20 18:14:55.661067:2024-03-20 18:14:55.660975: Current epoch: 232, loss: 0.008216524496674538, validation loss: 0.036633461713790894
2024-03-20 18:15:14.266926:2024-03-20 18:15:14.266829: Current epoch: 233, loss: 0.00804352667182684, validation loss: 0.03672385588288307
2024-03-20 18:15:33.141128:2024-03-20 18:15:33.141056: Current epoch: 234, loss: 0.008079608902335167, validation loss: 0.03677888587117195
2024-03-20 18:15:52.975873:2024-03-20 18:15:52.975733: Current epoch: 235, loss: 0.008057602681219578, validation loss: 0.036936238408088684
2024-03-20 18:16:11.448345:2024-03-20 18:16:11.448255: Current epoch: 236, loss: 0.008084663189947605, validation loss: 0.03726430609822273
2024-03-20 18:16:29.524490:2024-03-20 18:16:29.524368: Current epoch: 237, loss: 0.007957489229738712, validation loss: 0.03694894164800644
2024-03-20 18:16:48.248205:2024-03-20 18:16:48.248082: Current epoch: 238, loss: 0.008031236939132214, validation loss: 0.0367865189909935
2024-03-20 18:17:07.222446:2024-03-20 18:17:07.222341: Current epoch: 239, loss: 0.007981589064002037, validation loss: 0.03690766915678978
2024-03-20 18:17:26.025919:2024-03-20 18:17:26.025797: Current epoch: 240, loss: 0.007867183536291122, validation loss: 0.036918215453624725
2024-03-20 18:17:43.664329:2024-03-20 18:17:43.664255: Current epoch: 241, loss: 0.007871389389038086, validation loss: 0.03748759999871254
2024-03-20 18:18:01.676847:2024-03-20 18:18:01.676750: Current epoch: 242, loss: 0.00783945806324482, validation loss: 0.0377846397459507
2024-03-20 18:18:20.777306:2024-03-20 18:18:20.777212: Current epoch: 243, loss: 0.007936948910355568, validation loss: 0.03669184446334839
2024-03-20 18:18:40.125383:2024-03-20 18:18:40.125288: Current epoch: 244, loss: 0.007736515253782272, validation loss: 0.03664090484380722
2024-03-20 18:18:59.640417:2024-03-20 18:18:59.640259: Current epoch: 245, loss: 0.007796578574925661, validation loss: 0.03691516071557999
2024-03-20 18:19:18.445054:2024-03-20 18:19:18.444990: Current epoch: 246, loss: 0.00772211654111743, validation loss: 0.03726712241768837
2024-03-20 18:19:38.266881:2024-03-20 18:19:38.266784: Current epoch: 247, loss: 0.00768543453887105, validation loss: 0.03704804927110672
2024-03-20 18:19:58.203533:2024-03-20 18:19:58.203452: Current epoch: 248, loss: 0.00777392415329814, validation loss: 0.03670038655400276
2024-03-20 18:20:19.384393:2024-03-20 18:20:19.384299: Current epoch: 249, loss: 0.007664409466087818, validation loss: 0.03678305074572563
2024-03-20 18:20:38.490836:2024-03-20 18:20:38.490678: Current epoch: 250, loss: 0.007608024403452873, validation loss: 0.0371810682117939
2024-03-20 18:20:57.109800:2024-03-20 18:20:57.109712: Current epoch: 251, loss: 0.007607155945152044, validation loss: 0.036938950419425964
2024-03-20 18:21:16.022436:2024-03-20 18:21:16.022267: Current epoch: 252, loss: 0.007592420559376478, validation loss: 0.037441596388816833
2024-03-20 18:21:34.034448:2024-03-20 18:21:34.034338: Current epoch: 253, loss: 0.007601607590913773, validation loss: 0.03647158294916153
2024-03-20 18:21:52.931264:2024-03-20 18:21:52.931197: Current epoch: 254, loss: 0.007534435018897057, validation loss: 0.037091467529535294
2024-03-20 18:22:12.106496:2024-03-20 18:22:12.106134: Current epoch: 255, loss: 0.007553954143077135, validation loss: 0.03642705827951431
2024-03-20 18:22:30.608586:2024-03-20 18:22:30.608383: Current epoch: 256, loss: 0.007594502530992031, validation loss: 0.03719520568847656
2024-03-20 18:22:49.626252:2024-03-20 18:22:49.626143: Current epoch: 257, loss: 0.007640955504029989, validation loss: 0.036593202501535416
2024-03-20 18:23:08.129481:2024-03-20 18:23:08.129399: Current epoch: 258, loss: 0.007589934393763542, validation loss: 0.03671219199895859
2024-03-20 18:23:25.989830:2024-03-20 18:23:25.989708: Current epoch: 259, loss: 0.00748799042776227, validation loss: 0.0370480902493
2024-03-20 18:23:45.285156:2024-03-20 18:23:45.285061: Current epoch: 260, loss: 0.007482617162168026, validation loss: 0.03673010692000389
2024-03-20 18:24:04.838786:2024-03-20 18:24:04.838724: Current epoch: 261, loss: 0.007436337880790234, validation loss: 0.036915123462677
2024-03-20 18:24:23.367763:2024-03-20 18:24:23.367706: Current epoch: 262, loss: 0.007487273309379816, validation loss: 0.036729846149683
2024-03-20 18:24:41.849223:2024-03-20 18:24:41.849110: Current epoch: 263, loss: 0.007470498327165842, validation loss: 0.03698854148387909
2024-03-20 18:25:00.296422:2024-03-20 18:25:00.296287: Current epoch: 264, loss: 0.007265736348927021, validation loss: 0.036727555096149445
2024-03-20 18:25:20.985350:2024-03-20 18:25:20.985230: Current epoch: 265, loss: 0.007403469178825617, validation loss: 0.03625939041376114
2024-03-20 18:25:40.560942:2024-03-20 18:25:40.560867: Current epoch: 266, loss: 0.007390451617538929, validation loss: 0.036715928465127945
2024-03-20 18:25:59.617764:2024-03-20 18:25:59.617686: Current epoch: 267, loss: 0.00719250924885273, validation loss: 0.03634285181760788
2024-03-20 18:26:19.235289:2024-03-20 18:26:19.235155: Current epoch: 268, loss: 0.007299595978111029, validation loss: 0.03743649646639824
2024-03-20 18:26:38.307077:2024-03-20 18:26:38.306978: Current epoch: 269, loss: 0.007361362688243389, validation loss: 0.03658232092857361
2024-03-20 18:27:01.068329:2024-03-20 18:27:01.068260: Current epoch: 270, loss: 0.007333680521696806, validation loss: 0.03686284273862839
2024-03-20 18:27:20.053283:2024-03-20 18:27:20.053150: Current epoch: 271, loss: 0.007291387300938368, validation loss: 0.03684883564710617
2024-03-20 18:27:39.842443:2024-03-20 18:27:39.842290: Current epoch: 272, loss: 0.00717739574611187, validation loss: 0.03707609325647354
2024-03-20 18:27:59.064876:2024-03-20 18:27:59.064751: Current epoch: 273, loss: 0.0072458297945559025, validation loss: 0.036725882440805435
2024-03-20 18:28:17.517329:2024-03-20 18:28:17.517240: Current epoch: 274, loss: 0.007305307779461145, validation loss: 0.03679881989955902
2024-03-20 18:28:38.068912:2024-03-20 18:28:38.068788: Current epoch: 275, loss: 0.007302677724510431, validation loss: 0.036672405898571014
2024-03-20 18:28:57.101881:2024-03-20 18:28:57.101770: Current epoch: 276, loss: 0.007261970080435276, validation loss: 0.036773618310689926
2024-03-20 18:29:16.189003:2024-03-20 18:29:16.188931: Current epoch: 277, loss: 0.0072228251956403255, validation loss: 0.036709073930978775
2024-03-20 18:29:35.085624:2024-03-20 18:29:35.085542: Current epoch: 278, loss: 0.0072090961039066315, validation loss: 0.03725038096308708
2024-03-20 18:29:55.102944:2024-03-20 18:29:55.102804: Current epoch: 279, loss: 0.007148914970457554, validation loss: 0.03673791140317917
2024-03-20 18:30:16.117501:2024-03-20 18:30:16.117384: Current epoch: 280, loss: 0.007343830540776253, validation loss: 0.03735778108239174
2024-03-20 18:30:36.587603:2024-03-20 18:30:36.587411: Current epoch: 281, loss: 0.007226275280117989, validation loss: 0.0373811200261116
2024-03-20 18:30:57.364394:2024-03-20 18:30:57.364284: Current epoch: 282, loss: 0.006996224168688059, validation loss: 0.036462485790252686
2024-03-20 18:31:17.253848:2024-03-20 18:31:17.253733: Current epoch: 283, loss: 0.007127805612981319, validation loss: 0.03647119924426079
2024-03-20 18:31:37.438654:2024-03-20 18:31:37.438563: Current epoch: 284, loss: 0.007014930248260498, validation loss: 0.03650876134634018
2024-03-20 18:31:55.795708:2024-03-20 18:31:55.795587: Current epoch: 285, loss: 0.007064698729664087, validation loss: 0.03704511374235153
2024-03-20 18:32:14.730383:2024-03-20 18:32:14.730275: Current epoch: 286, loss: 0.007073415443301201, validation loss: 0.036776717752218246
2024-03-20 18:32:33.848192:2024-03-20 18:32:33.848110: Current epoch: 287, loss: 0.007061184849590063, validation loss: 0.0370105616748333
2024-03-20 18:32:53.631871:2024-03-20 18:32:53.631716: Current epoch: 288, loss: 0.007189624942839146, validation loss: 0.03734714165329933
2024-03-20 18:33:11.293105:2024-03-20 18:33:11.292971: Current epoch: 289, loss: 0.00703513203188777, validation loss: 0.03683194890618324
2024-03-20 18:33:29.873903:2024-03-20 18:33:29.873734: Current epoch: 290, loss: 0.007039061281830072, validation loss: 0.036603983491659164
2024-03-20 18:33:50.033775:2024-03-20 18:33:50.033658: Current epoch: 291, loss: 0.006972255185246468, validation loss: 0.03670521080493927
2024-03-20 18:34:09.050512:2024-03-20 18:34:09.050395: Current epoch: 292, loss: 0.007087395526468754, validation loss: 0.03697852045297623
2024-03-20 18:34:27.800171:2024-03-20 18:34:27.800098: Current epoch: 293, loss: 0.006965946406126022, validation loss: 0.03654724732041359
2024-03-20 18:34:46.936436:2024-03-20 18:34:46.936302: Current epoch: 294, loss: 0.006839466746896505, validation loss: 0.03704988583922386
2024-03-20 18:35:06.547400:2024-03-20 18:35:06.547287: Current epoch: 295, loss: 0.006870779674500227, validation loss: 0.036771319806575775
2024-03-20 18:35:26.480541:2024-03-20 18:35:26.480417: Current epoch: 296, loss: 0.006844061426818371, validation loss: 0.037465207278728485
2024-03-20 18:35:45.245076:2024-03-20 18:35:45.244957: Current epoch: 297, loss: 0.006871752440929413, validation loss: 0.03658929839730263
2024-03-20 18:36:05.963015:2024-03-20 18:36:05.962880: Current epoch: 298, loss: 0.006872908677905798, validation loss: 0.036845091730356216
2024-03-20 18:36:26.226835:2024-03-20 18:36:26.226755: Current epoch: 299, loss: 0.006784075405448675, validation loss: 0.03715001791715622
2024-03-20 18:36:46.659878:2024-03-20 18:36:46.659767: Current epoch: 300, loss: 0.00684873852878809, validation loss: 0.03682083263993263
2024-03-20 18:37:06.202338:2024-03-20 18:37:06.202262: Current epoch: 301, loss: 0.006818532943725586, validation loss: 0.036952365189790726
2024-03-20 18:37:26.341984:2024-03-20 18:37:26.341832: Current epoch: 302, loss: 0.006827888078987598, validation loss: 0.036862071603536606
2024-03-20 18:37:45.480598:2024-03-20 18:37:45.480452: Current epoch: 303, loss: 0.006905091926455498, validation loss: 0.03711733967065811
2024-03-20 18:38:05.347899:2024-03-20 18:38:05.347799: Current epoch: 304, loss: 0.006712725386023521, validation loss: 0.03763513267040253
2024-03-20 18:38:24.428103:2024-03-20 18:38:24.428027: Current epoch: 305, loss: 0.006703548599034548, validation loss: 0.03657851740717888
2024-03-20 18:38:44.578162:2024-03-20 18:38:44.578088: Current epoch: 306, loss: 0.0067202686332166195, validation loss: 0.036664534360170364
2024-03-20 18:39:02.816704:2024-03-20 18:39:02.816630: Current epoch: 307, loss: 0.006871494464576244, validation loss: 0.036907460540533066
2024-03-20 18:39:21.777463:2024-03-20 18:39:21.777363: Current epoch: 308, loss: 0.006789873819798231, validation loss: 0.03640497848391533
2024-03-20 18:39:41.192168:2024-03-20 18:39:41.192098: Current epoch: 309, loss: 0.006651829928159714, validation loss: 0.03651558980345726
2024-03-20 18:40:03.914586:2024-03-20 18:40:03.914524: Current epoch: 310, loss: 0.006793378386646509, validation loss: 0.03666125610470772
2024-03-20 18:40:24.379720:2024-03-20 18:40:24.379585: Current epoch: 311, loss: 0.006584249436855316, validation loss: 0.03688621520996094
2024-03-20 18:40:44.881643:2024-03-20 18:40:44.881554: Current epoch: 312, loss: 0.006631628610193729, validation loss: 0.036735281348228455
2024-03-20 18:41:04.285182:2024-03-20 18:41:04.285062: Current epoch: 313, loss: 0.00670265918597579, validation loss: 0.03627901151776314
2024-03-20 18:41:23.724223:2024-03-20 18:41:23.724135: Current epoch: 314, loss: 0.006679910700768232, validation loss: 0.03674210608005524
2024-03-20 18:41:43.855759:2024-03-20 18:41:43.855655: Current epoch: 315, loss: 0.006498498376458883, validation loss: 0.03692982345819473
2024-03-20 18:42:02.561839:2024-03-20 18:42:02.561734: Current epoch: 316, loss: 0.0067075565457344055, validation loss: 0.03677980229258537
2024-03-20 18:42:20.914214:2024-03-20 18:42:20.914141: Current epoch: 317, loss: 0.0065592327155172825, validation loss: 0.03691741079092026
2024-03-20 18:42:38.387091:2024-03-20 18:42:38.386977: Current epoch: 318, loss: 0.006586180534213781, validation loss: 0.03684627637267113
2024-03-20 18:42:55.107060:2024-03-20 18:42:55.107013: Current epoch: 319, loss: 0.006555906496942043, validation loss: 0.03666352108120918
2024-03-20 18:43:12.530760:2024-03-20 18:43:12.530686: Current epoch: 320, loss: 0.006427678745239973, validation loss: 0.03643479943275452
2024-03-20 18:43:32.050358:2024-03-20 18:43:32.050291: Current epoch: 321, loss: 0.006570098455995321, validation loss: 0.03776577487587929
2024-03-20 18:43:52.628406:2024-03-20 18:43:52.628326: Current epoch: 322, loss: 0.006611912045627832, validation loss: 0.03719130530953407
2024-03-20 18:44:12.481911:2024-03-20 18:44:12.481793: Current epoch: 323, loss: 0.006510243751108646, validation loss: 0.03706534579396248
2024-03-20 18:44:31.775291:2024-03-20 18:44:31.775217: Current epoch: 324, loss: 0.006521581672132015, validation loss: 0.03642455115914345
2024-03-20 18:44:51.600218:2024-03-20 18:44:51.600098: Current epoch: 325, loss: 0.0064086331985890865, validation loss: 0.037090398371219635
2024-03-20 18:45:10.976115:2024-03-20 18:45:10.975939: Current epoch: 326, loss: 0.0065602026879787445, validation loss: 0.03664921224117279
2024-03-20 18:45:31.030907:2024-03-20 18:45:31.030793: Current epoch: 327, loss: 0.0063866861164569855, validation loss: 0.03726222366094589
2024-03-20 18:45:51.837964:2024-03-20 18:45:51.837873: Current epoch: 328, loss: 0.006450268905609846, validation loss: 0.03671183064579964
2024-03-20 18:46:11.621549:2024-03-20 18:46:11.621474: Current epoch: 329, loss: 0.006466156803071499, validation loss: 0.037200938910245895
2024-03-20 18:46:31.319166:2024-03-20 18:46:31.319098: Current epoch: 330, loss: 0.006425473373383284, validation loss: 0.0369933657348156
2024-03-20 18:46:51.206137:2024-03-20 18:46:51.206064: Current epoch: 331, loss: 0.006500729825347662, validation loss: 0.03716341033577919
2024-03-20 18:47:11.630489:2024-03-20 18:47:11.630397: Current epoch: 332, loss: 0.006481718271970749, validation loss: 0.03703940287232399
2024-03-20 18:47:30.781028:2024-03-20 18:47:30.780941: Current epoch: 333, loss: 0.006388355512171984, validation loss: 0.03695106878876686
2024-03-20 18:47:50.528053:2024-03-20 18:47:50.527922: Current epoch: 334, loss: 0.006378252059221268, validation loss: 0.03698648512363434
2024-03-20 18:48:09.557006:2024-03-20 18:48:09.556882: Current epoch: 335, loss: 0.006296113133430481, validation loss: 0.037213023751974106
2024-03-20 18:48:29.329087:2024-03-20 18:48:29.328964: Current epoch: 336, loss: 0.006324617192149162, validation loss: 0.03657861053943634
2024-03-20 18:48:48.052442:2024-03-20 18:48:48.052264: Current epoch: 337, loss: 0.006363439839333296, validation loss: 0.037000928074121475
2024-03-20 18:49:08.014429:2024-03-20 18:49:08.014366: Current epoch: 338, loss: 0.006360206287354231, validation loss: 0.03666192293167114
2024-03-20 18:49:29.671495:2024-03-20 18:49:29.671398: Current epoch: 339, loss: 0.006568892393261194, validation loss: 0.036728959530591965
2024-03-20 18:49:48.716670:2024-03-20 18:49:48.716562: Current epoch: 340, loss: 0.006242800038307905, validation loss: 0.03674253448843956
2024-03-20 18:50:07.468616:2024-03-20 18:50:07.468496: Current epoch: 341, loss: 0.0062060123309493065, validation loss: 0.03669576719403267
2024-03-20 18:50:28.182987:2024-03-20 18:50:28.182910: Current epoch: 342, loss: 0.00632803188636899, validation loss: 0.03683633357286453
2024-03-20 18:50:47.455134:2024-03-20 18:50:47.455057: Current epoch: 343, loss: 0.006311536766588688, validation loss: 0.03678346425294876
2024-03-20 18:51:07.725028:2024-03-20 18:51:07.724921: Current epoch: 344, loss: 0.006281911861151457, validation loss: 0.03723715618252754
2024-03-20 18:51:27.539495:2024-03-20 18:51:27.539356: Current epoch: 345, loss: 0.006238084752112627, validation loss: 0.03732028231024742
2024-03-20 18:51:46.545127:2024-03-20 18:51:46.544970: Current epoch: 346, loss: 0.0062880064360797405, validation loss: 0.037209391593933105
2024-03-20 18:52:05.583413:2024-03-20 18:52:05.583293: Current epoch: 347, loss: 0.006446509156376123, validation loss: 0.03667311742901802
2024-03-20 18:52:24.838683:2024-03-20 18:52:24.838563: Current epoch: 348, loss: 0.0063122352585196495, validation loss: 0.03699817880988121
2024-03-20 18:52:41.777483:2024-03-20 18:52:41.777369: Current epoch: 349, loss: 0.006231867708265781, validation loss: 0.03680265694856644
2024-03-20 18:53:01.917226:2024-03-20 18:53:01.917165: Current epoch: 350, loss: 0.0060625527985394, validation loss: 0.03699060156941414
2024-03-20 18:53:20.925401:2024-03-20 18:53:20.925332: Current epoch: 351, loss: 0.006240536458790302, validation loss: 0.03665957227349281
2024-03-20 18:53:40.259549:2024-03-20 18:53:40.259422: Current epoch: 352, loss: 0.006211322732269764, validation loss: 0.036796506494283676
2024-03-20 18:53:59.490641:2024-03-20 18:53:59.490520: Current epoch: 353, loss: 0.0060946340672671795, validation loss: 0.03670467436313629
2024-03-20 18:54:19.192730:2024-03-20 18:54:19.192606: Current epoch: 354, loss: 0.006109568756073713, validation loss: 0.036559998989105225
2024-03-20 18:54:39.381080:2024-03-20 18:54:39.380965: Current epoch: 355, loss: 0.006294168997555971, validation loss: 0.03664344549179077
2024-03-20 18:54:58.575678:2024-03-20 18:54:58.575562: Current epoch: 356, loss: 0.0061707813292741776, validation loss: 0.0365997776389122
2024-03-20 18:55:18.028685:2024-03-20 18:55:18.028546: Current epoch: 357, loss: 0.0061320653185248375, validation loss: 0.037018898874521255
2024-03-20 18:55:38.212811:2024-03-20 18:55:38.212727: Current epoch: 358, loss: 0.0061087412759661674, validation loss: 0.03712763637304306
2024-03-20 18:55:58.072105:2024-03-20 18:55:58.071932: Current epoch: 359, loss: 0.006188512779772282, validation loss: 0.0365467369556427
2024-03-20 18:56:17.430482:2024-03-20 18:56:17.430357: Current epoch: 360, loss: 0.006094228010624647, validation loss: 0.03683287650346756
2024-03-20 18:56:38.294896:2024-03-20 18:56:38.294660: Current epoch: 361, loss: 0.006058872677385807, validation loss: 0.036839134991168976
2024-03-20 18:56:57.226760:2024-03-20 18:56:57.226634: Current epoch: 362, loss: 0.0060598826967179775, validation loss: 0.03670404851436615
2024-03-20 18:57:16.766160:2024-03-20 18:57:16.766090: Current epoch: 363, loss: 0.0061574713326990604, validation loss: 0.03674647584557533
2024-03-20 18:57:36.525719:2024-03-20 18:57:36.525619: Current epoch: 364, loss: 0.0061411550268530846, validation loss: 0.03750699386000633
2024-03-20 18:57:56.575952:2024-03-20 18:57:56.575848: Current epoch: 365, loss: 0.006128791254013777, validation loss: 0.03689686208963394
2024-03-20 18:57:58.296962:the test error is  [0.03657141700387001, 0.03657141700387001]
2024-03-20 18:58:01.926984:saved model to sample/alignn_bert-base-uncased_combo_prop_ehull
2024-03-20 18:58:03.152298:done