
2024-04-10 14:57:17.226479:job config: {'train_data_path': '/data/yll6162/alignntl_dft_3d/tl_dataset/dataset_alignn_matbert-base-cased_chemnlp_prop_slme_train.csv', 'val_data_path': '/data/yll6162/alignntl_dft_3d/tl_dataset/dataset_alignn_matbert-base-cased_chemnlp_prop_slme_val.csv', 'test_data_path': '/data/yll6162/alignntl_dft_3d/tl_dataset/dataset_alignn_matbert-base-cased_chemnlp_prop_slme_test.csv', 'label': 'slme', 'input_type': None, 'log_folder': 'log', 'log_file': 'alignn_bert-base-uncased_robo_prop_slme.log', 'test_metric': 'mae', 'architecture': '1024Rx4D-512Rx3D-256Rx3D-128Rx3D-64Rx2-32Rx1-1', 'model_seed': 0, 'loss_type': 'mae', 'config_file': 'sample/alignn_bert-base-uncased_robo_prop_slme_job.config', 'use_valid': True, 'project': 'MOF', 'regressors': None, 'input_types': None, 'paramsGrid': {'optimizer': 'Adam', 'learning_rate': 0.0001, 'patience': 100, 'dropouts': [0.8, 0.9, 0.7, 0.8], 'EVAL_FREQUENCY': 1000}, 'save_path': 'sample/alignn_bert-base-uncased_robo_prop_slme', 'model_path': None, 'last_layer_with_weight': True, 'keras_path': 'model/alignn_bert-base-uncased_robo_prop_slme', 'test_size': None, 'val_size': None}
2024-04-10 14:57:17.226541:train data path is  /data/yll6162/alignntl_dft_3d/tl_dataset/dataset_alignn_matbert-base-cased_chemnlp_prop_slme_train.csv
2024-04-10 14:57:19.243039:input attribute sets are:  None
2024-04-10 14:57:19.243568:test data path is  /data/yll6162/alignntl_dft_3d/tl_dataset/dataset_alignn_matbert-base-cased_chemnlp_prop_slme_test.csv
2024-04-10 14:57:19.519654:val data path is  /data/yll6162/alignntl_dft_3d/tl_dataset/dataset_alignn_matbert-base-cased_chemnlp_prop_slme_val.csv
2024-04-10 14:57:19.793605:input attributes are:  Index(['0', '1', '2', '3', '4', '5', '6', '7', '8', '9',
       ...
       '758.1', '759.1', '760.1', '761.1', '762.1', '763.1', '764.1', '765.1',
       '766.1', '767.1'],
      dtype='object', length=1536)
2024-04-10 14:57:19.793720:label: slme
2024-04-10 14:57:28.358541: train, test, valid sizes:  (7810, 1536) (7810,) (977, 1536) (977,) (977, 1536) (977,)
2024-04-10 14:57:28.407504:train matrix shape of train_X:  (7810, 1536)  train_y:  (7810,)
2024-04-10 14:57:28.407647:valid matrix shape of train_X:  (977, 1536)  valid_y:  (977,)
2024-04-10 14:57:28.407687:test matrix shape of valid_X:   (977, 1536)  test_y:  (977,)
2024-04-10 14:57:28.407721:architecture is:  1024Rx4D-512Rx3D-256Rx3D-128Rx3D-64Rx2-32Rx1-1
2024-04-10 14:57:28.407757:learning rate is  0.0001
2024-04-10 14:57:28.407789:model path is  None
2024-04-10 14:57:28.416867:adding fully connected layers with 1024 outputs
2024-04-10 14:57:30.401749:adding residual with fc as the size are different
2024-04-10 14:57:30.408600:adding fully connected layers with 1024 outputs
2024-04-10 14:57:30.413548:adding residual, both sizes are same
2024-04-10 14:57:30.415407:adding fully connected layers with 1024 outputs
2024-04-10 14:57:30.420092:adding residual, both sizes are same
2024-04-10 14:57:30.421931:adding fully connected layers with 1024 outputs
2024-04-10 14:57:30.426547:adding residual, both sizes are same
2024-04-10 14:57:30.428366:adding dropout 0.8
2024-04-10 14:57:30.432722:adding fully connected layers with 512 outputs
2024-04-10 14:57:30.437537:adding residual with fc as the size are different
2024-04-10 14:57:30.444387:adding fully connected layers with 512 outputs
2024-04-10 14:57:30.449145:adding residual, both sizes are same
2024-04-10 14:57:30.450946:adding fully connected layers with 512 outputs
2024-04-10 14:57:30.455650:adding residual, both sizes are same
2024-04-10 14:57:30.457528:adding dropout 0.9
2024-04-10 14:57:30.459121:adding fully connected layers with 256 outputs
2024-04-10 14:57:30.471039:adding residual with fc as the size are different
2024-04-10 14:57:30.482619:adding fully connected layers with 256 outputs
2024-04-10 14:57:30.487264:adding residual, both sizes are same
2024-04-10 14:57:30.492998:adding fully connected layers with 256 outputs
2024-04-10 14:57:30.503816:adding residual, both sizes are same
2024-04-10 14:57:30.506171:adding dropout 0.7
2024-04-10 14:57:30.508216:adding fully connected layers with 128 outputs
2024-04-10 14:57:30.513548:adding residual with fc as the size are different
2024-04-10 14:57:30.519694:adding fully connected layers with 128 outputs
2024-04-10 14:57:30.532070:adding residual, both sizes are same
2024-04-10 14:57:30.537553:adding fully connected layers with 128 outputs
2024-04-10 14:57:30.547371:adding residual, both sizes are same
2024-04-10 14:57:30.550795:adding dropout 0.8
2024-04-10 14:57:30.552662:adding fully connected layers with 64 outputs
2024-04-10 14:57:30.557538:adding residual with fc as the size are different
2024-04-10 14:57:30.573543:adding fully connected layers with 64 outputs
2024-04-10 14:57:30.580831:adding residual, both sizes are same
2024-04-10 14:57:30.582902:adding fully connected layers with 32 outputs
2024-04-10 14:57:30.588068:adding residual with fc as the size are different
2024-04-10 14:57:30.594822:adding final layer with 1 output
2024-04-10 14:57:30.604525:Model: "ElemNet"
2024-04-10 14:57:30.604598:__________________________________________________________________________________________________
2024-04-10 14:57:30.604648:Layer (type)                    Output Shape         Param #     Connected to                     
2024-04-10 14:57:30.604685:==================================================================================================
2024-04-10 14:57:30.604894:elemental_fractions (InputLayer [(None, 1536)]       0                                            
2024-04-10 14:57:30.604941:__________________________________________________________________________________________________
2024-04-10 14:57:30.605093:fc0_0 (Dense)                   (None, 1024)         1573888     elemental_fractions[0][0]        
2024-04-10 14:57:30.605140:__________________________________________________________________________________________________
2024-04-10 14:57:30.605254:fc0_dim_0 (Dense)               (None, 1024)         1573888     elemental_fractions[0][0]        
2024-04-10 14:57:30.605306:__________________________________________________________________________________________________
2024-04-10 14:57:30.605392:tf.__operators__.add (TFOpLambd (None, 1024)         0           fc0_0[0][0]                      
2024-04-10 14:57:30.605436:                                                                 fc0_dim_0[0][0]                  
2024-04-10 14:57:30.605473:__________________________________________________________________________________________________
2024-04-10 14:57:30.605581:fc0_1 (Dense)                   (None, 1024)         1049600     tf.__operators__.add[0][0]       
2024-04-10 14:57:30.605624:__________________________________________________________________________________________________
2024-04-10 14:57:30.605702:tf.__operators__.add_1 (TFOpLam (None, 1024)         0           fc0_1[0][0]                      
2024-04-10 14:57:30.605745:                                                                 tf.__operators__.add[0][0]       
2024-04-10 14:57:30.605781:__________________________________________________________________________________________________
2024-04-10 14:57:30.605885:fc0_2 (Dense)                   (None, 1024)         1049600     tf.__operators__.add_1[0][0]     
2024-04-10 14:57:30.605927:__________________________________________________________________________________________________
2024-04-10 14:57:30.606003:tf.__operators__.add_2 (TFOpLam (None, 1024)         0           fc0_2[0][0]                      
2024-04-10 14:57:30.606045:                                                                 tf.__operators__.add_1[0][0]     
2024-04-10 14:57:30.606081:__________________________________________________________________________________________________
2024-04-10 14:57:30.606184:fc0_3 (Dense)                   (None, 1024)         1049600     tf.__operators__.add_2[0][0]     
2024-04-10 14:57:30.606227:__________________________________________________________________________________________________
2024-04-10 14:57:30.606310:tf.__operators__.add_3 (TFOpLam (None, 1024)         0           fc0_3[0][0]                      
2024-04-10 14:57:30.606355:                                                                 tf.__operators__.add_2[0][0]     
2024-04-10 14:57:30.606397:__________________________________________________________________________________________________
2024-04-10 14:57:30.606473:dropout (Dropout)               (None, 1024)         0           tf.__operators__.add_3[0][0]     
2024-04-10 14:57:30.606512:__________________________________________________________________________________________________
2024-04-10 14:57:30.606619:fc1_0 (Dense)                   (None, 512)          524800      dropout[0][0]                    
2024-04-10 14:57:30.606661:__________________________________________________________________________________________________
2024-04-10 14:57:30.606763:fc1_dim_0 (Dense)               (None, 512)          524800      dropout[0][0]                    
2024-04-10 14:57:30.606805:__________________________________________________________________________________________________
2024-04-10 14:57:30.606881:tf.__operators__.add_4 (TFOpLam (None, 512)          0           fc1_0[0][0]                      
2024-04-10 14:57:30.606923:                                                                 fc1_dim_0[0][0]                  
2024-04-10 14:57:30.606959:__________________________________________________________________________________________________
2024-04-10 14:57:30.607060:fc1_1 (Dense)                   (None, 512)          262656      tf.__operators__.add_4[0][0]     
2024-04-10 14:57:30.607103:__________________________________________________________________________________________________
2024-04-10 14:57:30.607178:tf.__operators__.add_5 (TFOpLam (None, 512)          0           fc1_1[0][0]                      
2024-04-10 14:57:30.607220:                                                                 tf.__operators__.add_4[0][0]     
2024-04-10 14:57:30.607256:__________________________________________________________________________________________________
2024-04-10 14:57:30.607369:fc1_2 (Dense)                   (None, 512)          262656      tf.__operators__.add_5[0][0]     
2024-04-10 14:57:30.607412:__________________________________________________________________________________________________
2024-04-10 14:57:30.607487:tf.__operators__.add_6 (TFOpLam (None, 512)          0           fc1_2[0][0]                      
2024-04-10 14:57:30.607529:                                                                 tf.__operators__.add_5[0][0]     
2024-04-10 14:57:30.607565:__________________________________________________________________________________________________
2024-04-10 14:57:30.607637:dropout_1 (Dropout)             (None, 512)          0           tf.__operators__.add_6[0][0]     
2024-04-10 14:57:30.607676:__________________________________________________________________________________________________
2024-04-10 14:57:30.607778:fc2_0 (Dense)                   (None, 256)          131328      dropout_1[0][0]                  
2024-04-10 14:57:30.607820:__________________________________________________________________________________________________
2024-04-10 14:57:30.607921:fc2_dim_0 (Dense)               (None, 256)          131328      dropout_1[0][0]                  
2024-04-10 14:57:30.607963:__________________________________________________________________________________________________
2024-04-10 14:57:30.608038:tf.__operators__.add_7 (TFOpLam (None, 256)          0           fc2_0[0][0]                      
2024-04-10 14:57:30.608080:                                                                 fc2_dim_0[0][0]                  
2024-04-10 14:57:30.608116:__________________________________________________________________________________________________
2024-04-10 14:57:30.608216:fc2_1 (Dense)                   (None, 256)          65792       tf.__operators__.add_7[0][0]     
2024-04-10 14:57:30.608258:__________________________________________________________________________________________________
2024-04-10 14:57:30.608342:tf.__operators__.add_8 (TFOpLam (None, 256)          0           fc2_1[0][0]                      
2024-04-10 14:57:30.608389:                                                                 tf.__operators__.add_7[0][0]     
2024-04-10 14:57:30.608425:__________________________________________________________________________________________________
2024-04-10 14:57:30.608530:fc2_2 (Dense)                   (None, 256)          65792       tf.__operators__.add_8[0][0]     
2024-04-10 14:57:30.608588:__________________________________________________________________________________________________
2024-04-10 14:57:30.608665:tf.__operators__.add_9 (TFOpLam (None, 256)          0           fc2_2[0][0]                      
2024-04-10 14:57:30.608708:                                                                 tf.__operators__.add_8[0][0]     
2024-04-10 14:57:30.608744:__________________________________________________________________________________________________
2024-04-10 14:57:30.608815:dropout_2 (Dropout)             (None, 256)          0           tf.__operators__.add_9[0][0]     
2024-04-10 14:57:30.608854:__________________________________________________________________________________________________
2024-04-10 14:57:30.608956:fc3_0 (Dense)                   (None, 128)          32896       dropout_2[0][0]                  
2024-04-10 14:57:30.608997:__________________________________________________________________________________________________
2024-04-10 14:57:30.609099:fc3_dim_0 (Dense)               (None, 128)          32896       dropout_2[0][0]                  
2024-04-10 14:57:30.609141:__________________________________________________________________________________________________
2024-04-10 14:57:30.609216:tf.__operators__.add_10 (TFOpLa (None, 128)          0           fc3_0[0][0]                      
2024-04-10 14:57:30.609258:                                                                 fc3_dim_0[0][0]                  
2024-04-10 14:57:30.609301:__________________________________________________________________________________________________
2024-04-10 14:57:30.609441:fc3_1 (Dense)                   (None, 128)          16512       tf.__operators__.add_10[0][0]    
2024-04-10 14:57:30.609493:__________________________________________________________________________________________________
2024-04-10 14:57:30.609571:tf.__operators__.add_11 (TFOpLa (None, 128)          0           fc3_1[0][0]                      
2024-04-10 14:57:30.609614:                                                                 tf.__operators__.add_10[0][0]    
2024-04-10 14:57:30.609650:__________________________________________________________________________________________________
2024-04-10 14:57:30.609755:fc3_2 (Dense)                   (None, 128)          16512       tf.__operators__.add_11[0][0]    
2024-04-10 14:57:30.609797:__________________________________________________________________________________________________
2024-04-10 14:57:30.609871:tf.__operators__.add_12 (TFOpLa (None, 128)          0           fc3_2[0][0]                      
2024-04-10 14:57:30.609913:                                                                 tf.__operators__.add_11[0][0]    
2024-04-10 14:57:30.609949:__________________________________________________________________________________________________
2024-04-10 14:57:30.610022:dropout_3 (Dropout)             (None, 128)          0           tf.__operators__.add_12[0][0]    
2024-04-10 14:57:30.610060:__________________________________________________________________________________________________
2024-04-10 14:57:30.610160:fc4_0 (Dense)                   (None, 64)           8256        dropout_3[0][0]                  
2024-04-10 14:57:30.610202:__________________________________________________________________________________________________
2024-04-10 14:57:30.610317:fc4_dim_0 (Dense)               (None, 64)           8256        dropout_3[0][0]                  
2024-04-10 14:57:30.610362:__________________________________________________________________________________________________
2024-04-10 14:57:30.610440:tf.__operators__.add_13 (TFOpLa (None, 64)           0           fc4_0[0][0]                      
2024-04-10 14:57:30.610489:                                                                 fc4_dim_0[0][0]                  
2024-04-10 14:57:30.610525:__________________________________________________________________________________________________
2024-04-10 14:57:30.610629:fc4_1 (Dense)                   (None, 64)           4160        tf.__operators__.add_13[0][0]    
2024-04-10 14:57:30.610671:__________________________________________________________________________________________________
2024-04-10 14:57:30.610746:tf.__operators__.add_14 (TFOpLa (None, 64)           0           fc4_1[0][0]                      
2024-04-10 14:57:30.610788:                                                                 tf.__operators__.add_13[0][0]    
2024-04-10 14:57:30.610824:__________________________________________________________________________________________________
2024-04-10 14:57:30.610927:fc5_0 (Dense)                   (None, 32)           2080        tf.__operators__.add_14[0][0]    
2024-04-10 14:57:30.610968:__________________________________________________________________________________________________
2024-04-10 14:57:30.611069:fc5_dim_0 (Dense)               (None, 32)           2080        tf.__operators__.add_14[0][0]    
2024-04-10 14:57:30.613076:__________________________________________________________________________________________________
2024-04-10 14:57:30.613172:tf.__operators__.add_15 (TFOpLa (None, 32)           0           fc5_0[0][0]                      
2024-04-10 14:57:30.613217:                                                                 fc5_dim_0[0][0]                  
2024-04-10 14:57:30.613254:__________________________________________________________________________________________________
2024-04-10 14:57:30.613374:fc6 (Dense)                     (None, 1)            33          tf.__operators__.add_15[0][0]    
2024-04-10 14:57:30.613418:==================================================================================================
2024-04-10 14:57:30.614078:Total params: 8,389,409
2024-04-10 14:57:30.614130:Trainable params: 8,389,409
2024-04-10 14:57:30.614180:Non-trainable params: 0
2024-04-10 14:57:30.614215:__________________________________________________________________________________________________
2024-04-10 14:57:30.624230:start training
2024-04-10 14:57:34.422378:2024-04-10 14:57:34.422320: Current epoch: 0, loss: 11.41849422454834, validation loss: 7.524975776672363
2024-04-10 14:57:36.624707:2024-04-10 14:57:36.624639: Current epoch: 1, loss: 7.693262577056885, validation loss: 7.528567790985107
2024-04-10 14:57:38.865069:2024-04-10 14:57:38.864937: Current epoch: 2, loss: 6.923089981079102, validation loss: 8.0717134475708
2024-04-10 14:57:41.136650:2024-04-10 14:57:41.136537: Current epoch: 3, loss: 6.678123950958252, validation loss: 9.90242862701416
2024-04-10 14:57:43.441335:2024-04-10 14:57:43.441209: Current epoch: 4, loss: 6.181451797485352, validation loss: 7.070666313171387
2024-04-10 14:57:45.765928:2024-04-10 14:57:45.765838: Current epoch: 5, loss: 5.590678691864014, validation loss: 6.515615463256836
2024-04-10 14:57:48.215793:2024-04-10 14:57:48.215714: Current epoch: 6, loss: 5.3499274253845215, validation loss: 6.1705169677734375
2024-04-10 14:57:50.566362:2024-04-10 14:57:50.566187: Current epoch: 7, loss: 5.030353546142578, validation loss: 6.7382426261901855
2024-04-10 14:57:52.860057:2024-04-10 14:57:52.859898: Current epoch: 8, loss: 5.004462718963623, validation loss: 6.434863567352295
2024-04-10 14:57:55.235551:2024-04-10 14:57:55.235481: Current epoch: 9, loss: 4.759682655334473, validation loss: 6.465862274169922
2024-04-10 14:58:00.143849:2024-04-10 14:58:00.143715: Current epoch: 10, loss: 4.585572242736816, validation loss: 6.2441182136535645
2024-04-10 14:58:02.595563:2024-04-10 14:58:02.595488: Current epoch: 11, loss: 4.239171028137207, validation loss: 5.8644700050354
2024-04-10 14:58:04.819619:2024-04-10 14:58:04.819549: Current epoch: 12, loss: 4.203298568725586, validation loss: 5.91064453125
2024-04-10 14:58:07.092404:2024-04-10 14:58:07.092342: Current epoch: 13, loss: 4.086333751678467, validation loss: 5.619711399078369
2024-04-10 14:58:09.314804:2024-04-10 14:58:09.314729: Current epoch: 14, loss: 3.8832781314849854, validation loss: 5.364690780639648
2024-04-10 14:58:11.516357:2024-04-10 14:58:11.516171: Current epoch: 15, loss: 3.657447576522827, validation loss: 5.907551288604736
2024-04-10 14:58:13.822313:2024-04-10 14:58:13.822112: Current epoch: 16, loss: 3.666971206665039, validation loss: 5.503815650939941
2024-04-10 14:58:16.079935:2024-04-10 14:58:16.079701: Current epoch: 17, loss: 3.522665023803711, validation loss: 5.965267181396484
2024-04-10 14:58:18.415630:2024-04-10 14:58:18.415542: Current epoch: 18, loss: 3.566094160079956, validation loss: 6.211694240570068
2024-04-10 14:58:20.662044:2024-04-10 14:58:20.661969: Current epoch: 19, loss: 3.4172375202178955, validation loss: 5.118687629699707
2024-04-10 14:58:25.361443:2024-04-10 14:58:25.361248: Current epoch: 20, loss: 3.354104518890381, validation loss: 5.492685317993164
2024-04-10 14:58:27.593817:2024-04-10 14:58:27.593691: Current epoch: 21, loss: 3.278751850128174, validation loss: 5.499050617218018
2024-04-10 14:58:29.888619:2024-04-10 14:58:29.888468: Current epoch: 22, loss: 3.271724224090576, validation loss: 5.954928874969482
2024-04-10 14:58:32.145183:2024-04-10 14:58:32.145052: Current epoch: 23, loss: 3.1801974773406982, validation loss: 5.203100681304932
2024-04-10 14:58:34.393032:2024-04-10 14:58:34.392898: Current epoch: 24, loss: 2.9870479106903076, validation loss: 5.404835224151611
2024-04-10 14:58:36.638369:2024-04-10 14:58:36.638217: Current epoch: 25, loss: 2.9301795959472656, validation loss: 5.169602394104004
2024-04-10 14:58:38.966745:2024-04-10 14:58:38.966461: Current epoch: 26, loss: 2.84373140335083, validation loss: 5.462349891662598
2024-04-10 14:58:41.297543:2024-04-10 14:58:41.297440: Current epoch: 27, loss: 2.857281446456909, validation loss: 5.0140461921691895
2024-04-10 14:58:43.705112:2024-04-10 14:58:43.704990: Current epoch: 28, loss: 2.7887120246887207, validation loss: 5.383971691131592
2024-04-10 14:58:46.124901:2024-04-10 14:58:46.124751: Current epoch: 29, loss: 2.704590082168579, validation loss: 5.367530822753906
2024-04-10 14:58:48.563253:2024-04-10 14:58:48.563088: Current epoch: 30, loss: 2.6531310081481934, validation loss: 5.023067951202393
2024-04-10 14:58:50.943594:2024-04-10 14:58:50.943493: Current epoch: 31, loss: 2.574456214904785, validation loss: 4.825692653656006
2024-04-10 14:58:53.257750:2024-04-10 14:58:53.257629: Current epoch: 32, loss: 2.6184942722320557, validation loss: 5.2256855964660645
2024-04-10 14:58:55.562843:2024-04-10 14:58:55.562680: Current epoch: 33, loss: 2.4794342517852783, validation loss: 4.940995216369629
2024-04-10 14:58:57.837206:2024-04-10 14:58:57.837046: Current epoch: 34, loss: 2.435800313949585, validation loss: 4.923483848571777
2024-04-10 14:59:00.216251:2024-04-10 14:59:00.216089: Current epoch: 35, loss: 2.4498984813690186, validation loss: 5.008591651916504
2024-04-10 14:59:02.488047:2024-04-10 14:59:02.487874: Current epoch: 36, loss: 2.420569896697998, validation loss: 5.3017096519470215
2024-04-10 14:59:04.903496:2024-04-10 14:59:04.903426: Current epoch: 37, loss: 2.4262025356292725, validation loss: 4.7862653732299805
2024-04-10 14:59:07.353261:2024-04-10 14:59:07.353152: Current epoch: 38, loss: 2.2151408195495605, validation loss: 5.092000961303711
2024-04-10 14:59:09.689440:2024-04-10 14:59:09.689368: Current epoch: 39, loss: 2.414903402328491, validation loss: 5.381225109100342
2024-04-10 14:59:12.073204:2024-04-10 14:59:12.073088: Current epoch: 40, loss: 2.3888189792633057, validation loss: 4.92209529876709
2024-04-10 14:59:14.409732:2024-04-10 14:59:14.409675: Current epoch: 41, loss: 2.188995361328125, validation loss: 4.768209457397461
2024-04-10 14:59:16.662882:2024-04-10 14:59:16.662810: Current epoch: 42, loss: 2.1175856590270996, validation loss: 5.241342544555664
2024-04-10 14:59:18.970268:2024-04-10 14:59:18.970154: Current epoch: 43, loss: 2.094006299972534, validation loss: 4.87058162689209
2024-04-10 14:59:21.234817:2024-04-10 14:59:21.234746: Current epoch: 44, loss: 2.145303726196289, validation loss: 4.95027494430542
2024-04-10 14:59:23.488510:2024-04-10 14:59:23.488445: Current epoch: 45, loss: 2.074129819869995, validation loss: 4.853888988494873
2024-04-10 14:59:25.721638:2024-04-10 14:59:25.721538: Current epoch: 46, loss: 2.0576982498168945, validation loss: 4.903348445892334
2024-04-10 14:59:28.147475:2024-04-10 14:59:28.147299: Current epoch: 47, loss: 1.9746296405792236, validation loss: 4.785641670227051
2024-04-10 14:59:30.551939:2024-04-10 14:59:30.551839: Current epoch: 48, loss: 1.940898060798645, validation loss: 5.0675859451293945
2024-04-10 14:59:32.824195:2024-04-10 14:59:32.824068: Current epoch: 49, loss: 1.9095083475112915, validation loss: 4.801851272583008
2024-04-10 14:59:37.736085:2024-04-10 14:59:37.735897: Current epoch: 50, loss: 1.9108941555023193, validation loss: 4.983196258544922
2024-04-10 14:59:40.163795:2024-04-10 14:59:40.163717: Current epoch: 51, loss: 1.8517355918884277, validation loss: 4.779470920562744
2024-04-10 14:59:42.515572:2024-04-10 14:59:42.515493: Current epoch: 52, loss: 1.9425383806228638, validation loss: 5.092295169830322
2024-04-10 14:59:44.872074:2024-04-10 14:59:44.871962: Current epoch: 53, loss: 1.8588039875030518, validation loss: 4.967442989349365
2024-04-10 14:59:47.293503:2024-04-10 14:59:47.293358: Current epoch: 54, loss: 1.8601473569869995, validation loss: 4.996362686157227
2024-04-10 14:59:49.583522:2024-04-10 14:59:49.583382: Current epoch: 55, loss: 1.8024271726608276, validation loss: 5.177341461181641
2024-04-10 14:59:52.087772:2024-04-10 14:59:52.087599: Current epoch: 56, loss: 1.849461317062378, validation loss: 4.918534278869629
2024-04-10 14:59:54.596737:2024-04-10 14:59:54.596577: Current epoch: 57, loss: 1.8089654445648193, validation loss: 4.852197647094727
2024-04-10 14:59:56.963888:2024-04-10 14:59:56.963780: Current epoch: 58, loss: 1.7728086709976196, validation loss: 4.9224419593811035
2024-04-10 14:59:59.412647:2024-04-10 14:59:59.412562: Current epoch: 59, loss: 1.7313811779022217, validation loss: 4.673856735229492
2024-04-10 15:00:04.115133:2024-04-10 15:00:04.115059: Current epoch: 60, loss: 1.6763468980789185, validation loss: 4.765004634857178
2024-04-10 15:00:06.391058:2024-04-10 15:00:06.390985: Current epoch: 61, loss: 1.7046399116516113, validation loss: 4.875709533691406
2024-04-10 15:00:08.640470:2024-04-10 15:00:08.640395: Current epoch: 62, loss: 1.7300167083740234, validation loss: 4.765095233917236
2024-04-10 15:00:10.995712:2024-04-10 15:00:10.995550: Current epoch: 63, loss: 1.7594655752182007, validation loss: 4.730882167816162
2024-04-10 15:00:13.303901:2024-04-10 15:00:13.303829: Current epoch: 64, loss: 1.6712546348571777, validation loss: 4.5402631759643555
2024-04-10 15:00:15.552215:2024-04-10 15:00:15.552104: Current epoch: 65, loss: 1.6728326082229614, validation loss: 5.040282726287842
2024-04-10 15:00:17.868088:2024-04-10 15:00:17.868015: Current epoch: 66, loss: 1.6256881952285767, validation loss: 4.844385147094727
2024-04-10 15:00:20.151335:2024-04-10 15:00:20.151160: Current epoch: 67, loss: 1.632341742515564, validation loss: 4.5579047203063965
2024-04-10 15:00:22.424245:2024-04-10 15:00:22.424096: Current epoch: 68, loss: 1.553990364074707, validation loss: 4.785709857940674
2024-04-10 15:00:24.705340:2024-04-10 15:00:24.705244: Current epoch: 69, loss: 1.5661473274230957, validation loss: 4.697471618652344
2024-04-10 15:00:27.111004:2024-04-10 15:00:27.110932: Current epoch: 70, loss: 1.5660791397094727, validation loss: 4.765869617462158
2024-04-10 15:00:29.476027:2024-04-10 15:00:29.475990: Current epoch: 71, loss: 1.5281593799591064, validation loss: 4.810425758361816
2024-04-10 15:00:31.922382:2024-04-10 15:00:31.922197: Current epoch: 72, loss: 1.4616256952285767, validation loss: 4.697596549987793
2024-04-10 15:00:34.245810:2024-04-10 15:00:34.245700: Current epoch: 73, loss: 1.4822264909744263, validation loss: 4.664523601531982
2024-04-10 15:00:36.483396:2024-04-10 15:00:36.483325: Current epoch: 74, loss: 1.524352788925171, validation loss: 4.728871822357178
2024-04-10 15:00:38.715954:2024-04-10 15:00:38.715881: Current epoch: 75, loss: 1.4611772298812866, validation loss: 4.771604537963867
2024-04-10 15:00:40.937696:2024-04-10 15:00:40.937624: Current epoch: 76, loss: 1.4325881004333496, validation loss: 4.773683071136475
2024-04-10 15:00:43.184408:2024-04-10 15:00:43.184255: Current epoch: 77, loss: 1.449925422668457, validation loss: 4.739497661590576
2024-04-10 15:00:45.499667:2024-04-10 15:00:45.499598: Current epoch: 78, loss: 1.3764078617095947, validation loss: 4.532427787780762
2024-04-10 15:00:47.723308:2024-04-10 15:00:47.723159: Current epoch: 79, loss: 1.3909211158752441, validation loss: 4.559985637664795
2024-04-10 15:00:52.271185:2024-04-10 15:00:52.271094: Current epoch: 80, loss: 1.3659569025039673, validation loss: 4.711925029754639
2024-04-10 15:00:54.525125:2024-04-10 15:00:54.525054: Current epoch: 81, loss: 1.4019228219985962, validation loss: 4.590978145599365
2024-04-10 15:00:56.761500:2024-04-10 15:00:56.761372: Current epoch: 82, loss: 1.3562427759170532, validation loss: 4.864380836486816
2024-04-10 15:00:58.959485:2024-04-10 15:00:58.959412: Current epoch: 83, loss: 1.3199578523635864, validation loss: 4.539185523986816
2024-04-10 15:01:01.154100:2024-04-10 15:01:01.154028: Current epoch: 84, loss: 1.2752641439437866, validation loss: 5.016251564025879
2024-04-10 15:01:03.373485:2024-04-10 15:01:03.373376: Current epoch: 85, loss: 1.3063080310821533, validation loss: 4.605382919311523
2024-04-10 15:01:05.622954:2024-04-10 15:01:05.622831: Current epoch: 86, loss: 1.3230916261672974, validation loss: 4.891336917877197
2024-04-10 15:01:07.847143:2024-04-10 15:01:07.846997: Current epoch: 87, loss: 1.316825032234192, validation loss: 4.6043219566345215
2024-04-10 15:01:10.092070:2024-04-10 15:01:10.091947: Current epoch: 88, loss: 1.2650107145309448, validation loss: 4.738971710205078
2024-04-10 15:01:12.381043:2024-04-10 15:01:12.380867: Current epoch: 89, loss: 1.3856083154678345, validation loss: 4.68115234375
2024-04-10 15:01:14.638085:2024-04-10 15:01:14.637991: Current epoch: 90, loss: 1.27606201171875, validation loss: 4.565039157867432
2024-04-10 15:01:16.830964:2024-04-10 15:01:16.830890: Current epoch: 91, loss: 1.2433489561080933, validation loss: 4.675032138824463
2024-04-10 15:01:19.079404:2024-04-10 15:01:19.079252: Current epoch: 92, loss: 1.247971773147583, validation loss: 4.6517333984375
2024-04-10 15:01:21.316025:2024-04-10 15:01:21.315889: Current epoch: 93, loss: 1.3098504543304443, validation loss: 4.538146018981934
2024-04-10 15:01:23.533657:2024-04-10 15:01:23.533585: Current epoch: 94, loss: 1.2199997901916504, validation loss: 4.582206726074219
2024-04-10 15:01:25.960452:2024-04-10 15:01:25.960378: Current epoch: 95, loss: 1.2397255897521973, validation loss: 4.676702499389648
2024-04-10 15:01:28.277447:2024-04-10 15:01:28.277374: Current epoch: 96, loss: 1.2567453384399414, validation loss: 4.67094087600708
2024-04-10 15:01:30.496835:2024-04-10 15:01:30.496722: Current epoch: 97, loss: 1.1824008226394653, validation loss: 4.6797027587890625
2024-04-10 15:01:32.739610:2024-04-10 15:01:32.739539: Current epoch: 98, loss: 1.1915498971939087, validation loss: 4.656603813171387
2024-04-10 15:01:35.021541:2024-04-10 15:01:35.021418: Current epoch: 99, loss: 1.1640840768814087, validation loss: 4.561243057250977
2024-04-10 15:01:37.242809:2024-04-10 15:01:37.242648: Current epoch: 100, loss: 1.1393136978149414, validation loss: 4.683197021484375
2024-04-10 15:01:39.527454:2024-04-10 15:01:39.527327: Current epoch: 101, loss: 1.2206968069076538, validation loss: 4.619468688964844
2024-04-10 15:01:41.809996:2024-04-10 15:01:41.809923: Current epoch: 102, loss: 1.1734225749969482, validation loss: 4.50839900970459
2024-04-10 15:01:44.196649:2024-04-10 15:01:44.196411: Current epoch: 103, loss: 1.1816926002502441, validation loss: 4.595424175262451
2024-04-10 15:01:46.594762:2024-04-10 15:01:46.594629: Current epoch: 104, loss: 1.168264627456665, validation loss: 4.499526023864746
2024-04-10 15:01:48.914877:2024-04-10 15:01:48.914753: Current epoch: 105, loss: 1.1142774820327759, validation loss: 4.574158191680908
2024-04-10 15:01:51.240034:2024-04-10 15:01:51.239887: Current epoch: 106, loss: 1.1966649293899536, validation loss: 4.9306182861328125
2024-04-10 15:01:53.548034:2024-04-10 15:01:53.547935: Current epoch: 107, loss: 1.1994802951812744, validation loss: 4.656518459320068
2024-04-10 15:01:55.773326:2024-04-10 15:01:55.773192: Current epoch: 108, loss: 1.1516975164413452, validation loss: 4.670877456665039
2024-04-10 15:01:58.092492:2024-04-10 15:01:58.092152: Current epoch: 109, loss: 1.1081129312515259, validation loss: 4.5519514083862305
2024-04-10 15:02:02.715339:2024-04-10 15:02:02.715174: Current epoch: 110, loss: 1.0738813877105713, validation loss: 4.558534622192383
2024-04-10 15:02:04.917369:2024-04-10 15:02:04.917238: Current epoch: 111, loss: 1.0789272785186768, validation loss: 4.761288642883301
2024-04-10 15:02:07.098318:2024-04-10 15:02:07.098223: Current epoch: 112, loss: 1.1142971515655518, validation loss: 4.835237979888916
2024-04-10 15:02:09.313701:2024-04-10 15:02:09.313572: Current epoch: 113, loss: 1.1312265396118164, validation loss: 4.645252704620361
2024-04-10 15:02:11.533653:2024-04-10 15:02:11.533599: Current epoch: 114, loss: 1.056315541267395, validation loss: 4.477137565612793
2024-04-10 15:02:13.872379:2024-04-10 15:02:13.872231: Current epoch: 115, loss: 1.0763359069824219, validation loss: 4.815729141235352
2024-04-10 15:02:16.302782:2024-04-10 15:02:16.302674: Current epoch: 116, loss: 1.1456867456436157, validation loss: 4.780848979949951
2024-04-10 15:02:18.710741:2024-04-10 15:02:18.710669: Current epoch: 117, loss: 1.0579702854156494, validation loss: 4.752981185913086
2024-04-10 15:02:21.171317:2024-04-10 15:02:21.171222: Current epoch: 118, loss: 1.041795253753662, validation loss: 4.811648368835449
2024-04-10 15:02:23.474321:2024-04-10 15:02:23.474140: Current epoch: 119, loss: 1.0497024059295654, validation loss: 4.540073394775391
2024-04-10 15:02:28.296941:2024-04-10 15:02:28.296807: Current epoch: 120, loss: 1.0243117809295654, validation loss: 4.553987503051758
2024-04-10 15:02:30.584334:2024-04-10 15:02:30.584169: Current epoch: 121, loss: 1.085667371749878, validation loss: 4.808810234069824
2024-04-10 15:02:32.997613:2024-04-10 15:02:32.997489: Current epoch: 122, loss: 1.076080560684204, validation loss: 4.630037784576416
2024-04-10 15:02:35.301502:2024-04-10 15:02:35.301324: Current epoch: 123, loss: 0.9930449724197388, validation loss: 4.929102897644043
2024-04-10 15:02:37.597338:2024-04-10 15:02:37.597183: Current epoch: 124, loss: 1.0094890594482422, validation loss: 4.66218376159668
2024-04-10 15:02:39.868899:2024-04-10 15:02:39.868791: Current epoch: 125, loss: 0.9829015731811523, validation loss: 4.600354194641113
2024-04-10 15:02:42.141789:2024-04-10 15:02:42.141674: Current epoch: 126, loss: 0.9450641870498657, validation loss: 4.678976535797119
2024-04-10 15:02:44.422949:2024-04-10 15:02:44.422848: Current epoch: 127, loss: 1.0125012397766113, validation loss: 4.645317554473877
2024-04-10 15:02:46.668644:2024-04-10 15:02:46.668551: Current epoch: 128, loss: 1.0169143676757812, validation loss: 4.6952056884765625
2024-04-10 15:02:48.962072:2024-04-10 15:02:48.961915: Current epoch: 129, loss: 0.9856882095336914, validation loss: 4.760664939880371
2024-04-10 15:02:51.416136:2024-04-10 15:02:51.415976: Current epoch: 130, loss: 0.9491666555404663, validation loss: 4.692757606506348
2024-04-10 15:02:53.845203:2024-04-10 15:02:53.845062: Current epoch: 131, loss: 1.010209560394287, validation loss: 4.992512226104736
2024-04-10 15:02:56.069451:2024-04-10 15:02:56.069380: Current epoch: 132, loss: 1.048194408416748, validation loss: 4.532619476318359
2024-04-10 15:02:58.300654:2024-04-10 15:02:58.300582: Current epoch: 133, loss: 1.0369629859924316, validation loss: 4.627798080444336
2024-04-10 15:03:00.585346:2024-04-10 15:03:00.585292: Current epoch: 134, loss: 0.972133994102478, validation loss: 4.4271440505981445
2024-04-10 15:03:02.940165:2024-04-10 15:03:02.939988: Current epoch: 135, loss: 0.9223220348358154, validation loss: 4.545272350311279
2024-04-10 15:03:05.266638:2024-04-10 15:03:05.266474: Current epoch: 136, loss: 1.0064727067947388, validation loss: 4.517673969268799
2024-04-10 15:03:07.548559:2024-04-10 15:03:07.548433: Current epoch: 137, loss: 0.9386813640594482, validation loss: 4.482654571533203
2024-04-10 15:03:09.898553:2024-04-10 15:03:09.898388: Current epoch: 138, loss: 0.9220205545425415, validation loss: 4.613936901092529
2024-04-10 15:03:12.151379:2024-04-10 15:03:12.151194: Current epoch: 139, loss: 0.8798940777778625, validation loss: 4.521742820739746
2024-04-10 15:03:16.899634:2024-04-10 15:03:16.899473: Current epoch: 140, loss: 0.9599735140800476, validation loss: 4.583665370941162
2024-04-10 15:03:19.111881:2024-04-10 15:03:19.111811: Current epoch: 141, loss: 0.9565891027450562, validation loss: 4.663172245025635
2024-04-10 15:03:21.331533:2024-04-10 15:03:21.331462: Current epoch: 142, loss: 0.926584780216217, validation loss: 4.845202445983887
2024-04-10 15:03:23.689413:2024-04-10 15:03:23.689340: Current epoch: 143, loss: 0.9895355701446533, validation loss: 4.5759429931640625
2024-04-10 15:03:25.997140:2024-04-10 15:03:25.996990: Current epoch: 144, loss: 0.9429328441619873, validation loss: 4.594256401062012
2024-04-10 15:03:28.276160:2024-04-10 15:03:28.276017: Current epoch: 145, loss: 0.945576012134552, validation loss: 4.803340911865234
2024-04-10 15:03:30.583856:2024-04-10 15:03:30.583714: Current epoch: 146, loss: 0.891907811164856, validation loss: 4.592215538024902
2024-04-10 15:03:32.809856:2024-04-10 15:03:32.809735: Current epoch: 147, loss: 0.9040969610214233, validation loss: 4.92523193359375
2024-04-10 15:03:35.033933:2024-04-10 15:03:35.033771: Current epoch: 148, loss: 0.9536750316619873, validation loss: 4.694834232330322
2024-04-10 15:03:37.276785:2024-04-10 15:03:37.276713: Current epoch: 149, loss: 0.9526721835136414, validation loss: 4.684446811676025
2024-04-10 15:03:39.516291:2024-04-10 15:03:39.516112: Current epoch: 150, loss: 0.9355800151824951, validation loss: 4.5718207359313965
2024-04-10 15:03:41.682172:2024-04-10 15:03:41.682010: Current epoch: 151, loss: 0.8195237517356873, validation loss: 4.632894515991211
2024-04-10 15:03:43.912687:2024-04-10 15:03:43.912525: Current epoch: 152, loss: 0.8054690957069397, validation loss: 4.622900009155273
2024-04-10 15:03:46.133668:2024-04-10 15:03:46.133519: Current epoch: 153, loss: 0.8729469180107117, validation loss: 4.557091236114502
2024-04-10 15:03:48.351348:2024-04-10 15:03:48.351238: Current epoch: 154, loss: 0.8040485978126526, validation loss: 4.531493663787842
2024-04-10 15:03:50.557194:2024-04-10 15:03:50.557126: Current epoch: 155, loss: 0.8113030791282654, validation loss: 4.698952674865723
2024-04-10 15:03:52.766638:2024-04-10 15:03:52.766565: Current epoch: 156, loss: 0.9136964082717896, validation loss: 4.794127464294434
2024-04-10 15:03:54.987458:2024-04-10 15:03:54.987318: Current epoch: 157, loss: 0.8575320243835449, validation loss: 4.708953380584717
2024-04-10 15:03:57.224627:2024-04-10 15:03:57.224553: Current epoch: 158, loss: 0.8774629831314087, validation loss: 4.535165309906006
2024-04-10 15:03:59.530160:2024-04-10 15:03:59.530061: Current epoch: 159, loss: 0.815334677696228, validation loss: 4.6316237449646
2024-04-10 15:04:01.799945:2024-04-10 15:04:01.799784: Current epoch: 160, loss: 0.853939950466156, validation loss: 4.5536322593688965
2024-04-10 15:04:04.052603:2024-04-10 15:04:04.052487: Current epoch: 161, loss: 0.9089486002922058, validation loss: 4.701007843017578
2024-04-10 15:04:06.289593:2024-04-10 15:04:06.289484: Current epoch: 162, loss: 0.86713045835495, validation loss: 4.536348819732666
2024-04-10 15:04:08.495290:2024-04-10 15:04:08.495206: Current epoch: 163, loss: 0.921560525894165, validation loss: 4.7187323570251465
2024-04-10 15:04:10.739471:2024-04-10 15:04:10.739332: Current epoch: 164, loss: 0.8718400001525879, validation loss: 4.584409236907959
2024-04-10 15:04:13.016873:2024-04-10 15:04:13.016764: Current epoch: 165, loss: 0.7869618535041809, validation loss: 4.74750280380249
2024-04-10 15:04:15.289589:2024-04-10 15:04:15.289474: Current epoch: 166, loss: 0.8399603366851807, validation loss: 4.543736457824707
2024-04-10 15:04:17.560776:2024-04-10 15:04:17.560705: Current epoch: 167, loss: 0.8494532704353333, validation loss: 4.647178649902344
2024-04-10 15:04:19.801178:2024-04-10 15:04:19.801105: Current epoch: 168, loss: 0.8051004409790039, validation loss: 4.692782402038574
2024-04-10 15:04:22.110861:2024-04-10 15:04:22.110789: Current epoch: 169, loss: 0.8256044983863831, validation loss: 4.717161655426025
2024-04-10 15:04:24.364513:2024-04-10 15:04:24.364404: Current epoch: 170, loss: 0.8194066286087036, validation loss: 4.723360061645508
2024-04-10 15:04:26.623518:2024-04-10 15:04:26.623425: Current epoch: 171, loss: 0.7970242500305176, validation loss: 4.78735876083374
2024-04-10 15:04:28.910379:2024-04-10 15:04:28.910242: Current epoch: 172, loss: 0.8365154266357422, validation loss: 4.942685127258301
2024-04-10 15:04:31.308230:2024-04-10 15:04:31.308069: Current epoch: 173, loss: 0.8147695660591125, validation loss: 4.650883197784424
2024-04-10 15:04:33.632810:2024-04-10 15:04:33.632738: Current epoch: 174, loss: 0.7932611107826233, validation loss: 4.700488567352295
2024-04-10 15:04:35.879382:2024-04-10 15:04:35.879208: Current epoch: 175, loss: 0.8496327996253967, validation loss: 4.895457744598389
2024-04-10 15:04:38.180855:2024-04-10 15:04:38.180716: Current epoch: 176, loss: 0.8619480133056641, validation loss: 4.854531288146973
2024-04-10 15:04:40.486982:2024-04-10 15:04:40.486869: Current epoch: 177, loss: 0.840047299861908, validation loss: 4.709299564361572
2024-04-10 15:04:42.754746:2024-04-10 15:04:42.754584: Current epoch: 178, loss: 0.8454264998435974, validation loss: 4.458885192871094
2024-04-10 15:04:45.072840:2024-04-10 15:04:45.072769: Current epoch: 179, loss: 0.7650227546691895, validation loss: 4.718587875366211
2024-04-10 15:04:47.328528:2024-04-10 15:04:47.328402: Current epoch: 180, loss: 0.86709064245224, validation loss: 4.601613521575928
2024-04-10 15:04:49.554952:2024-04-10 15:04:49.554884: Current epoch: 181, loss: 0.8357570767402649, validation loss: 4.498937606811523
2024-04-10 15:04:51.814233:2024-04-10 15:04:51.814161: Current epoch: 182, loss: 0.7522488832473755, validation loss: 4.665678977966309
2024-04-10 15:04:54.196914:2024-04-10 15:04:54.196805: Current epoch: 183, loss: 0.7750504612922668, validation loss: 4.693997383117676
2024-04-10 15:04:56.440222:2024-04-10 15:04:56.440063: Current epoch: 184, loss: 0.7522956132888794, validation loss: 4.634582996368408
2024-04-10 15:04:58.702482:2024-04-10 15:04:58.702364: Current epoch: 185, loss: 0.81461501121521, validation loss: 4.816791534423828
2024-04-10 15:05:00.993245:2024-04-10 15:05:00.993084: Current epoch: 186, loss: 0.8024685978889465, validation loss: 4.736548900604248
2024-04-10 15:05:03.217949:2024-04-10 15:05:03.217787: Current epoch: 187, loss: 0.7586377263069153, validation loss: 4.647000312805176
2024-04-10 15:05:05.461875:2024-04-10 15:05:05.461804: Current epoch: 188, loss: 0.736099362373352, validation loss: 4.545263767242432
2024-04-10 15:05:07.708778:2024-04-10 15:05:07.708613: Current epoch: 189, loss: 0.7420274019241333, validation loss: 4.54340934753418
2024-04-10 15:05:09.928980:2024-04-10 15:05:09.928920: Current epoch: 190, loss: 0.727187991142273, validation loss: 4.63969087600708
2024-04-10 15:05:12.143172:2024-04-10 15:05:12.143101: Current epoch: 191, loss: 0.709382176399231, validation loss: 4.543238162994385
2024-04-10 15:05:14.453887:2024-04-10 15:05:14.453735: Current epoch: 192, loss: 0.8317521810531616, validation loss: 4.946446418762207
2024-04-10 15:05:16.740107:2024-04-10 15:05:16.739985: Current epoch: 193, loss: 0.8302441835403442, validation loss: 4.7021484375
2024-04-10 15:05:19.064090:2024-04-10 15:05:19.064019: Current epoch: 194, loss: 0.8188424706459045, validation loss: 4.689528942108154
2024-04-10 15:05:21.311141:2024-04-10 15:05:21.311070: Current epoch: 195, loss: 0.7461633682250977, validation loss: 4.615903854370117
2024-04-10 15:05:23.575547:2024-04-10 15:05:23.575446: Current epoch: 196, loss: 0.7253741025924683, validation loss: 4.591283798217773
2024-04-10 15:05:25.853617:2024-04-10 15:05:25.853461: Current epoch: 197, loss: 0.7356793284416199, validation loss: 4.775815486907959
2024-04-10 15:05:28.112233:2024-04-10 15:05:28.112109: Current epoch: 198, loss: 0.7864326238632202, validation loss: 4.474026203155518
2024-04-10 15:05:30.379316:2024-04-10 15:05:30.379197: Current epoch: 199, loss: 0.70794677734375, validation loss: 4.535089492797852
2024-04-10 15:05:32.568310:2024-04-10 15:05:32.568186: Current epoch: 200, loss: 0.7481935620307922, validation loss: 4.626135349273682
2024-04-10 15:05:34.804555:2024-04-10 15:05:34.804440: Current epoch: 201, loss: 0.7387211322784424, validation loss: 4.5674543380737305
2024-04-10 15:05:37.111135:2024-04-10 15:05:37.111063: Current epoch: 202, loss: 0.7133221626281738, validation loss: 4.533088207244873
2024-04-10 15:05:39.325169:2024-04-10 15:05:39.325015: Current epoch: 203, loss: 0.7566532492637634, validation loss: 4.65713357925415
2024-04-10 15:05:41.558923:2024-04-10 15:05:41.558820: Current epoch: 204, loss: 0.7692230343818665, validation loss: 4.637031555175781
2024-04-10 15:05:43.779094:2024-04-10 15:05:43.778996: Current epoch: 205, loss: 0.712165355682373, validation loss: 4.799077033996582
2024-04-10 15:05:46.080238:2024-04-10 15:05:46.080156: Current epoch: 206, loss: 0.7286710143089294, validation loss: 4.6496758460998535
2024-04-10 15:05:48.338185:2024-04-10 15:05:48.338113: Current epoch: 207, loss: 0.6995136737823486, validation loss: 4.602242469787598
2024-04-10 15:05:50.563203:2024-04-10 15:05:50.563143: Current epoch: 208, loss: 0.7242382168769836, validation loss: 4.758779048919678
2024-04-10 15:05:52.956442:2024-04-10 15:05:52.956371: Current epoch: 209, loss: 0.7483053207397461, validation loss: 4.580157279968262
2024-04-10 15:05:55.421352:2024-04-10 15:05:55.421250: Current epoch: 210, loss: 0.6921322345733643, validation loss: 4.693034648895264
2024-04-10 15:05:57.892065:2024-04-10 15:05:57.891913: Current epoch: 211, loss: 0.7117679715156555, validation loss: 4.657704830169678
2024-04-10 15:06:00.338686:2024-04-10 15:06:00.338570: Current epoch: 212, loss: 0.7349951267242432, validation loss: 4.632883548736572
2024-04-10 15:06:02.589625:2024-04-10 15:06:02.589525: Current epoch: 213, loss: 0.7213988900184631, validation loss: 4.523078441619873
2024-04-10 15:06:04.794371:2024-04-10 15:06:04.794298: Current epoch: 214, loss: 0.6620559692382812, validation loss: 4.624836444854736
2024-04-10 15:06:07.025806:2024-04-10 15:06:07.025736: Current epoch: 215, loss: 0.7024070620536804, validation loss: 4.485510349273682
2024-04-10 15:06:09.188176:2024-04-10 15:06:09.188106: Current epoch: 216, loss: 0.7134475111961365, validation loss: 4.659302711486816
2024-04-10 15:06:11.439335:2024-04-10 15:06:11.439168: Current epoch: 217, loss: 0.7468535900115967, validation loss: 4.8187336921691895
2024-04-10 15:06:13.793019:2024-04-10 15:06:13.792871: Current epoch: 218, loss: 0.6987267136573792, validation loss: 4.606167316436768
2024-04-10 15:06:16.053290:2024-04-10 15:06:16.053148: Current epoch: 219, loss: 0.6870343685150146, validation loss: 4.936967372894287
2024-04-10 15:06:18.296434:2024-04-10 15:06:18.296362: Current epoch: 220, loss: 0.6881048679351807, validation loss: 4.619633197784424
2024-04-10 15:06:20.547648:2024-04-10 15:06:20.547577: Current epoch: 221, loss: 0.7200546264648438, validation loss: 4.783320426940918
2024-04-10 15:06:22.818519:2024-04-10 15:06:22.818447: Current epoch: 222, loss: 0.767882764339447, validation loss: 5.017529010772705
2024-04-10 15:06:25.131755:2024-04-10 15:06:25.131598: Current epoch: 223, loss: 0.7899246215820312, validation loss: 4.8965864181518555
2024-04-10 15:06:27.499752:2024-04-10 15:06:27.499583: Current epoch: 224, loss: 0.6956185102462769, validation loss: 4.734680652618408
2024-04-10 15:06:29.783167:2024-04-10 15:06:29.783024: Current epoch: 225, loss: 0.6579580903053284, validation loss: 4.692760944366455
2024-04-10 15:06:32.016879:2024-04-10 15:06:32.016816: Current epoch: 226, loss: 0.6197053790092468, validation loss: 4.687952518463135
2024-04-10 15:06:34.221427:2024-04-10 15:06:34.221319: Current epoch: 227, loss: 0.7013561725616455, validation loss: 4.5759968757629395
2024-04-10 15:06:36.415706:2024-04-10 15:06:36.415575: Current epoch: 228, loss: 0.6440355181694031, validation loss: 4.641175746917725
2024-04-10 15:06:38.621347:2024-04-10 15:06:38.621236: Current epoch: 229, loss: 0.6181138753890991, validation loss: 4.5025835037231445
2024-04-10 15:06:42.997790:2024-04-10 15:06:42.997682: Current epoch: 230, loss: 0.6542437076568604, validation loss: 4.678134918212891
2024-04-10 15:06:45.215101:2024-04-10 15:06:45.215029: Current epoch: 231, loss: 0.639071524143219, validation loss: 4.797878742218018
2024-04-10 15:06:47.449521:2024-04-10 15:06:47.449446: Current epoch: 232, loss: 0.7208449840545654, validation loss: 4.6066060066223145
2024-04-10 15:06:49.704822:2024-04-10 15:06:49.704730: Current epoch: 233, loss: 0.8488702774047852, validation loss: 4.608572959899902
2024-04-10 15:06:52.028310:2024-04-10 15:06:52.028231: Current epoch: 234, loss: 0.9109730124473572, validation loss: 4.972513198852539
2024-04-10 15:06:52.216676:the test error is  [4.6578755378723145, 4.6578755378723145]
2024-04-10 15:06:54.661354:saved model to sample/alignn_bert-base-uncased_robo_prop_slme
2024-04-10 15:06:54.967907:done