
2024-04-09 15:00:57.353469:job config: {'train_data_path': '/data/yll6162/alignntl_dft_3d/tl_dataset/dataset_alignn_matbert-base-cased_robo_prop_mbj_bandgap_train.csv', 'val_data_path': '/data/yll6162/alignntl_dft_3d/tl_dataset/dataset_alignn_matbert-base-cased_robo_prop_mbj_bandgap_val.csv', 'test_data_path': '/data/yll6162/alignntl_dft_3d/tl_dataset/dataset_alignn_matbert-base-cased_robo_prop_mbj_bandgap_test.csv', 'label': 'mbj_bandgap', 'input_type': None, 'log_folder': 'log', 'log_file': 'alignn_matbert-base-cased_robo_prop_mbj_bandgap.log', 'test_metric': 'mae', 'architecture': '1024Rx4D-512Rx3D-256Rx3D-128Rx3D-64Rx2-32Rx1-1', 'model_seed': 0, 'loss_type': 'mae', 'config_file': 'sample/alignn_matbert-base-cased_robo_prop_mbj_bandgap_job.config', 'use_valid': True, 'project': 'MOF', 'regressors': None, 'input_types': None, 'paramsGrid': {'optimizer': 'Adam', 'learning_rate': 0.0001, 'patience': 100, 'dropouts': [0.8, 0.9, 0.7, 0.8], 'EVAL_FREQUENCY': 1000}, 'save_path': 'sample/alignn_matbert-base-cased_robo_prop_mbj_bandgap', 'model_path': None, 'last_layer_with_weight': True, 'keras_path': 'model/alignn_matbert-base-cased_robo_prop_mbj_bandgap', 'test_size': None, 'val_size': None}
2024-04-09 15:00:57.353541:train data path is  /data/yll6162/alignntl_dft_3d/tl_dataset/dataset_alignn_matbert-base-cased_robo_prop_mbj_bandgap_train.csv
2024-04-09 15:01:01.252700:input attribute sets are:  None
2024-04-09 15:01:01.253122:test data path is  /data/yll6162/alignntl_dft_3d/tl_dataset/dataset_alignn_matbert-base-cased_robo_prop_mbj_bandgap_test.csv
2024-04-09 15:01:01.780573:val data path is  /data/yll6162/alignntl_dft_3d/tl_dataset/dataset_alignn_matbert-base-cased_robo_prop_mbj_bandgap_val.csv
2024-04-09 15:01:02.297871:input attributes are:  Index(['0', '1', '2', '3', '4', '5', '6', '7', '8', '9',
       ...
       '758.1', '759.1', '760.1', '761.1', '762.1', '763.1', '764.1', '765.1',
       '766.1', '767.1'],
      dtype='object', length=1536)
2024-04-09 15:01:02.297986:label: mbj_bandgap
2024-04-09 15:01:12.111787: train, test, valid sizes:  (15642, 1536) (15642,) (1957, 1536) (1957,) (1957, 1536) (1957,)
2024-04-09 15:01:12.190269:train matrix shape of train_X:  (15642, 1536)  train_y:  (15642,)
2024-04-09 15:01:12.190455:valid matrix shape of train_X:  (1957, 1536)  valid_y:  (1957,)
2024-04-09 15:01:12.190499:test matrix shape of valid_X:   (1957, 1536)  test_y:  (1957,)
2024-04-09 15:01:12.190536:architecture is:  1024Rx4D-512Rx3D-256Rx3D-128Rx3D-64Rx2-32Rx1-1
2024-04-09 15:01:12.190578:learning rate is  0.0001
2024-04-09 15:01:12.190614:model path is  None
2024-04-09 15:01:12.206377:adding fully connected layers with 1024 outputs
2024-04-09 15:01:14.213662:adding residual with fc as the size are different
2024-04-09 15:01:14.220554:adding fully connected layers with 1024 outputs
2024-04-09 15:01:14.225486:adding residual, both sizes are same
2024-04-09 15:01:14.227548:adding fully connected layers with 1024 outputs
2024-04-09 15:01:14.232129:adding residual, both sizes are same
2024-04-09 15:01:14.234002:adding fully connected layers with 1024 outputs
2024-04-09 15:01:14.238612:adding residual, both sizes are same
2024-04-09 15:01:14.240703:adding dropout 0.8
2024-04-09 15:01:14.244911:adding fully connected layers with 512 outputs
2024-04-09 15:01:14.250057:adding residual with fc as the size are different
2024-04-09 15:01:14.256168:adding fully connected layers with 512 outputs
2024-04-09 15:01:14.261098:adding residual, both sizes are same
2024-04-09 15:01:14.263765:adding fully connected layers with 512 outputs
2024-04-09 15:01:14.268336:adding residual, both sizes are same
2024-04-09 15:01:14.270148:adding dropout 0.9
2024-04-09 15:01:14.271776:adding fully connected layers with 256 outputs
2024-04-09 15:01:14.276852:adding residual with fc as the size are different
2024-04-09 15:01:14.282803:adding fully connected layers with 256 outputs
2024-04-09 15:01:14.287568:adding residual, both sizes are same
2024-04-09 15:01:14.292697:adding fully connected layers with 256 outputs
2024-04-09 15:01:14.307839:adding residual, both sizes are same
2024-04-09 15:01:14.313389:adding dropout 0.7
2024-04-09 15:01:14.315904:adding fully connected layers with 128 outputs
2024-04-09 15:01:14.329690:adding residual with fc as the size are different
2024-04-09 15:01:14.339653:adding fully connected layers with 128 outputs
2024-04-09 15:01:14.345011:adding residual, both sizes are same
2024-04-09 15:01:14.346877:adding fully connected layers with 128 outputs
2024-04-09 15:01:14.351743:adding residual, both sizes are same
2024-04-09 15:01:14.353609:adding dropout 0.8
2024-04-09 15:01:14.355194:adding fully connected layers with 64 outputs
2024-04-09 15:01:14.360078:adding residual with fc as the size are different
2024-04-09 15:01:14.366358:adding fully connected layers with 64 outputs
2024-04-09 15:01:14.371149:adding residual, both sizes are same
2024-04-09 15:01:14.373005:adding fully connected layers with 32 outputs
2024-04-09 15:01:14.377855:adding residual with fc as the size are different
2024-04-09 15:01:14.383831:adding final layer with 1 output
2024-04-09 15:01:14.392765:Model: "ElemNet"
2024-04-09 15:01:14.392829:__________________________________________________________________________________________________
2024-04-09 15:01:14.392891:Layer (type)                    Output Shape         Param #     Connected to                     
2024-04-09 15:01:14.392926:==================================================================================================
2024-04-09 15:01:14.393132:elemental_fractions (InputLayer [(None, 1536)]       0                                            
2024-04-09 15:01:14.393174:__________________________________________________________________________________________________
2024-04-09 15:01:14.393328:fc0_0 (Dense)                   (None, 1024)         1573888     elemental_fractions[0][0]        
2024-04-09 15:01:14.393508:__________________________________________________________________________________________________
2024-04-09 15:01:14.393762:fc0_dim_0 (Dense)               (None, 1024)         1573888     elemental_fractions[0][0]        
2024-04-09 15:01:14.393827:__________________________________________________________________________________________________
2024-04-09 15:01:14.393939:tf.__operators__.add (TFOpLambd (None, 1024)         0           fc0_0[0][0]                      
2024-04-09 15:01:14.393997:                                                                 fc0_dim_0[0][0]                  
2024-04-09 15:01:14.394045:__________________________________________________________________________________________________
2024-04-09 15:01:14.394183:fc0_1 (Dense)                   (None, 1024)         1049600     tf.__operators__.add[0][0]       
2024-04-09 15:01:14.394238:__________________________________________________________________________________________________
2024-04-09 15:01:14.394379:tf.__operators__.add_1 (TFOpLam (None, 1024)         0           fc0_1[0][0]                      
2024-04-09 15:01:14.394455:                                                                 tf.__operators__.add[0][0]       
2024-04-09 15:01:14.394517:__________________________________________________________________________________________________
2024-04-09 15:01:14.394695:fc0_2 (Dense)                   (None, 1024)         1049600     tf.__operators__.add_1[0][0]     
2024-04-09 15:01:14.394767:__________________________________________________________________________________________________
2024-04-09 15:01:14.394897:tf.__operators__.add_2 (TFOpLam (None, 1024)         0           fc0_2[0][0]                      
2024-04-09 15:01:14.394970:                                                                 tf.__operators__.add_1[0][0]     
2024-04-09 15:01:14.395031:__________________________________________________________________________________________________
2024-04-09 15:01:14.395205:fc0_3 (Dense)                   (None, 1024)         1049600     tf.__operators__.add_2[0][0]     
2024-04-09 15:01:14.395282:__________________________________________________________________________________________________
2024-04-09 15:01:14.395413:tf.__operators__.add_3 (TFOpLam (None, 1024)         0           fc0_3[0][0]                      
2024-04-09 15:01:14.395494:                                                                 tf.__operators__.add_2[0][0]     
2024-04-09 15:01:14.395557:__________________________________________________________________________________________________
2024-04-09 15:01:14.395686:dropout (Dropout)               (None, 1024)         0           tf.__operators__.add_3[0][0]     
2024-04-09 15:01:14.395752:__________________________________________________________________________________________________
2024-04-09 15:01:14.395931:fc1_0 (Dense)                   (None, 512)          524800      dropout[0][0]                    
2024-04-09 15:01:14.396002:__________________________________________________________________________________________________
2024-04-09 15:01:14.396177:fc1_dim_0 (Dense)               (None, 512)          524800      dropout[0][0]                    
2024-04-09 15:01:14.396247:__________________________________________________________________________________________________
2024-04-09 15:01:14.396386:tf.__operators__.add_4 (TFOpLam (None, 512)          0           fc1_0[0][0]                      
2024-04-09 15:01:14.396460:                                                                 fc1_dim_0[0][0]                  
2024-04-09 15:01:14.396521:__________________________________________________________________________________________________
2024-04-09 15:01:14.396698:fc1_1 (Dense)                   (None, 512)          262656      tf.__operators__.add_4[0][0]     
2024-04-09 15:01:14.396769:__________________________________________________________________________________________________
2024-04-09 15:01:14.396898:tf.__operators__.add_5 (TFOpLam (None, 512)          0           fc1_1[0][0]                      
2024-04-09 15:01:14.396972:                                                                 tf.__operators__.add_4[0][0]     
2024-04-09 15:01:14.397033:__________________________________________________________________________________________________
2024-04-09 15:01:14.397206:fc1_2 (Dense)                   (None, 512)          262656      tf.__operators__.add_5[0][0]     
2024-04-09 15:01:14.397285:__________________________________________________________________________________________________
2024-04-09 15:01:14.397417:tf.__operators__.add_6 (TFOpLam (None, 512)          0           fc1_2[0][0]                      
2024-04-09 15:01:14.397490:                                                                 tf.__operators__.add_5[0][0]     
2024-04-09 15:01:14.397551:__________________________________________________________________________________________________
2024-04-09 15:01:14.397675:dropout_1 (Dropout)             (None, 512)          0           tf.__operators__.add_6[0][0]     
2024-04-09 15:01:14.397740:__________________________________________________________________________________________________
2024-04-09 15:01:14.397914:fc2_0 (Dense)                   (None, 256)          131328      dropout_1[0][0]                  
2024-04-09 15:01:14.397984:__________________________________________________________________________________________________
2024-04-09 15:01:14.398154:fc2_dim_0 (Dense)               (None, 256)          131328      dropout_1[0][0]                  
2024-04-09 15:01:14.398224:__________________________________________________________________________________________________
2024-04-09 15:01:14.398361:tf.__operators__.add_7 (TFOpLam (None, 256)          0           fc2_0[0][0]                      
2024-04-09 15:01:14.398435:                                                                 fc2_dim_0[0][0]                  
2024-04-09 15:01:14.398496:__________________________________________________________________________________________________
2024-04-09 15:01:14.398667:fc2_1 (Dense)                   (None, 256)          65792       tf.__operators__.add_7[0][0]     
2024-04-09 15:01:14.398736:__________________________________________________________________________________________________
2024-04-09 15:01:14.398871:tf.__operators__.add_8 (TFOpLam (None, 256)          0           fc2_1[0][0]                      
2024-04-09 15:01:14.398944:                                                                 tf.__operators__.add_7[0][0]     
2024-04-09 15:01:14.399005:__________________________________________________________________________________________________
2024-04-09 15:01:14.399176:fc2_2 (Dense)                   (None, 256)          65792       tf.__operators__.add_8[0][0]     
2024-04-09 15:01:14.399246:__________________________________________________________________________________________________
2024-04-09 15:01:14.399381:tf.__operators__.add_9 (TFOpLam (None, 256)          0           fc2_2[0][0]                      
2024-04-09 15:01:14.399454:                                                                 tf.__operators__.add_8[0][0]     
2024-04-09 15:01:14.399515:__________________________________________________________________________________________________
2024-04-09 15:01:14.399636:dropout_2 (Dropout)             (None, 256)          0           tf.__operators__.add_9[0][0]     
2024-04-09 15:01:14.399701:__________________________________________________________________________________________________
2024-04-09 15:01:14.399896:fc3_0 (Dense)                   (None, 128)          32896       dropout_2[0][0]                  
2024-04-09 15:01:14.399969:__________________________________________________________________________________________________
2024-04-09 15:01:14.400143:fc3_dim_0 (Dense)               (None, 128)          32896       dropout_2[0][0]                  
2024-04-09 15:01:14.400213:__________________________________________________________________________________________________
2024-04-09 15:01:14.400349:tf.__operators__.add_10 (TFOpLa (None, 128)          0           fc3_0[0][0]                      
2024-04-09 15:01:14.400422:                                                                 fc3_dim_0[0][0]                  
2024-04-09 15:01:14.400483:__________________________________________________________________________________________________
2024-04-09 15:01:14.400654:fc3_1 (Dense)                   (None, 128)          16512       tf.__operators__.add_10[0][0]    
2024-04-09 15:01:14.400724:__________________________________________________________________________________________________
2024-04-09 15:01:14.400851:tf.__operators__.add_11 (TFOpLa (None, 128)          0           fc3_1[0][0]                      
2024-04-09 15:01:14.400923:                                                                 tf.__operators__.add_10[0][0]    
2024-04-09 15:01:14.400984:__________________________________________________________________________________________________
2024-04-09 15:01:14.401151:fc3_2 (Dense)                   (None, 128)          16512       tf.__operators__.add_11[0][0]    
2024-04-09 15:01:14.401221:__________________________________________________________________________________________________
2024-04-09 15:01:14.401357:tf.__operators__.add_12 (TFOpLa (None, 128)          0           fc3_2[0][0]                      
2024-04-09 15:01:14.401471:                                                                 tf.__operators__.add_11[0][0]    
2024-04-09 15:01:14.401537:__________________________________________________________________________________________________
2024-04-09 15:01:14.401670:dropout_3 (Dropout)             (None, 128)          0           tf.__operators__.add_12[0][0]    
2024-04-09 15:01:14.401737:__________________________________________________________________________________________________
2024-04-09 15:01:14.401919:fc4_0 (Dense)                   (None, 64)           8256        dropout_3[0][0]                  
2024-04-09 15:01:14.401990:__________________________________________________________________________________________________
2024-04-09 15:01:14.402162:fc4_dim_0 (Dense)               (None, 64)           8256        dropout_3[0][0]                  
2024-04-09 15:01:14.402232:__________________________________________________________________________________________________
2024-04-09 15:01:14.402392:tf.__operators__.add_13 (TFOpLa (None, 64)           0           fc4_0[0][0]                      
2024-04-09 15:01:14.402468:                                                                 fc4_dim_0[0][0]                  
2024-04-09 15:01:14.402531:__________________________________________________________________________________________________
2024-04-09 15:01:14.402708:fc4_1 (Dense)                   (None, 64)           4160        tf.__operators__.add_13[0][0]    
2024-04-09 15:01:14.402778:__________________________________________________________________________________________________
2024-04-09 15:01:14.402905:tf.__operators__.add_14 (TFOpLa (None, 64)           0           fc4_1[0][0]                      
2024-04-09 15:01:14.402977:                                                                 tf.__operators__.add_13[0][0]    
2024-04-09 15:01:14.403038:__________________________________________________________________________________________________
2024-04-09 15:01:14.403208:fc5_0 (Dense)                   (None, 32)           2080        tf.__operators__.add_14[0][0]    
2024-04-09 15:01:14.403285:__________________________________________________________________________________________________
2024-04-09 15:01:14.403386:fc5_dim_0 (Dense)               (None, 32)           2080        tf.__operators__.add_14[0][0]    
2024-04-09 15:01:14.403426:__________________________________________________________________________________________________
2024-04-09 15:01:14.403499:tf.__operators__.add_15 (TFOpLa (None, 32)           0           fc5_0[0][0]                      
2024-04-09 15:01:14.403541:                                                                 fc5_dim_0[0][0]                  
2024-04-09 15:01:14.403575:__________________________________________________________________________________________________
2024-04-09 15:01:14.403671:fc6 (Dense)                     (None, 1)            33          tf.__operators__.add_15[0][0]    
2024-04-09 15:01:14.403711:==================================================================================================
2024-04-09 15:01:14.404309:Total params: 8,389,409
2024-04-09 15:01:14.404361:Trainable params: 8,389,409
2024-04-09 15:01:14.404398:Non-trainable params: 0
2024-04-09 15:01:14.404432:__________________________________________________________________________________________________
2024-04-09 15:01:14.414516:start training
2024-04-09 15:01:20.460684:2024-04-09 15:01:20.460621: Current epoch: 0, loss: 4.3696208000183105, validation loss: 2.1115405559539795
2024-04-09 15:01:25.188367:2024-04-09 15:01:25.188311: Current epoch: 1, loss: 1.4301093816757202, validation loss: 1.0361608266830444
2024-04-09 15:01:29.886649:2024-04-09 15:01:29.886457: Current epoch: 2, loss: 1.0742391347885132, validation loss: 1.0371757745742798
2024-04-09 15:01:34.828615:2024-04-09 15:01:34.828526: Current epoch: 3, loss: 0.8947165608406067, validation loss: 0.8115822076797485
2024-04-09 15:01:39.531844:2024-04-09 15:01:39.531762: Current epoch: 4, loss: 0.7573014497756958, validation loss: 0.7058847546577454
2024-04-09 15:01:44.368938:2024-04-09 15:01:44.368844: Current epoch: 5, loss: 0.6628323793411255, validation loss: 0.6042051315307617
2024-04-09 15:01:49.067319:2024-04-09 15:01:49.067102: Current epoch: 6, loss: 0.6286720037460327, validation loss: 1.073164463043213
2024-04-09 15:01:53.752601:2024-04-09 15:01:53.752519: Current epoch: 7, loss: 0.637360692024231, validation loss: 0.5531231164932251
2024-04-09 15:01:58.439816:2024-04-09 15:01:58.439643: Current epoch: 8, loss: 0.575602114200592, validation loss: 0.5996134877204895
2024-04-09 15:02:03.346133:2024-04-09 15:02:03.346055: Current epoch: 9, loss: 0.54451984167099, validation loss: 0.47472891211509705
2024-04-09 15:02:10.737102:2024-04-09 15:02:10.737024: Current epoch: 10, loss: 0.5173457860946655, validation loss: 0.47581249475479126
2024-04-09 15:02:15.400108:2024-04-09 15:02:15.399939: Current epoch: 11, loss: 0.49273785948753357, validation loss: 0.48710963129997253
2024-04-09 15:02:20.010940:2024-04-09 15:02:20.010754: Current epoch: 12, loss: 0.46631094813346863, validation loss: 0.5443503260612488
2024-04-09 15:02:24.710347:2024-04-09 15:02:24.710174: Current epoch: 13, loss: 0.46984022855758667, validation loss: 0.5397537350654602
2024-04-09 15:02:29.397976:2024-04-09 15:02:29.397894: Current epoch: 14, loss: 0.43909209966659546, validation loss: 0.45885083079338074
2024-04-09 15:02:34.073736:2024-04-09 15:02:34.073581: Current epoch: 15, loss: 0.4492475390434265, validation loss: 0.5740014910697937
2024-04-09 15:02:38.769595:2024-04-09 15:02:38.769518: Current epoch: 16, loss: 0.4098077416419983, validation loss: 0.46414899826049805
2024-04-09 15:02:43.361721:2024-04-09 15:02:43.361641: Current epoch: 17, loss: 0.4073457717895508, validation loss: 0.3950568735599518
2024-04-09 15:02:48.119101:2024-04-09 15:02:48.118930: Current epoch: 18, loss: 0.3695353865623474, validation loss: 0.4212200939655304
2024-04-09 15:02:52.930155:2024-04-09 15:02:52.929858: Current epoch: 19, loss: 0.3663702607154846, validation loss: 0.5487713813781738
2024-04-09 15:02:57.636484:2024-04-09 15:02:57.636410: Current epoch: 20, loss: 0.3508533835411072, validation loss: 0.37378981709480286
2024-04-09 15:03:02.402624:2024-04-09 15:03:02.402471: Current epoch: 21, loss: 0.3464636206626892, validation loss: 0.4219992756843567
2024-04-09 15:03:07.190190:2024-04-09 15:03:07.190092: Current epoch: 22, loss: 0.33209142088890076, validation loss: 0.35146307945251465
2024-04-09 15:03:11.790990:2024-04-09 15:03:11.790905: Current epoch: 23, loss: 0.3072393834590912, validation loss: 0.39778462052345276
2024-04-09 15:03:16.484668:2024-04-09 15:03:16.484491: Current epoch: 24, loss: 0.30252599716186523, validation loss: 0.37170353531837463
2024-04-09 15:03:21.129166:2024-04-09 15:03:21.128911: Current epoch: 25, loss: 0.28556421399116516, validation loss: 0.40754687786102295
2024-04-09 15:03:25.847064:2024-04-09 15:03:25.846887: Current epoch: 26, loss: 0.2872021198272705, validation loss: 0.4115699529647827
2024-04-09 15:03:30.452630:2024-04-09 15:03:30.452457: Current epoch: 27, loss: 0.2860259413719177, validation loss: 0.3587813973426819
2024-04-09 15:03:35.132971:2024-04-09 15:03:35.132887: Current epoch: 28, loss: 0.2821621894836426, validation loss: 0.34741663932800293
2024-04-09 15:03:39.679816:2024-04-09 15:03:39.679645: Current epoch: 29, loss: 0.2582993805408478, validation loss: 0.39194512367248535
2024-04-09 15:03:46.826726:2024-04-09 15:03:46.826631: Current epoch: 30, loss: 0.27341535687446594, validation loss: 0.329129695892334
2024-04-09 15:03:51.525418:2024-04-09 15:03:51.525245: Current epoch: 31, loss: 0.24746574461460114, validation loss: 0.3295203447341919
2024-04-09 15:03:56.129065:2024-04-09 15:03:56.128892: Current epoch: 32, loss: 0.2548602819442749, validation loss: 0.519258439540863
2024-04-09 15:04:00.726624:2024-04-09 15:04:00.726451: Current epoch: 33, loss: 0.23744428157806396, validation loss: 0.3431556522846222
2024-04-09 15:04:05.405802:2024-04-09 15:04:05.405659: Current epoch: 34, loss: 0.23247478902339935, validation loss: 0.33724743127822876
2024-04-09 15:04:10.166325:2024-04-09 15:04:10.166232: Current epoch: 35, loss: 0.22872333228588104, validation loss: 0.3159096837043762
2024-04-09 15:04:14.798125:2024-04-09 15:04:14.798020: Current epoch: 36, loss: 0.2211155742406845, validation loss: 0.32103100419044495
2024-04-09 15:04:19.369170:2024-04-09 15:04:19.368999: Current epoch: 37, loss: 0.21557611227035522, validation loss: 0.3370824456214905
2024-04-09 15:04:23.928744:2024-04-09 15:04:23.928662: Current epoch: 38, loss: 0.20715786516666412, validation loss: 0.3143162727355957
2024-04-09 15:04:28.329239:2024-04-09 15:04:28.329160: Current epoch: 39, loss: 0.20730702579021454, validation loss: 0.3295174837112427
2024-04-09 15:04:35.211709:2024-04-09 15:04:35.211545: Current epoch: 40, loss: 0.2128191441297531, validation loss: 0.35648229718208313
2024-04-09 15:04:39.778887:2024-04-09 15:04:39.778729: Current epoch: 41, loss: 0.20551054179668427, validation loss: 0.3174839913845062
2024-04-09 15:04:44.347721:2024-04-09 15:04:44.347666: Current epoch: 42, loss: 0.18846522271633148, validation loss: 0.30623486638069153
2024-04-09 15:04:48.888852:2024-04-09 15:04:48.888677: Current epoch: 43, loss: 0.18939253687858582, validation loss: 0.30977708101272583
2024-04-09 15:04:53.355745:2024-04-09 15:04:53.355598: Current epoch: 44, loss: 0.18049933016300201, validation loss: 0.3087317943572998
2024-04-09 15:04:57.922743:2024-04-09 15:04:57.922682: Current epoch: 45, loss: 0.17381156980991364, validation loss: 0.29325422644615173
2024-04-09 15:05:02.410295:2024-04-09 15:05:02.410132: Current epoch: 46, loss: 0.1791602522134781, validation loss: 0.2959902584552765
2024-04-09 15:05:06.850136:2024-04-09 15:05:06.850036: Current epoch: 47, loss: 0.1790623515844345, validation loss: 0.32118287682533264
2024-04-09 15:05:11.280603:2024-04-09 15:05:11.280550: Current epoch: 48, loss: 0.16040241718292236, validation loss: 0.288064181804657
2024-04-09 15:05:15.774886:2024-04-09 15:05:15.774809: Current epoch: 49, loss: 0.1701558530330658, validation loss: 0.2974932789802551
2024-04-09 15:05:22.861448:2024-04-09 15:05:22.861260: Current epoch: 50, loss: 0.16970598697662354, validation loss: 0.32947173714637756
2024-04-09 15:05:27.570689:2024-04-09 15:05:27.570604: Current epoch: 51, loss: 0.16377249360084534, validation loss: 0.2828114628791809
2024-04-09 15:05:32.007941:2024-04-09 15:05:32.007872: Current epoch: 52, loss: 0.15764380991458893, validation loss: 0.30745190382003784
2024-04-09 15:05:36.524746:2024-04-09 15:05:36.524643: Current epoch: 53, loss: 0.15990956127643585, validation loss: 0.2895384728908539
2024-04-09 15:05:41.131042:2024-04-09 15:05:41.130965: Current epoch: 54, loss: 0.14801934361457825, validation loss: 0.2886117398738861
2024-04-09 15:05:45.785589:2024-04-09 15:05:45.785417: Current epoch: 55, loss: 0.15483443439006805, validation loss: 0.3056038022041321
2024-04-09 15:05:50.313718:2024-04-09 15:05:50.313549: Current epoch: 56, loss: 0.1433263123035431, validation loss: 0.2999790608882904
2024-04-09 15:05:54.792933:2024-04-09 15:05:54.792760: Current epoch: 57, loss: 0.1526385247707367, validation loss: 0.2933911383152008
2024-04-09 15:05:59.149269:2024-04-09 15:05:59.149200: Current epoch: 58, loss: 0.14650340378284454, validation loss: 0.3067921996116638
2024-04-09 15:06:03.702527:2024-04-09 15:06:03.702448: Current epoch: 59, loss: 0.14678654074668884, validation loss: 0.2876749038696289
2024-04-09 15:06:10.548239:2024-04-09 15:06:10.548163: Current epoch: 60, loss: 0.13730819523334503, validation loss: 0.29174110293388367
2024-04-09 15:06:15.146084:2024-04-09 15:06:15.145959: Current epoch: 61, loss: 0.14142248034477234, validation loss: 0.308639258146286
2024-04-09 15:06:19.604557:2024-04-09 15:06:19.604479: Current epoch: 62, loss: 0.12793703377246857, validation loss: 0.3067344129085541
2024-04-09 15:06:24.194727:2024-04-09 15:06:24.194620: Current epoch: 63, loss: 0.13554397225379944, validation loss: 0.28508496284484863
2024-04-09 15:06:28.874317:2024-04-09 15:06:28.874226: Current epoch: 64, loss: 0.13747538626194, validation loss: 0.2741384506225586
2024-04-09 15:06:33.779230:2024-04-09 15:06:33.779146: Current epoch: 65, loss: 0.13981525599956512, validation loss: 0.27406805753707886
2024-04-09 15:06:38.376847:2024-04-09 15:06:38.376676: Current epoch: 66, loss: 0.12881827354431152, validation loss: 0.27547502517700195
2024-04-09 15:06:42.791683:2024-04-09 15:06:42.791629: Current epoch: 67, loss: 0.13640174269676208, validation loss: 0.26887086033821106
2024-04-09 15:06:47.457491:2024-04-09 15:06:47.457379: Current epoch: 68, loss: 0.12099184840917587, validation loss: 0.2814595103263855
2024-04-09 15:06:52.411303:2024-04-09 15:06:52.411097: Current epoch: 69, loss: 0.12540362775325775, validation loss: 0.28354763984680176
2024-04-09 15:06:59.628967:2024-04-09 15:06:59.628782: Current epoch: 70, loss: 0.1274537891149521, validation loss: 0.3028303384780884
2024-04-09 15:07:04.579287:2024-04-09 15:07:04.579185: Current epoch: 71, loss: 0.1302916556596756, validation loss: 0.2642045021057129
2024-04-09 15:07:09.232697:2024-04-09 15:07:09.232585: Current epoch: 72, loss: 0.12523488700389862, validation loss: 0.27864739298820496
2024-04-09 15:07:13.736183:2024-04-09 15:07:13.736101: Current epoch: 73, loss: 0.12080613523721695, validation loss: 0.26566484570503235
2024-04-09 15:07:18.464257:2024-04-09 15:07:18.464102: Current epoch: 74, loss: 0.11823982745409012, validation loss: 0.2957460284233093
2024-04-09 15:07:23.261631:2024-04-09 15:07:23.261459: Current epoch: 75, loss: 0.11880176514387131, validation loss: 0.2662757635116577
2024-04-09 15:07:27.934500:2024-04-09 15:07:27.934355: Current epoch: 76, loss: 0.11808868497610092, validation loss: 0.26947835087776184
2024-04-09 15:07:32.571536:2024-04-09 15:07:32.571369: Current epoch: 77, loss: 0.11438806354999542, validation loss: 0.2715347111225128
2024-04-09 15:07:37.301716:2024-04-09 15:07:37.301551: Current epoch: 78, loss: 0.11035711318254471, validation loss: 0.27145636081695557
2024-04-09 15:07:41.892744:2024-04-09 15:07:41.892691: Current epoch: 79, loss: 0.1169486790895462, validation loss: 0.2619399428367615
2024-04-09 15:07:49.136098:2024-04-09 15:07:49.135942: Current epoch: 80, loss: 0.11362025886774063, validation loss: 0.27765780687332153
2024-04-09 15:07:53.939935:2024-04-09 15:07:53.939857: Current epoch: 81, loss: 0.11142344772815704, validation loss: 0.260217547416687
2024-04-09 15:07:58.545496:2024-04-09 15:07:58.545339: Current epoch: 82, loss: 0.10768042504787445, validation loss: 0.2620350420475006
2024-04-09 15:08:03.237121:2024-04-09 15:08:03.236956: Current epoch: 83, loss: 0.10865232348442078, validation loss: 0.2791990339756012
2024-04-09 15:08:08.095802:2024-04-09 15:08:08.095638: Current epoch: 84, loss: 0.10739012807607651, validation loss: 0.2754877209663391
2024-04-09 15:08:12.770068:2024-04-09 15:08:12.769904: Current epoch: 85, loss: 0.10915450751781464, validation loss: 0.27010712027549744
2024-04-09 15:08:17.570674:2024-04-09 15:08:17.570507: Current epoch: 86, loss: 0.1063205674290657, validation loss: 0.2724943161010742
2024-04-09 15:08:22.405038:2024-04-09 15:08:22.404963: Current epoch: 87, loss: 0.10560043901205063, validation loss: 0.2633797526359558
2024-04-09 15:08:26.994773:2024-04-09 15:08:26.994656: Current epoch: 88, loss: 0.10355022549629211, validation loss: 0.26563701033592224
2024-04-09 15:08:31.608415:2024-04-09 15:08:31.608252: Current epoch: 89, loss: 0.10591451823711395, validation loss: 0.26992180943489075
2024-04-09 15:08:36.094319:2024-04-09 15:08:36.094132: Current epoch: 90, loss: 0.10394208878278732, validation loss: 0.27238282561302185
2024-04-09 15:08:41.026728:2024-04-09 15:08:41.026644: Current epoch: 91, loss: 0.10309641808271408, validation loss: 0.2591225206851959
2024-04-09 15:08:45.808034:2024-04-09 15:08:45.807870: Current epoch: 92, loss: 0.1066756621003151, validation loss: 0.2665852904319763
2024-04-09 15:08:50.479172:2024-04-09 15:08:50.479045: Current epoch: 93, loss: 0.10403110831975937, validation loss: 0.2702166736125946
2024-04-09 15:08:55.054085:2024-04-09 15:08:55.053934: Current epoch: 94, loss: 0.10209639370441437, validation loss: 0.2616337239742279
2024-04-09 15:08:59.880532:2024-04-09 15:08:59.880355: Current epoch: 95, loss: 0.09633366763591766, validation loss: 0.2704516053199768
2024-04-09 15:09:04.539989:2024-04-09 15:09:04.539697: Current epoch: 96, loss: 0.10094889253377914, validation loss: 0.2642325162887573
2024-04-09 15:09:09.287456:2024-04-09 15:09:09.287364: Current epoch: 97, loss: 0.09430090337991714, validation loss: 0.24808667600154877
2024-04-09 15:09:13.975091:2024-04-09 15:09:13.974739: Current epoch: 98, loss: 0.09351863712072372, validation loss: 0.25240370631217957
2024-04-09 15:09:18.564564:2024-04-09 15:09:18.564405: Current epoch: 99, loss: 0.09025303274393082, validation loss: 0.27719712257385254
2024-04-09 15:09:23.148163:2024-04-09 15:09:23.148023: Current epoch: 100, loss: 0.09429376572370529, validation loss: 0.26767826080322266
2024-04-09 15:09:27.729793:2024-04-09 15:09:27.729627: Current epoch: 101, loss: 0.09300913661718369, validation loss: 0.264974981546402
2024-04-09 15:09:32.298409:2024-04-09 15:09:32.298235: Current epoch: 102, loss: 0.0961473286151886, validation loss: 0.25271549820899963
2024-04-09 15:09:36.772390:2024-04-09 15:09:36.772257: Current epoch: 103, loss: 0.09150015562772751, validation loss: 0.2744244933128357
2024-04-09 15:09:41.192261:2024-04-09 15:09:41.192217: Current epoch: 104, loss: 0.09083297103643417, validation loss: 0.24654459953308105
2024-04-09 15:09:45.610705:2024-04-09 15:09:45.610605: Current epoch: 105, loss: 0.09153306484222412, validation loss: 0.24909955263137817
2024-04-09 15:09:50.011788:2024-04-09 15:09:50.011715: Current epoch: 106, loss: 0.09252313524484634, validation loss: 0.26589712500572205
2024-04-09 15:09:54.617938:2024-04-09 15:09:54.617758: Current epoch: 107, loss: 0.09260792285203934, validation loss: 0.27600517868995667
2024-04-09 15:09:59.139035:2024-04-09 15:09:59.138871: Current epoch: 108, loss: 0.0879891887307167, validation loss: 0.2838287949562073
2024-04-09 15:10:03.559924:2024-04-09 15:10:03.559758: Current epoch: 109, loss: 0.08534035831689835, validation loss: 0.25062382221221924
2024-04-09 15:10:10.374290:2024-04-09 15:10:10.374210: Current epoch: 110, loss: 0.08726898580789566, validation loss: 0.25173309445381165
2024-04-09 15:10:14.878507:2024-04-09 15:10:14.878338: Current epoch: 111, loss: 0.0842403993010521, validation loss: 0.25853702425956726
2024-04-09 15:10:19.297832:2024-04-09 15:10:19.297767: Current epoch: 112, loss: 0.08872087299823761, validation loss: 0.24840357899665833
2024-04-09 15:10:23.832232:2024-04-09 15:10:23.832071: Current epoch: 113, loss: 0.08355633169412613, validation loss: 0.25860536098480225
2024-04-09 15:10:28.281761:2024-04-09 15:10:28.281698: Current epoch: 114, loss: 0.09178091585636139, validation loss: 0.2676599323749542
2024-04-09 15:10:32.779949:2024-04-09 15:10:32.779802: Current epoch: 115, loss: 0.08809375762939453, validation loss: 0.2540269196033478
2024-04-09 15:10:37.203404:2024-04-09 15:10:37.203344: Current epoch: 116, loss: 0.09209629148244858, validation loss: 0.2528521716594696
2024-04-09 15:10:41.623831:2024-04-09 15:10:41.623662: Current epoch: 117, loss: 0.0867609977722168, validation loss: 0.26691609621047974
2024-04-09 15:10:46.177388:2024-04-09 15:10:46.177309: Current epoch: 118, loss: 0.08458011597394943, validation loss: 0.24119237065315247
2024-04-09 15:10:50.604351:2024-04-09 15:10:50.604262: Current epoch: 119, loss: 0.0797218605875969, validation loss: 0.2515852451324463
2024-04-09 15:10:54.998342:2024-04-09 15:10:54.998175: Current epoch: 120, loss: 0.08215893805027008, validation loss: 0.26626479625701904
2024-04-09 15:10:59.462411:2024-04-09 15:10:59.462337: Current epoch: 121, loss: 0.0779821053147316, validation loss: 0.2560780644416809
2024-04-09 15:11:03.947068:2024-04-09 15:11:03.946898: Current epoch: 122, loss: 0.08367720246315002, validation loss: 0.2579195201396942
2024-04-09 15:11:08.445654:2024-04-09 15:11:08.445487: Current epoch: 123, loss: 0.0761222168803215, validation loss: 0.2577797770500183
2024-04-09 15:11:12.930894:2024-04-09 15:11:12.930792: Current epoch: 124, loss: 0.08338306844234467, validation loss: 0.2623733878135681
2024-04-09 15:11:17.400474:2024-04-09 15:11:17.400401: Current epoch: 125, loss: 0.08215808123350143, validation loss: 0.25354644656181335
2024-04-09 15:11:21.952533:2024-04-09 15:11:21.952368: Current epoch: 126, loss: 0.08073719590902328, validation loss: 0.2519230246543884
2024-04-09 15:11:26.433655:2024-04-09 15:11:26.433487: Current epoch: 127, loss: 0.07667821645736694, validation loss: 0.26322242617607117
2024-04-09 15:11:30.860648:2024-04-09 15:11:30.860514: Current epoch: 128, loss: 0.07444105297327042, validation loss: 0.24948759377002716
2024-04-09 15:11:35.288061:2024-04-09 15:11:35.287988: Current epoch: 129, loss: 0.08117759227752686, validation loss: 0.27489590644836426
2024-04-09 15:11:39.763136:2024-04-09 15:11:39.762968: Current epoch: 130, loss: 0.07782772928476334, validation loss: 0.2558375895023346
2024-04-09 15:11:44.179997:2024-04-09 15:11:44.179923: Current epoch: 131, loss: 0.07728055119514465, validation loss: 0.2576618790626526
2024-04-09 15:11:48.603407:2024-04-09 15:11:48.603331: Current epoch: 132, loss: 0.08215242624282837, validation loss: 0.2552378475666046
2024-04-09 15:11:52.981708:2024-04-09 15:11:52.981634: Current epoch: 133, loss: 0.07519368827342987, validation loss: 0.24423563480377197
2024-04-09 15:11:57.439643:2024-04-09 15:11:57.439570: Current epoch: 134, loss: 0.07490628957748413, validation loss: 0.2657190263271332
2024-04-09 15:12:01.886218:2024-04-09 15:12:01.886077: Current epoch: 135, loss: 0.07762748003005981, validation loss: 0.2954829931259155
2024-04-09 15:12:06.318244:2024-04-09 15:12:06.318143: Current epoch: 136, loss: 0.07532775402069092, validation loss: 0.2540672719478607
2024-04-09 15:12:10.743735:2024-04-09 15:12:10.743666: Current epoch: 137, loss: 0.07040850818157196, validation loss: 0.2649794816970825
2024-04-09 15:12:15.172834:2024-04-09 15:12:15.172766: Current epoch: 138, loss: 0.07363782823085785, validation loss: 0.2595914304256439
2024-04-09 15:12:19.599178:2024-04-09 15:12:19.599114: Current epoch: 139, loss: 0.07209604233503342, validation loss: 0.24981717765331268
2024-04-09 15:12:26.477466:2024-04-09 15:12:26.477393: Current epoch: 140, loss: 0.07289691269397736, validation loss: 0.2554541528224945
2024-04-09 15:12:30.870293:2024-04-09 15:12:30.870109: Current epoch: 141, loss: 0.07236092537641525, validation loss: 0.25625211000442505
2024-04-09 15:12:35.343188:2024-04-09 15:12:35.343139: Current epoch: 142, loss: 0.07708243280649185, validation loss: 0.23610390722751617
2024-04-09 15:12:39.742934:2024-04-09 15:12:39.742864: Current epoch: 143, loss: 0.07389847189188004, validation loss: 0.25020918250083923
2024-04-09 15:12:44.106292:2024-04-09 15:12:44.106205: Current epoch: 144, loss: 0.07331337779760361, validation loss: 0.25390395522117615
2024-04-09 15:12:48.592143:2024-04-09 15:12:48.591976: Current epoch: 145, loss: 0.07864704728126526, validation loss: 0.2507935166358948
2024-04-09 15:12:53.015116:2024-04-09 15:12:53.015042: Current epoch: 146, loss: 0.06876326352357864, validation loss: 0.24198617041110992
2024-04-09 15:12:57.359158:2024-04-09 15:12:57.359089: Current epoch: 147, loss: 0.06673762947320938, validation loss: 0.24635666608810425
2024-04-09 15:13:01.780168:2024-04-09 15:13:01.780084: Current epoch: 148, loss: 0.06425868719816208, validation loss: 0.25369077920913696
2024-04-09 15:13:06.162063:2024-04-09 15:13:06.161987: Current epoch: 149, loss: 0.0723026767373085, validation loss: 0.27011096477508545
2024-04-09 15:13:10.573855:2024-04-09 15:13:10.573714: Current epoch: 150, loss: 0.07562839239835739, validation loss: 0.26327893137931824
2024-04-09 15:13:14.973746:2024-04-09 15:13:14.973645: Current epoch: 151, loss: 0.07033107429742813, validation loss: 0.2684623599052429
2024-04-09 15:13:19.479179:2024-04-09 15:13:19.479104: Current epoch: 152, loss: 0.07026704400777817, validation loss: 0.25067251920700073
2024-04-09 15:13:24.197381:2024-04-09 15:13:24.197193: Current epoch: 153, loss: 0.06617574393749237, validation loss: 0.25182461738586426
2024-04-09 15:13:28.852937:2024-04-09 15:13:28.852788: Current epoch: 154, loss: 0.0683245062828064, validation loss: 0.24444977939128876
2024-04-09 15:13:33.427097:2024-04-09 15:13:33.427023: Current epoch: 155, loss: 0.06599148362874985, validation loss: 0.25587138533592224
2024-04-09 15:13:38.325995:2024-04-09 15:13:38.325858: Current epoch: 156, loss: 0.06755420565605164, validation loss: 0.27732568979263306
2024-04-09 15:13:43.051989:2024-04-09 15:13:43.051821: Current epoch: 157, loss: 0.06725839525461197, validation loss: 0.258558452129364
2024-04-09 15:13:47.627786:2024-04-09 15:13:47.627629: Current epoch: 158, loss: 0.06692545861005783, validation loss: 0.24928948283195496
2024-04-09 15:13:52.081856:2024-04-09 15:13:52.081702: Current epoch: 159, loss: 0.07021868973970413, validation loss: 0.2736522853374481
2024-04-09 15:13:56.428654:2024-04-09 15:13:56.428586: Current epoch: 160, loss: 0.0673031434416771, validation loss: 0.2522761821746826
2024-04-09 15:14:00.889815:2024-04-09 15:14:00.889713: Current epoch: 161, loss: 0.06966982781887054, validation loss: 0.2504180371761322
2024-04-09 15:14:05.324212:2024-04-09 15:14:05.324140: Current epoch: 162, loss: 0.06559670716524124, validation loss: 0.25656789541244507
2024-04-09 15:14:09.691410:2024-04-09 15:14:09.691340: Current epoch: 163, loss: 0.06652304530143738, validation loss: 0.24339348077774048
2024-04-09 15:14:14.145695:2024-04-09 15:14:14.145541: Current epoch: 164, loss: 0.06328965723514557, validation loss: 0.25120386481285095
2024-04-09 15:14:18.600367:2024-04-09 15:14:18.600299: Current epoch: 165, loss: 0.06249406188726425, validation loss: 0.24291786551475525
2024-04-09 15:14:23.031402:2024-04-09 15:14:23.031326: Current epoch: 166, loss: 0.06536749005317688, validation loss: 0.25425466895103455
2024-04-09 15:14:27.661383:2024-04-09 15:14:27.661214: Current epoch: 167, loss: 0.06275974959135056, validation loss: 0.26752379536628723
2024-04-09 15:14:32.358834:2024-04-09 15:14:32.358672: Current epoch: 168, loss: 0.06969330459833145, validation loss: 0.24776691198349
2024-04-09 15:14:37.034620:2024-04-09 15:14:37.034465: Current epoch: 169, loss: 0.06529279798269272, validation loss: 0.25089144706726074
2024-04-09 15:14:41.568612:2024-04-09 15:14:41.568430: Current epoch: 170, loss: 0.06699375808238983, validation loss: 0.24771413207054138
2024-04-09 15:14:46.188363:2024-04-09 15:14:46.188245: Current epoch: 171, loss: 0.06335178017616272, validation loss: 0.24304571747779846
2024-04-09 15:14:50.813675:2024-04-09 15:14:50.813538: Current epoch: 172, loss: 0.060362763702869415, validation loss: 0.25652408599853516
2024-04-09 15:14:55.319881:2024-04-09 15:14:55.319787: Current epoch: 173, loss: 0.06050988659262657, validation loss: 0.2542955279350281
2024-04-09 15:14:59.921860:2024-04-09 15:14:59.921719: Current epoch: 174, loss: 0.060874953866004944, validation loss: 0.25705987215042114
2024-04-09 15:15:04.477579:2024-04-09 15:15:04.477476: Current epoch: 175, loss: 0.07131101191043854, validation loss: 0.2754373550415039
2024-04-09 15:15:08.931887:2024-04-09 15:15:08.931817: Current epoch: 176, loss: 0.07001019269227982, validation loss: 0.24970588088035583
2024-04-09 15:15:13.382177:2024-04-09 15:15:13.382110: Current epoch: 177, loss: 0.06492488831281662, validation loss: 0.24829845130443573
2024-04-09 15:15:18.029756:2024-04-09 15:15:18.029583: Current epoch: 178, loss: 0.05886067450046539, validation loss: 0.23947754502296448
2024-04-09 15:15:22.675459:2024-04-09 15:15:22.675376: Current epoch: 179, loss: 0.06557873636484146, validation loss: 0.24177169799804688
2024-04-09 15:15:29.767482:2024-04-09 15:15:29.767404: Current epoch: 180, loss: 0.05947692692279816, validation loss: 0.24787257611751556
2024-04-09 15:15:34.435693:2024-04-09 15:15:34.435335: Current epoch: 181, loss: 0.061853304505348206, validation loss: 0.2660943865776062
2024-04-09 15:15:39.081081:2024-04-09 15:15:39.081003: Current epoch: 182, loss: 0.06662178039550781, validation loss: 0.2544471025466919
2024-04-09 15:15:43.800098:2024-04-09 15:15:43.799926: Current epoch: 183, loss: 0.06518463790416718, validation loss: 0.2547624111175537
2024-04-09 15:15:48.510159:2024-04-09 15:15:48.509802: Current epoch: 184, loss: 0.06141461431980133, validation loss: 0.26113221049308777
2024-04-09 15:15:52.947330:2024-04-09 15:15:52.947184: Current epoch: 185, loss: 0.06253688782453537, validation loss: 0.2466639131307602
2024-04-09 15:15:57.525693:2024-04-09 15:15:57.525530: Current epoch: 186, loss: 0.058134645223617554, validation loss: 0.24098800122737885
2024-04-09 15:16:02.060013:2024-04-09 15:16:02.059855: Current epoch: 187, loss: 0.06207278370857239, validation loss: 0.2361598014831543
2024-04-09 15:16:06.565951:2024-04-09 15:16:06.565788: Current epoch: 188, loss: 0.06153229624032974, validation loss: 0.23772424459457397
2024-04-09 15:16:11.076227:2024-04-09 15:16:11.076103: Current epoch: 189, loss: 0.05841701105237007, validation loss: 0.26135122776031494
2024-04-09 15:16:15.637116:2024-04-09 15:16:15.637054: Current epoch: 190, loss: 0.053756505250930786, validation loss: 0.23305022716522217
2024-04-09 15:16:20.016535:2024-04-09 15:16:20.016460: Current epoch: 191, loss: 0.054606880992650986, validation loss: 0.24324509501457214
2024-04-09 15:16:24.503034:2024-04-09 15:16:24.502961: Current epoch: 192, loss: 0.05589209496974945, validation loss: 0.23892910778522491
2024-04-09 15:16:28.960785:2024-04-09 15:16:28.960647: Current epoch: 193, loss: 0.055691298097372055, validation loss: 0.27563732862472534
2024-04-09 15:16:33.602238:2024-04-09 15:16:33.602135: Current epoch: 194, loss: 0.05786542221903801, validation loss: 0.25003713369369507
2024-04-09 15:16:38.173975:2024-04-09 15:16:38.173810: Current epoch: 195, loss: 0.05826059728860855, validation loss: 0.24597933888435364
2024-04-09 15:16:42.820371:2024-04-09 15:16:42.820179: Current epoch: 196, loss: 0.060933973640203476, validation loss: 0.24372781813144684
2024-04-09 15:16:47.398836:2024-04-09 15:16:47.398687: Current epoch: 197, loss: 0.05606680363416672, validation loss: 0.2609173059463501
2024-04-09 15:16:52.280159:2024-04-09 15:16:52.279990: Current epoch: 198, loss: 0.055642019957304, validation loss: 0.24647080898284912
2024-04-09 15:16:56.939120:2024-04-09 15:16:56.939048: Current epoch: 199, loss: 0.0566101111471653, validation loss: 0.2547524571418762
2024-04-09 15:17:01.528720:2024-04-09 15:17:01.528647: Current epoch: 200, loss: 0.057166870683431625, validation loss: 0.24453532695770264
2024-04-09 15:17:06.046953:2024-04-09 15:17:06.046788: Current epoch: 201, loss: 0.059271130710840225, validation loss: 0.25378328561782837
2024-04-09 15:17:10.606477:2024-04-09 15:17:10.606313: Current epoch: 202, loss: 0.055317409336566925, validation loss: 0.24463996291160583
2024-04-09 15:17:15.113936:2024-04-09 15:17:15.113783: Current epoch: 203, loss: 0.05578654631972313, validation loss: 0.24612103402614594
2024-04-09 15:17:19.633683:2024-04-09 15:17:19.633610: Current epoch: 204, loss: 0.0644722580909729, validation loss: 0.2612842321395874
2024-04-09 15:17:24.213850:2024-04-09 15:17:24.213782: Current epoch: 205, loss: 0.06482615321874619, validation loss: 0.24600829184055328
2024-04-09 15:17:28.915174:2024-04-09 15:17:28.914979: Current epoch: 206, loss: 0.06196395307779312, validation loss: 0.260722815990448
2024-04-09 15:17:33.470420:2024-04-09 15:17:33.470346: Current epoch: 207, loss: 0.055773574858903885, validation loss: 0.2549714744091034
2024-04-09 15:17:38.032500:2024-04-09 15:17:38.032356: Current epoch: 208, loss: 0.06266072392463684, validation loss: 0.2484326958656311
2024-04-09 15:17:42.545559:2024-04-09 15:17:42.545419: Current epoch: 209, loss: 0.05786750838160515, validation loss: 0.2461346685886383
2024-04-09 15:17:47.137465:2024-04-09 15:17:47.137325: Current epoch: 210, loss: 0.04964219778776169, validation loss: 0.24284979701042175
2024-04-09 15:17:51.673844:2024-04-09 15:17:51.673709: Current epoch: 211, loss: 0.0505848191678524, validation loss: 0.24147886037826538
2024-04-09 15:17:56.123729:2024-04-09 15:17:56.123656: Current epoch: 212, loss: 0.051765065640211105, validation loss: 0.2510639727115631
2024-04-09 15:18:00.580336:2024-04-09 15:18:00.580158: Current epoch: 213, loss: 0.06553230434656143, validation loss: 0.26047345995903015
2024-04-09 15:18:05.004776:2024-04-09 15:18:05.004609: Current epoch: 214, loss: 0.06295343488454819, validation loss: 0.24870926141738892
2024-04-09 15:18:09.411932:2024-04-09 15:18:09.411766: Current epoch: 215, loss: 0.05993618071079254, validation loss: 0.2486697882413864
2024-04-09 15:18:13.759911:2024-04-09 15:18:13.759837: Current epoch: 216, loss: 0.05548923462629318, validation loss: 0.24699269235134125
2024-04-09 15:18:18.257959:2024-04-09 15:18:18.257792: Current epoch: 217, loss: 0.055397383868694305, validation loss: 0.2560669779777527
2024-04-09 15:18:22.831510:2024-04-09 15:18:22.831359: Current epoch: 218, loss: 0.05195771902799606, validation loss: 0.24116165935993195
2024-04-09 15:18:27.456541:2024-04-09 15:18:27.456415: Current epoch: 219, loss: 0.052133213728666306, validation loss: 0.24241352081298828
2024-04-09 15:18:31.988811:2024-04-09 15:18:31.988640: Current epoch: 220, loss: 0.04865133389830589, validation loss: 0.24926315248012543
2024-04-09 15:18:36.411654:2024-04-09 15:18:36.411580: Current epoch: 221, loss: 0.05196840316057205, validation loss: 0.24839016795158386
2024-04-09 15:18:40.894658:2024-04-09 15:18:40.894510: Current epoch: 222, loss: 0.0535973496735096, validation loss: 0.25079619884490967
2024-04-09 15:18:45.349368:2024-04-09 15:18:45.349207: Current epoch: 223, loss: 0.05233531445264816, validation loss: 0.24541009962558746
2024-04-09 15:18:49.808448:2024-04-09 15:18:49.808263: Current epoch: 224, loss: 0.053405970335006714, validation loss: 0.2516914904117584
2024-04-09 15:18:54.314754:2024-04-09 15:18:54.314602: Current epoch: 225, loss: 0.053610995411872864, validation loss: 0.247248575091362
2024-04-09 15:18:58.695500:2024-04-09 15:18:58.695359: Current epoch: 226, loss: 0.0504521019756794, validation loss: 0.2623903155326843
2024-04-09 15:19:03.108935:2024-04-09 15:19:03.108853: Current epoch: 227, loss: 0.04992106929421425, validation loss: 0.23380325734615326
2024-04-09 15:19:07.413592:2024-04-09 15:19:07.413528: Current epoch: 228, loss: 0.05231399089097977, validation loss: 0.2606070637702942
2024-04-09 15:19:11.966284:2024-04-09 15:19:11.966109: Current epoch: 229, loss: 0.061294205486774445, validation loss: 0.2606068551540375
2024-04-09 15:19:16.506907:2024-04-09 15:19:16.506722: Current epoch: 230, loss: 0.050655994564294815, validation loss: 0.23684115707874298
2024-04-09 15:19:20.955923:2024-04-09 15:19:20.955822: Current epoch: 231, loss: 0.04898638278245926, validation loss: 0.24270670115947723
2024-04-09 15:19:25.512214:2024-04-09 15:19:25.512063: Current epoch: 232, loss: 0.05066675320267677, validation loss: 0.2501996159553528
2024-04-09 15:19:29.947933:2024-04-09 15:19:29.947859: Current epoch: 233, loss: 0.05142263323068619, validation loss: 0.23788496851921082
2024-04-09 15:19:34.650353:2024-04-09 15:19:34.650172: Current epoch: 234, loss: 0.05285078287124634, validation loss: 0.280749648809433
2024-04-09 15:19:39.392986:2024-04-09 15:19:39.392846: Current epoch: 235, loss: 0.05182924494147301, validation loss: 0.2482670247554779
2024-04-09 15:19:43.839017:2024-04-09 15:19:43.838849: Current epoch: 236, loss: 0.051492203027009964, validation loss: 0.25798463821411133
2024-04-09 15:19:48.326685:2024-04-09 15:19:48.326513: Current epoch: 237, loss: 0.049107372760772705, validation loss: 0.2598913311958313
2024-04-09 15:19:52.843768:2024-04-09 15:19:52.843604: Current epoch: 238, loss: 0.05365588143467903, validation loss: 0.27404218912124634
2024-04-09 15:19:57.268185:2024-04-09 15:19:57.268116: Current epoch: 239, loss: 0.051503460854291916, validation loss: 0.25260287523269653
2024-04-09 15:20:01.765685:2024-04-09 15:20:01.765514: Current epoch: 240, loss: 0.05364260822534561, validation loss: 0.25110194087028503
2024-04-09 15:20:06.207328:2024-04-09 15:20:06.207131: Current epoch: 241, loss: 0.05048544332385063, validation loss: 0.25112953782081604
2024-04-09 15:20:10.619340:2024-04-09 15:20:10.619161: Current epoch: 242, loss: 0.05079386755824089, validation loss: 0.2557589113712311
2024-04-09 15:20:15.063693:2024-04-09 15:20:15.063618: Current epoch: 243, loss: 0.05105390027165413, validation loss: 0.23348963260650635
2024-04-09 15:20:19.659883:2024-04-09 15:20:19.659719: Current epoch: 244, loss: 0.04933598265051842, validation loss: 0.25134068727493286
2024-04-09 15:20:24.143468:2024-04-09 15:20:24.143394: Current epoch: 245, loss: 0.05197811871767044, validation loss: 0.2744983434677124
2024-04-09 15:20:28.631311:2024-04-09 15:20:28.631096: Current epoch: 246, loss: 0.04891775920987129, validation loss: 0.24928738176822662
2024-04-09 15:20:33.155822:2024-04-09 15:20:33.155749: Current epoch: 247, loss: 0.054669201374053955, validation loss: 0.24777114391326904
2024-04-09 15:20:37.644561:2024-04-09 15:20:37.644392: Current epoch: 248, loss: 0.054201025515794754, validation loss: 0.25912386178970337
2024-04-09 15:20:42.052040:2024-04-09 15:20:42.051956: Current epoch: 249, loss: 0.054604824632406235, validation loss: 0.2552328407764435
2024-04-09 15:20:46.381009:2024-04-09 15:20:46.380939: Current epoch: 250, loss: 0.050214629620313644, validation loss: 0.26247870922088623
2024-04-09 15:20:50.929951:2024-04-09 15:20:50.929783: Current epoch: 251, loss: 0.046918753534555435, validation loss: 0.25613418221473694
2024-04-09 15:20:55.335846:2024-04-09 15:20:55.335772: Current epoch: 252, loss: 0.04939320310950279, validation loss: 0.2521316707134247
2024-04-09 15:20:59.737057:2024-04-09 15:20:59.736888: Current epoch: 253, loss: 0.052312903106212616, validation loss: 0.24537770450115204
2024-04-09 15:21:04.128492:2024-04-09 15:21:04.128432: Current epoch: 254, loss: 0.05277279391884804, validation loss: 0.2474549412727356
2024-04-09 15:21:08.508906:2024-04-09 15:21:08.508843: Current epoch: 255, loss: 0.05447390675544739, validation loss: 0.2520374059677124
2024-04-09 15:21:12.963042:2024-04-09 15:21:12.962874: Current epoch: 256, loss: 0.04606788605451584, validation loss: 0.24336408078670502
2024-04-09 15:21:17.461411:2024-04-09 15:21:17.461349: Current epoch: 257, loss: 0.04577068239450455, validation loss: 0.2560007572174072
2024-04-09 15:21:21.959466:2024-04-09 15:21:21.959323: Current epoch: 258, loss: 0.0487322099506855, validation loss: 0.2577173113822937
2024-04-09 15:21:26.323593:2024-04-09 15:21:26.323491: Current epoch: 259, loss: 0.04750697687268257, validation loss: 0.25832903385162354
2024-04-09 15:21:30.751020:2024-04-09 15:21:30.750951: Current epoch: 260, loss: 0.062291309237480164, validation loss: 0.2419990450143814
2024-04-09 15:21:35.145976:2024-04-09 15:21:35.145904: Current epoch: 261, loss: 0.051553357392549515, validation loss: 0.24738581478595734
2024-04-09 15:21:39.514576:2024-04-09 15:21:39.514414: Current epoch: 262, loss: 0.04833076521754265, validation loss: 0.2806492745876312
2024-04-09 15:21:43.931520:2024-04-09 15:21:43.931447: Current epoch: 263, loss: 0.059205446392297745, validation loss: 0.2441886067390442
2024-04-09 15:21:48.415996:2024-04-09 15:21:48.415922: Current epoch: 264, loss: 0.0464605912566185, validation loss: 0.24978379905223846
2024-04-09 15:21:52.863774:2024-04-09 15:21:52.863631: Current epoch: 265, loss: 0.04208432137966156, validation loss: 0.2640879154205322
2024-04-09 15:21:57.511711:2024-04-09 15:21:57.511637: Current epoch: 266, loss: 0.04300171881914139, validation loss: 0.25304707884788513
2024-04-09 15:22:01.993422:2024-04-09 15:22:01.993348: Current epoch: 267, loss: 0.04430408775806427, validation loss: 0.2502363920211792
2024-04-09 15:22:06.465983:2024-04-09 15:22:06.465845: Current epoch: 268, loss: 0.04542951658368111, validation loss: 0.2393263727426529
2024-04-09 15:22:11.051674:2024-04-09 15:22:11.051493: Current epoch: 269, loss: 0.0464714877307415, validation loss: 0.23865337669849396
2024-04-09 15:22:18.015602:2024-04-09 15:22:18.015528: Current epoch: 270, loss: 0.04617008939385414, validation loss: 0.24733562767505646
2024-04-09 15:22:22.665151:2024-04-09 15:22:22.665015: Current epoch: 271, loss: 0.0478653758764267, validation loss: 0.2517434060573578
2024-04-09 15:22:27.201595:2024-04-09 15:22:27.201495: Current epoch: 272, loss: 0.04642976447939873, validation loss: 0.23743252456188202
2024-04-09 15:22:32.197456:2024-04-09 15:22:32.197264: Current epoch: 273, loss: 0.04708554968237877, validation loss: 0.24881578981876373
2024-04-09 15:22:37.045471:2024-04-09 15:22:37.045313: Current epoch: 274, loss: 0.04733821749687195, validation loss: 0.24538511037826538
2024-04-09 15:22:41.790887:2024-04-09 15:22:41.790720: Current epoch: 275, loss: 0.04905370622873306, validation loss: 0.24427616596221924
2024-04-09 15:22:46.385304:2024-04-09 15:22:46.385149: Current epoch: 276, loss: 0.04879124462604523, validation loss: 0.2452283501625061
2024-04-09 15:22:50.930553:2024-04-09 15:22:50.930394: Current epoch: 277, loss: 0.051297519356012344, validation loss: 0.2511444389820099
2024-04-09 15:22:55.402627:2024-04-09 15:22:55.402470: Current epoch: 278, loss: 0.047944508492946625, validation loss: 0.2540377974510193
2024-04-09 15:22:59.955652:2024-04-09 15:22:59.955526: Current epoch: 279, loss: 0.04767870157957077, validation loss: 0.243554025888443
2024-04-09 15:23:04.489304:2024-04-09 15:23:04.489209: Current epoch: 280, loss: 0.04584256559610367, validation loss: 0.2544880509376526
2024-04-09 15:23:09.290166:2024-04-09 15:23:09.290011: Current epoch: 281, loss: 0.0455508790910244, validation loss: 0.2519887685775757
2024-04-09 15:23:14.038716:2024-04-09 15:23:14.038445: Current epoch: 282, loss: 0.04856161028146744, validation loss: 0.2468176931142807
2024-04-09 15:23:18.744003:2024-04-09 15:23:18.743841: Current epoch: 283, loss: 0.048770830035209656, validation loss: 0.26796308159828186
2024-04-09 15:23:23.391647:2024-04-09 15:23:23.391477: Current epoch: 284, loss: 0.053392283618450165, validation loss: 0.24642853438854218
2024-04-09 15:23:28.084754:2024-04-09 15:23:28.084643: Current epoch: 285, loss: 0.044818710535764694, validation loss: 0.2505306303501129
2024-04-09 15:23:32.735289:2024-04-09 15:23:32.735111: Current epoch: 286, loss: 0.04142189025878906, validation loss: 0.2580094039440155
2024-04-09 15:23:37.454842:2024-04-09 15:23:37.454697: Current epoch: 287, loss: 0.04566066339612007, validation loss: 0.25900399684906006
2024-04-09 15:23:42.022090:2024-04-09 15:23:42.021978: Current epoch: 288, loss: 0.043062590062618256, validation loss: 0.2432287484407425
2024-04-09 15:23:46.822376:2024-04-09 15:23:46.822203: Current epoch: 289, loss: 0.0422099307179451, validation loss: 0.2551191747188568
2024-04-09 15:23:51.476716:2024-04-09 15:23:51.476639: Current epoch: 290, loss: 0.048036061227321625, validation loss: 0.23467084765434265
2024-04-09 15:23:51.800423:the test error is  [0.25158289074897766, 0.25158289074897766]
2024-04-09 15:23:54.430029:saved model to sample/alignn_matbert-base-cased_robo_prop_mbj_bandgap
2024-04-09 15:23:54.816927:done