
2024-04-11 10:26:28.623394:job config: {'train_data_path': '/data/yll6162/alignntl_dft_3d/tl_dataset/dataset_alignn_bert-base-uncased_robo_prop_magmom_outcar_train.csv', 'val_data_path': '/data/yll6162/alignntl_dft_3d/tl_dataset/dataset_alignn_bert-base-uncased_robo_prop_magmom_outcar_val.csv', 'test_data_path': '/data/yll6162/alignntl_dft_3d/tl_dataset/dataset_alignn_bert-base-uncased_robo_prop_magmom_outcar_test.csv', 'label': 'magmom_outcar', 'input_type': None, 'log_folder': 'log', 'log_file': 'alignn_bert-base-uncased_robo_prop_magmom_outcar.log', 'test_metric': 'mae', 'architecture': '1024Rx4D-512Rx3D-256Rx3D-128Rx3D-64Rx2-32Rx1-1', 'model_seed': 0, 'loss_type': 'mae', 'config_file': 'sample/alignn_bert-base-uncased_robo_prop_magmom_outcar_job.config', 'use_valid': True, 'project': 'MOF', 'regressors': None, 'input_types': None, 'paramsGrid': {'optimizer': 'Adam', 'learning_rate': 0.0001, 'patience': 100, 'dropouts': [0.8, 0.9, 0.7, 0.8], 'EVAL_FREQUENCY': 1000}, 'save_path': 'sample/alignn_bert-base-uncased_robo_prop_magmom_outcar', 'model_path': None, 'last_layer_with_weight': True, 'keras_path': 'model/alignn_bert-base-uncased_robo_prop_magmom_outcar', 'test_size': None, 'val_size': None}
2024-04-11 10:26:28.623454:train data path is  /data/yll6162/alignntl_dft_3d/tl_dataset/dataset_alignn_bert-base-uncased_robo_prop_magmom_outcar_train.csv
2024-04-11 10:26:42.852854:input attribute sets are:  None
2024-04-11 10:26:42.853048:test data path is  /data/yll6162/alignntl_dft_3d/tl_dataset/dataset_alignn_bert-base-uncased_robo_prop_magmom_outcar_test.csv
2024-04-11 10:26:44.596549:val data path is  /data/yll6162/alignntl_dft_3d/tl_dataset/dataset_alignn_bert-base-uncased_robo_prop_magmom_outcar_val.csv
2024-04-11 10:26:46.315848:input attributes are:  Index(['0', '1', '2', '3', '4', '5', '6', '7', '8', '9',
       ...
       '758.1', '759.1', '760.1', '761.1', '762.1', '763.1', '764.1', '765.1',
       '766.1', '767.1'],
      dtype='object', length=1536)
2024-04-11 10:26:46.315959:label: magmom_outcar
2024-04-11 10:26:58.787002: train, test, valid sizes:  (59370, 1536) (59370,) (7422, 1536) (7422,) (7422, 1536) (7422,)
2024-04-11 10:26:59.022140:train matrix shape of train_X:  (59370, 1536)  train_y:  (59370,)
2024-04-11 10:26:59.022264:valid matrix shape of train_X:  (7422, 1536)  valid_y:  (7422,)
2024-04-11 10:26:59.022340:test matrix shape of valid_X:   (7422, 1536)  test_y:  (7422,)
2024-04-11 10:26:59.022375:architecture is:  1024Rx4D-512Rx3D-256Rx3D-128Rx3D-64Rx2-32Rx1-1
2024-04-11 10:26:59.022411:learning rate is  0.0001
2024-04-11 10:26:59.022443:model path is  None
2024-04-11 10:26:59.036206:adding fully connected layers with 1024 outputs
2024-04-11 10:27:01.087744:adding residual with fc as the size are different
2024-04-11 10:27:01.095091:adding fully connected layers with 1024 outputs
2024-04-11 10:27:01.100174:adding residual, both sizes are same
2024-04-11 10:27:01.102120:adding fully connected layers with 1024 outputs
2024-04-11 10:27:01.107032:adding residual, both sizes are same
2024-04-11 10:27:01.108875:adding fully connected layers with 1024 outputs
2024-04-11 10:27:01.113528:adding residual, both sizes are same
2024-04-11 10:27:01.115441:adding dropout 0.8
2024-04-11 10:27:01.120438:adding fully connected layers with 512 outputs
2024-04-11 10:27:01.125357:adding residual with fc as the size are different
2024-04-11 10:27:01.132355:adding fully connected layers with 512 outputs
2024-04-11 10:27:01.137197:adding residual, both sizes are same
2024-04-11 10:27:01.139034:adding fully connected layers with 512 outputs
2024-04-11 10:27:01.143875:adding residual, both sizes are same
2024-04-11 10:27:01.145705:adding dropout 0.9
2024-04-11 10:27:01.147301:adding fully connected layers with 256 outputs
2024-04-11 10:27:01.152293:adding residual with fc as the size are different
2024-04-11 10:27:01.158575:adding fully connected layers with 256 outputs
2024-04-11 10:27:01.163401:adding residual, both sizes are same
2024-04-11 10:27:01.167705:adding fully connected layers with 256 outputs
2024-04-11 10:27:01.182150:adding residual, both sizes are same
2024-04-11 10:27:01.185476:adding dropout 0.7
2024-04-11 10:27:01.187487:adding fully connected layers with 128 outputs
2024-04-11 10:27:01.193649:adding residual with fc as the size are different
2024-04-11 10:27:01.200221:adding fully connected layers with 128 outputs
2024-04-11 10:27:01.205115:adding residual, both sizes are same
2024-04-11 10:27:01.206939:adding fully connected layers with 128 outputs
2024-04-11 10:27:01.211601:adding residual, both sizes are same
2024-04-11 10:27:01.213681:adding dropout 0.8
2024-04-11 10:27:01.215249:adding fully connected layers with 64 outputs
2024-04-11 10:27:01.220216:adding residual with fc as the size are different
2024-04-11 10:27:01.226388:adding fully connected layers with 64 outputs
2024-04-11 10:27:01.231446:adding residual, both sizes are same
2024-04-11 10:27:01.233284:adding fully connected layers with 32 outputs
2024-04-11 10:27:01.238234:adding residual with fc as the size are different
2024-04-11 10:27:01.244562:adding final layer with 1 output
2024-04-11 10:27:01.254155:Model: "ElemNet"
2024-04-11 10:27:01.254221:__________________________________________________________________________________________________
2024-04-11 10:27:01.254268:Layer (type)                    Output Shape         Param #     Connected to                     
2024-04-11 10:27:01.254309:==================================================================================================
2024-04-11 10:27:01.254523:elemental_fractions (InputLayer [(None, 1536)]       0                                            
2024-04-11 10:27:01.254566:__________________________________________________________________________________________________
2024-04-11 10:27:01.254725:fc0_0 (Dense)                   (None, 1024)         1573888     elemental_fractions[0][0]        
2024-04-11 10:27:01.254769:__________________________________________________________________________________________________
2024-04-11 10:27:01.254877:fc0_dim_0 (Dense)               (None, 1024)         1573888     elemental_fractions[0][0]        
2024-04-11 10:27:01.254917:__________________________________________________________________________________________________
2024-04-11 10:27:01.254995:tf.__operators__.add (TFOpLambd (None, 1024)         0           fc0_0[0][0]                      
2024-04-11 10:27:01.255037:                                                                 fc0_dim_0[0][0]                  
2024-04-11 10:27:01.255071:__________________________________________________________________________________________________
2024-04-11 10:27:01.255175:fc0_1 (Dense)                   (None, 1024)         1049600     tf.__operators__.add[0][0]       
2024-04-11 10:27:01.255215:__________________________________________________________________________________________________
2024-04-11 10:27:01.255297:tf.__operators__.add_1 (TFOpLam (None, 1024)         0           fc0_1[0][0]                      
2024-04-11 10:27:01.255340:                                                                 tf.__operators__.add[0][0]       
2024-04-11 10:27:01.255374:__________________________________________________________________________________________________
2024-04-11 10:27:01.255473:fc0_2 (Dense)                   (None, 1024)         1049600     tf.__operators__.add_1[0][0]     
2024-04-11 10:27:01.255512:__________________________________________________________________________________________________
2024-04-11 10:27:01.255585:tf.__operators__.add_2 (TFOpLam (None, 1024)         0           fc0_2[0][0]                      
2024-04-11 10:27:01.255624:                                                                 tf.__operators__.add_1[0][0]     
2024-04-11 10:27:01.255658:__________________________________________________________________________________________________
2024-04-11 10:27:01.255755:fc0_3 (Dense)                   (None, 1024)         1049600     tf.__operators__.add_2[0][0]     
2024-04-11 10:27:01.255794:__________________________________________________________________________________________________
2024-04-11 10:27:01.255866:tf.__operators__.add_3 (TFOpLam (None, 1024)         0           fc0_3[0][0]                      
2024-04-11 10:27:01.255912:                                                                 tf.__operators__.add_2[0][0]     
2024-04-11 10:27:01.255945:__________________________________________________________________________________________________
2024-04-11 10:27:01.256017:dropout (Dropout)               (None, 1024)         0           tf.__operators__.add_3[0][0]     
2024-04-11 10:27:01.256053:__________________________________________________________________________________________________
2024-04-11 10:27:01.256152:fc1_0 (Dense)                   (None, 512)          524800      dropout[0][0]                    
2024-04-11 10:27:01.256191:__________________________________________________________________________________________________
2024-04-11 10:27:01.256296:fc1_dim_0 (Dense)               (None, 512)          524800      dropout[0][0]                    
2024-04-11 10:27:01.256336:__________________________________________________________________________________________________
2024-04-11 10:27:01.256410:tf.__operators__.add_4 (TFOpLam (None, 512)          0           fc1_0[0][0]                      
2024-04-11 10:27:01.256450:                                                                 fc1_dim_0[0][0]                  
2024-04-11 10:27:01.256484:__________________________________________________________________________________________________
2024-04-11 10:27:01.256580:fc1_1 (Dense)                   (None, 512)          262656      tf.__operators__.add_4[0][0]     
2024-04-11 10:27:01.256620:__________________________________________________________________________________________________
2024-04-11 10:27:01.256692:tf.__operators__.add_5 (TFOpLam (None, 512)          0           fc1_1[0][0]                      
2024-04-11 10:27:01.256732:                                                                 tf.__operators__.add_4[0][0]     
2024-04-11 10:27:01.256765:__________________________________________________________________________________________________
2024-04-11 10:27:01.256860:fc1_2 (Dense)                   (None, 512)          262656      tf.__operators__.add_5[0][0]     
2024-04-11 10:27:01.256899:__________________________________________________________________________________________________
2024-04-11 10:27:01.256969:tf.__operators__.add_6 (TFOpLam (None, 512)          0           fc1_2[0][0]                      
2024-04-11 10:27:01.257009:                                                                 tf.__operators__.add_5[0][0]     
2024-04-11 10:27:01.257043:__________________________________________________________________________________________________
2024-04-11 10:27:01.257110:dropout_1 (Dropout)             (None, 512)          0           tf.__operators__.add_6[0][0]     
2024-04-11 10:27:01.257146:__________________________________________________________________________________________________
2024-04-11 10:27:01.257242:fc2_0 (Dense)                   (None, 256)          131328      dropout_1[0][0]                  
2024-04-11 10:27:01.257288:__________________________________________________________________________________________________
2024-04-11 10:27:01.257388:fc2_dim_0 (Dense)               (None, 256)          131328      dropout_1[0][0]                  
2024-04-11 10:27:01.257428:__________________________________________________________________________________________________
2024-04-11 10:27:01.257499:tf.__operators__.add_7 (TFOpLam (None, 256)          0           fc2_0[0][0]                      
2024-04-11 10:27:01.257539:                                                                 fc2_dim_0[0][0]                  
2024-04-11 10:27:01.257573:__________________________________________________________________________________________________
2024-04-11 10:27:01.257668:fc2_1 (Dense)                   (None, 256)          65792       tf.__operators__.add_7[0][0]     
2024-04-11 10:27:01.257707:__________________________________________________________________________________________________
2024-04-11 10:27:01.257786:tf.__operators__.add_8 (TFOpLam (None, 256)          0           fc2_1[0][0]                      
2024-04-11 10:27:01.257826:                                                                 tf.__operators__.add_7[0][0]     
2024-04-11 10:27:01.257860:__________________________________________________________________________________________________
2024-04-11 10:27:01.257955:fc2_2 (Dense)                   (None, 256)          65792       tf.__operators__.add_8[0][0]     
2024-04-11 10:27:01.258011:__________________________________________________________________________________________________
2024-04-11 10:27:01.258086:tf.__operators__.add_9 (TFOpLam (None, 256)          0           fc2_2[0][0]                      
2024-04-11 10:27:01.258127:                                                                 tf.__operators__.add_8[0][0]     
2024-04-11 10:27:01.258160:__________________________________________________________________________________________________
2024-04-11 10:27:01.258227:dropout_2 (Dropout)             (None, 256)          0           tf.__operators__.add_9[0][0]     
2024-04-11 10:27:01.258262:__________________________________________________________________________________________________
2024-04-11 10:27:01.258367:fc3_0 (Dense)                   (None, 128)          32896       dropout_2[0][0]                  
2024-04-11 10:27:01.258406:__________________________________________________________________________________________________
2024-04-11 10:27:01.258502:fc3_dim_0 (Dense)               (None, 128)          32896       dropout_2[0][0]                  
2024-04-11 10:27:01.258541:__________________________________________________________________________________________________
2024-04-11 10:27:01.258612:tf.__operators__.add_10 (TFOpLa (None, 128)          0           fc3_0[0][0]                      
2024-04-11 10:27:01.258652:                                                                 fc3_dim_0[0][0]                  
2024-04-11 10:27:01.258686:__________________________________________________________________________________________________
2024-04-11 10:27:01.258780:fc3_1 (Dense)                   (None, 128)          16512       tf.__operators__.add_10[0][0]    
2024-04-11 10:27:01.258819:__________________________________________________________________________________________________
2024-04-11 10:27:01.258889:tf.__operators__.add_11 (TFOpLa (None, 128)          0           fc3_1[0][0]                      
2024-04-11 10:27:01.258929:                                                                 tf.__operators__.add_10[0][0]    
2024-04-11 10:27:01.258962:__________________________________________________________________________________________________
2024-04-11 10:27:01.259056:fc3_2 (Dense)                   (None, 128)          16512       tf.__operators__.add_11[0][0]    
2024-04-11 10:27:01.259094:__________________________________________________________________________________________________
2024-04-11 10:27:01.259164:tf.__operators__.add_12 (TFOpLa (None, 128)          0           fc3_2[0][0]                      
2024-04-11 10:27:01.259204:                                                                 tf.__operators__.add_11[0][0]    
2024-04-11 10:27:01.259238:__________________________________________________________________________________________________
2024-04-11 10:27:01.259311:dropout_3 (Dropout)             (None, 128)          0           tf.__operators__.add_12[0][0]    
2024-04-11 10:27:01.259377:__________________________________________________________________________________________________
2024-04-11 10:27:01.259500:fc4_0 (Dense)                   (None, 64)           8256        dropout_3[0][0]                  
2024-04-11 10:27:01.259542:__________________________________________________________________________________________________
2024-04-11 10:27:01.259639:fc4_dim_0 (Dense)               (None, 64)           8256        dropout_3[0][0]                  
2024-04-11 10:27:01.259679:__________________________________________________________________________________________________
2024-04-11 10:27:01.259757:tf.__operators__.add_13 (TFOpLa (None, 64)           0           fc4_0[0][0]                      
2024-04-11 10:27:01.259798:                                                                 fc4_dim_0[0][0]                  
2024-04-11 10:27:01.259831:__________________________________________________________________________________________________
2024-04-11 10:27:01.259928:fc4_1 (Dense)                   (None, 64)           4160        tf.__operators__.add_13[0][0]    
2024-04-11 10:27:01.259966:__________________________________________________________________________________________________
2024-04-11 10:27:01.260038:tf.__operators__.add_14 (TFOpLa (None, 64)           0           fc4_1[0][0]                      
2024-04-11 10:27:01.260079:                                                                 tf.__operators__.add_13[0][0]    
2024-04-11 10:27:01.260113:__________________________________________________________________________________________________
2024-04-11 10:27:01.260207:fc5_0 (Dense)                   (None, 32)           2080        tf.__operators__.add_14[0][0]    
2024-04-11 10:27:01.260246:__________________________________________________________________________________________________
2024-04-11 10:27:01.260357:fc5_dim_0 (Dense)               (None, 32)           2080        tf.__operators__.add_14[0][0]    
2024-04-11 10:27:01.262060:__________________________________________________________________________________________________
2024-04-11 10:27:01.262151:tf.__operators__.add_15 (TFOpLa (None, 32)           0           fc5_0[0][0]                      
2024-04-11 10:27:01.262192:                                                                 fc5_dim_0[0][0]                  
2024-04-11 10:27:01.262226:__________________________________________________________________________________________________
2024-04-11 10:27:01.262341:fc6 (Dense)                     (None, 1)            33          tf.__operators__.add_15[0][0]    
2024-04-11 10:27:01.262382:==================================================================================================
2024-04-11 10:27:01.262972:Total params: 8,389,409
2024-04-11 10:27:01.263018:Trainable params: 8,389,409
2024-04-11 10:27:01.263054:Non-trainable params: 0
2024-04-11 10:27:01.263086:__________________________________________________________________________________________________
2024-04-11 10:27:01.273900:start training
2024-04-11 10:27:20.591210:2024-04-11 10:27:20.591141: Current epoch: 0, loss: 2.243533134460449, validation loss: 1.925148606300354
2024-04-11 10:27:37.359180:2024-04-11 10:27:37.359101: Current epoch: 1, loss: 1.0564241409301758, validation loss: 0.9583253264427185
2024-04-11 10:27:55.145059:2024-04-11 10:27:55.144868: Current epoch: 2, loss: 0.8820159435272217, validation loss: 1.0456959009170532
2024-04-11 10:28:12.321106:2024-04-11 10:28:12.321029: Current epoch: 3, loss: 0.8113510012626648, validation loss: 0.7517989277839661
2024-04-11 10:28:29.171555:2024-04-11 10:28:29.171480: Current epoch: 4, loss: 0.7568914294242859, validation loss: 0.6783365607261658
2024-04-11 10:28:46.297065:2024-04-11 10:28:46.296928: Current epoch: 5, loss: 0.7071980834007263, validation loss: 0.7661628127098083
2024-04-11 10:29:02.912817:2024-04-11 10:29:02.912659: Current epoch: 6, loss: 0.6755949258804321, validation loss: 0.9559668302536011
2024-04-11 10:29:19.562619:2024-04-11 10:29:19.562463: Current epoch: 7, loss: 0.6412585377693176, validation loss: 0.6995375752449036
2024-04-11 10:29:36.181710:2024-04-11 10:29:36.181583: Current epoch: 8, loss: 0.6173126697540283, validation loss: 0.7375938892364502
2024-04-11 10:29:52.754586:2024-04-11 10:29:52.754512: Current epoch: 9, loss: 0.5909256935119629, validation loss: 0.6702697277069092
2024-04-11 10:30:11.777312:2024-04-11 10:30:11.777234: Current epoch: 10, loss: 0.5675020813941956, validation loss: 0.6419435739517212
2024-04-11 10:30:28.654935:2024-04-11 10:30:28.654861: Current epoch: 11, loss: 0.542472779750824, validation loss: 0.5846559405326843
2024-04-11 10:30:46.118555:2024-04-11 10:30:46.118476: Current epoch: 12, loss: 0.532271146774292, validation loss: 0.5735246539115906
2024-04-11 10:31:02.547993:2024-04-11 10:31:02.547860: Current epoch: 13, loss: 0.5133900046348572, validation loss: 0.599692702293396
2024-04-11 10:31:19.253006:2024-04-11 10:31:19.252926: Current epoch: 14, loss: 0.5011203289031982, validation loss: 0.5695729851722717
2024-04-11 10:31:36.192774:2024-04-11 10:31:36.192695: Current epoch: 15, loss: 0.4910529553890228, validation loss: 0.5580898523330688
2024-04-11 10:31:52.988762:2024-04-11 10:31:52.988608: Current epoch: 16, loss: 0.4726719558238983, validation loss: 0.5993919968605042
2024-04-11 10:32:09.575200:2024-04-11 10:32:09.575021: Current epoch: 17, loss: 0.4618094861507416, validation loss: 0.5663168430328369
2024-04-11 10:32:25.943368:2024-04-11 10:32:25.943180: Current epoch: 18, loss: 0.4543333053588867, validation loss: 0.6036726236343384
2024-04-11 10:32:42.678509:2024-04-11 10:32:42.678382: Current epoch: 19, loss: 0.44350215792655945, validation loss: 0.5815399289131165
2024-04-11 10:33:01.719192:2024-04-11 10:33:01.719036: Current epoch: 20, loss: 0.43729841709136963, validation loss: 0.5733537673950195
2024-04-11 10:33:18.551850:2024-04-11 10:33:18.551702: Current epoch: 21, loss: 0.42580413818359375, validation loss: 0.6398939490318298
2024-04-11 10:33:34.999130:2024-04-11 10:33:34.999058: Current epoch: 22, loss: 0.4202398359775543, validation loss: 0.5382398962974548
2024-04-11 10:33:51.990826:2024-04-11 10:33:51.990670: Current epoch: 23, loss: 0.40843769907951355, validation loss: 0.5392263531684875
2024-04-11 10:34:09.059879:2024-04-11 10:34:09.059751: Current epoch: 24, loss: 0.406560480594635, validation loss: 0.535969614982605
2024-04-11 10:34:25.851239:2024-04-11 10:34:25.851072: Current epoch: 25, loss: 0.3970978558063507, validation loss: 0.5444865822792053
2024-04-11 10:34:42.811609:2024-04-11 10:34:42.811526: Current epoch: 26, loss: 0.3874053955078125, validation loss: 0.5242842435836792
2024-04-11 10:34:59.996757:2024-04-11 10:34:59.996604: Current epoch: 27, loss: 0.3802315294742584, validation loss: 0.5432783961296082
2024-04-11 10:35:16.935682:2024-04-11 10:35:16.935511: Current epoch: 28, loss: 0.3758058547973633, validation loss: 0.5286558270454407
2024-04-11 10:35:33.965257:2024-04-11 10:35:33.964939: Current epoch: 29, loss: 0.3707880973815918, validation loss: 0.54438716173172
2024-04-11 10:35:53.182036:2024-04-11 10:35:53.181960: Current epoch: 30, loss: 0.36266037821769714, validation loss: 0.5125809907913208
2024-04-11 10:36:10.018512:2024-04-11 10:36:10.018336: Current epoch: 31, loss: 0.3580910563468933, validation loss: 0.5553017258644104
2024-04-11 10:36:27.623381:2024-04-11 10:36:27.623203: Current epoch: 32, loss: 0.35359570384025574, validation loss: 0.5159559845924377
2024-04-11 10:36:45.222030:2024-04-11 10:36:45.221948: Current epoch: 33, loss: 0.35093024373054504, validation loss: 0.5123113989830017
2024-04-11 10:37:01.349405:2024-04-11 10:37:01.349322: Current epoch: 34, loss: 0.3470977544784546, validation loss: 0.4882988929748535
2024-04-11 10:37:18.660621:2024-04-11 10:37:18.660459: Current epoch: 35, loss: 0.3411000072956085, validation loss: 0.5173887014389038
2024-04-11 10:37:35.597337:2024-04-11 10:37:35.597116: Current epoch: 36, loss: 0.3379579186439514, validation loss: 0.562073290348053
2024-04-11 10:37:52.331027:2024-04-11 10:37:52.330837: Current epoch: 37, loss: 0.3331752419471741, validation loss: 0.49600932002067566
2024-04-11 10:38:10.099784:2024-04-11 10:38:10.099593: Current epoch: 38, loss: 0.3244297504425049, validation loss: 0.5115422606468201
2024-04-11 10:38:27.190533:2024-04-11 10:38:27.190374: Current epoch: 39, loss: 0.3259844183921814, validation loss: 0.49380141496658325
2024-04-11 10:38:46.178020:2024-04-11 10:38:46.177874: Current epoch: 40, loss: 0.31730353832244873, validation loss: 0.4926703870296478
2024-04-11 10:39:03.472532:2024-04-11 10:39:03.472452: Current epoch: 41, loss: 0.3142886161804199, validation loss: 0.4853067696094513
2024-04-11 10:39:20.207813:2024-04-11 10:39:20.207650: Current epoch: 42, loss: 0.3145779073238373, validation loss: 0.49520090222358704
2024-04-11 10:39:37.233694:2024-04-11 10:39:37.233556: Current epoch: 43, loss: 0.30466538667678833, validation loss: 0.4942593276500702
2024-04-11 10:39:54.548670:2024-04-11 10:39:54.548511: Current epoch: 44, loss: 0.3067767918109894, validation loss: 0.48579806089401245
2024-04-11 10:40:12.123537:2024-04-11 10:40:12.123368: Current epoch: 45, loss: 0.29682502150535583, validation loss: 0.4856281280517578
2024-04-11 10:40:29.232972:2024-04-11 10:40:29.232799: Current epoch: 46, loss: 0.2942327857017517, validation loss: 0.5286200642585754
2024-04-11 10:40:46.490130:2024-04-11 10:40:46.489974: Current epoch: 47, loss: 0.2959197759628296, validation loss: 0.5095560550689697
2024-04-11 10:41:03.110241:2024-04-11 10:41:03.110080: Current epoch: 48, loss: 0.2890397906303406, validation loss: 0.4999855160713196
2024-04-11 10:41:19.913485:2024-04-11 10:41:19.913322: Current epoch: 49, loss: 0.28823113441467285, validation loss: 0.4925519824028015
2024-04-11 10:41:39.137934:2024-04-11 10:41:39.137799: Current epoch: 50, loss: 0.29067689180374146, validation loss: 0.5099298357963562
2024-04-11 10:41:56.275743:2024-04-11 10:41:56.275589: Current epoch: 51, loss: 0.2837330102920532, validation loss: 0.5189153552055359
2024-04-11 10:42:13.130934:2024-04-11 10:42:13.130771: Current epoch: 52, loss: 0.2805714011192322, validation loss: 0.4905087351799011
2024-04-11 10:42:30.058901:2024-04-11 10:42:30.058746: Current epoch: 53, loss: 0.2792508900165558, validation loss: 0.5090777277946472
2024-04-11 10:42:46.703100:2024-04-11 10:42:46.702945: Current epoch: 54, loss: 0.27761733531951904, validation loss: 0.5263557434082031
2024-04-11 10:43:03.206227:2024-04-11 10:43:03.206139: Current epoch: 55, loss: 0.2757105231285095, validation loss: 0.4763040840625763
2024-04-11 10:43:19.771761:2024-04-11 10:43:19.771620: Current epoch: 56, loss: 0.26662081480026245, validation loss: 0.5013756155967712
2024-04-11 10:43:36.664842:2024-04-11 10:43:36.664535: Current epoch: 57, loss: 0.26689401268959045, validation loss: 0.48639777302742004
2024-04-11 10:43:53.334997:2024-04-11 10:43:53.334828: Current epoch: 58, loss: 0.26404058933258057, validation loss: 0.49672362208366394
2024-04-11 10:44:10.248773:2024-04-11 10:44:10.248687: Current epoch: 59, loss: 0.2607175409793854, validation loss: 0.47009924054145813
2024-04-11 10:44:29.067923:2024-04-11 10:44:29.067767: Current epoch: 60, loss: 0.2562907934188843, validation loss: 0.4755382537841797
2024-04-11 10:44:45.742343:2024-04-11 10:44:45.742269: Current epoch: 61, loss: 0.26040178537368774, validation loss: 0.47001034021377563
2024-04-11 10:45:02.277355:2024-04-11 10:45:02.277177: Current epoch: 62, loss: 0.2527797222137451, validation loss: 0.4747910797595978
2024-04-11 10:45:18.890522:2024-04-11 10:45:18.890449: Current epoch: 63, loss: 0.2569391429424286, validation loss: 0.4768567383289337
2024-04-11 10:45:35.898745:2024-04-11 10:45:35.898586: Current epoch: 64, loss: 0.2511516511440277, validation loss: 0.491635799407959
2024-04-11 10:45:52.605297:2024-04-11 10:45:52.605204: Current epoch: 65, loss: 0.2469155192375183, validation loss: 0.47273731231689453
2024-04-11 10:46:09.127652:2024-04-11 10:46:09.127520: Current epoch: 66, loss: 0.24194970726966858, validation loss: 0.48554468154907227
2024-04-11 10:46:25.643529:2024-04-11 10:46:25.643425: Current epoch: 67, loss: 0.2427014857530594, validation loss: 0.5199641585350037
2024-04-11 10:46:42.234443:2024-04-11 10:46:42.234290: Current epoch: 68, loss: 0.2420128434896469, validation loss: 0.4796687662601471
2024-04-11 10:46:58.914666:2024-04-11 10:46:58.914528: Current epoch: 69, loss: 0.23459425568580627, validation loss: 0.48358944058418274
2024-04-11 10:47:15.547169:2024-04-11 10:47:15.547002: Current epoch: 70, loss: 0.23577871918678284, validation loss: 0.5026572346687317
2024-04-11 10:47:32.221766:2024-04-11 10:47:32.221706: Current epoch: 71, loss: 0.23723353445529938, validation loss: 0.4641949534416199
2024-04-11 10:47:48.995344:2024-04-11 10:47:48.995159: Current epoch: 72, loss: 0.22879527509212494, validation loss: 0.4789454936981201
2024-04-11 10:48:05.004324:2024-04-11 10:48:05.004223: Current epoch: 73, loss: 0.2342492938041687, validation loss: 0.4779784679412842
2024-04-11 10:48:21.432173:2024-04-11 10:48:21.432101: Current epoch: 74, loss: 0.22889761626720428, validation loss: 0.4903404712677002
2024-04-11 10:48:37.998720:2024-04-11 10:48:37.998562: Current epoch: 75, loss: 0.2310188263654709, validation loss: 0.46907806396484375
2024-04-11 10:48:54.571666:2024-04-11 10:48:54.571588: Current epoch: 76, loss: 0.22205334901809692, validation loss: 0.47811686992645264
2024-04-11 10:49:11.121298:2024-04-11 10:49:11.121203: Current epoch: 77, loss: 0.22463549673557281, validation loss: 0.47104892134666443
2024-04-11 10:49:27.567584:2024-04-11 10:49:27.567445: Current epoch: 78, loss: 0.2199019491672516, validation loss: 0.47102683782577515
2024-04-11 10:49:44.019706:2024-04-11 10:49:44.019605: Current epoch: 79, loss: 0.2199222892522812, validation loss: 0.4906671643257141
2024-04-11 10:50:00.578095:2024-04-11 10:50:00.578019: Current epoch: 80, loss: 0.21813516318798065, validation loss: 0.46935757994651794
2024-04-11 10:50:17.003600:2024-04-11 10:50:17.003547: Current epoch: 81, loss: 0.2176184207201004, validation loss: 0.4611974358558655
2024-04-11 10:50:33.533375:2024-04-11 10:50:33.533195: Current epoch: 82, loss: 0.21732500195503235, validation loss: 0.488345742225647
2024-04-11 10:50:50.129541:2024-04-11 10:50:50.129491: Current epoch: 83, loss: 0.21581311523914337, validation loss: 0.46050259470939636
2024-04-11 10:51:06.991198:2024-04-11 10:51:06.991036: Current epoch: 84, loss: 0.2107478529214859, validation loss: 0.4810512363910675
2024-04-11 10:51:23.583904:2024-04-11 10:51:23.583737: Current epoch: 85, loss: 0.21251435577869415, validation loss: 0.49017664790153503
2024-04-11 10:51:40.683443:2024-04-11 10:51:40.683253: Current epoch: 86, loss: 0.20957382023334503, validation loss: 0.47137588262557983
2024-04-11 10:51:57.368269:2024-04-11 10:51:57.368112: Current epoch: 87, loss: 0.20855046808719635, validation loss: 0.48945313692092896
2024-04-11 10:52:13.876858:2024-04-11 10:52:13.876754: Current epoch: 88, loss: 0.20829126238822937, validation loss: 0.47445693612098694
2024-04-11 10:52:30.490328:2024-04-11 10:52:30.490150: Current epoch: 89, loss: 0.20746414363384247, validation loss: 0.47909289598464966
2024-04-11 10:52:47.188673:2024-04-11 10:52:47.188508: Current epoch: 90, loss: 0.20427273213863373, validation loss: 0.4749760925769806
2024-04-11 10:53:03.962575:2024-04-11 10:53:03.962407: Current epoch: 91, loss: 0.2034069001674652, validation loss: 0.47067686915397644
2024-04-11 10:53:20.755030:2024-04-11 10:53:20.754857: Current epoch: 92, loss: 0.2024739682674408, validation loss: 0.46248310804367065
2024-04-11 10:53:38.150792:2024-04-11 10:53:38.150715: Current epoch: 93, loss: 0.20244912803173065, validation loss: 0.45540863275527954
2024-04-11 10:53:54.686725:2024-04-11 10:53:54.686559: Current epoch: 94, loss: 0.200464129447937, validation loss: 0.4914624094963074
2024-04-11 10:54:11.312425:2024-04-11 10:54:11.312246: Current epoch: 95, loss: 0.20367726683616638, validation loss: 0.4600900113582611
2024-04-11 10:54:27.871297:2024-04-11 10:54:27.871119: Current epoch: 96, loss: 0.19634674489498138, validation loss: 0.49421101808547974
2024-04-11 10:54:44.487479:2024-04-11 10:54:44.487318: Current epoch: 97, loss: 0.20168949663639069, validation loss: 0.48420220613479614
2024-04-11 10:55:01.195064:2024-04-11 10:55:01.194895: Current epoch: 98, loss: 0.1978825181722641, validation loss: 0.4743282198905945
2024-04-11 10:55:17.760150:2024-04-11 10:55:17.760085: Current epoch: 99, loss: 0.19692088663578033, validation loss: 0.452737033367157
2024-04-11 10:55:37.095338:2024-04-11 10:55:37.095025: Current epoch: 100, loss: 0.19294960796833038, validation loss: 0.4610074460506439
2024-04-11 10:55:53.961792:2024-04-11 10:55:53.961638: Current epoch: 101, loss: 0.19748914241790771, validation loss: 0.4747251570224762
2024-04-11 10:56:10.608542:2024-04-11 10:56:10.608208: Current epoch: 102, loss: 0.1931152492761612, validation loss: 0.48415306210517883
2024-04-11 10:56:27.358642:2024-04-11 10:56:27.358480: Current epoch: 103, loss: 0.18936951458454132, validation loss: 0.47212666273117065
2024-04-11 10:56:43.934742:2024-04-11 10:56:43.934562: Current epoch: 104, loss: 0.18985269963741302, validation loss: 0.45404595136642456
2024-04-11 10:57:00.366367:2024-04-11 10:57:00.366247: Current epoch: 105, loss: 0.19199395179748535, validation loss: 0.4834843575954437
2024-04-11 10:57:16.576871:2024-04-11 10:57:16.576695: Current epoch: 106, loss: 0.18798355758190155, validation loss: 0.4626218378543854
2024-04-11 10:57:34.336863:2024-04-11 10:57:34.336699: Current epoch: 107, loss: 0.18626895546913147, validation loss: 0.46010342240333557
2024-04-11 10:57:51.116538:2024-04-11 10:57:51.116430: Current epoch: 108, loss: 0.18556809425354004, validation loss: 0.4563648998737335
2024-04-11 10:58:08.062522:2024-04-11 10:58:08.062205: Current epoch: 109, loss: 0.1813720166683197, validation loss: 0.46448564529418945
2024-04-11 10:58:24.599243:2024-04-11 10:58:24.599085: Current epoch: 110, loss: 0.1840239018201828, validation loss: 0.46568959951400757
2024-04-11 10:58:41.456022:2024-04-11 10:58:41.455851: Current epoch: 111, loss: 0.18519707024097443, validation loss: 0.507717490196228
2024-04-11 10:58:58.333491:2024-04-11 10:58:58.333141: Current epoch: 112, loss: 0.18113094568252563, validation loss: 0.46423760056495667
2024-04-11 10:59:14.881954:2024-04-11 10:59:14.881789: Current epoch: 113, loss: 0.18148869276046753, validation loss: 0.4588083326816559
2024-04-11 10:59:31.946242:2024-04-11 10:59:31.946076: Current epoch: 114, loss: 0.18166644871234894, validation loss: 0.46694082021713257
2024-04-11 10:59:48.477781:2024-04-11 10:59:48.477410: Current epoch: 115, loss: 0.17844992876052856, validation loss: 0.47415691614151
2024-04-11 11:00:05.283835:2024-04-11 11:00:05.283698: Current epoch: 116, loss: 0.1763760894536972, validation loss: 0.4614294469356537
2024-04-11 11:00:21.911734:2024-04-11 11:00:21.911576: Current epoch: 117, loss: 0.1755875051021576, validation loss: 0.47715845704078674
2024-04-11 11:00:38.114475:2024-04-11 11:00:38.114324: Current epoch: 118, loss: 0.17747730016708374, validation loss: 0.4686932861804962
2024-04-11 11:00:54.937166:2024-04-11 11:00:54.937004: Current epoch: 119, loss: 0.17405498027801514, validation loss: 0.456485778093338
2024-04-11 11:01:11.296205:2024-04-11 11:01:11.296049: Current epoch: 120, loss: 0.1749773621559143, validation loss: 0.46069464087486267
2024-04-11 11:01:27.687213:2024-04-11 11:01:27.687056: Current epoch: 121, loss: 0.1719527542591095, validation loss: 0.45889174938201904
2024-04-11 11:01:44.404333:2024-04-11 11:01:44.404122: Current epoch: 122, loss: 0.17109161615371704, validation loss: 0.4596782922744751
2024-04-11 11:02:01.094863:2024-04-11 11:02:01.094692: Current epoch: 123, loss: 0.17526023089885712, validation loss: 0.45993325114250183
2024-04-11 11:02:17.706073:2024-04-11 11:02:17.705915: Current epoch: 124, loss: 0.1745666116476059, validation loss: 0.46709269285202026
2024-04-11 11:02:34.307225:2024-04-11 11:02:34.307062: Current epoch: 125, loss: 0.1719079613685608, validation loss: 0.46444740891456604
2024-04-11 11:02:51.147511:2024-04-11 11:02:51.147338: Current epoch: 126, loss: 0.17323407530784607, validation loss: 0.45530977845191956
2024-04-11 11:03:07.505622:2024-04-11 11:03:07.505466: Current epoch: 127, loss: 0.17168723046779633, validation loss: 0.4617730975151062
2024-04-11 11:03:24.413963:2024-04-11 11:03:24.413794: Current epoch: 128, loss: 0.1716172993183136, validation loss: 0.47147709131240845
2024-04-11 11:03:41.084554:2024-04-11 11:03:41.084222: Current epoch: 129, loss: 0.16661810874938965, validation loss: 0.4673878252506256
2024-04-11 11:03:57.557021:2024-04-11 11:03:57.556858: Current epoch: 130, loss: 0.16997474431991577, validation loss: 0.4601684808731079
2024-04-11 11:04:13.939399:2024-04-11 11:04:13.939038: Current epoch: 131, loss: 0.16794711351394653, validation loss: 0.4536862373352051
2024-04-11 11:04:30.536148:2024-04-11 11:04:30.536025: Current epoch: 132, loss: 0.16628189384937286, validation loss: 0.4677189290523529
2024-04-11 11:04:47.288835:2024-04-11 11:04:47.288659: Current epoch: 133, loss: 0.16423951089382172, validation loss: 0.4710776209831238
2024-04-11 11:05:03.561252:2024-04-11 11:05:03.561078: Current epoch: 134, loss: 0.1628543734550476, validation loss: 0.45920658111572266
2024-04-11 11:05:20.053128:2024-04-11 11:05:20.052970: Current epoch: 135, loss: 0.1612708568572998, validation loss: 0.4580456018447876
2024-04-11 11:05:36.454862:2024-04-11 11:05:36.454772: Current epoch: 136, loss: 0.16290396451950073, validation loss: 0.45016372203826904
2024-04-11 11:05:53.251910:2024-04-11 11:05:53.251720: Current epoch: 137, loss: 0.16047753393650055, validation loss: 0.450339138507843
2024-04-11 11:06:09.683433:2024-04-11 11:06:09.683252: Current epoch: 138, loss: 0.16224004328250885, validation loss: 0.4548529088497162
2024-04-11 11:06:27.331947:2024-04-11 11:06:27.331790: Current epoch: 139, loss: 0.1594805121421814, validation loss: 0.4564497172832489
2024-04-11 11:06:44.316263:2024-04-11 11:06:44.316107: Current epoch: 140, loss: 0.15841801464557648, validation loss: 0.45474204421043396
2024-04-11 11:07:01.091914:2024-04-11 11:07:01.091767: Current epoch: 141, loss: 0.16285261511802673, validation loss: 0.46918895840644836
2024-04-11 11:07:17.430742:2024-04-11 11:07:17.430568: Current epoch: 142, loss: 0.15736207365989685, validation loss: 0.4590480327606201
2024-04-11 11:07:34.008713:2024-04-11 11:07:34.008537: Current epoch: 143, loss: 0.15969450771808624, validation loss: 0.4609953463077545
2024-04-11 11:07:50.416725:2024-04-11 11:07:50.416568: Current epoch: 144, loss: 0.15761607885360718, validation loss: 0.4537644386291504
2024-04-11 11:08:06.672511:2024-04-11 11:08:06.672430: Current epoch: 145, loss: 0.1590133011341095, validation loss: 0.44611093401908875
2024-04-11 11:08:23.250556:2024-04-11 11:08:23.250398: Current epoch: 146, loss: 0.15849663317203522, validation loss: 0.45503437519073486
2024-04-11 11:08:39.788268:2024-04-11 11:08:39.788093: Current epoch: 147, loss: 0.1528860479593277, validation loss: 0.4627978205680847
2024-04-11 11:08:56.603304:2024-04-11 11:08:56.603126: Current epoch: 148, loss: 0.15499529242515564, validation loss: 0.46219635009765625
2024-04-11 11:09:13.650373:2024-04-11 11:09:13.650182: Current epoch: 149, loss: 0.15290124714374542, validation loss: 0.4612722396850586
2024-04-11 11:09:30.245020:2024-04-11 11:09:30.244680: Current epoch: 150, loss: 0.15464533865451813, validation loss: 0.46932750940322876
2024-04-11 11:09:46.757755:2024-04-11 11:09:46.757589: Current epoch: 151, loss: 0.15586495399475098, validation loss: 0.4597022831439972
2024-04-11 11:10:03.628872:2024-04-11 11:10:03.628708: Current epoch: 152, loss: 0.15319280326366425, validation loss: 0.4499938488006592
2024-04-11 11:10:20.239178:2024-04-11 11:10:20.239095: Current epoch: 153, loss: 0.1515825390815735, validation loss: 0.4450191557407379
2024-04-11 11:10:36.971475:2024-04-11 11:10:36.971378: Current epoch: 154, loss: 0.15373557806015015, validation loss: 0.4444359242916107
2024-04-11 11:10:53.678069:2024-04-11 11:10:53.677908: Current epoch: 155, loss: 0.14808812737464905, validation loss: 0.4478636085987091
2024-04-11 11:11:10.039746:2024-04-11 11:11:10.039657: Current epoch: 156, loss: 0.14985884726047516, validation loss: 0.43937215209007263
2024-04-11 11:11:27.039656:2024-04-11 11:11:27.039490: Current epoch: 157, loss: 0.14797478914260864, validation loss: 0.4594728946685791
2024-04-11 11:11:43.772671:2024-04-11 11:11:43.772486: Current epoch: 158, loss: 0.15055707097053528, validation loss: 0.4487448036670685
2024-04-11 11:12:00.436896:2024-04-11 11:12:00.436568: Current epoch: 159, loss: 0.15085528790950775, validation loss: 0.4644566774368286
2024-04-11 11:12:17.363180:2024-04-11 11:12:17.363022: Current epoch: 160, loss: 0.14690569043159485, validation loss: 0.4683150351047516
2024-04-11 11:12:34.184234:2024-04-11 11:12:34.184130: Current epoch: 161, loss: 0.14777988195419312, validation loss: 0.4537496268749237
2024-04-11 11:12:51.030621:2024-04-11 11:12:51.030521: Current epoch: 162, loss: 0.15064866840839386, validation loss: 0.4613129198551178
2024-04-11 11:13:07.512749:2024-04-11 11:13:07.512605: Current epoch: 163, loss: 0.14461296796798706, validation loss: 0.4526255130767822
2024-04-11 11:13:24.061937:2024-04-11 11:13:24.061781: Current epoch: 164, loss: 0.1448180228471756, validation loss: 0.4588904082775116
2024-04-11 11:13:40.757903:2024-04-11 11:13:40.757746: Current epoch: 165, loss: 0.14474570751190186, validation loss: 0.45917707681655884
2024-04-11 11:13:57.763227:2024-04-11 11:13:57.763037: Current epoch: 166, loss: 0.1464110016822815, validation loss: 0.45377209782600403
2024-04-11 11:14:14.653929:2024-04-11 11:14:14.653772: Current epoch: 167, loss: 0.14479108154773712, validation loss: 0.4602240324020386
2024-04-11 11:14:31.955389:2024-04-11 11:14:31.955213: Current epoch: 168, loss: 0.13977837562561035, validation loss: 0.44738370180130005
2024-04-11 11:14:48.509772:2024-04-11 11:14:48.509613: Current epoch: 169, loss: 0.14286638796329498, validation loss: 0.4479004144668579
2024-04-11 11:15:07.554325:2024-04-11 11:15:07.554157: Current epoch: 170, loss: 0.14446543157100677, validation loss: 0.4452130198478699
2024-04-11 11:15:24.532255:2024-04-11 11:15:24.532094: Current epoch: 171, loss: 0.14846305549144745, validation loss: 0.4530477523803711
2024-04-11 11:15:41.949379:2024-04-11 11:15:41.949216: Current epoch: 172, loss: 0.14652730524539948, validation loss: 0.459595650434494
2024-04-11 11:15:58.845696:2024-04-11 11:15:58.845534: Current epoch: 173, loss: 0.1443929225206375, validation loss: 0.4548412561416626
2024-04-11 11:16:15.350819:2024-04-11 11:16:15.350661: Current epoch: 174, loss: 0.13937044143676758, validation loss: 0.44803255796432495
2024-04-11 11:16:31.927852:2024-04-11 11:16:31.927680: Current epoch: 175, loss: 0.14529411494731903, validation loss: 0.45566776394844055
2024-04-11 11:16:48.381929:2024-04-11 11:16:48.381790: Current epoch: 176, loss: 0.13771727681159973, validation loss: 0.4571615755558014
2024-04-11 11:17:05.033052:2024-04-11 11:17:05.032962: Current epoch: 177, loss: 0.13896752893924713, validation loss: 0.44632241129875183
2024-04-11 11:17:22.144672:2024-04-11 11:17:22.144515: Current epoch: 178, loss: 0.13987448811531067, validation loss: 0.45014774799346924
2024-04-11 11:17:38.941075:2024-04-11 11:17:38.940918: Current epoch: 179, loss: 0.1407049149274826, validation loss: 0.4637863039970398
2024-04-11 11:17:56.287156:2024-04-11 11:17:56.287000: Current epoch: 180, loss: 0.13567057251930237, validation loss: 0.449219286441803
2024-04-11 11:18:12.772621:2024-04-11 11:18:12.772466: Current epoch: 181, loss: 0.1395362764596939, validation loss: 0.4468022584915161
2024-04-11 11:18:29.303243:2024-04-11 11:18:29.303085: Current epoch: 182, loss: 0.13846638798713684, validation loss: 0.46733418107032776
2024-04-11 11:18:46.093681:2024-04-11 11:18:46.093523: Current epoch: 183, loss: 0.13722732663154602, validation loss: 0.460284948348999
2024-04-11 11:19:02.214078:2024-04-11 11:19:02.213919: Current epoch: 184, loss: 0.13797159492969513, validation loss: 0.4553982615470886
2024-04-11 11:19:19.197895:2024-04-11 11:19:19.197736: Current epoch: 185, loss: 0.13623341917991638, validation loss: 0.4541536867618561
2024-04-11 11:19:35.924370:2024-04-11 11:19:35.924193: Current epoch: 186, loss: 0.13256442546844482, validation loss: 0.467721164226532
2024-04-11 11:19:52.780688:2024-04-11 11:19:52.780594: Current epoch: 187, loss: 0.13777035474777222, validation loss: 0.4369823634624481
2024-04-11 11:20:09.565122:2024-04-11 11:20:09.564948: Current epoch: 188, loss: 0.13311968743801117, validation loss: 0.471449613571167
2024-04-11 11:20:25.859005:2024-04-11 11:20:25.858841: Current epoch: 189, loss: 0.136520117521286, validation loss: 0.4584876000881195
2024-04-11 11:20:42.644335:2024-04-11 11:20:42.644128: Current epoch: 190, loss: 0.13399550318717957, validation loss: 0.457050085067749
2024-04-11 11:20:59.172102:2024-04-11 11:20:59.171946: Current epoch: 191, loss: 0.13323023915290833, validation loss: 0.4584645628929138
2024-04-11 11:21:16.163458:2024-04-11 11:21:16.163247: Current epoch: 192, loss: 0.13358138501644135, validation loss: 0.4809988737106323
2024-04-11 11:21:32.800071:2024-04-11 11:21:32.799923: Current epoch: 193, loss: 0.1338144987821579, validation loss: 0.45058682560920715
2024-04-11 11:21:49.311842:2024-04-11 11:21:49.311684: Current epoch: 194, loss: 0.13074210286140442, validation loss: 0.4539288282394409
2024-04-11 11:22:06.495994:2024-04-11 11:22:06.495836: Current epoch: 195, loss: 0.13404306769371033, validation loss: 0.4557875394821167
2024-04-11 11:22:23.171344:2024-04-11 11:22:23.171171: Current epoch: 196, loss: 0.13129496574401855, validation loss: 0.47353100776672363
2024-04-11 11:22:39.782316:2024-04-11 11:22:39.782160: Current epoch: 197, loss: 0.13248826563358307, validation loss: 0.46038687229156494
2024-04-11 11:22:56.426974:2024-04-11 11:22:56.426817: Current epoch: 198, loss: 0.12770478427410126, validation loss: 0.4573449492454529
2024-04-11 11:23:13.301871:2024-04-11 11:23:13.301712: Current epoch: 199, loss: 0.13187797367572784, validation loss: 0.4417288303375244
2024-04-11 11:23:32.003437:2024-04-11 11:23:32.003306: Current epoch: 200, loss: 0.13211752474308014, validation loss: 0.4530164301395416
2024-04-11 11:23:48.490946:2024-04-11 11:23:48.490784: Current epoch: 201, loss: 0.1352049857378006, validation loss: 0.45655521750450134
2024-04-11 11:24:05.360552:2024-04-11 11:24:05.360370: Current epoch: 202, loss: 0.12717527151107788, validation loss: 0.44303393363952637
2024-04-11 11:24:22.469415:2024-04-11 11:24:22.469248: Current epoch: 203, loss: 0.12897443771362305, validation loss: 0.44495317339897156
2024-04-11 11:24:39.392989:2024-04-11 11:24:39.392829: Current epoch: 204, loss: 0.12513433396816254, validation loss: 0.4646361768245697
2024-04-11 11:24:55.618235:2024-04-11 11:24:55.618083: Current epoch: 205, loss: 0.12837903201580048, validation loss: 0.4517190456390381
2024-04-11 11:25:12.712671:2024-04-11 11:25:12.712509: Current epoch: 206, loss: 0.1264173984527588, validation loss: 0.45881518721580505
2024-04-11 11:25:29.652506:2024-04-11 11:25:29.652366: Current epoch: 207, loss: 0.12988470494747162, validation loss: 0.4592619240283966
2024-04-11 11:25:46.627440:2024-04-11 11:25:46.627246: Current epoch: 208, loss: 0.13080669939517975, validation loss: 0.4506136476993561
2024-04-11 11:26:03.731146:2024-04-11 11:26:03.730859: Current epoch: 209, loss: 0.1301678568124771, validation loss: 0.4545656144618988
2024-04-11 11:26:20.754138:2024-04-11 11:26:20.753998: Current epoch: 210, loss: 0.12325029820203781, validation loss: 0.45216068625450134
2024-04-11 11:26:37.296513:2024-04-11 11:26:37.296325: Current epoch: 211, loss: 0.12622547149658203, validation loss: 0.45841726660728455
2024-04-11 11:26:53.893353:2024-04-11 11:26:53.893183: Current epoch: 212, loss: 0.12409156560897827, validation loss: 0.46198612451553345
2024-04-11 11:27:10.640160:2024-04-11 11:27:10.640009: Current epoch: 213, loss: 0.128254234790802, validation loss: 0.4402953088283539
2024-04-11 11:27:27.200992:2024-04-11 11:27:27.200833: Current epoch: 214, loss: 0.12365388125181198, validation loss: 0.45096203684806824
2024-04-11 11:27:43.625828:2024-04-11 11:27:43.625751: Current epoch: 215, loss: 0.12163123488426208, validation loss: 0.466210275888443
2024-04-11 11:28:00.037954:2024-04-11 11:28:00.037792: Current epoch: 216, loss: 0.12608669698238373, validation loss: 0.4514869153499603
2024-04-11 11:28:16.605851:2024-04-11 11:28:16.605647: Current epoch: 217, loss: 0.12347441911697388, validation loss: 0.4584929943084717
2024-04-11 11:28:33.065674:2024-04-11 11:28:33.065502: Current epoch: 218, loss: 0.12190496176481247, validation loss: 0.46272704005241394
2024-04-11 11:28:49.745946:2024-04-11 11:28:49.745761: Current epoch: 219, loss: 0.12145039439201355, validation loss: 0.4619724452495575
2024-04-11 11:29:06.053254:2024-04-11 11:29:06.053108: Current epoch: 220, loss: 0.1271449327468872, validation loss: 0.4538010358810425
2024-04-11 11:29:22.549371:2024-04-11 11:29:22.549183: Current epoch: 221, loss: 0.12111709266901016, validation loss: 0.4590904712677002
2024-04-11 11:29:38.988453:2024-04-11 11:29:38.988267: Current epoch: 222, loss: 0.12075138837099075, validation loss: 0.44865307211875916
2024-04-11 11:29:55.564564:2024-04-11 11:29:55.564485: Current epoch: 223, loss: 0.12314952909946442, validation loss: 0.4584605395793915
2024-04-11 11:30:12.057015:2024-04-11 11:30:12.056853: Current epoch: 224, loss: 0.12322960048913956, validation loss: 0.4604770541191101
2024-04-11 11:30:29.405832:2024-04-11 11:30:29.405571: Current epoch: 225, loss: 0.11895263940095901, validation loss: 0.4469466507434845
2024-04-11 11:30:46.893259:2024-04-11 11:30:46.893095: Current epoch: 226, loss: 0.11872883886098862, validation loss: 0.45109641551971436
2024-04-11 11:31:03.329260:2024-04-11 11:31:03.329043: Current epoch: 227, loss: 0.11802557110786438, validation loss: 0.4514020085334778
2024-04-11 11:31:20.193117:2024-04-11 11:31:20.192962: Current epoch: 228, loss: 0.12099277228116989, validation loss: 0.4693135619163513
2024-04-11 11:31:36.877159:2024-04-11 11:31:36.876990: Current epoch: 229, loss: 0.11823072284460068, validation loss: 0.4435219168663025
2024-04-11 11:31:53.502600:2024-04-11 11:31:53.502524: Current epoch: 230, loss: 0.11653374135494232, validation loss: 0.4472652077674866
2024-04-11 11:32:10.585031:2024-04-11 11:32:10.584873: Current epoch: 231, loss: 0.12413982301950455, validation loss: 0.44527363777160645
2024-04-11 11:32:27.065867:2024-04-11 11:32:27.065791: Current epoch: 232, loss: 0.11766423285007477, validation loss: 0.448098361492157
2024-04-11 11:32:43.676075:2024-04-11 11:32:43.675921: Current epoch: 233, loss: 0.11728566139936447, validation loss: 0.44433945417404175
2024-04-11 11:33:00.299557:2024-04-11 11:33:00.299454: Current epoch: 234, loss: 0.11610928177833557, validation loss: 0.4605860114097595
2024-04-11 11:33:16.723978:2024-04-11 11:33:16.723818: Current epoch: 235, loss: 0.12105380743741989, validation loss: 0.45884278416633606
2024-04-11 11:33:33.559132:2024-04-11 11:33:33.559056: Current epoch: 236, loss: 0.11439790576696396, validation loss: 0.45360279083251953
2024-04-11 11:33:50.133540:2024-04-11 11:33:50.133380: Current epoch: 237, loss: 0.114766426384449, validation loss: 0.4780043959617615
2024-04-11 11:34:06.361543:2024-04-11 11:34:06.361466: Current epoch: 238, loss: 0.11851611733436584, validation loss: 0.4575280547142029
2024-04-11 11:34:22.920501:2024-04-11 11:34:22.920369: Current epoch: 239, loss: 0.11943777650594711, validation loss: 0.44879820942878723
2024-04-11 11:34:39.489447:2024-04-11 11:34:39.489343: Current epoch: 240, loss: 0.11806945502758026, validation loss: 0.45230862498283386
2024-04-11 11:34:55.962908:2024-04-11 11:34:55.962830: Current epoch: 241, loss: 0.11493754386901855, validation loss: 0.4539733827114105
2024-04-11 11:35:12.591126:2024-04-11 11:35:12.590966: Current epoch: 242, loss: 0.12069171667098999, validation loss: 0.4497210383415222
2024-04-11 11:35:29.318882:2024-04-11 11:35:29.318803: Current epoch: 243, loss: 0.11692535132169724, validation loss: 0.45828312635421753
2024-04-11 11:35:45.829045:2024-04-11 11:35:45.828910: Current epoch: 244, loss: 0.11349615454673767, validation loss: 0.44463109970092773
2024-04-11 11:36:02.464916:2024-04-11 11:36:02.464815: Current epoch: 245, loss: 0.11682295799255371, validation loss: 0.4665638506412506
2024-04-11 11:36:19.047032:2024-04-11 11:36:19.046884: Current epoch: 246, loss: 0.11958970874547958, validation loss: 0.45110684633255005
2024-04-11 11:36:35.614259:2024-04-11 11:36:35.614118: Current epoch: 247, loss: 0.11614108830690384, validation loss: 0.45099151134490967
2024-04-11 11:36:52.356513:2024-04-11 11:36:52.356410: Current epoch: 248, loss: 0.11477944999933243, validation loss: 0.45434319972991943
2024-04-11 11:37:09.300530:2024-04-11 11:37:09.300367: Current epoch: 249, loss: 0.11262194067239761, validation loss: 0.45546776056289673
2024-04-11 11:37:25.799464:2024-04-11 11:37:25.799316: Current epoch: 250, loss: 0.11444826424121857, validation loss: 0.45336174964904785
2024-04-11 11:37:43.029413:2024-04-11 11:37:43.029103: Current epoch: 251, loss: 0.11924119293689728, validation loss: 0.45486071705818176
2024-04-11 11:37:59.278472:2024-04-11 11:37:59.278323: Current epoch: 252, loss: 0.11774145811796188, validation loss: 0.4667503237724304
2024-04-11 11:38:17.433260:2024-04-11 11:38:17.433044: Current epoch: 253, loss: 0.11489713191986084, validation loss: 0.4709678292274475
2024-04-11 11:38:34.364195:2024-04-11 11:38:34.363874: Current epoch: 254, loss: 0.11134104430675507, validation loss: 0.462758332490921
2024-04-11 11:38:51.111630:2024-04-11 11:38:51.111465: Current epoch: 255, loss: 0.113616444170475, validation loss: 0.45288974046707153
2024-04-11 11:39:08.270004:2024-04-11 11:39:08.269842: Current epoch: 256, loss: 0.11264125257730484, validation loss: 0.4441584646701813
2024-04-11 11:39:25.989493:2024-04-11 11:39:25.989331: Current epoch: 257, loss: 0.11079055815935135, validation loss: 0.4395160973072052
2024-04-11 11:39:42.865208:2024-04-11 11:39:42.865049: Current epoch: 258, loss: 0.1184421181678772, validation loss: 0.4484885632991791
2024-04-11 11:39:59.226174:2024-04-11 11:39:59.226015: Current epoch: 259, loss: 0.11105082184076309, validation loss: 0.44130101799964905
2024-04-11 11:40:17.529794:2024-04-11 11:40:17.529437: Current epoch: 260, loss: 0.11374592781066895, validation loss: 0.4507989287376404
2024-04-11 11:40:34.210538:2024-04-11 11:40:34.210429: Current epoch: 261, loss: 0.11190168559551239, validation loss: 0.44180089235305786
2024-04-11 11:40:51.067224:2024-04-11 11:40:51.067077: Current epoch: 262, loss: 0.10858863592147827, validation loss: 0.439116895198822
2024-04-11 11:41:07.057752:2024-04-11 11:41:07.057602: Current epoch: 263, loss: 0.10905874520540237, validation loss: 0.4699259400367737
2024-04-11 11:41:23.540431:2024-04-11 11:41:23.540247: Current epoch: 264, loss: 0.11404924094676971, validation loss: 0.4416627883911133
2024-04-11 11:41:40.240980:2024-04-11 11:41:40.240857: Current epoch: 265, loss: 0.11083393543958664, validation loss: 0.4563356637954712
2024-04-11 11:41:57.572868:2024-04-11 11:41:57.572716: Current epoch: 266, loss: 0.10637244582176208, validation loss: 0.44538414478302
2024-04-11 11:42:14.034189:2024-04-11 11:42:14.034040: Current epoch: 267, loss: 0.11020524799823761, validation loss: 0.45094963908195496
2024-04-11 11:42:31.443317:2024-04-11 11:42:31.443132: Current epoch: 268, loss: 0.10593130439519882, validation loss: 0.4568765461444855
2024-04-11 11:42:48.414120:2024-04-11 11:42:48.414025: Current epoch: 269, loss: 0.11024381220340729, validation loss: 0.4600120186805725
2024-04-11 11:43:05.251692:2024-04-11 11:43:05.251539: Current epoch: 270, loss: 0.11113673448562622, validation loss: 0.4513969421386719
2024-04-11 11:43:21.969556:2024-04-11 11:43:21.969403: Current epoch: 271, loss: 0.10583055764436722, validation loss: 0.44477608799934387
2024-04-11 11:43:39.085702:2024-04-11 11:43:39.085554: Current epoch: 272, loss: 0.10720764845609665, validation loss: 0.4519937336444855
2024-04-11 11:43:55.713596:2024-04-11 11:43:55.713418: Current epoch: 273, loss: 0.10719458758831024, validation loss: 0.462220162153244
2024-04-11 11:44:12.304946:2024-04-11 11:44:12.304792: Current epoch: 274, loss: 0.10843542963266373, validation loss: 0.45492371916770935
2024-04-11 11:44:28.645743:2024-04-11 11:44:28.645582: Current epoch: 275, loss: 0.10485625267028809, validation loss: 0.45751655101776123
2024-04-11 11:44:45.169102:2024-04-11 11:44:45.168936: Current epoch: 276, loss: 0.10768352448940277, validation loss: 0.4429404139518738
2024-04-11 11:45:01.492867:2024-04-11 11:45:01.492743: Current epoch: 277, loss: 0.1086084321141243, validation loss: 0.44036102294921875
2024-04-11 11:45:17.813128:2024-04-11 11:45:17.813004: Current epoch: 278, loss: 0.10616230964660645, validation loss: 0.4463181793689728
2024-04-11 11:45:34.371874:2024-04-11 11:45:34.371744: Current epoch: 279, loss: 0.10598757117986679, validation loss: 0.44318363070487976
2024-04-11 11:45:51.267188:2024-04-11 11:45:51.267040: Current epoch: 280, loss: 0.10649751871824265, validation loss: 0.4570974111557007
2024-04-11 11:46:07.826695:2024-04-11 11:46:07.826545: Current epoch: 281, loss: 0.10636962205171585, validation loss: 0.45421019196510315
2024-04-11 11:46:24.444883:2024-04-11 11:46:24.444731: Current epoch: 282, loss: 0.10637049376964569, validation loss: 0.4472157955169678
2024-04-11 11:46:41.469569:2024-04-11 11:46:41.469403: Current epoch: 283, loss: 0.1059124693274498, validation loss: 0.44433438777923584
2024-04-11 11:46:58.443871:2024-04-11 11:46:58.443578: Current epoch: 284, loss: 0.1088402271270752, validation loss: 0.437713086605072
2024-04-11 11:47:15.179258:2024-04-11 11:47:15.179097: Current epoch: 285, loss: 0.1023489311337471, validation loss: 0.4566967189311981
2024-04-11 11:47:32.203645:2024-04-11 11:47:32.203508: Current epoch: 286, loss: 0.10481515526771545, validation loss: 0.4586063325405121
2024-04-11 11:47:49.478989:2024-04-11 11:47:49.478908: Current epoch: 287, loss: 0.10371936112642288, validation loss: 0.44790175557136536
2024-04-11 11:47:50.567913:the test error is  [0.4384715259075165, 0.4384715259075165]
2024-04-11 11:47:53.069981:saved model to sample/alignn_bert-base-uncased_robo_prop_magmom_outcar
2024-04-11 11:47:54.097536:done