
2024-02-15 14:24:19.845166:job config: {'train_data_path': '/data/yll6162/alignntl_dft_3d/tl_dataset/dataset_alignn_bert-base-uncased_chemnlp_prop_ehull_train.csv', 'val_data_path': '/data/yll6162/alignntl_dft_3d/tl_dataset/dataset_alignn_bert-base-uncased_chemnlp_prop_ehull_val.csv', 'test_data_path': '/data/yll6162/alignntl_dft_3d/tl_dataset/dataset_alignn_bert-base-uncased_chemnlp_prop_ehull_test.csv', 'label': 'ehull', 'input_type': None, 'log_folder': 'log', 'log_file': 'alignn_bert-base-uncased_chemnlp_prop_ehull.log', 'test_metric': 'mae', 'architecture': '1024Rx4D-512Rx3D-256Rx3D-128Rx3D-64Rx2-32Rx1-1', 'model_seed': 0, 'loss_type': 'mae', 'config_file': 'sample/alignn_bert-base-uncased_chemnlp_prop_ehull_job.config', 'use_valid': True, 'project': 'MOF', 'regressors': None, 'input_types': None, 'paramsGrid': {'optimizer': 'Adam', 'learning_rate': 0.0001, 'patience': 100, 'dropouts': [0.8, 0.9, 0.7, 0.8], 'EVAL_FREQUENCY': 1000}, 'save_path': 'sample/alignn_bert-base-uncased_chemnlp_prop_ehull', 'model_path': None, 'last_layer_with_weight': True, 'keras_path': 'model/alignn_bert-base-uncased_chemnlp_prop_ehull', 'test_size': None, 'val_size': None}
2024-02-15 14:24:19.845224:train data path is  /data/yll6162/alignntl_dft_3d/tl_dataset/dataset_alignn_bert-base-uncased_chemnlp_prop_ehull_train.csv
2024-02-15 14:24:31.011103:input attribute sets are:  None
2024-02-15 14:24:31.011570:test data path is  /data/yll6162/alignntl_dft_3d/tl_dataset/dataset_alignn_bert-base-uncased_chemnlp_prop_ehull_test.csv
2024-02-15 14:24:32.344998:val data path is  /data/yll6162/alignntl_dft_3d/tl_dataset/dataset_alignn_bert-base-uncased_chemnlp_prop_ehull_val.csv
2024-02-15 14:24:33.664097:input attributes are:  Index(['0', '1', '2', '3', '4', '5', '6', '7', '8', '9',
       ...
       '758.1', '759.1', '760.1', '761.1', '762.1', '763.1', '764.1', '765.1',
       '766.1', '767.1'],
      dtype='object', length=1535)
2024-02-15 14:24:33.664229:label: ehull
2024-02-15 14:24:45.943655: train, test, valid sizes:  (44276, 1535) (44276,) (5528, 1535) (5528,) (5523, 1535) (5523,)
2024-02-15 14:24:46.313153:train matrix shape of train_X:  (44276, 1535)  train_y:  (44276,)
2024-02-15 14:24:46.313323:valid matrix shape of train_X:  (5523, 1535)  valid_y:  (5523,)
2024-02-15 14:24:46.313369:test matrix shape of valid_X:   (5528, 1535)  test_y:  (5528,)
2024-02-15 14:24:46.313425:architecture is:  1024Rx4D-512Rx3D-256Rx3D-128Rx3D-64Rx2-32Rx1-1
2024-02-15 14:24:46.313469:learning rate is  0.0001
2024-02-15 14:24:46.313506:model path is  None
2024-02-15 14:24:46.323344:adding fully connected layers with 1024 outputs
2024-02-15 14:24:48.746029:adding residual with fc as the size are different
2024-02-15 14:24:48.753021:adding fully connected layers with 1024 outputs
2024-02-15 14:24:48.758134:adding residual, both sizes are same
2024-02-15 14:24:48.760266:adding fully connected layers with 1024 outputs
2024-02-15 14:24:48.765036:adding residual, both sizes are same
2024-02-15 14:24:48.766930:adding fully connected layers with 1024 outputs
2024-02-15 14:24:48.771696:adding residual, both sizes are same
2024-02-15 14:24:48.773829:adding dropout 0.8
2024-02-15 14:24:48.778025:adding fully connected layers with 512 outputs
2024-02-15 14:24:48.783201:adding residual with fc as the size are different
2024-02-15 14:24:48.789501:adding fully connected layers with 512 outputs
2024-02-15 14:24:48.794397:adding residual, both sizes are same
2024-02-15 14:24:48.796483:adding fully connected layers with 512 outputs
2024-02-15 14:24:48.801226:adding residual, both sizes are same
2024-02-15 14:24:48.803100:adding dropout 0.9
2024-02-15 14:24:48.804745:adding fully connected layers with 256 outputs
2024-02-15 14:24:48.810684:adding residual with fc as the size are different
2024-02-15 14:24:48.816780:adding fully connected layers with 256 outputs
2024-02-15 14:24:48.821679:adding residual, both sizes are same
2024-02-15 14:24:48.826706:adding fully connected layers with 256 outputs
2024-02-15 14:24:48.838992:adding residual, both sizes are same
2024-02-15 14:24:48.842441:adding dropout 0.7
2024-02-15 14:24:48.845391:adding fully connected layers with 128 outputs
2024-02-15 14:24:48.850367:adding residual with fc as the size are different
2024-02-15 14:24:48.856732:adding fully connected layers with 128 outputs
2024-02-15 14:24:48.861604:adding residual, both sizes are same
2024-02-15 14:24:48.863442:adding fully connected layers with 128 outputs
2024-02-15 14:24:48.868329:adding residual, both sizes are same
2024-02-15 14:24:48.870168:adding dropout 0.8
2024-02-15 14:24:48.871766:adding fully connected layers with 64 outputs
2024-02-15 14:24:48.876807:adding residual with fc as the size are different
2024-02-15 14:24:48.883077:adding fully connected layers with 64 outputs
2024-02-15 14:24:48.887982:adding residual, both sizes are same
2024-02-15 14:24:48.889894:adding fully connected layers with 32 outputs
2024-02-15 14:24:48.903250:adding residual with fc as the size are different
2024-02-15 14:24:48.912188:adding final layer with 1 output
2024-02-15 14:24:48.922146:Model: "ElemNet"
2024-02-15 14:24:48.922218:__________________________________________________________________________________________________
2024-02-15 14:24:48.922267:Layer (type)                    Output Shape         Param #     Connected to                     
2024-02-15 14:24:48.922303:==================================================================================================
2024-02-15 14:24:48.922516:elemental_fractions (InputLayer [(None, 1535)]       0                                            
2024-02-15 14:24:48.922563:__________________________________________________________________________________________________
2024-02-15 14:24:48.922725:fc0_0 (Dense)                   (None, 1024)         1572864     elemental_fractions[0][0]        
2024-02-15 14:24:48.922782:__________________________________________________________________________________________________
2024-02-15 14:24:48.922909:fc0_dim_0 (Dense)               (None, 1024)         1572864     elemental_fractions[0][0]        
2024-02-15 14:24:48.922953:__________________________________________________________________________________________________
2024-02-15 14:24:48.923035:tf.__operators__.add (TFOpLambd (None, 1024)         0           fc0_0[0][0]                      
2024-02-15 14:24:48.923079:                                                                 fc0_dim_0[0][0]                  
2024-02-15 14:24:48.923116:__________________________________________________________________________________________________
2024-02-15 14:24:48.923223:fc0_1 (Dense)                   (None, 1024)         1049600     tf.__operators__.add[0][0]       
2024-02-15 14:24:48.923266:__________________________________________________________________________________________________
2024-02-15 14:24:48.923341:tf.__operators__.add_1 (TFOpLam (None, 1024)         0           fc0_1[0][0]                      
2024-02-15 14:24:48.923384:                                                                 tf.__operators__.add[0][0]       
2024-02-15 14:24:48.923425:__________________________________________________________________________________________________
2024-02-15 14:24:48.923529:fc0_2 (Dense)                   (None, 1024)         1049600     tf.__operators__.add_1[0][0]     
2024-02-15 14:24:48.923570:__________________________________________________________________________________________________
2024-02-15 14:24:48.923645:tf.__operators__.add_2 (TFOpLam (None, 1024)         0           fc0_2[0][0]                      
2024-02-15 14:24:48.923686:                                                                 tf.__operators__.add_1[0][0]     
2024-02-15 14:24:48.923721:__________________________________________________________________________________________________
2024-02-15 14:24:48.923820:fc0_3 (Dense)                   (None, 1024)         1049600     tf.__operators__.add_2[0][0]     
2024-02-15 14:24:48.923861:__________________________________________________________________________________________________
2024-02-15 14:24:48.923935:tf.__operators__.add_3 (TFOpLam (None, 1024)         0           fc0_3[0][0]                      
2024-02-15 14:24:48.923984:                                                                 tf.__operators__.add_2[0][0]     
2024-02-15 14:24:48.924020:__________________________________________________________________________________________________
2024-02-15 14:24:48.924092:dropout (Dropout)               (None, 1024)         0           tf.__operators__.add_3[0][0]     
2024-02-15 14:24:48.924141:__________________________________________________________________________________________________
2024-02-15 14:24:48.924240:fc1_0 (Dense)                   (None, 512)          524800      dropout[0][0]                    
2024-02-15 14:24:48.924281:__________________________________________________________________________________________________
2024-02-15 14:24:48.924377:fc1_dim_0 (Dense)               (None, 512)          524800      dropout[0][0]                    
2024-02-15 14:24:48.924425:__________________________________________________________________________________________________
2024-02-15 14:24:48.924499:tf.__operators__.add_4 (TFOpLam (None, 512)          0           fc1_0[0][0]                      
2024-02-15 14:24:48.924541:                                                                 fc1_dim_0[0][0]                  
2024-02-15 14:24:48.924575:__________________________________________________________________________________________________
2024-02-15 14:24:48.924672:fc1_1 (Dense)                   (None, 512)          262656      tf.__operators__.add_4[0][0]     
2024-02-15 14:24:48.924712:__________________________________________________________________________________________________
2024-02-15 14:24:48.924783:tf.__operators__.add_5 (TFOpLam (None, 512)          0           fc1_1[0][0]                      
2024-02-15 14:24:48.924824:                                                                 tf.__operators__.add_4[0][0]     
2024-02-15 14:24:48.924858:__________________________________________________________________________________________________
2024-02-15 14:24:48.924952:fc1_2 (Dense)                   (None, 512)          262656      tf.__operators__.add_5[0][0]     
2024-02-15 14:24:48.924992:__________________________________________________________________________________________________
2024-02-15 14:24:48.925063:tf.__operators__.add_6 (TFOpLam (None, 512)          0           fc1_2[0][0]                      
2024-02-15 14:24:48.925104:                                                                 tf.__operators__.add_5[0][0]     
2024-02-15 14:24:48.925138:__________________________________________________________________________________________________
2024-02-15 14:24:48.925205:dropout_1 (Dropout)             (None, 512)          0           tf.__operators__.add_6[0][0]     
2024-02-15 14:24:48.925242:__________________________________________________________________________________________________
2024-02-15 14:24:48.925337:fc2_0 (Dense)                   (None, 256)          131328      dropout_1[0][0]                  
2024-02-15 14:24:48.925377:__________________________________________________________________________________________________
2024-02-15 14:24:48.925482:fc2_dim_0 (Dense)               (None, 256)          131328      dropout_1[0][0]                  
2024-02-15 14:24:48.925523:__________________________________________________________________________________________________
2024-02-15 14:24:48.925594:tf.__operators__.add_7 (TFOpLam (None, 256)          0           fc2_0[0][0]                      
2024-02-15 14:24:48.925635:                                                                 fc2_dim_0[0][0]                  
2024-02-15 14:24:48.925669:__________________________________________________________________________________________________
2024-02-15 14:24:48.925764:fc2_1 (Dense)                   (None, 256)          65792       tf.__operators__.add_7[0][0]     
2024-02-15 14:24:48.925804:__________________________________________________________________________________________________
2024-02-15 14:24:48.925876:tf.__operators__.add_8 (TFOpLam (None, 256)          0           fc2_1[0][0]                      
2024-02-15 14:24:48.925920:                                                                 tf.__operators__.add_7[0][0]     
2024-02-15 14:24:48.925955:__________________________________________________________________________________________________
2024-02-15 14:24:48.926050:fc2_2 (Dense)                   (None, 256)          65792       tf.__operators__.add_8[0][0]     
2024-02-15 14:24:48.926105:__________________________________________________________________________________________________
2024-02-15 14:24:48.926197:tf.__operators__.add_9 (TFOpLam (None, 256)          0           fc2_2[0][0]                      
2024-02-15 14:24:48.926239:                                                                 tf.__operators__.add_8[0][0]     
2024-02-15 14:24:48.926274:__________________________________________________________________________________________________
2024-02-15 14:24:48.926343:dropout_2 (Dropout)             (None, 256)          0           tf.__operators__.add_9[0][0]     
2024-02-15 14:24:48.926381:__________________________________________________________________________________________________
2024-02-15 14:24:48.926488:fc3_0 (Dense)                   (None, 128)          32896       dropout_2[0][0]                  
2024-02-15 14:24:48.926530:__________________________________________________________________________________________________
2024-02-15 14:24:48.926628:fc3_dim_0 (Dense)               (None, 128)          32896       dropout_2[0][0]                  
2024-02-15 14:24:48.926669:__________________________________________________________________________________________________
2024-02-15 14:24:48.926742:tf.__operators__.add_10 (TFOpLa (None, 128)          0           fc3_0[0][0]                      
2024-02-15 14:24:48.926785:                                                                 fc3_dim_0[0][0]                  
2024-02-15 14:24:48.926820:__________________________________________________________________________________________________
2024-02-15 14:24:48.926916:fc3_1 (Dense)                   (None, 128)          16512       tf.__operators__.add_10[0][0]    
2024-02-15 14:24:48.926957:__________________________________________________________________________________________________
2024-02-15 14:24:48.927030:tf.__operators__.add_11 (TFOpLa (None, 128)          0           fc3_1[0][0]                      
2024-02-15 14:24:48.927071:                                                                 tf.__operators__.add_10[0][0]    
2024-02-15 14:24:48.927105:__________________________________________________________________________________________________
2024-02-15 14:24:48.927202:fc3_2 (Dense)                   (None, 128)          16512       tf.__operators__.add_11[0][0]    
2024-02-15 14:24:48.927242:__________________________________________________________________________________________________
2024-02-15 14:24:48.927314:tf.__operators__.add_12 (TFOpLa (None, 128)          0           fc3_2[0][0]                      
2024-02-15 14:24:48.927366:                                                                 tf.__operators__.add_11[0][0]    
2024-02-15 14:24:48.927400:__________________________________________________________________________________________________
2024-02-15 14:24:48.927475:dropout_3 (Dropout)             (None, 128)          0           tf.__operators__.add_12[0][0]    
2024-02-15 14:24:48.927512:__________________________________________________________________________________________________
2024-02-15 14:24:48.927666:fc4_0 (Dense)                   (None, 64)           8256        dropout_3[0][0]                  
2024-02-15 14:24:48.927713:__________________________________________________________________________________________________
2024-02-15 14:24:48.927812:fc4_dim_0 (Dense)               (None, 64)           8256        dropout_3[0][0]                  
2024-02-15 14:24:48.927854:__________________________________________________________________________________________________
2024-02-15 14:24:48.927934:tf.__operators__.add_13 (TFOpLa (None, 64)           0           fc4_0[0][0]                      
2024-02-15 14:24:48.927977:                                                                 fc4_dim_0[0][0]                  
2024-02-15 14:24:48.928012:__________________________________________________________________________________________________
2024-02-15 14:24:48.928110:fc4_1 (Dense)                   (None, 64)           4160        tf.__operators__.add_13[0][0]    
2024-02-15 14:24:48.928151:__________________________________________________________________________________________________
2024-02-15 14:24:48.928224:tf.__operators__.add_14 (TFOpLa (None, 64)           0           fc4_1[0][0]                      
2024-02-15 14:24:48.928267:                                                                 tf.__operators__.add_13[0][0]    
2024-02-15 14:24:48.928301:__________________________________________________________________________________________________
2024-02-15 14:24:48.928397:fc5_0 (Dense)                   (None, 32)           2080        tf.__operators__.add_14[0][0]    
2024-02-15 14:24:48.928451:__________________________________________________________________________________________________
2024-02-15 14:24:48.928552:fc5_dim_0 (Dense)               (None, 32)           2080        tf.__operators__.add_14[0][0]    
2024-02-15 14:24:48.931536:__________________________________________________________________________________________________
2024-02-15 14:24:48.931627:tf.__operators__.add_15 (TFOpLa (None, 32)           0           fc5_0[0][0]                      
2024-02-15 14:24:48.931670:                                                                 fc5_dim_0[0][0]                  
2024-02-15 14:24:48.931705:__________________________________________________________________________________________________
2024-02-15 14:24:48.931807:fc6 (Dense)                     (None, 1)            33          tf.__operators__.add_15[0][0]    
2024-02-15 14:24:48.931848:==================================================================================================
2024-02-15 14:24:48.932431:Total params: 8,387,361
2024-02-15 14:24:48.932483:Trainable params: 8,387,361
2024-02-15 14:24:48.932520:Non-trainable params: 0
2024-02-15 14:24:48.932555:__________________________________________________________________________________________________
2024-02-15 14:24:48.942740:start training
2024-02-15 14:25:03.752939:2024-02-15 14:25:03.752869: Current epoch: 0, loss: 1.9004151821136475, validation loss: 0.34192633628845215
2024-02-15 14:25:16.902765:2024-02-15 14:25:16.902680: Current epoch: 1, loss: 0.3644449710845947, validation loss: 0.16805996000766754
2024-02-15 14:25:29.932062:2024-02-15 14:25:29.931938: Current epoch: 2, loss: 0.2357810139656067, validation loss: 0.3270290493965149
2024-02-15 14:25:42.918679:2024-02-15 14:25:42.918586: Current epoch: 3, loss: 0.18194334208965302, validation loss: 0.10585083812475204
2024-02-15 14:25:55.658296:2024-02-15 14:25:55.658209: Current epoch: 4, loss: 0.14814640581607819, validation loss: 0.10209328681230545
2024-02-15 14:26:08.306520:2024-02-15 14:26:08.306327: Current epoch: 5, loss: 0.13349393010139465, validation loss: 0.15935416519641876
2024-02-15 14:26:20.656282:2024-02-15 14:26:20.656115: Current epoch: 6, loss: 0.11637312918901443, validation loss: 0.11452045291662216
2024-02-15 14:26:33.739630:2024-02-15 14:26:33.739543: Current epoch: 7, loss: 0.10216323286294937, validation loss: 0.08503349870443344
2024-02-15 14:26:45.938065:2024-02-15 14:26:45.937981: Current epoch: 8, loss: 0.08687537163496017, validation loss: 0.07168212532997131
2024-02-15 14:26:58.896807:2024-02-15 14:26:58.896642: Current epoch: 9, loss: 0.08723131567239761, validation loss: 0.0896417647600174
2024-02-15 14:27:14.062788:2024-02-15 14:27:14.062704: Current epoch: 10, loss: 0.07801447063684464, validation loss: 0.06650089472532272
2024-02-15 14:27:26.428247:2024-02-15 14:27:26.428101: Current epoch: 11, loss: 0.0761016234755516, validation loss: 0.06904663890600204
2024-02-15 14:27:39.133469:2024-02-15 14:27:39.133285: Current epoch: 12, loss: 0.07030943036079407, validation loss: 0.10377582162618637
2024-02-15 14:27:52.317982:2024-02-15 14:27:52.317901: Current epoch: 13, loss: 0.0672176331281662, validation loss: 0.06134936586022377
2024-02-15 14:28:05.267366:2024-02-15 14:28:05.267278: Current epoch: 14, loss: 0.06433917582035065, validation loss: 0.059380095452070236
2024-02-15 14:28:18.056626:2024-02-15 14:28:18.056461: Current epoch: 15, loss: 0.057518430054187775, validation loss: 0.06226211041212082
2024-02-15 14:28:31.103619:2024-02-15 14:28:31.103446: Current epoch: 16, loss: 0.056161049753427505, validation loss: 0.06913391500711441
2024-02-15 14:28:44.392361:2024-02-15 14:28:44.392196: Current epoch: 17, loss: 0.051923807710409164, validation loss: 0.0652608573436737
2024-02-15 14:28:57.287129:2024-02-15 14:28:57.287051: Current epoch: 18, loss: 0.05092252045869827, validation loss: 0.05817507952451706
2024-02-15 14:29:09.761829:2024-02-15 14:29:09.761678: Current epoch: 19, loss: 0.04974701628088951, validation loss: 0.06663886457681656
2024-02-15 14:29:24.801717:2024-02-15 14:29:24.801631: Current epoch: 20, loss: 0.04770752415060997, validation loss: 0.053585153073072433
2024-02-15 14:29:37.801628:2024-02-15 14:29:37.801467: Current epoch: 21, loss: 0.04437653347849846, validation loss: 0.06051621958613396
2024-02-15 14:29:50.729069:2024-02-15 14:29:50.728920: Current epoch: 22, loss: 0.04472262039780617, validation loss: 0.04813965782523155
2024-02-15 14:30:03.541136:2024-02-15 14:30:03.540972: Current epoch: 23, loss: 0.04197273775935173, validation loss: 0.05891212075948715
2024-02-15 14:30:16.318428:2024-02-15 14:30:16.318239: Current epoch: 24, loss: 0.0412345714867115, validation loss: 0.054767411202192307
2024-02-15 14:30:29.291518:2024-02-15 14:30:29.291361: Current epoch: 25, loss: 0.040513429790735245, validation loss: 0.05132300779223442
2024-02-15 14:30:42.385804:2024-02-15 14:30:42.385661: Current epoch: 26, loss: 0.0389082245528698, validation loss: 0.05182870104908943
2024-02-15 14:30:54.956276:2024-02-15 14:30:54.956123: Current epoch: 27, loss: 0.03784941881895065, validation loss: 0.059753380715847015
2024-02-15 14:31:07.587518:2024-02-15 14:31:07.587339: Current epoch: 28, loss: 0.03690642863512039, validation loss: 0.05086176097393036
2024-02-15 14:31:20.848965:2024-02-15 14:31:20.848810: Current epoch: 29, loss: 0.0361592061817646, validation loss: 0.053190674632787704
2024-02-15 14:31:36.386577:2024-02-15 14:31:36.386421: Current epoch: 30, loss: 0.03495248407125473, validation loss: 0.04992900788784027
2024-02-15 14:31:50.330372:2024-02-15 14:31:50.330222: Current epoch: 31, loss: 0.03406866267323494, validation loss: 0.0449446402490139
2024-02-15 14:32:03.793937:2024-02-15 14:32:03.793763: Current epoch: 32, loss: 0.03279964253306389, validation loss: 0.04652431979775429
2024-02-15 14:32:16.908046:2024-02-15 14:32:16.907897: Current epoch: 33, loss: 0.03267359733581543, validation loss: 0.046537913382053375
2024-02-15 14:32:30.142447:2024-02-15 14:32:30.142298: Current epoch: 34, loss: 0.03275299444794655, validation loss: 0.0459325946867466
2024-02-15 14:32:43.113948:2024-02-15 14:32:43.113867: Current epoch: 35, loss: 0.031600888818502426, validation loss: 0.04441084340214729
2024-02-15 14:32:55.960693:2024-02-15 14:32:55.960619: Current epoch: 36, loss: 0.029939856380224228, validation loss: 0.042829614132642746
2024-02-15 14:33:08.986570:2024-02-15 14:33:08.986446: Current epoch: 37, loss: 0.030238566920161247, validation loss: 0.044548314064741135
2024-02-15 14:33:21.956180:2024-02-15 14:33:21.956096: Current epoch: 38, loss: 0.028970500454306602, validation loss: 0.04168228060007095
2024-02-15 14:33:34.546865:2024-02-15 14:33:34.546592: Current epoch: 39, loss: 0.028330693021416664, validation loss: 0.04638482257723808
2024-02-15 14:33:49.833546:2024-02-15 14:33:49.833401: Current epoch: 40, loss: 0.0282069593667984, validation loss: 0.04460577294230461
2024-02-15 14:34:02.867229:2024-02-15 14:34:02.867106: Current epoch: 41, loss: 0.027504125609993935, validation loss: 0.04612411558628082
2024-02-15 14:34:16.047925:2024-02-15 14:34:16.047785: Current epoch: 42, loss: 0.027061451226472855, validation loss: 0.04202965274453163
2024-02-15 14:34:29.053306:2024-02-15 14:34:29.053142: Current epoch: 43, loss: 0.026803161948919296, validation loss: 0.04231634363532066
2024-02-15 14:34:41.809755:2024-02-15 14:34:41.809648: Current epoch: 44, loss: 0.025941407307982445, validation loss: 0.042162712663412094
2024-02-15 14:34:54.727742:2024-02-15 14:34:54.727591: Current epoch: 45, loss: 0.025983240455389023, validation loss: 0.042434513568878174
2024-02-15 14:35:07.596752:2024-02-15 14:35:07.596640: Current epoch: 46, loss: 0.025016922503709793, validation loss: 0.04348544776439667
2024-02-15 14:35:20.054354:2024-02-15 14:35:20.054281: Current epoch: 47, loss: 0.02441883273422718, validation loss: 0.04154456406831741
2024-02-15 14:35:32.408643:2024-02-15 14:35:32.408500: Current epoch: 48, loss: 0.024172039702534676, validation loss: 0.04313730448484421
2024-02-15 14:35:44.919470:2024-02-15 14:35:44.919383: Current epoch: 49, loss: 0.02392927184700966, validation loss: 0.0413096658885479
2024-02-15 14:35:59.864811:2024-02-15 14:35:59.864734: Current epoch: 50, loss: 0.02426687814295292, validation loss: 0.039899539202451706
2024-02-15 14:36:12.262009:2024-02-15 14:36:12.261935: Current epoch: 51, loss: 0.023266876116394997, validation loss: 0.039374664425849915
2024-02-15 14:36:25.215443:2024-02-15 14:36:25.215268: Current epoch: 52, loss: 0.02293415181338787, validation loss: 0.041573602706193924
2024-02-15 14:36:37.643935:2024-02-15 14:36:37.643810: Current epoch: 53, loss: 0.022563213482499123, validation loss: 0.039663948118686676
2024-02-15 14:36:50.199648:2024-02-15 14:36:50.199514: Current epoch: 54, loss: 0.02256462723016739, validation loss: 0.04212639480829239
2024-02-15 14:37:03.022799:2024-02-15 14:37:03.022656: Current epoch: 55, loss: 0.02252447046339512, validation loss: 0.03970362991094589
2024-02-15 14:37:15.759604:2024-02-15 14:37:15.759525: Current epoch: 56, loss: 0.021640446037054062, validation loss: 0.0384601466357708
2024-02-15 14:37:28.454506:2024-02-15 14:37:28.454337: Current epoch: 57, loss: 0.021610593423247337, validation loss: 0.0395861491560936
2024-02-15 14:37:41.260145:2024-02-15 14:37:41.260012: Current epoch: 58, loss: 0.021265419200062752, validation loss: 0.03883352130651474
2024-02-15 14:37:54.318104:2024-02-15 14:37:54.317951: Current epoch: 59, loss: 0.02110440284013748, validation loss: 0.04110980033874512
2024-02-15 14:38:09.438854:2024-02-15 14:38:09.438702: Current epoch: 60, loss: 0.020718490704894066, validation loss: 0.04107000306248665
2024-02-15 14:38:21.985047:2024-02-15 14:38:21.984909: Current epoch: 61, loss: 0.020313533022999763, validation loss: 0.038827959448099136
2024-02-15 14:38:34.216186:2024-02-15 14:38:34.216018: Current epoch: 62, loss: 0.020545005798339844, validation loss: 0.03859440237283707
2024-02-15 14:38:46.459792:2024-02-15 14:38:46.459639: Current epoch: 63, loss: 0.019667038694024086, validation loss: 0.04138220474123955
2024-02-15 14:38:58.704755:2024-02-15 14:38:58.704605: Current epoch: 64, loss: 0.019769469276070595, validation loss: 0.039929237216711044
2024-02-15 14:39:11.197684:2024-02-15 14:39:11.197592: Current epoch: 65, loss: 0.019259581342339516, validation loss: 0.03824324905872345
2024-02-15 14:39:23.426023:2024-02-15 14:39:23.425885: Current epoch: 66, loss: 0.020003199577331543, validation loss: 0.039547935128211975
2024-02-15 14:39:35.717173:2024-02-15 14:39:35.717010: Current epoch: 67, loss: 0.018961966037750244, validation loss: 0.03922156244516373
2024-02-15 14:39:48.424279:2024-02-15 14:39:48.424125: Current epoch: 68, loss: 0.01900620572268963, validation loss: 0.04350917413830757
2024-02-15 14:40:01.107209:2024-02-15 14:40:01.107055: Current epoch: 69, loss: 0.0186007060110569, validation loss: 0.0393315888941288
2024-02-15 14:40:15.958470:2024-02-15 14:40:15.958331: Current epoch: 70, loss: 0.018472939729690552, validation loss: 0.039638008922338486
2024-02-15 14:40:28.732912:2024-02-15 14:40:28.732839: Current epoch: 71, loss: 0.017912184819579124, validation loss: 0.036898285150527954
2024-02-15 14:40:40.875259:2024-02-15 14:40:40.875104: Current epoch: 72, loss: 0.017932353541254997, validation loss: 0.03934548422694206
2024-02-15 14:40:53.165734:2024-02-15 14:40:53.165593: Current epoch: 73, loss: 0.017631977796554565, validation loss: 0.03772889822721481
2024-02-15 14:41:05.592898:2024-02-15 14:41:05.592759: Current epoch: 74, loss: 0.01758718490600586, validation loss: 0.03692483901977539
2024-02-15 14:41:17.657502:2024-02-15 14:41:17.657335: Current epoch: 75, loss: 0.017739541828632355, validation loss: 0.03890684247016907
2024-02-15 14:41:29.994074:2024-02-15 14:41:29.993928: Current epoch: 76, loss: 0.017309244722127914, validation loss: 0.039242327213287354
2024-02-15 14:41:42.248551:2024-02-15 14:41:42.248431: Current epoch: 77, loss: 0.016975805163383484, validation loss: 0.037058547139167786
2024-02-15 14:41:54.420270:2024-02-15 14:41:54.420177: Current epoch: 78, loss: 0.017136545851826668, validation loss: 0.038880567997694016
2024-02-15 14:42:06.956719:2024-02-15 14:42:06.956572: Current epoch: 79, loss: 0.016649160534143448, validation loss: 0.038135986775159836
2024-02-15 14:42:22.154481:2024-02-15 14:42:22.154314: Current epoch: 80, loss: 0.01646229438483715, validation loss: 0.03815202787518501
2024-02-15 14:42:34.598445:2024-02-15 14:42:34.598289: Current epoch: 81, loss: 0.01631082594394684, validation loss: 0.03739902749657631
2024-02-15 14:42:46.955844:2024-02-15 14:42:46.955718: Current epoch: 82, loss: 0.016400156542658806, validation loss: 0.03821253776550293
2024-02-15 14:42:59.409236:2024-02-15 14:42:59.409161: Current epoch: 83, loss: 0.016155505552887917, validation loss: 0.03657250106334686
2024-02-15 14:43:11.561103:2024-02-15 14:43:11.560961: Current epoch: 84, loss: 0.01617194339632988, validation loss: 0.03865709528326988
2024-02-15 14:43:23.695262:2024-02-15 14:43:23.695130: Current epoch: 85, loss: 0.015887273475527763, validation loss: 0.03711540997028351
2024-02-15 14:43:36.236515:2024-02-15 14:43:36.236336: Current epoch: 86, loss: 0.015413396060466766, validation loss: 0.03696556016802788
2024-02-15 14:43:48.746058:2024-02-15 14:43:48.745916: Current epoch: 87, loss: 0.015589977614581585, validation loss: 0.03736943379044533
2024-02-15 14:44:01.213975:2024-02-15 14:44:01.213846: Current epoch: 88, loss: 0.015466009266674519, validation loss: 0.037961624562740326
2024-02-15 14:44:14.315344:2024-02-15 14:44:14.315262: Current epoch: 89, loss: 0.014977406710386276, validation loss: 0.03655444458127022
2024-02-15 14:44:29.778938:2024-02-15 14:44:29.778783: Current epoch: 90, loss: 0.014977868646383286, validation loss: 0.03788898140192032
2024-02-15 14:44:42.521552:2024-02-15 14:44:42.521417: Current epoch: 91, loss: 0.0149520393460989, validation loss: 0.03658269718289375
2024-02-15 14:44:55.480686:2024-02-15 14:44:55.480520: Current epoch: 92, loss: 0.014741219580173492, validation loss: 0.037017762660980225
2024-02-15 14:45:08.031847:2024-02-15 14:45:08.031772: Current epoch: 93, loss: 0.014537006616592407, validation loss: 0.03639436140656471
2024-02-15 14:45:20.837719:2024-02-15 14:45:20.837641: Current epoch: 94, loss: 0.014358888380229473, validation loss: 0.03607010468840599
2024-02-15 14:45:33.296760:2024-02-15 14:45:33.296616: Current epoch: 95, loss: 0.014555908739566803, validation loss: 0.03735696151852608
2024-02-15 14:45:45.465113:2024-02-15 14:45:45.464949: Current epoch: 96, loss: 0.014399692416191101, validation loss: 0.037580084055662155
2024-02-15 14:45:57.808453:2024-02-15 14:45:57.808275: Current epoch: 97, loss: 0.014278539456427097, validation loss: 0.0366833321750164
2024-02-15 14:46:10.627493:2024-02-15 14:46:10.627319: Current epoch: 98, loss: 0.01415212731808424, validation loss: 0.036383796483278275
2024-02-15 14:46:23.167618:2024-02-15 14:46:23.167433: Current epoch: 99, loss: 0.01379250455647707, validation loss: 0.03660169616341591
2024-02-15 14:46:35.628136:2024-02-15 14:46:35.627998: Current epoch: 100, loss: 0.014262354001402855, validation loss: 0.037719324231147766
2024-02-15 14:46:48.322450:2024-02-15 14:46:48.322284: Current epoch: 101, loss: 0.014001422561705112, validation loss: 0.037233222275972366
2024-02-15 14:47:00.555690:2024-02-15 14:47:00.555541: Current epoch: 102, loss: 0.013546077534556389, validation loss: 0.036346185952425
2024-02-15 14:47:12.649300:2024-02-15 14:47:12.649151: Current epoch: 103, loss: 0.013735959306359291, validation loss: 0.03789597004652023
2024-02-15 14:47:24.521032:2024-02-15 14:47:24.520866: Current epoch: 104, loss: 0.01358039490878582, validation loss: 0.037124134600162506
2024-02-15 14:47:36.343850:2024-02-15 14:47:36.343780: Current epoch: 105, loss: 0.01356930285692215, validation loss: 0.03590334206819534
2024-02-15 14:47:49.248583:2024-02-15 14:47:49.248510: Current epoch: 106, loss: 0.013156788423657417, validation loss: 0.03507621958851814
2024-02-15 14:48:01.772026:2024-02-15 14:48:01.771871: Current epoch: 107, loss: 0.013240374624729156, validation loss: 0.03552082180976868
2024-02-15 14:48:14.547807:2024-02-15 14:48:14.547668: Current epoch: 108, loss: 0.013158068992197514, validation loss: 0.03603236377239227
2024-02-15 14:48:27.338112:2024-02-15 14:48:27.337961: Current epoch: 109, loss: 0.013125610537827015, validation loss: 0.03549478203058243
2024-02-15 14:48:41.884289:2024-02-15 14:48:41.884172: Current epoch: 110, loss: 0.012801820412278175, validation loss: 0.03539308160543442
2024-02-15 14:48:54.235677:2024-02-15 14:48:54.235536: Current epoch: 111, loss: 0.013061175122857094, validation loss: 0.03566369786858559
2024-02-15 14:49:06.933176:2024-02-15 14:49:06.933057: Current epoch: 112, loss: 0.013003353029489517, validation loss: 0.035756662487983704
2024-02-15 14:49:19.213369:2024-02-15 14:49:19.213234: Current epoch: 113, loss: 0.012708058580756187, validation loss: 0.03585703670978546
2024-02-15 14:49:31.815082:2024-02-15 14:49:31.814980: Current epoch: 114, loss: 0.012630756944417953, validation loss: 0.03702697902917862
2024-02-15 14:49:44.545371:2024-02-15 14:49:44.545225: Current epoch: 115, loss: 0.012409552931785583, validation loss: 0.03695042058825493
2024-02-15 14:49:57.326659:2024-02-15 14:49:57.326509: Current epoch: 116, loss: 0.012471696361899376, validation loss: 0.03576013445854187
2024-02-15 14:50:09.945579:2024-02-15 14:50:09.945441: Current epoch: 117, loss: 0.012392336502671242, validation loss: 0.03643995150923729
2024-02-15 14:50:22.751032:2024-02-15 14:50:22.750913: Current epoch: 118, loss: 0.012302955612540245, validation loss: 0.03581450134515762
2024-02-15 14:50:35.324555:2024-02-15 14:50:35.324398: Current epoch: 119, loss: 0.012093944475054741, validation loss: 0.03545830026268959
2024-02-15 14:50:50.227504:2024-02-15 14:50:50.227339: Current epoch: 120, loss: 0.012389923445880413, validation loss: 0.03556749224662781
2024-02-15 14:51:02.443583:2024-02-15 14:51:02.443395: Current epoch: 121, loss: 0.01209338754415512, validation loss: 0.03606818616390228
2024-02-15 14:51:15.118027:2024-02-15 14:51:15.117890: Current epoch: 122, loss: 0.012226354330778122, validation loss: 0.03655073046684265
2024-02-15 14:51:27.261890:2024-02-15 14:51:27.261740: Current epoch: 123, loss: 0.012014960870146751, validation loss: 0.03755226358771324
2024-02-15 14:51:39.247235:2024-02-15 14:51:39.247096: Current epoch: 124, loss: 0.011820291168987751, validation loss: 0.036222267895936966
2024-02-15 14:51:51.741964:2024-02-15 14:51:51.741825: Current epoch: 125, loss: 0.011757421307265759, validation loss: 0.03550894185900688
2024-02-15 14:52:04.127800:2024-02-15 14:52:04.127695: Current epoch: 126, loss: 0.011770721524953842, validation loss: 0.03564400598406792
2024-02-15 14:52:16.405091:2024-02-15 14:52:16.404938: Current epoch: 127, loss: 0.011650993488729, validation loss: 0.035701312124729156
2024-02-15 14:52:29.218073:2024-02-15 14:52:29.217921: Current epoch: 128, loss: 0.011726290918886662, validation loss: 0.03558064624667168
2024-02-15 14:52:41.468456:2024-02-15 14:52:41.468294: Current epoch: 129, loss: 0.011500760912895203, validation loss: 0.036851949989795685
2024-02-15 14:52:53.597914:2024-02-15 14:52:53.597841: Current epoch: 130, loss: 0.011412187479436398, validation loss: 0.035231173038482666
2024-02-15 14:53:05.403720:2024-02-15 14:53:05.403607: Current epoch: 131, loss: 0.011289828456938267, validation loss: 0.036640334874391556
2024-02-15 14:53:17.570054:2024-02-15 14:53:17.569924: Current epoch: 132, loss: 0.011204195208847523, validation loss: 0.036000460386276245
2024-02-15 14:53:30.124361:2024-02-15 14:53:30.124288: Current epoch: 133, loss: 0.01118316501379013, validation loss: 0.034994542598724365
2024-02-15 14:53:42.720975:2024-02-15 14:53:42.720809: Current epoch: 134, loss: 0.011377393268048763, validation loss: 0.0354064479470253
2024-02-15 14:53:54.708841:2024-02-15 14:53:54.708691: Current epoch: 135, loss: 0.011324474588036537, validation loss: 0.03563452884554863
2024-02-15 14:54:06.555769:2024-02-15 14:54:06.555628: Current epoch: 136, loss: 0.010850724764168262, validation loss: 0.0352841392159462
2024-02-15 14:54:18.580253:2024-02-15 14:54:18.580115: Current epoch: 137, loss: 0.010918364860117435, validation loss: 0.03623082861304283
2024-02-15 14:54:30.390313:2024-02-15 14:54:30.390211: Current epoch: 138, loss: 0.01092924177646637, validation loss: 0.03690081834793091
2024-02-15 14:54:42.294890:2024-02-15 14:54:42.294743: Current epoch: 139, loss: 0.010781142860651016, validation loss: 0.03574372082948685
2024-02-15 14:54:54.516459:2024-02-15 14:54:54.516288: Current epoch: 140, loss: 0.010988816618919373, validation loss: 0.035130925476551056
2024-02-15 14:55:07.878090:2024-02-15 14:55:07.877942: Current epoch: 141, loss: 0.010737759992480278, validation loss: 0.035830672830343246
2024-02-15 14:55:20.375893:2024-02-15 14:55:20.375758: Current epoch: 142, loss: 0.010627496056258678, validation loss: 0.03507831692695618
2024-02-15 14:55:33.671168:2024-02-15 14:55:33.671041: Current epoch: 143, loss: 0.011542938649654388, validation loss: 0.03551959991455078
2024-02-15 14:55:46.435921:2024-02-15 14:55:46.435772: Current epoch: 144, loss: 0.010510478168725967, validation loss: 0.035302966833114624
2024-02-15 14:55:58.886238:2024-02-15 14:55:58.886095: Current epoch: 145, loss: 0.01055160816758871, validation loss: 0.03545624390244484
2024-02-15 14:56:11.551798:2024-02-15 14:56:11.551657: Current epoch: 146, loss: 0.01047801785171032, validation loss: 0.03555503860116005
2024-02-15 14:56:24.795777:2024-02-15 14:56:24.795608: Current epoch: 147, loss: 0.010451244190335274, validation loss: 0.03536512702703476
2024-02-15 14:56:37.764254:2024-02-15 14:56:37.764085: Current epoch: 148, loss: 0.010576486587524414, validation loss: 0.0361206941306591
2024-02-15 14:56:50.243202:2024-02-15 14:56:50.243055: Current epoch: 149, loss: 0.010364200919866562, validation loss: 0.036664482206106186
2024-02-15 14:57:02.887786:2024-02-15 14:57:02.887672: Current epoch: 150, loss: 0.010352933779358864, validation loss: 0.03663479909300804
2024-02-15 14:57:15.599719:2024-02-15 14:57:15.599582: Current epoch: 151, loss: 0.010246353223919868, validation loss: 0.03538740053772926
2024-02-15 14:57:28.286895:2024-02-15 14:57:28.286765: Current epoch: 152, loss: 0.010256764478981495, validation loss: 0.035144537687301636
2024-02-15 14:57:40.778752:2024-02-15 14:57:40.778610: Current epoch: 153, loss: 0.010143931955099106, validation loss: 0.03508928790688515
2024-02-15 14:57:53.450005:2024-02-15 14:57:53.449885: Current epoch: 154, loss: 0.010253457352519035, validation loss: 0.0352616012096405
2024-02-15 14:58:06.170745:2024-02-15 14:58:06.170598: Current epoch: 155, loss: 0.010129396803677082, validation loss: 0.03516308590769768
2024-02-15 14:58:19.684443:2024-02-15 14:58:19.684296: Current epoch: 156, loss: 0.009980892762541771, validation loss: 0.035379376262426376
2024-02-15 14:58:32.251424:2024-02-15 14:58:32.251341: Current epoch: 157, loss: 0.010019284673035145, validation loss: 0.03447401896119118
2024-02-15 14:58:44.404160:2024-02-15 14:58:44.404019: Current epoch: 158, loss: 0.009882883168756962, validation loss: 0.034610565751791
2024-02-15 14:58:56.518105:2024-02-15 14:58:56.517950: Current epoch: 159, loss: 0.009805170819163322, validation loss: 0.0377248078584671
2024-02-15 14:59:09.094191:2024-02-15 14:59:09.094064: Current epoch: 160, loss: 0.009922804310917854, validation loss: 0.03505973145365715
2024-02-15 14:59:21.363330:2024-02-15 14:59:21.363183: Current epoch: 161, loss: 0.009701323695480824, validation loss: 0.03462051600217819
2024-02-15 14:59:33.657750:2024-02-15 14:59:33.657599: Current epoch: 162, loss: 0.009734082035720348, validation loss: 0.03550174832344055
2024-02-15 14:59:46.256022:2024-02-15 14:59:46.255873: Current epoch: 163, loss: 0.009771868586540222, validation loss: 0.03532452508807182
2024-02-15 14:59:58.695989:2024-02-15 14:59:58.695842: Current epoch: 164, loss: 0.009729571640491486, validation loss: 0.03497890383005142
2024-02-15 15:00:10.997091:2024-02-15 15:00:10.996927: Current epoch: 165, loss: 0.009547826834022999, validation loss: 0.035625994205474854
2024-02-15 15:00:23.224128:2024-02-15 15:00:23.223960: Current epoch: 166, loss: 0.010067318566143513, validation loss: 0.035753972828388214
2024-02-15 15:00:35.495653:2024-02-15 15:00:35.495521: Current epoch: 167, loss: 0.009372936561703682, validation loss: 0.0346897728741169
2024-02-15 15:00:47.658464:2024-02-15 15:00:47.658346: Current epoch: 168, loss: 0.00937273446470499, validation loss: 0.03525842726230621
2024-02-15 15:01:00.182361:2024-02-15 15:01:00.182231: Current epoch: 169, loss: 0.009583748877048492, validation loss: 0.03571097180247307
2024-02-15 15:01:12.270971:2024-02-15 15:01:12.270883: Current epoch: 170, loss: 0.009410173632204533, validation loss: 0.03533490374684334
2024-02-15 15:01:24.455198:2024-02-15 15:01:24.455044: Current epoch: 171, loss: 0.00935871060937643, validation loss: 0.03553790971636772
2024-02-15 15:01:36.962520:2024-02-15 15:01:36.962281: Current epoch: 172, loss: 0.00954138021916151, validation loss: 0.0351439043879509
2024-02-15 15:01:49.639928:2024-02-15 15:01:49.639799: Current epoch: 173, loss: 0.009241754189133644, validation loss: 0.03620917350053787
2024-02-15 15:02:01.904251:2024-02-15 15:02:01.904103: Current epoch: 174, loss: 0.009334038943052292, validation loss: 0.035327788442373276
2024-02-15 15:02:14.464300:2024-02-15 15:02:14.464153: Current epoch: 175, loss: 0.00934462808072567, validation loss: 0.035296861082315445
2024-02-15 15:02:26.979007:2024-02-15 15:02:26.978861: Current epoch: 176, loss: 0.009042146615684032, validation loss: 0.035560477524995804
2024-02-15 15:02:39.140194:2024-02-15 15:02:39.140042: Current epoch: 177, loss: 0.009019454941153526, validation loss: 0.03535496070981026
2024-02-15 15:02:51.236720:2024-02-15 15:02:51.236582: Current epoch: 178, loss: 0.009160326793789864, validation loss: 0.034794051200151443
2024-02-15 15:03:03.519048:2024-02-15 15:03:03.518900: Current epoch: 179, loss: 0.009049725718796253, validation loss: 0.03483240306377411
2024-02-15 15:03:18.016686:2024-02-15 15:03:18.016541: Current epoch: 180, loss: 0.008948585949838161, validation loss: 0.03525219485163689
2024-02-15 15:03:30.104953:2024-02-15 15:03:30.104820: Current epoch: 181, loss: 0.00901278480887413, validation loss: 0.03497037664055824
2024-02-15 15:03:42.061351:2024-02-15 15:03:42.061203: Current epoch: 182, loss: 0.009169313125312328, validation loss: 0.03504559397697449
2024-02-15 15:03:54.108296:2024-02-15 15:03:54.108221: Current epoch: 183, loss: 0.008958633989095688, validation loss: 0.03604162856936455
2024-02-15 15:04:06.569583:2024-02-15 15:04:06.569430: Current epoch: 184, loss: 0.00916961207985878, validation loss: 0.03457927331328392
2024-02-15 15:04:18.677655:2024-02-15 15:04:18.677513: Current epoch: 185, loss: 0.008682040497660637, validation loss: 0.034551337361335754
2024-02-15 15:04:31.331838:2024-02-15 15:04:31.331752: Current epoch: 186, loss: 0.008739478886127472, validation loss: 0.03532828390598297
2024-02-15 15:04:44.350330:2024-02-15 15:04:44.350160: Current epoch: 187, loss: 0.00886892806738615, validation loss: 0.0348629429936409
2024-02-15 15:04:57.157275:2024-02-15 15:04:57.156983: Current epoch: 188, loss: 0.00874423049390316, validation loss: 0.03497413173317909
2024-02-15 15:05:10.418186:2024-02-15 15:05:10.418068: Current epoch: 189, loss: 0.008655257523059845, validation loss: 0.034754060208797455
2024-02-15 15:05:25.952893:2024-02-15 15:05:25.952813: Current epoch: 190, loss: 0.008791378699243069, validation loss: 0.03441819176077843
2024-02-15 15:05:38.820346:2024-02-15 15:05:38.820203: Current epoch: 191, loss: 0.008683718740940094, validation loss: 0.03513172268867493
2024-02-15 15:05:51.588193:2024-02-15 15:05:51.588038: Current epoch: 192, loss: 0.008692821487784386, validation loss: 0.034764960408210754
2024-02-15 15:06:04.333381:2024-02-15 15:06:04.333230: Current epoch: 193, loss: 0.00868948083370924, validation loss: 0.034602973610162735
2024-02-15 15:06:16.980048:2024-02-15 15:06:16.979914: Current epoch: 194, loss: 0.008702144026756287, validation loss: 0.03508606553077698
2024-02-15 15:06:29.639279:2024-02-15 15:06:29.639125: Current epoch: 195, loss: 0.008652209304273129, validation loss: 0.03503642976284027
2024-02-15 15:06:42.575325:2024-02-15 15:06:42.575152: Current epoch: 196, loss: 0.008579544723033905, validation loss: 0.034764498472213745
2024-02-15 15:06:55.460778:2024-02-15 15:06:55.460626: Current epoch: 197, loss: 0.0084865503013134, validation loss: 0.03530465438961983
2024-02-15 15:07:08.755457:2024-02-15 15:07:08.755244: Current epoch: 198, loss: 0.008285658434033394, validation loss: 0.03481457382440567
2024-02-15 15:07:21.840495:2024-02-15 15:07:21.840310: Current epoch: 199, loss: 0.008513019420206547, validation loss: 0.034780293703079224
2024-02-15 15:07:34.766474:2024-02-15 15:07:34.766314: Current epoch: 200, loss: 0.008529869839549065, validation loss: 0.03557922691106796
2024-02-15 15:07:47.570258:2024-02-15 15:07:47.570105: Current epoch: 201, loss: 0.008656934835016727, validation loss: 0.03563857451081276
2024-02-15 15:08:00.528733:2024-02-15 15:08:00.528581: Current epoch: 202, loss: 0.008367438800632954, validation loss: 0.03494878485798836
2024-02-15 15:08:13.073752:2024-02-15 15:08:13.073611: Current epoch: 203, loss: 0.00821724534034729, validation loss: 0.03553122282028198
2024-02-15 15:08:25.726353:2024-02-15 15:08:25.726198: Current epoch: 204, loss: 0.008257008157670498, validation loss: 0.03488397225737572
2024-02-15 15:08:38.452172:2024-02-15 15:08:38.452009: Current epoch: 205, loss: 0.0082623939961195, validation loss: 0.034954361617565155
2024-02-15 15:08:51.385979:2024-02-15 15:08:51.385824: Current epoch: 206, loss: 0.008455457165837288, validation loss: 0.03546007722616196
2024-02-15 15:09:03.915104:2024-02-15 15:09:03.914942: Current epoch: 207, loss: 0.00814327597618103, validation loss: 0.03465462848544121
2024-02-15 15:09:16.673857:2024-02-15 15:09:16.673695: Current epoch: 208, loss: 0.008084308356046677, validation loss: 0.03517946973443031
2024-02-15 15:09:29.380710:2024-02-15 15:09:29.380631: Current epoch: 209, loss: 0.008195631206035614, validation loss: 0.03438090160489082
2024-02-15 15:09:44.406511:2024-02-15 15:09:44.406341: Current epoch: 210, loss: 0.008250223472714424, validation loss: 0.03489392623305321
2024-02-15 15:09:57.504678:2024-02-15 15:09:57.504528: Current epoch: 211, loss: 0.008279827423393726, validation loss: 0.03493108972907066
2024-02-15 15:10:10.375295:2024-02-15 15:10:10.375151: Current epoch: 212, loss: 0.0083769541233778, validation loss: 0.03517785668373108
2024-02-15 15:10:22.950202:2024-02-15 15:10:22.950043: Current epoch: 213, loss: 0.008030981756746769, validation loss: 0.035172972828149796
2024-02-15 15:10:35.839679:2024-02-15 15:10:35.839525: Current epoch: 214, loss: 0.007996448315680027, validation loss: 0.035234153270721436
2024-02-15 15:10:48.594506:2024-02-15 15:10:48.594305: Current epoch: 215, loss: 0.008123739622533321, validation loss: 0.0357184037566185
2024-02-15 15:11:01.647752:2024-02-15 15:11:01.647452: Current epoch: 216, loss: 0.007950639352202415, validation loss: 0.03465237841010094
2024-02-15 15:11:14.758429:2024-02-15 15:11:14.758277: Current epoch: 217, loss: 0.008275078609585762, validation loss: 0.03486952558159828
2024-02-15 15:11:27.617598:2024-02-15 15:11:27.617423: Current epoch: 218, loss: 0.00802706554532051, validation loss: 0.03543604537844658
2024-02-15 15:11:40.192464:2024-02-15 15:11:40.192309: Current epoch: 219, loss: 0.007826721295714378, validation loss: 0.035052746534347534
2024-02-15 15:11:53.233129:2024-02-15 15:11:53.232984: Current epoch: 220, loss: 0.007930854335427284, validation loss: 0.0349254347383976
2024-02-15 15:12:06.267115:2024-02-15 15:12:06.266988: Current epoch: 221, loss: 0.008005446754395962, validation loss: 0.034693919122219086
2024-02-15 15:12:19.341482:2024-02-15 15:12:19.341295: Current epoch: 222, loss: 0.007742178626358509, validation loss: 0.03475440293550491
2024-02-15 15:12:32.139877:2024-02-15 15:12:32.139705: Current epoch: 223, loss: 0.007838066667318344, validation loss: 0.03450000658631325
2024-02-15 15:12:44.813335:2024-02-15 15:12:44.813204: Current epoch: 224, loss: 0.007813870906829834, validation loss: 0.034925930202007294
2024-02-15 15:12:57.596228:2024-02-15 15:12:57.596107: Current epoch: 225, loss: 0.007922484539449215, validation loss: 0.034393250942230225
2024-02-15 15:13:10.636781:2024-02-15 15:13:10.636633: Current epoch: 226, loss: 0.007701774127781391, validation loss: 0.03500818461179733
2024-02-15 15:13:23.714833:2024-02-15 15:13:23.714733: Current epoch: 227, loss: 0.0077384826727211475, validation loss: 0.03499569743871689
2024-02-15 15:13:36.687389:2024-02-15 15:13:36.687117: Current epoch: 228, loss: 0.007658393122255802, validation loss: 0.034884627908468246
2024-02-15 15:13:49.848331:2024-02-15 15:13:49.848180: Current epoch: 229, loss: 0.007713656406849623, validation loss: 0.03497600555419922
2024-02-15 15:14:02.593634:2024-02-15 15:14:02.593476: Current epoch: 230, loss: 0.007699843496084213, validation loss: 0.03508777916431427
2024-02-15 15:14:15.291188:2024-02-15 15:14:15.291033: Current epoch: 231, loss: 0.007712185382843018, validation loss: 0.034782230854034424
2024-02-15 15:14:27.654010:2024-02-15 15:14:27.653700: Current epoch: 232, loss: 0.007562937214970589, validation loss: 0.03460706025362015
2024-02-15 15:14:39.890206:2024-02-15 15:14:39.890064: Current epoch: 233, loss: 0.007698222529143095, validation loss: 0.034545883536338806
2024-02-15 15:14:52.655561:2024-02-15 15:14:52.655387: Current epoch: 234, loss: 0.007382330950349569, validation loss: 0.03519299253821373
2024-02-15 15:15:05.590311:2024-02-15 15:15:05.590152: Current epoch: 235, loss: 0.007633356377482414, validation loss: 0.03483099490404129
2024-02-15 15:15:18.449268:2024-02-15 15:15:18.448978: Current epoch: 236, loss: 0.0074651180766522884, validation loss: 0.03462309390306473
2024-02-15 15:15:31.148713:2024-02-15 15:15:31.148633: Current epoch: 237, loss: 0.007550553884357214, validation loss: 0.03506551310420036
2024-02-15 15:15:43.930129:2024-02-15 15:15:43.929986: Current epoch: 238, loss: 0.0075231557711958885, validation loss: 0.03563632443547249
2024-02-15 15:15:56.715769:2024-02-15 15:15:56.715624: Current epoch: 239, loss: 0.007529517635703087, validation loss: 0.03476981446146965
2024-02-15 15:16:09.486794:2024-02-15 15:16:09.486717: Current epoch: 240, loss: 0.0074966950342059135, validation loss: 0.03468431904911995
2024-02-15 15:16:22.312206:2024-02-15 15:16:22.312040: Current epoch: 241, loss: 0.007623939774930477, validation loss: 0.035288967192173004
2024-02-15 15:16:35.170656:2024-02-15 15:16:35.170490: Current epoch: 242, loss: 0.007469599600881338, validation loss: 0.03509562835097313
2024-02-15 15:16:48.023278:2024-02-15 15:16:48.023144: Current epoch: 243, loss: 0.007401715498417616, validation loss: 0.034886088222265244
2024-02-15 15:17:00.882136:2024-02-15 15:17:00.881993: Current epoch: 244, loss: 0.0072576007805764675, validation loss: 0.034920524805784225
2024-02-15 15:17:13.914030:2024-02-15 15:17:13.913901: Current epoch: 245, loss: 0.007424203213304281, validation loss: 0.03486257791519165
2024-02-15 15:17:27.029400:2024-02-15 15:17:27.029240: Current epoch: 246, loss: 0.007273053750395775, validation loss: 0.03440730273723602
2024-02-15 15:17:39.112654:2024-02-15 15:17:39.112355: Current epoch: 247, loss: 0.007326092105358839, validation loss: 0.035202592611312866
2024-02-15 15:17:51.975225:2024-02-15 15:17:51.975066: Current epoch: 248, loss: 0.007168023381382227, validation loss: 0.03458666428923607
2024-02-15 15:18:04.983214:2024-02-15 15:18:04.983130: Current epoch: 249, loss: 0.007177114021033049, validation loss: 0.03433019667863846
2024-02-15 15:18:20.310470:2024-02-15 15:18:20.310301: Current epoch: 250, loss: 0.007072255946695805, validation loss: 0.034622371196746826
2024-02-15 15:18:33.825200:2024-02-15 15:18:33.825063: Current epoch: 251, loss: 0.007182764355093241, validation loss: 0.03546196594834328
2024-02-15 15:18:46.691817:2024-02-15 15:18:46.691680: Current epoch: 252, loss: 0.007212359923869371, validation loss: 0.03468896448612213
2024-02-15 15:19:00.141946:2024-02-15 15:19:00.141816: Current epoch: 253, loss: 0.0071230134926736355, validation loss: 0.03442896157503128
2024-02-15 15:19:13.049296:2024-02-15 15:19:13.049172: Current epoch: 254, loss: 0.007139754947274923, validation loss: 0.03434092551469803
2024-02-15 15:19:25.654092:2024-02-15 15:19:25.653955: Current epoch: 255, loss: 0.007074706256389618, validation loss: 0.034655261784791946
2024-02-15 15:19:38.164676:2024-02-15 15:19:38.164570: Current epoch: 256, loss: 0.007115572225302458, validation loss: 0.03503669798374176
2024-02-15 15:19:51.038345:2024-02-15 15:19:51.038191: Current epoch: 257, loss: 0.007064086850732565, validation loss: 0.035138193517923355
2024-02-15 15:20:03.963114:2024-02-15 15:20:03.962984: Current epoch: 258, loss: 0.007140088360756636, validation loss: 0.034855421632528305
2024-02-15 15:20:16.951973:2024-02-15 15:20:16.951806: Current epoch: 259, loss: 0.007076076231896877, validation loss: 0.03471537306904793
2024-02-15 15:20:30.028857:2024-02-15 15:20:30.028710: Current epoch: 260, loss: 0.007037547416985035, validation loss: 0.03446407988667488
2024-02-15 15:20:43.186652:2024-02-15 15:20:43.186514: Current epoch: 261, loss: 0.006969908718019724, validation loss: 0.03440626710653305
2024-02-15 15:20:55.877779:2024-02-15 15:20:55.877632: Current epoch: 262, loss: 0.007202237844467163, validation loss: 0.03467681631445885
2024-02-15 15:21:08.551833:2024-02-15 15:21:08.551693: Current epoch: 263, loss: 0.006860336754471064, validation loss: 0.034601740539073944
2024-02-15 15:21:21.316397:2024-02-15 15:21:21.316249: Current epoch: 264, loss: 0.006819373928010464, validation loss: 0.03449365869164467
2024-02-15 15:21:34.451562:2024-02-15 15:21:34.451402: Current epoch: 265, loss: 0.006968558765947819, validation loss: 0.03441537544131279
2024-02-15 15:21:47.340622:2024-02-15 15:21:47.340546: Current epoch: 266, loss: 0.006865755654871464, validation loss: 0.03432076424360275
2024-02-15 15:21:59.698276:2024-02-15 15:21:59.698135: Current epoch: 267, loss: 0.006881847511976957, validation loss: 0.034493573009967804
2024-02-15 15:22:12.697023:2024-02-15 15:22:12.696906: Current epoch: 268, loss: 0.006871972698718309, validation loss: 0.03506767377257347
2024-02-15 15:22:25.545306:2024-02-15 15:22:25.545170: Current epoch: 269, loss: 0.007217309903353453, validation loss: 0.03436983376741409
2024-02-15 15:22:38.453516:2024-02-15 15:22:38.453345: Current epoch: 270, loss: 0.006859293673187494, validation loss: 0.03476393222808838
2024-02-15 15:22:51.197738:2024-02-15 15:22:51.197585: Current epoch: 271, loss: 0.006838272791355848, validation loss: 0.03478243574500084
2024-02-15 15:23:04.339531:2024-02-15 15:23:04.339377: Current epoch: 272, loss: 0.006805771961808205, validation loss: 0.03503723070025444
2024-02-15 15:23:17.152263:2024-02-15 15:23:17.152133: Current epoch: 273, loss: 0.006856366991996765, validation loss: 0.034588154405355453
2024-02-15 15:23:29.320692:2024-02-15 15:23:29.320545: Current epoch: 274, loss: 0.006797328125685453, validation loss: 0.03502713888883591
2024-02-15 15:23:42.387124:2024-02-15 15:23:42.387002: Current epoch: 275, loss: 0.006861640606075525, validation loss: 0.03428306058049202
2024-02-15 15:23:55.479094:2024-02-15 15:23:55.478949: Current epoch: 276, loss: 0.007018178701400757, validation loss: 0.03417370095849037
2024-02-15 15:24:08.191885:2024-02-15 15:24:08.191726: Current epoch: 277, loss: 0.00668328395113349, validation loss: 0.034448448568582535
2024-02-15 15:24:21.010806:2024-02-15 15:24:21.010658: Current epoch: 278, loss: 0.006744440644979477, validation loss: 0.03471725434064865
2024-02-15 15:24:33.806888:2024-02-15 15:24:33.806733: Current epoch: 279, loss: 0.006685831118375063, validation loss: 0.03433774411678314
2024-02-15 15:24:46.536982:2024-02-15 15:24:46.536829: Current epoch: 280, loss: 0.006773119792342186, validation loss: 0.03494646027684212
2024-02-15 15:24:59.181069:2024-02-15 15:24:59.180912: Current epoch: 281, loss: 0.006789145991206169, validation loss: 0.03498970717191696
2024-02-15 15:25:11.728656:2024-02-15 15:25:11.728423: Current epoch: 282, loss: 0.006750366650521755, validation loss: 0.03481374308466911
2024-02-15 15:25:24.888140:2024-02-15 15:25:24.887976: Current epoch: 283, loss: 0.006723250262439251, validation loss: 0.0346558503806591
2024-02-15 15:25:38.244590:2024-02-15 15:25:38.244321: Current epoch: 284, loss: 0.006744997575879097, validation loss: 0.034385085105895996
2024-02-15 15:25:51.071113:2024-02-15 15:25:51.070960: Current epoch: 285, loss: 0.006681117229163647, validation loss: 0.034322626888751984
2024-02-15 15:26:03.602056:2024-02-15 15:26:03.601766: Current epoch: 286, loss: 0.006634047720581293, validation loss: 0.03502846509218216
2024-02-15 15:26:16.056381:2024-02-15 15:26:16.056242: Current epoch: 287, loss: 0.006558637600392103, validation loss: 0.03428984060883522
2024-02-15 15:26:28.527028:2024-02-15 15:26:28.526911: Current epoch: 288, loss: 0.006457964889705181, validation loss: 0.03462265059351921
2024-02-15 15:26:41.365662:2024-02-15 15:26:41.365471: Current epoch: 289, loss: 0.006531917490065098, validation loss: 0.03460009768605232
2024-02-15 15:26:54.110723:2024-02-15 15:26:54.110562: Current epoch: 290, loss: 0.006624414585530758, validation loss: 0.034773390740156174
2024-02-15 15:27:07.287039:2024-02-15 15:27:07.286723: Current epoch: 291, loss: 0.006409902591258287, validation loss: 0.03503894433379173
2024-02-15 15:27:20.477526:2024-02-15 15:27:20.477318: Current epoch: 292, loss: 0.006453738082200289, validation loss: 0.03499825671315193
2024-02-15 15:27:33.433949:2024-02-15 15:27:33.433790: Current epoch: 293, loss: 0.006579780485481024, validation loss: 0.03490916267037392
2024-02-15 15:27:46.287445:2024-02-15 15:27:46.287267: Current epoch: 294, loss: 0.00645809480920434, validation loss: 0.03463206812739372
2024-02-15 15:27:58.974338:2024-02-15 15:27:58.974201: Current epoch: 295, loss: 0.006336684804409742, validation loss: 0.03501640260219574
2024-02-15 15:28:11.708500:2024-02-15 15:28:11.708319: Current epoch: 296, loss: 0.0065599181689321995, validation loss: 0.034856442362070084
2024-02-15 15:28:24.524330:2024-02-15 15:28:24.524173: Current epoch: 297, loss: 0.006333851255476475, validation loss: 0.03494507446885109
2024-02-15 15:28:36.965929:2024-02-15 15:28:36.965648: Current epoch: 298, loss: 0.0064175608567893505, validation loss: 0.034784723073244095
2024-02-15 15:28:49.536450:2024-02-15 15:28:49.536279: Current epoch: 299, loss: 0.006314393132925034, validation loss: 0.034969814121723175
2024-02-15 15:29:02.282535:2024-02-15 15:29:02.282351: Current epoch: 300, loss: 0.006462194956839085, validation loss: 0.035547319799661636
2024-02-15 15:29:15.052645:2024-02-15 15:29:15.052483: Current epoch: 301, loss: 0.006392602808773518, validation loss: 0.034706905484199524
2024-02-15 15:29:28.108631:2024-02-15 15:29:28.108482: Current epoch: 302, loss: 0.0063097234815359116, validation loss: 0.034633103758096695
2024-02-15 15:29:40.785511:2024-02-15 15:29:40.785257: Current epoch: 303, loss: 0.006246576551347971, validation loss: 0.034782774746418
2024-02-15 15:29:53.270554:2024-02-15 15:29:53.270360: Current epoch: 304, loss: 0.007085792254656553, validation loss: 0.03490070998668671
2024-02-15 15:30:06.177682:2024-02-15 15:30:06.177520: Current epoch: 305, loss: 0.0063489205203950405, validation loss: 0.03529360890388489
2024-02-15 15:30:18.873940:2024-02-15 15:30:18.873783: Current epoch: 306, loss: 0.006169771775603294, validation loss: 0.03452574461698532
2024-02-15 15:30:31.934259:2024-02-15 15:30:31.934081: Current epoch: 307, loss: 0.006307028699666262, validation loss: 0.03502969071269035
2024-02-15 15:30:44.965776:2024-02-15 15:30:44.965602: Current epoch: 308, loss: 0.006171693094074726, validation loss: 0.0346403643488884
2024-02-15 15:30:57.669656:2024-02-15 15:30:57.669498: Current epoch: 309, loss: 0.0061956122517585754, validation loss: 0.03597889095544815
2024-02-15 15:31:10.421973:2024-02-15 15:31:10.421837: Current epoch: 310, loss: 0.006312721874564886, validation loss: 0.03471514955163002
2024-02-15 15:31:23.145287:2024-02-15 15:31:23.145138: Current epoch: 311, loss: 0.006274602375924587, validation loss: 0.0349157378077507
2024-02-15 15:31:35.921598:2024-02-15 15:31:35.921465: Current epoch: 312, loss: 0.00624704547226429, validation loss: 0.03518382087349892
2024-02-15 15:31:49.000719:2024-02-15 15:31:49.000559: Current epoch: 313, loss: 0.006447248626500368, validation loss: 0.03455555811524391
2024-02-15 15:32:01.703131:2024-02-15 15:32:01.702978: Current epoch: 314, loss: 0.006189295090734959, validation loss: 0.03466342017054558
2024-02-15 15:32:14.474824:2024-02-15 15:32:14.474669: Current epoch: 315, loss: 0.00630564521998167, validation loss: 0.03444049134850502
2024-02-15 15:32:27.197294:2024-02-15 15:32:27.197135: Current epoch: 316, loss: 0.006170384585857391, validation loss: 0.03475992754101753
2024-02-15 15:32:40.033696:2024-02-15 15:32:40.033569: Current epoch: 317, loss: 0.006048302166163921, validation loss: 0.034687649458646774
2024-02-15 15:32:52.861257:2024-02-15 15:32:52.861116: Current epoch: 318, loss: 0.006088397465646267, validation loss: 0.03522242233157158
2024-02-15 15:33:05.823098:2024-02-15 15:33:05.822936: Current epoch: 319, loss: 0.006216518115252256, validation loss: 0.035040490329265594
2024-02-15 15:33:18.612244:2024-02-15 15:33:18.612082: Current epoch: 320, loss: 0.00614273501560092, validation loss: 0.03474815934896469
2024-02-15 15:33:31.340290:2024-02-15 15:33:31.340196: Current epoch: 321, loss: 0.006351368501782417, validation loss: 0.034052345901727676
2024-02-15 15:33:44.138819:2024-02-15 15:33:44.138662: Current epoch: 322, loss: 0.0061122155748307705, validation loss: 0.03462403640151024
2024-02-15 15:33:56.837310:2024-02-15 15:33:56.837170: Current epoch: 323, loss: 0.006184742785990238, validation loss: 0.0346994549036026
2024-02-15 15:34:09.832503:2024-02-15 15:34:09.832308: Current epoch: 324, loss: 0.006181106902658939, validation loss: 0.034509215503931046
2024-02-15 15:34:23.208297:2024-02-15 15:34:23.208173: Current epoch: 325, loss: 0.00593956932425499, validation loss: 0.03462781384587288
2024-02-15 15:34:36.520791:2024-02-15 15:34:36.520603: Current epoch: 326, loss: 0.00614573061466217, validation loss: 0.0346074104309082
2024-02-15 15:34:49.457192:2024-02-15 15:34:49.457036: Current epoch: 327, loss: 0.0059823510237038136, validation loss: 0.03444505110383034
2024-02-15 15:35:02.283155:2024-02-15 15:35:02.282999: Current epoch: 328, loss: 0.005971196107566357, validation loss: 0.034476615488529205
2024-02-15 15:35:14.969865:2024-02-15 15:35:14.969536: Current epoch: 329, loss: 0.005922443699091673, validation loss: 0.03513667732477188
2024-02-15 15:35:27.624521:2024-02-15 15:35:27.624307: Current epoch: 330, loss: 0.006153249181807041, validation loss: 0.034380048513412476
2024-02-15 15:35:40.362718:2024-02-15 15:35:40.362577: Current epoch: 331, loss: 0.006010836455971003, validation loss: 0.034592557698488235
2024-02-15 15:35:52.547163:2024-02-15 15:35:52.547017: Current epoch: 332, loss: 0.006099147722125053, validation loss: 0.03456052020192146
2024-02-15 15:36:04.918848:2024-02-15 15:36:04.918702: Current epoch: 333, loss: 0.005974357482045889, validation loss: 0.03435304015874863
2024-02-15 15:36:17.562779:2024-02-15 15:36:17.562658: Current epoch: 334, loss: 0.005951265338808298, validation loss: 0.03451501950621605
2024-02-15 15:36:29.747200:2024-02-15 15:36:29.747126: Current epoch: 335, loss: 0.005870127584785223, validation loss: 0.03493262827396393
2024-02-15 15:36:42.222532:2024-02-15 15:36:42.222372: Current epoch: 336, loss: 0.0059540350921452045, validation loss: 0.03415266424417496
2024-02-15 15:36:54.776517:2024-02-15 15:36:54.776348: Current epoch: 337, loss: 0.005982744041830301, validation loss: 0.03439238294959068
2024-02-15 15:37:07.346365:2024-02-15 15:37:07.346217: Current epoch: 338, loss: 0.005823207553476095, validation loss: 0.03429030999541283
2024-02-15 15:37:19.709901:2024-02-15 15:37:19.709782: Current epoch: 339, loss: 0.005908191204071045, validation loss: 0.034804411232471466
2024-02-15 15:37:31.948650:2024-02-15 15:37:31.948547: Current epoch: 340, loss: 0.005871942266821861, validation loss: 0.03509513661265373
2024-02-15 15:37:44.404512:2024-02-15 15:37:44.404395: Current epoch: 341, loss: 0.005939349066466093, validation loss: 0.034942369908094406
2024-02-15 15:37:57.433165:2024-02-15 15:37:57.433014: Current epoch: 342, loss: 0.0059650312177836895, validation loss: 0.03464671969413757
2024-02-15 15:38:10.151317:2024-02-15 15:38:10.151161: Current epoch: 343, loss: 0.005740111228078604, validation loss: 0.03501083329319954
2024-02-15 15:38:22.310910:2024-02-15 15:38:22.310753: Current epoch: 344, loss: 0.005871026776731014, validation loss: 0.0345730297267437
2024-02-15 15:38:34.676646:2024-02-15 15:38:34.676524: Current epoch: 345, loss: 0.005821813363581896, validation loss: 0.035432904958724976
2024-02-15 15:38:47.050867:2024-02-15 15:38:47.050717: Current epoch: 346, loss: 0.005856217350810766, validation loss: 0.034667108207941055
2024-02-15 15:38:59.696202:2024-02-15 15:38:59.696134: Current epoch: 347, loss: 0.005763745866715908, validation loss: 0.03471390902996063
2024-02-15 15:39:12.677843:2024-02-15 15:39:12.677679: Current epoch: 348, loss: 0.0059178234077990055, validation loss: 0.034570083022117615
2024-02-15 15:39:26.079046:2024-02-15 15:39:26.078897: Current epoch: 349, loss: 0.005856493022292852, validation loss: 0.03469754010438919
2024-02-15 15:39:38.701875:2024-02-15 15:39:38.701733: Current epoch: 350, loss: 0.005889576859772205, validation loss: 0.034064922481775284
2024-02-15 15:39:52.212204:2024-02-15 15:39:52.212032: Current epoch: 351, loss: 0.005840428173542023, validation loss: 0.0347309447824955
2024-02-15 15:40:04.598059:2024-02-15 15:40:04.597903: Current epoch: 352, loss: 0.00579002033919096, validation loss: 0.03545857220888138
2024-02-15 15:40:17.079230:2024-02-15 15:40:17.079080: Current epoch: 353, loss: 0.005677174776792526, validation loss: 0.03453436493873596
2024-02-15 15:40:29.662866:2024-02-15 15:40:29.662719: Current epoch: 354, loss: 0.005649148020893335, validation loss: 0.03481540083885193
2024-02-15 15:40:41.912033:2024-02-15 15:40:41.911883: Current epoch: 355, loss: 0.005659283138811588, validation loss: 0.03479263558983803
2024-02-15 15:40:54.919941:2024-02-15 15:40:54.919810: Current epoch: 356, loss: 0.005728724878281355, validation loss: 0.03440225496888161
2024-02-15 15:41:07.597179:2024-02-15 15:41:07.597031: Current epoch: 357, loss: 0.005609520711004734, validation loss: 0.03458496928215027
2024-02-15 15:41:20.151606:2024-02-15 15:41:20.151479: Current epoch: 358, loss: 0.005679239984601736, validation loss: 0.034930337220430374
2024-02-15 15:41:33.278246:2024-02-15 15:41:33.278078: Current epoch: 359, loss: 0.005660993047058582, validation loss: 0.035085201263427734
2024-02-15 15:41:46.246336:2024-02-15 15:41:46.246188: Current epoch: 360, loss: 0.0057763466611504555, validation loss: 0.03512071818113327
2024-02-15 15:41:58.789103:2024-02-15 15:41:58.789028: Current epoch: 361, loss: 0.005760608706623316, validation loss: 0.03399263694882393
2024-02-15 15:42:11.305578:2024-02-15 15:42:11.305450: Current epoch: 362, loss: 0.005614504683762789, validation loss: 0.0344383642077446
2024-02-15 15:42:24.312035:2024-02-15 15:42:24.311880: Current epoch: 363, loss: 0.005705549381673336, validation loss: 0.034944403916597366
2024-02-15 15:42:36.872158:2024-02-15 15:42:36.872004: Current epoch: 364, loss: 0.005704136565327644, validation loss: 0.03430200740695
2024-02-15 15:42:48.994067:2024-02-15 15:42:48.993921: Current epoch: 365, loss: 0.005562284030020237, validation loss: 0.03451373800635338
2024-02-15 15:43:01.056195:2024-02-15 15:43:01.056047: Current epoch: 366, loss: 0.005768093280494213, validation loss: 0.03484523296356201
2024-02-15 15:43:13.501731:2024-02-15 15:43:13.501613: Current epoch: 367, loss: 0.00565003976225853, validation loss: 0.03468947857618332
2024-02-15 15:43:26.231077:2024-02-15 15:43:26.230930: Current epoch: 368, loss: 0.005637637805193663, validation loss: 0.03428388759493828
2024-02-15 15:43:38.921099:2024-02-15 15:43:38.920965: Current epoch: 369, loss: 0.005627315491437912, validation loss: 0.03455556184053421
2024-02-15 15:43:51.467433:2024-02-15 15:43:51.467284: Current epoch: 370, loss: 0.005590830929577351, validation loss: 0.03536040335893631
2024-02-15 15:44:03.994575:2024-02-15 15:44:03.994480: Current epoch: 371, loss: 0.005554414354264736, validation loss: 0.03430664911866188
2024-02-15 15:44:16.689062:2024-02-15 15:44:16.688912: Current epoch: 372, loss: 0.005672553088515997, validation loss: 0.03436608240008354
2024-02-15 15:44:29.173031:2024-02-15 15:44:29.172895: Current epoch: 373, loss: 0.005536469630897045, validation loss: 0.03494130074977875
2024-02-15 15:44:41.924367:2024-02-15 15:44:41.924236: Current epoch: 374, loss: 0.0055564045906066895, validation loss: 0.034819770604372025
2024-02-15 15:44:54.583349:2024-02-15 15:44:54.583196: Current epoch: 375, loss: 0.0054740034975111485, validation loss: 0.03461749106645584
2024-02-15 15:45:07.043825:2024-02-15 15:45:07.043671: Current epoch: 376, loss: 0.005463688634335995, validation loss: 0.03469068929553032
2024-02-15 15:45:20.055993:2024-02-15 15:45:20.055840: Current epoch: 377, loss: 0.005456799175590277, validation loss: 0.0349489189684391
2024-02-15 15:45:33.234053:2024-02-15 15:45:33.233905: Current epoch: 378, loss: 0.0053794002160429955, validation loss: 0.03483039513230324
2024-02-15 15:45:45.874065:2024-02-15 15:45:45.873915: Current epoch: 379, loss: 0.0054486943408846855, validation loss: 0.03439530357718468
2024-02-15 15:45:58.578349:2024-02-15 15:45:58.578201: Current epoch: 380, loss: 0.005570830777287483, validation loss: 0.03481772169470787
2024-02-15 15:46:10.901028:2024-02-15 15:46:10.900887: Current epoch: 381, loss: 0.00543613126501441, validation loss: 0.03460492193698883
2024-02-15 15:46:23.367107:2024-02-15 15:46:23.366942: Current epoch: 382, loss: 0.005515096243470907, validation loss: 0.03485912084579468
2024-02-15 15:46:36.373505:2024-02-15 15:46:36.373320: Current epoch: 383, loss: 0.0054797022603452206, validation loss: 0.03557174652814865
2024-02-15 15:46:49.948554:2024-02-15 15:46:49.948388: Current epoch: 384, loss: 0.005419992841780186, validation loss: 0.034731876105070114
2024-02-15 15:47:03.334374:2024-02-15 15:47:03.334237: Current epoch: 385, loss: 0.005396760068833828, validation loss: 0.034272946417331696
2024-02-15 15:47:16.272091:2024-02-15 15:47:16.271961: Current epoch: 386, loss: 0.005564444232732058, validation loss: 0.03482174128293991
2024-02-15 15:47:29.057223:2024-02-15 15:47:29.057075: Current epoch: 387, loss: 0.0054755606688559055, validation loss: 0.03495129197835922
2024-02-15 15:47:41.220612:2024-02-15 15:47:41.220494: Current epoch: 388, loss: 0.005262616090476513, validation loss: 0.034674596041440964
2024-02-15 15:47:53.524801:2024-02-15 15:47:53.524651: Current epoch: 389, loss: 0.005473292898386717, validation loss: 0.034632712602615356
2024-02-15 15:48:06.287618:2024-02-15 15:48:06.287465: Current epoch: 390, loss: 0.0054559605196118355, validation loss: 0.03492023050785065
2024-02-15 15:48:18.824717:2024-02-15 15:48:18.824587: Current epoch: 391, loss: 0.0054929847829043865, validation loss: 0.03451111167669296
2024-02-15 15:48:31.496857:2024-02-15 15:48:31.496736: Current epoch: 392, loss: 0.005389754194766283, validation loss: 0.034191105514764786
2024-02-15 15:48:44.167158:2024-02-15 15:48:44.167013: Current epoch: 393, loss: 0.005298673640936613, validation loss: 0.03437238186597824
2024-02-15 15:48:56.870016:2024-02-15 15:48:56.869883: Current epoch: 394, loss: 0.005300023127347231, validation loss: 0.034760743379592896
2024-02-15 15:49:09.663109:2024-02-15 15:49:09.662960: Current epoch: 395, loss: 0.005344438832253218, validation loss: 0.03449849784374237
2024-02-15 15:49:22.732864:2024-02-15 15:49:22.732714: Current epoch: 396, loss: 0.005278698168694973, validation loss: 0.03445421904325485
2024-02-15 15:49:35.413936:2024-02-15 15:49:35.413795: Current epoch: 397, loss: 0.00532111618667841, validation loss: 0.03469521179795265
2024-02-15 15:49:48.303750:2024-02-15 15:49:48.303600: Current epoch: 398, loss: 0.0053165266290307045, validation loss: 0.034461405128240585
2024-02-15 15:50:00.975050:2024-02-15 15:50:00.974901: Current epoch: 399, loss: 0.005487700458616018, validation loss: 0.034474123269319534
2024-02-15 15:50:13.893025:2024-02-15 15:50:13.892879: Current epoch: 400, loss: 0.005411282181739807, validation loss: 0.03471750393509865
2024-02-15 15:50:26.723623:2024-02-15 15:50:26.723462: Current epoch: 401, loss: 0.005295938346534967, validation loss: 0.03463273122906685
2024-02-15 15:50:39.428214:2024-02-15 15:50:39.428075: Current epoch: 402, loss: 0.005240985658019781, validation loss: 0.034429147839546204
2024-02-15 15:50:52.258906:2024-02-15 15:50:52.258770: Current epoch: 403, loss: 0.005461218301206827, validation loss: 0.03441939502954483
2024-02-15 15:51:05.272775:2024-02-15 15:51:05.272621: Current epoch: 404, loss: 0.005292316898703575, validation loss: 0.03444141149520874
2024-02-15 15:51:18.163246:2024-02-15 15:51:18.163098: Current epoch: 405, loss: 0.005358139984309673, validation loss: 0.034791361540555954
2024-02-15 15:51:31.032312:2024-02-15 15:51:31.032175: Current epoch: 406, loss: 0.005141381174325943, validation loss: 0.03453434258699417
2024-02-15 15:51:43.944770:2024-02-15 15:51:43.944620: Current epoch: 407, loss: 0.005279670003801584, validation loss: 0.03436700999736786
2024-02-15 15:51:56.821499:2024-02-15 15:51:56.821332: Current epoch: 408, loss: 0.00514932069927454, validation loss: 0.03489590808749199
2024-02-15 15:52:09.476704:2024-02-15 15:52:09.476575: Current epoch: 409, loss: 0.005148264113813639, validation loss: 0.034947652369737625
2024-02-15 15:52:22.294204:2024-02-15 15:52:22.294130: Current epoch: 410, loss: 0.005298337433487177, validation loss: 0.03398546203970909
2024-02-15 15:52:34.885770:2024-02-15 15:52:34.885633: Current epoch: 411, loss: 0.005189207382500172, validation loss: 0.03467721492052078
2024-02-15 15:52:47.441936:2024-02-15 15:52:47.441788: Current epoch: 412, loss: 0.005230341572314501, validation loss: 0.03491672873497009
2024-02-15 15:52:59.753677:2024-02-15 15:52:59.753527: Current epoch: 413, loss: 0.00517420656979084, validation loss: 0.035043854266405106
2024-02-15 15:53:12.108238:2024-02-15 15:53:12.108090: Current epoch: 414, loss: 0.005161955486983061, validation loss: 0.03448878228664398
2024-02-15 15:53:24.845994:2024-02-15 15:53:24.845845: Current epoch: 415, loss: 0.005170254968106747, validation loss: 0.034547772258520126
2024-02-15 15:53:38.047308:2024-02-15 15:53:38.047166: Current epoch: 416, loss: 0.005161623936146498, validation loss: 0.03479333594441414
2024-02-15 15:53:51.296572:2024-02-15 15:53:51.296471: Current epoch: 417, loss: 0.005056772381067276, validation loss: 0.03453617915511131
2024-02-15 15:54:04.339548:2024-02-15 15:54:04.339301: Current epoch: 418, loss: 0.005137615837156773, validation loss: 0.03407052904367447
2024-02-15 15:54:17.257601:2024-02-15 15:54:17.257477: Current epoch: 419, loss: 0.005246297921985388, validation loss: 0.03471153602004051
2024-02-15 15:54:30.528478:2024-02-15 15:54:30.528315: Current epoch: 420, loss: 0.005118077155202627, validation loss: 0.034526750445365906
2024-02-15 15:54:44.200756:2024-02-15 15:54:44.200619: Current epoch: 421, loss: 0.005012605804949999, validation loss: 0.034342460334300995
2024-02-15 15:54:57.598805:2024-02-15 15:54:57.598653: Current epoch: 422, loss: 0.005063999909907579, validation loss: 0.03461835905909538
2024-02-15 15:55:10.368184:2024-02-15 15:55:10.368030: Current epoch: 423, loss: 0.005090617574751377, validation loss: 0.03438742086291313
2024-02-15 15:55:23.156336:2024-02-15 15:55:23.156022: Current epoch: 424, loss: 0.005064706783741713, validation loss: 0.03457224369049072
2024-02-15 15:55:35.914593:2024-02-15 15:55:35.914452: Current epoch: 425, loss: 0.005168028641492128, validation loss: 0.034425754100084305
2024-02-15 15:55:49.058195:2024-02-15 15:55:49.057960: Current epoch: 426, loss: 0.005052556283771992, validation loss: 0.034870367497205734
2024-02-15 15:56:02.251533:2024-02-15 15:56:02.251345: Current epoch: 427, loss: 0.005036358255892992, validation loss: 0.03468884155154228
2024-02-15 15:56:15.334004:2024-02-15 15:56:15.333698: Current epoch: 428, loss: 0.004967001266777515, validation loss: 0.03468921780586243
2024-02-15 15:56:27.921478:2024-02-15 15:56:27.921359: Current epoch: 429, loss: 0.005097552668303251, validation loss: 0.03437413275241852
2024-02-15 15:56:40.390972:2024-02-15 15:56:40.390834: Current epoch: 430, loss: 0.005001914221793413, validation loss: 0.03494834154844284
2024-02-15 15:56:52.869955:2024-02-15 15:56:52.869841: Current epoch: 431, loss: 0.005058481357991695, validation loss: 0.034528229385614395
2024-02-15 15:57:05.196814:2024-02-15 15:57:05.196686: Current epoch: 432, loss: 0.004996383097022772, validation loss: 0.034516651183366776
2024-02-15 15:57:17.731551:2024-02-15 15:57:17.731436: Current epoch: 433, loss: 0.005106777418404818, validation loss: 0.034582678228616714
2024-02-15 15:57:30.460366:2024-02-15 15:57:30.460229: Current epoch: 434, loss: 0.005002216435968876, validation loss: 0.03496768698096275
2024-02-15 15:57:43.352150:2024-02-15 15:57:43.351984: Current epoch: 435, loss: 0.0048969401977956295, validation loss: 0.034707166254520416
2024-02-15 15:57:56.167237:2024-02-15 15:57:56.167150: Current epoch: 436, loss: 0.004943670239299536, validation loss: 0.03493361920118332
2024-02-15 15:58:09.338898:2024-02-15 15:58:09.338739: Current epoch: 437, loss: 0.005077978130429983, validation loss: 0.03459824249148369
2024-02-15 15:58:22.209752:2024-02-15 15:58:22.209450: Current epoch: 438, loss: 0.005012249108403921, validation loss: 0.03504399582743645
2024-02-15 15:58:34.980721:2024-02-15 15:58:34.980618: Current epoch: 439, loss: 0.004979962483048439, validation loss: 0.03432533144950867
2024-02-15 15:58:50.562619:2024-02-15 15:58:50.562524: Current epoch: 440, loss: 0.004935388918966055, validation loss: 0.03469405695796013
2024-02-15 15:59:04.167634:2024-02-15 15:59:04.167456: Current epoch: 441, loss: 0.005034041590988636, validation loss: 0.03453647345304489
2024-02-15 15:59:16.981906:2024-02-15 15:59:16.981749: Current epoch: 442, loss: 0.005125575698912144, validation loss: 0.03467077389359474
2024-02-15 15:59:29.717159:2024-02-15 15:59:29.717006: Current epoch: 443, loss: 0.004992234520614147, validation loss: 0.03431357443332672
2024-02-15 15:59:42.392488:2024-02-15 15:59:42.392165: Current epoch: 444, loss: 0.00492263026535511, validation loss: 0.03469063714146614
2024-02-15 15:59:55.224857:2024-02-15 15:59:55.224725: Current epoch: 445, loss: 0.005037044640630484, validation loss: 0.03489702194929123
2024-02-15 16:00:08.223936:2024-02-15 16:00:08.223672: Current epoch: 446, loss: 0.0049452814273536205, validation loss: 0.03451179340481758
2024-02-15 16:00:20.919491:2024-02-15 16:00:20.919314: Current epoch: 447, loss: 0.004851281642913818, validation loss: 0.03460985794663429
2024-02-15 16:00:33.523188:2024-02-15 16:00:33.523027: Current epoch: 448, loss: 0.004970079753547907, validation loss: 0.03438680246472359
2024-02-15 16:00:46.334153:2024-02-15 16:00:46.333994: Current epoch: 449, loss: 0.004848762881010771, validation loss: 0.034401386976242065
2024-02-15 16:00:59.201455:2024-02-15 16:00:59.201290: Current epoch: 450, loss: 0.0050567081198096275, validation loss: 0.03521835058927536
2024-02-15 16:01:12.021598:2024-02-15 16:01:12.021523: Current epoch: 451, loss: 0.004961678758263588, validation loss: 0.034948352724313736
2024-02-15 16:01:24.661283:2024-02-15 16:01:24.661137: Current epoch: 452, loss: 0.0047706966288387775, validation loss: 0.03407903015613556
2024-02-15 16:01:37.285182:2024-02-15 16:01:37.285028: Current epoch: 453, loss: 0.004882299806922674, validation loss: 0.034768253564834595
2024-02-15 16:01:50.012311:2024-02-15 16:01:50.012150: Current epoch: 454, loss: 0.004811060149222612, validation loss: 0.03433758765459061
2024-02-15 16:02:02.826564:2024-02-15 16:02:02.826381: Current epoch: 455, loss: 0.004866433329880238, validation loss: 0.03473851829767227
2024-02-15 16:02:15.558853:2024-02-15 16:02:15.558701: Current epoch: 456, loss: 0.004856102168560028, validation loss: 0.0347459614276886
2024-02-15 16:02:28.334596:2024-02-15 16:02:28.334419: Current epoch: 457, loss: 0.004880608059465885, validation loss: 0.03437848016619682
2024-02-15 16:02:41.009218:2024-02-15 16:02:41.009135: Current epoch: 458, loss: 0.005067656747996807, validation loss: 0.035157352685928345
2024-02-15 16:02:53.812794:2024-02-15 16:02:53.812649: Current epoch: 459, loss: 0.0048405202105641365, validation loss: 0.034456703811883926
2024-02-15 16:03:06.451773:2024-02-15 16:03:06.451630: Current epoch: 460, loss: 0.004879002459347248, validation loss: 0.0347670316696167
2024-02-15 16:03:19.159606:2024-02-15 16:03:19.159512: Current epoch: 461, loss: 0.004870366305112839, validation loss: 0.035529009997844696
2024-02-15 16:03:32.218803:2024-02-15 16:03:32.218668: Current epoch: 462, loss: 0.004909475799649954, validation loss: 0.03431812301278114
2024-02-15 16:03:45.005438:2024-02-15 16:03:45.005270: Current epoch: 463, loss: 0.004725475795567036, validation loss: 0.034530747681856155
2024-02-15 16:03:57.903545:2024-02-15 16:03:57.903326: Current epoch: 464, loss: 0.004746782127767801, validation loss: 0.034614935517311096
2024-02-15 16:04:10.526843:2024-02-15 16:04:10.526693: Current epoch: 465, loss: 0.004822334740310907, validation loss: 0.03447716310620308
2024-02-15 16:04:23.101146:2024-02-15 16:04:23.100996: Current epoch: 466, loss: 0.004806854762136936, validation loss: 0.03511215001344681
2024-02-15 16:04:35.301942:2024-02-15 16:04:35.301805: Current epoch: 467, loss: 0.0050064739771187305, validation loss: 0.03465026617050171
2024-02-15 16:04:47.575810:2024-02-15 16:04:47.575671: Current epoch: 468, loss: 0.004689334891736507, validation loss: 0.034273479133844376
2024-02-15 16:05:00.143143:2024-02-15 16:05:00.142984: Current epoch: 469, loss: 0.004700975492596626, validation loss: 0.03431478887796402
2024-02-15 16:05:15.216818:2024-02-15 16:05:15.216590: Current epoch: 470, loss: 0.004749977495521307, validation loss: 0.03423251584172249
2024-02-15 16:05:28.324959:2024-02-15 16:05:28.324757: Current epoch: 471, loss: 0.00468839704990387, validation loss: 0.034622225910425186
2024-02-15 16:05:41.194090:2024-02-15 16:05:41.193931: Current epoch: 472, loss: 0.004965310916304588, validation loss: 0.03456711024045944
2024-02-15 16:05:54.076927:2024-02-15 16:05:54.076756: Current epoch: 473, loss: 0.004684321116656065, validation loss: 0.03447344899177551
2024-02-15 16:06:07.450738:2024-02-15 16:06:07.450586: Current epoch: 474, loss: 0.004686454776674509, validation loss: 0.03466164320707321
2024-02-15 16:06:20.766540:2024-02-15 16:06:20.766390: Current epoch: 475, loss: 0.004728325176984072, validation loss: 0.034429870545864105
2024-02-15 16:06:33.800482:2024-02-15 16:06:33.800306: Current epoch: 476, loss: 0.004720848985016346, validation loss: 0.034638773649930954
2024-02-15 16:06:46.516114:2024-02-15 16:06:46.515952: Current epoch: 477, loss: 0.004721052944660187, validation loss: 0.034435372799634933
2024-02-15 16:06:59.105007:2024-02-15 16:06:59.104900: Current epoch: 478, loss: 0.004728834144771099, validation loss: 0.03493719920516014
2024-02-15 16:07:11.588876:2024-02-15 16:07:11.588720: Current epoch: 479, loss: 0.004819474648684263, validation loss: 0.03449520841240883
2024-02-15 16:07:24.209975:2024-02-15 16:07:24.209816: Current epoch: 480, loss: 0.004694657400250435, validation loss: 0.03478781506419182
2024-02-15 16:07:36.646978:2024-02-15 16:07:36.646897: Current epoch: 481, loss: 0.004608532879501581, validation loss: 0.03421982005238533
2024-02-15 16:07:49.429798:2024-02-15 16:07:49.429640: Current epoch: 482, loss: 0.004746453836560249, validation loss: 0.034456923604011536
2024-02-15 16:08:02.046999:2024-02-15 16:08:02.046875: Current epoch: 483, loss: 0.004639969673007727, validation loss: 0.034335196018218994
2024-02-15 16:08:14.996953:2024-02-15 16:08:14.996779: Current epoch: 484, loss: 0.0049301995895802975, validation loss: 0.03530567139387131
2024-02-15 16:08:27.788899:2024-02-15 16:08:27.788738: Current epoch: 485, loss: 0.004726062994450331, validation loss: 0.03433581814169884
2024-02-15 16:08:40.562670:2024-02-15 16:08:40.562510: Current epoch: 486, loss: 0.004589786287397146, validation loss: 0.03445464000105858
2024-02-15 16:08:53.093105:2024-02-15 16:08:53.092945: Current epoch: 487, loss: 0.004545080009847879, validation loss: 0.03439677134156227
2024-02-15 16:09:06.052771:2024-02-15 16:09:06.052631: Current epoch: 488, loss: 0.004779949318617582, validation loss: 0.035280678421258926
2024-02-15 16:09:18.818242:2024-02-15 16:09:18.818091: Current epoch: 489, loss: 0.004656586330384016, validation loss: 0.034576598554849625
2024-02-15 16:09:31.678302:2024-02-15 16:09:31.678145: Current epoch: 490, loss: 0.004717713687568903, validation loss: 0.034974176436662674
2024-02-15 16:09:44.300511:2024-02-15 16:09:44.300389: Current epoch: 491, loss: 0.004458517301827669, validation loss: 0.034549012780189514
2024-02-15 16:09:57.051914:2024-02-15 16:09:57.051757: Current epoch: 492, loss: 0.004603820387274027, validation loss: 0.03484225645661354
2024-02-15 16:10:09.725831:2024-02-15 16:10:09.725705: Current epoch: 493, loss: 0.0045440769754350185, validation loss: 0.03485550731420517
2024-02-15 16:10:22.844617:2024-02-15 16:10:22.844538: Current epoch: 494, loss: 0.004651570692658424, validation loss: 0.03453030809760094
2024-02-15 16:10:35.580619:2024-02-15 16:10:35.580464: Current epoch: 495, loss: 0.004651522263884544, validation loss: 0.03538133576512337
2024-02-15 16:10:48.118641:2024-02-15 16:10:48.118507: Current epoch: 496, loss: 0.0046219248324632645, validation loss: 0.03525865823030472
2024-02-15 16:11:00.949164:2024-02-15 16:11:00.949003: Current epoch: 497, loss: 0.004621367901563644, validation loss: 0.03494340181350708
2024-02-15 16:11:13.774666:2024-02-15 16:11:13.774496: Current epoch: 498, loss: 0.004547372460365295, validation loss: 0.03496776148676872
2024-02-15 16:11:26.590442:2024-02-15 16:11:26.590275: Current epoch: 499, loss: 0.004551737569272518, validation loss: 0.035151392221450806
2024-02-15 16:11:39.426782:2024-02-15 16:11:39.426691: Current epoch: 500, loss: 0.004606662783771753, validation loss: 0.03459443151950836
2024-02-15 16:11:52.374931:2024-02-15 16:11:52.374765: Current epoch: 501, loss: 0.00464248051866889, validation loss: 0.03507610410451889
2024-02-15 16:12:05.498522:2024-02-15 16:12:05.498360: Current epoch: 502, loss: 0.004662049002945423, validation loss: 0.0343581885099411
2024-02-15 16:12:18.169933:2024-02-15 16:12:18.169791: Current epoch: 503, loss: 0.004627489484846592, validation loss: 0.03458445146679878
2024-02-15 16:12:31.152028:2024-02-15 16:12:31.151878: Current epoch: 504, loss: 0.004618080332875252, validation loss: 0.034294065088033676
2024-02-15 16:12:44.114656:2024-02-15 16:12:44.114522: Current epoch: 505, loss: 0.004398944787681103, validation loss: 0.0346992202103138
2024-02-15 16:12:57.060905:2024-02-15 16:12:57.060749: Current epoch: 506, loss: 0.004423105623573065, validation loss: 0.03463555499911308
2024-02-15 16:13:10.058798:2024-02-15 16:13:10.058634: Current epoch: 507, loss: 0.00450744666159153, validation loss: 0.03476031869649887
2024-02-15 16:13:22.851469:2024-02-15 16:13:22.851261: Current epoch: 508, loss: 0.004611806944012642, validation loss: 0.034618161618709564
2024-02-15 16:13:35.680308:2024-02-15 16:13:35.680147: Current epoch: 509, loss: 0.004494691267609596, validation loss: 0.03435232862830162
2024-02-15 16:13:48.749744:2024-02-15 16:13:48.749663: Current epoch: 510, loss: 0.00460471399128437, validation loss: 0.03468485549092293
2024-02-15 16:13:49.653351:the test error is  [0.034963008016347885, 0.034963008016347885]
2024-02-15 16:13:52.306713:saved model to sample/alignn_bert-base-uncased_chemnlp_prop_ehull
2024-02-15 16:13:53.267255:done