
2024-04-11 11:47:57.950603:job config: {'train_data_path': '/data/yll6162/alignntl_dft_3d/tl_dataset/dataset_alignn_matbert-base-cased_chemnlp_prop_magmom_outcar_train.csv', 'val_data_path': '/data/yll6162/alignntl_dft_3d/tl_dataset/dataset_alignn_matbert-base-cased_chemnlp_prop_magmom_outcar_val.csv', 'test_data_path': '/data/yll6162/alignntl_dft_3d/tl_dataset/dataset_alignn_matbert-base-cased_chemnlp_prop_magmom_outcar_test.csv', 'label': 'magmom_outcar', 'input_type': None, 'log_folder': 'log', 'log_file': 'alignn_matbert-base-cased_chemnlp_prop_magmom_outcar.log', 'test_metric': 'mae', 'architecture': '1024Rx4D-512Rx3D-256Rx3D-128Rx3D-64Rx2-32Rx1-1', 'model_seed': 0, 'loss_type': 'mae', 'config_file': 'sample/alignn_matbert-base-cased_chemnlp_prop_magmom_outcar_job.config', 'use_valid': True, 'project': 'MOF', 'regressors': None, 'input_types': None, 'paramsGrid': {'optimizer': 'Adam', 'learning_rate': 0.0001, 'patience': 100, 'dropouts': [0.8, 0.9, 0.7, 0.8], 'EVAL_FREQUENCY': 1000}, 'save_path': 'sample/alignn_matbert-base-cased_chemnlp_prop_magmom_outcar', 'model_path': None, 'last_layer_with_weight': True, 'keras_path': 'model/alignn_matbert-base-cased_chemnlp_prop_magmom_outcar', 'test_size': None, 'val_size': None}
2024-04-11 11:47:57.950673:train data path is  /data/yll6162/alignntl_dft_3d/tl_dataset/dataset_alignn_matbert-base-cased_chemnlp_prop_magmom_outcar_train.csv
2024-04-11 11:48:11.907869:input attribute sets are:  None
2024-04-11 11:48:11.908294:test data path is  /data/yll6162/alignntl_dft_3d/tl_dataset/dataset_alignn_matbert-base-cased_chemnlp_prop_magmom_outcar_test.csv
2024-04-11 11:48:13.603777:val data path is  /data/yll6162/alignntl_dft_3d/tl_dataset/dataset_alignn_matbert-base-cased_chemnlp_prop_magmom_outcar_val.csv
2024-04-11 11:48:15.298145:input attributes are:  Index(['0', '1', '2', '3', '4', '5', '6', '7', '8', '9',
       ...
       '758.1', '759.1', '760.1', '761.1', '762.1', '763.1', '764.1', '765.1',
       '766.1', '767.1'],
      dtype='object', length=1536)
2024-04-11 11:48:15.298317:label: magmom_outcar
2024-04-11 11:48:27.795137: train, test, valid sizes:  (59370, 1536) (59370,) (7422, 1536) (7422,) (7422, 1536) (7422,)
2024-04-11 11:48:28.063114:train matrix shape of train_X:  (59370, 1536)  train_y:  (59370,)
2024-04-11 11:48:28.063253:valid matrix shape of train_X:  (7422, 1536)  valid_y:  (7422,)
2024-04-11 11:48:28.063329:test matrix shape of valid_X:   (7422, 1536)  test_y:  (7422,)
2024-04-11 11:48:28.063365:architecture is:  1024Rx4D-512Rx3D-256Rx3D-128Rx3D-64Rx2-32Rx1-1
2024-04-11 11:48:28.063403:learning rate is  0.0001
2024-04-11 11:48:28.063436:model path is  None
2024-04-11 11:48:28.076233:adding fully connected layers with 1024 outputs
2024-04-11 11:48:30.083995:adding residual with fc as the size are different
2024-04-11 11:48:30.090868:adding fully connected layers with 1024 outputs
2024-04-11 11:48:30.095786:adding residual, both sizes are same
2024-04-11 11:48:30.097658:adding fully connected layers with 1024 outputs
2024-04-11 11:48:30.102391:adding residual, both sizes are same
2024-04-11 11:48:30.104186:adding fully connected layers with 1024 outputs
2024-04-11 11:48:30.108721:adding residual, both sizes are same
2024-04-11 11:48:30.110596:adding dropout 0.8
2024-04-11 11:48:30.114887:adding fully connected layers with 512 outputs
2024-04-11 11:48:30.119669:adding residual with fc as the size are different
2024-04-11 11:48:30.126130:adding fully connected layers with 512 outputs
2024-04-11 11:48:30.130865:adding residual, both sizes are same
2024-04-11 11:48:30.132676:adding fully connected layers with 512 outputs
2024-04-11 11:48:30.137379:adding residual, both sizes are same
2024-04-11 11:48:30.139188:adding dropout 0.9
2024-04-11 11:48:30.140770:adding fully connected layers with 256 outputs
2024-04-11 11:48:30.145493:adding residual with fc as the size are different
2024-04-11 11:48:30.151570:adding fully connected layers with 256 outputs
2024-04-11 11:48:30.156289:adding residual, both sizes are same
2024-04-11 11:48:30.160314:adding fully connected layers with 256 outputs
2024-04-11 11:48:30.173544:adding residual, both sizes are same
2024-04-11 11:48:30.176406:adding dropout 0.7
2024-04-11 11:48:30.178833:adding fully connected layers with 128 outputs
2024-04-11 11:48:30.184595:adding residual with fc as the size are different
2024-04-11 11:48:30.190785:adding fully connected layers with 128 outputs
2024-04-11 11:48:30.195547:adding residual, both sizes are same
2024-04-11 11:48:30.197363:adding fully connected layers with 128 outputs
2024-04-11 11:48:30.201886:adding residual, both sizes are same
2024-04-11 11:48:30.203941:adding dropout 0.8
2024-04-11 11:48:30.205517:adding fully connected layers with 64 outputs
2024-04-11 11:48:30.210312:adding residual with fc as the size are different
2024-04-11 11:48:30.216295:adding fully connected layers with 64 outputs
2024-04-11 11:48:30.221289:adding residual, both sizes are same
2024-04-11 11:48:30.223073:adding fully connected layers with 32 outputs
2024-04-11 11:48:30.227822:adding residual with fc as the size are different
2024-04-11 11:48:30.234025:adding final layer with 1 output
2024-04-11 11:48:30.242943:Model: "ElemNet"
2024-04-11 11:48:30.243007:__________________________________________________________________________________________________
2024-04-11 11:48:30.243070:Layer (type)                    Output Shape         Param #     Connected to                     
2024-04-11 11:48:30.243105:==================================================================================================
2024-04-11 11:48:30.243308:elemental_fractions (InputLayer [(None, 1536)]       0                                            
2024-04-11 11:48:30.243354:__________________________________________________________________________________________________
2024-04-11 11:48:30.243505:fc0_0 (Dense)                   (None, 1024)         1573888     elemental_fractions[0][0]        
2024-04-11 11:48:30.243549:__________________________________________________________________________________________________
2024-04-11 11:48:30.243657:fc0_dim_0 (Dense)               (None, 1024)         1573888     elemental_fractions[0][0]        
2024-04-11 11:48:30.243698:__________________________________________________________________________________________________
2024-04-11 11:48:30.243777:tf.__operators__.add (TFOpLambd (None, 1024)         0           fc0_0[0][0]                      
2024-04-11 11:48:30.243818:                                                                 fc0_dim_0[0][0]                  
2024-04-11 11:48:30.243853:__________________________________________________________________________________________________
2024-04-11 11:48:30.243955:fc0_1 (Dense)                   (None, 1024)         1049600     tf.__operators__.add[0][0]       
2024-04-11 11:48:30.243995:__________________________________________________________________________________________________
2024-04-11 11:48:30.244069:tf.__operators__.add_1 (TFOpLam (None, 1024)         0           fc0_1[0][0]                      
2024-04-11 11:48:30.244109:                                                                 tf.__operators__.add[0][0]       
2024-04-11 11:48:30.244143:__________________________________________________________________________________________________
2024-04-11 11:48:30.244241:fc0_2 (Dense)                   (None, 1024)         1049600     tf.__operators__.add_1[0][0]     
2024-04-11 11:48:30.244289:__________________________________________________________________________________________________
2024-04-11 11:48:30.244365:tf.__operators__.add_2 (TFOpLam (None, 1024)         0           fc0_2[0][0]                      
2024-04-11 11:48:30.244405:                                                                 tf.__operators__.add_1[0][0]     
2024-04-11 11:48:30.244438:__________________________________________________________________________________________________
2024-04-11 11:48:30.244536:fc0_3 (Dense)                   (None, 1024)         1049600     tf.__operators__.add_2[0][0]     
2024-04-11 11:48:30.244576:__________________________________________________________________________________________________
2024-04-11 11:48:30.244655:tf.__operators__.add_3 (TFOpLam (None, 1024)         0           fc0_3[0][0]                      
2024-04-11 11:48:30.244695:                                                                 tf.__operators__.add_2[0][0]     
2024-04-11 11:48:30.244729:__________________________________________________________________________________________________
2024-04-11 11:48:30.244799:dropout (Dropout)               (None, 1024)         0           tf.__operators__.add_3[0][0]     
2024-04-11 11:48:30.244835:__________________________________________________________________________________________________
2024-04-11 11:48:30.244934:fc1_0 (Dense)                   (None, 512)          524800      dropout[0][0]                    
2024-04-11 11:48:30.244974:__________________________________________________________________________________________________
2024-04-11 11:48:30.245070:fc1_dim_0 (Dense)               (None, 512)          524800      dropout[0][0]                    
2024-04-11 11:48:30.245109:__________________________________________________________________________________________________
2024-04-11 11:48:30.245180:tf.__operators__.add_4 (TFOpLam (None, 512)          0           fc1_0[0][0]                      
2024-04-11 11:48:30.245220:                                                                 fc1_dim_0[0][0]                  
2024-04-11 11:48:30.245254:__________________________________________________________________________________________________
2024-04-11 11:48:30.245363:fc1_1 (Dense)                   (None, 512)          262656      tf.__operators__.add_4[0][0]     
2024-04-11 11:48:30.245404:__________________________________________________________________________________________________
2024-04-11 11:48:30.245475:tf.__operators__.add_5 (TFOpLam (None, 512)          0           fc1_1[0][0]                      
2024-04-11 11:48:30.245515:                                                                 tf.__operators__.add_4[0][0]     
2024-04-11 11:48:30.245549:__________________________________________________________________________________________________
2024-04-11 11:48:30.245643:fc1_2 (Dense)                   (None, 512)          262656      tf.__operators__.add_5[0][0]     
2024-04-11 11:48:30.245683:__________________________________________________________________________________________________
2024-04-11 11:48:30.245753:tf.__operators__.add_6 (TFOpLam (None, 512)          0           fc1_2[0][0]                      
2024-04-11 11:48:30.245793:                                                                 tf.__operators__.add_5[0][0]     
2024-04-11 11:48:30.245827:__________________________________________________________________________________________________
2024-04-11 11:48:30.245894:dropout_1 (Dropout)             (None, 512)          0           tf.__operators__.add_6[0][0]     
2024-04-11 11:48:30.245930:__________________________________________________________________________________________________
2024-04-11 11:48:30.246025:fc2_0 (Dense)                   (None, 256)          131328      dropout_1[0][0]                  
2024-04-11 11:48:30.246065:__________________________________________________________________________________________________
2024-04-11 11:48:30.246159:fc2_dim_0 (Dense)               (None, 256)          131328      dropout_1[0][0]                  
2024-04-11 11:48:30.246198:__________________________________________________________________________________________________
2024-04-11 11:48:30.246268:tf.__operators__.add_7 (TFOpLam (None, 256)          0           fc2_0[0][0]                      
2024-04-11 11:48:30.246319:                                                                 fc2_dim_0[0][0]                  
2024-04-11 11:48:30.246353:__________________________________________________________________________________________________
2024-04-11 11:48:30.246451:fc2_1 (Dense)                   (None, 256)          65792       tf.__operators__.add_7[0][0]     
2024-04-11 11:48:30.246490:__________________________________________________________________________________________________
2024-04-11 11:48:30.246565:tf.__operators__.add_8 (TFOpLam (None, 256)          0           fc2_1[0][0]                      
2024-04-11 11:48:30.246605:                                                                 tf.__operators__.add_7[0][0]     
2024-04-11 11:48:30.246639:__________________________________________________________________________________________________
2024-04-11 11:48:30.246733:fc2_2 (Dense)                   (None, 256)          65792       tf.__operators__.add_8[0][0]     
2024-04-11 11:48:30.246788:__________________________________________________________________________________________________
2024-04-11 11:48:30.246878:tf.__operators__.add_9 (TFOpLam (None, 256)          0           fc2_2[0][0]                      
2024-04-11 11:48:30.246921:                                                                 tf.__operators__.add_8[0][0]     
2024-04-11 11:48:30.246956:__________________________________________________________________________________________________
2024-04-11 11:48:30.247024:dropout_2 (Dropout)             (None, 256)          0           tf.__operators__.add_9[0][0]     
2024-04-11 11:48:30.247061:__________________________________________________________________________________________________
2024-04-11 11:48:30.247161:fc3_0 (Dense)                   (None, 128)          32896       dropout_2[0][0]                  
2024-04-11 11:48:30.247202:__________________________________________________________________________________________________
2024-04-11 11:48:30.247307:fc3_dim_0 (Dense)               (None, 128)          32896       dropout_2[0][0]                  
2024-04-11 11:48:30.247348:__________________________________________________________________________________________________
2024-04-11 11:48:30.247423:tf.__operators__.add_10 (TFOpLa (None, 128)          0           fc3_0[0][0]                      
2024-04-11 11:48:30.247465:                                                                 fc3_dim_0[0][0]                  
2024-04-11 11:48:30.247499:__________________________________________________________________________________________________
2024-04-11 11:48:30.247605:fc3_1 (Dense)                   (None, 128)          16512       tf.__operators__.add_10[0][0]    
2024-04-11 11:48:30.247644:__________________________________________________________________________________________________
2024-04-11 11:48:30.247713:tf.__operators__.add_11 (TFOpLa (None, 128)          0           fc3_1[0][0]                      
2024-04-11 11:48:30.247753:                                                                 tf.__operators__.add_10[0][0]    
2024-04-11 11:48:30.247787:__________________________________________________________________________________________________
2024-04-11 11:48:30.247879:fc3_2 (Dense)                   (None, 128)          16512       tf.__operators__.add_11[0][0]    
2024-04-11 11:48:30.247918:__________________________________________________________________________________________________
2024-04-11 11:48:30.247988:tf.__operators__.add_12 (TFOpLa (None, 128)          0           fc3_2[0][0]                      
2024-04-11 11:48:30.248027:                                                                 tf.__operators__.add_11[0][0]    
2024-04-11 11:48:30.248061:__________________________________________________________________________________________________
2024-04-11 11:48:30.248127:dropout_3 (Dropout)             (None, 128)          0           tf.__operators__.add_12[0][0]    
2024-04-11 11:48:30.248164:__________________________________________________________________________________________________
2024-04-11 11:48:30.248257:fc4_0 (Dense)                   (None, 64)           8256        dropout_3[0][0]                  
2024-04-11 11:48:30.248302:__________________________________________________________________________________________________
2024-04-11 11:48:30.248398:fc4_dim_0 (Dense)               (None, 64)           8256        dropout_3[0][0]                  
2024-04-11 11:48:30.248441:__________________________________________________________________________________________________
2024-04-11 11:48:30.248513:tf.__operators__.add_13 (TFOpLa (None, 64)           0           fc4_0[0][0]                      
2024-04-11 11:48:30.248553:                                                                 fc4_dim_0[0][0]                  
2024-04-11 11:48:30.248587:__________________________________________________________________________________________________
2024-04-11 11:48:30.248679:fc4_1 (Dense)                   (None, 64)           4160        tf.__operators__.add_13[0][0]    
2024-04-11 11:48:30.248718:__________________________________________________________________________________________________
2024-04-11 11:48:30.248788:tf.__operators__.add_14 (TFOpLa (None, 64)           0           fc4_1[0][0]                      
2024-04-11 11:48:30.248827:                                                                 tf.__operators__.add_13[0][0]    
2024-04-11 11:48:30.248861:__________________________________________________________________________________________________
2024-04-11 11:48:30.248953:fc5_0 (Dense)                   (None, 32)           2080        tf.__operators__.add_14[0][0]    
2024-04-11 11:48:30.248991:__________________________________________________________________________________________________
2024-04-11 11:48:30.249083:fc5_dim_0 (Dense)               (None, 32)           2080        tf.__operators__.add_14[0][0]    
2024-04-11 11:48:30.251100:__________________________________________________________________________________________________
2024-04-11 11:48:30.251195:tf.__operators__.add_15 (TFOpLa (None, 32)           0           fc5_0[0][0]                      
2024-04-11 11:48:30.251237:                                                                 fc5_dim_0[0][0]                  
2024-04-11 11:48:30.251276:__________________________________________________________________________________________________
2024-04-11 11:48:30.251378:fc6 (Dense)                     (None, 1)            33          tf.__operators__.add_15[0][0]    
2024-04-11 11:48:30.251418:==================================================================================================
2024-04-11 11:48:30.251997:Total params: 8,389,409
2024-04-11 11:48:30.252045:Trainable params: 8,389,409
2024-04-11 11:48:30.252082:Non-trainable params: 0
2024-04-11 11:48:30.252115:__________________________________________________________________________________________________
2024-04-11 11:48:30.261784:start training
2024-04-11 11:48:49.318065:2024-04-11 11:48:49.317996: Current epoch: 0, loss: 2.4306106567382812, validation loss: 1.2704827785491943
2024-04-11 11:49:06.632554:2024-04-11 11:49:06.632468: Current epoch: 1, loss: 1.0662728548049927, validation loss: 0.9749763011932373
2024-04-11 11:49:23.851399:2024-04-11 11:49:23.851296: Current epoch: 2, loss: 0.9230003356933594, validation loss: 0.7883809804916382
2024-04-11 11:49:41.093635:2024-04-11 11:49:41.093250: Current epoch: 3, loss: 0.8423207998275757, validation loss: 0.8548750877380371
2024-04-11 11:49:58.068610:2024-04-11 11:49:58.068519: Current epoch: 4, loss: 0.7877885699272156, validation loss: 0.7531895637512207
2024-04-11 11:50:14.787152:2024-04-11 11:50:14.786981: Current epoch: 5, loss: 0.7326282262802124, validation loss: 0.7593692541122437
2024-04-11 11:50:31.765963:2024-04-11 11:50:31.765788: Current epoch: 6, loss: 0.6982818841934204, validation loss: 0.836497962474823
2024-04-11 11:50:48.770743:2024-04-11 11:50:48.770659: Current epoch: 7, loss: 0.6582922339439392, validation loss: 0.7245829105377197
2024-04-11 11:51:06.022211:2024-04-11 11:51:06.022117: Current epoch: 8, loss: 0.6282209157943726, validation loss: 0.6283226609230042
2024-04-11 11:51:23.370218:2024-04-11 11:51:23.370097: Current epoch: 9, loss: 0.6042523980140686, validation loss: 0.6486514806747437
2024-04-11 11:51:43.287076:2024-04-11 11:51:43.286992: Current epoch: 10, loss: 0.5817685723304749, validation loss: 0.5974230170249939
2024-04-11 11:52:00.699640:2024-04-11 11:52:00.699300: Current epoch: 11, loss: 0.5567020177841187, validation loss: 0.6212086081504822
2024-04-11 11:52:18.228675:2024-04-11 11:52:18.228496: Current epoch: 12, loss: 0.5461073517799377, validation loss: 0.610282838344574
2024-04-11 11:52:35.573581:2024-04-11 11:52:35.573402: Current epoch: 13, loss: 0.5281988382339478, validation loss: 0.6046949625015259
2024-04-11 11:52:52.965764:2024-04-11 11:52:52.965586: Current epoch: 14, loss: 0.5181605219841003, validation loss: 0.6263238787651062
2024-04-11 11:53:10.305791:2024-04-11 11:53:10.305709: Current epoch: 15, loss: 0.5015694499015808, validation loss: 0.5887240767478943
2024-04-11 11:53:27.459758:2024-04-11 11:53:27.459579: Current epoch: 16, loss: 0.48650676012039185, validation loss: 0.6237524151802063
2024-04-11 11:53:44.949365:2024-04-11 11:53:44.949189: Current epoch: 17, loss: 0.4768529534339905, validation loss: 0.6109426617622375
2024-04-11 11:54:01.942032:2024-04-11 11:54:01.941835: Current epoch: 18, loss: 0.46695324778556824, validation loss: 0.6520328521728516
2024-04-11 11:54:19.300733:2024-04-11 11:54:19.300649: Current epoch: 19, loss: 0.46124404668807983, validation loss: 0.5569533109664917
2024-04-11 11:54:38.853428:2024-04-11 11:54:38.853233: Current epoch: 20, loss: 0.4440547525882721, validation loss: 0.5726655125617981
2024-04-11 11:54:55.466052:2024-04-11 11:54:55.465852: Current epoch: 21, loss: 0.44154658913612366, validation loss: 0.5585823059082031
2024-04-11 11:55:12.740669:2024-04-11 11:55:12.740584: Current epoch: 22, loss: 0.4305037260055542, validation loss: 0.5272995233535767
2024-04-11 11:55:29.885428:2024-04-11 11:55:29.885255: Current epoch: 23, loss: 0.4206470549106598, validation loss: 0.567762017250061
2024-04-11 11:55:46.950564:2024-04-11 11:55:46.950506: Current epoch: 24, loss: 0.41605955362319946, validation loss: 0.5248528122901917
2024-04-11 11:56:04.234269:2024-04-11 11:56:04.234097: Current epoch: 25, loss: 0.40707114338874817, validation loss: 0.5813350677490234
2024-04-11 11:56:21.031639:2024-04-11 11:56:21.031498: Current epoch: 26, loss: 0.39946606755256653, validation loss: 0.5390939712524414
2024-04-11 11:56:38.205081:2024-04-11 11:56:38.205005: Current epoch: 27, loss: 0.39114177227020264, validation loss: 0.5513671040534973
2024-04-11 11:56:55.535625:2024-04-11 11:56:55.535543: Current epoch: 28, loss: 0.3910578787326813, validation loss: 0.4961189925670624
2024-04-11 11:57:12.796989:2024-04-11 11:57:12.796789: Current epoch: 29, loss: 0.37750449776649475, validation loss: 0.5388664603233337
2024-04-11 11:57:32.844205:2024-04-11 11:57:32.843863: Current epoch: 30, loss: 0.3760770261287689, validation loss: 0.579797625541687
2024-04-11 11:57:50.025217:2024-04-11 11:57:50.025087: Current epoch: 31, loss: 0.3694155514240265, validation loss: 0.5016757845878601
2024-04-11 11:58:07.301966:2024-04-11 11:58:07.301875: Current epoch: 32, loss: 0.36732017993927, validation loss: 0.4851078391075134
2024-04-11 11:58:24.841983:2024-04-11 11:58:24.841815: Current epoch: 33, loss: 0.365718811750412, validation loss: 0.5447070002555847
2024-04-11 11:58:42.252467:2024-04-11 11:58:42.252262: Current epoch: 34, loss: 0.3545036315917969, validation loss: 0.54236900806427
2024-04-11 11:58:59.114238:2024-04-11 11:58:59.113859: Current epoch: 35, loss: 0.3478286862373352, validation loss: 0.5009468197822571
2024-04-11 11:59:16.606465:2024-04-11 11:59:16.606320: Current epoch: 36, loss: 0.3482833206653595, validation loss: 0.5216153264045715
2024-04-11 11:59:34.845598:2024-04-11 11:59:34.845408: Current epoch: 37, loss: 0.3385452330112457, validation loss: 0.49847567081451416
2024-04-11 11:59:52.519316:2024-04-11 11:59:52.519132: Current epoch: 38, loss: 0.33528247475624084, validation loss: 0.5138678550720215
2024-04-11 12:00:09.806113:2024-04-11 12:00:09.806021: Current epoch: 39, loss: 0.3301708400249481, validation loss: 0.48490774631500244
2024-04-11 12:00:29.350062:2024-04-11 12:00:29.349893: Current epoch: 40, loss: 0.33033958077430725, validation loss: 0.5755449533462524
2024-04-11 12:00:46.677965:2024-04-11 12:00:46.677789: Current epoch: 41, loss: 0.32294511795043945, validation loss: 0.49162745475769043
2024-04-11 12:01:04.188216:2024-04-11 12:01:04.188041: Current epoch: 42, loss: 0.31894823908805847, validation loss: 0.48736390471458435
2024-04-11 12:01:21.599717:2024-04-11 12:01:21.599635: Current epoch: 43, loss: 0.31394001841545105, validation loss: 0.48350605368614197
2024-04-11 12:01:38.917102:2024-04-11 12:01:38.916934: Current epoch: 44, loss: 0.31010791659355164, validation loss: 0.49266549944877625
2024-04-11 12:01:56.229138:2024-04-11 12:01:56.229050: Current epoch: 45, loss: 0.3074834942817688, validation loss: 0.4730662405490875
2024-04-11 12:02:13.922955:2024-04-11 12:02:13.922820: Current epoch: 46, loss: 0.30109670758247375, validation loss: 0.4887123703956604
2024-04-11 12:02:30.868054:2024-04-11 12:02:30.867745: Current epoch: 47, loss: 0.3034355938434601, validation loss: 0.4802168905735016
2024-04-11 12:02:47.799711:2024-04-11 12:02:47.799546: Current epoch: 48, loss: 0.29853129386901855, validation loss: 0.47982290387153625
2024-04-11 12:03:04.682807:2024-04-11 12:03:04.682689: Current epoch: 49, loss: 0.29345446825027466, validation loss: 0.4799503982067108
2024-04-11 12:03:24.253813:2024-04-11 12:03:24.253649: Current epoch: 50, loss: 0.2881857454776764, validation loss: 0.4917655289173126
2024-04-11 12:03:41.522491:2024-04-11 12:03:41.522155: Current epoch: 51, loss: 0.28787338733673096, validation loss: 0.48403629660606384
2024-04-11 12:03:59.442179:2024-04-11 12:03:59.442016: Current epoch: 52, loss: 0.28616583347320557, validation loss: 0.48012131452560425
2024-04-11 12:04:16.637559:2024-04-11 12:04:16.637373: Current epoch: 53, loss: 0.2801143229007721, validation loss: 0.4705899953842163
2024-04-11 12:04:33.691132:2024-04-11 12:04:33.690968: Current epoch: 54, loss: 0.277305543422699, validation loss: 0.5133644938468933
2024-04-11 12:04:50.812822:2024-04-11 12:04:50.812666: Current epoch: 55, loss: 0.27561506628990173, validation loss: 0.4772801101207733
2024-04-11 12:05:07.943999:2024-04-11 12:05:07.943829: Current epoch: 56, loss: 0.2729632258415222, validation loss: 0.47775784134864807
2024-04-11 12:05:24.737405:2024-04-11 12:05:24.737224: Current epoch: 57, loss: 0.27423593401908875, validation loss: 0.4727344810962677
2024-04-11 12:05:42.838035:2024-04-11 12:05:42.837865: Current epoch: 58, loss: 0.2660476267337799, validation loss: 0.5113415122032166
2024-04-11 12:05:59.753620:2024-04-11 12:05:59.753449: Current epoch: 59, loss: 0.262332946062088, validation loss: 0.5142978429794312
2024-04-11 12:06:17.053944:2024-04-11 12:06:17.053795: Current epoch: 60, loss: 0.26083603501319885, validation loss: 0.48898136615753174
2024-04-11 12:06:33.901225:2024-04-11 12:06:33.901055: Current epoch: 61, loss: 0.26225176453590393, validation loss: 0.4840167462825775
2024-04-11 12:06:50.634464:2024-04-11 12:06:50.634374: Current epoch: 62, loss: 0.26066499948501587, validation loss: 0.46634575724601746
2024-04-11 12:07:07.294228:2024-04-11 12:07:07.294073: Current epoch: 63, loss: 0.25808724761009216, validation loss: 0.47344112396240234
2024-04-11 12:07:24.079541:2024-04-11 12:07:24.079371: Current epoch: 64, loss: 0.25305289030075073, validation loss: 0.480145126581192
2024-04-11 12:07:40.793706:2024-04-11 12:07:40.793609: Current epoch: 65, loss: 0.25340142846107483, validation loss: 0.4596211612224579
2024-04-11 12:07:57.262018:2024-04-11 12:07:57.261850: Current epoch: 66, loss: 0.2500254809856415, validation loss: 0.4648793041706085
2024-04-11 12:08:13.990302:2024-04-11 12:08:13.990114: Current epoch: 67, loss: 0.25080522894859314, validation loss: 0.4772914946079254
2024-04-11 12:08:30.937376:2024-04-11 12:08:30.937184: Current epoch: 68, loss: 0.24578645825386047, validation loss: 0.48058363795280457
2024-04-11 12:08:48.056847:2024-04-11 12:08:48.056758: Current epoch: 69, loss: 0.24329827725887299, validation loss: 0.45725348591804504
2024-04-11 12:09:07.798595:2024-04-11 12:09:07.798461: Current epoch: 70, loss: 0.2447623908519745, validation loss: 0.5007688403129578
2024-04-11 12:09:25.303549:2024-04-11 12:09:25.303344: Current epoch: 71, loss: 0.24063949286937714, validation loss: 0.4605267643928528
2024-04-11 12:09:42.112099:2024-04-11 12:09:42.111914: Current epoch: 72, loss: 0.23748131096363068, validation loss: 0.46244093775749207
2024-04-11 12:09:59.268993:2024-04-11 12:09:59.268826: Current epoch: 73, loss: 0.23794348537921906, validation loss: 0.4838477671146393
2024-04-11 12:10:16.178379:2024-04-11 12:10:16.178190: Current epoch: 74, loss: 0.23479485511779785, validation loss: 0.46736904978752136
2024-04-11 12:10:33.246246:2024-04-11 12:10:33.246079: Current epoch: 75, loss: 0.2362661510705948, validation loss: 0.49929434061050415
2024-04-11 12:10:50.348939:2024-04-11 12:10:50.348771: Current epoch: 76, loss: 0.2314070463180542, validation loss: 0.49263426661491394
2024-04-11 12:11:07.573541:2024-04-11 12:11:07.573448: Current epoch: 77, loss: 0.22941991686820984, validation loss: 0.4430665373802185
2024-04-11 12:11:24.116753:2024-04-11 12:11:24.116581: Current epoch: 78, loss: 0.22675105929374695, validation loss: 0.4627961218357086
2024-04-11 12:11:40.917713:2024-04-11 12:11:40.917542: Current epoch: 79, loss: 0.22078053653240204, validation loss: 0.4610532224178314
2024-04-11 12:11:57.853496:2024-04-11 12:11:57.853308: Current epoch: 80, loss: 0.223875030875206, validation loss: 0.45714637637138367
2024-04-11 12:12:15.006957:2024-04-11 12:12:15.006788: Current epoch: 81, loss: 0.22494496405124664, validation loss: 0.48429468274116516
2024-04-11 12:12:32.032399:2024-04-11 12:12:32.032187: Current epoch: 82, loss: 0.22117109596729279, validation loss: 0.4662051796913147
2024-04-11 12:12:48.997051:2024-04-11 12:12:48.996899: Current epoch: 83, loss: 0.21993263065814972, validation loss: 0.45989111065864563
2024-04-11 12:13:06.051196:2024-04-11 12:13:06.051019: Current epoch: 84, loss: 0.2164265364408493, validation loss: 0.4657839834690094
2024-04-11 12:13:22.769945:2024-04-11 12:13:22.769777: Current epoch: 85, loss: 0.2211243212223053, validation loss: 0.46085062623023987
2024-04-11 12:13:39.658249:2024-04-11 12:13:39.658102: Current epoch: 86, loss: 0.21175283193588257, validation loss: 0.46952560544013977
2024-04-11 12:13:56.682027:2024-04-11 12:13:56.681882: Current epoch: 87, loss: 0.21257266402244568, validation loss: 0.4982962906360626
2024-04-11 12:14:13.096015:2024-04-11 12:14:13.095833: Current epoch: 88, loss: 0.20932051539421082, validation loss: 0.4543249011039734
2024-04-11 12:14:29.904665:2024-04-11 12:14:29.904498: Current epoch: 89, loss: 0.21020305156707764, validation loss: 0.45337334275245667
2024-04-11 12:14:49.227980:2024-04-11 12:14:49.227821: Current epoch: 90, loss: 0.2043389230966568, validation loss: 0.4592594504356384
2024-04-11 12:15:06.109222:2024-04-11 12:15:06.109054: Current epoch: 91, loss: 0.20646774768829346, validation loss: 0.4591972529888153
2024-04-11 12:15:23.272301:2024-04-11 12:15:23.272106: Current epoch: 92, loss: 0.2043440192937851, validation loss: 0.4525759220123291
2024-04-11 12:15:40.188661:2024-04-11 12:15:40.188493: Current epoch: 93, loss: 0.2026987075805664, validation loss: 0.45899635553359985
2024-04-11 12:15:57.247145:2024-04-11 12:15:57.246968: Current epoch: 94, loss: 0.201221764087677, validation loss: 0.46130791306495667
2024-04-11 12:16:14.149344:2024-04-11 12:16:14.149162: Current epoch: 95, loss: 0.19772961735725403, validation loss: 0.4758567214012146
2024-04-11 12:16:31.065978:2024-04-11 12:16:31.065813: Current epoch: 96, loss: 0.20037782192230225, validation loss: 0.48765724897384644
2024-04-11 12:16:47.862317:2024-04-11 12:16:47.862123: Current epoch: 97, loss: 0.19485163688659668, validation loss: 0.47139260172843933
2024-04-11 12:17:04.460393:2024-04-11 12:17:04.460212: Current epoch: 98, loss: 0.19506143033504486, validation loss: 0.455244779586792
2024-04-11 12:17:21.387720:2024-04-11 12:17:21.387554: Current epoch: 99, loss: 0.1940576434135437, validation loss: 0.4532143771648407
2024-04-11 12:17:41.080886:2024-04-11 12:17:41.080760: Current epoch: 100, loss: 0.19491398334503174, validation loss: 0.4835730493068695
2024-04-11 12:17:58.649255:2024-04-11 12:17:58.649085: Current epoch: 101, loss: 0.20003767311573029, validation loss: 0.4589190185070038
2024-04-11 12:18:15.299075:2024-04-11 12:18:15.298915: Current epoch: 102, loss: 0.19143551588058472, validation loss: 0.44341903924942017
2024-04-11 12:18:32.000496:2024-04-11 12:18:32.000342: Current epoch: 103, loss: 0.18815827369689941, validation loss: 0.44975152611732483
2024-04-11 12:18:48.878102:2024-04-11 12:18:48.878011: Current epoch: 104, loss: 0.19042649865150452, validation loss: 0.4385574460029602
2024-04-11 12:19:05.728680:2024-04-11 12:19:05.728511: Current epoch: 105, loss: 0.1894124150276184, validation loss: 0.4520992040634155
2024-04-11 12:19:22.402764:2024-04-11 12:19:22.402592: Current epoch: 106, loss: 0.18546836078166962, validation loss: 0.4717823266983032
2024-04-11 12:19:39.819602:2024-04-11 12:19:39.819435: Current epoch: 107, loss: 0.1889672428369522, validation loss: 0.4488915205001831
2024-04-11 12:19:57.417461:2024-04-11 12:19:57.417290: Current epoch: 108, loss: 0.18758149445056915, validation loss: 0.4588450491428375
2024-04-11 12:20:14.859732:2024-04-11 12:20:14.859578: Current epoch: 109, loss: 0.1806352734565735, validation loss: 0.4546816051006317
2024-04-11 12:20:32.177890:2024-04-11 12:20:32.177724: Current epoch: 110, loss: 0.18093611299991608, validation loss: 0.4692920744419098
2024-04-11 12:20:49.415598:2024-04-11 12:20:49.415428: Current epoch: 111, loss: 0.1816900074481964, validation loss: 0.46606454253196716
2024-04-11 12:21:05.977251:2024-04-11 12:21:05.977085: Current epoch: 112, loss: 0.17965830862522125, validation loss: 0.46008360385894775
2024-04-11 12:21:23.847247:2024-04-11 12:21:23.847111: Current epoch: 113, loss: 0.17882783710956573, validation loss: 0.444471538066864
2024-04-11 12:21:41.764359:2024-04-11 12:21:41.764177: Current epoch: 114, loss: 0.17922620475292206, validation loss: 0.4409804940223694
2024-04-11 12:21:59.708243:2024-04-11 12:21:59.708169: Current epoch: 115, loss: 0.17434808611869812, validation loss: 0.4464241564273834
2024-04-11 12:22:17.861698:2024-04-11 12:22:17.861531: Current epoch: 116, loss: 0.17241011559963226, validation loss: 0.4426652491092682
2024-04-11 12:22:35.247021:2024-04-11 12:22:35.246951: Current epoch: 117, loss: 0.17578814923763275, validation loss: 0.4456008970737457
2024-04-11 12:22:51.938495:2024-04-11 12:22:51.938326: Current epoch: 118, loss: 0.17303602397441864, validation loss: 0.46310052275657654
2024-04-11 12:23:08.620380:2024-04-11 12:23:08.620208: Current epoch: 119, loss: 0.17472432553768158, validation loss: 0.46082934737205505
2024-04-11 12:23:25.843497:2024-04-11 12:23:25.843325: Current epoch: 120, loss: 0.17454318702220917, validation loss: 0.45708081126213074
2024-04-11 12:23:42.691127:2024-04-11 12:23:42.691041: Current epoch: 121, loss: 0.16981855034828186, validation loss: 0.43757274746894836
2024-04-11 12:23:59.842666:2024-04-11 12:23:59.842498: Current epoch: 122, loss: 0.16847483813762665, validation loss: 0.43857136368751526
2024-04-11 12:24:17.307169:2024-04-11 12:24:17.307000: Current epoch: 123, loss: 0.17269529402256012, validation loss: 0.4521411061286926
2024-04-11 12:24:34.476118:2024-04-11 12:24:34.475948: Current epoch: 124, loss: 0.16807980835437775, validation loss: 0.4458028972148895
2024-04-11 12:24:52.200856:2024-04-11 12:24:52.200673: Current epoch: 125, loss: 0.16551071405410767, validation loss: 0.4499758780002594
2024-04-11 12:25:09.794402:2024-04-11 12:25:09.794207: Current epoch: 126, loss: 0.16432000696659088, validation loss: 0.4391303062438965
2024-04-11 12:25:27.515316:2024-04-11 12:25:27.515136: Current epoch: 127, loss: 0.1663939654827118, validation loss: 0.4496394395828247
2024-04-11 12:25:44.540846:2024-04-11 12:25:44.540663: Current epoch: 128, loss: 0.16853056848049164, validation loss: 0.4376314580440521
2024-04-11 12:26:01.787371:2024-04-11 12:26:01.787187: Current epoch: 129, loss: 0.16260337829589844, validation loss: 0.4898888170719147
2024-04-11 12:26:19.065561:2024-04-11 12:26:19.065404: Current epoch: 130, loss: 0.16433006525039673, validation loss: 0.4383593201637268
2024-04-11 12:26:36.061036:2024-04-11 12:26:36.060871: Current epoch: 131, loss: 0.1593012511730194, validation loss: 0.4651162028312683
2024-04-11 12:26:53.186125:2024-04-11 12:26:53.185934: Current epoch: 132, loss: 0.16570699214935303, validation loss: 0.4431897699832916
2024-04-11 12:27:09.945515:2024-04-11 12:27:09.945362: Current epoch: 133, loss: 0.1605597585439682, validation loss: 0.442567378282547
2024-04-11 12:27:27.227930:2024-04-11 12:27:27.227763: Current epoch: 134, loss: 0.158727765083313, validation loss: 0.4500681757926941
2024-04-11 12:27:44.425975:2024-04-11 12:27:44.425819: Current epoch: 135, loss: 0.1603417545557022, validation loss: 0.44103288650512695
2024-04-11 12:28:01.835826:2024-04-11 12:28:01.835647: Current epoch: 136, loss: 0.15601372718811035, validation loss: 0.4390910565853119
2024-04-11 12:28:19.129691:2024-04-11 12:28:19.129509: Current epoch: 137, loss: 0.15454483032226562, validation loss: 0.45413482189178467
2024-04-11 12:28:36.106980:2024-04-11 12:28:36.106812: Current epoch: 138, loss: 0.15448643267154694, validation loss: 0.4416579008102417
2024-04-11 12:28:53.778656:2024-04-11 12:28:53.778492: Current epoch: 139, loss: 0.15689295530319214, validation loss: 0.44191840291023254
2024-04-11 12:29:13.080807:2024-04-11 12:29:13.080682: Current epoch: 140, loss: 0.15567807853221893, validation loss: 0.4379197657108307
2024-04-11 12:29:30.026056:2024-04-11 12:29:30.025898: Current epoch: 141, loss: 0.1551636904478073, validation loss: 0.4514838457107544
2024-04-11 12:29:47.025251:2024-04-11 12:29:47.025082: Current epoch: 142, loss: 0.15550008416175842, validation loss: 0.4384956359863281
2024-04-11 12:30:04.031594:2024-04-11 12:30:04.031409: Current epoch: 143, loss: 0.15174581110477448, validation loss: 0.4485093951225281
2024-04-11 12:30:20.808229:2024-04-11 12:30:20.807804: Current epoch: 144, loss: 0.15265849232673645, validation loss: 0.44859251379966736
2024-04-11 12:30:37.839723:2024-04-11 12:30:37.839527: Current epoch: 145, loss: 0.15331745147705078, validation loss: 0.4456207752227783
2024-04-11 12:30:55.554600:2024-04-11 12:30:55.554409: Current epoch: 146, loss: 0.15424786508083344, validation loss: 0.4374876320362091
2024-04-11 12:31:12.379626:2024-04-11 12:31:12.379477: Current epoch: 147, loss: 0.14992524683475494, validation loss: 0.446904718875885
2024-04-11 12:31:29.728268:2024-04-11 12:31:29.728096: Current epoch: 148, loss: 0.14488986134529114, validation loss: 0.44211718440055847
2024-04-11 12:31:47.490099:2024-04-11 12:31:47.489945: Current epoch: 149, loss: 0.14612480998039246, validation loss: 0.44889697432518005
2024-04-11 12:32:04.833947:2024-04-11 12:32:04.833677: Current epoch: 150, loss: 0.14716090261936188, validation loss: 0.44913509488105774
2024-04-11 12:32:21.517149:2024-04-11 12:32:21.517061: Current epoch: 151, loss: 0.14451377093791962, validation loss: 0.4373517334461212
2024-04-11 12:32:38.605165:2024-04-11 12:32:38.605064: Current epoch: 152, loss: 0.1474393606185913, validation loss: 0.43329718708992004
2024-04-11 12:32:55.651810:2024-04-11 12:32:55.651707: Current epoch: 153, loss: 0.14685674011707306, validation loss: 0.42960819602012634
2024-04-11 12:33:12.563447:2024-04-11 12:33:12.563317: Current epoch: 154, loss: 0.14895427227020264, validation loss: 0.44758808612823486
2024-04-11 12:33:29.823652:2024-04-11 12:33:29.823472: Current epoch: 155, loss: 0.1394668072462082, validation loss: 0.45241451263427734
2024-04-11 12:33:46.794476:2024-04-11 12:33:46.794309: Current epoch: 156, loss: 0.14363816380500793, validation loss: 0.4499375522136688
2024-04-11 12:34:04.360560:2024-04-11 12:34:04.360382: Current epoch: 157, loss: 0.1415855884552002, validation loss: 0.43596187233924866
2024-04-11 12:34:21.180217:2024-04-11 12:34:21.179865: Current epoch: 158, loss: 0.13902737200260162, validation loss: 0.4433378577232361
2024-04-11 12:34:38.242295:2024-04-11 12:34:38.242108: Current epoch: 159, loss: 0.1441628783941269, validation loss: 0.44659438729286194
2024-04-11 12:34:55.391072:2024-04-11 12:34:55.390902: Current epoch: 160, loss: 0.13966146111488342, validation loss: 0.44187018275260925
2024-04-11 12:35:12.269055:2024-04-11 12:35:12.268887: Current epoch: 161, loss: 0.1414521187543869, validation loss: 0.462357759475708
2024-04-11 12:35:29.363115:2024-04-11 12:35:29.362957: Current epoch: 162, loss: 0.13826481997966766, validation loss: 0.4471772015094757
2024-04-11 12:35:46.447761:2024-04-11 12:35:46.447589: Current epoch: 163, loss: 0.13860172033309937, validation loss: 0.4308638870716095
2024-04-11 12:36:02.920017:2024-04-11 12:36:02.919912: Current epoch: 164, loss: 0.14263677597045898, validation loss: 0.4277085065841675
2024-04-11 12:36:19.681869:2024-04-11 12:36:19.681696: Current epoch: 165, loss: 0.14002665877342224, validation loss: 0.43507012724876404
2024-04-11 12:36:36.945467:2024-04-11 12:36:36.945109: Current epoch: 166, loss: 0.13782167434692383, validation loss: 0.4526490569114685
2024-04-11 12:36:54.262215:2024-04-11 12:36:54.262035: Current epoch: 167, loss: 0.13736334443092346, validation loss: 0.44357016682624817
2024-04-11 12:37:11.796198:2024-04-11 12:37:11.796015: Current epoch: 168, loss: 0.13869307935237885, validation loss: 0.4490757882595062
2024-04-11 12:37:29.163183:2024-04-11 12:37:29.162963: Current epoch: 169, loss: 0.13806335628032684, validation loss: 0.4391627311706543
2024-04-11 12:37:48.529977:2024-04-11 12:37:48.529718: Current epoch: 170, loss: 0.14325793087482452, validation loss: 0.43476518988609314
2024-04-11 12:38:05.277771:2024-04-11 12:38:05.277627: Current epoch: 171, loss: 0.1352802962064743, validation loss: 0.4325803220272064
2024-04-11 12:38:22.131766:2024-04-11 12:38:22.131570: Current epoch: 172, loss: 0.13734640181064606, validation loss: 0.43274199962615967
2024-04-11 12:38:39.339472:2024-04-11 12:38:39.339299: Current epoch: 173, loss: 0.1359655112028122, validation loss: 0.4449721872806549
2024-04-11 12:38:56.414314:2024-04-11 12:38:56.414131: Current epoch: 174, loss: 0.1399335414171219, validation loss: 0.4309244453907013
2024-04-11 12:39:13.322711:2024-04-11 12:39:13.322543: Current epoch: 175, loss: 0.13383761048316956, validation loss: 0.4322439134120941
2024-04-11 12:39:30.296514:2024-04-11 12:39:30.296334: Current epoch: 176, loss: 0.13232503831386566, validation loss: 0.4520248472690582
2024-04-11 12:39:47.651710:2024-04-11 12:39:47.651546: Current epoch: 177, loss: 0.1374249905347824, validation loss: 0.4326086938381195
2024-04-11 12:40:04.351600:2024-04-11 12:40:04.351431: Current epoch: 178, loss: 0.13027022778987885, validation loss: 0.4307750463485718
2024-04-11 12:40:21.123681:2024-04-11 12:40:21.123517: Current epoch: 179, loss: 0.1326265186071396, validation loss: 0.4308425188064575
2024-04-11 12:40:40.248440:2024-04-11 12:40:40.248259: Current epoch: 180, loss: 0.1258384734392166, validation loss: 0.43673133850097656
2024-04-11 12:40:57.125389:2024-04-11 12:40:57.125214: Current epoch: 181, loss: 0.13129353523254395, validation loss: 0.4331708252429962
2024-04-11 12:41:14.372603:2024-04-11 12:41:14.372451: Current epoch: 182, loss: 0.13136839866638184, validation loss: 0.4402172863483429
2024-04-11 12:41:31.523670:2024-04-11 12:41:31.523535: Current epoch: 183, loss: 0.12627704441547394, validation loss: 0.45166081190109253
2024-04-11 12:41:48.483441:2024-04-11 12:41:48.483266: Current epoch: 184, loss: 0.13028857111930847, validation loss: 0.45161470770835876
2024-04-11 12:42:05.721247:2024-04-11 12:42:05.721081: Current epoch: 185, loss: 0.1277046501636505, validation loss: 0.44857457280158997
2024-04-11 12:42:22.478626:2024-04-11 12:42:22.478535: Current epoch: 186, loss: 0.12778064608573914, validation loss: 0.419003427028656
2024-04-11 12:42:39.740944:2024-04-11 12:42:39.740816: Current epoch: 187, loss: 0.13258540630340576, validation loss: 0.4283795654773712
2024-04-11 12:42:57.246094:2024-04-11 12:42:57.245929: Current epoch: 188, loss: 0.12798191606998444, validation loss: 0.4331830143928528
2024-04-11 12:43:14.390170:2024-04-11 12:43:14.390005: Current epoch: 189, loss: 0.12058601528406143, validation loss: 0.4458202123641968
2024-04-11 12:43:31.034289:2024-04-11 12:43:31.034110: Current epoch: 190, loss: 0.12875142693519592, validation loss: 0.4280254542827606
2024-04-11 12:43:47.643051:2024-04-11 12:43:47.642900: Current epoch: 191, loss: 0.12655407190322876, validation loss: 0.4384176433086395
2024-04-11 12:44:04.270990:2024-04-11 12:44:04.270821: Current epoch: 192, loss: 0.13082924485206604, validation loss: 0.44013431668281555
2024-04-11 12:44:21.087616:2024-04-11 12:44:21.087417: Current epoch: 193, loss: 0.12080804258584976, validation loss: 0.448643296957016
2024-04-11 12:44:37.925700:2024-04-11 12:44:37.925518: Current epoch: 194, loss: 0.1215486153960228, validation loss: 0.4346218705177307
2024-04-11 12:44:54.805000:2024-04-11 12:44:54.804872: Current epoch: 195, loss: 0.12527744472026825, validation loss: 0.4363047480583191
2024-04-11 12:45:11.482874:2024-04-11 12:45:11.482708: Current epoch: 196, loss: 0.12401788681745529, validation loss: 0.4434753954410553
2024-04-11 12:45:28.343537:2024-04-11 12:45:28.343355: Current epoch: 197, loss: 0.1217985525727272, validation loss: 0.44418609142303467
2024-04-11 12:45:45.205688:2024-04-11 12:45:45.205532: Current epoch: 198, loss: 0.12445306032896042, validation loss: 0.42862316966056824
2024-04-11 12:46:01.859907:2024-04-11 12:46:01.859755: Current epoch: 199, loss: 0.1223534643650055, validation loss: 0.4381258189678192
2024-04-11 12:46:18.960551:2024-04-11 12:46:18.960149: Current epoch: 200, loss: 0.12322945892810822, validation loss: 0.44377341866493225
2024-04-11 12:46:35.987801:2024-04-11 12:46:35.987632: Current epoch: 201, loss: 0.12036452442407608, validation loss: 0.43556275963783264
2024-04-11 12:46:53.078599:2024-04-11 12:46:53.078427: Current epoch: 202, loss: 0.11919476091861725, validation loss: 0.45506349205970764
2024-04-11 12:47:09.956159:2024-04-11 12:47:09.955982: Current epoch: 203, loss: 0.1260160505771637, validation loss: 0.45298293232917786
2024-04-11 12:47:26.700838:2024-04-11 12:47:26.700467: Current epoch: 204, loss: 0.11800501495599747, validation loss: 0.46026381850242615
2024-04-11 12:47:43.408476:2024-04-11 12:47:43.408292: Current epoch: 205, loss: 0.1195206344127655, validation loss: 0.4294176697731018
2024-04-11 12:48:00.796044:2024-04-11 12:48:00.795815: Current epoch: 206, loss: 0.11712279170751572, validation loss: 0.44381630420684814
2024-04-11 12:48:17.370691:2024-04-11 12:48:17.370529: Current epoch: 207, loss: 0.12158819288015366, validation loss: 0.44285526871681213
2024-04-11 12:48:34.427875:2024-04-11 12:48:34.427710: Current epoch: 208, loss: 0.12236349284648895, validation loss: 0.42934519052505493
2024-04-11 12:48:51.281471:2024-04-11 12:48:51.281303: Current epoch: 209, loss: 0.11776140332221985, validation loss: 0.4394165575504303
2024-04-11 12:49:08.522559:2024-04-11 12:49:08.522375: Current epoch: 210, loss: 0.11834119260311127, validation loss: 0.43911170959472656
2024-04-11 12:49:25.521990:2024-04-11 12:49:25.521878: Current epoch: 211, loss: 0.11703426390886307, validation loss: 0.43797242641448975
2024-04-11 12:49:42.781785:2024-04-11 12:49:42.781606: Current epoch: 212, loss: 0.1153978779911995, validation loss: 0.42906326055526733
2024-04-11 12:50:00.032092:2024-04-11 12:50:00.031926: Current epoch: 213, loss: 0.11769307404756546, validation loss: 0.433388888835907
2024-04-11 12:50:16.824116:2024-04-11 12:50:16.823939: Current epoch: 214, loss: 0.12203013896942139, validation loss: 0.4259762465953827
2024-04-11 12:50:33.685720:2024-04-11 12:50:33.685554: Current epoch: 215, loss: 0.11139737069606781, validation loss: 0.4366544187068939
2024-04-11 12:50:50.575769:2024-04-11 12:50:50.575600: Current epoch: 216, loss: 0.11519462615251541, validation loss: 0.44186195731163025
2024-04-11 12:51:07.832858:2024-04-11 12:51:07.832688: Current epoch: 217, loss: 0.11424694955348969, validation loss: 0.44027143716812134
2024-04-11 12:51:24.979289:2024-04-11 12:51:24.978945: Current epoch: 218, loss: 0.12139355391263962, validation loss: 0.4310895502567291
2024-04-11 12:51:41.914884:2024-04-11 12:51:41.914708: Current epoch: 219, loss: 0.1132807508111, validation loss: 0.4372042417526245
2024-04-11 12:51:59.082604:2024-04-11 12:51:59.082433: Current epoch: 220, loss: 0.11410186439752579, validation loss: 0.444342702627182
2024-04-11 12:52:16.309623:2024-04-11 12:52:16.309453: Current epoch: 221, loss: 0.11695238202810287, validation loss: 0.4275684356689453
2024-04-11 12:52:33.760597:2024-04-11 12:52:33.760394: Current epoch: 222, loss: 0.10906268656253815, validation loss: 0.4395335912704468
2024-04-11 12:52:50.913013:2024-04-11 12:52:50.912664: Current epoch: 223, loss: 0.11316657066345215, validation loss: 0.440692663192749
2024-04-11 12:53:07.787107:2024-04-11 12:53:07.786923: Current epoch: 224, loss: 0.11505023390054703, validation loss: 0.43407759070396423
2024-04-11 12:53:24.784902:2024-04-11 12:53:24.784746: Current epoch: 225, loss: 0.11599870771169662, validation loss: 0.43791356682777405
2024-04-11 12:53:41.841871:2024-04-11 12:53:41.841718: Current epoch: 226, loss: 0.11676999181509018, validation loss: 0.4471495449542999
2024-04-11 12:53:58.770221:2024-04-11 12:53:58.770049: Current epoch: 227, loss: 0.11655820161104202, validation loss: 0.43668997287750244
2024-04-11 12:54:15.615851:2024-04-11 12:54:15.615685: Current epoch: 228, loss: 0.11045287549495697, validation loss: 0.444818377494812
2024-04-11 12:54:32.156838:2024-04-11 12:54:32.156766: Current epoch: 229, loss: 0.11007807403802872, validation loss: 0.4414454400539398
2024-04-11 12:54:48.708766:2024-04-11 12:54:48.708600: Current epoch: 230, loss: 0.11427196860313416, validation loss: 0.43598660826683044
2024-04-11 12:55:05.499526:2024-04-11 12:55:05.499359: Current epoch: 231, loss: 0.1131708025932312, validation loss: 0.42464396357536316
2024-04-11 12:55:22.285930:2024-04-11 12:55:22.285764: Current epoch: 232, loss: 0.11334805935621262, validation loss: 0.43478092551231384
2024-04-11 12:55:39.407813:2024-04-11 12:55:39.407644: Current epoch: 233, loss: 0.11245846003293991, validation loss: 0.4423081874847412
2024-04-11 12:55:56.632101:2024-04-11 12:55:56.631932: Current epoch: 234, loss: 0.1095886379480362, validation loss: 0.4398046135902405
2024-04-11 12:56:13.565672:2024-04-11 12:56:13.565517: Current epoch: 235, loss: 0.11205170303583145, validation loss: 0.4521176517009735
2024-04-11 12:56:30.495643:2024-04-11 12:56:30.495431: Current epoch: 236, loss: 0.10744583606719971, validation loss: 0.42844218015670776
2024-04-11 12:56:47.885793:2024-04-11 12:56:47.885620: Current epoch: 237, loss: 0.1113457903265953, validation loss: 0.44103482365608215
2024-04-11 12:57:04.818458:2024-04-11 12:57:04.818285: Current epoch: 238, loss: 0.1090269684791565, validation loss: 0.4393545687198639
2024-04-11 12:57:22.409502:2024-04-11 12:57:22.409317: Current epoch: 239, loss: 0.1091904267668724, validation loss: 0.437145471572876
2024-04-11 12:57:39.387186:2024-04-11 12:57:39.387021: Current epoch: 240, loss: 0.11142544448375702, validation loss: 0.4339384138584137
2024-04-11 12:57:57.037479:2024-04-11 12:57:57.037309: Current epoch: 241, loss: 0.10575044900178909, validation loss: 0.4488605856895447
2024-04-11 12:58:13.879056:2024-04-11 12:58:13.878884: Current epoch: 242, loss: 0.10479812324047089, validation loss: 0.4261677861213684
2024-04-11 12:58:31.233197:2024-04-11 12:58:31.233030: Current epoch: 243, loss: 0.10848426073789597, validation loss: 0.4446168839931488
2024-04-11 12:58:49.031221:2024-04-11 12:58:49.031052: Current epoch: 244, loss: 0.10988093167543411, validation loss: 0.43136096000671387
2024-04-11 12:59:05.667593:2024-04-11 12:59:05.667437: Current epoch: 245, loss: 0.10701227933168411, validation loss: 0.446372389793396
2024-04-11 12:59:23.117909:2024-04-11 12:59:23.117736: Current epoch: 246, loss: 0.1086467057466507, validation loss: 0.43507319688796997
2024-04-11 12:59:40.450171:2024-04-11 12:59:40.449880: Current epoch: 247, loss: 0.10555560886859894, validation loss: 0.43543949723243713
2024-04-11 12:59:57.492432:2024-04-11 12:59:57.492243: Current epoch: 248, loss: 0.10462434589862823, validation loss: 0.4279477000236511
2024-04-11 13:00:14.534732:2024-04-11 13:00:14.534412: Current epoch: 249, loss: 0.11008542776107788, validation loss: 0.44701725244522095
2024-04-11 13:00:31.353264:2024-04-11 13:00:31.353099: Current epoch: 250, loss: 0.10865034908056259, validation loss: 0.43390053510665894
2024-04-11 13:00:48.218820:2024-04-11 13:00:48.218654: Current epoch: 251, loss: 0.10135054588317871, validation loss: 0.43309998512268066
2024-04-11 13:01:05.118214:2024-04-11 13:01:05.118119: Current epoch: 252, loss: 0.10307326912879944, validation loss: 0.44168442487716675
2024-04-11 13:01:23.072554:2024-04-11 13:01:23.072388: Current epoch: 253, loss: 0.10515960305929184, validation loss: 0.4288676679134369
2024-04-11 13:01:40.051969:2024-04-11 13:01:40.051802: Current epoch: 254, loss: 0.10800398886203766, validation loss: 0.4383552372455597
2024-04-11 13:01:56.615107:2024-04-11 13:01:56.614954: Current epoch: 255, loss: 0.10097242891788483, validation loss: 0.4371759295463562
2024-04-11 13:02:13.159319:2024-04-11 13:02:13.159139: Current epoch: 256, loss: 0.10436315834522247, validation loss: 0.4460107982158661
2024-04-11 13:02:29.218735:2024-04-11 13:02:29.218414: Current epoch: 257, loss: 0.10451436787843704, validation loss: 0.4450764060020447
2024-04-11 13:02:45.553710:2024-04-11 13:02:45.553550: Current epoch: 258, loss: 0.10730615258216858, validation loss: 0.44080328941345215
2024-04-11 13:03:02.213428:2024-04-11 13:03:02.213249: Current epoch: 259, loss: 0.10413253307342529, validation loss: 0.4499068260192871
2024-04-11 13:03:18.254436:2024-04-11 13:03:18.254261: Current epoch: 260, loss: 0.10524608194828033, validation loss: 0.43376868963241577
2024-04-11 13:03:34.808819:2024-04-11 13:03:34.808648: Current epoch: 261, loss: 0.105915866792202, validation loss: 0.4441278576850891
2024-04-11 13:03:51.355289:2024-04-11 13:03:51.355090: Current epoch: 262, loss: 0.11032447963953018, validation loss: 0.4297226071357727
2024-04-11 13:04:08.047923:2024-04-11 13:04:08.047738: Current epoch: 263, loss: 0.1031305119395256, validation loss: 0.43810996413230896
2024-04-11 13:04:24.974349:2024-04-11 13:04:24.974256: Current epoch: 264, loss: 0.1009458675980568, validation loss: 0.43870896100997925
2024-04-11 13:04:41.728394:2024-04-11 13:04:41.728207: Current epoch: 265, loss: 0.10572695732116699, validation loss: 0.43632936477661133
2024-04-11 13:04:58.520843:2024-04-11 13:04:58.520695: Current epoch: 266, loss: 0.10127084702253342, validation loss: 0.43176090717315674
2024-04-11 13:05:14.900626:2024-04-11 13:05:14.900527: Current epoch: 267, loss: 0.10827654600143433, validation loss: 0.4338632822036743
2024-04-11 13:05:31.869375:2024-04-11 13:05:31.869306: Current epoch: 268, loss: 0.1034700945019722, validation loss: 0.43399593234062195
2024-04-11 13:05:48.809093:2024-04-11 13:05:48.808926: Current epoch: 269, loss: 0.1012452095746994, validation loss: 0.4349605441093445
2024-04-11 13:06:05.483754:2024-04-11 13:06:05.483677: Current epoch: 270, loss: 0.10179942101240158, validation loss: 0.4345470666885376
2024-04-11 13:06:22.120216:2024-04-11 13:06:22.120058: Current epoch: 271, loss: 0.10547081381082535, validation loss: 0.43474510312080383
2024-04-11 13:06:38.995768:2024-04-11 13:06:38.995695: Current epoch: 272, loss: 0.09928286820650101, validation loss: 0.4543827772140503
2024-04-11 13:06:55.318868:2024-04-11 13:06:55.318790: Current epoch: 273, loss: 0.10579876601696014, validation loss: 0.44416680932044983
2024-04-11 13:07:11.802413:2024-04-11 13:07:11.802254: Current epoch: 274, loss: 0.1024148240685463, validation loss: 0.4524792730808258
2024-04-11 13:07:28.294762:2024-04-11 13:07:28.294663: Current epoch: 275, loss: 0.09960465133190155, validation loss: 0.4344649314880371
2024-04-11 13:07:45.389558:2024-04-11 13:07:45.389480: Current epoch: 276, loss: 0.09728482365608215, validation loss: 0.43337443470954895
2024-04-11 13:08:02.315108:2024-04-11 13:08:02.314959: Current epoch: 277, loss: 0.09421660006046295, validation loss: 0.4234175682067871
2024-04-11 13:08:18.797313:2024-04-11 13:08:18.797200: Current epoch: 278, loss: 0.100771464407444, validation loss: 0.41949424147605896
2024-04-11 13:08:35.513232:2024-04-11 13:08:35.513173: Current epoch: 279, loss: 0.10312744230031967, validation loss: 0.44731226563453674
2024-04-11 13:08:52.463550:2024-04-11 13:08:52.463475: Current epoch: 280, loss: 0.09289269894361496, validation loss: 0.4269815683364868
2024-04-11 13:09:09.443505:2024-04-11 13:09:09.443350: Current epoch: 281, loss: 0.09559405595064163, validation loss: 0.4260142743587494
2024-04-11 13:09:25.997092:2024-04-11 13:09:25.997025: Current epoch: 282, loss: 0.0995723307132721, validation loss: 0.4339161515235901
2024-04-11 13:09:42.294640:2024-04-11 13:09:42.294489: Current epoch: 283, loss: 0.09654077142477036, validation loss: 0.42950913310050964
2024-04-11 13:09:58.799625:2024-04-11 13:09:58.799529: Current epoch: 284, loss: 0.0978272408246994, validation loss: 0.4345214068889618
2024-04-11 13:10:15.956633:2024-04-11 13:10:15.956556: Current epoch: 285, loss: 0.09960571676492691, validation loss: 0.4265061318874359
2024-04-11 13:10:32.747152:2024-04-11 13:10:32.747072: Current epoch: 286, loss: 0.09589678794145584, validation loss: 0.433180570602417
2024-04-11 13:10:33.856536:the test error is  [0.3932031989097595, 0.3932031989097595]
2024-04-11 13:10:36.260472:saved model to sample/alignn_matbert-base-cased_chemnlp_prop_magmom_outcar
2024-04-11 13:10:37.264473:done