
2024-03-20 20:50:05.027581:job config: {'train_data_path': '/data/yll6162/alignntl_dft_3d/tl_dataset/dataset_alignn_bert-base-uncased_robo_prop_Tc_supercon_train.csv', 'val_data_path': '/data/yll6162/alignntl_dft_3d/tl_dataset/dataset_alignn_bert-base-uncased_robo_prop_Tc_supercon_val.csv', 'test_data_path': '/data/yll6162/alignntl_dft_3d/tl_dataset/dataset_alignn_bert-base-uncased_robo_prop_Tc_supercon_test.csv', 'label': 'Tc_supercon', 'input_type': None, 'log_folder': 'log', 'log_file': 'alignn_bert-base-uncased_robo_prop_Tc_supercon.log', 'test_metric': 'mae', 'architecture': '1024Rx4D-512Rx3D-256Rx3D-128Rx3D-64Rx2-32Rx1-1', 'model_seed': 0, 'loss_type': 'mae', 'config_file': 'sample/alignn_bert-base-uncased_robo_prop_Tc_supercon_job.config', 'use_valid': True, 'project': 'MOF', 'regressors': None, 'input_types': None, 'paramsGrid': {'optimizer': 'Adam', 'learning_rate': 0.0001, 'patience': 100, 'dropouts': [0.8, 0.9, 0.7, 0.8], 'EVAL_FREQUENCY': 1000}, 'save_path': 'sample/alignn_bert-base-uncased_robo_prop_Tc_supercon', 'model_path': None, 'last_layer_with_weight': True, 'keras_path': 'model/alignn_bert-base-uncased_robo_prop_Tc_supercon', 'test_size': None, 'val_size': None}
2024-03-20 20:50:05.027696:train data path is  /data/yll6162/alignntl_dft_3d/tl_dataset/dataset_alignn_bert-base-uncased_robo_prop_Tc_supercon_train.csv
2024-03-20 20:50:05.314734:input attribute sets are:  None
2024-03-20 20:50:05.314983:test data path is  /data/yll6162/alignntl_dft_3d/tl_dataset/dataset_alignn_bert-base-uncased_robo_prop_Tc_supercon_test.csv
2024-03-20 20:50:05.415897:val data path is  /data/yll6162/alignntl_dft_3d/tl_dataset/dataset_alignn_bert-base-uncased_robo_prop_Tc_supercon_val.csv
2024-03-20 20:50:05.510861:input attributes are:  Index(['0', '1', '2', '3', '4', '5', '6', '7', '8', '9',
       ...
       '758.1', '759.1', '760.1', '761.1', '762.1', '763.1', '764.1', '765.1',
       '766.1', '767.1'],
      dtype='object', length=1536)
2024-03-20 20:50:05.510963:label: Tc_supercon
2024-03-20 20:50:15.861759: train, test, valid sizes:  (842, 1536) (842,) (106, 1536) (106,) (106, 1536) (106,)
2024-03-20 20:50:15.873040:train matrix shape of train_X:  (842, 1536)  train_y:  (842,)
2024-03-20 20:50:15.873229:valid matrix shape of train_X:  (106, 1536)  valid_y:  (106,)
2024-03-20 20:50:15.873333:test matrix shape of valid_X:   (106, 1536)  test_y:  (106,)
2024-03-20 20:50:15.873425:architecture is:  1024Rx4D-512Rx3D-256Rx3D-128Rx3D-64Rx2-32Rx1-1
2024-03-20 20:50:15.873530:learning rate is  0.0001
2024-03-20 20:50:15.873621:model path is  None
2024-03-20 20:50:15.902242:adding fully connected layers with 1024 outputs
2024-03-20 20:50:16.464673:adding residual with fc as the size are different
2024-03-20 20:50:16.472139:adding fully connected layers with 1024 outputs
2024-03-20 20:50:16.481534:adding residual, both sizes are same
2024-03-20 20:50:16.483653:adding fully connected layers with 1024 outputs
2024-03-20 20:50:16.488977:adding residual, both sizes are same
2024-03-20 20:50:16.490854:adding fully connected layers with 1024 outputs
2024-03-20 20:50:16.495587:adding residual, both sizes are same
2024-03-20 20:50:16.497748:adding dropout 0.8
2024-03-20 20:50:16.502812:adding fully connected layers with 512 outputs
2024-03-20 20:50:16.512439:adding residual with fc as the size are different
2024-03-20 20:50:16.518754:adding fully connected layers with 512 outputs
2024-03-20 20:50:16.528271:adding residual, both sizes are same
2024-03-20 20:50:16.531203:adding fully connected layers with 512 outputs
2024-03-20 20:50:16.535944:adding residual, both sizes are same
2024-03-20 20:50:16.537815:adding dropout 0.9
2024-03-20 20:50:16.539422:adding fully connected layers with 256 outputs
2024-03-20 20:50:16.548382:adding residual with fc as the size are different
2024-03-20 20:50:16.554596:adding fully connected layers with 256 outputs
2024-03-20 20:50:16.564236:adding residual, both sizes are same
2024-03-20 20:50:16.566706:adding fully connected layers with 256 outputs
2024-03-20 20:50:16.572215:adding residual, both sizes are same
2024-03-20 20:50:16.574093:adding dropout 0.7
2024-03-20 20:50:16.575716:adding fully connected layers with 128 outputs
2024-03-20 20:50:16.584037:adding residual with fc as the size are different
2024-03-20 20:50:16.590498:adding fully connected layers with 128 outputs
2024-03-20 20:50:16.599904:adding residual, both sizes are same
2024-03-20 20:50:16.602033:adding fully connected layers with 128 outputs
2024-03-20 20:50:16.606970:adding residual, both sizes are same
2024-03-20 20:50:16.608853:adding dropout 0.8
2024-03-20 20:50:16.610475:adding fully connected layers with 64 outputs
2024-03-20 20:50:16.619820:adding residual with fc as the size are different
2024-03-20 20:50:16.626193:adding fully connected layers with 64 outputs
2024-03-20 20:50:16.635589:adding residual, both sizes are same
2024-03-20 20:50:16.637537:adding fully connected layers with 32 outputs
2024-03-20 20:50:16.646905:adding residual with fc as the size are different
2024-03-20 20:50:16.653246:adding final layer with 1 output
2024-03-20 20:50:16.679492:Model: "ElemNet"
2024-03-20 20:50:16.679648:__________________________________________________________________________________________________
2024-03-20 20:50:16.679725:Layer (type)                    Output Shape         Param #     Connected to                     
2024-03-20 20:50:16.679783:==================================================================================================
2024-03-20 20:50:16.680104:elemental_fractions (InputLayer [(None, 1536)]       0                                            
2024-03-20 20:50:16.680172:__________________________________________________________________________________________________
2024-03-20 20:50:16.680347:fc0_0 (Dense)                   (None, 1024)         1573888     elemental_fractions[0][0]        
2024-03-20 20:50:16.680396:__________________________________________________________________________________________________
2024-03-20 20:50:16.680531:fc0_dim_0 (Dense)               (None, 1024)         1573888     elemental_fractions[0][0]        
2024-03-20 20:50:16.680577:__________________________________________________________________________________________________
2024-03-20 20:50:16.680666:tf.__operators__.add (TFOpLambd (None, 1024)         0           fc0_0[0][0]                      
2024-03-20 20:50:16.680712:                                                                 fc0_dim_0[0][0]                  
2024-03-20 20:50:16.680750:__________________________________________________________________________________________________
2024-03-20 20:50:16.680866:fc0_1 (Dense)                   (None, 1024)         1049600     tf.__operators__.add[0][0]       
2024-03-20 20:50:16.680909:__________________________________________________________________________________________________
2024-03-20 20:50:16.680992:tf.__operators__.add_1 (TFOpLam (None, 1024)         0           fc0_1[0][0]                      
2024-03-20 20:50:16.681036:                                                                 tf.__operators__.add[0][0]       
2024-03-20 20:50:16.681074:__________________________________________________________________________________________________
2024-03-20 20:50:16.681184:fc0_2 (Dense)                   (None, 1024)         1049600     tf.__operators__.add_1[0][0]     
2024-03-20 20:50:16.681227:__________________________________________________________________________________________________
2024-03-20 20:50:16.681308:tf.__operators__.add_2 (TFOpLam (None, 1024)         0           fc0_2[0][0]                      
2024-03-20 20:50:16.681352:                                                                 tf.__operators__.add_1[0][0]     
2024-03-20 20:50:16.681389:__________________________________________________________________________________________________
2024-03-20 20:50:16.681506:fc0_3 (Dense)                   (None, 1024)         1049600     tf.__operators__.add_2[0][0]     
2024-03-20 20:50:16.681551:__________________________________________________________________________________________________
2024-03-20 20:50:16.681631:tf.__operators__.add_3 (TFOpLam (None, 1024)         0           fc0_3[0][0]                      
2024-03-20 20:50:16.681683:                                                                 tf.__operators__.add_2[0][0]     
2024-03-20 20:50:16.681721:__________________________________________________________________________________________________
2024-03-20 20:50:16.681802:dropout (Dropout)               (None, 1024)         0           tf.__operators__.add_3[0][0]     
2024-03-20 20:50:16.681842:__________________________________________________________________________________________________
2024-03-20 20:50:16.681954:fc1_0 (Dense)                   (None, 512)          524800      dropout[0][0]                    
2024-03-20 20:50:16.681998:__________________________________________________________________________________________________
2024-03-20 20:50:16.682109:fc1_dim_0 (Dense)               (None, 512)          524800      dropout[0][0]                    
2024-03-20 20:50:16.682152:__________________________________________________________________________________________________
2024-03-20 20:50:16.682232:tf.__operators__.add_4 (TFOpLam (None, 512)          0           fc1_0[0][0]                      
2024-03-20 20:50:16.682276:                                                                 fc1_dim_0[0][0]                  
2024-03-20 20:50:16.682314:__________________________________________________________________________________________________
2024-03-20 20:50:16.682423:fc1_1 (Dense)                   (None, 512)          262656      tf.__operators__.add_4[0][0]     
2024-03-20 20:50:16.682473:__________________________________________________________________________________________________
2024-03-20 20:50:16.682554:tf.__operators__.add_5 (TFOpLam (None, 512)          0           fc1_1[0][0]                      
2024-03-20 20:50:16.682599:                                                                 tf.__operators__.add_4[0][0]     
2024-03-20 20:50:16.682636:__________________________________________________________________________________________________
2024-03-20 20:50:16.682744:fc1_2 (Dense)                   (None, 512)          262656      tf.__operators__.add_5[0][0]     
2024-03-20 20:50:16.682787:__________________________________________________________________________________________________
2024-03-20 20:50:16.682865:tf.__operators__.add_6 (TFOpLam (None, 512)          0           fc1_2[0][0]                      
2024-03-20 20:50:16.682908:                                                                 tf.__operators__.add_5[0][0]     
2024-03-20 20:50:16.682946:__________________________________________________________________________________________________
2024-03-20 20:50:16.683022:dropout_1 (Dropout)             (None, 512)          0           tf.__operators__.add_6[0][0]     
2024-03-20 20:50:16.683061:__________________________________________________________________________________________________
2024-03-20 20:50:16.683169:fc2_0 (Dense)                   (None, 256)          131328      dropout_1[0][0]                  
2024-03-20 20:50:16.683213:__________________________________________________________________________________________________
2024-03-20 20:50:16.683322:fc2_dim_0 (Dense)               (None, 256)          131328      dropout_1[0][0]                  
2024-03-20 20:50:16.683365:__________________________________________________________________________________________________
2024-03-20 20:50:16.683443:tf.__operators__.add_7 (TFOpLam (None, 256)          0           fc2_0[0][0]                      
2024-03-20 20:50:16.683510:                                                                 fc2_dim_0[0][0]                  
2024-03-20 20:50:16.683549:__________________________________________________________________________________________________
2024-03-20 20:50:16.683662:fc2_1 (Dense)                   (None, 256)          65792       tf.__operators__.add_7[0][0]     
2024-03-20 20:50:16.683705:__________________________________________________________________________________________________
2024-03-20 20:50:16.683783:tf.__operators__.add_8 (TFOpLam (None, 256)          0           fc2_1[0][0]                      
2024-03-20 20:50:16.683833:                                                                 tf.__operators__.add_7[0][0]     
2024-03-20 20:50:16.683871:__________________________________________________________________________________________________
2024-03-20 20:50:16.683979:fc2_2 (Dense)                   (None, 256)          65792       tf.__operators__.add_8[0][0]     
2024-03-20 20:50:16.684022:__________________________________________________________________________________________________
2024-03-20 20:50:16.684101:tf.__operators__.add_9 (TFOpLam (None, 256)          0           fc2_2[0][0]                      
2024-03-20 20:50:16.684145:                                                                 tf.__operators__.add_8[0][0]     
2024-03-20 20:50:16.684182:__________________________________________________________________________________________________
2024-03-20 20:50:16.684257:dropout_2 (Dropout)             (None, 256)          0           tf.__operators__.add_9[0][0]     
2024-03-20 20:50:16.684296:__________________________________________________________________________________________________
2024-03-20 20:50:16.684404:fc3_0 (Dense)                   (None, 128)          32896       dropout_2[0][0]                  
2024-03-20 20:50:16.684447:__________________________________________________________________________________________________
2024-03-20 20:50:16.684562:fc3_dim_0 (Dense)               (None, 128)          32896       dropout_2[0][0]                  
2024-03-20 20:50:16.684605:__________________________________________________________________________________________________
2024-03-20 20:50:16.684684:tf.__operators__.add_10 (TFOpLa (None, 128)          0           fc3_0[0][0]                      
2024-03-20 20:50:16.684728:                                                                 fc3_dim_0[0][0]                  
2024-03-20 20:50:16.684766:__________________________________________________________________________________________________
2024-03-20 20:50:16.684873:fc3_1 (Dense)                   (None, 128)          16512       tf.__operators__.add_10[0][0]    
2024-03-20 20:50:16.684916:__________________________________________________________________________________________________
2024-03-20 20:50:16.684995:tf.__operators__.add_11 (TFOpLa (None, 128)          0           fc3_1[0][0]                      
2024-03-20 20:50:16.685039:                                                                 tf.__operators__.add_10[0][0]    
2024-03-20 20:50:16.685076:__________________________________________________________________________________________________
2024-03-20 20:50:16.685183:fc3_2 (Dense)                   (None, 128)          16512       tf.__operators__.add_11[0][0]    
2024-03-20 20:50:16.685225:__________________________________________________________________________________________________
2024-03-20 20:50:16.685305:tf.__operators__.add_12 (TFOpLa (None, 128)          0           fc3_2[0][0]                      
2024-03-20 20:50:16.685348:                                                                 tf.__operators__.add_11[0][0]    
2024-03-20 20:50:16.685385:__________________________________________________________________________________________________
2024-03-20 20:50:16.685468:dropout_3 (Dropout)             (None, 128)          0           tf.__operators__.add_12[0][0]    
2024-03-20 20:50:16.685510:__________________________________________________________________________________________________
2024-03-20 20:50:16.685619:fc4_0 (Dense)                   (None, 64)           8256        dropout_3[0][0]                  
2024-03-20 20:50:16.685662:__________________________________________________________________________________________________
2024-03-20 20:50:16.685768:fc4_dim_0 (Dense)               (None, 64)           8256        dropout_3[0][0]                  
2024-03-20 20:50:16.685810:__________________________________________________________________________________________________
2024-03-20 20:50:16.685893:tf.__operators__.add_13 (TFOpLa (None, 64)           0           fc4_0[0][0]                      
2024-03-20 20:50:16.685937:                                                                 fc4_dim_0[0][0]                  
2024-03-20 20:50:16.685974:__________________________________________________________________________________________________
2024-03-20 20:50:16.686080:fc4_1 (Dense)                   (None, 64)           4160        tf.__operators__.add_13[0][0]    
2024-03-20 20:50:16.686122:__________________________________________________________________________________________________
2024-03-20 20:50:16.686199:tf.__operators__.add_14 (TFOpLa (None, 64)           0           fc4_1[0][0]                      
2024-03-20 20:50:16.686243:                                                                 tf.__operators__.add_13[0][0]    
2024-03-20 20:50:16.686281:__________________________________________________________________________________________________
2024-03-20 20:50:16.686385:fc5_0 (Dense)                   (None, 32)           2080        tf.__operators__.add_14[0][0]    
2024-03-20 20:50:16.686427:__________________________________________________________________________________________________
2024-03-20 20:50:16.686539:fc5_dim_0 (Dense)               (None, 32)           2080        tf.__operators__.add_14[0][0]    
2024-03-20 20:50:16.690744:__________________________________________________________________________________________________
2024-03-20 20:50:16.690856:tf.__operators__.add_15 (TFOpLa (None, 32)           0           fc5_0[0][0]                      
2024-03-20 20:50:16.690901:                                                                 fc5_dim_0[0][0]                  
2024-03-20 20:50:16.690939:__________________________________________________________________________________________________
2024-03-20 20:50:16.691049:fc6 (Dense)                     (None, 1)            33          tf.__operators__.add_15[0][0]    
2024-03-20 20:50:16.691091:==================================================================================================
2024-03-20 20:50:16.691793:Total params: 8,389,409
2024-03-20 20:50:16.691846:Trainable params: 8,389,409
2024-03-20 20:50:16.691887:Non-trainable params: 0
2024-03-20 20:50:16.691924:__________________________________________________________________________________________________
2024-03-20 20:50:16.702953:start training
2024-03-20 20:50:18.894693:2024-03-20 20:50:18.894632: Current epoch: 0, loss: 20.957860946655273, validation loss: 8.000523567199707
2024-03-20 20:50:19.253850:2024-03-20 20:50:19.253579: Current epoch: 1, loss: 6.633853912353516, validation loss: 6.0706305503845215
2024-03-20 20:50:19.520897:2024-03-20 20:50:19.520851: Current epoch: 2, loss: 5.0514631271362305, validation loss: 4.289261341094971
2024-03-20 20:50:19.910778:2024-03-20 20:50:19.910711: Current epoch: 3, loss: 5.317202568054199, validation loss: 7.913115978240967
2024-03-20 20:50:20.300478:2024-03-20 20:50:20.300394: Current epoch: 4, loss: 4.600032806396484, validation loss: 4.775680065155029
2024-03-20 20:50:20.626968:2024-03-20 20:50:20.626906: Current epoch: 5, loss: 3.921945810317993, validation loss: 4.532576084136963
2024-03-20 20:50:20.874759:2024-03-20 20:50:20.874706: Current epoch: 6, loss: 4.074204921722412, validation loss: 3.8966541290283203
2024-03-20 20:50:21.266011:2024-03-20 20:50:21.265961: Current epoch: 7, loss: 3.6888632774353027, validation loss: 2.767688035964966
2024-03-20 20:50:21.645829:2024-03-20 20:50:21.645782: Current epoch: 8, loss: 3.1194682121276855, validation loss: 3.880157947540283
2024-03-20 20:50:22.042923:2024-03-20 20:50:22.042835: Current epoch: 9, loss: 3.1120567321777344, validation loss: 2.607398509979248
2024-03-20 20:50:25.801925:2024-03-20 20:50:25.801580: Current epoch: 10, loss: 3.0420994758605957, validation loss: 2.578026533126831
2024-03-20 20:50:26.076908:2024-03-20 20:50:26.076865: Current epoch: 11, loss: 2.8618621826171875, validation loss: 2.449465751647949
2024-03-20 20:50:26.469874:2024-03-20 20:50:26.469805: Current epoch: 12, loss: 2.4767801761627197, validation loss: 4.583635330200195
2024-03-20 20:50:26.833121:2024-03-20 20:50:26.833064: Current epoch: 13, loss: 3.2184691429138184, validation loss: 2.633241653442383
2024-03-20 20:50:27.123817:2024-03-20 20:50:27.123757: Current epoch: 14, loss: 2.5206170082092285, validation loss: 2.7590901851654053
2024-03-20 20:50:27.435196:2024-03-20 20:50:27.435127: Current epoch: 15, loss: 2.277994155883789, validation loss: 3.0737369060516357
2024-03-20 20:50:27.833539:2024-03-20 20:50:27.833486: Current epoch: 16, loss: 2.726590156555176, validation loss: 3.0776758193969727
2024-03-20 20:50:28.197074:2024-03-20 20:50:28.197008: Current epoch: 17, loss: 2.124981641769409, validation loss: 3.3269121646881104
2024-03-20 20:50:28.430787:2024-03-20 20:50:28.430751: Current epoch: 18, loss: 2.398991107940674, validation loss: 4.070435047149658
2024-03-20 20:50:28.779863:2024-03-20 20:50:28.779814: Current epoch: 19, loss: 2.466254949569702, validation loss: 3.069406509399414
2024-03-20 20:50:29.140671:2024-03-20 20:50:29.140626: Current epoch: 20, loss: 2.197052478790283, validation loss: 2.6702826023101807
2024-03-20 20:50:29.470050:2024-03-20 20:50:29.469978: Current epoch: 21, loss: 2.093439817428589, validation loss: 2.6065328121185303
2024-03-20 20:50:29.714736:2024-03-20 20:50:29.714692: Current epoch: 22, loss: 2.4106383323669434, validation loss: 2.2260377407073975
2024-03-20 20:50:30.109929:2024-03-20 20:50:30.109861: Current epoch: 23, loss: 1.9573312997817993, validation loss: 3.0002951622009277
2024-03-20 20:50:30.524801:2024-03-20 20:50:30.524734: Current epoch: 24, loss: 2.5861499309539795, validation loss: 2.98549485206604
2024-03-20 20:50:30.851944:2024-03-20 20:50:30.851882: Current epoch: 25, loss: 2.234023094177246, validation loss: 2.8553683757781982
2024-03-20 20:50:31.080944:2024-03-20 20:50:31.080877: Current epoch: 26, loss: 1.8817683458328247, validation loss: 2.3870584964752197
2024-03-20 20:50:31.469731:2024-03-20 20:50:31.469661: Current epoch: 27, loss: 1.617717981338501, validation loss: 3.1340701580047607
2024-03-20 20:50:31.844718:2024-03-20 20:50:31.844673: Current epoch: 28, loss: 2.162123680114746, validation loss: 2.526743173599243
2024-03-20 20:50:32.165176:2024-03-20 20:50:32.165111: Current epoch: 29, loss: 1.8812918663024902, validation loss: 2.4584360122680664
2024-03-20 20:50:35.578359:2024-03-20 20:50:35.578276: Current epoch: 30, loss: 2.06149959564209, validation loss: 2.2049381732940674
2024-03-20 20:50:35.852935:2024-03-20 20:50:35.852868: Current epoch: 31, loss: 1.7627347707748413, validation loss: 2.30096435546875
2024-03-20 20:50:36.280681:2024-03-20 20:50:36.280639: Current epoch: 32, loss: 1.4558689594268799, validation loss: 2.0954160690307617
2024-03-20 20:50:36.653860:2024-03-20 20:50:36.653817: Current epoch: 33, loss: 1.3920729160308838, validation loss: 2.7945568561553955
2024-03-20 20:50:36.982809:2024-03-20 20:50:36.982750: Current epoch: 34, loss: 1.4746557474136353, validation loss: 2.434162139892578
2024-03-20 20:50:37.246924:2024-03-20 20:50:37.246880: Current epoch: 35, loss: 1.5474894046783447, validation loss: 2.0392584800720215
2024-03-20 20:50:37.641848:2024-03-20 20:50:37.641799: Current epoch: 36, loss: 1.3825005292892456, validation loss: 1.8183304071426392
2024-03-20 20:50:38.013507:2024-03-20 20:50:38.013401: Current epoch: 37, loss: 1.2981326580047607, validation loss: 2.053131580352783
2024-03-20 20:50:38.293151:2024-03-20 20:50:38.293112: Current epoch: 38, loss: 1.4908784627914429, validation loss: 2.2219645977020264
2024-03-20 20:50:38.622883:2024-03-20 20:50:38.622817: Current epoch: 39, loss: 1.2175198793411255, validation loss: 2.0503690242767334
2024-03-20 20:50:42.091724:2024-03-20 20:50:42.091656: Current epoch: 40, loss: 1.126604676246643, validation loss: 2.01845383644104
2024-03-20 20:50:42.478627:2024-03-20 20:50:42.478574: Current epoch: 41, loss: 1.1651257276535034, validation loss: 1.8877676725387573
2024-03-20 20:50:42.827659:2024-03-20 20:50:42.827616: Current epoch: 42, loss: 1.1243664026260376, validation loss: 1.9480533599853516
2024-03-20 20:50:43.148733:2024-03-20 20:50:43.148676: Current epoch: 43, loss: 1.4288382530212402, validation loss: 2.6694376468658447
2024-03-20 20:50:43.392652:2024-03-20 20:50:43.392526: Current epoch: 44, loss: 1.4473589658737183, validation loss: 2.2336318492889404
2024-03-20 20:50:43.761815:2024-03-20 20:50:43.761747: Current epoch: 45, loss: 1.3206064701080322, validation loss: 2.348194122314453
2024-03-20 20:50:44.179846:2024-03-20 20:50:44.179781: Current epoch: 46, loss: 1.460891842842102, validation loss: 1.9350063800811768
2024-03-20 20:50:44.536624:2024-03-20 20:50:44.536554: Current epoch: 47, loss: 1.1059163808822632, validation loss: 1.9787189960479736
2024-03-20 20:50:44.828107:2024-03-20 20:50:44.828053: Current epoch: 48, loss: 1.1453214883804321, validation loss: 2.027940034866333
2024-03-20 20:50:45.078891:2024-03-20 20:50:45.078834: Current epoch: 49, loss: 1.441086769104004, validation loss: 1.9424270391464233
2024-03-20 20:50:48.498848:2024-03-20 20:50:48.498750: Current epoch: 50, loss: 1.290145754814148, validation loss: 2.0343570709228516
2024-03-20 20:50:48.871385:2024-03-20 20:50:48.871330: Current epoch: 51, loss: 1.2114802598953247, validation loss: 1.9398373365402222
2024-03-20 20:50:49.225204:2024-03-20 20:50:49.225113: Current epoch: 52, loss: 1.0543478727340698, validation loss: 1.7793729305267334
2024-03-20 20:50:49.471257:2024-03-20 20:50:49.471201: Current epoch: 53, loss: 0.9530341029167175, validation loss: 1.8875173330307007
2024-03-20 20:50:49.857415:2024-03-20 20:50:49.857346: Current epoch: 54, loss: 1.0075671672821045, validation loss: 2.0701425075531006
2024-03-20 20:50:50.272335:2024-03-20 20:50:50.272281: Current epoch: 55, loss: 1.1136901378631592, validation loss: 1.8771450519561768
2024-03-20 20:50:50.618285:2024-03-20 20:50:50.618207: Current epoch: 56, loss: 1.201167345046997, validation loss: 1.8145830631256104
2024-03-20 20:50:50.859438:2024-03-20 20:50:50.859405: Current epoch: 57, loss: 1.1508172750473022, validation loss: 1.810500144958496
2024-03-20 20:50:51.219013:2024-03-20 20:50:51.218931: Current epoch: 58, loss: 0.9871774911880493, validation loss: 2.074582576751709
2024-03-20 20:50:51.588528:2024-03-20 20:50:51.588438: Current epoch: 59, loss: 0.9865500330924988, validation loss: 2.0171053409576416
2024-03-20 20:50:51.913976:2024-03-20 20:50:51.913916: Current epoch: 60, loss: 0.9468846321105957, validation loss: 1.9801876544952393
2024-03-20 20:50:52.198841:2024-03-20 20:50:52.198777: Current epoch: 61, loss: 0.9185837507247925, validation loss: 1.9723100662231445
2024-03-20 20:50:52.454935:2024-03-20 20:50:52.454868: Current epoch: 62, loss: 1.0202054977416992, validation loss: 2.1054224967956543
2024-03-20 20:50:52.843050:2024-03-20 20:50:52.842982: Current epoch: 63, loss: 0.9612023234367371, validation loss: 1.9016913175582886
2024-03-20 20:50:53.206868:2024-03-20 20:50:53.206800: Current epoch: 64, loss: 1.0395479202270508, validation loss: 2.167447566986084
2024-03-20 20:50:53.568261:2024-03-20 20:50:53.568201: Current epoch: 65, loss: 0.9746395349502563, validation loss: 1.907355546951294
2024-03-20 20:50:53.840730:2024-03-20 20:50:53.840692: Current epoch: 66, loss: 1.0526962280273438, validation loss: 1.9952218532562256
2024-03-20 20:50:54.201370:2024-03-20 20:50:54.201321: Current epoch: 67, loss: 1.0430625677108765, validation loss: 1.7562658786773682
2024-03-20 20:50:54.583192:2024-03-20 20:50:54.583137: Current epoch: 68, loss: 1.0306917428970337, validation loss: 1.9519894123077393
2024-03-20 20:50:54.938730:2024-03-20 20:50:54.938689: Current epoch: 69, loss: 1.0924301147460938, validation loss: 1.8959519863128662
2024-03-20 20:50:58.619264:2024-03-20 20:50:58.619170: Current epoch: 70, loss: 0.9943229556083679, validation loss: 2.0307109355926514
2024-03-20 20:50:58.900045:2024-03-20 20:50:58.899983: Current epoch: 71, loss: 1.0567790269851685, validation loss: 1.8791977167129517
2024-03-20 20:50:59.167364:2024-03-20 20:50:59.167306: Current epoch: 72, loss: 0.9830201268196106, validation loss: 2.1253297328948975
2024-03-20 20:50:59.579184:2024-03-20 20:50:59.579084: Current epoch: 73, loss: 1.2559431791305542, validation loss: 1.822853684425354
2024-03-20 20:50:59.975390:2024-03-20 20:50:59.975298: Current epoch: 74, loss: 0.9283121824264526, validation loss: 1.9936907291412354
2024-03-20 20:51:00.313421:2024-03-20 20:51:00.313358: Current epoch: 75, loss: 0.9162498116493225, validation loss: 1.7730506658554077
2024-03-20 20:51:00.545283:2024-03-20 20:51:00.545231: Current epoch: 76, loss: 0.9584333896636963, validation loss: 2.1081817150115967
2024-03-20 20:51:00.934328:2024-03-20 20:51:00.934265: Current epoch: 77, loss: 1.0727441310882568, validation loss: 1.9428260326385498
2024-03-20 20:51:01.303081:2024-03-20 20:51:01.303010: Current epoch: 78, loss: 0.8064924478530884, validation loss: 2.0806009769439697
2024-03-20 20:51:01.577232:2024-03-20 20:51:01.577187: Current epoch: 79, loss: 0.852656900882721, validation loss: 1.788834571838379
2024-03-20 20:51:04.747898:2024-03-20 20:51:04.747866: Current epoch: 80, loss: 0.864552915096283, validation loss: 2.1551036834716797
2024-03-20 20:51:05.044542:2024-03-20 20:51:05.044452: Current epoch: 81, loss: 0.9244294762611389, validation loss: 1.9088823795318604
2024-03-20 20:51:05.449277:2024-03-20 20:51:05.449220: Current epoch: 82, loss: 0.958531379699707, validation loss: 1.9196206331253052
2024-03-20 20:51:05.803694:2024-03-20 20:51:05.803635: Current epoch: 83, loss: 0.9022260904312134, validation loss: 2.0048725605010986
2024-03-20 20:51:06.067403:2024-03-20 20:51:06.067360: Current epoch: 84, loss: 0.8713382482528687, validation loss: 1.7262006998062134
2024-03-20 20:51:06.464751:2024-03-20 20:51:06.464625: Current epoch: 85, loss: 1.0064141750335693, validation loss: 1.9866678714752197
2024-03-20 20:51:06.839079:2024-03-20 20:51:06.839010: Current epoch: 86, loss: 1.0075799226760864, validation loss: 1.987074375152588
2024-03-20 20:51:07.089435:2024-03-20 20:51:07.089404: Current epoch: 87, loss: 1.1992638111114502, validation loss: 2.3636646270751953
2024-03-20 20:51:07.428332:2024-03-20 20:51:07.428264: Current epoch: 88, loss: 1.0535794496536255, validation loss: 1.9055978059768677
2024-03-20 20:51:07.791318:2024-03-20 20:51:07.791281: Current epoch: 89, loss: 0.8620800375938416, validation loss: 1.81791353225708
2024-03-20 20:51:08.132397:2024-03-20 20:51:08.132319: Current epoch: 90, loss: 0.777268648147583, validation loss: 1.8983811140060425
2024-03-20 20:51:08.353852:2024-03-20 20:51:08.353816: Current epoch: 91, loss: 0.8029324412345886, validation loss: 1.8656408786773682
2024-03-20 20:51:08.723585:2024-03-20 20:51:08.723515: Current epoch: 92, loss: 0.7727113366127014, validation loss: 1.7285566329956055
2024-03-20 20:51:09.106910:2024-03-20 20:51:09.106854: Current epoch: 93, loss: 0.7510846257209778, validation loss: 1.9133775234222412
2024-03-20 20:51:09.471427:2024-03-20 20:51:09.471361: Current epoch: 94, loss: 0.7303324937820435, validation loss: 1.8303797245025635
2024-03-20 20:51:09.765565:2024-03-20 20:51:09.765500: Current epoch: 95, loss: 0.7603142857551575, validation loss: 1.8641972541809082
2024-03-20 20:51:10.030488:2024-03-20 20:51:10.030425: Current epoch: 96, loss: 0.7791691422462463, validation loss: 1.8096771240234375
2024-03-20 20:51:10.417181:2024-03-20 20:51:10.417131: Current epoch: 97, loss: 0.8054748177528381, validation loss: 1.794392466545105
2024-03-20 20:51:10.826707:2024-03-20 20:51:10.826661: Current epoch: 98, loss: 0.6857131719589233, validation loss: 1.724900484085083
2024-03-20 20:51:11.169383:2024-03-20 20:51:11.169321: Current epoch: 99, loss: 0.7980660796165466, validation loss: 1.849718451499939
2024-03-20 20:51:11.416326:2024-03-20 20:51:11.416284: Current epoch: 100, loss: 0.7245684862136841, validation loss: 1.9241715669631958
2024-03-20 20:51:11.768163:2024-03-20 20:51:11.768095: Current epoch: 101, loss: 0.7099282741546631, validation loss: 1.8214963674545288
2024-03-20 20:51:12.166915:2024-03-20 20:51:12.166847: Current epoch: 102, loss: 0.7723507285118103, validation loss: 1.881388783454895
2024-03-20 20:51:12.550375:2024-03-20 20:51:12.550307: Current epoch: 103, loss: 0.7313591837882996, validation loss: 1.7314420938491821
2024-03-20 20:51:12.836328:2024-03-20 20:51:12.836256: Current epoch: 104, loss: 0.8276060819625854, validation loss: 1.8983875513076782
2024-03-20 20:51:13.063419:2024-03-20 20:51:13.063346: Current epoch: 105, loss: 0.8967012763023376, validation loss: 2.0065770149230957
2024-03-20 20:51:13.438773:2024-03-20 20:51:13.438730: Current epoch: 106, loss: 1.0001548528671265, validation loss: 1.8071048259735107
2024-03-20 20:51:13.815972:2024-03-20 20:51:13.815904: Current epoch: 107, loss: 0.8206146955490112, validation loss: 1.9111700057983398
2024-03-20 20:51:14.187492:2024-03-20 20:51:14.187423: Current epoch: 108, loss: 0.7660464644432068, validation loss: 1.7839124202728271
2024-03-20 20:51:14.507628:2024-03-20 20:51:14.507593: Current epoch: 109, loss: 0.8096936941146851, validation loss: 1.841963291168213
2024-03-20 20:51:14.830334:2024-03-20 20:51:14.830261: Current epoch: 110, loss: 0.7991988062858582, validation loss: 1.995713710784912
2024-03-20 20:51:15.223613:2024-03-20 20:51:15.223543: Current epoch: 111, loss: 0.7610574960708618, validation loss: 1.8484092950820923
2024-03-20 20:51:15.571076:2024-03-20 20:51:15.571013: Current epoch: 112, loss: 0.7155935168266296, validation loss: 1.9207124710083008
2024-03-20 20:51:15.855670:2024-03-20 20:51:15.855638: Current epoch: 113, loss: 0.8104716539382935, validation loss: 1.7812644243240356
2024-03-20 20:51:16.147582:2024-03-20 20:51:16.147540: Current epoch: 114, loss: 0.6866046786308289, validation loss: 1.9442692995071411
2024-03-20 20:51:16.537277:2024-03-20 20:51:16.537212: Current epoch: 115, loss: 0.7061095833778381, validation loss: 1.946748971939087
2024-03-20 20:51:16.905209:2024-03-20 20:51:16.905142: Current epoch: 116, loss: 0.8201912045478821, validation loss: 1.8495731353759766
2024-03-20 20:51:17.221169:2024-03-20 20:51:17.221108: Current epoch: 117, loss: 1.0197999477386475, validation loss: 1.8907392024993896
2024-03-20 20:51:17.453377:2024-03-20 20:51:17.453276: Current epoch: 118, loss: 0.8138017654418945, validation loss: 1.9862247705459595
2024-03-20 20:51:17.831973:2024-03-20 20:51:17.831906: Current epoch: 119, loss: 0.7414121031761169, validation loss: 1.8955575227737427
2024-03-20 20:51:18.224020:2024-03-20 20:51:18.223952: Current epoch: 120, loss: 0.6738229990005493, validation loss: 1.8164422512054443
2024-03-20 20:51:18.541924:2024-03-20 20:51:18.541860: Current epoch: 121, loss: 0.6162279844284058, validation loss: 1.8638123273849487
2024-03-20 20:51:18.788780:2024-03-20 20:51:18.788713: Current epoch: 122, loss: 0.7129720449447632, validation loss: 1.7299472093582153
2024-03-20 20:51:19.159613:2024-03-20 20:51:19.159559: Current epoch: 123, loss: 0.7570428252220154, validation loss: 2.009791851043701
2024-03-20 20:51:19.543346:2024-03-20 20:51:19.543285: Current epoch: 124, loss: 0.7074567675590515, validation loss: 1.7827093601226807
2024-03-20 20:51:19.817629:2024-03-20 20:51:19.817569: Current epoch: 125, loss: 0.7620283365249634, validation loss: 1.8302911520004272
2024-03-20 20:51:20.058413:2024-03-20 20:51:20.058345: Current epoch: 126, loss: 0.7233119606971741, validation loss: 1.7953846454620361
2024-03-20 20:51:20.430551:2024-03-20 20:51:20.430478: Current epoch: 127, loss: 0.7115396857261658, validation loss: 1.8668370246887207
2024-03-20 20:51:20.808449:2024-03-20 20:51:20.808390: Current epoch: 128, loss: 0.8263846039772034, validation loss: 1.8500256538391113
2024-03-20 20:51:21.093117:2024-03-20 20:51:21.093080: Current epoch: 129, loss: 0.7025883197784424, validation loss: 1.7281826734542847
2024-03-20 20:51:24.427949:2024-03-20 20:51:24.427886: Current epoch: 130, loss: 0.7902482748031616, validation loss: 1.84293532371521
2024-03-20 20:51:24.691277:2024-03-20 20:51:24.691248: Current epoch: 131, loss: 0.6881653666496277, validation loss: 1.7399910688400269
2024-03-20 20:51:25.030628:2024-03-20 20:51:25.030586: Current epoch: 132, loss: 0.6799014210700989, validation loss: 1.7047796249389648
2024-03-20 20:51:25.454588:2024-03-20 20:51:25.454548: Current epoch: 133, loss: 0.7395305633544922, validation loss: 1.672019124031067
2024-03-20 20:51:25.830855:2024-03-20 20:51:25.830792: Current epoch: 134, loss: 0.6629822850227356, validation loss: 1.9312543869018555
2024-03-20 20:51:26.076853:2024-03-20 20:51:26.076822: Current epoch: 135, loss: 0.7222004532814026, validation loss: 1.7822507619857788
2024-03-20 20:51:26.419247:2024-03-20 20:51:26.419193: Current epoch: 136, loss: 0.6701338887214661, validation loss: 1.821468472480774
2024-03-20 20:51:26.792624:2024-03-20 20:51:26.792580: Current epoch: 137, loss: 0.6806244850158691, validation loss: 1.714598298072815
2024-03-20 20:51:27.130571:2024-03-20 20:51:27.130516: Current epoch: 138, loss: 0.5892281532287598, validation loss: 1.7157167196273804
2024-03-20 20:51:27.407750:2024-03-20 20:51:27.407721: Current epoch: 139, loss: 0.5792728066444397, validation loss: 1.7640920877456665
2024-03-20 20:51:27.682235:2024-03-20 20:51:27.682201: Current epoch: 140, loss: 0.6323883533477783, validation loss: 1.8343983888626099
2024-03-20 20:51:28.065178:2024-03-20 20:51:28.065110: Current epoch: 141, loss: 0.6123030781745911, validation loss: 1.8116846084594727
2024-03-20 20:51:28.444407:2024-03-20 20:51:28.444334: Current epoch: 142, loss: 0.632688045501709, validation loss: 1.9017151594161987
2024-03-20 20:51:28.753224:2024-03-20 20:51:28.753160: Current epoch: 143, loss: 0.6911604404449463, validation loss: 1.755841851234436
2024-03-20 20:51:28.979097:2024-03-20 20:51:28.979051: Current epoch: 144, loss: 0.7439786195755005, validation loss: 1.8011459112167358
2024-03-20 20:51:29.364145:2024-03-20 20:51:29.364074: Current epoch: 145, loss: 0.7114389538764954, validation loss: 1.7494213581085205
2024-03-20 20:51:29.719937:2024-03-20 20:51:29.719869: Current epoch: 146, loss: 0.6388190388679504, validation loss: 1.8715689182281494
2024-03-20 20:51:30.009690:2024-03-20 20:51:30.009630: Current epoch: 147, loss: 0.6588764786720276, validation loss: 1.917951226234436
2024-03-20 20:51:30.258199:2024-03-20 20:51:30.258135: Current epoch: 148, loss: 0.6975976228713989, validation loss: 1.7712023258209229
2024-03-20 20:51:30.639855:2024-03-20 20:51:30.639786: Current epoch: 149, loss: 0.6822624802589417, validation loss: 1.7080540657043457
2024-03-20 20:51:34.182823:2024-03-20 20:51:34.182753: Current epoch: 150, loss: 0.6513025164604187, validation loss: 1.8789288997650146
2024-03-20 20:51:34.557831:2024-03-20 20:51:34.557771: Current epoch: 151, loss: 0.6150661110877991, validation loss: 1.8335721492767334
2024-03-20 20:51:34.885376:2024-03-20 20:51:34.885317: Current epoch: 152, loss: 0.5834243893623352, validation loss: 1.7684611082077026
2024-03-20 20:51:35.152729:2024-03-20 20:51:35.152662: Current epoch: 153, loss: 0.7766677737236023, validation loss: 1.7956687211990356
2024-03-20 20:51:35.540578:2024-03-20 20:51:35.540530: Current epoch: 154, loss: 0.8039427995681763, validation loss: 1.753129482269287
2024-03-20 20:51:35.922420:2024-03-20 20:51:35.922375: Current epoch: 155, loss: 0.7001287937164307, validation loss: 1.780578851699829
2024-03-20 20:51:36.297413:2024-03-20 20:51:36.297349: Current epoch: 156, loss: 0.5832652449607849, validation loss: 1.7479802370071411
2024-03-20 20:51:36.557290:2024-03-20 20:51:36.557255: Current epoch: 157, loss: 0.6547812223434448, validation loss: 1.810992956161499
2024-03-20 20:51:36.889874:2024-03-20 20:51:36.889805: Current epoch: 158, loss: 0.5811384916305542, validation loss: 1.8305392265319824
2024-03-20 20:51:37.269882:2024-03-20 20:51:37.269814: Current epoch: 159, loss: 0.6400246620178223, validation loss: 1.7244274616241455
2024-03-20 20:51:37.639915:2024-03-20 20:51:37.639849: Current epoch: 160, loss: 0.6428546905517578, validation loss: 1.7337182760238647
2024-03-20 20:51:37.888434:2024-03-20 20:51:37.888390: Current epoch: 161, loss: 0.5966564416885376, validation loss: 1.6881129741668701
2024-03-20 20:51:38.240609:2024-03-20 20:51:38.240491: Current epoch: 162, loss: 0.687537670135498, validation loss: 1.750664234161377
2024-03-20 20:51:38.602205:2024-03-20 20:51:38.602137: Current epoch: 163, loss: 0.6136878132820129, validation loss: 1.7014915943145752
2024-03-20 20:51:38.927339:2024-03-20 20:51:38.927279: Current epoch: 164, loss: 0.6046502590179443, validation loss: 1.7451961040496826
2024-03-20 20:51:39.201961:2024-03-20 20:51:39.201931: Current epoch: 165, loss: 0.5414358973503113, validation loss: 1.8518182039260864
2024-03-20 20:51:39.519263:2024-03-20 20:51:39.519193: Current epoch: 166, loss: 0.6304617524147034, validation loss: 1.771178960800171
2024-03-20 20:51:39.899350:2024-03-20 20:51:39.899282: Current epoch: 167, loss: 0.6283824443817139, validation loss: 1.8429862260818481
2024-03-20 20:51:40.274717:2024-03-20 20:51:40.274650: Current epoch: 168, loss: 0.643428385257721, validation loss: 1.8055477142333984
2024-03-20 20:51:40.619957:2024-03-20 20:51:40.619898: Current epoch: 169, loss: 0.5916797518730164, validation loss: 1.7020384073257446
2024-03-20 20:51:44.057514:2024-03-20 20:51:44.057424: Current epoch: 170, loss: 0.5198464393615723, validation loss: 1.8392969369888306
2024-03-20 20:51:44.387999:2024-03-20 20:51:44.387927: Current epoch: 171, loss: 0.7343599200248718, validation loss: 1.9284169673919678
2024-03-20 20:51:44.651705:2024-03-20 20:51:44.651635: Current epoch: 172, loss: 0.7060545682907104, validation loss: 1.7336537837982178
2024-03-20 20:51:45.030764:2024-03-20 20:51:45.030694: Current epoch: 173, loss: 0.6841577887535095, validation loss: 1.7882155179977417
2024-03-20 20:51:45.461799:2024-03-20 20:51:45.461727: Current epoch: 174, loss: 0.7089897394180298, validation loss: 1.824873447418213
2024-03-20 20:51:45.727721:2024-03-20 20:51:45.727691: Current epoch: 175, loss: 0.6526546478271484, validation loss: 1.752698302268982
2024-03-20 20:51:46.073655:2024-03-20 20:51:46.073603: Current epoch: 176, loss: 0.6677806973457336, validation loss: 1.841063141822815
2024-03-20 20:51:46.457701:2024-03-20 20:51:46.457653: Current epoch: 177, loss: 0.6132104396820068, validation loss: 1.7810567617416382
2024-03-20 20:51:46.810634:2024-03-20 20:51:46.810567: Current epoch: 178, loss: 0.6419855356216431, validation loss: 1.8439083099365234
2024-03-20 20:51:47.088774:2024-03-20 20:51:47.088714: Current epoch: 179, loss: 0.7442842721939087, validation loss: 1.75901460647583
2024-03-20 20:51:47.363924:2024-03-20 20:51:47.363875: Current epoch: 180, loss: 0.5928215980529785, validation loss: 1.811239242553711
2024-03-20 20:51:47.736551:2024-03-20 20:51:47.736481: Current epoch: 181, loss: 0.5220604538917542, validation loss: 1.7206652164459229
2024-03-20 20:51:48.135431:2024-03-20 20:51:48.135366: Current epoch: 182, loss: 0.5486441254615784, validation loss: 1.797621488571167
2024-03-20 20:51:48.461025:2024-03-20 20:51:48.460965: Current epoch: 183, loss: 0.5489628911018372, validation loss: 1.7788108587265015
2024-03-20 20:51:48.701149:2024-03-20 20:51:48.701082: Current epoch: 184, loss: 0.5657837986946106, validation loss: 1.8284932374954224
2024-03-20 20:51:49.084554:2024-03-20 20:51:49.084503: Current epoch: 185, loss: 0.6484332084655762, validation loss: 1.71966552734375
2024-03-20 20:51:49.466588:2024-03-20 20:51:49.466521: Current epoch: 186, loss: 0.5704649090766907, validation loss: 1.8344974517822266
2024-03-20 20:51:49.835275:2024-03-20 20:51:49.835213: Current epoch: 187, loss: 0.5508873462677002, validation loss: 1.6983776092529297
2024-03-20 20:51:50.099199:2024-03-20 20:51:50.099167: Current epoch: 188, loss: 0.604424238204956, validation loss: 1.6906636953353882
2024-03-20 20:51:50.443240:2024-03-20 20:51:50.443183: Current epoch: 189, loss: 0.5381937623023987, validation loss: 1.7275569438934326
2024-03-20 20:51:50.837200:2024-03-20 20:51:50.837132: Current epoch: 190, loss: 0.6089295148849487, validation loss: 1.7025808095932007
2024-03-20 20:51:51.194035:2024-03-20 20:51:51.193969: Current epoch: 191, loss: 0.5906320810317993, validation loss: 1.8453419208526611
2024-03-20 20:51:51.490302:2024-03-20 20:51:51.490269: Current epoch: 192, loss: 0.6015217900276184, validation loss: 1.812045693397522
2024-03-20 20:51:51.816589:2024-03-20 20:51:51.816520: Current epoch: 193, loss: 0.6097232103347778, validation loss: 1.6907174587249756
2024-03-20 20:51:52.217719:2024-03-20 20:51:52.217650: Current epoch: 194, loss: 0.5840036869049072, validation loss: 1.7380731105804443
2024-03-20 20:51:52.578941:2024-03-20 20:51:52.578905: Current epoch: 195, loss: 0.7021212577819824, validation loss: 1.7904291152954102
2024-03-20 20:51:52.891218:2024-03-20 20:51:52.891159: Current epoch: 196, loss: 0.5469539165496826, validation loss: 1.7284590005874634
2024-03-20 20:51:53.113176:2024-03-20 20:51:53.113108: Current epoch: 197, loss: 0.5252843499183655, validation loss: 1.7220572233200073
2024-03-20 20:51:53.521385:2024-03-20 20:51:53.521324: Current epoch: 198, loss: 0.5508018136024475, validation loss: 1.7467902898788452
2024-03-20 20:51:53.915045:2024-03-20 20:51:53.914991: Current epoch: 199, loss: 0.5521036982536316, validation loss: 1.8838006258010864
2024-03-20 20:51:54.242770:2024-03-20 20:51:54.242708: Current epoch: 200, loss: 0.5469866394996643, validation loss: 1.7056015729904175
2024-03-20 20:51:54.460205:2024-03-20 20:51:54.460138: Current epoch: 201, loss: 0.5093585252761841, validation loss: 1.751338005065918
2024-03-20 20:51:54.838243:2024-03-20 20:51:54.838176: Current epoch: 202, loss: 0.6147703528404236, validation loss: 1.7749812602996826
2024-03-20 20:51:55.215727:2024-03-20 20:51:55.215677: Current epoch: 203, loss: 0.6732091307640076, validation loss: 1.7076458930969238
2024-03-20 20:51:55.506038:2024-03-20 20:51:55.505976: Current epoch: 204, loss: 0.6296765804290771, validation loss: 1.8620113134384155
2024-03-20 20:51:55.717619:2024-03-20 20:51:55.717552: Current epoch: 205, loss: 0.5953099727630615, validation loss: 1.7372859716415405
2024-03-20 20:51:56.075872:2024-03-20 20:51:56.075825: Current epoch: 206, loss: 0.5749978423118591, validation loss: 1.757729411125183
2024-03-20 20:51:56.453207:2024-03-20 20:51:56.453140: Current epoch: 207, loss: 0.5015246272087097, validation loss: 1.706968903541565
2024-03-20 20:51:56.862724:2024-03-20 20:51:56.862650: Current epoch: 208, loss: 0.5662059187889099, validation loss: 1.659891128540039
2024-03-20 20:51:57.105119:2024-03-20 20:51:57.105088: Current epoch: 209, loss: 0.5228691697120667, validation loss: 1.7198230028152466
2024-03-20 20:51:57.441827:2024-03-20 20:51:57.441761: Current epoch: 210, loss: 0.5478246212005615, validation loss: 1.8931587934494019
2024-03-20 20:51:57.814207:2024-03-20 20:51:57.814138: Current epoch: 211, loss: 0.6301198601722717, validation loss: 1.6635520458221436
2024-03-20 20:51:58.125610:2024-03-20 20:51:58.125546: Current epoch: 212, loss: 0.5244794487953186, validation loss: 1.7270478010177612
2024-03-20 20:51:58.353847:2024-03-20 20:51:58.353795: Current epoch: 213, loss: 0.5101624727249146, validation loss: 1.7984540462493896
2024-03-20 20:51:58.723123:2024-03-20 20:51:58.723055: Current epoch: 214, loss: 0.5524775981903076, validation loss: 1.7859055995941162
2024-03-20 20:51:59.087132:2024-03-20 20:51:59.087067: Current epoch: 215, loss: 0.6354822516441345, validation loss: 1.7385364770889282
2024-03-20 20:51:59.389309:2024-03-20 20:51:59.389243: Current epoch: 216, loss: 0.7512586712837219, validation loss: 1.8945903778076172
2024-03-20 20:51:59.622071:2024-03-20 20:51:59.622001: Current epoch: 217, loss: 0.6421854496002197, validation loss: 1.7423204183578491
2024-03-20 20:51:59.998162:2024-03-20 20:51:59.998094: Current epoch: 218, loss: 0.6371017694473267, validation loss: 1.7310388088226318
2024-03-20 20:52:00.363596:2024-03-20 20:52:00.363552: Current epoch: 219, loss: 0.5960942506790161, validation loss: 1.7394760847091675
2024-03-20 20:52:00.633240:2024-03-20 20:52:00.633180: Current epoch: 220, loss: 0.5902916789054871, validation loss: 1.7371220588684082
2024-03-20 20:52:00.878572:2024-03-20 20:52:00.878516: Current epoch: 221, loss: 0.706229031085968, validation loss: 1.7371419668197632
2024-03-20 20:52:01.261072:2024-03-20 20:52:01.261015: Current epoch: 222, loss: 0.5731064081192017, validation loss: 1.8168349266052246
2024-03-20 20:52:01.660167:2024-03-20 20:52:01.660098: Current epoch: 223, loss: 0.6133462190628052, validation loss: 1.7602319717407227
2024-03-20 20:52:02.001507:2024-03-20 20:52:02.001439: Current epoch: 224, loss: 0.6066113710403442, validation loss: 1.7399373054504395
2024-03-20 20:52:02.286180:2024-03-20 20:52:02.286137: Current epoch: 225, loss: 0.5945200324058533, validation loss: 1.635972023010254
2024-03-20 20:52:02.642930:2024-03-20 20:52:02.642874: Current epoch: 226, loss: 0.5467166900634766, validation loss: 1.6725150346755981
2024-03-20 20:52:03.023681:2024-03-20 20:52:03.023626: Current epoch: 227, loss: 0.5583853721618652, validation loss: 1.7418463230133057
2024-03-20 20:52:03.353938:2024-03-20 20:52:03.353876: Current epoch: 228, loss: 0.5351793169975281, validation loss: 1.71085524559021
2024-03-20 20:52:03.603080:2024-03-20 20:52:03.603016: Current epoch: 229, loss: 0.5226683020591736, validation loss: 1.7154896259307861
2024-03-20 20:52:03.997745:2024-03-20 20:52:03.997686: Current epoch: 230, loss: 0.4958935081958771, validation loss: 1.6912646293640137
2024-03-20 20:52:04.355911:2024-03-20 20:52:04.355857: Current epoch: 231, loss: 0.5263084173202515, validation loss: 1.7359634637832642
2024-03-20 20:52:04.598776:2024-03-20 20:52:04.598745: Current epoch: 232, loss: 0.5447184443473816, validation loss: 1.6521815061569214
2024-03-20 20:52:04.948308:2024-03-20 20:52:04.948255: Current epoch: 233, loss: 0.5720517039299011, validation loss: 1.685265064239502
2024-03-20 20:52:05.346386:2024-03-20 20:52:05.346332: Current epoch: 234, loss: 0.525391161441803, validation loss: 1.7450740337371826
2024-03-20 20:52:05.694408:2024-03-20 20:52:05.694336: Current epoch: 235, loss: 0.5267896056175232, validation loss: 1.6957433223724365
2024-03-20 20:52:05.990474:2024-03-20 20:52:05.990401: Current epoch: 236, loss: 0.4769747853279114, validation loss: 1.6817494630813599
2024-03-20 20:52:06.246867:2024-03-20 20:52:06.246811: Current epoch: 237, loss: 0.5103431940078735, validation loss: 1.7084962129592896
2024-03-20 20:52:06.625192:2024-03-20 20:52:06.625122: Current epoch: 238, loss: 0.5283268094062805, validation loss: 1.7861305475234985
2024-03-20 20:52:06.999747:2024-03-20 20:52:06.999685: Current epoch: 239, loss: 0.4914241135120392, validation loss: 1.8920480012893677
2024-03-20 20:52:07.282507:2024-03-20 20:52:07.282438: Current epoch: 240, loss: 0.6238709092140198, validation loss: 1.6885253190994263
2024-03-20 20:52:07.558282:2024-03-20 20:52:07.558222: Current epoch: 241, loss: 0.49330002069473267, validation loss: 1.728558897972107
2024-03-20 20:52:07.931919:2024-03-20 20:52:07.931883: Current epoch: 242, loss: 0.5257652997970581, validation loss: 1.7250865697860718
2024-03-20 20:52:08.258349:2024-03-20 20:52:08.258247: Current epoch: 243, loss: 0.4982680678367615, validation loss: 1.661247968673706
2024-03-20 20:52:08.480723:2024-03-20 20:52:08.480656: Current epoch: 244, loss: 0.48830941319465637, validation loss: 1.7426648139953613
2024-03-20 20:52:08.845722:2024-03-20 20:52:08.845669: Current epoch: 245, loss: 0.4745500683784485, validation loss: 1.6936216354370117
2024-03-20 20:52:09.225132:2024-03-20 20:52:09.225088: Current epoch: 246, loss: 0.5302384495735168, validation loss: 1.6141475439071655
2024-03-20 20:52:09.546963:2024-03-20 20:52:09.546857: Current epoch: 247, loss: 0.5348436832427979, validation loss: 1.8105816841125488
2024-03-20 20:52:09.790377:2024-03-20 20:52:09.790348: Current epoch: 248, loss: 0.6077864170074463, validation loss: 1.767167329788208
2024-03-20 20:52:10.137232:2024-03-20 20:52:10.137177: Current epoch: 249, loss: 0.5561392307281494, validation loss: 1.7233284711837769
2024-03-20 20:52:10.539386:2024-03-20 20:52:10.539334: Current epoch: 250, loss: 0.5758633613586426, validation loss: 1.7292466163635254
2024-03-20 20:52:10.896273:2024-03-20 20:52:10.896211: Current epoch: 251, loss: 0.539867639541626, validation loss: 1.773859977722168
2024-03-20 20:52:11.131725:2024-03-20 20:52:11.131689: Current epoch: 252, loss: 0.4978692829608917, validation loss: 1.6533873081207275
2024-03-20 20:52:11.488737:2024-03-20 20:52:11.488681: Current epoch: 253, loss: 0.4764591455459595, validation loss: 1.626215934753418
2024-03-20 20:52:11.830165:2024-03-20 20:52:11.830103: Current epoch: 254, loss: 0.5296014547348022, validation loss: 1.6588196754455566
2024-03-20 20:52:12.161675:2024-03-20 20:52:12.161592: Current epoch: 255, loss: 0.4372731149196625, validation loss: 1.6020244359970093
2024-03-20 20:52:12.407376:2024-03-20 20:52:12.407330: Current epoch: 256, loss: 0.4728856086730957, validation loss: 1.7856649160385132
2024-03-20 20:52:12.816216:2024-03-20 20:52:12.816148: Current epoch: 257, loss: 0.57737135887146, validation loss: 1.7577972412109375
2024-03-20 20:52:13.213719:2024-03-20 20:52:13.213663: Current epoch: 258, loss: 0.5696939826011658, validation loss: 1.660322904586792
2024-03-20 20:52:13.540930:2024-03-20 20:52:13.540897: Current epoch: 259, loss: 0.5259624719619751, validation loss: 1.719329833984375
2024-03-20 20:52:13.826951:2024-03-20 20:52:13.826892: Current epoch: 260, loss: 0.5649225115776062, validation loss: 1.7285126447677612
2024-03-20 20:52:14.192780:2024-03-20 20:52:14.192737: Current epoch: 261, loss: 0.5280598402023315, validation loss: 1.7409371137619019
2024-03-20 20:52:14.528125:2024-03-20 20:52:14.528053: Current epoch: 262, loss: 0.5212445855140686, validation loss: 1.6798957586288452
2024-03-20 20:52:14.777485:2024-03-20 20:52:14.777445: Current epoch: 263, loss: 0.42776891589164734, validation loss: 1.6507837772369385
2024-03-20 20:52:15.112703:2024-03-20 20:52:15.112647: Current epoch: 264, loss: 0.4617241322994232, validation loss: 1.7040421962738037
2024-03-20 20:52:15.492954:2024-03-20 20:52:15.492901: Current epoch: 265, loss: 0.4990266263484955, validation loss: 1.7415252923965454
2024-03-20 20:52:15.855780:2024-03-20 20:52:15.855720: Current epoch: 266, loss: 0.47515472769737244, validation loss: 1.6924023628234863
2024-03-20 20:52:16.114591:2024-03-20 20:52:16.114556: Current epoch: 267, loss: 0.5174018740653992, validation loss: 1.803473711013794
2024-03-20 20:52:16.473348:2024-03-20 20:52:16.473259: Current epoch: 268, loss: 0.5713081359863281, validation loss: 1.740792155265808
2024-03-20 20:52:16.859219:2024-03-20 20:52:16.859166: Current epoch: 269, loss: 0.4520176351070404, validation loss: 1.7959046363830566
2024-03-20 20:52:17.187155:2024-03-20 20:52:17.187099: Current epoch: 270, loss: 0.5746960639953613, validation loss: 1.733127474784851
2024-03-20 20:52:17.405762:2024-03-20 20:52:17.405731: Current epoch: 271, loss: 0.5029083490371704, validation loss: 1.7869093418121338
2024-03-20 20:52:17.755757:2024-03-20 20:52:17.755687: Current epoch: 272, loss: 0.49904316663742065, validation loss: 1.664458990097046
2024-03-20 20:52:18.131828:2024-03-20 20:52:18.131781: Current epoch: 273, loss: 0.47825977206230164, validation loss: 1.7503292560577393
2024-03-20 20:52:18.480980:2024-03-20 20:52:18.480921: Current epoch: 274, loss: 0.4559261202812195, validation loss: 1.6610219478607178
2024-03-20 20:52:18.739839:2024-03-20 20:52:18.739795: Current epoch: 275, loss: 0.4845958948135376, validation loss: 1.6542882919311523
2024-03-20 20:52:19.078032:2024-03-20 20:52:19.077965: Current epoch: 276, loss: 0.5067721009254456, validation loss: 1.714888334274292
2024-03-20 20:52:19.461195:2024-03-20 20:52:19.461126: Current epoch: 277, loss: 0.49095165729522705, validation loss: 1.6939822435379028
2024-03-20 20:52:19.829942:2024-03-20 20:52:19.829875: Current epoch: 278, loss: 0.4706498086452484, validation loss: 1.72056245803833
2024-03-20 20:52:20.055136:2024-03-20 20:52:20.055068: Current epoch: 279, loss: 0.5551208257675171, validation loss: 1.6649833917617798
2024-03-20 20:52:23.339577:2024-03-20 20:52:23.339507: Current epoch: 280, loss: 0.6615466475486755, validation loss: 1.744178295135498
2024-03-20 20:52:23.727726:2024-03-20 20:52:23.727656: Current epoch: 281, loss: 0.6295136213302612, validation loss: 1.7767640352249146
2024-03-20 20:52:24.068437:2024-03-20 20:52:24.068377: Current epoch: 282, loss: 0.4806516468524933, validation loss: 1.688927173614502
2024-03-20 20:52:24.310984:2024-03-20 20:52:24.310952: Current epoch: 283, loss: 0.569553017616272, validation loss: 1.73142409324646
2024-03-20 20:52:24.670519:2024-03-20 20:52:24.670428: Current epoch: 284, loss: 0.4481338560581207, validation loss: 1.765642523765564
2024-03-20 20:52:25.094431:2024-03-20 20:52:25.094354: Current epoch: 285, loss: 0.4919831156730652, validation loss: 1.7136621475219727
2024-03-20 20:52:25.462533:2024-03-20 20:52:25.462454: Current epoch: 286, loss: 0.5030152201652527, validation loss: 1.707037329673767
2024-03-20 20:52:25.757142:2024-03-20 20:52:25.757070: Current epoch: 287, loss: 0.4496218264102936, validation loss: 1.7122178077697754
2024-03-20 20:52:26.021575:2024-03-20 20:52:26.021507: Current epoch: 288, loss: 0.5377111434936523, validation loss: 1.66990327835083
2024-03-20 20:52:26.404638:2024-03-20 20:52:26.404568: Current epoch: 289, loss: 0.44006985425949097, validation loss: 1.7509753704071045
2024-03-20 20:52:26.790108:2024-03-20 20:52:26.790041: Current epoch: 290, loss: 0.517617404460907, validation loss: 1.7839704751968384
2024-03-20 20:52:27.115424:2024-03-20 20:52:27.115361: Current epoch: 291, loss: 0.5225303173065186, validation loss: 1.7028542757034302
2024-03-20 20:52:27.367341:2024-03-20 20:52:27.367310: Current epoch: 292, loss: 0.4801730215549469, validation loss: 1.7383127212524414
2024-03-20 20:52:27.681390:2024-03-20 20:52:27.681333: Current epoch: 293, loss: 0.47362974286079407, validation loss: 1.7948657274246216
2024-03-20 20:52:28.049727:2024-03-20 20:52:28.049684: Current epoch: 294, loss: 0.4744552969932556, validation loss: 1.6359517574310303
2024-03-20 20:52:28.415297:2024-03-20 20:52:28.415258: Current epoch: 295, loss: 0.43848830461502075, validation loss: 1.7721601724624634
2024-03-20 20:52:28.742347:2024-03-20 20:52:28.742285: Current epoch: 296, loss: 0.4410894811153412, validation loss: 1.6729998588562012
2024-03-20 20:52:29.011233:2024-03-20 20:52:29.011171: Current epoch: 297, loss: 0.4384170174598694, validation loss: 1.804243564605713
2024-03-20 20:52:29.383026:2024-03-20 20:52:29.382958: Current epoch: 298, loss: 0.44897061586380005, validation loss: 1.7688994407653809
2024-03-20 20:52:29.746890:2024-03-20 20:52:29.746823: Current epoch: 299, loss: 0.4433939754962921, validation loss: 1.7734075784683228
2024-03-20 20:52:30.055174:2024-03-20 20:52:30.055110: Current epoch: 300, loss: 0.4628567099571228, validation loss: 1.7859739065170288
2024-03-20 20:52:30.300503:2024-03-20 20:52:30.300465: Current epoch: 301, loss: 0.4421318471431732, validation loss: 1.7676807641983032
2024-03-20 20:52:30.680771:2024-03-20 20:52:30.680704: Current epoch: 302, loss: 0.5043107271194458, validation loss: 1.6821680068969727
2024-03-20 20:52:31.050647:2024-03-20 20:52:31.050572: Current epoch: 303, loss: 0.4440250098705292, validation loss: 1.7438236474990845
2024-03-20 20:52:31.356237:2024-03-20 20:52:31.356169: Current epoch: 304, loss: 0.44567734003067017, validation loss: 1.7238422632217407
2024-03-20 20:52:31.627552:2024-03-20 20:52:31.627481: Current epoch: 305, loss: 0.48584699630737305, validation loss: 1.761223316192627
2024-03-20 20:52:31.996447:2024-03-20 20:52:31.996378: Current epoch: 306, loss: 0.4176076054573059, validation loss: 1.7871211767196655
2024-03-20 20:52:32.381398:2024-03-20 20:52:32.381341: Current epoch: 307, loss: 0.460910439491272, validation loss: 1.7294114828109741
2024-03-20 20:52:32.716245:2024-03-20 20:52:32.716180: Current epoch: 308, loss: 0.5745449662208557, validation loss: 1.694393515586853
2024-03-20 20:52:32.934807:2024-03-20 20:52:32.934772: Current epoch: 309, loss: 0.43831154704093933, validation loss: 1.7798126935958862
2024-03-20 20:52:33.303820:2024-03-20 20:52:33.303764: Current epoch: 310, loss: 0.43293488025665283, validation loss: 1.623134732246399
2024-03-20 20:52:33.685513:2024-03-20 20:52:33.685424: Current epoch: 311, loss: 0.44006988406181335, validation loss: 1.661133050918579
2024-03-20 20:52:34.041652:2024-03-20 20:52:34.041591: Current epoch: 312, loss: 0.4157559275627136, validation loss: 1.6856632232666016
2024-03-20 20:52:34.291590:2024-03-20 20:52:34.291533: Current epoch: 313, loss: 0.3962908387184143, validation loss: 1.8027595281600952
2024-03-20 20:52:34.677337:2024-03-20 20:52:34.677269: Current epoch: 314, loss: 0.5082220435142517, validation loss: 1.704869270324707
2024-03-20 20:52:35.063882:2024-03-20 20:52:35.063804: Current epoch: 315, loss: 0.5652413368225098, validation loss: 1.7409369945526123
2024-03-20 20:52:35.355362:2024-03-20 20:52:35.355300: Current epoch: 316, loss: 0.5131384134292603, validation loss: 1.7588995695114136
2024-03-20 20:52:35.628118:2024-03-20 20:52:35.628050: Current epoch: 317, loss: 0.4664371907711029, validation loss: 1.6641278266906738
2024-03-20 20:52:36.032816:2024-03-20 20:52:36.032750: Current epoch: 318, loss: 0.44869881868362427, validation loss: 1.6852388381958008
2024-03-20 20:52:36.411907:2024-03-20 20:52:36.411844: Current epoch: 319, loss: 0.5129094123840332, validation loss: 1.6845396757125854
2024-03-20 20:52:36.689649:2024-03-20 20:52:36.689587: Current epoch: 320, loss: 0.4905810058116913, validation loss: 1.6602041721343994
2024-03-20 20:52:36.932679:2024-03-20 20:52:36.932622: Current epoch: 321, loss: 0.5029299259185791, validation loss: 1.7863032817840576
2024-03-20 20:52:37.299933:2024-03-20 20:52:37.299871: Current epoch: 322, loss: 0.4872777462005615, validation loss: 1.683703064918518
2024-03-20 20:52:37.713417:2024-03-20 20:52:37.713345: Current epoch: 323, loss: 0.5774264931678772, validation loss: 1.7812150716781616
2024-03-20 20:52:38.098107:2024-03-20 20:52:38.098045: Current epoch: 324, loss: 0.508736789226532, validation loss: 1.6998491287231445
2024-03-20 20:52:38.388341:2024-03-20 20:52:38.388310: Current epoch: 325, loss: 0.6080323457717896, validation loss: 1.7629187107086182
2024-03-20 20:52:38.686794:2024-03-20 20:52:38.686726: Current epoch: 326, loss: 0.5057848691940308, validation loss: 1.6869720220565796
2024-03-20 20:52:39.067737:2024-03-20 20:52:39.067689: Current epoch: 327, loss: 0.43691375851631165, validation loss: 1.6994074583053589
2024-03-20 20:52:39.448306:2024-03-20 20:52:39.448242: Current epoch: 328, loss: 0.40524914860725403, validation loss: 1.7948358058929443
2024-03-20 20:52:39.758254:2024-03-20 20:52:39.758196: Current epoch: 329, loss: 0.43900150060653687, validation loss: 1.741570234298706
2024-03-20 20:52:40.017195:2024-03-20 20:52:40.017141: Current epoch: 330, loss: 0.42579415440559387, validation loss: 1.7247304916381836
2024-03-20 20:52:40.406694:2024-03-20 20:52:40.406632: Current epoch: 331, loss: 0.46218419075012207, validation loss: 1.7171896696090698
2024-03-20 20:52:40.762531:2024-03-20 20:52:40.762483: Current epoch: 332, loss: 0.44732293486595154, validation loss: 1.7010942697525024
2024-03-20 20:52:41.066218:2024-03-20 20:52:41.066187: Current epoch: 333, loss: 0.432804673910141, validation loss: 1.6965968608856201
2024-03-20 20:52:41.367271:2024-03-20 20:52:41.367215: Current epoch: 334, loss: 0.4672217071056366, validation loss: 1.694411277770996
2024-03-20 20:52:41.771000:2024-03-20 20:52:41.770941: Current epoch: 335, loss: 0.3841526508331299, validation loss: 1.6875303983688354
2024-03-20 20:52:42.139437:2024-03-20 20:52:42.139335: Current epoch: 336, loss: 0.42430779337882996, validation loss: 1.6809382438659668
2024-03-20 20:52:42.362764:2024-03-20 20:52:42.362718: Current epoch: 337, loss: 0.4656968414783478, validation loss: 1.7612236738204956
2024-03-20 20:52:42.731370:2024-03-20 20:52:42.731312: Current epoch: 338, loss: 0.446954607963562, validation loss: 1.6294206380844116
2024-03-20 20:52:43.137054:2024-03-20 20:52:43.136956: Current epoch: 339, loss: 0.46485134959220886, validation loss: 1.6466562747955322
2024-03-20 20:52:46.747065:2024-03-20 20:52:46.747006: Current epoch: 340, loss: 0.44044041633605957, validation loss: 1.7223764657974243
2024-03-20 20:52:46.980623:2024-03-20 20:52:46.980561: Current epoch: 341, loss: 0.3873683214187622, validation loss: 1.6736021041870117
2024-03-20 20:52:47.262080:2024-03-20 20:52:47.262013: Current epoch: 342, loss: 0.4116598665714264, validation loss: 1.6499890089035034
2024-03-20 20:52:47.656810:2024-03-20 20:52:47.656740: Current epoch: 343, loss: 0.38340306282043457, validation loss: 1.6450331211090088
2024-03-20 20:52:47.984768:2024-03-20 20:52:47.984703: Current epoch: 344, loss: 0.39375925064086914, validation loss: 1.6609922647476196
2024-03-20 20:52:48.233180:2024-03-20 20:52:48.233136: Current epoch: 345, loss: 0.46239128708839417, validation loss: 1.6306936740875244
2024-03-20 20:52:48.649707:2024-03-20 20:52:48.649609: Current epoch: 346, loss: 0.43665432929992676, validation loss: 1.67778480052948
2024-03-20 20:52:49.043720:2024-03-20 20:52:49.043656: Current epoch: 347, loss: 0.4368717074394226, validation loss: 1.6146588325500488
2024-03-20 20:52:49.364089:2024-03-20 20:52:49.364057: Current epoch: 348, loss: 0.41493022441864014, validation loss: 1.697458267211914
2024-03-20 20:52:49.680637:2024-03-20 20:52:49.680581: Current epoch: 349, loss: 0.4294183552265167, validation loss: 1.688086986541748
2024-03-20 20:52:50.066755:2024-03-20 20:52:50.066686: Current epoch: 350, loss: 0.4526452124118805, validation loss: 1.6155527830123901
2024-03-20 20:52:50.433353:2024-03-20 20:52:50.433284: Current epoch: 351, loss: 0.4116699993610382, validation loss: 1.7114958763122559
2024-03-20 20:52:50.691861:2024-03-20 20:52:50.691823: Current epoch: 352, loss: 0.43493032455444336, validation loss: 1.6972129344940186
2024-03-20 20:52:51.043874:2024-03-20 20:52:51.043815: Current epoch: 353, loss: 0.40853214263916016, validation loss: 1.7702548503875732
2024-03-20 20:52:51.421450:2024-03-20 20:52:51.421392: Current epoch: 354, loss: 0.46042174100875854, validation loss: 1.733864665031433
2024-03-20 20:52:51.919880:2024-03-20 20:52:51.919161: Current epoch: 355, loss: 0.43062669038772583, validation loss: 1.6487314701080322
2024-03-20 20:52:52.041807:the test error is  [2.036325216293335, 2.036325216293335]
2024-03-20 20:52:55.257687:saved model to sample/alignn_bert-base-uncased_robo_prop_Tc_supercon
2024-03-20 20:52:55.523759:done