
2024-04-10 02:05:10.932189:job config: {'train_data_path': '/data/yll6162/alignntl_dft_3d/tl_dataset/dataset_bert-base-uncased_robo_prop_slme_train.csv', 'val_data_path': '/data/yll6162/alignntl_dft_3d/tl_dataset/dataset_bert-base-uncased_robo_prop_slme_val.csv', 'test_data_path': '/data/yll6162/alignntl_dft_3d/tl_dataset/dataset_bert-base-uncased_robo_prop_slme_test.csv', 'label': 'slme', 'input_type': None, 'log_folder': 'log', 'log_file': 'bert-base-uncased_robo_prop_slme.log', 'test_metric': 'mae', 'architecture': '1024Rx4D-512Rx3D-256Rx3D-128Rx3D-64Rx2-32Rx1-1', 'model_seed': 0, 'loss_type': 'mae', 'config_file': 'sample/bert-base-uncased_robo_prop_slme_job.config', 'use_valid': True, 'project': 'MOF', 'paramsGrid': {'optimizer': 'Adam', 'learning_rate': 0.0001, 'patience': 100, 'dropouts': [0.8, 0.9, 0.7, 0.8], 'EVAL_FREQUENCY': 1000}, 'save_path': 'sample/bert-base-uncased_robo_prop_slme', 'model_path': None, 'last_layer_with_weight': True, 'keras_path': 'model/bert-base-uncased_robo_prop_slme', 'test_size': None, 'val_size': None}
2024-04-10 02:05:10.932402:train data path is  /data/yll6162/alignntl_dft_3d/tl_dataset/dataset_bert-base-uncased_robo_prop_slme_train.csv
2024-04-10 02:05:11.881128:input attribute sets are:  None
2024-04-10 02:05:11.881589:test data path is  /data/yll6162/alignntl_dft_3d/tl_dataset/dataset_bert-base-uncased_robo_prop_slme_test.csv
2024-04-10 02:05:12.041373:val data path is  /data/yll6162/alignntl_dft_3d/tl_dataset/dataset_bert-base-uncased_robo_prop_slme_val.csv
2024-04-10 02:05:12.182385:input attributes are:  Index(['0', '1', '2', '3', '4', '5', '6', '7', '8', '9',
       ...
       '758', '759', '760', '761', '762', '763', '764', '765', '766', '767'],
      dtype='object', length=768)
2024-04-10 02:05:12.182521:label: slme
2024-04-10 02:05:16.967222: train, test, valid sizes:  (7810, 768) (7810,) (977, 768) (977,) (977, 768) (977,)
2024-04-10 02:05:16.986643:train matrix shape of train_X:  (7810, 768)  train_y:  (7810,)
2024-04-10 02:05:16.986796:valid matrix shape of train_X:  (977, 768)  valid_y:  (977,)
2024-04-10 02:05:16.986838:test matrix shape of valid_X:   (977, 768)  test_y:  (977,)
2024-04-10 02:05:16.986873:architecture is:  1024Rx4D-512Rx3D-256Rx3D-128Rx3D-64Rx2-32Rx1-1
2024-04-10 02:05:16.986912:learning rate is  0.0001
2024-04-10 02:05:16.986945:model path is  None
2024-04-10 02:05:16.997774:adding fully connected layers with 1024 outputs
2024-04-10 02:05:19.073541:adding residual with fc as the size are different
2024-04-10 02:05:19.080310:adding fully connected layers with 1024 outputs
2024-04-10 02:05:19.085192:adding residual, both sizes are same
2024-04-10 02:05:19.087022:adding fully connected layers with 1024 outputs
2024-04-10 02:05:19.091649:adding residual, both sizes are same
2024-04-10 02:05:19.093417:adding fully connected layers with 1024 outputs
2024-04-10 02:05:19.097991:adding residual, both sizes are same
2024-04-10 02:05:19.099812:adding dropout 0.8
2024-04-10 02:05:19.104623:adding fully connected layers with 512 outputs
2024-04-10 02:05:19.109379:adding residual with fc as the size are different
2024-04-10 02:05:19.115401:adding fully connected layers with 512 outputs
2024-04-10 02:05:19.120036:adding residual, both sizes are same
2024-04-10 02:05:19.121807:adding fully connected layers with 512 outputs
2024-04-10 02:05:19.126487:adding residual, both sizes are same
2024-04-10 02:05:19.128256:adding dropout 0.9
2024-04-10 02:05:19.129800:adding fully connected layers with 256 outputs
2024-04-10 02:05:19.134566:adding residual with fc as the size are different
2024-04-10 02:05:19.140666:adding fully connected layers with 256 outputs
2024-04-10 02:05:19.145375:adding residual, both sizes are same
2024-04-10 02:05:19.147188:adding fully connected layers with 256 outputs
2024-04-10 02:05:19.160793:adding residual, both sizes are same
2024-04-10 02:05:19.163573:adding dropout 0.7
2024-04-10 02:05:19.165930:adding fully connected layers with 128 outputs
2024-04-10 02:05:19.171924:adding residual with fc as the size are different
2024-04-10 02:05:19.188133:adding fully connected layers with 128 outputs
2024-04-10 02:05:19.193620:adding residual, both sizes are same
2024-04-10 02:05:19.196265:adding fully connected layers with 128 outputs
2024-04-10 02:05:19.209688:adding residual, both sizes are same
2024-04-10 02:05:19.212407:adding dropout 0.8
2024-04-10 02:05:19.214485:adding fully connected layers with 64 outputs
2024-04-10 02:05:19.220355:adding residual with fc as the size are different
2024-04-10 02:05:19.226390:adding fully connected layers with 64 outputs
2024-04-10 02:05:19.231368:adding residual, both sizes are same
2024-04-10 02:05:19.233168:adding fully connected layers with 32 outputs
2024-04-10 02:05:19.237945:adding residual with fc as the size are different
2024-04-10 02:05:19.244217:adding final layer with 1 output
2024-04-10 02:05:19.253669:Model: "ElemNet"
2024-04-10 02:05:19.253738:__________________________________________________________________________________________________
2024-04-10 02:05:19.253786:Layer (type)                    Output Shape         Param #     Connected to                     
2024-04-10 02:05:19.253821:==================================================================================================
2024-04-10 02:05:19.254032:elemental_fractions (InputLayer [(None, 768)]        0                                            
2024-04-10 02:05:19.254076:__________________________________________________________________________________________________
2024-04-10 02:05:19.254220:fc0_0 (Dense)                   (None, 1024)         787456      elemental_fractions[0][0]        
2024-04-10 02:05:19.254263:__________________________________________________________________________________________________
2024-04-10 02:05:19.254380:fc0_dim_0 (Dense)               (None, 1024)         787456      elemental_fractions[0][0]        
2024-04-10 02:05:19.254422:__________________________________________________________________________________________________
2024-04-10 02:05:19.254502:tf.__operators__.add (TFOpLambd (None, 1024)         0           fc0_0[0][0]                      
2024-04-10 02:05:19.254543:                                                                 fc0_dim_0[0][0]                  
2024-04-10 02:05:19.254577:__________________________________________________________________________________________________
2024-04-10 02:05:19.254678:fc0_1 (Dense)                   (None, 1024)         1049600     tf.__operators__.add[0][0]       
2024-04-10 02:05:19.254718:__________________________________________________________________________________________________
2024-04-10 02:05:19.254790:tf.__operators__.add_1 (TFOpLam (None, 1024)         0           fc0_1[0][0]                      
2024-04-10 02:05:19.254830:                                                                 tf.__operators__.add[0][0]       
2024-04-10 02:05:19.254864:__________________________________________________________________________________________________
2024-04-10 02:05:19.254962:fc0_2 (Dense)                   (None, 1024)         1049600     tf.__operators__.add_1[0][0]     
2024-04-10 02:05:19.255002:__________________________________________________________________________________________________
2024-04-10 02:05:19.255074:tf.__operators__.add_2 (TFOpLam (None, 1024)         0           fc0_2[0][0]                      
2024-04-10 02:05:19.255115:                                                                 tf.__operators__.add_1[0][0]     
2024-04-10 02:05:19.255150:__________________________________________________________________________________________________
2024-04-10 02:05:19.255245:fc0_3 (Dense)                   (None, 1024)         1049600     tf.__operators__.add_2[0][0]     
2024-04-10 02:05:19.255292:__________________________________________________________________________________________________
2024-04-10 02:05:19.255366:tf.__operators__.add_3 (TFOpLam (None, 1024)         0           fc0_3[0][0]                      
2024-04-10 02:05:19.255409:                                                                 tf.__operators__.add_2[0][0]     
2024-04-10 02:05:19.255442:__________________________________________________________________________________________________
2024-04-10 02:05:19.255519:dropout (Dropout)               (None, 1024)         0           tf.__operators__.add_3[0][0]     
2024-04-10 02:05:19.255555:__________________________________________________________________________________________________
2024-04-10 02:05:19.255657:fc1_0 (Dense)                   (None, 512)          524800      dropout[0][0]                    
2024-04-10 02:05:19.255698:__________________________________________________________________________________________________
2024-04-10 02:05:19.255795:fc1_dim_0 (Dense)               (None, 512)          524800      dropout[0][0]                    
2024-04-10 02:05:19.255834:__________________________________________________________________________________________________
2024-04-10 02:05:19.255906:tf.__operators__.add_4 (TFOpLam (None, 512)          0           fc1_0[0][0]                      
2024-04-10 02:05:19.255947:                                                                 fc1_dim_0[0][0]                  
2024-04-10 02:05:19.255981:__________________________________________________________________________________________________
2024-04-10 02:05:19.256075:fc1_1 (Dense)                   (None, 512)          262656      tf.__operators__.add_4[0][0]     
2024-04-10 02:05:19.256114:__________________________________________________________________________________________________
2024-04-10 02:05:19.256184:tf.__operators__.add_5 (TFOpLam (None, 512)          0           fc1_1[0][0]                      
2024-04-10 02:05:19.256226:                                                                 tf.__operators__.add_4[0][0]     
2024-04-10 02:05:19.256261:__________________________________________________________________________________________________
2024-04-10 02:05:19.256367:fc1_2 (Dense)                   (None, 512)          262656      tf.__operators__.add_5[0][0]     
2024-04-10 02:05:19.256405:__________________________________________________________________________________________________
2024-04-10 02:05:19.256479:tf.__operators__.add_6 (TFOpLam (None, 512)          0           fc1_2[0][0]                      
2024-04-10 02:05:19.256519:                                                                 tf.__operators__.add_5[0][0]     
2024-04-10 02:05:19.256552:__________________________________________________________________________________________________
2024-04-10 02:05:19.256618:dropout_1 (Dropout)             (None, 512)          0           tf.__operators__.add_6[0][0]     
2024-04-10 02:05:19.256654:__________________________________________________________________________________________________
2024-04-10 02:05:19.256749:fc2_0 (Dense)                   (None, 256)          131328      dropout_1[0][0]                  
2024-04-10 02:05:19.256788:__________________________________________________________________________________________________
2024-04-10 02:05:19.256882:fc2_dim_0 (Dense)               (None, 256)          131328      dropout_1[0][0]                  
2024-04-10 02:05:19.256921:__________________________________________________________________________________________________
2024-04-10 02:05:19.256993:tf.__operators__.add_7 (TFOpLam (None, 256)          0           fc2_0[0][0]                      
2024-04-10 02:05:19.257033:                                                                 fc2_dim_0[0][0]                  
2024-04-10 02:05:19.257066:__________________________________________________________________________________________________
2024-04-10 02:05:19.257160:fc2_1 (Dense)                   (None, 256)          65792       tf.__operators__.add_7[0][0]     
2024-04-10 02:05:19.257199:__________________________________________________________________________________________________
2024-04-10 02:05:19.257270:tf.__operators__.add_8 (TFOpLam (None, 256)          0           fc2_1[0][0]                      
2024-04-10 02:05:19.257319:                                                                 tf.__operators__.add_7[0][0]     
2024-04-10 02:05:19.257358:__________________________________________________________________________________________________
2024-04-10 02:05:19.257458:fc2_2 (Dense)                   (None, 256)          65792       tf.__operators__.add_8[0][0]     
2024-04-10 02:05:19.257515:__________________________________________________________________________________________________
2024-04-10 02:05:19.257589:tf.__operators__.add_9 (TFOpLam (None, 256)          0           fc2_2[0][0]                      
2024-04-10 02:05:19.257630:                                                                 tf.__operators__.add_8[0][0]     
2024-04-10 02:05:19.257663:__________________________________________________________________________________________________
2024-04-10 02:05:19.257729:dropout_2 (Dropout)             (None, 256)          0           tf.__operators__.add_9[0][0]     
2024-04-10 02:05:19.257766:__________________________________________________________________________________________________
2024-04-10 02:05:19.257861:fc3_0 (Dense)                   (None, 128)          32896       dropout_2[0][0]                  
2024-04-10 02:05:19.257900:__________________________________________________________________________________________________
2024-04-10 02:05:19.257993:fc3_dim_0 (Dense)               (None, 128)          32896       dropout_2[0][0]                  
2024-04-10 02:05:19.258033:__________________________________________________________________________________________________
2024-04-10 02:05:19.258103:tf.__operators__.add_10 (TFOpLa (None, 128)          0           fc3_0[0][0]                      
2024-04-10 02:05:19.258143:                                                                 fc3_dim_0[0][0]                  
2024-04-10 02:05:19.258176:__________________________________________________________________________________________________
2024-04-10 02:05:19.258268:fc3_1 (Dense)                   (None, 128)          16512       tf.__operators__.add_10[0][0]    
2024-04-10 02:05:19.258316:__________________________________________________________________________________________________
2024-04-10 02:05:19.258421:tf.__operators__.add_11 (TFOpLa (None, 128)          0           fc3_1[0][0]                      
2024-04-10 02:05:19.258467:                                                                 tf.__operators__.add_10[0][0]    
2024-04-10 02:05:19.258502:__________________________________________________________________________________________________
2024-04-10 02:05:19.258605:fc3_2 (Dense)                   (None, 128)          16512       tf.__operators__.add_11[0][0]    
2024-04-10 02:05:19.258645:__________________________________________________________________________________________________
2024-04-10 02:05:19.258717:tf.__operators__.add_12 (TFOpLa (None, 128)          0           fc3_2[0][0]                      
2024-04-10 02:05:19.258758:                                                                 tf.__operators__.add_11[0][0]    
2024-04-10 02:05:19.258792:__________________________________________________________________________________________________
2024-04-10 02:05:19.258858:dropout_3 (Dropout)             (None, 128)          0           tf.__operators__.add_12[0][0]    
2024-04-10 02:05:19.258894:__________________________________________________________________________________________________
2024-04-10 02:05:19.258988:fc4_0 (Dense)                   (None, 64)           8256        dropout_3[0][0]                  
2024-04-10 02:05:19.259029:__________________________________________________________________________________________________
2024-04-10 02:05:19.259123:fc4_dim_0 (Dense)               (None, 64)           8256        dropout_3[0][0]                  
2024-04-10 02:05:19.259162:__________________________________________________________________________________________________
2024-04-10 02:05:19.259232:tf.__operators__.add_13 (TFOpLa (None, 64)           0           fc4_0[0][0]                      
2024-04-10 02:05:19.259280:                                                                 fc4_dim_0[0][0]                  
2024-04-10 02:05:19.259325:__________________________________________________________________________________________________
2024-04-10 02:05:19.259427:fc4_1 (Dense)                   (None, 64)           4160        tf.__operators__.add_13[0][0]    
2024-04-10 02:05:19.259466:__________________________________________________________________________________________________
2024-04-10 02:05:19.259537:tf.__operators__.add_14 (TFOpLa (None, 64)           0           fc4_1[0][0]                      
2024-04-10 02:05:19.259578:                                                                 tf.__operators__.add_13[0][0]    
2024-04-10 02:05:19.259612:__________________________________________________________________________________________________
2024-04-10 02:05:19.259707:fc5_0 (Dense)                   (None, 32)           2080        tf.__operators__.add_14[0][0]    
2024-04-10 02:05:19.259746:__________________________________________________________________________________________________
2024-04-10 02:05:19.259840:fc5_dim_0 (Dense)               (None, 32)           2080        tf.__operators__.add_14[0][0]    
2024-04-10 02:05:19.259881:__________________________________________________________________________________________________
2024-04-10 02:05:19.259951:tf.__operators__.add_15 (TFOpLa (None, 32)           0           fc5_0[0][0]                      
2024-04-10 02:05:19.259991:                                                                 fc5_dim_0[0][0]                  
2024-04-10 02:05:19.260024:__________________________________________________________________________________________________
2024-04-10 02:05:19.260120:fc6 (Dense)                     (None, 1)            33          tf.__operators__.add_15[0][0]    
2024-04-10 02:05:19.260159:==================================================================================================
2024-04-10 02:05:19.260764:Total params: 6,816,545
2024-04-10 02:05:19.260818:Trainable params: 6,816,545
2024-04-10 02:05:19.260855:Non-trainable params: 0
2024-04-10 02:05:19.260889:__________________________________________________________________________________________________
2024-04-10 02:05:19.270806:start training
2024-04-10 02:05:23.072804:2024-04-10 02:05:23.072736: Current epoch: 0, loss: 10.613519668579102, validation loss: 10.087559700012207
2024-04-10 02:05:25.404751:2024-04-10 02:05:25.404623: Current epoch: 1, loss: 9.47131061553955, validation loss: 11.080912590026855
2024-04-10 02:05:27.777548:2024-04-10 02:05:27.777482: Current epoch: 2, loss: 8.9095458984375, validation loss: 9.264251708984375
2024-04-10 02:05:30.082398:2024-04-10 02:05:30.082327: Current epoch: 3, loss: 8.777542114257812, validation loss: 9.947007179260254
2024-04-10 02:05:32.433744:2024-04-10 02:05:32.433664: Current epoch: 4, loss: 8.57006549835205, validation loss: 9.246927261352539
2024-04-10 02:05:34.764768:2024-04-10 02:05:34.764685: Current epoch: 5, loss: 8.277944564819336, validation loss: 8.705111503601074
2024-04-10 02:05:37.107235:2024-04-10 02:05:37.107147: Current epoch: 6, loss: 8.29482650756836, validation loss: 8.552108764648438
2024-04-10 02:05:39.396244:2024-04-10 02:05:39.396081: Current epoch: 7, loss: 8.045675277709961, validation loss: 8.758162498474121
2024-04-10 02:05:41.803784:2024-04-10 02:05:41.803618: Current epoch: 8, loss: 8.177119255065918, validation loss: 9.70279598236084
2024-04-10 02:05:44.115463:2024-04-10 02:05:44.115379: Current epoch: 9, loss: 7.916440486907959, validation loss: 8.516775131225586
2024-04-10 02:05:48.900372:2024-04-10 02:05:48.900312: Current epoch: 10, loss: 7.7920708656311035, validation loss: 8.51502799987793
2024-04-10 02:05:51.182614:2024-04-10 02:05:51.182456: Current epoch: 11, loss: 7.720580101013184, validation loss: 8.902945518493652
2024-04-10 02:05:53.491244:2024-04-10 02:05:53.491087: Current epoch: 12, loss: 7.6908745765686035, validation loss: 9.18855094909668
2024-04-10 02:05:55.925985:2024-04-10 02:05:55.925906: Current epoch: 13, loss: 7.452286243438721, validation loss: 8.489971160888672
2024-04-10 02:05:58.170248:2024-04-10 02:05:58.170174: Current epoch: 14, loss: 7.265745162963867, validation loss: 9.182490348815918
2024-04-10 02:06:00.429974:2024-04-10 02:06:00.429893: Current epoch: 15, loss: 7.2532758712768555, validation loss: 8.945871353149414
2024-04-10 02:06:02.692366:2024-04-10 02:06:02.692309: Current epoch: 16, loss: 7.448177337646484, validation loss: 8.272544860839844
2024-04-10 02:06:04.939303:2024-04-10 02:06:04.939222: Current epoch: 17, loss: 7.189998626708984, validation loss: 8.224494934082031
2024-04-10 02:06:07.294071:2024-04-10 02:06:07.294001: Current epoch: 18, loss: 7.013092041015625, validation loss: 7.452102184295654
2024-04-10 02:06:09.594590:2024-04-10 02:06:09.594497: Current epoch: 19, loss: 7.060430526733398, validation loss: 7.903868198394775
2024-04-10 02:06:14.179676:2024-04-10 02:06:14.179513: Current epoch: 20, loss: 6.956799507141113, validation loss: 7.921148777008057
2024-04-10 02:06:16.461431:2024-04-10 02:06:16.461356: Current epoch: 21, loss: 6.686247825622559, validation loss: 7.296193599700928
2024-04-10 02:06:18.714011:2024-04-10 02:06:18.713864: Current epoch: 22, loss: 6.555129051208496, validation loss: 8.380260467529297
2024-04-10 02:06:20.904336:2024-04-10 02:06:20.904167: Current epoch: 23, loss: 6.699139595031738, validation loss: 8.648381233215332
2024-04-10 02:06:23.066722:2024-04-10 02:06:23.066629: Current epoch: 24, loss: 6.500631809234619, validation loss: 8.299971580505371
2024-04-10 02:06:25.238357:2024-04-10 02:06:25.238287: Current epoch: 25, loss: 6.258622646331787, validation loss: 7.82586669921875
2024-04-10 02:06:27.501542:2024-04-10 02:06:27.501473: Current epoch: 26, loss: 6.2452898025512695, validation loss: 7.8023457527160645
2024-04-10 02:06:29.787929:2024-04-10 02:06:29.787854: Current epoch: 27, loss: 6.164814472198486, validation loss: 8.054376602172852
2024-04-10 02:06:32.105181:2024-04-10 02:06:32.105106: Current epoch: 28, loss: 5.985106468200684, validation loss: 7.337159156799316
2024-04-10 02:06:34.366725:2024-04-10 02:06:34.366644: Current epoch: 29, loss: 6.003145217895508, validation loss: 7.25025749206543
2024-04-10 02:06:38.739377:2024-04-10 02:06:38.739309: Current epoch: 30, loss: 5.849794864654541, validation loss: 7.315593719482422
2024-04-10 02:06:41.026785:2024-04-10 02:06:41.026650: Current epoch: 31, loss: 5.628277778625488, validation loss: 7.716394901275635
2024-04-10 02:06:43.356190:2024-04-10 02:06:43.356116: Current epoch: 32, loss: 5.746575832366943, validation loss: 8.733375549316406
2024-04-10 02:06:45.532174:2024-04-10 02:06:45.532080: Current epoch: 33, loss: 5.573221206665039, validation loss: 7.289319038391113
2024-04-10 02:06:47.759444:2024-04-10 02:06:47.759391: Current epoch: 34, loss: 5.240212440490723, validation loss: 7.099947452545166
2024-04-10 02:06:50.001816:2024-04-10 02:06:50.001741: Current epoch: 35, loss: 5.241670608520508, validation loss: 7.352963447570801
2024-04-10 02:06:52.219825:2024-04-10 02:06:52.219760: Current epoch: 36, loss: 5.09915018081665, validation loss: 7.390872955322266
2024-04-10 02:06:54.536035:2024-04-10 02:06:54.535985: Current epoch: 37, loss: 4.952856540679932, validation loss: 7.066871643066406
2024-04-10 02:06:56.695821:2024-04-10 02:06:56.695684: Current epoch: 38, loss: 5.094415664672852, validation loss: 8.161286354064941
2024-04-10 02:06:58.952334:2024-04-10 02:06:58.952266: Current epoch: 39, loss: 4.891067981719971, validation loss: 6.919840335845947
2024-04-10 02:07:03.683088:2024-04-10 02:07:03.683034: Current epoch: 40, loss: 4.779544830322266, validation loss: 6.846045970916748
2024-04-10 02:07:05.852295:2024-04-10 02:07:05.852206: Current epoch: 41, loss: 4.665964126586914, validation loss: 7.845526218414307
2024-04-10 02:07:08.139000:2024-04-10 02:07:08.138948: Current epoch: 42, loss: 5.159112453460693, validation loss: 6.836515426635742
2024-04-10 02:07:10.254109:2024-04-10 02:07:10.254035: Current epoch: 43, loss: 4.856522560119629, validation loss: 7.133298397064209
2024-04-10 02:07:12.500592:2024-04-10 02:07:12.500498: Current epoch: 44, loss: 4.357434272766113, validation loss: 7.255005836486816
2024-04-10 02:07:14.686345:2024-04-10 02:07:14.686249: Current epoch: 45, loss: 4.319135665893555, validation loss: 7.595528602600098
2024-04-10 02:07:16.900966:2024-04-10 02:07:16.900830: Current epoch: 46, loss: 4.141435146331787, validation loss: 7.051462650299072
2024-04-10 02:07:19.201338:2024-04-10 02:07:19.201212: Current epoch: 47, loss: 4.1737141609191895, validation loss: 6.9986114501953125
2024-04-10 02:07:21.453095:2024-04-10 02:07:21.452961: Current epoch: 48, loss: 4.036906719207764, validation loss: 7.132760047912598
2024-04-10 02:07:23.658615:2024-04-10 02:07:23.658520: Current epoch: 49, loss: 4.199109077453613, validation loss: 7.0725860595703125
2024-04-10 02:07:25.780171:2024-04-10 02:07:25.780098: Current epoch: 50, loss: 3.937248945236206, validation loss: 6.842713356018066
2024-04-10 02:07:27.892113:2024-04-10 02:07:27.891985: Current epoch: 51, loss: 3.836909294128418, validation loss: 7.10020112991333
2024-04-10 02:07:30.016563:2024-04-10 02:07:30.016489: Current epoch: 52, loss: 3.795229196548462, validation loss: 7.030325889587402
2024-04-10 02:07:32.225226:2024-04-10 02:07:32.225150: Current epoch: 53, loss: 3.897138833999634, validation loss: 8.382562637329102
2024-04-10 02:07:34.504750:2024-04-10 02:07:34.504674: Current epoch: 54, loss: 4.1534504890441895, validation loss: 6.900634288787842
2024-04-10 02:07:36.902512:2024-04-10 02:07:36.902449: Current epoch: 55, loss: 3.7124783992767334, validation loss: 6.716782093048096
2024-04-10 02:07:39.203989:2024-04-10 02:07:39.203936: Current epoch: 56, loss: 3.5023269653320312, validation loss: 6.417382717132568
2024-04-10 02:07:41.500338:2024-04-10 02:07:41.500249: Current epoch: 57, loss: 3.483532190322876, validation loss: 6.99620246887207
2024-04-10 02:07:43.813300:2024-04-10 02:07:43.813214: Current epoch: 58, loss: 3.5171146392822266, validation loss: 7.00455379486084
2024-04-10 02:07:45.967078:2024-04-10 02:07:45.966944: Current epoch: 59, loss: 3.5620760917663574, validation loss: 7.087362289428711
2024-04-10 02:07:48.128436:2024-04-10 02:07:48.128381: Current epoch: 60, loss: 3.5037190914154053, validation loss: 6.314681053161621
2024-04-10 02:07:50.293673:2024-04-10 02:07:50.293599: Current epoch: 61, loss: 3.095749855041504, validation loss: 6.352344512939453
2024-04-10 02:07:52.567292:2024-04-10 02:07:52.567198: Current epoch: 62, loss: 3.2010397911071777, validation loss: 6.821842670440674
2024-04-10 02:07:54.790039:2024-04-10 02:07:54.789965: Current epoch: 63, loss: 3.275550603866577, validation loss: 6.64461088180542
2024-04-10 02:07:57.032569:2024-04-10 02:07:57.032413: Current epoch: 64, loss: 3.109990358352661, validation loss: 6.942683696746826
2024-04-10 02:07:59.246309:2024-04-10 02:07:59.246211: Current epoch: 65, loss: 3.0218937397003174, validation loss: 6.416964054107666
2024-04-10 02:08:01.508664:2024-04-10 02:08:01.508591: Current epoch: 66, loss: 2.9869158267974854, validation loss: 6.728415012359619
2024-04-10 02:08:03.713645:2024-04-10 02:08:03.713594: Current epoch: 67, loss: 2.857999801635742, validation loss: 6.29552698135376
2024-04-10 02:08:05.829960:2024-04-10 02:08:05.829879: Current epoch: 68, loss: 2.9698219299316406, validation loss: 6.47639274597168
2024-04-10 02:08:08.027589:2024-04-10 02:08:08.027524: Current epoch: 69, loss: 2.8257334232330322, validation loss: 6.511269569396973
2024-04-10 02:08:12.552231:2024-04-10 02:08:12.552157: Current epoch: 70, loss: 2.921612501144409, validation loss: 6.693221569061279
2024-04-10 02:08:14.734698:2024-04-10 02:08:14.734564: Current epoch: 71, loss: 2.815612316131592, validation loss: 6.768771171569824
2024-04-10 02:08:16.856344:2024-04-10 02:08:16.856249: Current epoch: 72, loss: 2.8165266513824463, validation loss: 6.493644714355469
2024-04-10 02:08:19.092954:2024-04-10 02:08:19.092897: Current epoch: 73, loss: 2.722780227661133, validation loss: 6.289425373077393
2024-04-10 02:08:21.312790:2024-04-10 02:08:21.312716: Current epoch: 74, loss: 2.699326992034912, validation loss: 6.504891395568848
2024-04-10 02:08:23.454424:2024-04-10 02:08:23.454353: Current epoch: 75, loss: 2.985599994659424, validation loss: 6.602567672729492
2024-04-10 02:08:25.642567:2024-04-10 02:08:25.642474: Current epoch: 76, loss: 2.6264522075653076, validation loss: 6.351466655731201
2024-04-10 02:08:27.774407:2024-04-10 02:08:27.774326: Current epoch: 77, loss: 2.369189500808716, validation loss: 6.499513626098633
2024-04-10 02:08:30.023992:2024-04-10 02:08:30.023855: Current epoch: 78, loss: 2.3587265014648438, validation loss: 6.548943996429443
2024-04-10 02:08:32.299626:2024-04-10 02:08:32.299566: Current epoch: 79, loss: 2.614187002182007, validation loss: 6.0942487716674805
2024-04-10 02:08:36.736578:2024-04-10 02:08:36.736496: Current epoch: 80, loss: 2.3450231552124023, validation loss: 6.449995517730713
2024-04-10 02:08:38.929327:2024-04-10 02:08:38.929229: Current epoch: 81, loss: 2.4171879291534424, validation loss: 6.423007965087891
2024-04-10 02:08:41.165571:2024-04-10 02:08:41.165496: Current epoch: 82, loss: 2.341240167617798, validation loss: 7.151421070098877
2024-04-10 02:08:43.474117:2024-04-10 02:08:43.474043: Current epoch: 83, loss: 2.3822247982025146, validation loss: 6.7850661277771
2024-04-10 02:08:45.609175:2024-04-10 02:08:45.609104: Current epoch: 84, loss: 2.2655131816864014, validation loss: 6.321371078491211
2024-04-10 02:08:47.895263:2024-04-10 02:08:47.895187: Current epoch: 85, loss: 2.1713507175445557, validation loss: 6.436448097229004
2024-04-10 02:08:50.161931:2024-04-10 02:08:50.161855: Current epoch: 86, loss: 2.4183590412139893, validation loss: 6.282517433166504
2024-04-10 02:08:52.346332:2024-04-10 02:08:52.346230: Current epoch: 87, loss: 2.2939791679382324, validation loss: 6.969980239868164
2024-04-10 02:08:54.611739:2024-04-10 02:08:54.611603: Current epoch: 88, loss: 2.1986470222473145, validation loss: 6.350218296051025
2024-04-10 02:08:56.803968:2024-04-10 02:08:56.803894: Current epoch: 89, loss: 2.2278859615325928, validation loss: 6.322206974029541
2024-04-10 02:08:58.996922:2024-04-10 02:08:58.996846: Current epoch: 90, loss: 2.1067044734954834, validation loss: 6.430137634277344
2024-04-10 02:09:01.187937:2024-04-10 02:09:01.187781: Current epoch: 91, loss: 2.087306022644043, validation loss: 7.086713790893555
2024-04-10 02:09:03.467889:2024-04-10 02:09:03.467751: Current epoch: 92, loss: 2.8789243698120117, validation loss: 6.308511257171631
2024-04-10 02:09:05.691334:2024-04-10 02:09:05.691236: Current epoch: 93, loss: 2.3171567916870117, validation loss: 6.3655548095703125
2024-04-10 02:09:07.904095:2024-04-10 02:09:07.904026: Current epoch: 94, loss: 2.143770694732666, validation loss: 6.219416618347168
2024-04-10 02:09:10.112038:2024-04-10 02:09:10.111963: Current epoch: 95, loss: 1.9492679834365845, validation loss: 6.427125930786133
2024-04-10 02:09:12.314074:2024-04-10 02:09:12.313978: Current epoch: 96, loss: 1.9226306676864624, validation loss: 6.34202766418457
2024-04-10 02:09:14.524315:2024-04-10 02:09:14.524209: Current epoch: 97, loss: 1.825050950050354, validation loss: 6.574653148651123
2024-04-10 02:09:16.721470:2024-04-10 02:09:16.721332: Current epoch: 98, loss: 2.1800503730773926, validation loss: 6.424130916595459
2024-04-10 02:09:18.867527:2024-04-10 02:09:18.867434: Current epoch: 99, loss: 1.844059705734253, validation loss: 6.6196608543396
2024-04-10 02:09:21.090944:2024-04-10 02:09:21.090897: Current epoch: 100, loss: 1.8407825231552124, validation loss: 6.7261786460876465
2024-04-10 02:09:23.307143:2024-04-10 02:09:23.307067: Current epoch: 101, loss: 1.9565705060958862, validation loss: 6.42221212387085
2024-04-10 02:09:25.555703:2024-04-10 02:09:25.555629: Current epoch: 102, loss: 1.8862123489379883, validation loss: 6.401733875274658
2024-04-10 02:09:27.819000:2024-04-10 02:09:27.818926: Current epoch: 103, loss: 1.8966153860092163, validation loss: 6.309290409088135
2024-04-10 02:09:30.020330:2024-04-10 02:09:30.020233: Current epoch: 104, loss: 2.1101276874542236, validation loss: 6.721603870391846
2024-04-10 02:09:32.227372:2024-04-10 02:09:32.227219: Current epoch: 105, loss: 2.1219918727874756, validation loss: 6.247406005859375
2024-04-10 02:09:34.378069:2024-04-10 02:09:34.377992: Current epoch: 106, loss: 1.8125834465026855, validation loss: 6.479332447052002
2024-04-10 02:09:36.559263:2024-04-10 02:09:36.559189: Current epoch: 107, loss: 1.6773473024368286, validation loss: 6.58233642578125
2024-04-10 02:09:38.756946:2024-04-10 02:09:38.756852: Current epoch: 108, loss: 1.7381176948547363, validation loss: 6.344746112823486
2024-04-10 02:09:41.032895:2024-04-10 02:09:41.032821: Current epoch: 109, loss: 1.7036714553833008, validation loss: 6.495779037475586
2024-04-10 02:09:43.367538:2024-04-10 02:09:43.367469: Current epoch: 110, loss: 1.7238956689834595, validation loss: 6.648253440856934
2024-04-10 02:09:45.590686:2024-04-10 02:09:45.590609: Current epoch: 111, loss: 1.8712514638900757, validation loss: 6.346829891204834
2024-04-10 02:09:47.751129:2024-04-10 02:09:47.751049: Current epoch: 112, loss: 1.7172218561172485, validation loss: 6.364594459533691
2024-04-10 02:09:49.890789:2024-04-10 02:09:49.890716: Current epoch: 113, loss: 1.8379392623901367, validation loss: 6.359686374664307
2024-04-10 02:09:52.027122:2024-04-10 02:09:52.027043: Current epoch: 114, loss: 1.7557979822158813, validation loss: 6.287276744842529
2024-04-10 02:09:54.279816:2024-04-10 02:09:54.279746: Current epoch: 115, loss: 1.7184542417526245, validation loss: 6.26231575012207
2024-04-10 02:09:56.471235:2024-04-10 02:09:56.471160: Current epoch: 116, loss: 1.9511046409606934, validation loss: 6.732131481170654
2024-04-10 02:09:58.731175:2024-04-10 02:09:58.731102: Current epoch: 117, loss: 2.980888605117798, validation loss: 6.507776737213135
2024-04-10 02:10:00.944598:2024-04-10 02:10:00.944521: Current epoch: 118, loss: 1.706254243850708, validation loss: 6.408020496368408
2024-04-10 02:10:03.230139:2024-04-10 02:10:03.230064: Current epoch: 119, loss: 1.6154773235321045, validation loss: 6.420586109161377
2024-04-10 02:10:05.441245:2024-04-10 02:10:05.441110: Current epoch: 120, loss: 1.5451045036315918, validation loss: 6.1806511878967285
2024-04-10 02:10:07.745719:2024-04-10 02:10:07.745443: Current epoch: 121, loss: 1.5020548105239868, validation loss: 6.241508960723877
2024-04-10 02:10:09.994987:2024-04-10 02:10:09.994827: Current epoch: 122, loss: 1.5618870258331299, validation loss: 6.19989013671875
2024-04-10 02:10:12.234015:2024-04-10 02:10:12.233938: Current epoch: 123, loss: 1.6501202583312988, validation loss: 6.209611892700195
2024-04-10 02:10:14.519626:2024-04-10 02:10:14.519359: Current epoch: 124, loss: 1.6090383529663086, validation loss: 6.269639492034912
2024-04-10 02:10:16.656600:2024-04-10 02:10:16.656462: Current epoch: 125, loss: 1.4764326810836792, validation loss: 6.283817768096924
2024-04-10 02:10:18.818798:2024-04-10 02:10:18.818709: Current epoch: 126, loss: 1.6110754013061523, validation loss: 6.3388991355896
2024-04-10 02:10:20.955441:2024-04-10 02:10:20.955302: Current epoch: 127, loss: 1.7929106950759888, validation loss: 6.358541965484619
2024-04-10 02:10:23.183263:2024-04-10 02:10:23.183189: Current epoch: 128, loss: 1.5504281520843506, validation loss: 6.381680488586426
2024-04-10 02:10:25.308378:2024-04-10 02:10:25.308298: Current epoch: 129, loss: 1.5998274087905884, validation loss: 6.338128566741943
2024-04-10 02:10:27.512707:2024-04-10 02:10:27.512632: Current epoch: 130, loss: 1.4751572608947754, validation loss: 6.496101379394531
2024-04-10 02:10:29.621366:2024-04-10 02:10:29.621267: Current epoch: 131, loss: 1.5103721618652344, validation loss: 6.693950653076172
2024-04-10 02:10:31.781588:2024-04-10 02:10:31.781518: Current epoch: 132, loss: 1.939573884010315, validation loss: 6.376997947692871
2024-04-10 02:10:33.948875:2024-04-10 02:10:33.948799: Current epoch: 133, loss: 1.4952558279037476, validation loss: 6.297625541687012
2024-04-10 02:10:36.140888:2024-04-10 02:10:36.140814: Current epoch: 134, loss: 1.4260588884353638, validation loss: 6.395806312561035
2024-04-10 02:10:38.364228:2024-04-10 02:10:38.364151: Current epoch: 135, loss: 1.4321986436843872, validation loss: 6.48477029800415
2024-04-10 02:10:40.574340:2024-04-10 02:10:40.574245: Current epoch: 136, loss: 1.4211279153823853, validation loss: 6.287955284118652
2024-04-10 02:10:42.833330:2024-04-10 02:10:42.833264: Current epoch: 137, loss: 1.4100021123886108, validation loss: 6.070443153381348
2024-04-10 02:10:44.974859:2024-04-10 02:10:44.974723: Current epoch: 138, loss: 1.3940538167953491, validation loss: 6.323851108551025
2024-04-10 02:10:47.135245:2024-04-10 02:10:47.135169: Current epoch: 139, loss: 1.482115626335144, validation loss: 6.591765403747559
2024-04-10 02:10:49.324736:2024-04-10 02:10:49.324641: Current epoch: 140, loss: 1.5909717082977295, validation loss: 6.391929626464844
2024-04-10 02:10:51.490888:2024-04-10 02:10:51.490812: Current epoch: 141, loss: 1.3995647430419922, validation loss: 6.152157306671143
2024-04-10 02:10:53.691266:2024-04-10 02:10:53.691191: Current epoch: 142, loss: 1.5351539850234985, validation loss: 6.420736789703369
2024-04-10 02:10:55.892113:2024-04-10 02:10:55.892036: Current epoch: 143, loss: 1.469849944114685, validation loss: 6.341392517089844
2024-04-10 02:10:58.039652:2024-04-10 02:10:58.039516: Current epoch: 144, loss: 1.4135924577713013, validation loss: 6.203347682952881
2024-04-10 02:11:00.260857:2024-04-10 02:11:00.260776: Current epoch: 145, loss: 1.3620476722717285, validation loss: 6.184074878692627
2024-04-10 02:11:02.453624:2024-04-10 02:11:02.453530: Current epoch: 146, loss: 1.3556468486785889, validation loss: 6.72880220413208
2024-04-10 02:11:04.657768:2024-04-10 02:11:04.657693: Current epoch: 147, loss: 1.3450944423675537, validation loss: 6.348780155181885
2024-04-10 02:11:06.905009:2024-04-10 02:11:06.904931: Current epoch: 148, loss: 1.3849475383758545, validation loss: 6.4635491371154785
2024-04-10 02:11:09.074495:2024-04-10 02:11:09.074344: Current epoch: 149, loss: 1.39596688747406, validation loss: 6.640645980834961
2024-04-10 02:11:11.299470:2024-04-10 02:11:11.299330: Current epoch: 150, loss: 1.8567429780960083, validation loss: 6.450789928436279
2024-04-10 02:11:13.442076:2024-04-10 02:11:13.441917: Current epoch: 151, loss: 1.340391755104065, validation loss: 6.200069427490234
2024-04-10 02:11:15.634467:2024-04-10 02:11:15.634365: Current epoch: 152, loss: 1.1891778707504272, validation loss: 6.365126132965088
2024-04-10 02:11:17.977335:2024-04-10 02:11:17.977242: Current epoch: 153, loss: 1.2833099365234375, validation loss: 5.9187092781066895
2024-04-10 02:11:20.263676:2024-04-10 02:11:20.263538: Current epoch: 154, loss: 1.2494834661483765, validation loss: 6.4402546882629395
2024-04-10 02:11:22.465178:2024-04-10 02:11:22.465085: Current epoch: 155, loss: 1.2693827152252197, validation loss: 5.94497537612915
2024-04-10 02:11:24.786846:2024-04-10 02:11:24.786701: Current epoch: 156, loss: 1.227852702140808, validation loss: 6.309453010559082
2024-04-10 02:11:26.928030:2024-04-10 02:11:26.927874: Current epoch: 157, loss: 1.4873578548431396, validation loss: 6.685328960418701
2024-04-10 02:11:29.094651:2024-04-10 02:11:29.094496: Current epoch: 158, loss: 1.3796817064285278, validation loss: 6.362321376800537
2024-04-10 02:11:31.300486:2024-04-10 02:11:31.300411: Current epoch: 159, loss: 1.3170976638793945, validation loss: 6.403046607971191
2024-04-10 02:11:33.603779:2024-04-10 02:11:33.603623: Current epoch: 160, loss: 1.3489980697631836, validation loss: 6.248119831085205
2024-04-10 02:11:35.794210:2024-04-10 02:11:35.794135: Current epoch: 161, loss: 1.194332242012024, validation loss: 6.212427139282227
2024-04-10 02:11:37.897262:2024-04-10 02:11:37.897193: Current epoch: 162, loss: 1.1142791509628296, validation loss: 6.248388767242432
2024-04-10 02:11:40.134687:2024-04-10 02:11:40.134613: Current epoch: 163, loss: 1.2458999156951904, validation loss: 6.257246971130371
2024-04-10 02:11:42.292448:2024-04-10 02:11:42.292379: Current epoch: 164, loss: 1.5095043182373047, validation loss: 6.456031799316406
2024-04-10 02:11:44.569240:2024-04-10 02:11:44.569165: Current epoch: 165, loss: 1.2874525785446167, validation loss: 6.389363765716553
2024-04-10 02:11:46.796773:2024-04-10 02:11:46.796633: Current epoch: 166, loss: 1.3832210302352905, validation loss: 6.070021152496338
2024-04-10 02:11:48.917439:2024-04-10 02:11:48.917343: Current epoch: 167, loss: 1.192104697227478, validation loss: 6.126035213470459
2024-04-10 02:11:51.127502:2024-04-10 02:11:51.127425: Current epoch: 168, loss: 1.2470602989196777, validation loss: 7.012900352478027
2024-04-10 02:11:53.391927:2024-04-10 02:11:53.391855: Current epoch: 169, loss: 1.3619842529296875, validation loss: 6.2581329345703125
2024-04-10 02:11:55.571752:2024-04-10 02:11:55.571679: Current epoch: 170, loss: 1.3617626428604126, validation loss: 6.312427043914795
2024-04-10 02:11:57.718844:2024-04-10 02:11:57.718687: Current epoch: 171, loss: 1.2417809963226318, validation loss: 6.112298488616943
2024-04-10 02:11:59.872684:2024-04-10 02:11:59.872614: Current epoch: 172, loss: 1.1206839084625244, validation loss: 5.9519548416137695
2024-04-10 02:12:01.992438:2024-04-10 02:12:01.992343: Current epoch: 173, loss: 1.2189406156539917, validation loss: 6.243521690368652
2024-04-10 02:12:04.295003:2024-04-10 02:12:04.294937: Current epoch: 174, loss: 1.1441922187805176, validation loss: 6.182336330413818
2024-04-10 02:12:06.547399:2024-04-10 02:12:06.547231: Current epoch: 175, loss: 1.1578937768936157, validation loss: 6.736597061157227
2024-04-10 02:12:08.667627:2024-04-10 02:12:08.667557: Current epoch: 176, loss: 1.281530737876892, validation loss: 6.3411946296691895
2024-04-10 02:12:10.877214:2024-04-10 02:12:10.877143: Current epoch: 177, loss: 1.02821946144104, validation loss: 6.129658222198486
2024-04-10 02:12:13.004737:2024-04-10 02:12:13.004667: Current epoch: 178, loss: 1.064935564994812, validation loss: 6.48222017288208
2024-04-10 02:12:15.335266:2024-04-10 02:12:15.335196: Current epoch: 179, loss: 1.0269356966018677, validation loss: 6.291997909545898
2024-04-10 02:12:17.547639:2024-04-10 02:12:17.547564: Current epoch: 180, loss: 1.1700176000595093, validation loss: 6.348904132843018
2024-04-10 02:12:19.775104:2024-04-10 02:12:19.775029: Current epoch: 181, loss: 1.2694947719573975, validation loss: 6.435587406158447
2024-04-10 02:12:22.138109:2024-04-10 02:12:22.138034: Current epoch: 182, loss: 1.0929374694824219, validation loss: 6.498388290405273
2024-04-10 02:12:24.375088:2024-04-10 02:12:24.374932: Current epoch: 183, loss: 1.2573528289794922, validation loss: 6.405238151550293
2024-04-10 02:12:26.752018:2024-04-10 02:12:26.751862: Current epoch: 184, loss: 1.992104172706604, validation loss: 6.433562755584717
2024-04-10 02:12:28.867735:2024-04-10 02:12:28.867660: Current epoch: 185, loss: 1.1020658016204834, validation loss: 6.380582332611084
2024-04-10 02:12:31.197394:2024-04-10 02:12:31.197318: Current epoch: 186, loss: 1.0221184492111206, validation loss: 6.295460224151611
2024-04-10 02:12:33.379662:2024-04-10 02:12:33.379600: Current epoch: 187, loss: 1.026780605316162, validation loss: 5.950653553009033
2024-04-10 02:12:35.725338:2024-04-10 02:12:35.725251: Current epoch: 188, loss: 1.0139186382293701, validation loss: 6.466658115386963
2024-04-10 02:12:37.902472:2024-04-10 02:12:37.902397: Current epoch: 189, loss: 1.0434155464172363, validation loss: 6.518769264221191
2024-04-10 02:12:40.088378:2024-04-10 02:12:40.088303: Current epoch: 190, loss: 1.099888563156128, validation loss: 6.417689800262451
2024-04-10 02:12:42.331055:2024-04-10 02:12:42.330918: Current epoch: 191, loss: 1.1294749975204468, validation loss: 6.23762321472168
2024-04-10 02:12:44.608305:2024-04-10 02:12:44.608211: Current epoch: 192, loss: 0.9925650954246521, validation loss: 6.2302937507629395
2024-04-10 02:12:46.858945:2024-04-10 02:12:46.858871: Current epoch: 193, loss: 1.2134367227554321, validation loss: 6.160928726196289
2024-04-10 02:12:49.011821:2024-04-10 02:12:49.011749: Current epoch: 194, loss: 1.5035407543182373, validation loss: 6.747574806213379
2024-04-10 02:12:51.241383:2024-04-10 02:12:51.241288: Current epoch: 195, loss: 1.1830943822860718, validation loss: 6.240749835968018
2024-04-10 02:12:53.439548:2024-04-10 02:12:53.439473: Current epoch: 196, loss: 1.0333703756332397, validation loss: 6.201432228088379
2024-04-10 02:12:55.788020:2024-04-10 02:12:55.787945: Current epoch: 197, loss: 1.1116116046905518, validation loss: 6.292205810546875
2024-04-10 02:12:58.027354:2024-04-10 02:12:58.027255: Current epoch: 198, loss: 1.0959049463272095, validation loss: 6.246860980987549
2024-04-10 02:13:00.214618:2024-04-10 02:13:00.214557: Current epoch: 199, loss: 1.0121440887451172, validation loss: 6.295751571655273
2024-04-10 02:13:02.294890:2024-04-10 02:13:02.294829: Current epoch: 200, loss: 0.9971146583557129, validation loss: 7.121250152587891
2024-04-10 02:13:04.486136:2024-04-10 02:13:04.486063: Current epoch: 201, loss: 1.255294680595398, validation loss: 6.583415508270264
2024-04-10 02:13:06.611463:2024-04-10 02:13:06.611386: Current epoch: 202, loss: 1.3540220260620117, validation loss: 6.403439521789551
2024-04-10 02:13:08.922440:2024-04-10 02:13:08.922307: Current epoch: 203, loss: 1.0594762563705444, validation loss: 6.433794975280762
2024-04-10 02:13:11.051601:2024-04-10 02:13:11.051517: Current epoch: 204, loss: 1.0294556617736816, validation loss: 6.341481685638428
2024-04-10 02:13:13.268811:2024-04-10 02:13:13.268736: Current epoch: 205, loss: 0.8819670081138611, validation loss: 6.012363910675049
2024-04-10 02:13:15.356582:2024-04-10 02:13:15.356508: Current epoch: 206, loss: 0.892981767654419, validation loss: 6.196324825286865
2024-04-10 02:13:17.511346:2024-04-10 02:13:17.511250: Current epoch: 207, loss: 0.9153381586074829, validation loss: 6.396515846252441
2024-04-10 02:13:19.660237:2024-04-10 02:13:19.660163: Current epoch: 208, loss: 1.020982027053833, validation loss: 6.342350959777832
2024-04-10 02:13:21.817891:2024-04-10 02:13:21.817816: Current epoch: 209, loss: 0.9679331183433533, validation loss: 6.226941108703613
2024-04-10 02:13:24.077063:2024-04-10 02:13:24.077011: Current epoch: 210, loss: 1.0014784336090088, validation loss: 6.353191375732422
2024-04-10 02:13:26.273542:2024-04-10 02:13:26.273383: Current epoch: 211, loss: 1.0657769441604614, validation loss: 6.793854236602783
2024-04-10 02:13:28.460322:2024-04-10 02:13:28.460170: Current epoch: 212, loss: 1.4638744592666626, validation loss: 6.439425945281982
2024-04-10 02:13:30.761980:2024-04-10 02:13:30.761907: Current epoch: 213, loss: 1.3614548444747925, validation loss: 6.458311557769775
2024-04-10 02:13:32.841772:2024-04-10 02:13:32.841695: Current epoch: 214, loss: 1.1099884510040283, validation loss: 6.28677225112915
2024-04-10 02:13:34.951100:2024-04-10 02:13:34.950965: Current epoch: 215, loss: 0.9635082483291626, validation loss: 6.250956058502197
2024-04-10 02:13:37.156501:2024-04-10 02:13:37.156408: Current epoch: 216, loss: 0.9294959306716919, validation loss: 7.00832462310791
2024-04-10 02:13:39.304964:2024-04-10 02:13:39.304829: Current epoch: 217, loss: 1.0488252639770508, validation loss: 6.374452590942383
2024-04-10 02:13:41.454133:2024-04-10 02:13:41.454058: Current epoch: 218, loss: 0.9826685190200806, validation loss: 6.2361674308776855
2024-04-10 02:13:43.603395:2024-04-10 02:13:43.603324: Current epoch: 219, loss: 1.2708123922348022, validation loss: 6.5654988288879395
2024-04-10 02:13:45.741229:2024-04-10 02:13:45.741156: Current epoch: 220, loss: 0.9739770889282227, validation loss: 6.266364097595215
2024-04-10 02:13:47.992681:2024-04-10 02:13:47.992607: Current epoch: 221, loss: 0.857939600944519, validation loss: 6.24334192276001
2024-04-10 02:13:50.222120:2024-04-10 02:13:50.222046: Current epoch: 222, loss: 0.8809377551078796, validation loss: 6.143132209777832
2024-04-10 02:13:52.430407:2024-04-10 02:13:52.430324: Current epoch: 223, loss: 0.9371904730796814, validation loss: 6.32920503616333
2024-04-10 02:13:54.705479:2024-04-10 02:13:54.705342: Current epoch: 224, loss: 0.857012927532196, validation loss: 6.398896217346191
2024-04-10 02:13:56.852874:2024-04-10 02:13:56.852704: Current epoch: 225, loss: 1.0472396612167358, validation loss: 6.194363117218018
2024-04-10 02:13:58.994092:2024-04-10 02:13:58.994023: Current epoch: 226, loss: 1.1156373023986816, validation loss: 6.292662620544434
2024-04-10 02:14:01.098645:2024-04-10 02:14:01.098570: Current epoch: 227, loss: 1.5758030414581299, validation loss: 6.498186111450195
2024-04-10 02:14:03.196048:2024-04-10 02:14:03.195976: Current epoch: 228, loss: 1.3663735389709473, validation loss: 6.315639972686768
2024-04-10 02:14:05.264717:2024-04-10 02:14:05.264640: Current epoch: 229, loss: 0.9135076403617859, validation loss: 6.405869960784912
2024-04-10 02:14:07.414796:2024-04-10 02:14:07.414709: Current epoch: 230, loss: 0.8036226630210876, validation loss: 6.381871223449707
2024-04-10 02:14:09.549085:2024-04-10 02:14:09.548949: Current epoch: 231, loss: 0.8486634492874146, validation loss: 6.231550216674805
2024-04-10 02:14:11.739308:2024-04-10 02:14:11.739195: Current epoch: 232, loss: 1.0672569274902344, validation loss: 6.721538066864014
2024-04-10 02:14:13.958743:2024-04-10 02:14:13.958678: Current epoch: 233, loss: 1.0280579328536987, validation loss: 6.654091835021973
2024-04-10 02:14:16.305221:2024-04-10 02:14:16.305085: Current epoch: 234, loss: 1.0954906940460205, validation loss: 6.406330108642578
2024-04-10 02:14:18.455989:2024-04-10 02:14:18.455919: Current epoch: 235, loss: 0.9009162187576294, validation loss: 6.185390949249268
2024-04-10 02:14:20.536930:2024-04-10 02:14:20.536842: Current epoch: 236, loss: 0.8824137449264526, validation loss: 6.2445549964904785
2024-04-10 02:14:22.716562:2024-04-10 02:14:22.716490: Current epoch: 237, loss: 0.8813396096229553, validation loss: 6.539557456970215
2024-04-10 02:14:24.795536:2024-04-10 02:14:24.795461: Current epoch: 238, loss: 1.060382604598999, validation loss: 6.435606956481934
2024-04-10 02:14:26.845227:2024-04-10 02:14:26.845090: Current epoch: 239, loss: 1.0575200319290161, validation loss: 6.5394487380981445
2024-04-10 02:14:28.939777:2024-04-10 02:14:28.939696: Current epoch: 240, loss: 0.8500500917434692, validation loss: 6.269669532775879
2024-04-10 02:14:30.929103:2024-04-10 02:14:30.929043: Current epoch: 241, loss: 1.0490851402282715, validation loss: 6.4341511726379395
2024-04-10 02:14:33.113495:2024-04-10 02:14:33.113398: Current epoch: 242, loss: 1.0042575597763062, validation loss: 6.397303104400635
2024-04-10 02:14:35.158661:2024-04-10 02:14:35.158596: Current epoch: 243, loss: 0.9977541565895081, validation loss: 6.208588600158691
2024-04-10 02:14:37.235541:2024-04-10 02:14:37.235459: Current epoch: 244, loss: 1.041403889656067, validation loss: 6.475793838500977
2024-04-10 02:14:39.396879:2024-04-10 02:14:39.396809: Current epoch: 245, loss: 1.003358244895935, validation loss: 6.51129150390625
2024-04-10 02:14:41.675769:2024-04-10 02:14:41.675696: Current epoch: 246, loss: 1.1212732791900635, validation loss: 6.408659934997559
2024-04-10 02:14:43.855313:2024-04-10 02:14:43.855223: Current epoch: 247, loss: 1.0669033527374268, validation loss: 6.386904239654541
2024-04-10 02:14:46.130042:2024-04-10 02:14:46.129906: Current epoch: 248, loss: 0.871131956577301, validation loss: 6.351969242095947
2024-04-10 02:14:48.377247:2024-04-10 02:14:48.377172: Current epoch: 249, loss: 0.7938100695610046, validation loss: 6.315014839172363
2024-04-10 02:14:50.538356:2024-04-10 02:14:50.538240: Current epoch: 250, loss: 0.955371081829071, validation loss: 6.138647079467773
2024-04-10 02:14:52.809252:2024-04-10 02:14:52.809175: Current epoch: 251, loss: 0.8258866667747498, validation loss: 6.268491268157959
2024-04-10 02:14:54.985359:2024-04-10 02:14:54.985252: Current epoch: 252, loss: 0.7441725134849548, validation loss: 6.262560844421387
2024-04-10 02:14:57.271984:2024-04-10 02:14:57.271931: Current epoch: 253, loss: 0.8952686190605164, validation loss: 6.155899524688721
2024-04-10 02:14:57.467049:the test error is  [6.493742942810059, 6.493742942810059]
2024-04-10 02:14:59.825983:saved model to sample/bert-base-uncased_robo_prop_slme
2024-04-10 02:15:00.110894:done