
2024-04-11 02:04:30.985614:job config: {'train_data_path': '/data/yll6162/alignntl_dft_3d/tl_dataset/dataset_bert-base-uncased_chemnlp_prop_magmom_outcar_train.csv', 'val_data_path': '/data/yll6162/alignntl_dft_3d/tl_dataset/dataset_bert-base-uncased_chemnlp_prop_magmom_outcar_val.csv', 'test_data_path': '/data/yll6162/alignntl_dft_3d/tl_dataset/dataset_bert-base-uncased_chemnlp_prop_magmom_outcar_test.csv', 'label': 'magmom_outcar', 'input_type': None, 'log_folder': 'log', 'log_file': 'bert-base-uncased_chemnlp_prop_magmom_outcar.log', 'test_metric': 'mae', 'architecture': '1024Rx4D-512Rx3D-256Rx3D-128Rx3D-64Rx2-32Rx1-1', 'model_seed': 0, 'loss_type': 'mae', 'config_file': 'sample/bert-base-uncased_chemnlp_prop_magmom_outcar_job.config', 'use_valid': True, 'project': 'MOF', 'regressors': None, 'input_types': None, 'paramsGrid': {'optimizer': 'Adam', 'learning_rate': 0.0001, 'patience': 200, 'dropouts': [0.8, 0.9, 0.7, 0.8], 'EVAL_FREQUENCY': 1000}, 'save_path': 'sample/bert-base-uncased_chemnlp_prop_magmom_outcar', 'model_path': None, 'last_layer_with_weight': True, 'keras_path': 'model/bert-base-uncased_chemnlp_prop_magmom_outcar', 'test_size': None, 'val_size': None}
2024-04-11 02:04:30.985677:train data path is  /data/yll6162/alignntl_dft_3d/tl_dataset/dataset_bert-base-uncased_chemnlp_prop_magmom_outcar_train.csv
2024-04-11 02:04:37.175363:input attribute sets are:  None
2024-04-11 02:04:37.175570:test data path is  /data/yll6162/alignntl_dft_3d/tl_dataset/dataset_bert-base-uncased_chemnlp_prop_magmom_outcar_test.csv
2024-04-11 02:04:37.936613:val data path is  /data/yll6162/alignntl_dft_3d/tl_dataset/dataset_bert-base-uncased_chemnlp_prop_magmom_outcar_val.csv
2024-04-11 02:04:38.695868:input attributes are:  Index(['0', '1', '2', '3', '4', '5', '6', '7', '8', '9',
       ...
       '758', '759', '760', '761', '762', '763', '764', '765', '766', '767'],
      dtype='object', length=768)
2024-04-11 02:04:38.695992:label: magmom_outcar
2024-04-11 02:04:45.254469: train, test, valid sizes:  (59370, 768) (59370,) (7422, 768) (7422,) (7422, 768) (7422,)
2024-04-11 02:04:45.382770:train matrix shape of train_X:  (59370, 768)  train_y:  (59370,)
2024-04-11 02:04:45.382910:valid matrix shape of train_X:  (7422, 768)  valid_y:  (7422,)
2024-04-11 02:04:45.382951:test matrix shape of valid_X:   (7422, 768)  test_y:  (7422,)
2024-04-11 02:04:45.382985:architecture is:  1024Rx4D-512Rx3D-256Rx3D-128Rx3D-64Rx2-32Rx1-1
2024-04-11 02:04:45.383022:learning rate is  0.0001
2024-04-11 02:04:45.383054:model path is  None
2024-04-11 02:04:45.390768:adding fully connected layers with 1024 outputs
2024-04-11 02:04:47.435737:adding residual with fc as the size are different
2024-04-11 02:04:47.442770:adding fully connected layers with 1024 outputs
2024-04-11 02:04:47.447904:adding residual, both sizes are same
2024-04-11 02:04:47.449813:adding fully connected layers with 1024 outputs
2024-04-11 02:04:47.454757:adding residual, both sizes are same
2024-04-11 02:04:47.456613:adding fully connected layers with 1024 outputs
2024-04-11 02:04:47.461366:adding residual, both sizes are same
2024-04-11 02:04:47.463302:adding dropout 0.8
2024-04-11 02:04:47.467534:adding fully connected layers with 512 outputs
2024-04-11 02:04:47.472766:adding residual with fc as the size are different
2024-04-11 02:04:47.479766:adding fully connected layers with 512 outputs
2024-04-11 02:04:47.484718:adding residual, both sizes are same
2024-04-11 02:04:47.486639:adding fully connected layers with 512 outputs
2024-04-11 02:04:47.491824:adding residual, both sizes are same
2024-04-11 02:04:47.493791:adding dropout 0.9
2024-04-11 02:04:47.495407:adding fully connected layers with 256 outputs
2024-04-11 02:04:47.500408:adding residual with fc as the size are different
2024-04-11 02:04:47.507101:adding fully connected layers with 256 outputs
2024-04-11 02:04:47.512236:adding residual, both sizes are same
2024-04-11 02:04:47.514103:adding fully connected layers with 256 outputs
2024-04-11 02:04:47.519063:adding residual, both sizes are same
2024-04-11 02:04:47.520918:adding dropout 0.7
2024-04-11 02:04:47.522506:adding fully connected layers with 128 outputs
2024-04-11 02:04:47.527813:adding residual with fc as the size are different
2024-04-11 02:04:47.544617:adding fully connected layers with 128 outputs
2024-04-11 02:04:47.551103:adding residual, both sizes are same
2024-04-11 02:04:47.555639:adding fully connected layers with 128 outputs
2024-04-11 02:04:47.566319:adding residual, both sizes are same
2024-04-11 02:04:47.569022:adding dropout 0.8
2024-04-11 02:04:47.571096:adding fully connected layers with 64 outputs
2024-04-11 02:04:47.576464:adding residual with fc as the size are different
2024-04-11 02:04:47.582459:adding fully connected layers with 64 outputs
2024-04-11 02:04:47.587316:adding residual, both sizes are same
2024-04-11 02:04:47.589032:adding fully connected layers with 32 outputs
2024-04-11 02:04:47.593817:adding residual with fc as the size are different
2024-04-11 02:04:47.599797:adding final layer with 1 output
2024-04-11 02:04:47.608791:Model: "ElemNet"
2024-04-11 02:04:47.608858:__________________________________________________________________________________________________
2024-04-11 02:04:47.608903:Layer (type)                    Output Shape         Param #     Connected to                     
2024-04-11 02:04:47.608937:==================================================================================================
2024-04-11 02:04:47.609121:elemental_fractions (InputLayer [(None, 768)]        0                                            
2024-04-11 02:04:47.609163:__________________________________________________________________________________________________
2024-04-11 02:04:47.609314:fc0_0 (Dense)                   (None, 1024)         787456      elemental_fractions[0][0]        
2024-04-11 02:04:47.609360:__________________________________________________________________________________________________
2024-04-11 02:04:47.609468:fc0_dim_0 (Dense)               (None, 1024)         787456      elemental_fractions[0][0]        
2024-04-11 02:04:47.609507:__________________________________________________________________________________________________
2024-04-11 02:04:47.609584:tf.__operators__.add (TFOpLambd (None, 1024)         0           fc0_0[0][0]                      
2024-04-11 02:04:47.609625:                                                                 fc0_dim_0[0][0]                  
2024-04-11 02:04:47.609658:__________________________________________________________________________________________________
2024-04-11 02:04:47.609755:fc0_1 (Dense)                   (None, 1024)         1049600     tf.__operators__.add[0][0]       
2024-04-11 02:04:47.609794:__________________________________________________________________________________________________
2024-04-11 02:04:47.609864:tf.__operators__.add_1 (TFOpLam (None, 1024)         0           fc0_1[0][0]                      
2024-04-11 02:04:47.609904:                                                                 tf.__operators__.add[0][0]       
2024-04-11 02:04:47.609937:__________________________________________________________________________________________________
2024-04-11 02:04:47.610030:fc0_2 (Dense)                   (None, 1024)         1049600     tf.__operators__.add_1[0][0]     
2024-04-11 02:04:47.610067:__________________________________________________________________________________________________
2024-04-11 02:04:47.610136:tf.__operators__.add_2 (TFOpLam (None, 1024)         0           fc0_2[0][0]                      
2024-04-11 02:04:47.610175:                                                                 tf.__operators__.add_1[0][0]     
2024-04-11 02:04:47.610207:__________________________________________________________________________________________________
2024-04-11 02:04:47.610309:fc0_3 (Dense)                   (None, 1024)         1049600     tf.__operators__.add_2[0][0]     
2024-04-11 02:04:47.610348:__________________________________________________________________________________________________
2024-04-11 02:04:47.610417:tf.__operators__.add_3 (TFOpLam (None, 1024)         0           fc0_3[0][0]                      
2024-04-11 02:04:47.610463:                                                                 tf.__operators__.add_2[0][0]     
2024-04-11 02:04:47.610496:__________________________________________________________________________________________________
2024-04-11 02:04:47.610565:dropout (Dropout)               (None, 1024)         0           tf.__operators__.add_3[0][0]     
2024-04-11 02:04:47.610601:__________________________________________________________________________________________________
2024-04-11 02:04:47.610698:fc1_0 (Dense)                   (None, 512)          524800      dropout[0][0]                    
2024-04-11 02:04:47.610736:__________________________________________________________________________________________________
2024-04-11 02:04:47.610829:fc1_dim_0 (Dense)               (None, 512)          524800      dropout[0][0]                    
2024-04-11 02:04:47.610868:__________________________________________________________________________________________________
2024-04-11 02:04:47.610938:tf.__operators__.add_4 (TFOpLam (None, 512)          0           fc1_0[0][0]                      
2024-04-11 02:04:47.610977:                                                                 fc1_dim_0[0][0]                  
2024-04-11 02:04:47.611010:__________________________________________________________________________________________________
2024-04-11 02:04:47.611102:fc1_1 (Dense)                   (None, 512)          262656      tf.__operators__.add_4[0][0]     
2024-04-11 02:04:47.611140:__________________________________________________________________________________________________
2024-04-11 02:04:47.611208:tf.__operators__.add_5 (TFOpLam (None, 512)          0           fc1_1[0][0]                      
2024-04-11 02:04:47.611247:                                                                 tf.__operators__.add_4[0][0]     
2024-04-11 02:04:47.611288:__________________________________________________________________________________________________
2024-04-11 02:04:47.611384:fc1_2 (Dense)                   (None, 512)          262656      tf.__operators__.add_5[0][0]     
2024-04-11 02:04:47.611421:__________________________________________________________________________________________________
2024-04-11 02:04:47.611489:tf.__operators__.add_6 (TFOpLam (None, 512)          0           fc1_2[0][0]                      
2024-04-11 02:04:47.611529:                                                                 tf.__operators__.add_5[0][0]     
2024-04-11 02:04:47.611562:__________________________________________________________________________________________________
2024-04-11 02:04:47.611627:dropout_1 (Dropout)             (None, 512)          0           tf.__operators__.add_6[0][0]     
2024-04-11 02:04:47.611662:__________________________________________________________________________________________________
2024-04-11 02:04:47.611753:fc2_0 (Dense)                   (None, 256)          131328      dropout_1[0][0]                  
2024-04-11 02:04:47.611791:__________________________________________________________________________________________________
2024-04-11 02:04:47.611884:fc2_dim_0 (Dense)               (None, 256)          131328      dropout_1[0][0]                  
2024-04-11 02:04:47.611922:__________________________________________________________________________________________________
2024-04-11 02:04:47.611990:tf.__operators__.add_7 (TFOpLam (None, 256)          0           fc2_0[0][0]                      
2024-04-11 02:04:47.612029:                                                                 fc2_dim_0[0][0]                  
2024-04-11 02:04:47.612061:__________________________________________________________________________________________________
2024-04-11 02:04:47.612152:fc2_1 (Dense)                   (None, 256)          65792       tf.__operators__.add_7[0][0]     
2024-04-11 02:04:47.612190:__________________________________________________________________________________________________
2024-04-11 02:04:47.612259:tf.__operators__.add_8 (TFOpLam (None, 256)          0           fc2_1[0][0]                      
2024-04-11 02:04:47.612312:                                                                 tf.__operators__.add_7[0][0]     
2024-04-11 02:04:47.612345:__________________________________________________________________________________________________
2024-04-11 02:04:47.612439:fc2_2 (Dense)                   (None, 256)          65792       tf.__operators__.add_8[0][0]     
2024-04-11 02:04:47.612493:__________________________________________________________________________________________________
2024-04-11 02:04:47.612564:tf.__operators__.add_9 (TFOpLam (None, 256)          0           fc2_2[0][0]                      
2024-04-11 02:04:47.612602:                                                                 tf.__operators__.add_8[0][0]     
2024-04-11 02:04:47.612633:__________________________________________________________________________________________________
2024-04-11 02:04:47.612697:dropout_2 (Dropout)             (None, 256)          0           tf.__operators__.add_9[0][0]     
2024-04-11 02:04:47.612732:__________________________________________________________________________________________________
2024-04-11 02:04:47.612824:fc3_0 (Dense)                   (None, 128)          32896       dropout_2[0][0]                  
2024-04-11 02:04:47.612863:__________________________________________________________________________________________________
2024-04-11 02:04:47.612955:fc3_dim_0 (Dense)               (None, 128)          32896       dropout_2[0][0]                  
2024-04-11 02:04:47.612993:__________________________________________________________________________________________________
2024-04-11 02:04:47.613060:tf.__operators__.add_10 (TFOpLa (None, 128)          0           fc3_0[0][0]                      
2024-04-11 02:04:47.613099:                                                                 fc3_dim_0[0][0]                  
2024-04-11 02:04:47.613132:__________________________________________________________________________________________________
2024-04-11 02:04:47.613223:fc3_1 (Dense)                   (None, 128)          16512       tf.__operators__.add_10[0][0]    
2024-04-11 02:04:47.613260:__________________________________________________________________________________________________
2024-04-11 02:04:47.613335:tf.__operators__.add_11 (TFOpLa (None, 128)          0           fc3_1[0][0]                      
2024-04-11 02:04:47.613398:                                                                 tf.__operators__.add_10[0][0]    
2024-04-11 02:04:47.613433:__________________________________________________________________________________________________
2024-04-11 02:04:47.613538:fc3_2 (Dense)                   (None, 128)          16512       tf.__operators__.add_11[0][0]    
2024-04-11 02:04:47.613577:__________________________________________________________________________________________________
2024-04-11 02:04:47.613646:tf.__operators__.add_12 (TFOpLa (None, 128)          0           fc3_2[0][0]                      
2024-04-11 02:04:47.613684:                                                                 tf.__operators__.add_11[0][0]    
2024-04-11 02:04:47.613716:__________________________________________________________________________________________________
2024-04-11 02:04:47.613783:dropout_3 (Dropout)             (None, 128)          0           tf.__operators__.add_12[0][0]    
2024-04-11 02:04:47.613818:__________________________________________________________________________________________________
2024-04-11 02:04:47.613909:fc4_0 (Dense)                   (None, 64)           8256        dropout_3[0][0]                  
2024-04-11 02:04:47.613947:__________________________________________________________________________________________________
2024-04-11 02:04:47.614037:fc4_dim_0 (Dense)               (None, 64)           8256        dropout_3[0][0]                  
2024-04-11 02:04:47.614077:__________________________________________________________________________________________________
2024-04-11 02:04:47.614151:tf.__operators__.add_13 (TFOpLa (None, 64)           0           fc4_0[0][0]                      
2024-04-11 02:04:47.614190:                                                                 fc4_dim_0[0][0]                  
2024-04-11 02:04:47.614223:__________________________________________________________________________________________________
2024-04-11 02:04:47.614325:fc4_1 (Dense)                   (None, 64)           4160        tf.__operators__.add_13[0][0]    
2024-04-11 02:04:47.614366:__________________________________________________________________________________________________
2024-04-11 02:04:47.614436:tf.__operators__.add_14 (TFOpLa (None, 64)           0           fc4_1[0][0]                      
2024-04-11 02:04:47.614474:                                                                 tf.__operators__.add_13[0][0]    
2024-04-11 02:04:47.614506:__________________________________________________________________________________________________
2024-04-11 02:04:47.614596:fc5_0 (Dense)                   (None, 32)           2080        tf.__operators__.add_14[0][0]    
2024-04-11 02:04:47.614633:__________________________________________________________________________________________________
2024-04-11 02:04:47.614723:fc5_dim_0 (Dense)               (None, 32)           2080        tf.__operators__.add_14[0][0]    
2024-04-11 02:04:47.617132:__________________________________________________________________________________________________
2024-04-11 02:04:47.617592:tf.__operators__.add_15 (TFOpLa (None, 32)           0           fc5_0[0][0]                      
2024-04-11 02:04:47.617769:                                                                 fc5_dim_0[0][0]                  
2024-04-11 02:04:47.617898:__________________________________________________________________________________________________
2024-04-11 02:04:47.618304:fc6 (Dense)                     (None, 1)            33          tf.__operators__.add_15[0][0]    
2024-04-11 02:04:47.618450:==================================================================================================
2024-04-11 02:04:47.620399:Total params: 6,816,545
2024-04-11 02:04:47.620557:Trainable params: 6,816,545
2024-04-11 02:04:47.620682:Non-trainable params: 0
2024-04-11 02:04:47.620797:__________________________________________________________________________________________________
2024-04-11 02:04:47.642085:start training
2024-04-11 02:05:06.366080:2024-04-11 02:05:06.366014: Current epoch: 0, loss: 1.8698192834854126, validation loss: 1.2097479104995728
2024-04-11 02:05:23.056514:2024-04-11 02:05:23.056429: Current epoch: 1, loss: 1.3402072191238403, validation loss: 1.1626722812652588
2024-04-11 02:05:39.774744:2024-04-11 02:05:39.774595: Current epoch: 2, loss: 1.2213925123214722, validation loss: 1.3857851028442383
2024-04-11 02:05:56.706250:2024-04-11 02:05:56.706159: Current epoch: 3, loss: 1.2093539237976074, validation loss: 1.1345261335372925
2024-04-11 02:06:13.194249:2024-04-11 02:06:13.194141: Current epoch: 4, loss: 1.1369805335998535, validation loss: 1.2890510559082031
2024-04-11 02:06:29.795312:2024-04-11 02:06:29.795146: Current epoch: 5, loss: 1.1493371725082397, validation loss: 1.192803978919983
2024-04-11 02:06:46.457088:2024-04-11 02:06:46.456941: Current epoch: 6, loss: 1.1515144109725952, validation loss: 1.2937415838241577
2024-04-11 02:07:02.915749:2024-04-11 02:07:02.915570: Current epoch: 7, loss: 1.0808207988739014, validation loss: 1.1625787019729614
2024-04-11 02:07:19.466112:2024-04-11 02:07:19.466028: Current epoch: 8, loss: 1.1066524982452393, validation loss: 1.038338541984558
2024-04-11 02:07:35.935403:2024-04-11 02:07:35.935211: Current epoch: 9, loss: 1.0538194179534912, validation loss: 1.1295465230941772
2024-04-11 02:07:55.308597:2024-04-11 02:07:55.308512: Current epoch: 10, loss: 1.0504887104034424, validation loss: 1.0023409128189087
2024-04-11 02:08:12.727941:2024-04-11 02:08:12.727885: Current epoch: 11, loss: 1.037087082862854, validation loss: 0.9945710897445679
2024-04-11 02:08:30.364226:2024-04-11 02:08:30.364144: Current epoch: 12, loss: 1.0432615280151367, validation loss: 0.9886114001274109
2024-04-11 02:08:48.020771:2024-04-11 02:08:48.020668: Current epoch: 13, loss: 1.0329344272613525, validation loss: 1.102237582206726
2024-04-11 02:09:05.397198:2024-04-11 02:09:05.397037: Current epoch: 14, loss: 1.0174713134765625, validation loss: 1.0019835233688354
2024-04-11 02:09:22.726191:2024-04-11 02:09:22.726027: Current epoch: 15, loss: 1.0129880905151367, validation loss: 1.0682226419448853
2024-04-11 02:09:39.777324:2024-04-11 02:09:39.777173: Current epoch: 16, loss: 1.010934829711914, validation loss: 1.1671724319458008
2024-04-11 02:09:56.977282:2024-04-11 02:09:56.977216: Current epoch: 17, loss: 0.9983214139938354, validation loss: 0.9607097506523132
2024-04-11 02:10:14.277646:2024-04-11 02:10:14.277573: Current epoch: 18, loss: 1.0012094974517822, validation loss: 1.155600666999817
2024-04-11 02:10:30.371554:2024-04-11 02:10:30.371400: Current epoch: 19, loss: 0.9891027212142944, validation loss: 0.9623480439186096
2024-04-11 02:10:49.222119:2024-04-11 02:10:49.222047: Current epoch: 20, loss: 0.9805737733840942, validation loss: 1.1969565153121948
2024-04-11 02:11:05.683571:2024-04-11 02:11:05.683492: Current epoch: 21, loss: 0.9764916896820068, validation loss: 0.957439124584198
2024-04-11 02:11:21.901875:2024-04-11 02:11:21.901798: Current epoch: 22, loss: 0.9576386213302612, validation loss: 1.0869759321212769
2024-04-11 02:11:38.254860:2024-04-11 02:11:38.254785: Current epoch: 23, loss: 0.9625579118728638, validation loss: 0.9429410696029663
2024-04-11 02:11:54.660933:2024-04-11 02:11:54.660851: Current epoch: 24, loss: 0.9563138484954834, validation loss: 0.9292744994163513
2024-04-11 02:12:11.304795:2024-04-11 02:12:11.304715: Current epoch: 25, loss: 0.9549091458320618, validation loss: 1.0411657094955444
2024-04-11 02:12:28.153933:2024-04-11 02:12:28.153777: Current epoch: 26, loss: 0.9379761219024658, validation loss: 0.9528971910476685
2024-04-11 02:12:44.719648:2024-04-11 02:12:44.719594: Current epoch: 27, loss: 0.9430665969848633, validation loss: 0.9243294596672058
2024-04-11 02:13:01.292911:2024-04-11 02:13:01.292789: Current epoch: 28, loss: 0.9240758419036865, validation loss: 0.9318548440933228
2024-04-11 02:13:17.383942:2024-04-11 02:13:17.383853: Current epoch: 29, loss: 0.9309418797492981, validation loss: 0.978267252445221
2024-04-11 02:13:33.808213:2024-04-11 02:13:33.808079: Current epoch: 30, loss: 0.9311488270759583, validation loss: 0.9554704427719116
2024-04-11 02:13:49.963441:2024-04-11 02:13:49.963347: Current epoch: 31, loss: 0.9189249277114868, validation loss: 0.960908830165863
2024-04-11 02:14:06.585205:2024-04-11 02:14:06.585069: Current epoch: 32, loss: 0.9218264818191528, validation loss: 1.075617790222168
2024-04-11 02:14:23.730539:2024-04-11 02:14:23.730456: Current epoch: 33, loss: 0.9134497046470642, validation loss: 0.9515164494514465
2024-04-11 02:14:40.782689:2024-04-11 02:14:40.782638: Current epoch: 34, loss: 0.9155970811843872, validation loss: 0.8822974562644958
2024-04-11 02:14:57.785335:2024-04-11 02:14:57.785192: Current epoch: 35, loss: 0.9047878980636597, validation loss: 0.9184732437133789
2024-04-11 02:15:14.154316:2024-04-11 02:15:14.154201: Current epoch: 36, loss: 0.8989158868789673, validation loss: 0.9183399081230164
2024-04-11 02:15:30.981079:2024-04-11 02:15:30.981004: Current epoch: 37, loss: 0.8920567035675049, validation loss: 0.8899761438369751
2024-04-11 02:15:47.231310:2024-04-11 02:15:47.231184: Current epoch: 38, loss: 0.8875449895858765, validation loss: 0.8933169841766357
2024-04-11 02:16:03.659409:2024-04-11 02:16:03.659311: Current epoch: 39, loss: 0.883211612701416, validation loss: 0.9046227335929871
2024-04-11 02:16:22.981589:2024-04-11 02:16:22.981514: Current epoch: 40, loss: 0.8824102282524109, validation loss: 0.8883466124534607
2024-04-11 02:16:39.465979:2024-04-11 02:16:39.465864: Current epoch: 41, loss: 0.8792792558670044, validation loss: 0.9792797565460205
2024-04-11 02:16:55.454590:2024-04-11 02:16:55.454495: Current epoch: 42, loss: 0.8745224475860596, validation loss: 0.8894970417022705
2024-04-11 02:17:11.914330:2024-04-11 02:17:11.914248: Current epoch: 43, loss: 0.8651137948036194, validation loss: 0.9086787700653076
2024-04-11 02:17:28.169235:2024-04-11 02:17:28.169105: Current epoch: 44, loss: 0.8644410371780396, validation loss: 0.8989789485931396
2024-04-11 02:17:44.309972:2024-04-11 02:17:44.309910: Current epoch: 45, loss: 0.8575050234794617, validation loss: 0.8719606399536133
2024-04-11 02:18:00.712803:2024-04-11 02:18:00.712746: Current epoch: 46, loss: 0.8547636270523071, validation loss: 0.8687747716903687
2024-04-11 02:18:16.878791:2024-04-11 02:18:16.878718: Current epoch: 47, loss: 0.8476411700248718, validation loss: 0.872528076171875
2024-04-11 02:18:33.094761:2024-04-11 02:18:33.094614: Current epoch: 48, loss: 0.8437429070472717, validation loss: 0.9792833924293518
2024-04-11 02:18:49.406003:2024-04-11 02:18:49.405847: Current epoch: 49, loss: 0.8455728888511658, validation loss: 0.9060850143432617
2024-04-11 02:19:05.848336:2024-04-11 02:19:05.848163: Current epoch: 50, loss: 0.8255955576896667, validation loss: 0.8842229843139648
2024-04-11 02:19:22.687125:2024-04-11 02:19:22.687047: Current epoch: 51, loss: 0.836056649684906, validation loss: 0.8456705212593079
2024-04-11 02:19:39.852786:2024-04-11 02:19:39.852645: Current epoch: 52, loss: 0.8271234035491943, validation loss: 0.9994630813598633
2024-04-11 02:19:56.929427:2024-04-11 02:19:56.929375: Current epoch: 53, loss: 0.8252344131469727, validation loss: 0.8444600105285645
2024-04-11 02:20:13.745699:2024-04-11 02:20:13.745565: Current epoch: 54, loss: 0.8167636394500732, validation loss: 0.9042848348617554
2024-04-11 02:20:30.590179:2024-04-11 02:20:30.590083: Current epoch: 55, loss: 0.8077631592750549, validation loss: 0.8787081837654114
2024-04-11 02:20:47.802556:2024-04-11 02:20:47.802475: Current epoch: 56, loss: 0.8083276748657227, validation loss: 0.8361145853996277
2024-04-11 02:21:04.436575:2024-04-11 02:21:04.436420: Current epoch: 57, loss: 0.8088593482971191, validation loss: 0.8613523840904236
2024-04-11 02:21:21.428939:2024-04-11 02:21:21.428785: Current epoch: 58, loss: 0.8073886632919312, validation loss: 0.8696227073669434
2024-04-11 02:21:37.754971:2024-04-11 02:21:37.754815: Current epoch: 59, loss: 0.7933506369590759, validation loss: 0.9115988612174988
2024-04-11 02:21:54.924246:2024-04-11 02:21:54.924166: Current epoch: 60, loss: 0.789631187915802, validation loss: 0.846432089805603
2024-04-11 02:22:12.047462:2024-04-11 02:22:12.047237: Current epoch: 61, loss: 0.7764042615890503, validation loss: 0.9006757140159607
2024-04-11 02:22:28.263649:2024-04-11 02:22:28.263514: Current epoch: 62, loss: 0.7843173742294312, validation loss: 0.9138200283050537
2024-04-11 02:22:44.718316:2024-04-11 02:22:44.718150: Current epoch: 63, loss: 0.7768268585205078, validation loss: 0.8551186323165894
2024-04-11 02:23:01.635103:2024-04-11 02:23:01.635038: Current epoch: 64, loss: 0.7633568644523621, validation loss: 0.8687950968742371
2024-04-11 02:23:17.912913:2024-04-11 02:23:17.912835: Current epoch: 65, loss: 0.7736203670501709, validation loss: 0.8221202492713928
2024-04-11 02:23:35.122352:2024-04-11 02:23:35.122250: Current epoch: 66, loss: 0.7656969428062439, validation loss: 0.828045666217804
2024-04-11 02:23:52.288448:2024-04-11 02:23:52.288313: Current epoch: 67, loss: 0.7550338506698608, validation loss: 0.8343251347541809
2024-04-11 02:24:09.289095:2024-04-11 02:24:09.289020: Current epoch: 68, loss: 0.7580143809318542, validation loss: 0.8522979617118835
2024-04-11 02:24:25.642553:2024-04-11 02:24:25.642438: Current epoch: 69, loss: 0.7527355551719666, validation loss: 0.8417578339576721
2024-04-11 02:24:44.456653:2024-04-11 02:24:44.456595: Current epoch: 70, loss: 0.744394063949585, validation loss: 0.8209174275398254
2024-04-11 02:25:00.771241:2024-04-11 02:25:00.771163: Current epoch: 71, loss: 0.7380799651145935, validation loss: 0.8472140431404114
2024-04-11 02:25:18.108139:2024-04-11 02:25:18.108054: Current epoch: 72, loss: 0.7423567771911621, validation loss: 0.8054191470146179
2024-04-11 02:25:35.060446:2024-04-11 02:25:35.060362: Current epoch: 73, loss: 0.7290685176849365, validation loss: 0.8249985575675964
2024-04-11 02:25:51.321980:2024-04-11 02:25:51.321903: Current epoch: 74, loss: 0.7301151752471924, validation loss: 0.8276865482330322
2024-04-11 02:26:07.636183:2024-04-11 02:26:07.636108: Current epoch: 75, loss: 0.7237761616706848, validation loss: 0.8502326607704163
2024-04-11 02:26:24.650175:2024-04-11 02:26:24.650094: Current epoch: 76, loss: 0.7404552698135376, validation loss: 0.7957112789154053
2024-04-11 02:26:41.818358:2024-04-11 02:26:41.818256: Current epoch: 77, loss: 0.7146810293197632, validation loss: 0.8054943680763245
2024-04-11 02:26:58.320484:2024-04-11 02:26:58.320407: Current epoch: 78, loss: 0.7058345079421997, validation loss: 0.8176528215408325
2024-04-11 02:27:14.731601:2024-04-11 02:27:14.731524: Current epoch: 79, loss: 0.709313690662384, validation loss: 0.8099349737167358
2024-04-11 02:27:33.246626:2024-04-11 02:27:33.246493: Current epoch: 80, loss: 0.7012894749641418, validation loss: 0.8962664008140564
2024-04-11 02:27:49.941669:2024-04-11 02:27:49.941592: Current epoch: 81, loss: 0.6957311034202576, validation loss: 0.8036794066429138
2024-04-11 02:28:06.100154:2024-04-11 02:28:06.100080: Current epoch: 82, loss: 0.6945427060127258, validation loss: 0.8191350698471069
2024-04-11 02:28:23.149732:2024-04-11 02:28:23.149599: Current epoch: 83, loss: 0.691463828086853, validation loss: 0.8146672248840332
2024-04-11 02:28:40.319225:2024-04-11 02:28:40.319130: Current epoch: 84, loss: 0.6880042552947998, validation loss: 0.8414891362190247
2024-04-11 02:28:56.379031:2024-04-11 02:28:56.378965: Current epoch: 85, loss: 0.6829253435134888, validation loss: 0.8708828091621399
2024-04-11 02:29:12.577219:2024-04-11 02:29:12.577145: Current epoch: 86, loss: 0.6830728650093079, validation loss: 0.7754909992218018
2024-04-11 02:29:29.638244:2024-04-11 02:29:29.638149: Current epoch: 87, loss: 0.6720471978187561, validation loss: 0.8458762168884277
2024-04-11 02:29:45.417889:2024-04-11 02:29:45.417813: Current epoch: 88, loss: 0.675540030002594, validation loss: 0.7869932055473328
2024-04-11 02:30:02.542421:2024-04-11 02:30:02.542259: Current epoch: 89, loss: 0.6694148182868958, validation loss: 0.8149877786636353
2024-04-11 02:30:19.111562:2024-04-11 02:30:19.111481: Current epoch: 90, loss: 0.6637633442878723, validation loss: 0.8184550404548645
2024-04-11 02:30:35.621863:2024-04-11 02:30:35.621792: Current epoch: 91, loss: 0.6761372685432434, validation loss: 0.8657308220863342
2024-04-11 02:30:52.184316:2024-04-11 02:30:52.184167: Current epoch: 92, loss: 0.6599068641662598, validation loss: 0.7835661172866821
2024-04-11 02:31:08.529425:2024-04-11 02:31:08.529326: Current epoch: 93, loss: 0.6456127166748047, validation loss: 0.7826405763626099
2024-04-11 02:31:24.814169:2024-04-11 02:31:24.814097: Current epoch: 94, loss: 0.6412349343299866, validation loss: 0.8093989491462708
2024-04-11 02:31:41.149917:2024-04-11 02:31:41.149847: Current epoch: 95, loss: 0.640312910079956, validation loss: 0.8972278237342834
2024-04-11 02:31:57.322920:2024-04-11 02:31:57.322854: Current epoch: 96, loss: 0.6396359801292419, validation loss: 0.7853532433509827
2024-04-11 02:32:13.539919:2024-04-11 02:32:13.539764: Current epoch: 97, loss: 0.6340447068214417, validation loss: 0.7866813540458679
2024-04-11 02:32:29.847370:2024-04-11 02:32:29.847296: Current epoch: 98, loss: 0.618310272693634, validation loss: 0.78728848695755
2024-04-11 02:32:45.919224:2024-04-11 02:32:45.919147: Current epoch: 99, loss: 0.6367005109786987, validation loss: 0.8111566305160522
2024-04-11 02:33:02.114979:2024-04-11 02:33:02.114847: Current epoch: 100, loss: 0.6297407746315002, validation loss: 0.7961503863334656
2024-04-11 02:33:18.231424:2024-04-11 02:33:18.231363: Current epoch: 101, loss: 0.6128459572792053, validation loss: 0.77332603931427
2024-04-11 02:33:34.273351:2024-04-11 02:33:34.273247: Current epoch: 102, loss: 0.6228415966033936, validation loss: 0.7764420509338379
2024-04-11 02:33:51.309498:2024-04-11 02:33:51.309424: Current epoch: 103, loss: 0.605614960193634, validation loss: 0.7912424802780151
2024-04-11 02:34:08.392942:2024-04-11 02:34:08.392789: Current epoch: 104, loss: 0.6143777370452881, validation loss: 0.816651463508606
2024-04-11 02:34:24.973389:2024-04-11 02:34:24.973317: Current epoch: 105, loss: 0.5946279764175415, validation loss: 0.7875679135322571
2024-04-11 02:34:41.511219:2024-04-11 02:34:41.511154: Current epoch: 106, loss: 0.5915535688400269, validation loss: 0.8089969754219055
2024-04-11 02:34:58.603776:2024-04-11 02:34:58.603604: Current epoch: 107, loss: 0.5936022996902466, validation loss: 0.7870465517044067
2024-04-11 02:35:15.424333:2024-04-11 02:35:15.424281: Current epoch: 108, loss: 0.5796164870262146, validation loss: 0.7510817646980286
2024-04-11 02:35:32.026859:2024-04-11 02:35:32.026789: Current epoch: 109, loss: 0.5880801677703857, validation loss: 0.7814206480979919
2024-04-11 02:35:50.837150:2024-04-11 02:35:50.837024: Current epoch: 110, loss: 0.5841493010520935, validation loss: 0.7885550260543823
2024-04-11 02:36:07.502130:2024-04-11 02:36:07.502061: Current epoch: 111, loss: 0.5722675323486328, validation loss: 0.7799974083900452
2024-04-11 02:36:24.196510:2024-04-11 02:36:24.196438: Current epoch: 112, loss: 0.5725634098052979, validation loss: 0.8236609697341919
2024-04-11 02:36:41.359989:2024-04-11 02:36:41.359819: Current epoch: 113, loss: 0.5703465938568115, validation loss: 0.7597755789756775
2024-04-11 02:36:58.077358:2024-04-11 02:36:58.077257: Current epoch: 114, loss: 0.561434805393219, validation loss: 0.7657962441444397
2024-04-11 02:37:15.029349:2024-04-11 02:37:15.029251: Current epoch: 115, loss: 0.5696554183959961, validation loss: 0.7796418070793152
2024-04-11 02:37:31.785131:2024-04-11 02:37:31.784963: Current epoch: 116, loss: 0.5546571612358093, validation loss: 0.7637918591499329
2024-04-11 02:37:48.462766:2024-04-11 02:37:48.462704: Current epoch: 117, loss: 0.5496447086334229, validation loss: 0.8046051859855652
2024-04-11 02:38:04.859727:2024-04-11 02:38:04.859651: Current epoch: 118, loss: 0.5648422837257385, validation loss: 0.791102945804596
2024-04-11 02:38:21.582568:2024-04-11 02:38:21.582431: Current epoch: 119, loss: 0.5482355356216431, validation loss: 0.8277304768562317
2024-04-11 02:38:38.205620:2024-04-11 02:38:38.205524: Current epoch: 120, loss: 0.543785572052002, validation loss: 0.7797269225120544
2024-04-11 02:38:54.941472:2024-04-11 02:38:54.941403: Current epoch: 121, loss: 0.5448963642120361, validation loss: 0.7549847364425659
2024-04-11 02:39:11.844944:2024-04-11 02:39:11.844862: Current epoch: 122, loss: 0.5373535752296448, validation loss: 0.773293137550354
2024-04-11 02:39:29.007136:2024-04-11 02:39:29.006992: Current epoch: 123, loss: 0.5422301888465881, validation loss: 0.7978174686431885
2024-04-11 02:39:45.447331:2024-04-11 02:39:45.447223: Current epoch: 124, loss: 0.5409219861030579, validation loss: 0.7748907804489136
2024-04-11 02:40:02.287989:2024-04-11 02:40:02.287912: Current epoch: 125, loss: 0.5410059094429016, validation loss: 0.7661526799201965
2024-04-11 02:40:18.914380:2024-04-11 02:40:18.914215: Current epoch: 126, loss: 0.515525221824646, validation loss: 0.7655439376831055
2024-04-11 02:40:35.629810:2024-04-11 02:40:35.629716: Current epoch: 127, loss: 0.5220422148704529, validation loss: 0.7829635143280029
2024-04-11 02:40:51.945551:2024-04-11 02:40:51.945476: Current epoch: 128, loss: 0.5333629846572876, validation loss: 0.7703487277030945
2024-04-11 02:41:08.450884:2024-04-11 02:41:08.450815: Current epoch: 129, loss: 0.5155622363090515, validation loss: 0.8033365607261658
2024-04-11 02:41:24.765705:2024-04-11 02:41:24.765560: Current epoch: 130, loss: 0.5109668374061584, validation loss: 0.7711009383201599
2024-04-11 02:41:41.239900:2024-04-11 02:41:41.239823: Current epoch: 131, loss: 0.5096217393875122, validation loss: 0.7721900343894958
2024-04-11 02:41:57.774825:2024-04-11 02:41:57.774750: Current epoch: 132, loss: 0.5064643621444702, validation loss: 0.7807438373565674
2024-04-11 02:42:14.561469:2024-04-11 02:42:14.561313: Current epoch: 133, loss: 0.5111116766929626, validation loss: 0.7521434426307678
2024-04-11 02:42:31.683548:2024-04-11 02:42:31.683472: Current epoch: 134, loss: 0.4931977093219757, validation loss: 0.7611128687858582
2024-04-11 02:42:48.762037:2024-04-11 02:42:48.761960: Current epoch: 135, loss: 0.4964908957481384, validation loss: 0.805474042892456
2024-04-11 02:43:05.941700:2024-04-11 02:43:05.941544: Current epoch: 136, loss: 0.4876154959201813, validation loss: 0.766605794429779
2024-04-11 02:43:22.869225:2024-04-11 02:43:22.869149: Current epoch: 137, loss: 0.48873528838157654, validation loss: 0.7568579316139221
2024-04-11 02:43:39.690979:2024-04-11 02:43:39.690902: Current epoch: 138, loss: 0.48339956998825073, validation loss: 0.7564997673034668
2024-04-11 02:43:55.750308:2024-04-11 02:43:55.750134: Current epoch: 139, loss: 0.4877392649650574, validation loss: 0.7884051203727722
2024-04-11 02:44:11.998728:2024-04-11 02:44:11.998665: Current epoch: 140, loss: 0.48103466629981995, validation loss: 0.764068067073822
2024-04-11 02:44:28.276403:2024-04-11 02:44:28.276236: Current epoch: 141, loss: 0.4761110544204712, validation loss: 0.7782829999923706
2024-04-11 02:44:44.489784:2024-04-11 02:44:44.489629: Current epoch: 142, loss: 0.4806380867958069, validation loss: 0.7757689356803894
2024-04-11 02:45:01.236597:2024-04-11 02:45:01.236460: Current epoch: 143, loss: 0.46848252415657043, validation loss: 0.7644638419151306
2024-04-11 02:45:17.560798:2024-04-11 02:45:17.560717: Current epoch: 144, loss: 0.48058685660362244, validation loss: 0.7377972602844238
2024-04-11 02:45:33.954889:2024-04-11 02:45:33.954732: Current epoch: 145, loss: 0.4770265817642212, validation loss: 0.7565385103225708
2024-04-11 02:45:50.392814:2024-04-11 02:45:50.392670: Current epoch: 146, loss: 0.46511733531951904, validation loss: 0.7927778959274292
2024-04-11 02:46:07.501065:2024-04-11 02:46:07.500892: Current epoch: 147, loss: 0.4549064040184021, validation loss: 0.7641695737838745
2024-04-11 02:46:24.301638:2024-04-11 02:46:24.301468: Current epoch: 148, loss: 0.4699806869029999, validation loss: 0.7795777916908264
2024-04-11 02:46:40.680632:2024-04-11 02:46:40.680531: Current epoch: 149, loss: 0.4557436406612396, validation loss: 0.7716639637947083
2024-04-11 02:46:59.344372:2024-04-11 02:46:59.344256: Current epoch: 150, loss: 0.4499918222427368, validation loss: 0.802962601184845
2024-04-11 02:47:16.491888:2024-04-11 02:47:16.491732: Current epoch: 151, loss: 0.457714706659317, validation loss: 0.7643340826034546
2024-04-11 02:47:33.376162:2024-04-11 02:47:33.376086: Current epoch: 152, loss: 0.46831315755844116, validation loss: 0.7731964588165283
2024-04-11 02:47:50.030337:2024-04-11 02:47:50.030176: Current epoch: 153, loss: 0.43111035227775574, validation loss: 0.7582141160964966
2024-04-11 02:48:06.812796:2024-04-11 02:48:06.812642: Current epoch: 154, loss: 0.4433234930038452, validation loss: 0.7597746849060059
2024-04-11 02:48:23.308414:2024-04-11 02:48:23.308243: Current epoch: 155, loss: 0.44066309928894043, validation loss: 0.765515923500061
2024-04-11 02:48:40.400577:2024-04-11 02:48:40.400433: Current epoch: 156, loss: 0.4358312487602234, validation loss: 0.770966112613678
2024-04-11 02:48:57.161409:2024-04-11 02:48:57.161243: Current epoch: 157, loss: 0.4410257339477539, validation loss: 0.7661145925521851
2024-04-11 02:49:14.332175:2024-04-11 02:49:14.332019: Current epoch: 158, loss: 0.42994415760040283, validation loss: 0.7664106488227844
2024-04-11 02:49:30.888118:2024-04-11 02:49:30.887965: Current epoch: 159, loss: 0.43598639965057373, validation loss: 0.7386389970779419
2024-04-11 02:49:50.368670:2024-04-11 02:49:50.368496: Current epoch: 160, loss: 0.42555558681488037, validation loss: 0.760305643081665
2024-04-11 02:50:07.064748:2024-04-11 02:50:07.064590: Current epoch: 161, loss: 0.4415089786052704, validation loss: 0.75100177526474
2024-04-11 02:50:23.777763:2024-04-11 02:50:23.777684: Current epoch: 162, loss: 0.4280422031879425, validation loss: 0.7335790991783142
2024-04-11 02:50:41.117622:2024-04-11 02:50:41.117468: Current epoch: 163, loss: 0.42704567313194275, validation loss: 0.8747557997703552
2024-04-11 02:50:58.138711:2024-04-11 02:50:58.138556: Current epoch: 164, loss: 0.41854673624038696, validation loss: 0.7542697787284851
2024-04-11 02:51:15.134564:2024-04-11 02:51:15.134429: Current epoch: 165, loss: 0.42166003584861755, validation loss: 0.8031637668609619
2024-04-11 02:51:32.056909:2024-04-11 02:51:32.056813: Current epoch: 166, loss: 0.42974433302879333, validation loss: 0.7476741075515747
2024-04-11 02:51:48.522311:2024-04-11 02:51:48.522246: Current epoch: 167, loss: 0.4046696126461029, validation loss: 0.7273183465003967
2024-04-11 02:52:04.887342:2024-04-11 02:52:04.887261: Current epoch: 168, loss: 0.42294132709503174, validation loss: 0.7266212105751038
2024-04-11 02:52:22.020188:2024-04-11 02:52:22.020094: Current epoch: 169, loss: 0.4355678856372833, validation loss: 0.7737900018692017
2024-04-11 02:52:38.775358:2024-04-11 02:52:38.775260: Current epoch: 170, loss: 0.4243975877761841, validation loss: 0.7403705716133118
2024-04-11 02:52:55.305111:2024-04-11 02:52:55.304955: Current epoch: 171, loss: 0.3978888690471649, validation loss: 0.7548667192459106
2024-04-11 02:53:12.236617:2024-04-11 02:53:12.236464: Current epoch: 172, loss: 0.4061887264251709, validation loss: 0.7283151149749756
2024-04-11 02:53:28.430953:2024-04-11 02:53:28.430797: Current epoch: 173, loss: 0.40709301829338074, validation loss: 0.7556753158569336
2024-04-11 02:53:45.402632:2024-04-11 02:53:45.402474: Current epoch: 174, loss: 0.40632107853889465, validation loss: 0.7449910044670105
2024-04-11 02:54:01.919409:2024-04-11 02:54:01.919225: Current epoch: 175, loss: 0.41031476855278015, validation loss: 0.7427100539207458
2024-04-11 02:54:18.919506:2024-04-11 02:54:18.919351: Current epoch: 176, loss: 0.39512357115745544, validation loss: 0.7540295124053955
2024-04-11 02:54:35.198779:2024-04-11 02:54:35.198646: Current epoch: 177, loss: 0.3920971751213074, validation loss: 0.7400171160697937
2024-04-11 02:54:51.817122:2024-04-11 02:54:51.817032: Current epoch: 178, loss: 0.3956606984138489, validation loss: 0.7360246181488037
2024-04-11 02:55:08.443700:2024-04-11 02:55:08.443563: Current epoch: 179, loss: 0.38795536756515503, validation loss: 0.7600283622741699
2024-04-11 02:55:25.197817:2024-04-11 02:55:25.197722: Current epoch: 180, loss: 0.3932949900627136, validation loss: 0.7418406009674072
2024-04-11 02:55:41.953788:2024-04-11 02:55:41.953712: Current epoch: 181, loss: 0.39246639609336853, validation loss: 0.7249930500984192
2024-04-11 02:55:58.021533:2024-04-11 02:55:58.021392: Current epoch: 182, loss: 0.3809049427509308, validation loss: 0.7398145794868469
2024-04-11 02:56:15.159106:2024-04-11 02:56:15.158950: Current epoch: 183, loss: 0.38006392121315, validation loss: 0.7427455186843872
2024-04-11 02:56:32.265953:2024-04-11 02:56:32.265798: Current epoch: 184, loss: 0.3895878195762634, validation loss: 0.7330378890037537
2024-04-11 02:56:48.755093:2024-04-11 02:56:48.754964: Current epoch: 185, loss: 0.37524232268333435, validation loss: 0.7468277215957642
2024-04-11 02:57:06.031522:2024-04-11 02:57:06.031438: Current epoch: 186, loss: 0.38866764307022095, validation loss: 0.7230980396270752
2024-04-11 02:57:22.509569:2024-04-11 02:57:22.509410: Current epoch: 187, loss: 0.36974117159843445, validation loss: 0.7745702862739563
2024-04-11 02:57:39.710553:2024-04-11 02:57:39.710407: Current epoch: 188, loss: 0.3710038661956787, validation loss: 0.7736654281616211
2024-04-11 02:57:56.346890:2024-04-11 02:57:56.346739: Current epoch: 189, loss: 0.3828268349170685, validation loss: 0.7536277770996094
2024-04-11 02:58:13.296979:2024-04-11 02:58:13.296903: Current epoch: 190, loss: 0.3857463300228119, validation loss: 0.7934845685958862
2024-04-11 02:58:30.530887:2024-04-11 02:58:30.530729: Current epoch: 191, loss: 0.3605266511440277, validation loss: 0.7298809289932251
2024-04-11 02:58:47.906336:2024-04-11 02:58:47.906167: Current epoch: 192, loss: 0.36215853691101074, validation loss: 0.7563543915748596
2024-04-11 02:59:04.319337:2024-04-11 02:59:04.319188: Current epoch: 193, loss: 0.3641304075717926, validation loss: 0.7640847563743591
2024-04-11 02:59:20.896002:2024-04-11 02:59:20.895848: Current epoch: 194, loss: 0.3579818904399872, validation loss: 0.7320122122764587
2024-04-11 02:59:37.265305:2024-04-11 02:59:37.265216: Current epoch: 195, loss: 0.3608933389186859, validation loss: 0.7570332884788513
2024-04-11 02:59:54.282784:2024-04-11 02:59:54.282699: Current epoch: 196, loss: 0.35283035039901733, validation loss: 0.7198255658149719
2024-04-11 03:00:11.375696:2024-04-11 03:00:11.375576: Current epoch: 197, loss: 0.3548336625099182, validation loss: 0.7216250896453857
2024-04-11 03:00:28.131396:2024-04-11 03:00:28.131316: Current epoch: 198, loss: 0.3646303415298462, validation loss: 0.7241314053535461
2024-04-11 03:00:44.975684:2024-04-11 03:00:44.975530: Current epoch: 199, loss: 0.3566117286682129, validation loss: 0.7715023756027222
2024-04-11 03:01:01.333757:2024-04-11 03:01:01.333676: Current epoch: 200, loss: 0.34823742508888245, validation loss: 0.7289660573005676
2024-04-11 03:01:18.479888:2024-04-11 03:01:18.479735: Current epoch: 201, loss: 0.34104490280151367, validation loss: 0.7349013090133667
2024-04-11 03:01:35.622459:2024-04-11 03:01:35.622361: Current epoch: 202, loss: 0.34258562326431274, validation loss: 0.7593675851821899
2024-04-11 03:01:52.496600:2024-04-11 03:01:52.496525: Current epoch: 203, loss: 0.3357771337032318, validation loss: 0.7384093403816223
2024-04-11 03:02:09.555909:2024-04-11 03:02:09.555844: Current epoch: 204, loss: 0.3422723114490509, validation loss: 0.7485949397087097
2024-04-11 03:02:26.192371:2024-04-11 03:02:26.192219: Current epoch: 205, loss: 0.35037961602211, validation loss: 0.7891770601272583
2024-04-11 03:02:42.617847:2024-04-11 03:02:42.617788: Current epoch: 206, loss: 0.3405190706253052, validation loss: 0.7182579040527344
2024-04-11 03:02:58.985688:2024-04-11 03:02:58.985536: Current epoch: 207, loss: 0.33156871795654297, validation loss: 0.7367386817932129
2024-04-11 03:03:15.401123:2024-04-11 03:03:15.400969: Current epoch: 208, loss: 0.3370601236820221, validation loss: 0.8148046135902405
2024-04-11 03:03:31.956925:2024-04-11 03:03:31.956795: Current epoch: 209, loss: 0.3363094627857208, validation loss: 0.7689998149871826
2024-04-11 03:03:49.005658:2024-04-11 03:03:49.005526: Current epoch: 210, loss: 0.334204763174057, validation loss: 0.7256678342819214
2024-04-11 03:04:06.329964:2024-04-11 03:04:06.329884: Current epoch: 211, loss: 0.37264934182167053, validation loss: 0.7174000144004822
2024-04-11 03:04:22.975810:2024-04-11 03:04:22.975727: Current epoch: 212, loss: 0.3272401690483093, validation loss: 0.7091661691665649
2024-04-11 03:04:38.930637:2024-04-11 03:04:38.930509: Current epoch: 213, loss: 0.33126428723335266, validation loss: 0.7322200536727905
2024-04-11 03:04:54.734412:2024-04-11 03:04:54.734320: Current epoch: 214, loss: 0.32483360171318054, validation loss: 0.7214463949203491
2024-04-11 03:05:10.376212:2024-04-11 03:05:10.376136: Current epoch: 215, loss: 0.3243612051010132, validation loss: 0.7480154037475586
2024-04-11 03:05:26.520705:2024-04-11 03:05:26.520549: Current epoch: 216, loss: 0.32138729095458984, validation loss: 0.749109148979187
2024-04-11 03:05:42.839001:2024-04-11 03:05:42.838832: Current epoch: 217, loss: 0.3163875937461853, validation loss: 0.8089563250541687
2024-04-11 03:05:59.360113:2024-04-11 03:05:59.360019: Current epoch: 218, loss: 0.31983619928359985, validation loss: 0.720465898513794
2024-04-11 03:06:15.846040:2024-04-11 03:06:15.845887: Current epoch: 219, loss: 0.3329932391643524, validation loss: 0.9882211685180664
2024-04-11 03:06:32.514216:2024-04-11 03:06:32.514146: Current epoch: 220, loss: 0.31756964325904846, validation loss: 0.7488740086555481
2024-04-11 03:06:49.434225:2024-04-11 03:06:49.434069: Current epoch: 221, loss: 0.3187781572341919, validation loss: 0.7596890926361084
2024-04-11 03:07:05.624638:2024-04-11 03:07:05.624477: Current epoch: 222, loss: 0.32711541652679443, validation loss: 0.7409066557884216
2024-04-11 03:07:22.121904:2024-04-11 03:07:22.121749: Current epoch: 223, loss: 0.302395761013031, validation loss: 0.7243460416793823
2024-04-11 03:07:39.387499:2024-04-11 03:07:39.387424: Current epoch: 224, loss: 0.30709806084632874, validation loss: 0.7451446652412415
2024-04-11 03:07:56.549967:2024-04-11 03:07:56.549812: Current epoch: 225, loss: 0.3104305565357208, validation loss: 0.753943681716919
2024-04-11 03:08:12.938473:2024-04-11 03:08:12.938315: Current epoch: 226, loss: 0.30366989970207214, validation loss: 0.7461317777633667
2024-04-11 03:08:29.313003:2024-04-11 03:08:29.312852: Current epoch: 227, loss: 0.301154762506485, validation loss: 0.7250828742980957
2024-04-11 03:08:45.477541:2024-04-11 03:08:45.477467: Current epoch: 228, loss: 0.30764463543891907, validation loss: 0.747642457485199
2024-04-11 03:09:01.728892:2024-04-11 03:09:01.728738: Current epoch: 229, loss: 0.3211149275302887, validation loss: 0.7647491097450256
2024-04-11 03:09:17.544053:2024-04-11 03:09:17.543983: Current epoch: 230, loss: 0.2969139516353607, validation loss: 0.7202125191688538
2024-04-11 03:09:34.180313:2024-04-11 03:09:34.180213: Current epoch: 231, loss: 0.3240053653717041, validation loss: 0.7391247749328613
2024-04-11 03:09:50.915575:2024-04-11 03:09:50.915484: Current epoch: 232, loss: 0.3077259063720703, validation loss: 0.7087370753288269
2024-04-11 03:10:07.105672:2024-04-11 03:10:07.105596: Current epoch: 233, loss: 0.2973238229751587, validation loss: 0.740632176399231
2024-04-11 03:10:23.081368:2024-04-11 03:10:23.081199: Current epoch: 234, loss: 0.29930877685546875, validation loss: 0.731024980545044
2024-04-11 03:10:39.604329:2024-04-11 03:10:39.604192: Current epoch: 235, loss: 0.2906434237957001, validation loss: 0.7254400253295898
2024-04-11 03:10:56.010197:2024-04-11 03:10:56.010045: Current epoch: 236, loss: 0.2903744578361511, validation loss: 0.718083381652832
2024-04-11 03:11:12.475068:2024-04-11 03:11:12.474933: Current epoch: 237, loss: 0.29002413153648376, validation loss: 0.7340862154960632
2024-04-11 03:11:28.643578:2024-04-11 03:11:28.643481: Current epoch: 238, loss: 0.3064657747745514, validation loss: 0.7702292799949646
2024-04-11 03:11:44.977475:2024-04-11 03:11:44.977316: Current epoch: 239, loss: 0.2972423732280731, validation loss: 0.7355681657791138
2024-04-11 03:12:03.702687:2024-04-11 03:12:03.702610: Current epoch: 240, loss: 0.2913954257965088, validation loss: 0.710939347743988
2024-04-11 03:12:20.912906:2024-04-11 03:12:20.912707: Current epoch: 241, loss: 0.2802959978580475, validation loss: 0.7226401567459106
2024-04-11 03:12:38.507946:2024-04-11 03:12:38.507620: Current epoch: 242, loss: 0.2796969711780548, validation loss: 0.7202717065811157
2024-04-11 03:12:55.765818:2024-04-11 03:12:55.765670: Current epoch: 243, loss: 0.2889673411846161, validation loss: 0.7324678897857666
2024-04-11 03:13:11.623450:2024-04-11 03:13:11.623296: Current epoch: 244, loss: 0.29258254170417786, validation loss: 0.7227612733840942
2024-04-11 03:13:27.598593:2024-04-11 03:13:27.598333: Current epoch: 245, loss: 0.293375164270401, validation loss: 0.7124903798103333
2024-04-11 03:13:44.369388:2024-04-11 03:13:44.369311: Current epoch: 246, loss: 0.2805556058883667, validation loss: 0.7361709475517273
2024-04-11 03:14:01.314433:2024-04-11 03:14:01.314387: Current epoch: 247, loss: 0.2780475616455078, validation loss: 0.699840784072876
2024-04-11 03:14:17.684810:2024-04-11 03:14:17.684662: Current epoch: 248, loss: 0.27785465121269226, validation loss: 0.7226301431655884
2024-04-11 03:14:34.234172:2024-04-11 03:14:34.234110: Current epoch: 249, loss: 0.3074420690536499, validation loss: 0.6962396502494812
2024-04-11 03:14:53.639288:2024-04-11 03:14:53.639193: Current epoch: 250, loss: 0.26589712500572205, validation loss: 0.7550020217895508
2024-04-11 03:15:10.739419:2024-04-11 03:15:10.739258: Current epoch: 251, loss: 0.2775929272174835, validation loss: 0.6989287734031677
2024-04-11 03:15:28.396971:2024-04-11 03:15:28.396870: Current epoch: 252, loss: 0.2734283208847046, validation loss: 0.7633295655250549
2024-04-11 03:15:45.893030:2024-04-11 03:15:45.892971: Current epoch: 253, loss: 0.30939027667045593, validation loss: 0.6959327459335327
2024-04-11 03:16:02.421142:2024-04-11 03:16:02.421064: Current epoch: 254, loss: 0.25894996523857117, validation loss: 0.7137054800987244
2024-04-11 03:16:19.625094:2024-04-11 03:16:19.624936: Current epoch: 255, loss: 0.28318747878074646, validation loss: 0.729205310344696
2024-04-11 03:16:35.961853:2024-04-11 03:16:35.961697: Current epoch: 256, loss: 0.2636033594608307, validation loss: 0.7079601287841797
2024-04-11 03:16:52.078225:2024-04-11 03:16:52.078072: Current epoch: 257, loss: 0.2731427252292633, validation loss: 0.8685638308525085
2024-04-11 03:17:08.405839:2024-04-11 03:17:08.405707: Current epoch: 258, loss: 0.3110170364379883, validation loss: 0.7103948593139648
2024-04-11 03:17:24.402492:2024-04-11 03:17:24.402395: Current epoch: 259, loss: 0.27361902594566345, validation loss: 0.6999146342277527
2024-04-11 03:17:40.712791:2024-04-11 03:17:40.712656: Current epoch: 260, loss: 0.27493539452552795, validation loss: 0.7254725098609924
2024-04-11 03:17:57.770485:2024-04-11 03:17:57.770409: Current epoch: 261, loss: 0.2582768201828003, validation loss: 0.7030913233757019
2024-04-11 03:18:14.099357:2024-04-11 03:18:14.099231: Current epoch: 262, loss: 0.28225693106651306, validation loss: 0.7066572308540344
2024-04-11 03:18:29.817887:2024-04-11 03:18:29.817737: Current epoch: 263, loss: 0.263073593378067, validation loss: 0.7026679515838623
2024-04-11 03:18:45.942992:2024-04-11 03:18:45.942922: Current epoch: 264, loss: 0.25791534781455994, validation loss: 0.7118545770645142
2024-04-11 03:19:02.113217:2024-04-11 03:19:02.113173: Current epoch: 265, loss: 0.26499322056770325, validation loss: 0.6873076558113098
2024-04-11 03:19:17.839083:2024-04-11 03:19:17.838949: Current epoch: 266, loss: 0.27356046438217163, validation loss: 0.7227573394775391
2024-04-11 03:19:33.395577:2024-04-11 03:19:33.395485: Current epoch: 267, loss: 0.26204758882522583, validation loss: 0.7131112217903137
2024-04-11 03:19:50.035854:2024-04-11 03:19:50.035778: Current epoch: 268, loss: 0.26613494753837585, validation loss: 0.7085391283035278
2024-04-11 03:20:06.130804:2024-04-11 03:20:06.130706: Current epoch: 269, loss: 0.25659164786338806, validation loss: 0.7277153134346008
2024-04-11 03:20:22.348233:2024-04-11 03:20:22.348136: Current epoch: 270, loss: 0.26600444316864014, validation loss: 0.7305762767791748
2024-04-11 03:20:38.705211:2024-04-11 03:20:38.705136: Current epoch: 271, loss: 0.2518053352832794, validation loss: 0.7485020160675049
2024-04-11 03:20:55.027607:2024-04-11 03:20:55.027527: Current epoch: 272, loss: 0.25261983275413513, validation loss: 0.7148414254188538
2024-04-11 03:21:11.569021:2024-04-11 03:21:11.568876: Current epoch: 273, loss: 0.2504109740257263, validation loss: 0.7101253867149353
2024-04-11 03:21:27.675866:2024-04-11 03:21:27.675711: Current epoch: 274, loss: 0.25798505544662476, validation loss: 0.7137161493301392
2024-04-11 03:21:44.399538:2024-04-11 03:21:44.399465: Current epoch: 275, loss: 0.25978896021842957, validation loss: 0.7023137807846069
2024-04-11 03:22:01.383818:2024-04-11 03:22:01.383658: Current epoch: 276, loss: 0.24999883770942688, validation loss: 0.7076722383499146
2024-04-11 03:22:17.782811:2024-04-11 03:22:17.782651: Current epoch: 277, loss: 0.2654799818992615, validation loss: 0.6981897354125977
2024-04-11 03:22:34.930918:2024-04-11 03:22:34.930741: Current epoch: 278, loss: 0.2421366274356842, validation loss: 0.6990642547607422
2024-04-11 03:22:51.727038:2024-04-11 03:22:51.726881: Current epoch: 279, loss: 0.27422815561294556, validation loss: 0.7394142746925354
2024-04-11 03:23:08.710866:2024-04-11 03:23:08.710723: Current epoch: 280, loss: 0.26031607389450073, validation loss: 0.7081754803657532
2024-04-11 03:23:24.980951:2024-04-11 03:23:24.980797: Current epoch: 281, loss: 0.2440616339445114, validation loss: 0.7107885479927063
2024-04-11 03:23:41.185700:2024-04-11 03:23:41.185557: Current epoch: 282, loss: 0.2450287640094757, validation loss: 0.6912732124328613
2024-04-11 03:23:57.641957:2024-04-11 03:23:57.641802: Current epoch: 283, loss: 0.26102137565612793, validation loss: 0.7503434419631958
2024-04-11 03:24:13.899853:2024-04-11 03:24:13.899698: Current epoch: 284, loss: 0.26272454857826233, validation loss: 0.7168945074081421
2024-04-11 03:24:30.173994:2024-04-11 03:24:30.173859: Current epoch: 285, loss: 0.24291910231113434, validation loss: 0.7413645386695862
2024-04-11 03:24:46.305155:2024-04-11 03:24:46.305089: Current epoch: 286, loss: 0.2386261522769928, validation loss: 0.7059972286224365
2024-04-11 03:25:02.622794:2024-04-11 03:25:02.622717: Current epoch: 287, loss: 0.25542381405830383, validation loss: 0.7304562926292419
2024-04-11 03:25:18.561069:2024-04-11 03:25:18.560914: Current epoch: 288, loss: 0.2791438102722168, validation loss: 0.7147684097290039
2024-04-11 03:25:34.990364:2024-04-11 03:25:34.990265: Current epoch: 289, loss: 0.2655297815799713, validation loss: 0.7075635194778442
2024-04-11 03:25:52.114006:2024-04-11 03:25:52.113853: Current epoch: 290, loss: 0.237408846616745, validation loss: 0.6955631375312805
2024-04-11 03:26:08.626207:2024-04-11 03:26:08.626070: Current epoch: 291, loss: 0.24745100736618042, validation loss: 0.6958652138710022
2024-04-11 03:26:24.881494:2024-04-11 03:26:24.881417: Current epoch: 292, loss: 0.2496080845594406, validation loss: 0.8211310505867004
2024-04-11 03:26:41.403832:2024-04-11 03:26:41.403765: Current epoch: 293, loss: 0.24611055850982666, validation loss: 0.751509964466095
2024-04-11 03:26:57.707417:2024-04-11 03:26:57.707261: Current epoch: 294, loss: 0.2596419155597687, validation loss: 0.7079408764839172
2024-04-11 03:27:14.022820:2024-04-11 03:27:14.022743: Current epoch: 295, loss: 0.24525216221809387, validation loss: 0.7047032117843628
2024-04-11 03:27:30.990317:2024-04-11 03:27:30.990143: Current epoch: 296, loss: 0.2236722707748413, validation loss: 0.8276686668395996
2024-04-11 03:27:47.506610:2024-04-11 03:27:47.506553: Current epoch: 297, loss: 0.284447580575943, validation loss: 0.6859864592552185
2024-04-11 03:28:04.395419:2024-04-11 03:28:04.395358: Current epoch: 298, loss: 0.24975985288619995, validation loss: 0.7135539054870605
2024-04-11 03:28:21.090011:2024-04-11 03:28:21.089855: Current epoch: 299, loss: 0.25150230526924133, validation loss: 0.6986895203590393
2024-04-11 03:28:38.208786:2024-04-11 03:28:38.208705: Current epoch: 300, loss: 0.239691823720932, validation loss: 0.7067826986312866
2024-04-11 03:28:54.864982:2024-04-11 03:28:54.864904: Current epoch: 301, loss: 0.23034314811229706, validation loss: 0.7097218036651611
2024-04-11 03:29:12.147362:2024-04-11 03:29:12.147231: Current epoch: 302, loss: 0.23588892817497253, validation loss: 0.7130259275436401
2024-04-11 03:29:29.395320:2024-04-11 03:29:29.395222: Current epoch: 303, loss: 0.232457235455513, validation loss: 0.7244946360588074
2024-04-11 03:29:46.187826:2024-04-11 03:29:46.187747: Current epoch: 304, loss: 0.23868581652641296, validation loss: 0.7165689468383789
2024-04-11 03:30:02.975384:2024-04-11 03:30:02.975305: Current epoch: 305, loss: 0.22781096398830414, validation loss: 0.6983668804168701
2024-04-11 03:30:20.251679:2024-04-11 03:30:20.251525: Current epoch: 306, loss: 0.24203898012638092, validation loss: 0.6908496618270874
2024-04-11 03:30:36.469020:2024-04-11 03:30:36.468832: Current epoch: 307, loss: 0.23914280533790588, validation loss: 0.7172223925590515
2024-04-11 03:30:52.613847:2024-04-11 03:30:52.613692: Current epoch: 308, loss: 0.2380763292312622, validation loss: 0.7658334970474243
2024-04-11 03:31:09.132639:2024-04-11 03:31:09.132444: Current epoch: 309, loss: 0.22192275524139404, validation loss: 0.6914690732955933
2024-04-11 03:31:27.637330:2024-04-11 03:31:27.637165: Current epoch: 310, loss: 0.23508919775485992, validation loss: 0.7131307125091553
2024-04-11 03:31:44.458976:2024-04-11 03:31:44.458810: Current epoch: 311, loss: 0.24561834335327148, validation loss: 0.7313402891159058
2024-04-11 03:32:01.601815:2024-04-11 03:32:01.601569: Current epoch: 312, loss: 0.27778327465057373, validation loss: 0.9038782715797424
2024-04-11 03:32:18.505951:2024-04-11 03:32:18.505866: Current epoch: 313, loss: 0.23117530345916748, validation loss: 0.6749688982963562
2024-04-11 03:32:35.229311:2024-04-11 03:32:35.229133: Current epoch: 314, loss: 0.2234424203634262, validation loss: 0.7095657587051392
2024-04-11 03:32:51.667005:2024-04-11 03:32:51.666788: Current epoch: 315, loss: 0.2599318325519562, validation loss: 0.7069981694221497
2024-04-11 03:33:08.114150:2024-04-11 03:33:08.113985: Current epoch: 316, loss: 0.2934471666812897, validation loss: 0.772088348865509
2024-04-11 03:33:24.928731:2024-04-11 03:33:24.928563: Current epoch: 317, loss: 0.22062744200229645, validation loss: 0.689551055431366
2024-04-11 03:33:42.088058:2024-04-11 03:33:42.087763: Current epoch: 318, loss: 0.22768062353134155, validation loss: 0.7235485315322876
2024-04-11 03:33:59.295065:2024-04-11 03:33:59.294906: Current epoch: 319, loss: 0.2191186547279358, validation loss: 0.7450277209281921
2024-04-11 03:34:16.589838:2024-04-11 03:34:16.589710: Current epoch: 320, loss: 0.21897456049919128, validation loss: 0.719777524471283
2024-04-11 03:34:33.621565:2024-04-11 03:34:33.621395: Current epoch: 321, loss: 0.24617934226989746, validation loss: 0.7023108601570129
2024-04-11 03:34:50.412996:2024-04-11 03:34:50.412834: Current epoch: 322, loss: 0.21585626900196075, validation loss: 0.6926292181015015
2024-04-11 03:35:07.185655:2024-04-11 03:35:07.185493: Current epoch: 323, loss: 0.22665154933929443, validation loss: 0.7037917375564575
2024-04-11 03:35:23.811412:2024-04-11 03:35:23.811235: Current epoch: 324, loss: 0.21145237982273102, validation loss: 0.7158499360084534
2024-04-11 03:35:40.992881:2024-04-11 03:35:40.992742: Current epoch: 325, loss: 0.2299078404903412, validation loss: 0.6986415386199951
2024-04-11 03:35:57.377013:2024-04-11 03:35:57.376946: Current epoch: 326, loss: 0.22352337837219238, validation loss: 0.6975961327552795
2024-04-11 03:36:14.240676:2024-04-11 03:36:14.240498: Current epoch: 327, loss: 0.21435803174972534, validation loss: 0.7011821866035461
2024-04-11 03:36:31.531839:2024-04-11 03:36:31.531762: Current epoch: 328, loss: 0.2190530002117157, validation loss: 0.6974064707756042
2024-04-11 03:36:48.936775:2024-04-11 03:36:48.936618: Current epoch: 329, loss: 0.223271444439888, validation loss: 0.6913718581199646
2024-04-11 03:37:07.649082:2024-04-11 03:37:07.649005: Current epoch: 330, loss: 0.20313660800457, validation loss: 0.6829433441162109
2024-04-11 03:37:23.828422:2024-04-11 03:37:23.828306: Current epoch: 331, loss: 0.20800946652889252, validation loss: 0.6900498270988464
2024-04-11 03:37:40.078832:2024-04-11 03:37:40.078677: Current epoch: 332, loss: 0.23263995349407196, validation loss: 0.7024983763694763
2024-04-11 03:37:57.153123:2024-04-11 03:37:57.152967: Current epoch: 333, loss: 0.22831331193447113, validation loss: 0.6977620124816895
2024-04-11 03:38:13.641002:2024-04-11 03:38:13.640860: Current epoch: 334, loss: 0.20356841385364532, validation loss: 0.7117363810539246
2024-04-11 03:38:30.835968:2024-04-11 03:38:30.835890: Current epoch: 335, loss: 0.22175805270671844, validation loss: 0.704337477684021
2024-04-11 03:38:47.220325:2024-04-11 03:38:47.220230: Current epoch: 336, loss: 0.21563152968883514, validation loss: 0.7087236642837524
2024-04-11 03:39:04.242444:2024-04-11 03:39:04.242287: Current epoch: 337, loss: 0.21437393128871918, validation loss: 0.7257578372955322
2024-04-11 03:39:21.380684:2024-04-11 03:39:21.380609: Current epoch: 338, loss: 0.20939046144485474, validation loss: 0.7164337038993835
2024-04-11 03:39:37.821624:2024-04-11 03:39:37.821489: Current epoch: 339, loss: 0.2317124605178833, validation loss: 0.7078230381011963
2024-04-11 03:39:54.969171:2024-04-11 03:39:54.969015: Current epoch: 340, loss: 0.23105300962924957, validation loss: 0.7221810221672058
2024-04-11 03:40:12.017472:2024-04-11 03:40:12.017327: Current epoch: 341, loss: 0.21525399386882782, validation loss: 0.6973430514335632
2024-04-11 03:40:28.263894:2024-04-11 03:40:28.263721: Current epoch: 342, loss: 0.21404153108596802, validation loss: 0.6877595782279968
2024-04-11 03:40:45.137655:2024-04-11 03:40:45.137581: Current epoch: 343, loss: 0.21457986533641815, validation loss: 0.6990638971328735
2024-04-11 03:41:02.186937:2024-04-11 03:41:02.186783: Current epoch: 344, loss: 0.20227475464344025, validation loss: 0.7407639622688293
2024-04-11 03:41:19.157256:2024-04-11 03:41:19.157122: Current epoch: 345, loss: 0.2076624184846878, validation loss: 0.7076128721237183
2024-04-11 03:41:35.839724:2024-04-11 03:41:35.839629: Current epoch: 346, loss: 0.20943647623062134, validation loss: 0.7521953582763672
2024-04-11 03:41:52.894502:2024-04-11 03:41:52.894426: Current epoch: 347, loss: 0.21896840631961823, validation loss: 0.7039117217063904
2024-04-11 03:42:10.149404:2024-04-11 03:42:10.149328: Current epoch: 348, loss: 0.1995915174484253, validation loss: 0.712867796421051
2024-04-11 03:42:26.454792:2024-04-11 03:42:26.454657: Current epoch: 349, loss: 0.20801706612110138, validation loss: 0.6953803896903992
2024-04-11 03:42:43.102777:2024-04-11 03:42:43.102680: Current epoch: 350, loss: 0.22242438793182373, validation loss: 0.7225594520568848
2024-04-11 03:42:59.618340:2024-04-11 03:42:59.618243: Current epoch: 351, loss: 0.20998314023017883, validation loss: 0.7365533709526062
2024-04-11 03:43:15.685416:2024-04-11 03:43:15.685264: Current epoch: 352, loss: 0.22893072664737701, validation loss: 0.7082008719444275
2024-04-11 03:43:32.605357:2024-04-11 03:43:32.605250: Current epoch: 353, loss: 0.19570428133010864, validation loss: 0.6837894320487976
2024-04-11 03:43:49.619731:2024-04-11 03:43:49.619655: Current epoch: 354, loss: 0.21003906428813934, validation loss: 0.7245966792106628
2024-04-11 03:44:06.463569:2024-04-11 03:44:06.463433: Current epoch: 355, loss: 0.20302635431289673, validation loss: 0.7038858532905579
2024-04-11 03:44:22.570493:2024-04-11 03:44:22.570409: Current epoch: 356, loss: 0.20811901986598969, validation loss: 0.6994432210922241
2024-04-11 03:44:39.416175:2024-04-11 03:44:39.416021: Current epoch: 357, loss: 0.21432766318321228, validation loss: 0.7066102027893066
2024-04-11 03:44:55.954703:2024-04-11 03:44:55.954550: Current epoch: 358, loss: 0.19901692867279053, validation loss: 0.7022427320480347
2024-04-11 03:45:12.297164:2024-04-11 03:45:12.297089: Current epoch: 359, loss: 0.2477646917104721, validation loss: 0.6882656216621399
2024-04-11 03:45:31.515595:2024-04-11 03:45:31.515468: Current epoch: 360, loss: 0.20383375883102417, validation loss: 0.7787267565727234
2024-04-11 03:45:48.456998:2024-04-11 03:45:48.456828: Current epoch: 361, loss: 0.19861789047718048, validation loss: 0.6897405385971069
2024-04-11 03:46:05.043045:2024-04-11 03:46:05.042967: Current epoch: 362, loss: 0.20913812518119812, validation loss: 0.7253841161727905
2024-04-11 03:46:21.611630:2024-04-11 03:46:21.611562: Current epoch: 363, loss: 0.19816499948501587, validation loss: 0.7141456007957458
2024-04-11 03:46:37.993248:2024-04-11 03:46:37.993078: Current epoch: 364, loss: 0.2109289914369583, validation loss: 0.6797324419021606
2024-04-11 03:46:55.238985:2024-04-11 03:46:55.238909: Current epoch: 365, loss: 0.18635134398937225, validation loss: 0.6971862316131592
2024-04-11 03:47:11.636338:2024-04-11 03:47:11.636243: Current epoch: 366, loss: 0.23676082491874695, validation loss: 0.6907719373703003
2024-04-11 03:47:28.598216:2024-04-11 03:47:28.598083: Current epoch: 367, loss: 0.19954480230808258, validation loss: 0.7008647322654724
2024-04-11 03:47:45.806379:2024-04-11 03:47:45.806264: Current epoch: 368, loss: 0.23787374794483185, validation loss: 0.6839937567710876
2024-04-11 03:48:02.990677:2024-04-11 03:48:02.990602: Current epoch: 369, loss: 0.19923566281795502, validation loss: 0.7289891839027405
2024-04-11 03:48:20.080250:2024-04-11 03:48:20.080113: Current epoch: 370, loss: 0.2324400246143341, validation loss: 0.6975526809692383
2024-04-11 03:48:36.781060:2024-04-11 03:48:36.780969: Current epoch: 371, loss: 0.17970459163188934, validation loss: 0.7054359316825867
2024-04-11 03:48:53.266231:2024-04-11 03:48:53.266160: Current epoch: 372, loss: 0.19398373365402222, validation loss: 0.6991218328475952
2024-04-11 03:49:10.478440:2024-04-11 03:49:10.478361: Current epoch: 373, loss: 0.20169533789157867, validation loss: 0.6929232478141785
2024-04-11 03:49:27.378209:2024-04-11 03:49:27.378074: Current epoch: 374, loss: 0.21365000307559967, validation loss: 0.7230108380317688
2024-04-11 03:49:44.329293:2024-04-11 03:49:44.329181: Current epoch: 375, loss: 0.1854366958141327, validation loss: 0.7043939232826233
2024-04-11 03:50:01.612043:2024-04-11 03:50:01.611899: Current epoch: 376, loss: 0.19447827339172363, validation loss: 0.7008176445960999
2024-04-11 03:50:18.462221:2024-04-11 03:50:18.462078: Current epoch: 377, loss: 0.197685107588768, validation loss: 0.698695719242096
2024-04-11 03:50:35.101564:2024-04-11 03:50:35.101410: Current epoch: 378, loss: 0.19632187485694885, validation loss: 0.6962225437164307
2024-04-11 03:50:52.152857:2024-04-11 03:50:52.152722: Current epoch: 379, loss: 0.21968796849250793, validation loss: 0.6943861842155457
2024-04-11 03:51:08.297619:2024-04-11 03:51:08.297541: Current epoch: 380, loss: 0.19135090708732605, validation loss: 0.7422888278961182
2024-04-11 03:51:25.175676:2024-04-11 03:51:25.175540: Current epoch: 381, loss: 0.18265053629875183, validation loss: 0.6980974078178406
2024-04-11 03:51:41.669047:2024-04-11 03:51:41.668954: Current epoch: 382, loss: 0.2178342491388321, validation loss: 0.693489134311676
2024-04-11 03:51:58.329877:2024-04-11 03:51:58.329801: Current epoch: 383, loss: 0.18873381614685059, validation loss: 0.6953659057617188
2024-04-11 03:52:15.165840:2024-04-11 03:52:15.165669: Current epoch: 384, loss: 0.28332772850990295, validation loss: 0.7053416967391968
2024-04-11 03:52:32.280139:2024-04-11 03:52:32.280061: Current epoch: 385, loss: 0.19475845992565155, validation loss: 0.7150695323944092
2024-04-11 03:52:48.685903:2024-04-11 03:52:48.685828: Current epoch: 386, loss: 0.18061766028404236, validation loss: 0.7081597447395325
2024-04-11 03:53:04.806106:2024-04-11 03:53:04.805972: Current epoch: 387, loss: 0.22167617082595825, validation loss: 0.6957849264144897
2024-04-11 03:53:20.983590:2024-04-11 03:53:20.983493: Current epoch: 388, loss: 0.18808665871620178, validation loss: 0.7123941779136658
2024-04-11 03:53:37.231927:2024-04-11 03:53:37.231864: Current epoch: 389, loss: 0.18556472659111023, validation loss: 0.70517897605896
2024-04-11 03:53:53.573048:2024-04-11 03:53:53.572907: Current epoch: 390, loss: 0.18764235079288483, validation loss: 0.7193055152893066
2024-04-11 03:54:10.663902:2024-04-11 03:54:10.663754: Current epoch: 391, loss: 0.18184730410575867, validation loss: 0.7102075219154358
2024-04-11 03:54:27.486198:2024-04-11 03:54:27.485948: Current epoch: 392, loss: 0.20112943649291992, validation loss: 0.6886743307113647
2024-04-11 03:54:44.021418:2024-04-11 03:54:44.021259: Current epoch: 393, loss: 0.20120388269424438, validation loss: 0.7214488387107849
2024-04-11 03:55:00.769867:2024-04-11 03:55:00.769710: Current epoch: 394, loss: 0.20371729135513306, validation loss: 0.7126263976097107
2024-04-11 03:55:18.269264:2024-04-11 03:55:18.269106: Current epoch: 395, loss: 0.18117761611938477, validation loss: 0.709248960018158
2024-04-11 03:55:34.926321:2024-04-11 03:55:34.926148: Current epoch: 396, loss: 0.1800653040409088, validation loss: 0.723960816860199
2024-04-11 03:55:51.772168:2024-04-11 03:55:51.772012: Current epoch: 397, loss: 0.19342570006847382, validation loss: 0.7006062865257263
2024-04-11 03:56:08.611543:2024-04-11 03:56:08.611347: Current epoch: 398, loss: 0.18969760835170746, validation loss: 0.7128821611404419
2024-04-11 03:56:25.996874:2024-04-11 03:56:25.996691: Current epoch: 399, loss: 0.18330539762973785, validation loss: 0.703212320804596
2024-04-11 03:56:43.048424:2024-04-11 03:56:43.048091: Current epoch: 400, loss: 0.19676218926906586, validation loss: 0.7010555863380432
2024-04-11 03:56:59.788795:2024-04-11 03:56:59.788649: Current epoch: 401, loss: 0.18956738710403442, validation loss: 0.7006136775016785
2024-04-11 03:57:16.268128:2024-04-11 03:57:16.267983: Current epoch: 402, loss: 0.1841530054807663, validation loss: 0.7391448616981506
2024-04-11 03:57:32.545232:2024-04-11 03:57:32.545081: Current epoch: 403, loss: 0.21431107819080353, validation loss: 0.7497391104698181
2024-04-11 03:57:48.839667:2024-04-11 03:57:48.839510: Current epoch: 404, loss: 0.19907642900943756, validation loss: 0.6820167303085327
2024-04-11 03:58:05.923112:2024-04-11 03:58:05.923035: Current epoch: 405, loss: 0.17348478734493256, validation loss: 0.7040435075759888
2024-04-11 03:58:23.007962:2024-04-11 03:58:23.007806: Current epoch: 406, loss: 0.1891174614429474, validation loss: 0.7206259965896606
2024-04-11 03:58:39.279604:2024-04-11 03:58:39.279470: Current epoch: 407, loss: 0.2086210697889328, validation loss: 0.6884728670120239
2024-04-11 03:58:55.598994:2024-04-11 03:58:55.598918: Current epoch: 408, loss: 0.18427734076976776, validation loss: 0.6958757042884827
2024-04-11 03:59:11.862513:2024-04-11 03:59:11.862368: Current epoch: 409, loss: 0.1843663603067398, validation loss: 0.6917126774787903
2024-04-11 03:59:28.332381:2024-04-11 03:59:28.332301: Current epoch: 410, loss: 0.1959705799818039, validation loss: 0.7343013286590576
2024-04-11 03:59:44.687893:2024-04-11 03:59:44.687739: Current epoch: 411, loss: 0.1846509426832199, validation loss: 0.6948893666267395
2024-04-11 04:00:01.160423:2024-04-11 04:00:01.160345: Current epoch: 412, loss: 0.2710363268852234, validation loss: 0.7037979364395142
2024-04-11 04:00:17.465865:2024-04-11 04:00:17.465708: Current epoch: 413, loss: 0.17125731706619263, validation loss: 0.6871272325515747
2024-04-11 04:00:34.065198:2024-04-11 04:00:34.065121: Current epoch: 414, loss: 0.25657764077186584, validation loss: 0.9315856099128723
2024-04-11 04:00:51.246265:2024-04-11 04:00:51.246192: Current epoch: 415, loss: 0.20620156824588776, validation loss: 0.7053728699684143
2024-04-11 04:01:07.940951:2024-04-11 04:01:07.940796: Current epoch: 416, loss: 0.1710444837808609, validation loss: 0.7017646431922913
2024-04-11 04:01:25.292931:2024-04-11 04:01:25.292770: Current epoch: 417, loss: 0.18980330228805542, validation loss: 0.6838462948799133
2024-04-11 04:01:42.810106:2024-04-11 04:01:42.809766: Current epoch: 418, loss: 0.18228866159915924, validation loss: 0.7097211480140686
2024-04-11 04:02:00.316429:2024-04-11 04:02:00.316251: Current epoch: 419, loss: 0.173080712556839, validation loss: 0.7102848291397095
2024-04-11 04:02:17.710986:2024-04-11 04:02:17.710774: Current epoch: 420, loss: 0.1855057328939438, validation loss: 0.6824448704719543
2024-04-11 04:02:34.839005:2024-04-11 04:02:34.838925: Current epoch: 421, loss: 0.18255089223384857, validation loss: 0.7094923853874207
2024-04-11 04:02:51.366233:2024-04-11 04:02:51.366057: Current epoch: 422, loss: 0.21340474486351013, validation loss: 0.7025718092918396
2024-04-11 04:03:07.909510:2024-04-11 04:03:07.909363: Current epoch: 423, loss: 0.1631053239107132, validation loss: 0.6881174445152283
2024-04-11 04:03:24.587089:2024-04-11 04:03:24.586962: Current epoch: 424, loss: 0.1931794285774231, validation loss: 0.9125309586524963
2024-04-11 04:03:41.771391:2024-04-11 04:03:41.771019: Current epoch: 425, loss: 0.1987198293209076, validation loss: 0.6891505718231201
2024-04-11 04:03:59.292526:2024-04-11 04:03:59.292329: Current epoch: 426, loss: 0.16191545128822327, validation loss: 0.7260677218437195
2024-04-11 04:04:15.595155:2024-04-11 04:04:15.594997: Current epoch: 427, loss: 0.2068966031074524, validation loss: 0.7090615034103394
2024-04-11 04:04:32.450784:2024-04-11 04:04:32.450635: Current epoch: 428, loss: 0.1740531325340271, validation loss: 0.6900030374526978
2024-04-11 04:04:49.437832:2024-04-11 04:04:49.437678: Current epoch: 429, loss: 0.20352472364902496, validation loss: 0.6921972632408142
2024-04-11 04:05:05.924199:2024-04-11 04:05:05.924120: Current epoch: 430, loss: 0.17460201680660248, validation loss: 0.6956207752227783
2024-04-11 04:05:22.906461:2024-04-11 04:05:22.906318: Current epoch: 431, loss: 0.1882818192243576, validation loss: 0.7062081694602966
2024-04-11 04:05:38.848119:2024-04-11 04:05:38.848050: Current epoch: 432, loss: 0.1706206351518631, validation loss: 0.6852865219116211
2024-04-11 04:05:55.381009:2024-04-11 04:05:55.380851: Current epoch: 433, loss: 0.1750807911157608, validation loss: 0.7083917260169983
2024-04-11 04:06:12.051538:2024-04-11 04:06:12.051461: Current epoch: 434, loss: 0.1830691546201706, validation loss: 0.6952282190322876
2024-04-11 04:06:28.204844:2024-04-11 04:06:28.204767: Current epoch: 435, loss: 0.17290626466274261, validation loss: 0.6972740888595581
2024-04-11 04:06:44.337780:2024-04-11 04:06:44.337645: Current epoch: 436, loss: 0.16914670169353485, validation loss: 0.7132582664489746
2024-04-11 04:07:00.581073:2024-04-11 04:07:00.580970: Current epoch: 437, loss: 0.20904091000556946, validation loss: 0.8572261929512024
2024-04-11 04:07:16.925468:2024-04-11 04:07:16.925401: Current epoch: 438, loss: 0.1707143485546112, validation loss: 0.7423403263092041
2024-04-11 04:07:33.246332:2024-04-11 04:07:33.246233: Current epoch: 439, loss: 0.17945802211761475, validation loss: 0.7179759740829468
2024-04-11 04:07:49.805156:2024-04-11 04:07:49.805002: Current epoch: 440, loss: 0.18007847666740417, validation loss: 0.7136869430541992
2024-04-11 04:08:06.075074:2024-04-11 04:08:06.074995: Current epoch: 441, loss: 0.16513535380363464, validation loss: 0.7125036120414734
2024-04-11 04:08:22.523402:2024-04-11 04:08:22.523326: Current epoch: 442, loss: 0.19997087121009827, validation loss: 0.7165564894676208
2024-04-11 04:08:39.893921:2024-04-11 04:08:39.893764: Current epoch: 443, loss: 0.17369909584522247, validation loss: 0.7081656455993652
2024-04-11 04:08:56.028104:2024-04-11 04:08:56.028029: Current epoch: 444, loss: 0.17052459716796875, validation loss: 0.7254643440246582
2024-04-11 04:09:12.480896:2024-04-11 04:09:12.480833: Current epoch: 445, loss: 0.18523946404457092, validation loss: 0.7054945230484009
2024-04-11 04:09:29.256594:2024-04-11 04:09:29.256469: Current epoch: 446, loss: 0.17308907210826874, validation loss: 0.6982285976409912
2024-04-11 04:09:45.953716:2024-04-11 04:09:45.953618: Current epoch: 447, loss: 0.16403862833976746, validation loss: 0.704094648361206
2024-04-11 04:10:02.927860:2024-04-11 04:10:02.927788: Current epoch: 448, loss: 0.16817228496074677, validation loss: 0.6902937293052673
2024-04-11 04:10:20.236183:2024-04-11 04:10:20.236110: Current epoch: 449, loss: 0.1701790988445282, validation loss: 0.6903229355812073
2024-04-11 04:10:37.288451:2024-04-11 04:10:37.288295: Current epoch: 450, loss: 0.22185856103897095, validation loss: 0.6940064430236816
2024-04-11 04:10:54.453204:2024-04-11 04:10:54.453130: Current epoch: 451, loss: 0.1678812950849533, validation loss: 0.7108445167541504
2024-04-11 04:11:11.180957:2024-04-11 04:11:11.180881: Current epoch: 452, loss: 0.1797640025615692, validation loss: 0.6858058571815491
2024-04-11 04:11:28.540339:2024-04-11 04:11:28.540173: Current epoch: 453, loss: 0.15652400255203247, validation loss: 0.6800056099891663
2024-04-11 04:11:45.647486:2024-04-11 04:11:45.647411: Current epoch: 454, loss: 0.16730621457099915, validation loss: 0.7141229510307312
2024-04-11 04:12:01.655843:2024-04-11 04:12:01.655768: Current epoch: 455, loss: 0.1734113097190857, validation loss: 0.7109660506248474
2024-04-11 04:12:18.907737:2024-04-11 04:12:18.907604: Current epoch: 456, loss: 0.16858522593975067, validation loss: 0.7105321884155273
2024-04-11 04:12:35.979194:2024-04-11 04:12:35.979099: Current epoch: 457, loss: 0.16318322718143463, validation loss: 0.7586382627487183
2024-04-11 04:12:52.290039:2024-04-11 04:12:52.289956: Current epoch: 458, loss: 0.17076455056667328, validation loss: 0.7131885886192322
2024-04-11 04:13:09.355860:2024-04-11 04:13:09.355794: Current epoch: 459, loss: 0.16520434617996216, validation loss: 0.6874367594718933
2024-04-11 04:13:27.995222:2024-04-11 04:13:27.995070: Current epoch: 460, loss: 0.21455633640289307, validation loss: 0.7015119791030884
2024-04-11 04:13:44.936648:2024-04-11 04:13:44.936572: Current epoch: 461, loss: 0.1526755839586258, validation loss: 0.7100203037261963
2024-04-11 04:14:01.825640:2024-04-11 04:14:01.825566: Current epoch: 462, loss: 0.1875496655702591, validation loss: 0.7526301145553589
2024-04-11 04:14:18.412877:2024-04-11 04:14:18.412739: Current epoch: 463, loss: 0.1603439748287201, validation loss: 0.7026200890541077
2024-04-11 04:14:35.653001:2024-04-11 04:14:35.652903: Current epoch: 464, loss: 0.16908781230449677, validation loss: 0.7183071970939636
2024-04-11 04:14:52.625872:2024-04-11 04:14:52.625795: Current epoch: 465, loss: 0.16237598657608032, validation loss: 0.7098225355148315
2024-04-11 04:15:09.000962:2024-04-11 04:15:09.000897: Current epoch: 466, loss: 0.16676239669322968, validation loss: 0.7071241140365601
2024-04-11 04:15:25.601653:2024-04-11 04:15:25.601500: Current epoch: 467, loss: 0.1831064373254776, validation loss: 0.685025155544281
2024-04-11 04:15:42.578391:2024-04-11 04:15:42.578317: Current epoch: 468, loss: 0.1571415662765503, validation loss: 0.816531777381897
2024-04-11 04:15:59.389009:2024-04-11 04:15:59.388931: Current epoch: 469, loss: 0.1696656048297882, validation loss: 0.7096855044364929
2024-04-11 04:16:15.763213:2024-04-11 04:16:15.763072: Current epoch: 470, loss: 0.17248526215553284, validation loss: 0.7429837584495544
2024-04-11 04:16:32.361723:2024-04-11 04:16:32.361631: Current epoch: 471, loss: 0.16272547841072083, validation loss: 0.6921560764312744
2024-04-11 04:16:48.496154:2024-04-11 04:16:48.496076: Current epoch: 472, loss: 0.18324588239192963, validation loss: 0.7314603924751282
2024-04-11 04:17:04.729212:2024-04-11 04:17:04.729137: Current epoch: 473, loss: 0.153423473238945, validation loss: 0.6863410472869873
2024-04-11 04:17:21.492566:2024-04-11 04:17:21.492432: Current epoch: 474, loss: 0.16742366552352905, validation loss: 0.6835986971855164
2024-04-11 04:17:37.956823:2024-04-11 04:17:37.956743: Current epoch: 475, loss: 0.16293132305145264, validation loss: 0.7048570513725281
2024-04-11 04:17:54.710210:2024-04-11 04:17:54.710133: Current epoch: 476, loss: 0.1660105139017105, validation loss: 0.821668267250061
2024-04-11 04:18:11.621153:2024-04-11 04:18:11.621090: Current epoch: 477, loss: 0.16282810270786285, validation loss: 0.7171550989151001
2024-04-11 04:18:27.823786:2024-04-11 04:18:27.823651: Current epoch: 478, loss: 0.17030462622642517, validation loss: 0.6956902146339417
2024-04-11 04:18:44.841465:2024-04-11 04:18:44.841367: Current epoch: 479, loss: 0.16196253895759583, validation loss: 0.7114043235778809
2024-04-11 04:19:01.605650:2024-04-11 04:19:01.605571: Current epoch: 480, loss: 0.20165687799453735, validation loss: 0.6969366073608398
2024-04-11 04:19:17.972007:2024-04-11 04:19:17.971880: Current epoch: 481, loss: 0.15966230630874634, validation loss: 0.7507962584495544
2024-04-11 04:19:35.588917:2024-04-11 04:19:35.588815: Current epoch: 482, loss: 0.16167804598808289, validation loss: 0.7103775143623352
2024-04-11 04:19:53.357459:2024-04-11 04:19:53.357382: Current epoch: 483, loss: 0.1685987412929535, validation loss: 0.7096526622772217
2024-04-11 04:20:10.814520:2024-04-11 04:20:10.814250: Current epoch: 484, loss: 0.17005550861358643, validation loss: 0.7304152250289917
2024-04-11 04:20:28.223584:2024-04-11 04:20:28.223445: Current epoch: 485, loss: 0.17372165620326996, validation loss: 0.8675540089607239
2024-04-11 04:20:45.553385:2024-04-11 04:20:45.553270: Current epoch: 486, loss: 0.16052496433258057, validation loss: 0.6848281621932983
2024-04-11 04:21:03.029009:2024-04-11 04:21:03.028875: Current epoch: 487, loss: 0.1644054800271988, validation loss: 0.6947876811027527
2024-04-11 04:21:19.534132:2024-04-11 04:21:19.534039: Current epoch: 488, loss: 0.1640377789735794, validation loss: 0.7122960090637207
2024-04-11 04:21:36.205453:2024-04-11 04:21:36.205379: Current epoch: 489, loss: 0.15022754669189453, validation loss: 0.6992719173431396
2024-04-11 04:21:53.779756:2024-04-11 04:21:53.779611: Current epoch: 490, loss: 0.16950054466724396, validation loss: 0.6955732107162476
2024-04-11 04:22:11.341859:2024-04-11 04:22:11.341789: Current epoch: 491, loss: 0.1533428430557251, validation loss: 0.7180995941162109
2024-04-11 04:22:29.083581:2024-04-11 04:22:29.083505: Current epoch: 492, loss: 0.16049280762672424, validation loss: 0.6939674615859985
2024-04-11 04:22:46.780003:2024-04-11 04:22:46.779847: Current epoch: 493, loss: 0.16436098515987396, validation loss: 0.7013767957687378
2024-04-11 04:23:03.400667:2024-04-11 04:23:03.400591: Current epoch: 494, loss: 0.15055027604103088, validation loss: 0.6918907165527344
2024-04-11 04:23:19.983835:2024-04-11 04:23:19.983759: Current epoch: 495, loss: 0.1873585730791092, validation loss: 0.7004501819610596
2024-04-11 04:23:37.229364:2024-04-11 04:23:37.229189: Current epoch: 496, loss: 0.15102650225162506, validation loss: 0.7106049656867981
2024-04-11 04:23:53.817941:2024-04-11 04:23:53.817707: Current epoch: 497, loss: 0.1639925092458725, validation loss: 0.6906602382659912
2024-04-11 04:24:10.114318:2024-04-11 04:24:10.114091: Current epoch: 498, loss: 0.19649143517017365, validation loss: 0.70476233959198
2024-04-11 04:24:26.902392:2024-04-11 04:24:26.902259: Current epoch: 499, loss: 0.14332003891468048, validation loss: 0.9654390215873718
2024-04-11 04:24:43.412538:2024-04-11 04:24:43.412403: Current epoch: 500, loss: 0.16458040475845337, validation loss: 0.6990892291069031
2024-04-11 04:24:59.627029:2024-04-11 04:24:59.626944: Current epoch: 501, loss: 0.14909160137176514, validation loss: 0.6827327609062195
2024-04-11 04:25:15.986217:2024-04-11 04:25:15.986063: Current epoch: 502, loss: 0.21330717206001282, validation loss: 0.6964401006698608
2024-04-11 04:25:32.309186:2024-04-11 04:25:32.309111: Current epoch: 503, loss: 0.1468469649553299, validation loss: 0.7069233655929565
2024-04-11 04:25:48.818153:2024-04-11 04:25:48.817994: Current epoch: 504, loss: 0.15977922081947327, validation loss: 0.694748044013977
2024-04-11 04:26:04.864222:2024-04-11 04:26:04.864146: Current epoch: 505, loss: 0.16008710861206055, validation loss: 0.6858736872673035
2024-04-11 04:26:21.123162:2024-04-11 04:26:21.123025: Current epoch: 506, loss: 0.14879374206066132, validation loss: 0.7224380373954773
2024-04-11 04:26:37.632391:2024-04-11 04:26:37.632268: Current epoch: 507, loss: 0.21917778253555298, validation loss: 0.7114100456237793
2024-04-11 04:26:54.537319:2024-04-11 04:26:54.537226: Current epoch: 508, loss: 0.16046984493732452, validation loss: 0.6993233561515808
2024-04-11 04:27:11.402195:2024-04-11 04:27:11.402061: Current epoch: 509, loss: 0.1543702930212021, validation loss: 0.695378839969635
2024-04-11 04:27:28.462234:2024-04-11 04:27:28.462137: Current epoch: 510, loss: 0.17171508073806763, validation loss: 0.6903368234634399
2024-04-11 04:27:44.927328:2024-04-11 04:27:44.927234: Current epoch: 511, loss: 0.15228241682052612, validation loss: 0.6932778358459473
2024-04-11 04:28:01.029363:2024-04-11 04:28:01.029188: Current epoch: 512, loss: 0.17736420035362244, validation loss: 0.705379068851471
2024-04-11 04:28:17.699309:2024-04-11 04:28:17.699248: Current epoch: 513, loss: 0.15379050374031067, validation loss: 0.6777535676956177
2024-04-11 04:28:18.777753:the test error is  [0.6404711008071899, 0.6404711008071899]
2024-04-11 04:28:21.388356:saved model to sample/bert-base-uncased_chemnlp_prop_magmom_outcar
2024-04-11 04:28:22.367579:done