
2024-04-11 00:18:44.976711:job config: {'train_data_path': '/data/yll6162/alignntl_dft_3d/tl_dataset/dataset_bert-base-uncased_robo_prop_spillage_train.csv', 'val_data_path': '/data/yll6162/alignntl_dft_3d/tl_dataset/dataset_bert-base-uncased_robo_prop_spillage_val.csv', 'test_data_path': '/data/yll6162/alignntl_dft_3d/tl_dataset/dataset_bert-base-uncased_robo_prop_spillage_test.csv', 'label': 'spillage', 'input_type': None, 'log_folder': 'log', 'log_file': 'bert-base-uncased_robo_prop_spillage.log', 'test_metric': 'mae', 'architecture': '1024Rx4D-512Rx3D-256Rx3D-128Rx3D-64Rx2-32Rx1-1', 'model_seed': 0, 'loss_type': 'mae', 'config_file': 'sample/bert-base-uncased_robo_prop_spillage_job.config', 'use_valid': True, 'project': 'MOF', 'paramsGrid': {'optimizer': 'Adam', 'learning_rate': 0.0001, 'patience': 100, 'dropouts': [0.8, 0.9, 0.7, 0.8], 'EVAL_FREQUENCY': 1000}, 'save_path': 'sample/bert-base-uncased_robo_prop_spillage', 'model_path': None, 'last_layer_with_weight': True, 'keras_path': 'model/bert-base-uncased_robo_prop_spillage', 'test_size': None, 'val_size': None}
2024-04-11 00:18:44.976770:train data path is  /data/yll6162/alignntl_dft_3d/tl_dataset/dataset_bert-base-uncased_robo_prop_spillage_train.csv
2024-04-11 00:18:45.974754:input attribute sets are:  None
2024-04-11 00:18:45.974935:test data path is  /data/yll6162/alignntl_dft_3d/tl_dataset/dataset_bert-base-uncased_robo_prop_spillage_test.csv
2024-04-11 00:18:46.127353:val data path is  /data/yll6162/alignntl_dft_3d/tl_dataset/dataset_bert-base-uncased_robo_prop_spillage_val.csv
2024-04-11 00:18:46.283630:input attributes are:  Index(['0', '1', '2', '3', '4', '5', '6', '7', '8', '9',
       ...
       '758', '759', '760', '761', '762', '763', '764', '765', '766', '767'],
      dtype='object', length=768)
2024-04-11 00:18:46.283748:label: spillage
2024-04-11 00:18:50.881874: train, test, valid sizes:  (9041, 768) (9041,) (1131, 768) (1131,) (1131, 768) (1131,)
2024-04-11 00:18:50.906573:train matrix shape of train_X:  (9041, 768)  train_y:  (9041,)
2024-04-11 00:18:50.906697:valid matrix shape of train_X:  (1131, 768)  valid_y:  (1131,)
2024-04-11 00:18:50.906735:test matrix shape of valid_X:   (1131, 768)  test_y:  (1131,)
2024-04-11 00:18:50.906768:architecture is:  1024Rx4D-512Rx3D-256Rx3D-128Rx3D-64Rx2-32Rx1-1
2024-04-11 00:18:50.906803:learning rate is  0.0001
2024-04-11 00:18:50.906834:model path is  None
2024-04-11 00:18:50.916808:adding fully connected layers with 1024 outputs
2024-04-11 00:18:52.895923:adding residual with fc as the size are different
2024-04-11 00:18:52.903342:adding fully connected layers with 1024 outputs
2024-04-11 00:18:52.915080:adding residual, both sizes are same
2024-04-11 00:18:52.920403:adding fully connected layers with 1024 outputs
2024-04-11 00:18:52.926164:adding residual, both sizes are same
2024-04-11 00:18:52.928381:adding fully connected layers with 1024 outputs
2024-04-11 00:18:52.933487:adding residual, both sizes are same
2024-04-11 00:18:52.935449:adding dropout 0.8
2024-04-11 00:18:52.941156:adding fully connected layers with 512 outputs
2024-04-11 00:18:52.946134:adding residual with fc as the size are different
2024-04-11 00:18:52.952490:adding fully connected layers with 512 outputs
2024-04-11 00:18:52.963282:adding residual, both sizes are same
2024-04-11 00:18:52.967402:adding fully connected layers with 512 outputs
2024-04-11 00:18:52.973963:adding residual, both sizes are same
2024-04-11 00:18:52.975782:adding dropout 0.9
2024-04-11 00:18:52.977379:adding fully connected layers with 256 outputs
2024-04-11 00:18:52.982219:adding residual with fc as the size are different
2024-04-11 00:18:52.988471:adding fully connected layers with 256 outputs
2024-04-11 00:18:53.000346:adding residual, both sizes are same
2024-04-11 00:18:53.002965:adding fully connected layers with 256 outputs
2024-04-11 00:18:53.009292:adding residual, both sizes are same
2024-04-11 00:18:53.011485:adding dropout 0.7
2024-04-11 00:18:53.013049:adding fully connected layers with 128 outputs
2024-04-11 00:18:53.017967:adding residual with fc as the size are different
2024-04-11 00:18:53.024172:adding fully connected layers with 128 outputs
2024-04-11 00:18:53.028896:adding residual, both sizes are same
2024-04-11 00:18:53.030678:adding fully connected layers with 128 outputs
2024-04-11 00:18:53.035277:adding residual, both sizes are same
2024-04-11 00:18:53.037317:adding dropout 0.8
2024-04-11 00:18:53.038866:adding fully connected layers with 64 outputs
2024-04-11 00:18:53.043595:adding residual with fc as the size are different
2024-04-11 00:18:53.049698:adding fully connected layers with 64 outputs
2024-04-11 00:18:53.054606:adding residual, both sizes are same
2024-04-11 00:18:53.056405:adding fully connected layers with 32 outputs
2024-04-11 00:18:53.061162:adding residual with fc as the size are different
2024-04-11 00:18:53.067363:adding final layer with 1 output
2024-04-11 00:18:53.076905:Model: "ElemNet"
2024-04-11 00:18:53.076974:__________________________________________________________________________________________________
2024-04-11 00:18:53.077023:Layer (type)                    Output Shape         Param #     Connected to                     
2024-04-11 00:18:53.077058:==================================================================================================
2024-04-11 00:18:53.077288:elemental_fractions (InputLayer [(None, 768)]        0                                            
2024-04-11 00:18:53.077335:__________________________________________________________________________________________________
2024-04-11 00:18:53.077498:fc0_0 (Dense)                   (None, 1024)         787456      elemental_fractions[0][0]        
2024-04-11 00:18:53.077542:__________________________________________________________________________________________________
2024-04-11 00:18:53.077651:fc0_dim_0 (Dense)               (None, 1024)         787456      elemental_fractions[0][0]        
2024-04-11 00:18:53.077693:__________________________________________________________________________________________________
2024-04-11 00:18:53.077771:tf.__operators__.add (TFOpLambd (None, 1024)         0           fc0_0[0][0]                      
2024-04-11 00:18:53.077813:                                                                 fc0_dim_0[0][0]                  
2024-04-11 00:18:53.077848:__________________________________________________________________________________________________
2024-04-11 00:18:53.077948:fc0_1 (Dense)                   (None, 1024)         1049600     tf.__operators__.add[0][0]       
2024-04-11 00:18:53.077990:__________________________________________________________________________________________________
2024-04-11 00:18:53.078063:tf.__operators__.add_1 (TFOpLam (None, 1024)         0           fc0_1[0][0]                      
2024-04-11 00:18:53.078104:                                                                 tf.__operators__.add[0][0]       
2024-04-11 00:18:53.078138:__________________________________________________________________________________________________
2024-04-11 00:18:53.078235:fc0_2 (Dense)                   (None, 1024)         1049600     tf.__operators__.add_1[0][0]     
2024-04-11 00:18:53.078284:__________________________________________________________________________________________________
2024-04-11 00:18:53.078363:tf.__operators__.add_2 (TFOpLam (None, 1024)         0           fc0_2[0][0]                      
2024-04-11 00:18:53.078404:                                                                 tf.__operators__.add_1[0][0]     
2024-04-11 00:18:53.078449:__________________________________________________________________________________________________
2024-04-11 00:18:53.078543:fc0_3 (Dense)                   (None, 1024)         1049600     tf.__operators__.add_2[0][0]     
2024-04-11 00:18:53.078581:__________________________________________________________________________________________________
2024-04-11 00:18:53.078650:tf.__operators__.add_3 (TFOpLam (None, 1024)         0           fc0_3[0][0]                      
2024-04-11 00:18:53.078689:                                                                 tf.__operators__.add_2[0][0]     
2024-04-11 00:18:53.078727:__________________________________________________________________________________________________
2024-04-11 00:18:53.078797:dropout (Dropout)               (None, 1024)         0           tf.__operators__.add_3[0][0]     
2024-04-11 00:18:53.078832:__________________________________________________________________________________________________
2024-04-11 00:18:53.078927:fc1_0 (Dense)                   (None, 512)          524800      dropout[0][0]                    
2024-04-11 00:18:53.078965:__________________________________________________________________________________________________
2024-04-11 00:18:53.079057:fc1_dim_0 (Dense)               (None, 512)          524800      dropout[0][0]                    
2024-04-11 00:18:53.079095:__________________________________________________________________________________________________
2024-04-11 00:18:53.079164:tf.__operators__.add_4 (TFOpLam (None, 512)          0           fc1_0[0][0]                      
2024-04-11 00:18:53.079202:                                                                 fc1_dim_0[0][0]                  
2024-04-11 00:18:53.079235:__________________________________________________________________________________________________
2024-04-11 00:18:53.079336:fc1_1 (Dense)                   (None, 512)          262656      tf.__operators__.add_4[0][0]     
2024-04-11 00:18:53.079375:__________________________________________________________________________________________________
2024-04-11 00:18:53.079444:tf.__operators__.add_5 (TFOpLam (None, 512)          0           fc1_1[0][0]                      
2024-04-11 00:18:53.079483:                                                                 tf.__operators__.add_4[0][0]     
2024-04-11 00:18:53.079515:__________________________________________________________________________________________________
2024-04-11 00:18:53.079606:fc1_2 (Dense)                   (None, 512)          262656      tf.__operators__.add_5[0][0]     
2024-04-11 00:18:53.079644:__________________________________________________________________________________________________
2024-04-11 00:18:53.079712:tf.__operators__.add_6 (TFOpLam (None, 512)          0           fc1_2[0][0]                      
2024-04-11 00:18:53.079750:                                                                 tf.__operators__.add_5[0][0]     
2024-04-11 00:18:53.079782:__________________________________________________________________________________________________
2024-04-11 00:18:53.079847:dropout_1 (Dropout)             (None, 512)          0           tf.__operators__.add_6[0][0]     
2024-04-11 00:18:53.079884:__________________________________________________________________________________________________
2024-04-11 00:18:53.079975:fc2_0 (Dense)                   (None, 256)          131328      dropout_1[0][0]                  
2024-04-11 00:18:53.080012:__________________________________________________________________________________________________
2024-04-11 00:18:53.080102:fc2_dim_0 (Dense)               (None, 256)          131328      dropout_1[0][0]                  
2024-04-11 00:18:53.080140:__________________________________________________________________________________________________
2024-04-11 00:18:53.080209:tf.__operators__.add_7 (TFOpLam (None, 256)          0           fc2_0[0][0]                      
2024-04-11 00:18:53.080248:                                                                 fc2_dim_0[0][0]                  
2024-04-11 00:18:53.080287:__________________________________________________________________________________________________
2024-04-11 00:18:53.080382:fc2_1 (Dense)                   (None, 256)          65792       tf.__operators__.add_7[0][0]     
2024-04-11 00:18:53.080419:__________________________________________________________________________________________________
2024-04-11 00:18:53.080488:tf.__operators__.add_8 (TFOpLam (None, 256)          0           fc2_1[0][0]                      
2024-04-11 00:18:53.080527:                                                                 tf.__operators__.add_7[0][0]     
2024-04-11 00:18:53.080563:__________________________________________________________________________________________________
2024-04-11 00:18:53.080656:fc2_2 (Dense)                   (None, 256)          65792       tf.__operators__.add_8[0][0]     
2024-04-11 00:18:53.080727:__________________________________________________________________________________________________
2024-04-11 00:18:53.080800:tf.__operators__.add_9 (TFOpLam (None, 256)          0           fc2_2[0][0]                      
2024-04-11 00:18:53.080838:                                                                 tf.__operators__.add_8[0][0]     
2024-04-11 00:18:53.080870:__________________________________________________________________________________________________
2024-04-11 00:18:53.080935:dropout_2 (Dropout)             (None, 256)          0           tf.__operators__.add_9[0][0]     
2024-04-11 00:18:53.080969:__________________________________________________________________________________________________
2024-04-11 00:18:53.081061:fc3_0 (Dense)                   (None, 128)          32896       dropout_2[0][0]                  
2024-04-11 00:18:53.081098:__________________________________________________________________________________________________
2024-04-11 00:18:53.081187:fc3_dim_0 (Dense)               (None, 128)          32896       dropout_2[0][0]                  
2024-04-11 00:18:53.081223:__________________________________________________________________________________________________
2024-04-11 00:18:53.081298:tf.__operators__.add_10 (TFOpLa (None, 128)          0           fc3_0[0][0]                      
2024-04-11 00:18:53.081339:                                                                 fc3_dim_0[0][0]                  
2024-04-11 00:18:53.081396:__________________________________________________________________________________________________
2024-04-11 00:18:53.081514:fc3_1 (Dense)                   (None, 128)          16512       tf.__operators__.add_10[0][0]    
2024-04-11 00:18:53.081554:__________________________________________________________________________________________________
2024-04-11 00:18:53.081625:tf.__operators__.add_11 (TFOpLa (None, 128)          0           fc3_1[0][0]                      
2024-04-11 00:18:53.081664:                                                                 tf.__operators__.add_10[0][0]    
2024-04-11 00:18:53.081697:__________________________________________________________________________________________________
2024-04-11 00:18:53.081787:fc3_2 (Dense)                   (None, 128)          16512       tf.__operators__.add_11[0][0]    
2024-04-11 00:18:53.081825:__________________________________________________________________________________________________
2024-04-11 00:18:53.081894:tf.__operators__.add_12 (TFOpLa (None, 128)          0           fc3_2[0][0]                      
2024-04-11 00:18:53.081933:                                                                 tf.__operators__.add_11[0][0]    
2024-04-11 00:18:53.081965:__________________________________________________________________________________________________
2024-04-11 00:18:53.082029:dropout_3 (Dropout)             (None, 128)          0           tf.__operators__.add_12[0][0]    
2024-04-11 00:18:53.082064:__________________________________________________________________________________________________
2024-04-11 00:18:53.082154:fc4_0 (Dense)                   (None, 64)           8256        dropout_3[0][0]                  
2024-04-11 00:18:53.082192:__________________________________________________________________________________________________
2024-04-11 00:18:53.082295:fc4_dim_0 (Dense)               (None, 64)           8256        dropout_3[0][0]                  
2024-04-11 00:18:53.082334:__________________________________________________________________________________________________
2024-04-11 00:18:53.082405:tf.__operators__.add_13 (TFOpLa (None, 64)           0           fc4_0[0][0]                      
2024-04-11 00:18:53.082450:                                                                 fc4_dim_0[0][0]                  
2024-04-11 00:18:53.082483:__________________________________________________________________________________________________
2024-04-11 00:18:53.082576:fc4_1 (Dense)                   (None, 64)           4160        tf.__operators__.add_13[0][0]    
2024-04-11 00:18:53.082613:__________________________________________________________________________________________________
2024-04-11 00:18:53.082680:tf.__operators__.add_14 (TFOpLa (None, 64)           0           fc4_1[0][0]                      
2024-04-11 00:18:53.082719:                                                                 tf.__operators__.add_13[0][0]    
2024-04-11 00:18:53.082751:__________________________________________________________________________________________________
2024-04-11 00:18:53.082840:fc5_0 (Dense)                   (None, 32)           2080        tf.__operators__.add_14[0][0]    
2024-04-11 00:18:53.082876:__________________________________________________________________________________________________
2024-04-11 00:18:53.082964:fc5_dim_0 (Dense)               (None, 32)           2080        tf.__operators__.add_14[0][0]    
2024-04-11 00:18:53.083004:__________________________________________________________________________________________________
2024-04-11 00:18:53.083092:tf.__operators__.add_15 (TFOpLa (None, 32)           0           fc5_0[0][0]                      
2024-04-11 00:18:53.083132:                                                                 fc5_dim_0[0][0]                  
2024-04-11 00:18:53.083166:__________________________________________________________________________________________________
2024-04-11 00:18:53.083259:fc6 (Dense)                     (None, 1)            33          tf.__operators__.add_15[0][0]    
2024-04-11 00:18:53.083309:==================================================================================================
2024-04-11 00:18:53.083909:Total params: 6,816,545
2024-04-11 00:18:53.083957:Trainable params: 6,816,545
2024-04-11 00:18:53.083993:Non-trainable params: 0
2024-04-11 00:18:53.084026:__________________________________________________________________________________________________
2024-04-11 00:18:53.094471:start training
2024-04-11 00:18:57.165343:2024-04-11 00:18:57.165264: Current epoch: 0, loss: 3.0415894985198975, validation loss: 0.5968335866928101
2024-04-11 00:18:59.795106:2024-04-11 00:18:59.795047: Current epoch: 1, loss: 0.678765594959259, validation loss: 0.4880864918231964
2024-04-11 00:19:02.414815:2024-04-11 00:19:02.414607: Current epoch: 2, loss: 0.6071063280105591, validation loss: 0.504825234413147
2024-04-11 00:19:05.041304:2024-04-11 00:19:05.041142: Current epoch: 3, loss: 0.5383929014205933, validation loss: 0.6391791105270386
2024-04-11 00:19:07.691094:2024-04-11 00:19:07.690927: Current epoch: 4, loss: 0.5084381103515625, validation loss: 0.6799356937408447
2024-04-11 00:19:10.371394:2024-04-11 00:19:10.371303: Current epoch: 5, loss: 0.534500241279602, validation loss: 0.46179619431495667
2024-04-11 00:19:13.111329:2024-04-11 00:19:13.111055: Current epoch: 6, loss: 0.4904923141002655, validation loss: 0.4912453591823578
2024-04-11 00:19:15.815469:2024-04-11 00:19:15.815351: Current epoch: 7, loss: 0.490609347820282, validation loss: 0.5385457873344421
2024-04-11 00:19:18.514513:2024-04-11 00:19:18.514340: Current epoch: 8, loss: 0.47563329339027405, validation loss: 0.4829767644405365
2024-04-11 00:19:21.271912:2024-04-11 00:19:21.271830: Current epoch: 9, loss: 0.4563281238079071, validation loss: 0.4442030191421509
2024-04-11 00:19:26.372155:2024-04-11 00:19:26.372095: Current epoch: 10, loss: 0.45608532428741455, validation loss: 0.4323680102825165
2024-04-11 00:19:29.042692:2024-04-11 00:19:29.042641: Current epoch: 11, loss: 0.45181459188461304, validation loss: 0.42520588636398315
2024-04-11 00:19:31.690200:2024-04-11 00:19:31.690124: Current epoch: 12, loss: 0.46357473731040955, validation loss: 0.4288318455219269
2024-04-11 00:19:34.605005:2024-04-11 00:19:34.604843: Current epoch: 13, loss: 0.4628094434738159, validation loss: 0.6356308460235596
2024-04-11 00:19:37.314295:2024-04-11 00:19:37.314134: Current epoch: 14, loss: 0.4609319269657135, validation loss: 0.4371761083602905
2024-04-11 00:19:39.982969:2024-04-11 00:19:39.982889: Current epoch: 15, loss: 0.4443582594394684, validation loss: 0.4102930724620819
2024-04-11 00:19:42.661876:2024-04-11 00:19:42.661779: Current epoch: 16, loss: 0.43363648653030396, validation loss: 0.41563287377357483
2024-04-11 00:19:45.340675:2024-04-11 00:19:45.340500: Current epoch: 17, loss: 0.4234734773635864, validation loss: 0.5090654492378235
2024-04-11 00:19:48.066997:2024-04-11 00:19:48.066841: Current epoch: 18, loss: 0.4509293735027313, validation loss: 0.5340525507926941
2024-04-11 00:19:50.786405:2024-04-11 00:19:50.786332: Current epoch: 19, loss: 0.4298550486564636, validation loss: 0.5284056663513184
2024-04-11 00:19:53.437706:2024-04-11 00:19:53.437610: Current epoch: 20, loss: 0.43919622898101807, validation loss: 0.41032087802886963
2024-04-11 00:19:56.065471:2024-04-11 00:19:56.065389: Current epoch: 21, loss: 0.4289349317550659, validation loss: 0.40247729420661926
2024-04-11 00:19:58.825636:2024-04-11 00:19:58.825496: Current epoch: 22, loss: 0.4156937599182129, validation loss: 0.44755131006240845
2024-04-11 00:20:01.416621:2024-04-11 00:20:01.416517: Current epoch: 23, loss: 0.4086489975452423, validation loss: 0.4576416015625
2024-04-11 00:20:04.033877:2024-04-11 00:20:04.033824: Current epoch: 24, loss: 0.42428097128868103, validation loss: 0.39108747243881226
2024-04-11 00:20:06.674757:2024-04-11 00:20:06.674596: Current epoch: 25, loss: 0.4109143316745758, validation loss: 0.48870548605918884
2024-04-11 00:20:09.193546:2024-04-11 00:20:09.193398: Current epoch: 26, loss: 0.40394532680511475, validation loss: 0.40567126870155334
2024-04-11 00:20:11.726506:2024-04-11 00:20:11.726410: Current epoch: 27, loss: 0.407205194234848, validation loss: 0.46082693338394165
2024-04-11 00:20:14.404109:2024-04-11 00:20:14.404029: Current epoch: 28, loss: 0.4019714891910553, validation loss: 0.39498573541641235
2024-04-11 00:20:16.965815:2024-04-11 00:20:16.965676: Current epoch: 29, loss: 0.3975026309490204, validation loss: 0.39816799759864807
2024-04-11 00:20:21.966056:2024-04-11 00:20:21.965953: Current epoch: 30, loss: 0.39092278480529785, validation loss: 0.3934383988380432
2024-04-11 00:20:24.549100:2024-04-11 00:20:24.549015: Current epoch: 31, loss: 0.39525121450424194, validation loss: 0.38063597679138184
2024-04-11 00:20:27.096044:2024-04-11 00:20:27.095969: Current epoch: 32, loss: 0.39679208397865295, validation loss: 0.3992236852645874
2024-04-11 00:20:29.592906:2024-04-11 00:20:29.592830: Current epoch: 33, loss: 0.3894454538822174, validation loss: 0.3905470073223114
2024-04-11 00:20:32.116900:2024-04-11 00:20:32.116827: Current epoch: 34, loss: 0.37883448600769043, validation loss: 0.5053684115409851
2024-04-11 00:20:34.688046:2024-04-11 00:20:34.687971: Current epoch: 35, loss: 0.389629989862442, validation loss: 0.40822237730026245
2024-04-11 00:20:37.314321:2024-04-11 00:20:37.314153: Current epoch: 36, loss: 0.3760398328304291, validation loss: 0.5870802998542786
2024-04-11 00:20:39.836161:2024-04-11 00:20:39.836067: Current epoch: 37, loss: 0.38271260261535645, validation loss: 0.38204729557037354
2024-04-11 00:20:42.542600:2024-04-11 00:20:42.542549: Current epoch: 38, loss: 0.3717241883277893, validation loss: 0.377565860748291
2024-04-11 00:20:45.206986:2024-04-11 00:20:45.206912: Current epoch: 39, loss: 0.3719213604927063, validation loss: 0.405212938785553
2024-04-11 00:20:47.820378:2024-04-11 00:20:47.820303: Current epoch: 40, loss: 0.3667011260986328, validation loss: 0.3804533779621124
2024-04-11 00:20:50.504536:2024-04-11 00:20:50.504467: Current epoch: 41, loss: 0.3665250241756439, validation loss: 0.3969915211200714
2024-04-11 00:20:52.943870:2024-04-11 00:20:52.943797: Current epoch: 42, loss: 0.3673705458641052, validation loss: 0.4021837115287781
2024-04-11 00:20:55.538563:2024-04-11 00:20:55.538402: Current epoch: 43, loss: 0.3619867265224457, validation loss: 0.388217955827713
2024-04-11 00:20:58.231865:2024-04-11 00:20:58.231800: Current epoch: 44, loss: 0.35453560948371887, validation loss: 0.40811887383461
2024-04-11 00:21:00.957261:2024-04-11 00:21:00.957207: Current epoch: 45, loss: 0.35186636447906494, validation loss: 0.37515997886657715
2024-04-11 00:21:03.615249:2024-04-11 00:21:03.615172: Current epoch: 46, loss: 0.3575250208377838, validation loss: 0.39108890295028687
2024-04-11 00:21:06.193561:2024-04-11 00:21:06.193427: Current epoch: 47, loss: 0.3489622473716736, validation loss: 0.39717045426368713
2024-04-11 00:21:08.647951:2024-04-11 00:21:08.647862: Current epoch: 48, loss: 0.3513484299182892, validation loss: 0.46967005729675293
2024-04-11 00:21:11.329233:2024-04-11 00:21:11.329158: Current epoch: 49, loss: 0.34478339552879333, validation loss: 0.37782150506973267
2024-04-11 00:21:16.269632:2024-04-11 00:21:16.269524: Current epoch: 50, loss: 0.3416609466075897, validation loss: 0.3816629946231842
2024-04-11 00:21:18.877812:2024-04-11 00:21:18.877718: Current epoch: 51, loss: 0.34741559624671936, validation loss: 0.39774033427238464
2024-04-11 00:21:21.406110:2024-04-11 00:21:21.405970: Current epoch: 52, loss: 0.3329832851886749, validation loss: 0.38106605410575867
2024-04-11 00:21:23.894582:2024-04-11 00:21:23.894532: Current epoch: 53, loss: 0.3375553786754608, validation loss: 0.3733057379722595
2024-04-11 00:21:26.379191:2024-04-11 00:21:26.379113: Current epoch: 54, loss: 0.3325173854827881, validation loss: 0.37770915031433105
2024-04-11 00:21:28.843638:2024-04-11 00:21:28.843569: Current epoch: 55, loss: 0.317457377910614, validation loss: 0.3812888264656067
2024-04-11 00:21:31.408481:2024-04-11 00:21:31.408421: Current epoch: 56, loss: 0.3242160677909851, validation loss: 0.3713129460811615
2024-04-11 00:21:34.082694:2024-04-11 00:21:34.082618: Current epoch: 57, loss: 0.31881850957870483, validation loss: 0.3822307586669922
2024-04-11 00:21:36.781666:2024-04-11 00:21:36.781611: Current epoch: 58, loss: 0.31490689516067505, validation loss: 0.36673158407211304
2024-04-11 00:21:39.383325:2024-04-11 00:21:39.383228: Current epoch: 59, loss: 0.31301093101501465, validation loss: 0.37136298418045044
2024-04-11 00:21:44.292845:2024-04-11 00:21:44.292705: Current epoch: 60, loss: 0.314146488904953, validation loss: 0.3804747760295868
2024-04-11 00:21:46.949198:2024-04-11 00:21:46.949112: Current epoch: 61, loss: 0.3097590506076813, validation loss: 0.3816477358341217
2024-04-11 00:21:49.469189:2024-04-11 00:21:49.469117: Current epoch: 62, loss: 0.3099236786365509, validation loss: 0.3758434057235718
2024-04-11 00:21:52.054116:2024-04-11 00:21:52.054037: Current epoch: 63, loss: 0.3038869798183441, validation loss: 0.3978595733642578
2024-04-11 00:21:54.677145:2024-04-11 00:21:54.677085: Current epoch: 64, loss: 0.29762905836105347, validation loss: 0.36618056893348694
2024-04-11 00:21:57.196855:2024-04-11 00:21:57.196777: Current epoch: 65, loss: 0.29596754908561707, validation loss: 0.3874303102493286
2024-04-11 00:21:59.787637:2024-04-11 00:21:59.787568: Current epoch: 66, loss: 0.29603150486946106, validation loss: 0.37325844168663025
2024-04-11 00:22:02.315667:2024-04-11 00:22:02.315614: Current epoch: 67, loss: 0.2891797721385956, validation loss: 0.3900189697742462
2024-04-11 00:22:04.862967:2024-04-11 00:22:04.862891: Current epoch: 68, loss: 0.2880916893482208, validation loss: 0.36650481820106506
2024-04-11 00:22:07.410515:2024-04-11 00:22:07.410441: Current epoch: 69, loss: 0.2803178131580353, validation loss: 0.36808496713638306
2024-04-11 00:22:12.238841:2024-04-11 00:22:12.238765: Current epoch: 70, loss: 0.2790444791316986, validation loss: 0.3891506791114807
2024-04-11 00:22:14.704939:2024-04-11 00:22:14.704799: Current epoch: 71, loss: 0.2786596417427063, validation loss: 0.4010968506336212
2024-04-11 00:22:17.163028:2024-04-11 00:22:17.162967: Current epoch: 72, loss: 0.2738398015499115, validation loss: 0.3647395074367523
2024-04-11 00:22:19.762223:2024-04-11 00:22:19.762163: Current epoch: 73, loss: 0.26794812083244324, validation loss: 0.36264559626579285
2024-04-11 00:22:22.442585:2024-04-11 00:22:22.442509: Current epoch: 74, loss: 0.2640549838542938, validation loss: 0.38375842571258545
2024-04-11 00:22:25.085888:2024-04-11 00:22:25.085812: Current epoch: 75, loss: 0.2633778154850006, validation loss: 0.36955589056015015
2024-04-11 00:22:27.632663:2024-04-11 00:22:27.632523: Current epoch: 76, loss: 0.2628067135810852, validation loss: 0.3767136335372925
2024-04-11 00:22:30.201400:2024-04-11 00:22:30.201325: Current epoch: 77, loss: 0.2522393465042114, validation loss: 0.3670404851436615
2024-04-11 00:22:32.803904:2024-04-11 00:22:32.803830: Current epoch: 78, loss: 0.25525766611099243, validation loss: 0.3640025854110718
2024-04-11 00:22:35.398153:2024-04-11 00:22:35.398087: Current epoch: 79, loss: 0.25228142738342285, validation loss: 0.38966089487075806
2024-04-11 00:22:37.971295:2024-04-11 00:22:37.971200: Current epoch: 80, loss: 0.24610668420791626, validation loss: 0.36871248483657837
2024-04-11 00:22:40.469415:2024-04-11 00:22:40.469339: Current epoch: 81, loss: 0.24066835641860962, validation loss: 0.38660335540771484
2024-04-11 00:22:43.055326:2024-04-11 00:22:43.055210: Current epoch: 82, loss: 0.24223510921001434, validation loss: 0.38357093930244446
2024-04-11 00:22:45.735858:2024-04-11 00:22:45.735802: Current epoch: 83, loss: 0.23339101672172546, validation loss: 0.36131715774536133
2024-04-11 00:22:48.410023:2024-04-11 00:22:48.409950: Current epoch: 84, loss: 0.2316921502351761, validation loss: 0.3904758095741272
2024-04-11 00:22:51.076166:2024-04-11 00:22:51.076091: Current epoch: 85, loss: 0.23752698302268982, validation loss: 0.3718305826187134
2024-04-11 00:22:53.856160:2024-04-11 00:22:53.856083: Current epoch: 86, loss: 0.23388588428497314, validation loss: 0.361439973115921
2024-04-11 00:22:56.647602:2024-04-11 00:22:56.647528: Current epoch: 87, loss: 0.21776650846004486, validation loss: 0.38035181164741516
2024-04-11 00:22:59.282142:2024-04-11 00:22:59.282067: Current epoch: 88, loss: 0.21602436900138855, validation loss: 0.36647745966911316
2024-04-11 00:23:02.007163:2024-04-11 00:23:02.007099: Current epoch: 89, loss: 0.21790899336338043, validation loss: 0.38785335421562195
2024-04-11 00:23:04.614949:2024-04-11 00:23:04.614790: Current epoch: 90, loss: 0.21287749707698822, validation loss: 0.3894861340522766
2024-04-11 00:23:07.362115:2024-04-11 00:23:07.362038: Current epoch: 91, loss: 0.210860937833786, validation loss: 0.3635733723640442
2024-04-11 00:23:10.029646:2024-04-11 00:23:10.029551: Current epoch: 92, loss: 0.2072066366672516, validation loss: 0.3663610816001892
2024-04-11 00:23:12.819303:2024-04-11 00:23:12.819215: Current epoch: 93, loss: 0.208807572722435, validation loss: 0.3953123688697815
2024-04-11 00:23:15.486698:2024-04-11 00:23:15.486576: Current epoch: 94, loss: 0.20368261635303497, validation loss: 0.40325507521629333
2024-04-11 00:23:18.022166:2024-04-11 00:23:18.022009: Current epoch: 95, loss: 0.202609583735466, validation loss: 0.3749357759952545
2024-04-11 00:23:20.626383:2024-04-11 00:23:20.626246: Current epoch: 96, loss: 0.20160895586013794, validation loss: 0.367239773273468
2024-04-11 00:23:23.371099:2024-04-11 00:23:23.370940: Current epoch: 97, loss: 0.200393944978714, validation loss: 0.3903127908706665
2024-04-11 00:23:26.072015:2024-04-11 00:23:26.071940: Current epoch: 98, loss: 0.19533376395702362, validation loss: 0.39091956615448
2024-04-11 00:23:28.640630:2024-04-11 00:23:28.640471: Current epoch: 99, loss: 0.18744949996471405, validation loss: 0.38430145382881165
2024-04-11 00:23:31.249847:2024-04-11 00:23:31.249699: Current epoch: 100, loss: 0.19005320966243744, validation loss: 0.3900822401046753
2024-04-11 00:23:33.931076:2024-04-11 00:23:33.931002: Current epoch: 101, loss: 0.18691447377204895, validation loss: 0.38841548562049866
2024-04-11 00:23:36.626117:2024-04-11 00:23:36.626040: Current epoch: 102, loss: 0.184458926320076, validation loss: 0.37509965896606445
2024-04-11 00:23:39.178803:2024-04-11 00:23:39.178728: Current epoch: 103, loss: 0.1813168227672577, validation loss: 0.3922047019004822
2024-04-11 00:23:41.597170:2024-04-11 00:23:41.597094: Current epoch: 104, loss: 0.17978666722774506, validation loss: 0.40566715598106384
2024-04-11 00:23:44.304144:2024-04-11 00:23:44.304005: Current epoch: 105, loss: 0.17744210362434387, validation loss: 0.3920675814151764
2024-04-11 00:23:46.828396:2024-04-11 00:23:46.828313: Current epoch: 106, loss: 0.17997094988822937, validation loss: 0.3707553446292877
2024-04-11 00:23:49.308679:2024-04-11 00:23:49.308607: Current epoch: 107, loss: 0.1747489720582962, validation loss: 0.4027734398841858
2024-04-11 00:23:51.909114:2024-04-11 00:23:51.909018: Current epoch: 108, loss: 0.1775798797607422, validation loss: 0.37495484948158264
2024-04-11 00:23:54.425972:2024-04-11 00:23:54.425896: Current epoch: 109, loss: 0.16614176332950592, validation loss: 0.3739428222179413
2024-04-11 00:23:57.041469:2024-04-11 00:23:57.041326: Current epoch: 110, loss: 0.1649872064590454, validation loss: 0.38428783416748047
2024-04-11 00:23:59.569015:2024-04-11 00:23:59.568939: Current epoch: 111, loss: 0.16810034215450287, validation loss: 0.38267818093299866
2024-04-11 00:24:02.051248:2024-04-11 00:24:02.051148: Current epoch: 112, loss: 0.1692367047071457, validation loss: 0.36923184990882874
2024-04-11 00:24:04.641373:2024-04-11 00:24:04.641271: Current epoch: 113, loss: 0.16319629549980164, validation loss: 0.38012567162513733
2024-04-11 00:24:07.106070:2024-04-11 00:24:07.105996: Current epoch: 114, loss: 0.15853749215602875, validation loss: 0.37990856170654297
2024-04-11 00:24:09.700115:2024-04-11 00:24:09.700039: Current epoch: 115, loss: 0.15514233708381653, validation loss: 0.3669883608818054
2024-04-11 00:24:12.174489:2024-04-11 00:24:12.174418: Current epoch: 116, loss: 0.15407198667526245, validation loss: 0.37682148814201355
2024-04-11 00:24:14.653925:2024-04-11 00:24:14.653851: Current epoch: 117, loss: 0.1551092267036438, validation loss: 0.3853619694709778
2024-04-11 00:24:17.173323:2024-04-11 00:24:17.173124: Current epoch: 118, loss: 0.1510974019765854, validation loss: 0.38381344079971313
2024-04-11 00:24:19.742992:2024-04-11 00:24:19.742916: Current epoch: 119, loss: 0.1482270509004593, validation loss: 0.37400022149086
2024-04-11 00:24:22.303239:2024-04-11 00:24:22.303165: Current epoch: 120, loss: 0.15109756588935852, validation loss: 0.3740912079811096
2024-04-11 00:24:24.837737:2024-04-11 00:24:24.837661: Current epoch: 121, loss: 0.1510835736989975, validation loss: 0.37715432047843933
2024-04-11 00:24:27.328648:2024-04-11 00:24:27.328573: Current epoch: 122, loss: 0.14457444846630096, validation loss: 0.3816682994365692
2024-04-11 00:24:30.063775:2024-04-11 00:24:30.063700: Current epoch: 123, loss: 0.14271007478237152, validation loss: 0.39123955368995667
2024-04-11 00:24:32.708718:2024-04-11 00:24:32.708641: Current epoch: 124, loss: 0.13964948058128357, validation loss: 0.38022613525390625
2024-04-11 00:24:35.388800:2024-04-11 00:24:35.388661: Current epoch: 125, loss: 0.1407189965248108, validation loss: 0.38318920135498047
2024-04-11 00:24:38.095383:2024-04-11 00:24:38.095267: Current epoch: 126, loss: 0.13953697681427002, validation loss: 0.38352224230766296
2024-04-11 00:24:40.780231:2024-04-11 00:24:40.780157: Current epoch: 127, loss: 0.13502679765224457, validation loss: 0.37751713395118713
2024-04-11 00:24:43.429400:2024-04-11 00:24:43.429324: Current epoch: 128, loss: 0.13298292458057404, validation loss: 0.3699806034564972
2024-04-11 00:24:46.096031:2024-04-11 00:24:46.095957: Current epoch: 129, loss: 0.13327297568321228, validation loss: 0.38843828439712524
2024-04-11 00:24:48.745000:2024-04-11 00:24:48.744924: Current epoch: 130, loss: 0.13606548309326172, validation loss: 0.38856711983680725
2024-04-11 00:24:51.375818:2024-04-11 00:24:51.375742: Current epoch: 131, loss: 0.13551992177963257, validation loss: 0.3911263346672058
2024-04-11 00:24:53.872527:2024-04-11 00:24:53.872452: Current epoch: 132, loss: 0.13329516351222992, validation loss: 0.37907224893569946
2024-04-11 00:24:56.567900:2024-04-11 00:24:56.567829: Current epoch: 133, loss: 0.1309010088443756, validation loss: 0.3845031261444092
2024-04-11 00:24:59.087693:2024-04-11 00:24:59.087534: Current epoch: 134, loss: 0.12461156398057938, validation loss: 0.3876589834690094
2024-04-11 00:25:01.737443:2024-04-11 00:25:01.737367: Current epoch: 135, loss: 0.12731623649597168, validation loss: 0.38591268658638
2024-04-11 00:25:04.434687:2024-04-11 00:25:04.434613: Current epoch: 136, loss: 0.13039229810237885, validation loss: 0.38441407680511475
2024-04-11 00:25:07.072160:2024-04-11 00:25:07.072085: Current epoch: 137, loss: 0.1279953122138977, validation loss: 0.3776410222053528
2024-04-11 00:25:09.565053:2024-04-11 00:25:09.564931: Current epoch: 138, loss: 0.12430112808942795, validation loss: 0.3800508677959442
2024-04-11 00:25:12.068846:2024-04-11 00:25:12.068770: Current epoch: 139, loss: 0.12273294478654861, validation loss: 0.38248682022094727
2024-04-11 00:25:14.651145:2024-04-11 00:25:14.651051: Current epoch: 140, loss: 0.12039482593536377, validation loss: 0.3712459206581116
2024-04-11 00:25:17.184048:2024-04-11 00:25:17.183971: Current epoch: 141, loss: 0.12024456262588501, validation loss: 0.37282463908195496
2024-04-11 00:25:19.823285:2024-04-11 00:25:19.823189: Current epoch: 142, loss: 0.11808812618255615, validation loss: 0.37042275071144104
2024-04-11 00:25:22.275603:2024-04-11 00:25:22.275528: Current epoch: 143, loss: 0.11776676028966904, validation loss: 0.3632802963256836
2024-04-11 00:25:24.900366:2024-04-11 00:25:24.900270: Current epoch: 144, loss: 0.11569064110517502, validation loss: 0.376216858625412
2024-04-11 00:25:27.411155:2024-04-11 00:25:27.411080: Current epoch: 145, loss: 0.11852175742387772, validation loss: 0.3848736584186554
2024-04-11 00:25:29.925400:2024-04-11 00:25:29.925325: Current epoch: 146, loss: 0.11341641843318939, validation loss: 0.3878747820854187
2024-04-11 00:25:32.570928:2024-04-11 00:25:32.570787: Current epoch: 147, loss: 0.11561354994773865, validation loss: 0.3750166893005371
2024-04-11 00:25:35.172351:2024-04-11 00:25:35.172257: Current epoch: 148, loss: 0.11444073915481567, validation loss: 0.37135767936706543
2024-04-11 00:25:37.646402:2024-04-11 00:25:37.646327: Current epoch: 149, loss: 0.11191198229789734, validation loss: 0.4030472934246063
2024-04-11 00:25:40.106061:2024-04-11 00:25:40.105965: Current epoch: 150, loss: 0.1109410971403122, validation loss: 0.37133294343948364
2024-04-11 00:25:42.723846:2024-04-11 00:25:42.723771: Current epoch: 151, loss: 0.11170544475317001, validation loss: 0.3870445489883423
2024-04-11 00:25:45.427022:2024-04-11 00:25:45.426945: Current epoch: 152, loss: 0.11321961879730225, validation loss: 0.38161516189575195
2024-04-11 00:25:48.155768:2024-04-11 00:25:48.155609: Current epoch: 153, loss: 0.10989802330732346, validation loss: 0.3740535378456116
2024-04-11 00:25:50.868045:2024-04-11 00:25:50.867992: Current epoch: 154, loss: 0.10864441096782684, validation loss: 0.35849902033805847
2024-04-11 00:25:53.533820:2024-04-11 00:25:53.533752: Current epoch: 155, loss: 0.103730209171772, validation loss: 0.3736954629421234
2024-04-11 00:25:56.195088:2024-04-11 00:25:56.195006: Current epoch: 156, loss: 0.10609723627567291, validation loss: 0.379253089427948
2024-04-11 00:25:58.845837:2024-04-11 00:25:58.845762: Current epoch: 157, loss: 0.10782882571220398, validation loss: 0.3606489598751068
2024-04-11 00:26:01.510164:2024-04-11 00:26:01.510025: Current epoch: 158, loss: 0.10480811446905136, validation loss: 0.3751758635044098
2024-04-11 00:26:04.194038:2024-04-11 00:26:04.193962: Current epoch: 159, loss: 0.1050187200307846, validation loss: 0.3740232288837433
2024-04-11 00:26:06.981337:2024-04-11 00:26:06.981238: Current epoch: 160, loss: 0.10755683481693268, validation loss: 0.3778502643108368
2024-04-11 00:26:09.630505:2024-04-11 00:26:09.630431: Current epoch: 161, loss: 0.10056904703378677, validation loss: 0.3622346818447113
2024-04-11 00:26:12.384437:2024-04-11 00:26:12.384342: Current epoch: 162, loss: 0.10207469761371613, validation loss: 0.39346379041671753
2024-04-11 00:26:15.082520:2024-04-11 00:26:15.082444: Current epoch: 163, loss: 0.0996694266796112, validation loss: 0.37009355425834656
2024-04-11 00:26:17.801964:2024-04-11 00:26:17.801891: Current epoch: 164, loss: 0.10098980367183685, validation loss: 0.3824763000011444
2024-04-11 00:26:20.533265:2024-04-11 00:26:20.533189: Current epoch: 165, loss: 0.09693054854869843, validation loss: 0.3871101140975952
2024-04-11 00:26:23.264920:2024-04-11 00:26:23.264845: Current epoch: 166, loss: 0.10185661166906357, validation loss: 0.3832170069217682
2024-04-11 00:26:25.936902:2024-04-11 00:26:25.936837: Current epoch: 167, loss: 0.09864098578691483, validation loss: 0.3841838538646698
2024-04-11 00:26:28.489042:2024-04-11 00:26:28.488967: Current epoch: 168, loss: 0.09861685335636139, validation loss: 0.3640778064727783
2024-04-11 00:26:31.200261:2024-04-11 00:26:31.200188: Current epoch: 169, loss: 0.09714681655168533, validation loss: 0.36152106523513794
2024-04-11 00:26:36.107592:2024-04-11 00:26:36.107516: Current epoch: 170, loss: 0.09393372386693954, validation loss: 0.3603290319442749
2024-04-11 00:26:38.808519:2024-04-11 00:26:38.808444: Current epoch: 171, loss: 0.09267861396074295, validation loss: 0.36326688528060913
2024-04-11 00:26:41.427380:2024-04-11 00:26:41.427301: Current epoch: 172, loss: 0.09183597564697266, validation loss: 0.37562331557273865
2024-04-11 00:26:44.037754:2024-04-11 00:26:44.037679: Current epoch: 173, loss: 0.096843421459198, validation loss: 0.37150293588638306
2024-04-11 00:26:46.616264:2024-04-11 00:26:46.616190: Current epoch: 174, loss: 0.0977669432759285, validation loss: 0.36493977904319763
2024-04-11 00:26:49.148961:2024-04-11 00:26:49.148888: Current epoch: 175, loss: 0.09696923941373825, validation loss: 0.364970326423645
2024-04-11 00:26:51.731234:2024-04-11 00:26:51.731085: Current epoch: 176, loss: 0.09401871263980865, validation loss: 0.3651445508003235
2024-04-11 00:26:54.386296:2024-04-11 00:26:54.386208: Current epoch: 177, loss: 0.09133123606443405, validation loss: 0.3759562075138092
2024-04-11 00:26:57.079567:2024-04-11 00:26:57.079493: Current epoch: 178, loss: 0.09520678222179413, validation loss: 0.3667459487915039
2024-04-11 00:26:59.713963:2024-04-11 00:26:59.713888: Current epoch: 179, loss: 0.09504269808530807, validation loss: 0.4052375257015228
2024-04-11 00:27:02.350953:2024-04-11 00:27:02.350881: Current epoch: 180, loss: 0.08951421827077866, validation loss: 0.37556344270706177
2024-04-11 00:27:04.837303:2024-04-11 00:27:04.837193: Current epoch: 181, loss: 0.08937887102365494, validation loss: 0.373365581035614
2024-04-11 00:27:07.452740:2024-04-11 00:27:07.452665: Current epoch: 182, loss: 0.09259234368801117, validation loss: 0.3681063950061798
2024-04-11 00:27:10.035679:2024-04-11 00:27:10.035603: Current epoch: 183, loss: 0.08756191283464432, validation loss: 0.37649402022361755
2024-04-11 00:27:12.643732:2024-04-11 00:27:12.643660: Current epoch: 184, loss: 0.0874139666557312, validation loss: 0.3641858398914337
2024-04-11 00:27:15.284379:2024-04-11 00:27:15.284310: Current epoch: 185, loss: 0.09040899574756622, validation loss: 0.38607603311538696
2024-04-11 00:27:17.848575:2024-04-11 00:27:17.848500: Current epoch: 186, loss: 0.0922493189573288, validation loss: 0.371369868516922
2024-04-11 00:27:20.360680:2024-04-11 00:27:20.360605: Current epoch: 187, loss: 0.08778297156095505, validation loss: 0.38226181268692017
2024-04-11 00:27:22.873846:2024-04-11 00:27:22.873770: Current epoch: 188, loss: 0.08480499684810638, validation loss: 0.37492185831069946
2024-04-11 00:27:25.517743:2024-04-11 00:27:25.517603: Current epoch: 189, loss: 0.086905837059021, validation loss: 0.37720468640327454
2024-04-11 00:27:28.155169:2024-04-11 00:27:28.155075: Current epoch: 190, loss: 0.08399225026369095, validation loss: 0.3793380856513977
2024-04-11 00:27:30.669615:2024-04-11 00:27:30.669542: Current epoch: 191, loss: 0.0860246792435646, validation loss: 0.3753509819507599
2024-04-11 00:27:33.181370:2024-04-11 00:27:33.181291: Current epoch: 192, loss: 0.08247189968824387, validation loss: 0.3837525546550751
2024-04-11 00:27:35.710173:2024-04-11 00:27:35.710098: Current epoch: 193, loss: 0.08505362272262573, validation loss: 0.36605802178382874
2024-04-11 00:27:38.251563:2024-04-11 00:27:38.251486: Current epoch: 194, loss: 0.08300580829381943, validation loss: 0.37283504009246826
2024-04-11 00:27:40.925162:2024-04-11 00:27:40.925004: Current epoch: 195, loss: 0.08277083188295364, validation loss: 0.3691748380661011
2024-04-11 00:27:43.497324:2024-04-11 00:27:43.497224: Current epoch: 196, loss: 0.07729221135377884, validation loss: 0.3686842620372772
2024-04-11 00:27:46.188720:2024-04-11 00:27:46.188402: Current epoch: 197, loss: 0.08569426089525223, validation loss: 0.3764697015285492
2024-04-11 00:27:48.808929:2024-04-11 00:27:48.808859: Current epoch: 198, loss: 0.07960645854473114, validation loss: 0.39118871092796326
2024-04-11 00:27:51.555845:2024-04-11 00:27:51.555709: Current epoch: 199, loss: 0.0883358046412468, validation loss: 0.3747105002403259
2024-04-11 00:27:54.259259:2024-04-11 00:27:54.259184: Current epoch: 200, loss: 0.08346311002969742, validation loss: 0.36665016412734985
2024-04-11 00:27:56.923970:2024-04-11 00:27:56.923910: Current epoch: 201, loss: 0.08025127649307251, validation loss: 0.3665333092212677
2024-04-11 00:27:59.717799:2024-04-11 00:27:59.717707: Current epoch: 202, loss: 0.08078697323799133, validation loss: 0.3845449388027191
2024-04-11 00:28:02.470055:2024-04-11 00:28:02.469984: Current epoch: 203, loss: 0.08089373260736465, validation loss: 0.37863585352897644
2024-04-11 00:28:05.077426:2024-04-11 00:28:05.077252: Current epoch: 204, loss: 0.08011777698993683, validation loss: 0.36914923787117004
2024-04-11 00:28:07.685643:2024-04-11 00:28:07.685486: Current epoch: 205, loss: 0.07826436311006546, validation loss: 0.37493833899497986
2024-04-11 00:28:10.412993:2024-04-11 00:28:10.412926: Current epoch: 206, loss: 0.07864179462194443, validation loss: 0.37967854738235474
2024-04-11 00:28:13.191969:2024-04-11 00:28:13.191898: Current epoch: 207, loss: 0.07542877644300461, validation loss: 0.38210803270339966
2024-04-11 00:28:15.980860:2024-04-11 00:28:15.980789: Current epoch: 208, loss: 0.07580703496932983, validation loss: 0.37982502579689026
2024-04-11 00:28:18.578678:2024-04-11 00:28:18.578607: Current epoch: 209, loss: 0.08053530752658844, validation loss: 0.385037362575531
2024-04-11 00:28:21.284471:2024-04-11 00:28:21.284344: Current epoch: 210, loss: 0.07747294008731842, validation loss: 0.3724323511123657
2024-04-11 00:28:24.107843:2024-04-11 00:28:24.107751: Current epoch: 211, loss: 0.0768192857503891, validation loss: 0.3869566023349762
2024-04-11 00:28:26.873407:2024-04-11 00:28:26.873336: Current epoch: 212, loss: 0.0749460905790329, validation loss: 0.3701978325843811
2024-04-11 00:28:29.572759:2024-04-11 00:28:29.572688: Current epoch: 213, loss: 0.07652901858091354, validation loss: 0.39635804295539856
2024-04-11 00:28:32.383889:2024-04-11 00:28:32.383817: Current epoch: 214, loss: 0.07406886667013168, validation loss: 0.37888115644454956
2024-04-11 00:28:35.116460:2024-04-11 00:28:35.116325: Current epoch: 215, loss: 0.07572109252214432, validation loss: 0.388284295797348
2024-04-11 00:28:37.779687:2024-04-11 00:28:37.779596: Current epoch: 216, loss: 0.08566072583198547, validation loss: 0.384615421295166
2024-04-11 00:28:40.361805:2024-04-11 00:28:40.361753: Current epoch: 217, loss: 0.07708223909139633, validation loss: 0.3555552661418915
2024-04-11 00:28:42.901021:2024-04-11 00:28:42.900952: Current epoch: 218, loss: 0.07419755309820175, validation loss: 0.3771485388278961
2024-04-11 00:28:45.479679:2024-04-11 00:28:45.479614: Current epoch: 219, loss: 0.07267532497644424, validation loss: 0.3674817979335785
2024-04-11 00:28:48.140765:2024-04-11 00:28:48.140696: Current epoch: 220, loss: 0.07479593902826309, validation loss: 0.3800637722015381
2024-04-11 00:28:50.855244:2024-04-11 00:28:50.855173: Current epoch: 221, loss: 0.07289468497037888, validation loss: 0.37570512294769287
2024-04-11 00:28:53.578719:2024-04-11 00:28:53.578585: Current epoch: 222, loss: 0.07413575798273087, validation loss: 0.38110846281051636
2024-04-11 00:28:56.131458:2024-04-11 00:28:56.131373: Current epoch: 223, loss: 0.07107523828744888, validation loss: 0.3748747408390045
2024-04-11 00:28:58.697295:2024-04-11 00:28:58.697206: Current epoch: 224, loss: 0.0678560882806778, validation loss: 0.373754620552063
2024-04-11 00:29:01.215356:2024-04-11 00:29:01.215259: Current epoch: 225, loss: 0.07002656906843185, validation loss: 0.3890111446380615
2024-04-11 00:29:03.705356:2024-04-11 00:29:03.705245: Current epoch: 226, loss: 0.0708065778017044, validation loss: 0.37013640999794006
2024-04-11 00:29:06.251542:2024-04-11 00:29:06.251462: Current epoch: 227, loss: 0.07732871919870377, validation loss: 0.38014277815818787
2024-04-11 00:29:08.587119:2024-04-11 00:29:08.587040: Current epoch: 228, loss: 0.07303392142057419, validation loss: 0.37081262469291687
2024-04-11 00:29:11.209207:2024-04-11 00:29:11.209133: Current epoch: 229, loss: 0.07284201681613922, validation loss: 0.38056516647338867
2024-04-11 00:29:13.713476:2024-04-11 00:29:13.713396: Current epoch: 230, loss: 0.06731361150741577, validation loss: 0.3884073495864868
2024-04-11 00:29:16.388419:2024-04-11 00:29:16.388337: Current epoch: 231, loss: 0.06821750104427338, validation loss: 0.3799334764480591
2024-04-11 00:29:19.068025:2024-04-11 00:29:19.067946: Current epoch: 232, loss: 0.07025699317455292, validation loss: 0.370879590511322
2024-04-11 00:29:21.673162:2024-04-11 00:29:21.673083: Current epoch: 233, loss: 0.06967847794294357, validation loss: 0.3942399024963379
2024-04-11 00:29:24.326328:2024-04-11 00:29:24.326229: Current epoch: 234, loss: 0.07024062424898148, validation loss: 0.38078948855400085
2024-04-11 00:29:26.893717:2024-04-11 00:29:26.893572: Current epoch: 235, loss: 0.06860101968050003, validation loss: 0.38465797901153564
2024-04-11 00:29:29.558792:2024-04-11 00:29:29.558712: Current epoch: 236, loss: 0.0719183161854744, validation loss: 0.37316328287124634
2024-04-11 00:29:32.111527:2024-04-11 00:29:32.111448: Current epoch: 237, loss: 0.0679796114563942, validation loss: 0.36241310834884644
2024-04-11 00:29:34.660443:2024-04-11 00:29:34.660342: Current epoch: 238, loss: 0.06474144011735916, validation loss: 0.38531243801116943
2024-04-11 00:29:37.161801:2024-04-11 00:29:37.161721: Current epoch: 239, loss: 0.06837864220142365, validation loss: 0.36655092239379883
2024-04-11 00:29:39.673175:2024-04-11 00:29:39.673097: Current epoch: 240, loss: 0.06964819133281708, validation loss: 0.36928364634513855
2024-04-11 00:29:42.270708:2024-04-11 00:29:42.270628: Current epoch: 241, loss: 0.06724663823843002, validation loss: 0.39053991436958313
2024-04-11 00:29:44.776983:2024-04-11 00:29:44.776902: Current epoch: 242, loss: 0.06594371050596237, validation loss: 0.3734371066093445
2024-04-11 00:29:47.260544:2024-04-11 00:29:47.260459: Current epoch: 243, loss: 0.06489913910627365, validation loss: 0.3747115433216095
2024-04-11 00:29:49.889380:2024-04-11 00:29:49.889271: Current epoch: 244, loss: 0.06680353730916977, validation loss: 0.3884875178337097
2024-04-11 00:29:52.360820:2024-04-11 00:29:52.360739: Current epoch: 245, loss: 0.06635698676109314, validation loss: 0.38040241599082947
2024-04-11 00:29:54.929511:2024-04-11 00:29:54.929443: Current epoch: 246, loss: 0.06534558534622192, validation loss: 0.37907615303993225
2024-04-11 00:29:57.537726:2024-04-11 00:29:57.537648: Current epoch: 247, loss: 0.060496363788843155, validation loss: 0.3692679703235626
2024-04-11 00:30:00.077831:2024-04-11 00:30:00.077750: Current epoch: 248, loss: 0.06521058082580566, validation loss: 0.3756527900695801
2024-04-11 00:30:02.674848:2024-04-11 00:30:02.674771: Current epoch: 249, loss: 0.06877126544713974, validation loss: 0.378039687871933
2024-04-11 00:30:05.228652:2024-04-11 00:30:05.228572: Current epoch: 250, loss: 0.06970449537038803, validation loss: 0.37444984912872314
2024-04-11 00:30:07.774730:2024-04-11 00:30:07.774470: Current epoch: 251, loss: 0.06285563856363297, validation loss: 0.3777551054954529
2024-04-11 00:30:10.312977:2024-04-11 00:30:10.312899: Current epoch: 252, loss: 0.0653412789106369, validation loss: 0.3714791536331177
2024-04-11 00:30:12.893999:2024-04-11 00:30:12.893921: Current epoch: 253, loss: 0.06535682827234268, validation loss: 0.38490861654281616
2024-04-11 00:30:15.427729:2024-04-11 00:30:15.427653: Current epoch: 254, loss: 0.06489317119121552, validation loss: 0.37927448749542236
2024-04-11 00:30:18.059917:2024-04-11 00:30:18.059840: Current epoch: 255, loss: 0.06811929494142532, validation loss: 0.378231018781662
2024-04-11 00:30:20.684058:2024-04-11 00:30:20.683922: Current epoch: 256, loss: 0.059925101697444916, validation loss: 0.37689995765686035
2024-04-11 00:30:23.317435:2024-04-11 00:30:23.317358: Current epoch: 257, loss: 0.06282537430524826, validation loss: 0.37075507640838623
2024-04-11 00:30:25.806933:2024-04-11 00:30:25.806856: Current epoch: 258, loss: 0.06152430921792984, validation loss: 0.3818729817867279
2024-04-11 00:30:28.423213:2024-04-11 00:30:28.423137: Current epoch: 259, loss: 0.06321678310632706, validation loss: 0.3783428370952606
2024-04-11 00:30:30.978630:2024-04-11 00:30:30.978555: Current epoch: 260, loss: 0.06514427810907364, validation loss: 0.36977607011795044
2024-04-11 00:30:33.457067:2024-04-11 00:30:33.456992: Current epoch: 261, loss: 0.06508038192987442, validation loss: 0.36993515491485596
2024-04-11 00:30:35.973368:2024-04-11 00:30:35.973270: Current epoch: 262, loss: 0.06304116547107697, validation loss: 0.3756706714630127
2024-04-11 00:30:38.653635:2024-04-11 00:30:38.653567: Current epoch: 263, loss: 0.06190786883234978, validation loss: 0.3869343101978302
2024-04-11 00:30:41.281675:2024-04-11 00:30:41.281598: Current epoch: 264, loss: 0.05762471631169319, validation loss: 0.3696807622909546
2024-04-11 00:30:43.855375:2024-04-11 00:30:43.855302: Current epoch: 265, loss: 0.06200166046619415, validation loss: 0.38633161783218384
2024-04-11 00:30:46.380061:2024-04-11 00:30:46.379984: Current epoch: 266, loss: 0.0631558746099472, validation loss: 0.36278170347213745
2024-04-11 00:30:48.928586:2024-04-11 00:30:48.928513: Current epoch: 267, loss: 0.05790039524435997, validation loss: 0.385454386472702
2024-04-11 00:30:51.373368:2024-04-11 00:30:51.373221: Current epoch: 268, loss: 0.05792772397398949, validation loss: 0.37885424494743347
2024-04-11 00:30:53.911903:2024-04-11 00:30:53.911809: Current epoch: 269, loss: 0.05618588626384735, validation loss: 0.3716052770614624
2024-04-11 00:30:56.432843:2024-04-11 00:30:56.432770: Current epoch: 270, loss: 0.05745498463511467, validation loss: 0.3802722990512848
2024-04-11 00:30:59.029080:2024-04-11 00:30:59.028942: Current epoch: 271, loss: 0.05670928955078125, validation loss: 0.3792415261268616
2024-04-11 00:31:01.706288:2024-04-11 00:31:01.706186: Current epoch: 272, loss: 0.05874946713447571, validation loss: 0.38538721203804016
2024-04-11 00:31:04.350412:2024-04-11 00:31:04.350347: Current epoch: 273, loss: 0.05450032651424408, validation loss: 0.3746606707572937
2024-04-11 00:31:06.878810:2024-04-11 00:31:06.878671: Current epoch: 274, loss: 0.0644286647439003, validation loss: 0.38260629773139954
2024-04-11 00:31:09.401580:2024-04-11 00:31:09.401503: Current epoch: 275, loss: 0.06084815040230751, validation loss: 0.37334802746772766
2024-04-11 00:31:12.023392:2024-04-11 00:31:12.023314: Current epoch: 276, loss: 0.053567830473184586, validation loss: 0.37270283699035645
2024-04-11 00:31:14.585247:2024-04-11 00:31:14.585177: Current epoch: 277, loss: 0.05489082634449005, validation loss: 0.39525318145751953
2024-04-11 00:31:17.154264:2024-04-11 00:31:17.154168: Current epoch: 278, loss: 0.061711881309747696, validation loss: 0.3929347097873688
2024-04-11 00:31:19.821339:2024-04-11 00:31:19.821232: Current epoch: 279, loss: 0.060863785445690155, validation loss: 0.3691014051437378
2024-04-11 00:31:22.316617:2024-04-11 00:31:22.316548: Current epoch: 280, loss: 0.05542353168129921, validation loss: 0.37008851766586304
2024-04-11 00:31:24.917264:2024-04-11 00:31:24.917190: Current epoch: 281, loss: 0.06305544823408127, validation loss: 0.3799792230129242
2024-04-11 00:31:27.450967:2024-04-11 00:31:27.450892: Current epoch: 282, loss: 0.06188366562128067, validation loss: 0.3743588924407959
2024-04-11 00:31:29.981377:2024-04-11 00:31:29.981202: Current epoch: 283, loss: 0.05384131520986557, validation loss: 0.4052730202674866
2024-04-11 00:31:32.506816:2024-04-11 00:31:32.506676: Current epoch: 284, loss: 0.058293119072914124, validation loss: 0.3700804114341736
2024-04-11 00:31:35.030748:2024-04-11 00:31:35.030659: Current epoch: 285, loss: 0.055098436772823334, validation loss: 0.37240126729011536
2024-04-11 00:31:37.471948:2024-04-11 00:31:37.471872: Current epoch: 286, loss: 0.05443309620022774, validation loss: 0.36626675724983215
2024-04-11 00:31:40.035770:2024-04-11 00:31:40.035703: Current epoch: 287, loss: 0.054949868470430374, validation loss: 0.37041234970092773
2024-04-11 00:31:42.664536:2024-04-11 00:31:42.664461: Current epoch: 288, loss: 0.059972770512104034, validation loss: 0.3761100471019745
2024-04-11 00:31:45.140528:2024-04-11 00:31:45.140388: Current epoch: 289, loss: 0.05531620606780052, validation loss: 0.3769546151161194
2024-04-11 00:31:47.666674:2024-04-11 00:31:47.666579: Current epoch: 290, loss: 0.06747737526893616, validation loss: 0.38815948367118835
2024-04-11 00:31:50.258058:2024-04-11 00:31:50.257983: Current epoch: 291, loss: 0.05676347762346268, validation loss: 0.3831716477870941
2024-04-11 00:31:52.749321:2024-04-11 00:31:52.749221: Current epoch: 292, loss: 0.05384717136621475, validation loss: 0.3677259683609009
2024-04-11 00:31:55.260994:2024-04-11 00:31:55.260916: Current epoch: 293, loss: 0.05223220959305763, validation loss: 0.3653978407382965
2024-04-11 00:31:57.929564:2024-04-11 00:31:57.929487: Current epoch: 294, loss: 0.05534370243549347, validation loss: 0.3668819069862366
2024-04-11 00:32:00.537103:2024-04-11 00:32:00.537027: Current epoch: 295, loss: 0.06044136360287666, validation loss: 0.37270161509513855
2024-04-11 00:32:03.045553:2024-04-11 00:32:03.045475: Current epoch: 296, loss: 0.053595270961523056, validation loss: 0.3826278746128082
2024-04-11 00:32:05.587511:2024-04-11 00:32:05.587436: Current epoch: 297, loss: 0.05278981849551201, validation loss: 0.3824867010116577
2024-04-11 00:32:08.141936:2024-04-11 00:32:08.141860: Current epoch: 298, loss: 0.04894430190324783, validation loss: 0.38027524948120117
2024-04-11 00:32:10.688517:2024-04-11 00:32:10.688389: Current epoch: 299, loss: 0.055798809975385666, validation loss: 0.3762272596359253
2024-04-11 00:32:13.241986:2024-04-11 00:32:13.241884: Current epoch: 300, loss: 0.051340315490961075, validation loss: 0.377260684967041
2024-04-11 00:32:15.882057:2024-04-11 00:32:15.881982: Current epoch: 301, loss: 0.058333441615104675, validation loss: 0.38638535141944885
2024-04-11 00:32:18.403249:2024-04-11 00:32:18.403179: Current epoch: 302, loss: 0.05558231845498085, validation loss: 0.36652812361717224
2024-04-11 00:32:20.855048:2024-04-11 00:32:20.854966: Current epoch: 303, loss: 0.0493495799601078, validation loss: 0.36702316999435425
2024-04-11 00:32:23.473499:2024-04-11 00:32:23.473339: Current epoch: 304, loss: 0.04969284310936928, validation loss: 0.37242555618286133
2024-04-11 00:32:26.176825:2024-04-11 00:32:26.176749: Current epoch: 305, loss: 0.05746336653828621, validation loss: 0.3761633038520813
2024-04-11 00:32:28.844092:2024-04-11 00:32:28.844019: Current epoch: 306, loss: 0.060679320245981216, validation loss: 0.3816417157649994
2024-04-11 00:32:31.538712:2024-04-11 00:32:31.538638: Current epoch: 307, loss: 0.05370549485087395, validation loss: 0.3671194314956665
2024-04-11 00:32:34.261771:2024-04-11 00:32:34.261693: Current epoch: 308, loss: 0.052188124507665634, validation loss: 0.3874126672744751
2024-04-11 00:32:36.946946:2024-04-11 00:32:36.946871: Current epoch: 309, loss: 0.052468836307525635, validation loss: 0.37287637591362
2024-04-11 00:32:39.685456:2024-04-11 00:32:39.685373: Current epoch: 310, loss: 0.049786344170570374, validation loss: 0.3773711025714874
2024-04-11 00:32:42.258597:2024-04-11 00:32:42.258522: Current epoch: 311, loss: 0.04855632409453392, validation loss: 0.37321120500564575
2024-04-11 00:32:44.833703:2024-04-11 00:32:44.833629: Current epoch: 312, loss: 0.05537273362278938, validation loss: 0.3778457045555115
2024-04-11 00:32:47.400651:2024-04-11 00:32:47.400503: Current epoch: 313, loss: 0.058595478534698486, validation loss: 0.37270140647888184
2024-04-11 00:32:49.941450:2024-04-11 00:32:49.941357: Current epoch: 314, loss: 0.0504329651594162, validation loss: 0.3742311894893646
2024-04-11 00:32:52.608717:2024-04-11 00:32:52.608567: Current epoch: 315, loss: 0.04875059425830841, validation loss: 0.37431424856185913
2024-04-11 00:32:55.237496:2024-04-11 00:32:55.237424: Current epoch: 316, loss: 0.053384192287921906, validation loss: 0.40062013268470764
2024-04-11 00:32:57.779625:2024-04-11 00:32:57.779560: Current epoch: 317, loss: 0.06144227087497711, validation loss: 0.381997674703598
2024-04-11 00:32:57.986663:the test error is  [0.37422019243240356, 0.37422019243240356]
2024-04-11 00:33:00.454261:saved model to sample/bert-base-uncased_robo_prop_spillage
2024-04-11 00:33:00.750795:done