
2024-02-29 21:22:41.324938:job config: {'train_data_path': '/data/yll6162/alignntl_dft_3d/tl_dataset/dataset_bert-base-uncased_chemnlp_prop_formation_energy_peratom.csv', 'val_data_path': None, 'test_data_path': None, 'label': 'formation_energy_peratom', 'input_type': None, 'log_folder': 'log', 'log_file': 'bert-base-uncased_chemnlp_prop_formation_energy_peratom.log', 'test_metric': 'mae', 'architecture': '1024Rx4D-512Rx3D-256Rx3D-128Rx3D-64Rx2-32Rx1-1', 'model_seed': 0, 'loss_type': 'mae', 'config_file': 'sample/bert-base-uncased_chemnlp_prop_formation_energy_peratom_job.config', 'use_valid': True, 'project': 'MOF', 'regressors': None, 'input_types': None, 'paramsGrid': {'optimizer': 'Adam', 'learning_rate': 0.0001, 'patience': 200, 'dropouts': [0.8, 0.9, 0.7, 0.8], 'EVAL_FREQUENCY': 1000}, 'save_path': 'sample/bert-base-uncased_chemnlp_prop_formation_energy_peratom', 'model_path': None, 'last_layer_with_weight': True, 'keras_path': 'model/bert-base-uncased_chemnlp_prop_formation_energy_peratom', 'test_size': 0.1, 'val_size': 0.1}
2024-02-29 21:22:41.324996:train data path is  /data/yll6162/alignntl_dft_3d/tl_dataset/dataset_bert-base-uncased_chemnlp_prop_formation_energy_peratom.csv
2024-02-29 21:22:49.240994:input attribute sets are:  None
2024-02-29 21:22:49.241226:splitting data into with test ratio= 0.1
2024-02-29 21:23:57.579829:input attributes are:  Index(['0', '1', '2', '3', '4', '5', '6', '7', '8', '9',
       ...
       '758', '759', '760', '761', '762', '763', '764', '765', '766', '767'],
      dtype='object', length=768)
2024-02-29 21:23:57.580079:label: formation_energy_peratom
2024-02-29 21:24:04.422083: train, test, valid sizes:  (60639, 768) (60639,) (7580, 768) (7580,) (7580, 768) (7580,)
2024-02-29 21:24:04.570162:train matrix shape of train_X:  (60639, 768)  train_y:  (60639,)
2024-02-29 21:24:04.570376:valid matrix shape of train_X:  (7580, 768)  valid_y:  (7580,)
2024-02-29 21:24:04.570425:test matrix shape of valid_X:   (7580, 768)  test_y:  (7580,)
2024-02-29 21:24:04.570465:architecture is:  1024Rx4D-512Rx3D-256Rx3D-128Rx3D-64Rx2-32Rx1-1
2024-02-29 21:24:04.570506:learning rate is  0.0001
2024-02-29 21:24:04.570543:model path is  None
2024-02-29 21:24:04.580114:adding fully connected layers with 1024 outputs
2024-02-29 21:24:06.663697:adding residual with fc as the size are different
2024-02-29 21:24:06.671140:adding fully connected layers with 1024 outputs
2024-02-29 21:24:06.676282:adding residual, both sizes are same
2024-02-29 21:24:06.678303:adding fully connected layers with 1024 outputs
2024-02-29 21:24:06.683233:adding residual, both sizes are same
2024-02-29 21:24:06.685146:adding fully connected layers with 1024 outputs
2024-02-29 21:24:06.689877:adding residual, both sizes are same
2024-02-29 21:24:06.691853:adding dropout 0.8
2024-02-29 21:24:06.696623:adding fully connected layers with 512 outputs
2024-02-29 21:24:06.701517:adding residual with fc as the size are different
2024-02-29 21:24:06.707864:adding fully connected layers with 512 outputs
2024-02-29 21:24:06.712797:adding residual, both sizes are same
2024-02-29 21:24:06.714699:adding fully connected layers with 512 outputs
2024-02-29 21:24:06.719590:adding residual, both sizes are same
2024-02-29 21:24:06.721478:adding dropout 0.9
2024-02-29 21:24:06.723117:adding fully connected layers with 256 outputs
2024-02-29 21:24:06.728146:adding residual with fc as the size are different
2024-02-29 21:24:06.734510:adding fully connected layers with 256 outputs
2024-02-29 21:24:06.739438:adding residual, both sizes are same
2024-02-29 21:24:06.741363:adding fully connected layers with 256 outputs
2024-02-29 21:24:06.746232:adding residual, both sizes are same
2024-02-29 21:24:06.748143:adding dropout 0.7
2024-02-29 21:24:06.749756:adding fully connected layers with 128 outputs
2024-02-29 21:24:06.754742:adding residual with fc as the size are different
2024-02-29 21:24:06.762254:adding fully connected layers with 128 outputs
2024-02-29 21:24:06.767116:adding residual, both sizes are same
2024-02-29 21:24:06.769006:adding fully connected layers with 128 outputs
2024-02-29 21:24:06.773740:adding residual, both sizes are same
2024-02-29 21:24:06.775851:adding dropout 0.8
2024-02-29 21:24:06.777479:adding fully connected layers with 64 outputs
2024-02-29 21:24:06.782488:adding residual with fc as the size are different
2024-02-29 21:24:06.788827:adding fully connected layers with 64 outputs
2024-02-29 21:24:06.801959:adding residual, both sizes are same
2024-02-29 21:24:06.806640:adding fully connected layers with 32 outputs
2024-02-29 21:24:06.814147:adding residual with fc as the size are different
2024-02-29 21:24:06.821432:adding final layer with 1 output
2024-02-29 21:24:06.841002:Model: "ElemNet"
2024-02-29 21:24:06.841102:__________________________________________________________________________________________________
2024-02-29 21:24:06.841170:Layer (type)                    Output Shape         Param #     Connected to                     
2024-02-29 21:24:06.841222:==================================================================================================
2024-02-29 21:24:06.841523:elemental_fractions (InputLayer [(None, 768)]        0                                            
2024-02-29 21:24:06.841590:__________________________________________________________________________________________________
2024-02-29 21:24:06.841785:fc0_0 (Dense)                   (None, 1024)         787456      elemental_fractions[0][0]        
2024-02-29 21:24:06.841847:__________________________________________________________________________________________________
2024-02-29 21:24:06.842000:fc0_dim_0 (Dense)               (None, 1024)         787456      elemental_fractions[0][0]        
2024-02-29 21:24:06.842060:__________________________________________________________________________________________________
2024-02-29 21:24:06.842172:tf.__operators__.add (TFOpLambd (None, 1024)         0           fc0_0[0][0]                      
2024-02-29 21:24:06.842233:                                                                 fc0_dim_0[0][0]                  
2024-02-29 21:24:06.842282:__________________________________________________________________________________________________
2024-02-29 21:24:06.842441:fc0_1 (Dense)                   (None, 1024)         1049600     tf.__operators__.add[0][0]       
2024-02-29 21:24:06.842500:__________________________________________________________________________________________________
2024-02-29 21:24:06.842604:tf.__operators__.add_1 (TFOpLam (None, 1024)         0           fc0_1[0][0]                      
2024-02-29 21:24:06.842661:                                                                 tf.__operators__.add[0][0]       
2024-02-29 21:24:06.842712:__________________________________________________________________________________________________
2024-02-29 21:24:06.842853:fc0_2 (Dense)                   (None, 1024)         1049600     tf.__operators__.add_1[0][0]     
2024-02-29 21:24:06.842908:__________________________________________________________________________________________________
2024-02-29 21:24:06.843010:tf.__operators__.add_2 (TFOpLam (None, 1024)         0           fc0_2[0][0]                      
2024-02-29 21:24:06.843069:                                                                 tf.__operators__.add_1[0][0]     
2024-02-29 21:24:06.843119:__________________________________________________________________________________________________
2024-02-29 21:24:06.843256:fc0_3 (Dense)                   (None, 1024)         1049600     tf.__operators__.add_2[0][0]     
2024-02-29 21:24:06.843312:__________________________________________________________________________________________________
2024-02-29 21:24:06.843423:tf.__operators__.add_3 (TFOpLam (None, 1024)         0           fc0_3[0][0]                      
2024-02-29 21:24:06.843482:                                                                 tf.__operators__.add_2[0][0]     
2024-02-29 21:24:06.843531:__________________________________________________________________________________________________
2024-02-29 21:24:06.843633:dropout (Dropout)               (None, 1024)         0           tf.__operators__.add_3[0][0]     
2024-02-29 21:24:06.843692:__________________________________________________________________________________________________
2024-02-29 21:24:06.843834:fc1_0 (Dense)                   (None, 512)          524800      dropout[0][0]                    
2024-02-29 21:24:06.843892:__________________________________________________________________________________________________
2024-02-29 21:24:06.844030:fc1_dim_0 (Dense)               (None, 512)          524800      dropout[0][0]                    
2024-02-29 21:24:06.844085:__________________________________________________________________________________________________
2024-02-29 21:24:06.844187:tf.__operators__.add_4 (TFOpLam (None, 512)          0           fc1_0[0][0]                      
2024-02-29 21:24:06.844246:                                                                 fc1_dim_0[0][0]                  
2024-02-29 21:24:06.844294:__________________________________________________________________________________________________
2024-02-29 21:24:06.844440:fc1_1 (Dense)                   (None, 512)          262656      tf.__operators__.add_4[0][0]     
2024-02-29 21:24:06.844496:__________________________________________________________________________________________________
2024-02-29 21:24:06.844599:tf.__operators__.add_5 (TFOpLam (None, 512)          0           fc1_1[0][0]                      
2024-02-29 21:24:06.844657:                                                                 tf.__operators__.add_4[0][0]     
2024-02-29 21:24:06.844706:__________________________________________________________________________________________________
2024-02-29 21:24:06.844840:fc1_2 (Dense)                   (None, 512)          262656      tf.__operators__.add_5[0][0]     
2024-02-29 21:24:06.844895:__________________________________________________________________________________________________
2024-02-29 21:24:06.844999:tf.__operators__.add_6 (TFOpLam (None, 512)          0           fc1_2[0][0]                      
2024-02-29 21:24:06.845055:                                                                 tf.__operators__.add_5[0][0]     
2024-02-29 21:24:06.845103:__________________________________________________________________________________________________
2024-02-29 21:24:06.845198:dropout_1 (Dropout)             (None, 512)          0           tf.__operators__.add_6[0][0]     
2024-02-29 21:24:06.845251:__________________________________________________________________________________________________
2024-02-29 21:24:06.845378:fc2_0 (Dense)                   (None, 256)          131328      dropout_1[0][0]                  
2024-02-29 21:24:06.845423:__________________________________________________________________________________________________
2024-02-29 21:24:06.845575:fc2_dim_0 (Dense)               (None, 256)          131328      dropout_1[0][0]                  
2024-02-29 21:24:06.845621:__________________________________________________________________________________________________
2024-02-29 21:24:06.845700:tf.__operators__.add_7 (TFOpLam (None, 256)          0           fc2_0[0][0]                      
2024-02-29 21:24:06.845743:                                                                 fc2_dim_0[0][0]                  
2024-02-29 21:24:06.845778:__________________________________________________________________________________________________
2024-02-29 21:24:06.845878:fc2_1 (Dense)                   (None, 256)          65792       tf.__operators__.add_7[0][0]     
2024-02-29 21:24:06.845919:__________________________________________________________________________________________________
2024-02-29 21:24:06.845992:tf.__operators__.add_8 (TFOpLam (None, 256)          0           fc2_1[0][0]                      
2024-02-29 21:24:06.846035:                                                                 tf.__operators__.add_7[0][0]     
2024-02-29 21:24:06.846072:__________________________________________________________________________________________________
2024-02-29 21:24:06.846177:fc2_2 (Dense)                   (None, 256)          65792       tf.__operators__.add_8[0][0]     
2024-02-29 21:24:06.846219:__________________________________________________________________________________________________
2024-02-29 21:24:06.846293:tf.__operators__.add_9 (TFOpLam (None, 256)          0           fc2_2[0][0]                      
2024-02-29 21:24:06.846348:                                                                 tf.__operators__.add_8[0][0]     
2024-02-29 21:24:06.846384:__________________________________________________________________________________________________
2024-02-29 21:24:06.846457:dropout_2 (Dropout)             (None, 256)          0           tf.__operators__.add_9[0][0]     
2024-02-29 21:24:06.846495:__________________________________________________________________________________________________
2024-02-29 21:24:06.846596:fc3_0 (Dense)                   (None, 128)          32896       dropout_2[0][0]                  
2024-02-29 21:24:06.846637:__________________________________________________________________________________________________
2024-02-29 21:24:06.846736:fc3_dim_0 (Dense)               (None, 128)          32896       dropout_2[0][0]                  
2024-02-29 21:24:06.846777:__________________________________________________________________________________________________
2024-02-29 21:24:06.846853:tf.__operators__.add_10 (TFOpLa (None, 128)          0           fc3_0[0][0]                      
2024-02-29 21:24:06.846895:                                                                 fc3_dim_0[0][0]                  
2024-02-29 21:24:06.846930:__________________________________________________________________________________________________
2024-02-29 21:24:06.847028:fc3_1 (Dense)                   (None, 128)          16512       tf.__operators__.add_10[0][0]    
2024-02-29 21:24:06.847069:__________________________________________________________________________________________________
2024-02-29 21:24:06.847142:tf.__operators__.add_11 (TFOpLa (None, 128)          0           fc3_1[0][0]                      
2024-02-29 21:24:06.847185:                                                                 tf.__operators__.add_10[0][0]    
2024-02-29 21:24:06.847220:__________________________________________________________________________________________________
2024-02-29 21:24:06.847326:fc3_2 (Dense)                   (None, 128)          16512       tf.__operators__.add_11[0][0]    
2024-02-29 21:24:06.847369:__________________________________________________________________________________________________
2024-02-29 21:24:06.847446:tf.__operators__.add_12 (TFOpLa (None, 128)          0           fc3_2[0][0]                      
2024-02-29 21:24:06.847487:                                                                 tf.__operators__.add_11[0][0]    
2024-02-29 21:24:06.847523:__________________________________________________________________________________________________
2024-02-29 21:24:06.847593:dropout_3 (Dropout)             (None, 128)          0           tf.__operators__.add_12[0][0]    
2024-02-29 21:24:06.847630:__________________________________________________________________________________________________
2024-02-29 21:24:06.847729:fc4_0 (Dense)                   (None, 64)           8256        dropout_3[0][0]                  
2024-02-29 21:24:06.847770:__________________________________________________________________________________________________
2024-02-29 21:24:06.847868:fc4_dim_0 (Dense)               (None, 64)           8256        dropout_3[0][0]                  
2024-02-29 21:24:06.847909:__________________________________________________________________________________________________
2024-02-29 21:24:06.847982:tf.__operators__.add_13 (TFOpLa (None, 64)           0           fc4_0[0][0]                      
2024-02-29 21:24:06.848023:                                                                 fc4_dim_0[0][0]                  
2024-02-29 21:24:06.848058:__________________________________________________________________________________________________
2024-02-29 21:24:06.848161:fc4_1 (Dense)                   (None, 64)           4160        tf.__operators__.add_13[0][0]    
2024-02-29 21:24:06.848202:__________________________________________________________________________________________________
2024-02-29 21:24:06.848276:tf.__operators__.add_14 (TFOpLa (None, 64)           0           fc4_1[0][0]                      
2024-02-29 21:24:06.848324:                                                                 tf.__operators__.add_13[0][0]    
2024-02-29 21:24:06.848361:__________________________________________________________________________________________________
2024-02-29 21:24:06.848459:fc5_0 (Dense)                   (None, 32)           2080        tf.__operators__.add_14[0][0]    
2024-02-29 21:24:06.848500:__________________________________________________________________________________________________
2024-02-29 21:24:06.848595:fc5_dim_0 (Dense)               (None, 32)           2080        tf.__operators__.add_14[0][0]    
2024-02-29 21:24:06.848636:__________________________________________________________________________________________________
2024-02-29 21:24:06.848709:tf.__operators__.add_15 (TFOpLa (None, 32)           0           fc5_0[0][0]                      
2024-02-29 21:24:06.848750:                                                                 fc5_dim_0[0][0]                  
2024-02-29 21:24:06.848785:__________________________________________________________________________________________________
2024-02-29 21:24:06.848879:fc6 (Dense)                     (None, 1)            33          tf.__operators__.add_15[0][0]    
2024-02-29 21:24:06.848919:==================================================================================================
2024-02-29 21:24:06.849510:Total params: 6,816,545
2024-02-29 21:24:06.849565:Trainable params: 6,816,545
2024-02-29 21:24:06.849602:Non-trainable params: 0
2024-02-29 21:24:06.849636:__________________________________________________________________________________________________
2024-02-29 21:24:06.860793:start training
2024-02-29 21:24:25.098933:2024-02-29 21:24:25.098843: Current epoch: 0, loss: 0.9293208718299866, validation loss: 0.5795105695724487
2024-02-29 21:24:42.157695:2024-02-29 21:24:42.157616: Current epoch: 1, loss: 0.5279927253723145, validation loss: 0.5213460922241211
2024-02-29 21:24:59.277767:2024-02-29 21:24:59.277672: Current epoch: 2, loss: 0.4755893647670746, validation loss: 0.46054592728614807
2024-02-29 21:25:16.061125:2024-02-29 21:25:16.061045: Current epoch: 3, loss: 0.44490817189216614, validation loss: 0.4218013286590576
2024-02-29 21:25:32.844065:2024-02-29 21:25:32.843892: Current epoch: 4, loss: 0.4260508716106415, validation loss: 0.43427470326423645
2024-02-29 21:25:49.815662:2024-02-29 21:25:49.815573: Current epoch: 5, loss: 0.40658649802207947, validation loss: 0.418721079826355
2024-02-29 21:26:06.183088:2024-02-29 21:26:06.182952: Current epoch: 6, loss: 0.3922548294067383, validation loss: 0.42611274123191833
2024-02-29 21:26:22.503871:2024-02-29 21:26:22.503782: Current epoch: 7, loss: 0.37643876671791077, validation loss: 0.3919126093387604
2024-02-29 21:26:38.846409:2024-02-29 21:26:38.846331: Current epoch: 8, loss: 0.3654771149158478, validation loss: 0.3594096302986145
2024-02-29 21:26:55.575475:2024-02-29 21:26:55.575378: Current epoch: 9, loss: 0.35200613737106323, validation loss: 0.408237099647522
2024-02-29 21:27:15.371578:2024-02-29 21:27:15.371409: Current epoch: 10, loss: 0.34120142459869385, validation loss: 0.4076768159866333
2024-02-29 21:27:32.088523:2024-02-29 21:27:32.088468: Current epoch: 11, loss: 0.32958754897117615, validation loss: 0.326402872800827
2024-02-29 21:27:48.678051:2024-02-29 21:27:48.677959: Current epoch: 12, loss: 0.3203575015068054, validation loss: 0.3061951994895935
2024-02-29 21:28:05.383401:2024-02-29 21:28:05.383338: Current epoch: 13, loss: 0.3122377395629883, validation loss: 0.35680025815963745
2024-02-29 21:28:22.534295:2024-02-29 21:28:22.534198: Current epoch: 14, loss: 0.3006506562232971, validation loss: 0.2926291227340698
2024-02-29 21:28:40.323780:2024-02-29 21:28:40.323722: Current epoch: 15, loss: 0.29497647285461426, validation loss: 0.28211209177970886
2024-02-29 21:28:57.314643:2024-02-29 21:28:57.314555: Current epoch: 16, loss: 0.28567221760749817, validation loss: 0.27098938822746277
2024-02-29 21:29:14.387986:2024-02-29 21:29:14.387841: Current epoch: 17, loss: 0.2847839593887329, validation loss: 0.28500357270240784
2024-02-29 21:29:31.498891:2024-02-29 21:29:31.498712: Current epoch: 18, loss: 0.27153846621513367, validation loss: 0.2710370421409607
2024-02-29 21:29:49.487884:2024-02-29 21:29:49.487798: Current epoch: 19, loss: 0.26452475786209106, validation loss: 0.2589782476425171
2024-02-29 21:30:08.744005:2024-02-29 21:30:08.743832: Current epoch: 20, loss: 0.26115474104881287, validation loss: 0.26313644647598267
2024-02-29 21:30:25.936848:2024-02-29 21:30:25.936771: Current epoch: 21, loss: 0.2571876049041748, validation loss: 0.28050696849823
2024-02-29 21:30:43.711871:2024-02-29 21:30:43.711783: Current epoch: 22, loss: 0.25072696805000305, validation loss: 0.25280749797821045
2024-02-29 21:31:01.272758:2024-02-29 21:31:01.272685: Current epoch: 23, loss: 0.24438539147377014, validation loss: 0.23432216048240662
2024-02-29 21:31:18.701891:2024-02-29 21:31:18.701782: Current epoch: 24, loss: 0.23952950537204742, validation loss: 0.2444128841161728
2024-02-29 21:31:36.300098:2024-02-29 21:31:36.300021: Current epoch: 25, loss: 0.23387566208839417, validation loss: 0.27091825008392334
2024-02-29 21:31:54.295777:2024-02-29 21:31:54.295641: Current epoch: 26, loss: 0.22890684008598328, validation loss: 0.25041091442108154
2024-02-29 21:32:12.183005:2024-02-29 21:32:12.182944: Current epoch: 27, loss: 0.22599561512470245, validation loss: 0.2285291999578476
2024-02-29 21:32:29.977732:2024-02-29 21:32:29.977654: Current epoch: 28, loss: 0.2171834260225296, validation loss: 0.23291689157485962
2024-02-29 21:32:47.568158:2024-02-29 21:32:47.568068: Current epoch: 29, loss: 0.2179931104183197, validation loss: 0.22331665456295013
2024-02-29 21:33:07.411559:2024-02-29 21:33:07.411499: Current epoch: 30, loss: 0.21325448155403137, validation loss: 0.2205302119255066
2024-02-29 21:33:24.540780:2024-02-29 21:33:24.540602: Current epoch: 31, loss: 0.2070607990026474, validation loss: 0.22734394669532776
2024-02-29 21:33:42.125309:2024-02-29 21:33:42.125148: Current epoch: 32, loss: 0.206039696931839, validation loss: 0.22755180299282074
2024-02-29 21:33:59.505065:2024-02-29 21:33:59.504957: Current epoch: 33, loss: 0.19749268889427185, validation loss: 0.22534127533435822
2024-02-29 21:34:17.121245:2024-02-29 21:34:17.121162: Current epoch: 34, loss: 0.1928393393754959, validation loss: 0.2204464077949524
2024-02-29 21:34:34.631736:2024-02-29 21:34:34.631649: Current epoch: 35, loss: 0.19405235350131989, validation loss: 0.2026742845773697
2024-02-29 21:34:51.947586:2024-02-29 21:34:51.947401: Current epoch: 36, loss: 0.1892188936471939, validation loss: 0.23070205748081207
2024-02-29 21:35:09.015196:2024-02-29 21:35:09.014999: Current epoch: 37, loss: 0.18427276611328125, validation loss: 0.21060006320476532
2024-02-29 21:35:25.640572:2024-02-29 21:35:25.640442: Current epoch: 38, loss: 0.18268106877803802, validation loss: 0.2554779648780823
2024-02-29 21:35:43.533161:2024-02-29 21:35:43.533078: Current epoch: 39, loss: 0.17795786261558533, validation loss: 0.19615668058395386
2024-02-29 21:36:03.441061:2024-02-29 21:36:03.440912: Current epoch: 40, loss: 0.17364607751369476, validation loss: 0.21281111240386963
2024-02-29 21:36:21.314628:2024-02-29 21:36:21.314449: Current epoch: 41, loss: 0.1724284291267395, validation loss: 0.20337703824043274
2024-02-29 21:36:39.462202:2024-02-29 21:36:39.462033: Current epoch: 42, loss: 0.16804330050945282, validation loss: 0.20191262662410736
2024-02-29 21:36:57.506515:2024-02-29 21:36:57.506460: Current epoch: 43, loss: 0.16451995074748993, validation loss: 0.18951083719730377
2024-02-29 21:37:14.528645:2024-02-29 21:37:14.528488: Current epoch: 44, loss: 0.1641879379749298, validation loss: 0.19661150872707367
2024-02-29 21:37:32.055063:2024-02-29 21:37:32.055009: Current epoch: 45, loss: 0.16118782758712769, validation loss: 0.1889326125383377
2024-02-29 21:37:49.138570:2024-02-29 21:37:49.138423: Current epoch: 46, loss: 0.1577358990907669, validation loss: 0.1917191594839096
2024-02-29 21:38:05.603798:2024-02-29 21:38:05.603687: Current epoch: 47, loss: 0.15574179589748383, validation loss: 0.19889606535434723
2024-02-29 21:38:22.810867:2024-02-29 21:38:22.810813: Current epoch: 48, loss: 0.153858482837677, validation loss: 0.18861199915409088
2024-02-29 21:38:40.219329:2024-02-29 21:38:40.219181: Current epoch: 49, loss: 0.14844273030757904, validation loss: 0.2088259905576706
2024-02-29 21:38:57.373684:2024-02-29 21:38:57.373609: Current epoch: 50, loss: 0.1468350738286972, validation loss: 0.1983131319284439
2024-02-29 21:39:14.286938:2024-02-29 21:39:14.286865: Current epoch: 51, loss: 0.14639927446842194, validation loss: 0.1983729600906372
2024-02-29 21:39:30.994203:2024-02-29 21:39:30.994114: Current epoch: 52, loss: 0.14485758543014526, validation loss: 0.18732522428035736
2024-02-29 21:39:48.935546:2024-02-29 21:39:48.935454: Current epoch: 53, loss: 0.13925908505916595, validation loss: 0.18106088042259216
2024-02-29 21:40:06.953731:2024-02-29 21:40:06.953545: Current epoch: 54, loss: 0.13753250241279602, validation loss: 0.1929827183485031
2024-02-29 21:40:24.559272:2024-02-29 21:40:24.559092: Current epoch: 55, loss: 0.13668856024742126, validation loss: 0.18168364465236664
2024-02-29 21:40:42.349989:2024-02-29 21:40:42.349912: Current epoch: 56, loss: 0.13378724455833435, validation loss: 0.18573656678199768
2024-02-29 21:40:59.194772:2024-02-29 21:40:59.194700: Current epoch: 57, loss: 0.1305067241191864, validation loss: 0.18639859557151794
2024-02-29 21:41:17.186342:2024-02-29 21:41:17.186242: Current epoch: 58, loss: 0.13027732074260712, validation loss: 0.17265720665454865
2024-02-29 21:41:35.078704:2024-02-29 21:41:35.078629: Current epoch: 59, loss: 0.12711259722709656, validation loss: 0.19520217180252075
2024-02-29 21:41:54.816636:2024-02-29 21:41:54.816558: Current epoch: 60, loss: 0.12665213644504547, validation loss: 0.18719370663166046
2024-02-29 21:42:12.468806:2024-02-29 21:42:12.468659: Current epoch: 61, loss: 0.12447408586740494, validation loss: 0.17919690907001495
2024-02-29 21:42:30.587074:2024-02-29 21:42:30.586895: Current epoch: 62, loss: 0.12188631296157837, validation loss: 0.17974479496479034
2024-02-29 21:42:48.069767:2024-02-29 21:42:48.069692: Current epoch: 63, loss: 0.1206284761428833, validation loss: 0.1754477620124817
2024-02-29 21:43:06.198092:2024-02-29 21:43:06.198008: Current epoch: 64, loss: 0.11896207183599472, validation loss: 0.1717241257429123
2024-02-29 21:43:24.226666:2024-02-29 21:43:24.226589: Current epoch: 65, loss: 0.11586357653141022, validation loss: 0.18504542112350464
2024-02-29 21:43:41.432166:2024-02-29 21:43:41.432076: Current epoch: 66, loss: 0.11411159485578537, validation loss: 0.1674133837223053
2024-02-29 21:43:59.229796:2024-02-29 21:43:59.229718: Current epoch: 67, loss: 0.11213922500610352, validation loss: 0.19248506426811218
2024-02-29 21:44:16.303502:2024-02-29 21:44:16.303333: Current epoch: 68, loss: 0.11223656684160233, validation loss: 0.16794820129871368
2024-02-29 21:44:33.204419:2024-02-29 21:44:33.204336: Current epoch: 69, loss: 0.10997449606657028, validation loss: 0.17867238819599152
2024-02-29 21:44:52.397357:2024-02-29 21:44:52.397259: Current epoch: 70, loss: 0.108559250831604, validation loss: 0.16867640614509583
2024-02-29 21:45:09.376702:2024-02-29 21:45:09.376507: Current epoch: 71, loss: 0.10719993710517883, validation loss: 0.1754073053598404
2024-02-29 21:45:26.348975:2024-02-29 21:45:26.348921: Current epoch: 72, loss: 0.10424687713384628, validation loss: 0.161934494972229
2024-02-29 21:45:43.507735:2024-02-29 21:45:43.507657: Current epoch: 73, loss: 0.1045524924993515, validation loss: 0.1628885269165039
2024-02-29 21:46:00.581196:2024-02-29 21:46:00.581017: Current epoch: 74, loss: 0.102798692882061, validation loss: 0.16495229303836823
2024-02-29 21:46:17.963478:2024-02-29 21:46:17.963399: Current epoch: 75, loss: 0.10194119065999985, validation loss: 0.16750486195087433
2024-02-29 21:46:35.212697:2024-02-29 21:46:35.212620: Current epoch: 76, loss: 0.10052238404750824, validation loss: 0.1654491126537323
2024-02-29 21:46:52.398476:2024-02-29 21:46:52.398298: Current epoch: 77, loss: 0.09840206056833267, validation loss: 0.1744687408208847
2024-02-29 21:47:09.617657:2024-02-29 21:47:09.617579: Current epoch: 78, loss: 0.0992872416973114, validation loss: 0.16460545361042023
2024-02-29 21:47:26.710826:2024-02-29 21:47:26.710753: Current epoch: 79, loss: 0.09683280438184738, validation loss: 0.1711028814315796
2024-02-29 21:47:46.493760:2024-02-29 21:47:46.493601: Current epoch: 80, loss: 0.09532143920660019, validation loss: 0.1633155792951584
2024-02-29 21:48:04.115226:2024-02-29 21:48:04.115143: Current epoch: 81, loss: 0.09388195723295212, validation loss: 0.15851852297782898
2024-02-29 21:48:21.308573:2024-02-29 21:48:21.308487: Current epoch: 82, loss: 0.09091491252183914, validation loss: 0.1548270285129547
2024-02-29 21:48:38.396017:2024-02-29 21:48:38.395881: Current epoch: 83, loss: 0.09329897910356522, validation loss: 0.15760202705860138
2024-02-29 21:48:55.720987:2024-02-29 21:48:55.720806: Current epoch: 84, loss: 0.09180446714162827, validation loss: 0.1790030300617218
2024-02-29 21:49:13.480922:2024-02-29 21:49:13.480743: Current epoch: 85, loss: 0.08954844623804092, validation loss: 0.16261033713817596
2024-02-29 21:49:30.773184:2024-02-29 21:49:30.773005: Current epoch: 86, loss: 0.08941031247377396, validation loss: 0.17266765236854553
2024-02-29 21:49:47.923900:2024-02-29 21:49:47.923822: Current epoch: 87, loss: 0.08911756426095963, validation loss: 0.16566625237464905
2024-02-29 21:50:05.095801:2024-02-29 21:50:05.095630: Current epoch: 88, loss: 0.08568714559078217, validation loss: 0.15492714941501617
2024-02-29 21:50:22.172985:2024-02-29 21:50:22.172897: Current epoch: 89, loss: 0.08671886473894119, validation loss: 0.15352529287338257
2024-02-29 21:50:41.773902:2024-02-29 21:50:41.773738: Current epoch: 90, loss: 0.08577749133110046, validation loss: 0.163154736161232
2024-02-29 21:50:59.176267:2024-02-29 21:50:59.176107: Current epoch: 91, loss: 0.0838254764676094, validation loss: 0.16842660307884216
2024-02-29 21:51:16.237816:2024-02-29 21:51:16.237635: Current epoch: 92, loss: 0.08545736223459244, validation loss: 0.15517760813236237
2024-02-29 21:51:34.053727:2024-02-29 21:51:34.053648: Current epoch: 93, loss: 0.08105692267417908, validation loss: 0.15657657384872437
2024-02-29 21:51:51.738092:2024-02-29 21:51:51.737911: Current epoch: 94, loss: 0.08091908693313599, validation loss: 0.1687120795249939
2024-02-29 21:52:09.756424:2024-02-29 21:52:09.756234: Current epoch: 95, loss: 0.08042917400598526, validation loss: 0.15414197742938995
2024-02-29 21:52:27.392122:2024-02-29 21:52:27.391943: Current epoch: 96, loss: 0.0809570774435997, validation loss: 0.155727818608284
2024-02-29 21:52:44.264325:2024-02-29 21:52:44.264229: Current epoch: 97, loss: 0.07892674207687378, validation loss: 0.15157708525657654
2024-02-29 21:53:02.157289:2024-02-29 21:53:02.157122: Current epoch: 98, loss: 0.07804262638092041, validation loss: 0.15352250635623932
2024-02-29 21:53:18.614596:2024-02-29 21:53:18.614511: Current epoch: 99, loss: 0.07729318737983704, validation loss: 0.15345948934555054
2024-02-29 21:53:38.557787:2024-02-29 21:53:38.557623: Current epoch: 100, loss: 0.07622775435447693, validation loss: 0.15574416518211365
2024-02-29 21:53:55.701718:2024-02-29 21:53:55.701639: Current epoch: 101, loss: 0.07582927495241165, validation loss: 0.15433798730373383
2024-02-29 21:54:12.345021:2024-02-29 21:54:12.344969: Current epoch: 102, loss: 0.07504594326019287, validation loss: 0.15100236237049103
2024-02-29 21:54:29.131385:2024-02-29 21:54:29.131198: Current epoch: 103, loss: 0.07478534430265427, validation loss: 0.1545855700969696
2024-02-29 21:54:46.131905:2024-02-29 21:54:46.131826: Current epoch: 104, loss: 0.07398867607116699, validation loss: 0.15943044424057007
2024-02-29 21:55:02.882985:2024-02-29 21:55:02.882912: Current epoch: 105, loss: 0.07289880514144897, validation loss: 0.16309019923210144
2024-02-29 21:55:19.476438:2024-02-29 21:55:19.476257: Current epoch: 106, loss: 0.07275213301181793, validation loss: 0.16023291647434235
2024-02-29 21:55:36.493184:2024-02-29 21:55:36.493109: Current epoch: 107, loss: 0.07203608751296997, validation loss: 0.1511879861354828
2024-02-29 21:55:53.543496:2024-02-29 21:55:53.543408: Current epoch: 108, loss: 0.07078302651643753, validation loss: 0.150143101811409
2024-02-29 21:56:10.776615:2024-02-29 21:56:10.776463: Current epoch: 109, loss: 0.07064923644065857, validation loss: 0.1553116738796234
2024-02-29 21:56:28.095670:2024-02-29 21:56:28.095532: Current epoch: 110, loss: 0.06942085176706314, validation loss: 0.1506417840719223
2024-02-29 21:56:45.816370:2024-02-29 21:56:45.816183: Current epoch: 111, loss: 0.07010377198457718, validation loss: 0.15504246950149536
2024-02-29 21:57:03.510073:2024-02-29 21:57:03.509989: Current epoch: 112, loss: 0.06890995055437088, validation loss: 0.14741888642311096
2024-02-29 21:57:20.395008:2024-02-29 21:57:20.394841: Current epoch: 113, loss: 0.0698336809873581, validation loss: 0.1554139256477356
2024-02-29 21:57:37.877105:2024-02-29 21:57:37.877028: Current epoch: 114, loss: 0.06735696643590927, validation loss: 0.15014567971229553
2024-02-29 21:57:55.252355:2024-02-29 21:57:55.252268: Current epoch: 115, loss: 0.06788254529237747, validation loss: 0.1470917910337448
2024-02-29 21:58:12.028531:2024-02-29 21:58:12.028433: Current epoch: 116, loss: 0.0682477355003357, validation loss: 0.15060850977897644
2024-02-29 21:58:29.354831:2024-02-29 21:58:29.354667: Current epoch: 117, loss: 0.06660632789134979, validation loss: 0.15370507538318634
2024-02-29 21:58:46.753976:2024-02-29 21:58:46.753878: Current epoch: 118, loss: 0.06716523319482803, validation loss: 0.15708941221237183
2024-02-29 21:59:03.314427:2024-02-29 21:59:03.314244: Current epoch: 119, loss: 0.06516056507825851, validation loss: 0.15158043801784515
2024-02-29 21:59:22.197054:2024-02-29 21:59:22.196904: Current epoch: 120, loss: 0.0651569738984108, validation loss: 0.16275489330291748
2024-02-29 21:59:39.182434:2024-02-29 21:59:39.182251: Current epoch: 121, loss: 0.0652378499507904, validation loss: 0.15076005458831787
2024-02-29 21:59:56.361146:2024-02-29 21:59:56.360978: Current epoch: 122, loss: 0.06489994376897812, validation loss: 0.14732638001441956
2024-02-29 22:00:13.367345:2024-02-29 22:00:13.367167: Current epoch: 123, loss: 0.06311304122209549, validation loss: 0.1490967720746994
2024-02-29 22:00:29.932625:2024-02-29 22:00:29.932480: Current epoch: 124, loss: 0.06257466226816177, validation loss: 0.15221615135669708
2024-02-29 22:00:46.826651:2024-02-29 22:00:46.826592: Current epoch: 125, loss: 0.061068225651979446, validation loss: 0.14338542520999908
2024-02-29 22:01:04.136592:2024-02-29 22:01:04.136439: Current epoch: 126, loss: 0.0618472546339035, validation loss: 0.1480621099472046
2024-02-29 22:01:21.590744:2024-02-29 22:01:21.590666: Current epoch: 127, loss: 0.061234332621097565, validation loss: 0.14662903547286987
2024-02-29 22:01:38.236313:2024-02-29 22:01:38.236148: Current epoch: 128, loss: 0.061309825628995895, validation loss: 0.14712737500667572
2024-02-29 22:01:55.101068:2024-02-29 22:01:55.100979: Current epoch: 129, loss: 0.06078265979886055, validation loss: 0.15447545051574707
2024-02-29 22:02:12.056663:2024-02-29 22:02:12.056577: Current epoch: 130, loss: 0.05999861657619476, validation loss: 0.14272500574588776
2024-02-29 22:02:28.975116:2024-02-29 22:02:28.975040: Current epoch: 131, loss: 0.05950041115283966, validation loss: 0.1486181914806366
2024-02-29 22:02:46.086571:2024-02-29 22:02:46.086492: Current epoch: 132, loss: 0.05957149341702461, validation loss: 0.15334941446781158
2024-02-29 22:03:02.973527:2024-02-29 22:03:02.973379: Current epoch: 133, loss: 0.05844893679022789, validation loss: 0.14645029604434967
2024-02-29 22:03:19.750953:2024-02-29 22:03:19.750871: Current epoch: 134, loss: 0.05814184620976448, validation loss: 0.1459459662437439
2024-02-29 22:03:37.162995:2024-02-29 22:03:37.162905: Current epoch: 135, loss: 0.058301664888858795, validation loss: 0.14433863759040833
2024-02-29 22:03:54.223309:2024-02-29 22:03:54.223231: Current epoch: 136, loss: 0.05765083432197571, validation loss: 0.14411059021949768
2024-02-29 22:04:10.857300:2024-02-29 22:04:10.857143: Current epoch: 137, loss: 0.057664938271045685, validation loss: 0.1475149542093277
2024-02-29 22:04:28.845065:2024-02-29 22:04:28.844898: Current epoch: 138, loss: 0.05739057436585426, validation loss: 0.14414441585540771
2024-02-29 22:04:46.686920:2024-02-29 22:04:46.686666: Current epoch: 139, loss: 0.0568828359246254, validation loss: 0.14734646677970886
2024-02-29 22:05:06.385393:2024-02-29 22:05:06.385209: Current epoch: 140, loss: 0.0566248781979084, validation loss: 0.1518429070711136
2024-02-29 22:05:23.507147:2024-02-29 22:05:23.506887: Current epoch: 141, loss: 0.05638724938035011, validation loss: 0.1475803554058075
2024-02-29 22:05:40.338801:2024-02-29 22:05:40.338631: Current epoch: 142, loss: 0.05638185888528824, validation loss: 0.14568676054477692
2024-02-29 22:05:57.536652:2024-02-29 22:05:57.536502: Current epoch: 143, loss: 0.05662063881754875, validation loss: 0.1431886851787567
2024-02-29 22:06:14.373833:2024-02-29 22:06:14.373744: Current epoch: 144, loss: 0.05551481246948242, validation loss: 0.1424611657857895
2024-02-29 22:06:31.466074:2024-02-29 22:06:31.465985: Current epoch: 145, loss: 0.05469248816370964, validation loss: 0.14224913716316223
2024-02-29 22:06:48.650263:2024-02-29 22:06:48.650097: Current epoch: 146, loss: 0.05444760620594025, validation loss: 0.14274682104587555
2024-02-29 22:07:05.548205:2024-02-29 22:07:05.548069: Current epoch: 147, loss: 0.05513903126120567, validation loss: 0.14412300288677216
2024-02-29 22:07:23.062966:2024-02-29 22:07:23.062784: Current epoch: 148, loss: 0.05428001657128334, validation loss: 0.14486971497535706
2024-02-29 22:07:40.642012:2024-02-29 22:07:40.641923: Current epoch: 149, loss: 0.053207553923130035, validation loss: 0.14710880815982819
2024-02-29 22:08:00.246787:2024-02-29 22:08:00.246704: Current epoch: 150, loss: 0.053341466933488846, validation loss: 0.1420859694480896
2024-02-29 22:08:17.122960:2024-02-29 22:08:17.122884: Current epoch: 151, loss: 0.052646465599536896, validation loss: 0.14913590252399445
2024-02-29 22:08:34.053379:2024-02-29 22:08:34.053199: Current epoch: 152, loss: 0.05289160832762718, validation loss: 0.15004862844944
2024-02-29 22:08:50.918135:2024-02-29 22:08:50.918058: Current epoch: 153, loss: 0.05243576318025589, validation loss: 0.1462259143590927
2024-02-29 22:09:07.807637:2024-02-29 22:09:07.807558: Current epoch: 154, loss: 0.05323246493935585, validation loss: 0.1447259485721588
2024-02-29 22:09:24.617132:2024-02-29 22:09:24.616969: Current epoch: 155, loss: 0.051152605563402176, validation loss: 0.14573222398757935
2024-02-29 22:09:41.460056:2024-02-29 22:09:41.459976: Current epoch: 156, loss: 0.05192967504262924, validation loss: 0.14271830022335052
2024-02-29 22:09:57.944581:2024-02-29 22:09:57.944514: Current epoch: 157, loss: 0.05130385234951973, validation loss: 0.13882125914096832
2024-02-29 22:10:14.800903:2024-02-29 22:10:14.800765: Current epoch: 158, loss: 0.05050982907414436, validation loss: 0.14148585498332977
2024-02-29 22:10:31.560969:2024-02-29 22:10:31.560875: Current epoch: 159, loss: 0.050245899707078934, validation loss: 0.14182299375534058
2024-02-29 22:10:50.599073:2024-02-29 22:10:50.599003: Current epoch: 160, loss: 0.050161439925432205, validation loss: 0.14264258742332458
2024-02-29 22:11:07.713588:2024-02-29 22:11:07.713443: Current epoch: 161, loss: 0.04978791996836662, validation loss: 0.14119111001491547
2024-02-29 22:11:25.012881:2024-02-29 22:11:25.012785: Current epoch: 162, loss: 0.049851033836603165, validation loss: 0.150125652551651
2024-02-29 22:11:42.412154:2024-02-29 22:11:42.412083: Current epoch: 163, loss: 0.04873080179095268, validation loss: 0.15414942800998688
2024-02-29 22:11:59.951112:2024-02-29 22:11:59.950977: Current epoch: 164, loss: 0.050244927406311035, validation loss: 0.14649702608585358
2024-02-29 22:12:17.355768:2024-02-29 22:12:17.355687: Current epoch: 165, loss: 0.04807870090007782, validation loss: 0.143153578042984
2024-02-29 22:12:34.977354:2024-02-29 22:12:34.977199: Current epoch: 166, loss: 0.049899473786354065, validation loss: 0.14483238756656647
2024-02-29 22:12:52.048393:2024-02-29 22:12:52.048205: Current epoch: 167, loss: 0.047656964510679245, validation loss: 0.14431123435497284
2024-02-29 22:13:09.196283:2024-02-29 22:13:09.196121: Current epoch: 168, loss: 0.04808153584599495, validation loss: 0.1521415412425995
2024-02-29 22:13:26.449122:2024-02-29 22:13:26.449023: Current epoch: 169, loss: 0.04851990565657616, validation loss: 0.1421372890472412
2024-02-29 22:13:43.190585:2024-02-29 22:13:43.190502: Current epoch: 170, loss: 0.048001471906900406, validation loss: 0.13868927955627441
2024-02-29 22:14:00.683905:2024-02-29 22:14:00.683842: Current epoch: 171, loss: 0.047448065131902695, validation loss: 0.14994247257709503
2024-02-29 22:14:17.827040:2024-02-29 22:14:17.826875: Current epoch: 172, loss: 0.04757731035351753, validation loss: 0.14291557669639587
2024-02-29 22:14:34.791234:2024-02-29 22:14:34.791026: Current epoch: 173, loss: 0.04707476496696472, validation loss: 0.14271730184555054
2024-02-29 22:14:52.181684:2024-02-29 22:14:52.181514: Current epoch: 174, loss: 0.0461559072136879, validation loss: 0.14163431525230408
2024-02-29 22:15:08.765247:2024-02-29 22:15:08.765089: Current epoch: 175, loss: 0.046777863055467606, validation loss: 0.1412312537431717
2024-02-29 22:15:25.290532:2024-02-29 22:15:25.290378: Current epoch: 176, loss: 0.04590398818254471, validation loss: 0.1417052000761032
2024-02-29 22:15:42.410027:2024-02-29 22:15:42.409862: Current epoch: 177, loss: 0.04552266374230385, validation loss: 0.1429915875196457
2024-02-29 22:15:59.840081:2024-02-29 22:15:59.840002: Current epoch: 178, loss: 0.04652153700590134, validation loss: 0.14662720263004303
2024-02-29 22:16:16.970234:2024-02-29 22:16:16.970062: Current epoch: 179, loss: 0.045582324266433716, validation loss: 0.1446787714958191
2024-02-29 22:16:34.357796:2024-02-29 22:16:34.357723: Current epoch: 180, loss: 0.045382060110569, validation loss: 0.1429113745689392
2024-02-29 22:16:51.067601:2024-02-29 22:16:51.067526: Current epoch: 181, loss: 0.04509716108441353, validation loss: 0.14219480752944946
2024-02-29 22:17:08.593177:2024-02-29 22:17:08.593088: Current epoch: 182, loss: 0.044734131544828415, validation loss: 0.1371782273054123
2024-02-29 22:17:26.040484:2024-02-29 22:17:26.040405: Current epoch: 183, loss: 0.04497059807181358, validation loss: 0.1374363750219345
2024-02-29 22:17:43.103847:2024-02-29 22:17:43.103770: Current epoch: 184, loss: 0.04432894289493561, validation loss: 0.14113225042819977
2024-02-29 22:18:00.745906:2024-02-29 22:18:00.745741: Current epoch: 185, loss: 0.04417579621076584, validation loss: 0.1461440771818161
2024-02-29 22:18:17.494665:2024-02-29 22:18:17.494594: Current epoch: 186, loss: 0.04422100633382797, validation loss: 0.1443261206150055
2024-02-29 22:18:34.293137:2024-02-29 22:18:34.292979: Current epoch: 187, loss: 0.04393238574266434, validation loss: 0.14385193586349487
2024-02-29 22:18:51.131974:2024-02-29 22:18:51.131877: Current epoch: 188, loss: 0.04404090344905853, validation loss: 0.13798251748085022
2024-02-29 22:19:07.957740:2024-02-29 22:19:07.957663: Current epoch: 189, loss: 0.04378662258386612, validation loss: 0.14054447412490845
2024-02-29 22:19:27.310465:2024-02-29 22:19:27.310386: Current epoch: 190, loss: 0.04307188466191292, validation loss: 0.14341333508491516
2024-02-29 22:19:44.661707:2024-02-29 22:19:44.661588: Current epoch: 191, loss: 0.04347139224410057, validation loss: 0.13807766139507294
2024-02-29 22:20:01.689192:2024-02-29 22:20:01.689128: Current epoch: 192, loss: 0.04442966356873512, validation loss: 0.1435089409351349
2024-02-29 22:20:18.357530:2024-02-29 22:20:18.357374: Current epoch: 193, loss: 0.04246702045202255, validation loss: 0.13864721357822418
2024-02-29 22:20:35.681933:2024-02-29 22:20:35.681855: Current epoch: 194, loss: 0.041844870895147324, validation loss: 0.1392112523317337
2024-02-29 22:20:52.718949:2024-02-29 22:20:52.718794: Current epoch: 195, loss: 0.042461588978767395, validation loss: 0.14023414254188538
2024-02-29 22:21:10.262469:2024-02-29 22:21:10.262282: Current epoch: 196, loss: 0.042889200150966644, validation loss: 0.13772986829280853
2024-02-29 22:21:27.663942:2024-02-29 22:21:27.663777: Current epoch: 197, loss: 0.04224030673503876, validation loss: 0.14207541942596436
2024-02-29 22:21:44.616066:2024-02-29 22:21:44.615906: Current epoch: 198, loss: 0.04159789904952049, validation loss: 0.13882942497730255
2024-02-29 22:22:01.507869:2024-02-29 22:22:01.507785: Current epoch: 199, loss: 0.04232403263449669, validation loss: 0.13711726665496826
2024-02-29 22:22:20.463072:2024-02-29 22:22:20.462911: Current epoch: 200, loss: 0.04147691652178764, validation loss: 0.14143489301204681
2024-02-29 22:22:37.548194:2024-02-29 22:22:37.548030: Current epoch: 201, loss: 0.04079217463731766, validation loss: 0.13715584576129913
2024-02-29 22:22:54.893448:2024-02-29 22:22:54.893246: Current epoch: 202, loss: 0.04122856259346008, validation loss: 0.14316509664058685
2024-02-29 22:23:12.154763:2024-02-29 22:23:12.154596: Current epoch: 203, loss: 0.0410962738096714, validation loss: 0.13953585922718048
2024-02-29 22:23:28.564433:2024-02-29 22:23:28.564308: Current epoch: 204, loss: 0.0416075699031353, validation loss: 0.15041548013687134
2024-02-29 22:23:45.556686:2024-02-29 22:23:45.556528: Current epoch: 205, loss: 0.04103385657072067, validation loss: 0.14013706147670746
2024-02-29 22:24:02.883973:2024-02-29 22:24:02.883803: Current epoch: 206, loss: 0.040598515421152115, validation loss: 0.13716286420822144
2024-02-29 22:24:20.372332:2024-02-29 22:24:20.372158: Current epoch: 207, loss: 0.04068522900342941, validation loss: 0.13950978219509125
2024-02-29 22:24:38.008865:2024-02-29 22:24:38.008697: Current epoch: 208, loss: 0.040032315999269485, validation loss: 0.13937462866306305
2024-02-29 22:24:55.280949:2024-02-29 22:24:55.280860: Current epoch: 209, loss: 0.03959788754582405, validation loss: 0.1368146538734436
2024-02-29 22:25:14.622701:2024-02-29 22:25:14.622560: Current epoch: 210, loss: 0.040294382721185684, validation loss: 0.138279527425766
2024-02-29 22:25:31.650813:2024-02-29 22:25:31.650715: Current epoch: 211, loss: 0.03989694267511368, validation loss: 0.13863183557987213
2024-02-29 22:25:49.207998:2024-02-29 22:25:49.207828: Current epoch: 212, loss: 0.039557743817567825, validation loss: 0.14284774661064148
2024-02-29 22:26:06.003565:2024-02-29 22:26:06.003478: Current epoch: 213, loss: 0.039228349924087524, validation loss: 0.1421567052602768
2024-02-29 22:26:23.387823:2024-02-29 22:26:23.387680: Current epoch: 214, loss: 0.04069323092699051, validation loss: 0.1390022337436676
2024-02-29 22:26:40.654864:2024-02-29 22:26:40.654532: Current epoch: 215, loss: 0.039169471710920334, validation loss: 0.13750548660755157
2024-02-29 22:26:58.069870:2024-02-29 22:26:58.069699: Current epoch: 216, loss: 0.038866665214300156, validation loss: 0.1398468315601349
2024-02-29 22:27:16.079826:2024-02-29 22:27:16.079659: Current epoch: 217, loss: 0.038836363703012466, validation loss: 0.1375650018453598
2024-02-29 22:27:33.081383:2024-02-29 22:27:33.081215: Current epoch: 218, loss: 0.03781713917851448, validation loss: 0.13789473474025726
2024-02-29 22:27:50.894570:2024-02-29 22:27:50.894405: Current epoch: 219, loss: 0.03907247260212898, validation loss: 0.14007720351219177
2024-02-29 22:28:08.954475:2024-02-29 22:28:08.954408: Current epoch: 220, loss: 0.03832289204001427, validation loss: 0.138070210814476
2024-02-29 22:28:26.922282:2024-02-29 22:28:26.922123: Current epoch: 221, loss: 0.03790142387151718, validation loss: 0.13904854655265808
2024-02-29 22:28:44.806384:2024-02-29 22:28:44.806211: Current epoch: 222, loss: 0.03858274221420288, validation loss: 0.1379949301481247
2024-02-29 22:29:02.681287:2024-02-29 22:29:02.681144: Current epoch: 223, loss: 0.038068920373916626, validation loss: 0.1372859627008438
2024-02-29 22:29:20.761337:2024-02-29 22:29:20.761161: Current epoch: 224, loss: 0.03778329864144325, validation loss: 0.13988986611366272
2024-02-29 22:29:38.822303:2024-02-29 22:29:38.822157: Current epoch: 225, loss: 0.03764568269252777, validation loss: 0.13907380402088165
2024-02-29 22:29:57.068895:2024-02-29 22:29:57.068745: Current epoch: 226, loss: 0.037845030426979065, validation loss: 0.138162299990654
2024-02-29 22:30:14.567354:2024-02-29 22:30:14.567131: Current epoch: 227, loss: 0.037286095321178436, validation loss: 0.13921603560447693
2024-02-29 22:30:31.737615:2024-02-29 22:30:31.737454: Current epoch: 228, loss: 0.03777095302939415, validation loss: 0.1460384875535965
2024-02-29 22:30:49.817079:2024-02-29 22:30:49.816916: Current epoch: 229, loss: 0.03718411549925804, validation loss: 0.14342884719371796
2024-02-29 22:31:07.772099:2024-02-29 22:31:07.771933: Current epoch: 230, loss: 0.036905303597450256, validation loss: 0.13954727351665497
2024-02-29 22:31:25.708994:2024-02-29 22:31:25.708922: Current epoch: 231, loss: 0.03671447932720184, validation loss: 0.1375589668750763
2024-02-29 22:31:42.860894:2024-02-29 22:31:42.860734: Current epoch: 232, loss: 0.036774542182683945, validation loss: 0.1384415328502655
2024-02-29 22:32:00.102370:2024-02-29 22:32:00.102275: Current epoch: 233, loss: 0.03618820384144783, validation loss: 0.1405402272939682
2024-02-29 22:32:17.032571:2024-02-29 22:32:17.032491: Current epoch: 234, loss: 0.03642785921692848, validation loss: 0.13673433661460876
2024-02-29 22:32:34.737888:2024-02-29 22:32:34.737836: Current epoch: 235, loss: 0.03648500144481659, validation loss: 0.1364024579524994
2024-02-29 22:32:52.748283:2024-02-29 22:32:52.748122: Current epoch: 236, loss: 0.03654464706778526, validation loss: 0.13918277621269226
2024-02-29 22:33:10.524892:2024-02-29 22:33:10.524724: Current epoch: 237, loss: 0.03657444939017296, validation loss: 0.14248217642307281
2024-02-29 22:33:27.957291:2024-02-29 22:33:27.957123: Current epoch: 238, loss: 0.036734405905008316, validation loss: 0.13564591109752655
2024-02-29 22:33:45.527225:2024-02-29 22:33:45.527126: Current epoch: 239, loss: 0.036028679460287094, validation loss: 0.13893671333789825
2024-02-29 22:34:03.215808:2024-02-29 22:34:03.215609: Current epoch: 240, loss: 0.03574701398611069, validation loss: 0.14126603305339813
2024-02-29 22:34:20.516855:2024-02-29 22:34:20.516577: Current epoch: 241, loss: 0.03566194698214531, validation loss: 0.1367756724357605
2024-02-29 22:34:37.478971:2024-02-29 22:34:37.478838: Current epoch: 242, loss: 0.03565835952758789, validation loss: 0.13606220483779907
2024-02-29 22:34:54.291748:2024-02-29 22:34:54.291664: Current epoch: 243, loss: 0.03567035496234894, validation loss: 0.14279772341251373
2024-02-29 22:35:11.237084:2024-02-29 22:35:11.236921: Current epoch: 244, loss: 0.03573781996965408, validation loss: 0.13906489312648773
2024-02-29 22:35:29.140457:2024-02-29 22:35:29.140276: Current epoch: 245, loss: 0.035093989223241806, validation loss: 0.14040227234363556
2024-02-29 22:35:47.320622:2024-02-29 22:35:47.320530: Current epoch: 246, loss: 0.035340894013643265, validation loss: 0.13541166484355927
2024-02-29 22:36:05.050209:2024-02-29 22:36:05.050046: Current epoch: 247, loss: 0.03545951098203659, validation loss: 0.1373324692249298
2024-02-29 22:36:22.008557:2024-02-29 22:36:22.008453: Current epoch: 248, loss: 0.03571568429470062, validation loss: 0.13790160417556763
2024-02-29 22:36:38.824751:2024-02-29 22:36:38.824679: Current epoch: 249, loss: 0.034666530787944794, validation loss: 0.13757841289043427
2024-02-29 22:36:56.202596:2024-02-29 22:36:56.202275: Current epoch: 250, loss: 0.03474804013967514, validation loss: 0.14474821090698242
2024-02-29 22:37:13.520341:2024-02-29 22:37:13.520242: Current epoch: 251, loss: 0.03457237407565117, validation loss: 0.1385103166103363
2024-02-29 22:37:30.965773:2024-02-29 22:37:30.965694: Current epoch: 252, loss: 0.03494414687156677, validation loss: 0.1355026513338089
2024-02-29 22:37:48.497197:2024-02-29 22:37:48.497033: Current epoch: 253, loss: 0.033954352140426636, validation loss: 0.13704495131969452
2024-02-29 22:38:05.965011:2024-02-29 22:38:05.964849: Current epoch: 254, loss: 0.03471212461590767, validation loss: 0.1379675716161728
2024-02-29 22:38:22.458042:2024-02-29 22:38:22.457943: Current epoch: 255, loss: 0.034108929336071014, validation loss: 0.13816016912460327
2024-02-29 22:38:39.217091:2024-02-29 22:38:39.216922: Current epoch: 256, loss: 0.033934298902750015, validation loss: 0.13781961798667908
2024-02-29 22:38:55.736258:2024-02-29 22:38:55.736181: Current epoch: 257, loss: 0.033802177757024765, validation loss: 0.13821038603782654
2024-02-29 22:39:12.617469:2024-02-29 22:39:12.617296: Current epoch: 258, loss: 0.03388600796461105, validation loss: 0.13857801258563995
2024-02-29 22:39:29.966443:2024-02-29 22:39:29.966258: Current epoch: 259, loss: 0.033576350659132004, validation loss: 0.13601082563400269
2024-02-29 22:39:49.373687:2024-02-29 22:39:49.373551: Current epoch: 260, loss: 0.03319919481873512, validation loss: 0.13652090728282928
2024-02-29 22:40:05.954548:2024-02-29 22:40:05.954370: Current epoch: 261, loss: 0.03334706276655197, validation loss: 0.13545364141464233
2024-02-29 22:40:23.257909:2024-02-29 22:40:23.257830: Current epoch: 262, loss: 0.03387732431292534, validation loss: 0.13873304426670074
2024-02-29 22:40:40.119919:2024-02-29 22:40:40.119773: Current epoch: 263, loss: 0.033611781895160675, validation loss: 0.13941483199596405
2024-02-29 22:40:57.412933:2024-02-29 22:40:57.412872: Current epoch: 264, loss: 0.03326120600104332, validation loss: 0.1405029445886612
2024-02-29 22:41:14.733659:2024-02-29 22:41:14.733575: Current epoch: 265, loss: 0.03398634493350983, validation loss: 0.13619095087051392
2024-02-29 22:41:31.734369:2024-02-29 22:41:31.734185: Current epoch: 266, loss: 0.03331783413887024, validation loss: 0.14031130075454712
2024-02-29 22:41:48.957234:2024-02-29 22:41:48.957145: Current epoch: 267, loss: 0.032891739159822464, validation loss: 0.13737648725509644
2024-02-29 22:42:06.187047:2024-02-29 22:42:06.186969: Current epoch: 268, loss: 0.032951079308986664, validation loss: 0.13948144018650055
2024-02-29 22:42:23.078675:2024-02-29 22:42:23.078591: Current epoch: 269, loss: 0.03319498896598816, validation loss: 0.13348796963691711
2024-02-29 22:42:42.901834:2024-02-29 22:42:42.901757: Current epoch: 270, loss: 0.03276976943016052, validation loss: 0.13660159707069397
2024-02-29 22:43:00.232849:2024-02-29 22:43:00.232766: Current epoch: 271, loss: 0.032605789601802826, validation loss: 0.13683322072029114
2024-02-29 22:43:17.801000:2024-02-29 22:43:17.800848: Current epoch: 272, loss: 0.03227195143699646, validation loss: 0.1366114318370819
2024-02-29 22:43:35.452455:2024-02-29 22:43:35.452375: Current epoch: 273, loss: 0.03255322203040123, validation loss: 0.1351107507944107
2024-02-29 22:43:52.596057:2024-02-29 22:43:52.595978: Current epoch: 274, loss: 0.03249869495630264, validation loss: 0.13670362532138824
2024-02-29 22:44:10.110125:2024-02-29 22:44:10.110002: Current epoch: 275, loss: 0.03194113448262215, validation loss: 0.14039455354213715
2024-02-29 22:44:27.683139:2024-02-29 22:44:27.683043: Current epoch: 276, loss: 0.031895481050014496, validation loss: 0.1376158595085144
2024-02-29 22:44:44.444215:2024-02-29 22:44:44.444135: Current epoch: 277, loss: 0.03195906803011894, validation loss: 0.13932429254055023
2024-02-29 22:45:02.091171:2024-02-29 22:45:02.091024: Current epoch: 278, loss: 0.03213980793952942, validation loss: 0.13595420122146606
2024-02-29 22:45:18.933971:2024-02-29 22:45:18.933867: Current epoch: 279, loss: 0.03248506411910057, validation loss: 0.13623046875
2024-02-29 22:45:35.554958:2024-02-29 22:45:35.554880: Current epoch: 280, loss: 0.0318249836564064, validation loss: 0.13676950335502625
2024-02-29 22:45:52.814517:2024-02-29 22:45:52.814365: Current epoch: 281, loss: 0.031688470393419266, validation loss: 0.13778705894947052
2024-02-29 22:46:09.755617:2024-02-29 22:46:09.755523: Current epoch: 282, loss: 0.03213416039943695, validation loss: 0.13562220335006714
2024-02-29 22:46:27.098990:2024-02-29 22:46:27.098914: Current epoch: 283, loss: 0.03183317184448242, validation loss: 0.13563483953475952
2024-02-29 22:46:44.486935:2024-02-29 22:46:44.486756: Current epoch: 284, loss: 0.03099353052675724, validation loss: 0.13683825731277466
2024-02-29 22:47:01.479496:2024-02-29 22:47:01.479310: Current epoch: 285, loss: 0.0316222608089447, validation loss: 0.1381625384092331
2024-02-29 22:47:18.407549:2024-02-29 22:47:18.407366: Current epoch: 286, loss: 0.0313449464738369, validation loss: 0.1363142430782318
2024-02-29 22:47:34.811625:2024-02-29 22:47:34.811475: Current epoch: 287, loss: 0.031268395483493805, validation loss: 0.13632142543792725
2024-02-29 22:47:51.944514:2024-02-29 22:47:51.944361: Current epoch: 288, loss: 0.031060628592967987, validation loss: 0.1361413300037384
2024-02-29 22:48:08.724243:2024-02-29 22:48:08.724081: Current epoch: 289, loss: 0.03098220005631447, validation loss: 0.13861483335494995
2024-02-29 22:48:25.619389:2024-02-29 22:48:25.619210: Current epoch: 290, loss: 0.031110839918255806, validation loss: 0.13861066102981567
2024-02-29 22:48:42.321951:2024-02-29 22:48:42.321787: Current epoch: 291, loss: 0.031469255685806274, validation loss: 0.13457396626472473
2024-02-29 22:48:58.980624:2024-02-29 22:48:58.980460: Current epoch: 292, loss: 0.030525896698236465, validation loss: 0.1399075984954834
2024-02-29 22:49:15.432118:2024-02-29 22:49:15.431946: Current epoch: 293, loss: 0.031135231256484985, validation loss: 0.13665321469306946
2024-02-29 22:49:32.492361:2024-02-29 22:49:32.492173: Current epoch: 294, loss: 0.029893949627876282, validation loss: 0.1376972198486328
2024-02-29 22:49:49.405477:2024-02-29 22:49:49.405295: Current epoch: 295, loss: 0.03004484251141548, validation loss: 0.13352343440055847
2024-02-29 22:50:06.440785:2024-02-29 22:50:06.440622: Current epoch: 296, loss: 0.030804015696048737, validation loss: 0.14120040833950043
2024-02-29 22:50:23.293700:2024-02-29 22:50:23.293529: Current epoch: 297, loss: 0.030410410836338997, validation loss: 0.13980643451213837
2024-02-29 22:50:40.118090:2024-02-29 22:50:40.117941: Current epoch: 298, loss: 0.029945192858576775, validation loss: 0.1352929174900055
2024-02-29 22:50:57.452042:2024-02-29 22:50:57.451872: Current epoch: 299, loss: 0.029990307986736298, validation loss: 0.13814662396907806
2024-02-29 22:51:14.754409:2024-02-29 22:51:14.754222: Current epoch: 300, loss: 0.030136171728372574, validation loss: 0.13854368031024933
2024-02-29 22:51:31.682905:2024-02-29 22:51:31.682741: Current epoch: 301, loss: 0.030140675604343414, validation loss: 0.1377260833978653
2024-02-29 22:51:49.073912:2024-02-29 22:51:49.073752: Current epoch: 302, loss: 0.029877230525016785, validation loss: 0.13935427367687225
2024-02-29 22:52:06.370192:2024-02-29 22:52:06.370025: Current epoch: 303, loss: 0.029513971880078316, validation loss: 0.13595959544181824
2024-02-29 22:52:23.629017:2024-02-29 22:52:23.628893: Current epoch: 304, loss: 0.02990936115384102, validation loss: 0.13626836240291595
2024-02-29 22:52:40.484634:2024-02-29 22:52:40.484469: Current epoch: 305, loss: 0.029477445408701897, validation loss: 0.139404296875
2024-02-29 22:52:58.075698:2024-02-29 22:52:58.075532: Current epoch: 306, loss: 0.02957412786781788, validation loss: 0.13642092049121857
2024-02-29 22:53:15.772046:2024-02-29 22:53:15.771878: Current epoch: 307, loss: 0.02947327122092247, validation loss: 0.13467185199260712
2024-02-29 22:53:32.661235:2024-02-29 22:53:32.661063: Current epoch: 308, loss: 0.029241284355521202, validation loss: 0.13865399360656738
2024-02-29 22:53:49.304498:2024-02-29 22:53:49.304280: Current epoch: 309, loss: 0.03032449260354042, validation loss: 0.13730603456497192
2024-02-29 22:54:06.475125:2024-02-29 22:54:06.474962: Current epoch: 310, loss: 0.028846951201558113, validation loss: 0.14033037424087524
2024-02-29 22:54:23.545670:2024-02-29 22:54:23.545590: Current epoch: 311, loss: 0.029349714517593384, validation loss: 0.13510753214359283
2024-02-29 22:54:41.176859:2024-02-29 22:54:41.176700: Current epoch: 312, loss: 0.028993520885705948, validation loss: 0.13654503226280212
2024-02-29 22:54:57.911882:2024-02-29 22:54:57.911720: Current epoch: 313, loss: 0.029499884694814682, validation loss: 0.1386605054140091
2024-02-29 22:55:14.655195:2024-02-29 22:55:14.655115: Current epoch: 314, loss: 0.028564533218741417, validation loss: 0.13699014484882355
2024-02-29 22:55:31.598880:2024-02-29 22:55:31.598717: Current epoch: 315, loss: 0.029163885861635208, validation loss: 0.13822545111179352
2024-02-29 22:55:49.044621:2024-02-29 22:55:49.044461: Current epoch: 316, loss: 0.028594141826033592, validation loss: 0.13793689012527466
2024-02-29 22:56:06.771185:2024-02-29 22:56:06.771107: Current epoch: 317, loss: 0.02905186451971531, validation loss: 0.13830748200416565
2024-02-29 22:56:24.352972:2024-02-29 22:56:24.352810: Current epoch: 318, loss: 0.02852591685950756, validation loss: 0.1359018087387085
2024-02-29 22:56:42.120059:2024-02-29 22:56:42.119913: Current epoch: 319, loss: 0.028492113575339317, validation loss: 0.13476940989494324
2024-02-29 22:56:58.816353:2024-02-29 22:56:58.816258: Current epoch: 320, loss: 0.02954747900366783, validation loss: 0.14172221720218658
2024-02-29 22:57:16.286414:2024-02-29 22:57:16.286235: Current epoch: 321, loss: 0.029460273683071136, validation loss: 0.1353711187839508
2024-02-29 22:57:32.874386:2024-02-29 22:57:32.874288: Current epoch: 322, loss: 0.02779177948832512, validation loss: 0.1357773244380951
2024-02-29 22:57:50.041676:2024-02-29 22:57:50.041504: Current epoch: 323, loss: 0.028261099010705948, validation loss: 0.13671202957630157
2024-02-29 22:58:06.981156:2024-02-29 22:58:06.981074: Current epoch: 324, loss: 0.02863922528922558, validation loss: 0.13583166897296906
2024-02-29 22:58:24.008092:2024-02-29 22:58:24.008012: Current epoch: 325, loss: 0.02862134575843811, validation loss: 0.13584193587303162
2024-02-29 22:58:40.589702:2024-02-29 22:58:40.589568: Current epoch: 326, loss: 0.02832534722983837, validation loss: 0.13589702546596527
2024-02-29 22:58:57.311899:2024-02-29 22:58:57.311811: Current epoch: 327, loss: 0.027856111526489258, validation loss: 0.13764584064483643
2024-02-29 22:59:14.992855:2024-02-29 22:59:14.992781: Current epoch: 328, loss: 0.02821320667862892, validation loss: 0.13463908433914185
2024-02-29 22:59:31.840706:2024-02-29 22:59:31.840578: Current epoch: 329, loss: 0.028045305982232094, validation loss: 0.13659098744392395
2024-02-29 22:59:48.720718:2024-02-29 22:59:48.720584: Current epoch: 330, loss: 0.02834566868841648, validation loss: 0.13566261529922485
2024-02-29 23:00:06.057608:2024-02-29 23:00:06.057313: Current epoch: 331, loss: 0.027823472395539284, validation loss: 0.13937340676784515
2024-02-29 23:00:23.425351:2024-02-29 23:00:23.425144: Current epoch: 332, loss: 0.027357297018170357, validation loss: 0.13750167191028595
2024-02-29 23:00:41.157527:2024-02-29 23:00:41.157432: Current epoch: 333, loss: 0.027694573625922203, validation loss: 0.13303591310977936
2024-02-29 23:00:58.854155:2024-02-29 23:00:58.853974: Current epoch: 334, loss: 0.027424681931734085, validation loss: 0.13571833074092865
2024-02-29 23:01:16.149090:2024-02-29 23:01:16.148778: Current epoch: 335, loss: 0.027584156021475792, validation loss: 0.13746421039104462
2024-02-29 23:01:33.250341:2024-02-29 23:01:33.250152: Current epoch: 336, loss: 0.02773585543036461, validation loss: 0.1363312304019928
2024-02-29 23:01:50.019974:2024-02-29 23:01:50.019842: Current epoch: 337, loss: 0.02762550301849842, validation loss: 0.1348787099123001
2024-02-29 23:02:06.741403:2024-02-29 23:02:06.741305: Current epoch: 338, loss: 0.02739565446972847, validation loss: 0.13535046577453613
2024-02-29 23:02:24.460873:2024-02-29 23:02:24.460702: Current epoch: 339, loss: 0.027257192879915237, validation loss: 0.13554710149765015
2024-02-29 23:02:42.225628:2024-02-29 23:02:42.225370: Current epoch: 340, loss: 0.027094801887869835, validation loss: 0.1344536542892456
2024-02-29 23:02:59.279874:2024-02-29 23:02:59.279692: Current epoch: 341, loss: 0.027251843363046646, validation loss: 0.13632039725780487
2024-02-29 23:03:17.594519:2024-02-29 23:03:17.594441: Current epoch: 342, loss: 0.026939833536744118, validation loss: 0.13602814078330994
2024-02-29 23:03:35.802757:2024-02-29 23:03:35.802672: Current epoch: 343, loss: 0.026849810034036636, validation loss: 0.13713395595550537
2024-02-29 23:03:53.028832:2024-02-29 23:03:53.028670: Current epoch: 344, loss: 0.02755850926041603, validation loss: 0.13707555830478668
2024-02-29 23:04:10.568168:2024-02-29 23:04:10.568096: Current epoch: 345, loss: 0.026889128610491753, validation loss: 0.1377236247062683
2024-02-29 23:04:28.079451:2024-02-29 23:04:28.079375: Current epoch: 346, loss: 0.026850758120417595, validation loss: 0.1372622698545456
2024-02-29 23:04:46.359977:2024-02-29 23:04:46.359796: Current epoch: 347, loss: 0.026957662776112556, validation loss: 0.13667511940002441
2024-02-29 23:05:03.977497:2024-02-29 23:05:03.977151: Current epoch: 348, loss: 0.026397041976451874, validation loss: 0.14032627642154694
2024-02-29 23:05:21.778493:2024-02-29 23:05:21.778303: Current epoch: 349, loss: 0.026668662205338478, validation loss: 0.13662424683570862
2024-02-29 23:05:39.726193:2024-02-29 23:05:39.726031: Current epoch: 350, loss: 0.02693985216319561, validation loss: 0.1365722119808197
2024-02-29 23:05:57.221452:2024-02-29 23:05:57.221262: Current epoch: 351, loss: 0.026771938428282738, validation loss: 0.13727082312107086
2024-02-29 23:06:15.155911:2024-02-29 23:06:15.155735: Current epoch: 352, loss: 0.026455415412783623, validation loss: 0.13506166636943817
2024-02-29 23:06:32.560741:2024-02-29 23:06:32.560584: Current epoch: 353, loss: 0.026121387258172035, validation loss: 0.13495168089866638
2024-02-29 23:06:50.160117:2024-02-29 23:06:50.159959: Current epoch: 354, loss: 0.026594270020723343, validation loss: 0.13523037731647491
2024-02-29 23:07:08.021366:2024-02-29 23:07:08.021207: Current epoch: 355, loss: 0.026470664888620377, validation loss: 0.13892272114753723
2024-02-29 23:07:24.738538:2024-02-29 23:07:24.738369: Current epoch: 356, loss: 0.026221061125397682, validation loss: 0.13639746606349945
2024-02-29 23:07:41.621149:2024-02-29 23:07:41.620981: Current epoch: 357, loss: 0.025874098762869835, validation loss: 0.13433563709259033
2024-02-29 23:07:59.065908:2024-02-29 23:07:59.065832: Current epoch: 358, loss: 0.025996768847107887, validation loss: 0.1378965824842453
2024-02-29 23:08:15.899735:2024-02-29 23:08:15.899548: Current epoch: 359, loss: 0.02619408629834652, validation loss: 0.13549798727035522
2024-02-29 23:08:33.491688:2024-02-29 23:08:33.491616: Current epoch: 360, loss: 0.02595551870763302, validation loss: 0.13708505034446716
2024-02-29 23:08:50.694595:2024-02-29 23:08:50.694397: Current epoch: 361, loss: 0.025975294411182404, validation loss: 0.13727539777755737
2024-02-29 23:09:08.215769:2024-02-29 23:09:08.215429: Current epoch: 362, loss: 0.02593926526606083, validation loss: 0.13670262694358826
2024-02-29 23:09:25.423099:2024-02-29 23:09:25.422916: Current epoch: 363, loss: 0.026189647614955902, validation loss: 0.13469594717025757
2024-02-29 23:09:42.875071:2024-02-29 23:09:42.874932: Current epoch: 364, loss: 0.026155687868595123, validation loss: 0.13734662532806396
2024-02-29 23:09:59.766191:2024-02-29 23:09:59.766033: Current epoch: 365, loss: 0.02585512585937977, validation loss: 0.14000950753688812
2024-02-29 23:10:16.876186:2024-02-29 23:10:16.876050: Current epoch: 366, loss: 0.025771690532565117, validation loss: 0.1368838995695114
2024-02-29 23:10:34.178739:2024-02-29 23:10:34.178537: Current epoch: 367, loss: 0.025456508621573448, validation loss: 0.13367079198360443
2024-02-29 23:10:51.628422:2024-02-29 23:10:51.628243: Current epoch: 368, loss: 0.025699593126773834, validation loss: 0.13328160345554352
2024-02-29 23:11:09.337852:2024-02-29 23:11:09.337694: Current epoch: 369, loss: 0.025271277874708176, validation loss: 0.13824814558029175
2024-02-29 23:11:26.427103:2024-02-29 23:11:26.426825: Current epoch: 370, loss: 0.02533283457159996, validation loss: 0.13528698682785034
2024-02-29 23:11:43.780729:2024-02-29 23:11:43.780542: Current epoch: 371, loss: 0.025294670835137367, validation loss: 0.13613300025463104
2024-02-29 23:12:00.763964:2024-02-29 23:12:00.763804: Current epoch: 372, loss: 0.02570246532559395, validation loss: 0.133613720536232
2024-02-29 23:12:17.783405:2024-02-29 23:12:17.783249: Current epoch: 373, loss: 0.0252866018563509, validation loss: 0.13598215579986572
2024-02-29 23:12:34.611388:2024-02-29 23:12:34.611254: Current epoch: 374, loss: 0.025244034826755524, validation loss: 0.13477686047554016
2024-02-29 23:12:51.893106:2024-02-29 23:12:51.893039: Current epoch: 375, loss: 0.025903956964612007, validation loss: 0.13661618530750275
2024-02-29 23:13:08.789557:2024-02-29 23:13:08.789401: Current epoch: 376, loss: 0.02468748204410076, validation loss: 0.13585709035396576
2024-02-29 23:13:25.777697:2024-02-29 23:13:25.777620: Current epoch: 377, loss: 0.025046685710549355, validation loss: 0.1351112723350525
2024-02-29 23:13:42.935295:2024-02-29 23:13:42.935132: Current epoch: 378, loss: 0.024864986538887024, validation loss: 0.1345810741186142
2024-02-29 23:13:59.777815:2024-02-29 23:13:59.777677: Current epoch: 379, loss: 0.025033961981534958, validation loss: 0.13792744278907776
2024-02-29 23:14:16.761682:2024-02-29 23:14:16.761522: Current epoch: 380, loss: 0.02544758841395378, validation loss: 0.13747690618038177
2024-02-29 23:14:33.334334:2024-02-29 23:14:33.334161: Current epoch: 381, loss: 0.025716958567500114, validation loss: 0.1419106125831604
2024-02-29 23:14:49.909135:2024-02-29 23:14:49.909045: Current epoch: 382, loss: 0.025198906660079956, validation loss: 0.13504748046398163
2024-02-29 23:15:06.823258:2024-02-29 23:15:06.823113: Current epoch: 383, loss: 0.025959860533475876, validation loss: 0.13847164809703827
2024-02-29 23:15:24.032693:2024-02-29 23:15:24.032625: Current epoch: 384, loss: 0.02445371448993683, validation loss: 0.1380368173122406
2024-02-29 23:15:40.625212:2024-02-29 23:15:40.625044: Current epoch: 385, loss: 0.024593327194452286, validation loss: 0.13794586062431335
2024-02-29 23:15:57.828442:2024-02-29 23:15:57.828377: Current epoch: 386, loss: 0.024781549349427223, validation loss: 0.13480591773986816
2024-02-29 23:16:15.460411:2024-02-29 23:16:15.460253: Current epoch: 387, loss: 0.02495763637125492, validation loss: 0.13568228483200073
2024-02-29 23:16:32.295514:2024-02-29 23:16:32.295406: Current epoch: 388, loss: 0.024550266563892365, validation loss: 0.13587132096290588
2024-02-29 23:16:49.081350:2024-02-29 23:16:49.081272: Current epoch: 389, loss: 0.024330483749508858, validation loss: 0.13811646401882172
2024-02-29 23:17:05.905077:2024-02-29 23:17:05.904982: Current epoch: 390, loss: 0.02497248537838459, validation loss: 0.13694390654563904
2024-02-29 23:17:22.924498:2024-02-29 23:17:22.924388: Current epoch: 391, loss: 0.024533405900001526, validation loss: 0.13662898540496826
2024-02-29 23:17:39.685259:2024-02-29 23:17:39.685192: Current epoch: 392, loss: 0.024362772703170776, validation loss: 0.13721305131912231
2024-02-29 23:17:56.427187:2024-02-29 23:17:56.427045: Current epoch: 393, loss: 0.02496962435543537, validation loss: 0.1354096531867981
2024-02-29 23:18:13.826439:2024-02-29 23:18:13.826313: Current epoch: 394, loss: 0.024279780685901642, validation loss: 0.13701139390468597
2024-02-29 23:18:31.097339:2024-02-29 23:18:31.097242: Current epoch: 395, loss: 0.024317307397723198, validation loss: 0.13941697776317596
2024-02-29 23:18:47.928428:2024-02-29 23:18:47.928354: Current epoch: 396, loss: 0.02442767657339573, validation loss: 0.13622340559959412
2024-02-29 23:19:05.161811:2024-02-29 23:19:05.161643: Current epoch: 397, loss: 0.024260157719254494, validation loss: 0.13749048113822937
2024-02-29 23:19:22.829623:2024-02-29 23:19:22.829554: Current epoch: 398, loss: 0.02419245056807995, validation loss: 0.13445375859737396
2024-02-29 23:19:40.294006:2024-02-29 23:19:40.293932: Current epoch: 399, loss: 0.02394230104982853, validation loss: 0.13567951321601868
2024-02-29 23:19:57.754407:2024-02-29 23:19:57.754221: Current epoch: 400, loss: 0.024210048839449883, validation loss: 0.13341063261032104
2024-02-29 23:20:15.116302:2024-02-29 23:20:15.116226: Current epoch: 401, loss: 0.02396845445036888, validation loss: 0.1382293552160263
2024-02-29 23:20:32.645512:2024-02-29 23:20:32.645440: Current epoch: 402, loss: 0.02398301288485527, validation loss: 0.1375887095928192
2024-02-29 23:20:50.118358:2024-02-29 23:20:50.118174: Current epoch: 403, loss: 0.02403486706316471, validation loss: 0.13571186363697052
2024-02-29 23:21:07.541778:2024-02-29 23:21:07.541706: Current epoch: 404, loss: 0.02412806637585163, validation loss: 0.14060711860656738
2024-02-29 23:21:24.180569:2024-02-29 23:21:24.180484: Current epoch: 405, loss: 0.023977458477020264, validation loss: 0.13528721034526825
2024-02-29 23:21:41.136506:2024-02-29 23:21:41.136395: Current epoch: 406, loss: 0.023910121992230415, validation loss: 0.13497307896614075
2024-02-29 23:21:58.557818:2024-02-29 23:21:58.557722: Current epoch: 407, loss: 0.02373858168721199, validation loss: 0.1367097645998001
2024-02-29 23:22:15.461183:2024-02-29 23:22:15.461105: Current epoch: 408, loss: 0.023611126467585564, validation loss: 0.13468585908412933
2024-02-29 23:22:32.218403:2024-02-29 23:22:32.218334: Current epoch: 409, loss: 0.02389496937394142, validation loss: 0.1358300745487213
2024-02-29 23:22:49.587612:2024-02-29 23:22:49.587440: Current epoch: 410, loss: 0.023493284359574318, validation loss: 0.13341476023197174
2024-02-29 23:23:07.097784:2024-02-29 23:23:07.097716: Current epoch: 411, loss: 0.02381996251642704, validation loss: 0.13569194078445435
2024-02-29 23:23:24.103956:2024-02-29 23:23:24.103880: Current epoch: 412, loss: 0.023203743621706963, validation loss: 0.1362735778093338
2024-02-29 23:23:41.189995:2024-02-29 23:23:41.189919: Current epoch: 413, loss: 0.023467911407351494, validation loss: 0.1398804783821106
2024-02-29 23:23:58.402988:2024-02-29 23:23:58.402819: Current epoch: 414, loss: 0.023704517632722855, validation loss: 0.13722431659698486
2024-02-29 23:24:15.739241:2024-02-29 23:24:15.739165: Current epoch: 415, loss: 0.023617899045348167, validation loss: 0.13407063484191895
2024-02-29 23:24:33.195663:2024-02-29 23:24:33.195587: Current epoch: 416, loss: 0.02322275936603546, validation loss: 0.13538843393325806
2024-02-29 23:24:50.826453:2024-02-29 23:24:50.826272: Current epoch: 417, loss: 0.02294556051492691, validation loss: 0.1354495882987976
2024-02-29 23:25:08.240034:2024-02-29 23:25:08.239946: Current epoch: 418, loss: 0.023420745506882668, validation loss: 0.13729706406593323
2024-02-29 23:25:25.610906:2024-02-29 23:25:25.610828: Current epoch: 419, loss: 0.023137621581554413, validation loss: 0.13758660852909088
2024-02-29 23:25:43.188252:2024-02-29 23:25:43.188103: Current epoch: 420, loss: 0.023202985525131226, validation loss: 0.13714894652366638
2024-02-29 23:26:00.141602:2024-02-29 23:26:00.141530: Current epoch: 421, loss: 0.022926893085241318, validation loss: 0.13782581686973572
2024-02-29 23:26:17.710365:2024-02-29 23:26:17.710263: Current epoch: 422, loss: 0.022820375859737396, validation loss: 0.13586384057998657
2024-02-29 23:26:35.086124:2024-02-29 23:26:35.085983: Current epoch: 423, loss: 0.02274901419878006, validation loss: 0.13751022517681122
2024-02-29 23:26:51.722737:2024-02-29 23:26:51.722666: Current epoch: 424, loss: 0.023183468729257584, validation loss: 0.13555999100208282
2024-02-29 23:27:09.010054:2024-02-29 23:27:09.009977: Current epoch: 425, loss: 0.022954827174544334, validation loss: 0.13617420196533203
2024-02-29 23:27:25.810280:2024-02-29 23:27:25.810204: Current epoch: 426, loss: 0.02283482626080513, validation loss: 0.13603173196315765
2024-02-29 23:27:43.190226:2024-02-29 23:27:43.190064: Current epoch: 427, loss: 0.022937262430787086, validation loss: 0.1347534954547882
2024-02-29 23:28:00.079517:2024-02-29 23:28:00.079448: Current epoch: 428, loss: 0.02262551710009575, validation loss: 0.13613271713256836
2024-02-29 23:28:17.304846:2024-02-29 23:28:17.304764: Current epoch: 429, loss: 0.022715739905834198, validation loss: 0.13510513305664062
2024-02-29 23:28:34.624455:2024-02-29 23:28:34.624283: Current epoch: 430, loss: 0.022878464311361313, validation loss: 0.1348164975643158
2024-02-29 23:28:52.333355:2024-02-29 23:28:52.333187: Current epoch: 431, loss: 0.022497527301311493, validation loss: 0.13606244325637817
2024-02-29 23:29:09.920401:2024-02-29 23:29:09.920258: Current epoch: 432, loss: 0.022453155368566513, validation loss: 0.13666985929012299
2024-02-29 23:29:27.303769:2024-02-29 23:29:27.303600: Current epoch: 433, loss: 0.022609520703554153, validation loss: 0.14214272797107697
2024-02-29 23:29:43.354101:2024-02-29 23:29:43.353963: Current epoch: 434, loss: 0.022654909640550613, validation loss: 0.13503354787826538
2024-02-29 23:30:00.396591:2024-02-29 23:30:00.396410: Current epoch: 435, loss: 0.02261383645236492, validation loss: 0.1369786560535431
2024-02-29 23:30:17.230334:2024-02-29 23:30:17.230180: Current epoch: 436, loss: 0.02216929942369461, validation loss: 0.13750861585140228
2024-02-29 23:30:33.996715:2024-02-29 23:30:33.996614: Current epoch: 437, loss: 0.022329295054078102, validation loss: 0.1375558078289032
2024-02-29 23:30:50.961094:2024-02-29 23:30:50.960942: Current epoch: 438, loss: 0.02230227366089821, validation loss: 0.13521896302700043
2024-02-29 23:31:07.610180:2024-02-29 23:31:07.610100: Current epoch: 439, loss: 0.022149471566081047, validation loss: 0.14111751317977905
2024-02-29 23:31:24.457011:2024-02-29 23:31:24.456845: Current epoch: 440, loss: 0.022485248744487762, validation loss: 0.13627366721630096
2024-02-29 23:31:41.456554:2024-02-29 23:31:41.456360: Current epoch: 441, loss: 0.022616758942604065, validation loss: 0.13772261142730713
2024-02-29 23:31:58.412890:2024-02-29 23:31:58.412745: Current epoch: 442, loss: 0.02205476351082325, validation loss: 0.13671109080314636
2024-02-29 23:32:15.472992:2024-02-29 23:32:15.472915: Current epoch: 443, loss: 0.022078862413764, validation loss: 0.13483089208602905
2024-02-29 23:32:32.514555:2024-02-29 23:32:32.514412: Current epoch: 444, loss: 0.022362446412444115, validation loss: 0.13697345554828644
2024-02-29 23:32:49.271856:2024-02-29 23:32:49.271707: Current epoch: 445, loss: 0.0219925157725811, validation loss: 0.1369026005268097
2024-02-29 23:33:06.341797:2024-02-29 23:33:06.341653: Current epoch: 446, loss: 0.022074654698371887, validation loss: 0.13831782341003418
2024-02-29 23:33:23.026708:2024-02-29 23:33:23.026558: Current epoch: 447, loss: 0.02217877469956875, validation loss: 0.13855820894241333
2024-02-29 23:33:39.822372:2024-02-29 23:33:39.822268: Current epoch: 448, loss: 0.02240077033638954, validation loss: 0.1350984424352646
2024-02-29 23:33:56.753869:2024-02-29 23:33:56.753702: Current epoch: 449, loss: 0.022592773661017418, validation loss: 0.13527800142765045
2024-02-29 23:34:13.321841:2024-02-29 23:34:13.321692: Current epoch: 450, loss: 0.021807733923196793, validation loss: 0.13568346202373505
2024-02-29 23:34:29.685696:2024-02-29 23:34:29.685557: Current epoch: 451, loss: 0.02192259579896927, validation loss: 0.13739745318889618
2024-02-29 23:34:45.931418:2024-02-29 23:34:45.931300: Current epoch: 452, loss: 0.02161768451333046, validation loss: 0.13616710901260376
2024-02-29 23:35:02.663218:2024-02-29 23:35:02.663141: Current epoch: 453, loss: 0.02244456112384796, validation loss: 0.1390431821346283
2024-02-29 23:35:19.290570:2024-02-29 23:35:19.290452: Current epoch: 454, loss: 0.021982181817293167, validation loss: 0.1360567808151245
2024-02-29 23:35:35.825019:2024-02-29 23:35:35.824912: Current epoch: 455, loss: 0.021674131974577904, validation loss: 0.13487115502357483
2024-02-29 23:35:52.792899:2024-02-29 23:35:52.792820: Current epoch: 456, loss: 0.02150660753250122, validation loss: 0.13466639816761017
2024-02-29 23:36:09.989478:2024-02-29 23:36:09.989280: Current epoch: 457, loss: 0.021889101713895798, validation loss: 0.1370522528886795
2024-02-29 23:36:27.298136:2024-02-29 23:36:27.297981: Current epoch: 458, loss: 0.02200695499777794, validation loss: 0.13612830638885498
2024-02-29 23:36:44.071284:2024-02-29 23:36:44.071121: Current epoch: 459, loss: 0.021604783833026886, validation loss: 0.13824519515037537
2024-02-29 23:37:00.630452:2024-02-29 23:37:00.630298: Current epoch: 460, loss: 0.021655002608895302, validation loss: 0.1355559080839157
2024-02-29 23:37:17.185308:2024-02-29 23:37:17.185214: Current epoch: 461, loss: 0.021590355783700943, validation loss: 0.13509079813957214
2024-02-29 23:37:34.102045:2024-02-29 23:37:34.101878: Current epoch: 462, loss: 0.021537762135267258, validation loss: 0.13649587333202362
2024-02-29 23:37:50.692413:2024-02-29 23:37:50.692333: Current epoch: 463, loss: 0.021649600937962532, validation loss: 0.13510048389434814
2024-02-29 23:38:07.462646:2024-02-29 23:38:07.462483: Current epoch: 464, loss: 0.021152609959244728, validation loss: 0.13623879849910736
2024-02-29 23:38:24.419962:2024-02-29 23:38:24.419885: Current epoch: 465, loss: 0.02167733944952488, validation loss: 0.1396322250366211
2024-02-29 23:38:41.936306:2024-02-29 23:38:41.936228: Current epoch: 466, loss: 0.021410144865512848, validation loss: 0.1373508721590042
2024-02-29 23:38:59.379438:2024-02-29 23:38:59.379256: Current epoch: 467, loss: 0.021634267643094063, validation loss: 0.13701869547367096
2024-02-29 23:39:16.656194:2024-02-29 23:39:16.656116: Current epoch: 468, loss: 0.021786533296108246, validation loss: 0.13763928413391113
2024-02-29 23:39:33.391284:2024-02-29 23:39:33.391151: Current epoch: 469, loss: 0.02086411789059639, validation loss: 0.13507279753684998
2024-02-29 23:39:50.559178:2024-02-29 23:39:50.559082: Current epoch: 470, loss: 0.02130519412457943, validation loss: 0.13524435460567474
2024-02-29 23:40:08.038780:2024-02-29 23:40:08.038690: Current epoch: 471, loss: 0.021087855100631714, validation loss: 0.13833503425121307
2024-02-29 23:40:25.126849:2024-02-29 23:40:25.126718: Current epoch: 472, loss: 0.021493999287486076, validation loss: 0.13704214990139008
2024-02-29 23:40:42.472534:2024-02-29 23:40:42.472452: Current epoch: 473, loss: 0.020982973277568817, validation loss: 0.13695546984672546
2024-02-29 23:41:00.155264:2024-02-29 23:41:00.155186: Current epoch: 474, loss: 0.021194547414779663, validation loss: 0.1375114917755127
2024-02-29 23:41:16.918761:2024-02-29 23:41:16.918600: Current epoch: 475, loss: 0.02108226902782917, validation loss: 0.13655312359333038
2024-02-29 23:41:33.658615:2024-02-29 23:41:33.658526: Current epoch: 476, loss: 0.020869087427854538, validation loss: 0.13638609647750854
2024-02-29 23:41:50.441176:2024-02-29 23:41:50.441096: Current epoch: 477, loss: 0.021122505888342857, validation loss: 0.13697968423366547
2024-02-29 23:42:07.275671:2024-02-29 23:42:07.275555: Current epoch: 478, loss: 0.02091648429632187, validation loss: 0.1367749273777008
2024-02-29 23:42:23.794269:2024-02-29 23:42:23.794173: Current epoch: 479, loss: 0.02076774649322033, validation loss: 0.13498057425022125
2024-02-29 23:42:40.596436:2024-02-29 23:42:40.596357: Current epoch: 480, loss: 0.020985642448067665, validation loss: 0.13942332565784454
2024-02-29 23:42:57.480783:2024-02-29 23:42:57.480630: Current epoch: 481, loss: 0.021609056740999222, validation loss: 0.1374002993106842
2024-02-29 23:43:14.072349:2024-02-29 23:43:14.072261: Current epoch: 482, loss: 0.02057380974292755, validation loss: 0.13655558228492737
2024-02-29 23:43:30.826947:2024-02-29 23:43:30.826874: Current epoch: 483, loss: 0.02079043537378311, validation loss: 0.13653527200222015
2024-02-29 23:43:47.504485:2024-02-29 23:43:47.504304: Current epoch: 484, loss: 0.02078690379858017, validation loss: 0.1370498687028885
2024-02-29 23:44:04.805154:2024-02-29 23:44:04.805069: Current epoch: 485, loss: 0.020866340026259422, validation loss: 0.13509239256381989
2024-02-29 23:44:22.030117:2024-02-29 23:44:22.030041: Current epoch: 486, loss: 0.020699625834822655, validation loss: 0.13831421732902527
2024-02-29 23:44:38.493084:2024-02-29 23:44:38.492917: Current epoch: 487, loss: 0.020845500752329826, validation loss: 0.13648070394992828
2024-02-29 23:44:55.612896:2024-02-29 23:44:55.612819: Current epoch: 488, loss: 0.020491575822234154, validation loss: 0.13857139647006989
2024-02-29 23:45:13.288033:2024-02-29 23:45:13.287948: Current epoch: 489, loss: 0.020562250167131424, validation loss: 0.13706102967262268
2024-02-29 23:45:30.845946:2024-02-29 23:45:30.845785: Current epoch: 490, loss: 0.02058321051299572, validation loss: 0.13516007363796234
2024-02-29 23:45:46.970699:2024-02-29 23:45:46.970622: Current epoch: 491, loss: 0.020693423226475716, validation loss: 0.13751359283924103
2024-02-29 23:46:04.425950:2024-02-29 23:46:04.425879: Current epoch: 492, loss: 0.020460210740566254, validation loss: 0.13481222093105316
2024-02-29 23:46:21.651899:2024-02-29 23:46:21.651752: Current epoch: 493, loss: 0.02019086480140686, validation loss: 0.1381700038909912
2024-02-29 23:46:39.210951:2024-02-29 23:46:39.210875: Current epoch: 494, loss: 0.0205517765134573, validation loss: 0.1359538584947586
2024-02-29 23:46:56.235897:2024-02-29 23:46:56.235819: Current epoch: 495, loss: 0.02063271962106228, validation loss: 0.1409660428762436
2024-02-29 23:47:13.795478:2024-02-29 23:47:13.795296: Current epoch: 496, loss: 0.020442433655261993, validation loss: 0.14150799810886383
2024-02-29 23:47:30.741095:2024-02-29 23:47:30.741017: Current epoch: 497, loss: 0.020374253392219543, validation loss: 0.1380072981119156
2024-02-29 23:47:47.475869:2024-02-29 23:47:47.475726: Current epoch: 498, loss: 0.02110857330262661, validation loss: 0.13607627153396606
2024-02-29 23:48:04.129314:2024-02-29 23:48:04.129223: Current epoch: 499, loss: 0.019590571522712708, validation loss: 0.13523708283901215
2024-02-29 23:48:21.187105:2024-02-29 23:48:21.187026: Current epoch: 500, loss: 0.020016370341181755, validation loss: 0.13675306737422943
2024-02-29 23:48:37.884698:2024-02-29 23:48:37.884623: Current epoch: 501, loss: 0.01997656561434269, validation loss: 0.13546030223369598
2024-02-29 23:48:55.233393:2024-02-29 23:48:55.233210: Current epoch: 502, loss: 0.019938591867685318, validation loss: 0.13625402748584747
2024-02-29 23:49:11.808466:2024-02-29 23:49:11.808379: Current epoch: 503, loss: 0.02002643793821335, validation loss: 0.13731279969215393
2024-02-29 23:49:28.652271:2024-02-29 23:49:28.652147: Current epoch: 504, loss: 0.020387660712003708, validation loss: 0.1360887885093689
2024-02-29 23:49:45.654108:2024-02-29 23:49:45.654003: Current epoch: 505, loss: 0.019977523013949394, validation loss: 0.13703934848308563
2024-02-29 23:50:03.245175:2024-02-29 23:50:03.245095: Current epoch: 506, loss: 0.019895972684025764, validation loss: 0.13515165448188782
2024-02-29 23:50:20.238716:2024-02-29 23:50:20.238566: Current epoch: 507, loss: 0.020141223445534706, validation loss: 0.13900652527809143
2024-02-29 23:50:37.428349:2024-02-29 23:50:37.428046: Current epoch: 508, loss: 0.019962606951594353, validation loss: 0.13639886677265167
2024-02-29 23:50:54.789995:2024-02-29 23:50:54.789793: Current epoch: 509, loss: 0.019975736737251282, validation loss: 0.1368655115365982
2024-02-29 23:51:11.736302:2024-02-29 23:51:11.736229: Current epoch: 510, loss: 0.020139560103416443, validation loss: 0.13796302676200867
2024-02-29 23:51:28.701555:2024-02-29 23:51:28.701393: Current epoch: 511, loss: 0.020645668730139732, validation loss: 0.13550254702568054
2024-02-29 23:51:46.058003:2024-02-29 23:51:46.057836: Current epoch: 512, loss: 0.019469410181045532, validation loss: 0.13899113237857819
2024-02-29 23:52:03.074955:2024-02-29 23:52:03.074791: Current epoch: 513, loss: 0.019876377657055855, validation loss: 0.13805152475833893
2024-02-29 23:52:20.375737:2024-02-29 23:52:20.375578: Current epoch: 514, loss: 0.01973051019012928, validation loss: 0.13564805686473846
2024-02-29 23:52:38.203345:2024-02-29 23:52:38.203179: Current epoch: 515, loss: 0.019659478217363358, validation loss: 0.13759692013263702
2024-02-29 23:52:55.267676:2024-02-29 23:52:55.267535: Current epoch: 516, loss: 0.019706638529896736, validation loss: 0.13522560894489288
2024-02-29 23:53:13.201520:2024-02-29 23:53:13.201354: Current epoch: 517, loss: 0.019976196810603142, validation loss: 0.13559269905090332
2024-02-29 23:53:30.551336:2024-02-29 23:53:30.551247: Current epoch: 518, loss: 0.019801385700702667, validation loss: 0.13922306895256042
2024-02-29 23:53:48.024473:2024-02-29 23:53:48.024292: Current epoch: 519, loss: 0.02116377465426922, validation loss: 0.13522116839885712
2024-02-29 23:54:05.275215:2024-02-29 23:54:05.274942: Current epoch: 520, loss: 0.01920759491622448, validation loss: 0.13752683997154236
2024-02-29 23:54:22.550753:2024-02-29 23:54:22.550675: Current epoch: 521, loss: 0.01932877115905285, validation loss: 0.136674702167511
2024-02-29 23:54:40.067357:2024-02-29 23:54:40.067248: Current epoch: 522, loss: 0.019408242776989937, validation loss: 0.13850286602973938
2024-02-29 23:54:56.810583:2024-02-29 23:54:56.810415: Current epoch: 523, loss: 0.019637053832411766, validation loss: 0.13856454193592072
2024-02-29 23:55:13.622605:2024-02-29 23:55:13.622528: Current epoch: 524, loss: 0.019404368475079536, validation loss: 0.13748183846473694
2024-02-29 23:55:30.802245:2024-02-29 23:55:30.802121: Current epoch: 525, loss: 0.020835639908909798, validation loss: 0.1425125002861023
2024-02-29 23:55:48.180752:2024-02-29 23:55:48.180665: Current epoch: 526, loss: 0.018929373472929, validation loss: 0.13809998333454132
2024-02-29 23:56:04.928915:2024-02-29 23:56:04.928826: Current epoch: 527, loss: 0.018527749925851822, validation loss: 0.13645873963832855
2024-02-29 23:56:22.268703:2024-02-29 23:56:22.268577: Current epoch: 528, loss: 0.019414206966757774, validation loss: 0.13580971956253052
2024-02-29 23:56:39.323804:2024-02-29 23:56:39.323718: Current epoch: 529, loss: 0.01942957378923893, validation loss: 0.13577993214130402
2024-02-29 23:56:56.251794:2024-02-29 23:56:56.251658: Current epoch: 530, loss: 0.019453834742307663, validation loss: 0.1368815153837204
2024-02-29 23:57:13.742135:2024-02-29 23:57:13.741967: Current epoch: 531, loss: 0.019268905743956566, validation loss: 0.1380636841058731
2024-02-29 23:57:30.753920:2024-02-29 23:57:30.753785: Current epoch: 532, loss: 0.01918763481080532, validation loss: 0.13714034855365753
2024-02-29 23:57:48.090626:2024-02-29 23:57:48.090537: Current epoch: 533, loss: 0.019298240542411804, validation loss: 0.13662341237068176
2024-02-29 23:57:49.147477:the test error is  [0.13315536081790924, 0.13315536081790924]
2024-02-29 23:57:51.483573:saved model to sample/bert-base-uncased_chemnlp_prop_formation_energy_peratom
2024-02-29 23:57:52.453210:done