
2024-03-20 01:05:18.387585:job config: {'train_data_path': '/data/yll6162/alignntl_dft_3d/tl_dataset/dataset_bert-base-uncased_robo_prop_mbj_bandgap_train.csv', 'val_data_path': '/data/yll6162/alignntl_dft_3d/tl_dataset/dataset_bert-base-uncased_robo_prop_mbj_bandgap_val.csv', 'test_data_path': '/data/yll6162/alignntl_dft_3d/tl_dataset/dataset_bert-base-uncased_robo_prop_mbj_bandgap_test.csv', 'label': 'mbj_bandgap', 'input_type': None, 'log_folder': 'log', 'log_file': 'bert-base-uncased_robo_prop_mbj_bandgap.log', 'test_metric': 'mae', 'architecture': '1024Rx4D-512Rx3D-256Rx3D-128Rx3D-64Rx2-32Rx1-1', 'model_seed': 0, 'loss_type': 'mae', 'config_file': 'sample/bert-base-uncased_robo_prop_mbj_bandgap_job.config', 'use_valid': True, 'project': 'MOF', 'regressors': None, 'input_types': None, 'paramsGrid': {'optimizer': 'Adam', 'learning_rate': 0.0001, 'patience': 200, 'dropouts': [0.8, 0.9, 0.7, 0.8], 'EVAL_FREQUENCY': 1000}, 'save_path': 'sample/bert-base-uncased_robo_prop_mbj_bandgap', 'model_path': None, 'last_layer_with_weight': True, 'keras_path': 'model/bert-base-uncased_robo_prop_mbj_bandgap', 'test_size': None, 'val_size': None}
2024-03-20 01:05:18.387653:train data path is  /data/yll6162/alignntl_dft_3d/tl_dataset/dataset_bert-base-uncased_robo_prop_mbj_bandgap_train.csv
2024-03-20 01:05:20.058516:input attribute sets are:  None
2024-03-20 01:05:20.058768:test data path is  /data/yll6162/alignntl_dft_3d/tl_dataset/dataset_bert-base-uncased_robo_prop_mbj_bandgap_test.csv
2024-03-20 01:05:20.286679:val data path is  /data/yll6162/alignntl_dft_3d/tl_dataset/dataset_bert-base-uncased_robo_prop_mbj_bandgap_val.csv
2024-03-20 01:05:20.517450:input attributes are:  Index(['0', '1', '2', '3', '4', '5', '6', '7', '8', '9',
       ...
       '758', '759', '760', '761', '762', '763', '764', '765', '766', '767'],
      dtype='object', length=768)
2024-03-20 01:05:20.517741:label: mbj_bandgap
2024-03-20 01:05:25.283112: train, test, valid sizes:  (15642, 768) (15642,) (1957, 768) (1957,) (1957, 768) (1957,)
2024-03-20 01:05:25.316998:train matrix shape of train_X:  (15642, 768)  train_y:  (15642,)
2024-03-20 01:05:25.317139:valid matrix shape of train_X:  (1957, 768)  valid_y:  (1957,)
2024-03-20 01:05:25.317180:test matrix shape of valid_X:   (1957, 768)  test_y:  (1957,)
2024-03-20 01:05:25.317215:architecture is:  1024Rx4D-512Rx3D-256Rx3D-128Rx3D-64Rx2-32Rx1-1
2024-03-20 01:05:25.317259:learning rate is  0.0001
2024-03-20 01:05:25.317292:model path is  None
2024-03-20 01:05:25.333940:adding fully connected layers with 1024 outputs
2024-03-20 01:05:27.384248:adding residual with fc as the size are different
2024-03-20 01:05:27.391360:adding fully connected layers with 1024 outputs
2024-03-20 01:05:27.396514:adding residual, both sizes are same
2024-03-20 01:05:27.398451:adding fully connected layers with 1024 outputs
2024-03-20 01:05:27.403412:adding residual, both sizes are same
2024-03-20 01:05:27.405285:adding fully connected layers with 1024 outputs
2024-03-20 01:05:27.410048:adding residual, both sizes are same
2024-03-20 01:05:27.412000:adding dropout 0.8
2024-03-20 01:05:27.416525:adding fully connected layers with 512 outputs
2024-03-20 01:05:27.421547:adding residual with fc as the size are different
2024-03-20 01:05:27.428584:adding fully connected layers with 512 outputs
2024-03-20 01:05:27.433548:adding residual, both sizes are same
2024-03-20 01:05:27.435417:adding fully connected layers with 512 outputs
2024-03-20 01:05:27.440392:adding residual, both sizes are same
2024-03-20 01:05:27.442268:adding dropout 0.9
2024-03-20 01:05:27.443908:adding fully connected layers with 256 outputs
2024-03-20 01:05:27.448982:adding residual with fc as the size are different
2024-03-20 01:05:27.455405:adding fully connected layers with 256 outputs
2024-03-20 01:05:27.460447:adding residual, both sizes are same
2024-03-20 01:05:27.466709:adding fully connected layers with 256 outputs
2024-03-20 01:05:27.479990:adding residual, both sizes are same
2024-03-20 01:05:27.482481:adding dropout 0.7
2024-03-20 01:05:27.484594:adding fully connected layers with 128 outputs
2024-03-20 01:05:27.490435:adding residual with fc as the size are different
2024-03-20 01:05:27.505493:adding fully connected layers with 128 outputs
2024-03-20 01:05:27.511580:adding residual, both sizes are same
2024-03-20 01:05:27.513413:adding fully connected layers with 128 outputs
2024-03-20 01:05:27.518074:adding residual, both sizes are same
2024-03-20 01:05:27.520124:adding dropout 0.8
2024-03-20 01:05:27.521689:adding fully connected layers with 64 outputs
2024-03-20 01:05:27.526592:adding residual with fc as the size are different
2024-03-20 01:05:27.532739:adding fully connected layers with 64 outputs
2024-03-20 01:05:27.537827:adding residual, both sizes are same
2024-03-20 01:05:27.539639:adding fully connected layers with 32 outputs
2024-03-20 01:05:27.544440:adding residual with fc as the size are different
2024-03-20 01:05:27.550801:adding final layer with 1 output
2024-03-20 01:05:27.560098:Model: "ElemNet"
2024-03-20 01:05:27.560165:__________________________________________________________________________________________________
2024-03-20 01:05:27.560212:Layer (type)                    Output Shape         Param #     Connected to                     
2024-03-20 01:05:27.560247:==================================================================================================
2024-03-20 01:05:27.560462:elemental_fractions (InputLayer [(None, 768)]        0                                            
2024-03-20 01:05:27.560509:__________________________________________________________________________________________________
2024-03-20 01:05:27.560668:fc0_0 (Dense)                   (None, 1024)         787456      elemental_fractions[0][0]        
2024-03-20 01:05:27.560713:__________________________________________________________________________________________________
2024-03-20 01:05:27.560821:fc0_dim_0 (Dense)               (None, 1024)         787456      elemental_fractions[0][0]        
2024-03-20 01:05:27.560863:__________________________________________________________________________________________________
2024-03-20 01:05:27.560942:tf.__operators__.add (TFOpLambd (None, 1024)         0           fc0_0[0][0]                      
2024-03-20 01:05:27.560984:                                                                 fc0_dim_0[0][0]                  
2024-03-20 01:05:27.561018:__________________________________________________________________________________________________
2024-03-20 01:05:27.561121:fc0_1 (Dense)                   (None, 1024)         1049600     tf.__operators__.add[0][0]       
2024-03-20 01:05:27.561162:__________________________________________________________________________________________________
2024-03-20 01:05:27.561237:tf.__operators__.add_1 (TFOpLam (None, 1024)         0           fc0_1[0][0]                      
2024-03-20 01:05:27.561277:                                                                 tf.__operators__.add[0][0]       
2024-03-20 01:05:27.561311:__________________________________________________________________________________________________
2024-03-20 01:05:27.561410:fc0_2 (Dense)                   (None, 1024)         1049600     tf.__operators__.add_1[0][0]     
2024-03-20 01:05:27.561451:__________________________________________________________________________________________________
2024-03-20 01:05:27.561537:tf.__operators__.add_2 (TFOpLam (None, 1024)         0           fc0_2[0][0]                      
2024-03-20 01:05:27.561577:                                                                 tf.__operators__.add_1[0][0]     
2024-03-20 01:05:27.561611:__________________________________________________________________________________________________
2024-03-20 01:05:27.561710:fc0_3 (Dense)                   (None, 1024)         1049600     tf.__operators__.add_2[0][0]     
2024-03-20 01:05:27.561751:__________________________________________________________________________________________________
2024-03-20 01:05:27.561823:tf.__operators__.add_3 (TFOpLam (None, 1024)         0           fc0_3[0][0]                      
2024-03-20 01:05:27.561864:                                                                 tf.__operators__.add_2[0][0]     
2024-03-20 01:05:27.561903:__________________________________________________________________________________________________
2024-03-20 01:05:27.561976:dropout (Dropout)               (None, 1024)         0           tf.__operators__.add_3[0][0]     
2024-03-20 01:05:27.562012:__________________________________________________________________________________________________
2024-03-20 01:05:27.562115:fc1_0 (Dense)                   (None, 512)          524800      dropout[0][0]                    
2024-03-20 01:05:27.562154:__________________________________________________________________________________________________
2024-03-20 01:05:27.562252:fc1_dim_0 (Dense)               (None, 512)          524800      dropout[0][0]                    
2024-03-20 01:05:27.562291:__________________________________________________________________________________________________
2024-03-20 01:05:27.562365:tf.__operators__.add_4 (TFOpLam (None, 512)          0           fc1_0[0][0]                      
2024-03-20 01:05:27.562406:                                                                 fc1_dim_0[0][0]                  
2024-03-20 01:05:27.562441:__________________________________________________________________________________________________
2024-03-20 01:05:27.562675:fc1_1 (Dense)                   (None, 512)          262656      tf.__operators__.add_4[0][0]     
2024-03-20 01:05:27.562784:__________________________________________________________________________________________________
2024-03-20 01:05:27.562934:tf.__operators__.add_5 (TFOpLam (None, 512)          0           fc1_1[0][0]                      
2024-03-20 01:05:27.563000:                                                                 tf.__operators__.add_4[0][0]     
2024-03-20 01:05:27.563049:__________________________________________________________________________________________________
2024-03-20 01:05:27.563204:fc1_2 (Dense)                   (None, 512)          262656      tf.__operators__.add_5[0][0]     
2024-03-20 01:05:27.563260:__________________________________________________________________________________________________
2024-03-20 01:05:27.563380:tf.__operators__.add_6 (TFOpLam (None, 512)          0           fc1_2[0][0]                      
2024-03-20 01:05:27.563439:                                                                 tf.__operators__.add_5[0][0]     
2024-03-20 01:05:27.563498:__________________________________________________________________________________________________
2024-03-20 01:05:27.563600:dropout_1 (Dropout)             (None, 512)          0           tf.__operators__.add_6[0][0]     
2024-03-20 01:05:27.563654:__________________________________________________________________________________________________
2024-03-20 01:05:27.563797:fc2_0 (Dense)                   (None, 256)          131328      dropout_1[0][0]                  
2024-03-20 01:05:27.563856:__________________________________________________________________________________________________
2024-03-20 01:05:27.563995:fc2_dim_0 (Dense)               (None, 256)          131328      dropout_1[0][0]                  
2024-03-20 01:05:27.564051:__________________________________________________________________________________________________
2024-03-20 01:05:27.564156:tf.__operators__.add_7 (TFOpLam (None, 256)          0           fc2_0[0][0]                      
2024-03-20 01:05:27.564216:                                                                 fc2_dim_0[0][0]                  
2024-03-20 01:05:27.564264:__________________________________________________________________________________________________
2024-03-20 01:05:27.564402:fc2_1 (Dense)                   (None, 256)          65792       tf.__operators__.add_7[0][0]     
2024-03-20 01:05:27.564470:__________________________________________________________________________________________________
2024-03-20 01:05:27.564718:tf.__operators__.add_8 (TFOpLam (None, 256)          0           fc2_1[0][0]                      
2024-03-20 01:05:27.564949:                                                                 tf.__operators__.add_7[0][0]     
2024-03-20 01:05:27.565094:__________________________________________________________________________________________________
2024-03-20 01:05:27.565553:fc2_2 (Dense)                   (None, 256)          65792       tf.__operators__.add_8[0][0]     
2024-03-20 01:05:27.565711:__________________________________________________________________________________________________
2024-03-20 01:05:27.565986:tf.__operators__.add_9 (TFOpLam (None, 256)          0           fc2_2[0][0]                      
2024-03-20 01:05:27.566133:                                                                 tf.__operators__.add_8[0][0]     
2024-03-20 01:05:27.566251:__________________________________________________________________________________________________
2024-03-20 01:05:27.566515:dropout_2 (Dropout)             (None, 256)          0           tf.__operators__.add_9[0][0]     
2024-03-20 01:05:27.566642:__________________________________________________________________________________________________
2024-03-20 01:05:27.566992:fc3_0 (Dense)                   (None, 128)          32896       dropout_2[0][0]                  
2024-03-20 01:05:27.567129:__________________________________________________________________________________________________
2024-03-20 01:05:27.567472:fc3_dim_0 (Dense)               (None, 128)          32896       dropout_2[0][0]                  
2024-03-20 01:05:27.567610:__________________________________________________________________________________________________
2024-03-20 01:05:27.567859:tf.__operators__.add_10 (TFOpLa (None, 128)          0           fc3_0[0][0]                      
2024-03-20 01:05:27.568000:                                                                 fc3_dim_0[0][0]                  
2024-03-20 01:05:27.568118:__________________________________________________________________________________________________
2024-03-20 01:05:27.568446:fc3_1 (Dense)                   (None, 128)          16512       tf.__operators__.add_10[0][0]    
2024-03-20 01:05:27.568595:__________________________________________________________________________________________________
2024-03-20 01:05:27.568842:tf.__operators__.add_11 (TFOpLa (None, 128)          0           fc3_1[0][0]                      
2024-03-20 01:05:27.568983:                                                                 tf.__operators__.add_10[0][0]    
2024-03-20 01:05:27.569099:__________________________________________________________________________________________________
2024-03-20 01:05:27.569426:fc3_2 (Dense)                   (None, 128)          16512       tf.__operators__.add_11[0][0]    
2024-03-20 01:05:27.569632:__________________________________________________________________________________________________
2024-03-20 01:05:27.569924:tf.__operators__.add_12 (TFOpLa (None, 128)          0           fc3_2[0][0]                      
2024-03-20 01:05:27.570069:                                                                 tf.__operators__.add_11[0][0]    
2024-03-20 01:05:27.570187:__________________________________________________________________________________________________
2024-03-20 01:05:27.570423:dropout_3 (Dropout)             (None, 128)          0           tf.__operators__.add_12[0][0]    
2024-03-20 01:05:27.570579:__________________________________________________________________________________________________
2024-03-20 01:05:27.570920:fc4_0 (Dense)                   (None, 64)           8256        dropout_3[0][0]                  
2024-03-20 01:05:27.571055:__________________________________________________________________________________________________
2024-03-20 01:05:27.571381:fc4_dim_0 (Dense)               (None, 64)           8256        dropout_3[0][0]                  
2024-03-20 01:05:27.571537:__________________________________________________________________________________________________
2024-03-20 01:05:27.571787:tf.__operators__.add_13 (TFOpLa (None, 64)           0           fc4_0[0][0]                      
2024-03-20 01:05:27.571942:                                                                 fc4_dim_0[0][0]                  
2024-03-20 01:05:27.572062:__________________________________________________________________________________________________
2024-03-20 01:05:27.572387:fc4_1 (Dense)                   (None, 64)           4160        tf.__operators__.add_13[0][0]    
2024-03-20 01:05:27.572545:__________________________________________________________________________________________________
2024-03-20 01:05:27.572794:tf.__operators__.add_14 (TFOpLa (None, 64)           0           fc4_1[0][0]                      
2024-03-20 01:05:27.572937:                                                                 tf.__operators__.add_13[0][0]    
2024-03-20 01:05:27.573055:__________________________________________________________________________________________________
2024-03-20 01:05:27.573382:fc5_0 (Dense)                   (None, 32)           2080        tf.__operators__.add_14[0][0]    
2024-03-20 01:05:27.573538:__________________________________________________________________________________________________
2024-03-20 01:05:27.573865:fc5_dim_0 (Dense)               (None, 32)           2080        tf.__operators__.add_14[0][0]    
2024-03-20 01:05:27.574000:__________________________________________________________________________________________________
2024-03-20 01:05:27.574245:tf.__operators__.add_15 (TFOpLa (None, 32)           0           fc5_0[0][0]                      
2024-03-20 01:05:27.574386:                                                                 fc5_dim_0[0][0]                  
2024-03-20 01:05:27.574582:__________________________________________________________________________________________________
2024-03-20 01:05:27.574954:fc6 (Dense)                     (None, 1)            33          tf.__operators__.add_15[0][0]    
2024-03-20 01:05:27.575094:==================================================================================================
2024-03-20 01:05:27.577070:Total params: 6,816,545
2024-03-20 01:05:27.577228:Trainable params: 6,816,545
2024-03-20 01:05:27.577353:Non-trainable params: 0
2024-03-20 01:05:27.577484:__________________________________________________________________________________________________
2024-03-20 01:05:27.591448:start training
2024-03-20 01:05:33.535723:2024-03-20 01:05:33.535661: Current epoch: 0, loss: 2.418497323989868, validation loss: 1.207097053527832
2024-03-20 01:05:38.034259:2024-03-20 01:05:38.034115: Current epoch: 1, loss: 1.253907322883606, validation loss: 1.2926828861236572
2024-03-20 01:05:42.571354:2024-03-20 01:05:42.571222: Current epoch: 2, loss: 1.1515313386917114, validation loss: 1.4324305057525635
2024-03-20 01:05:47.083547:2024-03-20 01:05:47.083452: Current epoch: 3, loss: 1.0458909273147583, validation loss: 0.9526194930076599
2024-03-20 01:05:51.742485:2024-03-20 01:05:51.742311: Current epoch: 4, loss: 1.0033875703811646, validation loss: 0.9903049468994141
2024-03-20 01:05:56.240029:2024-03-20 01:05:56.239941: Current epoch: 5, loss: 0.9437092542648315, validation loss: 0.9021247625350952
2024-03-20 01:06:00.886871:2024-03-20 01:06:00.886713: Current epoch: 6, loss: 0.9511049389839172, validation loss: 0.9437204003334045
2024-03-20 01:06:05.533950:2024-03-20 01:06:05.533896: Current epoch: 7, loss: 0.8880646824836731, validation loss: 0.844652533531189
2024-03-20 01:06:09.952858:2024-03-20 01:06:09.952691: Current epoch: 8, loss: 0.8591055870056152, validation loss: 0.8736693859100342
2024-03-20 01:06:14.364959:2024-03-20 01:06:14.364799: Current epoch: 9, loss: 0.854754626750946, validation loss: 0.9020377993583679
2024-03-20 01:06:21.340588:2024-03-20 01:06:21.340519: Current epoch: 10, loss: 0.8163167834281921, validation loss: 0.8049558997154236
2024-03-20 01:06:25.847689:2024-03-20 01:06:25.847628: Current epoch: 11, loss: 0.836356520652771, validation loss: 0.8382775783538818
2024-03-20 01:06:30.261690:2024-03-20 01:06:30.261611: Current epoch: 12, loss: 0.7757762670516968, validation loss: 0.8669711947441101
2024-03-20 01:06:34.872219:2024-03-20 01:06:34.872049: Current epoch: 13, loss: 0.7394024133682251, validation loss: 0.7883941531181335
2024-03-20 01:06:39.328083:2024-03-20 01:06:39.327920: Current epoch: 14, loss: 0.7349898219108582, validation loss: 0.9005250930786133
2024-03-20 01:06:43.797879:2024-03-20 01:06:43.797826: Current epoch: 15, loss: 0.7210801243782043, validation loss: 0.697792649269104
2024-03-20 01:06:48.190267:2024-03-20 01:06:48.190107: Current epoch: 16, loss: 0.7076565623283386, validation loss: 0.7825877666473389
2024-03-20 01:06:52.632166:2024-03-20 01:06:52.632090: Current epoch: 17, loss: 0.6864036321640015, validation loss: 0.7692557573318481
2024-03-20 01:06:57.107536:2024-03-20 01:06:57.107414: Current epoch: 18, loss: 0.681912899017334, validation loss: 0.9451200366020203
2024-03-20 01:07:01.516017:2024-03-20 01:07:01.515907: Current epoch: 19, loss: 0.6751548051834106, validation loss: 0.717021107673645
2024-03-20 01:07:08.222989:2024-03-20 01:07:08.222927: Current epoch: 20, loss: 0.6493465900421143, validation loss: 0.6928942799568176
2024-03-20 01:07:12.556048:2024-03-20 01:07:12.555988: Current epoch: 21, loss: 0.6432788372039795, validation loss: 0.6551167368888855
2024-03-20 01:07:16.806693:2024-03-20 01:07:16.806614: Current epoch: 22, loss: 0.6168080568313599, validation loss: 0.7203657031059265
2024-03-20 01:07:21.099300:2024-03-20 01:07:21.099224: Current epoch: 23, loss: 0.6124968528747559, validation loss: 0.6621620655059814
2024-03-20 01:07:25.497541:2024-03-20 01:07:25.497446: Current epoch: 24, loss: 0.5965543389320374, validation loss: 0.8612462878227234
2024-03-20 01:07:30.010008:2024-03-20 01:07:30.009903: Current epoch: 25, loss: 0.5963877439498901, validation loss: 0.6764002442359924
2024-03-20 01:07:34.391674:2024-03-20 01:07:34.391569: Current epoch: 26, loss: 0.5926060676574707, validation loss: 0.7781441807746887
2024-03-20 01:07:38.645842:2024-03-20 01:07:38.645767: Current epoch: 27, loss: 0.5615277290344238, validation loss: 0.6756864786148071
2024-03-20 01:07:42.829284:2024-03-20 01:07:42.829210: Current epoch: 28, loss: 0.5616706609725952, validation loss: 0.7733169198036194
2024-03-20 01:07:47.193739:2024-03-20 01:07:47.193685: Current epoch: 29, loss: 0.5502578616142273, validation loss: 0.5990707278251648
2024-03-20 01:07:53.889484:2024-03-20 01:07:53.889386: Current epoch: 30, loss: 0.5279629230499268, validation loss: 0.6440428495407104
2024-03-20 01:07:58.126129:2024-03-20 01:07:58.126083: Current epoch: 31, loss: 0.5510721802711487, validation loss: 0.6839912533760071
2024-03-20 01:08:02.362949:2024-03-20 01:08:02.362872: Current epoch: 32, loss: 0.5153928399085999, validation loss: 0.6367521286010742
2024-03-20 01:08:06.704275:2024-03-20 01:08:06.704141: Current epoch: 33, loss: 0.5026688575744629, validation loss: 0.6254957914352417
2024-03-20 01:08:11.134920:2024-03-20 01:08:11.134815: Current epoch: 34, loss: 0.5015277862548828, validation loss: 0.6069945096969604
2024-03-20 01:08:15.212236:2024-03-20 01:08:15.212159: Current epoch: 35, loss: 0.4820311963558197, validation loss: 0.6528019905090332
2024-03-20 01:08:19.621548:2024-03-20 01:08:19.621495: Current epoch: 36, loss: 0.48952415585517883, validation loss: 0.5714720487594604
2024-03-20 01:08:24.100775:2024-03-20 01:08:24.100610: Current epoch: 37, loss: 0.47356757521629333, validation loss: 0.6167357563972473
2024-03-20 01:08:28.600053:2024-03-20 01:08:28.599886: Current epoch: 38, loss: 0.4649690091609955, validation loss: 0.6856701970100403
2024-03-20 01:08:33.164960:2024-03-20 01:08:33.164870: Current epoch: 39, loss: 0.4711616039276123, validation loss: 0.5914779305458069
2024-03-20 01:08:39.766317:2024-03-20 01:08:39.766253: Current epoch: 40, loss: 0.4511493146419525, validation loss: 0.5750297904014587
2024-03-20 01:08:44.024020:2024-03-20 01:08:44.023905: Current epoch: 41, loss: 0.44629961252212524, validation loss: 0.6871018409729004
2024-03-20 01:08:48.293009:2024-03-20 01:08:48.292883: Current epoch: 42, loss: 0.4344232678413391, validation loss: 0.6087774634361267
2024-03-20 01:08:52.735522:2024-03-20 01:08:52.735464: Current epoch: 43, loss: 0.4292864501476288, validation loss: 0.529702365398407
2024-03-20 01:08:57.125544:2024-03-20 01:08:57.125413: Current epoch: 44, loss: 0.43260377645492554, validation loss: 0.5428158640861511
2024-03-20 01:09:01.859959:2024-03-20 01:09:01.859848: Current epoch: 45, loss: 0.4304543137550354, validation loss: 0.6324204802513123
2024-03-20 01:09:06.246654:2024-03-20 01:09:06.246576: Current epoch: 46, loss: 0.4063733220100403, validation loss: 0.5858938097953796
2024-03-20 01:09:10.655273:2024-03-20 01:09:10.655197: Current epoch: 47, loss: 0.4164075553417206, validation loss: 0.565148115158081
2024-03-20 01:09:14.906152:2024-03-20 01:09:14.906077: Current epoch: 48, loss: 0.395404577255249, validation loss: 0.6103084683418274
2024-03-20 01:09:19.262180:2024-03-20 01:09:19.262102: Current epoch: 49, loss: 0.389053076505661, validation loss: 0.5617382526397705
2024-03-20 01:09:26.072296:2024-03-20 01:09:26.072139: Current epoch: 50, loss: 0.3926103115081787, validation loss: 0.5626128315925598
2024-03-20 01:09:30.593453:2024-03-20 01:09:30.593380: Current epoch: 51, loss: 0.384185254573822, validation loss: 0.5754847526550293
2024-03-20 01:09:35.021348:2024-03-20 01:09:35.021269: Current epoch: 52, loss: 0.38144534826278687, validation loss: 0.6309455037117004
2024-03-20 01:09:39.382473:2024-03-20 01:09:39.382389: Current epoch: 53, loss: 0.3681577146053314, validation loss: 0.5654779672622681
2024-03-20 01:09:44.047041:2024-03-20 01:09:44.046985: Current epoch: 54, loss: 0.35965675115585327, validation loss: 0.5149105787277222
2024-03-20 01:09:48.605835:2024-03-20 01:09:48.605704: Current epoch: 55, loss: 0.35651695728302, validation loss: 0.5233408212661743
2024-03-20 01:09:53.283774:2024-03-20 01:09:53.283673: Current epoch: 56, loss: 0.3610985577106476, validation loss: 0.5730215907096863
2024-03-20 01:09:57.753829:2024-03-20 01:09:57.753760: Current epoch: 57, loss: 0.35310035943984985, validation loss: 0.5470743775367737
2024-03-20 01:10:02.330010:2024-03-20 01:10:02.329932: Current epoch: 58, loss: 0.35050874948501587, validation loss: 0.5664817094802856
2024-03-20 01:10:06.829454:2024-03-20 01:10:06.829334: Current epoch: 59, loss: 0.34348422288894653, validation loss: 0.5611438751220703
2024-03-20 01:10:13.743764:2024-03-20 01:10:13.743704: Current epoch: 60, loss: 0.3341875970363617, validation loss: 0.5095901489257812
2024-03-20 01:10:18.296263:2024-03-20 01:10:18.296158: Current epoch: 61, loss: 0.32558730244636536, validation loss: 0.5102414488792419
2024-03-20 01:10:22.976221:2024-03-20 01:10:22.976143: Current epoch: 62, loss: 0.32762834429740906, validation loss: 0.5205931663513184
2024-03-20 01:10:27.617806:2024-03-20 01:10:27.617727: Current epoch: 63, loss: 0.3193570077419281, validation loss: 0.5750747323036194
2024-03-20 01:10:32.001361:2024-03-20 01:10:32.001285: Current epoch: 64, loss: 0.3261013627052307, validation loss: 0.5545123219490051
2024-03-20 01:10:36.456593:2024-03-20 01:10:36.456515: Current epoch: 65, loss: 0.3078584372997284, validation loss: 0.5360122919082642
2024-03-20 01:10:41.017554:2024-03-20 01:10:41.017451: Current epoch: 66, loss: 0.30205750465393066, validation loss: 0.5548297762870789
2024-03-20 01:10:45.567476:2024-03-20 01:10:45.567387: Current epoch: 67, loss: 0.3006300926208496, validation loss: 0.5779313445091248
2024-03-20 01:10:50.004515:2024-03-20 01:10:50.004411: Current epoch: 68, loss: 0.29068514704704285, validation loss: 0.5488267540931702
2024-03-20 01:10:54.587726:2024-03-20 01:10:54.587569: Current epoch: 69, loss: 0.2914242744445801, validation loss: 0.5583239197731018
2024-03-20 01:11:01.423770:2024-03-20 01:11:01.423699: Current epoch: 70, loss: 0.31077849864959717, validation loss: 0.577086865901947
2024-03-20 01:11:05.921790:2024-03-20 01:11:05.921720: Current epoch: 71, loss: 0.2883749306201935, validation loss: 0.5420089960098267
2024-03-20 01:11:10.304962:2024-03-20 01:11:10.304884: Current epoch: 72, loss: 0.2957834005355835, validation loss: 0.5370758771896362
2024-03-20 01:11:14.805175:2024-03-20 01:11:14.805091: Current epoch: 73, loss: 0.28016287088394165, validation loss: 0.5909621715545654
2024-03-20 01:11:19.493552:2024-03-20 01:11:19.493483: Current epoch: 74, loss: 0.2733254134654999, validation loss: 0.508517324924469
2024-03-20 01:11:23.915278:2024-03-20 01:11:23.915191: Current epoch: 75, loss: 0.2739112973213196, validation loss: 0.5461618304252625
2024-03-20 01:11:28.233193:2024-03-20 01:11:28.233112: Current epoch: 76, loss: 0.2779131829738617, validation loss: 0.5170819163322449
2024-03-20 01:11:32.698325:2024-03-20 01:11:32.698164: Current epoch: 77, loss: 0.2698844075202942, validation loss: 0.5542523264884949
2024-03-20 01:11:37.155005:2024-03-20 01:11:37.154880: Current epoch: 78, loss: 0.2551458477973938, validation loss: 0.5374330282211304
2024-03-20 01:11:41.681627:2024-03-20 01:11:41.681522: Current epoch: 79, loss: 0.26472148299217224, validation loss: 0.5281236171722412
2024-03-20 01:11:48.513504:2024-03-20 01:11:48.513312: Current epoch: 80, loss: 0.26397308707237244, validation loss: 0.5318310856819153
2024-03-20 01:11:53.055545:2024-03-20 01:11:53.055368: Current epoch: 81, loss: 0.24786818027496338, validation loss: 0.5145196914672852
2024-03-20 01:11:57.689547:2024-03-20 01:11:57.689349: Current epoch: 82, loss: 0.2530885934829712, validation loss: 0.5523014068603516
2024-03-20 01:12:02.081560:2024-03-20 01:12:02.081482: Current epoch: 83, loss: 0.2512475252151489, validation loss: 0.5162891745567322
2024-03-20 01:12:06.567865:2024-03-20 01:12:06.567788: Current epoch: 84, loss: 0.24379132688045502, validation loss: 0.5136309862136841
2024-03-20 01:12:11.025214:2024-03-20 01:12:11.025122: Current epoch: 85, loss: 0.24109172821044922, validation loss: 0.5044506788253784
2024-03-20 01:12:15.543857:2024-03-20 01:12:15.543776: Current epoch: 86, loss: 0.23195144534111023, validation loss: 0.5447516441345215
2024-03-20 01:12:20.112783:2024-03-20 01:12:20.112624: Current epoch: 87, loss: 0.23188163340091705, validation loss: 0.526308000087738
2024-03-20 01:12:24.688232:2024-03-20 01:12:24.688157: Current epoch: 88, loss: 0.2385733425617218, validation loss: 0.5208214521408081
2024-03-20 01:12:29.167774:2024-03-20 01:12:29.167611: Current epoch: 89, loss: 0.23968644440174103, validation loss: 0.5124676823616028
2024-03-20 01:12:35.952313:2024-03-20 01:12:35.952236: Current epoch: 90, loss: 0.24182800948619843, validation loss: 0.5254268050193787
2024-03-20 01:12:40.324452:2024-03-20 01:12:40.324320: Current epoch: 91, loss: 0.22429341077804565, validation loss: 0.5190885066986084
2024-03-20 01:12:44.647896:2024-03-20 01:12:44.647789: Current epoch: 92, loss: 0.2326422482728958, validation loss: 0.5355072021484375
2024-03-20 01:12:49.260852:2024-03-20 01:12:49.260776: Current epoch: 93, loss: 0.2378302365541458, validation loss: 0.5175247192382812
2024-03-20 01:12:53.924078:2024-03-20 01:12:53.924023: Current epoch: 94, loss: 0.20821110904216766, validation loss: 0.5024569034576416
2024-03-20 01:12:58.545310:2024-03-20 01:12:58.545163: Current epoch: 95, loss: 0.21131248772144318, validation loss: 0.5053917765617371
2024-03-20 01:13:03.141222:2024-03-20 01:13:03.141000: Current epoch: 96, loss: 0.20836664736270905, validation loss: 0.522119402885437
2024-03-20 01:13:07.686414:2024-03-20 01:13:07.686345: Current epoch: 97, loss: 0.20916211605072021, validation loss: 0.5347418785095215
2024-03-20 01:13:12.223285:2024-03-20 01:13:12.223076: Current epoch: 98, loss: 0.207137331366539, validation loss: 0.5238994359970093
2024-03-20 01:13:16.736926:2024-03-20 01:13:16.736825: Current epoch: 99, loss: 0.20645424723625183, validation loss: 0.5500956773757935
2024-03-20 01:13:21.329417:2024-03-20 01:13:21.329273: Current epoch: 100, loss: 0.20032340288162231, validation loss: 0.5430455803871155
2024-03-20 01:13:25.972947:2024-03-20 01:13:25.972625: Current epoch: 101, loss: 0.20973679423332214, validation loss: 0.5621897578239441
2024-03-20 01:13:30.638719:2024-03-20 01:13:30.638634: Current epoch: 102, loss: 0.2223474383354187, validation loss: 0.4892084300518036
2024-03-20 01:13:35.052227:2024-03-20 01:13:35.052095: Current epoch: 103, loss: 0.18988849222660065, validation loss: 0.5019704699516296
2024-03-20 01:13:39.824259:2024-03-20 01:13:39.824100: Current epoch: 104, loss: 0.1860167384147644, validation loss: 0.5531067252159119
2024-03-20 01:13:44.618356:2024-03-20 01:13:44.618191: Current epoch: 105, loss: 0.22572670876979828, validation loss: 0.5077784061431885
2024-03-20 01:13:49.330362:2024-03-20 01:13:49.330273: Current epoch: 106, loss: 0.19039037823677063, validation loss: 0.48664259910583496
2024-03-20 01:13:53.986254:2024-03-20 01:13:53.985931: Current epoch: 107, loss: 0.19572070240974426, validation loss: 0.5374289155006409
2024-03-20 01:13:58.435203:2024-03-20 01:13:58.435087: Current epoch: 108, loss: 0.19197139143943787, validation loss: 0.5281426906585693
2024-03-20 01:14:03.042059:2024-03-20 01:14:03.041943: Current epoch: 109, loss: 0.18805794417858124, validation loss: 0.5251624584197998
2024-03-20 01:14:07.618847:2024-03-20 01:14:07.618776: Current epoch: 110, loss: 0.19922691583633423, validation loss: 0.5064685344696045
2024-03-20 01:14:12.203628:2024-03-20 01:14:12.203555: Current epoch: 111, loss: 0.16963738203048706, validation loss: 0.5100394487380981
2024-03-20 01:14:16.654844:2024-03-20 01:14:16.654777: Current epoch: 112, loss: 0.2202354371547699, validation loss: 0.49874746799468994
2024-03-20 01:14:21.227305:2024-03-20 01:14:21.227232: Current epoch: 113, loss: 0.20976042747497559, validation loss: 0.5049946308135986
2024-03-20 01:14:26.053957:2024-03-20 01:14:26.053787: Current epoch: 114, loss: 0.17377321422100067, validation loss: 0.4924500584602356
2024-03-20 01:14:30.586479:2024-03-20 01:14:30.586403: Current epoch: 115, loss: 0.17771846055984497, validation loss: 0.4921906292438507
2024-03-20 01:14:35.202709:2024-03-20 01:14:35.202641: Current epoch: 116, loss: 0.21654094755649567, validation loss: 0.5089366436004639
2024-03-20 01:14:39.570922:2024-03-20 01:14:39.570852: Current epoch: 117, loss: 0.17697827517986298, validation loss: 0.5114683508872986
2024-03-20 01:14:44.080592:2024-03-20 01:14:44.080445: Current epoch: 118, loss: 0.1561543047428131, validation loss: 0.500800371170044
2024-03-20 01:14:48.784764:2024-03-20 01:14:48.784585: Current epoch: 119, loss: 0.15390200912952423, validation loss: 0.5055981278419495
2024-03-20 01:14:55.899025:2024-03-20 01:14:55.898946: Current epoch: 120, loss: 0.22968335449695587, validation loss: 0.5075185894966125
2024-03-20 01:15:00.453379:2024-03-20 01:15:00.453241: Current epoch: 121, loss: 0.1797133833169937, validation loss: 0.4761473536491394
2024-03-20 01:15:04.897814:2024-03-20 01:15:04.897738: Current epoch: 122, loss: 0.16243703663349152, validation loss: 0.5074095726013184
2024-03-20 01:15:09.497417:2024-03-20 01:15:09.497307: Current epoch: 123, loss: 0.1886768788099289, validation loss: 0.6274110674858093
2024-03-20 01:15:14.135956:2024-03-20 01:15:14.135827: Current epoch: 124, loss: 0.1818171590566635, validation loss: 0.500690221786499
2024-03-20 01:15:18.549184:2024-03-20 01:15:18.549107: Current epoch: 125, loss: 0.1630621701478958, validation loss: 0.5077562928199768
2024-03-20 01:15:22.939599:2024-03-20 01:15:22.939494: Current epoch: 126, loss: 0.1587647646665573, validation loss: 0.4964003562927246
2024-03-20 01:15:27.343485:2024-03-20 01:15:27.343388: Current epoch: 127, loss: 0.1541765183210373, validation loss: 0.4972018301486969
2024-03-20 01:15:31.938825:2024-03-20 01:15:31.938676: Current epoch: 128, loss: 0.20927073061466217, validation loss: 0.5119788646697998
2024-03-20 01:15:36.358586:2024-03-20 01:15:36.358513: Current epoch: 129, loss: 0.2365979254245758, validation loss: 0.49742525815963745
2024-03-20 01:15:43.422293:2024-03-20 01:15:43.422186: Current epoch: 130, loss: 0.18251752853393555, validation loss: 0.47835037112236023
2024-03-20 01:15:47.927821:2024-03-20 01:15:47.927678: Current epoch: 131, loss: 0.15566007792949677, validation loss: 0.547542154788971
2024-03-20 01:15:52.537368:2024-03-20 01:15:52.537293: Current epoch: 132, loss: 0.13818132877349854, validation loss: 0.486951619386673
2024-03-20 01:15:57.262000:2024-03-20 01:15:57.261945: Current epoch: 133, loss: 0.14316533505916595, validation loss: 0.4725527763366699
2024-03-20 01:16:01.912347:2024-03-20 01:16:01.912272: Current epoch: 134, loss: 0.1439254730939865, validation loss: 0.5111286044120789
2024-03-20 01:16:06.589886:2024-03-20 01:16:06.589734: Current epoch: 135, loss: 0.1460244208574295, validation loss: 0.5198517441749573
2024-03-20 01:16:11.256150:2024-03-20 01:16:11.256020: Current epoch: 136, loss: 0.16798250377178192, validation loss: 0.4799235463142395
2024-03-20 01:16:15.843492:2024-03-20 01:16:15.843403: Current epoch: 137, loss: 0.14610832929611206, validation loss: 0.6055501103401184
2024-03-20 01:16:20.306129:2024-03-20 01:16:20.306025: Current epoch: 138, loss: 0.2124679535627365, validation loss: 0.5077001452445984
2024-03-20 01:16:24.838498:2024-03-20 01:16:24.838400: Current epoch: 139, loss: 0.16806560754776, validation loss: 0.495165079832077
2024-03-20 01:16:31.479795:2024-03-20 01:16:31.479719: Current epoch: 140, loss: 0.16004596650600433, validation loss: 0.536083996295929
2024-03-20 01:16:36.059054:2024-03-20 01:16:36.058975: Current epoch: 141, loss: 0.1445578932762146, validation loss: 0.49277201294898987
2024-03-20 01:16:40.698828:2024-03-20 01:16:40.698732: Current epoch: 142, loss: 0.19487930834293365, validation loss: 0.5189868807792664
2024-03-20 01:16:45.264118:2024-03-20 01:16:45.264015: Current epoch: 143, loss: 0.14590881764888763, validation loss: 0.482040137052536
2024-03-20 01:16:49.908191:2024-03-20 01:16:49.908116: Current epoch: 144, loss: 0.12960749864578247, validation loss: 0.5141401290893555
2024-03-20 01:16:54.542643:2024-03-20 01:16:54.542569: Current epoch: 145, loss: 0.15827348828315735, validation loss: 0.47155624628067017
2024-03-20 01:16:59.149430:2024-03-20 01:16:59.149332: Current epoch: 146, loss: 0.16806620359420776, validation loss: 0.48265892267227173
2024-03-20 01:17:03.798825:2024-03-20 01:17:03.798749: Current epoch: 147, loss: 0.15694253146648407, validation loss: 0.4865882694721222
2024-03-20 01:17:08.470981:2024-03-20 01:17:08.470852: Current epoch: 148, loss: 0.1334255486726761, validation loss: 0.5953816771507263
2024-03-20 01:17:12.981100:2024-03-20 01:17:12.981024: Current epoch: 149, loss: 0.14730851352214813, validation loss: 0.5120542645454407
2024-03-20 01:17:17.761908:2024-03-20 01:17:17.761821: Current epoch: 150, loss: 0.13278163969516754, validation loss: 0.4691838026046753
2024-03-20 01:17:22.216914:2024-03-20 01:17:22.216835: Current epoch: 151, loss: 0.13148725032806396, validation loss: 0.5005395412445068
2024-03-20 01:17:26.912066:2024-03-20 01:17:26.911998: Current epoch: 152, loss: 0.18308430910110474, validation loss: 0.603055477142334
2024-03-20 01:17:31.437408:2024-03-20 01:17:31.437331: Current epoch: 153, loss: 0.15968912839889526, validation loss: 0.5116485357284546
2024-03-20 01:17:36.032535:2024-03-20 01:17:36.032431: Current epoch: 154, loss: 0.1342412829399109, validation loss: 0.5284357666969299
2024-03-20 01:17:40.498365:2024-03-20 01:17:40.498287: Current epoch: 155, loss: 0.135848730802536, validation loss: 0.4715389907360077
2024-03-20 01:17:45.004943:2024-03-20 01:17:45.004887: Current epoch: 156, loss: 0.1349397599697113, validation loss: 0.48165881633758545
2024-03-20 01:17:49.254063:2024-03-20 01:17:49.253988: Current epoch: 157, loss: 0.1756104826927185, validation loss: 0.6576719880104065
2024-03-20 01:17:53.604262:2024-03-20 01:17:53.604191: Current epoch: 158, loss: 0.15664367377758026, validation loss: 0.4771355390548706
2024-03-20 01:17:57.999735:2024-03-20 01:17:57.999654: Current epoch: 159, loss: 0.12638989090919495, validation loss: 0.4819236099720001
2024-03-20 01:18:04.841109:2024-03-20 01:18:04.841062: Current epoch: 160, loss: 0.14697349071502686, validation loss: 0.462558388710022
2024-03-20 01:18:09.141670:2024-03-20 01:18:09.141600: Current epoch: 161, loss: 0.11717768013477325, validation loss: 0.48797380924224854
2024-03-20 01:18:13.590422:2024-03-20 01:18:13.590352: Current epoch: 162, loss: 0.1542966067790985, validation loss: 0.568911612033844
2024-03-20 01:18:17.985836:2024-03-20 01:18:17.985754: Current epoch: 163, loss: 0.14271226525306702, validation loss: 0.5070882439613342
2024-03-20 01:18:22.573665:2024-03-20 01:18:22.573505: Current epoch: 164, loss: 0.1499071568250656, validation loss: 0.4944925308227539
2024-03-20 01:18:26.946398:2024-03-20 01:18:26.946245: Current epoch: 165, loss: 0.1586228311061859, validation loss: 0.4686797261238098
2024-03-20 01:18:31.558609:2024-03-20 01:18:31.558504: Current epoch: 166, loss: 0.1294848769903183, validation loss: 0.471798300743103
2024-03-20 01:18:36.149201:2024-03-20 01:18:36.149073: Current epoch: 167, loss: 0.11274847388267517, validation loss: 0.46586668491363525
2024-03-20 01:18:40.700840:2024-03-20 01:18:40.700783: Current epoch: 168, loss: 0.11348000913858414, validation loss: 0.4625401198863983
2024-03-20 01:18:45.076575:2024-03-20 01:18:45.076448: Current epoch: 169, loss: 0.12549802660942078, validation loss: 0.4911661744117737
2024-03-20 01:18:49.690107:2024-03-20 01:18:49.690030: Current epoch: 170, loss: 0.11712706834077835, validation loss: 0.4840441942214966
2024-03-20 01:18:54.068649:2024-03-20 01:18:54.068485: Current epoch: 171, loss: 0.15095190703868866, validation loss: 0.47733718156814575
2024-03-20 01:18:58.524829:2024-03-20 01:18:58.524752: Current epoch: 172, loss: 0.18236331641674042, validation loss: 0.4729854464530945
2024-03-20 01:19:02.820526:2024-03-20 01:19:02.820428: Current epoch: 173, loss: 0.10816656053066254, validation loss: 0.4692029654979706
2024-03-20 01:19:07.226934:2024-03-20 01:19:07.226770: Current epoch: 174, loss: 0.11001987755298615, validation loss: 0.5031983852386475
2024-03-20 01:19:11.651729:2024-03-20 01:19:11.651566: Current epoch: 175, loss: 0.11707849055528641, validation loss: 0.47486060857772827
2024-03-20 01:19:16.243721:2024-03-20 01:19:16.243644: Current epoch: 176, loss: 0.16439270973205566, validation loss: 0.5958114862442017
2024-03-20 01:19:20.643654:2024-03-20 01:19:20.643582: Current epoch: 177, loss: 0.1510414332151413, validation loss: 0.49522703886032104
2024-03-20 01:19:25.137188:2024-03-20 01:19:25.137055: Current epoch: 178, loss: 0.1254432499408722, validation loss: 0.5033237338066101
2024-03-20 01:19:29.555784:2024-03-20 01:19:29.555678: Current epoch: 179, loss: 0.10702770948410034, validation loss: 0.5170294046401978
2024-03-20 01:19:33.888186:2024-03-20 01:19:33.888114: Current epoch: 180, loss: 0.11867263168096542, validation loss: 0.4873892068862915
2024-03-20 01:19:38.258226:2024-03-20 01:19:38.258150: Current epoch: 181, loss: 0.12808212637901306, validation loss: 0.4856337606906891
2024-03-20 01:19:42.453216:2024-03-20 01:19:42.453143: Current epoch: 182, loss: 0.10642585158348083, validation loss: 0.5022314190864563
2024-03-20 01:19:46.668811:2024-03-20 01:19:46.668654: Current epoch: 183, loss: 0.13532616198062897, validation loss: 0.4825608730316162
2024-03-20 01:19:51.164141:2024-03-20 01:19:51.164070: Current epoch: 184, loss: 0.12419133633375168, validation loss: 0.49390771985054016
2024-03-20 01:19:55.367173:2024-03-20 01:19:55.367100: Current epoch: 185, loss: 0.10470257699489594, validation loss: 0.46839869022369385
2024-03-20 01:19:59.617948:2024-03-20 01:19:59.617877: Current epoch: 186, loss: 0.1037726104259491, validation loss: 0.47333982586860657
2024-03-20 01:20:03.959102:2024-03-20 01:20:03.959030: Current epoch: 187, loss: 0.11143401265144348, validation loss: 0.46387627720832825
2024-03-20 01:20:08.172832:2024-03-20 01:20:08.172677: Current epoch: 188, loss: 0.16998866200447083, validation loss: 0.4921717047691345
2024-03-20 01:20:12.519025:2024-03-20 01:20:12.518955: Current epoch: 189, loss: 0.13401752710342407, validation loss: 0.4702340364456177
2024-03-20 01:20:19.438255:2024-03-20 01:20:19.438185: Current epoch: 190, loss: 0.14337460696697235, validation loss: 0.532909631729126
2024-03-20 01:20:23.821573:2024-03-20 01:20:23.821499: Current epoch: 191, loss: 0.14583487808704376, validation loss: 0.5176167488098145
2024-03-20 01:20:28.103346:2024-03-20 01:20:28.103202: Current epoch: 192, loss: 0.13984419405460358, validation loss: 0.47556260228157043
2024-03-20 01:20:32.176286:2024-03-20 01:20:32.176215: Current epoch: 193, loss: 0.15871040523052216, validation loss: 0.4653565287590027
2024-03-20 01:20:36.272803:2024-03-20 01:20:36.272731: Current epoch: 194, loss: 0.10041650384664536, validation loss: 0.46557027101516724
2024-03-20 01:20:40.489824:2024-03-20 01:20:40.489754: Current epoch: 195, loss: 0.09378543496131897, validation loss: 0.46939051151275635
2024-03-20 01:20:44.818129:2024-03-20 01:20:44.818059: Current epoch: 196, loss: 0.09096941351890564, validation loss: 0.48112452030181885
2024-03-20 01:20:48.855881:2024-03-20 01:20:48.855811: Current epoch: 197, loss: 0.09275984764099121, validation loss: 0.4628612995147705
2024-03-20 01:20:53.157900:2024-03-20 01:20:53.157810: Current epoch: 198, loss: 0.13203972578048706, validation loss: 0.5081295371055603
2024-03-20 01:20:57.377826:2024-03-20 01:20:57.377756: Current epoch: 199, loss: 0.14338436722755432, validation loss: 0.4905499815940857
2024-03-20 01:21:01.730074:2024-03-20 01:21:01.729976: Current epoch: 200, loss: 0.10143008828163147, validation loss: 0.48856234550476074
2024-03-20 01:21:06.048950:2024-03-20 01:21:06.048879: Current epoch: 201, loss: 0.16033194959163666, validation loss: 0.5083226561546326
2024-03-20 01:21:10.296918:2024-03-20 01:21:10.296851: Current epoch: 202, loss: 0.12433367967605591, validation loss: 0.4765828251838684
2024-03-20 01:21:14.597174:2024-03-20 01:21:14.597113: Current epoch: 203, loss: 0.12341725081205368, validation loss: 0.4828106760978699
2024-03-20 01:21:18.845540:2024-03-20 01:21:18.845444: Current epoch: 204, loss: 0.09277746081352234, validation loss: 0.47008028626441956
2024-03-20 01:21:23.071252:2024-03-20 01:21:23.071180: Current epoch: 205, loss: 0.08347027748823166, validation loss: 0.48841020464897156
2024-03-20 01:21:27.310382:2024-03-20 01:21:27.310255: Current epoch: 206, loss: 0.15205365419387817, validation loss: 0.5176689028739929
2024-03-20 01:21:31.597756:2024-03-20 01:21:31.597708: Current epoch: 207, loss: 0.11999450623989105, validation loss: 0.44932693243026733
2024-03-20 01:21:35.912622:2024-03-20 01:21:35.912550: Current epoch: 208, loss: 0.10320944339036942, validation loss: 0.48829078674316406
2024-03-20 01:21:40.243677:2024-03-20 01:21:40.243574: Current epoch: 209, loss: 0.10998275876045227, validation loss: 0.4916010797023773
2024-03-20 01:21:44.538999:2024-03-20 01:21:44.538925: Current epoch: 210, loss: 0.1424986720085144, validation loss: 0.47974151372909546
2024-03-20 01:21:49.035017:2024-03-20 01:21:49.034957: Current epoch: 211, loss: 0.10808809101581573, validation loss: 0.4829394221305847
2024-03-20 01:21:53.276450:2024-03-20 01:21:53.276378: Current epoch: 212, loss: 0.08919109404087067, validation loss: 0.46474337577819824
2024-03-20 01:21:57.655376:2024-03-20 01:21:57.655313: Current epoch: 213, loss: 0.0868922770023346, validation loss: 0.47031429409980774
2024-03-20 01:22:01.976162:2024-03-20 01:22:01.976097: Current epoch: 214, loss: 0.08917135000228882, validation loss: 0.4795055687427521
2024-03-20 01:22:06.142297:2024-03-20 01:22:06.142221: Current epoch: 215, loss: 0.10673999041318893, validation loss: 0.5006141662597656
2024-03-20 01:22:10.486033:2024-03-20 01:22:10.485989: Current epoch: 216, loss: 0.14199531078338623, validation loss: 0.5092824101448059
2024-03-20 01:22:14.621100:2024-03-20 01:22:14.620975: Current epoch: 217, loss: 0.1178579032421112, validation loss: 0.4751071035861969
2024-03-20 01:22:18.969812:2024-03-20 01:22:18.969741: Current epoch: 218, loss: 0.1528332531452179, validation loss: 0.49439331889152527
2024-03-20 01:22:23.175969:2024-03-20 01:22:23.175872: Current epoch: 219, loss: 0.0974670797586441, validation loss: 0.48223069310188293
2024-03-20 01:22:27.324836:2024-03-20 01:22:27.324765: Current epoch: 220, loss: 0.08196908235549927, validation loss: 0.45491287112236023
2024-03-20 01:22:31.397647:2024-03-20 01:22:31.397576: Current epoch: 221, loss: 0.07874815165996552, validation loss: 0.45266905426979065
2024-03-20 01:22:35.649508:2024-03-20 01:22:35.649417: Current epoch: 222, loss: 0.10819185525178909, validation loss: 0.5588832497596741
2024-03-20 01:22:40.035951:2024-03-20 01:22:40.035875: Current epoch: 223, loss: 0.14244110882282257, validation loss: 0.4681817591190338
2024-03-20 01:22:44.439071:2024-03-20 01:22:44.438990: Current epoch: 224, loss: 0.08783798664808273, validation loss: 0.46150243282318115
2024-03-20 01:22:48.715584:2024-03-20 01:22:48.715507: Current epoch: 225, loss: 0.09356977790594101, validation loss: 0.50831538438797
2024-03-20 01:22:53.085002:2024-03-20 01:22:53.084939: Current epoch: 226, loss: 0.12769635021686554, validation loss: 0.5025278329849243
2024-03-20 01:22:57.637428:2024-03-20 01:22:57.637351: Current epoch: 227, loss: 0.11740078032016754, validation loss: 0.48423677682876587
2024-03-20 01:23:02.083125:2024-03-20 01:23:02.082992: Current epoch: 228, loss: 0.09096064418554306, validation loss: 0.4690582752227783
2024-03-20 01:23:06.471160:2024-03-20 01:23:06.471085: Current epoch: 229, loss: 0.08527844399213791, validation loss: 0.45464158058166504
2024-03-20 01:23:13.133228:2024-03-20 01:23:13.133128: Current epoch: 230, loss: 0.08024785667657852, validation loss: 0.4600725769996643
2024-03-20 01:23:17.727149:2024-03-20 01:23:17.726994: Current epoch: 231, loss: 0.09311039745807648, validation loss: 0.5591541528701782
2024-03-20 01:23:22.359051:2024-03-20 01:23:22.358955: Current epoch: 232, loss: 0.13828429579734802, validation loss: 0.5584635138511658
2024-03-20 01:23:26.943202:2024-03-20 01:23:26.943029: Current epoch: 233, loss: 0.1481819599866867, validation loss: 0.4874449670314789
2024-03-20 01:23:31.487708:2024-03-20 01:23:31.487561: Current epoch: 234, loss: 0.1356770098209381, validation loss: 0.4823457896709442
2024-03-20 01:23:35.878750:2024-03-20 01:23:35.878685: Current epoch: 235, loss: 0.07794222235679626, validation loss: 0.49440374970436096
2024-03-20 01:23:40.184497:2024-03-20 01:23:40.184320: Current epoch: 236, loss: 0.07915281504392624, validation loss: 0.47180742025375366
2024-03-20 01:23:44.494760:2024-03-20 01:23:44.494678: Current epoch: 237, loss: 0.10039228200912476, validation loss: 0.48829007148742676
2024-03-20 01:23:48.967301:2024-03-20 01:23:48.967196: Current epoch: 238, loss: 0.1314225196838379, validation loss: 0.47813519835472107
2024-03-20 01:23:53.362951:2024-03-20 01:23:53.362778: Current epoch: 239, loss: 0.08133968710899353, validation loss: 0.47171613574028015
2024-03-20 01:23:57.835714:2024-03-20 01:23:57.835641: Current epoch: 240, loss: 0.07771605253219604, validation loss: 0.48227691650390625
2024-03-20 01:24:02.288558:2024-03-20 01:24:02.288479: Current epoch: 241, loss: 0.13248604536056519, validation loss: 0.49036452174186707
2024-03-20 01:24:06.984208:2024-03-20 01:24:06.984048: Current epoch: 242, loss: 0.12780839204788208, validation loss: 0.540341317653656
2024-03-20 01:24:11.616384:2024-03-20 01:24:11.616286: Current epoch: 243, loss: 0.12490717321634293, validation loss: 0.4860250949859619
2024-03-20 01:24:16.133733:2024-03-20 01:24:16.133662: Current epoch: 244, loss: 0.08359067887067795, validation loss: 0.47355732321739197
2024-03-20 01:24:20.825262:2024-03-20 01:24:20.825104: Current epoch: 245, loss: 0.07430572062730789, validation loss: 0.47447502613067627
2024-03-20 01:24:25.303141:2024-03-20 01:24:25.303002: Current epoch: 246, loss: 0.09654457867145538, validation loss: 0.48477986454963684
2024-03-20 01:24:29.815223:2024-03-20 01:24:29.815148: Current epoch: 247, loss: 0.13179534673690796, validation loss: 0.4786512553691864
2024-03-20 01:24:34.398992:2024-03-20 01:24:34.398928: Current epoch: 248, loss: 0.07847253233194351, validation loss: 0.47155508399009705
2024-03-20 01:24:39.144154:2024-03-20 01:24:39.144021: Current epoch: 249, loss: 0.09987208992242813, validation loss: 0.48218196630477905
2024-03-20 01:24:43.671774:2024-03-20 01:24:43.671669: Current epoch: 250, loss: 0.10025354474782944, validation loss: 0.4881928265094757
2024-03-20 01:24:48.264143:2024-03-20 01:24:48.264066: Current epoch: 251, loss: 0.10113938897848129, validation loss: 0.4630776345729828
2024-03-20 01:24:52.830610:2024-03-20 01:24:52.830488: Current epoch: 252, loss: 0.11210918426513672, validation loss: 0.469735324382782
2024-03-20 01:24:57.465029:2024-03-20 01:24:57.464924: Current epoch: 253, loss: 0.07836885750293732, validation loss: 0.48394301533699036
2024-03-20 01:25:01.948844:2024-03-20 01:25:01.948683: Current epoch: 254, loss: 0.07653670012950897, validation loss: 0.4552401304244995
2024-03-20 01:25:06.619984:2024-03-20 01:25:06.619826: Current epoch: 255, loss: 0.07578741014003754, validation loss: 0.47197583317756653
2024-03-20 01:25:11.071337:2024-03-20 01:25:11.071259: Current epoch: 256, loss: 0.0750609040260315, validation loss: 0.46711495518684387
2024-03-20 01:25:15.528098:2024-03-20 01:25:15.527931: Current epoch: 257, loss: 0.08040734380483627, validation loss: 0.47636762261390686
2024-03-20 01:25:20.303877:2024-03-20 01:25:20.303718: Current epoch: 258, loss: 0.09943889081478119, validation loss: 0.5563952326774597
2024-03-20 01:25:24.696353:2024-03-20 01:25:24.696278: Current epoch: 259, loss: 0.09897086024284363, validation loss: 0.4634879231452942
2024-03-20 01:25:29.408781:2024-03-20 01:25:29.408629: Current epoch: 260, loss: 0.24234022200107574, validation loss: 0.5577195882797241
2024-03-20 01:25:33.926707:2024-03-20 01:25:33.926549: Current epoch: 261, loss: 0.10876014828681946, validation loss: 0.46523216366767883
2024-03-20 01:25:38.609428:2024-03-20 01:25:38.609325: Current epoch: 262, loss: 0.070099838078022, validation loss: 0.46346354484558105
2024-03-20 01:25:43.252000:2024-03-20 01:25:43.251879: Current epoch: 263, loss: 0.07101722806692123, validation loss: 0.4600244462490082
2024-03-20 01:25:47.844534:2024-03-20 01:25:47.844409: Current epoch: 264, loss: 0.07104098051786423, validation loss: 0.4574209749698639
2024-03-20 01:25:52.518523:2024-03-20 01:25:52.518374: Current epoch: 265, loss: 0.1049286499619484, validation loss: 0.4790734350681305
2024-03-20 01:25:57.046980:2024-03-20 01:25:57.046814: Current epoch: 266, loss: 0.11622349172830582, validation loss: 0.5056598782539368
2024-03-20 01:26:01.500683:2024-03-20 01:26:01.500602: Current epoch: 267, loss: 0.11444339901208878, validation loss: 0.5693079829216003
2024-03-20 01:26:06.015128:2024-03-20 01:26:06.015060: Current epoch: 268, loss: 0.14070938527584076, validation loss: 0.5443044900894165
2024-03-20 01:26:10.655678:2024-03-20 01:26:10.655608: Current epoch: 269, loss: 0.09712471067905426, validation loss: 0.4822523295879364
2024-03-20 01:26:15.013316:2024-03-20 01:26:15.013242: Current epoch: 270, loss: 0.06839445978403091, validation loss: 0.4692791998386383
2024-03-20 01:26:19.673085:2024-03-20 01:26:19.672958: Current epoch: 271, loss: 0.0820763111114502, validation loss: 0.5508067607879639
2024-03-20 01:26:24.421594:2024-03-20 01:26:24.421491: Current epoch: 272, loss: 0.11217675358057022, validation loss: 0.4960646331310272
2024-03-20 01:26:29.177260:2024-03-20 01:26:29.177103: Current epoch: 273, loss: 0.0988779217004776, validation loss: 0.4910413920879364
2024-03-20 01:26:33.824351:2024-03-20 01:26:33.824277: Current epoch: 274, loss: 0.0785941332578659, validation loss: 0.45543116331100464
2024-03-20 01:26:38.455665:2024-03-20 01:26:38.455507: Current epoch: 275, loss: 0.07361411303281784, validation loss: 0.46174588799476624
2024-03-20 01:26:43.152075:2024-03-20 01:26:43.151920: Current epoch: 276, loss: 0.0711182951927185, validation loss: 0.4546423554420471
2024-03-20 01:26:47.759535:2024-03-20 01:26:47.759443: Current epoch: 277, loss: 0.08436401933431625, validation loss: 0.45574435591697693
2024-03-20 01:26:52.424373:2024-03-20 01:26:52.424296: Current epoch: 278, loss: 0.14893820881843567, validation loss: 0.5555714964866638
2024-03-20 01:26:57.111332:2024-03-20 01:26:57.111174: Current epoch: 279, loss: 0.12090712785720825, validation loss: 0.4900917410850525
2024-03-20 01:27:01.793220:2024-03-20 01:27:01.793154: Current epoch: 280, loss: 0.10066840052604675, validation loss: 0.48796531558036804
2024-03-20 01:27:06.420646:2024-03-20 01:27:06.420537: Current epoch: 281, loss: 0.06972712278366089, validation loss: 0.4571950137615204
2024-03-20 01:27:10.734173:2024-03-20 01:27:10.734096: Current epoch: 282, loss: 0.07149560004472733, validation loss: 0.4768216013908386
2024-03-20 01:27:15.374116:2024-03-20 01:27:15.374042: Current epoch: 283, loss: 0.0674036517739296, validation loss: 0.4460276961326599
2024-03-20 01:27:19.916524:2024-03-20 01:27:19.916360: Current epoch: 284, loss: 0.07514145970344543, validation loss: 0.4713074266910553
2024-03-20 01:27:24.398160:2024-03-20 01:27:24.397996: Current epoch: 285, loss: 0.09240022301673889, validation loss: 0.46410757303237915
2024-03-20 01:27:29.006046:2024-03-20 01:27:29.005884: Current epoch: 286, loss: 0.08205118775367737, validation loss: 0.46910619735717773
2024-03-20 01:27:33.629888:2024-03-20 01:27:33.629812: Current epoch: 287, loss: 0.17426902055740356, validation loss: 0.479618102312088
2024-03-20 01:27:38.198597:2024-03-20 01:27:38.198413: Current epoch: 288, loss: 0.07688362151384354, validation loss: 0.46560877561569214
2024-03-20 01:27:42.749495:2024-03-20 01:27:42.749324: Current epoch: 289, loss: 0.06411462277173996, validation loss: 0.45745858550071716
2024-03-20 01:27:47.268545:2024-03-20 01:27:47.268392: Current epoch: 290, loss: 0.07488422095775604, validation loss: 0.46325790882110596
2024-03-20 01:27:52.078646:2024-03-20 01:27:52.078487: Current epoch: 291, loss: 0.066164530813694, validation loss: 0.4617854952812195
2024-03-20 01:27:56.783010:2024-03-20 01:27:56.782851: Current epoch: 292, loss: 0.10604900866746902, validation loss: 0.5016523003578186
2024-03-20 01:28:01.377215:2024-03-20 01:28:01.377057: Current epoch: 293, loss: 0.12196262925863266, validation loss: 0.4848150610923767
2024-03-20 01:28:05.831241:2024-03-20 01:28:05.831130: Current epoch: 294, loss: 0.07693857699632645, validation loss: 0.48010510206222534
2024-03-20 01:28:10.063609:2024-03-20 01:28:10.063531: Current epoch: 295, loss: 0.06778773665428162, validation loss: 0.4564589560031891
2024-03-20 01:28:14.500233:2024-03-20 01:28:14.500069: Current epoch: 296, loss: 0.09191049635410309, validation loss: 0.49069929122924805
2024-03-20 01:28:18.942273:2024-03-20 01:28:18.942112: Current epoch: 297, loss: 0.08682437986135483, validation loss: 0.46296054124832153
2024-03-20 01:28:23.388871:2024-03-20 01:28:23.388708: Current epoch: 298, loss: 0.0942319706082344, validation loss: 0.48928794264793396
2024-03-20 01:28:28.064598:2024-03-20 01:28:28.064521: Current epoch: 299, loss: 0.09632548689842224, validation loss: 0.49780580401420593
2024-03-20 01:28:32.774229:2024-03-20 01:28:32.774099: Current epoch: 300, loss: 0.07632194459438324, validation loss: 0.45722121000289917
2024-03-20 01:28:37.298558:2024-03-20 01:28:37.298484: Current epoch: 301, loss: 0.0789872482419014, validation loss: 0.4524439573287964
2024-03-20 01:28:41.914802:2024-03-20 01:28:41.914698: Current epoch: 302, loss: 0.06884939223527908, validation loss: 0.49144887924194336
2024-03-20 01:28:46.573024:2024-03-20 01:28:46.572948: Current epoch: 303, loss: 0.07400140911340714, validation loss: 0.4642826318740845
2024-03-20 01:28:51.080380:2024-03-20 01:28:51.080302: Current epoch: 304, loss: 0.17818570137023926, validation loss: 0.5362600684165955
2024-03-20 01:28:55.573214:2024-03-20 01:28:55.573059: Current epoch: 305, loss: 0.11267062276601791, validation loss: 0.47180911898612976
2024-03-20 01:28:59.801380:2024-03-20 01:28:59.801303: Current epoch: 306, loss: 0.10027296096086502, validation loss: 0.530665397644043
2024-03-20 01:29:04.154885:2024-03-20 01:29:04.154751: Current epoch: 307, loss: 0.07483816891908646, validation loss: 0.491537868976593
2024-03-20 01:29:08.580742:2024-03-20 01:29:08.580576: Current epoch: 308, loss: 0.08233029395341873, validation loss: 0.4763590693473816
2024-03-20 01:29:13.251054:2024-03-20 01:29:13.250919: Current epoch: 309, loss: 0.06770049035549164, validation loss: 0.46745556592941284
2024-03-20 01:29:17.883549:2024-03-20 01:29:17.883452: Current epoch: 310, loss: 0.09162333607673645, validation loss: 0.5163127183914185
2024-03-20 01:29:22.449283:2024-03-20 01:29:22.449125: Current epoch: 311, loss: 0.11273729056119919, validation loss: 0.4545027017593384
2024-03-20 01:29:27.072623:2024-03-20 01:29:27.072436: Current epoch: 312, loss: 0.08713343739509583, validation loss: 0.49418672919273376
2024-03-20 01:29:31.520614:2024-03-20 01:29:31.520538: Current epoch: 313, loss: 0.09219277650117874, validation loss: 0.4903987944126129
2024-03-20 01:29:36.041565:2024-03-20 01:29:36.041483: Current epoch: 314, loss: 0.06368634104728699, validation loss: 0.4536969065666199
2024-03-20 01:29:40.660956:2024-03-20 01:29:40.660827: Current epoch: 315, loss: 0.07673294842243195, validation loss: 0.47629472613334656
2024-03-20 01:29:45.206426:2024-03-20 01:29:45.206349: Current epoch: 316, loss: 0.07983492314815521, validation loss: 0.48306986689567566
2024-03-20 01:29:49.565772:2024-03-20 01:29:49.565697: Current epoch: 317, loss: 0.10038807988166809, validation loss: 0.49656006693840027
2024-03-20 01:29:53.956535:2024-03-20 01:29:53.956337: Current epoch: 318, loss: 0.07528132200241089, validation loss: 0.4873269200325012
2024-03-20 01:29:58.472057:2024-03-20 01:29:58.471899: Current epoch: 319, loss: 0.10937592387199402, validation loss: 0.49272680282592773
2024-03-20 01:30:02.892878:2024-03-20 01:30:02.892803: Current epoch: 320, loss: 0.07730072736740112, validation loss: 0.4790513217449188
2024-03-20 01:30:07.528892:2024-03-20 01:30:07.528728: Current epoch: 321, loss: 0.06627131998538971, validation loss: 0.45716527104377747
2024-03-20 01:30:12.076293:2024-03-20 01:30:12.076157: Current epoch: 322, loss: 0.10887172818183899, validation loss: 0.464749276638031
2024-03-20 01:30:17.010807:2024-03-20 01:30:17.010664: Current epoch: 323, loss: 0.07986811548471451, validation loss: 0.5155402421951294
2024-03-20 01:30:21.704875:2024-03-20 01:30:21.704773: Current epoch: 324, loss: 0.11091344803571701, validation loss: 0.6732312440872192
2024-03-20 01:30:26.378563:2024-03-20 01:30:26.378383: Current epoch: 325, loss: 0.10056457668542862, validation loss: 0.4648362398147583
2024-03-20 01:30:30.979060:2024-03-20 01:30:30.978949: Current epoch: 326, loss: 0.057234954088926315, validation loss: 0.4531160593032837
2024-03-20 01:30:35.661812:2024-03-20 01:30:35.661737: Current epoch: 327, loss: 0.05834614485502243, validation loss: 0.46479174494743347
2024-03-20 01:30:40.416617:2024-03-20 01:30:40.416422: Current epoch: 328, loss: 0.06043153628706932, validation loss: 0.4588313400745392
2024-03-20 01:30:44.832209:2024-03-20 01:30:44.832076: Current epoch: 329, loss: 0.06404763460159302, validation loss: 0.4606868028640747
2024-03-20 01:30:49.235826:2024-03-20 01:30:49.235748: Current epoch: 330, loss: 0.08812378346920013, validation loss: 0.48912402987480164
2024-03-20 01:30:53.814552:2024-03-20 01:30:53.814391: Current epoch: 331, loss: 0.0759023129940033, validation loss: 0.4710443317890167
2024-03-20 01:30:58.546605:2024-03-20 01:30:58.546453: Current epoch: 332, loss: 0.07169828563928604, validation loss: 0.453556090593338
2024-03-20 01:31:03.168160:2024-03-20 01:31:03.168089: Current epoch: 333, loss: 0.06560973078012466, validation loss: 0.4505113363265991
2024-03-20 01:31:07.696388:2024-03-20 01:31:07.696325: Current epoch: 334, loss: 0.09631822258234024, validation loss: 0.5032598972320557
2024-03-20 01:31:12.259285:2024-03-20 01:31:12.259135: Current epoch: 335, loss: 0.09559568762779236, validation loss: 0.5604304075241089
2024-03-20 01:31:16.863437:2024-03-20 01:31:16.863359: Current epoch: 336, loss: 0.08382373303174973, validation loss: 0.5166533589363098
2024-03-20 01:31:21.596324:2024-03-20 01:31:21.596220: Current epoch: 337, loss: 0.0661434531211853, validation loss: 0.46133214235305786
2024-03-20 01:31:26.288703:2024-03-20 01:31:26.288569: Current epoch: 338, loss: 0.06014125794172287, validation loss: 0.4722670018672943
2024-03-20 01:31:30.794246:2024-03-20 01:31:30.794135: Current epoch: 339, loss: 0.13346144556999207, validation loss: 0.46406930685043335
2024-03-20 01:31:35.447896:2024-03-20 01:31:35.447722: Current epoch: 340, loss: 0.07467038184404373, validation loss: 0.4662298560142517
2024-03-20 01:31:40.024077:2024-03-20 01:31:40.024000: Current epoch: 341, loss: 0.0738830491900444, validation loss: 0.48286673426628113
2024-03-20 01:31:44.573454:2024-03-20 01:31:44.573326: Current epoch: 342, loss: 0.08580711483955383, validation loss: 0.4696287214756012
2024-03-20 01:31:49.129929:2024-03-20 01:31:49.129853: Current epoch: 343, loss: 0.05852470546960831, validation loss: 0.47006654739379883
2024-03-20 01:31:53.529231:2024-03-20 01:31:53.529126: Current epoch: 344, loss: 0.06678967922925949, validation loss: 0.8422312140464783
2024-03-20 01:31:57.989774:2024-03-20 01:31:57.989699: Current epoch: 345, loss: 0.1395079791545868, validation loss: 0.4881778955459595
2024-03-20 01:32:02.332575:2024-03-20 01:32:02.332487: Current epoch: 346, loss: 0.06186173856258392, validation loss: 0.48055166006088257
2024-03-20 01:32:06.696728:2024-03-20 01:32:06.696611: Current epoch: 347, loss: 0.06373133510351181, validation loss: 0.4904552102088928
2024-03-20 01:32:11.105002:2024-03-20 01:32:11.104899: Current epoch: 348, loss: 0.06117304787039757, validation loss: 0.577987790107727
2024-03-20 01:32:15.487230:2024-03-20 01:32:15.487153: Current epoch: 349, loss: 0.07395395636558533, validation loss: 0.4511028230190277
2024-03-20 01:32:22.289613:2024-03-20 01:32:22.289536: Current epoch: 350, loss: 0.08496455103158951, validation loss: 0.5262259244918823
2024-03-20 01:32:26.966428:2024-03-20 01:32:26.966356: Current epoch: 351, loss: 0.07941298186779022, validation loss: 0.4707000255584717
2024-03-20 01:32:31.290445:2024-03-20 01:32:31.290373: Current epoch: 352, loss: 0.06294745206832886, validation loss: 0.47621914744377136
2024-03-20 01:32:35.837572:2024-03-20 01:32:35.837494: Current epoch: 353, loss: 0.06658480316400528, validation loss: 0.4668201804161072
2024-03-20 01:32:40.553804:2024-03-20 01:32:40.553730: Current epoch: 354, loss: 0.05900375172495842, validation loss: 0.445870965719223
2024-03-20 01:32:45.203245:2024-03-20 01:32:45.203177: Current epoch: 355, loss: 0.0612097829580307, validation loss: 0.45665207505226135
2024-03-20 01:32:49.712757:2024-03-20 01:32:49.712679: Current epoch: 356, loss: 0.061940982937812805, validation loss: 0.45401573181152344
2024-03-20 01:32:54.312350:2024-03-20 01:32:54.312258: Current epoch: 357, loss: 0.06083666533231735, validation loss: 0.46020108461380005
2024-03-20 01:32:58.744280:2024-03-20 01:32:58.744213: Current epoch: 358, loss: 0.13755635917186737, validation loss: 0.5069446563720703
2024-03-20 01:33:03.330779:2024-03-20 01:33:03.330712: Current epoch: 359, loss: 0.08124232292175293, validation loss: 0.4655865430831909
2024-03-20 01:33:07.809545:2024-03-20 01:33:07.809450: Current epoch: 360, loss: 0.056092120707035065, validation loss: 0.45353662967681885
2024-03-20 01:33:12.367602:2024-03-20 01:33:12.367528: Current epoch: 361, loss: 0.055127762258052826, validation loss: 0.4528637230396271
2024-03-20 01:33:17.031497:2024-03-20 01:33:17.031393: Current epoch: 362, loss: 0.10159127414226532, validation loss: 0.47549548745155334
2024-03-20 01:33:21.641649:2024-03-20 01:33:21.641517: Current epoch: 363, loss: 0.05835011601448059, validation loss: 0.4514816701412201
2024-03-20 01:33:26.114684:2024-03-20 01:33:26.114612: Current epoch: 364, loss: 0.05571233108639717, validation loss: 0.46567392349243164
2024-03-20 01:33:30.474420:2024-03-20 01:33:30.474317: Current epoch: 365, loss: 0.05973916873335838, validation loss: 0.4585503339767456
2024-03-20 01:33:34.888641:2024-03-20 01:33:34.888569: Current epoch: 366, loss: 0.09457098692655563, validation loss: 0.5134326219558716
2024-03-20 01:33:39.300790:2024-03-20 01:33:39.300715: Current epoch: 367, loss: 0.06633156538009644, validation loss: 0.4745675325393677
2024-03-20 01:33:43.772369:2024-03-20 01:33:43.772293: Current epoch: 368, loss: 0.05623115971684456, validation loss: 0.4683840274810791
2024-03-20 01:33:48.222307:2024-03-20 01:33:48.222236: Current epoch: 369, loss: 0.05905194953083992, validation loss: 0.4622749984264374
2024-03-20 01:33:52.707785:2024-03-20 01:33:52.707709: Current epoch: 370, loss: 0.09393537044525146, validation loss: 0.4835098087787628
2024-03-20 01:33:57.163970:2024-03-20 01:33:57.163892: Current epoch: 371, loss: 0.08264364302158356, validation loss: 0.5123016238212585
2024-03-20 01:34:01.817624:2024-03-20 01:34:01.817545: Current epoch: 372, loss: 0.13792771100997925, validation loss: 0.47190597653388977
2024-03-20 01:34:06.157300:2024-03-20 01:34:06.157218: Current epoch: 373, loss: 0.09809694439172745, validation loss: 0.46472814679145813
2024-03-20 01:34:10.748020:2024-03-20 01:34:10.747890: Current epoch: 374, loss: 0.07323909550905228, validation loss: 0.5612823963165283
2024-03-20 01:34:15.419551:2024-03-20 01:34:15.419472: Current epoch: 375, loss: 0.10056847333908081, validation loss: 0.4769403338432312
2024-03-20 01:34:20.003345:2024-03-20 01:34:20.003247: Current epoch: 376, loss: 0.09615234285593033, validation loss: 0.5131516456604004
2024-03-20 01:34:24.671539:2024-03-20 01:34:24.671444: Current epoch: 377, loss: 0.07682193070650101, validation loss: 0.46716052293777466
2024-03-20 01:34:29.307400:2024-03-20 01:34:29.307326: Current epoch: 378, loss: 0.05059373751282692, validation loss: 0.4750944972038269
2024-03-20 01:34:33.956115:2024-03-20 01:34:33.956037: Current epoch: 379, loss: 0.049420684576034546, validation loss: 0.47414281964302063
2024-03-20 01:34:38.588573:2024-03-20 01:34:38.588494: Current epoch: 380, loss: 0.05039193481206894, validation loss: 0.47180062532424927
2024-03-20 01:34:43.284640:2024-03-20 01:34:43.284565: Current epoch: 381, loss: 0.0524483360350132, validation loss: 0.47360584139823914
2024-03-20 01:34:47.933645:2024-03-20 01:34:47.933569: Current epoch: 382, loss: 0.05722016841173172, validation loss: 0.49010565876960754
2024-03-20 01:34:52.553897:2024-03-20 01:34:52.553820: Current epoch: 383, loss: 0.12037843465805054, validation loss: 0.46963292360305786
2024-03-20 01:34:57.143598:2024-03-20 01:34:57.143521: Current epoch: 384, loss: 0.0998300313949585, validation loss: 0.48724615573883057
2024-03-20 01:35:01.637041:2024-03-20 01:35:01.636908: Current epoch: 385, loss: 0.07870721817016602, validation loss: 0.45631420612335205
2024-03-20 01:35:06.227523:2024-03-20 01:35:06.227425: Current epoch: 386, loss: 0.05114329606294632, validation loss: 0.45214492082595825
2024-03-20 01:35:10.757782:2024-03-20 01:35:10.757707: Current epoch: 387, loss: 0.05041510984301567, validation loss: 0.47551506757736206
2024-03-20 01:35:15.371196:2024-03-20 01:35:15.371098: Current epoch: 388, loss: 0.05240693315863609, validation loss: 0.46538758277893066
2024-03-20 01:35:19.714112:2024-03-20 01:35:19.714044: Current epoch: 389, loss: 0.15810663998126984, validation loss: 0.6887958645820618
2024-03-20 01:35:24.271631:2024-03-20 01:35:24.271554: Current epoch: 390, loss: 0.10193289071321487, validation loss: 0.4992302358150482
2024-03-20 01:35:28.642565:2024-03-20 01:35:28.642487: Current epoch: 391, loss: 0.05587612837553024, validation loss: 0.462567538022995
2024-03-20 01:35:33.101713:2024-03-20 01:35:33.101642: Current epoch: 392, loss: 0.04832219332456589, validation loss: 0.4566572308540344
2024-03-20 01:35:37.643763:2024-03-20 01:35:37.643690: Current epoch: 393, loss: 0.05816284939646721, validation loss: 0.46084049344062805
2024-03-20 01:35:42.325951:2024-03-20 01:35:42.325880: Current epoch: 394, loss: 0.049968838691711426, validation loss: 0.47652629017829895
2024-03-20 01:35:46.793399:2024-03-20 01:35:46.793323: Current epoch: 395, loss: 0.1036260724067688, validation loss: 0.5895161032676697
2024-03-20 01:35:51.092290:2024-03-20 01:35:51.092218: Current epoch: 396, loss: 0.08259431272745132, validation loss: 0.47904589772224426
2024-03-20 01:35:55.430954:2024-03-20 01:35:55.430876: Current epoch: 397, loss: 0.055140119045972824, validation loss: 0.4759947955608368
2024-03-20 01:35:59.868606:2024-03-20 01:35:59.868527: Current epoch: 398, loss: 0.051539354026317596, validation loss: 0.4716455936431885
2024-03-20 01:36:04.436868:2024-03-20 01:36:04.436748: Current epoch: 399, loss: 0.05369479954242706, validation loss: 0.46956953406333923
2024-03-20 01:36:08.990605:2024-03-20 01:36:08.990534: Current epoch: 400, loss: 0.05855220556259155, validation loss: 0.48062679171562195
2024-03-20 01:36:13.392503:2024-03-20 01:36:13.392375: Current epoch: 401, loss: 0.12108778953552246, validation loss: 0.47864073514938354
2024-03-20 01:36:17.814395:2024-03-20 01:36:17.814321: Current epoch: 402, loss: 0.10755965113639832, validation loss: 0.5272076725959778
2024-03-20 01:36:22.341238:2024-03-20 01:36:22.341166: Current epoch: 403, loss: 0.11379607021808624, validation loss: 0.48704591393470764
2024-03-20 01:36:26.866068:2024-03-20 01:36:26.865986: Current epoch: 404, loss: 0.07755551487207413, validation loss: 0.46678924560546875
2024-03-20 01:36:31.312332:2024-03-20 01:36:31.312256: Current epoch: 405, loss: 0.0684027299284935, validation loss: 0.47608286142349243
2024-03-20 01:36:35.656742:2024-03-20 01:36:35.656665: Current epoch: 406, loss: 0.19088970124721527, validation loss: 0.6085874438285828
2024-03-20 01:36:39.981302:2024-03-20 01:36:39.981227: Current epoch: 407, loss: 0.07731074094772339, validation loss: 0.4745030105113983
2024-03-20 01:36:44.592591:2024-03-20 01:36:44.592514: Current epoch: 408, loss: 0.0479770302772522, validation loss: 0.45878252387046814
2024-03-20 01:36:49.068415:2024-03-20 01:36:49.068339: Current epoch: 409, loss: 0.04372378811240196, validation loss: 0.46626749634742737
2024-03-20 01:36:53.615575:2024-03-20 01:36:53.615402: Current epoch: 410, loss: 0.04674982279539108, validation loss: 0.45689404010772705
2024-03-20 01:36:58.011440:2024-03-20 01:36:58.011365: Current epoch: 411, loss: 0.04623473435640335, validation loss: 0.4620022177696228
2024-03-20 01:37:02.420111:2024-03-20 01:37:02.419998: Current epoch: 412, loss: 0.04949309676885605, validation loss: 0.46572163701057434
2024-03-20 01:37:06.770969:2024-03-20 01:37:06.770893: Current epoch: 413, loss: 0.05282245948910713, validation loss: 0.47069963812828064
2024-03-20 01:37:11.221147:2024-03-20 01:37:11.221072: Current epoch: 414, loss: 0.05380740016698837, validation loss: 0.46585360169410706
2024-03-20 01:37:15.765862:2024-03-20 01:37:15.765791: Current epoch: 415, loss: 0.05849573761224747, validation loss: 0.4652617275714874
2024-03-20 01:37:20.115488:2024-03-20 01:37:20.115391: Current epoch: 416, loss: 0.057359009981155396, validation loss: 0.45800647139549255
2024-03-20 01:37:24.635222:2024-03-20 01:37:24.635145: Current epoch: 417, loss: 0.1184765100479126, validation loss: 0.6137197613716125
2024-03-20 01:37:28.976655:2024-03-20 01:37:28.976584: Current epoch: 418, loss: 0.1202818900346756, validation loss: 0.4928146004676819
2024-03-20 01:37:33.085546:2024-03-20 01:37:33.085450: Current epoch: 419, loss: 0.054812315851449966, validation loss: 0.48303207755088806
2024-03-20 01:37:37.516864:2024-03-20 01:37:37.516788: Current epoch: 420, loss: 0.07396561652421951, validation loss: 0.4837736487388611
2024-03-20 01:37:42.295608:2024-03-20 01:37:42.295530: Current epoch: 421, loss: 0.092361681163311, validation loss: 0.5069831609725952
2024-03-20 01:37:47.026703:2024-03-20 01:37:47.026626: Current epoch: 422, loss: 0.061740607023239136, validation loss: 0.4883914887905121
2024-03-20 01:37:51.598767:2024-03-20 01:37:51.598693: Current epoch: 423, loss: 0.05535389855504036, validation loss: 0.47818365693092346
2024-03-20 01:37:55.917473:2024-03-20 01:37:55.917353: Current epoch: 424, loss: 0.06193488463759422, validation loss: 0.4837106764316559
2024-03-20 01:38:00.292657:2024-03-20 01:38:00.292555: Current epoch: 425, loss: 0.05506575107574463, validation loss: 0.4702475368976593
2024-03-20 01:38:04.904768:2024-03-20 01:38:04.904693: Current epoch: 426, loss: 0.050086237490177155, validation loss: 0.4667677879333496
2024-03-20 01:38:09.334256:2024-03-20 01:38:09.334181: Current epoch: 427, loss: 0.05048959702253342, validation loss: 0.4747188985347748
2024-03-20 01:38:13.716890:2024-03-20 01:38:13.716755: Current epoch: 428, loss: 0.05244836583733559, validation loss: 0.46810829639434814
2024-03-20 01:38:18.326152:2024-03-20 01:38:18.326071: Current epoch: 429, loss: 0.06028282642364502, validation loss: 0.48309165239334106
2024-03-20 01:38:22.756623:2024-03-20 01:38:22.756517: Current epoch: 430, loss: 0.09000182151794434, validation loss: 0.51131671667099
2024-03-20 01:38:27.452856:2024-03-20 01:38:27.452783: Current epoch: 431, loss: 0.07912477105855942, validation loss: 0.4793221354484558
2024-03-20 01:38:32.155007:2024-03-20 01:38:32.154891: Current epoch: 432, loss: 0.05411222577095032, validation loss: 0.5008111000061035
2024-03-20 01:38:36.553103:2024-03-20 01:38:36.552999: Current epoch: 433, loss: 0.05878036096692085, validation loss: 0.46655625104904175
2024-03-20 01:38:41.171338:2024-03-20 01:38:41.171225: Current epoch: 434, loss: 0.053420234471559525, validation loss: 0.47433772683143616
2024-03-20 01:38:45.729906:2024-03-20 01:38:45.729830: Current epoch: 435, loss: 0.05712807551026344, validation loss: 0.47671112418174744
2024-03-20 01:38:50.512305:2024-03-20 01:38:50.512198: Current epoch: 436, loss: 0.05370164290070534, validation loss: 0.4685037136077881
2024-03-20 01:38:55.055733:2024-03-20 01:38:55.055657: Current epoch: 437, loss: 0.05630723014473915, validation loss: 0.4515475928783417
2024-03-20 01:38:59.578529:2024-03-20 01:38:59.578433: Current epoch: 438, loss: 0.05439280346035957, validation loss: 0.45772024989128113
2024-03-20 01:39:04.060353:2024-03-20 01:39:04.060302: Current epoch: 439, loss: 0.05507783591747284, validation loss: 0.4718693792819977
2024-03-20 01:39:08.710260:2024-03-20 01:39:08.710103: Current epoch: 440, loss: 0.09566546976566315, validation loss: 0.5399237275123596
2024-03-20 01:39:13.364743:2024-03-20 01:39:13.364663: Current epoch: 441, loss: 0.11464062333106995, validation loss: 0.5027616620063782
2024-03-20 01:39:18.034754:2024-03-20 01:39:18.034676: Current epoch: 442, loss: 0.08252410590648651, validation loss: 0.48493820428848267
2024-03-20 01:39:22.620256:2024-03-20 01:39:22.620175: Current epoch: 443, loss: 0.06053325906395912, validation loss: 0.4667204022407532
2024-03-20 01:39:27.181107:2024-03-20 01:39:27.180987: Current epoch: 444, loss: 0.047278694808483124, validation loss: 0.46396446228027344
2024-03-20 01:39:31.663560:2024-03-20 01:39:31.663451: Current epoch: 445, loss: 0.04432004690170288, validation loss: 0.46208783984184265
2024-03-20 01:39:36.198608:2024-03-20 01:39:36.198520: Current epoch: 446, loss: 0.04872622713446617, validation loss: 0.46759310364723206
2024-03-20 01:39:40.605636:2024-03-20 01:39:40.605559: Current epoch: 447, loss: 0.046883657574653625, validation loss: 0.46557265520095825
2024-03-20 01:39:45.163868:2024-03-20 01:39:45.163792: Current epoch: 448, loss: 0.05661170929670334, validation loss: 0.5564303994178772
2024-03-20 01:39:49.513808:2024-03-20 01:39:49.513723: Current epoch: 449, loss: 0.12803411483764648, validation loss: 0.5191340446472168
2024-03-20 01:39:53.887774:2024-03-20 01:39:53.887702: Current epoch: 450, loss: 0.0615791380405426, validation loss: 0.46654197573661804
2024-03-20 01:39:58.435591:2024-03-20 01:39:58.435513: Current epoch: 451, loss: 0.05187732353806496, validation loss: 0.46375343203544617
2024-03-20 01:40:03.005595:2024-03-20 01:40:03.005525: Current epoch: 452, loss: 0.04650961607694626, validation loss: 0.4541402757167816
2024-03-20 01:40:07.431782:2024-03-20 01:40:07.431712: Current epoch: 453, loss: 0.048388708382844925, validation loss: 0.4767276644706726
2024-03-20 01:40:11.828948:2024-03-20 01:40:11.828872: Current epoch: 454, loss: 0.06962909549474716, validation loss: 0.4713923931121826
2024-03-20 01:40:16.062061:2024-03-20 01:40:16.061980: Current epoch: 455, loss: 0.06274770200252533, validation loss: 0.462424635887146
2024-03-20 01:40:20.578179:2024-03-20 01:40:20.578010: Current epoch: 456, loss: 0.05721671134233475, validation loss: 0.508306622505188
2024-03-20 01:40:24.948357:2024-03-20 01:40:24.948282: Current epoch: 457, loss: 0.06234697997570038, validation loss: 0.47058534622192383
2024-03-20 01:40:29.424528:2024-03-20 01:40:29.424424: Current epoch: 458, loss: 0.058843281120061874, validation loss: 0.4672393798828125
2024-03-20 01:40:33.690893:2024-03-20 01:40:33.690817: Current epoch: 459, loss: 0.04839450120925903, validation loss: 0.4705245792865753
2024-03-20 01:40:38.153826:2024-03-20 01:40:38.153750: Current epoch: 460, loss: 0.04931462183594704, validation loss: 0.4612358510494232
2024-03-20 01:40:42.286614:2024-03-20 01:40:42.286538: Current epoch: 461, loss: 0.05027235299348831, validation loss: 0.4636177718639374
2024-03-20 01:40:46.627441:2024-03-20 01:40:46.627366: Current epoch: 462, loss: 0.05314863473176956, validation loss: 0.4677978754043579
2024-03-20 01:40:51.043433:2024-03-20 01:40:51.043300: Current epoch: 463, loss: 0.0566115602850914, validation loss: 0.47361984848976135
2024-03-20 01:40:55.274420:2024-03-20 01:40:55.274346: Current epoch: 464, loss: 0.09319234639406204, validation loss: 0.4892886281013489
2024-03-20 01:40:59.755732:2024-03-20 01:40:59.755658: Current epoch: 465, loss: 0.08666329085826874, validation loss: 0.5688560605049133
2024-03-20 01:41:04.185865:2024-03-20 01:41:04.185760: Current epoch: 466, loss: 0.062130436301231384, validation loss: 0.47339099645614624
2024-03-20 01:41:08.511888:2024-03-20 01:41:08.511823: Current epoch: 467, loss: 0.06636917591094971, validation loss: 0.4848700165748596
2024-03-20 01:41:13.095210:2024-03-20 01:41:13.095134: Current epoch: 468, loss: 0.05148042365908623, validation loss: 0.48153582215309143
2024-03-20 01:41:17.546639:2024-03-20 01:41:17.546565: Current epoch: 469, loss: 0.05118534341454506, validation loss: 0.4766762852668762
2024-03-20 01:41:21.893769:2024-03-20 01:41:21.893697: Current epoch: 470, loss: 0.04816090315580368, validation loss: 0.45661067962646484
2024-03-20 01:41:26.296714:2024-03-20 01:41:26.296636: Current epoch: 471, loss: 0.04873775318264961, validation loss: 0.49992337822914124
2024-03-20 01:41:30.797302:2024-03-20 01:41:30.797224: Current epoch: 472, loss: 0.052020154893398285, validation loss: 0.46543702483177185
2024-03-20 01:41:35.259918:2024-03-20 01:41:35.259850: Current epoch: 473, loss: 0.15485942363739014, validation loss: 0.5336671471595764
2024-03-20 01:41:39.781473:2024-03-20 01:41:39.781331: Current epoch: 474, loss: 0.10221325606107712, validation loss: 0.4754455089569092
2024-03-20 01:41:44.334698:2024-03-20 01:41:44.334621: Current epoch: 475, loss: 0.04862746223807335, validation loss: 0.4866574704647064
2024-03-20 01:41:48.784602:2024-03-20 01:41:48.784524: Current epoch: 476, loss: 0.04391028732061386, validation loss: 0.457037091255188
2024-03-20 01:41:53.239029:2024-03-20 01:41:53.238932: Current epoch: 477, loss: 0.039303962141275406, validation loss: 0.45941784977912903
2024-03-20 01:41:57.694954:2024-03-20 01:41:57.694872: Current epoch: 478, loss: 0.043023835867643356, validation loss: 0.48834893107414246
2024-03-20 01:42:02.364854:2024-03-20 01:42:02.364784: Current epoch: 479, loss: 0.05415251478552818, validation loss: 0.525251030921936
2024-03-20 01:42:06.990384:2024-03-20 01:42:06.990306: Current epoch: 480, loss: 0.06913471221923828, validation loss: 0.4715440571308136
2024-03-20 01:42:11.529971:2024-03-20 01:42:11.529896: Current epoch: 481, loss: 0.0481518991291523, validation loss: 0.47022923827171326
2024-03-20 01:42:16.016805:2024-03-20 01:42:16.016744: Current epoch: 482, loss: 0.09599822759628296, validation loss: 0.5798405408859253
2024-03-20 01:42:20.627548:2024-03-20 01:42:20.627448: Current epoch: 483, loss: 0.08965211361646652, validation loss: 0.4693089425563812
2024-03-20 01:42:25.278961:2024-03-20 01:42:25.278892: Current epoch: 484, loss: 0.05165830999612808, validation loss: 0.549527108669281
2024-03-20 01:42:29.671163:2024-03-20 01:42:29.671087: Current epoch: 485, loss: 0.06347514688968658, validation loss: 0.46388155221939087
2024-03-20 01:42:34.015658:2024-03-20 01:42:34.015583: Current epoch: 486, loss: 0.04623735696077347, validation loss: 0.4641802906990051
2024-03-20 01:42:38.417904:2024-03-20 01:42:38.417830: Current epoch: 487, loss: 0.09996456652879715, validation loss: 0.5551794767379761
2024-03-20 01:42:42.811314:2024-03-20 01:42:42.811176: Current epoch: 488, loss: 0.05911004915833473, validation loss: 0.46946981549263
2024-03-20 01:42:47.191305:2024-03-20 01:42:47.191234: Current epoch: 489, loss: 0.04113810136914253, validation loss: 0.46177127957344055
2024-03-20 01:42:51.713678:2024-03-20 01:42:51.713606: Current epoch: 490, loss: 0.04196087270975113, validation loss: 0.46338123083114624
2024-03-20 01:42:56.301722:2024-03-20 01:42:56.301619: Current epoch: 491, loss: 0.04972821846604347, validation loss: 0.4804013967514038
2024-03-20 01:43:00.817078:2024-03-20 01:43:00.817000: Current epoch: 492, loss: 0.05428019538521767, validation loss: 0.4868260622024536
2024-03-20 01:43:05.360905:2024-03-20 01:43:05.360830: Current epoch: 493, loss: 0.05117511376738548, validation loss: 0.5279295444488525
2024-03-20 01:43:10.010986:2024-03-20 01:43:10.010912: Current epoch: 494, loss: 0.05407651886343956, validation loss: 0.4699845314025879
2024-03-20 01:43:14.547884:2024-03-20 01:43:14.547813: Current epoch: 495, loss: 0.053989194333553314, validation loss: 0.47820737957954407
2024-03-20 01:43:18.897598:2024-03-20 01:43:18.897527: Current epoch: 496, loss: 0.10071880370378494, validation loss: 0.476142555475235
2024-03-20 01:43:23.414593:2024-03-20 01:43:23.414520: Current epoch: 497, loss: 0.05195203050971031, validation loss: 0.46335554122924805
2024-03-20 01:43:27.965033:2024-03-20 01:43:27.964957: Current epoch: 498, loss: 0.04443702846765518, validation loss: 0.46863096952438354
2024-03-20 01:43:32.369543:2024-03-20 01:43:32.369472: Current epoch: 499, loss: 0.04808039590716362, validation loss: 0.476237416267395
2024-03-20 01:43:36.873911:2024-03-20 01:43:36.873808: Current epoch: 500, loss: 0.0580226294696331, validation loss: 0.4667894244194031
2024-03-20 01:43:41.198035:2024-03-20 01:43:41.197960: Current epoch: 501, loss: 0.09657757729291916, validation loss: 0.47733187675476074
2024-03-20 01:43:45.523938:2024-03-20 01:43:45.523862: Current epoch: 502, loss: 0.07013747096061707, validation loss: 0.4808940887451172
2024-03-20 01:43:49.938662:2024-03-20 01:43:49.938584: Current epoch: 503, loss: 0.06069227308034897, validation loss: 0.46721726655960083
2024-03-20 01:43:54.226065:2024-03-20 01:43:54.225957: Current epoch: 504, loss: 0.04340817406773567, validation loss: 0.45684629678726196
2024-03-20 01:43:58.624326:2024-03-20 01:43:58.624249: Current epoch: 505, loss: 0.05034459009766579, validation loss: 0.44798341393470764
2024-03-20 01:44:03.185117:2024-03-20 01:44:03.185048: Current epoch: 506, loss: 0.06638291478157043, validation loss: 0.4882471561431885
2024-03-20 01:44:07.871195:2024-03-20 01:44:07.871113: Current epoch: 507, loss: 0.04884316772222519, validation loss: 0.46683260798454285
2024-03-20 01:44:12.383485:2024-03-20 01:44:12.383393: Current epoch: 508, loss: 0.05418955907225609, validation loss: 0.4506654739379883
2024-03-20 01:44:16.837043:2024-03-20 01:44:16.836882: Current epoch: 509, loss: 0.04597907513380051, validation loss: 0.4591740071773529
2024-03-20 01:44:21.462681:2024-03-20 01:44:21.462548: Current epoch: 510, loss: 0.06007872521877289, validation loss: 0.48073771595954895
2024-03-20 01:44:25.844382:2024-03-20 01:44:25.844222: Current epoch: 511, loss: 0.055101312696933746, validation loss: 0.5055387020111084
2024-03-20 01:44:30.345681:2024-03-20 01:44:30.345604: Current epoch: 512, loss: 0.06420841068029404, validation loss: 0.49839872121810913
2024-03-20 01:44:35.033914:2024-03-20 01:44:35.033853: Current epoch: 513, loss: 0.07410067319869995, validation loss: 0.47724172472953796
2024-03-20 01:44:39.540754:2024-03-20 01:44:39.540623: Current epoch: 514, loss: 0.04465144872665405, validation loss: 0.46158739924430847
2024-03-20 01:44:44.167252:2024-03-20 01:44:44.167093: Current epoch: 515, loss: 0.04188072308897972, validation loss: 0.47174274921417236
2024-03-20 01:44:48.455191:2024-03-20 01:44:48.455120: Current epoch: 516, loss: 0.040005024522542953, validation loss: 0.4562795162200928
2024-03-20 01:44:52.909086:2024-03-20 01:44:52.908954: Current epoch: 517, loss: 0.044732436537742615, validation loss: 0.46138995885849
2024-03-20 01:44:57.422648:2024-03-20 01:44:57.422544: Current epoch: 518, loss: 0.04712899029254913, validation loss: 0.46619677543640137
2024-03-20 01:45:01.911044:2024-03-20 01:45:01.911002: Current epoch: 519, loss: 0.04849124327301979, validation loss: 0.46349501609802246
2024-03-20 01:45:06.371704:2024-03-20 01:45:06.371570: Current epoch: 520, loss: 0.049954868853092194, validation loss: 0.47287553548812866
2024-03-20 01:45:10.736393:2024-03-20 01:45:10.736279: Current epoch: 521, loss: 0.051113564521074295, validation loss: 0.4748714566230774
2024-03-20 01:45:14.967143:2024-03-20 01:45:14.967068: Current epoch: 522, loss: 0.06225872039794922, validation loss: 0.5483869314193726
2024-03-20 01:45:19.316097:2024-03-20 01:45:19.316021: Current epoch: 523, loss: 0.11005289852619171, validation loss: 0.45863571763038635
2024-03-20 01:45:23.801015:2024-03-20 01:45:23.800937: Current epoch: 524, loss: 0.049420829862356186, validation loss: 0.463191956281662
2024-03-20 01:45:28.386840:2024-03-20 01:45:28.386792: Current epoch: 525, loss: 0.054226331412792206, validation loss: 0.4536312520503998
2024-03-20 01:45:33.005521:2024-03-20 01:45:33.005423: Current epoch: 526, loss: 0.04192455857992172, validation loss: 0.47367751598358154
2024-03-20 01:45:37.519500:2024-03-20 01:45:37.519319: Current epoch: 527, loss: 0.04149781912565231, validation loss: 0.4572533667087555
2024-03-20 01:45:42.098076:2024-03-20 01:45:42.098000: Current epoch: 528, loss: 0.0452408492565155, validation loss: 0.5310664772987366
2024-03-20 01:45:46.762831:2024-03-20 01:45:46.762756: Current epoch: 529, loss: 0.11143311858177185, validation loss: 0.4928303062915802
2024-03-20 01:45:51.509512:2024-03-20 01:45:51.509416: Current epoch: 530, loss: 0.09060890227556229, validation loss: 0.4948449432849884
2024-03-20 01:45:55.935335:2024-03-20 01:45:55.935201: Current epoch: 531, loss: 0.06030542775988579, validation loss: 0.4862748682498932
2024-03-20 01:46:00.385368:2024-03-20 01:46:00.385256: Current epoch: 532, loss: 0.04137028381228447, validation loss: 0.4612916111946106
2024-03-20 01:46:05.023052:2024-03-20 01:46:05.022975: Current epoch: 533, loss: 0.03879097104072571, validation loss: 0.46495696902275085
2024-03-20 01:46:09.438277:2024-03-20 01:46:09.438202: Current epoch: 534, loss: 0.03657669201493263, validation loss: 0.44993019104003906
2024-03-20 01:46:14.153500:2024-03-20 01:46:14.153409: Current epoch: 535, loss: 0.03780065476894379, validation loss: 0.465890109539032
2024-03-20 01:46:18.910217:2024-03-20 01:46:18.910142: Current epoch: 536, loss: 0.03995784372091293, validation loss: 0.46611276268959045
2024-03-20 01:46:23.681958:2024-03-20 01:46:23.681881: Current epoch: 537, loss: 0.045896824449300766, validation loss: 0.46720948815345764
2024-03-20 01:46:28.107421:2024-03-20 01:46:28.107352: Current epoch: 538, loss: 0.04777955263853073, validation loss: 0.45974498987197876
2024-03-20 01:46:32.662145:2024-03-20 01:46:32.662071: Current epoch: 539, loss: 0.09609099477529526, validation loss: 0.5129920840263367
2024-03-20 01:46:37.371343:2024-03-20 01:46:37.371223: Current epoch: 540, loss: 0.0806771069765091, validation loss: 0.5146235823631287
2024-03-20 01:46:42.093829:2024-03-20 01:46:42.093725: Current epoch: 541, loss: 0.10465747117996216, validation loss: 0.477128803730011
2024-03-20 01:46:46.626810:2024-03-20 01:46:46.626671: Current epoch: 542, loss: 0.045575860887765884, validation loss: 0.46918296813964844
2024-03-20 01:46:51.455210:2024-03-20 01:46:51.455141: Current epoch: 543, loss: 0.041221290826797485, validation loss: 0.4866250157356262
2024-03-20 01:46:56.280325:2024-03-20 01:46:56.280251: Current epoch: 544, loss: 0.0441095307469368, validation loss: 0.4647544026374817
2024-03-20 01:47:00.957607:2024-03-20 01:47:00.957541: Current epoch: 545, loss: 0.09487871080636978, validation loss: 0.47473621368408203
2024-03-20 01:47:05.839279:2024-03-20 01:47:05.839204: Current epoch: 546, loss: 0.043253351002931595, validation loss: 0.4664546847343445
2024-03-20 01:47:10.631139:2024-03-20 01:47:10.631056: Current epoch: 547, loss: 0.036933064460754395, validation loss: 0.46829283237457275
2024-03-20 01:47:15.031877:2024-03-20 01:47:15.031800: Current epoch: 548, loss: 0.03668607771396637, validation loss: 0.45562732219696045
2024-03-20 01:47:19.552694:2024-03-20 01:47:19.552625: Current epoch: 549, loss: 0.04049789533019066, validation loss: 0.45583900809288025
2024-03-20 01:47:23.973938:2024-03-20 01:47:23.973804: Current epoch: 550, loss: 0.04436896741390228, validation loss: 0.4553711712360382
2024-03-20 01:47:28.295491:2024-03-20 01:47:28.295352: Current epoch: 551, loss: 0.0516417920589447, validation loss: 0.49291250109672546
2024-03-20 01:47:32.715754:2024-03-20 01:47:32.715696: Current epoch: 552, loss: 0.0640152171254158, validation loss: 0.45823904871940613
2024-03-20 01:47:36.951534:2024-03-20 01:47:36.951478: Current epoch: 553, loss: 0.051328785717487335, validation loss: 0.459023118019104
2024-03-20 01:47:41.459891:2024-03-20 01:47:41.459846: Current epoch: 554, loss: 0.044971175491809845, validation loss: 0.4631347954273224
2024-03-20 01:47:41.787081:the test error is  [0.4880559742450714, 0.4880559742450714]
2024-03-20 01:47:44.273214:saved model to sample/bert-base-uncased_robo_prop_mbj_bandgap
2024-03-20 01:47:44.678679:done