
2024-04-09 10:08:00.213670:job config: {'train_data_path': '/data/yll6162/alignntl_dft_3d/tl_dataset/dataset_bert-base-uncased_chemnlp_prop_formation_energy_peratom_train.csv', 'val_data_path': '/data/yll6162/alignntl_dft_3d/tl_dataset/dataset_bert-base-uncased_chemnlp_prop_formation_energy_peratom_val.csv', 'test_data_path': '/data/yll6162/alignntl_dft_3d/tl_dataset/dataset_bert-base-uncased_chemnlp_prop_formation_energy_peratom_test.csv', 'label': 'formation_energy_peratom', 'input_type': None, 'log_folder': 'log', 'log_file': 'bert-base-uncased_chemnlp_prop_formation_energy_peratom.log', 'test_metric': 'mae', 'architecture': '1024Rx4D-512Rx3D-256Rx3D-128Rx3D-64Rx2-32Rx1-1', 'model_seed': 0, 'loss_type': 'mae', 'config_file': 'sample/bert-base-uncased_chemnlp_prop_formation_energy_peratom_job.config', 'use_valid': True, 'project': 'MOF', 'regressors': None, 'input_types': None, 'paramsGrid': {'optimizer': 'Adam', 'learning_rate': 0.0001, 'patience': 200, 'dropouts': [0.8, 0.9, 0.7, 0.8], 'EVAL_FREQUENCY': 1000}, 'save_path': 'sample/bert-base-uncased_chemnlp_prop_formation_energy_peratom', 'model_path': None, 'last_layer_with_weight': True, 'keras_path': 'model/bert-base-uncased_chemnlp_prop_formation_energy_peratom', 'test_size': None, 'val_size': None}
2024-04-09 10:08:00.213731:train data path is  /data/yll6162/alignntl_dft_3d/tl_dataset/dataset_bert-base-uncased_chemnlp_prop_formation_energy_peratom_train.csv
2024-04-09 10:08:06.490429:input attribute sets are:  None
2024-04-09 10:08:06.490639:test data path is  /data/yll6162/alignntl_dft_3d/tl_dataset/dataset_bert-base-uncased_chemnlp_prop_formation_energy_peratom_test.csv
2024-04-09 10:08:07.259854:val data path is  /data/yll6162/alignntl_dft_3d/tl_dataset/dataset_bert-base-uncased_chemnlp_prop_formation_energy_peratom_val.csv
2024-04-09 10:08:08.027206:input attributes are:  Index(['0', '1', '2', '3', '4', '5', '6', '7', '8', '9',
       ...
       '758', '759', '760', '761', '762', '763', '764', '765', '766', '767'],
      dtype='object', length=768)
2024-04-09 10:08:08.027365:label: formation_energy_peratom
2024-04-09 10:08:14.607891: train, test, valid sizes:  (60639, 768) (60639,) (7580, 768) (7580,) (7580, 768) (7580,)
2024-04-09 10:08:14.742679:train matrix shape of train_X:  (60639, 768)  train_y:  (60639,)
2024-04-09 10:08:14.742831:valid matrix shape of train_X:  (7580, 768)  valid_y:  (7580,)
2024-04-09 10:08:14.742872:test matrix shape of valid_X:   (7580, 768)  test_y:  (7580,)
2024-04-09 10:08:14.742906:architecture is:  1024Rx4D-512Rx3D-256Rx3D-128Rx3D-64Rx2-32Rx1-1
2024-04-09 10:08:14.742943:learning rate is  0.0001
2024-04-09 10:08:14.742977:model path is  None
2024-04-09 10:08:14.750888:adding fully connected layers with 1024 outputs
2024-04-09 10:08:16.726152:adding residual with fc as the size are different
2024-04-09 10:08:16.733293:adding fully connected layers with 1024 outputs
2024-04-09 10:08:16.738377:adding residual, both sizes are same
2024-04-09 10:08:16.740350:adding fully connected layers with 1024 outputs
2024-04-09 10:08:16.745265:adding residual, both sizes are same
2024-04-09 10:08:16.747195:adding fully connected layers with 1024 outputs
2024-04-09 10:08:16.751964:adding residual, both sizes are same
2024-04-09 10:08:16.753961:adding dropout 0.8
2024-04-09 10:08:16.758411:adding fully connected layers with 512 outputs
2024-04-09 10:08:16.763442:adding residual with fc as the size are different
2024-04-09 10:08:16.770384:adding fully connected layers with 512 outputs
2024-04-09 10:08:16.775321:adding residual, both sizes are same
2024-04-09 10:08:16.777179:adding fully connected layers with 512 outputs
2024-04-09 10:08:16.782138:adding residual, both sizes are same
2024-04-09 10:08:16.784005:adding dropout 0.9
2024-04-09 10:08:16.785628:adding fully connected layers with 256 outputs
2024-04-09 10:08:16.790710:adding residual with fc as the size are different
2024-04-09 10:08:16.797122:adding fully connected layers with 256 outputs
2024-04-09 10:08:16.802099:adding residual, both sizes are same
2024-04-09 10:08:16.807992:adding fully connected layers with 256 outputs
2024-04-09 10:08:16.819499:adding residual, both sizes are same
2024-04-09 10:08:16.821733:adding dropout 0.7
2024-04-09 10:08:16.823613:adding fully connected layers with 128 outputs
2024-04-09 10:08:16.829585:adding residual with fc as the size are different
2024-04-09 10:08:16.836502:adding fully connected layers with 128 outputs
2024-04-09 10:08:16.841778:adding residual, both sizes are same
2024-04-09 10:08:16.843754:adding fully connected layers with 128 outputs
2024-04-09 10:08:16.848876:adding residual, both sizes are same
2024-04-09 10:08:16.851115:adding dropout 0.8
2024-04-09 10:08:16.852810:adding fully connected layers with 64 outputs
2024-04-09 10:08:16.858149:adding residual with fc as the size are different
2024-04-09 10:08:16.871885:adding fully connected layers with 64 outputs
2024-04-09 10:08:16.879258:adding residual, both sizes are same
2024-04-09 10:08:16.881123:adding fully connected layers with 32 outputs
2024-04-09 10:08:16.892463:adding residual with fc as the size are different
2024-04-09 10:08:16.902381:adding final layer with 1 output
2024-04-09 10:08:16.922114:Model: "ElemNet"
2024-04-09 10:08:16.922196:__________________________________________________________________________________________________
2024-04-09 10:08:16.922253:Layer (type)                    Output Shape         Param #     Connected to                     
2024-04-09 10:08:16.922305:==================================================================================================
2024-04-09 10:08:16.922540:elemental_fractions (InputLayer [(None, 768)]        0                                            
2024-04-09 10:08:16.922594:__________________________________________________________________________________________________
2024-04-09 10:08:16.922764:fc0_0 (Dense)                   (None, 1024)         787456      elemental_fractions[0][0]        
2024-04-09 10:08:16.922816:__________________________________________________________________________________________________
2024-04-09 10:08:16.922944:fc0_dim_0 (Dense)               (None, 1024)         787456      elemental_fractions[0][0]        
2024-04-09 10:08:16.922993:__________________________________________________________________________________________________
2024-04-09 10:08:16.923087:tf.__operators__.add (TFOpLambd (None, 1024)         0           fc0_0[0][0]                      
2024-04-09 10:08:16.923137:                                                                 fc0_dim_0[0][0]                  
2024-04-09 10:08:16.923178:__________________________________________________________________________________________________
2024-04-09 10:08:16.923310:fc0_1 (Dense)                   (None, 1024)         1049600     tf.__operators__.add[0][0]       
2024-04-09 10:08:16.923361:__________________________________________________________________________________________________
2024-04-09 10:08:16.923450:tf.__operators__.add_1 (TFOpLam (None, 1024)         0           fc0_1[0][0]                      
2024-04-09 10:08:16.923501:                                                                 tf.__operators__.add[0][0]       
2024-04-09 10:08:16.923542:__________________________________________________________________________________________________
2024-04-09 10:08:16.923661:fc0_2 (Dense)                   (None, 1024)         1049600     tf.__operators__.add_1[0][0]     
2024-04-09 10:08:16.923709:__________________________________________________________________________________________________
2024-04-09 10:08:16.923797:tf.__operators__.add_2 (TFOpLam (None, 1024)         0           fc0_2[0][0]                      
2024-04-09 10:08:16.923846:                                                                 tf.__operators__.add_1[0][0]     
2024-04-09 10:08:16.923886:__________________________________________________________________________________________________
2024-04-09 10:08:16.924003:fc0_3 (Dense)                   (None, 1024)         1049600     tf.__operators__.add_2[0][0]     
2024-04-09 10:08:16.924050:__________________________________________________________________________________________________
2024-04-09 10:08:16.924145:tf.__operators__.add_3 (TFOpLam (None, 1024)         0           fc0_3[0][0]                      
2024-04-09 10:08:16.924195:                                                                 tf.__operators__.add_2[0][0]     
2024-04-09 10:08:16.924235:__________________________________________________________________________________________________
2024-04-09 10:08:16.924327:dropout (Dropout)               (None, 1024)         0           tf.__operators__.add_3[0][0]     
2024-04-09 10:08:16.924373:__________________________________________________________________________________________________
2024-04-09 10:08:16.924496:fc1_0 (Dense)                   (None, 512)          524800      dropout[0][0]                    
2024-04-09 10:08:16.924543:__________________________________________________________________________________________________
2024-04-09 10:08:16.924660:fc1_dim_0 (Dense)               (None, 512)          524800      dropout[0][0]                    
2024-04-09 10:08:16.924707:__________________________________________________________________________________________________
2024-04-09 10:08:16.924794:tf.__operators__.add_4 (TFOpLam (None, 512)          0           fc1_0[0][0]                      
2024-04-09 10:08:16.924844:                                                                 fc1_dim_0[0][0]                  
2024-04-09 10:08:16.924885:__________________________________________________________________________________________________
2024-04-09 10:08:16.925000:fc1_1 (Dense)                   (None, 512)          262656      tf.__operators__.add_4[0][0]     
2024-04-09 10:08:16.925048:__________________________________________________________________________________________________
2024-04-09 10:08:16.925134:tf.__operators__.add_5 (TFOpLam (None, 512)          0           fc1_1[0][0]                      
2024-04-09 10:08:16.925183:                                                                 tf.__operators__.add_4[0][0]     
2024-04-09 10:08:16.925223:__________________________________________________________________________________________________
2024-04-09 10:08:16.925347:fc1_2 (Dense)                   (None, 512)          262656      tf.__operators__.add_5[0][0]     
2024-04-09 10:08:16.925395:__________________________________________________________________________________________________
2024-04-09 10:08:16.925481:tf.__operators__.add_6 (TFOpLam (None, 512)          0           fc1_2[0][0]                      
2024-04-09 10:08:16.925530:                                                                 tf.__operators__.add_5[0][0]     
2024-04-09 10:08:16.925571:__________________________________________________________________________________________________
2024-04-09 10:08:16.925652:dropout_1 (Dropout)             (None, 512)          0           tf.__operators__.add_6[0][0]     
2024-04-09 10:08:16.925696:__________________________________________________________________________________________________
2024-04-09 10:08:16.925812:fc2_0 (Dense)                   (None, 256)          131328      dropout_1[0][0]                  
2024-04-09 10:08:16.925860:__________________________________________________________________________________________________
2024-04-09 10:08:16.925975:fc2_dim_0 (Dense)               (None, 256)          131328      dropout_1[0][0]                  
2024-04-09 10:08:16.926021:__________________________________________________________________________________________________
2024-04-09 10:08:16.926107:tf.__operators__.add_7 (TFOpLam (None, 256)          0           fc2_0[0][0]                      
2024-04-09 10:08:16.926156:                                                                 fc2_dim_0[0][0]                  
2024-04-09 10:08:16.926197:__________________________________________________________________________________________________
2024-04-09 10:08:16.926339:fc2_1 (Dense)                   (None, 256)          65792       tf.__operators__.add_7[0][0]     
2024-04-09 10:08:16.926418:__________________________________________________________________________________________________
2024-04-09 10:08:16.926529:tf.__operators__.add_8 (TFOpLam (None, 256)          0           fc2_1[0][0]                      
2024-04-09 10:08:16.926579:                                                                 tf.__operators__.add_7[0][0]     
2024-04-09 10:08:16.926620:__________________________________________________________________________________________________
2024-04-09 10:08:16.926752:fc2_2 (Dense)                   (None, 256)          65792       tf.__operators__.add_8[0][0]     
2024-04-09 10:08:16.926798:__________________________________________________________________________________________________
2024-04-09 10:08:16.926883:tf.__operators__.add_9 (TFOpLam (None, 256)          0           fc2_2[0][0]                      
2024-04-09 10:08:16.926930:                                                                 tf.__operators__.add_8[0][0]     
2024-04-09 10:08:16.926969:__________________________________________________________________________________________________
2024-04-09 10:08:16.927048:dropout_2 (Dropout)             (None, 256)          0           tf.__operators__.add_9[0][0]     
2024-04-09 10:08:16.927090:__________________________________________________________________________________________________
2024-04-09 10:08:16.927214:fc3_0 (Dense)                   (None, 128)          32896       dropout_2[0][0]                  
2024-04-09 10:08:16.927262:__________________________________________________________________________________________________
2024-04-09 10:08:16.927397:fc3_dim_0 (Dense)               (None, 128)          32896       dropout_2[0][0]                  
2024-04-09 10:08:16.927445:__________________________________________________________________________________________________
2024-04-09 10:08:16.927532:tf.__operators__.add_10 (TFOpLa (None, 128)          0           fc3_0[0][0]                      
2024-04-09 10:08:16.927581:                                                                 fc3_dim_0[0][0]                  
2024-04-09 10:08:16.927622:__________________________________________________________________________________________________
2024-04-09 10:08:16.927736:fc3_1 (Dense)                   (None, 128)          16512       tf.__operators__.add_10[0][0]    
2024-04-09 10:08:16.927783:__________________________________________________________________________________________________
2024-04-09 10:08:16.927868:tf.__operators__.add_11 (TFOpLa (None, 128)          0           fc3_1[0][0]                      
2024-04-09 10:08:16.927917:                                                                 tf.__operators__.add_10[0][0]    
2024-04-09 10:08:16.927958:__________________________________________________________________________________________________
2024-04-09 10:08:16.928072:fc3_2 (Dense)                   (None, 128)          16512       tf.__operators__.add_11[0][0]    
2024-04-09 10:08:16.928119:__________________________________________________________________________________________________
2024-04-09 10:08:16.928204:tf.__operators__.add_12 (TFOpLa (None, 128)          0           fc3_2[0][0]                      
2024-04-09 10:08:16.928253:                                                                 tf.__operators__.add_11[0][0]    
2024-04-09 10:08:16.928302:__________________________________________________________________________________________________
2024-04-09 10:08:16.928385:dropout_3 (Dropout)             (None, 128)          0           tf.__operators__.add_12[0][0]    
2024-04-09 10:08:16.928429:__________________________________________________________________________________________________
2024-04-09 10:08:16.928547:fc4_0 (Dense)                   (None, 64)           8256        dropout_3[0][0]                  
2024-04-09 10:08:16.928594:__________________________________________________________________________________________________
2024-04-09 10:08:16.928707:fc4_dim_0 (Dense)               (None, 64)           8256        dropout_3[0][0]                  
2024-04-09 10:08:16.928759:__________________________________________________________________________________________________
2024-04-09 10:08:16.928847:tf.__operators__.add_13 (TFOpLa (None, 64)           0           fc4_0[0][0]                      
2024-04-09 10:08:16.928897:                                                                 fc4_dim_0[0][0]                  
2024-04-09 10:08:16.928938:__________________________________________________________________________________________________
2024-04-09 10:08:16.929051:fc4_1 (Dense)                   (None, 64)           4160        tf.__operators__.add_13[0][0]    
2024-04-09 10:08:16.929092:__________________________________________________________________________________________________
2024-04-09 10:08:16.929166:tf.__operators__.add_14 (TFOpLa (None, 64)           0           fc4_1[0][0]                      
2024-04-09 10:08:16.929207:                                                                 tf.__operators__.add_13[0][0]    
2024-04-09 10:08:16.929242:__________________________________________________________________________________________________
2024-04-09 10:08:16.929352:fc5_0 (Dense)                   (None, 32)           2080        tf.__operators__.add_14[0][0]    
2024-04-09 10:08:16.929394:__________________________________________________________________________________________________
2024-04-09 10:08:16.929493:fc5_dim_0 (Dense)               (None, 32)           2080        tf.__operators__.add_14[0][0]    
2024-04-09 10:08:16.929550:__________________________________________________________________________________________________
2024-04-09 10:08:16.929628:tf.__operators__.add_15 (TFOpLa (None, 32)           0           fc5_0[0][0]                      
2024-04-09 10:08:16.929670:                                                                 fc5_dim_0[0][0]                  
2024-04-09 10:08:16.929704:__________________________________________________________________________________________________
2024-04-09 10:08:16.929804:fc6 (Dense)                     (None, 1)            33          tf.__operators__.add_15[0][0]    
2024-04-09 10:08:16.929845:==================================================================================================
2024-04-09 10:08:16.930461:Total params: 6,816,545
2024-04-09 10:08:16.930519:Trainable params: 6,816,545
2024-04-09 10:08:16.930557:Non-trainable params: 0
2024-04-09 10:08:16.930590:__________________________________________________________________________________________________
2024-04-09 10:08:16.940801:start training
2024-04-09 10:08:36.113030:2024-04-09 10:08:36.112963: Current epoch: 0, loss: 1.0172919034957886, validation loss: 0.512904167175293
2024-04-09 10:08:53.680366:2024-04-09 10:08:53.680254: Current epoch: 1, loss: 0.5385711789131165, validation loss: 0.4908347427845001
2024-04-09 10:09:11.330600:2024-04-09 10:09:11.330495: Current epoch: 2, loss: 0.476919561624527, validation loss: 0.41776278614997864
2024-04-09 10:09:28.908236:2024-04-09 10:09:28.908070: Current epoch: 3, loss: 0.44284355640411377, validation loss: 0.5456429719924927
2024-04-09 10:09:46.512632:2024-04-09 10:09:46.512474: Current epoch: 4, loss: 0.43253764510154724, validation loss: 0.4519765377044678
2024-04-09 10:10:04.116696:2024-04-09 10:10:04.116584: Current epoch: 5, loss: 0.40103524923324585, validation loss: 0.39140793681144714
2024-04-09 10:10:21.272479:2024-04-09 10:10:21.272138: Current epoch: 6, loss: 0.39191490411758423, validation loss: 0.4034457504749298
2024-04-09 10:10:38.353550:2024-04-09 10:10:38.353467: Current epoch: 7, loss: 0.3751380741596222, validation loss: 0.382192999124527
2024-04-09 10:10:55.074188:2024-04-09 10:10:55.074104: Current epoch: 8, loss: 0.36140239238739014, validation loss: 0.3449712097644806
2024-04-09 10:11:12.060214:2024-04-09 10:11:12.060123: Current epoch: 9, loss: 0.3486691415309906, validation loss: 0.3405219614505768
2024-04-09 10:11:31.519742:2024-04-09 10:11:31.519663: Current epoch: 10, loss: 0.3391214609146118, validation loss: 0.35686933994293213
2024-04-09 10:11:48.813142:2024-04-09 10:11:48.813051: Current epoch: 11, loss: 0.32749825716018677, validation loss: 0.2972862422466278
2024-04-09 10:12:06.542290:2024-04-09 10:12:06.541944: Current epoch: 12, loss: 0.31933051347732544, validation loss: 0.46466732025146484
2024-04-09 10:12:24.082324:2024-04-09 10:12:24.082200: Current epoch: 13, loss: 0.31047430634498596, validation loss: 0.29642781615257263
2024-04-09 10:12:41.964783:2024-04-09 10:12:41.964601: Current epoch: 14, loss: 0.30468806624412537, validation loss: 0.2989741563796997
2024-04-09 10:12:59.780624:2024-04-09 10:12:59.780527: Current epoch: 15, loss: 0.2966943085193634, validation loss: 0.29475948214530945
2024-04-09 10:13:17.491041:2024-04-09 10:13:17.490875: Current epoch: 16, loss: 0.29108506441116333, validation loss: 0.312513142824173
2024-04-09 10:13:35.158839:2024-04-09 10:13:35.158759: Current epoch: 17, loss: 0.2817026674747467, validation loss: 0.25233176350593567
2024-04-09 10:13:52.660853:2024-04-09 10:13:52.660687: Current epoch: 18, loss: 0.27362167835235596, validation loss: 0.2699944078922272
2024-04-09 10:14:10.130089:2024-04-09 10:14:10.129934: Current epoch: 19, loss: 0.26758766174316406, validation loss: 0.2517740726470947
2024-04-09 10:14:30.449776:2024-04-09 10:14:30.449593: Current epoch: 20, loss: 0.2617338299751282, validation loss: 0.2594189941883087
2024-04-09 10:14:48.762848:2024-04-09 10:14:48.762752: Current epoch: 21, loss: 0.2549581229686737, validation loss: 0.24808041751384735
2024-04-09 10:15:06.920101:2024-04-09 10:15:06.919970: Current epoch: 22, loss: 0.25203680992126465, validation loss: 0.2598925232887268
2024-04-09 10:15:24.301376:2024-04-09 10:15:24.301208: Current epoch: 23, loss: 0.24532656371593475, validation loss: 0.25105831027030945
2024-04-09 10:15:41.859976:2024-04-09 10:15:41.859819: Current epoch: 24, loss: 0.2415638566017151, validation loss: 0.25804445147514343
2024-04-09 10:15:59.528082:2024-04-09 10:15:59.527922: Current epoch: 25, loss: 0.2380952388048172, validation loss: 0.2798459529876709
2024-04-09 10:16:17.247079:2024-04-09 10:16:17.246952: Current epoch: 26, loss: 0.23043811321258545, validation loss: 0.2521127760410309
2024-04-09 10:16:35.066664:2024-04-09 10:16:35.066579: Current epoch: 27, loss: 0.22436337172985077, validation loss: 0.22984974086284637
2024-04-09 10:16:52.640701:2024-04-09 10:16:52.640608: Current epoch: 28, loss: 0.2209193855524063, validation loss: 0.2297995686531067
2024-04-09 10:17:09.873129:2024-04-09 10:17:09.872958: Current epoch: 29, loss: 0.2169407308101654, validation loss: 0.234671950340271
2024-04-09 10:17:30.344440:2024-04-09 10:17:30.344207: Current epoch: 30, loss: 0.21163484454154968, validation loss: 0.23937252163887024
2024-04-09 10:17:48.987014:2024-04-09 10:17:48.986855: Current epoch: 31, loss: 0.20601077377796173, validation loss: 0.26013651490211487
2024-04-09 10:18:06.588965:2024-04-09 10:18:06.588828: Current epoch: 32, loss: 0.20515860617160797, validation loss: 0.2336968630552292
2024-04-09 10:18:23.705928:2024-04-09 10:18:23.705832: Current epoch: 33, loss: 0.19973431527614594, validation loss: 0.22075535356998444
2024-04-09 10:18:41.665059:2024-04-09 10:18:41.664931: Current epoch: 34, loss: 0.19438046216964722, validation loss: 0.2266295850276947
2024-04-09 10:18:59.079538:2024-04-09 10:18:59.079446: Current epoch: 35, loss: 0.19191059470176697, validation loss: 0.21421805024147034
2024-04-09 10:19:16.408140:2024-04-09 10:19:16.408054: Current epoch: 36, loss: 0.18814116716384888, validation loss: 0.2093096673488617
2024-04-09 10:19:34.277392:2024-04-09 10:19:34.277226: Current epoch: 37, loss: 0.18394795060157776, validation loss: 0.2280098795890808
2024-04-09 10:19:52.151891:2024-04-09 10:19:52.151799: Current epoch: 38, loss: 0.18429799377918243, validation loss: 0.1971200853586197
2024-04-09 10:20:09.292782:2024-04-09 10:20:09.292636: Current epoch: 39, loss: 0.1797814816236496, validation loss: 0.2143298238515854
2024-04-09 10:20:28.678790:2024-04-09 10:20:28.678631: Current epoch: 40, loss: 0.1770869791507721, validation loss: 0.21204565465450287
2024-04-09 10:20:46.390973:2024-04-09 10:20:46.390854: Current epoch: 41, loss: 0.17221127450466156, validation loss: 0.20138023793697357
2024-04-09 10:21:04.042669:2024-04-09 10:21:04.042573: Current epoch: 42, loss: 0.1707075834274292, validation loss: 0.18774861097335815
2024-04-09 10:21:21.440463:2024-04-09 10:21:21.440318: Current epoch: 43, loss: 0.16516642272472382, validation loss: 0.2271146923303604
2024-04-09 10:21:39.059167:2024-04-09 10:21:39.059012: Current epoch: 44, loss: 0.16612869501113892, validation loss: 0.24854685366153717
2024-04-09 10:21:57.038804:2024-04-09 10:21:57.038718: Current epoch: 45, loss: 0.1608353853225708, validation loss: 0.18440108001232147
2024-04-09 10:22:14.933712:2024-04-09 10:22:14.933395: Current epoch: 46, loss: 0.15798860788345337, validation loss: 0.19244565069675446
2024-04-09 10:22:33.265177:2024-04-09 10:22:33.265041: Current epoch: 47, loss: 0.15608450770378113, validation loss: 0.1850196123123169
2024-04-09 10:22:50.717996:2024-04-09 10:22:50.717831: Current epoch: 48, loss: 0.15353475511074066, validation loss: 0.20237229764461517
2024-04-09 10:23:08.080425:2024-04-09 10:23:08.080286: Current epoch: 49, loss: 0.14879074692726135, validation loss: 0.19448339939117432
2024-04-09 10:23:27.490857:2024-04-09 10:23:27.490692: Current epoch: 50, loss: 0.14756867289543152, validation loss: 0.19886374473571777
2024-04-09 10:23:44.735448:2024-04-09 10:23:44.735269: Current epoch: 51, loss: 0.14624005556106567, validation loss: 0.1783127635717392
2024-04-09 10:24:02.511426:2024-04-09 10:24:02.511255: Current epoch: 52, loss: 0.14521045982837677, validation loss: 0.20139609277248383
2024-04-09 10:24:19.639884:2024-04-09 10:24:19.639715: Current epoch: 53, loss: 0.13990318775177002, validation loss: 0.1846262812614441
2024-04-09 10:24:36.720532:2024-04-09 10:24:36.720390: Current epoch: 54, loss: 0.14031578600406647, validation loss: 0.1879301220178604
2024-04-09 10:24:53.820580:2024-04-09 10:24:53.820488: Current epoch: 55, loss: 0.1366981863975525, validation loss: 0.17014969885349274
2024-04-09 10:25:10.605503:2024-04-09 10:25:10.605350: Current epoch: 56, loss: 0.1362389624118805, validation loss: 0.1813974231481552
2024-04-09 10:25:27.777455:2024-04-09 10:25:27.777304: Current epoch: 57, loss: 0.13193368911743164, validation loss: 0.19059130549430847
2024-04-09 10:25:45.225562:2024-04-09 10:25:45.225410: Current epoch: 58, loss: 0.12834741175174713, validation loss: 0.18700438737869263
2024-04-09 10:26:02.447016:2024-04-09 10:26:02.446864: Current epoch: 59, loss: 0.12830257415771484, validation loss: 0.17491404712200165
2024-04-09 10:26:22.010642:2024-04-09 10:26:22.010549: Current epoch: 60, loss: 0.12587638199329376, validation loss: 0.166321262717247
2024-04-09 10:26:38.947421:2024-04-09 10:26:38.947257: Current epoch: 61, loss: 0.12401130795478821, validation loss: 0.1775728166103363
2024-04-09 10:26:56.385406:2024-04-09 10:26:56.385227: Current epoch: 62, loss: 0.12280970811843872, validation loss: 0.17185072600841522
2024-04-09 10:27:14.314485:2024-04-09 10:27:14.314305: Current epoch: 63, loss: 0.12125224620103836, validation loss: 0.19432693719863892
2024-04-09 10:27:31.997435:2024-04-09 10:27:31.997286: Current epoch: 64, loss: 0.11872109025716782, validation loss: 0.17064401507377625
2024-04-09 10:27:49.384959:2024-04-09 10:27:49.384806: Current epoch: 65, loss: 0.1167561337351799, validation loss: 0.17587997019290924
2024-04-09 10:28:06.535242:2024-04-09 10:28:06.535144: Current epoch: 66, loss: 0.11611872911453247, validation loss: 0.1660214364528656
2024-04-09 10:28:23.547956:2024-04-09 10:28:23.547791: Current epoch: 67, loss: 0.11443965137004852, validation loss: 0.1848510205745697
2024-04-09 10:28:40.644529:2024-04-09 10:28:40.644379: Current epoch: 68, loss: 0.11304214596748352, validation loss: 0.17927661538124084
2024-04-09 10:28:58.050338:2024-04-09 10:28:58.050167: Current epoch: 69, loss: 0.11192388832569122, validation loss: 0.16734007000923157
2024-04-09 10:29:17.792016:2024-04-09 10:29:17.791867: Current epoch: 70, loss: 0.11103861033916473, validation loss: 0.1702224761247635
2024-04-09 10:29:34.631339:2024-04-09 10:29:34.631171: Current epoch: 71, loss: 0.1081438809633255, validation loss: 0.17676617205142975
2024-04-09 10:29:51.758469:2024-04-09 10:29:51.758377: Current epoch: 72, loss: 0.10575590282678604, validation loss: 0.16458822786808014
2024-04-09 10:30:09.106528:2024-04-09 10:30:09.106360: Current epoch: 73, loss: 0.10560379177331924, validation loss: 0.17165638506412506
2024-04-09 10:30:26.042353:2024-04-09 10:30:26.042210: Current epoch: 74, loss: 0.10237500816583633, validation loss: 0.1656559258699417
2024-04-09 10:30:43.396666:2024-04-09 10:30:43.396578: Current epoch: 75, loss: 0.10378268361091614, validation loss: 0.15918512642383575
2024-04-09 10:31:00.592344:2024-04-09 10:31:00.592229: Current epoch: 76, loss: 0.09949636459350586, validation loss: 0.15814362466335297
2024-04-09 10:31:17.836524:2024-04-09 10:31:17.836379: Current epoch: 77, loss: 0.10043646395206451, validation loss: 0.16003964841365814
2024-04-09 10:31:34.914650:2024-04-09 10:31:34.914493: Current epoch: 78, loss: 0.09800317883491516, validation loss: 0.1682596504688263
2024-04-09 10:31:52.148073:2024-04-09 10:31:52.147945: Current epoch: 79, loss: 0.09696830809116364, validation loss: 0.16625551879405975
2024-04-09 10:32:11.526338:2024-04-09 10:32:11.526249: Current epoch: 80, loss: 0.09675834327936172, validation loss: 0.1566876918077469
2024-04-09 10:32:28.529820:2024-04-09 10:32:28.529666: Current epoch: 81, loss: 0.09568701684474945, validation loss: 0.16448132693767548
2024-04-09 10:32:45.727668:2024-04-09 10:32:45.727515: Current epoch: 82, loss: 0.09408311545848846, validation loss: 0.15945805609226227
2024-04-09 10:33:02.918492:2024-04-09 10:33:02.918369: Current epoch: 83, loss: 0.09221970289945602, validation loss: 0.16448821127414703
2024-04-09 10:33:19.969526:2024-04-09 10:33:19.969453: Current epoch: 84, loss: 0.09193865209817886, validation loss: 0.15319661796092987
2024-04-09 10:33:37.676192:2024-04-09 10:33:37.676033: Current epoch: 85, loss: 0.0905146673321724, validation loss: 0.16006410121917725
2024-04-09 10:33:55.245792:2024-04-09 10:33:55.245524: Current epoch: 86, loss: 0.08855950087308884, validation loss: 0.17804419994354248
2024-04-09 10:34:12.708377:2024-04-09 10:34:12.708191: Current epoch: 87, loss: 0.09009324014186859, validation loss: 0.16370506584644318
2024-04-09 10:34:30.225431:2024-04-09 10:34:30.225140: Current epoch: 88, loss: 0.08929294347763062, validation loss: 0.1578061580657959
2024-04-09 10:34:47.596851:2024-04-09 10:34:47.596690: Current epoch: 89, loss: 0.08704715222120285, validation loss: 0.15735170245170593
2024-04-09 10:35:07.550588:2024-04-09 10:35:07.550411: Current epoch: 90, loss: 0.08693089336156845, validation loss: 0.15933507680892944
2024-04-09 10:35:24.959118:2024-04-09 10:35:24.958949: Current epoch: 91, loss: 0.08486365526914597, validation loss: 0.15460199117660522
2024-04-09 10:35:42.583143:2024-04-09 10:35:42.582991: Current epoch: 92, loss: 0.0846579447388649, validation loss: 0.15800181031227112
2024-04-09 10:35:59.801718:2024-04-09 10:35:59.801635: Current epoch: 93, loss: 0.0832979679107666, validation loss: 0.15305648744106293
2024-04-09 10:36:17.165033:2024-04-09 10:36:17.164873: Current epoch: 94, loss: 0.08213138580322266, validation loss: 0.1586589366197586
2024-04-09 10:36:34.938935:2024-04-09 10:36:34.938766: Current epoch: 95, loss: 0.08274343609809875, validation loss: 0.16613149642944336
2024-04-09 10:36:52.624116:2024-04-09 10:36:52.623976: Current epoch: 96, loss: 0.08122532069683075, validation loss: 0.16281327605247498
2024-04-09 10:37:09.768542:2024-04-09 10:37:09.768389: Current epoch: 97, loss: 0.08029197156429291, validation loss: 0.16346758604049683
2024-04-09 10:37:26.851722:2024-04-09 10:37:26.851627: Current epoch: 98, loss: 0.08011829853057861, validation loss: 0.15174947679042816
2024-04-09 10:37:44.565554:2024-04-09 10:37:44.565413: Current epoch: 99, loss: 0.07713547348976135, validation loss: 0.15215438604354858
2024-04-09 10:38:04.517785:2024-04-09 10:38:04.517702: Current epoch: 100, loss: 0.07681379467248917, validation loss: 0.15157602727413177
2024-04-09 10:38:22.187133:2024-04-09 10:38:22.186981: Current epoch: 101, loss: 0.07654976844787598, validation loss: 0.15259987115859985
2024-04-09 10:38:40.118017:2024-04-09 10:38:40.117866: Current epoch: 102, loss: 0.07708865404129028, validation loss: 0.15193088352680206
2024-04-09 10:38:57.960580:2024-04-09 10:38:57.960437: Current epoch: 103, loss: 0.07511486858129501, validation loss: 0.15298214554786682
2024-04-09 10:39:15.249169:2024-04-09 10:39:15.249015: Current epoch: 104, loss: 0.07450021803379059, validation loss: 0.15509815514087677
2024-04-09 10:39:32.339439:2024-04-09 10:39:32.339348: Current epoch: 105, loss: 0.07455699890851974, validation loss: 0.14765137434005737
2024-04-09 10:39:49.856524:2024-04-09 10:39:49.856370: Current epoch: 106, loss: 0.07381439954042435, validation loss: 0.152866929769516
2024-04-09 10:40:07.380400:2024-04-09 10:40:07.380214: Current epoch: 107, loss: 0.07246992737054825, validation loss: 0.17286673188209534
2024-04-09 10:40:24.659688:2024-04-09 10:40:24.659385: Current epoch: 108, loss: 0.07260576635599136, validation loss: 0.1550043374300003
2024-04-09 10:40:41.798088:2024-04-09 10:40:41.797930: Current epoch: 109, loss: 0.07110390812158585, validation loss: 0.15445996820926666
2024-04-09 10:40:59.035701:2024-04-09 10:40:59.035534: Current epoch: 110, loss: 0.0697457492351532, validation loss: 0.1563938558101654
2024-04-09 10:41:16.500813:2024-04-09 10:41:16.500661: Current epoch: 111, loss: 0.07098209857940674, validation loss: 0.152002215385437
2024-04-09 10:41:33.969417:2024-04-09 10:41:33.969246: Current epoch: 112, loss: 0.06931915879249573, validation loss: 0.1499326527118683
2024-04-09 10:41:51.298921:2024-04-09 10:41:51.298764: Current epoch: 113, loss: 0.06955670565366745, validation loss: 0.1517469882965088
2024-04-09 10:42:08.960959:2024-04-09 10:42:08.960883: Current epoch: 114, loss: 0.06912532448768616, validation loss: 0.14733658730983734
2024-04-09 10:42:27.124823:2024-04-09 10:42:27.124725: Current epoch: 115, loss: 0.06948724389076233, validation loss: 0.14690342545509338
2024-04-09 10:42:44.724167:2024-04-09 10:42:44.723851: Current epoch: 116, loss: 0.06719127297401428, validation loss: 0.14937791228294373
2024-04-09 10:43:03.164666:2024-04-09 10:43:03.164574: Current epoch: 117, loss: 0.06656137853860855, validation loss: 0.14532877504825592
2024-04-09 10:43:20.984770:2024-04-09 10:43:20.984630: Current epoch: 118, loss: 0.06585332006216049, validation loss: 0.14786697924137115
2024-04-09 10:43:38.287026:2024-04-09 10:43:38.286876: Current epoch: 119, loss: 0.06629817932844162, validation loss: 0.14889514446258545
2024-04-09 10:43:58.050941:2024-04-09 10:43:58.050757: Current epoch: 120, loss: 0.0657423585653305, validation loss: 0.15430215001106262
2024-04-09 10:44:15.528940:2024-04-09 10:44:15.528767: Current epoch: 121, loss: 0.06500860303640366, validation loss: 0.14956511557102203
2024-04-09 10:44:32.895470:2024-04-09 10:44:32.895308: Current epoch: 122, loss: 0.06407037377357483, validation loss: 0.14916931092739105
2024-04-09 10:44:50.246495:2024-04-09 10:44:50.246336: Current epoch: 123, loss: 0.06460679322481155, validation loss: 0.1576206386089325
2024-04-09 10:45:07.888524:2024-04-09 10:45:07.888356: Current epoch: 124, loss: 0.06242745742201805, validation loss: 0.14988337457180023
2024-04-09 10:45:25.008680:2024-04-09 10:45:25.008506: Current epoch: 125, loss: 0.06359929591417313, validation loss: 0.1462690383195877
2024-04-09 10:45:42.370992:2024-04-09 10:45:42.370844: Current epoch: 126, loss: 0.06325558573007584, validation loss: 0.14572440087795258
2024-04-09 10:46:00.414037:2024-04-09 10:46:00.413879: Current epoch: 127, loss: 0.061497434973716736, validation loss: 0.1471444070339203
2024-04-09 10:46:18.008676:2024-04-09 10:46:18.008532: Current epoch: 128, loss: 0.06275445967912674, validation loss: 0.14894065260887146
2024-04-09 10:46:36.371869:2024-04-09 10:46:36.371711: Current epoch: 129, loss: 0.060444071888923645, validation loss: 0.1486847847700119
2024-04-09 10:46:56.432694:2024-04-09 10:46:56.432516: Current epoch: 130, loss: 0.06064384803175926, validation loss: 0.15180420875549316
2024-04-09 10:47:13.758071:2024-04-09 10:47:13.757980: Current epoch: 131, loss: 0.061848126351833344, validation loss: 0.14404262602329254
2024-04-09 10:47:31.313674:2024-04-09 10:47:31.313507: Current epoch: 132, loss: 0.059012942016124725, validation loss: 0.1509818285703659
2024-04-09 10:47:48.959923:2024-04-09 10:47:48.959771: Current epoch: 133, loss: 0.060401495546102524, validation loss: 0.1506911814212799
2024-04-09 10:48:06.436512:2024-04-09 10:48:06.436175: Current epoch: 134, loss: 0.058740414679050446, validation loss: 0.14727385342121124
2024-04-09 10:48:23.479871:2024-04-09 10:48:23.479695: Current epoch: 135, loss: 0.058557525277137756, validation loss: 0.1447717398405075
2024-04-09 10:48:40.742474:2024-04-09 10:48:40.742298: Current epoch: 136, loss: 0.058019883930683136, validation loss: 0.14684462547302246
2024-04-09 10:48:57.708989:2024-04-09 10:48:57.708722: Current epoch: 137, loss: 0.05875863507390022, validation loss: 0.14966006577014923
2024-04-09 10:49:14.765634:2024-04-09 10:49:14.765461: Current epoch: 138, loss: 0.05842722952365875, validation loss: 0.1527099609375
2024-04-09 10:49:31.712285:2024-04-09 10:49:31.712110: Current epoch: 139, loss: 0.05709971860051155, validation loss: 0.14443017542362213
2024-04-09 10:49:51.581493:2024-04-09 10:49:51.581326: Current epoch: 140, loss: 0.05721430853009224, validation loss: 0.1516566425561905
2024-04-09 10:50:09.016671:2024-04-09 10:50:09.016565: Current epoch: 141, loss: 0.05683866888284683, validation loss: 0.1434680074453354
2024-04-09 10:50:25.928962:2024-04-09 10:50:25.928874: Current epoch: 142, loss: 0.05576926842331886, validation loss: 0.14243184030056
2024-04-09 10:50:43.924108:2024-04-09 10:50:43.923939: Current epoch: 143, loss: 0.05710708349943161, validation loss: 0.14440542459487915
2024-04-09 10:51:01.840511:2024-04-09 10:51:01.840353: Current epoch: 144, loss: 0.05495806410908699, validation loss: 0.1447642594575882
2024-04-09 10:51:19.157345:2024-04-09 10:51:19.157167: Current epoch: 145, loss: 0.055123403668403625, validation loss: 0.14414077997207642
2024-04-09 10:51:36.850701:2024-04-09 10:51:36.850507: Current epoch: 146, loss: 0.05503102391958237, validation loss: 0.1456444263458252
2024-04-09 10:51:54.393204:2024-04-09 10:51:54.393062: Current epoch: 147, loss: 0.054443225264549255, validation loss: 0.1427111029624939
2024-04-09 10:52:11.696837:2024-04-09 10:52:11.696696: Current epoch: 148, loss: 0.054980598390102386, validation loss: 0.1483660340309143
2024-04-09 10:52:28.747861:2024-04-09 10:52:28.747715: Current epoch: 149, loss: 0.05370895192027092, validation loss: 0.14663545787334442
2024-04-09 10:52:46.472925:2024-04-09 10:52:46.472612: Current epoch: 150, loss: 0.05491077899932861, validation loss: 0.14945431053638458
2024-04-09 10:53:03.592574:2024-04-09 10:53:03.592418: Current epoch: 151, loss: 0.05350969359278679, validation loss: 0.15485627949237823
2024-04-09 10:53:20.950574:2024-04-09 10:53:20.950395: Current epoch: 152, loss: 0.054121002554893494, validation loss: 0.14570988714694977
2024-04-09 10:53:38.251802:2024-04-09 10:53:38.251641: Current epoch: 153, loss: 0.053389742970466614, validation loss: 0.14249968528747559
2024-04-09 10:53:55.134438:2024-04-09 10:53:55.134169: Current epoch: 154, loss: 0.05268283188343048, validation loss: 0.14283843338489532
2024-04-09 10:54:13.158577:2024-04-09 10:54:13.158411: Current epoch: 155, loss: 0.05237908661365509, validation loss: 0.14334601163864136
2024-04-09 10:54:31.441184:2024-04-09 10:54:31.441080: Current epoch: 156, loss: 0.05107635259628296, validation loss: 0.13978271186351776
2024-04-09 10:54:48.587010:2024-04-09 10:54:48.586839: Current epoch: 157, loss: 0.05163110792636871, validation loss: 0.1450241506099701
2024-04-09 10:55:05.786643:2024-04-09 10:55:05.786501: Current epoch: 158, loss: 0.05156831815838814, validation loss: 0.14429932832717896
2024-04-09 10:55:23.219125:2024-04-09 10:55:23.218950: Current epoch: 159, loss: 0.051739394664764404, validation loss: 0.14197158813476562
2024-04-09 10:55:43.169687:2024-04-09 10:55:43.169522: Current epoch: 160, loss: 0.05032936856150627, validation loss: 0.14076954126358032
2024-04-09 10:56:00.035057:2024-04-09 10:56:00.034915: Current epoch: 161, loss: 0.05048080533742905, validation loss: 0.14219500124454498
2024-04-09 10:56:17.065489:2024-04-09 10:56:17.065320: Current epoch: 162, loss: 0.051350317895412445, validation loss: 0.1423894464969635
2024-04-09 10:56:34.165951:2024-04-09 10:56:34.165799: Current epoch: 163, loss: 0.04977673292160034, validation loss: 0.14368677139282227
2024-04-09 10:56:51.385187:2024-04-09 10:56:51.385033: Current epoch: 164, loss: 0.04950127750635147, validation loss: 0.14304420351982117
2024-04-09 10:57:09.323053:2024-04-09 10:57:09.322899: Current epoch: 165, loss: 0.05026218667626381, validation loss: 0.1417626440525055
2024-04-09 10:57:26.464838:2024-04-09 10:57:26.464685: Current epoch: 166, loss: 0.049024149775505066, validation loss: 0.14219345152378082
2024-04-09 10:57:43.714433:2024-04-09 10:57:43.714249: Current epoch: 167, loss: 0.048606835305690765, validation loss: 0.1510142832994461
2024-04-09 10:58:01.217467:2024-04-09 10:58:01.217306: Current epoch: 168, loss: 0.04893499240279198, validation loss: 0.1445021778345108
2024-04-09 10:58:18.588304:2024-04-09 10:58:18.588135: Current epoch: 169, loss: 0.04890304058790207, validation loss: 0.14111271500587463
2024-04-09 10:58:38.144762:2024-04-09 10:58:38.144612: Current epoch: 170, loss: 0.047928452491760254, validation loss: 0.14333094656467438
2024-04-09 10:58:55.883867:2024-04-09 10:58:55.883576: Current epoch: 171, loss: 0.04786091297864914, validation loss: 0.14239001274108887
2024-04-09 10:59:13.138444:2024-04-09 10:59:13.138286: Current epoch: 172, loss: 0.049087781459093094, validation loss: 0.14561133086681366
2024-04-09 10:59:30.308634:2024-04-09 10:59:30.308474: Current epoch: 173, loss: 0.04674798995256424, validation loss: 0.14365336298942566
2024-04-09 10:59:47.436437:2024-04-09 10:59:47.436352: Current epoch: 174, loss: 0.047649744898080826, validation loss: 0.14049623906612396
2024-04-09 11:00:04.490117:2024-04-09 11:00:04.489968: Current epoch: 175, loss: 0.04793080314993858, validation loss: 0.14163106679916382
2024-04-09 11:00:21.848181:2024-04-09 11:00:21.847886: Current epoch: 176, loss: 0.047804299741983414, validation loss: 0.14365504682064056
2024-04-09 11:00:39.031327:2024-04-09 11:00:39.031163: Current epoch: 177, loss: 0.04590466618537903, validation loss: 0.14282973110675812
2024-04-09 11:00:55.870260:2024-04-09 11:00:55.870099: Current epoch: 178, loss: 0.046405427157878876, validation loss: 0.14209197461605072
2024-04-09 11:01:12.858760:2024-04-09 11:01:12.858617: Current epoch: 179, loss: 0.04567881301045418, validation loss: 0.1426357924938202
2024-04-09 11:01:30.099437:2024-04-09 11:01:30.099293: Current epoch: 180, loss: 0.045139409601688385, validation loss: 0.14222556352615356
2024-04-09 11:01:47.096943:2024-04-09 11:01:47.096773: Current epoch: 181, loss: 0.04664211347699165, validation loss: 0.14611411094665527
2024-04-09 11:02:04.390998:2024-04-09 11:02:04.390922: Current epoch: 182, loss: 0.0455632209777832, validation loss: 0.14366939663887024
2024-04-09 11:02:21.379054:2024-04-09 11:02:21.378900: Current epoch: 183, loss: 0.04620913416147232, validation loss: 0.14040884375572205
2024-04-09 11:02:38.747487:2024-04-09 11:02:38.747331: Current epoch: 184, loss: 0.04486779868602753, validation loss: 0.14186932146549225
2024-04-09 11:02:56.252603:2024-04-09 11:02:56.252434: Current epoch: 185, loss: 0.04466515779495239, validation loss: 0.14267587661743164
2024-04-09 11:03:13.628133:2024-04-09 11:03:13.627980: Current epoch: 186, loss: 0.04444102942943573, validation loss: 0.14193589985370636
2024-04-09 11:03:31.020123:2024-04-09 11:03:31.019982: Current epoch: 187, loss: 0.04462241008877754, validation loss: 0.14343219995498657
2024-04-09 11:03:48.502917:2024-04-09 11:03:48.502767: Current epoch: 188, loss: 0.04405098408460617, validation loss: 0.14194896817207336
2024-04-09 11:04:06.058517:2024-04-09 11:04:06.058337: Current epoch: 189, loss: 0.04414905980229378, validation loss: 0.14057621359825134
2024-04-09 11:04:25.645200:2024-04-09 11:04:25.645039: Current epoch: 190, loss: 0.04333101585507393, validation loss: 0.14117909967899323
2024-04-09 11:04:43.029723:2024-04-09 11:04:43.029563: Current epoch: 191, loss: 0.044544629752635956, validation loss: 0.1440618485212326
2024-04-09 11:05:00.348827:2024-04-09 11:05:00.348664: Current epoch: 192, loss: 0.04338029399514198, validation loss: 0.14758169651031494
2024-04-09 11:05:17.516876:2024-04-09 11:05:17.516717: Current epoch: 193, loss: 0.04322586953639984, validation loss: 0.14323259890079498
2024-04-09 11:05:34.748508:2024-04-09 11:05:34.748411: Current epoch: 194, loss: 0.04262642189860344, validation loss: 0.1385873258113861
2024-04-09 11:05:52.083102:2024-04-09 11:05:52.082886: Current epoch: 195, loss: 0.042309220880270004, validation loss: 0.13972540199756622
2024-04-09 11:06:09.233437:2024-04-09 11:06:09.233266: Current epoch: 196, loss: 0.04281570017337799, validation loss: 0.144029438495636
2024-04-09 11:06:26.723121:2024-04-09 11:06:26.722966: Current epoch: 197, loss: 0.04287225008010864, validation loss: 0.14098457992076874
2024-04-09 11:06:44.232936:2024-04-09 11:06:44.232779: Current epoch: 198, loss: 0.04161339998245239, validation loss: 0.14164850115776062
2024-04-09 11:07:02.084324:2024-04-09 11:07:02.084157: Current epoch: 199, loss: 0.04287821799516678, validation loss: 0.14147132635116577
2024-04-09 11:07:19.359593:2024-04-09 11:07:19.359426: Current epoch: 200, loss: 0.042829737067222595, validation loss: 0.14082781970500946
2024-04-09 11:07:37.187687:2024-04-09 11:07:37.187569: Current epoch: 201, loss: 0.04221425577998161, validation loss: 0.1399623155593872
2024-04-09 11:07:54.868697:2024-04-09 11:07:54.868556: Current epoch: 202, loss: 0.041908785700798035, validation loss: 0.1406698375940323
2024-04-09 11:08:12.483986:2024-04-09 11:08:12.483831: Current epoch: 203, loss: 0.041896019130945206, validation loss: 0.1396191418170929
2024-04-09 11:08:29.657032:2024-04-09 11:08:29.656879: Current epoch: 204, loss: 0.04133416712284088, validation loss: 0.14409057796001434
2024-04-09 11:08:47.222779:2024-04-09 11:08:47.222648: Current epoch: 205, loss: 0.04191998764872551, validation loss: 0.14284807443618774
2024-04-09 11:09:04.794419:2024-04-09 11:09:04.794293: Current epoch: 206, loss: 0.0404515266418457, validation loss: 0.14403456449508667
2024-04-09 11:09:22.151599:2024-04-09 11:09:22.151443: Current epoch: 207, loss: 0.040752775967121124, validation loss: 0.13919959962368011
2024-04-09 11:09:38.964763:2024-04-09 11:09:38.964610: Current epoch: 208, loss: 0.04066666588187218, validation loss: 0.14149947464466095
2024-04-09 11:09:56.508382:2024-04-09 11:09:56.508215: Current epoch: 209, loss: 0.040187492966651917, validation loss: 0.1444576233625412
2024-04-09 11:10:14.173704:2024-04-09 11:10:14.173536: Current epoch: 210, loss: 0.04076649993658066, validation loss: 0.1433352828025818
2024-04-09 11:10:31.576881:2024-04-09 11:10:31.576697: Current epoch: 211, loss: 0.04139867052435875, validation loss: 0.1394577920436859
2024-04-09 11:10:49.066703:2024-04-09 11:10:49.066549: Current epoch: 212, loss: 0.040019817650318146, validation loss: 0.1387186348438263
2024-04-09 11:11:06.894148:2024-04-09 11:11:06.893975: Current epoch: 213, loss: 0.03936050087213516, validation loss: 0.14328916370868683
2024-04-09 11:11:24.291763:2024-04-09 11:11:24.291671: Current epoch: 214, loss: 0.04017290100455284, validation loss: 0.13728924095630646
2024-04-09 11:11:41.624921:2024-04-09 11:11:41.624769: Current epoch: 215, loss: 0.03947310522198677, validation loss: 0.1406557261943817
2024-04-09 11:11:59.603677:2024-04-09 11:11:59.603519: Current epoch: 216, loss: 0.03951558098196983, validation loss: 0.13999630510807037
2024-04-09 11:12:17.426721:2024-04-09 11:12:17.426523: Current epoch: 217, loss: 0.03959435969591141, validation loss: 0.13967223465442657
2024-04-09 11:12:35.250685:2024-04-09 11:12:35.250514: Current epoch: 218, loss: 0.03928527981042862, validation loss: 0.14133091270923615
2024-04-09 11:12:52.670393:2024-04-09 11:12:52.670231: Current epoch: 219, loss: 0.038960281759500504, validation loss: 0.14124979078769684
2024-04-09 11:13:09.666740:2024-04-09 11:13:09.666555: Current epoch: 220, loss: 0.038924045860767365, validation loss: 0.14091643691062927
2024-04-09 11:13:26.944243:2024-04-09 11:13:26.944098: Current epoch: 221, loss: 0.03887171298265457, validation loss: 0.13906800746917725
2024-04-09 11:13:44.050072:2024-04-09 11:13:44.049918: Current epoch: 222, loss: 0.03894480690360069, validation loss: 0.14243543148040771
2024-04-09 11:14:01.338351:2024-04-09 11:14:01.338160: Current epoch: 223, loss: 0.03901712968945503, validation loss: 0.13854029774665833
2024-04-09 11:14:18.867151:2024-04-09 11:14:18.867035: Current epoch: 224, loss: 0.03817472606897354, validation loss: 0.1413504034280777
2024-04-09 11:14:36.169608:2024-04-09 11:14:36.169453: Current epoch: 225, loss: 0.038987912237644196, validation loss: 0.13920405507087708
2024-04-09 11:14:53.530114:2024-04-09 11:14:53.529973: Current epoch: 226, loss: 0.03814920037984848, validation loss: 0.13773401081562042
2024-04-09 11:15:11.355562:2024-04-09 11:15:11.355403: Current epoch: 227, loss: 0.038096990436315536, validation loss: 0.14307022094726562
2024-04-09 11:15:28.598622:2024-04-09 11:15:28.598455: Current epoch: 228, loss: 0.03824501857161522, validation loss: 0.14305350184440613
2024-04-09 11:15:45.704116:2024-04-09 11:15:45.703947: Current epoch: 229, loss: 0.03809673339128494, validation loss: 0.14453133940696716
2024-04-09 11:16:03.005294:2024-04-09 11:16:03.005103: Current epoch: 230, loss: 0.03743898868560791, validation loss: 0.13872353732585907
2024-04-09 11:16:20.227757:2024-04-09 11:16:20.227624: Current epoch: 231, loss: 0.03766161948442459, validation loss: 0.14271019399166107
2024-04-09 11:16:37.951046:2024-04-09 11:16:37.950893: Current epoch: 232, loss: 0.03748847916722298, validation loss: 0.14172866940498352
2024-04-09 11:16:56.468499:2024-04-09 11:16:56.468359: Current epoch: 233, loss: 0.03725305572152138, validation loss: 0.14093640446662903
2024-04-09 11:17:14.036974:2024-04-09 11:17:14.036878: Current epoch: 234, loss: 0.03764793276786804, validation loss: 0.13675382733345032
2024-04-09 11:17:31.377791:2024-04-09 11:17:31.377637: Current epoch: 235, loss: 0.036369092762470245, validation loss: 0.13926689326763153
2024-04-09 11:17:49.310747:2024-04-09 11:17:49.310593: Current epoch: 236, loss: 0.03683023154735565, validation loss: 0.13991275429725647
2024-04-09 11:18:06.820669:2024-04-09 11:18:06.820526: Current epoch: 237, loss: 0.03632303699851036, validation loss: 0.14370429515838623
2024-04-09 11:18:24.363530:2024-04-09 11:18:24.363383: Current epoch: 238, loss: 0.03680199757218361, validation loss: 0.13724467158317566
2024-04-09 11:18:41.831374:2024-04-09 11:18:41.831181: Current epoch: 239, loss: 0.03685561195015907, validation loss: 0.1400921642780304
2024-04-09 11:19:02.084693:2024-04-09 11:19:02.084556: Current epoch: 240, loss: 0.03648805245757103, validation loss: 0.14192557334899902
2024-04-09 11:19:19.732512:2024-04-09 11:19:19.732356: Current epoch: 241, loss: 0.03616116940975189, validation loss: 0.14122654497623444
2024-04-09 11:19:37.243359:2024-04-09 11:19:37.243179: Current epoch: 242, loss: 0.036938928067684174, validation loss: 0.14548850059509277
2024-04-09 11:19:54.780729:2024-04-09 11:19:54.780563: Current epoch: 243, loss: 0.03620404005050659, validation loss: 0.13944892585277557
2024-04-09 11:20:12.630046:2024-04-09 11:20:12.629895: Current epoch: 244, loss: 0.03804802894592285, validation loss: 0.1377125382423401
2024-04-09 11:20:30.302164:2024-04-09 11:20:30.302032: Current epoch: 245, loss: 0.035182684659957886, validation loss: 0.1373438686132431
2024-04-09 11:20:47.879871:2024-04-09 11:20:47.879718: Current epoch: 246, loss: 0.03546486422419548, validation loss: 0.1414572298526764
2024-04-09 11:21:06.288957:2024-04-09 11:21:06.288885: Current epoch: 247, loss: 0.03526729345321655, validation loss: 0.14409096539020538
2024-04-09 11:21:25.052247:2024-04-09 11:21:25.052075: Current epoch: 248, loss: 0.03578682988882065, validation loss: 0.14313247799873352
2024-04-09 11:21:43.140948:2024-04-09 11:21:43.140794: Current epoch: 249, loss: 0.035530298948287964, validation loss: 0.13961009681224823
2024-04-09 11:22:03.671402:2024-04-09 11:22:03.671208: Current epoch: 250, loss: 0.034945979714393616, validation loss: 0.1390911191701889
2024-04-09 11:22:21.112717:2024-04-09 11:22:21.112581: Current epoch: 251, loss: 0.03531312569975853, validation loss: 0.14069101214408875
2024-04-09 11:22:38.673378:2024-04-09 11:22:38.673241: Current epoch: 252, loss: 0.03465963900089264, validation loss: 0.14199672639369965
2024-04-09 11:22:56.053386:2024-04-09 11:22:56.053218: Current epoch: 253, loss: 0.034799974411726, validation loss: 0.13767452538013458
2024-04-09 11:23:13.411655:2024-04-09 11:23:13.411498: Current epoch: 254, loss: 0.03522010147571564, validation loss: 0.13892510533332825
2024-04-09 11:23:30.960860:2024-04-09 11:23:30.960707: Current epoch: 255, loss: 0.034474343061447144, validation loss: 0.14055883884429932
2024-04-09 11:23:48.243882:2024-04-09 11:23:48.243712: Current epoch: 256, loss: 0.03411371633410454, validation loss: 0.1417924463748932
2024-04-09 11:24:05.611479:2024-04-09 11:24:05.611404: Current epoch: 257, loss: 0.03452780470252037, validation loss: 0.14532092213630676
2024-04-09 11:24:23.228991:2024-04-09 11:24:23.228838: Current epoch: 258, loss: 0.0341222770512104, validation loss: 0.1451374590396881
2024-04-09 11:24:41.372854:2024-04-09 11:24:41.372705: Current epoch: 259, loss: 0.03481564298272133, validation loss: 0.13829945027828217
2024-04-09 11:25:01.284120:2024-04-09 11:25:01.283963: Current epoch: 260, loss: 0.03330982103943825, validation loss: 0.13782742619514465
2024-04-09 11:25:18.493834:2024-04-09 11:25:18.493633: Current epoch: 261, loss: 0.033816080540418625, validation loss: 0.13703256845474243
2024-04-09 11:25:35.482400:2024-04-09 11:25:35.482237: Current epoch: 262, loss: 0.03411257266998291, validation loss: 0.13670897483825684
2024-04-09 11:25:52.785479:2024-04-09 11:25:52.785403: Current epoch: 263, loss: 0.03366576135158539, validation loss: 0.14046619832515717
2024-04-09 11:26:09.786893:2024-04-09 11:26:09.786722: Current epoch: 264, loss: 0.03360461816191673, validation loss: 0.13853728771209717
2024-04-09 11:26:26.858129:2024-04-09 11:26:26.857955: Current epoch: 265, loss: 0.03310684487223625, validation loss: 0.13776354491710663
2024-04-09 11:26:44.003089:2024-04-09 11:26:44.002934: Current epoch: 266, loss: 0.03374326974153519, validation loss: 0.138866126537323
2024-04-09 11:27:01.380448:2024-04-09 11:27:01.380314: Current epoch: 267, loss: 0.03397088497877121, validation loss: 0.14515534043312073
2024-04-09 11:27:18.500700:2024-04-09 11:27:18.500543: Current epoch: 268, loss: 0.0331517830491066, validation loss: 0.14086727797985077
2024-04-09 11:27:35.775426:2024-04-09 11:27:35.775350: Current epoch: 269, loss: 0.03334710747003555, validation loss: 0.13934467732906342
2024-04-09 11:27:53.881999:2024-04-09 11:27:53.881909: Current epoch: 270, loss: 0.03298482298851013, validation loss: 0.14266808331012726
2024-04-09 11:28:11.798777:2024-04-09 11:28:11.798602: Current epoch: 271, loss: 0.032764654606580734, validation loss: 0.13736006617546082
2024-04-09 11:28:29.470719:2024-04-09 11:28:29.470577: Current epoch: 272, loss: 0.03324112296104431, validation loss: 0.14074718952178955
2024-04-09 11:28:47.097673:2024-04-09 11:28:47.097517: Current epoch: 273, loss: 0.03282575309276581, validation loss: 0.13990691304206848
2024-04-09 11:29:05.254116:2024-04-09 11:29:05.254010: Current epoch: 274, loss: 0.032701898366212845, validation loss: 0.13623365759849548
2024-04-09 11:29:22.625783:2024-04-09 11:29:22.625629: Current epoch: 275, loss: 0.03244234621524811, validation loss: 0.13937704265117645
2024-04-09 11:29:40.395039:2024-04-09 11:29:40.394884: Current epoch: 276, loss: 0.03251476213335991, validation loss: 0.1424691081047058
2024-04-09 11:29:58.476788:2024-04-09 11:29:58.476645: Current epoch: 277, loss: 0.03225838020443916, validation loss: 0.14041611552238464
2024-04-09 11:30:15.942556:2024-04-09 11:30:15.942402: Current epoch: 278, loss: 0.03268960118293762, validation loss: 0.1382206380367279
2024-04-09 11:30:33.068609:2024-04-09 11:30:33.068501: Current epoch: 279, loss: 0.032424502074718475, validation loss: 0.1354152262210846
2024-04-09 11:30:52.639497:2024-04-09 11:30:52.639358: Current epoch: 280, loss: 0.03226248547434807, validation loss: 0.14051832258701324
2024-04-09 11:31:10.037560:2024-04-09 11:31:10.037406: Current epoch: 281, loss: 0.032123468816280365, validation loss: 0.1381610482931137
2024-04-09 11:31:27.703600:2024-04-09 11:31:27.703433: Current epoch: 282, loss: 0.032000355422496796, validation loss: 0.1394369900226593
2024-04-09 11:31:45.220391:2024-04-09 11:31:45.220183: Current epoch: 283, loss: 0.03200710192322731, validation loss: 0.14132703840732574
2024-04-09 11:32:02.723476:2024-04-09 11:32:02.723287: Current epoch: 284, loss: 0.032111652195453644, validation loss: 0.14051379263401031
2024-04-09 11:32:20.447616:2024-04-09 11:32:20.447447: Current epoch: 285, loss: 0.031598955392837524, validation loss: 0.1395699828863144
2024-04-09 11:32:37.734972:2024-04-09 11:32:37.734813: Current epoch: 286, loss: 0.03156733885407448, validation loss: 0.136734738945961
2024-04-09 11:32:55.307006:2024-04-09 11:32:55.306848: Current epoch: 287, loss: 0.03166762366890907, validation loss: 0.13866503536701202
2024-04-09 11:33:13.366496:2024-04-09 11:33:13.366330: Current epoch: 288, loss: 0.0316486582159996, validation loss: 0.13837113976478577
2024-04-09 11:33:31.622225:2024-04-09 11:33:31.622066: Current epoch: 289, loss: 0.031345341354608536, validation loss: 0.1410144567489624
2024-04-09 11:33:49.648148:2024-04-09 11:33:49.648002: Current epoch: 290, loss: 0.031180955469608307, validation loss: 0.13753223419189453
2024-04-09 11:34:07.175155:2024-04-09 11:34:07.174997: Current epoch: 291, loss: 0.031100425869226456, validation loss: 0.13820354640483856
2024-04-09 11:34:24.631569:2024-04-09 11:34:24.631418: Current epoch: 292, loss: 0.03148798644542694, validation loss: 0.14016196131706238
2024-04-09 11:34:41.716389:2024-04-09 11:34:41.716212: Current epoch: 293, loss: 0.0314224548637867, validation loss: 0.13809408247470856
2024-04-09 11:34:58.752067:2024-04-09 11:34:58.751919: Current epoch: 294, loss: 0.03070509061217308, validation loss: 0.13814876973628998
2024-04-09 11:35:15.758265:2024-04-09 11:35:15.758133: Current epoch: 295, loss: 0.030689343810081482, validation loss: 0.14150796830654144
2024-04-09 11:35:32.652586:2024-04-09 11:35:32.652427: Current epoch: 296, loss: 0.03053431585431099, validation loss: 0.14009031653404236
2024-04-09 11:35:50.589941:2024-04-09 11:35:50.589783: Current epoch: 297, loss: 0.03042636625468731, validation loss: 0.13864268362522125
2024-04-09 11:36:08.367540:2024-04-09 11:36:08.367357: Current epoch: 298, loss: 0.03072858229279518, validation loss: 0.1384223848581314
2024-04-09 11:36:25.750347:2024-04-09 11:36:25.750170: Current epoch: 299, loss: 0.03061988390982151, validation loss: 0.14013169705867767
2024-04-09 11:36:42.900928:2024-04-09 11:36:42.900797: Current epoch: 300, loss: 0.031006241217255592, validation loss: 0.140292227268219
2024-04-09 11:37:00.218966:2024-04-09 11:37:00.218791: Current epoch: 301, loss: 0.030476057901978493, validation loss: 0.13813404738903046
2024-04-09 11:37:17.576437:2024-04-09 11:37:17.576288: Current epoch: 302, loss: 0.030114108696579933, validation loss: 0.1385868936777115
2024-04-09 11:37:34.874177:2024-04-09 11:37:34.874087: Current epoch: 303, loss: 0.03067811205983162, validation loss: 0.13910509645938873
2024-04-09 11:37:51.966863:2024-04-09 11:37:51.966784: Current epoch: 304, loss: 0.030104784294962883, validation loss: 0.13707692921161652
2024-04-09 11:38:08.518702:2024-04-09 11:38:08.518551: Current epoch: 305, loss: 0.029915422201156616, validation loss: 0.14129690825939178
2024-04-09 11:38:25.616710:2024-04-09 11:38:25.616616: Current epoch: 306, loss: 0.02968423254787922, validation loss: 0.13775399327278137
2024-04-09 11:38:42.752803:2024-04-09 11:38:42.752670: Current epoch: 307, loss: 0.03019055537879467, validation loss: 0.13939166069030762
2024-04-09 11:38:59.767292:2024-04-09 11:38:59.767183: Current epoch: 308, loss: 0.029581258073449135, validation loss: 0.1383211612701416
2024-04-09 11:39:17.231443:2024-04-09 11:39:17.231289: Current epoch: 309, loss: 0.029792455956339836, validation loss: 0.14145143330097198
2024-04-09 11:39:34.802800:2024-04-09 11:39:34.802727: Current epoch: 310, loss: 0.029764525592327118, validation loss: 0.13749933242797852
2024-04-09 11:39:52.261603:2024-04-09 11:39:52.261461: Current epoch: 311, loss: 0.02961990237236023, validation loss: 0.1377461701631546
2024-04-09 11:40:09.844576:2024-04-09 11:40:09.844483: Current epoch: 312, loss: 0.029490342363715172, validation loss: 0.14135579764842987
2024-04-09 11:40:27.296565:2024-04-09 11:40:27.296414: Current epoch: 313, loss: 0.030073827132582664, validation loss: 0.14155496656894684
2024-04-09 11:40:44.262242:2024-04-09 11:40:44.262100: Current epoch: 314, loss: 0.029861582443118095, validation loss: 0.14316047728061676
2024-04-09 11:41:01.442192:2024-04-09 11:41:01.442022: Current epoch: 315, loss: 0.031015602871775627, validation loss: 0.13738082349300385
2024-04-09 11:41:18.769934:2024-04-09 11:41:18.769842: Current epoch: 316, loss: 0.02850295417010784, validation loss: 0.13836105167865753
2024-04-09 11:41:36.711973:2024-04-09 11:41:36.711818: Current epoch: 317, loss: 0.028633616864681244, validation loss: 0.14056198298931122
2024-04-09 11:41:54.342635:2024-04-09 11:41:54.342472: Current epoch: 318, loss: 0.028576675802469254, validation loss: 0.14004898071289062
2024-04-09 11:42:11.443881:2024-04-09 11:42:11.443732: Current epoch: 319, loss: 0.02903837151825428, validation loss: 0.1363467127084732
2024-04-09 11:42:28.813854:2024-04-09 11:42:28.813696: Current epoch: 320, loss: 0.028952153399586678, validation loss: 0.1388128250837326
2024-04-09 11:42:46.028328:2024-04-09 11:42:46.028220: Current epoch: 321, loss: 0.028601964935660362, validation loss: 0.1419835090637207
2024-04-09 11:43:02.981228:2024-04-09 11:43:02.981081: Current epoch: 322, loss: 0.02871418185532093, validation loss: 0.13805396854877472
2024-04-09 11:43:20.648890:2024-04-09 11:43:20.648752: Current epoch: 323, loss: 0.028407927602529526, validation loss: 0.13673605024814606
2024-04-09 11:43:37.507071:2024-04-09 11:43:37.506910: Current epoch: 324, loss: 0.02872355468571186, validation loss: 0.14137157797813416
2024-04-09 11:43:54.447413:2024-04-09 11:43:54.447340: Current epoch: 325, loss: 0.028338516131043434, validation loss: 0.1365199238061905
2024-04-09 11:44:11.515383:2024-04-09 11:44:11.515207: Current epoch: 326, loss: 0.02853107452392578, validation loss: 0.13608086109161377
2024-04-09 11:44:29.265064:2024-04-09 11:44:29.264975: Current epoch: 327, loss: 0.028738413006067276, validation loss: 0.13641445338726044
2024-04-09 11:44:45.923162:2024-04-09 11:44:45.923082: Current epoch: 328, loss: 0.028455866500735283, validation loss: 0.13422568142414093
2024-04-09 11:45:02.952405:2024-04-09 11:45:02.952296: Current epoch: 329, loss: 0.028604844585061073, validation loss: 0.1377176195383072
2024-04-09 11:45:20.775071:2024-04-09 11:45:20.774996: Current epoch: 330, loss: 0.028367310762405396, validation loss: 0.1391775906085968
2024-04-09 11:45:38.277715:2024-04-09 11:45:38.277632: Current epoch: 331, loss: 0.02902705781161785, validation loss: 0.14161334931850433
2024-04-09 11:45:56.015471:2024-04-09 11:45:56.015314: Current epoch: 332, loss: 0.027233609929680824, validation loss: 0.13658039271831512
2024-04-09 11:46:13.389814:2024-04-09 11:46:13.389739: Current epoch: 333, loss: 0.028011897578835487, validation loss: 0.13799655437469482
2024-04-09 11:46:30.794036:2024-04-09 11:46:30.793973: Current epoch: 334, loss: 0.027809180319309235, validation loss: 0.13917380571365356
2024-04-09 11:46:48.521775:2024-04-09 11:46:48.521642: Current epoch: 335, loss: 0.02826486900448799, validation loss: 0.1378445029258728
2024-04-09 11:47:06.157911:2024-04-09 11:47:06.157816: Current epoch: 336, loss: 0.027875423431396484, validation loss: 0.13843846321105957
2024-04-09 11:47:23.786929:2024-04-09 11:47:23.786853: Current epoch: 337, loss: 0.028006596490740776, validation loss: 0.14054709672927856
2024-04-09 11:47:41.002022:2024-04-09 11:47:41.001876: Current epoch: 338, loss: 0.02746114321053028, validation loss: 0.13735827803611755
2024-04-09 11:47:58.672836:2024-04-09 11:47:58.672696: Current epoch: 339, loss: 0.027329638600349426, validation loss: 0.14174020290374756
2024-04-09 11:48:16.106621:2024-04-09 11:48:16.106515: Current epoch: 340, loss: 0.02732202224433422, validation loss: 0.13663919270038605
2024-04-09 11:48:33.195368:2024-04-09 11:48:33.195290: Current epoch: 341, loss: 0.02723316289484501, validation loss: 0.1381041556596756
2024-04-09 11:48:51.034472:2024-04-09 11:48:51.034309: Current epoch: 342, loss: 0.027666091918945312, validation loss: 0.13744670152664185
2024-04-09 11:49:08.108056:2024-04-09 11:49:08.107960: Current epoch: 343, loss: 0.02743201144039631, validation loss: 0.1364891529083252
2024-04-09 11:49:25.106695:2024-04-09 11:49:25.106541: Current epoch: 344, loss: 0.027372995391488075, validation loss: 0.13871829211711884
2024-04-09 11:49:41.717367:2024-04-09 11:49:41.717252: Current epoch: 345, loss: 0.027525998651981354, validation loss: 0.1375565528869629
2024-04-09 11:49:58.422235:2024-04-09 11:49:58.422091: Current epoch: 346, loss: 0.02731453813612461, validation loss: 0.13587065041065216
2024-04-09 11:50:15.515579:2024-04-09 11:50:15.515489: Current epoch: 347, loss: 0.027375852689146996, validation loss: 0.1374804824590683
2024-04-09 11:50:32.630919:2024-04-09 11:50:32.630848: Current epoch: 348, loss: 0.027044938877224922, validation loss: 0.1377873718738556
2024-04-09 11:50:50.364027:2024-04-09 11:50:50.363945: Current epoch: 349, loss: 0.026897290721535683, validation loss: 0.14066195487976074
2024-04-09 11:51:07.422526:2024-04-09 11:51:07.422381: Current epoch: 350, loss: 0.027122529223561287, validation loss: 0.1402340680360794
2024-04-09 11:51:24.405774:2024-04-09 11:51:24.405675: Current epoch: 351, loss: 0.026738161221146584, validation loss: 0.13829463720321655
2024-04-09 11:51:41.315484:2024-04-09 11:51:41.315408: Current epoch: 352, loss: 0.026576008647680283, validation loss: 0.13880345225334167
2024-04-09 11:51:59.012372:2024-04-09 11:51:59.012310: Current epoch: 353, loss: 0.027206096798181534, validation loss: 0.13825349509716034
2024-04-09 11:52:16.346471:2024-04-09 11:52:16.346328: Current epoch: 354, loss: 0.026797771453857422, validation loss: 0.13830463588237762
2024-04-09 11:52:33.764703:2024-04-09 11:52:33.764531: Current epoch: 355, loss: 0.02635508030653, validation loss: 0.13650377094745636
2024-04-09 11:52:51.774043:2024-04-09 11:52:51.773913: Current epoch: 356, loss: 0.026359030976891518, validation loss: 0.139276385307312
2024-04-09 11:53:08.664073:2024-04-09 11:53:08.663914: Current epoch: 357, loss: 0.026708638295531273, validation loss: 0.13881605863571167
2024-04-09 11:53:26.406236:2024-04-09 11:53:26.406079: Current epoch: 358, loss: 0.02759345807135105, validation loss: 0.1369723379611969
2024-04-09 11:53:43.964533:2024-04-09 11:53:43.964392: Current epoch: 359, loss: 0.026302780956029892, validation loss: 0.13708798587322235
2024-04-09 11:54:01.809869:2024-04-09 11:54:01.809777: Current epoch: 360, loss: 0.026339175179600716, validation loss: 0.13889245688915253
2024-04-09 11:54:19.109736:2024-04-09 11:54:19.109609: Current epoch: 361, loss: 0.026073256507515907, validation loss: 0.13705305755138397
2024-04-09 11:54:36.414484:2024-04-09 11:54:36.414398: Current epoch: 362, loss: 0.026346124708652496, validation loss: 0.14043985307216644
2024-04-09 11:54:53.816776:2024-04-09 11:54:53.816689: Current epoch: 363, loss: 0.025931429117918015, validation loss: 0.13817085325717926
2024-04-09 11:55:11.161029:2024-04-09 11:55:11.160892: Current epoch: 364, loss: 0.026296241208910942, validation loss: 0.1410294622182846
2024-04-09 11:55:29.241313:2024-04-09 11:55:29.241223: Current epoch: 365, loss: 0.02617732249200344, validation loss: 0.1378558725118637
2024-04-09 11:55:47.267987:2024-04-09 11:55:47.267830: Current epoch: 366, loss: 0.026074670255184174, validation loss: 0.14104454219341278
2024-04-09 11:56:04.394377:2024-04-09 11:56:04.394261: Current epoch: 367, loss: 0.02637081779539585, validation loss: 0.1367824673652649
2024-04-09 11:56:22.398172:2024-04-09 11:56:22.397990: Current epoch: 368, loss: 0.026212582364678383, validation loss: 0.13690194487571716
2024-04-09 11:56:39.606652:2024-04-09 11:56:39.606491: Current epoch: 369, loss: 0.02576010301709175, validation loss: 0.13815760612487793
2024-04-09 11:56:56.988088:2024-04-09 11:56:56.987933: Current epoch: 370, loss: 0.026097381487488747, validation loss: 0.13518334925174713
2024-04-09 11:57:14.253810:2024-04-09 11:57:14.253714: Current epoch: 371, loss: 0.025844156742095947, validation loss: 0.1374703347682953
2024-04-09 11:57:31.818778:2024-04-09 11:57:31.818609: Current epoch: 372, loss: 0.025567790493369102, validation loss: 0.14079996943473816
2024-04-09 11:57:49.730027:2024-04-09 11:57:49.729935: Current epoch: 373, loss: 0.02564116381108761, validation loss: 0.140225350856781
2024-04-09 11:58:07.492408:2024-04-09 11:58:07.492236: Current epoch: 374, loss: 0.025741785764694214, validation loss: 0.14013364911079407
2024-04-09 11:58:24.593650:2024-04-09 11:58:24.593503: Current epoch: 375, loss: 0.0254779364913702, validation loss: 0.13760097324848175
2024-04-09 11:58:41.764707:2024-04-09 11:58:41.764551: Current epoch: 376, loss: 0.025563053786754608, validation loss: 0.13823576271533966
2024-04-09 11:58:59.146866:2024-04-09 11:58:59.146775: Current epoch: 377, loss: 0.02547544799745083, validation loss: 0.13953694701194763
2024-04-09 11:59:17.171507:2024-04-09 11:59:17.171378: Current epoch: 378, loss: 0.025285450741648674, validation loss: 0.13827478885650635
2024-04-09 11:59:34.266172:2024-04-09 11:59:34.266080: Current epoch: 379, loss: 0.025407159700989723, validation loss: 0.13749153912067413
2024-04-09 11:59:52.198612:2024-04-09 11:59:52.198535: Current epoch: 380, loss: 0.026212235912680626, validation loss: 0.13944651186466217
2024-04-09 12:00:10.037229:2024-04-09 12:00:10.037083: Current epoch: 381, loss: 0.025616969913244247, validation loss: 0.14178980886936188
2024-04-09 12:00:27.401532:2024-04-09 12:00:27.401437: Current epoch: 382, loss: 0.024889474734663963, validation loss: 0.1398901492357254
2024-04-09 12:00:45.188427:2024-04-09 12:00:45.188332: Current epoch: 383, loss: 0.025091929361224174, validation loss: 0.1408257931470871
2024-04-09 12:01:02.217174:2024-04-09 12:01:02.217099: Current epoch: 384, loss: 0.025728970766067505, validation loss: 0.13744612038135529
2024-04-09 12:01:19.414258:2024-04-09 12:01:19.414187: Current epoch: 385, loss: 0.025225596502423286, validation loss: 0.13607990741729736
2024-04-09 12:01:36.578514:2024-04-09 12:01:36.578354: Current epoch: 386, loss: 0.02520933747291565, validation loss: 0.13804656267166138
2024-04-09 12:01:54.464150:2024-04-09 12:01:54.464072: Current epoch: 387, loss: 0.02499803528189659, validation loss: 0.14318609237670898
2024-04-09 12:02:11.677136:2024-04-09 12:02:11.676992: Current epoch: 388, loss: 0.025096794590353966, validation loss: 0.1405448466539383
2024-04-09 12:02:28.661525:2024-04-09 12:02:28.661433: Current epoch: 389, loss: 0.02480766549706459, validation loss: 0.15021011233329773
2024-04-09 12:02:46.031366:2024-04-09 12:02:46.031290: Current epoch: 390, loss: 0.024724256247282028, validation loss: 0.1377279907464981
2024-04-09 12:03:03.392496:2024-04-09 12:03:03.392354: Current epoch: 391, loss: 0.024689367040991783, validation loss: 0.13941487669944763
2024-04-09 12:03:20.703579:2024-04-09 12:03:20.703487: Current epoch: 392, loss: 0.024496065452694893, validation loss: 0.13853943347930908
2024-04-09 12:03:37.791368:2024-04-09 12:03:37.791244: Current epoch: 393, loss: 0.024524299427866936, validation loss: 0.138457253575325
2024-04-09 12:03:55.224941:2024-04-09 12:03:55.224788: Current epoch: 394, loss: 0.024590997025370598, validation loss: 0.13654807209968567
2024-04-09 12:04:13.068240:2024-04-09 12:04:13.068078: Current epoch: 395, loss: 0.02486291527748108, validation loss: 0.13881728053092957
2024-04-09 12:04:31.422627:2024-04-09 12:04:31.422319: Current epoch: 396, loss: 0.024491164833307266, validation loss: 0.1391909271478653
2024-04-09 12:04:49.209797:2024-04-09 12:04:49.209651: Current epoch: 397, loss: 0.02453695796430111, validation loss: 0.13836437463760376
2024-04-09 12:05:07.395108:2024-04-09 12:05:07.394962: Current epoch: 398, loss: 0.024237457662820816, validation loss: 0.13866306841373444
2024-04-09 12:05:25.588604:2024-04-09 12:05:25.588462: Current epoch: 399, loss: 0.024595415219664574, validation loss: 0.13769179582595825
2024-04-09 12:05:43.171638:2024-04-09 12:05:43.171549: Current epoch: 400, loss: 0.024291986599564552, validation loss: 0.13981376588344574
2024-04-09 12:06:00.301161:2024-04-09 12:06:00.300989: Current epoch: 401, loss: 0.024414462968707085, validation loss: 0.13812316954135895
2024-04-09 12:06:18.564635:2024-04-09 12:06:18.564535: Current epoch: 402, loss: 0.02439647726714611, validation loss: 0.13898655772209167
2024-04-09 12:06:36.475246:2024-04-09 12:06:36.475133: Current epoch: 403, loss: 0.02459385059773922, validation loss: 0.1386653035879135
2024-04-09 12:06:53.882853:2024-04-09 12:06:53.882757: Current epoch: 404, loss: 0.024087583646178246, validation loss: 0.13996845483779907
2024-04-09 12:07:12.301866:2024-04-09 12:07:12.301730: Current epoch: 405, loss: 0.024393731728196144, validation loss: 0.14046993851661682
2024-04-09 12:07:30.166987:2024-04-09 12:07:30.166897: Current epoch: 406, loss: 0.024095160886645317, validation loss: 0.13837169110774994
2024-04-09 12:07:47.528785:2024-04-09 12:07:47.528712: Current epoch: 407, loss: 0.023415714502334595, validation loss: 0.13674092292785645
2024-04-09 12:08:05.429972:2024-04-09 12:08:05.429831: Current epoch: 408, loss: 0.02381870150566101, validation loss: 0.1392383873462677
2024-04-09 12:08:23.273381:2024-04-09 12:08:23.273268: Current epoch: 409, loss: 0.02373352460563183, validation loss: 0.13945788145065308
2024-04-09 12:08:41.047957:2024-04-09 12:08:41.047798: Current epoch: 410, loss: 0.02399965561926365, validation loss: 0.13928958773612976
2024-04-09 12:08:58.528799:2024-04-09 12:08:58.528631: Current epoch: 411, loss: 0.023530974984169006, validation loss: 0.14026878774166107
2024-04-09 12:09:16.578727:2024-04-09 12:09:16.578573: Current epoch: 412, loss: 0.023425858467817307, validation loss: 0.13687464594841003
2024-04-09 12:09:34.763304:2024-04-09 12:09:34.763134: Current epoch: 413, loss: 0.023861192166805267, validation loss: 0.13976186513900757
2024-04-09 12:09:52.239202:2024-04-09 12:09:52.239062: Current epoch: 414, loss: 0.023547237738966942, validation loss: 0.1386512815952301
2024-04-09 12:10:10.272374:2024-04-09 12:10:10.272262: Current epoch: 415, loss: 0.023270603269338608, validation loss: 0.1405828446149826
2024-04-09 12:10:28.204959:2024-04-09 12:10:28.204886: Current epoch: 416, loss: 0.023793695494532585, validation loss: 0.1411939114332199
2024-04-09 12:10:46.098805:2024-04-09 12:10:46.098651: Current epoch: 417, loss: 0.023394044488668442, validation loss: 0.13776244223117828
2024-04-09 12:11:04.165330:2024-04-09 12:11:04.165160: Current epoch: 418, loss: 0.02308039180934429, validation loss: 0.13606534898281097
2024-04-09 12:11:20.944213:2024-04-09 12:11:20.943933: Current epoch: 419, loss: 0.023354200646281242, validation loss: 0.1389874368906021
2024-04-09 12:11:37.871771:2024-04-09 12:11:37.871577: Current epoch: 420, loss: 0.023445317521691322, validation loss: 0.13830843567848206
2024-04-09 12:11:54.876632:2024-04-09 12:11:54.876481: Current epoch: 421, loss: 0.023122243583202362, validation loss: 0.13739527761936188
2024-04-09 12:12:11.568995:2024-04-09 12:12:11.568833: Current epoch: 422, loss: 0.023117363452911377, validation loss: 0.13621781766414642
2024-04-09 12:12:28.775248:2024-04-09 12:12:28.775072: Current epoch: 423, loss: 0.02358171157538891, validation loss: 0.1387178599834442
2024-04-09 12:12:45.684645:2024-04-09 12:12:45.684572: Current epoch: 424, loss: 0.02342347241938114, validation loss: 0.1370093822479248
2024-04-09 12:13:03.228514:2024-04-09 12:13:03.228347: Current epoch: 425, loss: 0.023321816697716713, validation loss: 0.1383841633796692
2024-04-09 12:13:20.561460:2024-04-09 12:13:20.561367: Current epoch: 426, loss: 0.02305755391716957, validation loss: 0.1371355950832367
2024-04-09 12:13:38.130258:2024-04-09 12:13:38.130101: Current epoch: 427, loss: 0.022895680740475655, validation loss: 0.14100530743598938
2024-04-09 12:13:55.738375:2024-04-09 12:13:55.738167: Current epoch: 428, loss: 0.02366025373339653, validation loss: 0.13564102351665497
2024-04-09 12:14:13.062931:2024-04-09 12:14:13.062772: Current epoch: 429, loss: 0.022927438840270042, validation loss: 0.13720308244228363
2024-04-09 12:14:30.531948:2024-04-09 12:14:30.531679: Current epoch: 430, loss: 0.022908274084329605, validation loss: 0.1381710320711136
2024-04-09 12:14:48.196902:2024-04-09 12:14:48.196751: Current epoch: 431, loss: 0.023308860138058662, validation loss: 0.13789300620555878
2024-04-09 12:15:06.337992:2024-04-09 12:15:06.337805: Current epoch: 432, loss: 0.022631090134382248, validation loss: 0.1379077434539795
2024-04-09 12:15:23.856930:2024-04-09 12:15:23.856764: Current epoch: 433, loss: 0.02294941246509552, validation loss: 0.13901010155677795
2024-04-09 12:15:41.417661:2024-04-09 12:15:41.417351: Current epoch: 434, loss: 0.02289150469005108, validation loss: 0.13807383179664612
2024-04-09 12:15:58.459740:2024-04-09 12:15:58.459642: Current epoch: 435, loss: 0.023070519790053368, validation loss: 0.13737322390079498
2024-04-09 12:16:15.634899:2024-04-09 12:16:15.634732: Current epoch: 436, loss: 0.022827358916401863, validation loss: 0.13709332048892975
2024-04-09 12:16:33.463803:2024-04-09 12:16:33.463729: Current epoch: 437, loss: 0.022603292018175125, validation loss: 0.13787586987018585
2024-04-09 12:16:51.396506:2024-04-09 12:16:51.396360: Current epoch: 438, loss: 0.022627398371696472, validation loss: 0.13954754173755646
2024-04-09 12:17:08.721772:2024-04-09 12:17:08.721627: Current epoch: 439, loss: 0.022579608485102654, validation loss: 0.13752377033233643
2024-04-09 12:17:25.935325:2024-04-09 12:17:25.935220: Current epoch: 440, loss: 0.022548438981175423, validation loss: 0.1394187957048416
2024-04-09 12:17:43.236077:2024-04-09 12:17:43.235917: Current epoch: 441, loss: 0.02259424328804016, validation loss: 0.13924768567085266
2024-04-09 12:18:00.056798:2024-04-09 12:18:00.056720: Current epoch: 442, loss: 0.02253044955432415, validation loss: 0.13776880502700806
2024-04-09 12:18:17.417957:2024-04-09 12:18:17.417821: Current epoch: 443, loss: 0.022504759952425957, validation loss: 0.13916294276714325
2024-04-09 12:18:34.745449:2024-04-09 12:18:34.745340: Current epoch: 444, loss: 0.02252274937927723, validation loss: 0.13758395612239838
2024-04-09 12:18:52.079868:2024-04-09 12:18:52.079816: Current epoch: 445, loss: 0.02293664962053299, validation loss: 0.13975699245929718
2024-04-09 12:19:09.484995:2024-04-09 12:19:09.484871: Current epoch: 446, loss: 0.022668594494462013, validation loss: 0.13785135746002197
2024-04-09 12:19:27.190193:2024-04-09 12:19:27.190100: Current epoch: 447, loss: 0.022174201905727386, validation loss: 0.13763770461082458
2024-04-09 12:19:44.963338:2024-04-09 12:19:44.963226: Current epoch: 448, loss: 0.02223055064678192, validation loss: 0.13535530865192413
2024-04-09 12:20:02.384112:2024-04-09 12:20:02.383956: Current epoch: 449, loss: 0.022087592631578445, validation loss: 0.13929887115955353
2024-04-09 12:20:19.826342:2024-04-09 12:20:19.826221: Current epoch: 450, loss: 0.02262808568775654, validation loss: 0.13621024787425995
2024-04-09 12:20:36.621335:2024-04-09 12:20:36.621235: Current epoch: 451, loss: 0.022364087402820587, validation loss: 0.1396138221025467
2024-04-09 12:20:54.278785:2024-04-09 12:20:54.278710: Current epoch: 452, loss: 0.022084107622504234, validation loss: 0.1369827836751938
2024-04-09 12:21:11.867133:2024-04-09 12:21:11.866985: Current epoch: 453, loss: 0.02228790894150734, validation loss: 0.13641543686389923
2024-04-09 12:21:29.271936:2024-04-09 12:21:29.271859: Current epoch: 454, loss: 0.022183895111083984, validation loss: 0.1365302950143814
2024-04-09 12:21:46.827975:2024-04-09 12:21:46.827903: Current epoch: 455, loss: 0.022185180336236954, validation loss: 0.13788741827011108
2024-04-09 12:22:04.152032:2024-04-09 12:22:04.151888: Current epoch: 456, loss: 0.021928483620285988, validation loss: 0.1393570452928543
2024-04-09 12:22:21.478965:2024-04-09 12:22:21.478865: Current epoch: 457, loss: 0.022162768989801407, validation loss: 0.13965696096420288
2024-04-09 12:22:38.643999:2024-04-09 12:22:38.643921: Current epoch: 458, loss: 0.02198951691389084, validation loss: 0.13852575421333313
2024-04-09 12:22:56.042868:2024-04-09 12:22:56.042762: Current epoch: 459, loss: 0.022079432383179665, validation loss: 0.13660010695457458
2024-04-09 12:23:13.437606:2024-04-09 12:23:13.437533: Current epoch: 460, loss: 0.021755263209342957, validation loss: 0.13839158415794373
2024-04-09 12:23:30.869537:2024-04-09 12:23:30.869379: Current epoch: 461, loss: 0.021816851571202278, validation loss: 0.13673828542232513
2024-04-09 12:23:48.031982:2024-04-09 12:23:48.031821: Current epoch: 462, loss: 0.02215626649558544, validation loss: 0.1378304660320282
2024-04-09 12:24:05.207296:2024-04-09 12:24:05.207126: Current epoch: 463, loss: 0.021486464887857437, validation loss: 0.13675592839717865
2024-04-09 12:24:22.221247:2024-04-09 12:24:22.221116: Current epoch: 464, loss: 0.022166719660162926, validation loss: 0.13755805790424347
2024-04-09 12:24:39.229194:2024-04-09 12:24:39.229109: Current epoch: 465, loss: 0.021470436826348305, validation loss: 0.13946694135665894
2024-04-09 12:24:56.614220:2024-04-09 12:24:56.614082: Current epoch: 466, loss: 0.021910445764660835, validation loss: 0.13694778084754944
2024-04-09 12:25:13.935732:2024-04-09 12:25:13.935625: Current epoch: 467, loss: 0.021593106910586357, validation loss: 0.1386396884918213
2024-04-09 12:25:31.507306:2024-04-09 12:25:31.507215: Current epoch: 468, loss: 0.021451445296406746, validation loss: 0.14005818963050842
2024-04-09 12:25:48.531875:2024-04-09 12:25:48.531740: Current epoch: 469, loss: 0.021628323942422867, validation loss: 0.1380290985107422
2024-04-09 12:26:06.170058:2024-04-09 12:26:06.169926: Current epoch: 470, loss: 0.02181185781955719, validation loss: 0.13810621201992035
2024-04-09 12:26:23.386325:2024-04-09 12:26:23.386149: Current epoch: 471, loss: 0.021009694784879684, validation loss: 0.13694410026073456
2024-04-09 12:26:40.658648:2024-04-09 12:26:40.658500: Current epoch: 472, loss: 0.021459806710481644, validation loss: 0.14248652756214142
2024-04-09 12:26:57.921935:2024-04-09 12:26:57.921789: Current epoch: 473, loss: 0.0214158333837986, validation loss: 0.13916799426078796
2024-04-09 12:27:15.317851:2024-04-09 12:27:15.317714: Current epoch: 474, loss: 0.02180093713104725, validation loss: 0.13755646347999573
2024-04-09 12:27:32.930182:2024-04-09 12:27:32.930023: Current epoch: 475, loss: 0.021155091002583504, validation loss: 0.13770654797554016
2024-04-09 12:27:50.020398:2024-04-09 12:27:50.020301: Current epoch: 476, loss: 0.021116062998771667, validation loss: 0.14002662897109985
2024-04-09 12:28:07.917974:2024-04-09 12:28:07.917823: Current epoch: 477, loss: 0.021452592685818672, validation loss: 0.13802583515644073
2024-04-09 12:28:25.405709:2024-04-09 12:28:25.405614: Current epoch: 478, loss: 0.02143632061779499, validation loss: 0.1389457881450653
2024-04-09 12:28:42.492896:2024-04-09 12:28:42.492736: Current epoch: 479, loss: 0.02181563526391983, validation loss: 0.13844527304172516
2024-04-09 12:28:59.599215:2024-04-09 12:28:59.599059: Current epoch: 480, loss: 0.020906224846839905, validation loss: 0.14452138543128967
2024-04-09 12:29:16.902899:2024-04-09 12:29:16.902806: Current epoch: 481, loss: 0.02087322063744068, validation loss: 0.13903717696666718
2024-04-09 12:29:34.426186:2024-04-09 12:29:34.426047: Current epoch: 482, loss: 0.02208598144352436, validation loss: 0.13878126442432404
2024-04-09 12:29:52.118993:2024-04-09 12:29:52.118847: Current epoch: 483, loss: 0.020739633589982986, validation loss: 0.13955098390579224
2024-04-09 12:30:09.880921:2024-04-09 12:30:09.880774: Current epoch: 484, loss: 0.02113736979663372, validation loss: 0.13701240718364716
2024-04-09 12:30:27.078574:2024-04-09 12:30:27.078474: Current epoch: 485, loss: 0.020934807136654854, validation loss: 0.13710184395313263
2024-04-09 12:30:44.091859:2024-04-09 12:30:44.091796: Current epoch: 486, loss: 0.020896462723612785, validation loss: 0.13890184462070465
2024-04-09 12:31:01.405465:2024-04-09 12:31:01.405299: Current epoch: 487, loss: 0.020973052829504013, validation loss: 0.1395285576581955
2024-04-09 12:31:18.578472:2024-04-09 12:31:18.578400: Current epoch: 488, loss: 0.021438712254166603, validation loss: 0.1398605853319168
2024-04-09 12:31:36.042862:2024-04-09 12:31:36.042720: Current epoch: 489, loss: 0.020924057811498642, validation loss: 0.13959668576717377
2024-04-09 12:31:53.617381:2024-04-09 12:31:53.617263: Current epoch: 490, loss: 0.020823443308472633, validation loss: 0.13802878558635712
2024-04-09 12:32:10.836290:2024-04-09 12:32:10.836166: Current epoch: 491, loss: 0.02083367295563221, validation loss: 0.14419983327388763
2024-04-09 12:32:28.808919:2024-04-09 12:32:28.808774: Current epoch: 492, loss: 0.02074940875172615, validation loss: 0.1373845636844635
2024-04-09 12:32:45.920383:2024-04-09 12:32:45.920302: Current epoch: 493, loss: 0.02082929201424122, validation loss: 0.13982154428958893
2024-04-09 12:33:03.258646:2024-04-09 12:33:03.258569: Current epoch: 494, loss: 0.02081596665084362, validation loss: 0.1385674774646759
2024-04-09 12:33:21.503904:2024-04-09 12:33:21.503754: Current epoch: 495, loss: 0.020592818036675453, validation loss: 0.1411910206079483
2024-04-09 12:33:38.845158:2024-04-09 12:33:38.844994: Current epoch: 496, loss: 0.020989244803786278, validation loss: 0.14117684960365295
2024-04-09 12:33:56.653146:2024-04-09 12:33:56.652991: Current epoch: 497, loss: 0.020639413967728615, validation loss: 0.13912880420684814
2024-04-09 12:34:14.379571:2024-04-09 12:34:14.379409: Current epoch: 498, loss: 0.02070196531713009, validation loss: 0.138277068734169
2024-04-09 12:34:31.461548:2024-04-09 12:34:31.461403: Current epoch: 499, loss: 0.02024039253592491, validation loss: 0.14065305888652802
2024-04-09 12:34:48.482887:2024-04-09 12:34:48.482728: Current epoch: 500, loss: 0.020490160211920738, validation loss: 0.13828299939632416
2024-04-09 12:35:05.356123:2024-04-09 12:35:05.356030: Current epoch: 501, loss: 0.02058311179280281, validation loss: 0.13783137500286102
2024-04-09 12:35:23.091973:2024-04-09 12:35:23.091804: Current epoch: 502, loss: 0.02019581012427807, validation loss: 0.13805831968784332
2024-04-09 12:35:40.743166:2024-04-09 12:35:40.743090: Current epoch: 503, loss: 0.0201297365128994, validation loss: 0.13621583580970764
2024-04-09 12:35:58.457734:2024-04-09 12:35:58.457594: Current epoch: 504, loss: 0.020340751856565475, validation loss: 0.13955384492874146
2024-04-09 12:36:16.282518:2024-04-09 12:36:16.282357: Current epoch: 505, loss: 0.020342491567134857, validation loss: 0.13728123903274536
2024-04-09 12:36:33.918384:2024-04-09 12:36:33.918214: Current epoch: 506, loss: 0.020134171470999718, validation loss: 0.13813404738903046
2024-04-09 12:36:51.841766:2024-04-09 12:36:51.841625: Current epoch: 507, loss: 0.020316436886787415, validation loss: 0.13828787207603455
2024-04-09 12:37:09.267392:2024-04-09 12:37:09.267220: Current epoch: 508, loss: 0.020413272082805634, validation loss: 0.13980300724506378
2024-04-09 12:37:26.325940:2024-04-09 12:37:26.325785: Current epoch: 509, loss: 0.020111067220568657, validation loss: 0.13876955211162567
2024-04-09 12:37:43.616367:2024-04-09 12:37:43.616255: Current epoch: 510, loss: 0.02059595100581646, validation loss: 0.13716939091682434
2024-04-09 12:38:00.877260:2024-04-09 12:38:00.877103: Current epoch: 511, loss: 0.020084798336029053, validation loss: 0.1402590423822403
2024-04-09 12:38:18.033931:2024-04-09 12:38:18.033793: Current epoch: 512, loss: 0.020068466663360596, validation loss: 0.14094789326190948
2024-04-09 12:38:35.084635:2024-04-09 12:38:35.084533: Current epoch: 513, loss: 0.02008357271552086, validation loss: 0.14239569008350372
2024-04-09 12:38:52.519543:2024-04-09 12:38:52.519472: Current epoch: 514, loss: 0.019954873248934746, validation loss: 0.1393931806087494
2024-04-09 12:39:10.392035:2024-04-09 12:39:10.391878: Current epoch: 515, loss: 0.020791785791516304, validation loss: 0.13698406517505646
2024-04-09 12:39:27.807811:2024-04-09 12:39:27.807735: Current epoch: 516, loss: 0.019382115453481674, validation loss: 0.13665352761745453
2024-04-09 12:39:44.885672:2024-04-09 12:39:44.885489: Current epoch: 517, loss: 0.019889263436198235, validation loss: 0.1403464376926422
2024-04-09 12:40:01.985805:2024-04-09 12:40:01.985717: Current epoch: 518, loss: 0.019737904891371727, validation loss: 0.14044910669326782
2024-04-09 12:40:18.830310:2024-04-09 12:40:18.830216: Current epoch: 519, loss: 0.02134539932012558, validation loss: 0.14303654432296753
2024-04-09 12:40:36.159999:2024-04-09 12:40:36.159852: Current epoch: 520, loss: 0.019447725266218185, validation loss: 0.1371174454689026
2024-04-09 12:40:54.209815:2024-04-09 12:40:54.209655: Current epoch: 521, loss: 0.01956026814877987, validation loss: 0.13671989738941193
2024-04-09 12:41:11.876078:2024-04-09 12:41:11.875903: Current epoch: 522, loss: 0.01992369070649147, validation loss: 0.13784226775169373
2024-04-09 12:41:29.560422:2024-04-09 12:41:29.560254: Current epoch: 523, loss: 0.020040025934576988, validation loss: 0.13713426887989044
2024-04-09 12:41:47.142435:2024-04-09 12:41:47.142359: Current epoch: 524, loss: 0.020552372559905052, validation loss: 0.13845480978488922
2024-04-09 12:42:04.657172:2024-04-09 12:42:04.657075: Current epoch: 525, loss: 0.01910255290567875, validation loss: 0.1381916105747223
2024-04-09 12:42:21.438625:2024-04-09 12:42:21.438539: Current epoch: 526, loss: 0.019241148605942726, validation loss: 0.13846740126609802
2024-04-09 12:42:38.469179:2024-04-09 12:42:38.469017: Current epoch: 527, loss: 0.019608458504080772, validation loss: 0.13968901336193085
2024-04-09 12:42:55.760337:2024-04-09 12:42:55.760249: Current epoch: 528, loss: 0.019709929823875427, validation loss: 0.14034540951251984
2024-04-09 12:42:56.845002:the test error is  [0.1324307918548584, 0.1324307918548584]
2024-04-09 12:42:59.048783:saved model to sample/bert-base-uncased_chemnlp_prop_formation_energy_peratom
2024-04-09 12:42:59.989554:done