
2024-03-20 20:32:17.734088:job config: {'train_data_path': '/data/yll6162/alignntl_dft_3d/tl_dataset/dataset_bert-base-uncased_chemnlp_prop_Tc_supercon_train.csv', 'val_data_path': '/data/yll6162/alignntl_dft_3d/tl_dataset/dataset_bert-base-uncased_chemnlp_prop_Tc_supercon_val.csv', 'test_data_path': '/data/yll6162/alignntl_dft_3d/tl_dataset/dataset_bert-base-uncased_chemnlp_prop_Tc_supercon_test.csv', 'label': 'Tc_supercon', 'input_type': None, 'log_folder': 'log', 'log_file': 'bert-base-uncased_chemnlp_prop_Tc_supercon.log', 'test_metric': 'mae', 'architecture': '1024Rx4D-512Rx3D-256Rx3D-128Rx3D-64Rx2-32Rx1-1', 'model_seed': 0, 'loss_type': 'mae', 'config_file': 'sample/bert-base-uncased_chemnlp_prop_Tc_supercon_job.config', 'use_valid': True, 'project': 'MOF', 'regressors': None, 'input_types': None, 'paramsGrid': {'optimizer': 'Adam', 'learning_rate': 0.0001, 'patience': 100, 'dropouts': [0.8, 0.9, 0.7, 0.8], 'EVAL_FREQUENCY': 1000}, 'save_path': 'sample/bert-base-uncased_chemnlp_prop_Tc_supercon', 'model_path': None, 'last_layer_with_weight': True, 'keras_path': 'model/bert-base-uncased_chemnlp_prop_Tc_supercon', 'test_size': 0.1, 'val_size': 0.1}
2024-03-20 20:32:17.734170:train data path is  /data/yll6162/alignntl_dft_3d/tl_dataset/dataset_bert-base-uncased_chemnlp_prop_Tc_supercon_train.csv
2024-03-20 20:32:18.009974:input attribute sets are:  None
2024-03-20 20:32:18.010219:test data path is  /data/yll6162/alignntl_dft_3d/tl_dataset/dataset_bert-base-uncased_chemnlp_prop_Tc_supercon_test.csv
2024-03-20 20:32:18.199143:val data path is  /data/yll6162/alignntl_dft_3d/tl_dataset/dataset_bert-base-uncased_chemnlp_prop_Tc_supercon_val.csv
2024-03-20 20:32:18.389015:input attributes are:  Index(['0', '1', '2', '3', '4', '5', '6', '7', '8', '9',
       ...
       '758', '759', '760', '761', '762', '763', '764', '765', '766', '767'],
      dtype='object', length=768)
2024-03-20 20:32:18.389234:label: Tc_supercon
2024-03-20 20:32:26.148206: train, test, valid sizes:  (842, 768) (842,) (106, 768) (106,) (106, 768) (106,)
2024-03-20 20:32:26.152368:train matrix shape of train_X:  (842, 768)  train_y:  (842,)
2024-03-20 20:32:26.152519:valid matrix shape of train_X:  (106, 768)  valid_y:  (106,)
2024-03-20 20:32:26.152564:test matrix shape of valid_X:   (106, 768)  test_y:  (106,)
2024-03-20 20:32:26.152603:architecture is:  1024Rx4D-512Rx3D-256Rx3D-128Rx3D-64Rx2-32Rx1-1
2024-03-20 20:32:26.152647:learning rate is  0.0001
2024-03-20 20:32:26.152688:model path is  None
2024-03-20 20:32:26.170039:adding fully connected layers with 1024 outputs
2024-03-20 20:32:26.733531:adding residual with fc as the size are different
2024-03-20 20:32:26.741856:adding fully connected layers with 1024 outputs
2024-03-20 20:32:26.751145:adding residual, both sizes are same
2024-03-20 20:32:26.753686:adding fully connected layers with 1024 outputs
2024-03-20 20:32:26.759958:adding residual, both sizes are same
2024-03-20 20:32:26.762345:adding fully connected layers with 1024 outputs
2024-03-20 20:32:26.768283:adding residual, both sizes are same
2024-03-20 20:32:26.770785:adding dropout 0.8
2024-03-20 20:32:26.777246:adding fully connected layers with 512 outputs
2024-03-20 20:32:26.788798:adding residual with fc as the size are different
2024-03-20 20:32:26.798135:adding fully connected layers with 512 outputs
2024-03-20 20:32:26.807507:adding residual, both sizes are same
2024-03-20 20:32:26.810108:adding fully connected layers with 512 outputs
2024-03-20 20:32:26.816963:adding residual, both sizes are same
2024-03-20 20:32:26.819804:adding dropout 0.9
2024-03-20 20:32:26.822205:adding fully connected layers with 256 outputs
2024-03-20 20:32:26.829649:adding residual with fc as the size are different
2024-03-20 20:32:26.841335:adding fully connected layers with 256 outputs
2024-03-20 20:32:26.849119:adding residual, both sizes are same
2024-03-20 20:32:26.852045:adding fully connected layers with 256 outputs
2024-03-20 20:32:26.859747:adding residual, both sizes are same
2024-03-20 20:32:26.862764:adding dropout 0.7
2024-03-20 20:32:26.865361:adding fully connected layers with 128 outputs
2024-03-20 20:32:26.873205:adding residual with fc as the size are different
2024-03-20 20:32:26.883806:adding fully connected layers with 128 outputs
2024-03-20 20:32:26.891698:adding residual, both sizes are same
2024-03-20 20:32:26.894731:adding fully connected layers with 128 outputs
2024-03-20 20:32:26.902130:adding residual, both sizes are same
2024-03-20 20:32:26.905567:adding dropout 0.8
2024-03-20 20:32:26.908146:adding fully connected layers with 64 outputs
2024-03-20 20:32:26.915941:adding residual with fc as the size are different
2024-03-20 20:32:26.925376:adding fully connected layers with 64 outputs
2024-03-20 20:32:26.933971:adding residual, both sizes are same
2024-03-20 20:32:26.937048:adding fully connected layers with 32 outputs
2024-03-20 20:32:26.944958:adding residual with fc as the size are different
2024-03-20 20:32:26.955049:adding final layer with 1 output
2024-03-20 20:32:26.971191:Model: "ElemNet"
2024-03-20 20:32:26.971354:__________________________________________________________________________________________________
2024-03-20 20:32:26.971414:Layer (type)                    Output Shape         Param #     Connected to                     
2024-03-20 20:32:26.971461:==================================================================================================
2024-03-20 20:32:26.971766:elemental_fractions (InputLayer [(None, 768)]        0                                            
2024-03-20 20:32:26.971826:__________________________________________________________________________________________________
2024-03-20 20:32:26.972026:fc0_0 (Dense)                   (None, 1024)         787456      elemental_fractions[0][0]        
2024-03-20 20:32:26.972082:__________________________________________________________________________________________________
2024-03-20 20:32:26.972218:fc0_dim_0 (Dense)               (None, 1024)         787456      elemental_fractions[0][0]        
2024-03-20 20:32:26.972268:__________________________________________________________________________________________________
2024-03-20 20:32:26.972371:tf.__operators__.add (TFOpLambd (None, 1024)         0           fc0_0[0][0]                      
2024-03-20 20:32:26.972424:                                                                 fc0_dim_0[0][0]                  
2024-03-20 20:32:26.972474:__________________________________________________________________________________________________
2024-03-20 20:32:26.972606:fc0_1 (Dense)                   (None, 1024)         1049600     tf.__operators__.add[0][0]       
2024-03-20 20:32:26.972658:__________________________________________________________________________________________________
2024-03-20 20:32:26.972753:tf.__operators__.add_1 (TFOpLam (None, 1024)         0           fc0_1[0][0]                      
2024-03-20 20:32:26.972803:                                                                 tf.__operators__.add[0][0]       
2024-03-20 20:32:26.972846:__________________________________________________________________________________________________
2024-03-20 20:32:26.972972:fc0_2 (Dense)                   (None, 1024)         1049600     tf.__operators__.add_1[0][0]     
2024-03-20 20:32:26.973021:__________________________________________________________________________________________________
2024-03-20 20:32:26.973114:tf.__operators__.add_2 (TFOpLam (None, 1024)         0           fc0_2[0][0]                      
2024-03-20 20:32:26.973164:                                                                 tf.__operators__.add_1[0][0]     
2024-03-20 20:32:26.973208:__________________________________________________________________________________________________
2024-03-20 20:32:26.973331:fc0_3 (Dense)                   (None, 1024)         1049600     tf.__operators__.add_2[0][0]     
2024-03-20 20:32:26.973379:__________________________________________________________________________________________________
2024-03-20 20:32:26.973478:tf.__operators__.add_3 (TFOpLam (None, 1024)         0           fc0_3[0][0]                      
2024-03-20 20:32:26.973530:                                                                 tf.__operators__.add_2[0][0]     
2024-03-20 20:32:26.973584:__________________________________________________________________________________________________
2024-03-20 20:32:26.973681:dropout (Dropout)               (None, 1024)         0           tf.__operators__.add_3[0][0]     
2024-03-20 20:32:26.973727:__________________________________________________________________________________________________
2024-03-20 20:32:26.973854:fc1_0 (Dense)                   (None, 512)          524800      dropout[0][0]                    
2024-03-20 20:32:26.973903:__________________________________________________________________________________________________
2024-03-20 20:32:26.974027:fc1_dim_0 (Dense)               (None, 512)          524800      dropout[0][0]                    
2024-03-20 20:32:26.974074:__________________________________________________________________________________________________
2024-03-20 20:32:26.974166:tf.__operators__.add_4 (TFOpLam (None, 512)          0           fc1_0[0][0]                      
2024-03-20 20:32:26.974217:                                                                 fc1_dim_0[0][0]                  
2024-03-20 20:32:26.974261:__________________________________________________________________________________________________
2024-03-20 20:32:26.974381:fc1_1 (Dense)                   (None, 512)          262656      tf.__operators__.add_4[0][0]     
2024-03-20 20:32:26.974429:__________________________________________________________________________________________________
2024-03-20 20:32:26.974531:tf.__operators__.add_5 (TFOpLam (None, 512)          0           fc1_1[0][0]                      
2024-03-20 20:32:26.974582:                                                                 tf.__operators__.add_4[0][0]     
2024-03-20 20:32:26.974624:__________________________________________________________________________________________________
2024-03-20 20:32:26.974748:fc1_2 (Dense)                   (None, 512)          262656      tf.__operators__.add_5[0][0]     
2024-03-20 20:32:26.974796:__________________________________________________________________________________________________
2024-03-20 20:32:26.974887:tf.__operators__.add_6 (TFOpLam (None, 512)          0           fc1_2[0][0]                      
2024-03-20 20:32:26.974938:                                                                 tf.__operators__.add_5[0][0]     
2024-03-20 20:32:26.974980:__________________________________________________________________________________________________
2024-03-20 20:32:26.975069:dropout_1 (Dropout)             (None, 512)          0           tf.__operators__.add_6[0][0]     
2024-03-20 20:32:26.975115:__________________________________________________________________________________________________
2024-03-20 20:32:26.975237:fc2_0 (Dense)                   (None, 256)          131328      dropout_1[0][0]                  
2024-03-20 20:32:26.975285:__________________________________________________________________________________________________
2024-03-20 20:32:26.975407:fc2_dim_0 (Dense)               (None, 256)          131328      dropout_1[0][0]                  
2024-03-20 20:32:26.975485:__________________________________________________________________________________________________
2024-03-20 20:32:26.975584:tf.__operators__.add_7 (TFOpLam (None, 256)          0           fc2_0[0][0]                      
2024-03-20 20:32:26.975635:                                                                 fc2_dim_0[0][0]                  
2024-03-20 20:32:26.975677:__________________________________________________________________________________________________
2024-03-20 20:32:26.975801:fc2_1 (Dense)                   (None, 256)          65792       tf.__operators__.add_7[0][0]     
2024-03-20 20:32:26.975848:__________________________________________________________________________________________________
2024-03-20 20:32:26.975940:tf.__operators__.add_8 (TFOpLam (None, 256)          0           fc2_1[0][0]                      
2024-03-20 20:32:26.975995:                                                                 tf.__operators__.add_7[0][0]     
2024-03-20 20:32:26.976038:__________________________________________________________________________________________________
2024-03-20 20:32:26.976161:fc2_2 (Dense)                   (None, 256)          65792       tf.__operators__.add_8[0][0]     
2024-03-20 20:32:26.976208:__________________________________________________________________________________________________
2024-03-20 20:32:26.976300:tf.__operators__.add_9 (TFOpLam (None, 256)          0           fc2_2[0][0]                      
2024-03-20 20:32:26.976348:                                                                 tf.__operators__.add_8[0][0]     
2024-03-20 20:32:26.976391:__________________________________________________________________________________________________
2024-03-20 20:32:26.976489:dropout_2 (Dropout)             (None, 256)          0           tf.__operators__.add_9[0][0]     
2024-03-20 20:32:26.976535:__________________________________________________________________________________________________
2024-03-20 20:32:26.976660:fc3_0 (Dense)                   (None, 128)          32896       dropout_2[0][0]                  
2024-03-20 20:32:26.976708:__________________________________________________________________________________________________
2024-03-20 20:32:26.976827:fc3_dim_0 (Dense)               (None, 128)          32896       dropout_2[0][0]                  
2024-03-20 20:32:26.976875:__________________________________________________________________________________________________
2024-03-20 20:32:26.976968:tf.__operators__.add_10 (TFOpLa (None, 128)          0           fc3_0[0][0]                      
2024-03-20 20:32:26.977019:                                                                 fc3_dim_0[0][0]                  
2024-03-20 20:32:26.977060:__________________________________________________________________________________________________
2024-03-20 20:32:26.977179:fc3_1 (Dense)                   (None, 128)          16512       tf.__operators__.add_10[0][0]    
2024-03-20 20:32:26.977230:__________________________________________________________________________________________________
2024-03-20 20:32:26.977321:tf.__operators__.add_11 (TFOpLa (None, 128)          0           fc3_1[0][0]                      
2024-03-20 20:32:26.977371:                                                                 tf.__operators__.add_10[0][0]    
2024-03-20 20:32:26.977413:__________________________________________________________________________________________________
2024-03-20 20:32:26.977544:fc3_2 (Dense)                   (None, 128)          16512       tf.__operators__.add_11[0][0]    
2024-03-20 20:32:26.977595:__________________________________________________________________________________________________
2024-03-20 20:32:26.977686:tf.__operators__.add_12 (TFOpLa (None, 128)          0           fc3_2[0][0]                      
2024-03-20 20:32:26.977736:                                                                 tf.__operators__.add_11[0][0]    
2024-03-20 20:32:26.977780:__________________________________________________________________________________________________
2024-03-20 20:32:26.977866:dropout_3 (Dropout)             (None, 128)          0           tf.__operators__.add_12[0][0]    
2024-03-20 20:32:26.977911:__________________________________________________________________________________________________
2024-03-20 20:32:26.978032:fc4_0 (Dense)                   (None, 64)           8256        dropout_3[0][0]                  
2024-03-20 20:32:26.978081:__________________________________________________________________________________________________
2024-03-20 20:32:26.978199:fc4_dim_0 (Dense)               (None, 64)           8256        dropout_3[0][0]                  
2024-03-20 20:32:26.978247:__________________________________________________________________________________________________
2024-03-20 20:32:26.978338:tf.__operators__.add_13 (TFOpLa (None, 64)           0           fc4_0[0][0]                      
2024-03-20 20:32:26.978393:                                                                 fc4_dim_0[0][0]                  
2024-03-20 20:32:26.978436:__________________________________________________________________________________________________
2024-03-20 20:32:26.978567:fc4_1 (Dense)                   (None, 64)           4160        tf.__operators__.add_13[0][0]    
2024-03-20 20:32:26.978616:__________________________________________________________________________________________________
2024-03-20 20:32:26.978707:tf.__operators__.add_14 (TFOpLa (None, 64)           0           fc4_1[0][0]                      
2024-03-20 20:32:26.978756:                                                                 tf.__operators__.add_13[0][0]    
2024-03-20 20:32:26.978798:__________________________________________________________________________________________________
2024-03-20 20:32:26.978917:fc5_0 (Dense)                   (None, 32)           2080        tf.__operators__.add_14[0][0]    
2024-03-20 20:32:26.978967:__________________________________________________________________________________________________
2024-03-20 20:32:26.979086:fc5_dim_0 (Dense)               (None, 32)           2080        tf.__operators__.add_14[0][0]    
2024-03-20 20:32:26.982471:__________________________________________________________________________________________________
2024-03-20 20:32:26.982687:tf.__operators__.add_15 (TFOpLa (None, 32)           0           fc5_0[0][0]                      
2024-03-20 20:32:26.982754:                                                                 fc5_dim_0[0][0]                  
2024-03-20 20:32:26.982801:__________________________________________________________________________________________________
2024-03-20 20:32:26.982951:fc6 (Dense)                     (None, 1)            33          tf.__operators__.add_15[0][0]    
2024-03-20 20:32:26.983003:==================================================================================================
2024-03-20 20:32:26.983846:Total params: 6,816,545
2024-03-20 20:32:26.983904:Trainable params: 6,816,545
2024-03-20 20:32:26.983949:Non-trainable params: 0
2024-03-20 20:32:26.983989:__________________________________________________________________________________________________
2024-03-20 20:32:27.018013:start training
2024-03-20 20:32:29.616597:2024-03-20 20:32:29.616499: Current epoch: 0, loss: 10.863617897033691, validation loss: 6.454222679138184
2024-03-20 20:32:30.019098:2024-03-20 20:32:30.019052: Current epoch: 1, loss: 3.9787051677703857, validation loss: 7.98297119140625
2024-03-20 20:32:30.470200:2024-03-20 20:32:30.470102: Current epoch: 2, loss: 4.943071365356445, validation loss: 2.5938308238983154
2024-03-20 20:32:30.728971:2024-03-20 20:32:30.728927: Current epoch: 3, loss: 3.2856218814849854, validation loss: 3.9290573596954346
2024-03-20 20:32:30.989487:2024-03-20 20:32:30.989426: Current epoch: 4, loss: 3.540489673614502, validation loss: 3.155961751937866
2024-03-20 20:32:31.298102:2024-03-20 20:32:31.298060: Current epoch: 5, loss: 3.450254440307617, validation loss: 2.6886279582977295
2024-03-20 20:32:31.696210:2024-03-20 20:32:31.696160: Current epoch: 6, loss: 3.1563518047332764, validation loss: 2.5943758487701416
2024-03-20 20:32:32.077285:2024-03-20 20:32:32.077230: Current epoch: 7, loss: 3.3012704849243164, validation loss: 3.541247606277466
2024-03-20 20:32:32.430937:2024-03-20 20:32:32.430883: Current epoch: 8, loss: 3.6263022422790527, validation loss: 2.7786409854888916
2024-03-20 20:32:32.852823:2024-03-20 20:32:32.852724: Current epoch: 9, loss: 3.284226655960083, validation loss: 2.5161399841308594
2024-03-20 20:32:37.848661:2024-03-20 20:32:37.848622: Current epoch: 10, loss: 3.2050437927246094, validation loss: 2.625675678253174
2024-03-20 20:32:38.168031:2024-03-20 20:32:38.167979: Current epoch: 11, loss: 3.510714292526245, validation loss: 2.973243474960327
2024-03-20 20:32:38.497590:2024-03-20 20:32:38.497518: Current epoch: 12, loss: 3.690539836883545, validation loss: 2.674856185913086
2024-03-20 20:32:38.843151:2024-03-20 20:32:38.843089: Current epoch: 13, loss: 3.2760841846466064, validation loss: 2.7343335151672363
2024-03-20 20:32:39.163752:2024-03-20 20:32:39.163673: Current epoch: 14, loss: 3.2489213943481445, validation loss: 2.465374708175659
2024-03-20 20:32:39.466318:2024-03-20 20:32:39.466269: Current epoch: 15, loss: 3.9308440685272217, validation loss: 3.5437099933624268
2024-03-20 20:32:39.860821:2024-03-20 20:32:39.860778: Current epoch: 16, loss: 3.8236260414123535, validation loss: 2.4654457569122314
2024-03-20 20:32:40.235021:2024-03-20 20:32:40.234973: Current epoch: 17, loss: 3.4244730472564697, validation loss: 2.8266398906707764
2024-03-20 20:32:40.574360:2024-03-20 20:32:40.574305: Current epoch: 18, loss: 3.5965559482574463, validation loss: 2.842061758041382
2024-03-20 20:32:40.887231:2024-03-20 20:32:40.887186: Current epoch: 19, loss: 3.12422251701355, validation loss: 2.7025396823883057
2024-03-20 20:32:41.233227:2024-03-20 20:32:41.233156: Current epoch: 20, loss: 3.351024627685547, validation loss: 2.5283091068267822
2024-03-20 20:32:41.580562:2024-03-20 20:32:41.580494: Current epoch: 21, loss: 3.0011842250823975, validation loss: 2.593212604522705
2024-03-20 20:32:41.965072:2024-03-20 20:32:41.965008: Current epoch: 22, loss: 2.9960339069366455, validation loss: 2.6018123626708984
2024-03-20 20:32:42.220443:2024-03-20 20:32:42.220396: Current epoch: 23, loss: 3.282862901687622, validation loss: 3.760040044784546
2024-03-20 20:32:42.571145:2024-03-20 20:32:42.571097: Current epoch: 24, loss: 3.290024757385254, validation loss: 2.5861682891845703
2024-03-20 20:32:42.979020:2024-03-20 20:32:42.978977: Current epoch: 25, loss: 3.0140342712402344, validation loss: 3.6239585876464844
2024-03-20 20:32:43.204574:2024-03-20 20:32:43.204529: Current epoch: 26, loss: 3.0911612510681152, validation loss: 2.587139129638672
2024-03-20 20:32:43.473289:2024-03-20 20:32:43.473252: Current epoch: 27, loss: 2.9909188747406006, validation loss: 2.995638608932495
2024-03-20 20:32:43.717116:2024-03-20 20:32:43.717071: Current epoch: 28, loss: 3.163872480392456, validation loss: 2.4772086143493652
2024-03-20 20:32:43.945216:2024-03-20 20:32:43.945150: Current epoch: 29, loss: 3.0571606159210205, validation loss: 2.8905375003814697
2024-03-20 20:32:44.277834:2024-03-20 20:32:44.277755: Current epoch: 30, loss: 2.9946084022521973, validation loss: 2.412519693374634
2024-03-20 20:32:44.584321:2024-03-20 20:32:44.584284: Current epoch: 31, loss: 2.8595364093780518, validation loss: 2.451653242111206
2024-03-20 20:32:44.834274:2024-03-20 20:32:44.834230: Current epoch: 32, loss: 2.8797924518585205, validation loss: 2.5908524990081787
2024-03-20 20:32:45.055600:2024-03-20 20:32:45.055557: Current epoch: 33, loss: 2.9093997478485107, validation loss: 2.469813108444214
2024-03-20 20:32:45.297681:2024-03-20 20:32:45.297635: Current epoch: 34, loss: 2.8424036502838135, validation loss: 2.5025246143341064
2024-03-20 20:32:45.626425:2024-03-20 20:32:45.626364: Current epoch: 35, loss: 2.9089319705963135, validation loss: 2.4439821243286133
2024-03-20 20:32:45.917684:2024-03-20 20:32:45.917619: Current epoch: 36, loss: 3.0834078788757324, validation loss: 2.7405107021331787
2024-03-20 20:32:46.244698:2024-03-20 20:32:46.244646: Current epoch: 37, loss: 3.0459020137786865, validation loss: 2.561739444732666
2024-03-20 20:32:46.544174:2024-03-20 20:32:46.544130: Current epoch: 38, loss: 2.9760940074920654, validation loss: 2.8807806968688965
2024-03-20 20:32:47.031919:2024-03-20 20:32:47.031879: Current epoch: 39, loss: 3.053699254989624, validation loss: 2.461674928665161
2024-03-20 20:32:51.836001:2024-03-20 20:32:51.835957: Current epoch: 40, loss: 2.801900863647461, validation loss: 2.6287200450897217
2024-03-20 20:32:52.131077:2024-03-20 20:32:52.131029: Current epoch: 41, loss: 2.841876268386841, validation loss: 2.61078143119812
2024-03-20 20:32:52.495907:2024-03-20 20:32:52.495863: Current epoch: 42, loss: 3.0977022647857666, validation loss: 3.2672626972198486
2024-03-20 20:32:52.891243:2024-03-20 20:32:52.891164: Current epoch: 43, loss: 2.99705171585083, validation loss: 2.4810469150543213
2024-03-20 20:32:53.256271:2024-03-20 20:32:53.256207: Current epoch: 44, loss: 3.00996732711792, validation loss: 2.741783857345581
2024-03-20 20:32:53.607994:2024-03-20 20:32:53.607894: Current epoch: 45, loss: 2.9093611240386963, validation loss: 2.408113479614258
2024-03-20 20:32:53.911112:2024-03-20 20:32:53.911067: Current epoch: 46, loss: 2.8522088527679443, validation loss: 2.612067937850952
2024-03-20 20:32:54.310073:2024-03-20 20:32:54.310033: Current epoch: 47, loss: 2.9815335273742676, validation loss: 2.418891429901123
2024-03-20 20:32:54.626789:2024-03-20 20:32:54.626710: Current epoch: 48, loss: 2.9199514389038086, validation loss: 2.5294840335845947
2024-03-20 20:32:55.046234:2024-03-20 20:32:55.046172: Current epoch: 49, loss: 3.1800005435943604, validation loss: 3.199115753173828
2024-03-20 20:32:55.449148:2024-03-20 20:32:55.449099: Current epoch: 50, loss: 3.046872615814209, validation loss: 4.94196891784668
2024-03-20 20:32:55.664410:2024-03-20 20:32:55.664335: Current epoch: 51, loss: 3.4864189624786377, validation loss: 2.464242935180664
2024-03-20 20:32:56.034620:2024-03-20 20:32:56.034568: Current epoch: 52, loss: 3.015866756439209, validation loss: 2.568453550338745
2024-03-20 20:32:56.436495:2024-03-20 20:32:56.436446: Current epoch: 53, loss: 3.0643956661224365, validation loss: 3.0421574115753174
2024-03-20 20:32:56.827174:2024-03-20 20:32:56.827120: Current epoch: 54, loss: 3.1305222511291504, validation loss: 2.5291078090667725
2024-03-20 20:32:57.271205:2024-03-20 20:32:57.270861: Current epoch: 55, loss: 2.8857624530792236, validation loss: 2.4063823223114014
2024-03-20 20:32:57.555921:2024-03-20 20:32:57.555878: Current epoch: 56, loss: 2.8750486373901367, validation loss: 2.5146915912628174
2024-03-20 20:32:57.923878:2024-03-20 20:32:57.923823: Current epoch: 57, loss: 2.918020725250244, validation loss: 2.588956356048584
2024-03-20 20:32:58.279083:2024-03-20 20:32:58.279041: Current epoch: 58, loss: 2.868701457977295, validation loss: 3.166449785232544
2024-03-20 20:32:58.622289:2024-03-20 20:32:58.622222: Current epoch: 59, loss: 2.889847993850708, validation loss: 2.3476157188415527
2024-03-20 20:33:03.766656:2024-03-20 20:33:03.766545: Current epoch: 60, loss: 2.7513160705566406, validation loss: 2.4055092334747314
2024-03-20 20:33:04.168315:2024-03-20 20:33:04.168271: Current epoch: 61, loss: 2.7866733074188232, validation loss: 2.8211941719055176
2024-03-20 20:33:04.544451:2024-03-20 20:33:04.544407: Current epoch: 62, loss: 2.9452626705169678, validation loss: 2.451413154602051
2024-03-20 20:33:04.955120:2024-03-20 20:33:04.955075: Current epoch: 63, loss: 2.819152593612671, validation loss: 2.3978326320648193
2024-03-20 20:33:05.364516:2024-03-20 20:33:05.364469: Current epoch: 64, loss: 2.883573532104492, validation loss: 2.4775378704071045
2024-03-20 20:33:05.617699:2024-03-20 20:33:05.617651: Current epoch: 65, loss: 2.8964929580688477, validation loss: 2.7595481872558594
2024-03-20 20:33:05.941346:2024-03-20 20:33:05.941294: Current epoch: 66, loss: 2.860273838043213, validation loss: 2.475817918777466
2024-03-20 20:33:06.312950:2024-03-20 20:33:06.312891: Current epoch: 67, loss: 2.864506959915161, validation loss: 2.7537872791290283
2024-03-20 20:33:06.722802:2024-03-20 20:33:06.722751: Current epoch: 68, loss: 2.860326051712036, validation loss: 2.4631221294403076
2024-03-20 20:33:07.234108:2024-03-20 20:33:07.234068: Current epoch: 69, loss: 2.8712306022644043, validation loss: 2.6957271099090576
2024-03-20 20:33:07.629354:2024-03-20 20:33:07.629291: Current epoch: 70, loss: 2.9622414112091064, validation loss: 2.508903980255127
2024-03-20 20:33:08.002524:2024-03-20 20:33:08.002489: Current epoch: 71, loss: 2.9254257678985596, validation loss: 2.813141107559204
2024-03-20 20:33:08.374099:2024-03-20 20:33:08.374054: Current epoch: 72, loss: 3.1082701683044434, validation loss: 2.7129979133605957
2024-03-20 20:33:08.759404:2024-03-20 20:33:08.759281: Current epoch: 73, loss: 2.8521220684051514, validation loss: 2.44008469581604
2024-03-20 20:33:09.149361:2024-03-20 20:33:09.149319: Current epoch: 74, loss: 2.753929376602173, validation loss: 2.449291944503784
2024-03-20 20:33:09.614219:2024-03-20 20:33:09.614157: Current epoch: 75, loss: 2.6915862560272217, validation loss: 2.403717517852783
2024-03-20 20:33:09.953606:2024-03-20 20:33:09.953436: Current epoch: 76, loss: 2.832095146179199, validation loss: 2.837852716445923
2024-03-20 20:33:10.320656:2024-03-20 20:33:10.320610: Current epoch: 77, loss: 2.870075225830078, validation loss: 3.0299251079559326
2024-03-20 20:33:10.697229:2024-03-20 20:33:10.697185: Current epoch: 78, loss: 2.983833074569702, validation loss: 2.4050815105438232
2024-03-20 20:33:11.130200:2024-03-20 20:33:11.130126: Current epoch: 79, loss: 2.6901891231536865, validation loss: 2.299344301223755
2024-03-20 20:33:16.048913:2024-03-20 20:33:16.048806: Current epoch: 80, loss: 2.721463680267334, validation loss: 2.3464810848236084
2024-03-20 20:33:16.296091:2024-03-20 20:33:16.296048: Current epoch: 81, loss: 2.659930467605591, validation loss: 2.419247627258301
2024-03-20 20:33:16.581135:2024-03-20 20:33:16.581074: Current epoch: 82, loss: 2.733647108078003, validation loss: 2.710082530975342
2024-03-20 20:33:17.005332:2024-03-20 20:33:17.004873: Current epoch: 83, loss: 2.6403677463531494, validation loss: 2.2845239639282227
2024-03-20 20:33:17.257339:2024-03-20 20:33:17.257298: Current epoch: 84, loss: 2.677109718322754, validation loss: 2.5790600776672363
2024-03-20 20:33:17.604723:2024-03-20 20:33:17.604682: Current epoch: 85, loss: 2.6199135780334473, validation loss: 2.3680269718170166
2024-03-20 20:33:18.000357:2024-03-20 20:33:18.000306: Current epoch: 86, loss: 2.7190065383911133, validation loss: 2.431955575942993
2024-03-20 20:33:18.343043:2024-03-20 20:33:18.343007: Current epoch: 87, loss: 2.679689884185791, validation loss: 2.6684181690216064
2024-03-20 20:33:18.727224:2024-03-20 20:33:18.727158: Current epoch: 88, loss: 2.812244176864624, validation loss: 2.3683838844299316
2024-03-20 20:33:19.102154:2024-03-20 20:33:19.102092: Current epoch: 89, loss: 2.7762866020202637, validation loss: 2.6424832344055176
2024-03-20 20:33:19.303906:2024-03-20 20:33:19.303868: Current epoch: 90, loss: 2.9599337577819824, validation loss: 3.025054931640625
2024-03-20 20:33:19.660249:2024-03-20 20:33:19.660171: Current epoch: 91, loss: 2.800342082977295, validation loss: 2.7159576416015625
2024-03-20 20:33:20.039923:2024-03-20 20:33:20.039861: Current epoch: 92, loss: 2.782548666000366, validation loss: 2.438371419906616
2024-03-20 20:33:20.402361:2024-03-20 20:33:20.402303: Current epoch: 93, loss: 2.747598886489868, validation loss: 2.392047643661499
2024-03-20 20:33:20.751005:2024-03-20 20:33:20.750948: Current epoch: 94, loss: 2.9415104389190674, validation loss: 2.910137176513672
2024-03-20 20:33:20.964364:2024-03-20 20:33:20.964325: Current epoch: 95, loss: 2.7244818210601807, validation loss: 3.15543794631958
2024-03-20 20:33:21.285677:2024-03-20 20:33:21.285614: Current epoch: 96, loss: 2.7794106006622314, validation loss: 2.3977768421173096
2024-03-20 20:33:21.687645:2024-03-20 20:33:21.687571: Current epoch: 97, loss: 2.7962851524353027, validation loss: 2.638477325439453
2024-03-20 20:33:22.073982:2024-03-20 20:33:22.073867: Current epoch: 98, loss: 2.614100456237793, validation loss: 2.431882858276367
2024-03-20 20:33:22.535802:2024-03-20 20:33:22.535758: Current epoch: 99, loss: 2.6602954864501953, validation loss: 2.5348727703094482
2024-03-20 20:33:22.760165:2024-03-20 20:33:22.760125: Current epoch: 100, loss: 2.6247479915618896, validation loss: 2.3434805870056152
2024-03-20 20:33:22.988092:2024-03-20 20:33:22.988038: Current epoch: 101, loss: 2.666912794113159, validation loss: 2.315227508544922
2024-03-20 20:33:23.367582:2024-03-20 20:33:23.367529: Current epoch: 102, loss: 2.745682954788208, validation loss: 2.435655355453491
2024-03-20 20:33:23.754390:2024-03-20 20:33:23.754345: Current epoch: 103, loss: 2.7039785385131836, validation loss: 2.9775733947753906
2024-03-20 20:33:24.248911:2024-03-20 20:33:24.248872: Current epoch: 104, loss: 2.809736967086792, validation loss: 2.945425033569336
2024-03-20 20:33:24.478579:2024-03-20 20:33:24.478532: Current epoch: 105, loss: 2.72432279586792, validation loss: 2.7022290229797363
2024-03-20 20:33:24.770669:2024-03-20 20:33:24.770554: Current epoch: 106, loss: 2.638620615005493, validation loss: 2.277414083480835
2024-03-20 20:33:25.137771:2024-03-20 20:33:25.137708: Current epoch: 107, loss: 2.534268617630005, validation loss: 3.302509307861328
2024-03-20 20:33:25.455019:2024-03-20 20:33:25.454971: Current epoch: 108, loss: 2.925048828125, validation loss: 2.361846446990967
2024-03-20 20:33:26.037813:2024-03-20 20:33:26.037774: Current epoch: 109, loss: 2.685417890548706, validation loss: 2.2844247817993164
2024-03-20 20:33:31.308089:2024-03-20 20:33:31.308032: Current epoch: 110, loss: 2.5647923946380615, validation loss: 2.431244134902954
2024-03-20 20:33:31.639920:2024-03-20 20:33:31.639871: Current epoch: 111, loss: 2.8509604930877686, validation loss: 2.4005727767944336
2024-03-20 20:33:31.967041:2024-03-20 20:33:31.966977: Current epoch: 112, loss: 2.8114845752716064, validation loss: 2.652529716491699
2024-03-20 20:33:32.389026:2024-03-20 20:33:32.388867: Current epoch: 113, loss: 2.716867446899414, validation loss: 2.433037757873535
2024-03-20 20:33:32.754097:2024-03-20 20:33:32.754035: Current epoch: 114, loss: 2.728595018386841, validation loss: 2.4021944999694824
2024-03-20 20:33:33.128338:2024-03-20 20:33:33.128276: Current epoch: 115, loss: 2.6527915000915527, validation loss: 2.374549388885498
2024-03-20 20:33:33.468947:2024-03-20 20:33:33.468913: Current epoch: 116, loss: 2.505312204360962, validation loss: 2.3444035053253174
2024-03-20 20:33:33.784056:2024-03-20 20:33:33.784017: Current epoch: 117, loss: 2.7089977264404297, validation loss: 2.380115032196045
2024-03-20 20:33:34.151505:2024-03-20 20:33:34.151431: Current epoch: 118, loss: 2.539212703704834, validation loss: 2.393594264984131
2024-03-20 20:33:34.497202:2024-03-20 20:33:34.497133: Current epoch: 119, loss: 2.4781250953674316, validation loss: 2.4518489837646484
2024-03-20 20:33:34.690112:2024-03-20 20:33:34.690065: Current epoch: 120, loss: 2.847043752670288, validation loss: 2.4286389350891113
2024-03-20 20:33:34.948869:2024-03-20 20:33:34.948802: Current epoch: 121, loss: 2.8954873085021973, validation loss: 2.5057897567749023
2024-03-20 20:33:35.280628:2024-03-20 20:33:35.280569: Current epoch: 122, loss: 2.889238119125366, validation loss: 2.4680097103118896
2024-03-20 20:33:35.649006:2024-03-20 20:33:35.648939: Current epoch: 123, loss: 2.5402843952178955, validation loss: 2.458458662033081
2024-03-20 20:33:36.034428:2024-03-20 20:33:36.034383: Current epoch: 124, loss: 2.5056238174438477, validation loss: 2.4998416900634766
2024-03-20 20:33:36.439464:2024-03-20 20:33:36.439395: Current epoch: 125, loss: 2.6992859840393066, validation loss: 2.3761699199676514
2024-03-20 20:33:36.737901:2024-03-20 20:33:36.737782: Current epoch: 126, loss: 2.3895232677459717, validation loss: 2.383532762527466
2024-03-20 20:33:36.995829:2024-03-20 20:33:36.995765: Current epoch: 127, loss: 2.6061713695526123, validation loss: 2.4009103775024414
2024-03-20 20:33:37.365505:2024-03-20 20:33:37.365468: Current epoch: 128, loss: 2.696373462677002, validation loss: 2.359574317932129
2024-03-20 20:33:37.722248:2024-03-20 20:33:37.722192: Current epoch: 129, loss: 2.4797332286834717, validation loss: 2.5008623600006104
2024-03-20 20:33:38.116353:2024-03-20 20:33:38.116289: Current epoch: 130, loss: 2.6275758743286133, validation loss: 2.2641921043395996
2024-03-20 20:33:38.476836:2024-03-20 20:33:38.476770: Current epoch: 131, loss: 2.442643165588379, validation loss: 2.6740787029266357
2024-03-20 20:33:38.792632:2024-03-20 20:33:38.792588: Current epoch: 132, loss: 2.587421417236328, validation loss: 2.455570697784424
2024-03-20 20:33:39.088567:2024-03-20 20:33:39.088528: Current epoch: 133, loss: 2.553715229034424, validation loss: 2.5319409370422363
2024-03-20 20:33:39.465508:2024-03-20 20:33:39.465423: Current epoch: 134, loss: 2.669858455657959, validation loss: 2.6213715076446533
2024-03-20 20:33:39.842340:2024-03-20 20:33:39.842286: Current epoch: 135, loss: 2.6740150451660156, validation loss: 2.741431951522827
2024-03-20 20:33:40.203923:2024-03-20 20:33:40.203862: Current epoch: 136, loss: 2.5956597328186035, validation loss: 2.613415241241455
2024-03-20 20:33:40.492861:2024-03-20 20:33:40.492821: Current epoch: 137, loss: 2.592650890350342, validation loss: 2.435715913772583
2024-03-20 20:33:41.013799:2024-03-20 20:33:41.013747: Current epoch: 138, loss: 2.6115241050720215, validation loss: 2.4772565364837646
2024-03-20 20:33:41.402596:2024-03-20 20:33:41.402551: Current epoch: 139, loss: 2.578613758087158, validation loss: 2.5401124954223633
2024-03-20 20:33:41.816554:2024-03-20 20:33:41.816439: Current epoch: 140, loss: 2.8213911056518555, validation loss: 2.3689732551574707
2024-03-20 20:33:42.155407:2024-03-20 20:33:42.155359: Current epoch: 141, loss: 2.558353900909424, validation loss: 2.4044411182403564
2024-03-20 20:33:42.611142:2024-03-20 20:33:42.611101: Current epoch: 142, loss: 2.6252002716064453, validation loss: 2.4295194149017334
2024-03-20 20:33:42.984559:2024-03-20 20:33:42.984516: Current epoch: 143, loss: 2.6346168518066406, validation loss: 2.6859967708587646
2024-03-20 20:33:43.298438:2024-03-20 20:33:43.298397: Current epoch: 144, loss: 2.4471755027770996, validation loss: 2.3102147579193115
2024-03-20 20:33:43.623412:2024-03-20 20:33:43.623315: Current epoch: 145, loss: 2.3820958137512207, validation loss: 2.425631523132324
2024-03-20 20:33:43.886326:2024-03-20 20:33:43.886138: Current epoch: 146, loss: 2.390683650970459, validation loss: 3.0036990642547607
2024-03-20 20:33:44.206162:2024-03-20 20:33:44.206119: Current epoch: 147, loss: 2.844850778579712, validation loss: 2.6980645656585693
2024-03-20 20:33:44.539780:2024-03-20 20:33:44.539715: Current epoch: 148, loss: 2.5925910472869873, validation loss: 2.419203281402588
2024-03-20 20:33:44.951960:2024-03-20 20:33:44.951910: Current epoch: 149, loss: 2.5915756225585938, validation loss: 2.931806802749634
2024-03-20 20:33:45.437964:2024-03-20 20:33:45.437491: Current epoch: 150, loss: 2.6327571868896484, validation loss: 2.2385826110839844
2024-03-20 20:33:45.760352:2024-03-20 20:33:45.760313: Current epoch: 151, loss: 2.372035026550293, validation loss: 2.3852169513702393
2024-03-20 20:33:46.133160:2024-03-20 20:33:46.133092: Current epoch: 152, loss: 2.363943099975586, validation loss: 2.336188554763794
2024-03-20 20:33:46.519918:2024-03-20 20:33:46.519875: Current epoch: 153, loss: 2.4016520977020264, validation loss: 2.5277347564697266
2024-03-20 20:33:46.889313:2024-03-20 20:33:46.889259: Current epoch: 154, loss: 2.5165722370147705, validation loss: 2.494248867034912
2024-03-20 20:33:47.298517:2024-03-20 20:33:47.298476: Current epoch: 155, loss: 2.6473934650421143, validation loss: 2.6806657314300537
2024-03-20 20:33:47.585612:2024-03-20 20:33:47.585508: Current epoch: 156, loss: 2.43717360496521, validation loss: 2.568148612976074
2024-03-20 20:33:47.952726:2024-03-20 20:33:47.952683: Current epoch: 157, loss: 2.7675366401672363, validation loss: 2.431884765625
2024-03-20 20:33:48.332155:2024-03-20 20:33:48.332094: Current epoch: 158, loss: 2.521376609802246, validation loss: 2.3510937690734863
2024-03-20 20:33:48.739195:2024-03-20 20:33:48.739129: Current epoch: 159, loss: 2.5766093730926514, validation loss: 2.4927895069122314
2024-03-20 20:33:49.160232:2024-03-20 20:33:49.160188: Current epoch: 160, loss: 2.839693069458008, validation loss: 2.4292080402374268
2024-03-20 20:33:49.431107:2024-03-20 20:33:49.431049: Current epoch: 161, loss: 2.634486436843872, validation loss: 2.3843419551849365
2024-03-20 20:33:49.822668:2024-03-20 20:33:49.822603: Current epoch: 162, loss: 2.4807746410369873, validation loss: 2.371910810470581
2024-03-20 20:33:50.092293:2024-03-20 20:33:50.092240: Current epoch: 163, loss: 2.5918707847595215, validation loss: 2.592122793197632
2024-03-20 20:33:50.482895:2024-03-20 20:33:50.482843: Current epoch: 164, loss: 2.5404117107391357, validation loss: 2.5082271099090576
2024-03-20 20:33:50.842566:2024-03-20 20:33:50.842527: Current epoch: 165, loss: 2.513343334197998, validation loss: 2.560850143432617
2024-03-20 20:33:51.102844:2024-03-20 20:33:51.102783: Current epoch: 166, loss: 2.35776948928833, validation loss: 2.328702926635742
2024-03-20 20:33:51.622785:2024-03-20 20:33:51.622749: Current epoch: 167, loss: 2.420151948928833, validation loss: 2.786970376968384
2024-03-20 20:33:51.891965:2024-03-20 20:33:51.891918: Current epoch: 168, loss: 2.49253249168396, validation loss: 2.7087862491607666
2024-03-20 20:33:52.280199:2024-03-20 20:33:52.280141: Current epoch: 169, loss: 2.37172532081604, validation loss: 2.2773590087890625
2024-03-20 20:33:57.015413:2024-03-20 20:33:57.015362: Current epoch: 170, loss: 2.6698477268218994, validation loss: 2.2531604766845703
2024-03-20 20:33:57.392712:2024-03-20 20:33:57.392657: Current epoch: 171, loss: 2.75187349319458, validation loss: 2.493048667907715
2024-03-20 20:33:57.750599:2024-03-20 20:33:57.750551: Current epoch: 172, loss: 2.5823585987091064, validation loss: 2.88582444190979
2024-03-20 20:33:58.011267:2024-03-20 20:33:58.011222: Current epoch: 173, loss: 2.9672272205352783, validation loss: 2.4008302688598633
2024-03-20 20:33:58.201044:2024-03-20 20:33:58.201008: Current epoch: 174, loss: 2.8002007007598877, validation loss: 2.397221326828003
2024-03-20 20:33:58.546412:2024-03-20 20:33:58.546347: Current epoch: 175, loss: 2.7934625148773193, validation loss: 2.356161117553711
2024-03-20 20:33:58.906692:2024-03-20 20:33:58.906630: Current epoch: 176, loss: 2.618915319442749, validation loss: 2.4480574131011963
2024-03-20 20:33:59.265221:2024-03-20 20:33:59.265183: Current epoch: 177, loss: 2.3450376987457275, validation loss: 2.370182752609253
2024-03-20 20:33:59.636091:2024-03-20 20:33:59.636047: Current epoch: 178, loss: 2.284667730331421, validation loss: 2.3337297439575195
2024-03-20 20:33:59.942288:2024-03-20 20:33:59.942225: Current epoch: 179, loss: 2.361384868621826, validation loss: 2.3851232528686523
2024-03-20 20:34:00.246663:2024-03-20 20:34:00.246392: Current epoch: 180, loss: 2.198554515838623, validation loss: 2.1768219470977783
2024-03-20 20:34:00.544250:2024-03-20 20:34:00.544200: Current epoch: 181, loss: 2.31671142578125, validation loss: 2.4626946449279785
2024-03-20 20:34:00.919132:2024-03-20 20:34:00.919083: Current epoch: 182, loss: 2.253875255584717, validation loss: 2.457667589187622
2024-03-20 20:34:01.268302:2024-03-20 20:34:01.268253: Current epoch: 183, loss: 2.32463002204895, validation loss: 2.3491594791412354
2024-03-20 20:34:01.638709:2024-03-20 20:34:01.638644: Current epoch: 184, loss: 2.223651885986328, validation loss: 2.451281785964966
2024-03-20 20:34:01.933016:2024-03-20 20:34:01.932812: Current epoch: 185, loss: 2.439973831176758, validation loss: 2.494691848754883
2024-03-20 20:34:02.252972:2024-03-20 20:34:02.252916: Current epoch: 186, loss: 2.27223539352417, validation loss: 2.3057315349578857
2024-03-20 20:34:02.606862:2024-03-20 20:34:02.606788: Current epoch: 187, loss: 2.651181936264038, validation loss: 2.4340767860412598
2024-03-20 20:34:03.004916:2024-03-20 20:34:03.004871: Current epoch: 188, loss: 2.330490827560425, validation loss: 2.3108620643615723
2024-03-20 20:34:03.429891:2024-03-20 20:34:03.429853: Current epoch: 189, loss: 2.1938352584838867, validation loss: 2.4560883045196533
2024-03-20 20:34:03.747864:2024-03-20 20:34:03.747803: Current epoch: 190, loss: 2.226691722869873, validation loss: 2.547126531600952
2024-03-20 20:34:04.035776:2024-03-20 20:34:04.035716: Current epoch: 191, loss: 2.7115821838378906, validation loss: 3.2411530017852783
2024-03-20 20:34:04.418446:2024-03-20 20:34:04.418393: Current epoch: 192, loss: 2.7282960414886475, validation loss: 2.5006895065307617
2024-03-20 20:34:04.787885:2024-03-20 20:34:04.787767: Current epoch: 193, loss: 2.432499647140503, validation loss: 2.9467039108276367
2024-03-20 20:34:05.080642:2024-03-20 20:34:05.080577: Current epoch: 194, loss: 2.344533920288086, validation loss: 2.3642637729644775
2024-03-20 20:34:05.519716:2024-03-20 20:34:05.519671: Current epoch: 195, loss: 2.319363594055176, validation loss: 2.2846314907073975
2024-03-20 20:34:05.835835:2024-03-20 20:34:05.835784: Current epoch: 196, loss: 2.2177481651306152, validation loss: 2.5372042655944824
2024-03-20 20:34:06.212071:2024-03-20 20:34:06.212019: Current epoch: 197, loss: 2.3437740802764893, validation loss: 2.26605486869812
2024-03-20 20:34:06.513470:2024-03-20 20:34:06.513413: Current epoch: 198, loss: 2.4268245697021484, validation loss: 2.4604806900024414
2024-03-20 20:34:06.999673:2024-03-20 20:34:06.999636: Current epoch: 199, loss: 2.2892842292785645, validation loss: 2.561643600463867
2024-03-20 20:34:07.362288:2024-03-20 20:34:07.362224: Current epoch: 200, loss: 2.0678505897521973, validation loss: 2.3146579265594482
2024-03-20 20:34:07.696602:2024-03-20 20:34:07.696547: Current epoch: 201, loss: 2.1800146102905273, validation loss: 2.252687454223633
2024-03-20 20:34:07.988608:2024-03-20 20:34:07.988557: Current epoch: 202, loss: 2.133786201477051, validation loss: 3.031054735183716
2024-03-20 20:34:08.355585:2024-03-20 20:34:08.355526: Current epoch: 203, loss: 2.0984692573547363, validation loss: 2.6884171962738037
2024-03-20 20:34:08.887169:2024-03-20 20:34:08.887113: Current epoch: 204, loss: 2.1216132640838623, validation loss: 2.7050139904022217
2024-03-20 20:34:09.203389:2024-03-20 20:34:09.203333: Current epoch: 205, loss: 2.025446891784668, validation loss: 2.3565566539764404
2024-03-20 20:34:09.568513:2024-03-20 20:34:09.568435: Current epoch: 206, loss: 1.9815666675567627, validation loss: 2.2455790042877197
2024-03-20 20:34:09.899322:2024-03-20 20:34:09.899268: Current epoch: 207, loss: 2.081609010696411, validation loss: 2.4959192276000977
2024-03-20 20:34:10.154556:2024-03-20 20:34:10.154363: Current epoch: 208, loss: 2.0847270488739014, validation loss: 2.490746259689331
2024-03-20 20:34:10.474323:2024-03-20 20:34:10.474254: Current epoch: 209, loss: 1.9290087223052979, validation loss: 2.245845079421997
2024-03-20 20:34:15.005141:2024-03-20 20:34:15.005068: Current epoch: 210, loss: 2.043938398361206, validation loss: 2.49959397315979
2024-03-20 20:34:15.327804:2024-03-20 20:34:15.327739: Current epoch: 211, loss: 2.1144816875457764, validation loss: 2.322608709335327
2024-03-20 20:34:15.689040:2024-03-20 20:34:15.688979: Current epoch: 212, loss: 2.032801628112793, validation loss: 2.2719216346740723
2024-03-20 20:34:16.021609:2024-03-20 20:34:16.021560: Current epoch: 213, loss: 1.9638707637786865, validation loss: 2.4589507579803467
2024-03-20 20:34:16.328308:2024-03-20 20:34:16.328238: Current epoch: 214, loss: 1.9540034532546997, validation loss: 2.517258882522583
2024-03-20 20:34:16.609583:2024-03-20 20:34:16.609519: Current epoch: 215, loss: 1.9595698118209839, validation loss: 2.526784896850586
2024-03-20 20:34:17.039190:2024-03-20 20:34:17.039127: Current epoch: 216, loss: 2.113353729248047, validation loss: 2.4273695945739746
2024-03-20 20:34:17.384697:2024-03-20 20:34:17.384656: Current epoch: 217, loss: 1.9946973323822021, validation loss: 2.53440260887146
2024-03-20 20:34:17.736726:2024-03-20 20:34:17.736663: Current epoch: 218, loss: 1.8744454383850098, validation loss: 2.599119186401367
2024-03-20 20:34:18.099960:2024-03-20 20:34:18.099894: Current epoch: 219, loss: 1.8807851076126099, validation loss: 2.6522421836853027
2024-03-20 20:34:18.412004:2024-03-20 20:34:18.411963: Current epoch: 220, loss: 2.10105562210083, validation loss: 2.300632953643799
2024-03-20 20:34:18.614963:2024-03-20 20:34:18.614921: Current epoch: 221, loss: 2.0692405700683594, validation loss: 2.499918222427368
2024-03-20 20:34:18.991026:2024-03-20 20:34:18.990984: Current epoch: 222, loss: 2.079364776611328, validation loss: 2.4606881141662598
2024-03-20 20:34:19.249599:2024-03-20 20:34:19.249560: Current epoch: 223, loss: 2.035142183303833, validation loss: 2.3268840312957764
2024-03-20 20:34:19.562362:2024-03-20 20:34:19.562292: Current epoch: 224, loss: 1.9174602031707764, validation loss: 2.1700258255004883
2024-03-20 20:34:19.932273:2024-03-20 20:34:19.932220: Current epoch: 225, loss: 1.878363847732544, validation loss: 2.4371659755706787
2024-03-20 20:34:20.286658:2024-03-20 20:34:20.286603: Current epoch: 226, loss: 1.9318102598190308, validation loss: 2.781937599182129
2024-03-20 20:34:20.553695:2024-03-20 20:34:20.553658: Current epoch: 227, loss: 2.0034117698669434, validation loss: 2.4757020473480225
2024-03-20 20:34:20.909492:2024-03-20 20:34:20.909429: Current epoch: 228, loss: 1.7515488862991333, validation loss: 2.343623638153076
2024-03-20 20:34:21.280356:2024-03-20 20:34:21.280257: Current epoch: 229, loss: 1.981855869293213, validation loss: 2.4186885356903076
2024-03-20 20:34:21.679523:2024-03-20 20:34:21.679469: Current epoch: 230, loss: 1.8506622314453125, validation loss: 2.50589919090271
2024-03-20 20:34:22.015199:2024-03-20 20:34:22.015159: Current epoch: 231, loss: 2.0531039237976074, validation loss: 2.4865927696228027
2024-03-20 20:34:22.306251:2024-03-20 20:34:22.306184: Current epoch: 232, loss: 2.041086196899414, validation loss: 2.397329330444336
2024-03-20 20:34:22.708307:2024-03-20 20:34:22.708237: Current epoch: 233, loss: 2.114961624145508, validation loss: 3.238985776901245
2024-03-20 20:34:23.116995:2024-03-20 20:34:23.116943: Current epoch: 234, loss: 2.0676355361938477, validation loss: 2.3377459049224854
2024-03-20 20:34:23.404478:2024-03-20 20:34:23.404399: Current epoch: 235, loss: 1.6763359308242798, validation loss: 2.6013927459716797
2024-03-20 20:34:23.775608:2024-03-20 20:34:23.775555: Current epoch: 236, loss: 1.7040842771530151, validation loss: 2.362140655517578
2024-03-20 20:34:24.125649:2024-03-20 20:34:24.125611: Current epoch: 237, loss: 1.8379753828048706, validation loss: 2.3705050945281982
2024-03-20 20:34:24.359240:2024-03-20 20:34:24.359193: Current epoch: 238, loss: 1.8308351039886475, validation loss: 2.3886778354644775
2024-03-20 20:34:24.676271:2024-03-20 20:34:24.676207: Current epoch: 239, loss: 1.9006620645523071, validation loss: 2.5767931938171387
2024-03-20 20:34:24.985251:2024-03-20 20:34:24.985185: Current epoch: 240, loss: 1.8542330265045166, validation loss: 2.315260171890259
2024-03-20 20:34:25.198585:2024-03-20 20:34:25.198480: Current epoch: 241, loss: 1.957676887512207, validation loss: 2.4934418201446533
2024-03-20 20:34:25.531757:2024-03-20 20:34:25.531699: Current epoch: 242, loss: 2.0652287006378174, validation loss: 2.438249349594116
2024-03-20 20:34:25.919451:2024-03-20 20:34:25.919398: Current epoch: 243, loss: 1.7896620035171509, validation loss: 2.348081588745117
2024-03-20 20:34:26.219036:2024-03-20 20:34:26.218991: Current epoch: 244, loss: 1.9015275239944458, validation loss: 2.7232666015625
2024-03-20 20:34:26.524662:2024-03-20 20:34:26.524599: Current epoch: 245, loss: 1.862086534500122, validation loss: 2.8136236667633057
2024-03-20 20:34:26.795184:2024-03-20 20:34:26.795124: Current epoch: 246, loss: 1.7027350664138794, validation loss: 2.255044937133789
2024-03-20 20:34:27.293285:2024-03-20 20:34:27.293241: Current epoch: 247, loss: 1.6938930749893188, validation loss: 2.2510807514190674
2024-03-20 20:34:27.626909:2024-03-20 20:34:27.626829: Current epoch: 248, loss: 1.6678506135940552, validation loss: 2.538555860519409
2024-03-20 20:34:28.004332:2024-03-20 20:34:28.004286: Current epoch: 249, loss: 1.8808562755584717, validation loss: 2.35469126701355
2024-03-20 20:34:28.356841:2024-03-20 20:34:28.356770: Current epoch: 250, loss: 1.6742063760757446, validation loss: 2.76050066947937
2024-03-20 20:34:28.607416:2024-03-20 20:34:28.607355: Current epoch: 251, loss: 1.5699764490127563, validation loss: 2.4627161026000977
2024-03-20 20:34:28.897909:2024-03-20 20:34:28.897838: Current epoch: 252, loss: 1.7338041067123413, validation loss: 2.4140472412109375
2024-03-20 20:34:29.334016:2024-03-20 20:34:29.333977: Current epoch: 253, loss: 1.6081194877624512, validation loss: 2.4698588848114014
2024-03-20 20:34:29.602864:2024-03-20 20:34:29.602813: Current epoch: 254, loss: 1.4797054529190063, validation loss: 2.604240894317627
2024-03-20 20:34:29.960511:2024-03-20 20:34:29.960445: Current epoch: 255, loss: 1.479382872581482, validation loss: 2.310502052307129
2024-03-20 20:34:30.319730:2024-03-20 20:34:30.319681: Current epoch: 256, loss: 1.4846327304840088, validation loss: 2.447399854660034
2024-03-20 20:34:30.601729:2024-03-20 20:34:30.601670: Current epoch: 257, loss: 1.3936654329299927, validation loss: 2.5833253860473633
2024-03-20 20:34:30.824198:2024-03-20 20:34:30.824130: Current epoch: 258, loss: 1.5316033363342285, validation loss: 2.538022041320801
2024-03-20 20:34:31.184288:2024-03-20 20:34:31.184229: Current epoch: 259, loss: 1.4784507751464844, validation loss: 2.628790855407715
2024-03-20 20:34:31.434702:2024-03-20 20:34:31.434644: Current epoch: 260, loss: 1.5543626546859741, validation loss: 2.448075532913208
2024-03-20 20:34:31.759644:2024-03-20 20:34:31.759599: Current epoch: 261, loss: 1.6218175888061523, validation loss: 2.52205491065979
2024-03-20 20:34:32.119128:2024-03-20 20:34:32.119061: Current epoch: 262, loss: 1.553985357284546, validation loss: 2.4101996421813965
2024-03-20 20:34:32.451118:2024-03-20 20:34:32.451076: Current epoch: 263, loss: 1.711733102798462, validation loss: 2.688713788986206
2024-03-20 20:34:32.761234:2024-03-20 20:34:32.761170: Current epoch: 264, loss: 1.7229481935501099, validation loss: 2.7480971813201904
2024-03-20 20:34:33.080849:2024-03-20 20:34:33.080803: Current epoch: 265, loss: 1.593630075454712, validation loss: 2.6163439750671387
2024-03-20 20:34:33.453679:2024-03-20 20:34:33.453632: Current epoch: 266, loss: 1.6800971031188965, validation loss: 2.664246082305908
2024-03-20 20:34:33.849719:2024-03-20 20:34:33.849661: Current epoch: 267, loss: 1.7789454460144043, validation loss: 2.5806896686553955
2024-03-20 20:34:34.213751:2024-03-20 20:34:34.213712: Current epoch: 268, loss: 1.9017430543899536, validation loss: 2.677497625350952
2024-03-20 20:34:34.415008:2024-03-20 20:34:34.414972: Current epoch: 269, loss: 1.5979863405227661, validation loss: 2.398656129837036
2024-03-20 20:34:34.715412:2024-03-20 20:34:34.715289: Current epoch: 270, loss: 1.4835220575332642, validation loss: 2.393887996673584
2024-03-20 20:34:35.148183:2024-03-20 20:34:35.148125: Current epoch: 271, loss: 1.4169772863388062, validation loss: 2.6194984912872314
2024-03-20 20:34:35.459015:2024-03-20 20:34:35.458967: Current epoch: 272, loss: 1.4572422504425049, validation loss: 3.026512861251831
2024-03-20 20:34:36.064923:2024-03-20 20:34:36.064858: Current epoch: 273, loss: 1.558226227760315, validation loss: 2.49363112449646
2024-03-20 20:34:36.388023:2024-03-20 20:34:36.387964: Current epoch: 274, loss: 1.3531566858291626, validation loss: 2.424014091491699
2024-03-20 20:34:36.763649:2024-03-20 20:34:36.763604: Current epoch: 275, loss: 1.3600294589996338, validation loss: 2.49530029296875
2024-03-20 20:34:37.123562:2024-03-20 20:34:37.123523: Current epoch: 276, loss: 1.3950448036193848, validation loss: 2.3122730255126953
2024-03-20 20:34:37.361019:2024-03-20 20:34:37.360974: Current epoch: 277, loss: 1.3557597398757935, validation loss: 2.5005247592926025
2024-03-20 20:34:37.827415:2024-03-20 20:34:37.827349: Current epoch: 278, loss: 1.4894208908081055, validation loss: 2.842827558517456
2024-03-20 20:34:38.094507:2024-03-20 20:34:38.094383: Current epoch: 279, loss: 1.3781485557556152, validation loss: 2.5008363723754883
2024-03-20 20:34:38.420079:2024-03-20 20:34:38.420031: Current epoch: 280, loss: 1.2965478897094727, validation loss: 2.4632318019866943
2024-03-20 20:34:38.783008:2024-03-20 20:34:38.782968: Current epoch: 281, loss: 1.290766716003418, validation loss: 2.47642183303833
2024-03-20 20:34:39.174864:2024-03-20 20:34:39.174826: Current epoch: 282, loss: 1.2339099645614624, validation loss: 2.4840598106384277
2024-03-20 20:34:39.758476:2024-03-20 20:34:39.758428: Current epoch: 283, loss: 1.2259764671325684, validation loss: 2.5760059356689453
2024-03-20 20:34:39.989520:2024-03-20 20:34:39.989483: Current epoch: 284, loss: 1.1831456422805786, validation loss: 2.3836658000946045
2024-03-20 20:34:40.344112:2024-03-20 20:34:40.344049: Current epoch: 285, loss: 1.2471787929534912, validation loss: 2.4362270832061768
2024-03-20 20:34:40.745392:2024-03-20 20:34:40.745285: Current epoch: 286, loss: 1.346006989479065, validation loss: 2.6686816215515137
2024-03-20 20:34:41.108785:2024-03-20 20:34:41.108712: Current epoch: 287, loss: 1.2757420539855957, validation loss: 2.5685505867004395
2024-03-20 20:34:41.388022:2024-03-20 20:34:41.387954: Current epoch: 288, loss: 1.3624993562698364, validation loss: 2.6305911540985107
2024-03-20 20:34:41.706218:2024-03-20 20:34:41.706154: Current epoch: 289, loss: 1.481666088104248, validation loss: 2.5581719875335693
2024-03-20 20:34:41.953346:2024-03-20 20:34:41.953307: Current epoch: 290, loss: 1.4835625886917114, validation loss: 2.7258005142211914
2024-03-20 20:34:42.335160:2024-03-20 20:34:42.335102: Current epoch: 291, loss: 1.668826699256897, validation loss: 2.4193711280822754
2024-03-20 20:34:42.742870:2024-03-20 20:34:42.742817: Current epoch: 292, loss: 1.5511929988861084, validation loss: 2.3977386951446533
2024-03-20 20:34:43.044348:2024-03-20 20:34:43.044278: Current epoch: 293, loss: 1.465512990951538, validation loss: 2.355480670928955
2024-03-20 20:34:43.322223:2024-03-20 20:34:43.322160: Current epoch: 294, loss: 1.2020930051803589, validation loss: 3.0970678329467773
2024-03-20 20:34:43.687328:2024-03-20 20:34:43.687249: Current epoch: 295, loss: 1.4322052001953125, validation loss: 2.4238088130950928
2024-03-20 20:34:43.926133:2024-03-20 20:34:43.926087: Current epoch: 296, loss: 1.2797342538833618, validation loss: 2.453317880630493
2024-03-20 20:34:44.269287:2024-03-20 20:34:44.269223: Current epoch: 297, loss: 1.219462275505066, validation loss: 2.5110392570495605
2024-03-20 20:34:44.608169:2024-03-20 20:34:44.608130: Current epoch: 298, loss: 1.1495054960250854, validation loss: 2.550020933151245
2024-03-20 20:34:44.935391:2024-03-20 20:34:44.935334: Current epoch: 299, loss: 1.0706610679626465, validation loss: 2.285688638687134
2024-03-20 20:34:45.322902:2024-03-20 20:34:45.322863: Current epoch: 300, loss: 1.1074484586715698, validation loss: 2.3846399784088135
2024-03-20 20:34:45.549601:2024-03-20 20:34:45.549548: Current epoch: 301, loss: 1.215087890625, validation loss: 2.8175148963928223
2024-03-20 20:34:45.918731:2024-03-20 20:34:45.918652: Current epoch: 302, loss: 1.4491170644760132, validation loss: 2.7930073738098145
2024-03-20 20:34:46.311183:2024-03-20 20:34:46.311118: Current epoch: 303, loss: 1.1763243675231934, validation loss: 2.6307239532470703
2024-03-20 20:34:46.668387:2024-03-20 20:34:46.668328: Current epoch: 304, loss: 1.1581168174743652, validation loss: 2.574735164642334
2024-03-20 20:34:46.956836:2024-03-20 20:34:46.956795: Current epoch: 305, loss: 1.104240894317627, validation loss: 2.553079605102539
2024-03-20 20:34:47.239882:2024-03-20 20:34:47.239842: Current epoch: 306, loss: 1.142792820930481, validation loss: 2.6004180908203125
2024-03-20 20:34:47.487920:2024-03-20 20:34:47.487876: Current epoch: 307, loss: 1.1263619661331177, validation loss: 2.6239523887634277
2024-03-20 20:34:47.850504:2024-03-20 20:34:47.850465: Current epoch: 308, loss: 1.210363507270813, validation loss: 2.679405927658081
2024-03-20 20:34:48.206602:2024-03-20 20:34:48.206521: Current epoch: 309, loss: 1.204243779182434, validation loss: 2.4713258743286133
2024-03-20 20:34:48.551898:2024-03-20 20:34:48.551835: Current epoch: 310, loss: 1.1084294319152832, validation loss: 2.6901066303253174
2024-03-20 20:34:49.218425:2024-03-20 20:34:49.218385: Current epoch: 311, loss: 1.1480101346969604, validation loss: 2.5031168460845947
2024-03-20 20:34:49.510148:2024-03-20 20:34:49.510097: Current epoch: 312, loss: 1.0545196533203125, validation loss: 2.5549681186676025
2024-03-20 20:34:49.855892:2024-03-20 20:34:49.855829: Current epoch: 313, loss: 1.0192185640335083, validation loss: 2.616623878479004
2024-03-20 20:34:50.200047:2024-03-20 20:34:50.200007: Current epoch: 314, loss: 0.9575969576835632, validation loss: 2.5273547172546387
2024-03-20 20:34:50.521218:2024-03-20 20:34:50.521154: Current epoch: 315, loss: 1.1244348287582397, validation loss: 2.5018258094787598
2024-03-20 20:34:50.841251:2024-03-20 20:34:50.841185: Current epoch: 316, loss: 1.1274222135543823, validation loss: 2.6509623527526855
2024-03-20 20:34:51.230898:2024-03-20 20:34:51.230858: Current epoch: 317, loss: 1.122497320175171, validation loss: 2.412775754928589
2024-03-20 20:34:51.579829:2024-03-20 20:34:51.579766: Current epoch: 318, loss: 0.9828743934631348, validation loss: 2.5759501457214355
2024-03-20 20:34:51.966665:2024-03-20 20:34:51.966599: Current epoch: 319, loss: 1.0305304527282715, validation loss: 2.6185312271118164
2024-03-20 20:34:52.286346:2024-03-20 20:34:52.286312: Current epoch: 320, loss: 0.8375051617622375, validation loss: 2.5398807525634766
2024-03-20 20:34:52.755299:2024-03-20 20:34:52.755228: Current epoch: 321, loss: 1.1529052257537842, validation loss: 2.502000570297241
2024-03-20 20:34:53.027040:2024-03-20 20:34:53.026990: Current epoch: 322, loss: 1.0278825759887695, validation loss: 2.4557547569274902
2024-03-20 20:34:53.357373:2024-03-20 20:34:53.357329: Current epoch: 323, loss: 0.9128270745277405, validation loss: 2.546356201171875
2024-03-20 20:34:53.795694:2024-03-20 20:34:53.795606: Current epoch: 324, loss: 1.1102029085159302, validation loss: 2.5983662605285645
2024-03-20 20:34:53.937620:the test error is  [2.4592576026916504, 2.4592576026916504]
2024-03-20 20:34:58.677206:saved model to sample/bert-base-uncased_chemnlp_prop_Tc_supercon
2024-03-20 20:34:58.970659:done