
2024-04-10 01:44:50.240725:job config: {'train_data_path': '/data/yll6162/alignntl_dft_3d/tl_dataset/dataset_bert-base-uncased_chemnlp_prop_slme_train.csv', 'val_data_path': '/data/yll6162/alignntl_dft_3d/tl_dataset/dataset_bert-base-uncased_chemnlp_prop_slme_val.csv', 'test_data_path': '/data/yll6162/alignntl_dft_3d/tl_dataset/dataset_bert-base-uncased_chemnlp_prop_slme_test.csv', 'label': 'slme', 'input_type': None, 'log_folder': 'log', 'log_file': 'bert-base-uncased_chemnlp_prop_slme.log', 'test_metric': 'mae', 'architecture': '1024Rx4D-512Rx3D-256Rx3D-128Rx3D-64Rx2-32Rx1-1', 'model_seed': 0, 'loss_type': 'mae', 'config_file': 'sample/bert-base-uncased_chemnlp_prop_slme_job.config', 'use_valid': True, 'project': 'MOF', 'regressors': None, 'input_types': None, 'paramsGrid': {'optimizer': 'Adam', 'learning_rate': 0.0001, 'patience': 100, 'dropouts': [0.8, 0.9, 0.7, 0.8], 'EVAL_FREQUENCY': 1000}, 'save_path': 'sample/bert-base-uncased_chemnlp_prop_slme', 'model_path': None, 'last_layer_with_weight': True, 'keras_path': 'model/bert-base-uncased_chemnlp_prop_slme', 'test_size': None, 'val_size': None}
2024-04-10 01:44:50.240785:train data path is  /data/yll6162/alignntl_dft_3d/tl_dataset/dataset_bert-base-uncased_chemnlp_prop_slme_train.csv
2024-04-10 01:44:51.068188:input attribute sets are:  None
2024-04-10 01:44:51.068347:test data path is  /data/yll6162/alignntl_dft_3d/tl_dataset/dataset_bert-base-uncased_chemnlp_prop_slme_test.csv
2024-04-10 01:44:51.207830:val data path is  /data/yll6162/alignntl_dft_3d/tl_dataset/dataset_bert-base-uncased_chemnlp_prop_slme_val.csv
2024-04-10 01:44:51.355495:input attributes are:  Index(['0', '1', '2', '3', '4', '5', '6', '7', '8', '9',
       ...
       '758', '759', '760', '761', '762', '763', '764', '765', '766', '767'],
      dtype='object', length=768)
2024-04-10 01:44:51.355602:label: slme
2024-04-10 01:44:55.926795: train, test, valid sizes:  (7810, 768) (7810,) (977, 768) (977,) (977, 768) (977,)
2024-04-10 01:44:55.945953:train matrix shape of train_X:  (7810, 768)  train_y:  (7810,)
2024-04-10 01:44:55.946091:valid matrix shape of train_X:  (977, 768)  valid_y:  (977,)
2024-04-10 01:44:55.946131:test matrix shape of valid_X:   (977, 768)  test_y:  (977,)
2024-04-10 01:44:55.946164:architecture is:  1024Rx4D-512Rx3D-256Rx3D-128Rx3D-64Rx2-32Rx1-1
2024-04-10 01:44:55.946200:learning rate is  0.0001
2024-04-10 01:44:55.946231:model path is  None
2024-04-10 01:44:55.955883:adding fully connected layers with 1024 outputs
2024-04-10 01:44:57.959051:adding residual with fc as the size are different
2024-04-10 01:44:57.965833:adding fully connected layers with 1024 outputs
2024-04-10 01:44:57.970617:adding residual, both sizes are same
2024-04-10 01:44:57.972458:adding fully connected layers with 1024 outputs
2024-04-10 01:44:57.977074:adding residual, both sizes are same
2024-04-10 01:44:57.978879:adding fully connected layers with 1024 outputs
2024-04-10 01:44:57.983387:adding residual, both sizes are same
2024-04-10 01:44:57.985190:adding dropout 0.8
2024-04-10 01:44:57.990054:adding fully connected layers with 512 outputs
2024-04-10 01:44:57.994879:adding residual with fc as the size are different
2024-04-10 01:44:58.000904:adding fully connected layers with 512 outputs
2024-04-10 01:44:58.005662:adding residual, both sizes are same
2024-04-10 01:44:58.007475:adding fully connected layers with 512 outputs
2024-04-10 01:44:58.012104:adding residual, both sizes are same
2024-04-10 01:44:58.013913:adding dropout 0.9
2024-04-10 01:44:58.015484:adding fully connected layers with 256 outputs
2024-04-10 01:44:58.020174:adding residual with fc as the size are different
2024-04-10 01:44:58.026301:adding fully connected layers with 256 outputs
2024-04-10 01:44:58.031009:adding residual, both sizes are same
2024-04-10 01:44:58.032732:adding fully connected layers with 256 outputs
2024-04-10 01:44:58.037188:adding residual, both sizes are same
2024-04-10 01:44:58.038956:adding dropout 0.7
2024-04-10 01:44:58.040502:adding fully connected layers with 128 outputs
2024-04-10 01:44:58.045167:adding residual with fc as the size are different
2024-04-10 01:44:58.061808:adding fully connected layers with 128 outputs
2024-04-10 01:44:58.068332:adding residual, both sizes are same
2024-04-10 01:44:58.070525:adding fully connected layers with 128 outputs
2024-04-10 01:44:58.074954:adding residual, both sizes are same
2024-04-10 01:44:58.076875:adding dropout 0.8
2024-04-10 01:44:58.078350:adding fully connected layers with 64 outputs
2024-04-10 01:44:58.082938:adding residual with fc as the size are different
2024-04-10 01:44:58.088644:adding fully connected layers with 64 outputs
2024-04-10 01:44:58.093325:adding residual, both sizes are same
2024-04-10 01:44:58.096878:adding fully connected layers with 32 outputs
2024-04-10 01:44:58.109830:adding residual with fc as the size are different
2024-04-10 01:44:58.117174:adding final layer with 1 output
2024-04-10 01:44:58.136912:Model: "ElemNet"
2024-04-10 01:44:58.137012:__________________________________________________________________________________________________
2024-04-10 01:44:58.137085:Layer (type)                    Output Shape         Param #     Connected to                     
2024-04-10 01:44:58.137139:==================================================================================================
2024-04-10 01:44:58.137446:elemental_fractions (InputLayer [(None, 768)]        0                                            
2024-04-10 01:44:58.137514:__________________________________________________________________________________________________
2024-04-10 01:44:58.137724:fc0_0 (Dense)                   (None, 1024)         787456      elemental_fractions[0][0]        
2024-04-10 01:44:58.137791:__________________________________________________________________________________________________
2024-04-10 01:44:58.137950:fc0_dim_0 (Dense)               (None, 1024)         787456      elemental_fractions[0][0]        
2024-04-10 01:44:58.138013:__________________________________________________________________________________________________
2024-04-10 01:44:58.138133:tf.__operators__.add (TFOpLambd (None, 1024)         0           fc0_0[0][0]                      
2024-04-10 01:44:58.138196:                                                                 fc0_dim_0[0][0]                  
2024-04-10 01:44:58.138250:__________________________________________________________________________________________________
2024-04-10 01:44:58.138414:fc0_1 (Dense)                   (None, 1024)         1049600     tf.__operators__.add[0][0]       
2024-04-10 01:44:58.138477:__________________________________________________________________________________________________
2024-04-10 01:44:58.138587:tf.__operators__.add_1 (TFOpLam (None, 1024)         0           fc0_1[0][0]                      
2024-04-10 01:44:58.138649:                                                                 tf.__operators__.add[0][0]       
2024-04-10 01:44:58.138700:__________________________________________________________________________________________________
2024-04-10 01:44:58.138848:fc0_2 (Dense)                   (None, 1024)         1049600     tf.__operators__.add_1[0][0]     
2024-04-10 01:44:58.138908:__________________________________________________________________________________________________
2024-04-10 01:44:58.139016:tf.__operators__.add_2 (TFOpLam (None, 1024)         0           fc0_2[0][0]                      
2024-04-10 01:44:58.139078:                                                                 tf.__operators__.add_1[0][0]     
2024-04-10 01:44:58.139129:__________________________________________________________________________________________________
2024-04-10 01:44:58.139284:fc0_3 (Dense)                   (None, 1024)         1049600     tf.__operators__.add_2[0][0]     
2024-04-10 01:44:58.139347:__________________________________________________________________________________________________
2024-04-10 01:44:58.139459:tf.__operators__.add_3 (TFOpLam (None, 1024)         0           fc0_3[0][0]                      
2024-04-10 01:44:58.139521:                                                                 tf.__operators__.add_2[0][0]     
2024-04-10 01:44:58.139581:__________________________________________________________________________________________________
2024-04-10 01:44:58.139691:dropout (Dropout)               (None, 1024)         0           tf.__operators__.add_3[0][0]     
2024-04-10 01:44:58.139746:__________________________________________________________________________________________________
2024-04-10 01:44:58.139898:fc1_0 (Dense)                   (None, 512)          524800      dropout[0][0]                    
2024-04-10 01:44:58.139959:__________________________________________________________________________________________________
2024-04-10 01:44:58.140078:fc1_dim_0 (Dense)               (None, 512)          524800      dropout[0][0]                    
2024-04-10 01:44:58.140119:__________________________________________________________________________________________________
2024-04-10 01:44:58.140192:tf.__operators__.add_4 (TFOpLam (None, 512)          0           fc1_0[0][0]                      
2024-04-10 01:44:58.140233:                                                                 fc1_dim_0[0][0]                  
2024-04-10 01:44:58.140267:__________________________________________________________________________________________________
2024-04-10 01:44:58.140373:fc1_1 (Dense)                   (None, 512)          262656      tf.__operators__.add_4[0][0]     
2024-04-10 01:44:58.140415:__________________________________________________________________________________________________
2024-04-10 01:44:58.140487:tf.__operators__.add_5 (TFOpLam (None, 512)          0           fc1_1[0][0]                      
2024-04-10 01:44:58.140528:                                                                 tf.__operators__.add_4[0][0]     
2024-04-10 01:44:58.140562:__________________________________________________________________________________________________
2024-04-10 01:44:58.140660:fc1_2 (Dense)                   (None, 512)          262656      tf.__operators__.add_5[0][0]     
2024-04-10 01:44:58.140700:__________________________________________________________________________________________________
2024-04-10 01:44:58.140773:tf.__operators__.add_6 (TFOpLam (None, 512)          0           fc1_2[0][0]                      
2024-04-10 01:44:58.140814:                                                                 tf.__operators__.add_5[0][0]     
2024-04-10 01:44:58.140848:__________________________________________________________________________________________________
2024-04-10 01:44:58.140916:dropout_1 (Dropout)             (None, 512)          0           tf.__operators__.add_6[0][0]     
2024-04-10 01:44:58.140955:__________________________________________________________________________________________________
2024-04-10 01:44:58.141051:fc2_0 (Dense)                   (None, 256)          131328      dropout_1[0][0]                  
2024-04-10 01:44:58.141091:__________________________________________________________________________________________________
2024-04-10 01:44:58.141186:fc2_dim_0 (Dense)               (None, 256)          131328      dropout_1[0][0]                  
2024-04-10 01:44:58.141227:__________________________________________________________________________________________________
2024-04-10 01:44:58.141504:tf.__operators__.add_7 (TFOpLam (None, 256)          0           fc2_0[0][0]                      
2024-04-10 01:44:58.141742:                                                                 fc2_dim_0[0][0]                  
2024-04-10 01:44:58.141885:__________________________________________________________________________________________________
2024-04-10 01:44:58.142339:fc2_1 (Dense)                   (None, 256)          65792       tf.__operators__.add_7[0][0]     
2024-04-10 01:44:58.142493:__________________________________________________________________________________________________
2024-04-10 01:44:58.142764:tf.__operators__.add_8 (TFOpLam (None, 256)          0           fc2_1[0][0]                      
2024-04-10 01:44:58.142910:                                                                 tf.__operators__.add_7[0][0]     
2024-04-10 01:44:58.143042:__________________________________________________________________________________________________
2024-04-10 01:44:58.143416:fc2_2 (Dense)                   (None, 256)          65792       tf.__operators__.add_8[0][0]     
2024-04-10 01:44:58.143560:__________________________________________________________________________________________________
2024-04-10 01:44:58.143815:tf.__operators__.add_9 (TFOpLam (None, 256)          0           fc2_2[0][0]                      
2024-04-10 01:44:58.143958:                                                                 tf.__operators__.add_8[0][0]     
2024-04-10 01:44:58.144076:__________________________________________________________________________________________________
2024-04-10 01:44:58.144336:dropout_2 (Dropout)             (None, 256)          0           tf.__operators__.add_9[0][0]     
2024-04-10 01:44:58.144465:__________________________________________________________________________________________________
2024-04-10 01:44:58.144807:fc3_0 (Dense)                   (None, 128)          32896       dropout_2[0][0]                  
2024-04-10 01:44:58.144942:__________________________________________________________________________________________________
2024-04-10 01:44:58.145288:fc3_dim_0 (Dense)               (None, 128)          32896       dropout_2[0][0]                  
2024-04-10 01:44:58.145425:__________________________________________________________________________________________________
2024-04-10 01:44:58.145673:tf.__operators__.add_10 (TFOpLa (None, 128)          0           fc3_0[0][0]                      
2024-04-10 01:44:58.145813:                                                                 fc3_dim_0[0][0]                  
2024-04-10 01:44:58.145929:__________________________________________________________________________________________________
2024-04-10 01:44:58.146255:fc3_1 (Dense)                   (None, 128)          16512       tf.__operators__.add_10[0][0]    
2024-04-10 01:44:58.146400:__________________________________________________________________________________________________
2024-04-10 01:44:58.146646:tf.__operators__.add_11 (TFOpLa (None, 128)          0           fc3_1[0][0]                      
2024-04-10 01:44:58.146786:                                                                 tf.__operators__.add_10[0][0]    
2024-04-10 01:44:58.146902:__________________________________________________________________________________________________
2024-04-10 01:44:58.147227:fc3_2 (Dense)                   (None, 128)          16512       tf.__operators__.add_11[0][0]    
2024-04-10 01:44:58.147376:__________________________________________________________________________________________________
2024-04-10 01:44:58.147623:tf.__operators__.add_12 (TFOpLa (None, 128)          0           fc3_2[0][0]                      
2024-04-10 01:44:58.147763:                                                                 tf.__operators__.add_11[0][0]    
2024-04-10 01:44:58.147881:__________________________________________________________________________________________________
2024-04-10 01:44:58.148116:dropout_3 (Dropout)             (None, 128)          0           tf.__operators__.add_12[0][0]    
2024-04-10 01:44:58.148243:__________________________________________________________________________________________________
2024-04-10 01:44:58.148585:fc4_0 (Dense)                   (None, 64)           8256        dropout_3[0][0]                  
2024-04-10 01:44:58.148720:__________________________________________________________________________________________________
2024-04-10 01:44:58.149043:fc4_dim_0 (Dense)               (None, 64)           8256        dropout_3[0][0]                  
2024-04-10 01:44:58.149177:__________________________________________________________________________________________________
2024-04-10 01:44:58.149430:tf.__operators__.add_13 (TFOpLa (None, 64)           0           fc4_0[0][0]                      
2024-04-10 01:44:58.149583:                                                                 fc4_dim_0[0][0]                  
2024-04-10 01:44:58.149701:__________________________________________________________________________________________________
2024-04-10 01:44:58.149949:fc4_1 (Dense)                   (None, 64)           4160        tf.__operators__.add_13[0][0]    
2024-04-10 01:44:58.150020:__________________________________________________________________________________________________
2024-04-10 01:44:58.150149:tf.__operators__.add_14 (TFOpLa (None, 64)           0           fc4_1[0][0]                      
2024-04-10 01:44:58.150222:                                                                 tf.__operators__.add_13[0][0]    
2024-04-10 01:44:58.150298:__________________________________________________________________________________________________
2024-04-10 01:44:58.150474:fc5_0 (Dense)                   (None, 32)           2080        tf.__operators__.add_14[0][0]    
2024-04-10 01:44:58.150545:__________________________________________________________________________________________________
2024-04-10 01:44:58.150716:fc5_dim_0 (Dense)               (None, 32)           2080        tf.__operators__.add_14[0][0]    
2024-04-10 01:44:58.150788:__________________________________________________________________________________________________
2024-04-10 01:44:58.150918:tf.__operators__.add_15 (TFOpLa (None, 32)           0           fc5_0[0][0]                      
2024-04-10 01:44:58.150992:                                                                 fc5_dim_0[0][0]                  
2024-04-10 01:44:58.151054:__________________________________________________________________________________________________
2024-04-10 01:44:58.151224:fc6 (Dense)                     (None, 1)            33          tf.__operators__.add_15[0][0]    
2024-04-10 01:44:58.151303:==================================================================================================
2024-04-10 01:44:58.152712:Total params: 6,816,545
2024-04-10 01:44:58.152811:Trainable params: 6,816,545
2024-04-10 01:44:58.152879:Non-trainable params: 0
2024-04-10 01:44:58.152941:__________________________________________________________________________________________________
2024-04-10 01:44:58.165740:start training
2024-04-10 01:45:01.763538:2024-04-10 01:45:01.763476: Current epoch: 0, loss: 11.128152847290039, validation loss: 10.891417503356934
2024-04-10 01:45:03.979473:2024-04-10 01:45:03.979397: Current epoch: 1, loss: 9.997787475585938, validation loss: 11.544055938720703
2024-04-10 01:45:06.235489:2024-04-10 01:45:06.235438: Current epoch: 2, loss: 9.706986427307129, validation loss: 9.605476379394531
2024-04-10 01:45:08.520119:2024-04-10 01:45:08.519952: Current epoch: 3, loss: 9.657156944274902, validation loss: 10.763471603393555
2024-04-10 01:45:10.814608:2024-04-10 01:45:10.814556: Current epoch: 4, loss: 9.268336296081543, validation loss: 9.371761322021484
2024-04-10 01:45:13.090798:2024-04-10 01:45:13.090656: Current epoch: 5, loss: 8.961384773254395, validation loss: 10.038667678833008
2024-04-10 01:45:15.481276:2024-04-10 01:45:15.481183: Current epoch: 6, loss: 8.943771362304688, validation loss: 8.966565132141113
2024-04-10 01:45:17.742422:2024-04-10 01:45:17.742308: Current epoch: 7, loss: 8.813826560974121, validation loss: 9.414485931396484
2024-04-10 01:45:19.986057:2024-04-10 01:45:19.985987: Current epoch: 8, loss: 8.906820297241211, validation loss: 10.028082847595215
2024-04-10 01:45:22.298547:2024-04-10 01:45:22.298464: Current epoch: 9, loss: 8.662897109985352, validation loss: 8.874934196472168
2024-04-10 01:45:26.960750:2024-04-10 01:45:26.960575: Current epoch: 10, loss: 8.681466102600098, validation loss: 9.038084030151367
2024-04-10 01:45:29.235260:2024-04-10 01:45:29.235185: Current epoch: 11, loss: 8.61703872680664, validation loss: 10.239544868469238
2024-04-10 01:45:31.482603:2024-04-10 01:45:31.482521: Current epoch: 12, loss: 8.96468448638916, validation loss: 15.668025016784668
2024-04-10 01:45:33.823612:2024-04-10 01:45:33.823531: Current epoch: 13, loss: 8.808013916015625, validation loss: 9.073458671569824
2024-04-10 01:45:36.089185:2024-04-10 01:45:36.089128: Current epoch: 14, loss: 8.664718627929688, validation loss: 8.871452331542969
2024-04-10 01:45:38.364377:2024-04-10 01:45:38.364235: Current epoch: 15, loss: 8.380998611450195, validation loss: 9.192217826843262
2024-04-10 01:45:40.685629:2024-04-10 01:45:40.685549: Current epoch: 16, loss: 8.708389282226562, validation loss: 8.603038787841797
2024-04-10 01:45:42.981369:2024-04-10 01:45:42.981186: Current epoch: 17, loss: 8.317663192749023, validation loss: 10.498191833496094
2024-04-10 01:45:45.271717:2024-04-10 01:45:45.271649: Current epoch: 18, loss: 8.89169979095459, validation loss: 9.586898803710938
2024-04-10 01:45:47.505637:2024-04-10 01:45:47.505500: Current epoch: 19, loss: 8.484469413757324, validation loss: 8.728585243225098
2024-04-10 01:45:52.119934:2024-04-10 01:45:52.119782: Current epoch: 20, loss: 8.377164840698242, validation loss: 8.626508712768555
2024-04-10 01:45:54.434179:2024-04-10 01:45:54.434021: Current epoch: 21, loss: 8.325911521911621, validation loss: 9.568746566772461
2024-04-10 01:45:56.752674:2024-04-10 01:45:56.752621: Current epoch: 22, loss: 8.29160213470459, validation loss: 8.467255592346191
2024-04-10 01:45:59.056954:2024-04-10 01:45:59.056879: Current epoch: 23, loss: 8.276708602905273, validation loss: 9.324261665344238
2024-04-10 01:46:01.313783:2024-04-10 01:46:01.313708: Current epoch: 24, loss: 8.434038162231445, validation loss: 8.484017372131348
2024-04-10 01:46:03.584510:2024-04-10 01:46:03.584438: Current epoch: 25, loss: 8.17918586730957, validation loss: 9.30192756652832
2024-04-10 01:46:06.005704:2024-04-10 01:46:06.005554: Current epoch: 26, loss: 8.226373672485352, validation loss: 10.053133010864258
2024-04-10 01:46:08.394198:2024-04-10 01:46:08.394119: Current epoch: 27, loss: 8.03471851348877, validation loss: 8.340972900390625
2024-04-10 01:46:10.707589:2024-04-10 01:46:10.707453: Current epoch: 28, loss: 8.072997093200684, validation loss: 8.717886924743652
2024-04-10 01:46:12.969540:2024-04-10 01:46:12.969404: Current epoch: 29, loss: 8.268775939941406, validation loss: 8.667980194091797
2024-04-10 01:46:17.590156:2024-04-10 01:46:17.590059: Current epoch: 30, loss: 8.012011528015137, validation loss: 8.981849670410156
2024-04-10 01:46:19.945591:2024-04-10 01:46:19.945438: Current epoch: 31, loss: 7.920832633972168, validation loss: 8.592044830322266
2024-04-10 01:46:22.294459:2024-04-10 01:46:22.294303: Current epoch: 32, loss: 7.963437080383301, validation loss: 9.711111068725586
2024-04-10 01:46:24.614101:2024-04-10 01:46:24.614051: Current epoch: 33, loss: 7.982725143432617, validation loss: 8.277129173278809
2024-04-10 01:46:26.936592:2024-04-10 01:46:26.936522: Current epoch: 34, loss: 8.077080726623535, validation loss: 8.94414234161377
2024-04-10 01:46:29.259481:2024-04-10 01:46:29.259349: Current epoch: 35, loss: 7.975358009338379, validation loss: 8.494839668273926
2024-04-10 01:46:31.704866:2024-04-10 01:46:31.704717: Current epoch: 36, loss: 7.763650417327881, validation loss: 8.3872652053833
2024-04-10 01:46:34.063591:2024-04-10 01:46:34.063466: Current epoch: 37, loss: 7.8660688400268555, validation loss: 8.49824333190918
2024-04-10 01:46:36.432764:2024-04-10 01:46:36.432636: Current epoch: 38, loss: 7.6918625831604, validation loss: 8.1419677734375
2024-04-10 01:46:38.801458:2024-04-10 01:46:38.801368: Current epoch: 39, loss: 7.923763275146484, validation loss: 8.665057182312012
2024-04-10 01:46:43.574331:2024-04-10 01:46:43.574228: Current epoch: 40, loss: 7.80062198638916, validation loss: 10.016776084899902
2024-04-10 01:46:45.935070:2024-04-10 01:46:45.934992: Current epoch: 41, loss: 7.651311874389648, validation loss: 8.479473114013672
2024-04-10 01:46:48.327993:2024-04-10 01:46:48.327909: Current epoch: 42, loss: 7.668430805206299, validation loss: 8.008573532104492
2024-04-10 01:46:50.679499:2024-04-10 01:46:50.679176: Current epoch: 43, loss: 7.720076560974121, validation loss: 8.510680198669434
2024-04-10 01:46:53.079411:2024-04-10 01:46:53.079335: Current epoch: 44, loss: 7.65916109085083, validation loss: 7.889109134674072
2024-04-10 01:46:55.446117:2024-04-10 01:46:55.445966: Current epoch: 45, loss: 7.546804428100586, validation loss: 8.52428913116455
2024-04-10 01:46:57.805335:2024-04-10 01:46:57.805195: Current epoch: 46, loss: 7.47709846496582, validation loss: 8.453348159790039
2024-04-10 01:47:00.369240:2024-04-10 01:47:00.369088: Current epoch: 47, loss: 7.56448221206665, validation loss: 10.153581619262695
2024-04-10 01:47:02.892044:2024-04-10 01:47:02.891965: Current epoch: 48, loss: 7.54777193069458, validation loss: 7.852733612060547
2024-04-10 01:47:05.318707:2024-04-10 01:47:05.318647: Current epoch: 49, loss: 7.395833492279053, validation loss: 7.8029584884643555
2024-04-10 01:47:10.101960:2024-04-10 01:47:10.101795: Current epoch: 50, loss: 7.4273762702941895, validation loss: 7.92674446105957
2024-04-10 01:47:12.584102:2024-04-10 01:47:12.583978: Current epoch: 51, loss: 7.382074356079102, validation loss: 8.059442520141602
2024-04-10 01:47:15.000866:2024-04-10 01:47:15.000805: Current epoch: 52, loss: 7.187286376953125, validation loss: 7.717711448669434
2024-04-10 01:47:17.408452:2024-04-10 01:47:17.408321: Current epoch: 53, loss: 7.231945514678955, validation loss: 7.853662967681885
2024-04-10 01:47:19.652923:2024-04-10 01:47:19.652848: Current epoch: 54, loss: 7.315392017364502, validation loss: 8.097557067871094
2024-04-10 01:47:21.926293:2024-04-10 01:47:21.926211: Current epoch: 55, loss: 7.099367618560791, validation loss: 8.260028839111328
2024-04-10 01:47:24.245394:2024-04-10 01:47:24.245303: Current epoch: 56, loss: 7.050107002258301, validation loss: 10.042285919189453
2024-04-10 01:47:26.644936:2024-04-10 01:47:26.644863: Current epoch: 57, loss: 7.322737216949463, validation loss: 8.037252426147461
2024-04-10 01:47:28.905385:2024-04-10 01:47:28.905327: Current epoch: 58, loss: 7.035775184631348, validation loss: 7.42951774597168
2024-04-10 01:47:31.132654:2024-04-10 01:47:31.132576: Current epoch: 59, loss: 7.264963150024414, validation loss: 8.149697303771973
2024-04-10 01:47:33.430327:2024-04-10 01:47:33.430250: Current epoch: 60, loss: 7.08414888381958, validation loss: 7.417212009429932
2024-04-10 01:47:35.851456:2024-04-10 01:47:35.851368: Current epoch: 61, loss: 6.929226398468018, validation loss: 7.935297012329102
2024-04-10 01:47:38.153925:2024-04-10 01:47:38.153853: Current epoch: 62, loss: 7.022052764892578, validation loss: 7.559133529663086
2024-04-10 01:47:40.412466:2024-04-10 01:47:40.412394: Current epoch: 63, loss: 6.9166154861450195, validation loss: 7.908169269561768
2024-04-10 01:47:42.653258:2024-04-10 01:47:42.653185: Current epoch: 64, loss: 6.9376678466796875, validation loss: 8.425637245178223
2024-04-10 01:47:44.912954:2024-04-10 01:47:44.912876: Current epoch: 65, loss: 7.166848659515381, validation loss: 7.4787421226501465
2024-04-10 01:47:47.241995:2024-04-10 01:47:47.241853: Current epoch: 66, loss: 6.731722354888916, validation loss: 7.8964128494262695
2024-04-10 01:47:49.597615:2024-04-10 01:47:49.597466: Current epoch: 67, loss: 6.654802322387695, validation loss: 8.318394660949707
2024-04-10 01:47:51.905691:2024-04-10 01:47:51.905599: Current epoch: 68, loss: 7.019066333770752, validation loss: 7.475167751312256
2024-04-10 01:47:54.221186:2024-04-10 01:47:54.221107: Current epoch: 69, loss: 6.585503578186035, validation loss: 8.274447441101074
2024-04-10 01:47:56.521703:2024-04-10 01:47:56.521560: Current epoch: 70, loss: 7.0538835525512695, validation loss: 7.744087219238281
2024-04-10 01:47:58.755644:2024-04-10 01:47:58.755576: Current epoch: 71, loss: 6.381086349487305, validation loss: 7.450680255889893
2024-04-10 01:48:00.999343:2024-04-10 01:48:00.999241: Current epoch: 72, loss: 6.628632068634033, validation loss: 9.49754810333252
2024-04-10 01:48:03.319933:2024-04-10 01:48:03.319857: Current epoch: 73, loss: 6.7208943367004395, validation loss: 8.741377830505371
2024-04-10 01:48:05.574002:2024-04-10 01:48:05.573854: Current epoch: 74, loss: 7.435330390930176, validation loss: 8.001402854919434
2024-04-10 01:48:07.925385:2024-04-10 01:48:07.925229: Current epoch: 75, loss: 6.536378860473633, validation loss: 7.661421775817871
2024-04-10 01:48:10.270644:2024-04-10 01:48:10.270498: Current epoch: 76, loss: 6.457968711853027, validation loss: 7.915794372558594
2024-04-10 01:48:12.615058:2024-04-10 01:48:12.614970: Current epoch: 77, loss: 6.431155681610107, validation loss: 7.546971797943115
2024-04-10 01:48:14.934880:2024-04-10 01:48:14.934808: Current epoch: 78, loss: 6.718628406524658, validation loss: 7.601668357849121
2024-04-10 01:48:17.182076:2024-04-10 01:48:17.182025: Current epoch: 79, loss: 6.143209457397461, validation loss: 7.32429838180542
2024-04-10 01:48:21.741683:2024-04-10 01:48:21.741528: Current epoch: 80, loss: 6.046990394592285, validation loss: 7.63288688659668
2024-04-10 01:48:24.115241:2024-04-10 01:48:24.115075: Current epoch: 81, loss: 6.051569938659668, validation loss: 7.636999130249023
2024-04-10 01:48:26.602298:2024-04-10 01:48:26.602120: Current epoch: 82, loss: 5.850999355316162, validation loss: 7.402641296386719
2024-04-10 01:48:29.048184:2024-04-10 01:48:29.048113: Current epoch: 83, loss: 5.873071193695068, validation loss: 7.242256164550781
2024-04-10 01:48:31.405072:2024-04-10 01:48:31.404920: Current epoch: 84, loss: 5.9810004234313965, validation loss: 8.42758560180664
2024-04-10 01:48:33.892813:2024-04-10 01:48:33.892506: Current epoch: 85, loss: 5.96431303024292, validation loss: 7.498716354370117
2024-04-10 01:48:36.351590:2024-04-10 01:48:36.351441: Current epoch: 86, loss: 5.704879283905029, validation loss: 7.370251178741455
2024-04-10 01:48:38.750035:2024-04-10 01:48:38.749961: Current epoch: 87, loss: 5.84037446975708, validation loss: 7.592719554901123
2024-04-10 01:48:41.098506:2024-04-10 01:48:41.098361: Current epoch: 88, loss: 5.851775646209717, validation loss: 7.556961536407471
2024-04-10 01:48:43.553445:2024-04-10 01:48:43.553380: Current epoch: 89, loss: 5.78340482711792, validation loss: 7.167257785797119
2024-04-10 01:48:48.402103:2024-04-10 01:48:48.401976: Current epoch: 90, loss: 5.527969837188721, validation loss: 7.399220943450928
2024-04-10 01:48:50.785956:2024-04-10 01:48:50.785801: Current epoch: 91, loss: 5.745661735534668, validation loss: 7.286553859710693
2024-04-10 01:48:53.118972:2024-04-10 01:48:53.118821: Current epoch: 92, loss: 5.459567070007324, validation loss: 7.3193769454956055
2024-04-10 01:48:55.440234:2024-04-10 01:48:55.440151: Current epoch: 93, loss: 5.4244914054870605, validation loss: 6.691870212554932
2024-04-10 01:48:57.703673:2024-04-10 01:48:57.703499: Current epoch: 94, loss: 5.318714618682861, validation loss: 7.206574440002441
2024-04-10 01:48:59.986389:2024-04-10 01:48:59.986255: Current epoch: 95, loss: 6.584397315979004, validation loss: 7.697935104370117
2024-04-10 01:49:02.286319:2024-04-10 01:49:02.286017: Current epoch: 96, loss: 6.054762840270996, validation loss: 7.767568111419678
2024-04-10 01:49:04.656470:2024-04-10 01:49:04.656334: Current epoch: 97, loss: 5.268877029418945, validation loss: 7.045754432678223
2024-04-10 01:49:07.027852:2024-04-10 01:49:07.027701: Current epoch: 98, loss: 5.478861331939697, validation loss: 7.105926036834717
2024-04-10 01:49:09.289549:2024-04-10 01:49:09.289402: Current epoch: 99, loss: 5.025870323181152, validation loss: 7.110678195953369
2024-04-10 01:49:13.947176:2024-04-10 01:49:13.947026: Current epoch: 100, loss: 5.164100646972656, validation loss: 8.14970874786377
2024-04-10 01:49:16.195144:2024-04-10 01:49:16.194985: Current epoch: 101, loss: 5.182178974151611, validation loss: 7.314908027648926
2024-04-10 01:49:18.500695:2024-04-10 01:49:18.500527: Current epoch: 102, loss: 5.181055068969727, validation loss: 8.258757591247559
2024-04-10 01:49:20.759403:2024-04-10 01:49:20.759255: Current epoch: 103, loss: 5.047966480255127, validation loss: 6.948956489562988
2024-04-10 01:49:23.052341:2024-04-10 01:49:23.052176: Current epoch: 104, loss: 4.798490524291992, validation loss: 7.084059238433838
2024-04-10 01:49:25.324176:2024-04-10 01:49:25.324026: Current epoch: 105, loss: 4.686195373535156, validation loss: 7.426460266113281
2024-04-10 01:49:27.639526:2024-04-10 01:49:27.639374: Current epoch: 106, loss: 4.858560562133789, validation loss: 7.237056732177734
2024-04-10 01:49:29.892388:2024-04-10 01:49:29.892240: Current epoch: 107, loss: 4.602646350860596, validation loss: 7.200438022613525
2024-04-10 01:49:32.220806:2024-04-10 01:49:32.220671: Current epoch: 108, loss: 4.627037525177002, validation loss: 6.877517223358154
2024-04-10 01:49:34.487849:2024-04-10 01:49:34.487702: Current epoch: 109, loss: 4.421998500823975, validation loss: 7.784123420715332
2024-04-10 01:49:36.751832:2024-04-10 01:49:36.751682: Current epoch: 110, loss: 4.65272331237793, validation loss: 8.258964538574219
2024-04-10 01:49:39.057424:2024-04-10 01:49:39.057266: Current epoch: 111, loss: 7.3175787925720215, validation loss: 6.9416351318359375
2024-04-10 01:49:41.275067:2024-04-10 01:49:41.274917: Current epoch: 112, loss: 4.849256992340088, validation loss: 6.8245744705200195
2024-04-10 01:49:43.539249:2024-04-10 01:49:43.539099: Current epoch: 113, loss: 4.45259428024292, validation loss: 7.334912300109863
2024-04-10 01:49:45.789748:2024-04-10 01:49:45.789619: Current epoch: 114, loss: 4.589362144470215, validation loss: 6.938488960266113
2024-04-10 01:49:48.108553:2024-04-10 01:49:48.108401: Current epoch: 115, loss: 4.214605331420898, validation loss: 6.855755805969238
2024-04-10 01:49:50.372309:2024-04-10 01:49:50.372200: Current epoch: 116, loss: 4.09978723526001, validation loss: 7.281357765197754
2024-04-10 01:49:52.604029:2024-04-10 01:49:52.603954: Current epoch: 117, loss: 4.1242170333862305, validation loss: 7.290734767913818
2024-04-10 01:49:54.949271:2024-04-10 01:49:54.949196: Current epoch: 118, loss: 4.134419918060303, validation loss: 6.752521991729736
2024-04-10 01:49:57.203060:2024-04-10 01:49:57.202990: Current epoch: 119, loss: 4.13111686706543, validation loss: 6.96501350402832
2024-04-10 01:50:01.757011:2024-04-10 01:50:01.756872: Current epoch: 120, loss: 3.9519505500793457, validation loss: 7.486205577850342
2024-04-10 01:50:04.011154:2024-04-10 01:50:04.011000: Current epoch: 121, loss: 3.842486619949341, validation loss: 6.828037738800049
2024-04-10 01:50:06.329808:2024-04-10 01:50:06.329671: Current epoch: 122, loss: 3.8340086936950684, validation loss: 7.185637474060059
2024-04-10 01:50:08.550662:2024-04-10 01:50:08.550544: Current epoch: 123, loss: 3.7881369590759277, validation loss: 7.20244026184082
2024-04-10 01:50:10.870981:2024-04-10 01:50:10.870832: Current epoch: 124, loss: 3.6813907623291016, validation loss: 7.342755317687988
2024-04-10 01:50:13.235055:2024-04-10 01:50:13.234920: Current epoch: 125, loss: 3.6998770236968994, validation loss: 7.161158084869385
2024-04-10 01:50:15.665987:2024-04-10 01:50:15.665838: Current epoch: 126, loss: 4.056643009185791, validation loss: 7.006406784057617
2024-04-10 01:50:18.066997:2024-04-10 01:50:18.066863: Current epoch: 127, loss: 3.5802807807922363, validation loss: 7.03550386428833
2024-04-10 01:50:20.444339:2024-04-10 01:50:20.444240: Current epoch: 128, loss: 3.5579323768615723, validation loss: 7.019047737121582
2024-04-10 01:50:22.789263:2024-04-10 01:50:22.789188: Current epoch: 129, loss: 4.061703205108643, validation loss: 7.0971174240112305
2024-04-10 01:50:25.086119:2024-04-10 01:50:25.086046: Current epoch: 130, loss: 3.282607316970825, validation loss: 6.855846881866455
2024-04-10 01:50:27.416692:2024-04-10 01:50:27.416544: Current epoch: 131, loss: 3.6081178188323975, validation loss: 6.904505729675293
2024-04-10 01:50:29.841378:2024-04-10 01:50:29.841221: Current epoch: 132, loss: 3.3374340534210205, validation loss: 6.742221832275391
2024-04-10 01:50:32.125457:2024-04-10 01:50:32.125366: Current epoch: 133, loss: 3.0440146923065186, validation loss: 6.88433837890625
2024-04-10 01:50:34.452195:2024-04-10 01:50:34.452123: Current epoch: 134, loss: 3.126987934112549, validation loss: 6.826663494110107
2024-04-10 01:50:36.727442:2024-04-10 01:50:36.727368: Current epoch: 135, loss: 3.268043041229248, validation loss: 7.450413703918457
2024-04-10 01:50:39.019238:2024-04-10 01:50:39.019170: Current epoch: 136, loss: 3.299891471862793, validation loss: 6.984817028045654
2024-04-10 01:50:41.360075:2024-04-10 01:50:41.359950: Current epoch: 137, loss: 3.0318963527679443, validation loss: 6.974100112915039
2024-04-10 01:50:43.630176:2024-04-10 01:50:43.630087: Current epoch: 138, loss: 3.1700823307037354, validation loss: 7.345423221588135
2024-04-10 01:50:45.960547:2024-04-10 01:50:45.960396: Current epoch: 139, loss: 2.931797981262207, validation loss: 6.764088153839111
2024-04-10 01:50:50.462867:2024-04-10 01:50:50.462795: Current epoch: 140, loss: 3.064203977584839, validation loss: 7.108039379119873
2024-04-10 01:50:52.775611:2024-04-10 01:50:52.775539: Current epoch: 141, loss: 2.763812303543091, validation loss: 6.780553817749023
2024-04-10 01:50:55.015917:2024-04-10 01:50:55.015844: Current epoch: 142, loss: 2.7832353115081787, validation loss: 6.922231674194336
2024-04-10 01:50:57.247824:2024-04-10 01:50:57.247704: Current epoch: 143, loss: 2.9432263374328613, validation loss: 7.1284332275390625
2024-04-10 01:50:59.526198:2024-04-10 01:50:59.526134: Current epoch: 144, loss: 3.334965705871582, validation loss: 7.579739570617676
2024-04-10 01:51:01.771933:2024-04-10 01:51:01.771806: Current epoch: 145, loss: 4.477885723114014, validation loss: 6.727506637573242
2024-04-10 01:51:04.068100:2024-04-10 01:51:04.068027: Current epoch: 146, loss: 2.810509443283081, validation loss: 6.880220890045166
2024-04-10 01:51:06.281816:2024-04-10 01:51:06.281741: Current epoch: 147, loss: 2.5394980907440186, validation loss: 7.058742523193359
2024-04-10 01:51:08.590705:2024-04-10 01:51:08.590631: Current epoch: 148, loss: 2.579826593399048, validation loss: 6.664799213409424
2024-04-10 01:51:10.767790:2024-04-10 01:51:10.767720: Current epoch: 149, loss: 2.5180881023406982, validation loss: 6.679783344268799
2024-04-10 01:51:15.136784:2024-04-10 01:51:15.136710: Current epoch: 150, loss: 2.6842172145843506, validation loss: 6.695570468902588
2024-04-10 01:51:17.379242:2024-04-10 01:51:17.379169: Current epoch: 151, loss: 2.4839539527893066, validation loss: 6.891946315765381
2024-04-10 01:51:19.704626:2024-04-10 01:51:19.704553: Current epoch: 152, loss: 2.470250129699707, validation loss: 7.078891754150391
2024-04-10 01:51:21.914685:2024-04-10 01:51:21.914612: Current epoch: 153, loss: 2.517653226852417, validation loss: 7.029628753662109
2024-04-10 01:51:24.196391:2024-04-10 01:51:24.196263: Current epoch: 154, loss: 2.4099068641662598, validation loss: 6.960827827453613
2024-04-10 01:51:26.497517:2024-04-10 01:51:26.497429: Current epoch: 155, loss: 3.219848155975342, validation loss: 6.812197685241699
2024-04-10 01:51:28.849463:2024-04-10 01:51:28.849314: Current epoch: 156, loss: 2.348210573196411, validation loss: 7.358612537384033
2024-04-10 01:51:31.098036:2024-04-10 01:51:31.097963: Current epoch: 157, loss: 2.3745903968811035, validation loss: 6.75277042388916
2024-04-10 01:51:33.469299:2024-04-10 01:51:33.469211: Current epoch: 158, loss: 2.13901686668396, validation loss: 6.589414596557617
2024-04-10 01:51:35.769106:2024-04-10 01:51:35.769016: Current epoch: 159, loss: 2.2005269527435303, validation loss: 6.923221588134766
2024-04-10 01:51:38.013633:2024-04-10 01:51:38.013508: Current epoch: 160, loss: 2.0730178356170654, validation loss: 6.853015422821045
2024-04-10 01:51:40.250303:2024-04-10 01:51:40.250194: Current epoch: 161, loss: 2.2919728755950928, validation loss: 7.595402240753174
2024-04-10 01:51:42.593733:2024-04-10 01:51:42.593660: Current epoch: 162, loss: 2.159630537033081, validation loss: 6.7904486656188965
2024-04-10 01:51:44.807795:2024-04-10 01:51:44.807731: Current epoch: 163, loss: 2.3058114051818848, validation loss: 7.214970588684082
2024-04-10 01:51:47.076502:2024-04-10 01:51:47.076428: Current epoch: 164, loss: 2.29288387298584, validation loss: 6.6741461753845215
2024-04-10 01:51:49.426878:2024-04-10 01:51:49.426728: Current epoch: 165, loss: 2.016878366470337, validation loss: 6.668034076690674
2024-04-10 01:51:51.674213:2024-04-10 01:51:51.674144: Current epoch: 166, loss: 2.2000014781951904, validation loss: 6.690118789672852
2024-04-10 01:51:53.984841:2024-04-10 01:51:53.984774: Current epoch: 167, loss: 2.104292869567871, validation loss: 6.830400466918945
2024-04-10 01:51:56.215634:2024-04-10 01:51:56.215561: Current epoch: 168, loss: 2.341153860092163, validation loss: 6.768017768859863
2024-04-10 01:51:58.555329:2024-04-10 01:51:58.555261: Current epoch: 169, loss: 2.053731918334961, validation loss: 6.571433067321777
2024-04-10 01:52:03.190809:2024-04-10 01:52:03.190728: Current epoch: 170, loss: 2.083080768585205, validation loss: 6.445279598236084
2024-04-10 01:52:05.442392:2024-04-10 01:52:05.442316: Current epoch: 171, loss: 2.0597281455993652, validation loss: 6.452113151550293
2024-04-10 01:52:07.727299:2024-04-10 01:52:07.727206: Current epoch: 172, loss: 1.9441587924957275, validation loss: 6.97688102722168
2024-04-10 01:52:09.993925:2024-04-10 01:52:09.993810: Current epoch: 173, loss: 1.9167300462722778, validation loss: 7.0585479736328125
2024-04-10 01:52:12.198533:2024-04-10 01:52:12.198450: Current epoch: 174, loss: 1.9527987241744995, validation loss: 6.897967338562012
2024-04-10 01:52:14.517145:2024-04-10 01:52:14.517070: Current epoch: 175, loss: 1.8371360301971436, validation loss: 6.858096599578857
2024-04-10 01:52:16.781124:2024-04-10 01:52:16.781045: Current epoch: 176, loss: 1.964216709136963, validation loss: 6.825030326843262
2024-04-10 01:52:19.113086:2024-04-10 01:52:19.113013: Current epoch: 177, loss: 1.8344287872314453, validation loss: 6.744940280914307
2024-04-10 01:52:21.406180:2024-04-10 01:52:21.406070: Current epoch: 178, loss: 1.8143054246902466, validation loss: 6.682674884796143
2024-04-10 01:52:23.770135:2024-04-10 01:52:23.770039: Current epoch: 179, loss: 1.6342006921768188, validation loss: 6.632600784301758
2024-04-10 01:52:26.121405:2024-04-10 01:52:26.121333: Current epoch: 180, loss: 2.0037524700164795, validation loss: 6.637240409851074
2024-04-10 01:52:28.522802:2024-04-10 01:52:28.522675: Current epoch: 181, loss: 1.9792224168777466, validation loss: 6.700603485107422
2024-04-10 01:52:30.854595:2024-04-10 01:52:30.854438: Current epoch: 182, loss: 2.2351176738739014, validation loss: 7.214441776275635
2024-04-10 01:52:33.240659:2024-04-10 01:52:33.240570: Current epoch: 183, loss: 1.65204918384552, validation loss: 6.6321892738342285
2024-04-10 01:52:35.633211:2024-04-10 01:52:35.633079: Current epoch: 184, loss: 1.8240165710449219, validation loss: 6.811171054840088
2024-04-10 01:52:37.905264:2024-04-10 01:52:37.905183: Current epoch: 185, loss: 1.9332739114761353, validation loss: 6.910305500030518
2024-04-10 01:52:40.248129:2024-04-10 01:52:40.248058: Current epoch: 186, loss: 1.6715607643127441, validation loss: 6.434263229370117
2024-04-10 01:52:42.541675:2024-04-10 01:52:42.541527: Current epoch: 187, loss: 1.7703170776367188, validation loss: 7.414512634277344
2024-04-10 01:52:44.934751:2024-04-10 01:52:44.934680: Current epoch: 188, loss: 1.6093018054962158, validation loss: 6.381190776824951
2024-04-10 01:52:47.204608:2024-04-10 01:52:47.204445: Current epoch: 189, loss: 1.532737374305725, validation loss: 7.477074146270752
2024-04-10 01:52:49.483045:2024-04-10 01:52:49.482908: Current epoch: 190, loss: 1.7501482963562012, validation loss: 6.947155952453613
2024-04-10 01:52:51.744810:2024-04-10 01:52:51.744686: Current epoch: 191, loss: 1.723617434501648, validation loss: 6.566180229187012
2024-04-10 01:52:53.946939:2024-04-10 01:52:53.946866: Current epoch: 192, loss: 1.7788461446762085, validation loss: 6.565761566162109
2024-04-10 01:52:56.145067:2024-04-10 01:52:56.144995: Current epoch: 193, loss: 1.9514169692993164, validation loss: 6.7421464920043945
2024-04-10 01:52:58.446627:2024-04-10 01:52:58.446556: Current epoch: 194, loss: 1.446989893913269, validation loss: 6.559665203094482
2024-04-10 01:53:00.785782:2024-04-10 01:53:00.785692: Current epoch: 195, loss: 1.636009693145752, validation loss: 6.8683085441589355
2024-04-10 01:53:03.002864:2024-04-10 01:53:03.002711: Current epoch: 196, loss: 1.6755949258804321, validation loss: 6.611909866333008
2024-04-10 01:53:05.359986:2024-04-10 01:53:05.359853: Current epoch: 197, loss: 1.6023824214935303, validation loss: 6.530679225921631
2024-04-10 01:53:07.698907:2024-04-10 01:53:07.698774: Current epoch: 198, loss: 1.9711997509002686, validation loss: 6.839608669281006
2024-04-10 01:53:09.950377:2024-04-10 01:53:09.950270: Current epoch: 199, loss: 1.6480544805526733, validation loss: 6.800821781158447
2024-04-10 01:53:12.165030:2024-04-10 01:53:12.164956: Current epoch: 200, loss: 1.5771567821502686, validation loss: 6.602928161621094
2024-04-10 01:53:14.516997:2024-04-10 01:53:14.516925: Current epoch: 201, loss: 1.3135247230529785, validation loss: 6.943653583526611
2024-04-10 01:53:16.877953:2024-04-10 01:53:16.877804: Current epoch: 202, loss: 1.6607556343078613, validation loss: 6.667367458343506
2024-04-10 01:53:19.113737:2024-04-10 01:53:19.113604: Current epoch: 203, loss: 1.5001819133758545, validation loss: 6.589354038238525
2024-04-10 01:53:21.417159:2024-04-10 01:53:21.417070: Current epoch: 204, loss: 1.5714836120605469, validation loss: 7.157328128814697
2024-04-10 01:53:23.678762:2024-04-10 01:53:23.678629: Current epoch: 205, loss: 1.6240181922912598, validation loss: 6.61659574508667
2024-04-10 01:53:25.918588:2024-04-10 01:53:25.918499: Current epoch: 206, loss: 1.4972013235092163, validation loss: 6.4771318435668945
2024-04-10 01:53:28.141543:2024-04-10 01:53:28.141488: Current epoch: 207, loss: 1.5259919166564941, validation loss: 6.3275322914123535
2024-04-10 01:53:30.361243:2024-04-10 01:53:30.361174: Current epoch: 208, loss: 1.6420528888702393, validation loss: 7.602245807647705
2024-04-10 01:53:32.620166:2024-04-10 01:53:32.620039: Current epoch: 209, loss: 1.7897838354110718, validation loss: 6.80599308013916
2024-04-10 01:53:34.885486:2024-04-10 01:53:34.885413: Current epoch: 210, loss: 1.4401897192001343, validation loss: 6.625293731689453
2024-04-10 01:53:37.157484:2024-04-10 01:53:37.157411: Current epoch: 211, loss: 1.2978066205978394, validation loss: 6.885380268096924
2024-04-10 01:53:39.459613:2024-04-10 01:53:39.459539: Current epoch: 212, loss: 1.6648951768875122, validation loss: 7.1355366706848145
2024-04-10 01:53:41.801748:2024-04-10 01:53:41.801665: Current epoch: 213, loss: 1.5770841836929321, validation loss: 6.525650978088379
2024-04-10 01:53:43.973186:2024-04-10 01:53:43.973113: Current epoch: 214, loss: 1.7343394756317139, validation loss: 7.4802398681640625
2024-04-10 01:53:46.254118:2024-04-10 01:53:46.254044: Current epoch: 215, loss: 1.5069047212600708, validation loss: 6.511974811553955
2024-04-10 01:53:48.572477:2024-04-10 01:53:48.572406: Current epoch: 216, loss: 1.124160647392273, validation loss: 6.579721927642822
2024-04-10 01:53:50.851121:2024-04-10 01:53:50.851047: Current epoch: 217, loss: 1.160141110420227, validation loss: 6.646575450897217
2024-04-10 01:53:53.177619:2024-04-10 01:53:53.177553: Current epoch: 218, loss: 2.089353561401367, validation loss: 6.882259368896484
2024-04-10 01:53:55.426954:2024-04-10 01:53:55.426883: Current epoch: 219, loss: 1.3459872007369995, validation loss: 6.5801496505737305
2024-04-10 01:53:57.791680:2024-04-10 01:53:57.791558: Current epoch: 220, loss: 1.0474026203155518, validation loss: 6.417559623718262
2024-04-10 01:54:00.176465:2024-04-10 01:54:00.176375: Current epoch: 221, loss: 1.1795706748962402, validation loss: 6.5316243171691895
2024-04-10 01:54:02.459526:2024-04-10 01:54:02.459455: Current epoch: 222, loss: 1.201393961906433, validation loss: 6.7065749168396
2024-04-10 01:54:04.733442:2024-04-10 01:54:04.733373: Current epoch: 223, loss: 1.5606353282928467, validation loss: 6.920330047607422
2024-04-10 01:54:06.958775:2024-04-10 01:54:06.958702: Current epoch: 224, loss: 1.2784115076065063, validation loss: 6.976673603057861
2024-04-10 01:54:09.261144:2024-04-10 01:54:09.261072: Current epoch: 225, loss: 1.1729695796966553, validation loss: 6.446734428405762
2024-04-10 01:54:11.493156:2024-04-10 01:54:11.493085: Current epoch: 226, loss: 1.0743988752365112, validation loss: 6.831233978271484
2024-04-10 01:54:13.724956:2024-04-10 01:54:13.724882: Current epoch: 227, loss: 1.3015594482421875, validation loss: 6.644561290740967
2024-04-10 01:54:16.005958:2024-04-10 01:54:16.005887: Current epoch: 228, loss: 1.571040391921997, validation loss: 6.785041332244873
2024-04-10 01:54:18.222077:2024-04-10 01:54:18.222004: Current epoch: 229, loss: 1.900635838508606, validation loss: 7.138721942901611
2024-04-10 01:54:20.459465:2024-04-10 01:54:20.459339: Current epoch: 230, loss: 1.3812888860702515, validation loss: 6.590823650360107
2024-04-10 01:54:22.759316:2024-04-10 01:54:22.759170: Current epoch: 231, loss: 1.3128023147583008, validation loss: 6.541637420654297
2024-04-10 01:54:25.015176:2024-04-10 01:54:25.015089: Current epoch: 232, loss: 1.0509223937988281, validation loss: 6.810125827789307
2024-04-10 01:54:27.385594:2024-04-10 01:54:27.385462: Current epoch: 233, loss: 1.2695484161376953, validation loss: 6.71591329574585
2024-04-10 01:54:29.745986:2024-04-10 01:54:29.745897: Current epoch: 234, loss: 1.0100250244140625, validation loss: 6.665286540985107
2024-04-10 01:54:32.008086:2024-04-10 01:54:32.008011: Current epoch: 235, loss: 0.9640849828720093, validation loss: 6.4033403396606445
2024-04-10 01:54:34.261078:2024-04-10 01:54:34.261006: Current epoch: 236, loss: 1.136773943901062, validation loss: 6.86745023727417
2024-04-10 01:54:36.542318:2024-04-10 01:54:36.542174: Current epoch: 237, loss: 1.162759780883789, validation loss: 6.403418064117432
2024-04-10 01:54:38.857048:2024-04-10 01:54:38.856959: Current epoch: 238, loss: 1.5116928815841675, validation loss: 6.749960422515869
2024-04-10 01:54:41.179871:2024-04-10 01:54:41.179800: Current epoch: 239, loss: 1.621163249015808, validation loss: 7.21458625793457
2024-04-10 01:54:43.496621:2024-04-10 01:54:43.496548: Current epoch: 240, loss: 1.9795180559158325, validation loss: 6.706495761871338
2024-04-10 01:54:45.838063:2024-04-10 01:54:45.837987: Current epoch: 241, loss: 1.2776087522506714, validation loss: 6.700693130493164
2024-04-10 01:54:48.118612:2024-04-10 01:54:48.118539: Current epoch: 242, loss: 1.56501042842865, validation loss: 6.609129428863525
2024-04-10 01:54:50.429694:2024-04-10 01:54:50.429569: Current epoch: 243, loss: 1.3910808563232422, validation loss: 7.067540645599365
2024-04-10 01:54:52.711419:2024-04-10 01:54:52.711345: Current epoch: 244, loss: 1.455165147781372, validation loss: 7.227724552154541
2024-04-10 01:54:55.062812:2024-04-10 01:54:55.062737: Current epoch: 245, loss: 1.1754937171936035, validation loss: 6.513720512390137
2024-04-10 01:54:57.429891:2024-04-10 01:54:57.429816: Current epoch: 246, loss: 0.9292663931846619, validation loss: 6.571287155151367
2024-04-10 01:54:59.769601:2024-04-10 01:54:59.769525: Current epoch: 247, loss: 0.8472779393196106, validation loss: 6.6674699783325195
2024-04-10 01:55:02.122234:2024-04-10 01:55:02.122158: Current epoch: 248, loss: 0.9232723712921143, validation loss: 6.3687262535095215
2024-04-10 01:55:04.400606:2024-04-10 01:55:04.400532: Current epoch: 249, loss: 0.9494770765304565, validation loss: 6.562897682189941
2024-04-10 01:55:08.965389:2024-04-10 01:55:08.965313: Current epoch: 250, loss: 1.1768646240234375, validation loss: 7.146008014678955
2024-04-10 01:55:11.230102:2024-04-10 01:55:11.230028: Current epoch: 251, loss: 1.3430207967758179, validation loss: 7.1123504638671875
2024-04-10 01:55:13.541443:2024-04-10 01:55:13.541371: Current epoch: 252, loss: 2.0580406188964844, validation loss: 6.865727424621582
2024-04-10 01:55:15.788969:2024-04-10 01:55:15.788897: Current epoch: 253, loss: 1.6345620155334473, validation loss: 6.447478294372559
2024-04-10 01:55:18.114753:2024-04-10 01:55:18.114637: Current epoch: 254, loss: 1.1176096200942993, validation loss: 6.401998043060303
2024-04-10 01:55:20.464709:2024-04-10 01:55:20.464645: Current epoch: 255, loss: 0.9414421319961548, validation loss: 6.637070178985596
2024-04-10 01:55:22.812856:2024-04-10 01:55:22.812805: Current epoch: 256, loss: 0.890242338180542, validation loss: 6.271843910217285
2024-04-10 01:55:25.042967:2024-04-10 01:55:25.042875: Current epoch: 257, loss: 0.8676958084106445, validation loss: 6.3758955001831055
2024-04-10 01:55:27.274082:2024-04-10 01:55:27.274009: Current epoch: 258, loss: 0.8681994676589966, validation loss: 6.831779956817627
2024-04-10 01:55:29.481183:2024-04-10 01:55:29.481111: Current epoch: 259, loss: 1.4440929889678955, validation loss: 7.056710720062256
2024-04-10 01:55:31.723384:2024-04-10 01:55:31.723316: Current epoch: 260, loss: 2.574984312057495, validation loss: 6.965729236602783
2024-04-10 01:55:33.938344:2024-04-10 01:55:33.938247: Current epoch: 261, loss: 1.4531011581420898, validation loss: 6.40980339050293
2024-04-10 01:55:36.143791:2024-04-10 01:55:36.143728: Current epoch: 262, loss: 1.1518656015396118, validation loss: 6.382015228271484
2024-04-10 01:55:38.345064:2024-04-10 01:55:38.344990: Current epoch: 263, loss: 0.9307671189308167, validation loss: 6.394212245941162
2024-04-10 01:55:40.571426:2024-04-10 01:55:40.571349: Current epoch: 264, loss: 0.7843705415725708, validation loss: 6.444197654724121
2024-04-10 01:55:42.860890:2024-04-10 01:55:42.860816: Current epoch: 265, loss: 0.8444780707359314, validation loss: 6.504604339599609
2024-04-10 01:55:45.185148:2024-04-10 01:55:45.185023: Current epoch: 266, loss: 0.7997323274612427, validation loss: 6.723785877227783
2024-04-10 01:55:47.475770:2024-04-10 01:55:47.475696: Current epoch: 267, loss: 0.8974399566650391, validation loss: 7.628381252288818
2024-04-10 01:55:49.770545:2024-04-10 01:55:49.770456: Current epoch: 268, loss: 2.196526288986206, validation loss: 7.7089409828186035
2024-04-10 01:55:52.050053:2024-04-10 01:55:52.049978: Current epoch: 269, loss: 1.5296180248260498, validation loss: 6.53092098236084
2024-04-10 01:55:56.521437:2024-04-10 01:55:56.521362: Current epoch: 270, loss: 1.0310795307159424, validation loss: 7.3067731857299805
2024-04-10 01:55:58.755119:2024-04-10 01:55:58.755045: Current epoch: 271, loss: 1.1397172212600708, validation loss: 6.374297618865967
2024-04-10 01:56:01.073148:2024-04-10 01:56:01.073074: Current epoch: 272, loss: 0.9235687255859375, validation loss: 6.754871845245361
2024-04-10 01:56:03.401120:2024-04-10 01:56:03.401048: Current epoch: 273, loss: 1.0601396560668945, validation loss: 6.884652137756348
2024-04-10 01:56:05.742043:2024-04-10 01:56:05.741969: Current epoch: 274, loss: 0.8396375179290771, validation loss: 6.540658473968506
2024-04-10 01:56:08.044146:2024-04-10 01:56:08.044071: Current epoch: 275, loss: 0.9315093159675598, validation loss: 6.971355438232422
2024-04-10 01:56:10.346434:2024-04-10 01:56:10.346370: Current epoch: 276, loss: 2.033550977706909, validation loss: 7.703351020812988
2024-04-10 01:56:12.563921:2024-04-10 01:56:12.563848: Current epoch: 277, loss: 1.3177680969238281, validation loss: 6.35567569732666
2024-04-10 01:56:14.936639:2024-04-10 01:56:14.936567: Current epoch: 278, loss: 1.0643230676651, validation loss: 6.691040992736816
2024-04-10 01:56:17.209405:2024-04-10 01:56:17.209330: Current epoch: 279, loss: 0.8403254151344299, validation loss: 6.5156145095825195
2024-04-10 01:56:21.701987:2024-04-10 01:56:21.701913: Current epoch: 280, loss: 0.8277122974395752, validation loss: 6.531394004821777
2024-04-10 01:56:23.974114:2024-04-10 01:56:23.974036: Current epoch: 281, loss: 1.3559203147888184, validation loss: 6.682678699493408
2024-04-10 01:56:26.311734:2024-04-10 01:56:26.311660: Current epoch: 282, loss: 0.8494583964347839, validation loss: 6.843245506286621
2024-04-10 01:56:28.558164:2024-04-10 01:56:28.558088: Current epoch: 283, loss: 0.7675175666809082, validation loss: 6.507723808288574
2024-04-10 01:56:30.820189:2024-04-10 01:56:30.820138: Current epoch: 284, loss: 0.8242731690406799, validation loss: 6.26012659072876
2024-04-10 01:56:33.076942:2024-04-10 01:56:33.076870: Current epoch: 285, loss: 0.8817026615142822, validation loss: 6.276965618133545
2024-04-10 01:56:35.392757:2024-04-10 01:56:35.392627: Current epoch: 286, loss: 1.101173758506775, validation loss: 6.710753917694092
2024-04-10 01:56:37.675192:2024-04-10 01:56:37.675119: Current epoch: 287, loss: 1.3830782175064087, validation loss: 6.5649213790893555
2024-04-10 01:56:39.964766:2024-04-10 01:56:39.964693: Current epoch: 288, loss: 0.854516863822937, validation loss: 6.311080455780029
2024-04-10 01:56:42.267629:2024-04-10 01:56:42.267570: Current epoch: 289, loss: 0.8272371888160706, validation loss: 6.581467151641846
2024-04-10 01:56:44.555773:2024-04-10 01:56:44.555701: Current epoch: 290, loss: 1.846434235572815, validation loss: 7.13277530670166
2024-04-10 01:56:46.976003:2024-04-10 01:56:46.975929: Current epoch: 291, loss: 0.9596896171569824, validation loss: 6.6081695556640625
2024-04-10 01:56:49.161802:2024-04-10 01:56:49.161712: Current epoch: 292, loss: 0.8408708572387695, validation loss: 6.836159706115723
2024-04-10 01:56:51.377165:2024-04-10 01:56:51.377091: Current epoch: 293, loss: 0.8118265271186829, validation loss: 6.624105930328369
2024-04-10 01:56:53.603552:2024-04-10 01:56:53.603479: Current epoch: 294, loss: 0.7805985808372498, validation loss: 6.501224994659424
2024-04-10 01:56:55.870610:2024-04-10 01:56:55.870536: Current epoch: 295, loss: 1.2549068927764893, validation loss: 6.907278537750244
2024-04-10 01:56:58.141707:2024-04-10 01:56:58.141634: Current epoch: 296, loss: 0.9173428416252136, validation loss: 6.829410076141357
2024-04-10 01:57:00.365695:2024-04-10 01:57:00.365620: Current epoch: 297, loss: 0.8325486183166504, validation loss: 6.527727127075195
2024-04-10 01:57:02.652627:2024-04-10 01:57:02.652553: Current epoch: 298, loss: 0.7240635752677917, validation loss: 6.622067928314209
2024-04-10 01:57:04.912672:2024-04-10 01:57:04.912598: Current epoch: 299, loss: 1.3060458898544312, validation loss: 7.331707000732422
2024-04-10 01:57:07.261828:2024-04-10 01:57:07.261755: Current epoch: 300, loss: 1.8668514490127563, validation loss: 7.448641300201416
2024-04-10 01:57:09.450380:2024-04-10 01:57:09.450311: Current epoch: 301, loss: 1.938230037689209, validation loss: 6.4465460777282715
2024-04-10 01:57:11.722107:2024-04-10 01:57:11.722057: Current epoch: 302, loss: 0.8354824781417847, validation loss: 6.212336540222168
2024-04-10 01:57:13.929232:2024-04-10 01:57:13.929169: Current epoch: 303, loss: 0.7450254559516907, validation loss: 6.433843612670898
2024-04-10 01:57:16.154676:2024-04-10 01:57:16.154528: Current epoch: 304, loss: 0.7519901990890503, validation loss: 6.486763954162598
2024-04-10 01:57:18.482981:2024-04-10 01:57:18.482911: Current epoch: 305, loss: 0.6977939605712891, validation loss: 6.294172763824463
2024-04-10 01:57:20.892868:2024-04-10 01:57:20.892797: Current epoch: 306, loss: 0.7722347378730774, validation loss: 6.319918632507324
2024-04-10 01:57:23.280712:2024-04-10 01:57:23.280637: Current epoch: 307, loss: 0.8568446040153503, validation loss: 6.688608169555664
2024-04-10 01:57:25.599596:2024-04-10 01:57:25.599464: Current epoch: 308, loss: 0.7613396644592285, validation loss: 6.802844047546387
2024-04-10 01:57:27.895241:2024-04-10 01:57:27.895088: Current epoch: 309, loss: 1.50890052318573, validation loss: 6.575469970703125
2024-04-10 01:57:30.129161:2024-04-10 01:57:30.129083: Current epoch: 310, loss: 0.9339656829833984, validation loss: 7.283529758453369
2024-04-10 01:57:32.369769:2024-04-10 01:57:32.369699: Current epoch: 311, loss: 1.03000009059906, validation loss: 7.097256660461426
2024-04-10 01:57:34.639400:2024-04-10 01:57:34.639326: Current epoch: 312, loss: 1.6657594442367554, validation loss: 6.661779880523682
2024-04-10 01:57:36.872891:2024-04-10 01:57:36.872819: Current epoch: 313, loss: 0.8633098006248474, validation loss: 6.363145351409912
2024-04-10 01:57:39.105541:2024-04-10 01:57:39.105415: Current epoch: 314, loss: 0.705304741859436, validation loss: 6.448880195617676
2024-04-10 01:57:41.341525:2024-04-10 01:57:41.341451: Current epoch: 315, loss: 0.9210761189460754, validation loss: 6.868923664093018
2024-04-10 01:57:43.509705:2024-04-10 01:57:43.509630: Current epoch: 316, loss: 0.7084601521492004, validation loss: 6.61536979675293
2024-04-10 01:57:45.790832:2024-04-10 01:57:45.790683: Current epoch: 317, loss: 1.3429725170135498, validation loss: 6.866199493408203
2024-04-10 01:57:48.074946:2024-04-10 01:57:48.074872: Current epoch: 318, loss: 1.3832272291183472, validation loss: 7.436888217926025
2024-04-10 01:57:50.347201:2024-04-10 01:57:50.347126: Current epoch: 319, loss: 0.982568621635437, validation loss: 6.8988752365112305
2024-04-10 01:57:52.645447:2024-04-10 01:57:52.645369: Current epoch: 320, loss: 0.8139854669570923, validation loss: 6.733625888824463
2024-04-10 01:57:54.883256:2024-04-10 01:57:54.883183: Current epoch: 321, loss: 0.6694573760032654, validation loss: 6.614685535430908
2024-04-10 01:57:57.181304:2024-04-10 01:57:57.181136: Current epoch: 322, loss: 0.9113554954528809, validation loss: 6.6457719802856445
2024-04-10 01:57:59.450362:2024-04-10 01:57:59.450256: Current epoch: 323, loss: 0.794430136680603, validation loss: 6.564001560211182
2024-04-10 01:58:01.757459:2024-04-10 01:58:01.757310: Current epoch: 324, loss: 1.260209321975708, validation loss: 6.6842451095581055
2024-04-10 01:58:04.045685:2024-04-10 01:58:04.045610: Current epoch: 325, loss: 1.359869360923767, validation loss: 7.0189595222473145
2024-04-10 01:58:06.281012:2024-04-10 01:58:06.280874: Current epoch: 326, loss: 0.9522812962532043, validation loss: 6.590558052062988
2024-04-10 01:58:08.478750:2024-04-10 01:58:08.478635: Current epoch: 327, loss: 1.0078301429748535, validation loss: 6.4696478843688965
2024-04-10 01:58:10.728376:2024-04-10 01:58:10.728286: Current epoch: 328, loss: 0.7259486317634583, validation loss: 6.572536945343018
2024-04-10 01:58:12.992220:2024-04-10 01:58:12.992148: Current epoch: 329, loss: 0.630658745765686, validation loss: 6.51410436630249
2024-04-10 01:58:17.515804:2024-04-10 01:58:17.515726: Current epoch: 330, loss: 0.7541341781616211, validation loss: 6.781276702880859
2024-04-10 01:58:19.779269:2024-04-10 01:58:19.779196: Current epoch: 331, loss: 0.8383071422576904, validation loss: 6.515711784362793
2024-04-10 01:58:21.991099:2024-04-10 01:58:21.991031: Current epoch: 332, loss: 0.6788354516029358, validation loss: 6.3517584800720215
2024-04-10 01:58:24.094736:2024-04-10 01:58:24.094662: Current epoch: 333, loss: 0.6929858922958374, validation loss: 6.48417854309082
2024-04-10 01:58:26.408743:2024-04-10 01:58:26.408611: Current epoch: 334, loss: 1.609301209449768, validation loss: 7.20796537399292
2024-04-10 01:58:28.695954:2024-04-10 01:58:28.695864: Current epoch: 335, loss: 1.8999146223068237, validation loss: 6.50555419921875
2024-04-10 01:58:30.871705:2024-04-10 01:58:30.871632: Current epoch: 336, loss: 0.7910872101783752, validation loss: 6.457386016845703
2024-04-10 01:58:33.021783:2024-04-10 01:58:33.021708: Current epoch: 337, loss: 0.6064236760139465, validation loss: 6.539041996002197
2024-04-10 01:58:35.220243:2024-04-10 01:58:35.220121: Current epoch: 338, loss: 0.6590154767036438, validation loss: 6.61771297454834
2024-04-10 01:58:37.488623:2024-04-10 01:58:37.488536: Current epoch: 339, loss: 0.6417623162269592, validation loss: 6.577190399169922
2024-04-10 01:58:39.729135:2024-04-10 01:58:39.729062: Current epoch: 340, loss: 0.665966808795929, validation loss: 6.397429943084717
2024-04-10 01:58:41.970722:2024-04-10 01:58:41.970650: Current epoch: 341, loss: 0.6312715411186218, validation loss: 6.2691192626953125
2024-04-10 01:58:44.212186:2024-04-10 01:58:44.212112: Current epoch: 342, loss: 2.0296740531921387, validation loss: 7.3427414894104
2024-04-10 01:58:46.471930:2024-04-10 01:58:46.471851: Current epoch: 343, loss: 2.067089080810547, validation loss: 6.546645641326904
2024-04-10 01:58:48.805607:2024-04-10 01:58:48.805461: Current epoch: 344, loss: 0.973784327507019, validation loss: 6.510261535644531
2024-04-10 01:58:51.096664:2024-04-10 01:58:51.096514: Current epoch: 345, loss: 0.6553094983100891, validation loss: 6.539526462554932
2024-04-10 01:58:53.375581:2024-04-10 01:58:53.375502: Current epoch: 346, loss: 0.851285994052887, validation loss: 6.742254257202148
2024-04-10 01:58:55.639030:2024-04-10 01:58:55.638956: Current epoch: 347, loss: 0.8427507877349854, validation loss: 6.8624677658081055
2024-04-10 01:58:57.897234:2024-04-10 01:58:57.897156: Current epoch: 348, loss: 0.7307981848716736, validation loss: 6.469625473022461
2024-04-10 01:59:00.201193:2024-04-10 01:59:00.201119: Current epoch: 349, loss: 1.1829441785812378, validation loss: 6.841276168823242
2024-04-10 01:59:02.545170:2024-04-10 01:59:02.545037: Current epoch: 350, loss: 0.7328467965126038, validation loss: 6.426044940948486
2024-04-10 01:59:04.862339:2024-04-10 01:59:04.862163: Current epoch: 351, loss: 0.8770717978477478, validation loss: 6.363110542297363
2024-04-10 01:59:07.120640:2024-04-10 01:59:07.120565: Current epoch: 352, loss: 0.6131724715232849, validation loss: 6.4782209396362305
2024-04-10 01:59:09.324494:2024-04-10 01:59:09.324419: Current epoch: 353, loss: 0.6102377772331238, validation loss: 6.466496467590332
2024-04-10 01:59:11.622734:2024-04-10 01:59:11.622659: Current epoch: 354, loss: 1.1146799325942993, validation loss: 6.716934680938721
2024-04-10 01:59:13.835988:2024-04-10 01:59:13.835908: Current epoch: 355, loss: 1.0301812887191772, validation loss: 6.5845232009887695
2024-04-10 01:59:16.132595:2024-04-10 01:59:16.132445: Current epoch: 356, loss: 1.500387191772461, validation loss: 7.283537864685059
2024-04-10 01:59:18.490118:2024-04-10 01:59:18.490029: Current epoch: 357, loss: 5.142039775848389, validation loss: 6.783304214477539
2024-04-10 01:59:20.714052:2024-04-10 01:59:20.713903: Current epoch: 358, loss: 1.0092414617538452, validation loss: 6.5032477378845215
2024-04-10 01:59:23.035051:2024-04-10 01:59:23.034904: Current epoch: 359, loss: 0.770297110080719, validation loss: 6.567378997802734
2024-04-10 01:59:25.266422:2024-04-10 01:59:25.266346: Current epoch: 360, loss: 0.561269223690033, validation loss: 6.381948947906494
2024-04-10 01:59:27.485523:2024-04-10 01:59:27.485450: Current epoch: 361, loss: 0.573613166809082, validation loss: 6.378671646118164
2024-04-10 01:59:29.758428:2024-04-10 01:59:29.758354: Current epoch: 362, loss: 0.5643932819366455, validation loss: 6.455956935882568
2024-04-10 01:59:32.058739:2024-04-10 01:59:32.058664: Current epoch: 363, loss: 0.5773019194602966, validation loss: 6.405609607696533
2024-04-10 01:59:34.444016:2024-04-10 01:59:34.443880: Current epoch: 364, loss: 0.6859044432640076, validation loss: 6.6145195960998535
2024-04-10 01:59:36.746104:2024-04-10 01:59:36.746016: Current epoch: 365, loss: 1.4397114515304565, validation loss: 6.788301467895508
2024-04-10 01:59:38.969969:2024-04-10 01:59:38.969897: Current epoch: 366, loss: 1.8291035890579224, validation loss: 6.620980739593506
2024-04-10 01:59:41.203026:2024-04-10 01:59:41.202892: Current epoch: 367, loss: 0.7919564843177795, validation loss: 6.437029838562012
2024-04-10 01:59:43.419374:2024-04-10 01:59:43.419300: Current epoch: 368, loss: 0.6589385867118835, validation loss: 6.226805210113525
2024-04-10 01:59:45.739385:2024-04-10 01:59:45.739309: Current epoch: 369, loss: 0.567147433757782, validation loss: 6.399213790893555
2024-04-10 01:59:50.360507:2024-04-10 01:59:50.360416: Current epoch: 370, loss: 0.6496008038520813, validation loss: 6.4539899826049805
2024-04-10 01:59:52.719675:2024-04-10 01:59:52.719601: Current epoch: 371, loss: 0.5426406264305115, validation loss: 6.3279032707214355
2024-04-10 01:59:55.031507:2024-04-10 01:59:55.031432: Current epoch: 372, loss: 0.5628553628921509, validation loss: 6.380496025085449
2024-04-10 01:59:57.201991:2024-04-10 01:59:57.201918: Current epoch: 373, loss: 0.9906867742538452, validation loss: 7.355837821960449
2024-04-10 01:59:59.354317:2024-04-10 01:59:59.354217: Current epoch: 374, loss: 1.4357879161834717, validation loss: 6.83049201965332
2024-04-10 02:00:01.590498:2024-04-10 02:00:01.590345: Current epoch: 375, loss: 0.8519167304039001, validation loss: 6.455265998840332
2024-04-10 02:00:03.790182:2024-04-10 02:00:03.790108: Current epoch: 376, loss: 0.6138685345649719, validation loss: 6.539165019989014
2024-04-10 02:00:06.080504:2024-04-10 02:00:06.080431: Current epoch: 377, loss: 0.5801381468772888, validation loss: 6.534194469451904
2024-04-10 02:00:08.312339:2024-04-10 02:00:08.312249: Current epoch: 378, loss: 0.668233335018158, validation loss: 6.547853469848633
2024-04-10 02:00:10.521224:2024-04-10 02:00:10.521151: Current epoch: 379, loss: 0.7944871187210083, validation loss: 6.855044841766357
2024-04-10 02:00:12.811624:2024-04-10 02:00:12.811553: Current epoch: 380, loss: 0.7180099487304688, validation loss: 6.16289758682251
2024-04-10 02:00:15.103560:2024-04-10 02:00:15.103469: Current epoch: 381, loss: 0.6381425261497498, validation loss: 6.368510723114014
2024-04-10 02:00:17.448726:2024-04-10 02:00:17.448650: Current epoch: 382, loss: 0.8383167386054993, validation loss: 6.5716633796691895
2024-04-10 02:00:19.792071:2024-04-10 02:00:19.791954: Current epoch: 383, loss: 0.8784959316253662, validation loss: 6.316960334777832
2024-04-10 02:00:22.043947:2024-04-10 02:00:22.043858: Current epoch: 384, loss: 0.9735382795333862, validation loss: 7.67303991317749
2024-04-10 02:00:24.260460:2024-04-10 02:00:24.260357: Current epoch: 385, loss: 2.083695888519287, validation loss: 6.747923374176025
2024-04-10 02:00:26.519901:2024-04-10 02:00:26.519826: Current epoch: 386, loss: 0.8459625840187073, validation loss: 6.5323944091796875
2024-04-10 02:00:28.635624:2024-04-10 02:00:28.635549: Current epoch: 387, loss: 0.6971869468688965, validation loss: 6.289126873016357
2024-04-10 02:00:30.780916:2024-04-10 02:00:30.780843: Current epoch: 388, loss: 0.5512738227844238, validation loss: 6.361411094665527
2024-04-10 02:00:33.021214:2024-04-10 02:00:33.021138: Current epoch: 389, loss: 0.5081136226654053, validation loss: 6.305456638336182
2024-04-10 02:00:37.566144:2024-04-10 02:00:37.566007: Current epoch: 390, loss: 0.5176206827163696, validation loss: 6.345849990844727
2024-04-10 02:00:39.797007:2024-04-10 02:00:39.796949: Current epoch: 391, loss: 0.7517381906509399, validation loss: 6.447693347930908
2024-04-10 02:00:42.024042:2024-04-10 02:00:42.023951: Current epoch: 392, loss: 0.8101466298103333, validation loss: 6.576761245727539
2024-04-10 02:00:44.258686:2024-04-10 02:00:44.258612: Current epoch: 393, loss: 0.8638514280319214, validation loss: 6.53108024597168
2024-04-10 02:00:46.463920:2024-04-10 02:00:46.463847: Current epoch: 394, loss: 2.8453664779663086, validation loss: 7.371982574462891
2024-04-10 02:00:48.761934:2024-04-10 02:00:48.761858: Current epoch: 395, loss: 1.1909003257751465, validation loss: 6.698599338531494
2024-04-10 02:00:51.099138:2024-04-10 02:00:51.099063: Current epoch: 396, loss: 1.0617201328277588, validation loss: 7.077907562255859
2024-04-10 02:00:53.298376:2024-04-10 02:00:53.298237: Current epoch: 397, loss: 6.82077693939209, validation loss: 7.070909023284912
2024-04-10 02:00:55.613807:2024-04-10 02:00:55.613718: Current epoch: 398, loss: 1.8146367073059082, validation loss: 6.738649368286133
2024-04-10 02:00:57.789601:2024-04-10 02:00:57.789527: Current epoch: 399, loss: 1.121859073638916, validation loss: 6.410863399505615
2024-04-10 02:01:00.075571:2024-04-10 02:01:00.075497: Current epoch: 400, loss: 0.948018491268158, validation loss: 6.356563091278076
2024-04-10 02:01:02.438825:2024-04-10 02:01:02.438751: Current epoch: 401, loss: 0.8224300146102905, validation loss: 6.3494181632995605
2024-04-10 02:01:04.688773:2024-04-10 02:01:04.688699: Current epoch: 402, loss: 0.7693756222724915, validation loss: 6.312592029571533
2024-04-10 02:01:06.919791:2024-04-10 02:01:06.919716: Current epoch: 403, loss: 0.7350280284881592, validation loss: 6.271875381469727
2024-04-10 02:01:09.210798:2024-04-10 02:01:09.210722: Current epoch: 404, loss: 0.6891112923622131, validation loss: 6.345722675323486
2024-04-10 02:01:11.444501:2024-04-10 02:01:11.444428: Current epoch: 405, loss: 0.6930019855499268, validation loss: 6.343006134033203
2024-04-10 02:01:13.810710:2024-04-10 02:01:13.810544: Current epoch: 406, loss: 0.7276191711425781, validation loss: 6.471307277679443
2024-04-10 02:01:16.118956:2024-04-10 02:01:16.118905: Current epoch: 407, loss: 0.6935960650444031, validation loss: 6.115900993347168
2024-04-10 02:01:18.343036:2024-04-10 02:01:18.342963: Current epoch: 408, loss: 0.7632448077201843, validation loss: 6.5543293952941895
2024-04-10 02:01:20.701446:2024-04-10 02:01:20.701370: Current epoch: 409, loss: 0.7713004946708679, validation loss: 6.46314811706543
2024-04-10 02:01:23.005367:2024-04-10 02:01:23.005290: Current epoch: 410, loss: 0.7514652609825134, validation loss: 6.326005935668945
2024-04-10 02:01:25.271365:2024-04-10 02:01:25.271226: Current epoch: 411, loss: 0.733950138092041, validation loss: 6.263260364532471
2024-04-10 02:01:27.544999:2024-04-10 02:01:27.544937: Current epoch: 412, loss: 0.7552218437194824, validation loss: 6.202476978302002
2024-04-10 02:01:29.816626:2024-04-10 02:01:29.816552: Current epoch: 413, loss: 0.7240076661109924, validation loss: 6.558906078338623
2024-04-10 02:01:32.182246:2024-04-10 02:01:32.182173: Current epoch: 414, loss: 0.8000704050064087, validation loss: 6.341302394866943
2024-04-10 02:01:34.420567:2024-04-10 02:01:34.420493: Current epoch: 415, loss: 0.774286150932312, validation loss: 6.371221542358398
2024-04-10 02:01:36.707656:2024-04-10 02:01:36.707582: Current epoch: 416, loss: 0.7654191255569458, validation loss: 6.558839797973633
2024-04-10 02:01:38.982186:2024-04-10 02:01:38.982112: Current epoch: 417, loss: 0.7385390996932983, validation loss: 6.214386463165283
2024-04-10 02:01:41.257367:2024-04-10 02:01:41.257243: Current epoch: 418, loss: 0.7530677914619446, validation loss: 7.01168966293335
2024-04-10 02:01:43.540029:2024-04-10 02:01:43.539954: Current epoch: 419, loss: 0.8394615650177002, validation loss: 6.480636119842529
2024-04-10 02:01:45.817571:2024-04-10 02:01:45.817501: Current epoch: 420, loss: 0.7904047966003418, validation loss: 6.796695709228516
2024-04-10 02:01:48.130907:2024-04-10 02:01:48.130759: Current epoch: 421, loss: 0.9521161913871765, validation loss: 6.440450191497803
2024-04-10 02:01:50.429327:2024-04-10 02:01:50.429235: Current epoch: 422, loss: 0.8383247256278992, validation loss: 6.841360092163086
2024-04-10 02:01:52.690963:2024-04-10 02:01:52.690816: Current epoch: 423, loss: 0.8099973201751709, validation loss: 6.389834403991699
2024-04-10 02:01:54.927220:2024-04-10 02:01:54.927146: Current epoch: 424, loss: 0.7335357069969177, validation loss: 6.49107551574707
2024-04-10 02:01:57.284463:2024-04-10 02:01:57.284314: Current epoch: 425, loss: 0.656064510345459, validation loss: 6.479938983917236
2024-04-10 02:01:59.658634:2024-04-10 02:01:59.658560: Current epoch: 426, loss: 0.7236296534538269, validation loss: 6.214380264282227
2024-04-10 02:02:02.062585:2024-04-10 02:02:02.062512: Current epoch: 427, loss: 0.6867592334747314, validation loss: 6.465670585632324
2024-04-10 02:02:04.421262:2024-04-10 02:02:04.421190: Current epoch: 428, loss: 0.7604855895042419, validation loss: 6.696090221405029
2024-04-10 02:02:06.752554:2024-04-10 02:02:06.752482: Current epoch: 429, loss: 0.7304641604423523, validation loss: 6.566282749176025
2024-04-10 02:02:09.034013:2024-04-10 02:02:09.033887: Current epoch: 430, loss: 0.7173288464546204, validation loss: 6.312047004699707
2024-04-10 02:02:11.378522:2024-04-10 02:02:11.378434: Current epoch: 431, loss: 0.7349384427070618, validation loss: 6.354244232177734
2024-04-10 02:02:13.735022:2024-04-10 02:02:13.734947: Current epoch: 432, loss: 0.8500023484230042, validation loss: 6.74076509475708
2024-04-10 02:02:16.004663:2024-04-10 02:02:16.004593: Current epoch: 433, loss: 0.6333139538764954, validation loss: 6.7039079666137695
2024-04-10 02:02:18.196374:2024-04-10 02:02:18.196290: Current epoch: 434, loss: 0.7078202366828918, validation loss: 6.80289363861084
2024-04-10 02:02:20.565760:2024-04-10 02:02:20.565686: Current epoch: 435, loss: 0.7509469985961914, validation loss: 6.39531946182251
2024-04-10 02:02:22.898757:2024-04-10 02:02:22.898684: Current epoch: 436, loss: 0.6586998105049133, validation loss: 6.409146308898926
2024-04-10 02:02:25.154429:2024-04-10 02:02:25.154330: Current epoch: 437, loss: 0.7668355703353882, validation loss: 7.151022911071777
2024-04-10 02:02:27.428458:2024-04-10 02:02:27.428385: Current epoch: 438, loss: 0.9842514991760254, validation loss: 6.51266622543335
2024-04-10 02:02:29.767207:2024-04-10 02:02:29.767135: Current epoch: 439, loss: 0.6718737483024597, validation loss: 6.715865612030029
2024-04-10 02:02:32.127073:2024-04-10 02:02:32.126999: Current epoch: 440, loss: 0.9167202115058899, validation loss: 6.381059169769287
2024-04-10 02:02:34.455261:2024-04-10 02:02:34.455188: Current epoch: 441, loss: 0.595218300819397, validation loss: 6.459922790527344
2024-04-10 02:02:36.793585:2024-04-10 02:02:36.793512: Current epoch: 442, loss: 0.5702467560768127, validation loss: 6.316012859344482
2024-04-10 02:02:39.131757:2024-04-10 02:02:39.131686: Current epoch: 443, loss: 0.5959345102310181, validation loss: 6.35537576675415
2024-04-10 02:02:41.401699:2024-04-10 02:02:41.401564: Current epoch: 444, loss: 0.599640965461731, validation loss: 6.696532249450684
2024-04-10 02:02:43.640479:2024-04-10 02:02:43.640389: Current epoch: 445, loss: 0.6475046873092651, validation loss: 6.5332231521606445
2024-04-10 02:02:45.910668:2024-04-10 02:02:45.910595: Current epoch: 446, loss: 0.5924099087715149, validation loss: 6.5505146980285645
2024-04-10 02:02:48.120551:2024-04-10 02:02:48.120486: Current epoch: 447, loss: 0.6040937304496765, validation loss: 6.460498809814453
2024-04-10 02:02:50.315862:2024-04-10 02:02:50.315793: Current epoch: 448, loss: 0.635321855545044, validation loss: 6.226756572723389
2024-04-10 02:02:52.573962:2024-04-10 02:02:52.573890: Current epoch: 449, loss: 0.798115074634552, validation loss: 7.177103042602539
2024-04-10 02:02:54.789172:2024-04-10 02:02:54.789098: Current epoch: 450, loss: 0.8189274668693542, validation loss: 6.548823356628418
2024-04-10 02:02:57.054845:2024-04-10 02:02:57.054771: Current epoch: 451, loss: 1.2159355878829956, validation loss: 7.057075023651123
2024-04-10 02:02:59.275417:2024-04-10 02:02:59.275342: Current epoch: 452, loss: 0.8963059782981873, validation loss: 6.482423305511475
2024-04-10 02:03:01.523842:2024-04-10 02:03:01.523776: Current epoch: 453, loss: 0.6276703476905823, validation loss: 6.598237991333008
2024-04-10 02:03:03.775022:2024-04-10 02:03:03.774948: Current epoch: 454, loss: 0.5450515151023865, validation loss: 6.293990612030029
2024-04-10 02:03:06.068248:2024-04-10 02:03:06.068174: Current epoch: 455, loss: 0.5166046023368835, validation loss: 6.34028434753418
2024-04-10 02:03:08.354803:2024-04-10 02:03:08.354743: Current epoch: 456, loss: 0.538590133190155, validation loss: 6.38170862197876
2024-04-10 02:03:10.499047:2024-04-10 02:03:10.498974: Current epoch: 457, loss: 0.6350781917572021, validation loss: 7.198825359344482
2024-04-10 02:03:12.719699:2024-04-10 02:03:12.719627: Current epoch: 458, loss: 0.7531531453132629, validation loss: 6.579555511474609
2024-04-10 02:03:15.048915:2024-04-10 02:03:15.048842: Current epoch: 459, loss: 0.5719859004020691, validation loss: 6.342427730560303
2024-04-10 02:03:17.439877:2024-04-10 02:03:17.439802: Current epoch: 460, loss: 0.6158891916275024, validation loss: 6.4846367835998535
2024-04-10 02:03:19.799552:2024-04-10 02:03:19.799418: Current epoch: 461, loss: 0.5894038677215576, validation loss: 6.362209796905518
2024-04-10 02:03:22.009552:2024-04-10 02:03:22.009482: Current epoch: 462, loss: 0.7699034214019775, validation loss: 6.6727824211120605
2024-04-10 02:03:24.203344:2024-04-10 02:03:24.203244: Current epoch: 463, loss: 1.2913274765014648, validation loss: 6.386913299560547
2024-04-10 02:03:26.471592:2024-04-10 02:03:26.471494: Current epoch: 464, loss: 0.6477207541465759, validation loss: 6.3720574378967285
2024-04-10 02:03:28.674453:2024-04-10 02:03:28.674381: Current epoch: 465, loss: 0.5323646664619446, validation loss: 6.420887470245361
2024-04-10 02:03:31.021021:2024-04-10 02:03:31.020945: Current epoch: 466, loss: 0.5479359030723572, validation loss: 6.42857027053833
2024-04-10 02:03:33.181212:2024-04-10 02:03:33.181131: Current epoch: 467, loss: 0.5752989053726196, validation loss: 6.349120140075684
2024-04-10 02:03:35.397772:2024-04-10 02:03:35.397698: Current epoch: 468, loss: 0.5502327084541321, validation loss: 6.46789026260376
2024-04-10 02:03:37.535559:2024-04-10 02:03:37.535486: Current epoch: 469, loss: 0.5324829816818237, validation loss: 6.429859161376953
2024-04-10 02:03:39.735267:2024-04-10 02:03:39.735198: Current epoch: 470, loss: 0.6691628694534302, validation loss: 7.060070037841797
2024-04-10 02:03:41.876914:2024-04-10 02:03:41.876838: Current epoch: 471, loss: 0.9142135381698608, validation loss: 7.019577503204346
2024-04-10 02:03:44.035269:2024-04-10 02:03:44.035195: Current epoch: 472, loss: 1.7201989889144897, validation loss: 7.1116414070129395
2024-04-10 02:03:46.229128:2024-04-10 02:03:46.229055: Current epoch: 473, loss: 0.7734099626541138, validation loss: 6.532486915588379
2024-04-10 02:03:48.426191:2024-04-10 02:03:48.426059: Current epoch: 474, loss: 0.5162224173545837, validation loss: 6.353132247924805
2024-04-10 02:03:50.637675:2024-04-10 02:03:50.637602: Current epoch: 475, loss: 0.5275694131851196, validation loss: 6.645662784576416
2024-04-10 02:03:52.855866:2024-04-10 02:03:52.855805: Current epoch: 476, loss: 0.5181828141212463, validation loss: 6.625730514526367
2024-04-10 02:03:55.120218:2024-04-10 02:03:55.120143: Current epoch: 477, loss: 0.4802616834640503, validation loss: 6.339320182800293
2024-04-10 02:03:57.424760:2024-04-10 02:03:57.424672: Current epoch: 478, loss: 0.5262778401374817, validation loss: 6.581924915313721
2024-04-10 02:03:59.728204:2024-04-10 02:03:59.728129: Current epoch: 479, loss: 0.65190190076828, validation loss: 6.618949890136719
2024-04-10 02:04:01.927100:2024-04-10 02:04:01.927026: Current epoch: 480, loss: 0.5519958138465881, validation loss: 6.664422512054443
2024-04-10 02:04:04.182749:2024-04-10 02:04:04.182680: Current epoch: 481, loss: 0.5237587094306946, validation loss: 6.559719085693359
2024-04-10 02:04:06.424434:2024-04-10 02:04:06.424364: Current epoch: 482, loss: 0.5578852295875549, validation loss: 6.56265115737915
2024-04-10 02:04:08.606548:2024-04-10 02:04:08.606482: Current epoch: 483, loss: 0.533642590045929, validation loss: 6.478299140930176
2024-04-10 02:04:10.752252:2024-04-10 02:04:10.752180: Current epoch: 484, loss: 0.8388896584510803, validation loss: 6.923585414886475
2024-04-10 02:04:12.963403:2024-04-10 02:04:12.963363: Current epoch: 485, loss: 0.5599871277809143, validation loss: 6.653405666351318
2024-04-10 02:04:15.204482:2024-04-10 02:04:15.204411: Current epoch: 486, loss: 1.277163028717041, validation loss: 6.645261287689209
2024-04-10 02:04:17.448074:2024-04-10 02:04:17.448001: Current epoch: 487, loss: 0.6261299848556519, validation loss: 6.942951679229736
2024-04-10 02:04:19.699418:2024-04-10 02:04:19.699238: Current epoch: 488, loss: 0.5558201670646667, validation loss: 6.46348762512207
2024-04-10 02:04:22.037553:2024-04-10 02:04:22.037479: Current epoch: 489, loss: 0.5147947072982788, validation loss: 6.330080986022949
2024-04-10 02:04:24.368924:2024-04-10 02:04:24.368849: Current epoch: 490, loss: 0.48339909315109253, validation loss: 6.776728630065918
2024-04-10 02:04:26.695787:2024-04-10 02:04:26.695715: Current epoch: 491, loss: 0.4821387529373169, validation loss: 6.368086814880371
2024-04-10 02:04:29.012528:2024-04-10 02:04:29.012459: Current epoch: 492, loss: 0.47556179761886597, validation loss: 6.570858478546143
2024-04-10 02:04:31.402586:2024-04-10 02:04:31.402514: Current epoch: 493, loss: 1.3539447784423828, validation loss: 7.030605792999268
2024-04-10 02:04:33.810449:2024-04-10 02:04:33.810373: Current epoch: 494, loss: 0.9647343754768372, validation loss: 6.3991289138793945
2024-04-10 02:04:36.197265:2024-04-10 02:04:36.197115: Current epoch: 495, loss: 0.609312117099762, validation loss: 6.525753974914551
2024-04-10 02:04:38.449485:2024-04-10 02:04:38.449411: Current epoch: 496, loss: 0.5809362530708313, validation loss: 6.492673397064209
2024-04-10 02:04:40.734434:2024-04-10 02:04:40.734363: Current epoch: 497, loss: 0.4757111966609955, validation loss: 6.473394870758057
2024-04-10 02:04:43.027914:2024-04-10 02:04:43.027840: Current epoch: 498, loss: 0.4889221489429474, validation loss: 6.3370442390441895
2024-04-10 02:04:45.427967:2024-04-10 02:04:45.427821: Current epoch: 499, loss: 0.5120285153388977, validation loss: 6.397021293640137
2024-04-10 02:04:47.820983:2024-04-10 02:04:47.820911: Current epoch: 500, loss: 0.4835934638977051, validation loss: 6.365717887878418
2024-04-10 02:04:50.195241:2024-04-10 02:04:50.195151: Current epoch: 501, loss: 0.44609013199806213, validation loss: 6.2777814865112305
2024-04-10 02:04:52.569941:2024-04-10 02:04:52.569867: Current epoch: 502, loss: 0.4835449755191803, validation loss: 6.30543327331543
2024-04-10 02:04:54.909531:2024-04-10 02:04:54.909454: Current epoch: 503, loss: 0.4707798361778259, validation loss: 6.407769203186035
2024-04-10 02:04:57.293307:2024-04-10 02:04:57.293216: Current epoch: 504, loss: 0.545932948589325, validation loss: 7.057947635650635
2024-04-10 02:04:59.590679:2024-04-10 02:04:59.590606: Current epoch: 505, loss: 1.5576153993606567, validation loss: 7.542892932891846
2024-04-10 02:05:01.948723:2024-04-10 02:05:01.948664: Current epoch: 506, loss: 1.2187809944152832, validation loss: 6.555411338806152
2024-04-10 02:05:04.308383:2024-04-10 02:05:04.308328: Current epoch: 507, loss: 0.5701755881309509, validation loss: 6.396335601806641
2024-04-10 02:05:04.522164:the test error is  [6.875402450561523, 6.875402450561523]
2024-04-10 02:05:06.882822:saved model to sample/bert-base-uncased_chemnlp_prop_slme
2024-04-10 02:05:07.194838:done