
2024-03-20 20:39:49.556826:job config: {'train_data_path': '/data/yll6162/alignntl_dft_3d/tl_dataset/dataset_bert-base-uncased_robo_prop_Tc_supercon_train.csv', 'val_data_path': '/data/yll6162/alignntl_dft_3d/tl_dataset/dataset_bert-base-uncased_robo_prop_Tc_supercon_val.csv', 'test_data_path': '/data/yll6162/alignntl_dft_3d/tl_dataset/dataset_bert-base-uncased_robo_prop_Tc_supercon_test.csv', 'label': 'Tc_supercon', 'input_type': None, 'log_folder': 'log', 'log_file': 'bert-base-uncased_robo_prop_Tc_supercon.log', 'test_metric': 'mae', 'architecture': '1024Rx4D-512Rx3D-256Rx3D-128Rx3D-64Rx2-32Rx1-1', 'model_seed': 0, 'loss_type': 'mae', 'config_file': 'sample/bert-base-uncased_robo_prop_Tc_supercon_job.config', 'use_valid': True, 'project': 'MOF', 'regressors': None, 'input_types': None, 'paramsGrid': {'optimizer': 'Adam', 'learning_rate': 0.0001, 'patience': 100, 'dropouts': [0.8, 0.9, 0.7, 0.8], 'EVAL_FREQUENCY': 1000}, 'save_path': 'sample/bert-base-uncased_robo_prop_Tc_supercon', 'model_path': None, 'last_layer_with_weight': True, 'keras_path': 'model/bert-base-uncased_robo_prop_Tc_supercon', 'test_size': 0.1, 'val_size': 0.1}
2024-03-20 20:39:49.556907:train data path is  /data/yll6162/alignntl_dft_3d/tl_dataset/dataset_bert-base-uncased_robo_prop_Tc_supercon_train.csv
2024-03-20 20:39:49.785756:input attribute sets are:  None
2024-03-20 20:39:49.786176:test data path is  /data/yll6162/alignntl_dft_3d/tl_dataset/dataset_bert-base-uncased_robo_prop_Tc_supercon_test.csv
2024-03-20 20:39:49.865793:val data path is  /data/yll6162/alignntl_dft_3d/tl_dataset/dataset_bert-base-uncased_robo_prop_Tc_supercon_val.csv
2024-03-20 20:39:49.987340:input attributes are:  Index(['0', '1', '2', '3', '4', '5', '6', '7', '8', '9',
       ...
       '758', '759', '760', '761', '762', '763', '764', '765', '766', '767'],
      dtype='object', length=768)
2024-03-20 20:39:49.987471:label: Tc_supercon
2024-03-20 20:39:57.918267: train, test, valid sizes:  (842, 768) (842,) (106, 768) (106,) (106, 768) (106,)
2024-03-20 20:39:57.921877:train matrix shape of train_X:  (842, 768)  train_y:  (842,)
2024-03-20 20:39:57.921990:valid matrix shape of train_X:  (106, 768)  valid_y:  (106,)
2024-03-20 20:39:57.922033:test matrix shape of valid_X:   (106, 768)  test_y:  (106,)
2024-03-20 20:39:57.922071:architecture is:  1024Rx4D-512Rx3D-256Rx3D-128Rx3D-64Rx2-32Rx1-1
2024-03-20 20:39:57.922111:learning rate is  0.0001
2024-03-20 20:39:57.922147:model path is  None
2024-03-20 20:39:57.931169:adding fully connected layers with 1024 outputs
2024-03-20 20:39:58.445149:adding residual with fc as the size are different
2024-03-20 20:39:58.452811:adding fully connected layers with 1024 outputs
2024-03-20 20:39:58.458726:adding residual, both sizes are same
2024-03-20 20:39:58.460934:adding fully connected layers with 1024 outputs
2024-03-20 20:39:58.466623:adding residual, both sizes are same
2024-03-20 20:39:58.468738:adding fully connected layers with 1024 outputs
2024-03-20 20:39:58.473982:adding residual, both sizes are same
2024-03-20 20:39:58.476040:adding dropout 0.8
2024-03-20 20:39:58.481162:adding fully connected layers with 512 outputs
2024-03-20 20:39:58.490452:adding residual with fc as the size are different
2024-03-20 20:39:58.498681:adding fully connected layers with 512 outputs
2024-03-20 20:39:58.508427:adding residual, both sizes are same
2024-03-20 20:39:58.510682:adding fully connected layers with 512 outputs
2024-03-20 20:39:58.516369:adding residual, both sizes are same
2024-03-20 20:39:58.518485:adding dropout 0.9
2024-03-20 20:39:58.520272:adding fully connected layers with 256 outputs
2024-03-20 20:39:58.534712:adding residual with fc as the size are different
2024-03-20 20:39:58.545128:adding fully connected layers with 256 outputs
2024-03-20 20:39:58.555429:adding residual, both sizes are same
2024-03-20 20:39:58.558052:adding fully connected layers with 256 outputs
2024-03-20 20:39:58.565028:adding residual, both sizes are same
2024-03-20 20:39:58.567591:adding dropout 0.7
2024-03-20 20:39:58.569844:adding fully connected layers with 128 outputs
2024-03-20 20:39:58.577508:adding residual with fc as the size are different
2024-03-20 20:39:58.587693:adding fully connected layers with 128 outputs
2024-03-20 20:39:58.595239:adding residual, both sizes are same
2024-03-20 20:39:58.598135:adding fully connected layers with 128 outputs
2024-03-20 20:39:58.604856:adding residual, both sizes are same
2024-03-20 20:39:58.607842:adding dropout 0.8
2024-03-20 20:39:58.609998:adding fully connected layers with 64 outputs
2024-03-20 20:39:58.616806:adding residual with fc as the size are different
2024-03-20 20:39:58.626291:adding fully connected layers with 64 outputs
2024-03-20 20:39:58.633906:adding residual, both sizes are same
2024-03-20 20:39:58.636654:adding fully connected layers with 32 outputs
2024-03-20 20:39:58.644744:adding residual with fc as the size are different
2024-03-20 20:39:58.654747:adding final layer with 1 output
2024-03-20 20:39:58.670806:Model: "ElemNet"
2024-03-20 20:39:58.670974:__________________________________________________________________________________________________
2024-03-20 20:39:58.671043:Layer (type)                    Output Shape         Param #     Connected to                     
2024-03-20 20:39:58.671095:==================================================================================================
2024-03-20 20:39:58.671417:elemental_fractions (InputLayer [(None, 768)]        0                                            
2024-03-20 20:39:58.671493:__________________________________________________________________________________________________
2024-03-20 20:39:58.671720:fc0_0 (Dense)                   (None, 1024)         787456      elemental_fractions[0][0]        
2024-03-20 20:39:58.671780:__________________________________________________________________________________________________
2024-03-20 20:39:58.671925:fc0_dim_0 (Dense)               (None, 1024)         787456      elemental_fractions[0][0]        
2024-03-20 20:39:58.671981:__________________________________________________________________________________________________
2024-03-20 20:39:58.672092:tf.__operators__.add (TFOpLambd (None, 1024)         0           fc0_0[0][0]                      
2024-03-20 20:39:58.672149:                                                                 fc0_dim_0[0][0]                  
2024-03-20 20:39:58.672199:__________________________________________________________________________________________________
2024-03-20 20:39:58.672339:fc0_1 (Dense)                   (None, 1024)         1049600     tf.__operators__.add[0][0]       
2024-03-20 20:39:58.672394:__________________________________________________________________________________________________
2024-03-20 20:39:58.672507:tf.__operators__.add_1 (TFOpLam (None, 1024)         0           fc0_1[0][0]                      
2024-03-20 20:39:58.672564:                                                                 tf.__operators__.add[0][0]       
2024-03-20 20:39:58.672615:__________________________________________________________________________________________________
2024-03-20 20:39:58.672753:fc0_2 (Dense)                   (None, 1024)         1049600     tf.__operators__.add_1[0][0]     
2024-03-20 20:39:58.672808:__________________________________________________________________________________________________
2024-03-20 20:39:58.672909:tf.__operators__.add_2 (TFOpLam (None, 1024)         0           fc0_2[0][0]                      
2024-03-20 20:39:58.672965:                                                                 tf.__operators__.add_1[0][0]     
2024-03-20 20:39:58.673013:__________________________________________________________________________________________________
2024-03-20 20:39:58.673147:fc0_3 (Dense)                   (None, 1024)         1049600     tf.__operators__.add_2[0][0]     
2024-03-20 20:39:58.673201:__________________________________________________________________________________________________
2024-03-20 20:39:58.673303:tf.__operators__.add_3 (TFOpLam (None, 1024)         0           fc0_3[0][0]                      
2024-03-20 20:39:58.673359:                                                                 tf.__operators__.add_2[0][0]     
2024-03-20 20:39:58.673418:__________________________________________________________________________________________________
2024-03-20 20:39:58.673533:dropout (Dropout)               (None, 1024)         0           tf.__operators__.add_3[0][0]     
2024-03-20 20:39:58.673584:__________________________________________________________________________________________________
2024-03-20 20:39:58.673727:fc1_0 (Dense)                   (None, 512)          524800      dropout[0][0]                    
2024-03-20 20:39:58.673781:__________________________________________________________________________________________________
2024-03-20 20:39:58.673918:fc1_dim_0 (Dense)               (None, 512)          524800      dropout[0][0]                    
2024-03-20 20:39:58.673974:__________________________________________________________________________________________________
2024-03-20 20:39:58.674076:tf.__operators__.add_4 (TFOpLam (None, 512)          0           fc1_0[0][0]                      
2024-03-20 20:39:58.674132:                                                                 fc1_dim_0[0][0]                  
2024-03-20 20:39:58.674180:__________________________________________________________________________________________________
2024-03-20 20:39:58.674313:fc1_1 (Dense)                   (None, 512)          262656      tf.__operators__.add_4[0][0]     
2024-03-20 20:39:58.674366:__________________________________________________________________________________________________
2024-03-20 20:39:58.674474:tf.__operators__.add_5 (TFOpLam (None, 512)          0           fc1_1[0][0]                      
2024-03-20 20:39:58.674531:                                                                 tf.__operators__.add_4[0][0]     
2024-03-20 20:39:58.676019:__________________________________________________________________________________________________
2024-03-20 20:39:58.676263:fc1_2 (Dense)                   (None, 512)          262656      tf.__operators__.add_5[0][0]     
2024-03-20 20:39:58.676325:__________________________________________________________________________________________________
2024-03-20 20:39:58.676441:tf.__operators__.add_6 (TFOpLam (None, 512)          0           fc1_2[0][0]                      
2024-03-20 20:39:58.676509:                                                                 tf.__operators__.add_5[0][0]     
2024-03-20 20:39:58.676564:__________________________________________________________________________________________________
2024-03-20 20:39:58.676671:dropout_1 (Dropout)             (None, 512)          0           tf.__operators__.add_6[0][0]     
2024-03-20 20:39:58.676723:__________________________________________________________________________________________________
2024-03-20 20:39:58.676866:fc2_0 (Dense)                   (None, 256)          131328      dropout_1[0][0]                  
2024-03-20 20:39:58.676921:__________________________________________________________________________________________________
2024-03-20 20:39:58.677063:fc2_dim_0 (Dense)               (None, 256)          131328      dropout_1[0][0]                  
2024-03-20 20:39:58.677118:__________________________________________________________________________________________________
2024-03-20 20:39:58.677221:tf.__operators__.add_7 (TFOpLam (None, 256)          0           fc2_0[0][0]                      
2024-03-20 20:39:58.677278:                                                                 fc2_dim_0[0][0]                  
2024-03-20 20:39:58.677325:__________________________________________________________________________________________________
2024-03-20 20:39:58.677471:fc2_1 (Dense)                   (None, 256)          65792       tf.__operators__.add_7[0][0]     
2024-03-20 20:39:58.677539:__________________________________________________________________________________________________
2024-03-20 20:39:58.677680:tf.__operators__.add_8 (TFOpLam (None, 256)          0           fc2_1[0][0]                      
2024-03-20 20:39:58.677777:                                                                 tf.__operators__.add_7[0][0]     
2024-03-20 20:39:58.677842:__________________________________________________________________________________________________
2024-03-20 20:39:58.678032:fc2_2 (Dense)                   (None, 256)          65792       tf.__operators__.add_8[0][0]     
2024-03-20 20:39:58.678094:__________________________________________________________________________________________________
2024-03-20 20:39:58.678201:tf.__operators__.add_9 (TFOpLam (None, 256)          0           fc2_2[0][0]                      
2024-03-20 20:39:58.678258:                                                                 tf.__operators__.add_8[0][0]     
2024-03-20 20:39:58.678306:__________________________________________________________________________________________________
2024-03-20 20:39:58.678404:dropout_2 (Dropout)             (None, 256)          0           tf.__operators__.add_9[0][0]     
2024-03-20 20:39:58.678453:__________________________________________________________________________________________________
2024-03-20 20:39:58.678600:fc3_0 (Dense)                   (None, 128)          32896       dropout_2[0][0]                  
2024-03-20 20:39:58.678653:__________________________________________________________________________________________________
2024-03-20 20:39:58.678788:fc3_dim_0 (Dense)               (None, 128)          32896       dropout_2[0][0]                  
2024-03-20 20:39:58.678841:__________________________________________________________________________________________________
2024-03-20 20:39:58.678944:tf.__operators__.add_10 (TFOpLa (None, 128)          0           fc3_0[0][0]                      
2024-03-20 20:39:58.679000:                                                                 fc3_dim_0[0][0]                  
2024-03-20 20:39:58.679048:__________________________________________________________________________________________________
2024-03-20 20:39:58.679182:fc3_1 (Dense)                   (None, 128)          16512       tf.__operators__.add_10[0][0]    
2024-03-20 20:39:58.679235:__________________________________________________________________________________________________
2024-03-20 20:39:58.679335:tf.__operators__.add_11 (TFOpLa (None, 128)          0           fc3_1[0][0]                      
2024-03-20 20:39:58.679391:                                                                 tf.__operators__.add_10[0][0]    
2024-03-20 20:39:58.679437:__________________________________________________________________________________________________
2024-03-20 20:39:58.679580:fc3_2 (Dense)                   (None, 128)          16512       tf.__operators__.add_11[0][0]    
2024-03-20 20:39:58.679633:__________________________________________________________________________________________________
2024-03-20 20:39:58.679737:tf.__operators__.add_12 (TFOpLa (None, 128)          0           fc3_2[0][0]                      
2024-03-20 20:39:58.679794:                                                                 tf.__operators__.add_11[0][0]    
2024-03-20 20:39:58.679842:__________________________________________________________________________________________________
2024-03-20 20:39:58.679939:dropout_3 (Dropout)             (None, 128)          0           tf.__operators__.add_12[0][0]    
2024-03-20 20:39:58.679990:__________________________________________________________________________________________________
2024-03-20 20:39:58.681872:fc4_0 (Dense)                   (None, 64)           8256        dropout_3[0][0]                  
2024-03-20 20:39:58.681968:__________________________________________________________________________________________________
2024-03-20 20:39:58.682151:fc4_dim_0 (Dense)               (None, 64)           8256        dropout_3[0][0]                  
2024-03-20 20:39:58.682210:__________________________________________________________________________________________________
2024-03-20 20:39:58.682321:tf.__operators__.add_13 (TFOpLa (None, 64)           0           fc4_0[0][0]                      
2024-03-20 20:39:58.682394:                                                                 fc4_dim_0[0][0]                  
2024-03-20 20:39:58.682443:__________________________________________________________________________________________________
2024-03-20 20:39:58.682594:fc4_1 (Dense)                   (None, 64)           4160        tf.__operators__.add_13[0][0]    
2024-03-20 20:39:58.682648:__________________________________________________________________________________________________
2024-03-20 20:39:58.682751:tf.__operators__.add_14 (TFOpLa (None, 64)           0           fc4_1[0][0]                      
2024-03-20 20:39:58.682810:                                                                 tf.__operators__.add_13[0][0]    
2024-03-20 20:39:58.682858:__________________________________________________________________________________________________
2024-03-20 20:39:58.682995:fc5_0 (Dense)                   (None, 32)           2080        tf.__operators__.add_14[0][0]    
2024-03-20 20:39:58.683048:__________________________________________________________________________________________________
2024-03-20 20:39:58.683183:fc5_dim_0 (Dense)               (None, 32)           2080        tf.__operators__.add_14[0][0]    
2024-03-20 20:39:58.683237:__________________________________________________________________________________________________
2024-03-20 20:39:58.683337:tf.__operators__.add_15 (TFOpLa (None, 32)           0           fc5_0[0][0]                      
2024-03-20 20:39:58.683393:                                                                 fc5_dim_0[0][0]                  
2024-03-20 20:39:58.683440:__________________________________________________________________________________________________
2024-03-20 20:39:58.683584:fc6 (Dense)                     (None, 1)            33          tf.__operators__.add_15[0][0]    
2024-03-20 20:39:58.683639:==================================================================================================
2024-03-20 20:39:58.684591:Total params: 6,816,545
2024-03-20 20:39:58.684655:Trainable params: 6,816,545
2024-03-20 20:39:58.684707:Non-trainable params: 0
2024-03-20 20:39:58.684755:__________________________________________________________________________________________________
2024-03-20 20:39:58.703707:start training
2024-03-20 20:40:01.399895:2024-03-20 20:40:01.399827: Current epoch: 0, loss: 11.695464134216309, validation loss: 3.5572268962860107
2024-03-20 20:40:01.777025:2024-03-20 20:40:01.776969: Current epoch: 1, loss: 5.332884788513184, validation loss: 2.8801591396331787
2024-03-20 20:40:02.130319:2024-03-20 20:40:02.130249: Current epoch: 2, loss: 4.321213722229004, validation loss: 5.973764896392822
2024-03-20 20:40:02.591965:2024-03-20 20:40:02.591888: Current epoch: 3, loss: 3.846606969833374, validation loss: 2.645947217941284
2024-03-20 20:40:02.903068:2024-03-20 20:40:02.902824: Current epoch: 4, loss: 3.265760898590088, validation loss: 2.518331527709961
2024-03-20 20:40:03.120590:2024-03-20 20:40:03.120532: Current epoch: 5, loss: 3.082153558731079, validation loss: 2.504615068435669
2024-03-20 20:40:03.503955:2024-03-20 20:40:03.503897: Current epoch: 6, loss: 3.119163751602173, validation loss: 2.8294644355773926
2024-03-20 20:40:03.889578:2024-03-20 20:40:03.889516: Current epoch: 7, loss: 3.1384453773498535, validation loss: 2.396733283996582
2024-03-20 20:40:04.184337:2024-03-20 20:40:04.184292: Current epoch: 8, loss: 2.996716022491455, validation loss: 2.816483497619629
2024-03-20 20:40:04.453831:2024-03-20 20:40:04.453789: Current epoch: 9, loss: 3.0189406871795654, validation loss: 2.4953396320343018
2024-03-20 20:40:09.193600:2024-03-20 20:40:09.193525: Current epoch: 10, loss: 3.307905673980713, validation loss: 2.4156076908111572
2024-03-20 20:40:09.590189:2024-03-20 20:40:09.590125: Current epoch: 11, loss: 3.222487211227417, validation loss: 3.2982590198516846
2024-03-20 20:40:09.899716:2024-03-20 20:40:09.899642: Current epoch: 12, loss: 3.375614643096924, validation loss: 3.2563841342926025
2024-03-20 20:40:10.132170:2024-03-20 20:40:10.132129: Current epoch: 13, loss: 3.0882256031036377, validation loss: 2.9096262454986572
2024-03-20 20:40:10.522799:2024-03-20 20:40:10.522741: Current epoch: 14, loss: 3.1315767765045166, validation loss: 2.3983254432678223
2024-03-20 20:40:10.898221:2024-03-20 20:40:10.898177: Current epoch: 15, loss: 2.835632801055908, validation loss: 2.7579386234283447
2024-03-20 20:40:11.353117:2024-03-20 20:40:11.353070: Current epoch: 16, loss: 3.1280112266540527, validation loss: 2.446009397506714
2024-03-20 20:40:11.697431:2024-03-20 20:40:11.697373: Current epoch: 17, loss: 3.0202908515930176, validation loss: 3.045039653778076
2024-03-20 20:40:11.997128:2024-03-20 20:40:11.997030: Current epoch: 18, loss: 2.918487071990967, validation loss: 2.56921648979187
2024-03-20 20:40:12.380325:2024-03-20 20:40:12.380251: Current epoch: 19, loss: 2.9732844829559326, validation loss: 2.5874106884002686
2024-03-20 20:40:12.766157:2024-03-20 20:40:12.766121: Current epoch: 20, loss: 2.701432943344116, validation loss: 2.6306276321411133
2024-03-20 20:40:13.165300:2024-03-20 20:40:13.165221: Current epoch: 21, loss: 2.9067695140838623, validation loss: 2.6920511722564697
2024-03-20 20:40:13.557621:2024-03-20 20:40:13.557546: Current epoch: 22, loss: 2.612210750579834, validation loss: 2.745218515396118
2024-03-20 20:40:13.881276:2024-03-20 20:40:13.881210: Current epoch: 23, loss: 2.7924630641937256, validation loss: 2.5381388664245605
2024-03-20 20:40:14.304117:2024-03-20 20:40:14.304042: Current epoch: 24, loss: 2.874846935272217, validation loss: 2.635540723800659
2024-03-20 20:40:14.688800:2024-03-20 20:40:14.688756: Current epoch: 25, loss: 2.73177433013916, validation loss: 2.442039728164673
2024-03-20 20:40:15.134271:2024-03-20 20:40:15.134203: Current epoch: 26, loss: 2.61081862449646, validation loss: 2.5846118927001953
2024-03-20 20:40:15.552741:2024-03-20 20:40:15.552678: Current epoch: 27, loss: 2.537109375, validation loss: 2.6649317741394043
2024-03-20 20:40:15.929688:2024-03-20 20:40:15.929625: Current epoch: 28, loss: 2.5409364700317383, validation loss: 2.5244667530059814
2024-03-20 20:40:16.360366:2024-03-20 20:40:16.360324: Current epoch: 29, loss: 2.573259115219116, validation loss: 2.5150210857391357
2024-03-20 20:40:16.848794:2024-03-20 20:40:16.848736: Current epoch: 30, loss: 2.5843400955200195, validation loss: 2.696380853652954
2024-03-20 20:40:17.236712:2024-03-20 20:40:17.236664: Current epoch: 31, loss: 2.5185115337371826, validation loss: 2.505774736404419
2024-03-20 20:40:17.661587:2024-03-20 20:40:17.661513: Current epoch: 32, loss: 2.5212948322296143, validation loss: 2.4969570636749268
2024-03-20 20:40:17.982419:2024-03-20 20:40:17.982352: Current epoch: 33, loss: 2.502354621887207, validation loss: 2.4591941833496094
2024-03-20 20:40:18.204108:2024-03-20 20:40:18.204068: Current epoch: 34, loss: 2.43776273727417, validation loss: 2.5184876918792725
2024-03-20 20:40:18.512744:2024-03-20 20:40:18.512687: Current epoch: 35, loss: 2.3966710567474365, validation loss: 2.52810001373291
2024-03-20 20:40:18.868275:2024-03-20 20:40:18.868231: Current epoch: 36, loss: 2.477106809616089, validation loss: 2.465135097503662
2024-03-20 20:40:19.211171:2024-03-20 20:40:19.211061: Current epoch: 37, loss: 2.4725775718688965, validation loss: 2.457364320755005
2024-03-20 20:40:19.554988:2024-03-20 20:40:19.554896: Current epoch: 38, loss: 2.396070718765259, validation loss: 3.078979969024658
2024-03-20 20:40:19.875105:2024-03-20 20:40:19.874907: Current epoch: 39, loss: 2.6009364128112793, validation loss: 2.5623269081115723
2024-03-20 20:40:20.190083:2024-03-20 20:40:20.190006: Current epoch: 40, loss: 2.4134113788604736, validation loss: 2.3188841342926025
2024-03-20 20:40:20.539507:2024-03-20 20:40:20.539428: Current epoch: 41, loss: 2.3537380695343018, validation loss: 2.8556294441223145
2024-03-20 20:40:20.874140:2024-03-20 20:40:20.874087: Current epoch: 42, loss: 2.419738292694092, validation loss: 2.558485507965088
2024-03-20 20:40:21.198799:2024-03-20 20:40:21.198764: Current epoch: 43, loss: 2.449199914932251, validation loss: 3.0198886394500732
2024-03-20 20:40:21.518976:2024-03-20 20:40:21.518941: Current epoch: 44, loss: 2.517249584197998, validation loss: 2.506817579269409
2024-03-20 20:40:21.698710:2024-03-20 20:40:21.698496: Current epoch: 45, loss: 2.212247610092163, validation loss: 2.5442676544189453
2024-03-20 20:40:21.893905:2024-03-20 20:40:21.893858: Current epoch: 46, loss: 2.3638694286346436, validation loss: 2.701904773712158
2024-03-20 20:40:22.252770:2024-03-20 20:40:22.252693: Current epoch: 47, loss: 2.2441365718841553, validation loss: 2.345759153366089
2024-03-20 20:40:22.667162:2024-03-20 20:40:22.667116: Current epoch: 48, loss: 2.3104703426361084, validation loss: 2.5834834575653076
2024-03-20 20:40:23.155167:2024-03-20 20:40:23.155123: Current epoch: 49, loss: 2.1103034019470215, validation loss: 2.5213284492492676
2024-03-20 20:40:23.557733:2024-03-20 20:40:23.557685: Current epoch: 50, loss: 2.0545239448547363, validation loss: 2.319385528564453
2024-03-20 20:40:23.906904:2024-03-20 20:40:23.906849: Current epoch: 51, loss: 2.1305935382843018, validation loss: 2.5602362155914307
2024-03-20 20:40:24.341344:2024-03-20 20:40:24.340953: Current epoch: 52, loss: 2.0759544372558594, validation loss: 2.302969455718994
2024-03-20 20:40:24.578642:2024-03-20 20:40:24.578601: Current epoch: 53, loss: 2.0301833152770996, validation loss: 2.497490644454956
2024-03-20 20:40:24.785869:2024-03-20 20:40:24.785801: Current epoch: 54, loss: 2.0218048095703125, validation loss: 2.415726661682129
2024-03-20 20:40:25.145144:2024-03-20 20:40:25.145080: Current epoch: 55, loss: 2.1857566833496094, validation loss: 2.583359956741333
2024-03-20 20:40:25.539545:2024-03-20 20:40:25.539487: Current epoch: 56, loss: 2.3250954151153564, validation loss: 2.4568843841552734
2024-03-20 20:40:25.877919:2024-03-20 20:40:25.877873: Current epoch: 57, loss: 2.1473560333251953, validation loss: 2.4869611263275146
2024-03-20 20:40:26.281894:2024-03-20 20:40:26.281858: Current epoch: 58, loss: 2.138105630874634, validation loss: 2.419114351272583
2024-03-20 20:40:26.767765:2024-03-20 20:40:26.767519: Current epoch: 59, loss: 2.077726364135742, validation loss: 2.2295804023742676
2024-03-20 20:40:31.006504:2024-03-20 20:40:31.006442: Current epoch: 60, loss: 1.982893466949463, validation loss: 2.5083091259002686
2024-03-20 20:40:31.478450:2024-03-20 20:40:31.478385: Current epoch: 61, loss: 1.8615237474441528, validation loss: 2.6316747665405273
2024-03-20 20:40:31.936744:2024-03-20 20:40:31.936701: Current epoch: 62, loss: 2.01560115814209, validation loss: 2.703308582305908
2024-03-20 20:40:32.295333:2024-03-20 20:40:32.295295: Current epoch: 63, loss: 1.9123798608779907, validation loss: 2.440767288208008
2024-03-20 20:40:32.692327:2024-03-20 20:40:32.692277: Current epoch: 64, loss: 2.1782338619232178, validation loss: 2.5039005279541016
2024-03-20 20:40:33.075818:2024-03-20 20:40:33.075761: Current epoch: 65, loss: 1.8538860082626343, validation loss: 2.688880681991577
2024-03-20 20:40:33.450970:2024-03-20 20:40:33.450912: Current epoch: 66, loss: 1.9300477504730225, validation loss: 2.6842868328094482
2024-03-20 20:40:33.868241:2024-03-20 20:40:33.868194: Current epoch: 67, loss: 1.8807445764541626, validation loss: 2.654578447341919
2024-03-20 20:40:34.200709:2024-03-20 20:40:34.200659: Current epoch: 68, loss: 2.27652645111084, validation loss: 2.7242510318756104
2024-03-20 20:40:34.597782:2024-03-20 20:40:34.597720: Current epoch: 69, loss: 1.9458502531051636, validation loss: 2.842801094055176
2024-03-20 20:40:34.968324:2024-03-20 20:40:34.968258: Current epoch: 70, loss: 2.1016454696655273, validation loss: 2.5345165729522705
2024-03-20 20:40:35.336993:2024-03-20 20:40:35.336950: Current epoch: 71, loss: 1.7965575456619263, validation loss: 2.329069137573242
2024-03-20 20:40:35.591990:2024-03-20 20:40:35.591945: Current epoch: 72, loss: 1.781063437461853, validation loss: 2.348587989807129
2024-03-20 20:40:35.789871:2024-03-20 20:40:35.789818: Current epoch: 73, loss: 1.734887957572937, validation loss: 2.4639909267425537
2024-03-20 20:40:35.998013:2024-03-20 20:40:35.997963: Current epoch: 74, loss: 1.907332420349121, validation loss: 2.5547802448272705
2024-03-20 20:40:36.376024:2024-03-20 20:40:36.375978: Current epoch: 75, loss: 1.7699676752090454, validation loss: 2.2500641345977783
2024-03-20 20:40:36.780607:2024-03-20 20:40:36.780555: Current epoch: 76, loss: 1.5477200746536255, validation loss: 2.44799542427063
2024-03-20 20:40:37.305574:2024-03-20 20:40:37.305518: Current epoch: 77, loss: 1.6753219366073608, validation loss: 2.2917633056640625
2024-03-20 20:40:37.653740:2024-03-20 20:40:37.653700: Current epoch: 78, loss: 1.5996804237365723, validation loss: 2.626312255859375
2024-03-20 20:40:37.956317:2024-03-20 20:40:37.956262: Current epoch: 79, loss: 1.71175217628479, validation loss: 2.4746828079223633
2024-03-20 20:40:38.318445:2024-03-20 20:40:38.318384: Current epoch: 80, loss: 1.8430945873260498, validation loss: 2.537885904312134
2024-03-20 20:40:38.698564:2024-03-20 20:40:38.698471: Current epoch: 81, loss: 1.5841017961502075, validation loss: 2.680276870727539
2024-03-20 20:40:39.099081:2024-03-20 20:40:39.099036: Current epoch: 82, loss: 1.6641188859939575, validation loss: 2.5676066875457764
2024-03-20 20:40:39.387310:2024-03-20 20:40:39.387245: Current epoch: 83, loss: 1.546919822692871, validation loss: 2.421182632446289
2024-03-20 20:40:39.676356:2024-03-20 20:40:39.676294: Current epoch: 84, loss: 1.665213942527771, validation loss: 2.508477210998535
2024-03-20 20:40:40.041041:2024-03-20 20:40:40.040981: Current epoch: 85, loss: 1.5384628772735596, validation loss: 2.680412769317627
2024-03-20 20:40:40.431506:2024-03-20 20:40:40.431428: Current epoch: 86, loss: 1.4664682149887085, validation loss: 2.4639322757720947
2024-03-20 20:40:40.852676:2024-03-20 20:40:40.852617: Current epoch: 87, loss: 1.5042383670806885, validation loss: 2.4552273750305176
2024-03-20 20:40:41.117584:2024-03-20 20:40:41.117265: Current epoch: 88, loss: 1.7390600442886353, validation loss: 2.5453946590423584
2024-03-20 20:40:41.402161:2024-03-20 20:40:41.402133: Current epoch: 89, loss: 1.586969256401062, validation loss: 2.5193328857421875
2024-03-20 20:40:41.704211:2024-03-20 20:40:41.704139: Current epoch: 90, loss: 1.5403902530670166, validation loss: 2.4266839027404785
2024-03-20 20:40:42.088105:2024-03-20 20:40:42.088066: Current epoch: 91, loss: 1.4740722179412842, validation loss: 2.3100805282592773
2024-03-20 20:40:42.452066:2024-03-20 20:40:42.452021: Current epoch: 92, loss: 1.5434315204620361, validation loss: 2.311701536178589
2024-03-20 20:40:42.814229:2024-03-20 20:40:42.814160: Current epoch: 93, loss: 1.5217444896697998, validation loss: 2.2923810482025146
2024-03-20 20:40:43.040040:2024-03-20 20:40:43.040002: Current epoch: 94, loss: 1.625666856765747, validation loss: 2.5573089122772217
2024-03-20 20:40:43.210107:2024-03-20 20:40:43.210075: Current epoch: 95, loss: 1.399495005607605, validation loss: 2.436955213546753
2024-03-20 20:40:43.637111:2024-03-20 20:40:43.637031: Current epoch: 96, loss: 1.4129283428192139, validation loss: 2.2139689922332764
2024-03-20 20:40:44.026645:2024-03-20 20:40:44.026605: Current epoch: 97, loss: 1.589591383934021, validation loss: 2.653259038925171
2024-03-20 20:40:44.448907:2024-03-20 20:40:44.448848: Current epoch: 98, loss: 1.4213787317276, validation loss: 2.431516647338867
2024-03-20 20:40:44.686998:2024-03-20 20:40:44.686954: Current epoch: 99, loss: 1.506801962852478, validation loss: 2.7972824573516846
2024-03-20 20:40:45.041748:2024-03-20 20:40:45.041653: Current epoch: 100, loss: 1.4285573959350586, validation loss: 2.7145814895629883
2024-03-20 20:40:45.439626:2024-03-20 20:40:45.439538: Current epoch: 101, loss: 1.4027729034423828, validation loss: 2.4447968006134033
2024-03-20 20:40:45.842061:2024-03-20 20:40:45.841990: Current epoch: 102, loss: 1.2583189010620117, validation loss: 2.441671133041382
2024-03-20 20:40:46.255182:2024-03-20 20:40:46.255120: Current epoch: 103, loss: 1.1841574907302856, validation loss: 2.569362163543701
2024-03-20 20:40:46.536888:2024-03-20 20:40:46.536573: Current epoch: 104, loss: 1.2830736637115479, validation loss: 2.4335744380950928
2024-03-20 20:40:46.762211:2024-03-20 20:40:46.762179: Current epoch: 105, loss: 1.3283528089523315, validation loss: 2.4371304512023926
2024-03-20 20:40:47.115563:2024-03-20 20:40:47.115525: Current epoch: 106, loss: 1.2477102279663086, validation loss: 2.423126697540283
2024-03-20 20:40:47.495959:2024-03-20 20:40:47.495925: Current epoch: 107, loss: 1.318110704421997, validation loss: 2.4007346630096436
2024-03-20 20:40:47.961599:2024-03-20 20:40:47.961528: Current epoch: 108, loss: 1.1000211238861084, validation loss: 2.426910877227783
2024-03-20 20:40:48.282046:2024-03-20 20:40:48.281997: Current epoch: 109, loss: 1.2814406156539917, validation loss: 2.4918065071105957
2024-03-20 20:40:48.601398:2024-03-20 20:40:48.601362: Current epoch: 110, loss: 1.5093886852264404, validation loss: 2.5920023918151855
2024-03-20 20:40:48.982582:2024-03-20 20:40:48.982525: Current epoch: 111, loss: 1.3325016498565674, validation loss: 2.6494433879852295
2024-03-20 20:40:49.318290:2024-03-20 20:40:49.318251: Current epoch: 112, loss: 1.2726619243621826, validation loss: 2.4692366123199463
2024-03-20 20:40:49.775392:2024-03-20 20:40:49.775333: Current epoch: 113, loss: 1.2053295373916626, validation loss: 2.331270933151245
2024-03-20 20:40:50.028804:2024-03-20 20:40:50.028744: Current epoch: 114, loss: 1.1666748523712158, validation loss: 2.3191235065460205
2024-03-20 20:40:50.386733:2024-03-20 20:40:50.386660: Current epoch: 115, loss: 1.0703595876693726, validation loss: 2.219917058944702
2024-03-20 20:40:50.746861:2024-03-20 20:40:50.746812: Current epoch: 116, loss: 1.1971523761749268, validation loss: 2.3500425815582275
2024-03-20 20:40:51.064162:2024-03-20 20:40:51.064102: Current epoch: 117, loss: 1.1328494548797607, validation loss: 2.5136520862579346
2024-03-20 20:40:51.550177:2024-03-20 20:40:51.550124: Current epoch: 118, loss: 1.133791208267212, validation loss: 2.6912827491760254
2024-03-20 20:40:51.806159:2024-03-20 20:40:51.806099: Current epoch: 119, loss: 1.0905417203903198, validation loss: 2.267164707183838
2024-03-20 20:40:52.176933:2024-03-20 20:40:52.176877: Current epoch: 120, loss: 1.1204757690429688, validation loss: 2.5854458808898926
2024-03-20 20:40:52.503245:2024-03-20 20:40:52.503185: Current epoch: 121, loss: 1.428247332572937, validation loss: 2.6720664501190186
2024-03-20 20:40:52.912238:2024-03-20 20:40:52.912168: Current epoch: 122, loss: 1.2063161134719849, validation loss: 2.533853769302368
2024-03-20 20:40:53.279758:2024-03-20 20:40:53.279699: Current epoch: 123, loss: 1.212811827659607, validation loss: 2.544036388397217
2024-03-20 20:40:53.610798:2024-03-20 20:40:53.610740: Current epoch: 124, loss: 1.2207682132720947, validation loss: 2.390855550765991
2024-03-20 20:40:53.998482:2024-03-20 20:40:53.998426: Current epoch: 125, loss: 1.0929921865463257, validation loss: 2.473116397857666
2024-03-20 20:40:54.269124:2024-03-20 20:40:54.269086: Current epoch: 126, loss: 1.1303820610046387, validation loss: 2.424124002456665
2024-03-20 20:40:54.542714:2024-03-20 20:40:54.542676: Current epoch: 127, loss: 1.0389403104782104, validation loss: 2.297560453414917
2024-03-20 20:40:54.785820:2024-03-20 20:40:54.785789: Current epoch: 128, loss: 1.057120442390442, validation loss: 2.456681966781616
2024-03-20 20:40:55.006334:2024-03-20 20:40:55.006292: Current epoch: 129, loss: 1.0882924795150757, validation loss: 2.590808868408203
2024-03-20 20:40:55.275088:2024-03-20 20:40:55.275020: Current epoch: 130, loss: 1.0499283075332642, validation loss: 2.5826528072357178
2024-03-20 20:40:55.609374:2024-03-20 20:40:55.609320: Current epoch: 131, loss: 1.1047017574310303, validation loss: 2.329705238342285
2024-03-20 20:40:55.936513:2024-03-20 20:40:55.936441: Current epoch: 132, loss: 0.9703838229179382, validation loss: 2.2958717346191406
2024-03-20 20:40:56.215369:2024-03-20 20:40:56.215316: Current epoch: 133, loss: 1.0401815176010132, validation loss: 2.7558391094207764
2024-03-20 20:40:56.467916:2024-03-20 20:40:56.467868: Current epoch: 134, loss: 0.9689375162124634, validation loss: 2.4388251304626465
2024-03-20 20:40:56.797405:2024-03-20 20:40:56.797274: Current epoch: 135, loss: 1.0683565139770508, validation loss: 2.168827533721924
2024-03-20 20:40:57.125371:2024-03-20 20:40:57.125324: Current epoch: 136, loss: 1.0475482940673828, validation loss: 2.402914047241211
2024-03-20 20:40:57.482259:2024-03-20 20:40:57.482218: Current epoch: 137, loss: 0.918832004070282, validation loss: 2.385505437850952
2024-03-20 20:40:57.712232:2024-03-20 20:40:57.712163: Current epoch: 138, loss: 0.9788264036178589, validation loss: 2.432346820831299
2024-03-20 20:40:57.972610:2024-03-20 20:40:57.972552: Current epoch: 139, loss: 0.9698240756988525, validation loss: 2.3753440380096436
2024-03-20 20:40:58.194421:2024-03-20 20:40:58.194391: Current epoch: 140, loss: 0.9446303248405457, validation loss: 2.5148913860321045
2024-03-20 20:40:58.497383:2024-03-20 20:40:58.497338: Current epoch: 141, loss: 1.0456491708755493, validation loss: 2.2774791717529297
2024-03-20 20:40:58.883017:2024-03-20 20:40:58.882960: Current epoch: 142, loss: 1.1084990501403809, validation loss: 2.3028416633605957
2024-03-20 20:40:59.238462:2024-03-20 20:40:59.238415: Current epoch: 143, loss: 0.9495548009872437, validation loss: 2.3592164516448975
2024-03-20 20:40:59.483900:2024-03-20 20:40:59.483859: Current epoch: 144, loss: 0.9827919006347656, validation loss: 2.318077802658081
2024-03-20 20:40:59.706446:2024-03-20 20:40:59.706379: Current epoch: 145, loss: 0.8900454044342041, validation loss: 2.3966588973999023
2024-03-20 20:40:59.944249:2024-03-20 20:40:59.944204: Current epoch: 146, loss: 0.8646055459976196, validation loss: 2.5300512313842773
2024-03-20 20:41:00.259650:2024-03-20 20:41:00.259572: Current epoch: 147, loss: 0.9648770093917847, validation loss: 2.4352128505706787
2024-03-20 20:41:00.659044:2024-03-20 20:41:00.659007: Current epoch: 148, loss: 0.9405296444892883, validation loss: 2.2855336666107178
2024-03-20 20:41:01.058111:2024-03-20 20:41:01.058054: Current epoch: 149, loss: 0.8740027546882629, validation loss: 2.4161956310272217
2024-03-20 20:41:01.280943:2024-03-20 20:41:01.280902: Current epoch: 150, loss: 1.0676358938217163, validation loss: 2.3415157794952393
2024-03-20 20:41:01.612286:2024-03-20 20:41:01.612217: Current epoch: 151, loss: 0.9522597193717957, validation loss: 2.4430813789367676
2024-03-20 20:41:01.884014:2024-03-20 20:41:01.883976: Current epoch: 152, loss: 0.9464630484580994, validation loss: 2.3218672275543213
2024-03-20 20:41:02.255154:2024-03-20 20:41:02.255116: Current epoch: 153, loss: 0.8186810612678528, validation loss: 2.266967296600342
2024-03-20 20:41:02.600542:2024-03-20 20:41:02.600508: Current epoch: 154, loss: 0.9216016530990601, validation loss: 2.3417789936065674
2024-03-20 20:41:02.805066:2024-03-20 20:41:02.804874: Current epoch: 155, loss: 0.9078295230865479, validation loss: 2.435675621032715
2024-03-20 20:41:03.121152:2024-03-20 20:41:03.121092: Current epoch: 156, loss: 1.1502337455749512, validation loss: 2.287757158279419
2024-03-20 20:41:03.401396:2024-03-20 20:41:03.401358: Current epoch: 157, loss: 0.8563101887702942, validation loss: 2.222200870513916
2024-03-20 20:41:04.009976:2024-03-20 20:41:04.009919: Current epoch: 158, loss: 0.9601711630821228, validation loss: 2.147620439529419
2024-03-20 20:41:04.349598:2024-03-20 20:41:04.349567: Current epoch: 159, loss: 0.7933404445648193, validation loss: 2.3885340690612793
2024-03-20 20:41:04.650200:2024-03-20 20:41:04.650168: Current epoch: 160, loss: 1.0086336135864258, validation loss: 2.2304670810699463
2024-03-20 20:41:05.115482:2024-03-20 20:41:05.115427: Current epoch: 161, loss: 0.858670711517334, validation loss: 2.2488224506378174
2024-03-20 20:41:05.455136:2024-03-20 20:41:05.455077: Current epoch: 162, loss: 0.8669255375862122, validation loss: 2.3101110458374023
2024-03-20 20:41:05.736620:2024-03-20 20:41:05.736580: Current epoch: 163, loss: 0.8645578622817993, validation loss: 2.4723057746887207
2024-03-20 20:41:05.946364:2024-03-20 20:41:05.946295: Current epoch: 164, loss: 0.9454964995384216, validation loss: 2.300530433654785
2024-03-20 20:41:06.341264:2024-03-20 20:41:06.341204: Current epoch: 165, loss: 0.8838508129119873, validation loss: 2.444763422012329
2024-03-20 20:41:06.813930:2024-03-20 20:41:06.813893: Current epoch: 166, loss: 1.098666787147522, validation loss: 2.5907981395721436
2024-03-20 20:41:07.098377:2024-03-20 20:41:07.098313: Current epoch: 167, loss: 1.0154139995574951, validation loss: 2.336172342300415
2024-03-20 20:41:07.414773:2024-03-20 20:41:07.414708: Current epoch: 168, loss: 0.9996935725212097, validation loss: 2.1711788177490234
2024-03-20 20:41:07.725646:2024-03-20 20:41:07.725603: Current epoch: 169, loss: 0.917578935623169, validation loss: 2.3774373531341553
2024-03-20 20:41:08.052890:2024-03-20 20:41:08.052837: Current epoch: 170, loss: 0.8286562561988831, validation loss: 2.2025604248046875
2024-03-20 20:41:08.441229:2024-03-20 20:41:08.441173: Current epoch: 171, loss: 0.8220788240432739, validation loss: 2.27896785736084
2024-03-20 20:41:08.744974:2024-03-20 20:41:08.744935: Current epoch: 172, loss: 0.8083229064941406, validation loss: 2.2505977153778076
2024-03-20 20:41:09.032541:2024-03-20 20:41:09.032501: Current epoch: 173, loss: 0.7701787352561951, validation loss: 2.2487969398498535
2024-03-20 20:41:09.455042:2024-03-20 20:41:09.454983: Current epoch: 174, loss: 0.7602384090423584, validation loss: 2.1853177547454834
2024-03-20 20:41:09.786181:2024-03-20 20:41:09.786134: Current epoch: 175, loss: 0.8681929111480713, validation loss: 2.214775323867798
2024-03-20 20:41:10.138910:2024-03-20 20:41:10.138868: Current epoch: 176, loss: 0.9088574051856995, validation loss: 2.3027522563934326
2024-03-20 20:41:10.438781:2024-03-20 20:41:10.438689: Current epoch: 177, loss: 0.7890986800193787, validation loss: 2.381648302078247
2024-03-20 20:41:10.719900:2024-03-20 20:41:10.719855: Current epoch: 178, loss: 0.8053075671195984, validation loss: 2.3074252605438232
2024-03-20 20:41:10.995870:2024-03-20 20:41:10.995776: Current epoch: 179, loss: 0.7669604420661926, validation loss: 2.3540027141571045
2024-03-20 20:41:11.267583:2024-03-20 20:41:11.267511: Current epoch: 180, loss: 0.9831375479698181, validation loss: 2.3668832778930664
2024-03-20 20:41:11.553012:2024-03-20 20:41:11.552981: Current epoch: 181, loss: 0.9511501789093018, validation loss: 2.2393550872802734
2024-03-20 20:41:11.842618:2024-03-20 20:41:11.842587: Current epoch: 182, loss: 0.9234286546707153, validation loss: 2.252680778503418
2024-03-20 20:41:12.098829:2024-03-20 20:41:12.098797: Current epoch: 183, loss: 0.8424543142318726, validation loss: 2.3017444610595703
2024-03-20 20:41:12.363736:2024-03-20 20:41:12.363702: Current epoch: 184, loss: 0.8050544261932373, validation loss: 2.2635812759399414
2024-03-20 20:41:12.620938:2024-03-20 20:41:12.620907: Current epoch: 185, loss: 0.7620044946670532, validation loss: 2.1667888164520264
2024-03-20 20:41:12.970891:2024-03-20 20:41:12.970421: Current epoch: 186, loss: 0.7866345643997192, validation loss: 2.4213974475860596
2024-03-20 20:41:13.346074:2024-03-20 20:41:13.346005: Current epoch: 187, loss: 0.8706772327423096, validation loss: 2.4581964015960693
2024-03-20 20:41:13.712267:2024-03-20 20:41:13.712196: Current epoch: 188, loss: 0.8401435613632202, validation loss: 2.340569496154785
2024-03-20 20:41:13.989196:2024-03-20 20:41:13.989156: Current epoch: 189, loss: 0.7180208563804626, validation loss: 2.2886648178100586
2024-03-20 20:41:14.264733:2024-03-20 20:41:14.264657: Current epoch: 190, loss: 0.7280222773551941, validation loss: 2.331822633743286
2024-03-20 20:41:14.643324:2024-03-20 20:41:14.643269: Current epoch: 191, loss: 0.763949990272522, validation loss: 2.285985231399536
2024-03-20 20:41:15.037637:2024-03-20 20:41:15.037573: Current epoch: 192, loss: 0.8338710069656372, validation loss: 2.3613414764404297
2024-03-20 20:41:15.448512:2024-03-20 20:41:15.448418: Current epoch: 193, loss: 0.7907752990722656, validation loss: 2.343506097793579
2024-03-20 20:41:15.837231:2024-03-20 20:41:15.837167: Current epoch: 194, loss: 0.7178297638893127, validation loss: 2.373014450073242
2024-03-20 20:41:16.123067:2024-03-20 20:41:16.123036: Current epoch: 195, loss: 0.7311230897903442, validation loss: 2.5270910263061523
2024-03-20 20:41:16.409401:2024-03-20 20:41:16.409368: Current epoch: 196, loss: 0.6710212826728821, validation loss: 2.436058759689331
2024-03-20 20:41:16.814028:2024-03-20 20:41:16.813963: Current epoch: 197, loss: 0.6705209612846375, validation loss: 2.195384979248047
2024-03-20 20:41:17.157439:2024-03-20 20:41:17.157382: Current epoch: 198, loss: 0.7700798511505127, validation loss: 2.339010238647461
2024-03-20 20:41:17.684180:2024-03-20 20:41:17.684121: Current epoch: 199, loss: 0.7174545526504517, validation loss: 2.43963885307312
2024-03-20 20:41:18.259248:2024-03-20 20:41:18.259196: Current epoch: 200, loss: 0.7139940857887268, validation loss: 2.18471622467041
2024-03-20 20:41:18.650038:2024-03-20 20:41:18.649964: Current epoch: 201, loss: 0.7906350493431091, validation loss: 2.3788344860076904
2024-03-20 20:41:19.035283:2024-03-20 20:41:19.035238: Current epoch: 202, loss: 0.7463419437408447, validation loss: 2.4754109382629395
2024-03-20 20:41:19.488439:2024-03-20 20:41:19.488373: Current epoch: 203, loss: 0.7765810489654541, validation loss: 2.200955390930176
2024-03-20 20:41:19.859911:2024-03-20 20:41:19.859875: Current epoch: 204, loss: 0.76349276304245, validation loss: 2.311941146850586
2024-03-20 20:41:20.066785:2024-03-20 20:41:20.066674: Current epoch: 205, loss: 0.8157603144645691, validation loss: 2.2892584800720215
2024-03-20 20:41:20.448990:2024-03-20 20:41:20.448940: Current epoch: 206, loss: 0.8001227378845215, validation loss: 2.4673993587493896
2024-03-20 20:41:20.916319:2024-03-20 20:41:20.916269: Current epoch: 207, loss: 0.7254669666290283, validation loss: 2.2298669815063477
2024-03-20 20:41:21.355217:2024-03-20 20:41:21.355151: Current epoch: 208, loss: 0.7488244771957397, validation loss: 2.2843425273895264
2024-03-20 20:41:21.662086:2024-03-20 20:41:21.662035: Current epoch: 209, loss: 0.703534722328186, validation loss: 2.1622533798217773
2024-03-20 20:41:26.458380:2024-03-20 20:41:26.458255: Current epoch: 210, loss: 0.6731885075569153, validation loss: 2.417544364929199
2024-03-20 20:41:26.868067:2024-03-20 20:41:26.868014: Current epoch: 211, loss: 0.8105728030204773, validation loss: 2.562021493911743
2024-03-20 20:41:27.196127:2024-03-20 20:41:27.196071: Current epoch: 212, loss: 0.7834556698799133, validation loss: 2.3078811168670654
2024-03-20 20:41:27.512795:2024-03-20 20:41:27.512752: Current epoch: 213, loss: 0.7206032276153564, validation loss: 2.4332492351531982
2024-03-20 20:41:27.988994:2024-03-20 20:41:27.988949: Current epoch: 214, loss: 0.6553584933280945, validation loss: 2.383183240890503
2024-03-20 20:41:28.176100:2024-03-20 20:41:28.176053: Current epoch: 215, loss: 0.7284767627716064, validation loss: 2.3411865234375
2024-03-20 20:41:28.441564:2024-03-20 20:41:28.441510: Current epoch: 216, loss: 0.7163941860198975, validation loss: 2.346405506134033
2024-03-20 20:41:28.830657:2024-03-20 20:41:28.830525: Current epoch: 217, loss: 0.7482311129570007, validation loss: 2.3965630531311035
2024-03-20 20:41:29.202087:2024-03-20 20:41:29.202054: Current epoch: 218, loss: 0.6889051795005798, validation loss: 2.2390408515930176
2024-03-20 20:41:29.696181:2024-03-20 20:41:29.696128: Current epoch: 219, loss: 0.6997767686843872, validation loss: 2.2219042778015137
2024-03-20 20:41:30.008343:2024-03-20 20:41:30.008111: Current epoch: 220, loss: 0.7568061947822571, validation loss: 2.4920949935913086
2024-03-20 20:41:30.221541:2024-03-20 20:41:30.221482: Current epoch: 221, loss: 0.7508445382118225, validation loss: 2.3340487480163574
2024-03-20 20:41:30.593214:2024-03-20 20:41:30.593175: Current epoch: 222, loss: 0.8014000654220581, validation loss: 2.306854724884033
2024-03-20 20:41:30.938414:2024-03-20 20:41:30.938377: Current epoch: 223, loss: 0.82985520362854, validation loss: 2.2651619911193848
2024-03-20 20:41:31.319917:2024-03-20 20:41:31.319880: Current epoch: 224, loss: 0.7688055038452148, validation loss: 2.3194963932037354
2024-03-20 20:41:31.554868:2024-03-20 20:41:31.554835: Current epoch: 225, loss: 0.7011450529098511, validation loss: 2.242424249649048
2024-03-20 20:41:31.842670:2024-03-20 20:41:31.842627: Current epoch: 226, loss: 0.6597472429275513, validation loss: 2.182607412338257
2024-03-20 20:41:32.194861:2024-03-20 20:41:32.194811: Current epoch: 227, loss: 0.6183353066444397, validation loss: 2.332642078399658
2024-03-20 20:41:32.545902:2024-03-20 20:41:32.545855: Current epoch: 228, loss: 0.7384508848190308, validation loss: 2.159674882888794
2024-03-20 20:41:32.976193:2024-03-20 20:41:32.976136: Current epoch: 229, loss: 0.6385582685470581, validation loss: 2.2298543453216553
2024-03-20 20:41:33.278153:2024-03-20 20:41:33.278096: Current epoch: 230, loss: 0.645790159702301, validation loss: 2.257645845413208
2024-03-20 20:41:33.621395:2024-03-20 20:41:33.621337: Current epoch: 231, loss: 0.6530818343162537, validation loss: 2.1417529582977295
2024-03-20 20:41:33.987085:2024-03-20 20:41:33.987040: Current epoch: 232, loss: 0.6404203176498413, validation loss: 2.28075909614563
2024-03-20 20:41:34.410515:2024-03-20 20:41:34.410446: Current epoch: 233, loss: 0.6186768412590027, validation loss: 2.0908312797546387
2024-03-20 20:41:34.650386:2024-03-20 20:41:34.650327: Current epoch: 234, loss: 0.6740602850914001, validation loss: 2.2331976890563965
2024-03-20 20:41:35.192345:2024-03-20 20:41:35.192294: Current epoch: 235, loss: 0.6752869486808777, validation loss: 2.2918496131896973
2024-03-20 20:41:35.521537:2024-03-20 20:41:35.521488: Current epoch: 236, loss: 0.8750275373458862, validation loss: 2.2635507583618164
2024-03-20 20:41:35.789615:2024-03-20 20:41:35.789570: Current epoch: 237, loss: 0.9381716251373291, validation loss: 2.282588243484497
2024-03-20 20:41:36.164148:2024-03-20 20:41:36.164069: Current epoch: 238, loss: 0.8152911067008972, validation loss: 2.2042901515960693
2024-03-20 20:41:36.525521:2024-03-20 20:41:36.525480: Current epoch: 239, loss: 0.6824504137039185, validation loss: 2.142277240753174
2024-03-20 20:41:41.272219:2024-03-20 20:41:41.272150: Current epoch: 240, loss: 0.8273460865020752, validation loss: 2.3207204341888428
2024-03-20 20:41:41.613082:2024-03-20 20:41:41.613043: Current epoch: 241, loss: 0.6464391946792603, validation loss: 2.367737054824829
2024-03-20 20:41:41.996399:2024-03-20 20:41:41.996328: Current epoch: 242, loss: 0.66675865650177, validation loss: 2.3424556255340576
2024-03-20 20:41:42.465241:2024-03-20 20:41:42.465167: Current epoch: 243, loss: 0.6297358870506287, validation loss: 2.3469815254211426
2024-03-20 20:41:42.875761:2024-03-20 20:41:42.875723: Current epoch: 244, loss: 0.7031283974647522, validation loss: 2.2590835094451904
2024-03-20 20:41:43.299044:2024-03-20 20:41:43.299007: Current epoch: 245, loss: 0.7158064842224121, validation loss: 2.4256136417388916
2024-03-20 20:41:43.650721:2024-03-20 20:41:43.650667: Current epoch: 246, loss: 0.6559019684791565, validation loss: 2.282524824142456
2024-03-20 20:41:43.910879:2024-03-20 20:41:43.910826: Current epoch: 247, loss: 0.6022143363952637, validation loss: 2.152557611465454
2024-03-20 20:41:44.302866:2024-03-20 20:41:44.302833: Current epoch: 248, loss: 0.6884002089500427, validation loss: 2.291170597076416
2024-03-20 20:41:44.566894:2024-03-20 20:41:44.566857: Current epoch: 249, loss: 0.7153101563453674, validation loss: 2.3646693229675293
2024-03-20 20:41:44.933447:2024-03-20 20:41:44.933391: Current epoch: 250, loss: 0.657416820526123, validation loss: 2.224583625793457
2024-03-20 20:41:45.306865:2024-03-20 20:41:45.306827: Current epoch: 251, loss: 0.6019673943519592, validation loss: 2.111140489578247
2024-03-20 20:41:45.670413:2024-03-20 20:41:45.670351: Current epoch: 252, loss: 0.6061387062072754, validation loss: 2.224776029586792
2024-03-20 20:41:46.006898:2024-03-20 20:41:46.006862: Current epoch: 253, loss: 0.6626437306404114, validation loss: 2.153639793395996
2024-03-20 20:41:46.219598:2024-03-20 20:41:46.219565: Current epoch: 254, loss: 0.6773583889007568, validation loss: 2.143881320953369
2024-03-20 20:41:46.410886:2024-03-20 20:41:46.410852: Current epoch: 255, loss: 0.5886150598526001, validation loss: 2.2764267921447754
2024-03-20 20:41:46.600622:2024-03-20 20:41:46.600555: Current epoch: 256, loss: 0.5566881895065308, validation loss: 2.138831853866577
2024-03-20 20:41:46.845243:2024-03-20 20:41:46.845202: Current epoch: 257, loss: 0.6630521416664124, validation loss: 2.31976580619812
2024-03-20 20:41:47.235599:2024-03-20 20:41:47.235547: Current epoch: 258, loss: 0.6166994571685791, validation loss: 2.142390012741089
2024-03-20 20:41:47.603637:2024-03-20 20:41:47.603604: Current epoch: 259, loss: 0.5968376398086548, validation loss: 2.2044265270233154
2024-03-20 20:41:47.920311:2024-03-20 20:41:47.920248: Current epoch: 260, loss: 0.5641032457351685, validation loss: 2.222580909729004
2024-03-20 20:41:48.229549:2024-03-20 20:41:48.229500: Current epoch: 261, loss: 0.6122980713844299, validation loss: 2.1948490142822266
2024-03-20 20:41:48.535614:2024-03-20 20:41:48.535555: Current epoch: 262, loss: 0.6268873810768127, validation loss: 2.281093120574951
2024-03-20 20:41:48.874802:2024-03-20 20:41:48.874738: Current epoch: 263, loss: 0.6539823412895203, validation loss: 2.313941478729248
2024-03-20 20:41:49.252386:2024-03-20 20:41:49.252349: Current epoch: 264, loss: 0.635543704032898, validation loss: 2.501530408859253
2024-03-20 20:41:49.588131:2024-03-20 20:41:49.588075: Current epoch: 265, loss: 0.5721935629844666, validation loss: 2.137270450592041
2024-03-20 20:41:50.213976:2024-03-20 20:41:50.213902: Current epoch: 266, loss: 0.5286267995834351, validation loss: 2.265981435775757
2024-03-20 20:41:50.497876:2024-03-20 20:41:50.497821: Current epoch: 267, loss: 0.645429253578186, validation loss: 2.2516143321990967
2024-03-20 20:41:50.845825:2024-03-20 20:41:50.845789: Current epoch: 268, loss: 0.6775274276733398, validation loss: 2.1022586822509766
2024-03-20 20:41:51.213722:2024-03-20 20:41:51.213682: Current epoch: 269, loss: 0.5609937906265259, validation loss: 2.3307368755340576
2024-03-20 20:41:51.591780:2024-03-20 20:41:51.591722: Current epoch: 270, loss: 0.5318734645843506, validation loss: 2.229950189590454
2024-03-20 20:41:51.919186:2024-03-20 20:41:51.919126: Current epoch: 271, loss: 0.6431226134300232, validation loss: 2.2873706817626953
2024-03-20 20:41:52.298677:2024-03-20 20:41:52.298604: Current epoch: 272, loss: 0.5577369928359985, validation loss: 2.409761667251587
2024-03-20 20:41:52.656130:2024-03-20 20:41:52.656077: Current epoch: 273, loss: 0.5837451815605164, validation loss: 2.3094046115875244
2024-03-20 20:41:53.038489:2024-03-20 20:41:53.038420: Current epoch: 274, loss: 0.5571219325065613, validation loss: 2.2916812896728516
2024-03-20 20:41:53.441125:2024-03-20 20:41:53.441085: Current epoch: 275, loss: 0.5854712128639221, validation loss: 2.316748857498169
2024-03-20 20:41:53.984648:2024-03-20 20:41:53.984604: Current epoch: 276, loss: 0.6042408347129822, validation loss: 2.3605282306671143
2024-03-20 20:41:54.348022:2024-03-20 20:41:54.347965: Current epoch: 277, loss: 0.6188062429428101, validation loss: 2.2668652534484863
2024-03-20 20:41:54.716285:2024-03-20 20:41:54.716229: Current epoch: 278, loss: 0.5285995602607727, validation loss: 2.298910140991211
2024-03-20 20:41:55.098249:2024-03-20 20:41:55.098147: Current epoch: 279, loss: 0.5549741983413696, validation loss: 2.4979093074798584
2024-03-20 20:41:55.471053:2024-03-20 20:41:55.470992: Current epoch: 280, loss: 0.5472165942192078, validation loss: 2.139728546142578
2024-03-20 20:41:55.908421:2024-03-20 20:41:55.908365: Current epoch: 281, loss: 0.6168266534805298, validation loss: 2.166043519973755
2024-03-20 20:41:56.325984:2024-03-20 20:41:56.325937: Current epoch: 282, loss: 0.5668513178825378, validation loss: 2.2917582988739014
2024-03-20 20:41:56.620666:2024-03-20 20:41:56.620627: Current epoch: 283, loss: 0.5612332820892334, validation loss: 2.2704567909240723
2024-03-20 20:41:56.986522:2024-03-20 20:41:56.986477: Current epoch: 284, loss: 0.6699362993240356, validation loss: 2.3057498931884766
2024-03-20 20:41:57.345769:2024-03-20 20:41:57.345721: Current epoch: 285, loss: 0.6271297335624695, validation loss: 2.13096022605896
2024-03-20 20:41:57.868819:2024-03-20 20:41:57.868752: Current epoch: 286, loss: 0.517614483833313, validation loss: 2.3489980697631836
2024-03-20 20:41:58.147134:2024-03-20 20:41:58.147094: Current epoch: 287, loss: 0.6021342277526855, validation loss: 2.3451645374298096
2024-03-20 20:41:58.388135:2024-03-20 20:41:58.388057: Current epoch: 288, loss: 0.6114872097969055, validation loss: 2.239496946334839
2024-03-20 20:41:58.751602:2024-03-20 20:41:58.751553: Current epoch: 289, loss: 0.5540836453437805, validation loss: 2.162261486053467
2024-03-20 20:41:59.115335:2024-03-20 20:41:59.115290: Current epoch: 290, loss: 0.5044530034065247, validation loss: 2.295790672302246
2024-03-20 20:41:59.657192:2024-03-20 20:41:59.657134: Current epoch: 291, loss: 0.5348280668258667, validation loss: 2.222801685333252
2024-03-20 20:41:59.901039:2024-03-20 20:41:59.900981: Current epoch: 292, loss: 0.5189163684844971, validation loss: 2.3054535388946533
2024-03-20 20:42:00.320823:2024-03-20 20:42:00.320775: Current epoch: 293, loss: 0.5982964634895325, validation loss: 2.2254443168640137
2024-03-20 20:42:00.719919:2024-03-20 20:42:00.719851: Current epoch: 294, loss: 0.5821974277496338, validation loss: 2.2768940925598145
2024-03-20 20:42:01.095357:2024-03-20 20:42:01.095319: Current epoch: 295, loss: 0.5851398706436157, validation loss: 2.2644011974334717
2024-03-20 20:42:01.423697:2024-03-20 20:42:01.423663: Current epoch: 296, loss: 0.6128374934196472, validation loss: 2.246741533279419
2024-03-20 20:42:01.641997:2024-03-20 20:42:01.641943: Current epoch: 297, loss: 0.6181809306144714, validation loss: 2.354067802429199
2024-03-20 20:42:02.016077:2024-03-20 20:42:02.016034: Current epoch: 298, loss: 0.6325033903121948, validation loss: 2.3183021545410156
2024-03-20 20:42:02.401350:2024-03-20 20:42:02.401297: Current epoch: 299, loss: 0.5865880250930786, validation loss: 2.3253331184387207
2024-03-20 20:42:02.822273:2024-03-20 20:42:02.822217: Current epoch: 300, loss: 0.5408878922462463, validation loss: 2.2364606857299805
2024-03-20 20:42:03.290943:2024-03-20 20:42:03.290914: Current epoch: 301, loss: 0.5279144644737244, validation loss: 2.288905143737793
2024-03-20 20:42:03.568566:2024-03-20 20:42:03.568505: Current epoch: 302, loss: 0.6007121205329895, validation loss: 2.36273455619812
2024-03-20 20:42:03.922554:2024-03-20 20:42:03.922513: Current epoch: 303, loss: 0.6813352108001709, validation loss: 2.332271099090576
2024-03-20 20:42:04.264879:2024-03-20 20:42:04.264828: Current epoch: 304, loss: 0.6164259314537048, validation loss: 2.331869125366211
2024-03-20 20:42:04.519049:2024-03-20 20:42:04.519009: Current epoch: 305, loss: 0.6238816380500793, validation loss: 2.4468789100646973
2024-03-20 20:42:04.954168:2024-03-20 20:42:04.954114: Current epoch: 306, loss: 0.5795494914054871, validation loss: 2.318639039993286
2024-03-20 20:42:05.283213:2024-03-20 20:42:05.283154: Current epoch: 307, loss: 0.5616090893745422, validation loss: 2.4201138019561768
2024-03-20 20:42:05.563114:2024-03-20 20:42:05.563075: Current epoch: 308, loss: 0.5706289410591125, validation loss: 2.258946180343628
2024-03-20 20:42:05.826198:2024-03-20 20:42:05.826145: Current epoch: 309, loss: 0.5284194946289062, validation loss: 2.3489863872528076
2024-03-20 20:42:06.167385:2024-03-20 20:42:06.167341: Current epoch: 310, loss: 0.6176229119300842, validation loss: 2.3408637046813965
2024-03-20 20:42:06.503570:2024-03-20 20:42:06.503511: Current epoch: 311, loss: 0.6074995994567871, validation loss: 2.4813883304595947
2024-03-20 20:42:06.887925:2024-03-20 20:42:06.887890: Current epoch: 312, loss: 0.5948499441146851, validation loss: 2.2876200675964355
2024-03-20 20:42:07.197856:2024-03-20 20:42:07.197823: Current epoch: 313, loss: 0.5783925652503967, validation loss: 2.4315943717956543
2024-03-20 20:42:07.392394:2024-03-20 20:42:07.392358: Current epoch: 314, loss: 0.5388246178627014, validation loss: 2.3385426998138428
2024-03-20 20:42:07.680414:2024-03-20 20:42:07.680358: Current epoch: 315, loss: 0.5502722263336182, validation loss: 2.198432445526123
2024-03-20 20:42:08.090040:2024-03-20 20:42:08.089975: Current epoch: 316, loss: 0.6515321731567383, validation loss: 2.1796979904174805
2024-03-20 20:42:08.520423:2024-03-20 20:42:08.520364: Current epoch: 317, loss: 0.6774107217788696, validation loss: 2.285465955734253
2024-03-20 20:42:08.742794:2024-03-20 20:42:08.742762: Current epoch: 318, loss: 0.5069994330406189, validation loss: 2.13509202003479
2024-03-20 20:42:08.939920:2024-03-20 20:42:08.939888: Current epoch: 319, loss: 0.5523144006729126, validation loss: 2.223693370819092
2024-03-20 20:42:09.122118:2024-03-20 20:42:09.122046: Current epoch: 320, loss: 0.5145981907844543, validation loss: 2.247945547103882
2024-03-20 20:42:09.472736:2024-03-20 20:42:09.472693: Current epoch: 321, loss: 0.504520833492279, validation loss: 2.2343268394470215
2024-03-20 20:42:09.846904:2024-03-20 20:42:09.846851: Current epoch: 322, loss: 0.6268279552459717, validation loss: 2.2696378231048584
2024-03-20 20:42:10.154252:2024-03-20 20:42:10.154211: Current epoch: 323, loss: 0.5166961550712585, validation loss: 2.2208034992218018
2024-03-20 20:42:10.495532:2024-03-20 20:42:10.495490: Current epoch: 324, loss: 0.575361967086792, validation loss: 2.4451684951782227
2024-03-20 20:42:10.751836:2024-03-20 20:42:10.751781: Current epoch: 325, loss: 0.5774803161621094, validation loss: 2.002941370010376
2024-03-20 20:42:11.111676:2024-03-20 20:42:11.111629: Current epoch: 326, loss: 0.5331997275352478, validation loss: 2.281163454055786
2024-03-20 20:42:11.483881:2024-03-20 20:42:11.483810: Current epoch: 327, loss: 0.5835238695144653, validation loss: 2.1693873405456543
2024-03-20 20:42:11.868297:2024-03-20 20:42:11.868229: Current epoch: 328, loss: 0.5456136465072632, validation loss: 2.2978878021240234
2024-03-20 20:42:12.267299:2024-03-20 20:42:12.267232: Current epoch: 329, loss: 0.5410795211791992, validation loss: 2.5701608657836914
2024-03-20 20:42:12.626063:2024-03-20 20:42:12.625967: Current epoch: 330, loss: 0.5384756326675415, validation loss: 2.1214921474456787
2024-03-20 20:42:13.010282:2024-03-20 20:42:13.010232: Current epoch: 331, loss: 0.5137786269187927, validation loss: 2.1604580879211426
2024-03-20 20:42:13.384885:2024-03-20 20:42:13.384848: Current epoch: 332, loss: 0.4550948441028595, validation loss: 2.31009578704834
2024-03-20 20:42:13.754870:2024-03-20 20:42:13.754800: Current epoch: 333, loss: 0.5057849884033203, validation loss: 2.072014570236206
2024-03-20 20:42:14.092302:2024-03-20 20:42:14.092230: Current epoch: 334, loss: 0.47796711325645447, validation loss: 2.1564786434173584
2024-03-20 20:42:14.347112:2024-03-20 20:42:14.347071: Current epoch: 335, loss: 0.503806471824646, validation loss: 2.269077777862549
2024-03-20 20:42:14.690691:2024-03-20 20:42:14.690640: Current epoch: 336, loss: 0.5132471919059753, validation loss: 2.2492055892944336
2024-03-20 20:42:15.063434:2024-03-20 20:42:15.063375: Current epoch: 337, loss: 0.4765320420265198, validation loss: 2.391444444656372
2024-03-20 20:42:15.490153:2024-03-20 20:42:15.490051: Current epoch: 338, loss: 0.5324563980102539, validation loss: 2.230132579803467
2024-03-20 20:42:15.938722:2024-03-20 20:42:15.938674: Current epoch: 339, loss: 0.5662850141525269, validation loss: 2.3111331462860107
2024-03-20 20:42:16.333429:2024-03-20 20:42:16.333373: Current epoch: 340, loss: 0.4652535617351532, validation loss: 2.245786190032959
2024-03-20 20:42:16.730967:2024-03-20 20:42:16.730936: Current epoch: 341, loss: 0.5006816983222961, validation loss: 2.2063686847686768
2024-03-20 20:42:17.257932:2024-03-20 20:42:17.257902: Current epoch: 342, loss: 0.467922568321228, validation loss: 2.287733793258667
2024-03-20 20:42:17.494341:2024-03-20 20:42:17.494299: Current epoch: 343, loss: 0.4611174166202545, validation loss: 2.205531120300293
2024-03-20 20:42:17.847172:2024-03-20 20:42:17.847120: Current epoch: 344, loss: 0.47212252020835876, validation loss: 2.2625951766967773
2024-03-20 20:42:18.184907:2024-03-20 20:42:18.184852: Current epoch: 345, loss: 0.471876859664917, validation loss: 2.219513177871704
2024-03-20 20:42:18.662264:2024-03-20 20:42:18.662201: Current epoch: 346, loss: 0.5208321809768677, validation loss: 2.187960147857666
2024-03-20 20:42:18.930969:2024-03-20 20:42:18.930931: Current epoch: 347, loss: 0.5107714533805847, validation loss: 2.3257713317871094
2024-03-20 20:42:19.179536:2024-03-20 20:42:19.179506: Current epoch: 348, loss: 0.46122023463249207, validation loss: 2.2194273471832275
2024-03-20 20:42:19.500501:2024-03-20 20:42:19.500435: Current epoch: 349, loss: 0.5581655502319336, validation loss: 2.242257833480835
2024-03-20 20:42:19.877264:2024-03-20 20:42:19.877209: Current epoch: 350, loss: 0.4626159965991974, validation loss: 2.168175220489502
2024-03-20 20:42:20.267445:2024-03-20 20:42:20.267402: Current epoch: 351, loss: 0.48376283049583435, validation loss: 2.2684922218322754
2024-03-20 20:42:20.713043:2024-03-20 20:42:20.713005: Current epoch: 352, loss: 0.5102546811103821, validation loss: 2.194956064224243
2024-03-20 20:42:20.984436:2024-03-20 20:42:20.984394: Current epoch: 353, loss: 0.5306088328361511, validation loss: 2.1773180961608887
2024-03-20 20:42:21.316947:2024-03-20 20:42:21.316908: Current epoch: 354, loss: 0.44862690567970276, validation loss: 2.140658378601074
2024-03-20 20:42:21.693143:2024-03-20 20:42:21.693095: Current epoch: 355, loss: 0.4686813950538635, validation loss: 2.121744155883789
2024-03-20 20:42:22.038358:2024-03-20 20:42:22.038306: Current epoch: 356, loss: 0.421207070350647, validation loss: 2.081477403640747
2024-03-20 20:42:22.309295:2024-03-20 20:42:22.309234: Current epoch: 357, loss: 0.5084130167961121, validation loss: 2.2212002277374268
2024-03-20 20:42:22.634931:2024-03-20 20:42:22.634894: Current epoch: 358, loss: 0.47817420959472656, validation loss: 2.1699700355529785
2024-03-20 20:42:22.994282:2024-03-20 20:42:22.994212: Current epoch: 359, loss: 0.5070381164550781, validation loss: 2.3525607585906982
2024-03-20 20:42:23.383395:2024-03-20 20:42:23.383357: Current epoch: 360, loss: 0.6086137294769287, validation loss: 2.1563212871551514
2024-03-20 20:42:23.715713:2024-03-20 20:42:23.715615: Current epoch: 361, loss: 0.5114495754241943, validation loss: 2.130138874053955
2024-03-20 20:42:24.101768:2024-03-20 20:42:24.101674: Current epoch: 362, loss: 0.48955440521240234, validation loss: 1.9998233318328857
2024-03-20 20:42:24.468128:2024-03-20 20:42:24.468079: Current epoch: 363, loss: 0.517562985420227, validation loss: 2.319249391555786
2024-03-20 20:42:24.757450:2024-03-20 20:42:24.757407: Current epoch: 364, loss: 0.4870259761810303, validation loss: 2.013875961303711
2024-03-20 20:42:25.139136:2024-03-20 20:42:25.139075: Current epoch: 365, loss: 0.4752238988876343, validation loss: 2.20235538482666
2024-03-20 20:42:25.508304:2024-03-20 20:42:25.508252: Current epoch: 366, loss: 0.4995388686656952, validation loss: 2.2339823246002197
2024-03-20 20:42:25.849413:2024-03-20 20:42:25.849359: Current epoch: 367, loss: 0.49760839343070984, validation loss: 2.206965684890747
2024-03-20 20:42:26.083061:2024-03-20 20:42:26.083022: Current epoch: 368, loss: 0.49792447686195374, validation loss: 2.1805903911590576
2024-03-20 20:42:26.318919:2024-03-20 20:42:26.318757: Current epoch: 369, loss: 0.47910964488983154, validation loss: 2.200211524963379
2024-03-20 20:42:26.628317:2024-03-20 20:42:26.628265: Current epoch: 370, loss: 0.47468385100364685, validation loss: 2.3387601375579834
2024-03-20 20:42:26.846534:2024-03-20 20:42:26.846504: Current epoch: 371, loss: 0.4536888897418976, validation loss: 2.1910018920898438
2024-03-20 20:42:27.196902:2024-03-20 20:42:27.196856: Current epoch: 372, loss: 0.5065081715583801, validation loss: 2.2057857513427734
2024-03-20 20:42:27.593568:2024-03-20 20:42:27.593502: Current epoch: 373, loss: 0.5583202242851257, validation loss: 2.1287248134613037
2024-03-20 20:42:27.956036:2024-03-20 20:42:27.955981: Current epoch: 374, loss: 0.5415539145469666, validation loss: 2.300222873687744
2024-03-20 20:42:28.253207:2024-03-20 20:42:28.253149: Current epoch: 375, loss: 0.4998651444911957, validation loss: 2.3356144428253174
2024-03-20 20:42:28.632209:2024-03-20 20:42:28.632150: Current epoch: 376, loss: 0.47204405069351196, validation loss: 2.219911575317383
2024-03-20 20:42:28.958021:2024-03-20 20:42:28.957965: Current epoch: 377, loss: 0.5026030540466309, validation loss: 2.1755268573760986
2024-03-20 20:42:29.337538:2024-03-20 20:42:29.337498: Current epoch: 378, loss: 0.5151753425598145, validation loss: 2.182792901992798
2024-03-20 20:42:29.763308:2024-03-20 20:42:29.763250: Current epoch: 379, loss: 0.4808920919895172, validation loss: 2.1432695388793945
2024-03-20 20:42:30.051708:2024-03-20 20:42:30.051654: Current epoch: 380, loss: 0.44310426712036133, validation loss: 2.336881637573242
2024-03-20 20:42:30.373355:2024-03-20 20:42:30.373302: Current epoch: 381, loss: 0.407325804233551, validation loss: 2.302063465118408
2024-03-20 20:42:30.646365:2024-03-20 20:42:30.646317: Current epoch: 382, loss: 0.4425830841064453, validation loss: 2.249340057373047
2024-03-20 20:42:30.998177:2024-03-20 20:42:30.998119: Current epoch: 383, loss: 0.4572637975215912, validation loss: 2.175441026687622
2024-03-20 20:42:31.325397:2024-03-20 20:42:31.325354: Current epoch: 384, loss: 0.43313661217689514, validation loss: 2.2159926891326904
2024-03-20 20:42:31.866998:2024-03-20 20:42:31.866967: Current epoch: 385, loss: 0.49776124954223633, validation loss: 2.331582546234131
2024-03-20 20:42:32.170852:2024-03-20 20:42:32.170771: Current epoch: 386, loss: 0.5384166240692139, validation loss: 2.26261043548584
2024-03-20 20:42:32.550359:2024-03-20 20:42:32.550306: Current epoch: 387, loss: 0.5324060320854187, validation loss: 2.2870371341705322
2024-03-20 20:42:32.892258:2024-03-20 20:42:32.892192: Current epoch: 388, loss: 0.4912305772304535, validation loss: 2.2372562885284424
2024-03-20 20:42:33.187505:2024-03-20 20:42:33.187431: Current epoch: 389, loss: 0.6065019369125366, validation loss: 2.2840747833251953
2024-03-20 20:42:33.830879:2024-03-20 20:42:33.830804: Current epoch: 390, loss: 0.5420886874198914, validation loss: 2.258561134338379
2024-03-20 20:42:34.222705:2024-03-20 20:42:34.222659: Current epoch: 391, loss: 0.5162870287895203, validation loss: 2.113330841064453
2024-03-20 20:42:34.683403:2024-03-20 20:42:34.683337: Current epoch: 392, loss: 0.4506791830062866, validation loss: 2.1757495403289795
2024-03-20 20:42:35.043715:2024-03-20 20:42:35.043618: Current epoch: 393, loss: 0.47402679920196533, validation loss: 2.166128158569336
2024-03-20 20:42:35.350000:2024-03-20 20:42:35.349956: Current epoch: 394, loss: 0.47892454266548157, validation loss: 2.1758840084075928
2024-03-20 20:42:35.635633:2024-03-20 20:42:35.635578: Current epoch: 395, loss: 0.4213190972805023, validation loss: 2.118715286254883
2024-03-20 20:42:36.017140:2024-03-20 20:42:36.017103: Current epoch: 396, loss: 0.4053240120410919, validation loss: 2.189572811126709
2024-03-20 20:42:36.426910:2024-03-20 20:42:36.426866: Current epoch: 397, loss: 0.44277453422546387, validation loss: 2.2570760250091553
2024-03-20 20:42:36.774583:2024-03-20 20:42:36.774524: Current epoch: 398, loss: 0.4426112473011017, validation loss: 2.2597336769104004
2024-03-20 20:42:37.082697:2024-03-20 20:42:37.082663: Current epoch: 399, loss: 0.4709860682487488, validation loss: 2.157888412475586
2024-03-20 20:42:37.360518:2024-03-20 20:42:37.360436: Current epoch: 400, loss: 0.41844528913497925, validation loss: 2.2880094051361084
2024-03-20 20:42:37.718697:2024-03-20 20:42:37.718655: Current epoch: 401, loss: 0.49239757657051086, validation loss: 2.191007614135742
2024-03-20 20:42:38.062948:2024-03-20 20:42:38.062899: Current epoch: 402, loss: 0.4352439343929291, validation loss: 2.2085375785827637
2024-03-20 20:42:38.487785:2024-03-20 20:42:38.487753: Current epoch: 403, loss: 0.4637565314769745, validation loss: 2.292649984359741
2024-03-20 20:42:38.715085:2024-03-20 20:42:38.715042: Current epoch: 404, loss: 0.522320568561554, validation loss: 2.2820544242858887
2024-03-20 20:42:39.084582:2024-03-20 20:42:39.084531: Current epoch: 405, loss: 0.4562802016735077, validation loss: 2.2390694618225098
2024-03-20 20:42:39.420000:2024-03-20 20:42:39.419962: Current epoch: 406, loss: 0.46474969387054443, validation loss: 2.2060177326202393
2024-03-20 20:42:39.746180:2024-03-20 20:42:39.746135: Current epoch: 407, loss: 0.4877644181251526, validation loss: 2.141000747680664
2024-03-20 20:42:40.035797:2024-03-20 20:42:40.035705: Current epoch: 408, loss: 0.5151230096817017, validation loss: 2.158452272415161
2024-03-20 20:42:40.293068:2024-03-20 20:42:40.292998: Current epoch: 409, loss: 0.4731224477291107, validation loss: 2.229703664779663
2024-03-20 20:42:40.626350:2024-03-20 20:42:40.626313: Current epoch: 410, loss: 0.48477357625961304, validation loss: 2.309391736984253
2024-03-20 20:42:40.942441:2024-03-20 20:42:40.942376: Current epoch: 411, loss: 0.44569334387779236, validation loss: 2.263507127761841
2024-03-20 20:42:41.304308:2024-03-20 20:42:41.304245: Current epoch: 412, loss: 0.42354637384414673, validation loss: 2.281036615371704
2024-03-20 20:42:41.809963:2024-03-20 20:42:41.809923: Current epoch: 413, loss: 0.481187105178833, validation loss: 2.187408447265625
2024-03-20 20:42:42.153475:2024-03-20 20:42:42.153365: Current epoch: 414, loss: 0.4702099859714508, validation loss: 2.248040199279785
2024-03-20 20:42:42.563739:2024-03-20 20:42:42.563692: Current epoch: 415, loss: 0.4451146125793457, validation loss: 2.3414061069488525
2024-03-20 20:42:42.891333:2024-03-20 20:42:42.891278: Current epoch: 416, loss: 0.45592451095581055, validation loss: 2.1584441661834717
2024-03-20 20:42:43.392178:2024-03-20 20:42:43.392112: Current epoch: 417, loss: 0.44604364037513733, validation loss: 2.1744956970214844
2024-03-20 20:42:43.596183:2024-03-20 20:42:43.596143: Current epoch: 418, loss: 0.41483721137046814, validation loss: 2.317371368408203
2024-03-20 20:42:43.815123:2024-03-20 20:42:43.815077: Current epoch: 419, loss: 0.42740726470947266, validation loss: 2.257781982421875
2024-03-20 20:42:44.125641:2024-03-20 20:42:44.125599: Current epoch: 420, loss: 0.48034900426864624, validation loss: 2.291633129119873
2024-03-20 20:42:44.507871:2024-03-20 20:42:44.507822: Current epoch: 421, loss: 0.4432537853717804, validation loss: 2.1578056812286377
2024-03-20 20:42:44.838001:2024-03-20 20:42:44.837944: Current epoch: 422, loss: 0.4578709602355957, validation loss: 2.4648704528808594
2024-03-20 20:42:45.193615:2024-03-20 20:42:45.193583: Current epoch: 423, loss: 0.4527445137500763, validation loss: 2.1404950618743896
2024-03-20 20:42:45.410774:2024-03-20 20:42:45.410741: Current epoch: 424, loss: 0.4118073284626007, validation loss: 2.2731521129608154
2024-03-20 20:42:45.801723:2024-03-20 20:42:45.801691: Current epoch: 425, loss: 0.4499066174030304, validation loss: 2.157864570617676
2024-03-20 20:42:46.116570:2024-03-20 20:42:46.116518: Current epoch: 426, loss: 0.4363578259944916, validation loss: 2.21097731590271
2024-03-20 20:42:46.511136:2024-03-20 20:42:46.511068: Current epoch: 427, loss: 0.3983836770057678, validation loss: 2.2512457370758057
2024-03-20 20:42:46.882540:2024-03-20 20:42:46.882481: Current epoch: 428, loss: 0.42312970757484436, validation loss: 2.0550155639648438
2024-03-20 20:42:47.151945:2024-03-20 20:42:47.151892: Current epoch: 429, loss: 0.42424899339675903, validation loss: 2.256641387939453
2024-03-20 20:42:47.455785:2024-03-20 20:42:47.455707: Current epoch: 430, loss: 0.4146800637245178, validation loss: 2.3522393703460693
2024-03-20 20:42:47.681628:2024-03-20 20:42:47.681589: Current epoch: 431, loss: 0.436633437871933, validation loss: 2.2092013359069824
2024-03-20 20:42:48.027497:2024-03-20 20:42:48.027415: Current epoch: 432, loss: 0.40866008400917053, validation loss: 2.318665027618408
2024-03-20 20:42:48.389633:2024-03-20 20:42:48.389576: Current epoch: 433, loss: 0.46218231320381165, validation loss: 2.3529720306396484
2024-03-20 20:42:48.746530:2024-03-20 20:42:48.746494: Current epoch: 434, loss: 0.4112330377101898, validation loss: 2.0804879665374756
2024-03-20 20:42:49.055261:2024-03-20 20:42:49.054846: Current epoch: 435, loss: 0.3898707926273346, validation loss: 2.196279764175415
2024-03-20 20:42:49.298692:2024-03-20 20:42:49.298639: Current epoch: 436, loss: 0.4581696391105652, validation loss: 2.1959707736968994
2024-03-20 20:42:49.579853:2024-03-20 20:42:49.579825: Current epoch: 437, loss: 0.4413214325904846, validation loss: 2.1614034175872803
2024-03-20 20:42:49.931536:2024-03-20 20:42:49.931490: Current epoch: 438, loss: 0.42472389340400696, validation loss: 2.0551719665527344
2024-03-20 20:42:50.305421:2024-03-20 20:42:50.305384: Current epoch: 439, loss: 0.4265882968902588, validation loss: 2.2365150451660156
2024-03-20 20:42:50.707542:2024-03-20 20:42:50.707505: Current epoch: 440, loss: 0.41429731249809265, validation loss: 2.2615089416503906
2024-03-20 20:42:51.178904:2024-03-20 20:42:51.178872: Current epoch: 441, loss: 0.4349699020385742, validation loss: 2.175739288330078
2024-03-20 20:42:51.437372:2024-03-20 20:42:51.437327: Current epoch: 442, loss: 0.4380083382129669, validation loss: 2.344980478286743
2024-03-20 20:42:51.797988:2024-03-20 20:42:51.797918: Current epoch: 443, loss: 0.4090498983860016, validation loss: 2.2249791622161865
2024-03-20 20:42:52.156042:2024-03-20 20:42:52.155982: Current epoch: 444, loss: 0.41456887125968933, validation loss: 2.544919490814209
2024-03-20 20:42:52.500185:2024-03-20 20:42:52.500150: Current epoch: 445, loss: 0.441036194562912, validation loss: 2.385612964630127
2024-03-20 20:42:52.933841:2024-03-20 20:42:52.933811: Current epoch: 446, loss: 0.4034139811992645, validation loss: 2.357783555984497
2024-03-20 20:42:53.291198:2024-03-20 20:42:53.291147: Current epoch: 447, loss: 0.35169264674186707, validation loss: 2.351137399673462
2024-03-20 20:42:53.650691:2024-03-20 20:42:53.650644: Current epoch: 448, loss: 0.37526509165763855, validation loss: 2.3857128620147705
2024-03-20 20:42:54.017945:2024-03-20 20:42:54.017886: Current epoch: 449, loss: 0.38603606820106506, validation loss: 2.408281087875366
2024-03-20 20:42:54.385104:2024-03-20 20:42:54.385067: Current epoch: 450, loss: 0.4030364453792572, validation loss: 2.241267681121826
2024-03-20 20:42:54.822255:2024-03-20 20:42:54.822219: Current epoch: 451, loss: 0.41656631231307983, validation loss: 2.2896244525909424
2024-03-20 20:42:55.022822:2024-03-20 20:42:55.022725: Current epoch: 452, loss: 0.43607351183891296, validation loss: 2.496448516845703
2024-03-20 20:42:55.401370:2024-03-20 20:42:55.401301: Current epoch: 453, loss: 0.42374008893966675, validation loss: 2.4488887786865234
2024-03-20 20:42:55.798233:2024-03-20 20:42:55.798202: Current epoch: 454, loss: 0.44635313749313354, validation loss: 2.144134044647217
2024-03-20 20:42:56.149736:2024-03-20 20:42:56.149678: Current epoch: 455, loss: 0.41272076964378357, validation loss: 2.3427321910858154
2024-03-20 20:42:56.486204:2024-03-20 20:42:56.486143: Current epoch: 456, loss: 0.4385300576686859, validation loss: 2.1685080528259277
2024-03-20 20:42:56.803547:2024-03-20 20:42:56.803514: Current epoch: 457, loss: 0.48786720633506775, validation loss: 2.280416250228882
2024-03-20 20:42:57.020690:2024-03-20 20:42:57.020651: Current epoch: 458, loss: 0.4221459925174713, validation loss: 2.2071549892425537
2024-03-20 20:42:57.388879:2024-03-20 20:42:57.388821: Current epoch: 459, loss: 0.4370078146457672, validation loss: 2.07198429107666
2024-03-20 20:43:01.900985:2024-03-20 20:43:01.900904: Current epoch: 460, loss: 0.4333726167678833, validation loss: 2.282681703567505
2024-03-20 20:43:02.174909:2024-03-20 20:43:02.174859: Current epoch: 461, loss: 0.4980611801147461, validation loss: 2.2885494232177734
2024-03-20 20:43:02.604725:2024-03-20 20:43:02.604646: Current epoch: 462, loss: 0.4175351560115814, validation loss: 2.218235731124878
2024-03-20 20:43:02.729660:the test error is  [2.4017391204833984, 2.4017391204833984]
2024-03-20 20:43:06.874065:saved model to sample/bert-base-uncased_robo_prop_Tc_supercon
2024-03-20 20:43:07.089858:done