
2024-04-11 00:02:46.072908:job config: {'train_data_path': '/data/yll6162/alignntl_dft_3d/tl_dataset/dataset_bert-base-uncased_chemnlp_prop_spillage_train.csv', 'val_data_path': '/data/yll6162/alignntl_dft_3d/tl_dataset/dataset_bert-base-uncased_chemnlp_prop_spillage_val.csv', 'test_data_path': '/data/yll6162/alignntl_dft_3d/tl_dataset/dataset_bert-base-uncased_chemnlp_prop_spillage_test.csv', 'label': 'spillage', 'input_type': None, 'log_folder': 'log', 'log_file': 'bert-base-uncased_chemnlp_prop_spillage.log', 'test_metric': 'mae', 'architecture': '1024Rx4D-512Rx3D-256Rx3D-128Rx3D-64Rx2-32Rx1-1', 'model_seed': 0, 'loss_type': 'mae', 'config_file': 'sample/bert-base-uncased_chemnlp_prop_spillage_job.config', 'use_valid': True, 'project': 'MOF', 'regressors': None, 'input_types': None, 'paramsGrid': {'optimizer': 'Adam', 'learning_rate': 0.0001, 'patience': 200, 'dropouts': [0.8, 0.9, 0.7, 0.8], 'EVAL_FREQUENCY': 1000}, 'save_path': 'sample/bert-base-uncased_chemnlp_prop_spillage', 'model_path': None, 'last_layer_with_weight': True, 'keras_path': 'model/bert-base-uncased_chemnlp_prop_spillage', 'test_size': None, 'val_size': None}
2024-04-11 00:02:46.072969:train data path is  /data/yll6162/alignntl_dft_3d/tl_dataset/dataset_bert-base-uncased_chemnlp_prop_spillage_train.csv
2024-04-11 00:02:47.048704:input attribute sets are:  None
2024-04-11 00:02:47.048915:test data path is  /data/yll6162/alignntl_dft_3d/tl_dataset/dataset_bert-base-uncased_chemnlp_prop_spillage_test.csv
2024-04-11 00:02:47.207983:val data path is  /data/yll6162/alignntl_dft_3d/tl_dataset/dataset_bert-base-uncased_chemnlp_prop_spillage_val.csv
2024-04-11 00:02:47.360126:input attributes are:  Index(['0', '1', '2', '3', '4', '5', '6', '7', '8', '9',
       ...
       '758', '759', '760', '761', '762', '763', '764', '765', '766', '767'],
      dtype='object', length=768)
2024-04-11 00:02:47.360228:label: spillage
2024-04-11 00:02:51.962788: train, test, valid sizes:  (9041, 768) (9041,) (1131, 768) (1131,) (1131, 768) (1131,)
2024-04-11 00:02:51.985735:train matrix shape of train_X:  (9041, 768)  train_y:  (9041,)
2024-04-11 00:02:51.985859:valid matrix shape of train_X:  (1131, 768)  valid_y:  (1131,)
2024-04-11 00:02:51.985900:test matrix shape of valid_X:   (1131, 768)  test_y:  (1131,)
2024-04-11 00:02:51.985935:architecture is:  1024Rx4D-512Rx3D-256Rx3D-128Rx3D-64Rx2-32Rx1-1
2024-04-11 00:02:51.985972:learning rate is  0.0001
2024-04-11 00:02:51.986005:model path is  None
2024-04-11 00:02:51.996622:adding fully connected layers with 1024 outputs
2024-04-11 00:02:54.009657:adding residual with fc as the size are different
2024-04-11 00:02:54.016971:adding fully connected layers with 1024 outputs
2024-04-11 00:02:54.022070:adding residual, both sizes are same
2024-04-11 00:02:54.024017:adding fully connected layers with 1024 outputs
2024-04-11 00:02:54.028875:adding residual, both sizes are same
2024-04-11 00:02:54.030707:adding fully connected layers with 1024 outputs
2024-04-11 00:02:54.035368:adding residual, both sizes are same
2024-04-11 00:02:54.037298:adding dropout 0.8
2024-04-11 00:02:54.042955:adding fully connected layers with 512 outputs
2024-04-11 00:02:54.047826:adding residual with fc as the size are different
2024-04-11 00:02:54.054022:adding fully connected layers with 512 outputs
2024-04-11 00:02:54.058829:adding residual, both sizes are same
2024-04-11 00:02:54.060677:adding fully connected layers with 512 outputs
2024-04-11 00:02:54.065525:adding residual, both sizes are same
2024-04-11 00:02:54.067350:adding dropout 0.9
2024-04-11 00:02:54.068943:adding fully connected layers with 256 outputs
2024-04-11 00:02:54.073812:adding residual with fc as the size are different
2024-04-11 00:02:54.080028:adding fully connected layers with 256 outputs
2024-04-11 00:02:54.085009:adding residual, both sizes are same
2024-04-11 00:02:54.086845:adding fully connected layers with 256 outputs
2024-04-11 00:02:54.091731:adding residual, both sizes are same
2024-04-11 00:02:54.093575:adding dropout 0.7
2024-04-11 00:02:54.095172:adding fully connected layers with 128 outputs
2024-04-11 00:02:54.100065:adding residual with fc as the size are different
2024-04-11 00:02:54.115017:adding fully connected layers with 128 outputs
2024-04-11 00:02:54.121641:adding residual, both sizes are same
2024-04-11 00:02:54.123431:adding fully connected layers with 128 outputs
2024-04-11 00:02:54.132781:adding residual, both sizes are same
2024-04-11 00:02:54.140071:adding dropout 0.8
2024-04-11 00:02:54.142534:adding fully connected layers with 64 outputs
2024-04-11 00:02:54.149510:adding residual with fc as the size are different
2024-04-11 00:02:54.155970:adding fully connected layers with 64 outputs
2024-04-11 00:02:54.161043:adding residual, both sizes are same
2024-04-11 00:02:54.162976:adding fully connected layers with 32 outputs
2024-04-11 00:02:54.167876:adding residual with fc as the size are different
2024-04-11 00:02:54.174261:adding final layer with 1 output
2024-04-11 00:02:54.184798:Model: "ElemNet"
2024-04-11 00:02:54.184870:__________________________________________________________________________________________________
2024-04-11 00:02:54.184920:Layer (type)                    Output Shape         Param #     Connected to                     
2024-04-11 00:02:54.184956:==================================================================================================
2024-04-11 00:02:54.185165:elemental_fractions (InputLayer [(None, 768)]        0                                            
2024-04-11 00:02:54.185210:__________________________________________________________________________________________________
2024-04-11 00:02:54.185382:fc0_0 (Dense)                   (None, 1024)         787456      elemental_fractions[0][0]        
2024-04-11 00:02:54.185429:__________________________________________________________________________________________________
2024-04-11 00:02:54.185543:fc0_dim_0 (Dense)               (None, 1024)         787456      elemental_fractions[0][0]        
2024-04-11 00:02:54.185586:__________________________________________________________________________________________________
2024-04-11 00:02:54.185668:tf.__operators__.add (TFOpLambd (None, 1024)         0           fc0_0[0][0]                      
2024-04-11 00:02:54.185711:                                                                 fc0_dim_0[0][0]                  
2024-04-11 00:02:54.185747:__________________________________________________________________________________________________
2024-04-11 00:02:54.185855:fc0_1 (Dense)                   (None, 1024)         1049600     tf.__operators__.add[0][0]       
2024-04-11 00:02:54.185896:__________________________________________________________________________________________________
2024-04-11 00:02:54.185974:tf.__operators__.add_1 (TFOpLam (None, 1024)         0           fc0_1[0][0]                      
2024-04-11 00:02:54.186016:                                                                 tf.__operators__.add[0][0]       
2024-04-11 00:02:54.186051:__________________________________________________________________________________________________
2024-04-11 00:02:54.186157:fc0_2 (Dense)                   (None, 1024)         1049600     tf.__operators__.add_1[0][0]     
2024-04-11 00:02:54.186197:__________________________________________________________________________________________________
2024-04-11 00:02:54.186277:tf.__operators__.add_2 (TFOpLam (None, 1024)         0           fc0_2[0][0]                      
2024-04-11 00:02:54.186320:                                                                 tf.__operators__.add_1[0][0]     
2024-04-11 00:02:54.186355:__________________________________________________________________________________________________
2024-04-11 00:02:54.186461:fc0_3 (Dense)                   (None, 1024)         1049600     tf.__operators__.add_2[0][0]     
2024-04-11 00:02:54.186502:__________________________________________________________________________________________________
2024-04-11 00:02:54.186578:tf.__operators__.add_3 (TFOpLam (None, 1024)         0           fc0_3[0][0]                      
2024-04-11 00:02:54.186620:                                                                 tf.__operators__.add_2[0][0]     
2024-04-11 00:02:54.186662:__________________________________________________________________________________________________
2024-04-11 00:02:54.186738:dropout (Dropout)               (None, 1024)         0           tf.__operators__.add_3[0][0]     
2024-04-11 00:02:54.186775:__________________________________________________________________________________________________
2024-04-11 00:02:54.186880:fc1_0 (Dense)                   (None, 512)          524800      dropout[0][0]                    
2024-04-11 00:02:54.186921:__________________________________________________________________________________________________
2024-04-11 00:02:54.187024:fc1_dim_0 (Dense)               (None, 512)          524800      dropout[0][0]                    
2024-04-11 00:02:54.187065:__________________________________________________________________________________________________
2024-04-11 00:02:54.187141:tf.__operators__.add_4 (TFOpLam (None, 512)          0           fc1_0[0][0]                      
2024-04-11 00:02:54.187183:                                                                 fc1_dim_0[0][0]                  
2024-04-11 00:02:54.187217:__________________________________________________________________________________________________
2024-04-11 00:02:54.187325:fc1_1 (Dense)                   (None, 512)          262656      tf.__operators__.add_4[0][0]     
2024-04-11 00:02:54.187367:__________________________________________________________________________________________________
2024-04-11 00:02:54.187441:tf.__operators__.add_5 (TFOpLam (None, 512)          0           fc1_1[0][0]                      
2024-04-11 00:02:54.187484:                                                                 tf.__operators__.add_4[0][0]     
2024-04-11 00:02:54.187518:__________________________________________________________________________________________________
2024-04-11 00:02:54.187619:fc1_2 (Dense)                   (None, 512)          262656      tf.__operators__.add_5[0][0]     
2024-04-11 00:02:54.187660:__________________________________________________________________________________________________
2024-04-11 00:02:54.187734:tf.__operators__.add_6 (TFOpLam (None, 512)          0           fc1_2[0][0]                      
2024-04-11 00:02:54.187776:                                                                 tf.__operators__.add_5[0][0]     
2024-04-11 00:02:54.187812:__________________________________________________________________________________________________
2024-04-11 00:02:54.187882:dropout_1 (Dropout)             (None, 512)          0           tf.__operators__.add_6[0][0]     
2024-04-11 00:02:54.187919:__________________________________________________________________________________________________
2024-04-11 00:02:54.188020:fc2_0 (Dense)                   (None, 256)          131328      dropout_1[0][0]                  
2024-04-11 00:02:54.188061:__________________________________________________________________________________________________
2024-04-11 00:02:54.188162:fc2_dim_0 (Dense)               (None, 256)          131328      dropout_1[0][0]                  
2024-04-11 00:02:54.188202:__________________________________________________________________________________________________
2024-04-11 00:02:54.188282:tf.__operators__.add_7 (TFOpLam (None, 256)          0           fc2_0[0][0]                      
2024-04-11 00:02:54.188325:                                                                 fc2_dim_0[0][0]                  
2024-04-11 00:02:54.188359:__________________________________________________________________________________________________
2024-04-11 00:02:54.188462:fc2_1 (Dense)                   (None, 256)          65792       tf.__operators__.add_7[0][0]     
2024-04-11 00:02:54.188502:__________________________________________________________________________________________________
2024-04-11 00:02:54.188575:tf.__operators__.add_8 (TFOpLam (None, 256)          0           fc2_1[0][0]                      
2024-04-11 00:02:54.188621:                                                                 tf.__operators__.add_7[0][0]     
2024-04-11 00:02:54.188657:__________________________________________________________________________________________________
2024-04-11 00:02:54.188757:fc2_2 (Dense)                   (None, 256)          65792       tf.__operators__.add_8[0][0]     
2024-04-11 00:02:54.188814:__________________________________________________________________________________________________
2024-04-11 00:02:54.188891:tf.__operators__.add_9 (TFOpLam (None, 256)          0           fc2_2[0][0]                      
2024-04-11 00:02:54.188932:                                                                 tf.__operators__.add_8[0][0]     
2024-04-11 00:02:54.188967:__________________________________________________________________________________________________
2024-04-11 00:02:54.189037:dropout_2 (Dropout)             (None, 256)          0           tf.__operators__.add_9[0][0]     
2024-04-11 00:02:54.189074:__________________________________________________________________________________________________
2024-04-11 00:02:54.189174:fc3_0 (Dense)                   (None, 128)          32896       dropout_2[0][0]                  
2024-04-11 00:02:54.189216:__________________________________________________________________________________________________
2024-04-11 00:02:54.189321:fc3_dim_0 (Dense)               (None, 128)          32896       dropout_2[0][0]                  
2024-04-11 00:02:54.189375:__________________________________________________________________________________________________
2024-04-11 00:02:54.189477:tf.__operators__.add_10 (TFOpLa (None, 128)          0           fc3_0[0][0]                      
2024-04-11 00:02:54.189520:                                                                 fc3_dim_0[0][0]                  
2024-04-11 00:02:54.189555:__________________________________________________________________________________________________
2024-04-11 00:02:54.189662:fc3_1 (Dense)                   (None, 128)          16512       tf.__operators__.add_10[0][0]    
2024-04-11 00:02:54.189702:__________________________________________________________________________________________________
2024-04-11 00:02:54.189776:tf.__operators__.add_11 (TFOpLa (None, 128)          0           fc3_1[0][0]                      
2024-04-11 00:02:54.189818:                                                                 tf.__operators__.add_10[0][0]    
2024-04-11 00:02:54.189852:__________________________________________________________________________________________________
2024-04-11 00:02:54.189951:fc3_2 (Dense)                   (None, 128)          16512       tf.__operators__.add_11[0][0]    
2024-04-11 00:02:54.189991:__________________________________________________________________________________________________
2024-04-11 00:02:54.190064:tf.__operators__.add_12 (TFOpLa (None, 128)          0           fc3_2[0][0]                      
2024-04-11 00:02:54.190106:                                                                 tf.__operators__.add_11[0][0]    
2024-04-11 00:02:54.190141:__________________________________________________________________________________________________
2024-04-11 00:02:54.190209:dropout_3 (Dropout)             (None, 128)          0           tf.__operators__.add_12[0][0]    
2024-04-11 00:02:54.190246:__________________________________________________________________________________________________
2024-04-11 00:02:54.190356:fc4_0 (Dense)                   (None, 64)           8256        dropout_3[0][0]                  
2024-04-11 00:02:54.190399:__________________________________________________________________________________________________
2024-04-11 00:02:54.190496:fc4_dim_0 (Dense)               (None, 64)           8256        dropout_3[0][0]                  
2024-04-11 00:02:54.190546:__________________________________________________________________________________________________
2024-04-11 00:02:54.190617:tf.__operators__.add_13 (TFOpLa (None, 64)           0           fc4_0[0][0]                      
2024-04-11 00:02:54.190669:                                                                 fc4_dim_0[0][0]                  
2024-04-11 00:02:54.190702:__________________________________________________________________________________________________
2024-04-11 00:02:54.190797:fc4_1 (Dense)                   (None, 64)           4160        tf.__operators__.add_13[0][0]    
2024-04-11 00:02:54.190836:__________________________________________________________________________________________________
2024-04-11 00:02:54.190906:tf.__operators__.add_14 (TFOpLa (None, 64)           0           fc4_1[0][0]                      
2024-04-11 00:02:54.190946:                                                                 tf.__operators__.add_13[0][0]    
2024-04-11 00:02:54.190980:__________________________________________________________________________________________________
2024-04-11 00:02:54.191073:fc5_0 (Dense)                   (None, 32)           2080        tf.__operators__.add_14[0][0]    
2024-04-11 00:02:54.191113:__________________________________________________________________________________________________
2024-04-11 00:02:54.191206:fc5_dim_0 (Dense)               (None, 32)           2080        tf.__operators__.add_14[0][0]    
2024-04-11 00:02:54.195002:__________________________________________________________________________________________________
2024-04-11 00:02:54.195091:tf.__operators__.add_15 (TFOpLa (None, 32)           0           fc5_0[0][0]                      
2024-04-11 00:02:54.195133:                                                                 fc5_dim_0[0][0]                  
2024-04-11 00:02:54.195166:__________________________________________________________________________________________________
2024-04-11 00:02:54.195266:fc6 (Dense)                     (None, 1)            33          tf.__operators__.add_15[0][0]    
2024-04-11 00:02:54.195328:==================================================================================================
2024-04-11 00:02:54.195929:Total params: 6,816,545
2024-04-11 00:02:54.195978:Trainable params: 6,816,545
2024-04-11 00:02:54.196016:Non-trainable params: 0
2024-04-11 00:02:54.196050:__________________________________________________________________________________________________
2024-04-11 00:02:54.206903:start training
2024-04-11 00:02:58.345378:2024-04-11 00:02:58.345318: Current epoch: 0, loss: 2.8814597129821777, validation loss: 0.5739864110946655
2024-04-11 00:03:00.985641:2024-04-11 00:03:00.985570: Current epoch: 1, loss: 0.5866601467132568, validation loss: 0.6514142751693726
2024-04-11 00:03:03.624783:2024-04-11 00:03:03.624724: Current epoch: 2, loss: 0.5162003040313721, validation loss: 0.5588029623031616
2024-04-11 00:03:06.327136:2024-04-11 00:03:06.326983: Current epoch: 3, loss: 0.5948115587234497, validation loss: 0.6656858325004578
2024-04-11 00:03:08.970780:2024-04-11 00:03:08.970718: Current epoch: 4, loss: 0.5490683913230896, validation loss: 0.46078354120254517
2024-04-11 00:03:11.569200:2024-04-11 00:03:11.569041: Current epoch: 5, loss: 0.4942619800567627, validation loss: 0.49942970275878906
2024-04-11 00:03:14.126109:2024-04-11 00:03:14.125971: Current epoch: 6, loss: 0.4769676625728607, validation loss: 0.49205976724624634
2024-04-11 00:03:16.699909:2024-04-11 00:03:16.699740: Current epoch: 7, loss: 0.545016884803772, validation loss: 0.49569159746170044
2024-04-11 00:03:19.359293:2024-04-11 00:03:19.359184: Current epoch: 8, loss: 0.5351517796516418, validation loss: 0.43176302313804626
2024-04-11 00:03:21.981002:2024-04-11 00:03:21.980671: Current epoch: 9, loss: 0.49812114238739014, validation loss: 0.44439026713371277
2024-04-11 00:03:27.310215:2024-04-11 00:03:27.310129: Current epoch: 10, loss: 0.4827963709831238, validation loss: 0.42588454484939575
2024-04-11 00:03:29.908752:2024-04-11 00:03:29.908581: Current epoch: 11, loss: 0.4605894088745117, validation loss: 0.5280813574790955
2024-04-11 00:03:32.416818:2024-04-11 00:03:32.416743: Current epoch: 12, loss: 0.46446657180786133, validation loss: 0.41810402274131775
2024-04-11 00:03:35.010886:2024-04-11 00:03:35.010781: Current epoch: 13, loss: 0.45046404004096985, validation loss: 0.4234587252140045
2024-04-11 00:03:37.526883:2024-04-11 00:03:37.526808: Current epoch: 14, loss: 0.4505525529384613, validation loss: 0.4669002592563629
2024-04-11 00:03:40.207183:2024-04-11 00:03:40.207098: Current epoch: 15, loss: 0.45718371868133545, validation loss: 0.41750413179397583
2024-04-11 00:03:42.735149:2024-04-11 00:03:42.735074: Current epoch: 16, loss: 0.4498148560523987, validation loss: 0.5650206804275513
2024-04-11 00:03:45.427907:2024-04-11 00:03:45.427837: Current epoch: 17, loss: 0.44294247031211853, validation loss: 0.4599725902080536
2024-04-11 00:03:47.973202:2024-04-11 00:03:47.973038: Current epoch: 18, loss: 0.44656938314437866, validation loss: 0.47776728868484497
2024-04-11 00:03:50.487950:2024-04-11 00:03:50.487873: Current epoch: 19, loss: 0.46431106328964233, validation loss: 0.4353213608264923
2024-04-11 00:03:55.557704:2024-04-11 00:03:55.557652: Current epoch: 20, loss: 0.44038984179496765, validation loss: 0.4160730838775635
2024-04-11 00:03:58.148268:2024-04-11 00:03:58.148191: Current epoch: 21, loss: 0.4285944104194641, validation loss: 0.4852348864078522
2024-04-11 00:04:00.893392:2024-04-11 00:04:00.893311: Current epoch: 22, loss: 0.4460568428039551, validation loss: 0.4105418026447296
2024-04-11 00:04:03.538200:2024-04-11 00:04:03.538128: Current epoch: 23, loss: 0.44587576389312744, validation loss: 0.41441628336906433
2024-04-11 00:04:06.057331:2024-04-11 00:04:06.057159: Current epoch: 24, loss: 0.43784815073013306, validation loss: 0.41477975249290466
2024-04-11 00:04:08.852309:2024-04-11 00:04:08.852183: Current epoch: 25, loss: 0.4391690194606781, validation loss: 0.4289439916610718
2024-04-11 00:04:11.420372:2024-04-11 00:04:11.420296: Current epoch: 26, loss: 0.4447360932826996, validation loss: 0.49784451723098755
2024-04-11 00:04:14.045515:2024-04-11 00:04:14.045396: Current epoch: 27, loss: 0.4330049753189087, validation loss: 0.5067654252052307
2024-04-11 00:04:16.634873:2024-04-11 00:04:16.634790: Current epoch: 28, loss: 0.44866466522216797, validation loss: 0.4267987012863159
2024-04-11 00:04:19.320731:2024-04-11 00:04:19.320654: Current epoch: 29, loss: 0.43918225169181824, validation loss: 0.4182884097099304
2024-04-11 00:04:24.252118:2024-04-11 00:04:24.252023: Current epoch: 30, loss: 0.4505888521671295, validation loss: 0.44438013434410095
2024-04-11 00:04:26.824374:2024-04-11 00:04:26.824323: Current epoch: 31, loss: 0.4211198091506958, validation loss: 0.4073181748390198
2024-04-11 00:04:29.360888:2024-04-11 00:04:29.360808: Current epoch: 32, loss: 0.42214927077293396, validation loss: 0.4058219790458679
2024-04-11 00:04:31.814466:2024-04-11 00:04:31.814389: Current epoch: 33, loss: 0.4318670928478241, validation loss: 0.40639880299568176
2024-04-11 00:04:34.276218:2024-04-11 00:04:34.276139: Current epoch: 34, loss: 0.42770206928253174, validation loss: 0.4586694836616516
2024-04-11 00:04:36.821393:2024-04-11 00:04:36.821319: Current epoch: 35, loss: 0.4470149874687195, validation loss: 0.4172847270965576
2024-04-11 00:04:39.312958:2024-04-11 00:04:39.312882: Current epoch: 36, loss: 0.4362896978855133, validation loss: 0.5418105721473694
2024-04-11 00:04:42.000854:2024-04-11 00:04:42.000783: Current epoch: 37, loss: 0.4222232401371002, validation loss: 0.40200844407081604
2024-04-11 00:04:44.460257:2024-04-11 00:04:44.460180: Current epoch: 38, loss: 0.41775551438331604, validation loss: 0.4299260377883911
2024-04-11 00:04:47.014706:2024-04-11 00:04:47.014629: Current epoch: 39, loss: 0.4199470281600952, validation loss: 0.4810393750667572
2024-04-11 00:04:49.550290:2024-04-11 00:04:49.550193: Current epoch: 40, loss: 0.41712263226509094, validation loss: 0.4274287521839142
2024-04-11 00:04:52.173393:2024-04-11 00:04:52.173270: Current epoch: 41, loss: 0.4203980267047882, validation loss: 0.5595158934593201
2024-04-11 00:04:54.755035:2024-04-11 00:04:54.754957: Current epoch: 42, loss: 0.4105496406555176, validation loss: 0.40318578481674194
2024-04-11 00:04:57.382510:2024-04-11 00:04:57.382371: Current epoch: 43, loss: 0.4154178500175476, validation loss: 0.42447271943092346
2024-04-11 00:05:00.003097:2024-04-11 00:05:00.002993: Current epoch: 44, loss: 0.42714300751686096, validation loss: 0.4145825505256653
2024-04-11 00:05:02.593480:2024-04-11 00:05:02.593404: Current epoch: 45, loss: 0.42099958658218384, validation loss: 0.43593791127204895
2024-04-11 00:05:05.058797:2024-04-11 00:05:05.058727: Current epoch: 46, loss: 0.41782060265541077, validation loss: 0.430841326713562
2024-04-11 00:05:07.553250:2024-04-11 00:05:07.553175: Current epoch: 47, loss: 0.41371986269950867, validation loss: 0.41247841715812683
2024-04-11 00:05:10.083234:2024-04-11 00:05:10.083182: Current epoch: 48, loss: 0.41861197352409363, validation loss: 0.39988136291503906
2024-04-11 00:05:12.565450:2024-04-11 00:05:12.565314: Current epoch: 49, loss: 0.4103696942329407, validation loss: 0.399992436170578
2024-04-11 00:05:17.465673:2024-04-11 00:05:17.465574: Current epoch: 50, loss: 0.40912291407585144, validation loss: 0.4037499725818634
2024-04-11 00:05:20.090878:2024-04-11 00:05:20.090805: Current epoch: 51, loss: 0.4066930115222931, validation loss: 0.40606215596199036
2024-04-11 00:05:22.645604:2024-04-11 00:05:22.645538: Current epoch: 52, loss: 0.4081362187862396, validation loss: 0.4786589443683624
2024-04-11 00:05:25.055724:2024-04-11 00:05:25.055646: Current epoch: 53, loss: 0.42221200466156006, validation loss: 0.4304977357387543
2024-04-11 00:05:27.517470:2024-04-11 00:05:27.517401: Current epoch: 54, loss: 0.4013049304485321, validation loss: 0.40698182582855225
2024-04-11 00:05:30.109760:2024-04-11 00:05:30.109678: Current epoch: 55, loss: 0.39982593059539795, validation loss: 0.4824928343296051
2024-04-11 00:05:32.763935:2024-04-11 00:05:32.763856: Current epoch: 56, loss: 0.4116949141025543, validation loss: 0.40528377890586853
2024-04-11 00:05:35.458797:2024-04-11 00:05:35.458716: Current epoch: 57, loss: 0.40880218148231506, validation loss: 0.3970284163951874
2024-04-11 00:05:38.105675:2024-04-11 00:05:38.105604: Current epoch: 58, loss: 0.39812952280044556, validation loss: 0.4123281240463257
2024-04-11 00:05:40.717886:2024-04-11 00:05:40.717754: Current epoch: 59, loss: 0.4019748568534851, validation loss: 0.4274764657020569
2024-04-11 00:05:43.283914:2024-04-11 00:05:43.283837: Current epoch: 60, loss: 0.40543898940086365, validation loss: 0.40736421942710876
2024-04-11 00:05:45.774462:2024-04-11 00:05:45.774386: Current epoch: 61, loss: 0.4089491069316864, validation loss: 0.4151686728000641
2024-04-11 00:05:48.381973:2024-04-11 00:05:48.381894: Current epoch: 62, loss: 0.3968028426170349, validation loss: 0.40686872601509094
2024-04-11 00:05:51.123373:2024-04-11 00:05:51.123253: Current epoch: 63, loss: 0.3947417736053467, validation loss: 0.43616795539855957
2024-04-11 00:05:53.822916:2024-04-11 00:05:53.822840: Current epoch: 64, loss: 0.3996933400630951, validation loss: 0.4102626442909241
2024-04-11 00:05:56.495551:2024-04-11 00:05:56.495474: Current epoch: 65, loss: 0.3946313261985779, validation loss: 0.40459564328193665
2024-04-11 00:05:59.037003:2024-04-11 00:05:59.036924: Current epoch: 66, loss: 0.3950044810771942, validation loss: 0.44517892599105835
2024-04-11 00:06:01.545614:2024-04-11 00:06:01.545539: Current epoch: 67, loss: 0.39770206809043884, validation loss: 0.4490853250026703
2024-04-11 00:06:04.039976:2024-04-11 00:06:04.039897: Current epoch: 68, loss: 0.40074780583381653, validation loss: 0.4016895592212677
2024-04-11 00:06:06.555992:2024-04-11 00:06:06.555915: Current epoch: 69, loss: 0.39227789640426636, validation loss: 0.4116423726081848
2024-04-11 00:06:09.184889:2024-04-11 00:06:09.184838: Current epoch: 70, loss: 0.39204785227775574, validation loss: 0.38723400235176086
2024-04-11 00:06:11.844694:2024-04-11 00:06:11.844619: Current epoch: 71, loss: 0.3972175419330597, validation loss: 0.4496404230594635
2024-04-11 00:06:14.513496:2024-04-11 00:06:14.513423: Current epoch: 72, loss: 0.3883943557739258, validation loss: 0.41208702325820923
2024-04-11 00:06:17.040700:2024-04-11 00:06:17.040564: Current epoch: 73, loss: 0.3902210295200348, validation loss: 0.4116791784763336
2024-04-11 00:06:19.589316:2024-04-11 00:06:19.589257: Current epoch: 74, loss: 0.38523057103157043, validation loss: 0.3861684203147888
2024-04-11 00:06:22.281514:2024-04-11 00:06:22.281437: Current epoch: 75, loss: 0.3922658860683441, validation loss: 0.39209455251693726
2024-04-11 00:06:24.830991:2024-04-11 00:06:24.830915: Current epoch: 76, loss: 0.38738226890563965, validation loss: 0.4062361717224121
2024-04-11 00:06:27.486926:2024-04-11 00:06:27.486846: Current epoch: 77, loss: 0.39208582043647766, validation loss: 0.39966389536857605
2024-04-11 00:06:30.042648:2024-04-11 00:06:30.042541: Current epoch: 78, loss: 0.3878214657306671, validation loss: 0.40592607855796814
2024-04-11 00:06:32.766975:2024-04-11 00:06:32.766903: Current epoch: 79, loss: 0.3842043876647949, validation loss: 0.396414190530777
2024-04-11 00:06:37.740268:2024-04-11 00:06:37.740191: Current epoch: 80, loss: 0.3831472098827362, validation loss: 0.4012586772441864
2024-04-11 00:06:40.451608:2024-04-11 00:06:40.451555: Current epoch: 81, loss: 0.37993907928466797, validation loss: 0.3853225111961365
2024-04-11 00:06:43.010116:2024-04-11 00:06:43.010045: Current epoch: 82, loss: 0.3774103820323944, validation loss: 0.3947841227054596
2024-04-11 00:06:45.648969:2024-04-11 00:06:45.648890: Current epoch: 83, loss: 0.37672197818756104, validation loss: 0.40531983971595764
2024-04-11 00:06:48.418714:2024-04-11 00:06:48.418636: Current epoch: 84, loss: 0.38455915451049805, validation loss: 0.3926284611225128
2024-04-11 00:06:50.966672:2024-04-11 00:06:50.966595: Current epoch: 85, loss: 0.37362027168273926, validation loss: 0.3872372508049011
2024-04-11 00:06:53.571406:2024-04-11 00:06:53.571254: Current epoch: 86, loss: 0.3778076469898224, validation loss: 0.41231486201286316
2024-04-11 00:06:56.072321:2024-04-11 00:06:56.072217: Current epoch: 87, loss: 0.37218889594078064, validation loss: 0.39224517345428467
2024-04-11 00:06:58.656732:2024-04-11 00:06:58.656654: Current epoch: 88, loss: 0.37236979603767395, validation loss: 0.3891741931438446
2024-04-11 00:07:01.240474:2024-04-11 00:07:01.240402: Current epoch: 89, loss: 0.37675046920776367, validation loss: 0.385678768157959
2024-04-11 00:07:06.363408:2024-04-11 00:07:06.363268: Current epoch: 90, loss: 0.36824464797973633, validation loss: 0.412288099527359
2024-04-11 00:07:09.048395:2024-04-11 00:07:09.048207: Current epoch: 91, loss: 0.37965017557144165, validation loss: 0.4032760560512543
2024-04-11 00:07:11.626208:2024-04-11 00:07:11.626118: Current epoch: 92, loss: 0.3680814206600189, validation loss: 0.4225267469882965
2024-04-11 00:07:14.168638:2024-04-11 00:07:14.168555: Current epoch: 93, loss: 0.36692818999290466, validation loss: 0.39399442076683044
2024-04-11 00:07:16.886611:2024-04-11 00:07:16.886558: Current epoch: 94, loss: 0.3623899817466736, validation loss: 0.3832809627056122
2024-04-11 00:07:19.434922:2024-04-11 00:07:19.434854: Current epoch: 95, loss: 0.3672039806842804, validation loss: 0.4248506724834442
2024-04-11 00:07:22.030516:2024-04-11 00:07:22.030363: Current epoch: 96, loss: 0.3630603849887848, validation loss: 0.3917989730834961
2024-04-11 00:07:24.606396:2024-04-11 00:07:24.606265: Current epoch: 97, loss: 0.36632636189460754, validation loss: 0.46519485116004944
2024-04-11 00:07:27.264341:2024-04-11 00:07:27.264183: Current epoch: 98, loss: 0.36289772391319275, validation loss: 0.41492024064064026
2024-04-11 00:07:29.918663:2024-04-11 00:07:29.918560: Current epoch: 99, loss: 0.3592105805873871, validation loss: 0.3877660036087036
2024-04-11 00:07:32.410782:2024-04-11 00:07:32.410643: Current epoch: 100, loss: 0.36230233311653137, validation loss: 0.4246474802494049
2024-04-11 00:07:34.980926:2024-04-11 00:07:34.980864: Current epoch: 101, loss: 0.35265475511550903, validation loss: 0.37861204147338867
2024-04-11 00:07:37.628827:2024-04-11 00:07:37.628750: Current epoch: 102, loss: 0.3561057448387146, validation loss: 0.3882872462272644
2024-04-11 00:07:40.114431:2024-04-11 00:07:40.114354: Current epoch: 103, loss: 0.3575764000415802, validation loss: 0.39194053411483765
2024-04-11 00:07:42.652331:2024-04-11 00:07:42.652247: Current epoch: 104, loss: 0.3530076742172241, validation loss: 0.40215763449668884
2024-04-11 00:07:45.249545:2024-04-11 00:07:45.249492: Current epoch: 105, loss: 0.35223209857940674, validation loss: 0.3774067759513855
2024-04-11 00:07:47.768978:2024-04-11 00:07:47.768838: Current epoch: 106, loss: 0.3528861403465271, validation loss: 0.3833718001842499
2024-04-11 00:07:50.381587:2024-04-11 00:07:50.381510: Current epoch: 107, loss: 0.34686025977134705, validation loss: 0.40741363167762756
2024-04-11 00:07:52.894616:2024-04-11 00:07:52.894541: Current epoch: 108, loss: 0.3488005995750427, validation loss: 0.38114067912101746
2024-04-11 00:07:55.546867:2024-04-11 00:07:55.546791: Current epoch: 109, loss: 0.3478078544139862, validation loss: 0.4327366054058075
2024-04-11 00:07:58.358120:2024-04-11 00:07:58.358045: Current epoch: 110, loss: 0.3416101038455963, validation loss: 0.3925348222255707
2024-04-11 00:08:01.039549:2024-04-11 00:08:01.039378: Current epoch: 111, loss: 0.343352735042572, validation loss: 0.40666133165359497
2024-04-11 00:08:03.879526:2024-04-11 00:08:03.879341: Current epoch: 112, loss: 0.3398900032043457, validation loss: 0.40678706765174866
2024-04-11 00:08:06.601715:2024-04-11 00:08:06.601663: Current epoch: 113, loss: 0.34340035915374756, validation loss: 0.3730364739894867
2024-04-11 00:08:09.237887:2024-04-11 00:08:09.237804: Current epoch: 114, loss: 0.3362693190574646, validation loss: 0.37183743715286255
2024-04-11 00:08:12.016025:2024-04-11 00:08:12.015886: Current epoch: 115, loss: 0.33431366086006165, validation loss: 0.38832899928092957
2024-04-11 00:08:14.690728:2024-04-11 00:08:14.690625: Current epoch: 116, loss: 0.3383447527885437, validation loss: 0.3843490481376648
2024-04-11 00:08:17.278602:2024-04-11 00:08:17.278460: Current epoch: 117, loss: 0.3351534903049469, validation loss: 0.3761599361896515
2024-04-11 00:08:19.836749:2024-04-11 00:08:19.836605: Current epoch: 118, loss: 0.333254873752594, validation loss: 0.4132094979286194
2024-04-11 00:08:22.552196:2024-04-11 00:08:22.552096: Current epoch: 119, loss: 0.3314761221408844, validation loss: 0.3985414206981659
2024-04-11 00:08:25.270099:2024-04-11 00:08:25.269935: Current epoch: 120, loss: 0.32899320125579834, validation loss: 0.40096771717071533
2024-04-11 00:08:27.906360:2024-04-11 00:08:27.906287: Current epoch: 121, loss: 0.32880890369415283, validation loss: 0.38333648443222046
2024-04-11 00:08:30.571987:2024-04-11 00:08:30.571819: Current epoch: 122, loss: 0.320241779088974, validation loss: 0.3851839303970337
2024-04-11 00:08:33.180361:2024-04-11 00:08:33.180230: Current epoch: 123, loss: 0.3167419135570526, validation loss: 0.37757614254951477
2024-04-11 00:08:35.919111:2024-04-11 00:08:35.919014: Current epoch: 124, loss: 0.3160521686077118, validation loss: 0.38750237226486206
2024-04-11 00:08:38.493850:2024-04-11 00:08:38.493709: Current epoch: 125, loss: 0.31784534454345703, validation loss: 0.39001694321632385
2024-04-11 00:08:41.149670:2024-04-11 00:08:41.149566: Current epoch: 126, loss: 0.3109295666217804, validation loss: 0.39482805132865906
2024-04-11 00:08:43.681426:2024-04-11 00:08:43.681356: Current epoch: 127, loss: 0.3173932433128357, validation loss: 0.379649817943573
2024-04-11 00:08:46.238343:2024-04-11 00:08:46.238251: Current epoch: 128, loss: 0.30848026275634766, validation loss: 0.3752465546131134
2024-04-11 00:08:48.890209:2024-04-11 00:08:48.890137: Current epoch: 129, loss: 0.3034842610359192, validation loss: 0.3967902362346649
2024-04-11 00:08:51.639724:2024-04-11 00:08:51.639643: Current epoch: 130, loss: 0.3035413920879364, validation loss: 0.4119139313697815
2024-04-11 00:08:54.239318:2024-04-11 00:08:54.239219: Current epoch: 131, loss: 0.30289381742477417, validation loss: 0.40682655572891235
2024-04-11 00:08:56.884777:2024-04-11 00:08:56.884703: Current epoch: 132, loss: 0.3016456365585327, validation loss: 0.3801214396953583
2024-04-11 00:08:59.468341:2024-04-11 00:08:59.468252: Current epoch: 133, loss: 0.3003717064857483, validation loss: 0.3915133476257324
2024-04-11 00:09:02.091438:2024-04-11 00:09:02.091378: Current epoch: 134, loss: 0.2978614866733551, validation loss: 0.40003734827041626
2024-04-11 00:09:04.630606:2024-04-11 00:09:04.630466: Current epoch: 135, loss: 0.30063557624816895, validation loss: 0.37943851947784424
2024-04-11 00:09:07.186250:2024-04-11 00:09:07.186180: Current epoch: 136, loss: 0.294276624917984, validation loss: 0.3903234004974365
2024-04-11 00:09:09.803009:2024-04-11 00:09:09.802924: Current epoch: 137, loss: 0.28927797079086304, validation loss: 0.38482606410980225
2024-04-11 00:09:12.376787:2024-04-11 00:09:12.376711: Current epoch: 138, loss: 0.2834453880786896, validation loss: 0.38738030195236206
2024-04-11 00:09:14.894246:2024-04-11 00:09:14.894170: Current epoch: 139, loss: 0.29097455739974976, validation loss: 0.42528438568115234
2024-04-11 00:09:17.421253:2024-04-11 00:09:17.421199: Current epoch: 140, loss: 0.28233012557029724, validation loss: 0.37035295367240906
2024-04-11 00:09:20.023608:2024-04-11 00:09:20.023530: Current epoch: 141, loss: 0.2772587835788727, validation loss: 0.3893057703971863
2024-04-11 00:09:22.732533:2024-04-11 00:09:22.732454: Current epoch: 142, loss: 0.27536603808403015, validation loss: 0.3892391622066498
2024-04-11 00:09:25.414954:2024-04-11 00:09:25.414842: Current epoch: 143, loss: 0.2782506048679352, validation loss: 0.39563921093940735
2024-04-11 00:09:28.119852:2024-04-11 00:09:28.119749: Current epoch: 144, loss: 0.2665417790412903, validation loss: 0.38057368993759155
2024-04-11 00:09:30.761806:2024-04-11 00:09:30.761670: Current epoch: 145, loss: 0.27452582120895386, validation loss: 0.38912782073020935
2024-04-11 00:09:33.287990:2024-04-11 00:09:33.287915: Current epoch: 146, loss: 0.26538580656051636, validation loss: 0.3826713562011719
2024-04-11 00:09:35.989011:2024-04-11 00:09:35.988931: Current epoch: 147, loss: 0.26870059967041016, validation loss: 0.40336063504219055
2024-04-11 00:09:38.654067:2024-04-11 00:09:38.653963: Current epoch: 148, loss: 0.26836511492729187, validation loss: 0.3742779791355133
2024-04-11 00:09:41.252218:2024-04-11 00:09:41.252145: Current epoch: 149, loss: 0.2613053023815155, validation loss: 0.41318994760513306
2024-04-11 00:09:43.867129:2024-04-11 00:09:43.866964: Current epoch: 150, loss: 0.2604995667934418, validation loss: 0.37667858600616455
2024-04-11 00:09:46.480123:2024-04-11 00:09:46.480051: Current epoch: 151, loss: 0.25547587871551514, validation loss: 0.372090220451355
2024-04-11 00:09:49.092493:2024-04-11 00:09:49.092417: Current epoch: 152, loss: 0.24827921390533447, validation loss: 0.37807199358940125
2024-04-11 00:09:51.682539:2024-04-11 00:09:51.682464: Current epoch: 153, loss: 0.246074840426445, validation loss: 0.3844401240348816
2024-04-11 00:09:54.270346:2024-04-11 00:09:54.270294: Current epoch: 154, loss: 0.2488180696964264, validation loss: 0.3694802522659302
2024-04-11 00:09:56.749937:2024-04-11 00:09:56.749772: Current epoch: 155, loss: 0.2432357370853424, validation loss: 0.40309908986091614
2024-04-11 00:09:59.411368:2024-04-11 00:09:59.411266: Current epoch: 156, loss: 0.23804399371147156, validation loss: 0.3841042220592499
2024-04-11 00:10:01.989646:2024-04-11 00:10:01.989571: Current epoch: 157, loss: 0.2412724792957306, validation loss: 0.3833827078342438
2024-04-11 00:10:04.647870:2024-04-11 00:10:04.647792: Current epoch: 158, loss: 0.23919038474559784, validation loss: 0.3820987641811371
2024-04-11 00:10:07.360197:2024-04-11 00:10:07.360047: Current epoch: 159, loss: 0.23206837475299835, validation loss: 0.3833400011062622
2024-04-11 00:10:12.356605:2024-04-11 00:10:12.356561: Current epoch: 160, loss: 0.22817254066467285, validation loss: 0.37439045310020447
2024-04-11 00:10:15.008131:2024-04-11 00:10:15.008000: Current epoch: 161, loss: 0.2214488536119461, validation loss: 0.399175763130188
2024-04-11 00:10:17.543969:2024-04-11 00:10:17.543893: Current epoch: 162, loss: 0.2254367172718048, validation loss: 0.4194847047328949
2024-04-11 00:10:20.095120:2024-04-11 00:10:20.095042: Current epoch: 163, loss: 0.22737717628479004, validation loss: 0.3806847333908081
2024-04-11 00:10:22.775512:2024-04-11 00:10:22.775348: Current epoch: 164, loss: 0.22071844339370728, validation loss: 0.37728607654571533
2024-04-11 00:10:25.456631:2024-04-11 00:10:25.456558: Current epoch: 165, loss: 0.21494923532009125, validation loss: 0.3888563811779022
2024-04-11 00:10:28.104499:2024-04-11 00:10:28.104431: Current epoch: 166, loss: 0.21287140250205994, validation loss: 0.4022771120071411
2024-04-11 00:10:30.612617:2024-04-11 00:10:30.612542: Current epoch: 167, loss: 0.20945410430431366, validation loss: 0.3916422128677368
2024-04-11 00:10:33.178814:2024-04-11 00:10:33.178738: Current epoch: 168, loss: 0.20975252985954285, validation loss: 0.3885927200317383
2024-04-11 00:10:35.737762:2024-04-11 00:10:35.737629: Current epoch: 169, loss: 0.2060292512178421, validation loss: 0.37619873881340027
2024-04-11 00:10:40.592309:2024-04-11 00:10:40.592199: Current epoch: 170, loss: 0.2002897560596466, validation loss: 0.3935137391090393
2024-04-11 00:10:43.111052:2024-04-11 00:10:43.110976: Current epoch: 171, loss: 0.20151254534721375, validation loss: 0.3935389220714569
2024-04-11 00:10:45.800314:2024-04-11 00:10:45.800184: Current epoch: 172, loss: 0.2023688107728958, validation loss: 0.38272184133529663
2024-04-11 00:10:48.353219:2024-04-11 00:10:48.353119: Current epoch: 173, loss: 0.19223320484161377, validation loss: 0.38876447081565857
2024-04-11 00:10:50.980410:2024-04-11 00:10:50.980333: Current epoch: 174, loss: 0.1902836561203003, validation loss: 0.39820596575737
2024-04-11 00:10:53.416365:2024-04-11 00:10:53.416269: Current epoch: 175, loss: 0.1876283884048462, validation loss: 0.38802966475486755
2024-04-11 00:10:55.881840:2024-04-11 00:10:55.881763: Current epoch: 176, loss: 0.19039250910282135, validation loss: 0.3787630796432495
2024-04-11 00:10:58.381754:2024-04-11 00:10:58.381676: Current epoch: 177, loss: 0.18942031264305115, validation loss: 0.40511173009872437
2024-04-11 00:11:01.025687:2024-04-11 00:11:01.025526: Current epoch: 178, loss: 0.18153879046440125, validation loss: 0.38939371705055237
2024-04-11 00:11:03.573912:2024-04-11 00:11:03.573835: Current epoch: 179, loss: 0.17914041876792908, validation loss: 0.3984606862068176
2024-04-11 00:11:06.131609:2024-04-11 00:11:06.131531: Current epoch: 180, loss: 0.1768324226140976, validation loss: 0.39847204089164734
2024-04-11 00:11:08.590709:2024-04-11 00:11:08.590639: Current epoch: 181, loss: 0.18180301785469055, validation loss: 0.3790418803691864
2024-04-11 00:11:11.260313:2024-04-11 00:11:11.260220: Current epoch: 182, loss: 0.17685218155384064, validation loss: 0.3909563422203064
2024-04-11 00:11:13.934984:2024-04-11 00:11:13.934908: Current epoch: 183, loss: 0.17552393674850464, validation loss: 0.39591044187545776
2024-04-11 00:11:16.621821:2024-04-11 00:11:16.621744: Current epoch: 184, loss: 0.1635081171989441, validation loss: 0.38685160875320435
2024-04-11 00:11:19.239805:2024-04-11 00:11:19.239671: Current epoch: 185, loss: 0.16861456632614136, validation loss: 0.4066160023212433
2024-04-11 00:11:21.816586:2024-04-11 00:11:21.816508: Current epoch: 186, loss: 0.16268286108970642, validation loss: 0.38781553506851196
2024-04-11 00:11:24.418936:2024-04-11 00:11:24.418774: Current epoch: 187, loss: 0.158279687166214, validation loss: 0.37466052174568176
2024-04-11 00:11:27.102117:2024-04-11 00:11:27.102008: Current epoch: 188, loss: 0.15955112874507904, validation loss: 0.3865947723388672
2024-04-11 00:11:29.665555:2024-04-11 00:11:29.665482: Current epoch: 189, loss: 0.16166846454143524, validation loss: 0.40678390860557556
2024-04-11 00:11:32.205395:2024-04-11 00:11:32.205322: Current epoch: 190, loss: 0.15704834461212158, validation loss: 0.3913068175315857
2024-04-11 00:11:34.731321:2024-04-11 00:11:34.731137: Current epoch: 191, loss: 0.1569845825433731, validation loss: 0.3966090977191925
2024-04-11 00:11:37.299380:2024-04-11 00:11:37.299301: Current epoch: 192, loss: 0.15166646242141724, validation loss: 0.3911576271057129
2024-04-11 00:11:39.889576:2024-04-11 00:11:39.889500: Current epoch: 193, loss: 0.15168358385562897, validation loss: 0.39025676250457764
2024-04-11 00:11:42.465331:2024-04-11 00:11:42.465236: Current epoch: 194, loss: 0.14917871356010437, validation loss: 0.3897119462490082
2024-04-11 00:11:45.102833:2024-04-11 00:11:45.102756: Current epoch: 195, loss: 0.15720143914222717, validation loss: 0.41273921728134155
2024-04-11 00:11:47.696118:2024-04-11 00:11:47.696043: Current epoch: 196, loss: 0.14485901594161987, validation loss: 0.40449148416519165
2024-04-11 00:11:50.242726:2024-04-11 00:11:50.242652: Current epoch: 197, loss: 0.14489266276359558, validation loss: 0.38736650347709656
2024-04-11 00:11:52.796770:2024-04-11 00:11:52.796694: Current epoch: 198, loss: 0.1430102437734604, validation loss: 0.3942815959453583
2024-04-11 00:11:55.344561:2024-04-11 00:11:55.344488: Current epoch: 199, loss: 0.13859772682189941, validation loss: 0.3943115174770355
2024-04-11 00:11:57.933868:2024-04-11 00:11:57.933705: Current epoch: 200, loss: 0.1354648917913437, validation loss: 0.3924715518951416
2024-04-11 00:12:00.572148:2024-04-11 00:12:00.571906: Current epoch: 201, loss: 0.13762103021144867, validation loss: 0.3934198319911957
2024-04-11 00:12:03.331078:2024-04-11 00:12:03.331003: Current epoch: 202, loss: 0.1450478583574295, validation loss: 0.3894307017326355
2024-04-11 00:12:06.035907:2024-04-11 00:12:06.035841: Current epoch: 203, loss: 0.14258262515068054, validation loss: 0.3967861533164978
2024-04-11 00:12:08.719136:2024-04-11 00:12:08.719062: Current epoch: 204, loss: 0.13793906569480896, validation loss: 0.40091472864151
2024-04-11 00:12:11.276485:2024-04-11 00:12:11.276399: Current epoch: 205, loss: 0.13350912928581238, validation loss: 0.38816946744918823
2024-04-11 00:12:13.920781:2024-04-11 00:12:13.920704: Current epoch: 206, loss: 0.1304493397474289, validation loss: 0.3988124132156372
2024-04-11 00:12:16.450445:2024-04-11 00:12:16.450365: Current epoch: 207, loss: 0.13095468282699585, validation loss: 0.3795698881149292
2024-04-11 00:12:19.167677:2024-04-11 00:12:19.167512: Current epoch: 208, loss: 0.12596352398395538, validation loss: 0.4066275358200073
2024-04-11 00:12:21.782447:2024-04-11 00:12:21.782149: Current epoch: 209, loss: 0.12892502546310425, validation loss: 0.3905983567237854
2024-04-11 00:12:24.380869:2024-04-11 00:12:24.380766: Current epoch: 210, loss: 0.1266513466835022, validation loss: 0.3798558712005615
2024-04-11 00:12:26.894699:2024-04-11 00:12:26.894621: Current epoch: 211, loss: 0.13023999333381653, validation loss: 0.3953690826892853
2024-04-11 00:12:29.400605:2024-04-11 00:12:29.400541: Current epoch: 212, loss: 0.12741558253765106, validation loss: 0.39228343963623047
2024-04-11 00:12:31.836725:2024-04-11 00:12:31.836649: Current epoch: 213, loss: 0.1213718056678772, validation loss: 0.4019894599914551
2024-04-11 00:12:34.268557:2024-04-11 00:12:34.268478: Current epoch: 214, loss: 0.1264360398054123, validation loss: 0.38445696234703064
2024-04-11 00:12:36.821482:2024-04-11 00:12:36.821406: Current epoch: 215, loss: 0.11894930154085159, validation loss: 0.3950086534023285
2024-04-11 00:12:39.351537:2024-04-11 00:12:39.351463: Current epoch: 216, loss: 0.12105358392000198, validation loss: 0.39880356192588806
2024-04-11 00:12:41.726951:2024-04-11 00:12:41.726884: Current epoch: 217, loss: 0.11717797070741653, validation loss: 0.38370364904403687
2024-04-11 00:12:44.450228:2024-04-11 00:12:44.450076: Current epoch: 218, loss: 0.11742578446865082, validation loss: 0.43429723381996155
2024-04-11 00:12:47.180781:2024-04-11 00:12:47.180627: Current epoch: 219, loss: 0.11733962595462799, validation loss: 0.4004662036895752
2024-04-11 00:12:49.672564:2024-04-11 00:12:49.672489: Current epoch: 220, loss: 0.11242631822824478, validation loss: 0.384478896856308
2024-04-11 00:12:52.203868:2024-04-11 00:12:52.203796: Current epoch: 221, loss: 0.11565583199262619, validation loss: 0.3985760807991028
2024-04-11 00:12:54.801136:2024-04-11 00:12:54.801064: Current epoch: 222, loss: 0.11717166006565094, validation loss: 0.4030657410621643
2024-04-11 00:12:57.325765:2024-04-11 00:12:57.325630: Current epoch: 223, loss: 0.11185043305158615, validation loss: 0.3820842206478119
2024-04-11 00:12:59.868416:2024-04-11 00:12:59.868338: Current epoch: 224, loss: 0.10736513882875443, validation loss: 0.39505302906036377
2024-04-11 00:13:02.352109:2024-04-11 00:13:02.352040: Current epoch: 225, loss: 0.10812404006719589, validation loss: 0.38407328724861145
2024-04-11 00:13:04.923717:2024-04-11 00:13:04.923614: Current epoch: 226, loss: 0.1083252876996994, validation loss: 0.3962833285331726
2024-04-11 00:13:07.514099:2024-04-11 00:13:07.514021: Current epoch: 227, loss: 0.10609573125839233, validation loss: 0.4051295220851898
2024-04-11 00:13:10.174983:2024-04-11 00:13:10.174816: Current epoch: 228, loss: 0.11039744317531586, validation loss: 0.3833427131175995
2024-04-11 00:13:12.728986:2024-04-11 00:13:12.728909: Current epoch: 229, loss: 0.1096893846988678, validation loss: 0.39646026492118835
2024-04-11 00:13:15.176322:2024-04-11 00:13:15.176177: Current epoch: 230, loss: 0.10619606077671051, validation loss: 0.38547736406326294
2024-04-11 00:13:17.642808:2024-04-11 00:13:17.642712: Current epoch: 231, loss: 0.10887868702411652, validation loss: 0.3845176696777344
2024-04-11 00:13:20.105975:2024-04-11 00:13:20.105904: Current epoch: 232, loss: 0.09982424229383469, validation loss: 0.39734092354774475
2024-04-11 00:13:22.596584:2024-04-11 00:13:22.596502: Current epoch: 233, loss: 0.10719770193099976, validation loss: 0.3875303268432617
2024-04-11 00:13:25.182370:2024-04-11 00:13:25.182288: Current epoch: 234, loss: 0.10370717942714691, validation loss: 0.4013291001319885
2024-04-11 00:13:27.911882:2024-04-11 00:13:27.911719: Current epoch: 235, loss: 0.10126185417175293, validation loss: 0.38079211115837097
2024-04-11 00:13:30.472198:2024-04-11 00:13:30.472123: Current epoch: 236, loss: 0.09582087397575378, validation loss: 0.4011504054069519
2024-04-11 00:13:33.216121:2024-04-11 00:13:33.216043: Current epoch: 237, loss: 0.1073610931634903, validation loss: 0.38811880350112915
2024-04-11 00:13:35.871921:2024-04-11 00:13:35.871853: Current epoch: 238, loss: 0.10080569237470627, validation loss: 0.3966730535030365
2024-04-11 00:13:38.535927:2024-04-11 00:13:38.535851: Current epoch: 239, loss: 0.09966228157281876, validation loss: 0.4064463675022125
2024-04-11 00:13:41.146842:2024-04-11 00:13:41.146794: Current epoch: 240, loss: 0.09446535259485245, validation loss: 0.38474175333976746
2024-04-11 00:13:43.716407:2024-04-11 00:13:43.716252: Current epoch: 241, loss: 0.09859790652990341, validation loss: 0.3910677433013916
2024-04-11 00:13:46.345526:2024-04-11 00:13:46.345449: Current epoch: 242, loss: 0.09541422128677368, validation loss: 0.404354065656662
2024-04-11 00:13:48.935663:2024-04-11 00:13:48.935520: Current epoch: 243, loss: 0.0961250513792038, validation loss: 0.39656466245651245
2024-04-11 00:13:51.630699:2024-04-11 00:13:51.630622: Current epoch: 244, loss: 0.09860824048519135, validation loss: 0.38297975063323975
2024-04-11 00:13:54.363861:2024-04-11 00:13:54.363758: Current epoch: 245, loss: 0.08735700696706772, validation loss: 0.39930927753448486
2024-04-11 00:13:57.064164:2024-04-11 00:13:57.064089: Current epoch: 246, loss: 0.09455693513154984, validation loss: 0.3929938077926636
2024-04-11 00:13:59.772756:2024-04-11 00:13:59.772680: Current epoch: 247, loss: 0.09564688801765442, validation loss: 0.3915272653102875
2024-04-11 00:14:02.484604:2024-04-11 00:14:02.484526: Current epoch: 248, loss: 0.09065861254930496, validation loss: 0.37710294127464294
2024-04-11 00:14:05.106421:2024-04-11 00:14:05.106343: Current epoch: 249, loss: 0.09024292230606079, validation loss: 0.3941342234611511
2024-04-11 00:14:07.671948:2024-04-11 00:14:07.671867: Current epoch: 250, loss: 0.09227555245161057, validation loss: 0.4079839587211609
2024-04-11 00:14:10.396641:2024-04-11 00:14:10.396505: Current epoch: 251, loss: 0.09565966576337814, validation loss: 0.3985401690006256
2024-04-11 00:14:12.961808:2024-04-11 00:14:12.961702: Current epoch: 252, loss: 0.08660385757684708, validation loss: 0.4003739356994629
2024-04-11 00:14:15.604670:2024-04-11 00:14:15.604601: Current epoch: 253, loss: 0.09108223021030426, validation loss: 0.3963864743709564
2024-04-11 00:14:18.233387:2024-04-11 00:14:18.233313: Current epoch: 254, loss: 0.08486218005418777, validation loss: 0.39696717262268066
2024-04-11 00:14:20.747523:2024-04-11 00:14:20.747456: Current epoch: 255, loss: 0.08614354580640793, validation loss: 0.3827178478240967
2024-04-11 00:14:23.447066:2024-04-11 00:14:23.446931: Current epoch: 256, loss: 0.08941471576690674, validation loss: 0.3788020610809326
2024-04-11 00:14:26.241680:2024-04-11 00:14:26.241506: Current epoch: 257, loss: 0.0902940183877945, validation loss: 0.39670929312705994
2024-04-11 00:14:28.767001:2024-04-11 00:14:28.766898: Current epoch: 258, loss: 0.08939694613218307, validation loss: 0.38193729519844055
2024-04-11 00:14:31.390192:2024-04-11 00:14:31.390113: Current epoch: 259, loss: 0.09175722301006317, validation loss: 0.38771307468414307
2024-04-11 00:14:34.145387:2024-04-11 00:14:34.145199: Current epoch: 260, loss: 0.08136694878339767, validation loss: 0.4052923917770386
2024-04-11 00:14:36.782349:2024-04-11 00:14:36.782242: Current epoch: 261, loss: 0.08377953618764877, validation loss: 0.3829350173473358
2024-04-11 00:14:39.372415:2024-04-11 00:14:39.372341: Current epoch: 262, loss: 0.0912608653306961, validation loss: 0.3766500949859619
2024-04-11 00:14:41.984562:2024-04-11 00:14:41.984485: Current epoch: 263, loss: 0.08034320920705795, validation loss: 0.4039125442504883
2024-04-11 00:14:44.487891:2024-04-11 00:14:44.487724: Current epoch: 264, loss: 0.08110188692808151, validation loss: 0.4097173511981964
2024-04-11 00:14:46.992177:2024-04-11 00:14:46.992100: Current epoch: 265, loss: 0.0809682235121727, validation loss: 0.39865025877952576
2024-04-11 00:14:49.525102:2024-04-11 00:14:49.524976: Current epoch: 266, loss: 0.08506961166858673, validation loss: 0.3827514052391052
2024-04-11 00:14:52.070669:2024-04-11 00:14:52.070565: Current epoch: 267, loss: 0.07999758422374725, validation loss: 0.3892994225025177
2024-04-11 00:14:54.534317:2024-04-11 00:14:54.534222: Current epoch: 268, loss: 0.0841500386595726, validation loss: 0.4020361304283142
2024-04-11 00:14:57.173963:2024-04-11 00:14:57.173888: Current epoch: 269, loss: 0.08295668661594391, validation loss: 0.3924195170402527
2024-04-11 00:14:59.856478:2024-04-11 00:14:59.856401: Current epoch: 270, loss: 0.07720403373241425, validation loss: 0.37443533539772034
2024-04-11 00:15:02.720396:2024-04-11 00:15:02.720317: Current epoch: 271, loss: 0.07944522798061371, validation loss: 0.40161627531051636
2024-04-11 00:15:05.279589:2024-04-11 00:15:05.279449: Current epoch: 272, loss: 0.07815788686275482, validation loss: 0.3982541561126709
2024-04-11 00:15:07.768573:2024-04-11 00:15:07.768501: Current epoch: 273, loss: 0.0838518887758255, validation loss: 0.40111243724823
2024-04-11 00:15:10.366677:2024-04-11 00:15:10.366572: Current epoch: 274, loss: 0.08046982437372208, validation loss: 0.3964137136936188
2024-04-11 00:15:12.974430:2024-04-11 00:15:12.974290: Current epoch: 275, loss: 0.08086667954921722, validation loss: 0.39224281907081604
2024-04-11 00:15:15.701289:2024-04-11 00:15:15.701185: Current epoch: 276, loss: 0.07688412815332413, validation loss: 0.3925456702709198
2024-04-11 00:15:18.384199:2024-04-11 00:15:18.384122: Current epoch: 277, loss: 0.07775092124938965, validation loss: 0.37561339139938354
2024-04-11 00:15:21.097484:2024-04-11 00:15:21.097378: Current epoch: 278, loss: 0.07994436472654343, validation loss: 0.3751333951950073
2024-04-11 00:15:23.681501:2024-04-11 00:15:23.681424: Current epoch: 279, loss: 0.08109629154205322, validation loss: 0.3888499438762665
2024-04-11 00:15:26.335149:2024-04-11 00:15:26.335071: Current epoch: 280, loss: 0.08363138884305954, validation loss: 0.39704325795173645
2024-04-11 00:15:28.854164:2024-04-11 00:15:28.854086: Current epoch: 281, loss: 0.07706131041049957, validation loss: 0.3920016586780548
2024-04-11 00:15:31.511324:2024-04-11 00:15:31.511185: Current epoch: 282, loss: 0.0755530521273613, validation loss: 0.403665155172348
2024-04-11 00:15:34.277621:2024-04-11 00:15:34.277518: Current epoch: 283, loss: 0.08349178731441498, validation loss: 0.3940800726413727
2024-04-11 00:15:36.890232:2024-04-11 00:15:36.890157: Current epoch: 284, loss: 0.07312139123678207, validation loss: 0.3892742693424225
2024-04-11 00:15:39.415517:2024-04-11 00:15:39.415396: Current epoch: 285, loss: 0.07440376281738281, validation loss: 0.3948898911476135
2024-04-11 00:15:41.904606:2024-04-11 00:15:41.904529: Current epoch: 286, loss: 0.06944619864225388, validation loss: 0.4083999693393707
2024-04-11 00:15:44.486642:2024-04-11 00:15:44.486538: Current epoch: 287, loss: 0.07251056283712387, validation loss: 0.39331895112991333
2024-04-11 00:15:47.190180:2024-04-11 00:15:47.190101: Current epoch: 288, loss: 0.0719815045595169, validation loss: 0.39567461609840393
2024-04-11 00:15:49.711409:2024-04-11 00:15:49.711331: Current epoch: 289, loss: 0.0770464614033699, validation loss: 0.38793209195137024
2024-04-11 00:15:52.341041:2024-04-11 00:15:52.340964: Current epoch: 290, loss: 0.07481231540441513, validation loss: 0.38362202048301697
2024-04-11 00:15:54.976252:2024-04-11 00:15:54.976174: Current epoch: 291, loss: 0.06684169173240662, validation loss: 0.41167396306991577
2024-04-11 00:15:57.492712:2024-04-11 00:15:57.492636: Current epoch: 292, loss: 0.07473448663949966, validation loss: 0.38461834192276
2024-04-11 00:16:00.027360:2024-04-11 00:16:00.027267: Current epoch: 293, loss: 0.06778471916913986, validation loss: 0.3808538019657135
2024-04-11 00:16:02.559114:2024-04-11 00:16:02.559038: Current epoch: 294, loss: 0.069987952709198, validation loss: 0.39525192975997925
2024-04-11 00:16:05.201639:2024-04-11 00:16:05.201521: Current epoch: 295, loss: 0.06632529944181442, validation loss: 0.3834283649921417
2024-04-11 00:16:07.754531:2024-04-11 00:16:07.754460: Current epoch: 296, loss: 0.06871327757835388, validation loss: 0.3812132477760315
2024-04-11 00:16:10.349067:2024-04-11 00:16:10.348903: Current epoch: 297, loss: 0.07979980111122131, validation loss: 0.39943477511405945
2024-04-11 00:16:12.922783:2024-04-11 00:16:12.922679: Current epoch: 298, loss: 0.07772304862737656, validation loss: 0.38341087102890015
2024-04-11 00:16:15.510951:2024-04-11 00:16:15.510880: Current epoch: 299, loss: 0.06955589354038239, validation loss: 0.38454964756965637
2024-04-11 00:16:18.071893:2024-04-11 00:16:18.071743: Current epoch: 300, loss: 0.07565858960151672, validation loss: 0.401765912771225
2024-04-11 00:16:20.752350:2024-04-11 00:16:20.752224: Current epoch: 301, loss: 0.07385353744029999, validation loss: 0.3870350420475006
2024-04-11 00:16:23.355668:2024-04-11 00:16:23.355592: Current epoch: 302, loss: 0.07102431356906891, validation loss: 0.40241721272468567
2024-04-11 00:16:25.858215:2024-04-11 00:16:25.858137: Current epoch: 303, loss: 0.06200040504336357, validation loss: 0.39861971139907837
2024-04-11 00:16:28.374621:2024-04-11 00:16:28.374545: Current epoch: 304, loss: 0.06123630702495575, validation loss: 0.4000736474990845
2024-04-11 00:16:30.963357:2024-04-11 00:16:30.963257: Current epoch: 305, loss: 0.0653386116027832, validation loss: 0.37578442692756653
2024-04-11 00:16:33.616237:2024-04-11 00:16:33.616161: Current epoch: 306, loss: 0.06973327696323395, validation loss: 0.39614972472190857
2024-04-11 00:16:36.216063:2024-04-11 00:16:36.215988: Current epoch: 307, loss: 0.06782174110412598, validation loss: 0.39731329679489136
2024-04-11 00:16:38.754445:2024-04-11 00:16:38.754368: Current epoch: 308, loss: 0.06519506871700287, validation loss: 0.3750787079334259
2024-04-11 00:16:41.463442:2024-04-11 00:16:41.463300: Current epoch: 309, loss: 0.06432761996984482, validation loss: 0.3839905261993408
2024-04-11 00:16:44.197046:2024-04-11 00:16:44.196974: Current epoch: 310, loss: 0.0683576911687851, validation loss: 0.39327120780944824
2024-04-11 00:16:46.840500:2024-04-11 00:16:46.840398: Current epoch: 311, loss: 0.07130688428878784, validation loss: 0.38414618372917175
2024-04-11 00:16:49.399150:2024-04-11 00:16:49.399073: Current epoch: 312, loss: 0.05945441126823425, validation loss: 0.3883783221244812
2024-04-11 00:16:51.989571:2024-04-11 00:16:51.989495: Current epoch: 313, loss: 0.0637153908610344, validation loss: 0.3893146812915802
2024-04-11 00:16:54.654874:2024-04-11 00:16:54.654798: Current epoch: 314, loss: 0.06227699667215347, validation loss: 0.3822821378707886
2024-04-11 00:16:57.363999:2024-04-11 00:16:57.363855: Current epoch: 315, loss: 0.06338030099868774, validation loss: 0.3927537798881531
2024-04-11 00:16:59.963940:2024-04-11 00:16:59.963836: Current epoch: 316, loss: 0.0726361870765686, validation loss: 0.40389853715896606
2024-04-11 00:17:02.519463:2024-04-11 00:17:02.519385: Current epoch: 317, loss: 0.06901733577251434, validation loss: 0.4134445786476135
2024-04-11 00:17:05.089506:2024-04-11 00:17:05.089428: Current epoch: 318, loss: 0.07306972146034241, validation loss: 0.38951027393341064
2024-04-11 00:17:07.694847:2024-04-11 00:17:07.694777: Current epoch: 319, loss: 0.06917038559913635, validation loss: 0.3840624988079071
2024-04-11 00:17:10.205139:2024-04-11 00:17:10.205063: Current epoch: 320, loss: 0.05813146010041237, validation loss: 0.39901337027549744
2024-04-11 00:17:12.717839:2024-04-11 00:17:12.717765: Current epoch: 321, loss: 0.06784066557884216, validation loss: 0.40449708700180054
2024-04-11 00:17:15.257589:2024-04-11 00:17:15.257454: Current epoch: 322, loss: 0.06284185498952866, validation loss: 0.3777657449245453
2024-04-11 00:17:17.807665:2024-04-11 00:17:17.807588: Current epoch: 323, loss: 0.054911479353904724, validation loss: 0.3813171982765198
2024-04-11 00:17:20.366257:2024-04-11 00:17:20.366153: Current epoch: 324, loss: 0.060322485864162445, validation loss: 0.3907661437988281
2024-04-11 00:17:22.937533:2024-04-11 00:17:22.937459: Current epoch: 325, loss: 0.060036350041627884, validation loss: 0.40190380811691284
2024-04-11 00:17:25.516716:2024-04-11 00:17:25.516639: Current epoch: 326, loss: 0.06126849353313446, validation loss: 0.38491666316986084
2024-04-11 00:17:28.178174:2024-04-11 00:17:28.178096: Current epoch: 327, loss: 0.06054360792040825, validation loss: 0.3839176297187805
2024-04-11 00:17:30.826143:2024-04-11 00:17:30.826072: Current epoch: 328, loss: 0.06456462293863297, validation loss: 0.3830239474773407
2024-04-11 00:17:33.529731:2024-04-11 00:17:33.529657: Current epoch: 329, loss: 0.06287407130002975, validation loss: 0.38693514466285706
2024-04-11 00:17:36.091399:2024-04-11 00:17:36.091244: Current epoch: 330, loss: 0.06123704835772514, validation loss: 0.3796221911907196
2024-04-11 00:17:38.621007:2024-04-11 00:17:38.620904: Current epoch: 331, loss: 0.057931941002607346, validation loss: 0.39177924394607544
2024-04-11 00:17:41.183994:2024-04-11 00:17:41.183912: Current epoch: 332, loss: 0.0716191753745079, validation loss: 0.3909717798233032
2024-04-11 00:17:43.795974:2024-04-11 00:17:43.795902: Current epoch: 333, loss: 0.06112484261393547, validation loss: 0.4018651247024536
2024-04-11 00:17:46.356616:2024-04-11 00:17:46.356540: Current epoch: 334, loss: 0.05986754968762398, validation loss: 0.4022883474826813
2024-04-11 00:17:48.866998:2024-04-11 00:17:48.866919: Current epoch: 335, loss: 0.06010620296001434, validation loss: 0.38968583941459656
2024-04-11 00:17:51.470724:2024-04-11 00:17:51.470650: Current epoch: 336, loss: 0.05580465495586395, validation loss: 0.39135366678237915
2024-04-11 00:17:54.020220:2024-04-11 00:17:54.020143: Current epoch: 337, loss: 0.05880070477724075, validation loss: 0.3956051468849182
2024-04-11 00:17:56.694821:2024-04-11 00:17:56.694743: Current epoch: 338, loss: 0.060903046280145645, validation loss: 0.3971995413303375
2024-04-11 00:17:59.268422:2024-04-11 00:17:59.268293: Current epoch: 339, loss: 0.06119029223918915, validation loss: 0.38288071751594543
2024-04-11 00:18:01.913750:2024-04-11 00:18:01.913638: Current epoch: 340, loss: 0.05693771317601204, validation loss: 0.39487043023109436
2024-04-11 00:18:04.506505:2024-04-11 00:18:04.506428: Current epoch: 341, loss: 0.05441425368189812, validation loss: 0.3840717673301697
2024-04-11 00:18:07.015252:2024-04-11 00:18:07.015171: Current epoch: 342, loss: 0.0654502734541893, validation loss: 0.39499083161354065
2024-04-11 00:18:09.638509:2024-04-11 00:18:09.638444: Current epoch: 343, loss: 0.06623748689889908, validation loss: 0.3952438235282898
2024-04-11 00:18:12.254244:2024-04-11 00:18:12.254168: Current epoch: 344, loss: 0.0604553259909153, validation loss: 0.38894206285476685
2024-04-11 00:18:14.755316:2024-04-11 00:18:14.755226: Current epoch: 345, loss: 0.0672905221581459, validation loss: 0.3842962384223938
2024-04-11 00:18:17.277944:2024-04-11 00:18:17.277861: Current epoch: 346, loss: 0.053681451827287674, validation loss: 0.3842228055000305
2024-04-11 00:18:19.961981:2024-04-11 00:18:19.961907: Current epoch: 347, loss: 0.0639791488647461, validation loss: 0.4058585464954376
2024-04-11 00:18:22.511722:2024-04-11 00:18:22.511646: Current epoch: 348, loss: 0.0540832094848156, validation loss: 0.38168996572494507
2024-04-11 00:18:25.011151:2024-04-11 00:18:25.011078: Current epoch: 349, loss: 0.060591619461774826, validation loss: 0.39085012674331665
2024-04-11 00:18:27.563929:2024-04-11 00:18:27.563804: Current epoch: 350, loss: 0.05787121132016182, validation loss: 0.3869597315788269
2024-04-11 00:18:30.325705:2024-04-11 00:18:30.325608: Current epoch: 351, loss: 0.05790586397051811, validation loss: 0.3899843990802765
2024-04-11 00:18:32.942824:2024-04-11 00:18:32.942669: Current epoch: 352, loss: 0.057777486741542816, validation loss: 0.396607905626297
2024-04-11 00:18:35.650844:2024-04-11 00:18:35.650762: Current epoch: 353, loss: 0.0679025799036026, validation loss: 0.39975643157958984
2024-04-11 00:18:38.380544:2024-04-11 00:18:38.380488: Current epoch: 354, loss: 0.054298270493745804, validation loss: 0.38924142718315125
2024-04-11 00:18:38.580210:the test error is  [0.3701632022857666, 0.3701632022857666]
2024-04-11 00:18:40.974383:saved model to sample/bert-base-uncased_chemnlp_prop_spillage
2024-04-11 00:18:41.289125:done