
2024-03-20 14:14:35.658150:job config: {'train_data_path': '/data/yll6162/alignntl_dft_3d/tl_dataset/dataset_bert-base-uncased_combo_prop_ehull_train.csv', 'val_data_path': '/data/yll6162/alignntl_dft_3d/tl_dataset/dataset_bert-base-uncased_combo_prop_ehull_val.csv', 'test_data_path': '/data/yll6162/alignntl_dft_3d/tl_dataset/dataset_bert-base-uncased_combo_prop_ehull_test.csv', 'label': 'ehull', 'input_type': None, 'log_folder': 'log', 'log_file': 'bert-base-uncased_combo_prop_ehull.log', 'test_metric': 'mae', 'architecture': '1024Rx4D-512Rx3D-256Rx3D-128Rx3D-64Rx2-32Rx1-1', 'model_seed': 0, 'loss_type': 'mae', 'config_file': 'sample/bert-base-uncased_combo_prop_ehull_job.config', 'use_valid': True, 'project': 'MOF', 'regressors': None, 'input_types': None, 'paramsGrid': {'optimizer': 'Adam', 'learning_rate': 0.0001, 'patience': 200, 'dropouts': [0.8, 0.9, 0.7, 0.8], 'EVAL_FREQUENCY': 1000}, 'save_path': 'sample/bert-base-uncased_combo_prop_ehull', 'model_path': None, 'last_layer_with_weight': True, 'keras_path': 'model/bert-base-uncased_combo_prop_ehull', 'test_size': None, 'val_size': None}
2024-03-20 14:14:35.658206:train data path is  /data/yll6162/alignntl_dft_3d/tl_dataset/dataset_bert-base-uncased_combo_prop_ehull_train.csv
2024-03-20 14:14:44.859811:input attribute sets are:  None
2024-03-20 14:14:44.860187:test data path is  /data/yll6162/alignntl_dft_3d/tl_dataset/dataset_bert-base-uncased_combo_prop_ehull_test.csv
2024-03-20 14:14:45.861366:val data path is  /data/yll6162/alignntl_dft_3d/tl_dataset/dataset_bert-base-uncased_combo_prop_ehull_val.csv
2024-03-20 14:14:47.022889:input attributes are:  Index(['0', '1', '2', '3', '4', '5', '6', '7', '8', '9',
       ...
       '758', '759', '760', '761', '762', '763', '764', '765', '766', '767'],
      dtype='object', length=768)
2024-03-20 14:14:47.023109:label: ehull
2024-03-20 14:14:55.973570: train, test, valid sizes:  (59939, 768) (59939,) (7493, 768) (7493,) (7494, 768) (7494,)
2024-03-20 14:14:56.138137:train matrix shape of train_X:  (59939, 768)  train_y:  (59939,)
2024-03-20 14:14:56.138270:valid matrix shape of train_X:  (7494, 768)  valid_y:  (7494,)
2024-03-20 14:14:56.138314:test matrix shape of valid_X:   (7493, 768)  test_y:  (7493,)
2024-03-20 14:14:56.138351:architecture is:  1024Rx4D-512Rx3D-256Rx3D-128Rx3D-64Rx2-32Rx1-1
2024-03-20 14:14:56.138389:learning rate is  0.0001
2024-03-20 14:14:56.138424:model path is  None
2024-03-20 14:14:56.147791:adding fully connected layers with 1024 outputs
2024-03-20 14:14:56.761869:adding residual with fc as the size are different
2024-03-20 14:14:56.769015:adding fully connected layers with 1024 outputs
2024-03-20 14:14:56.776894:adding residual, both sizes are same
2024-03-20 14:14:56.778830:adding fully connected layers with 1024 outputs
2024-03-20 14:14:56.783715:adding residual, both sizes are same
2024-03-20 14:14:56.785581:adding fully connected layers with 1024 outputs
2024-03-20 14:14:56.790248:adding residual, both sizes are same
2024-03-20 14:14:56.792179:adding dropout 0.8
2024-03-20 14:14:56.797138:adding fully connected layers with 512 outputs
2024-03-20 14:14:56.805641:adding residual with fc as the size are different
2024-03-20 14:14:56.812439:adding fully connected layers with 512 outputs
2024-03-20 14:14:56.817221:adding residual, both sizes are same
2024-03-20 14:14:56.819059:adding fully connected layers with 512 outputs
2024-03-20 14:14:56.823904:adding residual, both sizes are same
2024-03-20 14:14:56.825729:adding dropout 0.9
2024-03-20 14:14:56.827318:adding fully connected layers with 256 outputs
2024-03-20 14:14:56.832467:adding residual with fc as the size are different
2024-03-20 14:14:56.838815:adding fully connected layers with 256 outputs
2024-03-20 14:14:56.847329:adding residual, both sizes are same
2024-03-20 14:14:56.849199:adding fully connected layers with 256 outputs
2024-03-20 14:14:56.854033:adding residual, both sizes are same
2024-03-20 14:14:56.855877:adding dropout 0.7
2024-03-20 14:14:56.857467:adding fully connected layers with 128 outputs
2024-03-20 14:14:56.865290:adding residual with fc as the size are different
2024-03-20 14:14:56.871519:adding fully connected layers with 128 outputs
2024-03-20 14:14:56.878984:adding residual, both sizes are same
2024-03-20 14:14:56.880791:adding fully connected layers with 128 outputs
2024-03-20 14:14:56.885434:adding residual, both sizes are same
2024-03-20 14:14:56.887503:adding dropout 0.8
2024-03-20 14:14:56.889039:adding fully connected layers with 64 outputs
2024-03-20 14:14:56.896745:adding residual with fc as the size are different
2024-03-20 14:14:56.902903:adding fully connected layers with 64 outputs
2024-03-20 14:14:56.910512:adding residual, both sizes are same
2024-03-20 14:14:56.912337:adding fully connected layers with 32 outputs
2024-03-20 14:14:56.919727:adding residual with fc as the size are different
2024-03-20 14:14:56.926044:adding final layer with 1 output
2024-03-20 14:14:56.939260:Model: "ElemNet"
2024-03-20 14:14:56.939331:__________________________________________________________________________________________________
2024-03-20 14:14:56.939380:Layer (type)                    Output Shape         Param #     Connected to                     
2024-03-20 14:14:56.939417:==================================================================================================
2024-03-20 14:14:56.939646:elemental_fractions (InputLayer [(None, 768)]        0                                            
2024-03-20 14:14:56.939693:__________________________________________________________________________________________________
2024-03-20 14:14:56.939867:fc0_0 (Dense)                   (None, 1024)         787456      elemental_fractions[0][0]        
2024-03-20 14:14:56.939913:__________________________________________________________________________________________________
2024-03-20 14:14:56.940026:fc0_dim_0 (Dense)               (None, 1024)         787456      elemental_fractions[0][0]        
2024-03-20 14:14:56.940069:__________________________________________________________________________________________________
2024-03-20 14:14:56.940152:tf.__operators__.add (TFOpLambd (None, 1024)         0           fc0_0[0][0]                      
2024-03-20 14:14:56.940196:                                                                 fc0_dim_0[0][0]                  
2024-03-20 14:14:56.940232:__________________________________________________________________________________________________
2024-03-20 14:14:56.940336:fc0_1 (Dense)                   (None, 1024)         1049600     tf.__operators__.add[0][0]       
2024-03-20 14:14:56.940378:__________________________________________________________________________________________________
2024-03-20 14:14:56.940461:tf.__operators__.add_1 (TFOpLam (None, 1024)         0           fc0_1[0][0]                      
2024-03-20 14:14:56.940505:                                                                 tf.__operators__.add[0][0]       
2024-03-20 14:14:56.940540:__________________________________________________________________________________________________
2024-03-20 14:14:56.940645:fc0_2 (Dense)                   (None, 1024)         1049600     tf.__operators__.add_1[0][0]     
2024-03-20 14:14:56.940686:__________________________________________________________________________________________________
2024-03-20 14:14:56.940763:tf.__operators__.add_2 (TFOpLam (None, 1024)         0           fc0_2[0][0]                      
2024-03-20 14:14:56.940806:                                                                 tf.__operators__.add_1[0][0]     
2024-03-20 14:14:56.940841:__________________________________________________________________________________________________
2024-03-20 14:14:56.940943:fc0_3 (Dense)                   (None, 1024)         1049600     tf.__operators__.add_2[0][0]     
2024-03-20 14:14:56.940984:__________________________________________________________________________________________________
2024-03-20 14:14:56.941059:tf.__operators__.add_3 (TFOpLam (None, 1024)         0           fc0_3[0][0]                      
2024-03-20 14:14:56.941101:                                                                 tf.__operators__.add_2[0][0]     
2024-03-20 14:14:56.941143:__________________________________________________________________________________________________
2024-03-20 14:14:56.941218:dropout (Dropout)               (None, 1024)         0           tf.__operators__.add_3[0][0]     
2024-03-20 14:14:56.941256:__________________________________________________________________________________________________
2024-03-20 14:14:56.941361:fc1_0 (Dense)                   (None, 512)          524800      dropout[0][0]                    
2024-03-20 14:14:56.941402:__________________________________________________________________________________________________
2024-03-20 14:14:56.941512:fc1_dim_0 (Dense)               (None, 512)          524800      dropout[0][0]                    
2024-03-20 14:14:56.941555:__________________________________________________________________________________________________
2024-03-20 14:14:56.941630:tf.__operators__.add_4 (TFOpLam (None, 512)          0           fc1_0[0][0]                      
2024-03-20 14:14:56.941672:                                                                 fc1_dim_0[0][0]                  
2024-03-20 14:14:56.941707:__________________________________________________________________________________________________
2024-03-20 14:14:56.941805:fc1_1 (Dense)                   (None, 512)          262656      tf.__operators__.add_4[0][0]     
2024-03-20 14:14:56.941846:__________________________________________________________________________________________________
2024-03-20 14:14:56.941921:tf.__operators__.add_5 (TFOpLam (None, 512)          0           fc1_1[0][0]                      
2024-03-20 14:14:56.941963:                                                                 tf.__operators__.add_4[0][0]     
2024-03-20 14:14:56.941998:__________________________________________________________________________________________________
2024-03-20 14:14:56.942098:fc1_2 (Dense)                   (None, 512)          262656      tf.__operators__.add_5[0][0]     
2024-03-20 14:14:56.942139:__________________________________________________________________________________________________
2024-03-20 14:14:56.942213:tf.__operators__.add_6 (TFOpLam (None, 512)          0           fc1_2[0][0]                      
2024-03-20 14:14:56.942254:                                                                 tf.__operators__.add_5[0][0]     
2024-03-20 14:14:56.942289:__________________________________________________________________________________________________
2024-03-20 14:14:56.942361:dropout_1 (Dropout)             (None, 512)          0           tf.__operators__.add_6[0][0]     
2024-03-20 14:14:56.942398:__________________________________________________________________________________________________
2024-03-20 14:14:56.942505:fc2_0 (Dense)                   (None, 256)          131328      dropout_1[0][0]                  
2024-03-20 14:14:56.942548:__________________________________________________________________________________________________
2024-03-20 14:14:56.942649:fc2_dim_0 (Dense)               (None, 256)          131328      dropout_1[0][0]                  
2024-03-20 14:14:56.942690:__________________________________________________________________________________________________
2024-03-20 14:14:56.942764:tf.__operators__.add_7 (TFOpLam (None, 256)          0           fc2_0[0][0]                      
2024-03-20 14:14:56.942806:                                                                 fc2_dim_0[0][0]                  
2024-03-20 14:14:56.942841:__________________________________________________________________________________________________
2024-03-20 14:14:56.942939:fc2_1 (Dense)                   (None, 256)          65792       tf.__operators__.add_7[0][0]     
2024-03-20 14:14:56.942979:__________________________________________________________________________________________________
2024-03-20 14:14:56.943053:tf.__operators__.add_8 (TFOpLam (None, 256)          0           fc2_1[0][0]                      
2024-03-20 14:14:56.943095:                                                                 tf.__operators__.add_7[0][0]     
2024-03-20 14:14:56.943141:__________________________________________________________________________________________________
2024-03-20 14:14:56.943241:fc2_2 (Dense)                   (None, 256)          65792       tf.__operators__.add_8[0][0]     
2024-03-20 14:14:56.943298:__________________________________________________________________________________________________
2024-03-20 14:14:56.943376:tf.__operators__.add_9 (TFOpLam (None, 256)          0           fc2_2[0][0]                      
2024-03-20 14:14:56.943418:                                                                 tf.__operators__.add_8[0][0]     
2024-03-20 14:14:56.943453:__________________________________________________________________________________________________
2024-03-20 14:14:56.943531:dropout_2 (Dropout)             (None, 256)          0           tf.__operators__.add_9[0][0]     
2024-03-20 14:14:56.943569:__________________________________________________________________________________________________
2024-03-20 14:14:56.943670:fc3_0 (Dense)                   (None, 128)          32896       dropout_2[0][0]                  
2024-03-20 14:14:56.943712:__________________________________________________________________________________________________
2024-03-20 14:14:56.943810:fc3_dim_0 (Dense)               (None, 128)          32896       dropout_2[0][0]                  
2024-03-20 14:14:56.943852:__________________________________________________________________________________________________
2024-03-20 14:14:56.943925:tf.__operators__.add_10 (TFOpLa (None, 128)          0           fc3_0[0][0]                      
2024-03-20 14:14:56.943967:                                                                 fc3_dim_0[0][0]                  
2024-03-20 14:14:56.944002:__________________________________________________________________________________________________
2024-03-20 14:14:56.944100:fc3_1 (Dense)                   (None, 128)          16512       tf.__operators__.add_10[0][0]    
2024-03-20 14:14:56.944141:__________________________________________________________________________________________________
2024-03-20 14:14:56.944214:tf.__operators__.add_11 (TFOpLa (None, 128)          0           fc3_1[0][0]                      
2024-03-20 14:14:56.944256:                                                                 tf.__operators__.add_10[0][0]    
2024-03-20 14:14:56.944291:__________________________________________________________________________________________________
2024-03-20 14:14:56.944389:fc3_2 (Dense)                   (None, 128)          16512       tf.__operators__.add_11[0][0]    
2024-03-20 14:14:56.944429:__________________________________________________________________________________________________
2024-03-20 14:14:56.944510:tf.__operators__.add_12 (TFOpLa (None, 128)          0           fc3_2[0][0]                      
2024-03-20 14:14:56.944552:                                                                 tf.__operators__.add_11[0][0]    
2024-03-20 14:14:56.944587:__________________________________________________________________________________________________
2024-03-20 14:14:56.944657:dropout_3 (Dropout)             (None, 128)          0           tf.__operators__.add_12[0][0]    
2024-03-20 14:14:56.944694:__________________________________________________________________________________________________
2024-03-20 14:14:56.944795:fc4_0 (Dense)                   (None, 64)           8256        dropout_3[0][0]                  
2024-03-20 14:14:56.944836:__________________________________________________________________________________________________
2024-03-20 14:14:56.944935:fc4_dim_0 (Dense)               (None, 64)           8256        dropout_3[0][0]                  
2024-03-20 14:14:56.944976:__________________________________________________________________________________________________
2024-03-20 14:14:56.945049:tf.__operators__.add_13 (TFOpLa (None, 64)           0           fc4_0[0][0]                      
2024-03-20 14:14:56.945096:                                                                 fc4_dim_0[0][0]                  
2024-03-20 14:14:56.945131:__________________________________________________________________________________________________
2024-03-20 14:14:56.945230:fc4_1 (Dense)                   (None, 64)           4160        tf.__operators__.add_13[0][0]    
2024-03-20 14:14:56.945272:__________________________________________________________________________________________________
2024-03-20 14:14:56.945346:tf.__operators__.add_14 (TFOpLa (None, 64)           0           fc4_1[0][0]                      
2024-03-20 14:14:56.945388:                                                                 tf.__operators__.add_13[0][0]    
2024-03-20 14:14:56.945424:__________________________________________________________________________________________________
2024-03-20 14:14:56.945865:fc5_0 (Dense)                   (None, 32)           2080        tf.__operators__.add_14[0][0]    
2024-03-20 14:14:56.946082:__________________________________________________________________________________________________
2024-03-20 14:14:56.946515:fc5_dim_0 (Dense)               (None, 32)           2080        tf.__operators__.add_14[0][0]    
2024-03-20 14:14:56.949589:__________________________________________________________________________________________________
2024-03-20 14:14:56.949905:tf.__operators__.add_15 (TFOpLa (None, 32)           0           fc5_0[0][0]                      
2024-03-20 14:14:56.950056:                                                                 fc5_dim_0[0][0]                  
2024-03-20 14:14:56.950177:__________________________________________________________________________________________________
2024-03-20 14:14:56.950549:fc6 (Dense)                     (None, 1)            33          tf.__operators__.add_15[0][0]    
2024-03-20 14:14:56.950693:==================================================================================================
2024-03-20 14:14:56.952678:Total params: 6,816,545
2024-03-20 14:14:56.952838:Trainable params: 6,816,545
2024-03-20 14:14:56.952963:Non-trainable params: 0
2024-03-20 14:14:56.953076:__________________________________________________________________________________________________
2024-03-20 14:14:56.973840:start training
2024-03-20 14:15:17.928148:2024-03-20 14:15:17.928073: Current epoch: 0, loss: 0.6868289113044739, validation loss: 0.19362828135490417
2024-03-20 14:15:36.447992:2024-03-20 14:15:36.447842: Current epoch: 1, loss: 0.22811268270015717, validation loss: 0.17077483236789703
2024-03-20 14:15:54.295825:2024-03-20 14:15:54.295656: Current epoch: 2, loss: 0.19378311932086945, validation loss: 0.2012176364660263
2024-03-20 14:16:12.512896:2024-03-20 14:16:12.512764: Current epoch: 3, loss: 0.18091744184494019, validation loss: 0.18326866626739502
2024-03-20 14:16:31.100693:2024-03-20 14:16:31.100611: Current epoch: 4, loss: 0.1753702312707901, validation loss: 0.1489560306072235
2024-03-20 14:16:49.694463:2024-03-20 14:16:49.694334: Current epoch: 5, loss: 0.1620628535747528, validation loss: 0.1686394065618515
2024-03-20 14:17:08.154835:2024-03-20 14:17:08.154682: Current epoch: 6, loss: 0.1565997302532196, validation loss: 0.14333786070346832
2024-03-20 14:17:26.585193:2024-03-20 14:17:26.585113: Current epoch: 7, loss: 0.15155664086341858, validation loss: 0.3771619498729706
2024-03-20 14:17:45.068298:2024-03-20 14:17:45.068138: Current epoch: 8, loss: 0.14716802537441254, validation loss: 0.14819949865341187
2024-03-20 14:18:03.613145:2024-03-20 14:18:03.613070: Current epoch: 9, loss: 0.14537160098552704, validation loss: 0.13740533590316772
2024-03-20 14:18:25.209020:2024-03-20 14:18:25.208948: Current epoch: 10, loss: 0.14078663289546967, validation loss: 0.144169420003891
2024-03-20 14:18:42.194881:2024-03-20 14:18:42.194737: Current epoch: 11, loss: 0.13976220786571503, validation loss: 0.1484365165233612
2024-03-20 14:19:01.338036:2024-03-20 14:19:01.337864: Current epoch: 12, loss: 0.13664798438549042, validation loss: 0.1378362625837326
2024-03-20 14:19:19.565924:2024-03-20 14:19:19.565812: Current epoch: 13, loss: 0.1355409473180771, validation loss: 0.1577090173959732
2024-03-20 14:19:37.799721:2024-03-20 14:19:37.799649: Current epoch: 14, loss: 0.1321226954460144, validation loss: 0.136595219373703
2024-03-20 14:19:56.365048:2024-03-20 14:19:56.364971: Current epoch: 15, loss: 0.1317080557346344, validation loss: 0.13164204359054565
2024-03-20 14:20:14.955749:2024-03-20 14:20:14.955625: Current epoch: 16, loss: 0.12924662232398987, validation loss: 0.1249132826924324
2024-03-20 14:20:33.507853:2024-03-20 14:20:33.507720: Current epoch: 17, loss: 0.12724709510803223, validation loss: 0.12210527062416077
2024-03-20 14:20:51.616210:2024-03-20 14:20:51.616090: Current epoch: 18, loss: 0.12639406323432922, validation loss: 0.131918266415596
2024-03-20 14:21:09.983342:2024-03-20 14:21:09.983207: Current epoch: 19, loss: 0.12448669224977493, validation loss: 0.1765812337398529
2024-03-20 14:21:28.026482:2024-03-20 14:21:28.026363: Current epoch: 20, loss: 0.12293599545955658, validation loss: 0.12296313047409058
2024-03-20 14:21:46.320732:2024-03-20 14:21:46.320621: Current epoch: 21, loss: 0.12120725214481354, validation loss: 0.13139988481998444
2024-03-20 14:22:04.510024:2024-03-20 14:22:04.509884: Current epoch: 22, loss: 0.11969286948442459, validation loss: 0.11664900183677673
2024-03-20 14:22:22.602278:2024-03-20 14:22:22.602167: Current epoch: 23, loss: 0.11632037162780762, validation loss: 0.12125962227582932
2024-03-20 14:22:40.814051:2024-03-20 14:22:40.813968: Current epoch: 24, loss: 0.11753136664628983, validation loss: 0.11540643125772476
2024-03-20 14:22:58.785818:2024-03-20 14:22:58.785716: Current epoch: 25, loss: 0.11497057974338531, validation loss: 0.12248767167329788
2024-03-20 14:23:15.726523:2024-03-20 14:23:15.726437: Current epoch: 26, loss: 0.11382826417684555, validation loss: 0.11367536336183548
2024-03-20 14:23:32.719374:2024-03-20 14:23:32.719292: Current epoch: 27, loss: 0.11319130659103394, validation loss: 0.11189347505569458
2024-03-20 14:23:51.183853:2024-03-20 14:23:51.183714: Current epoch: 28, loss: 0.11071613430976868, validation loss: 0.12396644055843353
2024-03-20 14:24:09.441504:2024-03-20 14:24:09.441368: Current epoch: 29, loss: 0.10935434699058533, validation loss: 0.11221014708280563
2024-03-20 14:24:30.755471:2024-03-20 14:24:30.755388: Current epoch: 30, loss: 0.10794471949338913, validation loss: 0.11086217314004898
2024-03-20 14:24:48.694664:2024-03-20 14:24:48.694489: Current epoch: 31, loss: 0.10673187673091888, validation loss: 0.12145698815584183
2024-03-20 14:25:07.015039:2024-03-20 14:25:07.014874: Current epoch: 32, loss: 0.10548115521669388, validation loss: 0.10996311902999878
2024-03-20 14:25:25.235040:2024-03-20 14:25:25.234881: Current epoch: 33, loss: 0.10461919009685516, validation loss: 0.11802610009908676
2024-03-20 14:25:43.560464:2024-03-20 14:25:43.560381: Current epoch: 34, loss: 0.10329996794462204, validation loss: 0.10936249047517776
2024-03-20 14:26:01.759328:2024-03-20 14:26:01.759168: Current epoch: 35, loss: 0.10153257101774216, validation loss: 0.11001288145780563
2024-03-20 14:26:19.646135:2024-03-20 14:26:19.645992: Current epoch: 36, loss: 0.1007816269993782, validation loss: 0.11579136550426483
2024-03-20 14:26:37.698808:2024-03-20 14:26:37.698684: Current epoch: 37, loss: 0.09978577494621277, validation loss: 0.11975236237049103
2024-03-20 14:26:55.982028:2024-03-20 14:26:55.981953: Current epoch: 38, loss: 0.09792686998844147, validation loss: 0.10370568931102753
2024-03-20 14:27:14.100183:2024-03-20 14:27:14.100023: Current epoch: 39, loss: 0.09724001586437225, validation loss: 0.12802653014659882
2024-03-20 14:27:32.352368:2024-03-20 14:27:32.352255: Current epoch: 40, loss: 0.09613223373889923, validation loss: 0.10972486436367035
2024-03-20 14:27:49.473384:2024-03-20 14:27:49.473223: Current epoch: 41, loss: 0.0947837308049202, validation loss: 0.1040358766913414
2024-03-20 14:28:05.972134:2024-03-20 14:28:05.972014: Current epoch: 42, loss: 0.09381840378046036, validation loss: 0.11432916671037674
2024-03-20 14:28:24.109853:2024-03-20 14:28:24.109730: Current epoch: 43, loss: 0.09238576889038086, validation loss: 0.10987349599599838
2024-03-20 14:28:42.410244:2024-03-20 14:28:42.410084: Current epoch: 44, loss: 0.09061676263809204, validation loss: 0.10693012923002243
2024-03-20 14:29:00.318958:2024-03-20 14:29:00.318880: Current epoch: 45, loss: 0.08930496871471405, validation loss: 0.0992555245757103
2024-03-20 14:29:18.640423:2024-03-20 14:29:18.640315: Current epoch: 46, loss: 0.08911069482564926, validation loss: 0.1013709083199501
2024-03-20 14:29:36.678089:2024-03-20 14:29:36.678016: Current epoch: 47, loss: 0.08745075762271881, validation loss: 0.10792317241430283
2024-03-20 14:29:55.037296:2024-03-20 14:29:55.037159: Current epoch: 48, loss: 0.08674788475036621, validation loss: 0.10485130548477173
2024-03-20 14:30:12.860992:2024-03-20 14:30:12.860832: Current epoch: 49, loss: 0.08565337210893631, validation loss: 0.10093571245670319
2024-03-20 14:30:34.168081:2024-03-20 14:30:34.167893: Current epoch: 50, loss: 0.08435485512018204, validation loss: 0.10270185768604279
2024-03-20 14:30:52.406715:2024-03-20 14:30:52.406637: Current epoch: 51, loss: 0.08305918425321579, validation loss: 0.09857754409313202
2024-03-20 14:31:10.293809:2024-03-20 14:31:10.293614: Current epoch: 52, loss: 0.08268580585718155, validation loss: 0.1002742201089859
2024-03-20 14:31:28.428005:2024-03-20 14:31:28.427873: Current epoch: 53, loss: 0.08137919753789902, validation loss: 0.10074803233146667
2024-03-20 14:31:46.346115:2024-03-20 14:31:46.346039: Current epoch: 54, loss: 0.07936523109674454, validation loss: 0.09332212060689926
2024-03-20 14:32:04.512094:2024-03-20 14:32:04.511975: Current epoch: 55, loss: 0.07804719358682632, validation loss: 0.09847517311573029
2024-03-20 14:32:22.641377:2024-03-20 14:32:22.641218: Current epoch: 56, loss: 0.07806964218616486, validation loss: 0.1017773225903511
2024-03-20 14:32:38.944840:2024-03-20 14:32:38.944694: Current epoch: 57, loss: 0.07651003450155258, validation loss: 0.09759620577096939
2024-03-20 14:32:56.933282:2024-03-20 14:32:56.933119: Current epoch: 58, loss: 0.07586498558521271, validation loss: 0.10293377190828323
2024-03-20 14:33:15.299959:2024-03-20 14:33:15.299799: Current epoch: 59, loss: 0.07514359056949615, validation loss: 0.10010011494159698
2024-03-20 14:33:36.678881:2024-03-20 14:33:36.678712: Current epoch: 60, loss: 0.0739889070391655, validation loss: 0.09384208917617798
2024-03-20 14:33:54.744099:2024-03-20 14:33:54.743965: Current epoch: 61, loss: 0.07257398962974548, validation loss: 0.09644526988267899
2024-03-20 14:34:12.996262:2024-03-20 14:34:12.996122: Current epoch: 62, loss: 0.07150924205780029, validation loss: 0.10054661333560944
2024-03-20 14:34:31.431162:2024-03-20 14:34:31.431038: Current epoch: 63, loss: 0.0710887759923935, validation loss: 0.09634635597467422
2024-03-20 14:34:49.694360:2024-03-20 14:34:49.694197: Current epoch: 64, loss: 0.07014036178588867, validation loss: 0.09396062791347504
2024-03-20 14:35:07.656090:2024-03-20 14:35:07.656014: Current epoch: 65, loss: 0.06883563846349716, validation loss: 0.09147384762763977
2024-03-20 14:35:26.008624:2024-03-20 14:35:26.008479: Current epoch: 66, loss: 0.06809372454881668, validation loss: 0.09509457647800446
2024-03-20 14:35:43.943130:2024-03-20 14:35:43.942981: Current epoch: 67, loss: 0.06654597073793411, validation loss: 0.0932774543762207
2024-03-20 14:36:01.868341:2024-03-20 14:36:01.868180: Current epoch: 68, loss: 0.06527000665664673, validation loss: 0.0963992327451706
2024-03-20 14:36:19.883608:2024-03-20 14:36:19.883469: Current epoch: 69, loss: 0.06495073437690735, validation loss: 0.0925227701663971
2024-03-20 14:36:41.238359:2024-03-20 14:36:41.238206: Current epoch: 70, loss: 0.06366723030805588, validation loss: 0.09370839595794678
2024-03-20 14:36:58.969796:2024-03-20 14:36:58.969719: Current epoch: 71, loss: 0.06478073447942734, validation loss: 0.09046737849712372
2024-03-20 14:37:15.176197:2024-03-20 14:37:15.176133: Current epoch: 72, loss: 0.06241625174880028, validation loss: 0.09240997582674026
2024-03-20 14:37:33.464503:2024-03-20 14:37:33.464357: Current epoch: 73, loss: 0.06102646887302399, validation loss: 0.09333766996860504
2024-03-20 14:37:51.691996:2024-03-20 14:37:51.691917: Current epoch: 74, loss: 0.06131025031208992, validation loss: 0.08994948118925095
2024-03-20 14:38:09.965077:2024-03-20 14:38:09.964956: Current epoch: 75, loss: 0.05944698303937912, validation loss: 0.09382505714893341
2024-03-20 14:38:28.313784:2024-03-20 14:38:28.313698: Current epoch: 76, loss: 0.05979839339852333, validation loss: 0.09004397690296173
2024-03-20 14:38:46.499407:2024-03-20 14:38:46.499245: Current epoch: 77, loss: 0.05829770863056183, validation loss: 0.09324691444635391
2024-03-20 14:39:04.734398:2024-03-20 14:39:04.734259: Current epoch: 78, loss: 0.05788339674472809, validation loss: 0.0902363508939743
2024-03-20 14:39:22.802243:2024-03-20 14:39:22.802133: Current epoch: 79, loss: 0.056001536548137665, validation loss: 0.09925642609596252
2024-03-20 14:39:41.109794:2024-03-20 14:39:41.109713: Current epoch: 80, loss: 0.05577908828854561, validation loss: 0.08779662847518921
2024-03-20 14:39:59.062901:2024-03-20 14:39:59.062776: Current epoch: 81, loss: 0.055924028158187866, validation loss: 0.08786540478467941
2024-03-20 14:40:16.948763:2024-03-20 14:40:16.948614: Current epoch: 82, loss: 0.05491286888718605, validation loss: 0.08953764289617538
2024-03-20 14:40:35.361901:2024-03-20 14:40:35.361777: Current epoch: 83, loss: 0.05388248339295387, validation loss: 0.09101604670286179
2024-03-20 14:40:53.494261:2024-03-20 14:40:53.494115: Current epoch: 84, loss: 0.05301719158887863, validation loss: 0.09028425067663193
2024-03-20 14:41:11.655998:2024-03-20 14:41:11.655879: Current epoch: 85, loss: 0.05276637524366379, validation loss: 0.09860598295927048
2024-03-20 14:41:29.971750:2024-03-20 14:41:29.971608: Current epoch: 86, loss: 0.05195903778076172, validation loss: 0.09119763970375061
2024-03-20 14:41:46.857015:2024-03-20 14:41:46.856890: Current epoch: 87, loss: 0.05103271082043648, validation loss: 0.08963998407125473
2024-03-20 14:42:03.820217:2024-03-20 14:42:03.820106: Current epoch: 88, loss: 0.050440311431884766, validation loss: 0.08900588750839233
2024-03-20 14:42:21.963715:2024-03-20 14:42:21.963552: Current epoch: 89, loss: 0.049690552055835724, validation loss: 0.0885603204369545
2024-03-20 14:42:42.581059:2024-03-20 14:42:42.580890: Current epoch: 90, loss: 0.049151815474033356, validation loss: 0.0892295315861702
2024-03-20 14:43:00.439320:2024-03-20 14:43:00.439212: Current epoch: 91, loss: 0.04820035398006439, validation loss: 0.08932390064001083
2024-03-20 14:43:18.744825:2024-03-20 14:43:18.744751: Current epoch: 92, loss: 0.05045215040445328, validation loss: 0.08767962455749512
2024-03-20 14:43:36.700514:2024-03-20 14:43:36.700437: Current epoch: 93, loss: 0.04701462760567665, validation loss: 0.09516002237796783
2024-03-20 14:43:55.215281:2024-03-20 14:43:55.215143: Current epoch: 94, loss: 0.047051724046468735, validation loss: 0.08767096698284149
2024-03-20 14:44:13.647745:2024-03-20 14:44:13.647698: Current epoch: 95, loss: 0.04618707671761513, validation loss: 0.08652067929506302
2024-03-20 14:44:31.778436:2024-03-20 14:44:31.778316: Current epoch: 96, loss: 0.04516648128628731, validation loss: 0.08909595757722855
2024-03-20 14:44:50.046534:2024-03-20 14:44:50.046403: Current epoch: 97, loss: 0.04520361125469208, validation loss: 0.08986185491085052
2024-03-20 14:45:08.059843:2024-03-20 14:45:08.059714: Current epoch: 98, loss: 0.04590272903442383, validation loss: 0.08936948329210281
2024-03-20 14:45:26.074426:2024-03-20 14:45:26.074280: Current epoch: 99, loss: 0.04330132156610489, validation loss: 0.09073105454444885
2024-03-20 14:45:44.208713:2024-03-20 14:45:44.208648: Current epoch: 100, loss: 0.043535374104976654, validation loss: 0.09048574417829514
2024-03-20 14:46:02.540322:2024-03-20 14:46:02.540209: Current epoch: 101, loss: 0.04277830198407173, validation loss: 0.08678010106086731
2024-03-20 14:46:20.004653:2024-03-20 14:46:20.004584: Current epoch: 102, loss: 0.04491220787167549, validation loss: 0.08607155084609985
2024-03-20 14:46:36.256963:2024-03-20 14:46:36.256923: Current epoch: 103, loss: 0.04223000258207321, validation loss: 0.08753540366888046
2024-03-20 14:46:54.610214:2024-03-20 14:46:54.610055: Current epoch: 104, loss: 0.0423964224755764, validation loss: 0.09030390530824661
2024-03-20 14:47:12.870105:2024-03-20 14:47:12.869932: Current epoch: 105, loss: 0.041185978800058365, validation loss: 0.08701876550912857
2024-03-20 14:47:31.084874:2024-03-20 14:47:31.084751: Current epoch: 106, loss: 0.040670279413461685, validation loss: 0.0885419100522995
2024-03-20 14:47:49.124738:2024-03-20 14:47:49.124576: Current epoch: 107, loss: 0.04059027507901192, validation loss: 0.08669690787792206
2024-03-20 14:48:07.073496:2024-03-20 14:48:07.073370: Current epoch: 108, loss: 0.0402960442006588, validation loss: 0.08882199972867966
2024-03-20 14:48:25.238003:2024-03-20 14:48:25.237877: Current epoch: 109, loss: 0.03935425728559494, validation loss: 0.08500956743955612
2024-03-20 14:48:46.467189:2024-03-20 14:48:46.466732: Current epoch: 110, loss: 0.03967592492699623, validation loss: 0.08448430150747299
2024-03-20 14:49:04.551245:2024-03-20 14:49:04.551123: Current epoch: 111, loss: 0.03872134909033775, validation loss: 0.0882791057229042
2024-03-20 14:49:22.559637:2024-03-20 14:49:22.559477: Current epoch: 112, loss: 0.03832973912358284, validation loss: 0.08813447505235672
2024-03-20 14:49:40.640529:2024-03-20 14:49:40.640400: Current epoch: 113, loss: 0.03824792429804802, validation loss: 0.09059843420982361
2024-03-20 14:49:58.616873:2024-03-20 14:49:58.616711: Current epoch: 114, loss: 0.03816854953765869, validation loss: 0.08525896072387695
2024-03-20 14:50:16.620300:2024-03-20 14:50:16.620190: Current epoch: 115, loss: 0.03680189326405525, validation loss: 0.08719120174646378
2024-03-20 14:50:34.553193:2024-03-20 14:50:34.553032: Current epoch: 116, loss: 0.03655422851443291, validation loss: 0.08566120266914368
2024-03-20 14:50:52.717573:2024-03-20 14:50:52.717442: Current epoch: 117, loss: 0.03732427582144737, validation loss: 0.08746983110904694
2024-03-20 14:51:08.585371:2024-03-20 14:51:08.585293: Current epoch: 118, loss: 0.03656716272234917, validation loss: 0.0870579406619072
2024-03-20 14:51:26.262568:2024-03-20 14:51:26.262431: Current epoch: 119, loss: 0.03625708818435669, validation loss: 0.08571787178516388
2024-03-20 14:51:44.321665:2024-03-20 14:51:44.321555: Current epoch: 120, loss: 0.034962013363838196, validation loss: 0.08612844347953796
2024-03-20 14:52:02.459644:2024-03-20 14:52:02.459480: Current epoch: 121, loss: 0.03572249412536621, validation loss: 0.08452905714511871
2024-03-20 14:52:20.266056:2024-03-20 14:52:20.265900: Current epoch: 122, loss: 0.035189464688301086, validation loss: 0.08556263148784637
2024-03-20 14:52:38.247556:2024-03-20 14:52:38.247406: Current epoch: 123, loss: 0.03511076793074608, validation loss: 0.0857696384191513
2024-03-20 14:52:56.497535:2024-03-20 14:52:56.497472: Current epoch: 124, loss: 0.03483927249908447, validation loss: 0.08910591155290604
2024-03-20 14:53:14.496017:2024-03-20 14:53:14.495912: Current epoch: 125, loss: 0.03401966392993927, validation loss: 0.08558624237775803
2024-03-20 14:53:32.734333:2024-03-20 14:53:32.734253: Current epoch: 126, loss: 0.03323059156537056, validation loss: 0.0844002291560173
2024-03-20 14:53:50.685167:2024-03-20 14:53:50.685054: Current epoch: 127, loss: 0.03370961174368858, validation loss: 0.08462150394916534
2024-03-20 14:54:08.691640:2024-03-20 14:54:08.691558: Current epoch: 128, loss: 0.03380418196320534, validation loss: 0.08390604704618454
2024-03-20 14:54:26.958436:2024-03-20 14:54:26.958299: Current epoch: 129, loss: 0.03288424387574196, validation loss: 0.0832945853471756
2024-03-20 14:54:47.988723:2024-03-20 14:54:47.988615: Current epoch: 130, loss: 0.03298628330230713, validation loss: 0.08507265150547028
2024-03-20 14:55:06.107532:2024-03-20 14:55:06.107439: Current epoch: 131, loss: 0.032705169171094894, validation loss: 0.08414572477340698
2024-03-20 14:55:24.109126:2024-03-20 14:55:24.108970: Current epoch: 132, loss: 0.032089803367853165, validation loss: 0.08618108183145523
2024-03-20 14:55:40.450488:2024-03-20 14:55:40.450285: Current epoch: 133, loss: 0.031334519386291504, validation loss: 0.08433911949396133
2024-03-20 14:55:57.877179:2024-03-20 14:55:57.877058: Current epoch: 134, loss: 0.03171229735016823, validation loss: 0.0845082476735115
2024-03-20 14:56:16.053374:2024-03-20 14:56:16.053181: Current epoch: 135, loss: 0.03225691244006157, validation loss: 0.08494936674833298
2024-03-20 14:56:34.266415:2024-03-20 14:56:34.266297: Current epoch: 136, loss: 0.030984437093138695, validation loss: 0.08715294301509857
2024-03-20 14:56:52.120212:2024-03-20 14:56:52.120081: Current epoch: 137, loss: 0.030428780242800713, validation loss: 0.08507443964481354
2024-03-20 14:57:10.067728:2024-03-20 14:57:10.067590: Current epoch: 138, loss: 0.03026978112757206, validation loss: 0.08483020216226578
2024-03-20 14:57:28.033768:2024-03-20 14:57:28.033612: Current epoch: 139, loss: 0.029821215197443962, validation loss: 0.08404505252838135
2024-03-20 14:57:46.151229:2024-03-20 14:57:46.151111: Current epoch: 140, loss: 0.029989277943968773, validation loss: 0.08789639174938202
2024-03-20 14:58:03.994678:2024-03-20 14:58:03.994587: Current epoch: 141, loss: 0.03245237097144127, validation loss: 0.08470893651247025
2024-03-20 14:58:22.058231:2024-03-20 14:58:22.058120: Current epoch: 142, loss: 0.02873438410460949, validation loss: 0.08376132696866989
2024-03-20 14:58:40.005630:2024-03-20 14:58:40.005551: Current epoch: 143, loss: 0.02888314612209797, validation loss: 0.08234753459692001
2024-03-20 14:58:58.068306:2024-03-20 14:58:58.068181: Current epoch: 144, loss: 0.02929714508354664, validation loss: 0.08659544587135315
2024-03-20 14:59:16.274537:2024-03-20 14:59:16.274407: Current epoch: 145, loss: 0.02860124781727791, validation loss: 0.08461509644985199
2024-03-20 14:59:34.378484:2024-03-20 14:59:34.378294: Current epoch: 146, loss: 0.029417425394058228, validation loss: 0.08444663137197495
2024-03-20 14:59:52.440133:2024-03-20 14:59:52.439956: Current epoch: 147, loss: 0.029000939801335335, validation loss: 0.08527243137359619
2024-03-20 15:00:09.651525:2024-03-20 15:00:09.651444: Current epoch: 148, loss: 0.028057893738150597, validation loss: 0.08197813481092453
2024-03-20 15:00:25.890692:2024-03-20 15:00:25.890610: Current epoch: 149, loss: 0.028663955628871918, validation loss: 0.08432479202747345
2024-03-20 15:00:44.012049:2024-03-20 15:00:44.011889: Current epoch: 150, loss: 0.02806178294122219, validation loss: 0.08552240580320358
2024-03-20 15:01:02.203585:2024-03-20 15:01:02.203404: Current epoch: 151, loss: 0.0275573693215847, validation loss: 0.0838354080915451
2024-03-20 15:01:20.349321:2024-03-20 15:01:20.349182: Current epoch: 152, loss: 0.02727343514561653, validation loss: 0.08275648951530457
2024-03-20 15:01:38.445881:2024-03-20 15:01:38.445812: Current epoch: 153, loss: 0.02724199928343296, validation loss: 0.08415742963552475
2024-03-20 15:01:56.690315:2024-03-20 15:01:56.690155: Current epoch: 154, loss: 0.02713911607861519, validation loss: 0.08632102608680725
2024-03-20 15:02:14.809313:2024-03-20 15:02:14.809164: Current epoch: 155, loss: 0.02723303996026516, validation loss: 0.08832260221242905
2024-03-20 15:02:32.940637:2024-03-20 15:02:32.940508: Current epoch: 156, loss: 0.02639678306877613, validation loss: 0.08578003942966461
2024-03-20 15:02:50.872398:2024-03-20 15:02:50.872255: Current epoch: 157, loss: 0.026289282366633415, validation loss: 0.08202157914638519
2024-03-20 15:03:08.758287:2024-03-20 15:03:08.758252: Current epoch: 158, loss: 0.027093634009361267, validation loss: 0.08367614448070526
2024-03-20 15:03:26.847336:2024-03-20 15:03:26.847217: Current epoch: 159, loss: 0.02567559853196144, validation loss: 0.08306875824928284
2024-03-20 15:03:48.716794:2024-03-20 15:03:48.716686: Current epoch: 160, loss: 0.02629997394979, validation loss: 0.08507698029279709
2024-03-20 15:04:06.947747:2024-03-20 15:04:06.947628: Current epoch: 161, loss: 0.026110077276825905, validation loss: 0.08348479121923447
2024-03-20 15:04:25.077800:2024-03-20 15:04:25.077679: Current epoch: 162, loss: 0.026019999757409096, validation loss: 0.08479899913072586
2024-03-20 15:04:43.173801:2024-03-20 15:04:43.173671: Current epoch: 163, loss: 0.026467621326446533, validation loss: 0.08260320872068405
2024-03-20 15:04:59.433974:2024-03-20 15:04:59.433857: Current epoch: 164, loss: 0.025245100259780884, validation loss: 0.08495116233825684
2024-03-20 15:05:17.703381:2024-03-20 15:05:17.703264: Current epoch: 165, loss: 0.024662993848323822, validation loss: 0.08674050867557526
2024-03-20 15:05:35.795930:2024-03-20 15:05:35.795769: Current epoch: 166, loss: 0.0247774850577116, validation loss: 0.08570849150419235
2024-03-20 15:05:53.872888:2024-03-20 15:05:53.872731: Current epoch: 167, loss: 0.025201991200447083, validation loss: 0.08342667669057846
2024-03-20 15:06:12.060737:2024-03-20 15:06:12.060644: Current epoch: 168, loss: 0.026049992069602013, validation loss: 0.08458921313285828
2024-03-20 15:06:30.363132:2024-03-20 15:06:30.363001: Current epoch: 169, loss: 0.02401384338736534, validation loss: 0.0836879089474678
2024-03-20 15:06:48.483276:2024-03-20 15:06:48.483209: Current epoch: 170, loss: 0.024391992017626762, validation loss: 0.08269856125116348
2024-03-20 15:07:06.692796:2024-03-20 15:07:06.692726: Current epoch: 171, loss: 0.02388845570385456, validation loss: 0.08392544090747833
2024-03-20 15:07:24.686594:2024-03-20 15:07:24.686473: Current epoch: 172, loss: 0.024723755195736885, validation loss: 0.08342410624027252
2024-03-20 15:07:42.652641:2024-03-20 15:07:42.652473: Current epoch: 173, loss: 0.02428552694618702, validation loss: 0.08348407596349716
2024-03-20 15:08:00.648658:2024-03-20 15:08:00.648484: Current epoch: 174, loss: 0.023905472829937935, validation loss: 0.08528988063335419
2024-03-20 15:08:18.830060:2024-03-20 15:08:18.829913: Current epoch: 175, loss: 0.023904750123620033, validation loss: 0.08371683955192566
2024-03-20 15:08:36.731793:2024-03-20 15:08:36.731684: Current epoch: 176, loss: 0.02351445145905018, validation loss: 0.0868065357208252
2024-03-20 15:08:54.697719:2024-03-20 15:08:54.697558: Current epoch: 177, loss: 0.0234212726354599, validation loss: 0.0851210206747055
2024-03-20 15:09:12.734736:2024-03-20 15:09:12.734578: Current epoch: 178, loss: 0.024241028353571892, validation loss: 0.08518724888563156
2024-03-20 15:09:29.213583:2024-03-20 15:09:29.213441: Current epoch: 179, loss: 0.0231111291795969, validation loss: 0.0848379135131836
2024-03-20 15:09:46.191342:2024-03-20 15:09:46.191174: Current epoch: 180, loss: 0.02308945544064045, validation loss: 0.0828719288110733
2024-03-20 15:10:04.096397:2024-03-20 15:10:04.096238: Current epoch: 181, loss: 0.02315591461956501, validation loss: 0.08434329926967621
2024-03-20 15:10:21.996232:2024-03-20 15:10:21.996086: Current epoch: 182, loss: 0.023083502426743507, validation loss: 0.08518373966217041
2024-03-20 15:10:39.996848:2024-03-20 15:10:39.996703: Current epoch: 183, loss: 0.023054294288158417, validation loss: 0.08454591780900955
2024-03-20 15:10:58.171691:2024-03-20 15:10:58.171572: Current epoch: 184, loss: 0.022452818229794502, validation loss: 0.08564849197864532
2024-03-20 15:11:16.668777:2024-03-20 15:11:16.668658: Current epoch: 185, loss: 0.022954696789383888, validation loss: 0.08415113389492035
2024-03-20 15:11:34.816796:2024-03-20 15:11:34.816631: Current epoch: 186, loss: 0.022859636694192886, validation loss: 0.0831034705042839
2024-03-20 15:11:52.874672:2024-03-20 15:11:52.874513: Current epoch: 187, loss: 0.022708509117364883, validation loss: 0.08246263861656189
2024-03-20 15:12:10.894514:2024-03-20 15:12:10.894387: Current epoch: 188, loss: 0.022180458530783653, validation loss: 0.08774453401565552
2024-03-20 15:12:28.949849:2024-03-20 15:12:28.949714: Current epoch: 189, loss: 0.02159896120429039, validation loss: 0.08336339145898819
2024-03-20 15:12:46.885863:2024-03-20 15:12:46.885707: Current epoch: 190, loss: 0.021775666624307632, validation loss: 0.08263102173805237
2024-03-20 15:13:04.980513:2024-03-20 15:13:04.980342: Current epoch: 191, loss: 0.021508628502488136, validation loss: 0.08332802355289459
2024-03-20 15:13:23.087015:2024-03-20 15:13:23.086837: Current epoch: 192, loss: 0.022200502455234528, validation loss: 0.08233756572008133
2024-03-20 15:13:41.099970:2024-03-20 15:13:41.099886: Current epoch: 193, loss: 0.022601552307605743, validation loss: 0.0851014107465744
2024-03-20 15:13:59.474596:2024-03-20 15:13:59.474398: Current epoch: 194, loss: 0.022497069090604782, validation loss: 0.08414630591869354
2024-03-20 15:14:15.610262:2024-03-20 15:14:15.610154: Current epoch: 195, loss: 0.021811921149492264, validation loss: 0.08487749844789505
2024-03-20 15:14:33.679967:2024-03-20 15:14:33.679776: Current epoch: 196, loss: 0.02149125747382641, validation loss: 0.0834411233663559
2024-03-20 15:14:51.935506:2024-03-20 15:14:51.935341: Current epoch: 197, loss: 0.0210266076028347, validation loss: 0.08332138508558273
2024-03-20 15:15:10.022355:2024-03-20 15:15:10.022234: Current epoch: 198, loss: 0.021300096064805984, validation loss: 0.08417143672704697
2024-03-20 15:15:28.415141:2024-03-20 15:15:28.414979: Current epoch: 199, loss: 0.0214473195374012, validation loss: 0.08262461423873901
2024-03-20 15:15:49.944090:2024-03-20 15:15:49.944020: Current epoch: 200, loss: 0.02037847600877285, validation loss: 0.08376339823007584
2024-03-20 15:16:08.352920:2024-03-20 15:16:08.352744: Current epoch: 201, loss: 0.02081063576042652, validation loss: 0.08344827592372894
2024-03-20 15:16:26.672569:2024-03-20 15:16:26.672408: Current epoch: 202, loss: 0.020536381751298904, validation loss: 0.08565621823072433
2024-03-20 15:16:44.804988:2024-03-20 15:16:44.804894: Current epoch: 203, loss: 0.020632067695260048, validation loss: 0.08331479877233505
2024-03-20 15:17:03.047265:2024-03-20 15:17:03.047140: Current epoch: 204, loss: 0.02128363586962223, validation loss: 0.08311174809932709
2024-03-20 15:17:20.978722:2024-03-20 15:17:20.978561: Current epoch: 205, loss: 0.02056024596095085, validation loss: 0.08229739218950272
2024-03-20 15:17:39.232051:2024-03-20 15:17:39.231893: Current epoch: 206, loss: 0.020017269998788834, validation loss: 0.08277900516986847
2024-03-20 15:17:57.101934:2024-03-20 15:17:57.101803: Current epoch: 207, loss: 0.021367736160755157, validation loss: 0.08270435035228729
2024-03-20 15:18:15.408468:2024-03-20 15:18:15.408389: Current epoch: 208, loss: 0.019708765670657158, validation loss: 0.0817534476518631
2024-03-20 15:18:33.183584:2024-03-20 15:18:33.183479: Current epoch: 209, loss: 0.020290769636631012, validation loss: 0.08535512536764145
2024-03-20 15:18:49.090064:2024-03-20 15:18:49.089987: Current epoch: 210, loss: 0.019303692504763603, validation loss: 0.08332347124814987
2024-03-20 15:19:07.168677:2024-03-20 15:19:07.168532: Current epoch: 211, loss: 0.019800996407866478, validation loss: 0.08382455259561539
2024-03-20 15:19:25.423954:2024-03-20 15:19:25.423834: Current epoch: 212, loss: 0.02037978544831276, validation loss: 0.08594933152198792
2024-03-20 15:19:43.780231:2024-03-20 15:19:43.780154: Current epoch: 213, loss: 0.02028365433216095, validation loss: 0.08175218850374222
2024-03-20 15:20:01.795007:2024-03-20 15:20:01.794853: Current epoch: 214, loss: 0.019615227356553078, validation loss: 0.08195631951093674
2024-03-20 15:20:19.943154:2024-03-20 15:20:19.943012: Current epoch: 215, loss: 0.019919676706194878, validation loss: 0.08244097977876663
2024-03-20 15:20:38.250301:2024-03-20 15:20:38.250186: Current epoch: 216, loss: 0.019330643117427826, validation loss: 0.08464611321687698
2024-03-20 15:20:56.151797:2024-03-20 15:20:56.151639: Current epoch: 217, loss: 0.018892886117100716, validation loss: 0.08444743603467941
2024-03-20 15:21:14.377843:2024-03-20 15:21:14.377725: Current epoch: 218, loss: 0.018978208303451538, validation loss: 0.08455471694469452
2024-03-20 15:21:32.448154:2024-03-20 15:21:32.448012: Current epoch: 219, loss: 0.02075803093612194, validation loss: 0.08358606696128845
2024-03-20 15:21:50.514975:2024-03-20 15:21:50.514887: Current epoch: 220, loss: 0.01890675164759159, validation loss: 0.08247237652540207
2024-03-20 15:22:08.453477:2024-03-20 15:22:08.453367: Current epoch: 221, loss: 0.019259896129369736, validation loss: 0.08454295992851257
2024-03-20 15:22:26.246677:2024-03-20 15:22:26.246518: Current epoch: 222, loss: 0.018791720271110535, validation loss: 0.08274365216493607
2024-03-20 15:22:44.331278:2024-03-20 15:22:44.331167: Current epoch: 223, loss: 0.018607573583722115, validation loss: 0.08359122276306152
2024-03-20 15:23:02.570252:2024-03-20 15:23:02.570172: Current epoch: 224, loss: 0.01870933547616005, validation loss: 0.08332619071006775
2024-03-20 15:23:19.072792:2024-03-20 15:23:19.072722: Current epoch: 225, loss: 0.01891215704381466, validation loss: 0.08292946219444275
2024-03-20 15:23:36.347006:2024-03-20 15:23:36.346870: Current epoch: 226, loss: 0.01872774213552475, validation loss: 0.08450029045343399
2024-03-20 15:23:54.559075:2024-03-20 15:23:54.558939: Current epoch: 227, loss: 0.01883859746158123, validation loss: 0.08255697041749954
2024-03-20 15:24:12.942988:2024-03-20 15:24:12.942813: Current epoch: 228, loss: 0.017979174852371216, validation loss: 0.0854157879948616
2024-03-20 15:24:31.203513:2024-03-20 15:24:31.203343: Current epoch: 229, loss: 0.021655865013599396, validation loss: 0.08302050828933716
2024-03-20 15:24:49.485639:2024-03-20 15:24:49.485480: Current epoch: 230, loss: 0.017100099474191666, validation loss: 0.08393052965402603
2024-03-20 15:25:07.393786:2024-03-20 15:25:07.393675: Current epoch: 231, loss: 0.018136240541934967, validation loss: 0.08470115065574646
2024-03-20 15:25:25.339334:2024-03-20 15:25:25.339174: Current epoch: 232, loss: 0.01833146996796131, validation loss: 0.08313361555337906
2024-03-20 15:25:43.345962:2024-03-20 15:25:43.345804: Current epoch: 233, loss: 0.020250868052244186, validation loss: 0.08349253982305527
2024-03-20 15:26:01.590856:2024-03-20 15:26:01.590783: Current epoch: 234, loss: 0.017742224037647247, validation loss: 0.08278301358222961
2024-03-20 15:26:19.596870:2024-03-20 15:26:19.596762: Current epoch: 235, loss: 0.017408927902579308, validation loss: 0.08782230317592621
2024-03-20 15:26:37.699034:2024-03-20 15:26:37.698878: Current epoch: 236, loss: 0.017814667895436287, validation loss: 0.08462043851613998
2024-03-20 15:26:55.842869:2024-03-20 15:26:55.842696: Current epoch: 237, loss: 0.018201546743512154, validation loss: 0.08416123688220978
2024-03-20 15:27:14.167975:2024-03-20 15:27:14.167865: Current epoch: 238, loss: 0.017809391021728516, validation loss: 0.08446216583251953
2024-03-20 15:27:32.155903:2024-03-20 15:27:32.155797: Current epoch: 239, loss: 0.018572617322206497, validation loss: 0.08672043681144714
2024-03-20 15:27:49.433387:2024-03-20 15:27:49.433268: Current epoch: 240, loss: 0.018451228737831116, validation loss: 0.08388266712427139
2024-03-20 15:28:06.114874:2024-03-20 15:28:06.114755: Current epoch: 241, loss: 0.016753410920500755, validation loss: 0.08359553664922714
2024-03-20 15:28:24.062945:2024-03-20 15:28:24.062708: Current epoch: 242, loss: 0.018528923392295837, validation loss: 0.09354957938194275
2024-03-20 15:28:42.160647:2024-03-20 15:28:42.160535: Current epoch: 243, loss: 0.017337176948785782, validation loss: 0.08522043377161026
2024-03-20 15:29:00.412257:2024-03-20 15:29:00.412100: Current epoch: 244, loss: 0.017726287245750427, validation loss: 0.08327502012252808
2024-03-20 15:29:18.268804:2024-03-20 15:29:18.268647: Current epoch: 245, loss: 0.017019597813487053, validation loss: 0.08293771743774414
2024-03-20 15:29:36.078227:2024-03-20 15:29:36.078080: Current epoch: 246, loss: 0.017412202432751656, validation loss: 0.0860772505402565
2024-03-20 15:29:54.091607:2024-03-20 15:29:54.091495: Current epoch: 247, loss: 0.017692936584353447, validation loss: 0.08265454322099686
2024-03-20 15:30:12.239976:2024-03-20 15:30:12.239827: Current epoch: 248, loss: 0.01703689619898796, validation loss: 0.08353615552186966
2024-03-20 15:30:30.463967:2024-03-20 15:30:30.463830: Current epoch: 249, loss: 0.016996104270219803, validation loss: 0.08452346175909042
2024-03-20 15:30:48.574501:2024-03-20 15:30:48.574331: Current epoch: 250, loss: 0.01741793565452099, validation loss: 0.08386455476284027
2024-03-20 15:31:06.761736:2024-03-20 15:31:06.761555: Current epoch: 251, loss: 0.01814245991408825, validation loss: 0.08431376516819
2024-03-20 15:31:24.876744:2024-03-20 15:31:24.876624: Current epoch: 252, loss: 0.01633823662996292, validation loss: 0.08400378376245499
2024-03-20 15:31:42.937354:2024-03-20 15:31:42.937227: Current epoch: 253, loss: 0.016751093789935112, validation loss: 0.08595865964889526
2024-03-20 15:32:01.003502:2024-03-20 15:32:01.003408: Current epoch: 254, loss: 0.01652851141989231, validation loss: 0.08281239122152328
2024-03-20 15:32:18.922309:2024-03-20 15:32:18.922189: Current epoch: 255, loss: 0.017616095021367073, validation loss: 0.08450191468000412
2024-03-20 15:32:34.628496:2024-03-20 15:32:34.628377: Current epoch: 256, loss: 0.017155181616544724, validation loss: 0.08421041071414948
2024-03-20 15:32:52.809663:2024-03-20 15:32:52.809591: Current epoch: 257, loss: 0.016328250989317894, validation loss: 0.08441103994846344
2024-03-20 15:33:11.015311:2024-03-20 15:33:11.015152: Current epoch: 258, loss: 0.016825640574097633, validation loss: 0.08442121744155884
2024-03-20 15:33:29.151578:2024-03-20 15:33:29.151454: Current epoch: 259, loss: 0.0164857916533947, validation loss: 0.0829140841960907
2024-03-20 15:33:47.074202:2024-03-20 15:33:47.074094: Current epoch: 260, loss: 0.0169705580919981, validation loss: 0.08266987651586533
2024-03-20 15:34:05.070956:2024-03-20 15:34:05.070836: Current epoch: 261, loss: 0.015845756977796555, validation loss: 0.0844021886587143
2024-03-20 15:34:22.996330:2024-03-20 15:34:22.996169: Current epoch: 262, loss: 0.016384180635213852, validation loss: 0.0833076536655426
2024-03-20 15:34:41.377358:2024-03-20 15:34:41.377171: Current epoch: 263, loss: 0.01626121997833252, validation loss: 0.08482053130865097
2024-03-20 15:34:59.519278:2024-03-20 15:34:59.519209: Current epoch: 264, loss: 0.01633773185312748, validation loss: 0.08397553861141205
2024-03-20 15:35:17.512567:2024-03-20 15:35:17.512408: Current epoch: 265, loss: 0.015921486541628838, validation loss: 0.08194246888160706
2024-03-20 15:35:35.713970:2024-03-20 15:35:35.713810: Current epoch: 266, loss: 0.01610112003982067, validation loss: 0.08241937309503555
2024-03-20 15:35:53.715921:2024-03-20 15:35:53.715803: Current epoch: 267, loss: 0.016326745972037315, validation loss: 0.08471988886594772
2024-03-20 15:36:11.867237:2024-03-20 15:36:11.866944: Current epoch: 268, loss: 0.01625402271747589, validation loss: 0.08568759262561798
2024-03-20 15:36:29.779691:2024-03-20 15:36:29.779531: Current epoch: 269, loss: 0.01583838276565075, validation loss: 0.08508291840553284
2024-03-20 15:36:47.793729:2024-03-20 15:36:47.793605: Current epoch: 270, loss: 0.015649428591132164, validation loss: 0.08423399180173874
2024-03-20 15:37:05.050693:2024-03-20 15:37:05.050622: Current epoch: 271, loss: 0.01602613553404808, validation loss: 0.08286861330270767
2024-03-20 15:37:22.241817:2024-03-20 15:37:22.241753: Current epoch: 272, loss: 0.015581496991217136, validation loss: 0.08403957635164261
2024-03-20 15:37:40.547434:2024-03-20 15:37:40.547280: Current epoch: 273, loss: 0.015979332849383354, validation loss: 0.08333329856395721
2024-03-20 15:37:58.994196:2024-03-20 15:37:58.994005: Current epoch: 274, loss: 0.015472842380404472, validation loss: 0.08295396715402603
2024-03-20 15:38:16.987349:2024-03-20 15:38:16.987223: Current epoch: 275, loss: 0.01563180610537529, validation loss: 0.08451846987009048
2024-03-20 15:38:35.035885:2024-03-20 15:38:35.035746: Current epoch: 276, loss: 0.017371414229273796, validation loss: 0.08411180973052979
2024-03-20 15:38:53.028446:2024-03-20 15:38:53.028277: Current epoch: 277, loss: 0.015009813010692596, validation loss: 0.08263207972049713
2024-03-20 15:39:11.068820:2024-03-20 15:39:11.068662: Current epoch: 278, loss: 0.014880928210914135, validation loss: 0.08368035405874252
2024-03-20 15:39:29.226568:2024-03-20 15:39:29.226393: Current epoch: 279, loss: 0.015294783748686314, validation loss: 0.0845150426030159
2024-03-20 15:39:47.169297:2024-03-20 15:39:47.169230: Current epoch: 280, loss: 0.016289429739117622, validation loss: 0.08337903767824173
2024-03-20 15:40:05.465031:2024-03-20 15:40:05.464878: Current epoch: 281, loss: 0.014752430841326714, validation loss: 0.08249954134225845
2024-03-20 15:40:23.428801:2024-03-20 15:40:23.428638: Current epoch: 282, loss: 0.01614268869161606, validation loss: 0.08356159925460815
2024-03-20 15:40:41.658350:2024-03-20 15:40:41.658240: Current epoch: 283, loss: 0.01552888099104166, validation loss: 0.08356336504220963
2024-03-20 15:40:59.895755:2024-03-20 15:40:59.895637: Current epoch: 284, loss: 0.017393067479133606, validation loss: 0.08283042162656784
2024-03-20 15:41:17.980754:2024-03-20 15:41:17.980578: Current epoch: 285, loss: 0.014521224424242973, validation loss: 0.08382692188024521
2024-03-20 15:41:36.196744:2024-03-20 15:41:36.196626: Current epoch: 286, loss: 0.016248608008027077, validation loss: 0.08404524624347687
2024-03-20 15:41:52.278746:2024-03-20 15:41:52.278567: Current epoch: 287, loss: 0.01506595779210329, validation loss: 0.0830092802643776
2024-03-20 15:42:10.350158:2024-03-20 15:42:10.350037: Current epoch: 288, loss: 0.015980390831828117, validation loss: 0.08434811979532242
2024-03-20 15:42:28.384014:2024-03-20 15:42:28.383876: Current epoch: 289, loss: 0.016518928110599518, validation loss: 0.08280345797538757
2024-03-20 15:42:46.312237:2024-03-20 15:42:46.312173: Current epoch: 290, loss: 0.01497672125697136, validation loss: 0.08231348544359207
2024-03-20 15:43:04.202365:2024-03-20 15:43:04.202207: Current epoch: 291, loss: 0.014715180732309818, validation loss: 0.08303795009851456
2024-03-20 15:43:22.032393:2024-03-20 15:43:22.032233: Current epoch: 292, loss: 0.014680929481983185, validation loss: 0.0850009024143219
2024-03-20 15:43:40.216525:2024-03-20 15:43:40.216339: Current epoch: 293, loss: 0.01497512124478817, validation loss: 0.08335614949464798
2024-03-20 15:43:58.406448:2024-03-20 15:43:58.406375: Current epoch: 294, loss: 0.01472378708422184, validation loss: 0.08285757154226303
2024-03-20 15:44:16.319988:2024-03-20 15:44:16.319833: Current epoch: 295, loss: 0.015480147674679756, validation loss: 0.08582597970962524
2024-03-20 15:44:34.572923:2024-03-20 15:44:34.572767: Current epoch: 296, loss: 0.015200511552393436, validation loss: 0.08544927835464478
2024-03-20 15:44:52.453518:2024-03-20 15:44:52.453361: Current epoch: 297, loss: 0.014659705571830273, validation loss: 0.08322329074144363
2024-03-20 15:45:10.834893:2024-03-20 15:45:10.834716: Current epoch: 298, loss: 0.01614646427333355, validation loss: 0.0837617814540863
2024-03-20 15:45:29.015444:2024-03-20 15:45:29.015367: Current epoch: 299, loss: 0.013906138017773628, validation loss: 0.08291640877723694
2024-03-20 15:45:47.044156:2024-03-20 15:45:47.044092: Current epoch: 300, loss: 0.015209409408271313, validation loss: 0.08808831125497818
2024-03-20 15:46:05.381690:2024-03-20 15:46:05.381531: Current epoch: 301, loss: 0.015535845421254635, validation loss: 0.08308643102645874
2024-03-20 15:46:22.594554:2024-03-20 15:46:22.594412: Current epoch: 302, loss: 0.014216344803571701, validation loss: 0.08265615254640579
2024-03-20 15:46:39.677221:2024-03-20 15:46:39.677103: Current epoch: 303, loss: 0.014268038794398308, validation loss: 0.08397894352674484
2024-03-20 15:46:57.562363:2024-03-20 15:46:57.562294: Current epoch: 304, loss: 0.014533346518874168, validation loss: 0.08204816281795502
2024-03-20 15:47:15.539283:2024-03-20 15:47:15.539111: Current epoch: 305, loss: 0.014332028105854988, validation loss: 0.08325497806072235
2024-03-20 15:47:33.450222:2024-03-20 15:47:33.450088: Current epoch: 306, loss: 0.01447562500834465, validation loss: 0.0839913934469223
2024-03-20 15:47:51.528319:2024-03-20 15:47:51.528157: Current epoch: 307, loss: 0.01480930671095848, validation loss: 0.0841914713382721
2024-03-20 15:48:09.627745:2024-03-20 15:48:09.627626: Current epoch: 308, loss: 0.014271236024796963, validation loss: 0.08360780775547028
2024-03-20 15:48:27.804532:2024-03-20 15:48:27.804364: Current epoch: 309, loss: 0.014599831774830818, validation loss: 0.08453669399023056
2024-03-20 15:48:45.909910:2024-03-20 15:48:45.909803: Current epoch: 310, loss: 0.015740303322672844, validation loss: 0.08289770036935806
2024-03-20 15:49:04.243045:2024-03-20 15:49:04.242911: Current epoch: 311, loss: 0.013521677814424038, validation loss: 0.08424331992864609
2024-03-20 15:49:22.474531:2024-03-20 15:49:22.474446: Current epoch: 312, loss: 0.013797668740153313, validation loss: 0.08387906849384308
2024-03-20 15:49:40.694385:2024-03-20 15:49:40.694268: Current epoch: 313, loss: 0.014063197188079357, validation loss: 0.08261096477508545
2024-03-20 15:49:58.744574:2024-03-20 15:49:58.744525: Current epoch: 314, loss: 0.014652438461780548, validation loss: 0.08124551922082901
2024-03-20 15:50:16.645702:2024-03-20 15:50:16.645576: Current epoch: 315, loss: 0.013692249543964863, validation loss: 0.08248955756425858
2024-03-20 15:50:34.784441:2024-03-20 15:50:34.784323: Current epoch: 316, loss: 0.014050020836293697, validation loss: 0.08349759131669998
2024-03-20 15:50:52.830940:2024-03-20 15:50:52.830795: Current epoch: 317, loss: 0.014018532820045948, validation loss: 0.08437463641166687
2024-03-20 15:51:09.499908:2024-03-20 15:51:09.499768: Current epoch: 318, loss: 0.013804028742015362, validation loss: 0.08602263778448105
2024-03-20 15:51:26.785970:2024-03-20 15:51:26.785814: Current epoch: 319, loss: 0.013879439793527126, validation loss: 0.08324319124221802
2024-03-20 15:51:44.006832:2024-03-20 15:51:44.006698: Current epoch: 320, loss: 0.013815164566040039, validation loss: 0.08614510297775269
2024-03-20 15:52:01.861138:2024-03-20 15:52:01.860973: Current epoch: 321, loss: 0.013672896660864353, validation loss: 0.08319413661956787
2024-03-20 15:52:19.555110:2024-03-20 15:52:19.554941: Current epoch: 322, loss: 0.014012102037668228, validation loss: 0.084107406437397
2024-03-20 15:52:36.802540:2024-03-20 15:52:36.802346: Current epoch: 323, loss: 0.013360049575567245, validation loss: 0.08406107872724533
2024-03-20 15:52:53.713703:2024-03-20 15:52:53.713607: Current epoch: 324, loss: 0.013986126519739628, validation loss: 0.08362909406423569
2024-03-20 15:53:10.759063:2024-03-20 15:53:10.758897: Current epoch: 325, loss: 0.012974411249160767, validation loss: 0.08369811624288559
2024-03-20 15:53:28.539569:2024-03-20 15:53:28.539478: Current epoch: 326, loss: 0.013837611302733421, validation loss: 0.0848216712474823
2024-03-20 15:53:45.979765:2024-03-20 15:53:45.979639: Current epoch: 327, loss: 0.015441875904798508, validation loss: 0.08190829306840897
2024-03-20 15:54:03.026162:2024-03-20 15:54:03.026072: Current epoch: 328, loss: 0.012478149496018887, validation loss: 0.08353324979543686
2024-03-20 15:54:19.868580:2024-03-20 15:54:19.868381: Current epoch: 329, loss: 0.01405701506882906, validation loss: 0.08264017105102539
2024-03-20 15:54:36.905270:2024-03-20 15:54:36.905172: Current epoch: 330, loss: 0.012879887595772743, validation loss: 0.08158616721630096
2024-03-20 15:54:53.923282:2024-03-20 15:54:53.923136: Current epoch: 331, loss: 0.013862637802958488, validation loss: 0.09710289537906647
2024-03-20 15:55:11.078675:2024-03-20 15:55:11.078595: Current epoch: 332, loss: 0.013308233581483364, validation loss: 0.08213108777999878
2024-03-20 15:55:28.149487:2024-03-20 15:55:28.149393: Current epoch: 333, loss: 0.016301730647683144, validation loss: 0.08316773176193237
2024-03-20 15:55:46.090023:2024-03-20 15:55:46.089858: Current epoch: 334, loss: 0.012523978017270565, validation loss: 0.08398782461881638
2024-03-20 15:56:03.916506:2024-03-20 15:56:03.916401: Current epoch: 335, loss: 0.01270468719303608, validation loss: 0.09254582971334457
2024-03-20 15:56:20.933127:2024-03-20 15:56:20.932979: Current epoch: 336, loss: 0.016065414994955063, validation loss: 0.08369932323694229
2024-03-20 15:56:38.209999:2024-03-20 15:56:38.209921: Current epoch: 337, loss: 0.012203127145767212, validation loss: 0.08294538408517838
2024-03-20 15:56:55.442007:2024-03-20 15:56:55.441826: Current epoch: 338, loss: 0.012624907307326794, validation loss: 0.08462952077388763
2024-03-20 15:57:12.194248:2024-03-20 15:57:12.194151: Current epoch: 339, loss: 0.013868513517081738, validation loss: 0.0844123587012291
2024-03-20 15:57:29.266924:2024-03-20 15:57:29.266846: Current epoch: 340, loss: 0.013092167675495148, validation loss: 0.08459991961717606
2024-03-20 15:57:46.547024:2024-03-20 15:57:46.546877: Current epoch: 341, loss: 0.012870902195572853, validation loss: 0.08290780335664749
2024-03-20 15:58:03.719960:2024-03-20 15:58:03.719860: Current epoch: 342, loss: 0.01340984646230936, validation loss: 0.08325598388910294
2024-03-20 15:58:20.696927:2024-03-20 15:58:20.696849: Current epoch: 343, loss: 0.013435295782983303, validation loss: 0.08435413986444473
2024-03-20 15:58:38.262520:2024-03-20 15:58:38.262356: Current epoch: 344, loss: 0.01268042903393507, validation loss: 0.0848051980137825
2024-03-20 15:58:55.721830:2024-03-20 15:58:55.721733: Current epoch: 345, loss: 0.012814939953386784, validation loss: 0.08424638211727142
2024-03-20 15:59:13.045005:2024-03-20 15:59:13.044932: Current epoch: 346, loss: 0.013412288390100002, validation loss: 0.08297800272703171
2024-03-20 15:59:30.452052:2024-03-20 15:59:30.451889: Current epoch: 347, loss: 0.012882281094789505, validation loss: 0.08571349829435349
2024-03-20 15:59:47.057444:2024-03-20 15:59:47.057279: Current epoch: 348, loss: 0.013118538074195385, validation loss: 0.08393726497888565
2024-03-20 16:00:04.715708:2024-03-20 16:00:04.715563: Current epoch: 349, loss: 0.01281734835356474, validation loss: 0.08274956047534943
2024-03-20 16:00:21.983331:2024-03-20 16:00:21.983232: Current epoch: 350, loss: 0.012927831150591373, validation loss: 0.08467143028974533
2024-03-20 16:00:39.899044:2024-03-20 16:00:39.898876: Current epoch: 351, loss: 0.013072315603494644, validation loss: 0.08390508592128754
2024-03-20 16:00:57.376726:2024-03-20 16:00:57.376651: Current epoch: 352, loss: 0.012783380225300789, validation loss: 0.08214937150478363
2024-03-20 16:01:15.182071:2024-03-20 16:01:15.181897: Current epoch: 353, loss: 0.012761857360601425, validation loss: 0.08479753136634827
2024-03-20 16:01:32.175855:2024-03-20 16:01:32.175687: Current epoch: 354, loss: 0.012370877899229527, validation loss: 0.08306755870580673
2024-03-20 16:01:49.164332:2024-03-20 16:01:49.164188: Current epoch: 355, loss: 0.014051765203475952, validation loss: 0.08291186392307281
2024-03-20 16:02:06.621497:2024-03-20 16:02:06.621303: Current epoch: 356, loss: 0.016112372279167175, validation loss: 0.08448448032140732
2024-03-20 16:02:23.111569:2024-03-20 16:02:23.111387: Current epoch: 357, loss: 0.011520984582602978, validation loss: 0.082863450050354
2024-03-20 16:02:40.437099:2024-03-20 16:02:40.436930: Current epoch: 358, loss: 0.011693516746163368, validation loss: 0.0839880108833313
2024-03-20 16:02:58.021000:2024-03-20 16:02:58.020841: Current epoch: 359, loss: 0.012406811118125916, validation loss: 0.0833616778254509
2024-03-20 16:03:15.553656:2024-03-20 16:03:15.553488: Current epoch: 360, loss: 0.012647576630115509, validation loss: 0.08442158997058868
2024-03-20 16:03:33.199415:2024-03-20 16:03:33.199270: Current epoch: 361, loss: 0.012227269820868969, validation loss: 0.08378354460000992
2024-03-20 16:03:50.810593:2024-03-20 16:03:50.810497: Current epoch: 362, loss: 0.012358873151242733, validation loss: 0.08468493074178696
2024-03-20 16:04:08.506062:2024-03-20 16:04:08.505918: Current epoch: 363, loss: 0.013896732591092587, validation loss: 0.08675764501094818
2024-03-20 16:04:26.279836:2024-03-20 16:04:26.279671: Current epoch: 364, loss: 0.011969226412475109, validation loss: 0.08343050628900528
2024-03-20 16:04:43.710619:2024-03-20 16:04:43.710487: Current epoch: 365, loss: 0.011624518781900406, validation loss: 0.08485488593578339
2024-03-20 16:05:00.983758:2024-03-20 16:05:00.983662: Current epoch: 366, loss: 0.012751244008541107, validation loss: 0.08479613065719604
2024-03-20 16:05:18.823933:2024-03-20 16:05:18.823768: Current epoch: 367, loss: 0.012235096655786037, validation loss: 0.08452195674180984
2024-03-20 16:05:36.591426:2024-03-20 16:05:36.591262: Current epoch: 368, loss: 0.012113691307604313, validation loss: 0.08412306010723114
2024-03-20 16:05:54.146070:2024-03-20 16:05:54.145903: Current epoch: 369, loss: 0.012076607905328274, validation loss: 0.08311974257230759
2024-03-20 16:06:11.851037:2024-03-20 16:06:11.850852: Current epoch: 370, loss: 0.012397759594023228, validation loss: 0.0847599059343338
2024-03-20 16:06:28.828637:2024-03-20 16:06:28.828560: Current epoch: 371, loss: 0.011978964321315289, validation loss: 0.0839352086186409
2024-03-20 16:06:46.321618:2024-03-20 16:06:46.321424: Current epoch: 372, loss: 0.013358288444578648, validation loss: 0.0864240825176239
2024-03-20 16:07:04.022988:2024-03-20 16:07:04.022910: Current epoch: 373, loss: 0.01167491264641285, validation loss: 0.08329690992832184
2024-03-20 16:07:21.171789:2024-03-20 16:07:21.171654: Current epoch: 374, loss: 0.011788483709096909, validation loss: 0.08290715515613556
2024-03-20 16:07:38.163938:2024-03-20 16:07:38.163865: Current epoch: 375, loss: 0.012325570918619633, validation loss: 0.08422201126813889
2024-03-20 16:07:55.144392:2024-03-20 16:07:55.144209: Current epoch: 376, loss: 0.011929333209991455, validation loss: 0.08454781770706177
2024-03-20 16:08:12.330960:2024-03-20 16:08:12.330867: Current epoch: 377, loss: 0.012021224945783615, validation loss: 0.0838150605559349
2024-03-20 16:08:29.209216:2024-03-20 16:08:29.209137: Current epoch: 378, loss: 0.011725264601409435, validation loss: 0.08430471271276474
2024-03-20 16:08:46.238032:2024-03-20 16:08:46.237889: Current epoch: 379, loss: 0.012126550078392029, validation loss: 0.08303237706422806
2024-03-20 16:09:03.312731:2024-03-20 16:09:03.312639: Current epoch: 380, loss: 0.012094481848180294, validation loss: 0.0836789458990097
2024-03-20 16:09:20.471357:2024-03-20 16:09:20.471192: Current epoch: 381, loss: 0.011862603947520256, validation loss: 0.08443088829517365
2024-03-20 16:09:37.553308:2024-03-20 16:09:37.553230: Current epoch: 382, loss: 0.012148366309702396, validation loss: 0.08336658030748367
2024-03-20 16:09:54.594542:2024-03-20 16:09:54.594445: Current epoch: 383, loss: 0.011571543291211128, validation loss: 0.08400117605924606
2024-03-20 16:10:11.719103:2024-03-20 16:10:11.718940: Current epoch: 384, loss: 0.012470189481973648, validation loss: 0.08366049826145172
2024-03-20 16:10:28.905431:2024-03-20 16:10:28.905345: Current epoch: 385, loss: 0.013025442138314247, validation loss: 0.0829811543226242
2024-03-20 16:10:46.062496:2024-03-20 16:10:46.062407: Current epoch: 386, loss: 0.011679788120090961, validation loss: 0.08608748763799667
2024-03-20 16:11:03.473420:2024-03-20 16:11:03.473254: Current epoch: 387, loss: 0.011802420020103455, validation loss: 0.08340530842542648
2024-03-20 16:11:21.253526:2024-03-20 16:11:21.253422: Current epoch: 388, loss: 0.011559928767383099, validation loss: 0.08352969586849213
2024-03-20 16:11:38.747516:2024-03-20 16:11:38.747336: Current epoch: 389, loss: 0.011329533532261848, validation loss: 0.08432132005691528
2024-03-20 16:11:55.638387:2024-03-20 16:11:55.638229: Current epoch: 390, loss: 0.011820491403341293, validation loss: 0.08433320373296738
2024-03-20 16:12:13.380493:2024-03-20 16:12:13.380397: Current epoch: 391, loss: 0.011709282174706459, validation loss: 0.08607082068920135
2024-03-20 16:12:30.149961:2024-03-20 16:12:30.149883: Current epoch: 392, loss: 0.01194874756038189, validation loss: 0.08452808856964111
2024-03-20 16:12:47.080752:2024-03-20 16:12:47.080598: Current epoch: 393, loss: 0.011983775533735752, validation loss: 0.08618030697107315
2024-03-20 16:13:04.226655:2024-03-20 16:13:04.226577: Current epoch: 394, loss: 0.011306440457701683, validation loss: 0.08378229290246964
2024-03-20 16:13:21.365072:2024-03-20 16:13:21.364986: Current epoch: 395, loss: 0.01113128662109375, validation loss: 0.08338691294193268
2024-03-20 16:13:38.790981:2024-03-20 16:13:38.790823: Current epoch: 396, loss: 0.011629648506641388, validation loss: 0.0836089700460434
2024-03-20 16:13:56.185890:2024-03-20 16:13:56.185811: Current epoch: 397, loss: 0.012694182805716991, validation loss: 0.0845503881573677
2024-03-20 16:14:13.698769:2024-03-20 16:14:13.698686: Current epoch: 398, loss: 0.010942051187157631, validation loss: 0.08401758223772049
2024-03-20 16:14:30.488556:2024-03-20 16:14:30.488392: Current epoch: 399, loss: 0.011070980690419674, validation loss: 0.08477859199047089
2024-03-20 16:14:47.048061:2024-03-20 16:14:47.047991: Current epoch: 400, loss: 0.01145864836871624, validation loss: 0.08420252799987793
2024-03-20 16:15:03.574681:2024-03-20 16:15:03.574534: Current epoch: 401, loss: 0.01190223265439272, validation loss: 0.08353698253631592
2024-03-20 16:15:20.428416:2024-03-20 16:15:20.428251: Current epoch: 402, loss: 0.012231383472681046, validation loss: 0.08460938930511475
2024-03-20 16:15:37.370743:2024-03-20 16:15:37.370575: Current epoch: 403, loss: 0.010723525658249855, validation loss: 0.08392398059368134
2024-03-20 16:15:54.336150:2024-03-20 16:15:54.335984: Current epoch: 404, loss: 0.011376890353858471, validation loss: 0.08566363900899887
2024-03-20 16:16:11.719925:2024-03-20 16:16:11.719848: Current epoch: 405, loss: 0.011579688638448715, validation loss: 0.08415902405977249
2024-03-20 16:16:28.621189:2024-03-20 16:16:28.621031: Current epoch: 406, loss: 0.011239523068070412, validation loss: 0.0850554034113884
2024-03-20 16:16:46.013003:2024-03-20 16:16:46.012866: Current epoch: 407, loss: 0.01198799442499876, validation loss: 0.08368013799190521
2024-03-20 16:17:03.296720:2024-03-20 16:17:03.296550: Current epoch: 408, loss: 0.01058231946080923, validation loss: 0.08424483239650726
2024-03-20 16:17:20.318567:2024-03-20 16:17:20.318386: Current epoch: 409, loss: 0.011029154993593693, validation loss: 0.08646351844072342
2024-03-20 16:17:37.387657:2024-03-20 16:17:37.387577: Current epoch: 410, loss: 0.01111302524805069, validation loss: 0.0844193547964096
2024-03-20 16:17:54.655649:2024-03-20 16:17:54.655483: Current epoch: 411, loss: 0.011804929934442043, validation loss: 0.08517790585756302
2024-03-20 16:18:11.484241:2024-03-20 16:18:11.484096: Current epoch: 412, loss: 0.011002638377249241, validation loss: 0.0847242921590805
2024-03-20 16:18:28.602655:2024-03-20 16:18:28.602513: Current epoch: 413, loss: 0.010897458530962467, validation loss: 0.0832248330116272
2024-03-20 16:18:46.026913:2024-03-20 16:18:46.026817: Current epoch: 414, loss: 0.011277275159955025, validation loss: 0.08568044006824493
2024-03-20 16:19:03.562375:2024-03-20 16:19:03.562211: Current epoch: 415, loss: 0.011572632938623428, validation loss: 0.08526130765676498
2024-03-20 16:19:20.230195:2024-03-20 16:19:20.230120: Current epoch: 416, loss: 0.011008095927536488, validation loss: 0.08532995730638504
2024-03-20 16:19:37.455913:2024-03-20 16:19:37.455586: Current epoch: 417, loss: 0.011655811220407486, validation loss: 0.08351200073957443
2024-03-20 16:19:55.437505:2024-03-20 16:19:55.437326: Current epoch: 418, loss: 0.010686738416552544, validation loss: 0.08431879431009293
2024-03-20 16:20:12.859079:2024-03-20 16:20:12.858929: Current epoch: 419, loss: 0.010501799173653126, validation loss: 0.08437728881835938
2024-03-20 16:20:30.125433:2024-03-20 16:20:30.125270: Current epoch: 420, loss: 0.010998321697115898, validation loss: 0.08489605784416199
2024-03-20 16:20:47.416872:2024-03-20 16:20:47.416726: Current epoch: 421, loss: 0.01091531477868557, validation loss: 0.08441994339227676
2024-03-20 16:21:05.398487:2024-03-20 16:21:05.398269: Current epoch: 422, loss: 0.01172002125531435, validation loss: 0.0862298309803009
2024-03-20 16:21:23.428394:2024-03-20 16:21:23.428320: Current epoch: 423, loss: 0.01111773494631052, validation loss: 0.08532155305147171
2024-03-20 16:21:41.423977:2024-03-20 16:21:41.423814: Current epoch: 424, loss: 0.010457045398652554, validation loss: 0.08389731496572495
2024-03-20 16:21:59.224490:2024-03-20 16:21:59.224382: Current epoch: 425, loss: 0.01161996927112341, validation loss: 0.0877830758690834
2024-03-20 16:22:16.906150:2024-03-20 16:22:16.905977: Current epoch: 426, loss: 0.010207114741206169, validation loss: 0.08367663621902466
2024-03-20 16:22:33.501812:2024-03-20 16:22:33.501722: Current epoch: 427, loss: 0.010410401970148087, validation loss: 0.08380641788244247
2024-03-20 16:22:50.721192:2024-03-20 16:22:50.721027: Current epoch: 428, loss: 0.010501238517463207, validation loss: 0.08412080258131027
2024-03-20 16:23:07.964279:2024-03-20 16:23:07.964115: Current epoch: 429, loss: 0.010609245859086514, validation loss: 0.08381634950637817
2024-03-20 16:23:25.191473:2024-03-20 16:23:25.191283: Current epoch: 430, loss: 0.010771217755973339, validation loss: 0.08343008905649185
2024-03-20 16:23:42.427931:2024-03-20 16:23:42.427601: Current epoch: 431, loss: 0.010606258176267147, validation loss: 0.08478004485368729
2024-03-20 16:23:59.393107:2024-03-20 16:23:59.392950: Current epoch: 432, loss: 0.010675632394850254, validation loss: 0.08428605645895004
2024-03-20 16:24:16.835747:2024-03-20 16:24:16.835557: Current epoch: 433, loss: 0.010592297650873661, validation loss: 0.0846591666340828
2024-03-20 16:24:34.420061:2024-03-20 16:24:34.419982: Current epoch: 434, loss: 0.010912933386862278, validation loss: 0.0848129615187645
2024-03-20 16:24:51.725294:2024-03-20 16:24:51.725121: Current epoch: 435, loss: 0.01035473681986332, validation loss: 0.08569295704364777
2024-03-20 16:25:09.551449:2024-03-20 16:25:09.551284: Current epoch: 436, loss: 0.010434938594698906, validation loss: 0.08446694910526276
2024-03-20 16:25:27.392796:2024-03-20 16:25:27.392636: Current epoch: 437, loss: 0.010624782182276249, validation loss: 0.08361472934484482
2024-03-20 16:25:44.619271:2024-03-20 16:25:44.619117: Current epoch: 438, loss: 0.010343571193516254, validation loss: 0.08520448207855225
2024-03-20 16:26:02.278162:2024-03-20 16:26:02.277995: Current epoch: 439, loss: 0.011066393926739693, validation loss: 0.08372684568166733
2024-03-20 16:26:19.039374:2024-03-20 16:26:19.039292: Current epoch: 440, loss: 0.010542516596615314, validation loss: 0.08542554825544357
2024-03-20 16:26:35.854903:2024-03-20 16:26:35.854752: Current epoch: 441, loss: 0.009970540180802345, validation loss: 0.08649624139070511
2024-03-20 16:26:53.116641:2024-03-20 16:26:53.116475: Current epoch: 442, loss: 0.01060507632791996, validation loss: 0.08688870072364807
2024-03-20 16:27:10.588689:2024-03-20 16:27:10.588527: Current epoch: 443, loss: 0.01054398249834776, validation loss: 0.08858553320169449
2024-03-20 16:27:26.998887:2024-03-20 16:27:26.998729: Current epoch: 444, loss: 0.011990492232143879, validation loss: 0.08366085588932037
2024-03-20 16:27:43.330373:2024-03-20 16:27:43.330282: Current epoch: 445, loss: 0.010542957112193108, validation loss: 0.08565998822450638
2024-03-20 16:28:00.180498:2024-03-20 16:28:00.180353: Current epoch: 446, loss: 0.010141393169760704, validation loss: 0.08452454209327698
2024-03-20 16:28:17.197422:2024-03-20 16:28:17.197251: Current epoch: 447, loss: 0.009968445636332035, validation loss: 0.0847528800368309
2024-03-20 16:28:33.984437:2024-03-20 16:28:33.984266: Current epoch: 448, loss: 0.01036426518112421, validation loss: 0.08434971421957016
2024-03-20 16:28:51.103057:2024-03-20 16:28:51.102976: Current epoch: 449, loss: 0.010493839159607887, validation loss: 0.08432911336421967
2024-03-20 16:29:08.260171:2024-03-20 16:29:08.260037: Current epoch: 450, loss: 0.010332114063203335, validation loss: 0.08395429700613022
2024-03-20 16:29:25.424319:2024-03-20 16:29:25.424230: Current epoch: 451, loss: 0.010500452481210232, validation loss: 0.08476967364549637
2024-03-20 16:29:42.536727:2024-03-20 16:29:42.536649: Current epoch: 452, loss: 0.010628917254507542, validation loss: 0.08462482690811157
2024-03-20 16:29:59.527480:2024-03-20 16:29:59.527285: Current epoch: 453, loss: 0.00985119678080082, validation loss: 0.08331162482500076
2024-03-20 16:30:16.173337:2024-03-20 16:30:16.173179: Current epoch: 454, loss: 0.010033473372459412, validation loss: 0.08458194136619568
2024-03-20 16:30:33.373517:2024-03-20 16:30:33.373337: Current epoch: 455, loss: 0.010457352735102177, validation loss: 0.08422380685806274
2024-03-20 16:30:48.826582:2024-03-20 16:30:48.826390: Current epoch: 456, loss: 0.010277808643877506, validation loss: 0.0854012668132782
2024-03-20 16:31:05.582305:2024-03-20 16:31:05.582135: Current epoch: 457, loss: 0.009856547228991985, validation loss: 0.08368552476167679
2024-03-20 16:31:22.898425:2024-03-20 16:31:22.898288: Current epoch: 458, loss: 0.010302112437784672, validation loss: 0.08507568389177322
2024-03-20 16:31:39.965375:2024-03-20 16:31:39.965298: Current epoch: 459, loss: 0.010111221112310886, validation loss: 0.08471488207578659
2024-03-20 16:31:56.917507:2024-03-20 16:31:56.917326: Current epoch: 460, loss: 0.010291180573403835, validation loss: 0.08463742583990097
2024-03-20 16:32:13.628756:2024-03-20 16:32:13.628583: Current epoch: 461, loss: 0.00993819534778595, validation loss: 0.08312331885099411
2024-03-20 16:32:30.273967:2024-03-20 16:32:30.273806: Current epoch: 462, loss: 0.010031606070697308, validation loss: 0.08367711305618286
2024-03-20 16:32:46.405504:2024-03-20 16:32:46.405417: Current epoch: 463, loss: 0.009924047626554966, validation loss: 0.08365599066019058
2024-03-20 16:33:03.964093:2024-03-20 16:33:03.963909: Current epoch: 464, loss: 0.010288314893841743, validation loss: 0.08492617309093475
2024-03-20 16:33:21.033236:2024-03-20 16:33:21.033083: Current epoch: 465, loss: 0.010356282815337181, validation loss: 0.0839228630065918
2024-03-20 16:33:38.120372:2024-03-20 16:33:38.120200: Current epoch: 466, loss: 0.01026593055576086, validation loss: 0.0830189660191536
2024-03-20 16:33:55.588155:2024-03-20 16:33:55.587980: Current epoch: 467, loss: 0.009947380982339382, validation loss: 0.0846158042550087
2024-03-20 16:34:12.384635:2024-03-20 16:34:12.384449: Current epoch: 468, loss: 0.00959083717316389, validation loss: 0.08372396230697632
2024-03-20 16:34:29.127822:2024-03-20 16:34:29.127697: Current epoch: 469, loss: 0.009761029854416847, validation loss: 0.08489030599594116
2024-03-20 16:34:44.871309:2024-03-20 16:34:44.871188: Current epoch: 470, loss: 0.009727505967020988, validation loss: 0.08413922786712646
2024-03-20 16:35:03.702321:2024-03-20 16:35:03.702163: Current epoch: 471, loss: 0.010320666246116161, validation loss: 0.08417898416519165
2024-03-20 16:35:22.345066:2024-03-20 16:35:22.344952: Current epoch: 472, loss: 0.009714786894619465, validation loss: 0.08448526263237
2024-03-20 16:35:41.216670:2024-03-20 16:35:41.216591: Current epoch: 473, loss: 0.00990267377346754, validation loss: 0.08487825095653534
2024-03-20 16:36:00.248580:2024-03-20 16:36:00.248451: Current epoch: 474, loss: 0.009617559611797333, validation loss: 0.08565656840801239
2024-03-20 16:36:18.862340:2024-03-20 16:36:18.862189: Current epoch: 475, loss: 0.009449503384530544, validation loss: 0.08502495288848877
2024-03-20 16:36:37.631805:2024-03-20 16:36:37.631660: Current epoch: 476, loss: 0.009712614119052887, validation loss: 0.08547032624483109
2024-03-20 16:36:56.847038:2024-03-20 16:36:56.846880: Current epoch: 477, loss: 0.009866534732282162, validation loss: 0.08609137684106827
2024-03-20 16:37:15.373790:2024-03-20 16:37:15.373634: Current epoch: 478, loss: 0.010460400022566319, validation loss: 0.08379443734884262
2024-03-20 16:37:34.242289:2024-03-20 16:37:34.242162: Current epoch: 479, loss: 0.010837104171514511, validation loss: 0.08538985997438431
2024-03-20 16:37:52.826419:2024-03-20 16:37:52.826320: Current epoch: 480, loss: 0.00996606145054102, validation loss: 0.084219790995121
2024-03-20 16:38:11.669740:2024-03-20 16:38:11.669668: Current epoch: 481, loss: 0.008929256349802017, validation loss: 0.08943691104650497
2024-03-20 16:38:29.786530:2024-03-20 16:38:29.786397: Current epoch: 482, loss: 0.009522892534732819, validation loss: 0.08546695858240128
2024-03-20 16:38:47.965415:2024-03-20 16:38:47.965277: Current epoch: 483, loss: 0.009810451418161392, validation loss: 0.08432573080062866
2024-03-20 16:39:06.057469:2024-03-20 16:39:06.057210: Current epoch: 484, loss: 0.011625085026025772, validation loss: 0.08373212814331055
2024-03-20 16:39:23.989411:2024-03-20 16:39:23.989307: Current epoch: 485, loss: 0.008981918916106224, validation loss: 0.08336679637432098
2024-03-20 16:39:42.601865:2024-03-20 16:39:42.601705: Current epoch: 486, loss: 0.009027182124555111, validation loss: 0.08265431225299835
2024-03-20 16:40:00.679766:2024-03-20 16:40:00.679633: Current epoch: 487, loss: 0.009631926193833351, validation loss: 0.08487404882907867
2024-03-20 16:40:18.764618:2024-03-20 16:40:18.764552: Current epoch: 488, loss: 0.009984605014324188, validation loss: 0.08494288474321365
2024-03-20 16:40:36.763401:2024-03-20 16:40:36.763217: Current epoch: 489, loss: 0.010419491678476334, validation loss: 0.08513116091489792
2024-03-20 16:40:55.137036:2024-03-20 16:40:55.136874: Current epoch: 490, loss: 0.0092058926820755, validation loss: 0.08298246562480927
2024-03-20 16:41:13.181384:2024-03-20 16:41:13.181221: Current epoch: 491, loss: 0.00914753507822752, validation loss: 0.08469236642122269
2024-03-20 16:41:30.870758:2024-03-20 16:41:30.870598: Current epoch: 492, loss: 0.00945960357785225, validation loss: 0.08427640795707703
2024-03-20 16:41:48.712240:2024-03-20 16:41:48.712126: Current epoch: 493, loss: 0.009611744433641434, validation loss: 0.08368751406669617
2024-03-20 16:42:06.160630:2024-03-20 16:42:06.160570: Current epoch: 494, loss: 0.009413953870534897, validation loss: 0.08407235145568848
2024-03-20 16:42:24.312069:2024-03-20 16:42:24.311996: Current epoch: 495, loss: 0.009366855025291443, validation loss: 0.0840391293168068
2024-03-20 16:42:42.500891:2024-03-20 16:42:42.500768: Current epoch: 496, loss: 0.010416426695883274, validation loss: 0.08513665944337845
2024-03-20 16:42:58.943805:2024-03-20 16:42:58.943733: Current epoch: 497, loss: 0.009401710703969002, validation loss: 0.08384591341018677
2024-03-20 16:43:15.824117:2024-03-20 16:43:15.824000: Current epoch: 498, loss: 0.009207988157868385, validation loss: 0.08406420052051544
2024-03-20 16:43:33.459204:2024-03-20 16:43:33.459124: Current epoch: 499, loss: 0.009494639933109283, validation loss: 0.08326403796672821
2024-03-20 16:43:51.445346:2024-03-20 16:43:51.445172: Current epoch: 500, loss: 0.009236382320523262, validation loss: 0.0838627964258194
2024-03-20 16:44:09.457286:2024-03-20 16:44:09.457153: Current epoch: 501, loss: 0.009530619718134403, validation loss: 0.0844210535287857
2024-03-20 16:44:27.350637:2024-03-20 16:44:27.350499: Current epoch: 502, loss: 0.010077524930238724, validation loss: 0.08451483398675919
2024-03-20 16:44:45.160746:2024-03-20 16:44:45.160629: Current epoch: 503, loss: 0.01030592992901802, validation loss: 0.08463501185178757
2024-03-20 16:45:02.822313:2024-03-20 16:45:02.822192: Current epoch: 504, loss: 0.008615492843091488, validation loss: 0.08405379951000214
2024-03-20 16:45:20.716384:2024-03-20 16:45:20.716236: Current epoch: 505, loss: 0.009295481257140636, validation loss: 0.08473134785890579
2024-03-20 16:45:39.082341:2024-03-20 16:45:39.082183: Current epoch: 506, loss: 0.009523146785795689, validation loss: 0.08475889265537262
2024-03-20 16:45:57.507628:2024-03-20 16:45:57.507466: Current epoch: 507, loss: 0.009431876242160797, validation loss: 0.08568809926509857
2024-03-20 16:46:15.490364:2024-03-20 16:46:15.490204: Current epoch: 508, loss: 0.009087146259844303, validation loss: 0.08440195024013519
2024-03-20 16:46:33.309486:2024-03-20 16:46:33.309334: Current epoch: 509, loss: 0.00948488898575306, validation loss: 0.0854436531662941
2024-03-20 16:46:51.060134:2024-03-20 16:46:51.059971: Current epoch: 510, loss: 0.0094121303409338, validation loss: 0.08649687469005585
2024-03-20 16:47:09.335281:2024-03-20 16:47:09.335208: Current epoch: 511, loss: 0.008887010626494884, validation loss: 0.08537287265062332
2024-03-20 16:47:27.483728:2024-03-20 16:47:27.483612: Current epoch: 512, loss: 0.00898764468729496, validation loss: 0.08467889577150345
2024-03-20 16:47:46.522483:2024-03-20 16:47:46.522409: Current epoch: 513, loss: 0.009253738448023796, validation loss: 0.08786550909280777
2024-03-20 16:48:04.786075:2024-03-20 16:48:04.785949: Current epoch: 514, loss: 0.00956557784229517, validation loss: 0.08505824953317642
2024-03-20 16:48:06.079967:the test error is  [0.0820172131061554, 0.0820172131061554]
2024-03-20 16:48:09.686743:saved model to sample/bert-base-uncased_combo_prop_ehull
2024-03-20 16:48:10.573769:done