
2024-02-29 16:39:48.350427:job config: {'train_data_path': '/data/yll6162/alignntl_dft_3d/tl_dataset/dataset_bert-base-uncased_robo_prop_ehull_train.csv', 'val_data_path': '/data/yll6162/alignntl_dft_3d/tl_dataset/dataset_bert-base-uncased_robo_prop_ehull_val.csv', 'test_data_path': '/data/yll6162/alignntl_dft_3d/tl_dataset/dataset_bert-base-uncased_robo_prop_ehull_test.csv', 'label': 'ehull', 'input_type': None, 'log_folder': 'log', 'log_file': 'bert-base-uncased_robo_prop_ehull.log', 'test_metric': 'mae', 'architecture': '1024Rx4D-512Rx3D-256Rx3D-128Rx3D-64Rx2-32Rx1-1', 'model_seed': 0, 'loss_type': 'mae', 'config_file': 'sample/bert-base-uncased_robo_prop_ehull_job.config', 'use_valid': True, 'project': 'MOF', 'regressors': None, 'input_types': None, 'paramsGrid': {'optimizer': 'Adam', 'learning_rate': 0.0001, 'patience': 200, 'dropouts': [0.8, 0.9, 0.7, 0.8], 'EVAL_FREQUENCY': 1000}, 'save_path': 'sample/bert-base-uncased_robo_prop_ehull', 'model_path': None, 'last_layer_with_weight': True, 'keras_path': 'model/bert-base-uncased_robo_prop_ehull', 'test_size': None, 'val_size': None}
2024-02-29 16:39:48.350487:train data path is  /data/yll6162/alignntl_dft_3d/tl_dataset/dataset_bert-base-uncased_robo_prop_ehull_train.csv
2024-02-29 16:39:55.001674:input attribute sets are:  None
2024-02-29 16:39:55.001884:test data path is  /data/yll6162/alignntl_dft_3d/tl_dataset/dataset_bert-base-uncased_robo_prop_ehull_test.csv
2024-02-29 16:39:55.796695:val data path is  /data/yll6162/alignntl_dft_3d/tl_dataset/dataset_bert-base-uncased_robo_prop_ehull_val.csv
2024-02-29 16:39:56.610693:input attributes are:  Index(['0', '1', '2', '3', '4', '5', '6', '7', '8', '9',
       ...
       '758', '759', '760', '761', '762', '763', '764', '765', '766', '767'],
      dtype='object', length=768)
2024-02-29 16:39:56.610829:label: ehull
2024-02-29 16:40:03.059172: train, test, valid sizes:  (59939, 768) (59939,) (7493, 768) (7493,) (7494, 768) (7494,)
2024-02-29 16:40:03.186006:train matrix shape of train_X:  (59939, 768)  train_y:  (59939,)
2024-02-29 16:40:03.186157:valid matrix shape of train_X:  (7494, 768)  valid_y:  (7494,)
2024-02-29 16:40:03.186200:test matrix shape of valid_X:   (7493, 768)  test_y:  (7493,)
2024-02-29 16:40:03.186237:architecture is:  1024Rx4D-512Rx3D-256Rx3D-128Rx3D-64Rx2-32Rx1-1
2024-02-29 16:40:03.186274:learning rate is  0.0001
2024-02-29 16:40:03.186308:model path is  None
2024-02-29 16:40:03.193986:adding fully connected layers with 1024 outputs
2024-02-29 16:40:05.233007:adding residual with fc as the size are different
2024-02-29 16:40:05.240237:adding fully connected layers with 1024 outputs
2024-02-29 16:40:05.245301:adding residual, both sizes are same
2024-02-29 16:40:05.247246:adding fully connected layers with 1024 outputs
2024-02-29 16:40:05.252158:adding residual, both sizes are same
2024-02-29 16:40:05.254017:adding fully connected layers with 1024 outputs
2024-02-29 16:40:05.258757:adding residual, both sizes are same
2024-02-29 16:40:05.260709:adding dropout 0.8
2024-02-29 16:40:05.265811:adding fully connected layers with 512 outputs
2024-02-29 16:40:05.270747:adding residual with fc as the size are different
2024-02-29 16:40:05.277895:adding fully connected layers with 512 outputs
2024-02-29 16:40:05.282729:adding residual, both sizes are same
2024-02-29 16:40:05.284642:adding fully connected layers with 512 outputs
2024-02-29 16:40:05.289490:adding residual, both sizes are same
2024-02-29 16:40:05.291362:adding dropout 0.9
2024-02-29 16:40:05.292978:adding fully connected layers with 256 outputs
2024-02-29 16:40:05.297956:adding residual with fc as the size are different
2024-02-29 16:40:05.304248:adding fully connected layers with 256 outputs
2024-02-29 16:40:05.309177:adding residual, both sizes are same
2024-02-29 16:40:05.311112:adding fully connected layers with 256 outputs
2024-02-29 16:40:05.316121:adding residual, both sizes are same
2024-02-29 16:40:05.317980:adding dropout 0.7
2024-02-29 16:40:05.319605:adding fully connected layers with 128 outputs
2024-02-29 16:40:05.324631:adding residual with fc as the size are different
2024-02-29 16:40:05.331108:adding fully connected layers with 128 outputs
2024-02-29 16:40:05.335950:adding residual, both sizes are same
2024-02-29 16:40:05.337808:adding fully connected layers with 128 outputs
2024-02-29 16:40:05.342589:adding residual, both sizes are same
2024-02-29 16:40:05.344681:adding dropout 0.8
2024-02-29 16:40:05.346312:adding fully connected layers with 64 outputs
2024-02-29 16:40:05.351241:adding residual with fc as the size are different
2024-02-29 16:40:05.357496:adding fully connected layers with 64 outputs
2024-02-29 16:40:05.362603:adding residual, both sizes are same
2024-02-29 16:40:05.364480:adding fully connected layers with 32 outputs
2024-02-29 16:40:05.369508:adding residual with fc as the size are different
2024-02-29 16:40:05.375977:adding final layer with 1 output
2024-02-29 16:40:05.385894:Model: "ElemNet"
2024-02-29 16:40:05.385968:__________________________________________________________________________________________________
2024-02-29 16:40:05.386018:Layer (type)                    Output Shape         Param #     Connected to                     
2024-02-29 16:40:05.386055:==================================================================================================
2024-02-29 16:40:05.386269:elemental_fractions (InputLayer [(None, 768)]        0                                            
2024-02-29 16:40:05.386316:__________________________________________________________________________________________________
2024-02-29 16:40:05.386489:fc0_0 (Dense)                   (None, 1024)         787456      elemental_fractions[0][0]        
2024-02-29 16:40:05.386536:__________________________________________________________________________________________________
2024-02-29 16:40:05.386648:fc0_dim_0 (Dense)               (None, 1024)         787456      elemental_fractions[0][0]        
2024-02-29 16:40:05.386693:__________________________________________________________________________________________________
2024-02-29 16:40:05.386775:tf.__operators__.add (TFOpLambd (None, 1024)         0           fc0_0[0][0]                      
2024-02-29 16:40:05.386819:                                                                 fc0_dim_0[0][0]                  
2024-02-29 16:40:05.386857:__________________________________________________________________________________________________
2024-02-29 16:40:05.386961:fc0_1 (Dense)                   (None, 1024)         1049600     tf.__operators__.add[0][0]       
2024-02-29 16:40:05.387003:__________________________________________________________________________________________________
2024-02-29 16:40:05.387078:tf.__operators__.add_1 (TFOpLam (None, 1024)         0           fc0_1[0][0]                      
2024-02-29 16:40:05.387122:                                                                 tf.__operators__.add[0][0]       
2024-02-29 16:40:05.387158:__________________________________________________________________________________________________
2024-02-29 16:40:05.387258:fc0_2 (Dense)                   (None, 1024)         1049600     tf.__operators__.add_1[0][0]     
2024-02-29 16:40:05.387299:__________________________________________________________________________________________________
2024-02-29 16:40:05.387400:tf.__operators__.add_2 (TFOpLam (None, 1024)         0           fc0_2[0][0]                      
2024-02-29 16:40:05.387600:                                                                 tf.__operators__.add_1[0][0]     
2024-02-29 16:40:05.387907:__________________________________________________________________________________________________
2024-02-29 16:40:05.388464:fc0_3 (Dense)                   (None, 1024)         1049600     tf.__operators__.add_2[0][0]     
2024-02-29 16:40:05.388646:__________________________________________________________________________________________________
2024-02-29 16:40:05.388947:tf.__operators__.add_3 (TFOpLam (None, 1024)         0           fc0_3[0][0]                      
2024-02-29 16:40:05.389106:                                                                 tf.__operators__.add_2[0][0]     
2024-02-29 16:40:05.389252:__________________________________________________________________________________________________
2024-02-29 16:40:05.389552:dropout (Dropout)               (None, 1024)         0           tf.__operators__.add_3[0][0]     
2024-02-29 16:40:05.389693:__________________________________________________________________________________________________
2024-02-29 16:40:05.390070:fc1_0 (Dense)                   (None, 512)          524800      dropout[0][0]                    
2024-02-29 16:40:05.390218:__________________________________________________________________________________________________
2024-02-29 16:40:05.390839:fc1_dim_0 (Dense)               (None, 512)          524800      dropout[0][0]                    
2024-02-29 16:40:05.391055:__________________________________________________________________________________________________
2024-02-29 16:40:05.391386:tf.__operators__.add_4 (TFOpLam (None, 512)          0           fc1_0[0][0]                      
2024-02-29 16:40:05.391546:                                                                 fc1_dim_0[0][0]                  
2024-02-29 16:40:05.391671:__________________________________________________________________________________________________
2024-02-29 16:40:05.392036:fc1_1 (Dense)                   (None, 512)          262656      tf.__operators__.add_4[0][0]     
2024-02-29 16:40:05.392220:__________________________________________________________________________________________________
2024-02-29 16:40:05.392507:tf.__operators__.add_5 (TFOpLam (None, 512)          0           fc1_1[0][0]                      
2024-02-29 16:40:05.392655:                                                                 tf.__operators__.add_4[0][0]     
2024-02-29 16:40:05.392775:__________________________________________________________________________________________________
2024-02-29 16:40:05.393124:fc1_2 (Dense)                   (None, 512)          262656      tf.__operators__.add_5[0][0]     
2024-02-29 16:40:05.393263:__________________________________________________________________________________________________
2024-02-29 16:40:05.393535:tf.__operators__.add_6 (TFOpLam (None, 512)          0           fc1_2[0][0]                      
2024-02-29 16:40:05.393679:                                                                 tf.__operators__.add_5[0][0]     
2024-02-29 16:40:05.393798:__________________________________________________________________________________________________
2024-02-29 16:40:05.394046:dropout_1 (Dropout)             (None, 512)          0           tf.__operators__.add_6[0][0]     
2024-02-29 16:40:05.394175:__________________________________________________________________________________________________
2024-02-29 16:40:05.394527:fc2_0 (Dense)                   (None, 256)          131328      dropout_1[0][0]                  
2024-02-29 16:40:05.394674:__________________________________________________________________________________________________
2024-02-29 16:40:05.395006:fc2_dim_0 (Dense)               (None, 256)          131328      dropout_1[0][0]                  
2024-02-29 16:40:05.395184:__________________________________________________________________________________________________
2024-02-29 16:40:05.395464:tf.__operators__.add_7 (TFOpLam (None, 256)          0           fc2_0[0][0]                      
2024-02-29 16:40:05.395646:                                                                 fc2_dim_0[0][0]                  
2024-02-29 16:40:05.395773:__________________________________________________________________________________________________
2024-02-29 16:40:05.396116:fc2_1 (Dense)                   (None, 256)          65792       tf.__operators__.add_7[0][0]     
2024-02-29 16:40:05.396295:__________________________________________________________________________________________________
2024-02-29 16:40:05.396577:tf.__operators__.add_8 (TFOpLam (None, 256)          0           fc2_1[0][0]                      
2024-02-29 16:40:05.396757:                                                                 tf.__operators__.add_7[0][0]     
2024-02-29 16:40:05.396899:__________________________________________________________________________________________________
2024-02-29 16:40:05.397246:fc2_2 (Dense)                   (None, 256)          65792       tf.__operators__.add_8[0][0]     
2024-02-29 16:40:05.397452:__________________________________________________________________________________________________
2024-02-29 16:40:05.397713:tf.__operators__.add_9 (TFOpLam (None, 256)          0           fc2_2[0][0]                      
2024-02-29 16:40:05.397894:                                                                 tf.__operators__.add_8[0][0]     
2024-02-29 16:40:05.398024:__________________________________________________________________________________________________
2024-02-29 16:40:05.398265:dropout_2 (Dropout)             (None, 256)          0           tf.__operators__.add_9[0][0]     
2024-02-29 16:40:05.398410:__________________________________________________________________________________________________
2024-02-29 16:40:05.398751:fc3_0 (Dense)                   (None, 128)          32896       dropout_2[0][0]                  
2024-02-29 16:40:05.398928:__________________________________________________________________________________________________
2024-02-29 16:40:05.399273:fc3_dim_0 (Dense)               (None, 128)          32896       dropout_2[0][0]                  
2024-02-29 16:40:05.399465:__________________________________________________________________________________________________
2024-02-29 16:40:05.399728:tf.__operators__.add_10 (TFOpLa (None, 128)          0           fc3_0[0][0]                      
2024-02-29 16:40:05.399905:                                                                 fc3_dim_0[0][0]                  
2024-02-29 16:40:05.400034:__________________________________________________________________________________________________
2024-02-29 16:40:05.400419:fc3_1 (Dense)                   (None, 128)          16512       tf.__operators__.add_10[0][0]    
2024-02-29 16:40:05.400613:__________________________________________________________________________________________________
2024-02-29 16:40:05.400883:tf.__operators__.add_11 (TFOpLa (None, 128)          0           fc3_1[0][0]                      
2024-02-29 16:40:05.401035:                                                                 tf.__operators__.add_10[0][0]    
2024-02-29 16:40:05.401155:__________________________________________________________________________________________________
2024-02-29 16:40:05.401524:fc3_2 (Dense)                   (None, 128)          16512       tf.__operators__.add_11[0][0]    
2024-02-29 16:40:05.401674:__________________________________________________________________________________________________
2024-02-29 16:40:05.401924:tf.__operators__.add_12 (TFOpLa (None, 128)          0           fc3_2[0][0]                      
2024-02-29 16:40:05.402071:                                                                 tf.__operators__.add_11[0][0]    
2024-02-29 16:40:05.402193:__________________________________________________________________________________________________
2024-02-29 16:40:05.402452:dropout_3 (Dropout)             (None, 128)          0           tf.__operators__.add_12[0][0]    
2024-02-29 16:40:05.402585:__________________________________________________________________________________________________
2024-02-29 16:40:05.402919:fc4_0 (Dense)                   (None, 64)           8256        dropout_3[0][0]                  
2024-02-29 16:40:05.403063:__________________________________________________________________________________________________
2024-02-29 16:40:05.403414:fc4_dim_0 (Dense)               (None, 64)           8256        dropout_3[0][0]                  
2024-02-29 16:40:05.403559:__________________________________________________________________________________________________
2024-02-29 16:40:05.403745:tf.__operators__.add_13 (TFOpLa (None, 64)           0           fc4_0[0][0]                      
2024-02-29 16:40:05.403813:                                                                 fc4_dim_0[0][0]                  
2024-02-29 16:40:05.403862:__________________________________________________________________________________________________
2024-02-29 16:40:05.403998:fc4_1 (Dense)                   (None, 64)           4160        tf.__operators__.add_13[0][0]    
2024-02-29 16:40:05.404057:__________________________________________________________________________________________________
2024-02-29 16:40:05.404159:tf.__operators__.add_14 (TFOpLa (None, 64)           0           fc4_1[0][0]                      
2024-02-29 16:40:05.404218:                                                                 tf.__operators__.add_13[0][0]    
2024-02-29 16:40:05.404266:__________________________________________________________________________________________________
2024-02-29 16:40:05.404411:fc5_0 (Dense)                   (None, 32)           2080        tf.__operators__.add_14[0][0]    
2024-02-29 16:40:05.404470:__________________________________________________________________________________________________
2024-02-29 16:40:05.404604:fc5_dim_0 (Dense)               (None, 32)           2080        tf.__operators__.add_14[0][0]    
2024-02-29 16:40:05.404663:__________________________________________________________________________________________________
2024-02-29 16:40:05.404764:tf.__operators__.add_15 (TFOpLa (None, 32)           0           fc5_0[0][0]                      
2024-02-29 16:40:05.404821:                                                                 fc5_dim_0[0][0]                  
2024-02-29 16:40:05.404870:__________________________________________________________________________________________________
2024-02-29 16:40:05.405002:fc6 (Dense)                     (None, 1)            33          tf.__operators__.add_15[0][0]    
2024-02-29 16:40:05.405058:==================================================================================================
2024-02-29 16:40:05.405895:Total params: 6,816,545
2024-02-29 16:40:05.405977:Trainable params: 6,816,545
2024-02-29 16:40:05.406025:Non-trainable params: 0
2024-02-29 16:40:05.406067:__________________________________________________________________________________________________
2024-02-29 16:40:05.417331:start training
2024-02-29 16:40:24.069819:2024-02-29 16:40:24.069754: Current epoch: 0, loss: 0.6382823586463928, validation loss: 0.3081715404987335
2024-02-29 16:40:41.402749:2024-02-29 16:40:41.402669: Current epoch: 1, loss: 0.22315983474254608, validation loss: 0.2166818082332611
2024-02-29 16:40:58.493914:2024-02-29 16:40:58.493730: Current epoch: 2, loss: 0.1981666386127472, validation loss: 0.40611496567726135
2024-02-29 16:41:15.683557:2024-02-29 16:41:15.683374: Current epoch: 3, loss: 0.17946653068065643, validation loss: 0.153792604804039
2024-02-29 16:41:33.169841:2024-02-29 16:41:33.169718: Current epoch: 4, loss: 0.16943956911563873, validation loss: 0.17739064991474152
2024-02-29 16:41:50.330248:2024-02-29 16:41:50.330160: Current epoch: 5, loss: 0.15852542221546173, validation loss: 0.14603495597839355
2024-02-29 16:42:07.069776:2024-02-29 16:42:07.069601: Current epoch: 6, loss: 0.14861899614334106, validation loss: 0.18026834726333618
2024-02-29 16:42:23.834533:2024-02-29 16:42:23.834384: Current epoch: 7, loss: 0.14368195831775665, validation loss: 0.15985329449176788
2024-02-29 16:42:41.182489:2024-02-29 16:42:41.182404: Current epoch: 8, loss: 0.14006467163562775, validation loss: 0.14449483156204224
2024-02-29 16:42:58.222149:2024-02-29 16:42:58.222057: Current epoch: 9, loss: 0.13449209928512573, validation loss: 0.129291832447052
2024-02-29 16:43:17.998439:2024-02-29 16:43:17.998334: Current epoch: 10, loss: 0.1302568018436432, validation loss: 0.12227822840213776
2024-02-29 16:43:35.385554:2024-02-29 16:43:35.385381: Current epoch: 11, loss: 0.12691643834114075, validation loss: 0.13703490793704987
2024-02-29 16:43:52.620686:2024-02-29 16:43:52.620422: Current epoch: 12, loss: 0.12414209544658661, validation loss: 0.12494032829999924
2024-02-29 16:44:10.037740:2024-02-29 16:44:10.037625: Current epoch: 13, loss: 0.12061278522014618, validation loss: 0.1175733357667923
2024-02-29 16:44:27.648255:2024-02-29 16:44:27.648174: Current epoch: 14, loss: 0.11941082775592804, validation loss: 0.11635895073413849
2024-02-29 16:44:45.097228:2024-02-29 16:44:45.097149: Current epoch: 15, loss: 0.11567182093858719, validation loss: 0.11573886126279831
2024-02-29 16:45:03.237532:2024-02-29 16:45:03.237448: Current epoch: 16, loss: 0.11273127794265747, validation loss: 0.11521018296480179
2024-02-29 16:45:21.339743:2024-02-29 16:45:21.339659: Current epoch: 17, loss: 0.11175990849733353, validation loss: 0.11091291159391403
2024-02-29 16:45:39.068845:2024-02-29 16:45:39.068706: Current epoch: 18, loss: 0.1099575012922287, validation loss: 0.11231424659490585
2024-02-29 16:45:56.068051:2024-02-29 16:45:56.067663: Current epoch: 19, loss: 0.10695057362318039, validation loss: 0.11109891533851624
2024-02-29 16:46:16.215864:2024-02-29 16:46:16.215684: Current epoch: 20, loss: 0.10493998974561691, validation loss: 0.11301101744174957
2024-02-29 16:46:33.590269:2024-02-29 16:46:33.590129: Current epoch: 21, loss: 0.10282741487026215, validation loss: 0.11758304387331009
2024-02-29 16:46:51.324502:2024-02-29 16:46:51.324412: Current epoch: 22, loss: 0.10021618753671646, validation loss: 0.10925339162349701
2024-02-29 16:47:08.871969:2024-02-29 16:47:08.871794: Current epoch: 23, loss: 0.09989437460899353, validation loss: 0.11528115719556808
2024-02-29 16:47:25.957603:2024-02-29 16:47:25.957483: Current epoch: 24, loss: 0.09806804358959198, validation loss: 0.11496610939502716
2024-02-29 16:47:43.386922:2024-02-29 16:47:43.386770: Current epoch: 25, loss: 0.0964708998799324, validation loss: 0.14467914402484894
2024-02-29 16:48:00.381415:2024-02-29 16:48:00.381330: Current epoch: 26, loss: 0.0944719910621643, validation loss: 0.09620101004838943
2024-02-29 16:48:17.309224:2024-02-29 16:48:17.309114: Current epoch: 27, loss: 0.09197981655597687, validation loss: 0.10538328438997269
2024-02-29 16:48:34.204813:2024-02-29 16:48:34.204735: Current epoch: 28, loss: 0.09135828912258148, validation loss: 0.11054689437150955
2024-02-29 16:48:51.300855:2024-02-29 16:48:51.300682: Current epoch: 29, loss: 0.09020135551691055, validation loss: 0.11216376721858978
2024-02-29 16:49:08.508932:2024-02-29 16:49:08.508768: Current epoch: 30, loss: 0.08858375996351242, validation loss: 0.10494364798069
2024-02-29 16:49:25.633752:2024-02-29 16:49:25.633577: Current epoch: 31, loss: 0.08666164427995682, validation loss: 0.10292880982160568
2024-02-29 16:49:42.948204:2024-02-29 16:49:42.948032: Current epoch: 32, loss: 0.08565981686115265, validation loss: 0.09722723066806793
2024-02-29 16:50:00.648479:2024-02-29 16:50:00.648373: Current epoch: 33, loss: 0.08464469015598297, validation loss: 0.0969332903623581
2024-02-29 16:50:18.179073:2024-02-29 16:50:18.178923: Current epoch: 34, loss: 0.08301547914743423, validation loss: 0.11076781898736954
2024-02-29 16:50:35.904932:2024-02-29 16:50:35.904837: Current epoch: 35, loss: 0.08152861148118973, validation loss: 0.10450880229473114
2024-02-29 16:50:53.629011:2024-02-29 16:50:53.628836: Current epoch: 36, loss: 0.07972560822963715, validation loss: 0.09641203284263611
2024-02-29 16:51:10.676377:2024-02-29 16:51:10.676279: Current epoch: 37, loss: 0.07816115021705627, validation loss: 0.09698514640331268
2024-02-29 16:51:27.479690:2024-02-29 16:51:27.479513: Current epoch: 38, loss: 0.07724859565496445, validation loss: 0.10273823142051697
2024-02-29 16:51:44.811921:2024-02-29 16:51:44.811863: Current epoch: 39, loss: 0.07538857311010361, validation loss: 0.09213535487651825
2024-02-29 16:52:04.782002:2024-02-29 16:52:04.781823: Current epoch: 40, loss: 0.07403753697872162, validation loss: 0.10133056342601776
2024-02-29 16:52:21.951665:2024-02-29 16:52:21.951586: Current epoch: 41, loss: 0.07340141385793686, validation loss: 0.0934576764702797
2024-02-29 16:52:39.526295:2024-02-29 16:52:39.526213: Current epoch: 42, loss: 0.07203641533851624, validation loss: 0.09210596233606339
2024-02-29 16:52:57.205644:2024-02-29 16:52:57.205535: Current epoch: 43, loss: 0.07150420546531677, validation loss: 0.0951988622546196
2024-02-29 16:53:14.193910:2024-02-29 16:53:14.193856: Current epoch: 44, loss: 0.07001900672912598, validation loss: 0.09175021946430206
2024-02-29 16:53:31.374748:2024-02-29 16:53:31.374672: Current epoch: 45, loss: 0.06851585954427719, validation loss: 0.08959131687879562
2024-02-29 16:53:48.035312:2024-02-29 16:53:48.035220: Current epoch: 46, loss: 0.06892123073339462, validation loss: 0.09382667392492294
2024-02-29 16:54:04.739989:2024-02-29 16:54:04.739910: Current epoch: 47, loss: 0.06649280339479446, validation loss: 0.09289421886205673
2024-02-29 16:54:21.779889:2024-02-29 16:54:21.779830: Current epoch: 48, loss: 0.06563015282154083, validation loss: 0.08505607396364212
2024-02-29 16:54:38.786112:2024-02-29 16:54:38.785938: Current epoch: 49, loss: 0.06397318094968796, validation loss: 0.0877339094877243
2024-02-29 16:54:58.359491:2024-02-29 16:54:58.359359: Current epoch: 50, loss: 0.06357306241989136, validation loss: 0.08554433286190033
2024-02-29 16:55:15.011634:2024-02-29 16:55:15.011523: Current epoch: 51, loss: 0.06308875232934952, validation loss: 0.08698402345180511
2024-02-29 16:55:31.676980:2024-02-29 16:55:31.676894: Current epoch: 52, loss: 0.06174064800143242, validation loss: 0.08722692728042603
2024-02-29 16:55:48.802800:2024-02-29 16:55:48.802628: Current epoch: 53, loss: 0.06002409756183624, validation loss: 0.08926641941070557
2024-02-29 16:56:05.224131:2024-02-29 16:56:05.223954: Current epoch: 54, loss: 0.059749536216259, validation loss: 0.0853937491774559
2024-02-29 16:56:22.815010:2024-02-29 16:56:22.814953: Current epoch: 55, loss: 0.05838889256119728, validation loss: 0.08370991796255112
2024-02-29 16:56:40.734082:2024-02-29 16:56:40.734002: Current epoch: 56, loss: 0.05769369378685951, validation loss: 0.09120287001132965
2024-02-29 16:56:58.209170:2024-02-29 16:56:58.209025: Current epoch: 57, loss: 0.05705847963690758, validation loss: 0.0895233079791069
2024-02-29 16:57:15.374716:2024-02-29 16:57:15.374648: Current epoch: 58, loss: 0.0563235841691494, validation loss: 0.08333459496498108
2024-02-29 16:57:33.327041:2024-02-29 16:57:33.326959: Current epoch: 59, loss: 0.05556874722242355, validation loss: 0.08366668969392776
2024-02-29 16:57:53.241668:2024-02-29 16:57:53.241579: Current epoch: 60, loss: 0.05405368283390999, validation loss: 0.08300083875656128
2024-02-29 16:58:10.429031:2024-02-29 16:58:10.428954: Current epoch: 61, loss: 0.05391201004385948, validation loss: 0.08346160501241684
2024-02-29 16:58:28.140575:2024-02-29 16:58:28.140487: Current epoch: 62, loss: 0.05276476591825485, validation loss: 0.08105574548244476
2024-02-29 16:58:45.268815:2024-02-29 16:58:45.268640: Current epoch: 63, loss: 0.052248258143663406, validation loss: 0.08250650018453598
2024-02-29 16:59:02.965990:2024-02-29 16:59:02.965810: Current epoch: 64, loss: 0.05150867998600006, validation loss: 0.08678186684846878
2024-02-29 16:59:20.090058:2024-02-29 16:59:20.089882: Current epoch: 65, loss: 0.050663743168115616, validation loss: 0.08273496478796005
2024-02-29 16:59:37.364966:2024-02-29 16:59:37.364791: Current epoch: 66, loss: 0.04977274686098099, validation loss: 0.08751464635133743
2024-02-29 16:59:55.161582:2024-02-29 16:59:55.161406: Current epoch: 67, loss: 0.05008173733949661, validation loss: 0.08417636156082153
2024-02-29 17:00:13.202570:2024-02-29 17:00:13.202381: Current epoch: 68, loss: 0.04863579571247101, validation loss: 0.08155069500207901
2024-02-29 17:00:30.733014:2024-02-29 17:00:30.732843: Current epoch: 69, loss: 0.04830598458647728, validation loss: 0.0850701704621315
2024-02-29 17:00:48.479360:2024-02-29 17:00:48.479228: Current epoch: 70, loss: 0.047233644872903824, validation loss: 0.08527074009180069
2024-02-29 17:01:05.726960:2024-02-29 17:01:05.726786: Current epoch: 71, loss: 0.047073110938072205, validation loss: 0.08377198129892349
2024-02-29 17:01:23.055545:2024-02-29 17:01:23.055454: Current epoch: 72, loss: 0.04543063044548035, validation loss: 0.08084999769926071
2024-02-29 17:01:40.815817:2024-02-29 17:01:40.815723: Current epoch: 73, loss: 0.04595937952399254, validation loss: 0.08116602152585983
2024-02-29 17:01:57.705272:2024-02-29 17:01:57.705105: Current epoch: 74, loss: 0.044929176568984985, validation loss: 0.08385324478149414
2024-02-29 17:02:14.885205:2024-02-29 17:02:14.885053: Current epoch: 75, loss: 0.043552473187446594, validation loss: 0.08162461966276169
2024-02-29 17:02:31.917080:2024-02-29 17:02:31.917020: Current epoch: 76, loss: 0.0438636913895607, validation loss: 0.07931835204362869
2024-02-29 17:02:49.143250:2024-02-29 17:02:49.143173: Current epoch: 77, loss: 0.04325571283698082, validation loss: 0.08457967638969421
2024-02-29 17:03:06.709044:2024-02-29 17:03:06.708880: Current epoch: 78, loss: 0.042257484048604965, validation loss: 0.08118857443332672
2024-02-29 17:03:23.381508:2024-02-29 17:03:23.381430: Current epoch: 79, loss: 0.042125582695007324, validation loss: 0.08128169178962708
2024-02-29 17:03:42.769533:2024-02-29 17:03:42.769402: Current epoch: 80, loss: 0.04146001860499382, validation loss: 0.07989273965358734
2024-02-29 17:03:59.580498:2024-02-29 17:03:59.580305: Current epoch: 81, loss: 0.04058767855167389, validation loss: 0.08102354407310486
2024-02-29 17:04:16.402962:2024-02-29 17:04:16.402860: Current epoch: 82, loss: 0.04039416089653969, validation loss: 0.08290775865316391
2024-02-29 17:04:33.329203:2024-02-29 17:04:33.329116: Current epoch: 83, loss: 0.039964910596609116, validation loss: 0.07824172079563141
2024-02-29 17:04:50.389009:2024-02-29 17:04:50.388932: Current epoch: 84, loss: 0.03899894654750824, validation loss: 0.07952480763196945
2024-02-29 17:05:06.985811:2024-02-29 17:05:06.985654: Current epoch: 85, loss: 0.03902922198176384, validation loss: 0.08176533877849579
2024-02-29 17:05:23.404635:2024-02-29 17:05:23.404557: Current epoch: 86, loss: 0.03884709253907204, validation loss: 0.07896118611097336
2024-02-29 17:05:40.081385:2024-02-29 17:05:40.081198: Current epoch: 87, loss: 0.038224730640649796, validation loss: 0.0811675488948822
2024-02-29 17:05:57.353471:2024-02-29 17:05:57.353283: Current epoch: 88, loss: 0.037502698600292206, validation loss: 0.08162590116262436
2024-02-29 17:06:14.427280:2024-02-29 17:06:14.427113: Current epoch: 89, loss: 0.037137892097234726, validation loss: 0.08353882282972336
2024-02-29 17:06:30.980911:2024-02-29 17:06:30.980787: Current epoch: 90, loss: 0.03710963577032089, validation loss: 0.0795278549194336
2024-02-29 17:06:48.188406:2024-02-29 17:06:48.188281: Current epoch: 91, loss: 0.03660622239112854, validation loss: 0.08078613877296448
2024-02-29 17:07:05.992031:2024-02-29 17:07:05.991889: Current epoch: 92, loss: 0.03601306676864624, validation loss: 0.07827801257371902
2024-02-29 17:07:23.726287:2024-02-29 17:07:23.726218: Current epoch: 93, loss: 0.03615938872098923, validation loss: 0.07775755971670151
2024-02-29 17:07:41.638825:2024-02-29 17:07:41.638747: Current epoch: 94, loss: 0.035451870411634445, validation loss: 0.07805179804563522
2024-02-29 17:07:59.811024:2024-02-29 17:07:59.810966: Current epoch: 95, loss: 0.0347142331302166, validation loss: 0.07770062983036041
2024-02-29 17:08:17.897066:2024-02-29 17:08:17.896778: Current epoch: 96, loss: 0.034848157316446304, validation loss: 0.07947302609682083
2024-02-29 17:08:36.171844:2024-02-29 17:08:36.171705: Current epoch: 97, loss: 0.033925190567970276, validation loss: 0.0827668160200119
2024-02-29 17:08:54.146757:2024-02-29 17:08:54.146666: Current epoch: 98, loss: 0.03415144607424736, validation loss: 0.07679031044244766
2024-02-29 17:09:11.635912:2024-02-29 17:09:11.635832: Current epoch: 99, loss: 0.034134745597839355, validation loss: 0.078669473528862
2024-02-29 17:09:30.802785:2024-02-29 17:09:30.802556: Current epoch: 100, loss: 0.03332461044192314, validation loss: 0.07847592234611511
2024-02-29 17:09:48.191110:2024-02-29 17:09:48.190844: Current epoch: 101, loss: 0.03338160365819931, validation loss: 0.07822760939598083
2024-02-29 17:10:05.753261:2024-02-29 17:10:05.753184: Current epoch: 102, loss: 0.03258376941084862, validation loss: 0.08079057186841965
2024-02-29 17:10:22.257538:2024-02-29 17:10:22.257374: Current epoch: 103, loss: 0.03224293887615204, validation loss: 0.07698474079370499
2024-02-29 17:10:38.932386:2024-02-29 17:10:38.932283: Current epoch: 104, loss: 0.032465726137161255, validation loss: 0.07681579887866974
2024-02-29 17:10:55.289111:2024-02-29 17:10:55.288950: Current epoch: 105, loss: 0.031384896486997604, validation loss: 0.07791609317064285
2024-02-29 17:11:12.133935:2024-02-29 17:11:12.133878: Current epoch: 106, loss: 0.031484995037317276, validation loss: 0.076194629073143
2024-02-29 17:11:28.676968:2024-02-29 17:11:28.676899: Current epoch: 107, loss: 0.030702048912644386, validation loss: 0.07745980471372604
2024-02-29 17:11:45.386329:2024-02-29 17:11:45.386158: Current epoch: 108, loss: 0.030617283657193184, validation loss: 0.07838288694620132
2024-02-29 17:12:02.076228:2024-02-29 17:12:02.076141: Current epoch: 109, loss: 0.030878698453307152, validation loss: 0.07595695555210114
2024-02-29 17:12:21.679654:2024-02-29 17:12:21.679486: Current epoch: 110, loss: 0.03025767207145691, validation loss: 0.07644028961658478
2024-02-29 17:12:38.786969:2024-02-29 17:12:38.786793: Current epoch: 111, loss: 0.029730338603258133, validation loss: 0.07848479598760605
2024-02-29 17:12:55.765057:2024-02-29 17:12:55.764946: Current epoch: 112, loss: 0.02979472279548645, validation loss: 0.07620307803153992
2024-02-29 17:13:12.977228:2024-02-29 17:13:12.977063: Current epoch: 113, loss: 0.0294924546033144, validation loss: 0.08023262023925781
2024-02-29 17:13:29.896820:2024-02-29 17:13:29.896751: Current epoch: 114, loss: 0.028903767466545105, validation loss: 0.07571344822645187
2024-02-29 17:13:47.204753:2024-02-29 17:13:47.204593: Current epoch: 115, loss: 0.028863312676548958, validation loss: 0.07719427347183228
2024-02-29 17:14:05.079324:2024-02-29 17:14:05.079164: Current epoch: 116, loss: 0.028608854860067368, validation loss: 0.07466627657413483
2024-02-29 17:14:23.156107:2024-02-29 17:14:23.156035: Current epoch: 117, loss: 0.028324076905846596, validation loss: 0.07527539879083633
2024-02-29 17:14:41.048084:2024-02-29 17:14:41.047898: Current epoch: 118, loss: 0.029651090502738953, validation loss: 0.07556920498609543
2024-02-29 17:14:58.666357:2024-02-29 17:14:58.666013: Current epoch: 119, loss: 0.027334842830896378, validation loss: 0.07750942558050156
2024-02-29 17:15:16.176384:2024-02-29 17:15:16.176174: Current epoch: 120, loss: 0.027451390400528908, validation loss: 0.07818603515625
2024-02-29 17:15:33.330663:2024-02-29 17:15:33.330561: Current epoch: 121, loss: 0.027739394456148148, validation loss: 0.08200691640377045
2024-02-29 17:15:50.116349:2024-02-29 17:15:50.116170: Current epoch: 122, loss: 0.027728088200092316, validation loss: 0.07651448249816895
2024-02-29 17:16:07.058661:2024-02-29 17:16:07.058522: Current epoch: 123, loss: 0.027796363458037376, validation loss: 0.07555793225765228
2024-02-29 17:16:23.455910:2024-02-29 17:16:23.455760: Current epoch: 124, loss: 0.026559144258499146, validation loss: 0.07483217865228653
2024-02-29 17:16:40.612142:2024-02-29 17:16:40.611993: Current epoch: 125, loss: 0.026567071676254272, validation loss: 0.07472147792577744
2024-02-29 17:16:57.480417:2024-02-29 17:16:57.480272: Current epoch: 126, loss: 0.026618245989084244, validation loss: 0.07788169384002686
2024-02-29 17:17:14.480584:2024-02-29 17:17:14.480468: Current epoch: 127, loss: 0.026574520394206047, validation loss: 0.07644354552030563
2024-02-29 17:17:31.512028:2024-02-29 17:17:31.511941: Current epoch: 128, loss: 0.02637484110891819, validation loss: 0.10143078863620758
2024-02-29 17:17:48.621850:2024-02-29 17:17:48.621682: Current epoch: 129, loss: 0.025716058909893036, validation loss: 0.0769137516617775
2024-02-29 17:18:05.299548:2024-02-29 17:18:05.299387: Current epoch: 130, loss: 0.025492016226053238, validation loss: 0.07526317238807678
2024-02-29 17:18:22.000080:2024-02-29 17:18:21.999998: Current epoch: 131, loss: 0.025519337505102158, validation loss: 0.0746111124753952
2024-02-29 17:18:38.649240:2024-02-29 17:18:38.649081: Current epoch: 132, loss: 0.025385981425642967, validation loss: 0.07561592012643814
2024-02-29 17:18:55.734237:2024-02-29 17:18:55.734096: Current epoch: 133, loss: 0.02485468238592148, validation loss: 0.07795209437608719
2024-02-29 17:19:12.174237:2024-02-29 17:19:12.174086: Current epoch: 134, loss: 0.025058025494217873, validation loss: 0.07676054537296295
2024-02-29 17:19:28.860425:2024-02-29 17:19:28.860295: Current epoch: 135, loss: 0.02473401464521885, validation loss: 0.07642347365617752
2024-02-29 17:19:45.558051:2024-02-29 17:19:45.557972: Current epoch: 136, loss: 0.024221645668148994, validation loss: 0.07668939977884293
2024-02-29 17:20:02.275278:2024-02-29 17:20:02.275134: Current epoch: 137, loss: 0.02470359019935131, validation loss: 0.07657873630523682
2024-02-29 17:20:18.958291:2024-02-29 17:20:18.958189: Current epoch: 138, loss: 0.024358445778489113, validation loss: 0.07707728445529938
2024-02-29 17:20:35.838127:2024-02-29 17:20:35.838048: Current epoch: 139, loss: 0.024487853050231934, validation loss: 0.07660730928182602
2024-02-29 17:20:52.482154:2024-02-29 17:20:52.482082: Current epoch: 140, loss: 0.02390250749886036, validation loss: 0.07668989151716232
2024-02-29 17:21:09.159803:2024-02-29 17:21:09.159636: Current epoch: 141, loss: 0.0239716749638319, validation loss: 0.07463189214468002
2024-02-29 17:21:25.937436:2024-02-29 17:21:25.937377: Current epoch: 142, loss: 0.024613115936517715, validation loss: 0.07421118021011353
2024-02-29 17:21:43.112388:2024-02-29 17:21:43.112292: Current epoch: 143, loss: 0.024716435000300407, validation loss: 0.0757453516125679
2024-02-29 17:22:00.562033:2024-02-29 17:22:00.561866: Current epoch: 144, loss: 0.023122983053326607, validation loss: 0.075501948595047
2024-02-29 17:22:17.528014:2024-02-29 17:22:17.527948: Current epoch: 145, loss: 0.0232697781175375, validation loss: 0.0744515061378479
2024-02-29 17:22:34.511972:2024-02-29 17:22:34.511899: Current epoch: 146, loss: 0.023029988631606102, validation loss: 0.07621411979198456
2024-02-29 17:22:51.425541:2024-02-29 17:22:51.425462: Current epoch: 147, loss: 0.022844834253191948, validation loss: 0.0795363113284111
2024-02-29 17:23:07.760169:2024-02-29 17:23:07.760019: Current epoch: 148, loss: 0.022555388510227203, validation loss: 0.07678508013486862
2024-02-29 17:23:24.421751:2024-02-29 17:23:24.421665: Current epoch: 149, loss: 0.022708214819431305, validation loss: 0.0754835456609726
2024-02-29 17:23:43.499930:2024-02-29 17:23:43.499852: Current epoch: 150, loss: 0.022346388548612595, validation loss: 0.0777149423956871
2024-02-29 17:23:59.930290:2024-02-29 17:23:59.930124: Current epoch: 151, loss: 0.02224779687821865, validation loss: 0.0759434774518013
2024-02-29 17:24:16.875602:2024-02-29 17:24:16.875445: Current epoch: 152, loss: 0.022114120423793793, validation loss: 0.07454999536275864
2024-02-29 17:24:34.413699:2024-02-29 17:24:34.413538: Current epoch: 153, loss: 0.021828526630997658, validation loss: 0.07571916282176971
2024-02-29 17:24:51.230930:2024-02-29 17:24:51.230767: Current epoch: 154, loss: 0.022010795772075653, validation loss: 0.07543595880270004
2024-02-29 17:25:08.310575:2024-02-29 17:25:08.310449: Current epoch: 155, loss: 0.02307773195207119, validation loss: 0.07740593701601028
2024-02-29 17:25:24.831281:2024-02-29 17:25:24.831203: Current epoch: 156, loss: 0.021083753556013107, validation loss: 0.07510194182395935
2024-02-29 17:25:41.579693:2024-02-29 17:25:41.579534: Current epoch: 157, loss: 0.021122299134731293, validation loss: 0.07429114729166031
2024-02-29 17:25:58.326524:2024-02-29 17:25:58.326467: Current epoch: 158, loss: 0.021117938682436943, validation loss: 0.07380466908216476
2024-02-29 17:26:15.158423:2024-02-29 17:26:15.158258: Current epoch: 159, loss: 0.0210246741771698, validation loss: 0.07807546854019165
2024-02-29 17:26:32.037645:2024-02-29 17:26:32.037544: Current epoch: 160, loss: 0.021268749609589577, validation loss: 0.07495098561048508
2024-02-29 17:26:48.582284:2024-02-29 17:26:48.582212: Current epoch: 161, loss: 0.021185532212257385, validation loss: 0.07777572423219681
2024-02-29 17:27:05.104114:2024-02-29 17:27:05.103930: Current epoch: 162, loss: 0.02120828814804554, validation loss: 0.0738065168261528
2024-02-29 17:27:21.958619:2024-02-29 17:27:21.958549: Current epoch: 163, loss: 0.02116830088198185, validation loss: 0.0745394304394722
2024-02-29 17:27:38.570213:2024-02-29 17:27:38.570054: Current epoch: 164, loss: 0.020504340529441833, validation loss: 0.07575049996376038
2024-02-29 17:27:55.305593:2024-02-29 17:27:55.305533: Current epoch: 165, loss: 0.0204317569732666, validation loss: 0.07279978692531586
2024-02-29 17:28:12.305061:2024-02-29 17:28:12.304920: Current epoch: 166, loss: 0.021305592730641365, validation loss: 0.07613516598939896
2024-02-29 17:28:29.279145:2024-02-29 17:28:29.278984: Current epoch: 167, loss: 0.020341787487268448, validation loss: 0.07380765676498413
2024-02-29 17:28:46.315344:2024-02-29 17:28:46.315236: Current epoch: 168, loss: 0.020588653162121773, validation loss: 0.07355468720197678
2024-02-29 17:29:02.890315:2024-02-29 17:29:02.890177: Current epoch: 169, loss: 0.0198435690253973, validation loss: 0.07585714757442474
2024-02-29 17:29:19.379748:2024-02-29 17:29:19.379638: Current epoch: 170, loss: 0.019764073193073273, validation loss: 0.07554042339324951
2024-02-29 17:29:36.462951:2024-02-29 17:29:36.462866: Current epoch: 171, loss: 0.019924623891711235, validation loss: 0.07523057609796524
2024-02-29 17:29:54.073365:2024-02-29 17:29:54.073189: Current epoch: 172, loss: 0.01984727755188942, validation loss: 0.07403302192687988
2024-02-29 17:30:11.205143:2024-02-29 17:30:11.204995: Current epoch: 173, loss: 0.01971600577235222, validation loss: 0.07520856708288193
2024-02-29 17:30:28.108424:2024-02-29 17:30:28.108248: Current epoch: 174, loss: 0.019338032230734825, validation loss: 0.0734962671995163
2024-02-29 17:30:45.063680:2024-02-29 17:30:45.063518: Current epoch: 175, loss: 0.019369499757885933, validation loss: 0.07588960975408554
2024-02-29 17:31:01.325584:2024-02-29 17:31:01.325493: Current epoch: 176, loss: 0.019891362637281418, validation loss: 0.0742175430059433
2024-02-29 17:31:18.538066:2024-02-29 17:31:18.537916: Current epoch: 177, loss: 0.019028568640351295, validation loss: 0.07523421943187714
2024-02-29 17:31:35.454462:2024-02-29 17:31:35.454383: Current epoch: 178, loss: 0.020328868180513382, validation loss: 0.07481487095355988
2024-02-29 17:31:52.278802:2024-02-29 17:31:52.278646: Current epoch: 179, loss: 0.019144926220178604, validation loss: 0.07498620450496674
2024-02-29 17:32:11.262734:2024-02-29 17:32:11.262655: Current epoch: 180, loss: 0.01876111701130867, validation loss: 0.07372785359621048
2024-02-29 17:32:28.700609:2024-02-29 17:32:28.700476: Current epoch: 181, loss: 0.018691841512918472, validation loss: 0.0753079429268837
2024-02-29 17:32:45.984060:2024-02-29 17:32:45.983960: Current epoch: 182, loss: 0.018998131155967712, validation loss: 0.07490959763526917
2024-02-29 17:33:03.365822:2024-02-29 17:33:03.365661: Current epoch: 183, loss: 0.018355295062065125, validation loss: 0.07433363795280457
2024-02-29 17:33:20.949397:2024-02-29 17:33:20.949223: Current epoch: 184, loss: 0.018697159364819527, validation loss: 0.07476691156625748
2024-02-29 17:33:37.950878:2024-02-29 17:33:37.950714: Current epoch: 185, loss: 0.018540093675255775, validation loss: 0.07501275837421417
2024-02-29 17:33:54.445621:2024-02-29 17:33:54.445541: Current epoch: 186, loss: 0.018693462014198303, validation loss: 0.07599316537380219
2024-02-29 17:34:11.234279:2024-02-29 17:34:11.234131: Current epoch: 187, loss: 0.017940601333975792, validation loss: 0.07454872131347656
2024-02-29 17:34:28.211964:2024-02-29 17:34:28.211872: Current epoch: 188, loss: 0.018297063186764717, validation loss: 0.0751662626862526
2024-02-29 17:34:44.576278:2024-02-29 17:34:44.576198: Current epoch: 189, loss: 0.01818661019206047, validation loss: 0.07513431459665298
2024-02-29 17:35:01.142173:2024-02-29 17:35:01.142011: Current epoch: 190, loss: 0.017955584451556206, validation loss: 0.07579492032527924
2024-02-29 17:35:17.629342:2024-02-29 17:35:17.629245: Current epoch: 191, loss: 0.017955249175429344, validation loss: 0.07482228428125381
2024-02-29 17:35:34.546524:2024-02-29 17:35:34.546361: Current epoch: 192, loss: 0.017947420477867126, validation loss: 0.07424087822437286
2024-02-29 17:35:51.827481:2024-02-29 17:35:51.827300: Current epoch: 193, loss: 0.01792248524725437, validation loss: 0.07452543824911118
2024-02-29 17:36:08.548130:2024-02-29 17:36:08.547966: Current epoch: 194, loss: 0.01784970797598362, validation loss: 0.0749693363904953
2024-02-29 17:36:25.415403:2024-02-29 17:36:25.415245: Current epoch: 195, loss: 0.0180492103099823, validation loss: 0.07443943619728088
2024-02-29 17:36:42.698672:2024-02-29 17:36:42.698570: Current epoch: 196, loss: 0.0179398562759161, validation loss: 0.0764889344573021
2024-02-29 17:36:59.907257:2024-02-29 17:36:59.907088: Current epoch: 197, loss: 0.017399633303284645, validation loss: 0.08286152780056
2024-02-29 17:37:17.122452:2024-02-29 17:37:17.122268: Current epoch: 198, loss: 0.01775355637073517, validation loss: 0.07415446639060974
2024-02-29 17:37:33.832403:2024-02-29 17:37:33.832226: Current epoch: 199, loss: 0.017615167424082756, validation loss: 0.07487862557172775
2024-02-29 17:37:53.207580:2024-02-29 17:37:53.207415: Current epoch: 200, loss: 0.017045937478542328, validation loss: 0.07514777779579163
2024-02-29 17:38:10.141661:2024-02-29 17:38:10.141497: Current epoch: 201, loss: 0.017519310116767883, validation loss: 0.07471919804811478
2024-02-29 17:38:27.901143:2024-02-29 17:38:27.900981: Current epoch: 202, loss: 0.016595162451267242, validation loss: 0.07494869083166122
2024-02-29 17:38:45.295987:2024-02-29 17:38:45.295804: Current epoch: 203, loss: 0.017732691019773483, validation loss: 0.07450832426548004
2024-02-29 17:39:02.644360:2024-02-29 17:39:02.644265: Current epoch: 204, loss: 0.01634676195681095, validation loss: 0.07241605222225189
2024-02-29 17:39:19.870165:2024-02-29 17:39:19.869977: Current epoch: 205, loss: 0.0173360425978899, validation loss: 0.07533714175224304
2024-02-29 17:39:36.737531:2024-02-29 17:39:36.737382: Current epoch: 206, loss: 0.01671304553747177, validation loss: 0.07473456859588623
2024-02-29 17:39:53.837076:2024-02-29 17:39:53.836881: Current epoch: 207, loss: 0.01669861376285553, validation loss: 0.07454569637775421
2024-02-29 17:40:10.661179:2024-02-29 17:40:10.661018: Current epoch: 208, loss: 0.016534732654690742, validation loss: 0.07427819818258286
2024-02-29 17:40:27.522349:2024-02-29 17:40:27.522196: Current epoch: 209, loss: 0.016660157591104507, validation loss: 0.07566016912460327
2024-02-29 17:40:44.255506:2024-02-29 17:40:44.255365: Current epoch: 210, loss: 0.016546767204999924, validation loss: 0.07441683858633041
2024-02-29 17:41:01.285914:2024-02-29 17:41:01.285796: Current epoch: 211, loss: 0.01615000329911709, validation loss: 0.07458436489105225
2024-02-29 17:41:18.424615:2024-02-29 17:41:18.424468: Current epoch: 212, loss: 0.01686311699450016, validation loss: 0.07655265927314758
2024-02-29 17:41:35.919917:2024-02-29 17:41:35.919849: Current epoch: 213, loss: 0.01617227867245674, validation loss: 0.07555077224969864
2024-02-29 17:41:53.410068:2024-02-29 17:41:53.409990: Current epoch: 214, loss: 0.015991447493433952, validation loss: 0.07355905324220657
2024-02-29 17:42:10.834464:2024-02-29 17:42:10.834287: Current epoch: 215, loss: 0.015997257083654404, validation loss: 0.07429394870996475
2024-02-29 17:42:28.201879:2024-02-29 17:42:28.201801: Current epoch: 216, loss: 0.016388824209570885, validation loss: 0.07506966590881348
2024-02-29 17:42:45.134823:2024-02-29 17:42:45.134664: Current epoch: 217, loss: 0.016432706266641617, validation loss: 0.07486069947481155
2024-02-29 17:43:02.166098:2024-02-29 17:43:02.165938: Current epoch: 218, loss: 0.018046654760837555, validation loss: 0.07279136776924133
2024-02-29 17:43:19.347905:2024-02-29 17:43:19.347751: Current epoch: 219, loss: 0.015227467752993107, validation loss: 0.07440239191055298
2024-02-29 17:43:38.859569:2024-02-29 17:43:38.859492: Current epoch: 220, loss: 0.01507620234042406, validation loss: 0.0753072202205658
2024-02-29 17:43:55.590986:2024-02-29 17:43:55.590836: Current epoch: 221, loss: 0.015686115249991417, validation loss: 0.07394357025623322
2024-02-29 17:44:12.548513:2024-02-29 17:44:12.548351: Current epoch: 222, loss: 0.015561339445412159, validation loss: 0.07375498116016388
2024-02-29 17:44:30.837215:2024-02-29 17:44:30.836864: Current epoch: 223, loss: 0.015967991203069687, validation loss: 0.07360788434743881
2024-02-29 17:44:48.169531:2024-02-29 17:44:48.169381: Current epoch: 224, loss: 0.01571628451347351, validation loss: 0.07436126470565796
2024-02-29 17:45:05.761878:2024-02-29 17:45:05.761770: Current epoch: 225, loss: 0.01553334016352892, validation loss: 0.07649977505207062
2024-02-29 17:45:22.838859:2024-02-29 17:45:22.838530: Current epoch: 226, loss: 0.016206450760364532, validation loss: 0.0761805847287178
2024-02-29 17:45:40.079706:2024-02-29 17:45:40.079633: Current epoch: 227, loss: 0.015814291313290596, validation loss: 0.07937157899141312
2024-02-29 17:45:56.737003:2024-02-29 17:45:56.736922: Current epoch: 228, loss: 0.01607116498053074, validation loss: 0.07350672036409378
2024-02-29 17:46:13.853430:2024-02-29 17:46:13.853247: Current epoch: 229, loss: 0.014616592787206173, validation loss: 0.07403399050235748
2024-02-29 17:46:33.607614:2024-02-29 17:46:33.607376: Current epoch: 230, loss: 0.01517405640333891, validation loss: 0.08217287063598633
2024-02-29 17:46:50.200724:2024-02-29 17:46:50.200509: Current epoch: 231, loss: 0.015193847008049488, validation loss: 0.07317977398633957
2024-02-29 17:47:07.030773:2024-02-29 17:47:07.030615: Current epoch: 232, loss: 0.01658894680440426, validation loss: 0.07458127290010452
2024-02-29 17:47:22.806477:2024-02-29 17:47:22.806185: Current epoch: 233, loss: 0.014918734319508076, validation loss: 0.07509998232126236
2024-02-29 17:47:39.341066:2024-02-29 17:47:39.340911: Current epoch: 234, loss: 0.015191090293228626, validation loss: 0.07426472008228302
2024-02-29 17:47:55.446485:2024-02-29 17:47:55.446400: Current epoch: 235, loss: 0.015458725392818451, validation loss: 0.07692039012908936
2024-02-29 17:48:11.771276:2024-02-29 17:48:11.771116: Current epoch: 236, loss: 0.014511735178530216, validation loss: 0.07510387897491455
2024-02-29 17:48:28.618162:2024-02-29 17:48:28.618013: Current epoch: 237, loss: 0.014451743103563786, validation loss: 0.07495299726724625
2024-02-29 17:48:44.977700:2024-02-29 17:48:44.977632: Current epoch: 238, loss: 0.015018713660538197, validation loss: 0.07484274357557297
2024-02-29 17:49:01.348719:2024-02-29 17:49:01.348561: Current epoch: 239, loss: 0.015467410907149315, validation loss: 0.0743648111820221
2024-02-29 17:49:17.855495:2024-02-29 17:49:17.855431: Current epoch: 240, loss: 0.01438483502715826, validation loss: 0.07506077736616135
2024-02-29 17:49:34.784382:2024-02-29 17:49:34.784203: Current epoch: 241, loss: 0.015110000036656857, validation loss: 0.07681941241025925
2024-02-29 17:49:52.009932:2024-02-29 17:49:52.009834: Current epoch: 242, loss: 0.01434942614287138, validation loss: 0.07379255443811417
2024-02-29 17:50:08.720425:2024-02-29 17:50:08.720346: Current epoch: 243, loss: 0.015032052993774414, validation loss: 0.07490269094705582
2024-02-29 17:50:25.526075:2024-02-29 17:50:25.525944: Current epoch: 244, loss: 0.015088996849954128, validation loss: 0.07453331351280212
2024-02-29 17:50:42.088568:2024-02-29 17:50:42.088488: Current epoch: 245, loss: 0.014313958585262299, validation loss: 0.07356639206409454
2024-02-29 17:50:58.626282:2024-02-29 17:50:58.626138: Current epoch: 246, loss: 0.015140705741941929, validation loss: 0.0741395354270935
2024-02-29 17:51:15.626915:2024-02-29 17:51:15.626814: Current epoch: 247, loss: 0.013889310881495476, validation loss: 0.07566646486520767
2024-02-29 17:51:32.599838:2024-02-29 17:51:32.599767: Current epoch: 248, loss: 0.01467871107161045, validation loss: 0.0758523941040039
2024-02-29 17:51:48.973241:2024-02-29 17:51:48.973084: Current epoch: 249, loss: 0.0141616091132164, validation loss: 0.07514946907758713
2024-02-29 17:52:04.800475:2024-02-29 17:52:04.800299: Current epoch: 250, loss: 0.014634472317993641, validation loss: 0.07421760261058807
2024-02-29 17:52:20.668446:2024-02-29 17:52:20.668267: Current epoch: 251, loss: 0.014449677430093288, validation loss: 0.0741758719086647
2024-02-29 17:52:36.635816:2024-02-29 17:52:36.635664: Current epoch: 252, loss: 0.013939407654106617, validation loss: 0.07655877619981766
2024-02-29 17:52:53.087043:2024-02-29 17:52:53.086896: Current epoch: 253, loss: 0.014337234199047089, validation loss: 0.0765676200389862
2024-02-29 17:53:09.682964:2024-02-29 17:53:09.682804: Current epoch: 254, loss: 0.014619561843574047, validation loss: 0.07349707931280136
2024-02-29 17:53:26.656997:2024-02-29 17:53:26.656805: Current epoch: 255, loss: 0.013971430249512196, validation loss: 0.07492721825838089
2024-02-29 17:53:44.393511:2024-02-29 17:53:44.393347: Current epoch: 256, loss: 0.014743904583156109, validation loss: 0.07372601330280304
2024-02-29 17:54:01.476963:2024-02-29 17:54:01.475777: Current epoch: 257, loss: 0.014017404057085514, validation loss: 0.07399359345436096
2024-02-29 17:54:18.656803:2024-02-29 17:54:18.656627: Current epoch: 258, loss: 0.014430485665798187, validation loss: 0.07547485083341599
2024-02-29 17:54:35.866852:2024-02-29 17:54:35.866629: Current epoch: 259, loss: 0.01375732570886612, validation loss: 0.07544156908988953
2024-02-29 17:54:52.484654:2024-02-29 17:54:52.483502: Current epoch: 260, loss: 0.013918773271143436, validation loss: 0.07353024929761887
2024-02-29 17:55:09.270938:2024-02-29 17:55:09.270778: Current epoch: 261, loss: 0.013939006254076958, validation loss: 0.07413002848625183
2024-02-29 17:55:26.010426:2024-02-29 17:55:26.010240: Current epoch: 262, loss: 0.013397430069744587, validation loss: 0.07358444482088089
2024-02-29 17:55:42.937678:2024-02-29 17:55:42.937515: Current epoch: 263, loss: 0.014269264414906502, validation loss: 0.07299701869487762
2024-02-29 17:55:59.651698:2024-02-29 17:55:59.651619: Current epoch: 264, loss: 0.013603915460407734, validation loss: 0.07504509389400482
2024-02-29 17:56:16.318865:2024-02-29 17:56:16.318705: Current epoch: 265, loss: 0.013431995175778866, validation loss: 0.07307908684015274
2024-02-29 17:56:33.043146:2024-02-29 17:56:33.043070: Current epoch: 266, loss: 0.013813111931085587, validation loss: 0.07507811486721039
2024-02-29 17:56:49.482758:2024-02-29 17:56:49.482605: Current epoch: 267, loss: 0.013544348068535328, validation loss: 0.0769539549946785
2024-02-29 17:57:05.698001:2024-02-29 17:57:05.697930: Current epoch: 268, loss: 0.013366010040044785, validation loss: 0.07396087795495987
2024-02-29 17:57:22.830451:2024-02-29 17:57:22.830300: Current epoch: 269, loss: 0.014094922691583633, validation loss: 0.07456782460212708
2024-02-29 17:57:39.433723:2024-02-29 17:57:39.433554: Current epoch: 270, loss: 0.014747570268809795, validation loss: 0.0780748724937439
2024-02-29 17:57:56.252731:2024-02-29 17:57:56.252585: Current epoch: 271, loss: 0.01302240788936615, validation loss: 0.07519183307886124
2024-02-29 17:58:12.920097:2024-02-29 17:58:12.919934: Current epoch: 272, loss: 0.012779713608324528, validation loss: 0.07506442815065384
2024-02-29 17:58:29.516383:2024-02-29 17:58:29.516278: Current epoch: 273, loss: 0.013111729174852371, validation loss: 0.07400326430797577
2024-02-29 17:58:46.151032:2024-02-29 17:58:46.150854: Current epoch: 274, loss: 0.013178795576095581, validation loss: 0.07442373782396317
2024-02-29 17:59:03.336007:2024-02-29 17:59:03.335831: Current epoch: 275, loss: 0.013290267437696457, validation loss: 0.07443360239267349
2024-02-29 17:59:20.057227:2024-02-29 17:59:20.057068: Current epoch: 276, loss: 0.013093315996229649, validation loss: 0.07489684224128723
2024-02-29 17:59:36.957574:2024-02-29 17:59:36.957478: Current epoch: 277, loss: 0.013454623520374298, validation loss: 0.07490825653076172
2024-02-29 17:59:53.877915:2024-02-29 17:59:53.877775: Current epoch: 278, loss: 0.013217023573815823, validation loss: 0.07682087272405624
2024-02-29 18:00:10.713067:2024-02-29 18:00:10.712914: Current epoch: 279, loss: 0.013001569546759129, validation loss: 0.07423696666955948
2024-02-29 18:00:27.516066:2024-02-29 18:00:27.515985: Current epoch: 280, loss: 0.013382897712290287, validation loss: 0.07469718158245087
2024-02-29 18:00:44.106867:2024-02-29 18:00:44.106725: Current epoch: 281, loss: 0.012741384096443653, validation loss: 0.07482138276100159
2024-02-29 18:01:00.516026:2024-02-29 18:01:00.515934: Current epoch: 282, loss: 0.01293865218758583, validation loss: 0.0749417245388031
2024-02-29 18:01:17.466731:2024-02-29 18:01:17.466597: Current epoch: 283, loss: 0.013071762397885323, validation loss: 0.0737195760011673
2024-02-29 18:01:34.228481:2024-02-29 18:01:34.228380: Current epoch: 284, loss: 0.013296261429786682, validation loss: 0.07510504126548767
2024-02-29 18:01:50.908101:2024-02-29 18:01:50.908024: Current epoch: 285, loss: 0.013460293412208557, validation loss: 0.07515940070152283
2024-02-29 18:02:07.107017:2024-02-29 18:02:07.106904: Current epoch: 286, loss: 0.012360340915620327, validation loss: 0.07512438297271729
2024-02-29 18:02:23.813729:2024-02-29 18:02:23.813626: Current epoch: 287, loss: 0.013075887225568295, validation loss: 0.07459980994462967
2024-02-29 18:02:40.153837:2024-02-29 18:02:40.153757: Current epoch: 288, loss: 0.012319070287048817, validation loss: 0.07581516355276108
2024-02-29 18:02:56.967974:2024-02-29 18:02:56.967835: Current epoch: 289, loss: 0.012668156065046787, validation loss: 0.07610256969928741
2024-02-29 18:03:13.623178:2024-02-29 18:03:13.623074: Current epoch: 290, loss: 0.013101893477141857, validation loss: 0.07513880729675293
2024-02-29 18:03:30.718488:2024-02-29 18:03:30.718410: Current epoch: 291, loss: 0.013555184006690979, validation loss: 0.0780264288187027
2024-02-29 18:03:47.939257:2024-02-29 18:03:47.939176: Current epoch: 292, loss: 0.012319868430495262, validation loss: 0.07517290860414505
2024-02-29 18:04:04.727854:2024-02-29 18:04:04.727715: Current epoch: 293, loss: 0.012134432792663574, validation loss: 0.07479939609766006
2024-02-29 18:04:21.755341:2024-02-29 18:04:21.755175: Current epoch: 294, loss: 0.013059449382126331, validation loss: 0.07902857661247253
2024-02-29 18:04:39.063872:2024-02-29 18:04:39.063708: Current epoch: 295, loss: 0.012294098734855652, validation loss: 0.07433279603719711
2024-02-29 18:04:55.612564:2024-02-29 18:04:55.612482: Current epoch: 296, loss: 0.013332582078874111, validation loss: 0.07370026409626007
2024-02-29 18:05:12.262340:2024-02-29 18:05:12.262175: Current epoch: 297, loss: 0.011946556158363819, validation loss: 0.0747230127453804
2024-02-29 18:05:29.022976:2024-02-29 18:05:29.022874: Current epoch: 298, loss: 0.012164564803242683, validation loss: 0.0763256847858429
2024-02-29 18:05:45.984714:2024-02-29 18:05:45.984552: Current epoch: 299, loss: 0.012642971239984035, validation loss: 0.07472448796033859
2024-02-29 18:06:03.128648:2024-02-29 18:06:03.128489: Current epoch: 300, loss: 0.012520155869424343, validation loss: 0.07519420236349106
2024-02-29 18:06:20.099655:2024-02-29 18:06:20.099483: Current epoch: 301, loss: 0.012248038314282894, validation loss: 0.0760510116815567
2024-02-29 18:06:37.147413:2024-02-29 18:06:37.147251: Current epoch: 302, loss: 0.012210017070174217, validation loss: 0.07455703616142273
2024-02-29 18:06:53.368971:2024-02-29 18:06:53.368869: Current epoch: 303, loss: 0.012882635928690434, validation loss: 0.07535171508789062
2024-02-29 18:07:10.460618:2024-02-29 18:07:10.460542: Current epoch: 304, loss: 0.011886476539075375, validation loss: 0.07451292872428894
2024-02-29 18:07:27.734682:2024-02-29 18:07:27.734461: Current epoch: 305, loss: 0.011924698017537594, validation loss: 0.07592545449733734
2024-02-29 18:07:45.828247:2024-02-29 18:07:45.828169: Current epoch: 306, loss: 0.012330695055425167, validation loss: 0.07540151476860046
2024-02-29 18:08:03.077850:2024-02-29 18:08:03.077704: Current epoch: 307, loss: 0.013645578175783157, validation loss: 0.07541481405496597
2024-02-29 18:08:20.289998:2024-02-29 18:08:20.289832: Current epoch: 308, loss: 0.011660473421216011, validation loss: 0.07365649193525314
2024-02-29 18:08:37.196943:2024-02-29 18:08:37.196776: Current epoch: 309, loss: 0.012186896987259388, validation loss: 0.0737387016415596
2024-02-29 18:08:56.587433:2024-02-29 18:08:56.587272: Current epoch: 310, loss: 0.012081357650458813, validation loss: 0.07501968741416931
2024-02-29 18:09:13.817659:2024-02-29 18:09:13.817498: Current epoch: 311, loss: 0.012654837220907211, validation loss: 0.07433276623487473
2024-02-29 18:09:30.769539:2024-02-29 18:09:30.769368: Current epoch: 312, loss: 0.011775868944823742, validation loss: 0.0756780281662941
2024-02-29 18:09:48.125439:2024-02-29 18:09:48.125261: Current epoch: 313, loss: 0.011613908223807812, validation loss: 0.08034428209066391
2024-02-29 18:10:04.956598:2024-02-29 18:10:04.956427: Current epoch: 314, loss: 0.012293503619730473, validation loss: 0.07479401677846909
2024-02-29 18:10:21.689038:2024-02-29 18:10:21.688875: Current epoch: 315, loss: 0.011323323473334312, validation loss: 0.07607679814100266
2024-02-29 18:10:38.913892:2024-02-29 18:10:38.913733: Current epoch: 316, loss: 0.011988341808319092, validation loss: 0.07428843528032303
2024-02-29 18:10:56.370309:2024-02-29 18:10:56.370145: Current epoch: 317, loss: 0.011977104470133781, validation loss: 0.0756344348192215
2024-02-29 18:11:13.589870:2024-02-29 18:11:13.589788: Current epoch: 318, loss: 0.011610361747443676, validation loss: 0.075651153922081
2024-02-29 18:11:30.506641:2024-02-29 18:11:30.506484: Current epoch: 319, loss: 0.011397959664463997, validation loss: 0.07476571202278137
2024-02-29 18:11:48.484353:2024-02-29 18:11:48.483304: Current epoch: 320, loss: 0.012251739390194416, validation loss: 0.07450273633003235
2024-02-29 18:12:05.419677:2024-02-29 18:12:05.419508: Current epoch: 321, loss: 0.011339476332068443, validation loss: 0.0752062276005745
2024-02-29 18:12:23.028564:2024-02-29 18:12:23.028392: Current epoch: 322, loss: 0.011570238508284092, validation loss: 0.07557655870914459
2024-02-29 18:12:39.754767:2024-02-29 18:12:39.754616: Current epoch: 323, loss: 0.011877365410327911, validation loss: 0.07655315846204758
2024-02-29 18:12:56.805942:2024-02-29 18:12:56.805801: Current epoch: 324, loss: 0.011099815368652344, validation loss: 0.07534774392843246
2024-02-29 18:13:14.053716:2024-02-29 18:13:14.053601: Current epoch: 325, loss: 0.01155757810920477, validation loss: 0.07484981417655945
2024-02-29 18:13:31.194640:2024-02-29 18:13:31.194493: Current epoch: 326, loss: 0.011338314972817898, validation loss: 0.07458339631557465
2024-02-29 18:13:48.541138:2024-02-29 18:13:48.541035: Current epoch: 327, loss: 0.011728690937161446, validation loss: 0.07579042762517929
2024-02-29 18:14:05.643516:2024-02-29 18:14:05.643422: Current epoch: 328, loss: 0.01184087060391903, validation loss: 0.07488637417554855
2024-02-29 18:14:22.542365:2024-02-29 18:14:22.542219: Current epoch: 329, loss: 0.010935536585748196, validation loss: 0.07475058734416962
2024-02-29 18:14:39.214938:2024-02-29 18:14:39.214853: Current epoch: 330, loss: 0.01158610824495554, validation loss: 0.07594754546880722
2024-02-29 18:14:55.710068:2024-02-29 18:14:55.709991: Current epoch: 331, loss: 0.011408968828618526, validation loss: 0.0776173546910286
2024-02-29 18:15:12.996559:2024-02-29 18:15:12.996480: Current epoch: 332, loss: 0.011609523557126522, validation loss: 0.07490650564432144
2024-02-29 18:15:29.894086:2024-02-29 18:15:29.893916: Current epoch: 333, loss: 0.01133425161242485, validation loss: 0.07687597721815109
2024-02-29 18:15:46.631928:2024-02-29 18:15:46.631851: Current epoch: 334, loss: 0.011645203456282616, validation loss: 0.07648631930351257
2024-02-29 18:16:03.529489:2024-02-29 18:16:03.529408: Current epoch: 335, loss: 0.010957492515444756, validation loss: 0.0748012587428093
2024-02-29 18:16:20.205274:2024-02-29 18:16:20.205133: Current epoch: 336, loss: 0.011549443006515503, validation loss: 0.07662194222211838
2024-02-29 18:16:37.510463:2024-02-29 18:16:37.510299: Current epoch: 337, loss: 0.011286660097539425, validation loss: 0.07514256983995438
2024-02-29 18:16:54.346595:2024-02-29 18:16:54.346430: Current epoch: 338, loss: 0.011357481591403484, validation loss: 0.07467176765203476
2024-02-29 18:17:11.707265:2024-02-29 18:17:11.707083: Current epoch: 339, loss: 0.011000514030456543, validation loss: 0.0755685493350029
2024-02-29 18:17:29.079196:2024-02-29 18:17:29.079035: Current epoch: 340, loss: 0.012676920741796494, validation loss: 0.07539870589971542
2024-02-29 18:17:46.929144:2024-02-29 18:17:46.928984: Current epoch: 341, loss: 0.010534853674471378, validation loss: 0.08241245150566101
2024-02-29 18:18:04.389209:2024-02-29 18:18:04.389042: Current epoch: 342, loss: 0.010948320850729942, validation loss: 0.07519176602363586
2024-02-29 18:18:21.141962:2024-02-29 18:18:21.141797: Current epoch: 343, loss: 0.01152085978537798, validation loss: 0.07421897351741791
2024-02-29 18:18:38.720610:2024-02-29 18:18:38.720447: Current epoch: 344, loss: 0.010593244805932045, validation loss: 0.07507773488759995
2024-02-29 18:18:55.064081:2024-02-29 18:18:55.063919: Current epoch: 345, loss: 0.010904652997851372, validation loss: 0.07571442425251007
2024-02-29 18:19:11.176399:2024-02-29 18:19:11.176218: Current epoch: 346, loss: 0.010943087749183178, validation loss: 0.07610741257667542
2024-02-29 18:19:28.886499:2024-02-29 18:19:28.886421: Current epoch: 347, loss: 0.010933700017631054, validation loss: 0.07798836380243301
2024-02-29 18:19:46.665634:2024-02-29 18:19:46.665481: Current epoch: 348, loss: 0.011257296428084373, validation loss: 0.07568240165710449
2024-02-29 18:20:03.977518:2024-02-29 18:20:03.977439: Current epoch: 349, loss: 0.010922701098024845, validation loss: 0.07518067210912704
2024-02-29 18:20:21.075479:2024-02-29 18:20:21.075287: Current epoch: 350, loss: 0.011084206402301788, validation loss: 0.07573872059583664
2024-02-29 18:20:38.215597:2024-02-29 18:20:38.215427: Current epoch: 351, loss: 0.01069672405719757, validation loss: 0.07643120735883713
2024-02-29 18:20:55.277487:2024-02-29 18:20:55.277305: Current epoch: 352, loss: 0.010608584620058537, validation loss: 0.07508620619773865
2024-02-29 18:21:12.891963:2024-02-29 18:21:12.891801: Current epoch: 353, loss: 0.010763864032924175, validation loss: 0.07504472881555557
2024-02-29 18:21:29.807215:2024-02-29 18:21:29.807051: Current epoch: 354, loss: 0.010826118290424347, validation loss: 0.07502087950706482
2024-02-29 18:21:46.710654:2024-02-29 18:21:46.710499: Current epoch: 355, loss: 0.010516051203012466, validation loss: 0.07486702501773834
2024-02-29 18:22:03.905302:2024-02-29 18:22:03.905171: Current epoch: 356, loss: 0.010653344914317131, validation loss: 0.07518522441387177
2024-02-29 18:22:20.918177:2024-02-29 18:22:20.918017: Current epoch: 357, loss: 0.010790050961077213, validation loss: 0.07559414952993393
2024-02-29 18:22:38.042008:2024-02-29 18:22:38.041832: Current epoch: 358, loss: 0.010863224044442177, validation loss: 0.07594059407711029
2024-02-29 18:22:55.256003:2024-02-29 18:22:55.255838: Current epoch: 359, loss: 0.010507110506296158, validation loss: 0.0742877945303917
2024-02-29 18:23:12.501361:2024-02-29 18:23:12.500109: Current epoch: 360, loss: 0.0103081576526165, validation loss: 0.07532250881195068
2024-02-29 18:23:29.701495:2024-02-29 18:23:29.701331: Current epoch: 361, loss: 0.011259028688073158, validation loss: 0.0772518515586853
2024-02-29 18:23:46.916417:2024-02-29 18:23:46.916351: Current epoch: 362, loss: 0.011027662083506584, validation loss: 0.07590726017951965
2024-02-29 18:24:03.821748:2024-02-29 18:24:03.821602: Current epoch: 363, loss: 0.010181010700762272, validation loss: 0.07520709186792374
2024-02-29 18:24:20.979728:2024-02-29 18:24:20.979643: Current epoch: 364, loss: 0.010967385955154896, validation loss: 0.07641485333442688
2024-02-29 18:24:37.986295:2024-02-29 18:24:37.985269: Current epoch: 365, loss: 0.011042052879929543, validation loss: 0.07594999670982361
2024-02-29 18:24:54.606668:2024-02-29 18:24:54.606594: Current epoch: 366, loss: 0.010246207006275654, validation loss: 0.07523340731859207
2024-02-29 18:25:11.158038:2024-02-29 18:25:11.157867: Current epoch: 367, loss: 0.01029117964208126, validation loss: 0.0751606747508049
2024-02-29 18:25:28.601081:2024-02-29 18:25:28.600919: Current epoch: 368, loss: 0.010339519008994102, validation loss: 0.07651209831237793
2024-02-29 18:25:46.721685:2024-02-29 18:25:46.721538: Current epoch: 369, loss: 0.010401860810816288, validation loss: 0.07517976313829422
2024-02-29 18:26:05.188137:2024-02-29 18:26:05.187983: Current epoch: 370, loss: 0.01026134379208088, validation loss: 0.07468124479055405
2024-02-29 18:26:23.341638:2024-02-29 18:26:23.340531: Current epoch: 371, loss: 0.010718961246311665, validation loss: 0.07541610300540924
2024-02-29 18:26:41.314155:2024-02-29 18:26:41.313997: Current epoch: 372, loss: 0.010460646823048592, validation loss: 0.07455393671989441
2024-02-29 18:26:59.417038:2024-02-29 18:26:59.416957: Current epoch: 373, loss: 0.01006404310464859, validation loss: 0.07556086033582687
2024-02-29 18:27:16.772923:2024-02-29 18:27:16.772768: Current epoch: 374, loss: 0.010319731198251247, validation loss: 0.07570605725049973
2024-02-29 18:27:33.633275:2024-02-29 18:27:33.633182: Current epoch: 375, loss: 0.01020848099142313, validation loss: 0.0750962346792221
2024-02-29 18:27:50.595611:2024-02-29 18:27:50.595530: Current epoch: 376, loss: 0.010162470862269402, validation loss: 0.07427799701690674
2024-02-29 18:28:07.204196:2024-02-29 18:28:07.202975: Current epoch: 377, loss: 0.01048935204744339, validation loss: 0.07514658570289612
2024-02-29 18:28:24.153409:2024-02-29 18:28:24.153213: Current epoch: 378, loss: 0.010321139357984066, validation loss: 0.07525347918272018
2024-02-29 18:28:41.276002:2024-02-29 18:28:41.275840: Current epoch: 379, loss: 0.009918177500367165, validation loss: 0.07449444383382797
2024-02-29 18:28:58.074977:2024-02-29 18:28:58.074815: Current epoch: 380, loss: 0.010205135680735111, validation loss: 0.07453777641057968
2024-02-29 18:29:14.814397:2024-02-29 18:29:14.814225: Current epoch: 381, loss: 0.010083257220685482, validation loss: 0.07479984313249588
2024-02-29 18:29:31.765478:2024-02-29 18:29:31.765285: Current epoch: 382, loss: 0.010444233193993568, validation loss: 0.08331947773694992
2024-02-29 18:29:48.633491:2024-02-29 18:29:48.633404: Current epoch: 383, loss: 0.010751273483037949, validation loss: 0.07671092450618744
2024-02-29 18:30:05.628514:2024-02-29 18:30:05.628353: Current epoch: 384, loss: 0.009936032816767693, validation loss: 0.07549800723791122
2024-02-29 18:30:22.879912:2024-02-29 18:30:22.879752: Current epoch: 385, loss: 0.009886002168059349, validation loss: 0.07605017721652985
2024-02-29 18:30:39.840128:2024-02-29 18:30:39.839966: Current epoch: 386, loss: 0.010404262691736221, validation loss: 0.07609320431947708
2024-02-29 18:30:56.461020:2024-02-29 18:30:56.460880: Current epoch: 387, loss: 0.010028904303908348, validation loss: 0.07444837689399719
2024-02-29 18:31:13.481572:2024-02-29 18:31:13.481420: Current epoch: 388, loss: 0.009768231771886349, validation loss: 0.07538006454706192
2024-02-29 18:31:30.531422:2024-02-29 18:31:30.531248: Current epoch: 389, loss: 0.01180955395102501, validation loss: 0.07606799900531769
2024-02-29 18:31:47.834592:2024-02-29 18:31:47.834423: Current epoch: 390, loss: 0.009295990690588951, validation loss: 0.07570193707942963
2024-02-29 18:32:04.939001:2024-02-29 18:32:04.938922: Current epoch: 391, loss: 0.009893867187201977, validation loss: 0.07545311748981476
2024-02-29 18:32:22.678695:2024-02-29 18:32:22.678576: Current epoch: 392, loss: 0.009955696761608124, validation loss: 0.07523086667060852
2024-02-29 18:32:39.486271:2024-02-29 18:32:39.486169: Current epoch: 393, loss: 0.009970121085643768, validation loss: 0.07614841312170029
2024-02-29 18:32:56.469758:2024-02-29 18:32:56.469592: Current epoch: 394, loss: 0.009848623536527157, validation loss: 0.07629597932100296
2024-02-29 18:33:13.191660:2024-02-29 18:33:13.191515: Current epoch: 395, loss: 0.010259393602609634, validation loss: 0.07583121955394745
2024-02-29 18:33:30.388216:2024-02-29 18:33:30.388055: Current epoch: 396, loss: 0.009760423563420773, validation loss: 0.07594434171915054
2024-02-29 18:33:47.912007:2024-02-29 18:33:47.911867: Current epoch: 397, loss: 0.00976529996842146, validation loss: 0.07676122337579727
2024-02-29 18:34:05.254978:2024-02-29 18:34:05.254877: Current epoch: 398, loss: 0.009657064452767372, validation loss: 0.07457493245601654
2024-02-29 18:34:22.499579:2024-02-29 18:34:22.499423: Current epoch: 399, loss: 0.009964565746486187, validation loss: 0.07645229995250702
2024-02-29 18:34:39.598086:2024-02-29 18:34:39.597983: Current epoch: 400, loss: 0.009944366291165352, validation loss: 0.07609280943870544
2024-02-29 18:34:56.024699:2024-02-29 18:34:56.024626: Current epoch: 401, loss: 0.009670188650488853, validation loss: 0.07571472227573395
2024-02-29 18:35:12.979173:2024-02-29 18:35:12.979006: Current epoch: 402, loss: 0.00987335667014122, validation loss: 0.07623325288295746
2024-02-29 18:35:29.703823:2024-02-29 18:35:29.703668: Current epoch: 403, loss: 0.0097665311768651, validation loss: 0.0754893571138382
2024-02-29 18:35:46.955905:2024-02-29 18:35:46.955818: Current epoch: 404, loss: 0.009520585648715496, validation loss: 0.07567155361175537
2024-02-29 18:35:47.986886:the test error is  [0.07312344759702682, 0.07312344759702682]
2024-02-29 18:35:50.385595:saved model to sample/bert-base-uncased_robo_prop_ehull
2024-02-29 18:35:51.315737:done