
2024-02-14 19:30:09.481872:job config: {'train_data_path': '/data/yll6162/alignntl_dft_3d/tl_dataset/dataset_bert-base-uncased_robo_prop_slme.csv', 'val_data_path': None, 'test_data_path': None, 'label': 'slme', 'input_type': None, 'log_folder': 'log', 'log_file': 'bert-base-uncased_robo_prop_slme.log', 'test_metric': 'mae', 'architecture': '1024Rx4D-512Rx3D-256Rx3D-128Rx3D-64Rx2-32Rx1-1', 'model_seed': 0, 'loss_type': 'mae', 'config_file': 'sample/bert-base-uncased_robo_prop_slme_job.config', 'use_valid': True, 'project': 'MOF', 'regressors': None, 'input_types': None, 'paramsGrid': {'optimizer': 'Adam', 'learning_rate': 0.0001, 'patience': 100, 'dropouts': [0.8, 0.9, 0.7, 0.8], 'EVAL_FREQUENCY': 1000}, 'save_path': 'sample/bert-base-uncased_robo_prop_slme', 'model_path': None, 'last_layer_with_weight': True, 'keras_path': 'model/bert-base-uncased_robo_prop_slme', 'test_size': 0.1, 'val_size': 0.1}
2024-02-14 19:30:09.481939:train data path is  /data/yll6162/alignntl_dft_3d/tl_dataset/dataset_bert-base-uncased_robo_prop_slme.csv
2024-02-14 19:30:10.229990:input attribute sets are:  None
2024-02-14 19:30:10.230122:splitting data into with test ratio= 0.1
2024-02-14 19:30:16.331129:input attributes are:  Index(['0', '1', '2', '3', '4', '5', '6', '7', '8', '9',
       ...
       '758', '759', '760', '761', '762', '763', '764', '765', '766', '767'],
      dtype='object', length=768)
2024-02-14 19:30:16.331424:label: slme
2024-02-14 19:30:20.828098: train, test, valid sizes:  (5376, 768) (5376,) (673, 768) (673,) (672, 768) (672,)
2024-02-14 19:30:20.854729:train matrix shape of train_X:  (5376, 768)  train_y:  (5376,)
2024-02-14 19:30:20.854808:valid matrix shape of train_X:  (672, 768)  valid_y:  (672,)
2024-02-14 19:30:20.854846:test matrix shape of valid_X:   (673, 768)  test_y:  (673,)
2024-02-14 19:30:20.854879:architecture is:  1024Rx4D-512Rx3D-256Rx3D-128Rx3D-64Rx2-32Rx1-1
2024-02-14 19:30:20.854913:learning rate is  0.0001
2024-02-14 19:30:20.854944:model path is  None
2024-02-14 19:30:20.866627:adding fully connected layers with 1024 outputs
2024-02-14 19:30:23.209170:adding residual with fc as the size are different
2024-02-14 19:30:23.216155:adding fully connected layers with 1024 outputs
2024-02-14 19:30:23.221122:adding residual, both sizes are same
2024-02-14 19:30:23.223016:adding fully connected layers with 1024 outputs
2024-02-14 19:30:23.227828:adding residual, both sizes are same
2024-02-14 19:30:23.229654:adding fully connected layers with 1024 outputs
2024-02-14 19:30:23.234212:adding residual, both sizes are same
2024-02-14 19:30:23.236128:adding dropout 0.8
2024-02-14 19:30:23.240830:adding fully connected layers with 512 outputs
2024-02-14 19:30:23.245700:adding residual with fc as the size are different
2024-02-14 19:30:23.251984:adding fully connected layers with 512 outputs
2024-02-14 19:30:23.256858:adding residual, both sizes are same
2024-02-14 19:30:23.258730:adding fully connected layers with 512 outputs
2024-02-14 19:30:23.263463:adding residual, both sizes are same
2024-02-14 19:30:23.265327:adding dropout 0.9
2024-02-14 19:30:23.266955:adding fully connected layers with 256 outputs
2024-02-14 19:30:23.271823:adding residual with fc as the size are different
2024-02-14 19:30:23.277986:adding fully connected layers with 256 outputs
2024-02-14 19:30:23.282815:adding residual, both sizes are same
2024-02-14 19:30:23.287606:adding fully connected layers with 256 outputs
2024-02-14 19:30:23.298002:adding residual, both sizes are same
2024-02-14 19:30:23.303175:adding dropout 0.7
2024-02-14 19:30:23.308473:adding fully connected layers with 128 outputs
2024-02-14 19:30:23.318749:adding residual with fc as the size are different
2024-02-14 19:30:23.327666:adding fully connected layers with 128 outputs
2024-02-14 19:30:23.339560:adding residual, both sizes are same
2024-02-14 19:30:23.343999:adding fully connected layers with 128 outputs
2024-02-14 19:30:23.349484:adding residual, both sizes are same
2024-02-14 19:30:23.351752:adding dropout 0.8
2024-02-14 19:30:23.353484:adding fully connected layers with 64 outputs
2024-02-14 19:30:23.358520:adding residual with fc as the size are different
2024-02-14 19:30:23.364553:adding fully connected layers with 64 outputs
2024-02-14 19:30:23.369567:adding residual, both sizes are same
2024-02-14 19:30:23.371359:adding fully connected layers with 32 outputs
2024-02-14 19:30:23.376130:adding residual with fc as the size are different
2024-02-14 19:30:23.382435:adding final layer with 1 output
2024-02-14 19:30:23.391815:Model: "ElemNet"
2024-02-14 19:30:23.391884:__________________________________________________________________________________________________
2024-02-14 19:30:23.391932:Layer (type)                    Output Shape         Param #     Connected to                     
2024-02-14 19:30:23.391967:==================================================================================================
2024-02-14 19:30:23.392178:elemental_fractions (InputLayer [(None, 768)]        0                                            
2024-02-14 19:30:23.392223:__________________________________________________________________________________________________
2024-02-14 19:30:23.392387:fc0_0 (Dense)                   (None, 1024)         787456      elemental_fractions[0][0]        
2024-02-14 19:30:23.392457:__________________________________________________________________________________________________
2024-02-14 19:30:23.392570:fc0_dim_0 (Dense)               (None, 1024)         787456      elemental_fractions[0][0]        
2024-02-14 19:30:23.392612:__________________________________________________________________________________________________
2024-02-14 19:30:23.392695:tf.__operators__.add (TFOpLambd (None, 1024)         0           fc0_0[0][0]                      
2024-02-14 19:30:23.392738:                                                                 fc0_dim_0[0][0]                  
2024-02-14 19:30:23.392774:__________________________________________________________________________________________________
2024-02-14 19:30:23.392878:fc0_1 (Dense)                   (None, 1024)         1049600     tf.__operators__.add[0][0]       
2024-02-14 19:30:23.392919:__________________________________________________________________________________________________
2024-02-14 19:30:23.392995:tf.__operators__.add_1 (TFOpLam (None, 1024)         0           fc0_1[0][0]                      
2024-02-14 19:30:23.393038:                                                                 tf.__operators__.add[0][0]       
2024-02-14 19:30:23.393073:__________________________________________________________________________________________________
2024-02-14 19:30:23.393174:fc0_2 (Dense)                   (None, 1024)         1049600     tf.__operators__.add_1[0][0]     
2024-02-14 19:30:23.393214:__________________________________________________________________________________________________
2024-02-14 19:30:23.393289:tf.__operators__.add_2 (TFOpLam (None, 1024)         0           fc0_2[0][0]                      
2024-02-14 19:30:23.393330:                                                                 tf.__operators__.add_1[0][0]     
2024-02-14 19:30:23.393365:__________________________________________________________________________________________________
2024-02-14 19:30:23.393473:fc0_3 (Dense)                   (None, 1024)         1049600     tf.__operators__.add_2[0][0]     
2024-02-14 19:30:23.393515:__________________________________________________________________________________________________
2024-02-14 19:30:23.393608:tf.__operators__.add_3 (TFOpLam (None, 1024)         0           fc0_3[0][0]                      
2024-02-14 19:30:23.393653:                                                                 tf.__operators__.add_2[0][0]     
2024-02-14 19:30:23.393688:__________________________________________________________________________________________________
2024-02-14 19:30:23.393761:dropout (Dropout)               (None, 1024)         0           tf.__operators__.add_3[0][0]     
2024-02-14 19:30:23.393799:__________________________________________________________________________________________________
2024-02-14 19:30:23.393910:fc1_0 (Dense)                   (None, 512)          524800      dropout[0][0]                    
2024-02-14 19:30:23.393953:__________________________________________________________________________________________________
2024-02-14 19:30:23.394053:fc1_dim_0 (Dense)               (None, 512)          524800      dropout[0][0]                    
2024-02-14 19:30:23.394093:__________________________________________________________________________________________________
2024-02-14 19:30:23.394168:tf.__operators__.add_4 (TFOpLam (None, 512)          0           fc1_0[0][0]                      
2024-02-14 19:30:23.394210:                                                                 fc1_dim_0[0][0]                  
2024-02-14 19:30:23.394245:__________________________________________________________________________________________________
2024-02-14 19:30:23.394343:fc1_1 (Dense)                   (None, 512)          262656      tf.__operators__.add_4[0][0]     
2024-02-14 19:30:23.394384:__________________________________________________________________________________________________
2024-02-14 19:30:23.394465:tf.__operators__.add_5 (TFOpLam (None, 512)          0           fc1_1[0][0]                      
2024-02-14 19:30:23.394718:                                                                 tf.__operators__.add_4[0][0]     
2024-02-14 19:30:23.394922:__________________________________________________________________________________________________
2024-02-14 19:30:23.395397:fc1_2 (Dense)                   (None, 512)          262656      tf.__operators__.add_5[0][0]     
2024-02-14 19:30:23.395583:__________________________________________________________________________________________________
2024-02-14 19:30:23.395867:tf.__operators__.add_6 (TFOpLam (None, 512)          0           fc1_2[0][0]                      
2024-02-14 19:30:23.396016:                                                                 tf.__operators__.add_5[0][0]     
2024-02-14 19:30:23.396135:__________________________________________________________________________________________________
2024-02-14 19:30:23.396382:dropout_1 (Dropout)             (None, 512)          0           tf.__operators__.add_6[0][0]     
2024-02-14 19:30:23.396525:__________________________________________________________________________________________________
2024-02-14 19:30:23.396876:fc2_0 (Dense)                   (None, 256)          131328      dropout_1[0][0]                  
2024-02-14 19:30:23.397013:__________________________________________________________________________________________________
2024-02-14 19:30:23.397350:fc2_dim_0 (Dense)               (None, 256)          131328      dropout_1[0][0]                  
2024-02-14 19:30:23.397498:__________________________________________________________________________________________________
2024-02-14 19:30:23.397749:tf.__operators__.add_7 (TFOpLam (None, 256)          0           fc2_0[0][0]                      
2024-02-14 19:30:23.397890:                                                                 fc2_dim_0[0][0]                  
2024-02-14 19:30:23.398006:__________________________________________________________________________________________________
2024-02-14 19:30:23.398338:fc2_1 (Dense)                   (None, 256)          65792       tf.__operators__.add_7[0][0]     
2024-02-14 19:30:23.398487:__________________________________________________________________________________________________
2024-02-14 19:30:23.398733:tf.__operators__.add_8 (TFOpLam (None, 256)          0           fc2_1[0][0]                      
2024-02-14 19:30:23.398874:                                                                 tf.__operators__.add_7[0][0]     
2024-02-14 19:30:23.398991:__________________________________________________________________________________________________
2024-02-14 19:30:23.399320:fc2_2 (Dense)                   (None, 256)          65792       tf.__operators__.add_8[0][0]     
2024-02-14 19:30:23.399471:__________________________________________________________________________________________________
2024-02-14 19:30:23.399733:tf.__operators__.add_9 (TFOpLam (None, 256)          0           fc2_2[0][0]                      
2024-02-14 19:30:23.399872:                                                                 tf.__operators__.add_8[0][0]     
2024-02-14 19:30:23.399988:__________________________________________________________________________________________________
2024-02-14 19:30:23.400220:dropout_2 (Dropout)             (None, 256)          0           tf.__operators__.add_9[0][0]     
2024-02-14 19:30:23.400343:__________________________________________________________________________________________________
2024-02-14 19:30:23.400885:fc3_0 (Dense)                   (None, 128)          32896       dropout_2[0][0]                  
2024-02-14 19:30:23.401097:__________________________________________________________________________________________________
2024-02-14 19:30:23.401537:fc3_dim_0 (Dense)               (None, 128)          32896       dropout_2[0][0]                  
2024-02-14 19:30:23.401700:__________________________________________________________________________________________________
2024-02-14 19:30:23.401982:tf.__operators__.add_10 (TFOpLa (None, 128)          0           fc3_0[0][0]                      
2024-02-14 19:30:23.402129:                                                                 fc3_dim_0[0][0]                  
2024-02-14 19:30:23.402249:__________________________________________________________________________________________________
2024-02-14 19:30:23.402617:fc3_1 (Dense)                   (None, 128)          16512       tf.__operators__.add_10[0][0]    
2024-02-14 19:30:23.402759:__________________________________________________________________________________________________
2024-02-14 19:30:23.403011:tf.__operators__.add_11 (TFOpLa (None, 128)          0           fc3_1[0][0]                      
2024-02-14 19:30:23.403153:                                                                 tf.__operators__.add_10[0][0]    
2024-02-14 19:30:23.403272:__________________________________________________________________________________________________
2024-02-14 19:30:23.403625:fc3_2 (Dense)                   (None, 128)          16512       tf.__operators__.add_11[0][0]    
2024-02-14 19:30:23.403761:__________________________________________________________________________________________________
2024-02-14 19:30:23.404008:tf.__operators__.add_12 (TFOpLa (None, 128)          0           fc3_2[0][0]                      
2024-02-14 19:30:23.404146:                                                                 tf.__operators__.add_11[0][0]    
2024-02-14 19:30:23.404264:__________________________________________________________________________________________________
2024-02-14 19:30:23.404513:dropout_3 (Dropout)             (None, 128)          0           tf.__operators__.add_12[0][0]    
2024-02-14 19:30:23.404640:__________________________________________________________________________________________________
2024-02-14 19:30:23.404972:fc4_0 (Dense)                   (None, 64)           8256        dropout_3[0][0]                  
2024-02-14 19:30:23.405116:__________________________________________________________________________________________________
2024-02-14 19:30:23.405457:fc4_dim_0 (Dense)               (None, 64)           8256        dropout_3[0][0]                  
2024-02-14 19:30:23.405595:__________________________________________________________________________________________________
2024-02-14 19:30:23.405843:tf.__operators__.add_13 (TFOpLa (None, 64)           0           fc4_0[0][0]                      
2024-02-14 19:30:23.405984:                                                                 fc4_dim_0[0][0]                  
2024-02-14 19:30:23.406103:__________________________________________________________________________________________________
2024-02-14 19:30:23.406443:fc4_1 (Dense)                   (None, 64)           4160        tf.__operators__.add_13[0][0]    
2024-02-14 19:30:23.406592:__________________________________________________________________________________________________
2024-02-14 19:30:23.406839:tf.__operators__.add_14 (TFOpLa (None, 64)           0           fc4_1[0][0]                      
2024-02-14 19:30:23.406981:                                                                 tf.__operators__.add_13[0][0]    
2024-02-14 19:30:23.407100:__________________________________________________________________________________________________
2024-02-14 19:30:23.407442:fc5_0 (Dense)                   (None, 32)           2080        tf.__operators__.add_14[0][0]    
2024-02-14 19:30:23.407580:__________________________________________________________________________________________________
2024-02-14 19:30:23.407906:fc5_dim_0 (Dense)               (None, 32)           2080        tf.__operators__.add_14[0][0]    
2024-02-14 19:30:23.408041:__________________________________________________________________________________________________
2024-02-14 19:30:23.408288:tf.__operators__.add_15 (TFOpLa (None, 32)           0           fc5_0[0][0]                      
2024-02-14 19:30:23.408441:                                                                 fc5_dim_0[0][0]                  
2024-02-14 19:30:23.408563:__________________________________________________________________________________________________
2024-02-14 19:30:23.408888:fc6 (Dense)                     (None, 1)            33          tf.__operators__.add_15[0][0]    
2024-02-14 19:30:23.409023:==================================================================================================
2024-02-14 19:30:23.411117:Total params: 6,816,545
2024-02-14 19:30:23.411293:Trainable params: 6,816,545
2024-02-14 19:30:23.411435:Non-trainable params: 0
2024-02-14 19:30:23.411555:__________________________________________________________________________________________________
2024-02-14 19:30:23.428530:start training
2024-02-14 19:30:25.923009:2024-02-14 19:30:25.922957: Current epoch: 0, loss: 10.923772811889648, validation loss: 9.330963134765625
2024-02-14 19:30:27.234728:2024-02-14 19:30:27.234674: Current epoch: 1, loss: 9.199759483337402, validation loss: 8.612970352172852
2024-02-14 19:30:28.594370:2024-02-14 19:30:28.594299: Current epoch: 2, loss: 9.15285873413086, validation loss: 8.656933784484863
2024-02-14 19:30:29.910378:2024-02-14 19:30:29.910306: Current epoch: 3, loss: 8.704755783081055, validation loss: 8.962026596069336
2024-02-14 19:30:31.329914:2024-02-14 19:30:31.329862: Current epoch: 4, loss: 8.622282028198242, validation loss: 8.446001052856445
2024-02-14 19:30:32.689450:2024-02-14 19:30:32.689334: Current epoch: 5, loss: 8.362998962402344, validation loss: 8.59823989868164
2024-02-14 19:30:34.036734:2024-02-14 19:30:34.036664: Current epoch: 6, loss: 8.265539169311523, validation loss: 8.54826831817627
2024-02-14 19:30:35.443802:2024-02-14 19:30:35.443750: Current epoch: 7, loss: 8.162630081176758, validation loss: 8.141434669494629
2024-02-14 19:30:36.800362:2024-02-14 19:30:36.800286: Current epoch: 8, loss: 7.972713470458984, validation loss: 8.230304718017578
2024-02-14 19:30:38.142402:2024-02-14 19:30:38.142326: Current epoch: 9, loss: 8.00399398803711, validation loss: 8.507863998413086
2024-02-14 19:30:41.877947:2024-02-14 19:30:41.877871: Current epoch: 10, loss: 7.772444725036621, validation loss: 7.883938789367676
2024-02-14 19:30:43.333165:2024-02-14 19:30:43.333108: Current epoch: 11, loss: 7.719466209411621, validation loss: 7.860698223114014
2024-02-14 19:30:44.770073:2024-02-14 19:30:44.769975: Current epoch: 12, loss: 7.740342140197754, validation loss: 7.717878818511963
2024-02-14 19:30:46.112585:2024-02-14 19:30:46.112535: Current epoch: 13, loss: 7.542722225189209, validation loss: 7.756846904754639
2024-02-14 19:30:47.484176:2024-02-14 19:30:47.484057: Current epoch: 14, loss: 7.3634867668151855, validation loss: 7.898675918579102
2024-02-14 19:30:48.868179:2024-02-14 19:30:48.868124: Current epoch: 15, loss: 7.202559471130371, validation loss: 7.444939136505127
2024-02-14 19:30:50.241579:2024-02-14 19:30:50.241484: Current epoch: 16, loss: 7.144306659698486, validation loss: 7.582045078277588
2024-02-14 19:30:51.603082:2024-02-14 19:30:51.603029: Current epoch: 17, loss: 7.034350395202637, validation loss: 7.416021347045898
2024-02-14 19:30:52.947615:2024-02-14 19:30:52.947544: Current epoch: 18, loss: 7.0434489250183105, validation loss: 8.294490814208984
2024-02-14 19:30:54.365080:2024-02-14 19:30:54.365001: Current epoch: 19, loss: 7.02013635635376, validation loss: 7.176741123199463
2024-02-14 19:30:57.957268:2024-02-14 19:30:57.957145: Current epoch: 20, loss: 6.942824363708496, validation loss: 7.780811309814453
2024-02-14 19:30:59.343500:2024-02-14 19:30:59.343403: Current epoch: 21, loss: 6.722334861755371, validation loss: 7.441230297088623
2024-02-14 19:31:00.793248:2024-02-14 19:31:00.793166: Current epoch: 22, loss: 6.697001934051514, validation loss: 6.9778056144714355
2024-02-14 19:31:02.198137:2024-02-14 19:31:02.198083: Current epoch: 23, loss: 6.531894683837891, validation loss: 6.930406093597412
2024-02-14 19:31:03.595140:2024-02-14 19:31:03.594998: Current epoch: 24, loss: 6.544100284576416, validation loss: 7.673407554626465
2024-02-14 19:31:05.002211:2024-02-14 19:31:05.002141: Current epoch: 25, loss: 6.221881866455078, validation loss: 7.397603511810303
2024-02-14 19:31:06.462027:2024-02-14 19:31:06.461901: Current epoch: 26, loss: 6.305745601654053, validation loss: 7.3483405113220215
2024-02-14 19:31:07.928700:2024-02-14 19:31:07.928641: Current epoch: 27, loss: 6.120363712310791, validation loss: 6.894577980041504
2024-02-14 19:31:09.317354:2024-02-14 19:31:09.317277: Current epoch: 28, loss: 6.021512508392334, validation loss: 6.61086893081665
2024-02-14 19:31:10.684774:2024-02-14 19:31:10.684698: Current epoch: 29, loss: 6.057725429534912, validation loss: 6.8689656257629395
2024-02-14 19:31:14.478234:2024-02-14 19:31:14.478176: Current epoch: 30, loss: 5.832735061645508, validation loss: 6.465445518493652
2024-02-14 19:31:15.808523:2024-02-14 19:31:15.808445: Current epoch: 31, loss: 5.79579496383667, validation loss: 7.364829063415527
2024-02-14 19:31:17.126153:2024-02-14 19:31:17.126086: Current epoch: 32, loss: 5.479907989501953, validation loss: 6.680316925048828
2024-02-14 19:31:18.436880:2024-02-14 19:31:18.436810: Current epoch: 33, loss: 5.459707260131836, validation loss: 7.062687397003174
2024-02-14 19:31:19.771333:2024-02-14 19:31:19.771267: Current epoch: 34, loss: 5.4286088943481445, validation loss: 6.7080979347229
2024-02-14 19:31:21.110140:2024-02-14 19:31:21.109989: Current epoch: 35, loss: 5.4150872230529785, validation loss: 6.580867767333984
2024-02-14 19:31:22.415314:2024-02-14 19:31:22.415245: Current epoch: 36, loss: 4.979197025299072, validation loss: 6.4848480224609375
2024-02-14 19:31:23.758975:2024-02-14 19:31:23.758881: Current epoch: 37, loss: 5.078708171844482, validation loss: 6.6305975914001465
2024-02-14 19:31:25.150723:2024-02-14 19:31:25.150598: Current epoch: 38, loss: 4.909688472747803, validation loss: 6.70272159576416
2024-02-14 19:31:26.456949:2024-02-14 19:31:26.456857: Current epoch: 39, loss: 4.803142070770264, validation loss: 6.868096351623535
2024-02-14 19:31:30.150144:2024-02-14 19:31:30.150069: Current epoch: 40, loss: 4.8302435874938965, validation loss: 6.2961273193359375
2024-02-14 19:31:31.529379:2024-02-14 19:31:31.529293: Current epoch: 41, loss: 4.529880523681641, validation loss: 6.624173641204834
2024-02-14 19:31:32.940952:2024-02-14 19:31:32.940836: Current epoch: 42, loss: 4.844614028930664, validation loss: 6.821773052215576
2024-02-14 19:31:34.292120:2024-02-14 19:31:34.292043: Current epoch: 43, loss: 4.615551471710205, validation loss: 6.991991996765137
2024-02-14 19:31:35.692147:2024-02-14 19:31:35.692085: Current epoch: 44, loss: 4.489321231842041, validation loss: 6.291018486022949
2024-02-14 19:31:37.062437:2024-02-14 19:31:37.062349: Current epoch: 45, loss: 4.424213409423828, validation loss: 6.862955570220947
2024-02-14 19:31:38.450589:2024-02-14 19:31:38.450513: Current epoch: 46, loss: 4.147374153137207, validation loss: 6.379467964172363
2024-02-14 19:31:39.879848:2024-02-14 19:31:39.879773: Current epoch: 47, loss: 3.988363742828369, validation loss: 6.645000457763672
2024-02-14 19:31:41.132193:2024-02-14 19:31:41.132121: Current epoch: 48, loss: 3.9421706199645996, validation loss: 6.4729390144348145
2024-02-14 19:31:42.462681:2024-02-14 19:31:42.462610: Current epoch: 49, loss: 3.9344065189361572, validation loss: 6.494034767150879
2024-02-14 19:31:46.201825:2024-02-14 19:31:46.201688: Current epoch: 50, loss: 4.1838483810424805, validation loss: 6.451503276824951
2024-02-14 19:31:47.596899:2024-02-14 19:31:47.596822: Current epoch: 51, loss: 3.9003376960754395, validation loss: 6.804164409637451
2024-02-14 19:31:48.950990:2024-02-14 19:31:48.950910: Current epoch: 52, loss: 3.5908169746398926, validation loss: 6.381832122802734
2024-02-14 19:31:50.287670:2024-02-14 19:31:50.287614: Current epoch: 53, loss: 3.6507601737976074, validation loss: 6.287892818450928
2024-02-14 19:31:51.677103:2024-02-14 19:31:51.677037: Current epoch: 54, loss: 3.6911773681640625, validation loss: 6.355971336364746
2024-02-14 19:31:53.015565:2024-02-14 19:31:53.015442: Current epoch: 55, loss: 3.4158191680908203, validation loss: 6.680065155029297
2024-02-14 19:31:54.450106:2024-02-14 19:31:54.450052: Current epoch: 56, loss: 3.3493824005126953, validation loss: 6.201214790344238
2024-02-14 19:31:55.781072:2024-02-14 19:31:55.780995: Current epoch: 57, loss: 3.4379405975341797, validation loss: 6.333479881286621
2024-02-14 19:31:57.075111:2024-02-14 19:31:57.074976: Current epoch: 58, loss: 3.4019129276275635, validation loss: 6.24808406829834
2024-02-14 19:31:58.398821:2024-02-14 19:31:58.398726: Current epoch: 59, loss: 3.3254756927490234, validation loss: 6.441744804382324
2024-02-14 19:32:02.120644:2024-02-14 19:32:02.120574: Current epoch: 60, loss: 3.1689701080322266, validation loss: 6.432953834533691
2024-02-14 19:32:03.437840:2024-02-14 19:32:03.437777: Current epoch: 61, loss: 3.1049623489379883, validation loss: 6.337644100189209
2024-02-14 19:32:04.759560:2024-02-14 19:32:04.759496: Current epoch: 62, loss: 3.1782150268554688, validation loss: 6.342862129211426
2024-02-14 19:32:06.109029:2024-02-14 19:32:06.108957: Current epoch: 63, loss: 2.9573581218719482, validation loss: 6.350710391998291
2024-02-14 19:32:07.449989:2024-02-14 19:32:07.449920: Current epoch: 64, loss: 3.0441601276397705, validation loss: 6.210341453552246
2024-02-14 19:32:08.702982:2024-02-14 19:32:08.702916: Current epoch: 65, loss: 2.8810930252075195, validation loss: 6.498717308044434
2024-02-14 19:32:09.967562:2024-02-14 19:32:09.967485: Current epoch: 66, loss: 2.7963433265686035, validation loss: 6.18233585357666
2024-02-14 19:32:11.275660:2024-02-14 19:32:11.275606: Current epoch: 67, loss: 2.834716320037842, validation loss: 5.922257423400879
2024-02-14 19:32:12.586483:2024-02-14 19:32:12.586387: Current epoch: 68, loss: 2.757861375808716, validation loss: 6.366988182067871
2024-02-14 19:32:13.859044:2024-02-14 19:32:13.858972: Current epoch: 69, loss: 2.7082881927490234, validation loss: 6.199339389801025
2024-02-14 19:32:17.472699:2024-02-14 19:32:17.472621: Current epoch: 70, loss: 2.7978413105010986, validation loss: 6.310001373291016
2024-02-14 19:32:18.815376:2024-02-14 19:32:18.815299: Current epoch: 71, loss: 2.7551991939544678, validation loss: 6.244798183441162
2024-02-14 19:32:20.144460:2024-02-14 19:32:20.144366: Current epoch: 72, loss: 2.6599621772766113, validation loss: 6.338558197021484
2024-02-14 19:32:21.479426:2024-02-14 19:32:21.479342: Current epoch: 73, loss: 2.769782066345215, validation loss: 6.0950140953063965
2024-02-14 19:32:22.760752:2024-02-14 19:32:22.760676: Current epoch: 74, loss: 2.602121353149414, validation loss: 6.062629222869873
2024-02-14 19:32:24.057127:2024-02-14 19:32:24.057055: Current epoch: 75, loss: 2.444899320602417, validation loss: 6.011187553405762
2024-02-14 19:32:25.339152:2024-02-14 19:32:25.339076: Current epoch: 76, loss: 2.4179513454437256, validation loss: 6.069149494171143
2024-02-14 19:32:26.642046:2024-02-14 19:32:26.641982: Current epoch: 77, loss: 2.4451000690460205, validation loss: 5.917680263519287
2024-02-14 19:32:27.981603:2024-02-14 19:32:27.981488: Current epoch: 78, loss: 2.3489954471588135, validation loss: 6.2593560218811035
2024-02-14 19:32:29.324265:2024-02-14 19:32:29.324189: Current epoch: 79, loss: 2.281897783279419, validation loss: 6.268283843994141
2024-02-14 19:32:30.714855:2024-02-14 19:32:30.714762: Current epoch: 80, loss: 2.3083395957946777, validation loss: 6.224727630615234
2024-02-14 19:32:32.007116:2024-02-14 19:32:32.007038: Current epoch: 81, loss: 2.2122418880462646, validation loss: 6.02788782119751
2024-02-14 19:32:33.376394:2024-02-14 19:32:33.376316: Current epoch: 82, loss: 2.2896664142608643, validation loss: 6.116062641143799
2024-02-14 19:32:34.750636:2024-02-14 19:32:34.750565: Current epoch: 83, loss: 2.147753953933716, validation loss: 5.948100566864014
2024-02-14 19:32:36.093822:2024-02-14 19:32:36.093746: Current epoch: 84, loss: 2.343768358230591, validation loss: 6.045389652252197
2024-02-14 19:32:37.453543:2024-02-14 19:32:37.453473: Current epoch: 85, loss: 2.218931198120117, validation loss: 6.017373085021973
2024-02-14 19:32:38.777345:2024-02-14 19:32:38.777267: Current epoch: 86, loss: 2.476639986038208, validation loss: 6.0125250816345215
2024-02-14 19:32:40.126617:2024-02-14 19:32:40.126480: Current epoch: 87, loss: 2.227698564529419, validation loss: 6.7900309562683105
2024-02-14 19:32:41.516166:2024-02-14 19:32:41.516081: Current epoch: 88, loss: 2.100709915161133, validation loss: 6.029982089996338
2024-02-14 19:32:42.883380:2024-02-14 19:32:42.883325: Current epoch: 89, loss: 2.118082284927368, validation loss: 5.868194103240967
2024-02-14 19:32:46.693663:2024-02-14 19:32:46.693592: Current epoch: 90, loss: 2.038785696029663, validation loss: 5.920660018920898
2024-02-14 19:32:47.989374:2024-02-14 19:32:47.989306: Current epoch: 91, loss: 2.092470169067383, validation loss: 6.034416198730469
2024-02-14 19:32:49.355490:2024-02-14 19:32:49.355389: Current epoch: 92, loss: 2.1754093170166016, validation loss: 6.012432098388672
2024-02-14 19:32:50.687745:2024-02-14 19:32:50.687671: Current epoch: 93, loss: 2.023190975189209, validation loss: 5.777497291564941
2024-02-14 19:32:51.880169:2024-02-14 19:32:51.880092: Current epoch: 94, loss: 1.940824031829834, validation loss: 6.664216041564941
2024-02-14 19:32:53.107975:2024-02-14 19:32:53.107899: Current epoch: 95, loss: 2.166856050491333, validation loss: 5.86699914932251
2024-02-14 19:32:54.437851:2024-02-14 19:32:54.437763: Current epoch: 96, loss: 2.0198025703430176, validation loss: 5.896689414978027
2024-02-14 19:32:55.767184:2024-02-14 19:32:55.767110: Current epoch: 97, loss: 1.9272645711898804, validation loss: 6.461606025695801
2024-02-14 19:32:57.143865:2024-02-14 19:32:57.143811: Current epoch: 98, loss: 1.863274335861206, validation loss: 5.775196075439453
2024-02-14 19:32:58.501596:2024-02-14 19:32:58.501538: Current epoch: 99, loss: 1.8034896850585938, validation loss: 5.710885047912598
2024-02-14 19:33:02.291706:2024-02-14 19:33:02.291634: Current epoch: 100, loss: 1.87518310546875, validation loss: 6.624769687652588
2024-02-14 19:33:03.657227:2024-02-14 19:33:03.657145: Current epoch: 101, loss: 1.775095820426941, validation loss: 6.13231897354126
2024-02-14 19:33:05.019519:2024-02-14 19:33:05.019438: Current epoch: 102, loss: 1.8419336080551147, validation loss: 5.825584888458252
2024-02-14 19:33:06.371077:2024-02-14 19:33:06.370999: Current epoch: 103, loss: 1.8448835611343384, validation loss: 6.003527641296387
2024-02-14 19:33:07.662264:2024-02-14 19:33:07.662197: Current epoch: 104, loss: 1.940248727798462, validation loss: 5.794285297393799
2024-02-14 19:33:08.912102:2024-02-14 19:33:08.912032: Current epoch: 105, loss: 1.8864306211471558, validation loss: 6.127255439758301
2024-02-14 19:33:10.319026:2024-02-14 19:33:10.318968: Current epoch: 106, loss: 1.6723383665084839, validation loss: 5.682559967041016
2024-02-14 19:33:11.646067:2024-02-14 19:33:11.645992: Current epoch: 107, loss: 1.5534237623214722, validation loss: 6.040792465209961
2024-02-14 19:33:13.092060:2024-02-14 19:33:13.091975: Current epoch: 108, loss: 1.7241857051849365, validation loss: 6.067458152770996
2024-02-14 19:33:14.471441:2024-02-14 19:33:14.471344: Current epoch: 109, loss: 1.7930392026901245, validation loss: 6.2071146965026855
2024-02-14 19:33:15.790810:2024-02-14 19:33:15.790733: Current epoch: 110, loss: 1.6917804479599, validation loss: 5.947457313537598
2024-02-14 19:33:17.122131:2024-02-14 19:33:17.122058: Current epoch: 111, loss: 1.6595327854156494, validation loss: 6.543626308441162
2024-02-14 19:33:18.403018:2024-02-14 19:33:18.402941: Current epoch: 112, loss: 1.6745691299438477, validation loss: 5.7679314613342285
2024-02-14 19:33:19.757957:2024-02-14 19:33:19.757897: Current epoch: 113, loss: 1.626189112663269, validation loss: 5.665344715118408
2024-02-14 19:33:21.058347:2024-02-14 19:33:21.058274: Current epoch: 114, loss: 1.4991605281829834, validation loss: 5.749605655670166
2024-02-14 19:33:22.451868:2024-02-14 19:33:22.451814: Current epoch: 115, loss: 1.5684785842895508, validation loss: 5.652986526489258
2024-02-14 19:33:23.712958:2024-02-14 19:33:23.712886: Current epoch: 116, loss: 1.7140804529190063, validation loss: 6.4988112449646
2024-02-14 19:33:25.093394:2024-02-14 19:33:25.093307: Current epoch: 117, loss: 2.166217088699341, validation loss: 6.1601128578186035
2024-02-14 19:33:26.455936:2024-02-14 19:33:26.455806: Current epoch: 118, loss: 1.8067468404769897, validation loss: 6.0753679275512695
2024-02-14 19:33:27.766577:2024-02-14 19:33:27.766508: Current epoch: 119, loss: 1.6485395431518555, validation loss: 5.6972222328186035
2024-02-14 19:33:31.294073:2024-02-14 19:33:31.293920: Current epoch: 120, loss: 1.6100300550460815, validation loss: 5.661657333374023
2024-02-14 19:33:32.513116:2024-02-14 19:33:32.513037: Current epoch: 121, loss: 1.415521502494812, validation loss: 5.667826175689697
2024-02-14 19:33:33.714210:2024-02-14 19:33:33.714143: Current epoch: 122, loss: 1.5111545324325562, validation loss: 6.331037998199463
2024-02-14 19:33:34.936402:2024-02-14 19:33:34.936324: Current epoch: 123, loss: 1.5368611812591553, validation loss: 5.736608028411865
2024-02-14 19:33:36.288289:2024-02-14 19:33:36.288211: Current epoch: 124, loss: 1.4516924619674683, validation loss: 6.010765075683594
2024-02-14 19:33:37.558915:2024-02-14 19:33:37.558845: Current epoch: 125, loss: 1.7055611610412598, validation loss: 5.754319667816162
2024-02-14 19:33:38.840509:2024-02-14 19:33:38.840437: Current epoch: 126, loss: 1.448846459388733, validation loss: 5.7613606452941895
2024-02-14 19:33:40.243050:2024-02-14 19:33:40.242914: Current epoch: 127, loss: 1.3762776851654053, validation loss: 6.240994453430176
2024-02-14 19:33:41.593204:2024-02-14 19:33:41.593129: Current epoch: 128, loss: 1.6831023693084717, validation loss: 6.044248580932617
2024-02-14 19:33:42.954396:2024-02-14 19:33:42.954330: Current epoch: 129, loss: 1.5999703407287598, validation loss: 6.1191086769104
2024-02-14 19:33:44.292888:2024-02-14 19:33:44.292802: Current epoch: 130, loss: 1.308290719985962, validation loss: 5.711081504821777
2024-02-14 19:33:45.651306:2024-02-14 19:33:45.651247: Current epoch: 131, loss: 1.280659556388855, validation loss: 5.548425197601318
2024-02-14 19:33:46.993972:2024-02-14 19:33:46.993898: Current epoch: 132, loss: 1.310485601425171, validation loss: 5.679589748382568
2024-02-14 19:33:48.388055:2024-02-14 19:33:48.387981: Current epoch: 133, loss: 1.381600260734558, validation loss: 5.807869911193848
2024-02-14 19:33:49.788335:2024-02-14 19:33:49.788262: Current epoch: 134, loss: 1.379809856414795, validation loss: 5.75472354888916
2024-02-14 19:33:51.143768:2024-02-14 19:33:51.143706: Current epoch: 135, loss: 1.7155252695083618, validation loss: 5.797127723693848
2024-02-14 19:33:52.533147:2024-02-14 19:33:52.533073: Current epoch: 136, loss: 1.7324544191360474, validation loss: 6.265344619750977
2024-02-14 19:33:53.968561:2024-02-14 19:33:53.968485: Current epoch: 137, loss: 1.5787343978881836, validation loss: 6.197505474090576
2024-02-14 19:33:55.354341:2024-02-14 19:33:55.354272: Current epoch: 138, loss: 1.3681609630584717, validation loss: 5.886896133422852
2024-02-14 19:33:56.808147:2024-02-14 19:33:56.808092: Current epoch: 139, loss: 1.3632088899612427, validation loss: 6.399013042449951
2024-02-14 19:33:58.168567:2024-02-14 19:33:58.168485: Current epoch: 140, loss: 1.668306589126587, validation loss: 6.360472202301025
2024-02-14 19:33:59.496577:2024-02-14 19:33:59.496500: Current epoch: 141, loss: 1.3472002744674683, validation loss: 5.964573383331299
2024-02-14 19:34:00.925917:2024-02-14 19:34:00.925783: Current epoch: 142, loss: 1.3714367151260376, validation loss: 6.067849159240723
2024-02-14 19:34:02.253496:2024-02-14 19:34:02.253380: Current epoch: 143, loss: 1.258873701095581, validation loss: 5.809678077697754
2024-02-14 19:34:03.624284:2024-02-14 19:34:03.624214: Current epoch: 144, loss: 1.168782114982605, validation loss: 5.7082438468933105
2024-02-14 19:34:04.890287:2024-02-14 19:34:04.890224: Current epoch: 145, loss: 1.1840797662734985, validation loss: 5.707911014556885
2024-02-14 19:34:06.211142:2024-02-14 19:34:06.211074: Current epoch: 146, loss: 1.256182074546814, validation loss: 5.903997421264648
2024-02-14 19:34:07.555774:2024-02-14 19:34:07.555702: Current epoch: 147, loss: 1.2061952352523804, validation loss: 6.069117546081543
2024-02-14 19:34:08.889766:2024-02-14 19:34:08.889705: Current epoch: 148, loss: 1.3012574911117554, validation loss: 5.745791435241699
2024-02-14 19:34:10.231700:2024-02-14 19:34:10.231622: Current epoch: 149, loss: 1.5711344480514526, validation loss: 6.289628505706787
2024-02-14 19:34:11.573779:2024-02-14 19:34:11.573702: Current epoch: 150, loss: 1.4312152862548828, validation loss: 6.025413990020752
2024-02-14 19:34:12.923896:2024-02-14 19:34:12.923778: Current epoch: 151, loss: 1.3717595338821411, validation loss: 6.045591831207275
2024-02-14 19:34:14.323086:2024-02-14 19:34:14.322996: Current epoch: 152, loss: 1.2780202627182007, validation loss: 6.208052635192871
2024-02-14 19:34:15.710976:2024-02-14 19:34:15.710904: Current epoch: 153, loss: 1.2712345123291016, validation loss: 5.819385051727295
2024-02-14 19:34:17.060264:2024-02-14 19:34:17.060186: Current epoch: 154, loss: 1.2938436269760132, validation loss: 6.044777870178223
2024-02-14 19:34:18.421612:2024-02-14 19:34:18.421481: Current epoch: 155, loss: 1.4677060842514038, validation loss: 5.766090393066406
2024-02-14 19:34:19.813680:2024-02-14 19:34:19.813604: Current epoch: 156, loss: 1.4233187437057495, validation loss: 6.253523826599121
2024-02-14 19:34:21.198536:2024-02-14 19:34:21.198463: Current epoch: 157, loss: 1.3603564500808716, validation loss: 6.281427383422852
2024-02-14 19:34:22.548890:2024-02-14 19:34:22.548818: Current epoch: 158, loss: 1.2940173149108887, validation loss: 5.680913925170898
2024-02-14 19:34:23.921740:2024-02-14 19:34:23.921665: Current epoch: 159, loss: 1.33176589012146, validation loss: 6.149543285369873
2024-02-14 19:34:25.316898:2024-02-14 19:34:25.316823: Current epoch: 160, loss: 1.14606773853302, validation loss: 6.000586032867432
2024-02-14 19:34:26.638531:2024-02-14 19:34:26.638459: Current epoch: 161, loss: 1.1294454336166382, validation loss: 5.770254611968994
2024-02-14 19:34:27.925329:2024-02-14 19:34:27.925253: Current epoch: 162, loss: 1.1134405136108398, validation loss: 5.976106643676758
2024-02-14 19:34:29.158170:2024-02-14 19:34:29.158099: Current epoch: 163, loss: 1.1123697757720947, validation loss: 5.784199237823486
2024-02-14 19:34:30.523583:2024-02-14 19:34:30.523506: Current epoch: 164, loss: 0.9927760362625122, validation loss: 5.789684772491455
2024-02-14 19:34:31.789555:2024-02-14 19:34:31.789477: Current epoch: 165, loss: 1.0704410076141357, validation loss: 5.699066638946533
2024-02-14 19:34:33.139032:2024-02-14 19:34:33.138903: Current epoch: 166, loss: 1.5610510110855103, validation loss: 5.8398284912109375
2024-02-14 19:34:34.368919:2024-02-14 19:34:34.368801: Current epoch: 167, loss: 1.7868843078613281, validation loss: 6.4006500244140625
2024-02-14 19:34:35.681949:2024-02-14 19:34:35.681865: Current epoch: 168, loss: 1.382779836654663, validation loss: 5.951355457305908
2024-02-14 19:34:37.029668:2024-02-14 19:34:37.029600: Current epoch: 169, loss: 1.2268121242523193, validation loss: 5.813390731811523
2024-02-14 19:34:38.319914:2024-02-14 19:34:38.319843: Current epoch: 170, loss: 1.1142960786819458, validation loss: 5.735310077667236
2024-02-14 19:34:39.573731:2024-02-14 19:34:39.573662: Current epoch: 171, loss: 1.2502615451812744, validation loss: 5.7606611251831055
2024-02-14 19:34:40.852995:2024-02-14 19:34:40.852918: Current epoch: 172, loss: 1.0408909320831299, validation loss: 5.788790225982666
2024-02-14 19:34:42.145021:2024-02-14 19:34:42.144950: Current epoch: 173, loss: 1.0274289846420288, validation loss: 5.8838324546813965
2024-02-14 19:34:43.459491:2024-02-14 19:34:43.459391: Current epoch: 174, loss: 1.0387197732925415, validation loss: 6.033858299255371
2024-02-14 19:34:44.805397:2024-02-14 19:34:44.805329: Current epoch: 175, loss: 1.2606359720230103, validation loss: 6.235159873962402
2024-02-14 19:34:46.027070:2024-02-14 19:34:46.027002: Current epoch: 176, loss: 1.15629243850708, validation loss: 5.706103801727295
2024-02-14 19:34:47.325424:2024-02-14 19:34:47.325343: Current epoch: 177, loss: 1.2024387121200562, validation loss: 6.231364727020264
2024-02-14 19:34:48.604258:2024-02-14 19:34:48.604183: Current epoch: 178, loss: 1.000321626663208, validation loss: 5.650248050689697
2024-02-14 19:34:49.901782:2024-02-14 19:34:49.901647: Current epoch: 179, loss: 1.059945821762085, validation loss: 6.737358570098877
2024-02-14 19:34:51.149764:2024-02-14 19:34:51.149687: Current epoch: 180, loss: 1.3194823265075684, validation loss: 6.308596611022949
2024-02-14 19:34:52.411312:2024-02-14 19:34:52.411247: Current epoch: 181, loss: 1.1384546756744385, validation loss: 6.113824844360352
2024-02-14 19:34:53.668029:2024-02-14 19:34:53.667958: Current epoch: 182, loss: 1.2019069194793701, validation loss: 6.057894229888916
2024-02-14 19:34:55.007165:2024-02-14 19:34:55.007072: Current epoch: 183, loss: 1.2824091911315918, validation loss: 5.904107570648193
2024-02-14 19:34:56.282363:2024-02-14 19:34:56.282288: Current epoch: 184, loss: 1.0983726978302002, validation loss: 5.8119001388549805
2024-02-14 19:34:57.457479:2024-02-14 19:34:57.457383: Current epoch: 185, loss: 1.1390711069107056, validation loss: 5.756108283996582
2024-02-14 19:34:58.656030:2024-02-14 19:34:58.655955: Current epoch: 186, loss: 1.128221869468689, validation loss: 6.192893028259277
2024-02-14 19:34:59.864034:2024-02-14 19:34:59.863963: Current epoch: 187, loss: 1.0876508951187134, validation loss: 6.088944435119629
2024-02-14 19:35:01.101757:2024-02-14 19:35:01.101681: Current epoch: 188, loss: 1.376792073249817, validation loss: 5.917963027954102
2024-02-14 19:35:02.450180:2024-02-14 19:35:02.450104: Current epoch: 189, loss: 1.5087037086486816, validation loss: 6.301788330078125
2024-02-14 19:35:03.811325:2024-02-14 19:35:03.811250: Current epoch: 190, loss: 1.158250331878662, validation loss: 6.156031131744385
2024-02-14 19:35:05.184462:2024-02-14 19:35:05.184369: Current epoch: 191, loss: 1.3084912300109863, validation loss: 6.001034736633301
2024-02-14 19:35:06.520457:2024-02-14 19:35:06.520360: Current epoch: 192, loss: 1.077109694480896, validation loss: 6.00512170791626
2024-02-14 19:35:07.833445:2024-02-14 19:35:07.833358: Current epoch: 193, loss: 0.908478319644928, validation loss: 5.862081050872803
2024-02-14 19:35:09.087627:2024-02-14 19:35:09.087552: Current epoch: 194, loss: 0.9153409004211426, validation loss: 5.68520450592041
2024-02-14 19:35:10.400347:2024-02-14 19:35:10.400272: Current epoch: 195, loss: 0.8640987873077393, validation loss: 5.62365198135376
2024-02-14 19:35:11.649015:2024-02-14 19:35:11.648940: Current epoch: 196, loss: 0.9052733182907104, validation loss: 5.796931743621826
2024-02-14 19:35:12.921344:2024-02-14 19:35:12.921221: Current epoch: 197, loss: 0.8086752891540527, validation loss: 5.829310894012451
2024-02-14 19:35:14.248083:2024-02-14 19:35:14.248016: Current epoch: 198, loss: 0.8622488975524902, validation loss: 5.681880474090576
2024-02-14 19:35:15.560182:2024-02-14 19:35:15.560113: Current epoch: 199, loss: 0.9062226414680481, validation loss: 5.757976055145264
2024-02-14 19:35:16.869526:2024-02-14 19:35:16.869436: Current epoch: 200, loss: 1.1286920309066772, validation loss: 5.826063632965088
2024-02-14 19:35:18.163470:2024-02-14 19:35:18.163381: Current epoch: 201, loss: 1.5147192478179932, validation loss: 6.0926289558410645
2024-02-14 19:35:19.444384:2024-02-14 19:35:19.444310: Current epoch: 202, loss: 1.186907410621643, validation loss: 5.712880611419678
2024-02-14 19:35:20.750200:2024-02-14 19:35:20.750132: Current epoch: 203, loss: 1.034438133239746, validation loss: 5.910585880279541
2024-02-14 19:35:22.046838:2024-02-14 19:35:22.046768: Current epoch: 204, loss: 1.2965421676635742, validation loss: 6.149477481842041
2024-02-14 19:35:23.403459:2024-02-14 19:35:23.403374: Current epoch: 205, loss: 1.078276515007019, validation loss: 5.9855217933654785
2024-02-14 19:35:24.738170:2024-02-14 19:35:24.738099: Current epoch: 206, loss: 0.8544266819953918, validation loss: 5.772373676300049
2024-02-14 19:35:26.036318:2024-02-14 19:35:26.036242: Current epoch: 207, loss: 0.8360282182693481, validation loss: 5.608107089996338
2024-02-14 19:35:27.331546:2024-02-14 19:35:27.331473: Current epoch: 208, loss: 0.8397091627120972, validation loss: 5.876533508300781
2024-02-14 19:35:28.639194:2024-02-14 19:35:28.639118: Current epoch: 209, loss: 0.8442438840866089, validation loss: 6.256102561950684
2024-02-14 19:35:29.930122:2024-02-14 19:35:29.930044: Current epoch: 210, loss: 0.9914073944091797, validation loss: 5.971372604370117
2024-02-14 19:35:31.280024:2024-02-14 19:35:31.279964: Current epoch: 211, loss: 0.8902076482772827, validation loss: 6.3741679191589355
2024-02-14 19:35:32.629823:2024-02-14 19:35:32.629747: Current epoch: 212, loss: 1.4640138149261475, validation loss: 6.542130470275879
2024-02-14 19:35:33.935529:2024-02-14 19:35:33.935461: Current epoch: 213, loss: 1.5824449062347412, validation loss: 5.928841590881348
2024-02-14 19:35:35.284007:2024-02-14 19:35:35.283934: Current epoch: 214, loss: 0.9876012206077576, validation loss: 5.533986568450928
2024-02-14 19:35:36.569074:2024-02-14 19:35:36.568999: Current epoch: 215, loss: 0.8384143114089966, validation loss: 5.769131183624268
2024-02-14 19:35:37.787553:2024-02-14 19:35:37.787501: Current epoch: 216, loss: 0.8396620154380798, validation loss: 5.67431640625
2024-02-14 19:35:39.018541:2024-02-14 19:35:39.018468: Current epoch: 217, loss: 0.7789213061332703, validation loss: 5.753134727478027
2024-02-14 19:35:40.379626:2024-02-14 19:35:40.379572: Current epoch: 218, loss: 0.8830654621124268, validation loss: 5.481544017791748
2024-02-14 19:35:41.665299:2024-02-14 19:35:41.665228: Current epoch: 219, loss: 0.8304774165153503, validation loss: 5.719663619995117
2024-02-14 19:35:42.985035:2024-02-14 19:35:42.984941: Current epoch: 220, loss: 1.0097495317459106, validation loss: 5.680786609649658
2024-02-14 19:35:44.263070:2024-02-14 19:35:44.262994: Current epoch: 221, loss: 1.2254270315170288, validation loss: 5.641417503356934
2024-02-14 19:35:45.532111:2024-02-14 19:35:45.532036: Current epoch: 222, loss: 1.7573049068450928, validation loss: 6.188860893249512
2024-02-14 19:35:46.802108:2024-02-14 19:35:46.802042: Current epoch: 223, loss: 1.1874934434890747, validation loss: 5.9192705154418945
2024-02-14 19:35:48.055680:2024-02-14 19:35:48.055609: Current epoch: 224, loss: 1.1775128841400146, validation loss: 6.0997233390808105
2024-02-14 19:35:49.391070:2024-02-14 19:35:49.390993: Current epoch: 225, loss: 1.3370290994644165, validation loss: 6.157637596130371
2024-02-14 19:35:50.714467:2024-02-14 19:35:50.714388: Current epoch: 226, loss: 0.9235067963600159, validation loss: 5.674097537994385
2024-02-14 19:35:52.033354:2024-02-14 19:35:52.033283: Current epoch: 227, loss: 0.762794017791748, validation loss: 6.091185569763184
2024-02-14 19:35:53.384578:2024-02-14 19:35:53.384502: Current epoch: 228, loss: 0.7817095518112183, validation loss: 5.896187782287598
2024-02-14 19:35:54.788448:2024-02-14 19:35:54.788344: Current epoch: 229, loss: 0.9503911137580872, validation loss: 5.917062282562256
2024-02-14 19:35:56.135629:2024-02-14 19:35:56.135545: Current epoch: 230, loss: 0.9023553133010864, validation loss: 5.715138912200928
2024-02-14 19:35:57.464731:2024-02-14 19:35:57.464661: Current epoch: 231, loss: 0.8308530449867249, validation loss: 6.196681499481201
2024-02-14 19:35:58.798853:2024-02-14 19:35:58.798777: Current epoch: 232, loss: 0.8587899804115295, validation loss: 6.455936431884766
2024-02-14 19:36:00.101966:2024-02-14 19:36:00.101901: Current epoch: 233, loss: 1.0339770317077637, validation loss: 5.627989768981934
2024-02-14 19:36:01.376034:2024-02-14 19:36:01.375968: Current epoch: 234, loss: 0.8511189222335815, validation loss: 6.117116928100586
2024-02-14 19:36:02.661737:2024-02-14 19:36:02.661673: Current epoch: 235, loss: 0.8690166473388672, validation loss: 5.9073920249938965
2024-02-14 19:36:03.984170:2024-02-14 19:36:03.984036: Current epoch: 236, loss: 1.0292614698410034, validation loss: 5.94871187210083
2024-02-14 19:36:05.293390:2024-02-14 19:36:05.293313: Current epoch: 237, loss: 0.9247756004333496, validation loss: 5.6522417068481445
2024-02-14 19:36:06.611038:2024-02-14 19:36:06.610959: Current epoch: 238, loss: 1.121441125869751, validation loss: 6.0070929527282715
2024-02-14 19:36:07.886160:2024-02-14 19:36:07.886092: Current epoch: 239, loss: 1.3000297546386719, validation loss: 6.100564002990723
2024-02-14 19:36:09.218915:2024-02-14 19:36:09.218839: Current epoch: 240, loss: 1.3671051263809204, validation loss: 5.798229217529297
2024-02-14 19:36:10.573502:2024-02-14 19:36:10.573394: Current epoch: 241, loss: 0.8176873326301575, validation loss: 5.652412414550781
2024-02-14 19:36:11.862271:2024-02-14 19:36:11.862194: Current epoch: 242, loss: 0.7420945167541504, validation loss: 5.5481486320495605
2024-02-14 19:36:13.224938:2024-02-14 19:36:13.224862: Current epoch: 243, loss: 0.705778956413269, validation loss: 5.553061485290527
2024-02-14 19:36:14.584121:2024-02-14 19:36:14.584044: Current epoch: 244, loss: 0.6818789839744568, validation loss: 5.772493839263916
2024-02-14 19:36:15.960386:2024-02-14 19:36:15.960314: Current epoch: 245, loss: 0.7077153325080872, validation loss: 5.639508247375488
2024-02-14 19:36:17.323161:2024-02-14 19:36:17.323085: Current epoch: 246, loss: 0.7128897905349731, validation loss: 5.99221134185791
2024-02-14 19:36:18.627038:2024-02-14 19:36:18.626971: Current epoch: 247, loss: 0.7713678479194641, validation loss: 5.848536968231201
2024-02-14 19:36:20.064839:2024-02-14 19:36:20.064761: Current epoch: 248, loss: 0.8631704449653625, validation loss: 5.51677942276001
2024-02-14 19:36:21.430394:2024-02-14 19:36:21.430319: Current epoch: 249, loss: 1.0561119318008423, validation loss: 6.468697547912598
2024-02-14 19:36:22.839166:2024-02-14 19:36:22.839094: Current epoch: 250, loss: 1.6822245121002197, validation loss: 6.087118625640869
2024-02-14 19:36:24.197493:2024-02-14 19:36:24.197339: Current epoch: 251, loss: 1.7135581970214844, validation loss: 7.718198299407959
2024-02-14 19:36:25.613306:2024-02-14 19:36:25.613214: Current epoch: 252, loss: 1.5651963949203491, validation loss: 6.515631675720215
2024-02-14 19:36:26.937163:2024-02-14 19:36:26.937035: Current epoch: 253, loss: 1.1054364442825317, validation loss: 5.934865951538086
2024-02-14 19:36:28.310577:2024-02-14 19:36:28.310506: Current epoch: 254, loss: 0.8710541725158691, validation loss: 5.8123860359191895
2024-02-14 19:36:29.657476:2024-02-14 19:36:29.657367: Current epoch: 255, loss: 0.7566150426864624, validation loss: 6.6408772468566895
2024-02-14 19:36:31.043563:2024-02-14 19:36:31.043456: Current epoch: 256, loss: 1.080299973487854, validation loss: 5.837152481079102
2024-02-14 19:36:32.361704:2024-02-14 19:36:32.361627: Current epoch: 257, loss: 0.8281702995300293, validation loss: 5.793994903564453
2024-02-14 19:36:33.688243:2024-02-14 19:36:33.688170: Current epoch: 258, loss: 0.7569320201873779, validation loss: 5.801013946533203
2024-02-14 19:36:35.054094:2024-02-14 19:36:35.054018: Current epoch: 259, loss: 0.6860081553459167, validation loss: 5.977041244506836
2024-02-14 19:36:36.409725:2024-02-14 19:36:36.409650: Current epoch: 260, loss: 0.6656492948532104, validation loss: 5.823399066925049
2024-02-14 19:36:37.736049:2024-02-14 19:36:37.735974: Current epoch: 261, loss: 0.6971763968467712, validation loss: 5.898855209350586
2024-02-14 19:36:39.088083:2024-02-14 19:36:39.088008: Current epoch: 262, loss: 1.117447018623352, validation loss: 6.053136348724365
2024-02-14 19:36:40.384035:2024-02-14 19:36:40.383966: Current epoch: 263, loss: 1.0505796670913696, validation loss: 5.897910118103027
2024-02-14 19:36:41.735258:2024-02-14 19:36:41.735107: Current epoch: 264, loss: 1.0162742137908936, validation loss: 6.301065921783447
2024-02-14 19:36:43.124955:2024-02-14 19:36:43.124885: Current epoch: 265, loss: 0.9194502830505371, validation loss: 5.778806209564209
2024-02-14 19:36:44.426202:2024-02-14 19:36:44.426129: Current epoch: 266, loss: 0.900617778301239, validation loss: 6.020411014556885
2024-02-14 19:36:45.674747:2024-02-14 19:36:45.674675: Current epoch: 267, loss: 0.9497882127761841, validation loss: 6.13559103012085
2024-02-14 19:36:46.974216:2024-02-14 19:36:46.974148: Current epoch: 268, loss: 0.7134532928466797, validation loss: 5.88651704788208
2024-02-14 19:36:48.255533:2024-02-14 19:36:48.255449: Current epoch: 269, loss: 0.7075624465942383, validation loss: 5.618394374847412
2024-02-14 19:36:52.237903:2024-02-14 19:36:52.237772: Current epoch: 270, loss: 0.6915404200553894, validation loss: 5.982411861419678
2024-02-14 19:36:53.561735:2024-02-14 19:36:53.561651: Current epoch: 271, loss: 0.6916376948356628, validation loss: 5.840149879455566
2024-02-14 19:36:54.889930:2024-02-14 19:36:54.889863: Current epoch: 272, loss: 0.7939896583557129, validation loss: 5.529835224151611
2024-02-14 19:36:56.231738:2024-02-14 19:36:56.231665: Current epoch: 273, loss: 0.7472338676452637, validation loss: 5.74375057220459
2024-02-14 19:36:57.530708:2024-02-14 19:36:57.530630: Current epoch: 274, loss: 0.7467902302742004, validation loss: 5.7185845375061035
2024-02-14 19:36:58.826349:2024-02-14 19:36:58.826272: Current epoch: 275, loss: 0.7590277791023254, validation loss: 5.60106897354126
2024-02-14 19:37:00.052445:2024-02-14 19:37:00.052362: Current epoch: 276, loss: 0.7687326073646545, validation loss: 5.973548889160156
2024-02-14 19:37:01.256583:2024-02-14 19:37:01.256515: Current epoch: 277, loss: 1.0240296125411987, validation loss: 5.890185356140137
2024-02-14 19:37:02.577713:2024-02-14 19:37:02.577634: Current epoch: 278, loss: 0.7559548616409302, validation loss: 5.662839412689209
2024-02-14 19:37:03.846344:2024-02-14 19:37:03.846277: Current epoch: 279, loss: 0.7084948420524597, validation loss: 5.948741912841797
2024-02-14 19:37:05.128044:2024-02-14 19:37:05.127982: Current epoch: 280, loss: 0.7193167805671692, validation loss: 5.910792827606201
2024-02-14 19:37:06.376481:2024-02-14 19:37:06.376388: Current epoch: 281, loss: 1.475846290588379, validation loss: 5.64630126953125
2024-02-14 19:37:07.688143:2024-02-14 19:37:07.688072: Current epoch: 282, loss: 1.211241364479065, validation loss: 5.589714050292969
2024-02-14 19:37:09.003705:2024-02-14 19:37:09.003631: Current epoch: 283, loss: 0.844758152961731, validation loss: 6.231017112731934
2024-02-14 19:37:10.335669:2024-02-14 19:37:10.335592: Current epoch: 284, loss: 0.8033589720726013, validation loss: 5.691344738006592
2024-02-14 19:37:11.658538:2024-02-14 19:37:11.658402: Current epoch: 285, loss: 0.6717855334281921, validation loss: 6.228655815124512
2024-02-14 19:37:12.996191:2024-02-14 19:37:12.996119: Current epoch: 286, loss: 0.6790062785148621, validation loss: 6.205513954162598
2024-02-14 19:37:14.363500:2024-02-14 19:37:14.363399: Current epoch: 287, loss: 1.098533034324646, validation loss: 6.525727272033691
2024-02-14 19:37:15.720633:2024-02-14 19:37:15.720554: Current epoch: 288, loss: 1.2183419466018677, validation loss: 6.595357418060303
2024-02-14 19:37:17.110000:2024-02-14 19:37:17.109925: Current epoch: 289, loss: 1.0955113172531128, validation loss: 6.031672954559326
2024-02-14 19:37:18.410174:2024-02-14 19:37:18.410104: Current epoch: 290, loss: 0.8518719673156738, validation loss: 6.332027435302734
2024-02-14 19:37:19.717336:2024-02-14 19:37:19.717264: Current epoch: 291, loss: 0.6882784962654114, validation loss: 5.9043097496032715
2024-02-14 19:37:21.118502:2024-02-14 19:37:21.118419: Current epoch: 292, loss: 0.641560435295105, validation loss: 5.703896999359131
2024-02-14 19:37:22.486083:2024-02-14 19:37:22.486007: Current epoch: 293, loss: 0.6095002293586731, validation loss: 5.881144046783447
2024-02-14 19:37:23.866540:2024-02-14 19:37:23.866456: Current epoch: 294, loss: 0.854390025138855, validation loss: 8.088628768920898
2024-02-14 19:37:25.217170:2024-02-14 19:37:25.217097: Current epoch: 295, loss: 1.3689217567443848, validation loss: 6.327788352966309
2024-02-14 19:37:26.498335:2024-02-14 19:37:26.498260: Current epoch: 296, loss: 1.146897315979004, validation loss: 6.993971824645996
2024-02-14 19:37:27.696209:2024-02-14 19:37:27.696138: Current epoch: 297, loss: 1.3210458755493164, validation loss: 6.194646835327148
2024-02-14 19:37:29.031976:2024-02-14 19:37:29.031898: Current epoch: 298, loss: 1.0713205337524414, validation loss: 5.880300521850586
2024-02-14 19:37:30.364535:2024-02-14 19:37:30.364469: Current epoch: 299, loss: 0.8885458111763, validation loss: 5.77817440032959
2024-02-14 19:37:31.688209:2024-02-14 19:37:31.688138: Current epoch: 300, loss: 0.8360437750816345, validation loss: 6.350602149963379
2024-02-14 19:37:32.941836:2024-02-14 19:37:32.941711: Current epoch: 301, loss: 0.6298184394836426, validation loss: 5.704942226409912
2024-02-14 19:37:34.215101:2024-02-14 19:37:34.215030: Current epoch: 302, loss: 0.5670590400695801, validation loss: 5.818216800689697
2024-02-14 19:37:35.544838:2024-02-14 19:37:35.544761: Current epoch: 303, loss: 0.5588936805725098, validation loss: 5.925028324127197
2024-02-14 19:37:36.776225:2024-02-14 19:37:36.776171: Current epoch: 304, loss: 0.6289990544319153, validation loss: 5.899383544921875
2024-02-14 19:37:38.098493:2024-02-14 19:37:38.098389: Current epoch: 305, loss: 0.5942649841308594, validation loss: 5.976276874542236
2024-02-14 19:37:39.351441:2024-02-14 19:37:39.351341: Current epoch: 306, loss: 0.5870262980461121, validation loss: 5.6801371574401855
2024-02-14 19:37:40.661510:2024-02-14 19:37:40.661394: Current epoch: 307, loss: 0.5863214731216431, validation loss: 5.795642852783203
2024-02-14 19:37:41.936519:2024-02-14 19:37:41.936447: Current epoch: 308, loss: 0.6078246831893921, validation loss: 5.626820087432861
2024-02-14 19:37:43.250355:2024-02-14 19:37:43.250283: Current epoch: 309, loss: 0.6049847602844238, validation loss: 5.516697406768799
2024-02-14 19:37:46.960768:2024-02-14 19:37:46.960698: Current epoch: 310, loss: 0.5916622281074524, validation loss: 5.7195868492126465
2024-02-14 19:37:48.254385:2024-02-14 19:37:48.254300: Current epoch: 311, loss: 0.6085068583488464, validation loss: 5.823902606964111
2024-02-14 19:37:49.564487:2024-02-14 19:37:49.564392: Current epoch: 312, loss: 0.6345362663269043, validation loss: 5.903002738952637
2024-02-14 19:37:50.872009:2024-02-14 19:37:50.871934: Current epoch: 313, loss: 0.6480374336242676, validation loss: 5.9666032791137695
2024-02-14 19:37:52.175974:2024-02-14 19:37:52.175897: Current epoch: 314, loss: 1.8956797122955322, validation loss: 7.2908244132995605
2024-02-14 19:37:53.472852:2024-02-14 19:37:53.472776: Current epoch: 315, loss: 1.711045265197754, validation loss: 5.817013740539551
2024-02-14 19:37:54.761252:2024-02-14 19:37:54.761176: Current epoch: 316, loss: 0.8266245722770691, validation loss: 5.944118976593018
2024-02-14 19:37:56.073132:2024-02-14 19:37:56.073062: Current epoch: 317, loss: 0.8184113502502441, validation loss: 6.114701271057129
2024-02-14 19:37:57.377965:2024-02-14 19:37:57.377912: Current epoch: 318, loss: 0.7113211750984192, validation loss: 5.935041427612305
2024-02-14 19:37:57.690853:the test error is  [5.622884273529053, 5.622884273529053]
2024-02-14 19:38:00.012280:saved model to sample/bert-base-uncased_robo_prop_slme
2024-02-14 19:38:00.266505:done