
2024-04-08 22:17:58.786433:job config: {'train_data_path': '/data/yll6162/alignntl_dft_3d/tl_dataset/dataset_bert-base-uncased_chemnlp_prop_ehull_train.csv', 'val_data_path': '/data/yll6162/alignntl_dft_3d/tl_dataset/dataset_bert-base-uncased_chemnlp_prop_ehull_val.csv', 'test_data_path': '/data/yll6162/alignntl_dft_3d/tl_dataset/dataset_bert-base-uncased_chemnlp_prop_ehull_test.csv', 'label': 'ehull', 'input_type': None, 'log_folder': 'log', 'log_file': 'bert-base-uncased_chemnlp_prop_ehull.log', 'test_metric': 'mae', 'architecture': '1024Rx4D-512Rx3D-256Rx3D-128Rx3D-64Rx2-32Rx1-1', 'model_seed': 0, 'loss_type': 'mae', 'config_file': 'sample/bert-base-uncased_chemnlp_prop_ehull_job.config', 'use_valid': True, 'project': 'MOF', 'regressors': None, 'input_types': None, 'paramsGrid': {'optimizer': 'Adam', 'learning_rate': 0.0001, 'patience': 200, 'dropouts': [0.8, 0.9, 0.7, 0.8], 'EVAL_FREQUENCY': 1000}, 'save_path': 'sample/bert-base-uncased_chemnlp_prop_ehull', 'model_path': None, 'last_layer_with_weight': True, 'keras_path': 'model/bert-base-uncased_chemnlp_prop_ehull', 'test_size': None, 'val_size': None}
2024-04-08 22:17:58.786567:train data path is  /data/yll6162/alignntl_dft_3d/tl_dataset/dataset_bert-base-uncased_chemnlp_prop_ehull_train.csv
2024-04-08 22:18:04.941508:input attribute sets are:  None
2024-04-08 22:18:04.941700:test data path is  /data/yll6162/alignntl_dft_3d/tl_dataset/dataset_bert-base-uncased_chemnlp_prop_ehull_test.csv
2024-04-08 22:18:05.718807:val data path is  /data/yll6162/alignntl_dft_3d/tl_dataset/dataset_bert-base-uncased_chemnlp_prop_ehull_val.csv
2024-04-08 22:18:06.481748:input attributes are:  Index(['0', '1', '2', '3', '4', '5', '6', '7', '8', '9',
       ...
       '758', '759', '760', '761', '762', '763', '764', '765', '766', '767'],
      dtype='object', length=768)
2024-04-08 22:18:06.481860:label: ehull
2024-04-08 22:18:13.026009: train, test, valid sizes:  (59939, 768) (59939,) (7493, 768) (7493,) (7494, 768) (7494,)
2024-04-08 22:18:13.150317:train matrix shape of train_X:  (59939, 768)  train_y:  (59939,)
2024-04-08 22:18:13.150440:valid matrix shape of train_X:  (7494, 768)  valid_y:  (7494,)
2024-04-08 22:18:13.150481:test matrix shape of valid_X:   (7493, 768)  test_y:  (7493,)
2024-04-08 22:18:13.150518:architecture is:  1024Rx4D-512Rx3D-256Rx3D-128Rx3D-64Rx2-32Rx1-1
2024-04-08 22:18:13.150555:learning rate is  0.0001
2024-04-08 22:18:13.150589:model path is  None
2024-04-08 22:18:13.158674:adding fully connected layers with 1024 outputs
2024-04-08 22:18:15.543857:adding residual with fc as the size are different
2024-04-08 22:18:15.551501:adding fully connected layers with 1024 outputs
2024-04-08 22:18:15.556866:adding residual, both sizes are same
2024-04-08 22:18:15.558884:adding fully connected layers with 1024 outputs
2024-04-08 22:18:15.563870:adding residual, both sizes are same
2024-04-08 22:18:15.565744:adding fully connected layers with 1024 outputs
2024-04-08 22:18:15.570545:adding residual, both sizes are same
2024-04-08 22:18:15.572566:adding dropout 0.8
2024-04-08 22:18:15.577625:adding fully connected layers with 512 outputs
2024-04-08 22:18:15.582668:adding residual with fc as the size are different
2024-04-08 22:18:15.589767:adding fully connected layers with 512 outputs
2024-04-08 22:18:15.594645:adding residual, both sizes are same
2024-04-08 22:18:15.596568:adding fully connected layers with 512 outputs
2024-04-08 22:18:15.601503:adding residual, both sizes are same
2024-04-08 22:18:15.603369:adding dropout 0.9
2024-04-08 22:18:15.605046:adding fully connected layers with 256 outputs
2024-04-08 22:18:15.610148:adding residual with fc as the size are different
2024-04-08 22:18:15.616673:adding fully connected layers with 256 outputs
2024-04-08 22:18:15.621654:adding residual, both sizes are same
2024-04-08 22:18:15.623605:adding fully connected layers with 256 outputs
2024-04-08 22:18:15.628559:adding residual, both sizes are same
2024-04-08 22:18:15.630416:adding dropout 0.7
2024-04-08 22:18:15.632008:adding fully connected layers with 128 outputs
2024-04-08 22:18:15.637186:adding residual with fc as the size are different
2024-04-08 22:18:15.643709:adding fully connected layers with 128 outputs
2024-04-08 22:18:15.648678:adding residual, both sizes are same
2024-04-08 22:18:15.650531:adding fully connected layers with 128 outputs
2024-04-08 22:18:15.655366:adding residual, both sizes are same
2024-04-08 22:18:15.657489:adding dropout 0.8
2024-04-08 22:18:15.659078:adding fully connected layers with 64 outputs
2024-04-08 22:18:15.664046:adding residual with fc as the size are different
2024-04-08 22:18:15.670450:adding fully connected layers with 64 outputs
2024-04-08 22:18:15.675642:adding residual, both sizes are same
2024-04-08 22:18:15.677566:adding fully connected layers with 32 outputs
2024-04-08 22:18:15.684307:adding residual with fc as the size are different
2024-04-08 22:18:15.691573:adding final layer with 1 output
2024-04-08 22:18:15.702010:Model: "ElemNet"
2024-04-08 22:18:15.702083:__________________________________________________________________________________________________
2024-04-08 22:18:15.702132:Layer (type)                    Output Shape         Param #     Connected to                     
2024-04-08 22:18:15.702168:==================================================================================================
2024-04-08 22:18:15.702378:elemental_fractions (InputLayer [(None, 768)]        0                                            
2024-04-08 22:18:15.702424:__________________________________________________________________________________________________
2024-04-08 22:18:15.702593:fc0_0 (Dense)                   (None, 1024)         787456      elemental_fractions[0][0]        
2024-04-08 22:18:15.702637:__________________________________________________________________________________________________
2024-04-08 22:18:15.702751:fc0_dim_0 (Dense)               (None, 1024)         787456      elemental_fractions[0][0]        
2024-04-08 22:18:15.702794:__________________________________________________________________________________________________
2024-04-08 22:18:15.702877:tf.__operators__.add (TFOpLambd (None, 1024)         0           fc0_0[0][0]                      
2024-04-08 22:18:15.702920:                                                                 fc0_dim_0[0][0]                  
2024-04-08 22:18:15.702955:__________________________________________________________________________________________________
2024-04-08 22:18:15.703061:fc0_1 (Dense)                   (None, 1024)         1049600     tf.__operators__.add[0][0]       
2024-04-08 22:18:15.703102:__________________________________________________________________________________________________
2024-04-08 22:18:15.703180:tf.__operators__.add_1 (TFOpLam (None, 1024)         0           fc0_1[0][0]                      
2024-04-08 22:18:15.703222:                                                                 tf.__operators__.add[0][0]       
2024-04-08 22:18:15.703256:__________________________________________________________________________________________________
2024-04-08 22:18:15.703367:fc0_2 (Dense)                   (None, 1024)         1049600     tf.__operators__.add_1[0][0]     
2024-04-08 22:18:15.703408:__________________________________________________________________________________________________
2024-04-08 22:18:15.703483:tf.__operators__.add_2 (TFOpLam (None, 1024)         0           fc0_2[0][0]                      
2024-04-08 22:18:15.703524:                                                                 tf.__operators__.add_1[0][0]     
2024-04-08 22:18:15.703561:__________________________________________________________________________________________________
2024-04-08 22:18:15.703663:fc0_3 (Dense)                   (None, 1024)         1049600     tf.__operators__.add_2[0][0]     
2024-04-08 22:18:15.703703:__________________________________________________________________________________________________
2024-04-08 22:18:15.703777:tf.__operators__.add_3 (TFOpLam (None, 1024)         0           fc0_3[0][0]                      
2024-04-08 22:18:15.703819:                                                                 tf.__operators__.add_2[0][0]     
2024-04-08 22:18:15.703861:__________________________________________________________________________________________________
2024-04-08 22:18:15.703938:dropout (Dropout)               (None, 1024)         0           tf.__operators__.add_3[0][0]     
2024-04-08 22:18:15.703975:__________________________________________________________________________________________________
2024-04-08 22:18:15.704079:fc1_0 (Dense)                   (None, 512)          524800      dropout[0][0]                    
2024-04-08 22:18:15.704121:__________________________________________________________________________________________________
2024-04-08 22:18:15.704224:fc1_dim_0 (Dense)               (None, 512)          524800      dropout[0][0]                    
2024-04-08 22:18:15.704264:__________________________________________________________________________________________________
2024-04-08 22:18:15.704345:tf.__operators__.add_4 (TFOpLam (None, 512)          0           fc1_0[0][0]                      
2024-04-08 22:18:15.704388:                                                                 fc1_dim_0[0][0]                  
2024-04-08 22:18:15.704423:__________________________________________________________________________________________________
2024-04-08 22:18:15.704525:fc1_1 (Dense)                   (None, 512)          262656      tf.__operators__.add_4[0][0]     
2024-04-08 22:18:15.704565:__________________________________________________________________________________________________
2024-04-08 22:18:15.704640:tf.__operators__.add_5 (TFOpLam (None, 512)          0           fc1_1[0][0]                      
2024-04-08 22:18:15.704683:                                                                 tf.__operators__.add_4[0][0]     
2024-04-08 22:18:15.704718:__________________________________________________________________________________________________
2024-04-08 22:18:15.704820:fc1_2 (Dense)                   (None, 512)          262656      tf.__operators__.add_5[0][0]     
2024-04-08 22:18:15.704860:__________________________________________________________________________________________________
2024-04-08 22:18:15.704934:tf.__operators__.add_6 (TFOpLam (None, 512)          0           fc1_2[0][0]                      
2024-04-08 22:18:15.704976:                                                                 tf.__operators__.add_5[0][0]     
2024-04-08 22:18:15.705011:__________________________________________________________________________________________________
2024-04-08 22:18:15.705082:dropout_1 (Dropout)             (None, 512)          0           tf.__operators__.add_6[0][0]     
2024-04-08 22:18:15.705119:__________________________________________________________________________________________________
2024-04-08 22:18:15.705220:fc2_0 (Dense)                   (None, 256)          131328      dropout_1[0][0]                  
2024-04-08 22:18:15.705261:__________________________________________________________________________________________________
2024-04-08 22:18:15.705370:fc2_dim_0 (Dense)               (None, 256)          131328      dropout_1[0][0]                  
2024-04-08 22:18:15.705410:__________________________________________________________________________________________________
2024-04-08 22:18:15.705484:tf.__operators__.add_7 (TFOpLam (None, 256)          0           fc2_0[0][0]                      
2024-04-08 22:18:15.705527:                                                                 fc2_dim_0[0][0]                  
2024-04-08 22:18:15.705562:__________________________________________________________________________________________________
2024-04-08 22:18:15.705664:fc2_1 (Dense)                   (None, 256)          65792       tf.__operators__.add_7[0][0]     
2024-04-08 22:18:15.705704:__________________________________________________________________________________________________
2024-04-08 22:18:15.705778:tf.__operators__.add_8 (TFOpLam (None, 256)          0           fc2_1[0][0]                      
2024-04-08 22:18:15.705821:                                                                 tf.__operators__.add_7[0][0]     
2024-04-08 22:18:15.705861:__________________________________________________________________________________________________
2024-04-08 22:18:15.705963:fc2_2 (Dense)                   (None, 256)          65792       tf.__operators__.add_8[0][0]     
2024-04-08 22:18:15.706020:__________________________________________________________________________________________________
2024-04-08 22:18:15.706098:tf.__operators__.add_9 (TFOpLam (None, 256)          0           fc2_2[0][0]                      
2024-04-08 22:18:15.706140:                                                                 tf.__operators__.add_8[0][0]     
2024-04-08 22:18:15.706175:__________________________________________________________________________________________________
2024-04-08 22:18:15.706245:dropout_2 (Dropout)             (None, 256)          0           tf.__operators__.add_9[0][0]     
2024-04-08 22:18:15.706287:__________________________________________________________________________________________________
2024-04-08 22:18:15.706392:fc3_0 (Dense)                   (None, 128)          32896       dropout_2[0][0]                  
2024-04-08 22:18:15.706432:__________________________________________________________________________________________________
2024-04-08 22:18:15.706532:fc3_dim_0 (Dense)               (None, 128)          32896       dropout_2[0][0]                  
2024-04-08 22:18:15.706572:__________________________________________________________________________________________________
2024-04-08 22:18:15.706647:tf.__operators__.add_10 (TFOpLa (None, 128)          0           fc3_0[0][0]                      
2024-04-08 22:18:15.706689:                                                                 fc3_dim_0[0][0]                  
2024-04-08 22:18:15.706723:__________________________________________________________________________________________________
2024-04-08 22:18:15.706822:fc3_1 (Dense)                   (None, 128)          16512       tf.__operators__.add_10[0][0]    
2024-04-08 22:18:15.706863:__________________________________________________________________________________________________
2024-04-08 22:18:15.706936:tf.__operators__.add_11 (TFOpLa (None, 128)          0           fc3_1[0][0]                      
2024-04-08 22:18:15.706978:                                                                 tf.__operators__.add_10[0][0]    
2024-04-08 22:18:15.707012:__________________________________________________________________________________________________
2024-04-08 22:18:15.707112:fc3_2 (Dense)                   (None, 128)          16512       tf.__operators__.add_11[0][0]    
2024-04-08 22:18:15.707153:__________________________________________________________________________________________________
2024-04-08 22:18:15.707227:tf.__operators__.add_12 (TFOpLa (None, 128)          0           fc3_2[0][0]                      
2024-04-08 22:18:15.707268:                                                                 tf.__operators__.add_11[0][0]    
2024-04-08 22:18:15.707308:__________________________________________________________________________________________________
2024-04-08 22:18:15.707379:dropout_3 (Dropout)             (None, 128)          0           tf.__operators__.add_12[0][0]    
2024-04-08 22:18:15.707417:__________________________________________________________________________________________________
2024-04-08 22:18:15.707518:fc4_0 (Dense)                   (None, 64)           8256        dropout_3[0][0]                  
2024-04-08 22:18:15.707558:__________________________________________________________________________________________________
2024-04-08 22:18:15.707656:fc4_dim_0 (Dense)               (None, 64)           8256        dropout_3[0][0]                  
2024-04-08 22:18:15.707698:__________________________________________________________________________________________________
2024-04-08 22:18:15.707771:tf.__operators__.add_13 (TFOpLa (None, 64)           0           fc4_0[0][0]                      
2024-04-08 22:18:15.707817:                                                                 fc4_dim_0[0][0]                  
2024-04-08 22:18:15.707851:__________________________________________________________________________________________________
2024-04-08 22:18:15.707950:fc4_1 (Dense)                   (None, 64)           4160        tf.__operators__.add_13[0][0]    
2024-04-08 22:18:15.707991:__________________________________________________________________________________________________
2024-04-08 22:18:15.708064:tf.__operators__.add_14 (TFOpLa (None, 64)           0           fc4_1[0][0]                      
2024-04-08 22:18:15.708105:                                                                 tf.__operators__.add_13[0][0]    
2024-04-08 22:18:15.708140:__________________________________________________________________________________________________
2024-04-08 22:18:15.708236:fc5_0 (Dense)                   (None, 32)           2080        tf.__operators__.add_14[0][0]    
2024-04-08 22:18:15.708283:__________________________________________________________________________________________________
2024-04-08 22:18:15.708382:fc5_dim_0 (Dense)               (None, 32)           2080        tf.__operators__.add_14[0][0]    
2024-04-08 22:18:15.708689:__________________________________________________________________________________________________
2024-04-08 22:18:15.708769:tf.__operators__.add_15 (TFOpLa (None, 32)           0           fc5_0[0][0]                      
2024-04-08 22:18:15.708812:                                                                 fc5_dim_0[0][0]                  
2024-04-08 22:18:15.708850:__________________________________________________________________________________________________
2024-04-08 22:18:15.708951:fc6 (Dense)                     (None, 1)            33          tf.__operators__.add_15[0][0]    
2024-04-08 22:18:15.708991:==================================================================================================
2024-04-08 22:18:15.709630:Total params: 6,816,545
2024-04-08 22:18:15.709690:Trainable params: 6,816,545
2024-04-08 22:18:15.709728:Non-trainable params: 0
2024-04-08 22:18:15.709762:__________________________________________________________________________________________________
2024-04-08 22:18:15.720457:start training
2024-04-08 22:18:34.783117:2024-04-08 22:18:34.783049: Current epoch: 0, loss: 0.7586773037910461, validation loss: 0.1840766817331314
2024-04-08 22:18:52.226507:2024-04-08 22:18:52.226351: Current epoch: 1, loss: 0.23590025305747986, validation loss: 0.34107327461242676
2024-04-08 22:19:09.189604:2024-04-08 22:19:09.189461: Current epoch: 2, loss: 0.2333603948354721, validation loss: 0.4100550711154938
2024-04-08 22:19:26.049307:2024-04-08 22:19:26.049222: Current epoch: 3, loss: 0.1941419243812561, validation loss: 0.17511732876300812
2024-04-08 22:19:42.623896:2024-04-08 22:19:42.623796: Current epoch: 4, loss: 0.18752753734588623, validation loss: 0.15277184545993805
2024-04-08 22:20:00.207101:2024-04-08 22:20:00.206946: Current epoch: 5, loss: 0.1768188774585724, validation loss: 0.18355272710323334
2024-04-08 22:20:16.918621:2024-04-08 22:20:16.918432: Current epoch: 6, loss: 0.16834597289562225, validation loss: 0.15329134464263916
2024-04-08 22:20:33.506663:2024-04-08 22:20:33.506509: Current epoch: 7, loss: 0.16460758447647095, validation loss: 0.18703070282936096
2024-04-08 22:20:50.452386:2024-04-08 22:20:50.452305: Current epoch: 8, loss: 0.15962398052215576, validation loss: 0.14895687997341156
2024-04-08 22:21:07.448137:2024-04-08 22:21:07.448056: Current epoch: 9, loss: 0.15431459248065948, validation loss: 0.13671647012233734
2024-04-08 22:21:26.862331:2024-04-08 22:21:26.862146: Current epoch: 10, loss: 0.1549508273601532, validation loss: 0.15282437205314636
2024-04-08 22:21:43.941126:2024-04-08 22:21:43.940970: Current epoch: 11, loss: 0.1507905125617981, validation loss: 0.1620521992444992
2024-04-08 22:22:01.003567:2024-04-08 22:22:01.003413: Current epoch: 12, loss: 0.1480400413274765, validation loss: 0.13857905566692352
2024-04-08 22:22:17.947919:2024-04-08 22:22:17.947789: Current epoch: 13, loss: 0.14583325386047363, validation loss: 0.14163167774677277
2024-04-08 22:22:35.189390:2024-04-08 22:22:35.189217: Current epoch: 14, loss: 0.14292047917842865, validation loss: 0.173335000872612
2024-04-08 22:22:52.310823:2024-04-08 22:22:52.310671: Current epoch: 15, loss: 0.14074552059173584, validation loss: 0.14215171337127686
2024-04-08 22:23:09.674617:2024-04-08 22:23:09.674528: Current epoch: 16, loss: 0.13932287693023682, validation loss: 0.13509878516197205
2024-04-08 22:23:26.994018:2024-04-08 22:23:26.993886: Current epoch: 17, loss: 0.13694237172603607, validation loss: 0.14271390438079834
2024-04-08 22:23:44.164479:2024-04-08 22:23:44.164384: Current epoch: 18, loss: 0.13671644032001495, validation loss: 0.1323520690202713
2024-04-08 22:24:01.986733:2024-04-08 22:24:01.986561: Current epoch: 19, loss: 0.13399583101272583, validation loss: 0.15802288055419922
2024-04-08 22:24:19.452901:2024-04-08 22:24:19.452746: Current epoch: 20, loss: 0.13439130783081055, validation loss: 0.14255881309509277
2024-04-08 22:24:36.212067:2024-04-08 22:24:36.211982: Current epoch: 21, loss: 0.13170090317726135, validation loss: 0.12995770573616028
2024-04-08 22:24:53.204781:2024-04-08 22:24:53.204626: Current epoch: 22, loss: 0.13045722246170044, validation loss: 0.13622373342514038
2024-04-08 22:25:10.245810:2024-04-08 22:25:10.245723: Current epoch: 23, loss: 0.12993556261062622, validation loss: 0.12993551790714264
2024-04-08 22:25:26.732396:2024-04-08 22:25:26.732317: Current epoch: 24, loss: 0.12785878777503967, validation loss: 0.124331533908844
2024-04-08 22:25:43.961003:2024-04-08 22:25:43.960853: Current epoch: 25, loss: 0.12766487896442413, validation loss: 0.13078802824020386
2024-04-08 22:26:01.544072:2024-04-08 22:26:01.543991: Current epoch: 26, loss: 0.12581034004688263, validation loss: 0.1202138215303421
2024-04-08 22:26:18.570450:2024-04-08 22:26:18.570295: Current epoch: 27, loss: 0.12479763478040695, validation loss: 0.135051891207695
2024-04-08 22:26:35.889810:2024-04-08 22:26:35.889656: Current epoch: 28, loss: 0.12338817119598389, validation loss: 0.12109120190143585
2024-04-08 22:26:52.911150:2024-04-08 22:26:52.911067: Current epoch: 29, loss: 0.12232034653425217, validation loss: 0.11802790313959122
2024-04-08 22:27:11.982245:2024-04-08 22:27:11.982094: Current epoch: 30, loss: 0.12063242495059967, validation loss: 0.11888571083545685
2024-04-08 22:27:29.299644:2024-04-08 22:27:29.299486: Current epoch: 31, loss: 0.11969105154275894, validation loss: 0.13084183633327484
2024-04-08 22:27:46.306901:2024-04-08 22:27:46.306820: Current epoch: 32, loss: 0.11923308670520782, validation loss: 0.11690876632928848
2024-04-08 22:28:03.293286:2024-04-08 22:28:03.293125: Current epoch: 33, loss: 0.11878791451454163, validation loss: 0.12110147625207901
2024-04-08 22:28:20.504995:2024-04-08 22:28:20.504873: Current epoch: 34, loss: 0.11705359816551208, validation loss: 0.11956438422203064
2024-04-08 22:28:37.454748:2024-04-08 22:28:37.454593: Current epoch: 35, loss: 0.11577993631362915, validation loss: 0.11991702020168304
2024-04-08 22:28:54.217069:2024-04-08 22:28:54.216910: Current epoch: 36, loss: 0.11517982929944992, validation loss: 0.1262851059436798
2024-04-08 22:29:10.965667:2024-04-08 22:29:10.965512: Current epoch: 37, loss: 0.11394878476858139, validation loss: 0.1180531457066536
2024-04-08 22:29:28.155261:2024-04-08 22:29:28.155174: Current epoch: 38, loss: 0.11238465458154678, validation loss: 0.11405166983604431
2024-04-08 22:29:45.596028:2024-04-08 22:29:45.595848: Current epoch: 39, loss: 0.11151405423879623, validation loss: 0.11724437028169632
2024-04-08 22:30:05.043139:2024-04-08 22:30:05.042984: Current epoch: 40, loss: 0.11145700514316559, validation loss: 0.12284141033887863
2024-04-08 22:30:21.740114:2024-04-08 22:30:21.739973: Current epoch: 41, loss: 0.11068209260702133, validation loss: 0.1167290136218071
2024-04-08 22:30:38.898061:2024-04-08 22:30:38.897900: Current epoch: 42, loss: 0.10941118746995926, validation loss: 0.1257590651512146
2024-04-08 22:30:56.353204:2024-04-08 22:30:56.353042: Current epoch: 43, loss: 0.10878194123506546, validation loss: 0.11652611196041107
2024-04-08 22:31:13.892424:2024-04-08 22:31:13.892247: Current epoch: 44, loss: 0.10783651471138, validation loss: 0.11531053483486176
2024-04-08 22:31:30.761267:2024-04-08 22:31:30.761110: Current epoch: 45, loss: 0.10534852743148804, validation loss: 0.11886337399482727
2024-04-08 22:31:47.856682:2024-04-08 22:31:47.856598: Current epoch: 46, loss: 0.10594171285629272, validation loss: 0.11310558021068573
2024-04-08 22:32:05.208165:2024-04-08 22:32:05.208075: Current epoch: 47, loss: 0.10426242649555206, validation loss: 0.10571517050266266
2024-04-08 22:32:22.404960:2024-04-08 22:32:22.404804: Current epoch: 48, loss: 0.1036563441157341, validation loss: 0.10808207839727402
2024-04-08 22:32:39.834257:2024-04-08 22:32:39.834117: Current epoch: 49, loss: 0.10228769481182098, validation loss: 0.11436746269464493
2024-04-08 22:32:59.560221:2024-04-08 22:32:59.560067: Current epoch: 50, loss: 0.1010681614279747, validation loss: 0.10903064161539078
2024-04-08 22:33:16.754306:2024-04-08 22:33:16.754153: Current epoch: 51, loss: 0.10031874477863312, validation loss: 0.11034991592168808
2024-04-08 22:33:34.010126:2024-04-08 22:33:34.009952: Current epoch: 52, loss: 0.0995989590883255, validation loss: 0.12013684958219528
2024-04-08 22:33:50.843913:2024-04-08 22:33:50.843781: Current epoch: 53, loss: 0.09768091887235641, validation loss: 0.10900388658046722
2024-04-08 22:34:08.072384:2024-04-08 22:34:08.072212: Current epoch: 54, loss: 0.09711690992116928, validation loss: 0.11033542454242706
2024-04-08 22:34:25.353974:2024-04-08 22:34:25.353830: Current epoch: 55, loss: 0.09570496529340744, validation loss: 0.10735917836427689
2024-04-08 22:34:42.946372:2024-04-08 22:34:42.946283: Current epoch: 56, loss: 0.09474674612283707, validation loss: 0.10403822362422943
2024-04-08 22:34:59.737312:2024-04-08 22:34:59.737219: Current epoch: 57, loss: 0.09423034638166428, validation loss: 0.10325440019369125
2024-04-08 22:35:16.603790:2024-04-08 22:35:16.603715: Current epoch: 58, loss: 0.09435299038887024, validation loss: 0.10270345211029053
2024-04-08 22:35:33.738785:2024-04-08 22:35:33.738631: Current epoch: 59, loss: 0.09195780754089355, validation loss: 0.11827145516872406
2024-04-08 22:35:50.733032:2024-04-08 22:35:50.732875: Current epoch: 60, loss: 0.09051241725683212, validation loss: 0.10510119795799255
2024-04-08 22:36:07.989269:2024-04-08 22:36:07.989115: Current epoch: 61, loss: 0.09092304855585098, validation loss: 0.10323960334062576
2024-04-08 22:36:25.065869:2024-04-08 22:36:25.065777: Current epoch: 62, loss: 0.0896943137049675, validation loss: 0.10074834525585175
2024-04-08 22:36:42.098642:2024-04-08 22:36:42.098529: Current epoch: 63, loss: 0.091495081782341, validation loss: 0.10914438217878342
2024-04-08 22:36:59.051641:2024-04-08 22:36:59.051513: Current epoch: 64, loss: 0.08828655630350113, validation loss: 0.10170247405767441
2024-04-08 22:37:16.216363:2024-04-08 22:37:16.216277: Current epoch: 65, loss: 0.0873718187212944, validation loss: 0.0976153090596199
2024-04-08 22:37:33.159957:2024-04-08 22:37:33.159843: Current epoch: 66, loss: 0.08544772118330002, validation loss: 0.11635378748178482
2024-04-08 22:37:50.830038:2024-04-08 22:37:50.829881: Current epoch: 67, loss: 0.08490578830242157, validation loss: 0.10245387256145477
2024-04-08 22:38:08.871829:2024-04-08 22:38:08.871697: Current epoch: 68, loss: 0.08478302508592606, validation loss: 0.10639643669128418
2024-04-08 22:38:26.145442:2024-04-08 22:38:26.145226: Current epoch: 69, loss: 0.0835813581943512, validation loss: 0.09948058426380157
2024-04-08 22:38:45.385043:2024-04-08 22:38:45.384958: Current epoch: 70, loss: 0.08233008533716202, validation loss: 0.09649608284235
2024-04-08 22:39:02.676002:2024-04-08 22:39:02.675690: Current epoch: 71, loss: 0.08103426545858383, validation loss: 0.09650858491659164
2024-04-08 22:39:20.438384:2024-04-08 22:39:20.438204: Current epoch: 72, loss: 0.08072521537542343, validation loss: 0.10178938508033752
2024-04-08 22:39:37.573353:2024-04-08 22:39:37.573179: Current epoch: 73, loss: 0.0805874615907669, validation loss: 0.10555106401443481
2024-04-08 22:39:54.630120:2024-04-08 22:39:54.629867: Current epoch: 74, loss: 0.07954271882772446, validation loss: 0.10598385334014893
2024-04-08 22:40:11.428767:2024-04-08 22:40:11.428646: Current epoch: 75, loss: 0.07832479476928711, validation loss: 0.11346185207366943
2024-04-08 22:40:28.348507:2024-04-08 22:40:28.348347: Current epoch: 76, loss: 0.07668714225292206, validation loss: 0.1020020917057991
2024-04-08 22:40:44.890943:2024-04-08 22:40:44.890807: Current epoch: 77, loss: 0.07689517736434937, validation loss: 0.10218901932239532
2024-04-08 22:41:01.426830:2024-04-08 22:41:01.426689: Current epoch: 78, loss: 0.07571997493505478, validation loss: 0.0987575352191925
2024-04-08 22:41:17.928119:2024-04-08 22:41:17.927976: Current epoch: 79, loss: 0.07632265239953995, validation loss: 0.09960837662220001
2024-04-08 22:41:34.520745:2024-04-08 22:41:34.520615: Current epoch: 80, loss: 0.07394758611917496, validation loss: 0.09872434288263321
2024-04-08 22:41:51.208580:2024-04-08 22:41:51.208463: Current epoch: 81, loss: 0.07228682935237885, validation loss: 0.09991652518510818
2024-04-08 22:42:06.883958:2024-04-08 22:42:06.883831: Current epoch: 82, loss: 0.07249312847852707, validation loss: 0.09774261713027954
2024-04-08 22:42:22.320719:2024-04-08 22:42:22.320627: Current epoch: 83, loss: 0.0705401822924614, validation loss: 0.0978606566786766
2024-04-08 22:42:37.952251:2024-04-08 22:42:37.952114: Current epoch: 84, loss: 0.0711844265460968, validation loss: 0.0968518778681755
2024-04-08 22:42:53.663567:2024-04-08 22:42:53.663523: Current epoch: 85, loss: 0.06822798401117325, validation loss: 0.09429924190044403
2024-04-08 22:43:09.311852:2024-04-08 22:43:09.311743: Current epoch: 86, loss: 0.06900731474161148, validation loss: 0.09517736732959747
2024-04-08 22:43:24.798644:2024-04-08 22:43:24.798571: Current epoch: 87, loss: 0.06795239448547363, validation loss: 0.09171401709318161
2024-04-08 22:43:40.260982:2024-04-08 22:43:40.260856: Current epoch: 88, loss: 0.06731213629245758, validation loss: 0.09318487346172333
2024-04-08 22:43:55.662980:2024-04-08 22:43:55.662870: Current epoch: 89, loss: 0.06557407230138779, validation loss: 0.09909238666296005
2024-04-08 22:44:13.711946:2024-04-08 22:44:13.711866: Current epoch: 90, loss: 0.06530579179525375, validation loss: 0.09045592695474625
2024-04-08 22:44:29.164086:2024-04-08 22:44:29.163948: Current epoch: 91, loss: 0.06487558782100677, validation loss: 0.09600482136011124
2024-04-08 22:44:44.655353:2024-04-08 22:44:44.655196: Current epoch: 92, loss: 0.06438637524843216, validation loss: 0.09923144429922104
2024-04-08 22:45:00.112106:2024-04-08 22:45:00.111989: Current epoch: 93, loss: 0.06320010125637054, validation loss: 0.09422829002141953
2024-04-08 22:45:15.478414:2024-04-08 22:45:15.478259: Current epoch: 94, loss: 0.06396853923797607, validation loss: 0.09641717374324799
2024-04-08 22:45:30.882417:2024-04-08 22:45:30.882294: Current epoch: 95, loss: 0.06246241554617882, validation loss: 0.09878254681825638
2024-04-08 22:45:46.111646:2024-04-08 22:45:46.111587: Current epoch: 96, loss: 0.06056729331612587, validation loss: 0.09276344627141953
2024-04-08 22:46:01.596352:2024-04-08 22:46:01.596193: Current epoch: 97, loss: 0.06119527667760849, validation loss: 0.10385087132453918
2024-04-08 22:46:16.874993:2024-04-08 22:46:16.874927: Current epoch: 98, loss: 0.06076899543404579, validation loss: 0.09638771414756775
2024-04-08 22:46:32.239211:2024-04-08 22:46:32.239095: Current epoch: 99, loss: 0.0589982233941555, validation loss: 0.09312206506729126
2024-04-08 22:46:50.116824:2024-04-08 22:46:50.116753: Current epoch: 100, loss: 0.05750357359647751, validation loss: 0.09227049350738525
2024-04-08 22:47:06.009960:2024-04-08 22:47:06.009908: Current epoch: 101, loss: 0.05771638825535774, validation loss: 0.08985469490289688
2024-04-08 22:47:22.208640:2024-04-08 22:47:22.208510: Current epoch: 102, loss: 0.05725086107850075, validation loss: 0.09278722107410431
2024-04-08 22:47:38.382928:2024-04-08 22:47:38.382857: Current epoch: 103, loss: 0.055722299963235855, validation loss: 0.09347925335168839
2024-04-08 22:47:54.457058:2024-04-08 22:47:54.456953: Current epoch: 104, loss: 0.05518355965614319, validation loss: 0.0914219319820404
2024-04-08 22:48:10.488826:2024-04-08 22:48:10.488744: Current epoch: 105, loss: 0.05531735345721245, validation loss: 0.09971578419208527
2024-04-08 22:48:26.645622:2024-04-08 22:48:26.645557: Current epoch: 106, loss: 0.0536806657910347, validation loss: 0.09151409566402435
2024-04-08 22:48:42.665147:2024-04-08 22:48:42.665083: Current epoch: 107, loss: 0.055273137986660004, validation loss: 0.09256971627473831
2024-04-08 22:48:59.020907:2024-04-08 22:48:59.020766: Current epoch: 108, loss: 0.05374046042561531, validation loss: 0.09576097875833511
2024-04-08 22:49:15.203545:2024-04-08 22:49:15.203467: Current epoch: 109, loss: 0.052205976098775864, validation loss: 0.08921251446008682
2024-04-08 22:49:33.761948:2024-04-08 22:49:33.761810: Current epoch: 110, loss: 0.051603056490421295, validation loss: 0.08945800364017487
2024-04-08 22:49:50.347555:2024-04-08 22:49:50.347417: Current epoch: 111, loss: 0.052455369383096695, validation loss: 0.09306295961141586
2024-04-08 22:50:06.968830:2024-04-08 22:50:06.968704: Current epoch: 112, loss: 0.051511023193597794, validation loss: 0.0899646058678627
2024-04-08 22:50:23.420585:2024-04-08 22:50:23.420512: Current epoch: 113, loss: 0.05034548416733742, validation loss: 0.10183688253164291
2024-04-08 22:50:39.707088:2024-04-08 22:50:39.707012: Current epoch: 114, loss: 0.0503104142844677, validation loss: 0.08839574456214905
2024-04-08 22:50:56.123439:2024-04-08 22:50:56.123294: Current epoch: 115, loss: 0.04833042994141579, validation loss: 0.0898444801568985
2024-04-08 22:51:12.565349:2024-04-08 22:51:12.565195: Current epoch: 116, loss: 0.04882984608411789, validation loss: 0.08913466334342957
2024-04-08 22:51:28.921316:2024-04-08 22:51:28.921156: Current epoch: 117, loss: 0.04879498854279518, validation loss: 0.08893369883298874
2024-04-08 22:51:45.077160:2024-04-08 22:51:45.077032: Current epoch: 118, loss: 0.048327960073947906, validation loss: 0.09048610180616379
2024-04-08 22:52:01.448331:2024-04-08 22:52:01.448178: Current epoch: 119, loss: 0.04696916043758392, validation loss: 0.09325797855854034
2024-04-08 22:52:17.676033:2024-04-08 22:52:17.675902: Current epoch: 120, loss: 0.04768657684326172, validation loss: 0.08920050412416458
2024-04-08 22:52:34.046916:2024-04-08 22:52:34.046779: Current epoch: 121, loss: 0.046975456178188324, validation loss: 0.08880948275327682
2024-04-08 22:52:50.322792:2024-04-08 22:52:50.322680: Current epoch: 122, loss: 0.047243449836969376, validation loss: 0.09204966574907303
2024-04-08 22:53:06.501456:2024-04-08 22:53:06.501333: Current epoch: 123, loss: 0.04470018297433853, validation loss: 0.08877421170473099
2024-04-08 22:53:22.527673:2024-04-08 22:53:22.527553: Current epoch: 124, loss: 0.04567602649331093, validation loss: 0.09582575410604477
2024-04-08 22:53:38.717086:2024-04-08 22:53:38.717022: Current epoch: 125, loss: 0.04475110396742821, validation loss: 0.09372155368328094
2024-04-08 22:53:54.560070:2024-04-08 22:53:54.559996: Current epoch: 126, loss: 0.04463507980108261, validation loss: 0.08642807602882385
2024-04-08 22:54:10.605023:2024-04-08 22:54:10.604950: Current epoch: 127, loss: 0.04424427077174187, validation loss: 0.09127398580312729
2024-04-08 22:54:26.681644:2024-04-08 22:54:26.681575: Current epoch: 128, loss: 0.04288165271282196, validation loss: 0.08975164592266083
2024-04-08 22:54:43.261600:2024-04-08 22:54:43.261460: Current epoch: 129, loss: 0.041689611971378326, validation loss: 0.09117919206619263
2024-04-08 22:54:59.785995:2024-04-08 22:54:59.785850: Current epoch: 130, loss: 0.04234965890645981, validation loss: 0.09111232310533524
2024-04-08 22:55:16.028222:2024-04-08 22:55:16.028093: Current epoch: 131, loss: 0.042916636914014816, validation loss: 0.09153705835342407
2024-04-08 22:55:33.009805:2024-04-08 22:55:33.009660: Current epoch: 132, loss: 0.04282328113913536, validation loss: 0.08876718580722809
2024-04-08 22:55:50.337119:2024-04-08 22:55:50.336982: Current epoch: 133, loss: 0.0403585284948349, validation loss: 0.08870131522417068
2024-04-08 22:56:06.919876:2024-04-08 22:56:06.919733: Current epoch: 134, loss: 0.04076521843671799, validation loss: 0.08855517208576202
2024-04-08 22:56:24.106031:2024-04-08 22:56:24.105900: Current epoch: 135, loss: 0.04059668630361557, validation loss: 0.08968214690685272
2024-04-08 22:56:40.656646:2024-04-08 22:56:40.656504: Current epoch: 136, loss: 0.04107373580336571, validation loss: 0.09022937715053558
2024-04-08 22:56:57.019831:2024-04-08 22:56:57.019757: Current epoch: 137, loss: 0.03935045376420021, validation loss: 0.0862182229757309
2024-04-08 22:57:13.982268:2024-04-08 22:57:13.982122: Current epoch: 138, loss: 0.03972901031374931, validation loss: 0.09025439620018005
2024-04-08 22:57:30.638920:2024-04-08 22:57:30.638776: Current epoch: 139, loss: 0.03880639001727104, validation loss: 0.08759685605764389
2024-04-08 22:57:50.010619:2024-04-08 22:57:50.010475: Current epoch: 140, loss: 0.0405663438141346, validation loss: 0.09126418083906174
2024-04-08 22:58:06.766950:2024-04-08 22:58:06.766790: Current epoch: 141, loss: 0.03789887949824333, validation loss: 0.0897187888622284
2024-04-08 22:58:23.571540:2024-04-08 22:58:23.571391: Current epoch: 142, loss: 0.0382281094789505, validation loss: 0.08802549540996552
2024-04-08 22:58:41.318313:2024-04-08 22:58:41.318148: Current epoch: 143, loss: 0.037952423095703125, validation loss: 0.09233677387237549
2024-04-08 22:58:58.133379:2024-04-08 22:58:58.133220: Current epoch: 144, loss: 0.03723518177866936, validation loss: 0.08662828803062439
2024-04-08 22:59:14.772002:2024-04-08 22:59:14.771858: Current epoch: 145, loss: 0.03655330091714859, validation loss: 0.08878696709871292
2024-04-08 22:59:31.443566:2024-04-08 22:59:31.443404: Current epoch: 146, loss: 0.03718908503651619, validation loss: 0.09206261485815048
2024-04-08 22:59:48.283554:2024-04-08 22:59:48.283387: Current epoch: 147, loss: 0.03550443798303604, validation loss: 0.08797305822372437
2024-04-08 23:00:05.096428:2024-04-08 23:00:05.096297: Current epoch: 148, loss: 0.035851962864398956, validation loss: 0.08964068442583084
2024-04-08 23:00:22.150242:2024-04-08 23:00:22.150082: Current epoch: 149, loss: 0.037437476217746735, validation loss: 0.0876358300447464
2024-04-08 23:00:39.190934:2024-04-08 23:00:39.190757: Current epoch: 150, loss: 0.035671040415763855, validation loss: 0.08891084790229797
2024-04-08 23:00:55.689441:2024-04-08 23:00:55.689311: Current epoch: 151, loss: 0.035353150218725204, validation loss: 0.08879811316728592
2024-04-08 23:01:12.139324:2024-04-08 23:01:12.139246: Current epoch: 152, loss: 0.035896752029657364, validation loss: 0.08607427775859833
2024-04-08 23:01:28.639508:2024-04-08 23:01:28.639352: Current epoch: 153, loss: 0.034519799053668976, validation loss: 0.08714411407709122
2024-04-08 23:01:45.310134:2024-04-08 23:01:45.309972: Current epoch: 154, loss: 0.03381611779332161, validation loss: 0.08878182619810104
2024-04-08 23:02:02.232759:2024-04-08 23:02:02.232645: Current epoch: 155, loss: 0.0336373895406723, validation loss: 0.08887604624032974
2024-04-08 23:02:18.925434:2024-04-08 23:02:18.925286: Current epoch: 156, loss: 0.03397267311811447, validation loss: 0.08629365265369415
2024-04-08 23:02:36.083530:2024-04-08 23:02:36.083397: Current epoch: 157, loss: 0.03304102644324303, validation loss: 0.08623133599758148
2024-04-08 23:02:53.013203:2024-04-08 23:02:53.013058: Current epoch: 158, loss: 0.03446560353040695, validation loss: 0.09128110110759735
2024-04-08 23:03:10.007293:2024-04-08 23:03:10.007142: Current epoch: 159, loss: 0.0333087183535099, validation loss: 0.0881417766213417
2024-04-08 23:03:27.302944:2024-04-08 23:03:27.302787: Current epoch: 160, loss: 0.032605644315481186, validation loss: 0.08703912794589996
2024-04-08 23:03:43.895366:2024-04-08 23:03:43.895290: Current epoch: 161, loss: 0.03199157863855362, validation loss: 0.08525589853525162
2024-04-08 23:04:00.614252:2024-04-08 23:04:00.614097: Current epoch: 162, loss: 0.0318792499601841, validation loss: 0.08615614473819733
2024-04-08 23:04:17.132625:2024-04-08 23:04:17.132483: Current epoch: 163, loss: 0.03191117197275162, validation loss: 0.08877428621053696
2024-04-08 23:04:33.787970:2024-04-08 23:04:33.787822: Current epoch: 164, loss: 0.03275834396481514, validation loss: 0.08631676435470581
2024-04-08 23:04:50.270914:2024-04-08 23:04:50.270787: Current epoch: 165, loss: 0.03202112764120102, validation loss: 0.09142987430095673
2024-04-08 23:05:06.950436:2024-04-08 23:05:06.950270: Current epoch: 166, loss: 0.03067866899073124, validation loss: 0.08548804372549057
2024-04-08 23:05:23.485152:2024-04-08 23:05:23.485012: Current epoch: 167, loss: 0.031097568571567535, validation loss: 0.09232937544584274
2024-04-08 23:05:40.324186:2024-04-08 23:05:40.324046: Current epoch: 168, loss: 0.03092936985194683, validation loss: 0.08644617348909378
2024-04-08 23:05:57.879424:2024-04-08 23:05:57.879232: Current epoch: 169, loss: 0.030939629301428795, validation loss: 0.08769058436155319
2024-04-08 23:06:15.405150:2024-04-08 23:06:15.405076: Current epoch: 170, loss: 0.03053690679371357, validation loss: 0.08720321953296661
2024-04-08 23:06:32.089187:2024-04-08 23:06:32.089021: Current epoch: 171, loss: 0.03103046491742134, validation loss: 0.0884978249669075
2024-04-08 23:06:48.760894:2024-04-08 23:06:48.760749: Current epoch: 172, loss: 0.029654696583747864, validation loss: 0.0858808234333992
2024-04-08 23:07:05.454973:2024-04-08 23:07:05.454835: Current epoch: 173, loss: 0.028979221358895302, validation loss: 0.08960887044668198
2024-04-08 23:07:22.396205:2024-04-08 23:07:22.396063: Current epoch: 174, loss: 0.029038675129413605, validation loss: 0.0881945937871933
2024-04-08 23:07:39.279325:2024-04-08 23:07:39.279189: Current epoch: 175, loss: 0.029857110232114792, validation loss: 0.0871056541800499
2024-04-08 23:07:55.480043:2024-04-08 23:07:55.479931: Current epoch: 176, loss: 0.028797520324587822, validation loss: 0.08869579434394836
2024-04-08 23:08:12.041397:2024-04-08 23:08:12.041228: Current epoch: 177, loss: 0.029568519443273544, validation loss: 0.08815249800682068
2024-04-08 23:08:28.592818:2024-04-08 23:08:28.592658: Current epoch: 178, loss: 0.02933642640709877, validation loss: 0.08901995420455933
2024-04-08 23:08:45.702394:2024-04-08 23:08:45.702224: Current epoch: 179, loss: 0.029035717248916626, validation loss: 0.08644245564937592
2024-04-08 23:09:04.655265:2024-04-08 23:09:04.655116: Current epoch: 180, loss: 0.02820049412548542, validation loss: 0.08968085050582886
2024-04-08 23:09:21.541553:2024-04-08 23:09:21.541373: Current epoch: 181, loss: 0.03225592151284218, validation loss: 0.0872090682387352
2024-04-08 23:09:38.797032:2024-04-08 23:09:38.796886: Current epoch: 182, loss: 0.026852240785956383, validation loss: 0.088127002120018
2024-04-08 23:09:56.128156:2024-04-08 23:09:56.127986: Current epoch: 183, loss: 0.02749476209282875, validation loss: 0.08786240965127945
2024-04-08 23:10:13.145526:2024-04-08 23:10:13.145378: Current epoch: 184, loss: 0.027997881174087524, validation loss: 0.08711256831884384
2024-04-08 23:10:30.615654:2024-04-08 23:10:30.615571: Current epoch: 185, loss: 0.02731359377503395, validation loss: 0.08484063297510147
2024-04-08 23:10:47.435665:2024-04-08 23:10:47.435505: Current epoch: 186, loss: 0.028199302032589912, validation loss: 0.0876435711979866
2024-04-08 23:11:04.045930:2024-04-08 23:11:04.045790: Current epoch: 187, loss: 0.028374506160616875, validation loss: 0.08640510588884354
2024-04-08 23:11:20.758946:2024-04-08 23:11:20.758806: Current epoch: 188, loss: 0.027612600475549698, validation loss: 0.08771616220474243
2024-04-08 23:11:37.438246:2024-04-08 23:11:37.438106: Current epoch: 189, loss: 0.026595307514071465, validation loss: 0.10073771327733994
2024-04-08 23:11:54.141358:2024-04-08 23:11:54.141224: Current epoch: 190, loss: 0.026473505422472954, validation loss: 0.08611030876636505
2024-04-08 23:12:11.229557:2024-04-08 23:12:11.229411: Current epoch: 191, loss: 0.026521161198616028, validation loss: 0.08663084357976913
2024-04-08 23:12:28.024269:2024-04-08 23:12:28.024108: Current epoch: 192, loss: 0.026216475293040276, validation loss: 0.08553127199411392
2024-04-08 23:12:44.563597:2024-04-08 23:12:44.563456: Current epoch: 193, loss: 0.025803858414292336, validation loss: 0.09002111107110977
2024-04-08 23:13:01.115236:2024-04-08 23:13:01.115081: Current epoch: 194, loss: 0.025881480425596237, validation loss: 0.08854302018880844
2024-04-08 23:13:17.700838:2024-04-08 23:13:17.700700: Current epoch: 195, loss: 0.026402795687317848, validation loss: 0.08688680827617645
2024-04-08 23:13:34.730441:2024-04-08 23:13:34.730261: Current epoch: 196, loss: 0.026149561628699303, validation loss: 0.08755617588758469
2024-04-08 23:13:51.295964:2024-04-08 23:13:51.295822: Current epoch: 197, loss: 0.02541469596326351, validation loss: 0.08609338104724884
2024-04-08 23:14:08.138685:2024-04-08 23:14:08.138595: Current epoch: 198, loss: 0.025364018976688385, validation loss: 0.0892389640212059
2024-04-08 23:14:24.861160:2024-04-08 23:14:24.860977: Current epoch: 199, loss: 0.02650589682161808, validation loss: 0.08809687942266464
2024-04-08 23:14:41.499501:2024-04-08 23:14:41.499245: Current epoch: 200, loss: 0.024701671674847603, validation loss: 0.08805794268846512
2024-04-08 23:14:58.114419:2024-04-08 23:14:58.114349: Current epoch: 201, loss: 0.024839164689183235, validation loss: 0.08680162578821182
2024-04-08 23:15:15.545740:2024-04-08 23:15:15.545598: Current epoch: 202, loss: 0.025452692061662674, validation loss: 0.08948006480932236
2024-04-08 23:15:32.177175:2024-04-08 23:15:32.177027: Current epoch: 203, loss: 0.02501661330461502, validation loss: 0.08851241320371628
2024-04-08 23:15:48.768172:2024-04-08 23:15:48.767878: Current epoch: 204, loss: 0.024435246363282204, validation loss: 0.09070131927728653
2024-04-08 23:16:05.357117:2024-04-08 23:16:05.356957: Current epoch: 205, loss: 0.024053575471043587, validation loss: 0.0863143652677536
2024-04-08 23:16:21.888349:2024-04-08 23:16:21.888183: Current epoch: 206, loss: 0.024072907865047455, validation loss: 0.0857548713684082
2024-04-08 23:16:39.169934:2024-04-08 23:16:39.169817: Current epoch: 207, loss: 0.02431517280638218, validation loss: 0.08860091120004654
2024-04-08 23:16:55.879435:2024-04-08 23:16:55.879261: Current epoch: 208, loss: 0.02362515777349472, validation loss: 0.08912885189056396
2024-04-08 23:17:13.040359:2024-04-08 23:17:13.040133: Current epoch: 209, loss: 0.025542326271533966, validation loss: 0.08711991459131241
2024-04-08 23:17:30.003201:2024-04-08 23:17:30.003017: Current epoch: 210, loss: 0.022809159010648727, validation loss: 0.0881212055683136
2024-04-08 23:17:46.750797:2024-04-08 23:17:46.750565: Current epoch: 211, loss: 0.02361738495528698, validation loss: 0.08619701117277145
2024-04-08 23:18:03.453931:2024-04-08 23:18:03.453782: Current epoch: 212, loss: 0.024509739130735397, validation loss: 0.0867789089679718
2024-04-08 23:18:20.341842:2024-04-08 23:18:20.341695: Current epoch: 213, loss: 0.02329321950674057, validation loss: 0.08655290305614471
2024-04-08 23:18:37.201349:2024-04-08 23:18:37.201173: Current epoch: 214, loss: 0.023697832599282265, validation loss: 0.08774207532405853
2024-04-08 23:18:54.151324:2024-04-08 23:18:54.151190: Current epoch: 215, loss: 0.024720793589949608, validation loss: 0.08626094460487366
2024-04-08 23:19:11.097285:2024-04-08 23:19:11.097129: Current epoch: 216, loss: 0.022109705954790115, validation loss: 0.08694227039813995
2024-04-08 23:19:28.000127:2024-04-08 23:19:27.999983: Current epoch: 217, loss: 0.022841667756438255, validation loss: 0.0884242132306099
2024-04-08 23:19:45.045483:2024-04-08 23:19:45.045359: Current epoch: 218, loss: 0.022348249331116676, validation loss: 0.08680092543363571
2024-04-08 23:20:01.933486:2024-04-08 23:20:01.933340: Current epoch: 219, loss: 0.023005958646535873, validation loss: 0.08539406955242157
2024-04-08 23:20:20.891087:2024-04-08 23:20:20.890919: Current epoch: 220, loss: 0.02339964732527733, validation loss: 0.0869700014591217
2024-04-08 23:20:37.777152:2024-04-08 23:20:37.777005: Current epoch: 221, loss: 0.02234525978565216, validation loss: 0.08539848029613495
2024-04-08 23:20:54.653070:2024-04-08 23:20:54.652951: Current epoch: 222, loss: 0.022872012108564377, validation loss: 0.08643609285354614
2024-04-08 23:21:11.652634:2024-04-08 23:21:11.652333: Current epoch: 223, loss: 0.02217077650129795, validation loss: 0.08519213646650314
2024-04-08 23:21:28.676163:2024-04-08 23:21:28.676026: Current epoch: 224, loss: 0.023045605048537254, validation loss: 0.08579058200120926
2024-04-08 23:21:45.568577:2024-04-08 23:21:45.568398: Current epoch: 225, loss: 0.021784311160445213, validation loss: 0.0849572941660881
2024-04-08 23:22:02.263933:2024-04-08 23:22:02.263787: Current epoch: 226, loss: 0.022663190960884094, validation loss: 0.08574311435222626
2024-04-08 23:22:18.639777:2024-04-08 23:22:18.639546: Current epoch: 227, loss: 0.022278621792793274, validation loss: 0.08779626339673996
2024-04-08 23:22:35.946091:2024-04-08 23:22:35.945979: Current epoch: 228, loss: 0.021604023873806, validation loss: 0.08626935631036758
2024-04-08 23:22:52.474219:2024-04-08 23:22:52.474079: Current epoch: 229, loss: 0.021838713437318802, validation loss: 0.08624500036239624
2024-04-08 23:23:09.172391:2024-04-08 23:23:09.172224: Current epoch: 230, loss: 0.021680530160665512, validation loss: 0.08612924814224243
2024-04-08 23:23:25.902869:2024-04-08 23:23:25.902729: Current epoch: 231, loss: 0.021520916372537613, validation loss: 0.08839695155620575
2024-04-08 23:23:42.425814:2024-04-08 23:23:42.425670: Current epoch: 232, loss: 0.022208109498023987, validation loss: 0.08958940207958221
2024-04-08 23:23:59.228138:2024-04-08 23:23:59.227928: Current epoch: 233, loss: 0.02129277028143406, validation loss: 0.08682514727115631
2024-04-08 23:24:16.298490:2024-04-08 23:24:16.297380: Current epoch: 234, loss: 0.020456168800592422, validation loss: 0.08817731589078903
2024-04-08 23:24:33.565707:2024-04-08 23:24:33.565526: Current epoch: 235, loss: 0.020894335582852364, validation loss: 0.08865570276975632
2024-04-08 23:24:50.824435:2024-04-08 23:24:50.824235: Current epoch: 236, loss: 0.022284533828496933, validation loss: 0.08865774422883987
2024-04-08 23:25:07.901074:2024-04-08 23:25:07.900895: Current epoch: 237, loss: 0.02120519056916237, validation loss: 0.08565905690193176
2024-04-08 23:25:24.835739:2024-04-08 23:25:24.835560: Current epoch: 238, loss: 0.02125941403210163, validation loss: 0.08751321583986282
2024-04-08 23:25:41.814940:2024-04-08 23:25:41.814782: Current epoch: 239, loss: 0.02026550844311714, validation loss: 0.08592557907104492
2024-04-08 23:25:58.533188:2024-04-08 23:25:58.531901: Current epoch: 240, loss: 0.020719613879919052, validation loss: 0.0872860699892044
2024-04-08 23:26:15.303854:2024-04-08 23:26:15.303690: Current epoch: 241, loss: 0.020978758111596107, validation loss: 0.08751139789819717
2024-04-08 23:26:32.941089:2024-04-08 23:26:32.940926: Current epoch: 242, loss: 0.02046290598809719, validation loss: 0.08498600125312805
2024-04-08 23:26:49.816098:2024-04-08 23:26:49.815947: Current epoch: 243, loss: 0.01989763043820858, validation loss: 0.08606500923633575
2024-04-08 23:27:07.144745:2024-04-08 23:27:07.144593: Current epoch: 244, loss: 0.020359573885798454, validation loss: 0.08638360351324081
2024-04-08 23:27:24.918566:2024-04-08 23:27:24.918409: Current epoch: 245, loss: 0.020175179466605186, validation loss: 0.0873897522687912
2024-04-08 23:27:42.230266:2024-04-08 23:27:42.230117: Current epoch: 246, loss: 0.02078673243522644, validation loss: 0.08670245110988617
2024-04-08 23:27:58.792737:2024-04-08 23:27:58.792601: Current epoch: 247, loss: 0.020236950367689133, validation loss: 0.08571483939886093
2024-04-08 23:28:16.037103:2024-04-08 23:28:16.036920: Current epoch: 248, loss: 0.019800005480647087, validation loss: 0.08540201932191849
2024-04-08 23:28:33.194218:2024-04-08 23:28:33.194081: Current epoch: 249, loss: 0.021076127886772156, validation loss: 0.08518190681934357
2024-04-08 23:28:52.356931:2024-04-08 23:28:52.356798: Current epoch: 250, loss: 0.019042139872908592, validation loss: 0.0859379917383194
2024-04-08 23:29:09.109059:2024-04-08 23:29:09.108921: Current epoch: 251, loss: 0.01966150850057602, validation loss: 0.08689530193805695
2024-04-08 23:29:26.496572:2024-04-08 23:29:26.496429: Current epoch: 252, loss: 0.020434679463505745, validation loss: 0.08703292906284332
2024-04-08 23:29:43.429662:2024-04-08 23:29:43.429513: Current epoch: 253, loss: 0.019635193049907684, validation loss: 0.08796054124832153
2024-04-08 23:30:00.968058:2024-04-08 23:30:00.967028: Current epoch: 254, loss: 0.020452428609132767, validation loss: 0.08688032627105713
2024-04-08 23:30:17.674799:2024-04-08 23:30:17.674631: Current epoch: 255, loss: 0.01963876374065876, validation loss: 0.09031525254249573
2024-04-08 23:30:34.406987:2024-04-08 23:30:34.406907: Current epoch: 256, loss: 0.018600016832351685, validation loss: 0.08481395244598389
2024-04-08 23:30:51.876629:2024-04-08 23:30:51.876483: Current epoch: 257, loss: 0.019335679709911346, validation loss: 0.08682529628276825
2024-04-08 23:31:08.881113:2024-04-08 23:31:08.879969: Current epoch: 258, loss: 0.020626191049814224, validation loss: 0.08720724284648895
2024-04-08 23:31:26.055887:2024-04-08 23:31:26.055743: Current epoch: 259, loss: 0.01971757411956787, validation loss: 0.08747606724500656
2024-04-08 23:31:42.949100:2024-04-08 23:31:42.948965: Current epoch: 260, loss: 0.01843233034014702, validation loss: 0.0877663642168045
2024-04-08 23:32:00.357051:2024-04-08 23:32:00.356906: Current epoch: 261, loss: 0.018969513475894928, validation loss: 0.08710628002882004
2024-04-08 23:32:17.215677:2024-04-08 23:32:17.215551: Current epoch: 262, loss: 0.01889253593981266, validation loss: 0.08722547441720963
2024-04-08 23:32:34.426871:2024-04-08 23:32:34.426748: Current epoch: 263, loss: 0.019934065639972687, validation loss: 0.08726590126752853
2024-04-08 23:32:50.993921:2024-04-08 23:32:50.993777: Current epoch: 264, loss: 0.019437693059444427, validation loss: 0.0860152617096901
2024-04-08 23:33:07.660580:2024-04-08 23:33:07.660432: Current epoch: 265, loss: 0.018528660759329796, validation loss: 0.0852552130818367
2024-04-08 23:33:24.715707:2024-04-08 23:33:24.715577: Current epoch: 266, loss: 0.022170990705490112, validation loss: 0.08571682870388031
2024-04-08 23:33:41.599338:2024-04-08 23:33:41.599173: Current epoch: 267, loss: 0.017872342839837074, validation loss: 0.09024719148874283
2024-04-08 23:33:58.365557:2024-04-08 23:33:58.365434: Current epoch: 268, loss: 0.017745366320014, validation loss: 0.08615163713693619
2024-04-08 23:34:15.088119:2024-04-08 23:34:15.087975: Current epoch: 269, loss: 0.020448723807930946, validation loss: 0.08654184639453888
2024-04-08 23:34:32.110392:2024-04-08 23:34:32.110241: Current epoch: 270, loss: 0.017043326050043106, validation loss: 0.08634732663631439
2024-04-08 23:34:49.634476:2024-04-08 23:34:49.634308: Current epoch: 271, loss: 0.018924972042441368, validation loss: 0.08629195392131805
2024-04-08 23:35:06.962577:2024-04-08 23:35:06.962431: Current epoch: 272, loss: 0.01822853833436966, validation loss: 0.08752991259098053
2024-04-08 23:35:24.115605:2024-04-08 23:35:24.115526: Current epoch: 273, loss: 0.019304173067212105, validation loss: 0.08477949351072311
2024-04-08 23:35:41.021528:2024-04-08 23:35:41.021377: Current epoch: 274, loss: 0.017173221334815025, validation loss: 0.08508891612291336
2024-04-08 23:35:57.943538:2024-04-08 23:35:57.943376: Current epoch: 275, loss: 0.018060006201267242, validation loss: 0.08736729621887207
2024-04-08 23:36:14.690556:2024-04-08 23:36:14.690405: Current epoch: 276, loss: 0.01809856668114662, validation loss: 0.0875614732503891
2024-04-08 23:36:31.712357:2024-04-08 23:36:31.712160: Current epoch: 277, loss: 0.017858071252703667, validation loss: 0.08623732626438141
2024-04-08 23:36:48.599260:2024-04-08 23:36:48.599119: Current epoch: 278, loss: 0.017594337463378906, validation loss: 0.08786112815141678
2024-04-08 23:37:05.438690:2024-04-08 23:37:05.438510: Current epoch: 279, loss: 0.01781006157398224, validation loss: 0.08620145171880722
2024-04-08 23:37:22.609462:2024-04-08 23:37:22.609297: Current epoch: 280, loss: 0.017631063237786293, validation loss: 0.08767860382795334
2024-04-08 23:37:39.434417:2024-04-08 23:37:39.434250: Current epoch: 281, loss: 0.0175623781979084, validation loss: 0.08872739970684052
2024-04-08 23:37:56.763060:2024-04-08 23:37:56.762870: Current epoch: 282, loss: 0.01922748051583767, validation loss: 0.08670935034751892
2024-04-08 23:38:13.879749:2024-04-08 23:38:13.878625: Current epoch: 283, loss: 0.01682278700172901, validation loss: 0.08532301336526871
2024-04-08 23:38:31.033907:2024-04-08 23:38:31.033755: Current epoch: 284, loss: 0.016688304021954536, validation loss: 0.08744087815284729
2024-04-08 23:38:47.631016:2024-04-08 23:38:47.629966: Current epoch: 285, loss: 0.01785985752940178, validation loss: 0.08746388554573059
2024-04-08 23:39:04.681835:2024-04-08 23:39:04.681692: Current epoch: 286, loss: 0.017101183533668518, validation loss: 0.08683948963880539
2024-04-08 23:39:22.062886:2024-04-08 23:39:22.062743: Current epoch: 287, loss: 0.017131095752120018, validation loss: 0.08547542989253998
2024-04-08 23:39:39.594514:2024-04-08 23:39:39.594305: Current epoch: 288, loss: 0.016964253038167953, validation loss: 0.0861382782459259
2024-04-08 23:39:56.539839:2024-04-08 23:39:56.539613: Current epoch: 289, loss: 0.01690661534667015, validation loss: 0.0855717658996582
2024-04-08 23:40:13.390016:2024-04-08 23:40:13.389846: Current epoch: 290, loss: 0.01706087775528431, validation loss: 0.08624798059463501
2024-04-08 23:40:30.281631:2024-04-08 23:40:30.281469: Current epoch: 291, loss: 0.016662722453475, validation loss: 0.0871271938085556
2024-04-08 23:40:46.208992:2024-04-08 23:40:46.208833: Current epoch: 292, loss: 0.01674617826938629, validation loss: 0.0872272476553917
2024-04-08 23:41:02.428234:2024-04-08 23:41:02.428079: Current epoch: 293, loss: 0.0182472076267004, validation loss: 0.08687648177146912
2024-04-08 23:41:18.300135:2024-04-08 23:41:18.300000: Current epoch: 294, loss: 0.016345886513590813, validation loss: 0.08790724724531174
2024-04-08 23:41:33.831331:2024-04-08 23:41:33.831178: Current epoch: 295, loss: 0.017061470076441765, validation loss: 0.08636203408241272
2024-04-08 23:41:50.028794:2024-04-08 23:41:50.028656: Current epoch: 296, loss: 0.01619148626923561, validation loss: 0.08564357459545135
2024-04-08 23:42:05.754111:2024-04-08 23:42:05.753951: Current epoch: 297, loss: 0.01719866879284382, validation loss: 0.08802951872348785
2024-04-08 23:42:21.389393:2024-04-08 23:42:21.389234: Current epoch: 298, loss: 0.017112867906689644, validation loss: 0.08752896636724472
2024-04-08 23:42:36.913136:2024-04-08 23:42:36.912998: Current epoch: 299, loss: 0.01810995489358902, validation loss: 0.08590546250343323
2024-04-08 23:42:52.307786:2024-04-08 23:42:52.307646: Current epoch: 300, loss: 0.01596229523420334, validation loss: 0.08588051795959473
2024-04-08 23:43:08.894701:2024-04-08 23:43:08.894556: Current epoch: 301, loss: 0.01702606864273548, validation loss: 0.08573828637599945
2024-04-08 23:43:25.609060:2024-04-08 23:43:25.608917: Current epoch: 302, loss: 0.015402187593281269, validation loss: 0.0877738893032074
2024-04-08 23:43:42.939547:2024-04-08 23:43:42.939387: Current epoch: 303, loss: 0.016342634335160255, validation loss: 0.0857577919960022
2024-04-08 23:43:59.838253:2024-04-08 23:43:59.838089: Current epoch: 304, loss: 0.017247354611754417, validation loss: 0.08804714679718018
2024-04-08 23:44:16.473819:2024-04-08 23:44:16.473678: Current epoch: 305, loss: 0.016156429424881935, validation loss: 0.08527339994907379
2024-04-08 23:44:33.433429:2024-04-08 23:44:33.433297: Current epoch: 306, loss: 0.018351122736930847, validation loss: 0.08537515252828598
2024-04-08 23:44:50.419706:2024-04-08 23:44:50.419563: Current epoch: 307, loss: 0.015464928932487965, validation loss: 0.08614100515842438
2024-04-08 23:45:07.721100:2024-04-08 23:45:07.720958: Current epoch: 308, loss: 0.015857819467782974, validation loss: 0.08517002314329147
2024-04-08 23:45:24.536202:2024-04-08 23:45:24.536035: Current epoch: 309, loss: 0.01571526937186718, validation loss: 0.08743955940008163
2024-04-08 23:45:41.469724:2024-04-08 23:45:41.469584: Current epoch: 310, loss: 0.017263231799006462, validation loss: 0.08552390336990356
2024-04-08 23:45:59.020622:2024-04-08 23:45:59.020486: Current epoch: 311, loss: 0.016209064051508904, validation loss: 0.09036743640899658
2024-04-08 23:46:15.917996:2024-04-08 23:46:15.917833: Current epoch: 312, loss: 0.015335671603679657, validation loss: 0.08570843189954758
2024-04-08 23:46:32.950006:2024-04-08 23:46:32.949862: Current epoch: 313, loss: 0.015600337646901608, validation loss: 0.08633983135223389
2024-04-08 23:46:49.980092:2024-04-08 23:46:49.979948: Current epoch: 314, loss: 0.015754053369164467, validation loss: 0.08871953189373016
2024-04-08 23:47:06.651150:2024-04-08 23:47:06.650989: Current epoch: 315, loss: 0.015530104748904705, validation loss: 0.08587280660867691
2024-04-08 23:47:23.239268:2024-04-08 23:47:23.239111: Current epoch: 316, loss: 0.015752315521240234, validation loss: 0.08579700440168381
2024-04-08 23:47:39.645049:2024-04-08 23:47:39.644907: Current epoch: 317, loss: 0.015482856892049313, validation loss: 0.08790077269077301
2024-04-08 23:47:56.078414:2024-04-08 23:47:56.078248: Current epoch: 318, loss: 0.01667637564241886, validation loss: 0.08677095174789429
2024-04-08 23:48:12.573361:2024-04-08 23:48:12.573286: Current epoch: 319, loss: 0.014650297351181507, validation loss: 0.08447013050317764
2024-04-08 23:48:31.867465:2024-04-08 23:48:31.867323: Current epoch: 320, loss: 0.016383318230509758, validation loss: 0.08521218597888947
2024-04-08 23:48:48.795017:2024-04-08 23:48:48.794833: Current epoch: 321, loss: 0.015119033865630627, validation loss: 0.08900266885757446
2024-04-08 23:49:05.521347:2024-04-08 23:49:05.521197: Current epoch: 322, loss: 0.01599508710205555, validation loss: 0.08808895945549011
2024-04-08 23:49:22.460594:2024-04-08 23:49:22.460433: Current epoch: 323, loss: 0.01542747113853693, validation loss: 0.08856480568647385
2024-04-08 23:49:39.241192:2024-04-08 23:49:39.241036: Current epoch: 324, loss: 0.015126860700547695, validation loss: 0.08703642338514328
2024-04-08 23:49:56.123945:2024-04-08 23:49:56.123810: Current epoch: 325, loss: 0.01718326471745968, validation loss: 0.08555572479963303
2024-04-08 23:50:12.966713:2024-04-08 23:50:12.966533: Current epoch: 326, loss: 0.01465002540498972, validation loss: 0.08731497824192047
2024-04-08 23:50:29.648238:2024-04-08 23:50:29.648098: Current epoch: 327, loss: 0.014414388686418533, validation loss: 0.08627799898386002
2024-04-08 23:50:47.098616:2024-04-08 23:50:47.098490: Current epoch: 328, loss: 0.016144879162311554, validation loss: 0.08660145848989487
2024-04-08 23:51:03.826223:2024-04-08 23:51:03.826100: Current epoch: 329, loss: 0.014779557473957539, validation loss: 0.08623304963111877
2024-04-08 23:51:21.520518:2024-04-08 23:51:21.520382: Current epoch: 330, loss: 0.01648891158401966, validation loss: 0.086573526263237
2024-04-08 23:51:38.278825:2024-04-08 23:51:38.278687: Current epoch: 331, loss: 0.014715833589434624, validation loss: 0.09003058075904846
2024-04-08 23:51:55.143752:2024-04-08 23:51:55.143619: Current epoch: 332, loss: 0.014984897337853909, validation loss: 0.0871603935956955
2024-04-08 23:52:12.204393:2024-04-08 23:52:12.204219: Current epoch: 333, loss: 0.014982531778514385, validation loss: 0.08947359770536423
2024-04-08 23:52:29.114637:2024-04-08 23:52:29.114454: Current epoch: 334, loss: 0.015234963968396187, validation loss: 0.08761804550886154
2024-04-08 23:52:46.154445:2024-04-08 23:52:46.154300: Current epoch: 335, loss: 0.01445232704281807, validation loss: 0.08510585129261017
2024-04-08 23:53:03.129498:2024-04-08 23:53:03.129356: Current epoch: 336, loss: 0.014613225124776363, validation loss: 0.08749522268772125
2024-04-08 23:53:20.357984:2024-04-08 23:53:20.357829: Current epoch: 337, loss: 0.014801844023168087, validation loss: 0.08615893870592117
2024-04-08 23:53:37.416756:2024-04-08 23:53:37.416631: Current epoch: 338, loss: 0.015180399641394615, validation loss: 0.0875287801027298
2024-04-08 23:53:54.405856:2024-04-08 23:53:54.405674: Current epoch: 339, loss: 0.01494630053639412, validation loss: 0.08810021728277206
2024-04-08 23:54:10.936918:2024-04-08 23:54:10.936760: Current epoch: 340, loss: 0.015114709734916687, validation loss: 0.08643482625484467
2024-04-08 23:54:26.440336:2024-04-08 23:54:26.440186: Current epoch: 341, loss: 0.013900457881391048, validation loss: 0.08537092059850693
2024-04-08 23:54:41.919328:2024-04-08 23:54:41.919178: Current epoch: 342, loss: 0.014289655722677708, validation loss: 0.08572102338075638
2024-04-08 23:54:57.554141:2024-04-08 23:54:57.554009: Current epoch: 343, loss: 0.015031788498163223, validation loss: 0.08529128134250641
2024-04-08 23:55:13.112861:2024-04-08 23:55:13.112717: Current epoch: 344, loss: 0.01458257157355547, validation loss: 0.087250255048275
2024-04-08 23:55:28.780999:2024-04-08 23:55:28.780912: Current epoch: 345, loss: 0.014179297722876072, validation loss: 0.08890843391418457
2024-04-08 23:55:45.376190:2024-04-08 23:55:45.376046: Current epoch: 346, loss: 0.01417015865445137, validation loss: 0.08851591497659683
2024-04-08 23:56:02.012885:2024-04-08 23:56:02.012744: Current epoch: 347, loss: 0.014050297439098358, validation loss: 0.08888494968414307
2024-04-08 23:56:19.035938:2024-04-08 23:56:19.035817: Current epoch: 348, loss: 0.017161285504698753, validation loss: 0.08681780099868774
2024-04-08 23:56:35.682364:2024-04-08 23:56:35.682205: Current epoch: 349, loss: 0.01452932320535183, validation loss: 0.08703508228063583
2024-04-08 23:56:53.055469:2024-04-08 23:56:53.055323: Current epoch: 350, loss: 0.013389918021857738, validation loss: 0.087556391954422
2024-04-08 23:57:10.424740:2024-04-08 23:57:10.424597: Current epoch: 351, loss: 0.014466861262917519, validation loss: 0.0881514698266983
2024-04-08 23:57:26.905091:2024-04-08 23:57:26.904949: Current epoch: 352, loss: 0.01389743760228157, validation loss: 0.08628936856985092
2024-04-08 23:57:43.548994:2024-04-08 23:57:43.548854: Current epoch: 353, loss: 0.013970871455967426, validation loss: 0.08556987345218658
2024-04-08 23:58:00.583367:2024-04-08 23:58:00.583221: Current epoch: 354, loss: 0.015336272306740284, validation loss: 0.08507205545902252
2024-04-08 23:58:17.505642:2024-04-08 23:58:17.505501: Current epoch: 355, loss: 0.013662158511579037, validation loss: 0.08611372858285904
2024-04-08 23:58:34.993312:2024-04-08 23:58:34.993228: Current epoch: 356, loss: 0.013669799081981182, validation loss: 0.08395170420408249
2024-04-08 23:58:51.900887:2024-04-08 23:58:51.900743: Current epoch: 357, loss: 0.017393261194229126, validation loss: 0.0875968337059021
2024-04-08 23:59:08.520020:2024-04-08 23:59:08.519880: Current epoch: 358, loss: 0.013446683064103127, validation loss: 0.0864642783999443
2024-04-08 23:59:25.069890:2024-04-08 23:59:25.069765: Current epoch: 359, loss: 0.014518440701067448, validation loss: 0.08504590392112732
2024-04-08 23:59:42.020052:2024-04-08 23:59:42.019895: Current epoch: 360, loss: 0.013364346697926521, validation loss: 0.08825218677520752
2024-04-08 23:59:58.749151:2024-04-08 23:59:58.749006: Current epoch: 361, loss: 0.01348486915230751, validation loss: 0.08526463061571121
2024-04-09 00:00:15.474439:2024-04-09 00:00:15.474295: Current epoch: 362, loss: 0.013686532154679298, validation loss: 0.0873602107167244
2024-04-09 00:00:31.807683:2024-04-09 00:00:31.807553: Current epoch: 363, loss: 0.013695428147912025, validation loss: 0.08783555775880814
2024-04-09 00:00:48.712110:2024-04-09 00:00:48.711966: Current epoch: 364, loss: 0.013630152679979801, validation loss: 0.0882750079035759
2024-04-09 00:01:05.541429:2024-04-09 00:01:05.541288: Current epoch: 365, loss: 0.013534893281757832, validation loss: 0.08629799634218216
2024-04-09 00:01:22.254912:2024-04-09 00:01:22.254808: Current epoch: 366, loss: 0.013492956757545471, validation loss: 0.08840974420309067
2024-04-09 00:01:38.803955:2024-04-09 00:01:38.803812: Current epoch: 367, loss: 0.013878273777663708, validation loss: 0.08551587909460068
2024-04-09 00:01:55.375672:2024-04-09 00:01:55.375527: Current epoch: 368, loss: 0.016596155241131783, validation loss: 0.0851779654622078
2024-04-09 00:02:11.728308:2024-04-09 00:02:11.728165: Current epoch: 369, loss: 0.01347316149622202, validation loss: 0.08651570975780487
2024-04-09 00:02:27.963970:2024-04-09 00:02:27.963883: Current epoch: 370, loss: 0.012643796391785145, validation loss: 0.08771563321352005
2024-04-09 00:02:44.706863:2024-04-09 00:02:44.706721: Current epoch: 371, loss: 0.013097906485199928, validation loss: 0.08815035969018936
2024-04-09 00:03:01.254089:2024-04-09 00:03:01.253955: Current epoch: 372, loss: 0.013918795622885227, validation loss: 0.08753257989883423
2024-04-09 00:03:17.825301:2024-04-09 00:03:17.825145: Current epoch: 373, loss: 0.013804439455270767, validation loss: 0.08754441887140274
2024-04-09 00:03:34.342902:2024-04-09 00:03:34.342760: Current epoch: 374, loss: 0.015204744413495064, validation loss: 0.08599937707185745
2024-04-09 00:03:51.134805:2024-04-09 00:03:51.134662: Current epoch: 375, loss: 0.012643407098948956, validation loss: 0.08508027344942093
2024-04-09 00:04:08.071567:2024-04-09 00:04:08.071422: Current epoch: 376, loss: 0.012953831814229488, validation loss: 0.08663728833198547
2024-04-09 00:04:25.382515:2024-04-09 00:04:25.382375: Current epoch: 377, loss: 0.013108968734741211, validation loss: 0.08592567592859268
2024-04-09 00:04:42.350407:2024-04-09 00:04:42.350253: Current epoch: 378, loss: 0.014834300614893436, validation loss: 0.08621807396411896
2024-04-09 00:04:59.065145:2024-04-09 00:04:59.064992: Current epoch: 379, loss: 0.012623847462236881, validation loss: 0.08771733194589615
2024-04-09 00:05:15.658016:2024-04-09 00:05:15.657878: Current epoch: 380, loss: 0.013200179673731327, validation loss: 0.09012266248464584
2024-04-09 00:05:32.343367:2024-04-09 00:05:32.343219: Current epoch: 381, loss: 0.013323559425771236, validation loss: 0.087528757750988
2024-04-09 00:05:49.141834:2024-04-09 00:05:49.141691: Current epoch: 382, loss: 0.01288111787289381, validation loss: 0.08777759969234467
2024-04-09 00:06:05.903872:2024-04-09 00:06:05.903736: Current epoch: 383, loss: 0.01300772000104189, validation loss: 0.08604075759649277
2024-04-09 00:06:22.575766:2024-04-09 00:06:22.575624: Current epoch: 384, loss: 0.013060910627245903, validation loss: 0.08607051521539688
2024-04-09 00:06:39.212019:2024-04-09 00:06:39.211867: Current epoch: 385, loss: 0.014888816513121128, validation loss: 0.08670054376125336
2024-04-09 00:06:56.414781:2024-04-09 00:06:56.414611: Current epoch: 386, loss: 0.014071996323764324, validation loss: 0.08477983623743057
2024-04-09 00:07:13.177237:2024-04-09 00:07:13.177099: Current epoch: 387, loss: 0.012100587598979473, validation loss: 0.08602362871170044
2024-04-09 00:07:30.001383:2024-04-09 00:07:30.001221: Current epoch: 388, loss: 0.012709553353488445, validation loss: 0.08537626266479492
2024-04-09 00:07:46.840744:2024-04-09 00:07:46.840611: Current epoch: 389, loss: 0.01303085871040821, validation loss: 0.08698204159736633
2024-04-09 00:08:03.618183:2024-04-09 00:08:03.618039: Current epoch: 390, loss: 0.012570187449455261, validation loss: 0.0853949710726738
2024-04-09 00:08:21.296951:2024-04-09 00:08:21.296834: Current epoch: 391, loss: 0.012787780724465847, validation loss: 0.08595411479473114
2024-04-09 00:08:38.180107:2024-04-09 00:08:38.179970: Current epoch: 392, loss: 0.012617558240890503, validation loss: 0.08600763976573944
2024-04-09 00:08:54.762247:2024-04-09 00:08:54.762106: Current epoch: 393, loss: 0.012822314165532589, validation loss: 0.08678312599658966
2024-04-09 00:09:11.610679:2024-04-09 00:09:11.610517: Current epoch: 394, loss: 0.012908212840557098, validation loss: 0.0861041471362114
2024-04-09 00:09:28.104108:2024-04-09 00:09:28.103975: Current epoch: 395, loss: 0.012642920017242432, validation loss: 0.0866611897945404
2024-04-09 00:09:45.218521:2024-04-09 00:09:45.218372: Current epoch: 396, loss: 0.01263750996440649, validation loss: 0.08768241852521896
2024-04-09 00:10:01.931913:2024-04-09 00:10:01.931771: Current epoch: 397, loss: 0.012529417872428894, validation loss: 0.08593800663948059
2024-04-09 00:10:18.968118:2024-04-09 00:10:18.967952: Current epoch: 398, loss: 0.01566736027598381, validation loss: 0.08573690056800842
2024-04-09 00:10:35.971354:2024-04-09 00:10:35.971159: Current epoch: 399, loss: 0.011673003435134888, validation loss: 0.0858670175075531
2024-04-09 00:10:52.701623:2024-04-09 00:10:52.701481: Current epoch: 400, loss: 0.012882771901786327, validation loss: 0.13035771250724792
2024-04-09 00:11:09.253501:2024-04-09 00:11:09.253357: Current epoch: 401, loss: 0.013297243043780327, validation loss: 0.08589520305395126
2024-04-09 00:11:25.713231:2024-04-09 00:11:25.713076: Current epoch: 402, loss: 0.015103626064956188, validation loss: 0.08544430881738663
2024-04-09 00:11:42.279846:2024-04-09 00:11:42.279687: Current epoch: 403, loss: 0.011422304436564445, validation loss: 0.08552457392215729
2024-04-09 00:11:58.940685:2024-04-09 00:11:58.940542: Current epoch: 404, loss: 0.011863450519740582, validation loss: 0.08547893166542053
2024-04-09 00:12:15.851437:2024-04-09 00:12:15.851307: Current epoch: 405, loss: 0.013575184158980846, validation loss: 0.08543363213539124
2024-04-09 00:12:32.711522:2024-04-09 00:12:32.711378: Current epoch: 406, loss: 0.012650350108742714, validation loss: 0.08842430263757706
2024-04-09 00:12:49.469511:2024-04-09 00:12:49.469368: Current epoch: 407, loss: 0.012118841521441936, validation loss: 0.08684595674276352
2024-04-09 00:13:06.433994:2024-04-09 00:13:06.433851: Current epoch: 408, loss: 0.012071546167135239, validation loss: 0.08618754893541336
2024-04-09 00:13:23.386674:2024-04-09 00:13:23.386498: Current epoch: 409, loss: 0.014590864069759846, validation loss: 0.08548391610383987
2024-04-09 00:13:40.521026:2024-04-09 00:13:40.520896: Current epoch: 410, loss: 0.011141778901219368, validation loss: 0.08636945486068726
2024-04-09 00:13:56.985160:2024-04-09 00:13:56.985030: Current epoch: 411, loss: 0.012204381637275219, validation loss: 0.08608909696340561
2024-04-09 00:14:13.582574:2024-04-09 00:14:13.582424: Current epoch: 412, loss: 0.01213078387081623, validation loss: 0.08699940890073776
2024-04-09 00:14:30.279226:2024-04-09 00:14:30.279077: Current epoch: 413, loss: 0.012158223427832127, validation loss: 0.0868515744805336
2024-04-09 00:14:47.017067:2024-04-09 00:14:47.016927: Current epoch: 414, loss: 0.013257221318781376, validation loss: 0.08695530891418457
2024-04-09 00:15:04.179161:2024-04-09 00:15:04.179017: Current epoch: 415, loss: 0.01187667902559042, validation loss: 0.0858226791024208
2024-04-09 00:15:21.537978:2024-04-09 00:15:21.537760: Current epoch: 416, loss: 0.01171193178743124, validation loss: 0.08633948117494583
2024-04-09 00:15:38.746026:2024-04-09 00:15:38.744891: Current epoch: 417, loss: 0.011819238774478436, validation loss: 0.08654017746448517
2024-04-09 00:15:55.250125:2024-04-09 00:15:55.249922: Current epoch: 418, loss: 0.012097629718482494, validation loss: 0.08536875247955322
2024-04-09 00:16:11.604590:2024-04-09 00:16:11.603533: Current epoch: 419, loss: 0.011989181861281395, validation loss: 0.08620480448007584
2024-04-09 00:16:28.222937:2024-04-09 00:16:28.222796: Current epoch: 420, loss: 0.011916039511561394, validation loss: 0.08604898303747177
2024-04-09 00:16:45.368926:2024-04-09 00:16:45.368781: Current epoch: 421, loss: 0.011839333921670914, validation loss: 0.0876125693321228
2024-04-09 00:17:01.566010:2024-04-09 00:17:01.565861: Current epoch: 422, loss: 0.011948848143219948, validation loss: 0.08567126095294952
2024-04-09 00:17:18.025702:2024-04-09 00:17:18.025559: Current epoch: 423, loss: 0.012511343695223331, validation loss: 0.08701419085264206
2024-04-09 00:17:34.390304:2024-04-09 00:17:34.390143: Current epoch: 424, loss: 0.011571026407182217, validation loss: 0.08536193519830704
2024-04-09 00:17:51.706940:2024-04-09 00:17:51.706802: Current epoch: 425, loss: 0.012329784221947193, validation loss: 0.08776184171438217
2024-04-09 00:18:08.406844:2024-04-09 00:18:08.406696: Current epoch: 426, loss: 0.01139308512210846, validation loss: 0.08656510710716248
2024-04-09 00:18:25.309337:2024-04-09 00:18:25.309165: Current epoch: 427, loss: 0.01197971310466528, validation loss: 0.08670491725206375
2024-04-09 00:18:42.119722:2024-04-09 00:18:42.119609: Current epoch: 428, loss: 0.012429137714207172, validation loss: 0.08766275644302368
2024-04-09 00:18:58.927708:2024-04-09 00:18:58.927549: Current epoch: 429, loss: 0.011849566362798214, validation loss: 0.08662478625774384
2024-04-09 00:19:15.362852:2024-04-09 00:19:15.362691: Current epoch: 430, loss: 0.012600685469806194, validation loss: 0.08734273910522461
2024-04-09 00:19:31.711435:2024-04-09 00:19:31.711263: Current epoch: 431, loss: 0.01128223817795515, validation loss: 0.08642393350601196
2024-04-09 00:19:48.397330:2024-04-09 00:19:48.397172: Current epoch: 432, loss: 0.011121315881609917, validation loss: 0.08754701167345047
2024-04-09 00:20:05.614722:2024-04-09 00:20:05.614591: Current epoch: 433, loss: 0.013293787837028503, validation loss: 0.08461913466453552
2024-04-09 00:20:22.271253:2024-04-09 00:20:22.271111: Current epoch: 434, loss: 0.010660636238753796, validation loss: 0.08838774263858795
2024-04-09 00:20:39.263388:2024-04-09 00:20:39.263241: Current epoch: 435, loss: 0.011749397031962872, validation loss: 0.09115207195281982
2024-04-09 00:20:55.794437:2024-04-09 00:20:55.794266: Current epoch: 436, loss: 0.012172139249742031, validation loss: 0.08776485919952393
2024-04-09 00:21:12.241400:2024-04-09 00:21:12.241239: Current epoch: 437, loss: 0.01105382852256298, validation loss: 0.0875183567404747
2024-04-09 00:21:28.823435:2024-04-09 00:21:28.823283: Current epoch: 438, loss: 0.01183746475726366, validation loss: 0.08665262162685394
2024-04-09 00:21:45.887943:2024-04-09 00:21:45.887800: Current epoch: 439, loss: 0.01277459878474474, validation loss: 0.0880526751279831
2024-04-09 00:22:02.123811:2024-04-09 00:22:02.123668: Current epoch: 440, loss: 0.012073259800672531, validation loss: 0.08901438117027283
2024-04-09 00:22:19.700326:2024-04-09 00:22:19.700160: Current epoch: 441, loss: 0.011991789564490318, validation loss: 0.08745897561311722
2024-04-09 00:22:36.974369:2024-04-09 00:22:36.974214: Current epoch: 442, loss: 0.01114120427519083, validation loss: 0.08656907081604004
2024-04-09 00:22:53.723626:2024-04-09 00:22:53.723478: Current epoch: 443, loss: 0.010980591177940369, validation loss: 0.08671186119318008
2024-04-09 00:23:10.444487:2024-04-09 00:23:10.444336: Current epoch: 444, loss: 0.011263412423431873, validation loss: 0.08838431537151337
2024-04-09 00:23:27.105599:2024-04-09 00:23:27.105441: Current epoch: 445, loss: 0.011448296718299389, validation loss: 0.08787241578102112
2024-04-09 00:23:43.526893:2024-04-09 00:23:43.526749: Current epoch: 446, loss: 0.011564292944967747, validation loss: 0.08705286681652069
2024-04-09 00:24:00.200885:2024-04-09 00:24:00.200726: Current epoch: 447, loss: 0.011685133911669254, validation loss: 0.0873798206448555
2024-04-09 00:24:16.910224:2024-04-09 00:24:16.910093: Current epoch: 448, loss: 0.011387061327695847, validation loss: 0.08865582197904587
2024-04-09 00:24:33.751148:2024-04-09 00:24:33.751023: Current epoch: 449, loss: 0.012988008558750153, validation loss: 0.08847708255052567
2024-04-09 00:24:50.679040:2024-04-09 00:24:50.678897: Current epoch: 450, loss: 0.011649655178189278, validation loss: 0.08693455904722214
2024-04-09 00:25:07.495708:2024-04-09 00:25:07.495551: Current epoch: 451, loss: 0.010368205606937408, validation loss: 0.08587805926799774
2024-04-09 00:25:25.087897:2024-04-09 00:25:25.087731: Current epoch: 452, loss: 0.011437087319791317, validation loss: 0.08745173364877701
2024-04-09 00:25:42.419498:2024-04-09 00:25:42.419332: Current epoch: 453, loss: 0.011487490497529507, validation loss: 0.09205888956785202
2024-04-09 00:25:58.979319:2024-04-09 00:25:58.979181: Current epoch: 454, loss: 0.011300109326839447, validation loss: 0.08522702008485794
2024-04-09 00:26:15.857060:2024-04-09 00:26:15.856917: Current epoch: 455, loss: 0.010775587521493435, validation loss: 0.08759081363677979
2024-04-09 00:26:33.265415:2024-04-09 00:26:33.265243: Current epoch: 456, loss: 0.012421049177646637, validation loss: 0.08702369779348373
2024-04-09 00:26:49.916660:2024-04-09 00:26:49.916518: Current epoch: 457, loss: 0.010855806060135365, validation loss: 0.0890224501490593
2024-04-09 00:27:06.823967:2024-04-09 00:27:06.823810: Current epoch: 458, loss: 0.011401254683732986, validation loss: 0.08523853123188019
2024-04-09 00:27:23.413655:2024-04-09 00:27:23.413512: Current epoch: 459, loss: 0.010803857818245888, validation loss: 0.08819073438644409
2024-04-09 00:27:39.933082:2024-04-09 00:27:39.932935: Current epoch: 460, loss: 0.011278059333562851, validation loss: 0.0873769000172615
2024-04-09 00:27:56.650996:2024-04-09 00:27:56.650857: Current epoch: 461, loss: 0.010939562693238258, validation loss: 0.08597232401371002
2024-04-09 00:28:13.467116:2024-04-09 00:28:13.466928: Current epoch: 462, loss: 0.011298879981040955, validation loss: 0.08857733011245728
2024-04-09 00:28:30.590746:2024-04-09 00:28:30.590581: Current epoch: 463, loss: 0.011992719024419785, validation loss: 0.08637268841266632
2024-04-09 00:28:47.572822:2024-04-09 00:28:47.572658: Current epoch: 464, loss: 0.011466864496469498, validation loss: 0.08924385905265808
2024-04-09 00:29:04.064746:2024-04-09 00:29:04.063669: Current epoch: 465, loss: 0.010782209224998951, validation loss: 0.08635682612657547
2024-04-09 00:29:20.763568:2024-04-09 00:29:20.763399: Current epoch: 466, loss: 0.011066624894738197, validation loss: 0.0868903324007988
2024-04-09 00:29:37.519346:2024-04-09 00:29:37.519146: Current epoch: 467, loss: 0.010790376923978329, validation loss: 0.08759558945894241
2024-04-09 00:29:54.902879:2024-04-09 00:29:54.902718: Current epoch: 468, loss: 0.01116943545639515, validation loss: 0.08807680010795593
2024-04-09 00:30:12.187503:2024-04-09 00:30:12.186349: Current epoch: 469, loss: 0.01067502610385418, validation loss: 0.08843448013067245
2024-04-09 00:30:28.735075:2024-04-09 00:30:28.734912: Current epoch: 470, loss: 0.010925274342298508, validation loss: 0.0867975652217865
2024-04-09 00:30:45.493676:2024-04-09 00:30:45.493534: Current epoch: 471, loss: 0.011446169577538967, validation loss: 0.08884766697883606
2024-04-09 00:31:02.116700:2024-04-09 00:31:02.116560: Current epoch: 472, loss: 0.010589666664600372, validation loss: 0.08844354748725891
2024-04-09 00:31:18.655559:2024-04-09 00:31:18.655417: Current epoch: 473, loss: 0.010721080005168915, validation loss: 0.08778319507837296
2024-04-09 00:31:35.110874:2024-04-09 00:31:35.110735: Current epoch: 474, loss: 0.010869350284337997, validation loss: 0.08758087456226349
2024-04-09 00:31:52.070681:2024-04-09 00:31:52.070524: Current epoch: 475, loss: 0.011318952776491642, validation loss: 0.08756225556135178
2024-04-09 00:32:08.569709:2024-04-09 00:32:08.569533: Current epoch: 476, loss: 0.010707912966609001, validation loss: 0.08684897422790527
2024-04-09 00:32:26.192560:2024-04-09 00:32:26.192421: Current epoch: 477, loss: 0.011979816481471062, validation loss: 0.08607517182826996
2024-04-09 00:32:43.715126:2024-04-09 00:32:43.714040: Current epoch: 478, loss: 0.009843053296208382, validation loss: 0.08597536385059357
2024-04-09 00:33:00.589962:2024-04-09 00:33:00.589788: Current epoch: 479, loss: 0.011468516662716866, validation loss: 0.08726801723241806
2024-04-09 00:33:17.643870:2024-04-09 00:33:17.643742: Current epoch: 480, loss: 0.010139323770999908, validation loss: 0.08665809035301208
2024-04-09 00:33:34.977226:2024-04-09 00:33:34.976137: Current epoch: 481, loss: 0.010471598245203495, validation loss: 0.08992134779691696
2024-04-09 00:33:52.091934:2024-04-09 00:33:52.091750: Current epoch: 482, loss: 0.01293322816491127, validation loss: 0.09208288043737411
2024-04-09 00:34:09.403999:2024-04-09 00:34:09.403882: Current epoch: 483, loss: 0.010210027918219566, validation loss: 0.08783911913633347
2024-04-09 00:34:26.260185:2024-04-09 00:34:26.260039: Current epoch: 484, loss: 0.011369172483682632, validation loss: 0.0867808610200882
2024-04-09 00:34:43.160454:2024-04-09 00:34:43.160301: Current epoch: 485, loss: 0.00983329676091671, validation loss: 0.08616818487644196
2024-04-09 00:34:59.723135:2024-04-09 00:34:59.722958: Current epoch: 486, loss: 0.010157102718949318, validation loss: 0.08523978292942047
2024-04-09 00:35:16.841097:2024-04-09 00:35:16.840953: Current epoch: 487, loss: 0.010571074672043324, validation loss: 0.08761189132928848
2024-04-09 00:35:33.744624:2024-04-09 00:35:33.744480: Current epoch: 488, loss: 0.010520958341658115, validation loss: 0.08606214076280594
2024-04-09 00:35:50.369107:2024-04-09 00:35:50.368955: Current epoch: 489, loss: 0.01170962955802679, validation loss: 0.08759789913892746
2024-04-09 00:36:07.104847:2024-04-09 00:36:07.104706: Current epoch: 490, loss: 0.011104158125817776, validation loss: 0.08608545362949371
2024-04-09 00:36:23.621062:2024-04-09 00:36:23.620907: Current epoch: 491, loss: 0.009854412637650967, validation loss: 0.08543337881565094
2024-04-09 00:36:40.479108:2024-04-09 00:36:40.478962: Current epoch: 492, loss: 0.010208701714873314, validation loss: 0.0872935876250267
2024-04-09 00:36:56.737773:2024-04-09 00:36:56.737630: Current epoch: 493, loss: 0.010329521261155605, validation loss: 0.08714909851551056
2024-04-09 00:37:13.137798:2024-04-09 00:37:13.137656: Current epoch: 494, loss: 0.010179491713643074, validation loss: 0.08725781738758087
2024-04-09 00:37:29.907234:2024-04-09 00:37:29.907110: Current epoch: 495, loss: 0.011022426187992096, validation loss: 0.08673547953367233
2024-04-09 00:37:46.408156:2024-04-09 00:37:46.408008: Current epoch: 496, loss: 0.00987311638891697, validation loss: 0.08672428876161575
2024-04-09 00:38:03.053111:2024-04-09 00:38:03.052970: Current epoch: 497, loss: 0.010423032566905022, validation loss: 0.08636888116598129
2024-04-09 00:38:20.014219:2024-04-09 00:38:20.014094: Current epoch: 498, loss: 0.010534994304180145, validation loss: 0.08558736741542816
2024-04-09 00:38:36.734423:2024-04-09 00:38:36.734298: Current epoch: 499, loss: 0.010179715231060982, validation loss: 0.08674266189336777
2024-04-09 00:38:53.506179:2024-04-09 00:38:53.506031: Current epoch: 500, loss: 0.011394341476261616, validation loss: 0.08595646172761917
2024-04-09 00:39:10.269245:2024-04-09 00:39:10.269087: Current epoch: 501, loss: 0.010419128462672234, validation loss: 0.08807215839624405
2024-04-09 00:39:27.303032:2024-04-09 00:39:27.302891: Current epoch: 502, loss: 0.009836187586188316, validation loss: 0.08641447126865387
2024-04-09 00:39:44.453696:2024-04-09 00:39:44.453552: Current epoch: 503, loss: 0.010326760821044445, validation loss: 0.08791477978229523
2024-04-09 00:40:01.837979:2024-04-09 00:40:01.837838: Current epoch: 504, loss: 0.014812014997005463, validation loss: 0.08645626902580261
2024-04-09 00:40:18.757024:2024-04-09 00:40:18.756878: Current epoch: 505, loss: 0.009044856764376163, validation loss: 0.0871843695640564
2024-04-09 00:40:35.707202:2024-04-09 00:40:35.707056: Current epoch: 506, loss: 0.01286525558680296, validation loss: 0.08800796419382095
2024-04-09 00:40:52.731507:2024-04-09 00:40:52.731363: Current epoch: 507, loss: 0.009481139481067657, validation loss: 0.08646798133850098
2024-04-09 00:41:09.099168:2024-04-09 00:41:09.099029: Current epoch: 508, loss: 0.009548668749630451, validation loss: 0.08847729116678238
2024-04-09 00:41:25.652415:2024-04-09 00:41:25.652237: Current epoch: 509, loss: 0.010109723545610905, validation loss: 0.08754202723503113
2024-04-09 00:41:42.823714:2024-04-09 00:41:42.822650: Current epoch: 510, loss: 0.010496229864656925, validation loss: 0.08900473266839981
2024-04-09 00:41:59.983409:2024-04-09 00:41:59.983209: Current epoch: 511, loss: 0.010561926290392876, validation loss: 0.08769345283508301
2024-04-09 00:42:17.038065:2024-04-09 00:42:17.037856: Current epoch: 512, loss: 0.010213900357484818, validation loss: 0.08614315092563629
2024-04-09 00:42:33.461076:2024-04-09 00:42:33.460869: Current epoch: 513, loss: 0.010020277462899685, validation loss: 0.09276015311479568
2024-04-09 00:42:50.323737:2024-04-09 00:42:50.323510: Current epoch: 514, loss: 0.01000863779336214, validation loss: 0.08591338992118835
2024-04-09 00:43:07.172218:2024-04-09 00:43:07.172074: Current epoch: 515, loss: 0.010615646839141846, validation loss: 0.08806927502155304
2024-04-09 00:43:24.066770:2024-04-09 00:43:24.066621: Current epoch: 516, loss: 0.012293417938053608, validation loss: 0.08740121871232986
2024-04-09 00:43:41.059802:2024-04-09 00:43:41.058791: Current epoch: 517, loss: 0.008908003568649292, validation loss: 0.08703672140836716
2024-04-09 00:43:57.879539:2024-04-09 00:43:57.879401: Current epoch: 518, loss: 0.009539392776787281, validation loss: 0.09009194374084473
2024-04-09 00:44:14.966530:2024-04-09 00:44:14.966388: Current epoch: 519, loss: 0.010511702857911587, validation loss: 0.08621583878993988
2024-04-09 00:44:31.392717:2024-04-09 00:44:31.392569: Current epoch: 520, loss: 0.009688391350209713, validation loss: 0.0863601490855217
2024-04-09 00:44:48.400313:2024-04-09 00:44:48.400136: Current epoch: 521, loss: 0.011791468597948551, validation loss: 0.08630499988794327
2024-04-09 00:45:05.651440:2024-04-09 00:45:05.651297: Current epoch: 522, loss: 0.009642335586249828, validation loss: 0.0909719318151474
2024-04-09 00:45:22.553429:2024-04-09 00:45:22.553292: Current epoch: 523, loss: 0.009619606658816338, validation loss: 0.08568816632032394
2024-04-09 00:45:39.483639:2024-04-09 00:45:39.483517: Current epoch: 524, loss: 0.009708598256111145, validation loss: 0.08903288841247559
2024-04-09 00:45:56.661714:2024-04-09 00:45:56.661570: Current epoch: 525, loss: 0.010222001001238823, validation loss: 0.08579342067241669
2024-04-09 00:46:13.727933:2024-04-09 00:46:13.727781: Current epoch: 526, loss: 0.009575074538588524, validation loss: 0.08711094409227371
2024-04-09 00:46:30.417721:2024-04-09 00:46:30.417580: Current epoch: 527, loss: 0.009783879853785038, validation loss: 0.08718221634626389
2024-04-09 00:46:47.543842:2024-04-09 00:46:47.543704: Current epoch: 528, loss: 0.010372585617005825, validation loss: 0.08591090142726898
2024-04-09 00:47:04.481050:2024-04-09 00:47:04.480906: Current epoch: 529, loss: 0.009687056764960289, validation loss: 0.08695892989635468
2024-04-09 00:47:21.430875:2024-04-09 00:47:21.430752: Current epoch: 530, loss: 0.009772106073796749, validation loss: 0.08905937522649765
2024-04-09 00:47:38.145543:2024-04-09 00:47:38.145402: Current epoch: 531, loss: 0.009730073623359203, validation loss: 0.08709180355072021
2024-04-09 00:47:55.110554:2024-04-09 00:47:55.110395: Current epoch: 532, loss: 0.009889796376228333, validation loss: 0.08739608526229858
2024-04-09 00:48:12.010949:2024-04-09 00:48:12.010807: Current epoch: 533, loss: 0.011216292157769203, validation loss: 0.08697707951068878
2024-04-09 00:48:29.050090:2024-04-09 00:48:29.049946: Current epoch: 534, loss: 0.009010433219373226, validation loss: 0.08734335005283356
2024-04-09 00:48:46.515916:2024-04-09 00:48:46.515770: Current epoch: 535, loss: 0.00939914956688881, validation loss: 0.08572380989789963
2024-04-09 00:49:03.652541:2024-04-09 00:49:03.652394: Current epoch: 536, loss: 0.009759212844073772, validation loss: 0.0875878632068634
2024-04-09 00:49:20.645902:2024-04-09 00:49:20.645747: Current epoch: 537, loss: 0.010434489697217941, validation loss: 0.08663903176784515
2024-04-09 00:49:37.328251:2024-04-09 00:49:37.328107: Current epoch: 538, loss: 0.00939570739865303, validation loss: 0.08776149898767471
2024-04-09 00:49:54.262781:2024-04-09 00:49:54.262641: Current epoch: 539, loss: 0.009431673213839531, validation loss: 0.08718927949666977
2024-04-09 00:50:11.029940:2024-04-09 00:50:11.029793: Current epoch: 540, loss: 0.009911173023283482, validation loss: 0.08658266812562943
2024-04-09 00:50:27.867098:2024-04-09 00:50:27.866943: Current epoch: 541, loss: 0.009427690878510475, validation loss: 0.08628134429454803
2024-04-09 00:50:44.193069:2024-04-09 00:50:44.192929: Current epoch: 542, loss: 0.009516766294836998, validation loss: 0.08662771433591843
2024-04-09 00:51:00.441742:2024-04-09 00:51:00.441598: Current epoch: 543, loss: 0.010767429135739803, validation loss: 0.08633339405059814
2024-04-09 00:51:17.384062:2024-04-09 00:51:17.383917: Current epoch: 544, loss: 0.008965223096311092, validation loss: 0.08907417953014374
2024-04-09 00:51:34.637787:2024-04-09 00:51:34.637645: Current epoch: 545, loss: 0.010244387201964855, validation loss: 0.08607862889766693
2024-04-09 00:51:51.969778:2024-04-09 00:51:51.969630: Current epoch: 546, loss: 0.00900562759488821, validation loss: 0.08828505873680115
2024-04-09 00:52:08.492988:2024-04-09 00:52:08.492848: Current epoch: 547, loss: 0.00959649495780468, validation loss: 0.08972248435020447
2024-04-09 00:52:25.324683:2024-04-09 00:52:25.324545: Current epoch: 548, loss: 0.009930962696671486, validation loss: 0.08858197182416916
2024-04-09 00:52:42.436347:2024-04-09 00:52:42.436152: Current epoch: 549, loss: 0.011138495057821274, validation loss: 0.08613934367895126
2024-04-09 00:52:59.457830:2024-04-09 00:52:59.457679: Current epoch: 550, loss: 0.008581442758440971, validation loss: 0.08629817515611649
2024-04-09 00:53:16.342131:2024-04-09 00:53:16.341963: Current epoch: 551, loss: 0.009146813303232193, validation loss: 0.08662932366132736
2024-04-09 00:53:33.934391:2024-04-09 00:53:33.934231: Current epoch: 552, loss: 0.009326795116066933, validation loss: 0.08817444741725922
2024-04-09 00:53:50.839019:2024-04-09 00:53:50.838880: Current epoch: 553, loss: 0.009634989313781261, validation loss: 0.08780784159898758
2024-04-09 00:54:07.740669:2024-04-09 00:54:07.740541: Current epoch: 554, loss: 0.00948399119079113, validation loss: 0.0858466625213623
2024-04-09 00:54:24.159659:2024-04-09 00:54:24.159512: Current epoch: 555, loss: 0.009424597956240177, validation loss: 0.08670329302549362
2024-04-09 00:54:40.922383:2024-04-09 00:54:40.922305: Current epoch: 556, loss: 0.0092054707929492, validation loss: 0.0866510346531868
2024-04-09 00:54:41.958536:the test error is  [0.08334347605705261, 0.08334347605705261]
2024-04-09 00:54:44.288240:saved model to sample/bert-base-uncased_chemnlp_prop_ehull
2024-04-09 00:54:45.271413:done