
2024-02-14 11:18:27.872648:job config: {'train_data_path': '/data/yll6162/alignntl_dft_3d/tl_dataset/dataset_bert-base-uncased_robo_prop_mbj_bandgap.csv', 'val_data_path': None, 'test_data_path': None, 'label': 'mbj_bandgap', 'input_type': None, 'log_folder': 'log', 'log_file': 'bert-base-uncased_robo_prop_mbj_bandgap.log', 'test_metric': 'mae', 'architecture': '1024Rx4D-512Rx3D-256Rx3D-128Rx3D-64Rx2-32Rx1-1', 'model_seed': 0, 'loss_type': 'mae', 'config_file': 'sample/bert-base-uncased_robo_prop_mbj_bandgap.config', 'use_valid': True, 'project': 'MOF', 'regressors': None, 'input_types': None, 'paramsGrid': {'optimizer': 'Adam', 'learning_rate': 0.0001, 'patience': 200, 'dropouts': [0.8, 0.9, 0.7, 0.8], 'EVAL_FREQUENCY': 1000}, 'save_path': 'sample/bert-base-uncased_robo_prop_mbj_bandgap', 'model_path': None, 'last_layer_with_weight': True, 'keras_path': 'model/bert-base-uncased_robo_prop_mbj_bandgap', 'test_size': 0.1, 'val_size': 0.1}
2024-02-14 11:18:27.872714:train data path is  /data/yll6162/alignntl_dft_3d/tl_dataset/dataset_bert-base-uncased_robo_prop_mbj_bandgap.csv
2024-02-14 11:18:29.443464:input attribute sets are:  None
2024-02-14 11:18:29.443644:splitting data into with test ratio= 0.1
2024-02-14 11:18:42.718678:input attributes are:  Index(['0', '1', '2', '3', '4', '5', '6', '7', '8', '9',
       ...
       '758', '759', '760', '761', '762', '763', '764', '765', '766', '767'],
      dtype='object', length=768)
2024-02-14 11:18:42.718843:label: mbj_bandgap
2024-02-14 11:18:47.619137: train, test, valid sizes:  (11689, 768) (11689,) (1462, 768) (1462,) (1462, 768) (1462,)
2024-02-14 11:18:47.675357:train matrix shape of train_X:  (11689, 768)  train_y:  (11689,)
2024-02-14 11:18:47.675498:valid matrix shape of train_X:  (1462, 768)  valid_y:  (1462,)
2024-02-14 11:18:47.675544:test matrix shape of valid_X:   (1462, 768)  test_y:  (1462,)
2024-02-14 11:18:47.675582:architecture is:  1024Rx4D-512Rx3D-256Rx3D-128Rx3D-64Rx2-32Rx1-1
2024-02-14 11:18:47.675622:learning rate is  0.0001
2024-02-14 11:18:47.675659:model path is  None
2024-02-14 11:18:47.684085:adding fully connected layers with 1024 outputs
2024-02-14 11:18:50.126788:adding residual with fc as the size are different
2024-02-14 11:18:50.133683:adding fully connected layers with 1024 outputs
2024-02-14 11:18:50.138799:adding residual, both sizes are same
2024-02-14 11:18:50.140763:adding fully connected layers with 1024 outputs
2024-02-14 11:18:50.145653:adding residual, both sizes are same
2024-02-14 11:18:50.147534:adding fully connected layers with 1024 outputs
2024-02-14 11:18:50.152272:adding residual, both sizes are same
2024-02-14 11:18:50.154286:adding dropout 0.8
2024-02-14 11:18:50.158684:adding fully connected layers with 512 outputs
2024-02-14 11:18:50.163720:adding residual with fc as the size are different
2024-02-14 11:18:50.169981:adding fully connected layers with 512 outputs
2024-02-14 11:18:50.174900:adding residual, both sizes are same
2024-02-14 11:18:50.176842:adding fully connected layers with 512 outputs
2024-02-14 11:18:50.181777:adding residual, both sizes are same
2024-02-14 11:18:50.183668:adding dropout 0.9
2024-02-14 11:18:50.185265:adding fully connected layers with 256 outputs
2024-02-14 11:18:50.190404:adding residual with fc as the size are different
2024-02-14 11:18:50.196802:adding fully connected layers with 256 outputs
2024-02-14 11:18:50.201865:adding residual, both sizes are same
2024-02-14 11:18:50.203766:adding fully connected layers with 256 outputs
2024-02-14 11:18:50.211317:adding residual, both sizes are same
2024-02-14 11:18:50.217167:adding dropout 0.7
2024-02-14 11:18:50.222482:adding fully connected layers with 128 outputs
2024-02-14 11:18:50.238615:adding residual with fc as the size are different
2024-02-14 11:18:50.249246:adding fully connected layers with 128 outputs
2024-02-14 11:18:50.254560:adding residual, both sizes are same
2024-02-14 11:18:50.256561:adding fully connected layers with 128 outputs
2024-02-14 11:18:50.261674:adding residual, both sizes are same
2024-02-14 11:18:50.263938:adding dropout 0.8
2024-02-14 11:18:50.265665:adding fully connected layers with 64 outputs
2024-02-14 11:18:50.271025:adding residual with fc as the size are different
2024-02-14 11:18:50.277698:adding fully connected layers with 64 outputs
2024-02-14 11:18:50.283261:adding residual, both sizes are same
2024-02-14 11:18:50.285267:adding fully connected layers with 32 outputs
2024-02-14 11:18:50.290605:adding residual with fc as the size are different
2024-02-14 11:18:50.297486:adding final layer with 1 output
2024-02-14 11:18:50.307507:Model: "ElemNet"
2024-02-14 11:18:50.307597:__________________________________________________________________________________________________
2024-02-14 11:18:50.307649:Layer (type)                    Output Shape         Param #     Connected to                     
2024-02-14 11:18:50.307689:==================================================================================================
2024-02-14 11:18:50.307898:elemental_fractions (InputLayer [(None, 768)]        0                                            
2024-02-14 11:18:50.307946:__________________________________________________________________________________________________
2024-02-14 11:18:50.308116:fc0_0 (Dense)                   (None, 1024)         787456      elemental_fractions[0][0]        
2024-02-14 11:18:50.308165:__________________________________________________________________________________________________
2024-02-14 11:18:50.308285:fc0_dim_0 (Dense)               (None, 1024)         787456      elemental_fractions[0][0]        
2024-02-14 11:18:50.308331:__________________________________________________________________________________________________
2024-02-14 11:18:50.308435:tf.__operators__.add (TFOpLambd (None, 1024)         0           fc0_0[0][0]                      
2024-02-14 11:18:50.308483:                                                                 fc0_dim_0[0][0]                  
2024-02-14 11:18:50.308521:__________________________________________________________________________________________________
2024-02-14 11:18:50.308631:fc0_1 (Dense)                   (None, 1024)         1049600     tf.__operators__.add[0][0]       
2024-02-14 11:18:50.308675:__________________________________________________________________________________________________
2024-02-14 11:18:50.308755:tf.__operators__.add_1 (TFOpLam (None, 1024)         0           fc0_1[0][0]                      
2024-02-14 11:18:50.308799:                                                                 tf.__operators__.add[0][0]       
2024-02-14 11:18:50.308835:__________________________________________________________________________________________________
2024-02-14 11:18:50.308941:fc0_2 (Dense)                   (None, 1024)         1049600     tf.__operators__.add_1[0][0]     
2024-02-14 11:18:50.308984:__________________________________________________________________________________________________
2024-02-14 11:18:50.309062:tf.__operators__.add_2 (TFOpLam (None, 1024)         0           fc0_2[0][0]                      
2024-02-14 11:18:50.309105:                                                                 tf.__operators__.add_1[0][0]     
2024-02-14 11:18:50.309142:__________________________________________________________________________________________________
2024-02-14 11:18:50.309246:fc0_3 (Dense)                   (None, 1024)         1049600     tf.__operators__.add_2[0][0]     
2024-02-14 11:18:50.309290:__________________________________________________________________________________________________
2024-02-14 11:18:50.309367:tf.__operators__.add_3 (TFOpLam (None, 1024)         0           fc0_3[0][0]                      
2024-02-14 11:18:50.309417:                                                                 tf.__operators__.add_2[0][0]     
2024-02-14 11:18:50.309456:__________________________________________________________________________________________________
2024-02-14 11:18:50.309533:dropout (Dropout)               (None, 1024)         0           tf.__operators__.add_3[0][0]     
2024-02-14 11:18:50.309573:__________________________________________________________________________________________________
2024-02-14 11:18:50.309691:fc1_0 (Dense)                   (None, 512)          524800      dropout[0][0]                    
2024-02-14 11:18:50.309735:__________________________________________________________________________________________________
2024-02-14 11:18:50.309841:fc1_dim_0 (Dense)               (None, 512)          524800      dropout[0][0]                    
2024-02-14 11:18:50.309884:__________________________________________________________________________________________________
2024-02-14 11:18:50.309962:tf.__operators__.add_4 (TFOpLam (None, 512)          0           fc1_0[0][0]                      
2024-02-14 11:18:50.310005:                                                                 fc1_dim_0[0][0]                  
2024-02-14 11:18:50.310042:__________________________________________________________________________________________________
2024-02-14 11:18:50.310147:fc1_1 (Dense)                   (None, 512)          262656      tf.__operators__.add_4[0][0]     
2024-02-14 11:18:50.310190:__________________________________________________________________________________________________
2024-02-14 11:18:50.310267:tf.__operators__.add_5 (TFOpLam (None, 512)          0           fc1_1[0][0]                      
2024-02-14 11:18:50.310310:                                                                 tf.__operators__.add_4[0][0]     
2024-02-14 11:18:50.310348:__________________________________________________________________________________________________
2024-02-14 11:18:50.310461:fc1_2 (Dense)                   (None, 512)          262656      tf.__operators__.add_5[0][0]     
2024-02-14 11:18:50.310506:__________________________________________________________________________________________________
2024-02-14 11:18:50.310585:tf.__operators__.add_6 (TFOpLam (None, 512)          0           fc1_2[0][0]                      
2024-02-14 11:18:50.310628:                                                                 tf.__operators__.add_5[0][0]     
2024-02-14 11:18:50.310665:__________________________________________________________________________________________________
2024-02-14 11:18:50.310737:dropout_1 (Dropout)             (None, 512)          0           tf.__operators__.add_6[0][0]     
2024-02-14 11:18:50.310776:__________________________________________________________________________________________________
2024-02-14 11:18:50.310879:fc2_0 (Dense)                   (None, 256)          131328      dropout_1[0][0]                  
2024-02-14 11:18:50.310922:__________________________________________________________________________________________________
2024-02-14 11:18:50.311025:fc2_dim_0 (Dense)               (None, 256)          131328      dropout_1[0][0]                  
2024-02-14 11:18:50.311067:__________________________________________________________________________________________________
2024-02-14 11:18:50.311144:tf.__operators__.add_7 (TFOpLam (None, 256)          0           fc2_0[0][0]                      
2024-02-14 11:18:50.311187:                                                                 fc2_dim_0[0][0]                  
2024-02-14 11:18:50.311223:__________________________________________________________________________________________________
2024-02-14 11:18:50.311326:fc2_1 (Dense)                   (None, 256)          65792       tf.__operators__.add_7[0][0]     
2024-02-14 11:18:50.311367:__________________________________________________________________________________________________
2024-02-14 11:18:50.311469:tf.__operators__.add_8 (TFOpLam (None, 256)          0           fc2_1[0][0]                      
2024-02-14 11:18:50.311515:                                                                 tf.__operators__.add_7[0][0]     
2024-02-14 11:18:50.311553:__________________________________________________________________________________________________
2024-02-14 11:18:50.311659:fc2_2 (Dense)                   (None, 256)          65792       tf.__operators__.add_8[0][0]     
2024-02-14 11:18:50.311723:__________________________________________________________________________________________________
2024-02-14 11:18:50.311806:tf.__operators__.add_9 (TFOpLam (None, 256)          0           fc2_2[0][0]                      
2024-02-14 11:18:50.311851:                                                                 tf.__operators__.add_8[0][0]     
2024-02-14 11:18:50.311889:__________________________________________________________________________________________________
2024-02-14 11:18:50.311964:dropout_2 (Dropout)             (None, 256)          0           tf.__operators__.add_9[0][0]     
2024-02-14 11:18:50.312003:__________________________________________________________________________________________________
2024-02-14 11:18:50.312112:fc3_0 (Dense)                   (None, 128)          32896       dropout_2[0][0]                  
2024-02-14 11:18:50.312155:__________________________________________________________________________________________________
2024-02-14 11:18:50.312261:fc3_dim_0 (Dense)               (None, 128)          32896       dropout_2[0][0]                  
2024-02-14 11:18:50.312303:__________________________________________________________________________________________________
2024-02-14 11:18:50.312381:tf.__operators__.add_10 (TFOpLa (None, 128)          0           fc3_0[0][0]                      
2024-02-14 11:18:50.312432:                                                                 fc3_dim_0[0][0]                  
2024-02-14 11:18:50.312496:__________________________________________________________________________________________________
2024-02-14 11:18:50.312631:fc3_1 (Dense)                   (None, 128)          16512       tf.__operators__.add_10[0][0]    
2024-02-14 11:18:50.312689:__________________________________________________________________________________________________
2024-02-14 11:18:50.312767:tf.__operators__.add_11 (TFOpLa (None, 128)          0           fc3_1[0][0]                      
2024-02-14 11:18:50.312811:                                                                 tf.__operators__.add_10[0][0]    
2024-02-14 11:18:50.312848:__________________________________________________________________________________________________
2024-02-14 11:18:50.312952:fc3_2 (Dense)                   (None, 128)          16512       tf.__operators__.add_11[0][0]    
2024-02-14 11:18:50.312995:__________________________________________________________________________________________________
2024-02-14 11:18:50.313072:tf.__operators__.add_12 (TFOpLa (None, 128)          0           fc3_2[0][0]                      
2024-02-14 11:18:50.313116:                                                                 tf.__operators__.add_11[0][0]    
2024-02-14 11:18:50.313153:__________________________________________________________________________________________________
2024-02-14 11:18:50.313225:dropout_3 (Dropout)             (None, 128)          0           tf.__operators__.add_12[0][0]    
2024-02-14 11:18:50.313264:__________________________________________________________________________________________________
2024-02-14 11:18:50.313368:fc4_0 (Dense)                   (None, 64)           8256        dropout_3[0][0]                  
2024-02-14 11:18:50.313422:__________________________________________________________________________________________________
2024-02-14 11:18:50.313533:fc4_dim_0 (Dense)               (None, 64)           8256        dropout_3[0][0]                  
2024-02-14 11:18:50.313576:__________________________________________________________________________________________________
2024-02-14 11:18:50.313653:tf.__operators__.add_13 (TFOpLa (None, 64)           0           fc4_0[0][0]                      
2024-02-14 11:18:50.313697:                                                                 fc4_dim_0[0][0]                  
2024-02-14 11:18:50.313734:__________________________________________________________________________________________________
2024-02-14 11:18:50.313837:fc4_1 (Dense)                   (None, 64)           4160        tf.__operators__.add_13[0][0]    
2024-02-14 11:18:50.313884:__________________________________________________________________________________________________
2024-02-14 11:18:50.313962:tf.__operators__.add_14 (TFOpLa (None, 64)           0           fc4_1[0][0]                      
2024-02-14 11:18:50.314004:                                                                 tf.__operators__.add_13[0][0]    
2024-02-14 11:18:50.314041:__________________________________________________________________________________________________
2024-02-14 11:18:50.314143:fc5_0 (Dense)                   (None, 32)           2080        tf.__operators__.add_14[0][0]    
2024-02-14 11:18:50.314185:__________________________________________________________________________________________________
2024-02-14 11:18:50.314288:fc5_dim_0 (Dense)               (None, 32)           2080        tf.__operators__.add_14[0][0]    
2024-02-14 11:18:50.317013:__________________________________________________________________________________________________
2024-02-14 11:18:50.317128:tf.__operators__.add_15 (TFOpLa (None, 32)           0           fc5_0[0][0]                      
2024-02-14 11:18:50.317175:                                                                 fc5_dim_0[0][0]                  
2024-02-14 11:18:50.317213:__________________________________________________________________________________________________
2024-02-14 11:18:50.317324:fc6 (Dense)                     (None, 1)            33          tf.__operators__.add_15[0][0]    
2024-02-14 11:18:50.317368:==================================================================================================
2024-02-14 11:18:50.318037:Total params: 6,816,545
2024-02-14 11:18:50.318091:Trainable params: 6,816,545
2024-02-14 11:18:50.318132:Non-trainable params: 0
2024-02-14 11:18:50.318169:__________________________________________________________________________________________________
2024-02-14 11:18:50.328216:start training
2024-02-14 11:18:55.302592:2024-02-14 11:18:55.302529: Current epoch: 0, loss: 2.7960290908813477, validation loss: 1.3622339963912964
2024-02-14 11:18:58.750050:2024-02-14 11:18:58.749981: Current epoch: 1, loss: 1.259002685546875, validation loss: 1.5668952465057373
2024-02-14 11:19:02.130234:2024-02-14 11:19:02.130078: Current epoch: 2, loss: 1.1777353286743164, validation loss: 2.087423801422119
2024-02-14 11:19:05.603020:2024-02-14 11:19:05.602938: Current epoch: 3, loss: 1.10317862033844, validation loss: 0.9557970762252808
2024-02-14 11:19:08.958494:2024-02-14 11:19:08.958330: Current epoch: 4, loss: 0.9933485984802246, validation loss: 1.0431967973709106
2024-02-14 11:19:12.355274:2024-02-14 11:19:12.355125: Current epoch: 5, loss: 0.9698830246925354, validation loss: 1.163964867591858
2024-02-14 11:19:15.745606:2024-02-14 11:19:15.745523: Current epoch: 6, loss: 0.9141672849655151, validation loss: 0.8781406879425049
2024-02-14 11:19:19.005682:2024-02-14 11:19:19.005606: Current epoch: 7, loss: 0.9030450582504272, validation loss: 1.072899580001831
2024-02-14 11:19:22.323835:2024-02-14 11:19:22.323680: Current epoch: 8, loss: 0.8855119347572327, validation loss: 1.0728325843811035
2024-02-14 11:19:25.534673:2024-02-14 11:19:25.534586: Current epoch: 9, loss: 0.8627306818962097, validation loss: 0.8952496647834778
2024-02-14 11:19:31.469264:2024-02-14 11:19:31.469182: Current epoch: 10, loss: 0.814772367477417, validation loss: 0.828812837600708
2024-02-14 11:19:34.843454:2024-02-14 11:19:34.843363: Current epoch: 11, loss: 0.800702691078186, validation loss: 0.8868316411972046
2024-02-14 11:19:38.254182:2024-02-14 11:19:38.254061: Current epoch: 12, loss: 0.7730647325515747, validation loss: 0.9072455167770386
2024-02-14 11:19:41.591693:2024-02-14 11:19:41.591605: Current epoch: 13, loss: 0.7379332780838013, validation loss: 0.8305525183677673
2024-02-14 11:19:44.960377:2024-02-14 11:19:44.960323: Current epoch: 14, loss: 0.7485322952270508, validation loss: 0.8069586753845215
2024-02-14 11:19:48.264834:2024-02-14 11:19:48.264758: Current epoch: 15, loss: 0.7107008099555969, validation loss: 0.7631007432937622
2024-02-14 11:19:51.638505:2024-02-14 11:19:51.638452: Current epoch: 16, loss: 0.7090795040130615, validation loss: 0.6879236102104187
2024-02-14 11:19:55.004695:2024-02-14 11:19:55.004617: Current epoch: 17, loss: 0.6903567910194397, validation loss: 0.6753764748573303
2024-02-14 11:19:58.536554:2024-02-14 11:19:58.536368: Current epoch: 18, loss: 0.685972273349762, validation loss: 0.9129607677459717
2024-02-14 11:20:01.878353:2024-02-14 11:20:01.878279: Current epoch: 19, loss: 0.6724094152450562, validation loss: 0.6795281171798706
2024-02-14 11:20:07.627049:2024-02-14 11:20:07.626931: Current epoch: 20, loss: 0.6518318057060242, validation loss: 0.7178130745887756
2024-02-14 11:20:11.044979:2024-02-14 11:20:11.044847: Current epoch: 21, loss: 0.6468388438224792, validation loss: 0.7846968770027161
2024-02-14 11:20:14.506510:2024-02-14 11:20:14.506432: Current epoch: 22, loss: 0.6403849720954895, validation loss: 0.8962768912315369
2024-02-14 11:20:17.826561:2024-02-14 11:20:17.826506: Current epoch: 23, loss: 0.6140035390853882, validation loss: 0.6634773015975952
2024-02-14 11:20:21.090354:2024-02-14 11:20:21.090279: Current epoch: 24, loss: 0.6201879382133484, validation loss: 0.8430849313735962
2024-02-14 11:20:24.374700:2024-02-14 11:20:24.374639: Current epoch: 25, loss: 0.5873375535011292, validation loss: 0.6668880581855774
2024-02-14 11:20:27.695570:2024-02-14 11:20:27.695470: Current epoch: 26, loss: 0.5910883545875549, validation loss: 0.7072641253471375
2024-02-14 11:20:31.052955:2024-02-14 11:20:31.052871: Current epoch: 27, loss: 0.5639225840568542, validation loss: 0.7523090839385986
2024-02-14 11:20:34.300862:2024-02-14 11:20:34.300788: Current epoch: 28, loss: 0.5692435503005981, validation loss: 0.6983777284622192
2024-02-14 11:20:37.478528:2024-02-14 11:20:37.478455: Current epoch: 29, loss: 0.560173749923706, validation loss: 0.7839118242263794
2024-02-14 11:20:40.817067:2024-02-14 11:20:40.816992: Current epoch: 30, loss: 0.5322833061218262, validation loss: 0.6146217584609985
2024-02-14 11:20:44.145136:2024-02-14 11:20:44.145082: Current epoch: 31, loss: 0.5460428595542908, validation loss: 0.6044241189956665
2024-02-14 11:20:47.387902:2024-02-14 11:20:47.387829: Current epoch: 32, loss: 0.51537024974823, validation loss: 0.720149576663971
2024-02-14 11:20:50.593612:2024-02-14 11:20:50.593538: Current epoch: 33, loss: 0.5227785110473633, validation loss: 0.6117203235626221
2024-02-14 11:20:53.821098:2024-02-14 11:20:53.821028: Current epoch: 34, loss: 0.5367903709411621, validation loss: 0.5925971269607544
2024-02-14 11:20:57.167843:2024-02-14 11:20:57.167776: Current epoch: 35, loss: 0.5143516063690186, validation loss: 0.6395207047462463
2024-02-14 11:21:00.457698:2024-02-14 11:21:00.457589: Current epoch: 36, loss: 0.49463918805122375, validation loss: 0.6703840494155884
2024-02-14 11:21:03.632154:2024-02-14 11:21:03.632078: Current epoch: 37, loss: 0.4940202236175537, validation loss: 0.6081343293190002
2024-02-14 11:21:06.898786:2024-02-14 11:21:06.898733: Current epoch: 38, loss: 0.4720335304737091, validation loss: 0.5819946527481079
2024-02-14 11:21:10.160889:2024-02-14 11:21:10.160756: Current epoch: 39, loss: 0.4733025133609772, validation loss: 0.612372875213623
2024-02-14 11:21:15.856700:2024-02-14 11:21:15.856606: Current epoch: 40, loss: 0.4527371823787689, validation loss: 0.6865414977073669
2024-02-14 11:21:19.294488:2024-02-14 11:21:19.294320: Current epoch: 41, loss: 0.44908851385116577, validation loss: 0.6784056425094604
2024-02-14 11:21:22.563350:2024-02-14 11:21:22.563298: Current epoch: 42, loss: 0.4804252088069916, validation loss: 0.5798377990722656
2024-02-14 11:21:25.970487:2024-02-14 11:21:25.970390: Current epoch: 43, loss: 0.44460928440093994, validation loss: 0.5992661118507385
2024-02-14 11:21:29.388397:2024-02-14 11:21:29.388323: Current epoch: 44, loss: 0.4306981563568115, validation loss: 0.6186768412590027
2024-02-14 11:21:32.842218:2024-02-14 11:21:32.842086: Current epoch: 45, loss: 0.44040995836257935, validation loss: 0.7485246062278748
2024-02-14 11:21:36.271722:2024-02-14 11:21:36.271625: Current epoch: 46, loss: 0.43042996525764465, validation loss: 0.6638455390930176
2024-02-14 11:21:39.596645:2024-02-14 11:21:39.596593: Current epoch: 47, loss: 0.3953656554222107, validation loss: 0.5507867336273193
2024-02-14 11:21:42.819801:2024-02-14 11:21:42.819731: Current epoch: 48, loss: 0.40716424584388733, validation loss: 0.6148582100868225
2024-02-14 11:21:46.117966:2024-02-14 11:21:46.117892: Current epoch: 49, loss: 0.3894011080265045, validation loss: 0.5983887314796448
2024-02-14 11:21:51.894958:2024-02-14 11:21:51.894829: Current epoch: 50, loss: 0.3876971900463104, validation loss: 0.6277419328689575
2024-02-14 11:21:55.095511:2024-02-14 11:21:55.095420: Current epoch: 51, loss: 0.402957946062088, validation loss: 0.5956065654754639
2024-02-14 11:21:58.450655:2024-02-14 11:21:58.450581: Current epoch: 52, loss: 0.3677257299423218, validation loss: 0.6006700396537781
2024-02-14 11:22:01.747494:2024-02-14 11:22:01.747445: Current epoch: 53, loss: 0.3733724057674408, validation loss: 0.5195971131324768
2024-02-14 11:22:04.831179:2024-02-14 11:22:04.831106: Current epoch: 54, loss: 0.38274678587913513, validation loss: 0.6231756806373596
2024-02-14 11:22:08.058916:2024-02-14 11:22:08.058792: Current epoch: 55, loss: 0.38822874426841736, validation loss: 0.5394472479820251
2024-02-14 11:22:11.290404:2024-02-14 11:22:11.290306: Current epoch: 56, loss: 0.34119853377342224, validation loss: 0.5538432598114014
2024-02-14 11:22:14.699835:2024-02-14 11:22:14.699755: Current epoch: 57, loss: 0.3578566014766693, validation loss: 0.6094186902046204
2024-02-14 11:22:17.946453:2024-02-14 11:22:17.946359: Current epoch: 58, loss: 0.3514590561389923, validation loss: 0.5432897806167603
2024-02-14 11:22:21.269094:2024-02-14 11:22:21.269011: Current epoch: 59, loss: 0.33731526136398315, validation loss: 0.4999678134918213
2024-02-14 11:22:26.865493:2024-02-14 11:22:26.865342: Current epoch: 60, loss: 0.34601300954818726, validation loss: 0.562138020992279
2024-02-14 11:22:30.147942:2024-02-14 11:22:30.147867: Current epoch: 61, loss: 0.32711464166641235, validation loss: 0.5332046151161194
2024-02-14 11:22:33.306352:2024-02-14 11:22:33.306270: Current epoch: 62, loss: 0.33996903896331787, validation loss: 0.6371881365776062
2024-02-14 11:22:36.640045:2024-02-14 11:22:36.639976: Current epoch: 63, loss: 0.32698583602905273, validation loss: 0.6010990142822266
2024-02-14 11:22:39.899360:2024-02-14 11:22:39.899300: Current epoch: 64, loss: 0.32997027039527893, validation loss: 0.5119128823280334
2024-02-14 11:22:42.994648:2024-02-14 11:22:42.994577: Current epoch: 65, loss: 0.30889153480529785, validation loss: 0.5497999787330627
2024-02-14 11:22:46.266982:2024-02-14 11:22:46.266831: Current epoch: 66, loss: 0.30235692858695984, validation loss: 0.5469515919685364
2024-02-14 11:22:49.600626:2024-02-14 11:22:49.600578: Current epoch: 67, loss: 0.3123100697994232, validation loss: 0.4910586476325989
2024-02-14 11:22:52.943879:2024-02-14 11:22:52.943805: Current epoch: 68, loss: 0.2970488667488098, validation loss: 0.5873706340789795
2024-02-14 11:22:56.344249:2024-02-14 11:22:56.344176: Current epoch: 69, loss: 0.3083815574645996, validation loss: 0.5228745937347412
2024-02-14 11:22:59.609193:2024-02-14 11:22:59.609087: Current epoch: 70, loss: 0.28195711970329285, validation loss: 0.5001567006111145
2024-02-14 11:23:02.844704:2024-02-14 11:23:02.844608: Current epoch: 71, loss: 0.3075924515724182, validation loss: 0.5484547019004822
2024-02-14 11:23:06.248051:2024-02-14 11:23:06.247985: Current epoch: 72, loss: 0.28530335426330566, validation loss: 0.5218103528022766
2024-02-14 11:23:09.672679:2024-02-14 11:23:09.672541: Current epoch: 73, loss: 0.28563085198402405, validation loss: 0.4918190836906433
2024-02-14 11:23:13.258754:2024-02-14 11:23:13.258612: Current epoch: 74, loss: 0.27400097250938416, validation loss: 0.5947825312614441
2024-02-14 11:23:16.586604:2024-02-14 11:23:16.586448: Current epoch: 75, loss: 0.30806663632392883, validation loss: 0.5194051861763
2024-02-14 11:23:19.884104:2024-02-14 11:23:19.883975: Current epoch: 76, loss: 0.27997514605522156, validation loss: 0.5516794919967651
2024-02-14 11:23:23.216839:2024-02-14 11:23:23.216681: Current epoch: 77, loss: 0.27022504806518555, validation loss: 0.523042619228363
2024-02-14 11:23:26.643972:2024-02-14 11:23:26.643876: Current epoch: 78, loss: 0.2915595769882202, validation loss: 0.563868522644043
2024-02-14 11:23:29.961480:2024-02-14 11:23:29.961313: Current epoch: 79, loss: 0.2728540897369385, validation loss: 0.5531502962112427
2024-02-14 11:23:33.336246:2024-02-14 11:23:33.336183: Current epoch: 80, loss: 0.27321094274520874, validation loss: 0.5169806480407715
2024-02-14 11:23:36.659874:2024-02-14 11:23:36.659801: Current epoch: 81, loss: 0.25839969515800476, validation loss: 0.5103415846824646
2024-02-14 11:23:40.130594:2024-02-14 11:23:40.130445: Current epoch: 82, loss: 0.2430865466594696, validation loss: 0.5071157217025757
2024-02-14 11:23:43.693579:2024-02-14 11:23:43.693510: Current epoch: 83, loss: 0.2653830647468567, validation loss: 0.5198214650154114
2024-02-14 11:23:47.019941:2024-02-14 11:23:47.019887: Current epoch: 84, loss: 0.27394914627075195, validation loss: 0.4879809617996216
2024-02-14 11:23:50.493637:2024-02-14 11:23:50.493482: Current epoch: 85, loss: 0.23707807064056396, validation loss: 0.5103288292884827
2024-02-14 11:23:53.996977:2024-02-14 11:23:53.996841: Current epoch: 86, loss: 0.23636820912361145, validation loss: 0.530058741569519
2024-02-14 11:23:57.462849:2024-02-14 11:23:57.462699: Current epoch: 87, loss: 0.26305288076400757, validation loss: 0.5230251550674438
2024-02-14 11:24:00.816653:2024-02-14 11:24:00.816558: Current epoch: 88, loss: 0.25498166680336, validation loss: 0.4902888834476471
2024-02-14 11:24:04.240836:2024-02-14 11:24:04.240757: Current epoch: 89, loss: 0.23055315017700195, validation loss: 0.4788467586040497
2024-02-14 11:24:10.086486:2024-02-14 11:24:10.086388: Current epoch: 90, loss: 0.23351092636585236, validation loss: 0.49672892689704895
2024-02-14 11:24:13.447809:2024-02-14 11:24:13.447668: Current epoch: 91, loss: 0.23620165884494781, validation loss: 0.5282432436943054
2024-02-14 11:24:16.917276:2024-02-14 11:24:16.917224: Current epoch: 92, loss: 0.23256909847259521, validation loss: 0.4623200595378876
2024-02-14 11:24:20.237468:2024-02-14 11:24:20.237300: Current epoch: 93, loss: 0.2301841676235199, validation loss: 0.5198472142219543
2024-02-14 11:24:23.567887:2024-02-14 11:24:23.567810: Current epoch: 94, loss: 0.21561506390571594, validation loss: 0.5739243030548096
2024-02-14 11:24:27.069922:2024-02-14 11:24:27.069847: Current epoch: 95, loss: 0.2249777615070343, validation loss: 0.4820595979690552
2024-02-14 11:24:30.463094:2024-02-14 11:24:30.462965: Current epoch: 96, loss: 0.2590918242931366, validation loss: 0.48400750756263733
2024-02-14 11:24:33.813603:2024-02-14 11:24:33.813529: Current epoch: 97, loss: 0.21720795333385468, validation loss: 0.48027074337005615
2024-02-14 11:24:37.214347:2024-02-14 11:24:37.214251: Current epoch: 98, loss: 0.21782006323337555, validation loss: 0.4792369306087494
2024-02-14 11:24:40.666659:2024-02-14 11:24:40.666607: Current epoch: 99, loss: 0.20341329276561737, validation loss: 0.4524417221546173
2024-02-14 11:24:46.497448:2024-02-14 11:24:46.497355: Current epoch: 100, loss: 0.21543243527412415, validation loss: 0.4886435866355896
2024-02-14 11:24:49.716485:2024-02-14 11:24:49.716382: Current epoch: 101, loss: 0.19410036504268646, validation loss: 0.4702376425266266
2024-02-14 11:24:52.909927:2024-02-14 11:24:52.909780: Current epoch: 102, loss: 0.19340872764587402, validation loss: 0.5342828035354614
2024-02-14 11:24:56.122510:2024-02-14 11:24:56.122432: Current epoch: 103, loss: 0.24704086780548096, validation loss: 0.4889678359031677
2024-02-14 11:24:59.603431:2024-02-14 11:24:59.603324: Current epoch: 104, loss: 0.19763751327991486, validation loss: 0.4820597469806671
2024-02-14 11:25:03.084460:2024-02-14 11:25:03.084367: Current epoch: 105, loss: 0.23770248889923096, validation loss: 0.5202814340591431
2024-02-14 11:25:06.508058:2024-02-14 11:25:06.507984: Current epoch: 106, loss: 0.21423904597759247, validation loss: 0.5598114728927612
2024-02-14 11:25:09.917208:2024-02-14 11:25:09.917155: Current epoch: 107, loss: 0.20595411956310272, validation loss: 0.4690808057785034
2024-02-14 11:25:13.290639:2024-02-14 11:25:13.290561: Current epoch: 108, loss: 0.17957091331481934, validation loss: 0.4594689905643463
2024-02-14 11:25:16.690536:2024-02-14 11:25:16.690459: Current epoch: 109, loss: 0.19896577298641205, validation loss: 0.4592195451259613
2024-02-14 11:25:20.067169:2024-02-14 11:25:20.067092: Current epoch: 110, loss: 0.17158733308315277, validation loss: 0.4944074749946594
2024-02-14 11:25:23.394224:2024-02-14 11:25:23.394152: Current epoch: 111, loss: 0.19432225823402405, validation loss: 0.49234309792518616
2024-02-14 11:25:26.792478:2024-02-14 11:25:26.792302: Current epoch: 112, loss: 0.17962095141410828, validation loss: 0.4536614716053009
2024-02-14 11:25:30.018973:2024-02-14 11:25:30.018897: Current epoch: 113, loss: 0.21967247128486633, validation loss: 0.5630393028259277
2024-02-14 11:25:33.372523:2024-02-14 11:25:33.372448: Current epoch: 114, loss: 0.21513225138187408, validation loss: 0.5082671642303467
2024-02-14 11:25:36.738343:2024-02-14 11:25:36.738218: Current epoch: 115, loss: 0.17628730833530426, validation loss: 0.4904899597167969
2024-02-14 11:25:40.109280:2024-02-14 11:25:40.109197: Current epoch: 116, loss: 0.17892563343048096, validation loss: 0.4817160964012146
2024-02-14 11:25:43.344366:2024-02-14 11:25:43.344298: Current epoch: 117, loss: 0.17816779017448425, validation loss: 0.5173840522766113
2024-02-14 11:25:46.683538:2024-02-14 11:25:46.683466: Current epoch: 118, loss: 0.20760999619960785, validation loss: 0.4578985571861267
2024-02-14 11:25:49.830647:2024-02-14 11:25:49.830571: Current epoch: 119, loss: 0.1617542952299118, validation loss: 0.46237659454345703
2024-02-14 11:25:53.253584:2024-02-14 11:25:53.253467: Current epoch: 120, loss: 0.15627706050872803, validation loss: 0.46521836519241333
2024-02-14 11:25:56.678201:2024-02-14 11:25:56.678141: Current epoch: 121, loss: 0.17366914451122284, validation loss: 0.44075044989585876
2024-02-14 11:25:59.981181:2024-02-14 11:25:59.981105: Current epoch: 122, loss: 0.15212178230285645, validation loss: 0.5503167510032654
2024-02-14 11:26:03.103661:2024-02-14 11:26:03.103586: Current epoch: 123, loss: 0.17349129915237427, validation loss: 0.48518243432044983
2024-02-14 11:26:06.351209:2024-02-14 11:26:06.351057: Current epoch: 124, loss: 0.21458521485328674, validation loss: 0.5062938928604126
2024-02-14 11:26:09.785742:2024-02-14 11:26:09.785666: Current epoch: 125, loss: 0.20363527536392212, validation loss: 0.47041231393814087
2024-02-14 11:26:13.152802:2024-02-14 11:26:13.152728: Current epoch: 126, loss: 0.16846317052841187, validation loss: 0.4669692814350128
2024-02-14 11:26:16.587246:2024-02-14 11:26:16.587172: Current epoch: 127, loss: 0.1730177104473114, validation loss: 0.5241500735282898
2024-02-14 11:26:20.050443:2024-02-14 11:26:20.050290: Current epoch: 128, loss: 0.20188547670841217, validation loss: 0.45960819721221924
2024-02-14 11:26:23.611325:2024-02-14 11:26:23.611174: Current epoch: 129, loss: 0.17915813624858856, validation loss: 0.5018845200538635
2024-02-14 11:26:26.994621:2024-02-14 11:26:26.994566: Current epoch: 130, loss: 0.17595626413822174, validation loss: 0.4405113756656647
2024-02-14 11:26:30.236141:2024-02-14 11:26:30.236062: Current epoch: 131, loss: 0.14447063207626343, validation loss: 0.43407735228538513
2024-02-14 11:26:33.426946:2024-02-14 11:26:33.426869: Current epoch: 132, loss: 0.1391092836856842, validation loss: 0.45190033316612244
2024-02-14 11:26:36.639978:2024-02-14 11:26:36.639902: Current epoch: 133, loss: 0.16883230209350586, validation loss: 0.46076133847236633
2024-02-14 11:26:40.054205:2024-02-14 11:26:40.054130: Current epoch: 134, loss: 0.18240252137184143, validation loss: 0.5339010953903198
2024-02-14 11:26:43.338396:2024-02-14 11:26:43.338244: Current epoch: 135, loss: 0.1630457490682602, validation loss: 0.45827463269233704
2024-02-14 11:26:46.651000:2024-02-14 11:26:46.650924: Current epoch: 136, loss: 0.14030562341213226, validation loss: 0.43636617064476013
2024-02-14 11:26:50.130915:2024-02-14 11:26:50.130841: Current epoch: 137, loss: 0.1419721245765686, validation loss: 0.4892512261867523
2024-02-14 11:26:53.600054:2024-02-14 11:26:53.599919: Current epoch: 138, loss: 0.13968583941459656, validation loss: 0.45540651679039
2024-02-14 11:26:57.094577:2024-02-14 11:26:57.094501: Current epoch: 139, loss: 0.15455709397792816, validation loss: 0.4601691663265228
2024-02-14 11:27:00.447279:2024-02-14 11:27:00.447235: Current epoch: 140, loss: 0.1580936759710312, validation loss: 0.4723660945892334
2024-02-14 11:27:03.695477:2024-02-14 11:27:03.695378: Current epoch: 141, loss: 0.19214875996112823, validation loss: 0.49759870767593384
2024-02-14 11:27:06.951944:2024-02-14 11:27:06.951847: Current epoch: 142, loss: 0.20921775698661804, validation loss: 0.4668089747428894
2024-02-14 11:27:10.421013:2024-02-14 11:27:10.420937: Current epoch: 143, loss: 0.15676897764205933, validation loss: 0.5564354658126831
2024-02-14 11:27:13.772155:2024-02-14 11:27:13.772079: Current epoch: 144, loss: 0.15050622820854187, validation loss: 0.44713056087493896
2024-02-14 11:27:17.134388:2024-02-14 11:27:17.134326: Current epoch: 145, loss: 0.16248023509979248, validation loss: 0.465343713760376
2024-02-14 11:27:20.580107:2024-02-14 11:27:20.580030: Current epoch: 146, loss: 0.13006740808486938, validation loss: 0.45689061284065247
2024-02-14 11:27:24.008675:2024-02-14 11:27:24.008601: Current epoch: 147, loss: 0.172775000333786, validation loss: 0.5011506676673889
2024-02-14 11:27:27.426260:2024-02-14 11:27:27.426184: Current epoch: 148, loss: 0.14072491228580475, validation loss: 0.4978439509868622
2024-02-14 11:27:30.845028:2024-02-14 11:27:30.844875: Current epoch: 149, loss: 0.25005701184272766, validation loss: 0.5693488121032715
2024-02-14 11:27:34.338573:2024-02-14 11:27:34.338499: Current epoch: 150, loss: 0.15024591982364655, validation loss: 0.47643396258354187
2024-02-14 11:27:37.549465:2024-02-14 11:27:37.549383: Current epoch: 151, loss: 0.1402326226234436, validation loss: 0.5080326199531555
2024-02-14 11:27:40.939127:2024-02-14 11:27:40.939054: Current epoch: 152, loss: 0.132346048951149, validation loss: 0.4403367042541504
2024-02-14 11:27:44.407723:2024-02-14 11:27:44.407648: Current epoch: 153, loss: 0.12174428999423981, validation loss: 0.4364236891269684
2024-02-14 11:27:47.640830:2024-02-14 11:27:47.640754: Current epoch: 154, loss: 0.11690188944339752, validation loss: 0.4722253382205963
2024-02-14 11:27:51.021253:2024-02-14 11:27:51.021183: Current epoch: 155, loss: 0.13414010405540466, validation loss: 0.48292991518974304
2024-02-14 11:27:54.508266:2024-02-14 11:27:54.508188: Current epoch: 156, loss: 0.18236279487609863, validation loss: 0.5087456703186035
2024-02-14 11:27:57.867426:2024-02-14 11:27:57.867345: Current epoch: 157, loss: 0.1674370914697647, validation loss: 0.5385910868644714
2024-02-14 11:28:01.155018:2024-02-14 11:28:01.154886: Current epoch: 158, loss: 0.176986962556839, validation loss: 0.4723883271217346
2024-02-14 11:28:04.428769:2024-02-14 11:28:04.428710: Current epoch: 159, loss: 0.1267121285200119, validation loss: 0.4310750365257263
2024-02-14 11:28:10.269719:2024-02-14 11:28:10.269667: Current epoch: 160, loss: 0.11217842996120453, validation loss: 0.4235503673553467
2024-02-14 11:28:13.701267:2024-02-14 11:28:13.701212: Current epoch: 161, loss: 0.10620483011007309, validation loss: 0.4170156419277191
2024-02-14 11:28:17.013733:2024-02-14 11:28:17.013690: Current epoch: 162, loss: 0.1222660169005394, validation loss: 0.42486968636512756
2024-02-14 11:28:20.254143:2024-02-14 11:28:20.254068: Current epoch: 163, loss: 0.23058122396469116, validation loss: 0.4864237606525421
2024-02-14 11:28:23.536169:2024-02-14 11:28:23.536036: Current epoch: 164, loss: 0.17088040709495544, validation loss: 0.4387314021587372
2024-02-14 11:28:26.843263:2024-02-14 11:28:26.843159: Current epoch: 165, loss: 0.14584845304489136, validation loss: 0.4935618042945862
2024-02-14 11:28:30.083499:2024-02-14 11:28:30.083352: Current epoch: 166, loss: 0.11826208978891373, validation loss: 0.4621392488479614
2024-02-14 11:28:33.486749:2024-02-14 11:28:33.486672: Current epoch: 167, loss: 0.14694398641586304, validation loss: 0.44300177693367004
2024-02-14 11:28:36.918188:2024-02-14 11:28:36.918113: Current epoch: 168, loss: 0.11241432279348373, validation loss: 0.4468645453453064
2024-02-14 11:28:40.381655:2024-02-14 11:28:40.381559: Current epoch: 169, loss: 0.10963131487369537, validation loss: 0.4511342942714691
2024-02-14 11:28:43.754384:2024-02-14 11:28:43.754307: Current epoch: 170, loss: 0.11689895391464233, validation loss: 0.4315238893032074
2024-02-14 11:28:47.129425:2024-02-14 11:28:47.129299: Current epoch: 171, loss: 0.15439453721046448, validation loss: 0.48488911986351013
2024-02-14 11:28:50.602759:2024-02-14 11:28:50.602684: Current epoch: 172, loss: 0.12890882790088654, validation loss: 0.45410779118537903
2024-02-14 11:28:54.014524:2024-02-14 11:28:54.014447: Current epoch: 173, loss: 0.12872925400733948, validation loss: 0.4929392635822296
2024-02-14 11:28:57.458946:2024-02-14 11:28:57.458851: Current epoch: 174, loss: 0.14320340752601624, validation loss: 0.45047640800476074
2024-02-14 11:29:00.682338:2024-02-14 11:29:00.682271: Current epoch: 175, loss: 0.11057739704847336, validation loss: 0.46310853958129883
2024-02-14 11:29:04.032213:2024-02-14 11:29:04.032131: Current epoch: 176, loss: 0.13385319709777832, validation loss: 0.4580520689487457
2024-02-14 11:29:07.313354:2024-02-14 11:29:07.313277: Current epoch: 177, loss: 0.14076417684555054, validation loss: 0.5003087520599365
2024-02-14 11:29:10.670733:2024-02-14 11:29:10.670658: Current epoch: 178, loss: 0.16025114059448242, validation loss: 0.46995624899864197
2024-02-14 11:29:14.073206:2024-02-14 11:29:14.073130: Current epoch: 179, loss: 0.13985291123390198, validation loss: 0.5239281058311462
2024-02-14 11:29:17.464654:2024-02-14 11:29:17.464578: Current epoch: 180, loss: 0.11834478378295898, validation loss: 0.44639110565185547
2024-02-14 11:29:20.786091:2024-02-14 11:29:20.786015: Current epoch: 181, loss: 0.11609767377376556, validation loss: 0.45048588514328003
2024-02-14 11:29:24.039183:2024-02-14 11:29:24.039031: Current epoch: 182, loss: 0.10192858427762985, validation loss: 0.4208649694919586
2024-02-14 11:29:27.512154:2024-02-14 11:29:27.512081: Current epoch: 183, loss: 0.09789495915174484, validation loss: 0.4319937825202942
2024-02-14 11:29:30.792233:2024-02-14 11:29:30.792163: Current epoch: 184, loss: 0.1634468287229538, validation loss: 0.4950122833251953
2024-02-14 11:29:34.286460:2024-02-14 11:29:34.286366: Current epoch: 185, loss: 0.1372421234846115, validation loss: 0.4352160692214966
2024-02-14 11:29:37.725496:2024-02-14 11:29:37.725399: Current epoch: 186, loss: 0.10079292953014374, validation loss: 0.4473009705543518
2024-02-14 11:29:41.070303:2024-02-14 11:29:41.070227: Current epoch: 187, loss: 0.09873572736978531, validation loss: 0.441204309463501
2024-02-14 11:29:44.554515:2024-02-14 11:29:44.554462: Current epoch: 188, loss: 0.0991976335644722, validation loss: 0.411577433347702
2024-02-14 11:29:47.761977:2024-02-14 11:29:47.761856: Current epoch: 189, loss: 0.19340923428535461, validation loss: 0.4671971797943115
2024-02-14 11:29:50.978829:2024-02-14 11:29:50.978732: Current epoch: 190, loss: 0.1329972892999649, validation loss: 0.4365007281303406
2024-02-14 11:29:54.486718:2024-02-14 11:29:54.486642: Current epoch: 191, loss: 0.1066620796918869, validation loss: 0.44172924757003784
2024-02-14 11:29:57.766294:2024-02-14 11:29:57.766219: Current epoch: 192, loss: 0.1344926953315735, validation loss: 0.46194520592689514
2024-02-14 11:30:01.248861:2024-02-14 11:30:01.248791: Current epoch: 193, loss: 0.18015499413013458, validation loss: 0.45381608605384827
2024-02-14 11:30:04.794967:2024-02-14 11:30:04.794824: Current epoch: 194, loss: 0.12036634981632233, validation loss: 0.4212314486503601
2024-02-14 11:30:08.295384:2024-02-14 11:30:08.295239: Current epoch: 195, loss: 0.1508144736289978, validation loss: 0.507488489151001
2024-02-14 11:30:11.808835:2024-02-14 11:30:11.808684: Current epoch: 196, loss: 0.1405211091041565, validation loss: 0.47158336639404297
2024-02-14 11:30:15.342893:2024-02-14 11:30:15.342817: Current epoch: 197, loss: 0.11697011440992355, validation loss: 0.43713897466659546
2024-02-14 11:30:18.861258:2024-02-14 11:30:18.861124: Current epoch: 198, loss: 0.09350933879613876, validation loss: 0.42789405584335327
2024-02-14 11:30:22.276539:2024-02-14 11:30:22.276441: Current epoch: 199, loss: 0.10437892377376556, validation loss: 0.4126669466495514
2024-02-14 11:30:28.175257:2024-02-14 11:30:28.175183: Current epoch: 200, loss: 0.09431386739015579, validation loss: 0.43074437975883484
2024-02-14 11:30:31.619892:2024-02-14 11:30:31.619822: Current epoch: 201, loss: 0.10066352039575577, validation loss: 0.43560412526130676
2024-02-14 11:30:35.027936:2024-02-14 11:30:35.027789: Current epoch: 202, loss: 0.10582190006971359, validation loss: 0.43467748165130615
2024-02-14 11:30:38.469933:2024-02-14 11:30:38.469834: Current epoch: 203, loss: 0.1257290095090866, validation loss: 0.46083304286003113
2024-02-14 11:30:41.878729:2024-02-14 11:30:41.878573: Current epoch: 204, loss: 0.15291345119476318, validation loss: 0.6630234718322754
2024-02-14 11:30:45.005149:2024-02-14 11:30:45.005074: Current epoch: 205, loss: 0.14467869699001312, validation loss: 0.4497477412223816
2024-02-14 11:30:48.220172:2024-02-14 11:30:48.220092: Current epoch: 206, loss: 0.09773282706737518, validation loss: 0.4473114311695099
2024-02-14 11:30:51.542097:2024-02-14 11:30:51.541946: Current epoch: 207, loss: 0.12836915254592896, validation loss: 0.4335554242134094
2024-02-14 11:30:54.844299:2024-02-14 11:30:54.844223: Current epoch: 208, loss: 0.15130890905857086, validation loss: 0.46210184693336487
2024-02-14 11:30:58.275477:2024-02-14 11:30:58.275311: Current epoch: 209, loss: 0.10052763670682907, validation loss: 0.42008528113365173
2024-02-14 11:31:01.714054:2024-02-14 11:31:01.713978: Current epoch: 210, loss: 0.09463486075401306, validation loss: 0.4297516942024231
2024-02-14 11:31:05.139232:2024-02-14 11:31:05.139091: Current epoch: 211, loss: 0.13495491445064545, validation loss: 0.5127051472663879
2024-02-14 11:31:08.608151:2024-02-14 11:31:08.608075: Current epoch: 212, loss: 0.11070249229669571, validation loss: 0.4517408609390259
2024-02-14 11:31:11.742825:2024-02-14 11:31:11.742760: Current epoch: 213, loss: 0.09840826690196991, validation loss: 0.45984023809432983
2024-02-14 11:31:15.219697:2024-02-14 11:31:15.219629: Current epoch: 214, loss: 0.15465548634529114, validation loss: 0.4431168735027313
2024-02-14 11:31:18.665909:2024-02-14 11:31:18.665835: Current epoch: 215, loss: 0.11407960206270218, validation loss: 0.4392288029193878
2024-02-14 11:31:22.085958:2024-02-14 11:31:22.085882: Current epoch: 216, loss: 0.0902552455663681, validation loss: 0.44112980365753174
2024-02-14 11:31:25.414099:2024-02-14 11:31:25.414023: Current epoch: 217, loss: 0.08329194039106369, validation loss: 0.4156530797481537
2024-02-14 11:31:28.892081:2024-02-14 11:31:28.892007: Current epoch: 218, loss: 0.08567136526107788, validation loss: 0.432023286819458
2024-02-14 11:31:32.114389:2024-02-14 11:31:32.114258: Current epoch: 219, loss: 0.1277557611465454, validation loss: 0.506278395652771
2024-02-14 11:31:35.619855:2024-02-14 11:31:35.619759: Current epoch: 220, loss: 0.11374618858098984, validation loss: 0.419817715883255
2024-02-14 11:31:39.076962:2024-02-14 11:31:39.076885: Current epoch: 221, loss: 0.12272772192955017, validation loss: 0.43257105350494385
2024-02-14 11:31:42.366868:2024-02-14 11:31:42.366804: Current epoch: 222, loss: 0.1876964420080185, validation loss: 0.4740511178970337
2024-02-14 11:31:45.876390:2024-02-14 11:31:45.876315: Current epoch: 223, loss: 0.10472038388252258, validation loss: 0.4418587386608124
2024-02-14 11:31:49.277264:2024-02-14 11:31:49.277190: Current epoch: 224, loss: 0.1270047277212143, validation loss: 0.4505130648612976
2024-02-14 11:31:52.685148:2024-02-14 11:31:52.685078: Current epoch: 225, loss: 0.09258629381656647, validation loss: 0.4285305440425873
2024-02-14 11:31:56.075264:2024-02-14 11:31:56.075143: Current epoch: 226, loss: 0.09121417999267578, validation loss: 0.4369594156742096
2024-02-14 11:31:59.495286:2024-02-14 11:31:59.495217: Current epoch: 227, loss: 0.08591339737176895, validation loss: 0.43992891907691956
2024-02-14 11:32:02.972505:2024-02-14 11:32:02.972400: Current epoch: 228, loss: 0.10806139558553696, validation loss: 0.45224258303642273
2024-02-14 11:32:06.359640:2024-02-14 11:32:06.359564: Current epoch: 229, loss: 0.09225140511989594, validation loss: 0.43245503306388855
2024-02-14 11:32:09.734222:2024-02-14 11:32:09.734146: Current epoch: 230, loss: 0.15197277069091797, validation loss: 0.511142909526825
2024-02-14 11:32:13.146958:2024-02-14 11:32:13.146882: Current epoch: 231, loss: 0.12069717794656754, validation loss: 0.46404632925987244
2024-02-14 11:32:16.617529:2024-02-14 11:32:16.617442: Current epoch: 232, loss: 0.13578905165195465, validation loss: 0.6550890803337097
2024-02-14 11:32:19.988770:2024-02-14 11:32:19.988694: Current epoch: 233, loss: 0.17665104568004608, validation loss: 0.5562557578086853
2024-02-14 11:32:23.368225:2024-02-14 11:32:23.368161: Current epoch: 234, loss: 0.09640958160161972, validation loss: 0.43525588512420654
2024-02-14 11:32:26.577253:2024-02-14 11:32:26.577178: Current epoch: 235, loss: 0.10970072448253632, validation loss: 0.45958951115608215
2024-02-14 11:32:30.004926:2024-02-14 11:32:30.004852: Current epoch: 236, loss: 0.13603930175304413, validation loss: 0.447795033454895
2024-02-14 11:32:33.354894:2024-02-14 11:32:33.354819: Current epoch: 237, loss: 0.10361313074827194, validation loss: 0.45032885670661926
2024-02-14 11:32:36.600510:2024-02-14 11:32:36.600386: Current epoch: 238, loss: 0.13765309751033783, validation loss: 0.44141533970832825
2024-02-14 11:32:40.019999:2024-02-14 11:32:40.019909: Current epoch: 239, loss: 0.076347216963768, validation loss: 0.44747278094291687
2024-02-14 11:32:43.234129:2024-02-14 11:32:43.234057: Current epoch: 240, loss: 0.074874646961689, validation loss: 0.42660894989967346
2024-02-14 11:32:46.610851:2024-02-14 11:32:46.610781: Current epoch: 241, loss: 0.10044173896312714, validation loss: 0.4829317331314087
2024-02-14 11:32:50.005701:2024-02-14 11:32:50.005625: Current epoch: 242, loss: 0.14589327573776245, validation loss: 0.5228688716888428
2024-02-14 11:32:53.254365:2024-02-14 11:32:53.254286: Current epoch: 243, loss: 0.129366934299469, validation loss: 0.5022357702255249
2024-02-14 11:32:56.719059:2024-02-14 11:32:56.719008: Current epoch: 244, loss: 0.09040527045726776, validation loss: 0.3997350335121155
2024-02-14 11:32:59.984611:2024-02-14 11:32:59.984545: Current epoch: 245, loss: 0.0810237005352974, validation loss: 0.4291042387485504
2024-02-14 11:33:03.236586:2024-02-14 11:33:03.236515: Current epoch: 246, loss: 0.08507842570543289, validation loss: 0.43712732195854187
2024-02-14 11:33:06.428385:2024-02-14 11:33:06.428330: Current epoch: 247, loss: 0.11141620576381683, validation loss: 0.46700966358184814
2024-02-14 11:33:09.707231:2024-02-14 11:33:09.707089: Current epoch: 248, loss: 0.09032249450683594, validation loss: 0.44767263531684875
2024-02-14 11:33:13.172852:2024-02-14 11:33:13.172776: Current epoch: 249, loss: 0.08670270442962646, validation loss: 0.41896024346351624
2024-02-14 11:33:16.477526:2024-02-14 11:33:16.477443: Current epoch: 250, loss: 0.0815262421965599, validation loss: 0.4378272294998169
2024-02-14 11:33:19.746762:2024-02-14 11:33:19.746686: Current epoch: 251, loss: 0.09362056851387024, validation loss: 0.47812214493751526
2024-02-14 11:33:23.214816:2024-02-14 11:33:23.214667: Current epoch: 252, loss: 0.12772291898727417, validation loss: 0.4501873254776001
2024-02-14 11:33:26.379820:2024-02-14 11:33:26.379745: Current epoch: 253, loss: 0.08852802217006683, validation loss: 0.44846558570861816
2024-02-14 11:33:29.624776:2024-02-14 11:33:29.624713: Current epoch: 254, loss: 0.08192909508943558, validation loss: 0.45058003067970276
2024-02-14 11:33:32.866593:2024-02-14 11:33:32.866523: Current epoch: 255, loss: 0.11054468899965286, validation loss: 0.4252004623413086
2024-02-14 11:33:36.119814:2024-02-14 11:33:36.119744: Current epoch: 256, loss: 0.1377011388540268, validation loss: 0.48635268211364746
2024-02-14 11:33:39.394557:2024-02-14 11:33:39.394486: Current epoch: 257, loss: 0.11774951219558716, validation loss: 0.48492497205734253
2024-02-14 11:33:42.763328:2024-02-14 11:33:42.763253: Current epoch: 258, loss: 0.0910423994064331, validation loss: 0.4290526509284973
2024-02-14 11:33:46.123321:2024-02-14 11:33:46.123197: Current epoch: 259, loss: 0.07513222843408585, validation loss: 0.4389398694038391
2024-02-14 11:33:49.367598:2024-02-14 11:33:49.367502: Current epoch: 260, loss: 0.07956672459840775, validation loss: 0.42755430936813354
2024-02-14 11:33:52.515439:2024-02-14 11:33:52.515348: Current epoch: 261, loss: 0.07209257781505585, validation loss: 0.4216034412384033
2024-02-14 11:33:55.679641:2024-02-14 11:33:55.679564: Current epoch: 262, loss: 0.07274425774812698, validation loss: 0.4209658205509186
2024-02-14 11:33:58.911973:2024-02-14 11:33:58.911898: Current epoch: 263, loss: 0.0788096934556961, validation loss: 0.43644654750823975
2024-02-14 11:34:02.251854:2024-02-14 11:34:02.251700: Current epoch: 264, loss: 0.17891424894332886, validation loss: 0.4791041314601898
2024-02-14 11:34:05.535084:2024-02-14 11:34:05.534931: Current epoch: 265, loss: 0.11168232560157776, validation loss: 0.4538339674472809
2024-02-14 11:34:08.697576:2024-02-14 11:34:08.697504: Current epoch: 266, loss: 0.09978767484426498, validation loss: 0.47216057777404785
2024-02-14 11:34:11.921966:2024-02-14 11:34:11.921890: Current epoch: 267, loss: 0.12773315608501434, validation loss: 0.5139884948730469
2024-02-14 11:34:15.173566:2024-02-14 11:34:15.173489: Current epoch: 268, loss: 0.11297838389873505, validation loss: 0.4221726655960083
2024-02-14 11:34:18.397612:2024-02-14 11:34:18.397536: Current epoch: 269, loss: 0.07487466186285019, validation loss: 0.40522387623786926
2024-02-14 11:34:23.876569:2024-02-14 11:34:23.876443: Current epoch: 270, loss: 0.07528369873762131, validation loss: 0.4051593840122223
2024-02-14 11:34:27.127500:2024-02-14 11:34:27.127398: Current epoch: 271, loss: 0.06850755214691162, validation loss: 0.4249548017978668
2024-02-14 11:34:30.418064:2024-02-14 11:34:30.417992: Current epoch: 272, loss: 0.0970652773976326, validation loss: 0.4181196689605713
2024-02-14 11:34:33.709812:2024-02-14 11:34:33.709724: Current epoch: 273, loss: 0.10524730384349823, validation loss: 0.4353002607822418
2024-02-14 11:34:36.918150:2024-02-14 11:34:36.918077: Current epoch: 274, loss: 0.08781381696462631, validation loss: 0.5461738705635071
2024-02-14 11:34:40.348321:2024-02-14 11:34:40.348247: Current epoch: 275, loss: 0.1299448311328888, validation loss: 0.4184027910232544
2024-02-14 11:34:43.817644:2024-02-14 11:34:43.817571: Current epoch: 276, loss: 0.08403429388999939, validation loss: 0.4214824438095093
2024-02-14 11:34:47.327234:2024-02-14 11:34:47.327160: Current epoch: 277, loss: 0.07871874421834946, validation loss: 0.44814732670783997
2024-02-14 11:34:50.814859:2024-02-14 11:34:50.814790: Current epoch: 278, loss: 0.12571334838867188, validation loss: 0.4772678315639496
2024-02-14 11:34:54.400154:2024-02-14 11:34:54.400088: Current epoch: 279, loss: 0.13478204607963562, validation loss: 0.44091325998306274
2024-02-14 11:34:57.922979:2024-02-14 11:34:57.922904: Current epoch: 280, loss: 0.0716060996055603, validation loss: 0.42521849274635315
2024-02-14 11:35:01.460504:2024-02-14 11:35:01.460362: Current epoch: 281, loss: 0.12528684735298157, validation loss: 0.43549156188964844
2024-02-14 11:35:04.838272:2024-02-14 11:35:04.838160: Current epoch: 282, loss: 0.07004233449697495, validation loss: 0.4055570363998413
2024-02-14 11:35:08.302876:2024-02-14 11:35:08.302800: Current epoch: 283, loss: 0.06645651906728745, validation loss: 0.41239839792251587
2024-02-14 11:35:11.654558:2024-02-14 11:35:11.654485: Current epoch: 284, loss: 0.08452774584293365, validation loss: 0.4256877899169922
2024-02-14 11:35:14.868820:2024-02-14 11:35:14.868745: Current epoch: 285, loss: 0.06766688823699951, validation loss: 0.4264691174030304
2024-02-14 11:35:18.276473:2024-02-14 11:35:18.276339: Current epoch: 286, loss: 0.07276393473148346, validation loss: 0.4549434781074524
2024-02-14 11:35:21.416350:2024-02-14 11:35:21.416220: Current epoch: 287, loss: 0.07734055817127228, validation loss: 0.4453877806663513
2024-02-14 11:35:24.710627:2024-02-14 11:35:24.710551: Current epoch: 288, loss: 0.07240033149719238, validation loss: 0.41882064938545227
2024-02-14 11:35:27.831338:2024-02-14 11:35:27.831257: Current epoch: 289, loss: 0.1460902988910675, validation loss: 0.7085149884223938
2024-02-14 11:35:30.881613:2024-02-14 11:35:30.881535: Current epoch: 290, loss: 0.17152053117752075, validation loss: 0.45557650923728943
2024-02-14 11:35:34.025588:2024-02-14 11:35:34.025456: Current epoch: 291, loss: 0.09081077575683594, validation loss: 0.47575247287750244
2024-02-14 11:35:37.501980:2024-02-14 11:35:37.501884: Current epoch: 292, loss: 0.07772397994995117, validation loss: 0.596939206123352
2024-02-14 11:35:40.954160:2024-02-14 11:35:40.954096: Current epoch: 293, loss: 0.13710378110408783, validation loss: 0.5609254240989685
2024-02-14 11:35:44.371194:2024-02-14 11:35:44.371063: Current epoch: 294, loss: 0.09366942942142487, validation loss: 0.44826915860176086
2024-02-14 11:35:47.706489:2024-02-14 11:35:47.706391: Current epoch: 295, loss: 0.10334854573011398, validation loss: 0.4513080418109894
2024-02-14 11:35:51.053994:2024-02-14 11:35:51.053894: Current epoch: 296, loss: 0.09319121390581131, validation loss: 0.41438326239585876
2024-02-14 11:35:54.483769:2024-02-14 11:35:54.483695: Current epoch: 297, loss: 0.08824201673269272, validation loss: 0.4870031774044037
2024-02-14 11:35:57.853171:2024-02-14 11:35:57.853097: Current epoch: 298, loss: 0.0704580619931221, validation loss: 0.4765520691871643
2024-02-14 11:36:01.046449:2024-02-14 11:36:01.046359: Current epoch: 299, loss: 0.09842126816511154, validation loss: 0.43392524123191833
2024-02-14 11:36:04.254305:2024-02-14 11:36:04.254175: Current epoch: 300, loss: 0.14396345615386963, validation loss: 0.4356709122657776
2024-02-14 11:36:07.395824:2024-02-14 11:36:07.395751: Current epoch: 301, loss: 0.11962854862213135, validation loss: 0.4483451843261719
2024-02-14 11:36:10.642734:2024-02-14 11:36:10.642669: Current epoch: 302, loss: 0.06534788012504578, validation loss: 0.4323369264602661
2024-02-14 11:36:13.826693:2024-02-14 11:36:13.826613: Current epoch: 303, loss: 0.05953017994761467, validation loss: 0.43587610125541687
2024-02-14 11:36:17.110466:2024-02-14 11:36:17.110370: Current epoch: 304, loss: 0.061668723821640015, validation loss: 0.4457422196865082
2024-02-14 11:36:20.469477:2024-02-14 11:36:20.469365: Current epoch: 305, loss: 0.06779329478740692, validation loss: 0.43423932790756226
2024-02-14 11:36:23.633419:2024-02-14 11:36:23.633302: Current epoch: 306, loss: 0.06602732837200165, validation loss: 0.41946643590927124
2024-02-14 11:36:27.124813:2024-02-14 11:36:27.124722: Current epoch: 307, loss: 0.19517728686332703, validation loss: 0.49910905957221985
2024-02-14 11:36:30.403882:2024-02-14 11:36:30.403806: Current epoch: 308, loss: 0.13295625150203705, validation loss: 0.44696044921875
2024-02-14 11:36:33.748308:2024-02-14 11:36:33.748233: Current epoch: 309, loss: 0.08497606217861176, validation loss: 0.4382290840148926
2024-02-14 11:36:37.093730:2024-02-14 11:36:37.093657: Current epoch: 310, loss: 0.06459900736808777, validation loss: 0.43341681361198425
2024-02-14 11:36:40.409538:2024-02-14 11:36:40.409475: Current epoch: 311, loss: 0.11506011337041855, validation loss: 0.5068771243095398
2024-02-14 11:36:43.778348:2024-02-14 11:36:43.778209: Current epoch: 312, loss: 0.09459447860717773, validation loss: 0.45113715529441833
2024-02-14 11:36:47.211217:2024-02-14 11:36:47.211124: Current epoch: 313, loss: 0.06387176364660263, validation loss: 0.4455038607120514
2024-02-14 11:36:50.622485:2024-02-14 11:36:50.622388: Current epoch: 314, loss: 0.13244284689426422, validation loss: 0.4440944194793701
2024-02-14 11:36:53.747518:2024-02-14 11:36:53.747441: Current epoch: 315, loss: 0.07041516900062561, validation loss: 0.45389261841773987
2024-02-14 11:36:57.270117:2024-02-14 11:36:57.270044: Current epoch: 316, loss: 0.0618743970990181, validation loss: 0.431624174118042
2024-02-14 11:37:00.837128:2024-02-14 11:37:00.837053: Current epoch: 317, loss: 0.057177044451236725, validation loss: 0.40693187713623047
2024-02-14 11:37:04.339563:2024-02-14 11:37:04.339431: Current epoch: 318, loss: 0.05970476195216179, validation loss: 0.407440721988678
2024-02-14 11:37:07.653476:2024-02-14 11:37:07.653375: Current epoch: 319, loss: 0.06365780532360077, validation loss: 0.41194313764572144
2024-02-14 11:37:10.945156:2024-02-14 11:37:10.945081: Current epoch: 320, loss: 0.06881134957075119, validation loss: 0.4402162432670593
2024-02-14 11:37:14.319433:2024-02-14 11:37:14.319331: Current epoch: 321, loss: 0.07635772973299026, validation loss: 0.4289937913417816
2024-02-14 11:37:17.748828:2024-02-14 11:37:17.748757: Current epoch: 322, loss: 0.0755952000617981, validation loss: 0.4380703270435333
2024-02-14 11:37:21.073145:2024-02-14 11:37:21.073071: Current epoch: 323, loss: 0.173804372549057, validation loss: 0.4185199737548828
2024-02-14 11:37:24.600934:2024-02-14 11:37:24.600868: Current epoch: 324, loss: 0.10277922451496124, validation loss: 0.5057299137115479
2024-02-14 11:37:27.878423:2024-02-14 11:37:27.878341: Current epoch: 325, loss: 0.11809705197811127, validation loss: 0.45622938871383667
2024-02-14 11:37:31.119305:2024-02-14 11:37:31.119240: Current epoch: 326, loss: 0.0720442533493042, validation loss: 0.43549132347106934
2024-02-14 11:37:34.326150:2024-02-14 11:37:34.326071: Current epoch: 327, loss: 0.07222360372543335, validation loss: 0.6060602068901062
2024-02-14 11:37:37.624632:2024-02-14 11:37:37.624558: Current epoch: 328, loss: 0.144554004073143, validation loss: 0.4303438067436218
2024-02-14 11:37:41.157830:2024-02-14 11:37:41.157677: Current epoch: 329, loss: 0.06197885051369667, validation loss: 0.4031548798084259
2024-02-14 11:37:47.019506:2024-02-14 11:37:47.019451: Current epoch: 330, loss: 0.05575083568692207, validation loss: 0.3957526683807373
2024-02-14 11:37:50.729183:2024-02-14 11:37:50.729031: Current epoch: 331, loss: 0.05678475275635719, validation loss: 0.41271641850471497
2024-02-14 11:37:54.305064:2024-02-14 11:37:54.304989: Current epoch: 332, loss: 0.06133990362286568, validation loss: 0.40386372804641724
2024-02-14 11:37:57.634693:2024-02-14 11:37:57.634613: Current epoch: 333, loss: 0.058530814945697784, validation loss: 0.43143901228904724
2024-02-14 11:38:01.061478:2024-02-14 11:38:01.061346: Current epoch: 334, loss: 0.0831572487950325, validation loss: 0.4418954849243164
2024-02-14 11:38:04.530077:2024-02-14 11:38:04.529926: Current epoch: 335, loss: 0.07430142164230347, validation loss: 0.4761262834072113
2024-02-14 11:38:08.108570:2024-02-14 11:38:08.108399: Current epoch: 336, loss: 0.16126322746276855, validation loss: 0.44600552320480347
2024-02-14 11:38:11.557523:2024-02-14 11:38:11.557446: Current epoch: 337, loss: 0.08509451150894165, validation loss: 0.4550445079803467
2024-02-14 11:38:14.976941:2024-02-14 11:38:14.976866: Current epoch: 338, loss: 0.06729581952095032, validation loss: 0.4170365333557129
2024-02-14 11:38:18.588013:2024-02-14 11:38:18.587964: Current epoch: 339, loss: 0.06196551397442818, validation loss: 0.3943909704685211
2024-02-14 11:38:24.499641:2024-02-14 11:38:24.499529: Current epoch: 340, loss: 0.06041286885738373, validation loss: 0.42299142479896545
2024-02-14 11:38:27.742057:2024-02-14 11:38:27.741988: Current epoch: 341, loss: 0.07579862326383591, validation loss: 0.47045645117759705
2024-02-14 11:38:31.274723:2024-02-14 11:38:31.274626: Current epoch: 342, loss: 0.18169505894184113, validation loss: 0.5280652046203613
2024-02-14 11:38:34.568250:2024-02-14 11:38:34.568175: Current epoch: 343, loss: 0.09684150665998459, validation loss: 0.44929075241088867
2024-02-14 11:38:37.934464:2024-02-14 11:38:37.934322: Current epoch: 344, loss: 0.0965195745229721, validation loss: 0.42699697613716125
2024-02-14 11:38:41.321025:2024-02-14 11:38:41.320929: Current epoch: 345, loss: 0.06493216007947922, validation loss: 0.438674658536911
2024-02-14 11:38:44.674146:2024-02-14 11:38:44.673994: Current epoch: 346, loss: 0.05768908932805061, validation loss: 0.4320865273475647
2024-02-14 11:38:48.068909:2024-02-14 11:38:48.068834: Current epoch: 347, loss: 0.09030552953481674, validation loss: 0.4204671084880829
2024-02-14 11:38:51.399379:2024-02-14 11:38:51.399252: Current epoch: 348, loss: 0.059361934661865234, validation loss: 0.42165836691856384
2024-02-14 11:38:54.617205:2024-02-14 11:38:54.617136: Current epoch: 349, loss: 0.06110266223549843, validation loss: 0.414191871881485
2024-02-14 11:38:57.782287:2024-02-14 11:38:57.782212: Current epoch: 350, loss: 0.10847849398851395, validation loss: 0.5394562482833862
2024-02-14 11:39:01.008567:2024-02-14 11:39:01.008491: Current epoch: 351, loss: 0.09691329300403595, validation loss: 0.5034173727035522
2024-02-14 11:39:04.076654:2024-02-14 11:39:04.076545: Current epoch: 352, loss: 0.09528286755084991, validation loss: 0.41570940613746643
2024-02-14 11:39:07.446272:2024-02-14 11:39:07.446150: Current epoch: 353, loss: 0.06879914551973343, validation loss: 0.4783262014389038
2024-02-14 11:39:10.763057:2024-02-14 11:39:10.762958: Current epoch: 354, loss: 0.059727102518081665, validation loss: 0.4642995595932007
2024-02-14 11:39:14.226993:2024-02-14 11:39:14.226862: Current epoch: 355, loss: 0.06066218763589859, validation loss: 0.4053908884525299
2024-02-14 11:39:17.753250:2024-02-14 11:39:17.753172: Current epoch: 356, loss: 0.058431871235370636, validation loss: 0.39706653356552124
2024-02-14 11:39:21.206640:2024-02-14 11:39:21.206538: Current epoch: 357, loss: 0.09891282767057419, validation loss: 0.432160884141922
2024-02-14 11:39:24.751973:2024-02-14 11:39:24.751827: Current epoch: 358, loss: 0.10946894437074661, validation loss: 0.4329686760902405
2024-02-14 11:39:28.059912:2024-02-14 11:39:28.059815: Current epoch: 359, loss: 0.10280588269233704, validation loss: 0.4500388503074646
2024-02-14 11:39:31.511321:2024-02-14 11:39:31.511200: Current epoch: 360, loss: 0.07077235728502274, validation loss: 0.41462284326553345
2024-02-14 11:39:34.919678:2024-02-14 11:39:34.919581: Current epoch: 361, loss: 0.05960118770599365, validation loss: 0.40756383538246155
2024-02-14 11:39:38.199850:2024-02-14 11:39:38.199720: Current epoch: 362, loss: 0.05836791172623634, validation loss: 0.4098536968231201
2024-02-14 11:39:41.374516:2024-02-14 11:39:41.374400: Current epoch: 363, loss: 0.11076837033033371, validation loss: 0.44417837262153625
2024-02-14 11:39:44.586216:2024-02-14 11:39:44.586143: Current epoch: 364, loss: 0.06834257394075394, validation loss: 0.42344599962234497
2024-02-14 11:39:47.794560:2024-02-14 11:39:47.794483: Current epoch: 365, loss: 0.06325642019510269, validation loss: 0.44130387902259827
2024-02-14 11:39:51.025506:2024-02-14 11:39:51.025367: Current epoch: 366, loss: 0.062393609434366226, validation loss: 0.44266173243522644
2024-02-14 11:39:54.394777:2024-02-14 11:39:54.394702: Current epoch: 367, loss: 0.061351876705884933, validation loss: 0.42575302720069885
2024-02-14 11:39:57.868715:2024-02-14 11:39:57.868546: Current epoch: 368, loss: 0.06739587336778641, validation loss: 0.4280717074871063
2024-02-14 11:40:01.324390:2024-02-14 11:40:01.324312: Current epoch: 369, loss: 0.06595590710639954, validation loss: 0.46973899006843567
2024-02-14 11:40:04.681913:2024-02-14 11:40:04.681836: Current epoch: 370, loss: 0.10540920495986938, validation loss: 0.4959051311016083
2024-02-14 11:40:08.026739:2024-02-14 11:40:08.026666: Current epoch: 371, loss: 0.09185280650854111, validation loss: 0.42611756920814514
2024-02-14 11:40:11.384432:2024-02-14 11:40:11.384344: Current epoch: 372, loss: 0.0657004863023758, validation loss: 0.5050051212310791
2024-02-14 11:40:14.569998:2024-02-14 11:40:14.569917: Current epoch: 373, loss: 0.13688287138938904, validation loss: 0.47549501061439514
2024-02-14 11:40:17.920866:2024-02-14 11:40:17.920734: Current epoch: 374, loss: 0.06747007369995117, validation loss: 0.46193134784698486
2024-02-14 11:40:21.012322:2024-02-14 11:40:21.012248: Current epoch: 375, loss: 0.06208713352680206, validation loss: 0.44714993238449097
2024-02-14 11:40:24.392278:2024-02-14 11:40:24.392203: Current epoch: 376, loss: 0.13516589999198914, validation loss: 0.43292784690856934
2024-02-14 11:40:27.791250:2024-02-14 11:40:27.791175: Current epoch: 377, loss: 0.0779573991894722, validation loss: 0.4602769613265991
2024-02-14 11:40:31.238466:2024-02-14 11:40:31.238376: Current epoch: 378, loss: 0.05798734724521637, validation loss: 0.436421662569046
2024-02-14 11:40:34.601571:2024-02-14 11:40:34.601497: Current epoch: 379, loss: 0.05350251868367195, validation loss: 0.43511611223220825
2024-02-14 11:40:37.700217:2024-02-14 11:40:37.700143: Current epoch: 380, loss: 0.05736891180276871, validation loss: 0.43862560391426086
2024-02-14 11:40:41.036916:2024-02-14 11:40:41.036841: Current epoch: 381, loss: 0.059483446180820465, validation loss: 0.43839284777641296
2024-02-14 11:40:44.517054:2024-02-14 11:40:44.516921: Current epoch: 382, loss: 0.06340649724006653, validation loss: 0.44156989455223083
2024-02-14 11:40:47.786294:2024-02-14 11:40:47.786236: Current epoch: 383, loss: 0.05860145762562752, validation loss: 0.43580538034439087
2024-02-14 11:40:50.985790:2024-02-14 11:40:50.985716: Current epoch: 384, loss: 0.05563617870211601, validation loss: 0.4398403465747833
2024-02-14 11:40:54.398531:2024-02-14 11:40:54.398403: Current epoch: 385, loss: 0.060327526181936264, validation loss: 0.4417562484741211
2024-02-14 11:40:57.805260:2024-02-14 11:40:57.805188: Current epoch: 386, loss: 0.08723223209381104, validation loss: 0.4766653776168823
2024-02-14 11:41:00.926683:2024-02-14 11:41:00.926602: Current epoch: 387, loss: 0.14048734307289124, validation loss: 0.4519704580307007
2024-02-14 11:41:04.336275:2024-02-14 11:41:04.336197: Current epoch: 388, loss: 0.08835119009017944, validation loss: 0.44158291816711426
2024-02-14 11:41:07.642565:2024-02-14 11:41:07.642487: Current epoch: 389, loss: 0.06396759301424026, validation loss: 0.45612549781799316
2024-02-14 11:41:10.840141:2024-02-14 11:41:10.840066: Current epoch: 390, loss: 0.08362627029418945, validation loss: 0.4465565085411072
2024-02-14 11:41:14.088301:2024-02-14 11:41:14.088238: Current epoch: 391, loss: 0.0622088797390461, validation loss: 0.434619665145874
2024-02-14 11:41:17.431234:2024-02-14 11:41:17.431104: Current epoch: 392, loss: 0.055049240589141846, validation loss: 0.41978636384010315
2024-02-14 11:41:20.618903:2024-02-14 11:41:20.618845: Current epoch: 393, loss: 0.05533862113952637, validation loss: 0.4303669035434723
2024-02-14 11:41:23.948497:2024-02-14 11:41:23.948378: Current epoch: 394, loss: 0.055814020335674286, validation loss: 0.4415961503982544
2024-02-14 11:41:27.377585:2024-02-14 11:41:27.377513: Current epoch: 395, loss: 0.057239189743995667, validation loss: 0.42573773860931396
2024-02-14 11:41:30.874894:2024-02-14 11:41:30.874824: Current epoch: 396, loss: 0.058930110186338425, validation loss: 0.4297727346420288
2024-02-14 11:41:34.288692:2024-02-14 11:41:34.288615: Current epoch: 397, loss: 0.05981714650988579, validation loss: 0.43862247467041016
2024-02-14 11:41:37.844351:2024-02-14 11:41:37.844278: Current epoch: 398, loss: 0.06401769071817398, validation loss: 0.4848567545413971
2024-02-14 11:41:41.415284:2024-02-14 11:41:41.415206: Current epoch: 399, loss: 0.17964887619018555, validation loss: 0.6525301337242126
2024-02-14 11:41:44.916327:2024-02-14 11:41:44.916253: Current epoch: 400, loss: 0.12367936968803406, validation loss: 0.45211291313171387
2024-02-14 11:41:48.494109:2024-02-14 11:41:48.494033: Current epoch: 401, loss: 0.08028506487607956, validation loss: 0.641436755657196
2024-02-14 11:41:51.874541:2024-02-14 11:41:51.874364: Current epoch: 402, loss: 0.08277978748083115, validation loss: 0.4753096103668213
2024-02-14 11:41:55.282907:2024-02-14 11:41:55.282836: Current epoch: 403, loss: 0.05566730350255966, validation loss: 0.44422081112861633
2024-02-14 11:41:58.756136:2024-02-14 11:41:58.756062: Current epoch: 404, loss: 0.05248546600341797, validation loss: 0.44284507632255554
2024-02-14 11:42:01.978129:2024-02-14 11:42:01.978053: Current epoch: 405, loss: 0.049741361290216446, validation loss: 0.43825775384902954
2024-02-14 11:42:05.360404:2024-02-14 11:42:05.360329: Current epoch: 406, loss: 0.051022227853536606, validation loss: 0.43577393889427185
2024-02-14 11:42:08.705363:2024-02-14 11:42:08.705290: Current epoch: 407, loss: 0.05392720177769661, validation loss: 0.426275372505188
2024-02-14 11:42:11.941637:2024-02-14 11:42:11.941568: Current epoch: 408, loss: 0.05124252662062645, validation loss: 0.4315856993198395
2024-02-14 11:42:15.220440:2024-02-14 11:42:15.220346: Current epoch: 409, loss: 0.12883639335632324, validation loss: 0.4243655800819397
2024-02-14 11:42:18.384092:2024-02-14 11:42:18.383946: Current epoch: 410, loss: 0.06574266403913498, validation loss: 0.44257745146751404
2024-02-14 11:42:21.619611:2024-02-14 11:42:21.619515: Current epoch: 411, loss: 0.07854685932397842, validation loss: 0.4218011200428009
2024-02-14 11:42:25.005113:2024-02-14 11:42:25.005038: Current epoch: 412, loss: 0.06661299616098404, validation loss: 0.41076743602752686
2024-02-14 11:42:28.369751:2024-02-14 11:42:28.369676: Current epoch: 413, loss: 0.05414409562945366, validation loss: 0.43022701144218445
2024-02-14 11:42:31.775110:2024-02-14 11:42:31.775033: Current epoch: 414, loss: 0.05139732360839844, validation loss: 0.4207615554332733
2024-02-14 11:42:35.052885:2024-02-14 11:42:35.052812: Current epoch: 415, loss: 0.05369481444358826, validation loss: 0.4155955910682678
2024-02-14 11:42:38.312050:2024-02-14 11:42:38.311974: Current epoch: 416, loss: 0.055505283176898956, validation loss: 0.4142085015773773
2024-02-14 11:42:41.730043:2024-02-14 11:42:41.729971: Current epoch: 417, loss: 0.05474832281470299, validation loss: 0.41123199462890625
2024-02-14 11:42:45.097691:2024-02-14 11:42:45.097556: Current epoch: 418, loss: 0.053674183785915375, validation loss: 0.42037883400917053
2024-02-14 11:42:48.589339:2024-02-14 11:42:48.589263: Current epoch: 419, loss: 0.13975359499454498, validation loss: 0.4561746418476105
2024-02-14 11:42:52.038712:2024-02-14 11:42:52.038637: Current epoch: 420, loss: 0.09753353893756866, validation loss: 0.48148685693740845
2024-02-14 11:42:55.391384:2024-02-14 11:42:55.391294: Current epoch: 421, loss: 0.05758826434612274, validation loss: 0.4187503457069397
2024-02-14 11:42:58.806991:2024-02-14 11:42:58.806917: Current epoch: 422, loss: 0.06502337753772736, validation loss: 0.4355930984020233
2024-02-14 11:43:02.129719:2024-02-14 11:43:02.129645: Current epoch: 423, loss: 0.06895985454320908, validation loss: 0.4414743483066559
2024-02-14 11:43:05.359391:2024-02-14 11:43:05.359315: Current epoch: 424, loss: 0.05644368380308151, validation loss: 0.4317159652709961
2024-02-14 11:43:08.765703:2024-02-14 11:43:08.765632: Current epoch: 425, loss: 0.05268799513578415, validation loss: 0.4287540316581726
2024-02-14 11:43:12.115609:2024-02-14 11:43:12.115545: Current epoch: 426, loss: 0.05174776166677475, validation loss: 0.43441617488861084
2024-02-14 11:43:15.460465:2024-02-14 11:43:15.460373: Current epoch: 427, loss: 0.05069626495242119, validation loss: 0.42519184947013855
2024-02-14 11:43:18.889127:2024-02-14 11:43:18.889051: Current epoch: 428, loss: 0.056756533682346344, validation loss: 0.4511088728904724
2024-02-14 11:43:22.322616:2024-02-14 11:43:22.322541: Current epoch: 429, loss: 0.05763442814350128, validation loss: 0.42934659123420715
2024-02-14 11:43:25.627895:2024-02-14 11:43:25.627820: Current epoch: 430, loss: 0.056202784180641174, validation loss: 0.42197445034980774
2024-02-14 11:43:29.118178:2024-02-14 11:43:29.118102: Current epoch: 431, loss: 0.06410125643014908, validation loss: 0.42364805936813354
2024-02-14 11:43:32.567575:2024-02-14 11:43:32.567499: Current epoch: 432, loss: 0.05867060273885727, validation loss: 0.4321788251399994
2024-02-14 11:43:35.904360:2024-02-14 11:43:35.904316: Current epoch: 433, loss: 0.07126032561063766, validation loss: 0.6145774126052856
2024-02-14 11:43:39.179524:2024-02-14 11:43:39.179445: Current epoch: 434, loss: 0.19924527406692505, validation loss: 0.4395260214805603
2024-02-14 11:43:42.474319:2024-02-14 11:43:42.474246: Current epoch: 435, loss: 0.07581861317157745, validation loss: 0.4309487044811249
2024-02-14 11:43:45.866434:2024-02-14 11:43:45.866286: Current epoch: 436, loss: 0.05370180308818817, validation loss: 0.5047853589057922
2024-02-14 11:43:49.317447:2024-02-14 11:43:49.317349: Current epoch: 437, loss: 0.07785177230834961, validation loss: 0.4503229260444641
2024-02-14 11:43:52.634348:2024-02-14 11:43:52.634267: Current epoch: 438, loss: 0.055746808648109436, validation loss: 0.4531163275241852
2024-02-14 11:43:55.852107:2024-02-14 11:43:55.852027: Current epoch: 439, loss: 0.05057383328676224, validation loss: 0.42874717712402344
2024-02-14 11:43:59.293320:2024-02-14 11:43:59.293265: Current epoch: 440, loss: 0.06797529757022858, validation loss: 0.5965644717216492
2024-02-14 11:44:02.634314:2024-02-14 11:44:02.634254: Current epoch: 441, loss: 0.1224619448184967, validation loss: 0.47363513708114624
2024-02-14 11:44:05.980057:2024-02-14 11:44:05.979984: Current epoch: 442, loss: 0.06723138689994812, validation loss: 0.4348096251487732
2024-02-14 11:44:09.353757:2024-02-14 11:44:09.353695: Current epoch: 443, loss: 0.047717925161123276, validation loss: 0.4304189682006836
2024-02-14 11:44:12.779589:2024-02-14 11:44:12.779512: Current epoch: 444, loss: 0.04661550745368004, validation loss: 0.42918190360069275
2024-02-14 11:44:16.132688:2024-02-14 11:44:16.132624: Current epoch: 445, loss: 0.04608763009309769, validation loss: 0.43097224831581116
2024-02-14 11:44:19.518379:2024-02-14 11:44:19.518304: Current epoch: 446, loss: 0.047334227710962296, validation loss: 0.43167218565940857
2024-02-14 11:44:22.801742:2024-02-14 11:44:22.801668: Current epoch: 447, loss: 0.04811335355043411, validation loss: 0.42656010389328003
2024-02-14 11:44:26.082625:2024-02-14 11:44:26.082558: Current epoch: 448, loss: 0.10009478777647018, validation loss: 0.46631741523742676
2024-02-14 11:44:29.304869:2024-02-14 11:44:29.304804: Current epoch: 449, loss: 0.07014371454715729, validation loss: 0.4791276156902313
2024-02-14 11:44:32.693728:2024-02-14 11:44:32.693670: Current epoch: 450, loss: 0.0618840716779232, validation loss: 0.4213816225528717
2024-02-14 11:44:36.014252:2024-02-14 11:44:36.014179: Current epoch: 451, loss: 0.04877977818250656, validation loss: 0.41782909631729126
2024-02-14 11:44:39.302000:2024-02-14 11:44:39.301934: Current epoch: 452, loss: 0.05102451890707016, validation loss: 0.43268924951553345
2024-02-14 11:44:42.631473:2024-02-14 11:44:42.631395: Current epoch: 453, loss: 0.052267011255025864, validation loss: 0.4219779372215271
2024-02-14 11:44:45.936055:2024-02-14 11:44:45.935931: Current epoch: 454, loss: 0.053365953266620636, validation loss: 0.43028295040130615
2024-02-14 11:44:49.256356:2024-02-14 11:44:49.256260: Current epoch: 455, loss: 0.052845899015665054, validation loss: 0.4241650402545929
2024-02-14 11:44:52.515807:2024-02-14 11:44:52.515750: Current epoch: 456, loss: 0.05449160560965538, validation loss: 0.417182058095932
2024-02-14 11:44:55.784615:2024-02-14 11:44:55.784540: Current epoch: 457, loss: 0.058444954454898834, validation loss: 0.42635074257850647
2024-02-14 11:44:59.014705:2024-02-14 11:44:59.014632: Current epoch: 458, loss: 0.05675630271434784, validation loss: 0.42456358671188354
2024-02-14 11:45:02.321450:2024-02-14 11:45:02.321354: Current epoch: 459, loss: 0.055802054703235626, validation loss: 0.4327217638492584
2024-02-14 11:45:05.762539:2024-02-14 11:45:05.762462: Current epoch: 460, loss: 0.08129729330539703, validation loss: 0.5215712785720825
2024-02-14 11:45:08.952585:2024-02-14 11:45:08.952517: Current epoch: 461, loss: 0.08433448523283005, validation loss: 0.4410315752029419
2024-02-14 11:45:12.312667:2024-02-14 11:45:12.312593: Current epoch: 462, loss: 0.11147928982973099, validation loss: 0.4846136271953583
2024-02-14 11:45:15.713063:2024-02-14 11:45:15.712988: Current epoch: 463, loss: 0.08837602287530899, validation loss: 0.4273625612258911
2024-02-14 11:45:19.027885:2024-02-14 11:45:19.027810: Current epoch: 464, loss: 0.0558052584528923, validation loss: 0.4276629388332367
2024-02-14 11:45:22.426273:2024-02-14 11:45:22.426196: Current epoch: 465, loss: 0.04576479643583298, validation loss: 0.4316658079624176
2024-02-14 11:45:25.803648:2024-02-14 11:45:25.803581: Current epoch: 466, loss: 0.043278951197862625, validation loss: 0.4259830713272095
2024-02-14 11:45:29.122974:2024-02-14 11:45:29.122898: Current epoch: 467, loss: 0.04671362787485123, validation loss: 0.4254373610019684
2024-02-14 11:45:32.550135:2024-02-14 11:45:32.550062: Current epoch: 468, loss: 0.05041830614209175, validation loss: 0.438588947057724
2024-02-14 11:45:35.910545:2024-02-14 11:45:35.910475: Current epoch: 469, loss: 0.12340076267719269, validation loss: 0.507621169090271
2024-02-14 11:45:39.285119:2024-02-14 11:45:39.284988: Current epoch: 470, loss: 0.0831504836678505, validation loss: 0.4237331449985504
2024-02-14 11:45:42.616762:2024-02-14 11:45:42.616688: Current epoch: 471, loss: 0.04640818387269974, validation loss: 0.4226156175136566
2024-02-14 11:45:45.921669:2024-02-14 11:45:45.921594: Current epoch: 472, loss: 0.04349138215184212, validation loss: 0.4125939905643463
2024-02-14 11:45:49.282345:2024-02-14 11:45:49.282270: Current epoch: 473, loss: 0.042948588728904724, validation loss: 0.4410199522972107
2024-02-14 11:45:52.718977:2024-02-14 11:45:52.718893: Current epoch: 474, loss: 0.046752095222473145, validation loss: 0.413723886013031
2024-02-14 11:45:56.031346:2024-02-14 11:45:56.031271: Current epoch: 475, loss: 0.05319806933403015, validation loss: 0.4209330976009369
2024-02-14 11:45:59.501346:2024-02-14 11:45:59.501270: Current epoch: 476, loss: 0.08446156978607178, validation loss: 0.8086779713630676
2024-02-14 11:46:02.766735:2024-02-14 11:46:02.766663: Current epoch: 477, loss: 0.12821239233016968, validation loss: 0.4406489431858063
2024-02-14 11:46:06.103392:2024-02-14 11:46:06.103318: Current epoch: 478, loss: 0.05556098371744156, validation loss: 0.4420258402824402
2024-02-14 11:46:09.476108:2024-02-14 11:46:09.476032: Current epoch: 479, loss: 0.049878787249326706, validation loss: 0.42445045709609985
2024-02-14 11:46:12.970454:2024-02-14 11:46:12.970298: Current epoch: 480, loss: 0.044037122279405594, validation loss: 0.43709632754325867
2024-02-14 11:46:16.453888:2024-02-14 11:46:16.453757: Current epoch: 481, loss: 0.04650016129016876, validation loss: 0.4328893721103668
2024-02-14 11:46:19.751523:2024-02-14 11:46:19.751446: Current epoch: 482, loss: 0.049187786877155304, validation loss: 0.4402819871902466
2024-02-14 11:46:23.236603:2024-02-14 11:46:23.236530: Current epoch: 483, loss: 0.04799100384116173, validation loss: 0.4262818992137909
2024-02-14 11:46:26.740482:2024-02-14 11:46:26.740362: Current epoch: 484, loss: 0.048367131501436234, validation loss: 0.43277302384376526
2024-02-14 11:46:30.177140:2024-02-14 11:46:30.177066: Current epoch: 485, loss: 0.04772614687681198, validation loss: 0.4364415407180786
2024-02-14 11:46:33.337690:2024-02-14 11:46:33.337621: Current epoch: 486, loss: 0.05097615718841553, validation loss: 0.42763635516166687
2024-02-14 11:46:36.746265:2024-02-14 11:46:36.746192: Current epoch: 487, loss: 0.05267779901623726, validation loss: 0.4323873221874237
2024-02-14 11:46:40.024876:2024-02-14 11:46:40.024800: Current epoch: 488, loss: 0.05140041187405586, validation loss: 0.4255177080631256
2024-02-14 11:46:43.259647:2024-02-14 11:46:43.259581: Current epoch: 489, loss: 0.05453234538435936, validation loss: 0.4144832193851471
2024-02-14 11:46:46.654248:2024-02-14 11:46:46.654105: Current epoch: 490, loss: 0.05398852750658989, validation loss: 0.4371687173843384
2024-02-14 11:46:49.971211:2024-02-14 11:46:49.971138: Current epoch: 491, loss: 0.05404594913125038, validation loss: 0.44982483983039856
2024-02-14 11:46:53.218528:2024-02-14 11:46:53.218432: Current epoch: 492, loss: 0.06250553578138351, validation loss: 0.44408804178237915
2024-02-14 11:46:56.431459:2024-02-14 11:46:56.431366: Current epoch: 493, loss: 0.09601379185914993, validation loss: 0.5199265480041504
2024-02-14 11:46:59.703271:2024-02-14 11:46:59.703195: Current epoch: 494, loss: 0.09289620071649551, validation loss: 0.4254443347454071
2024-02-14 11:47:03.143400:2024-02-14 11:47:03.143325: Current epoch: 495, loss: 0.05995911359786987, validation loss: 0.42903655767440796
2024-02-14 11:47:06.537249:2024-02-14 11:47:06.537173: Current epoch: 496, loss: 0.06179045885801315, validation loss: 0.45686328411102295
2024-02-14 11:47:09.784487:2024-02-14 11:47:09.784391: Current epoch: 497, loss: 0.1317531168460846, validation loss: 0.5036374926567078
2024-02-14 11:47:13.020363:2024-02-14 11:47:13.020231: Current epoch: 498, loss: 0.06143859773874283, validation loss: 0.42870092391967773
2024-02-14 11:47:16.359808:2024-02-14 11:47:16.359732: Current epoch: 499, loss: 0.04820616543292999, validation loss: 0.42383819818496704
2024-02-14 11:47:19.753994:2024-02-14 11:47:19.753915: Current epoch: 500, loss: 0.043878957629203796, validation loss: 0.4112616181373596
2024-02-14 11:47:22.953118:2024-02-14 11:47:22.953022: Current epoch: 501, loss: 0.0937032476067543, validation loss: 0.4477818012237549
2024-02-14 11:47:26.294800:2024-02-14 11:47:26.294726: Current epoch: 502, loss: 0.04442090913653374, validation loss: 0.4328944683074951
2024-02-14 11:47:29.544868:2024-02-14 11:47:29.544737: Current epoch: 503, loss: 0.043775055557489395, validation loss: 0.42283105850219727
2024-02-14 11:47:32.502235:2024-02-14 11:47:32.502169: Current epoch: 504, loss: 0.07074591517448425, validation loss: 0.435921847820282
2024-02-14 11:47:35.882121:2024-02-14 11:47:35.882045: Current epoch: 505, loss: 0.05027855187654495, validation loss: 0.4377650022506714
2024-02-14 11:47:39.212385:2024-02-14 11:47:39.212291: Current epoch: 506, loss: 0.0435236431658268, validation loss: 0.4290994703769684
2024-02-14 11:47:42.324730:2024-02-14 11:47:42.324655: Current epoch: 507, loss: 0.04338681325316429, validation loss: 0.4188597798347473
2024-02-14 11:47:45.434742:2024-02-14 11:47:45.434666: Current epoch: 508, loss: 0.04550371691584587, validation loss: 0.4245871901512146
2024-02-14 11:47:48.748315:2024-02-14 11:47:48.748164: Current epoch: 509, loss: 0.048675619065761566, validation loss: 0.4254111051559448
2024-02-14 11:47:52.060831:2024-02-14 11:47:52.060756: Current epoch: 510, loss: 0.049020346254110336, validation loss: 0.4289183020591736
2024-02-14 11:47:55.212159:2024-02-14 11:47:55.212086: Current epoch: 511, loss: 0.057455673813819885, validation loss: 0.41214707493782043
2024-02-14 11:47:58.358700:2024-02-14 11:47:58.358628: Current epoch: 512, loss: 0.05449078232049942, validation loss: 0.43232548236846924
2024-02-14 11:48:01.607673:2024-02-14 11:48:01.607610: Current epoch: 513, loss: 0.05134507268667221, validation loss: 0.41972556710243225
2024-02-14 11:48:04.881089:2024-02-14 11:48:04.880969: Current epoch: 514, loss: 0.064537912607193, validation loss: 0.4807213246822357
2024-02-14 11:48:08.073699:2024-02-14 11:48:08.073628: Current epoch: 515, loss: 0.060676418244838715, validation loss: 0.48059383034706116
2024-02-14 11:48:11.397253:2024-02-14 11:48:11.397176: Current epoch: 516, loss: 0.09560678899288177, validation loss: 0.4696941673755646
2024-02-14 11:48:14.552349:2024-02-14 11:48:14.552298: Current epoch: 517, loss: 0.0652150884270668, validation loss: 0.472463458776474
2024-02-14 11:48:17.923301:2024-02-14 11:48:17.923232: Current epoch: 518, loss: 0.05215025320649147, validation loss: 0.430957555770874
2024-02-14 11:48:21.266160:2024-02-14 11:48:21.266085: Current epoch: 519, loss: 0.04370385408401489, validation loss: 0.4477236270904541
2024-02-14 11:48:24.683913:2024-02-14 11:48:24.683839: Current epoch: 520, loss: 0.04358523339033127, validation loss: 0.4153510332107544
2024-02-14 11:48:27.991152:2024-02-14 11:48:27.991085: Current epoch: 521, loss: 0.07676686346530914, validation loss: 0.4554184377193451
2024-02-14 11:48:31.216302:2024-02-14 11:48:31.216232: Current epoch: 522, loss: 0.06587031483650208, validation loss: 0.4182111322879791
2024-02-14 11:48:34.730657:2024-02-14 11:48:34.730582: Current epoch: 523, loss: 0.04369911178946495, validation loss: 0.41440296173095703
2024-02-14 11:48:38.213345:2024-02-14 11:48:38.213216: Current epoch: 524, loss: 0.04180287569761276, validation loss: 0.419712096452713
2024-02-14 11:48:41.650013:2024-02-14 11:48:41.649939: Current epoch: 525, loss: 0.043180231004953384, validation loss: 0.41795459389686584
2024-02-14 11:48:45.131056:2024-02-14 11:48:45.130982: Current epoch: 526, loss: 0.04190390557050705, validation loss: 0.42696642875671387
2024-02-14 11:48:48.498869:2024-02-14 11:48:48.498766: Current epoch: 527, loss: 0.046300698071718216, validation loss: 0.4312298595905304
2024-02-14 11:48:52.028790:2024-02-14 11:48:52.028715: Current epoch: 528, loss: 0.045044973492622375, validation loss: 0.4221240282058716
2024-02-14 11:48:55.534135:2024-02-14 11:48:55.534065: Current epoch: 529, loss: 0.04663609713315964, validation loss: 0.4234856367111206
2024-02-14 11:48:58.705376:2024-02-14 11:48:58.705309: Current epoch: 530, loss: 0.053612276911735535, validation loss: 0.4295142889022827
2024-02-14 11:49:02.216227:2024-02-14 11:49:02.216153: Current epoch: 531, loss: 0.05081068351864815, validation loss: 0.40990978479385376
2024-02-14 11:49:05.762896:2024-02-14 11:49:05.762815: Current epoch: 532, loss: 0.05103032663464546, validation loss: 0.4238071143627167
2024-02-14 11:49:09.138886:2024-02-14 11:49:09.138815: Current epoch: 533, loss: 0.050411686301231384, validation loss: 0.41644471883773804
2024-02-14 11:49:12.636172:2024-02-14 11:49:12.636098: Current epoch: 534, loss: 0.047430284321308136, validation loss: 0.417266309261322
2024-02-14 11:49:16.035484:2024-02-14 11:49:16.035389: Current epoch: 535, loss: 0.049104008823633194, validation loss: 0.437335342168808
2024-02-14 11:49:19.473793:2024-02-14 11:49:19.473679: Current epoch: 536, loss: 0.12438978254795074, validation loss: 0.5469573140144348
2024-02-14 11:49:22.896362:2024-02-14 11:49:22.896289: Current epoch: 537, loss: 0.1022743508219719, validation loss: 0.4728200137615204
2024-02-14 11:49:26.309086:2024-02-14 11:49:26.309007: Current epoch: 538, loss: 0.04910619184374809, validation loss: 0.4404240846633911
2024-02-14 11:49:29.751826:2024-02-14 11:49:29.751773: Current epoch: 539, loss: 0.043188173323869705, validation loss: 0.4385544955730438
2024-02-14 11:49:30.016783:the test error is  [0.4141120910644531, 0.4141120910644531]
2024-02-14 11:49:32.563921:saved model to sample/bert-base-uncased_robo_prop_mbj_bandgap
2024-02-14 11:49:32.905265:done