
2024-05-16 00:25:20.628379:job config: {'train_data_path': '/data/yll6162/alignntl_dft_3d/tl_dataset/dataset_matbert-base-cased_chemnlp_prop_magmom_outcar_train.csv', 'val_data_path': '/data/yll6162/alignntl_dft_3d/tl_dataset/dataset_matbert-base-cased_chemnlp_prop_magmom_outcar_val.csv', 'test_data_path': '/data/yll6162/alignntl_dft_3d/tl_dataset/dataset_matbert-base-cased_chemnlp_prop_magmom_outcar_test.csv', 'label': 'magmom_outcar', 'input_type': None, 'log_folder': 'log', 'log_file': 'matbert-base-cased_chemnlp_prop_magmom_outcar.log', 'test_metric': 'mae', 'architecture': '1024Rx4D-512Rx3D-256Rx3D-128Rx3D-64Rx2-32Rx1-1', 'model_seed': 0, 'loss_type': 'mae', 'config_file': 'sample/matbert-base-cased_chemnlp_prop_magmom_outcar_job.config', 'use_valid': True, 'project': 'MOF', 'regressors': None, 'input_types': None, 'paramsGrid': {'optimizer': 'Adam', 'learning_rate': 0.0001, 'patience': 200, 'dropouts': [0.8, 0.9, 0.7, 0.8], 'EVAL_FREQUENCY': 1000}, 'save_path': 'sample/matbert-base-cased_chemnlp_prop_magmom_outcar', 'model_path': None, 'last_layer_with_weight': True, 'keras_path': 'model/matbert-base-cased_chemnlp_prop_magmom_outcar', 'test_size': None, 'val_size': None}
2024-05-16 00:25:20.628447:train data path is  /data/yll6162/alignntl_dft_3d/tl_dataset/dataset_matbert-base-cased_chemnlp_prop_magmom_outcar_train.csv
2024-05-16 00:25:27.234682:input attribute sets are:  None
2024-05-16 00:25:27.234890:test data path is  /data/yll6162/alignntl_dft_3d/tl_dataset/dataset_matbert-base-cased_chemnlp_prop_magmom_outcar_test.csv
2024-05-16 00:25:28.018102:val data path is  /data/yll6162/alignntl_dft_3d/tl_dataset/dataset_matbert-base-cased_chemnlp_prop_magmom_outcar_val.csv
2024-05-16 00:25:28.808518:input attributes are:  Index(['0', '1', '2', '3', '4', '5', '6', '7', '8', '9',
       ...
       '758', '759', '760', '761', '762', '763', '764', '765', '766', '767'],
      dtype='object', length=768)
2024-05-16 00:25:28.808678:label: magmom_outcar
2024-05-16 00:25:35.842538: train, test, valid sizes:  (59370, 768) (59370,) (7422, 768) (7422,) (7422, 768) (7422,)
2024-05-16 00:25:36.148847:train matrix shape of train_X:  (59370, 768)  train_y:  (59370,)
2024-05-16 00:25:36.149004:valid matrix shape of train_X:  (7422, 768)  valid_y:  (7422,)
2024-05-16 00:25:36.149049:test matrix shape of valid_X:   (7422, 768)  test_y:  (7422,)
2024-05-16 00:25:36.149086:architecture is:  1024Rx4D-512Rx3D-256Rx3D-128Rx3D-64Rx2-32Rx1-1
2024-05-16 00:25:36.149123:learning rate is  0.0001
2024-05-16 00:25:36.149156:model path is  None
2024-05-16 00:25:36.165389:adding fully connected layers with 1024 outputs
2024-05-16 00:25:36.852975:adding residual with fc as the size are different
2024-05-16 00:25:36.859685:adding fully connected layers with 1024 outputs
2024-05-16 00:25:36.864528:adding residual, both sizes are same
2024-05-16 00:25:36.866376:adding fully connected layers with 1024 outputs
2024-05-16 00:25:36.871158:adding residual, both sizes are same
2024-05-16 00:25:36.872976:adding fully connected layers with 1024 outputs
2024-05-16 00:25:36.877525:adding residual, both sizes are same
2024-05-16 00:25:36.879419:adding dropout 0.8
2024-05-16 00:25:36.883584:adding fully connected layers with 512 outputs
2024-05-16 00:25:36.888399:adding residual with fc as the size are different
2024-05-16 00:25:36.894982:adding fully connected layers with 512 outputs
2024-05-16 00:25:36.899734:adding residual, both sizes are same
2024-05-16 00:25:36.901549:adding fully connected layers with 512 outputs
2024-05-16 00:25:36.906321:adding residual, both sizes are same
2024-05-16 00:25:36.908134:adding dropout 0.9
2024-05-16 00:25:36.909718:adding fully connected layers with 256 outputs
2024-05-16 00:25:36.914567:adding residual with fc as the size are different
2024-05-16 00:25:36.920826:adding fully connected layers with 256 outputs
2024-05-16 00:25:36.925583:adding residual, both sizes are same
2024-05-16 00:25:36.927417:adding fully connected layers with 256 outputs
2024-05-16 00:25:36.937151:adding residual, both sizes are same
2024-05-16 00:25:36.942344:adding dropout 0.7
2024-05-16 00:25:36.945887:adding fully connected layers with 128 outputs
2024-05-16 00:25:36.952034:adding residual with fc as the size are different
2024-05-16 00:25:36.958985:adding fully connected layers with 128 outputs
2024-05-16 00:25:36.963785:adding residual, both sizes are same
2024-05-16 00:25:36.965621:adding fully connected layers with 128 outputs
2024-05-16 00:25:36.970211:adding residual, both sizes are same
2024-05-16 00:25:36.972281:adding dropout 0.8
2024-05-16 00:25:36.973859:adding fully connected layers with 64 outputs
2024-05-16 00:25:36.978773:adding residual with fc as the size are different
2024-05-16 00:25:36.984790:adding fully connected layers with 64 outputs
2024-05-16 00:25:36.989800:adding residual, both sizes are same
2024-05-16 00:25:36.991661:adding fully connected layers with 32 outputs
2024-05-16 00:25:36.996458:adding residual with fc as the size are different
2024-05-16 00:25:37.002696:adding final layer with 1 output
2024-05-16 00:25:37.011976:Model: "ElemNet"
2024-05-16 00:25:37.012047:__________________________________________________________________________________________________
2024-05-16 00:25:37.012094:Layer (type)                    Output Shape         Param #     Connected to                     
2024-05-16 00:25:37.012130:==================================================================================================
2024-05-16 00:25:37.012331:elemental_fractions (InputLayer [(None, 768)]        0                                            
2024-05-16 00:25:37.012373:__________________________________________________________________________________________________
2024-05-16 00:25:37.012513:fc0_0 (Dense)                   (None, 1024)         787456      elemental_fractions[0][0]        
2024-05-16 00:25:37.012556:__________________________________________________________________________________________________
2024-05-16 00:25:37.012661:fc0_dim_0 (Dense)               (None, 1024)         787456      elemental_fractions[0][0]        
2024-05-16 00:25:37.012700:__________________________________________________________________________________________________
2024-05-16 00:25:37.012775:tf.__operators__.add (TFOpLambd (None, 1024)         0           fc0_0[0][0]                      
2024-05-16 00:25:37.012816:                                                                 fc0_dim_0[0][0]                  
2024-05-16 00:25:37.012848:__________________________________________________________________________________________________
2024-05-16 00:25:37.012968:fc0_1 (Dense)                   (None, 1024)         1049600     tf.__operators__.add[0][0]       
2024-05-16 00:25:37.013010:__________________________________________________________________________________________________
2024-05-16 00:25:37.013085:tf.__operators__.add_1 (TFOpLam (None, 1024)         0           fc0_1[0][0]                      
2024-05-16 00:25:37.013127:                                                                 tf.__operators__.add[0][0]       
2024-05-16 00:25:37.013161:__________________________________________________________________________________________________
2024-05-16 00:25:37.013257:fc0_2 (Dense)                   (None, 1024)         1049600     tf.__operators__.add_1[0][0]     
2024-05-16 00:25:37.013297:__________________________________________________________________________________________________
2024-05-16 00:25:37.013370:tf.__operators__.add_2 (TFOpLam (None, 1024)         0           fc0_2[0][0]                      
2024-05-16 00:25:37.013413:                                                                 tf.__operators__.add_1[0][0]     
2024-05-16 00:25:37.013447:__________________________________________________________________________________________________
2024-05-16 00:25:37.013543:fc0_3 (Dense)                   (None, 1024)         1049600     tf.__operators__.add_2[0][0]     
2024-05-16 00:25:37.013583:__________________________________________________________________________________________________
2024-05-16 00:25:37.013655:tf.__operators__.add_3 (TFOpLam (None, 1024)         0           fc0_3[0][0]                      
2024-05-16 00:25:37.013702:                                                                 tf.__operators__.add_2[0][0]     
2024-05-16 00:25:37.013738:__________________________________________________________________________________________________
2024-05-16 00:25:37.013808:dropout (Dropout)               (None, 1024)         0           tf.__operators__.add_3[0][0]     
2024-05-16 00:25:37.013845:__________________________________________________________________________________________________
2024-05-16 00:25:37.013951:fc1_0 (Dense)                   (None, 512)          524800      dropout[0][0]                    
2024-05-16 00:25:37.013992:__________________________________________________________________________________________________
2024-05-16 00:25:37.014091:fc1_dim_0 (Dense)               (None, 512)          524800      dropout[0][0]                    
2024-05-16 00:25:37.014133:__________________________________________________________________________________________________
2024-05-16 00:25:37.014206:tf.__operators__.add_4 (TFOpLam (None, 512)          0           fc1_0[0][0]                      
2024-05-16 00:25:37.014247:                                                                 fc1_dim_0[0][0]                  
2024-05-16 00:25:37.014281:__________________________________________________________________________________________________
2024-05-16 00:25:37.014377:fc1_1 (Dense)                   (None, 512)          262656      tf.__operators__.add_4[0][0]     
2024-05-16 00:25:37.014418:__________________________________________________________________________________________________
2024-05-16 00:25:37.014491:tf.__operators__.add_5 (TFOpLam (None, 512)          0           fc1_1[0][0]                      
2024-05-16 00:25:37.014533:                                                                 tf.__operators__.add_4[0][0]     
2024-05-16 00:25:37.014567:__________________________________________________________________________________________________
2024-05-16 00:25:37.014663:fc1_2 (Dense)                   (None, 512)          262656      tf.__operators__.add_5[0][0]     
2024-05-16 00:25:37.014704:__________________________________________________________________________________________________
2024-05-16 00:25:37.014775:tf.__operators__.add_6 (TFOpLam (None, 512)          0           fc1_2[0][0]                      
2024-05-16 00:25:37.014815:                                                                 tf.__operators__.add_5[0][0]     
2024-05-16 00:25:37.014850:__________________________________________________________________________________________________
2024-05-16 00:25:37.014916:dropout_1 (Dropout)             (None, 512)          0           tf.__operators__.add_6[0][0]     
2024-05-16 00:25:37.014959:__________________________________________________________________________________________________
2024-05-16 00:25:37.015058:fc2_0 (Dense)                   (None, 256)          131328      dropout_1[0][0]                  
2024-05-16 00:25:37.015100:__________________________________________________________________________________________________
2024-05-16 00:25:37.015194:fc2_dim_0 (Dense)               (None, 256)          131328      dropout_1[0][0]                  
2024-05-16 00:25:37.015234:__________________________________________________________________________________________________
2024-05-16 00:25:37.015307:tf.__operators__.add_7 (TFOpLam (None, 256)          0           fc2_0[0][0]                      
2024-05-16 00:25:37.015349:                                                                 fc2_dim_0[0][0]                  
2024-05-16 00:25:37.015384:__________________________________________________________________________________________________
2024-05-16 00:25:37.015479:fc2_1 (Dense)                   (None, 256)          65792       tf.__operators__.add_7[0][0]     
2024-05-16 00:25:37.015518:__________________________________________________________________________________________________
2024-05-16 00:25:37.015595:tf.__operators__.add_8 (TFOpLam (None, 256)          0           fc2_1[0][0]                      
2024-05-16 00:25:37.015637:                                                                 tf.__operators__.add_7[0][0]     
2024-05-16 00:25:37.015672:__________________________________________________________________________________________________
2024-05-16 00:25:37.015767:fc2_2 (Dense)                   (None, 256)          65792       tf.__operators__.add_8[0][0]     
2024-05-16 00:25:37.015820:__________________________________________________________________________________________________
2024-05-16 00:25:37.015914:tf.__operators__.add_9 (TFOpLam (None, 256)          0           fc2_2[0][0]                      
2024-05-16 00:25:37.015962:                                                                 tf.__operators__.add_8[0][0]     
2024-05-16 00:25:37.015998:__________________________________________________________________________________________________
2024-05-16 00:25:37.016066:dropout_2 (Dropout)             (None, 256)          0           tf.__operators__.add_9[0][0]     
2024-05-16 00:25:37.016104:__________________________________________________________________________________________________
2024-05-16 00:25:37.016214:fc3_0 (Dense)                   (None, 128)          32896       dropout_2[0][0]                  
2024-05-16 00:25:37.016254:__________________________________________________________________________________________________
2024-05-16 00:25:37.016351:fc3_dim_0 (Dense)               (None, 128)          32896       dropout_2[0][0]                  
2024-05-16 00:25:37.016391:__________________________________________________________________________________________________
2024-05-16 00:25:37.016462:tf.__operators__.add_10 (TFOpLa (None, 128)          0           fc3_0[0][0]                      
2024-05-16 00:25:37.016502:                                                                 fc3_dim_0[0][0]                  
2024-05-16 00:25:37.016536:__________________________________________________________________________________________________
2024-05-16 00:25:37.016630:fc3_1 (Dense)                   (None, 128)          16512       tf.__operators__.add_10[0][0]    
2024-05-16 00:25:37.016671:__________________________________________________________________________________________________
2024-05-16 00:25:37.016742:tf.__operators__.add_11 (TFOpLa (None, 128)          0           fc3_1[0][0]                      
2024-05-16 00:25:37.016783:                                                                 tf.__operators__.add_10[0][0]    
2024-05-16 00:25:37.016817:__________________________________________________________________________________________________
2024-05-16 00:25:37.016911:fc3_2 (Dense)                   (None, 128)          16512       tf.__operators__.add_11[0][0]    
2024-05-16 00:25:37.016959:__________________________________________________________________________________________________
2024-05-16 00:25:37.017032:tf.__operators__.add_12 (TFOpLa (None, 128)          0           fc3_2[0][0]                      
2024-05-16 00:25:37.017072:                                                                 tf.__operators__.add_11[0][0]    
2024-05-16 00:25:37.017106:__________________________________________________________________________________________________
2024-05-16 00:25:37.017172:dropout_3 (Dropout)             (None, 128)          0           tf.__operators__.add_12[0][0]    
2024-05-16 00:25:37.017209:__________________________________________________________________________________________________
2024-05-16 00:25:37.017306:fc4_0 (Dense)                   (None, 64)           8256        dropout_3[0][0]                  
2024-05-16 00:25:37.017346:__________________________________________________________________________________________________
2024-05-16 00:25:37.017440:fc4_dim_0 (Dense)               (None, 64)           8256        dropout_3[0][0]                  
2024-05-16 00:25:37.017481:__________________________________________________________________________________________________
2024-05-16 00:25:37.017558:tf.__operators__.add_13 (TFOpLa (None, 64)           0           fc4_0[0][0]                      
2024-05-16 00:25:37.017600:                                                                 fc4_dim_0[0][0]                  
2024-05-16 00:25:37.017634:__________________________________________________________________________________________________
2024-05-16 00:25:37.017729:fc4_1 (Dense)                   (None, 64)           4160        tf.__operators__.add_13[0][0]    
2024-05-16 00:25:37.017768:__________________________________________________________________________________________________
2024-05-16 00:25:37.017840:tf.__operators__.add_14 (TFOpLa (None, 64)           0           fc4_1[0][0]                      
2024-05-16 00:25:37.017883:                                                                 tf.__operators__.add_13[0][0]    
2024-05-16 00:25:37.017918:__________________________________________________________________________________________________
2024-05-16 00:25:37.018074:fc5_0 (Dense)                   (None, 32)           2080        tf.__operators__.add_14[0][0]    
2024-05-16 00:25:37.018121:__________________________________________________________________________________________________
2024-05-16 00:25:37.018222:fc5_dim_0 (Dense)               (None, 32)           2080        tf.__operators__.add_14[0][0]    
2024-05-16 00:25:37.021646:__________________________________________________________________________________________________
2024-05-16 00:25:37.021737:tf.__operators__.add_15 (TFOpLa (None, 32)           0           fc5_0[0][0]                      
2024-05-16 00:25:37.021782:                                                                 fc5_dim_0[0][0]                  
2024-05-16 00:25:37.021818:__________________________________________________________________________________________________
2024-05-16 00:25:37.021921:fc6 (Dense)                     (None, 1)            33          tf.__operators__.add_15[0][0]    
2024-05-16 00:25:37.021972:==================================================================================================
2024-05-16 00:25:37.022549:Total params: 6,816,545
2024-05-16 00:25:37.022602:Trainable params: 6,816,545
2024-05-16 00:25:37.022640:Non-trainable params: 0
2024-05-16 00:25:37.022674:__________________________________________________________________________________________________
2024-05-16 00:25:37.032728:start training
2024-05-16 00:25:55.615024:2024-05-16 00:25:55.614962: Current epoch: 0, loss: 1.8895453214645386, validation loss: 1.247868299484253
2024-05-16 00:26:12.006242:2024-05-16 00:26:12.006172: Current epoch: 1, loss: 1.2153658866882324, validation loss: 1.1403578519821167
2024-05-16 00:26:29.017999:2024-05-16 00:26:29.017826: Current epoch: 2, loss: 1.1673638820648193, validation loss: 1.2118773460388184
2024-05-16 00:26:46.330576:2024-05-16 00:26:46.330413: Current epoch: 3, loss: 1.1325403451919556, validation loss: 1.1747545003890991
2024-05-16 00:27:03.787217:2024-05-16 00:27:03.787140: Current epoch: 4, loss: 1.0819227695465088, validation loss: 1.0755290985107422
2024-05-16 00:27:20.844563:2024-05-16 00:27:20.844487: Current epoch: 5, loss: 1.1041979789733887, validation loss: 1.0396209955215454
2024-05-16 00:27:37.416995:2024-05-16 00:27:37.416820: Current epoch: 6, loss: 1.029430866241455, validation loss: 1.0932238101959229
2024-05-16 00:27:54.601337:2024-05-16 00:27:54.601216: Current epoch: 7, loss: 1.0218101739883423, validation loss: 1.0436311960220337
2024-05-16 00:28:11.022955:2024-05-16 00:28:11.022873: Current epoch: 8, loss: 1.018928050994873, validation loss: 1.1270358562469482
2024-05-16 00:28:28.519131:2024-05-16 00:28:28.519054: Current epoch: 9, loss: 0.9940147399902344, validation loss: 1.0046368837356567
2024-05-16 00:28:47.689313:2024-05-16 00:28:47.689247: Current epoch: 10, loss: 0.986935555934906, validation loss: 1.0710208415985107
2024-05-16 00:29:04.395056:2024-05-16 00:29:04.394972: Current epoch: 11, loss: 0.9672718048095703, validation loss: 0.9568737745285034
2024-05-16 00:29:21.243300:2024-05-16 00:29:21.243232: Current epoch: 12, loss: 0.944434404373169, validation loss: 0.963671088218689
2024-05-16 00:29:38.962628:2024-05-16 00:29:38.962565: Current epoch: 13, loss: 0.9439655542373657, validation loss: 1.0080559253692627
2024-05-16 00:29:55.864766:2024-05-16 00:29:55.864646: Current epoch: 14, loss: 0.9289919137954712, validation loss: 1.1015584468841553
2024-05-16 00:30:13.033857:2024-05-16 00:30:13.033783: Current epoch: 15, loss: 0.9222539663314819, validation loss: 0.9116429090499878
2024-05-16 00:30:30.072486:2024-05-16 00:30:30.072368: Current epoch: 16, loss: 0.9116562604904175, validation loss: 1.0094358921051025
2024-05-16 00:30:46.881173:2024-05-16 00:30:46.881043: Current epoch: 17, loss: 0.9215856194496155, validation loss: 0.934394121170044
2024-05-16 00:31:03.841614:2024-05-16 00:31:03.841526: Current epoch: 18, loss: 0.8979268670082092, validation loss: 0.9141470789909363
2024-05-16 00:31:20.583264:2024-05-16 00:31:20.583212: Current epoch: 19, loss: 0.8917984366416931, validation loss: 0.8720406889915466
2024-05-16 00:31:39.594167:2024-05-16 00:31:39.594008: Current epoch: 20, loss: 0.8829993605613708, validation loss: 0.9686898589134216
2024-05-16 00:31:56.195145:2024-05-16 00:31:56.195080: Current epoch: 21, loss: 0.8840005993843079, validation loss: 0.9454734921455383
2024-05-16 00:32:13.128512:2024-05-16 00:32:13.128437: Current epoch: 22, loss: 0.8675591349601746, validation loss: 0.8659277558326721
2024-05-16 00:32:30.176077:2024-05-16 00:32:30.176004: Current epoch: 23, loss: 0.871587872505188, validation loss: 0.8742541074752808
2024-05-16 00:32:47.442078:2024-05-16 00:32:47.441949: Current epoch: 24, loss: 0.8548215627670288, validation loss: 1.0220105648040771
2024-05-16 00:33:04.581100:2024-05-16 00:33:04.580998: Current epoch: 25, loss: 0.8508996367454529, validation loss: 0.9108568429946899
2024-05-16 00:33:21.764829:2024-05-16 00:33:21.764755: Current epoch: 26, loss: 0.8356006145477295, validation loss: 0.9546399116516113
2024-05-16 00:33:38.489799:2024-05-16 00:33:38.489736: Current epoch: 27, loss: 0.8336266279220581, validation loss: 0.822619616985321
2024-05-16 00:33:55.540058:2024-05-16 00:33:55.539954: Current epoch: 28, loss: 0.8214539885520935, validation loss: 0.8856192231178284
2024-05-16 00:34:12.472637:2024-05-16 00:34:12.472562: Current epoch: 29, loss: 0.8186361193656921, validation loss: 0.8281205892562866
2024-05-16 00:34:31.772148:2024-05-16 00:34:31.771993: Current epoch: 30, loss: 0.8222334384918213, validation loss: 0.8852568864822388
2024-05-16 00:34:49.244958:2024-05-16 00:34:49.244870: Current epoch: 31, loss: 0.8053722977638245, validation loss: 0.849455714225769
2024-05-16 00:35:05.913852:2024-05-16 00:35:05.913778: Current epoch: 32, loss: 0.8092241287231445, validation loss: 0.8442903161048889
2024-05-16 00:35:23.040975:2024-05-16 00:35:23.040815: Current epoch: 33, loss: 0.7966470122337341, validation loss: 0.8365598320960999
2024-05-16 00:35:40.233093:2024-05-16 00:35:40.233019: Current epoch: 34, loss: 0.7959314584732056, validation loss: 0.8284069299697876
2024-05-16 00:35:57.339386:2024-05-16 00:35:57.339312: Current epoch: 35, loss: 0.7834345102310181, validation loss: 0.822258472442627
2024-05-16 00:36:14.479295:2024-05-16 00:36:14.479144: Current epoch: 36, loss: 0.7939489483833313, validation loss: 0.8321700096130371
2024-05-16 00:36:31.319973:2024-05-16 00:36:31.319795: Current epoch: 37, loss: 0.7859436273574829, validation loss: 0.8236695528030396
2024-05-16 00:36:48.606787:2024-05-16 00:36:48.606630: Current epoch: 38, loss: 0.7696073651313782, validation loss: 0.8478661179542542
2024-05-16 00:37:06.128533:2024-05-16 00:37:06.128381: Current epoch: 39, loss: 0.7631678581237793, validation loss: 0.8751811981201172
2024-05-16 00:37:23.290099:2024-05-16 00:37:23.290016: Current epoch: 40, loss: 0.7559206485748291, validation loss: 0.8073504567146301
2024-05-16 00:37:40.278836:2024-05-16 00:37:40.278666: Current epoch: 41, loss: 0.7479751110076904, validation loss: 0.8202248215675354
2024-05-16 00:37:56.795743:2024-05-16 00:37:56.795667: Current epoch: 42, loss: 0.7509641051292419, validation loss: 0.8039701581001282
2024-05-16 00:38:13.341586:2024-05-16 00:38:13.341513: Current epoch: 43, loss: 0.7344321608543396, validation loss: 0.7722451090812683
2024-05-16 00:38:30.128540:2024-05-16 00:38:30.128414: Current epoch: 44, loss: 0.7344774007797241, validation loss: 0.83810955286026
2024-05-16 00:38:47.082002:2024-05-16 00:38:47.081819: Current epoch: 45, loss: 0.7159117460250854, validation loss: 0.9177738428115845
2024-05-16 00:39:04.030662:2024-05-16 00:39:04.030534: Current epoch: 46, loss: 0.706581175327301, validation loss: 0.7826170921325684
2024-05-16 00:39:20.997478:2024-05-16 00:39:20.997318: Current epoch: 47, loss: 0.7035921812057495, validation loss: 0.866142213344574
2024-05-16 00:39:37.785325:2024-05-16 00:39:37.785166: Current epoch: 48, loss: 0.6959295868873596, validation loss: 1.0082613229751587
2024-05-16 00:39:54.651489:2024-05-16 00:39:54.651335: Current epoch: 49, loss: 0.7038794755935669, validation loss: 0.7755910158157349
2024-05-16 00:40:14.142911:2024-05-16 00:40:14.142756: Current epoch: 50, loss: 0.6838135719299316, validation loss: 0.8007509112358093
2024-05-16 00:40:31.427707:2024-05-16 00:40:31.427557: Current epoch: 51, loss: 0.6863246560096741, validation loss: 0.8010823726654053
2024-05-16 00:40:49.554777:2024-05-16 00:40:49.554619: Current epoch: 52, loss: 0.6728469133377075, validation loss: 0.7831029891967773
2024-05-16 00:41:06.352982:2024-05-16 00:41:06.352901: Current epoch: 53, loss: 0.6733520030975342, validation loss: 0.7370972037315369
2024-05-16 00:41:23.323897:2024-05-16 00:41:23.323734: Current epoch: 54, loss: 0.6636177897453308, validation loss: 0.7540116310119629
2024-05-16 00:41:40.126688:2024-05-16 00:41:40.126534: Current epoch: 55, loss: 0.6577345132827759, validation loss: 0.7592534422874451
2024-05-16 00:41:57.092672:2024-05-16 00:41:57.092568: Current epoch: 56, loss: 0.6454073190689087, validation loss: 0.7532389760017395
2024-05-16 00:42:13.569584:2024-05-16 00:42:13.569428: Current epoch: 57, loss: 0.6379403471946716, validation loss: 0.7750550508499146
2024-05-16 00:42:30.877214:2024-05-16 00:42:30.877141: Current epoch: 58, loss: 0.6347091794013977, validation loss: 0.7606552839279175
2024-05-16 00:42:47.578343:2024-05-16 00:42:47.578267: Current epoch: 59, loss: 0.6290464401245117, validation loss: 0.7272173762321472
2024-05-16 00:43:06.334004:2024-05-16 00:43:06.333911: Current epoch: 60, loss: 0.6276755332946777, validation loss: 0.7619163393974304
2024-05-16 00:43:23.213104:2024-05-16 00:43:23.212975: Current epoch: 61, loss: 0.6192688345909119, validation loss: 0.739814043045044
2024-05-16 00:43:39.822856:2024-05-16 00:43:39.822684: Current epoch: 62, loss: 0.6059610843658447, validation loss: 0.7470888495445251
2024-05-16 00:43:56.297139:2024-05-16 00:43:56.296981: Current epoch: 63, loss: 0.604464590549469, validation loss: 0.7373589873313904
2024-05-16 00:44:12.621311:2024-05-16 00:44:12.621165: Current epoch: 64, loss: 0.5987961292266846, validation loss: 0.7760651111602783
2024-05-16 00:44:28.903672:2024-05-16 00:44:28.903517: Current epoch: 65, loss: 0.588203489780426, validation loss: 0.7559987902641296
2024-05-16 00:44:45.327100:2024-05-16 00:44:45.327032: Current epoch: 66, loss: 0.5880544185638428, validation loss: 0.716805636882782
2024-05-16 00:45:02.268441:2024-05-16 00:45:02.268338: Current epoch: 67, loss: 0.5793614387512207, validation loss: 0.7942980527877808
2024-05-16 00:45:18.676078:2024-05-16 00:45:18.675998: Current epoch: 68, loss: 0.5735471248626709, validation loss: 0.7098177075386047
2024-05-16 00:45:35.998637:2024-05-16 00:45:35.998481: Current epoch: 69, loss: 0.5733101963996887, validation loss: 0.7136577367782593
2024-05-16 00:45:55.321509:2024-05-16 00:45:55.321433: Current epoch: 70, loss: 0.5552701354026794, validation loss: 0.6991753578186035
2024-05-16 00:46:12.503152:2024-05-16 00:46:12.503051: Current epoch: 71, loss: 0.5523768663406372, validation loss: 0.7320951223373413
2024-05-16 00:46:29.686177:2024-05-16 00:46:29.686023: Current epoch: 72, loss: 0.5484163761138916, validation loss: 0.707865834236145
2024-05-16 00:46:47.167075:2024-05-16 00:46:47.166887: Current epoch: 73, loss: 0.5439202189445496, validation loss: 0.7363927364349365
2024-05-16 00:47:03.863697:2024-05-16 00:47:03.863644: Current epoch: 74, loss: 0.5431837439537048, validation loss: 0.689451277256012
2024-05-16 00:47:20.754846:2024-05-16 00:47:20.754702: Current epoch: 75, loss: 0.5355470180511475, validation loss: 0.691081166267395
2024-05-16 00:47:37.479609:2024-05-16 00:47:37.479533: Current epoch: 76, loss: 0.5221658945083618, validation loss: 0.7033306360244751
2024-05-16 00:47:54.106597:2024-05-16 00:47:54.106469: Current epoch: 77, loss: 0.5144274234771729, validation loss: 0.7068036198616028
2024-05-16 00:48:10.979940:2024-05-16 00:48:10.979827: Current epoch: 78, loss: 0.5116407871246338, validation loss: 0.6944376230239868
2024-05-16 00:48:27.964624:2024-05-16 00:48:27.964494: Current epoch: 79, loss: 0.5053295493125916, validation loss: 0.7953254580497742
2024-05-16 00:48:45.074704:2024-05-16 00:48:45.074602: Current epoch: 80, loss: 0.5061802864074707, validation loss: 0.7082616090774536
2024-05-16 00:49:01.916135:2024-05-16 00:49:01.916064: Current epoch: 81, loss: 0.4844639301300049, validation loss: 0.7155423760414124
2024-05-16 00:49:18.906914:2024-05-16 00:49:18.906797: Current epoch: 82, loss: 0.49124598503112793, validation loss: 0.7285041213035583
2024-05-16 00:49:35.830212:2024-05-16 00:49:35.830103: Current epoch: 83, loss: 0.4852922856807709, validation loss: 0.7048599123954773
2024-05-16 00:49:52.668297:2024-05-16 00:49:52.668162: Current epoch: 84, loss: 0.47971734404563904, validation loss: 0.7142521739006042
2024-05-16 00:50:09.694608:2024-05-16 00:50:09.694546: Current epoch: 85, loss: 0.4747423827648163, validation loss: 0.6826249957084656
2024-05-16 00:50:26.776365:2024-05-16 00:50:26.776207: Current epoch: 86, loss: 0.46962571144104004, validation loss: 0.7010449767112732
2024-05-16 00:50:43.800146:2024-05-16 00:50:43.800066: Current epoch: 87, loss: 0.4631938338279724, validation loss: 0.6816442608833313
2024-05-16 00:51:00.406106:2024-05-16 00:51:00.406047: Current epoch: 88, loss: 0.4608384370803833, validation loss: 0.6662644743919373
2024-05-16 00:51:16.863895:2024-05-16 00:51:16.863821: Current epoch: 89, loss: 0.45932647585868835, validation loss: 0.67999666929245
2024-05-16 00:51:36.240058:2024-05-16 00:51:36.239953: Current epoch: 90, loss: 0.4418531358242035, validation loss: 0.7119415998458862
2024-05-16 00:51:53.097376:2024-05-16 00:51:53.097292: Current epoch: 91, loss: 0.4505171477794647, validation loss: 0.6863501667976379
2024-05-16 00:52:10.041427:2024-05-16 00:52:10.041300: Current epoch: 92, loss: 0.43315911293029785, validation loss: 0.6667858362197876
2024-05-16 00:52:27.260443:2024-05-16 00:52:27.260341: Current epoch: 93, loss: 0.43800482153892517, validation loss: 0.6967209577560425
2024-05-16 00:52:44.336825:2024-05-16 00:52:44.336751: Current epoch: 94, loss: 0.42646297812461853, validation loss: 0.6950237154960632
2024-05-16 00:53:01.184584:2024-05-16 00:53:01.184440: Current epoch: 95, loss: 0.4174310266971588, validation loss: 0.6808130741119385
2024-05-16 00:53:18.242124:2024-05-16 00:53:18.242064: Current epoch: 96, loss: 0.4211340546607971, validation loss: 0.6820045709609985
2024-05-16 00:53:35.253995:2024-05-16 00:53:35.253842: Current epoch: 97, loss: 0.4172622561454773, validation loss: 0.7221472263336182
2024-05-16 00:53:52.085660:2024-05-16 00:53:52.085506: Current epoch: 98, loss: 0.40563440322875977, validation loss: 0.7224571704864502
2024-05-16 00:54:09.276229:2024-05-16 00:54:09.276110: Current epoch: 99, loss: 0.40364694595336914, validation loss: 0.6709935665130615
2024-05-16 00:54:28.467317:2024-05-16 00:54:28.467189: Current epoch: 100, loss: 0.4032053053379059, validation loss: 0.686747670173645
2024-05-16 00:54:45.730497:2024-05-16 00:54:45.730394: Current epoch: 101, loss: 0.3986486494541168, validation loss: 0.6740705370903015
2024-05-16 00:55:02.605226:2024-05-16 00:55:02.605164: Current epoch: 102, loss: 0.39185085892677307, validation loss: 0.6724970936775208
2024-05-16 00:55:19.292325:2024-05-16 00:55:19.292170: Current epoch: 103, loss: 0.38580435514450073, validation loss: 0.6794732213020325
2024-05-16 00:55:36.401408:2024-05-16 00:55:36.401334: Current epoch: 104, loss: 0.3909790515899658, validation loss: 0.668874204158783
2024-05-16 00:55:53.083724:2024-05-16 00:55:53.083601: Current epoch: 105, loss: 0.37747886776924133, validation loss: 0.7395560145378113
2024-05-16 00:56:09.699389:2024-05-16 00:56:09.699272: Current epoch: 106, loss: 0.3774896264076233, validation loss: 0.7363186478614807
2024-05-16 00:56:27.076296:2024-05-16 00:56:27.076191: Current epoch: 107, loss: 0.37397530674934387, validation loss: 0.6975787281990051
2024-05-16 00:56:44.328056:2024-05-16 00:56:44.327886: Current epoch: 108, loss: 0.3708704113960266, validation loss: 0.6810606718063354
2024-05-16 00:57:02.047092:2024-05-16 00:57:02.047025: Current epoch: 109, loss: 0.364668607711792, validation loss: 0.6416011452674866
2024-05-16 00:57:21.630170:2024-05-16 00:57:21.630068: Current epoch: 110, loss: 0.366350919008255, validation loss: 0.661577582359314
2024-05-16 00:57:38.691388:2024-05-16 00:57:38.691230: Current epoch: 111, loss: 0.35816001892089844, validation loss: 0.6727800369262695
2024-05-16 00:57:55.661472:2024-05-16 00:57:55.661406: Current epoch: 112, loss: 0.35230398178100586, validation loss: 0.6560977697372437
2024-05-16 00:58:12.795541:2024-05-16 00:58:12.795471: Current epoch: 113, loss: 0.35605761408805847, validation loss: 0.6307948231697083
2024-05-16 00:58:30.132264:2024-05-16 00:58:30.132107: Current epoch: 114, loss: 0.35199397802352905, validation loss: 0.6589089632034302
2024-05-16 00:58:47.483747:2024-05-16 00:58:47.483591: Current epoch: 115, loss: 0.3420896828174591, validation loss: 0.7007899880409241
2024-05-16 00:59:04.616185:2024-05-16 00:59:04.616040: Current epoch: 116, loss: 0.346292644739151, validation loss: 0.6648052334785461
2024-05-16 00:59:22.259432:2024-05-16 00:59:22.259275: Current epoch: 117, loss: 0.3531457483768463, validation loss: 0.6701711416244507
2024-05-16 00:59:39.822439:2024-05-16 00:59:39.822313: Current epoch: 118, loss: 0.3294157087802887, validation loss: 0.6506758332252502
2024-05-16 00:59:57.108342:2024-05-16 00:59:57.108187: Current epoch: 119, loss: 0.3341112732887268, validation loss: 0.6670754551887512
2024-05-16 01:00:13.855590:2024-05-16 01:00:13.855526: Current epoch: 120, loss: 0.32371458411216736, validation loss: 0.7020884156227112
2024-05-16 01:00:31.126401:2024-05-16 01:00:31.126246: Current epoch: 121, loss: 0.33278554677963257, validation loss: 0.6808233261108398
2024-05-16 01:00:47.647570:2024-05-16 01:00:47.647412: Current epoch: 122, loss: 0.3216487765312195, validation loss: 0.663232147693634
2024-05-16 01:01:04.553800:2024-05-16 01:01:04.553643: Current epoch: 123, loss: 0.31932660937309265, validation loss: 0.6506859660148621
2024-05-16 01:01:21.573056:2024-05-16 01:01:21.572904: Current epoch: 124, loss: 0.3176487982273102, validation loss: 0.6609519124031067
2024-05-16 01:01:38.868029:2024-05-16 01:01:38.867942: Current epoch: 125, loss: 0.31335681676864624, validation loss: 0.7135413289070129
2024-05-16 01:01:55.637071:2024-05-16 01:01:55.636938: Current epoch: 126, loss: 0.3208482265472412, validation loss: 0.6542525291442871
2024-05-16 01:02:12.449134:2024-05-16 01:02:12.449055: Current epoch: 127, loss: 0.31328752636909485, validation loss: 0.6515112519264221
2024-05-16 01:02:29.312152:2024-05-16 01:02:29.312039: Current epoch: 128, loss: 0.3083326816558838, validation loss: 0.663058876991272
2024-05-16 01:02:46.248457:2024-05-16 01:02:46.248368: Current epoch: 129, loss: 0.302846759557724, validation loss: 0.6965227723121643
2024-05-16 01:03:03.374837:2024-05-16 01:03:03.374764: Current epoch: 130, loss: 0.3014262020587921, validation loss: 0.6428161859512329
2024-05-16 01:03:20.681279:2024-05-16 01:03:20.681173: Current epoch: 131, loss: 0.31076452136039734, validation loss: 0.7007284760475159
2024-05-16 01:03:38.001301:2024-05-16 01:03:38.001197: Current epoch: 132, loss: 0.3063548505306244, validation loss: 0.7060901522636414
2024-05-16 01:03:54.785890:2024-05-16 01:03:54.785747: Current epoch: 133, loss: 0.292163610458374, validation loss: 0.6321372389793396
2024-05-16 01:04:12.092820:2024-05-16 01:04:12.092697: Current epoch: 134, loss: 0.2891037166118622, validation loss: 0.6946907639503479
2024-05-16 01:04:29.227611:2024-05-16 01:04:29.227456: Current epoch: 135, loss: 0.2885574996471405, validation loss: 0.6377192139625549
2024-05-16 01:04:46.275392:2024-05-16 01:04:46.275269: Current epoch: 136, loss: 0.2871268391609192, validation loss: 0.6470019817352295
2024-05-16 01:05:03.599901:2024-05-16 01:05:03.599745: Current epoch: 137, loss: 0.2959631085395813, validation loss: 0.6735779047012329
2024-05-16 01:05:20.641171:2024-05-16 01:05:20.641025: Current epoch: 138, loss: 0.28989773988723755, validation loss: 0.6340087056159973
2024-05-16 01:05:37.624498:2024-05-16 01:05:37.624377: Current epoch: 139, loss: 0.28884875774383545, validation loss: 0.6425073146820068
2024-05-16 01:05:54.664014:2024-05-16 01:05:54.663916: Current epoch: 140, loss: 0.28849515318870544, validation loss: 0.6745601892471313
2024-05-16 01:06:11.557667:2024-05-16 01:06:11.557514: Current epoch: 141, loss: 0.2795194387435913, validation loss: 0.6999155282974243
2024-05-16 01:06:28.716568:2024-05-16 01:06:28.716437: Current epoch: 142, loss: 0.27985355257987976, validation loss: 0.6700749397277832
2024-05-16 01:06:45.508399:2024-05-16 01:06:45.508296: Current epoch: 143, loss: 0.27321720123291016, validation loss: 0.6519898772239685
2024-05-16 01:07:02.054493:2024-05-16 01:07:02.054421: Current epoch: 144, loss: 0.27567097544670105, validation loss: 0.6330916881561279
2024-05-16 01:07:18.928943:2024-05-16 01:07:18.928798: Current epoch: 145, loss: 0.27126288414001465, validation loss: 0.6579886674880981
2024-05-16 01:07:35.852732:2024-05-16 01:07:35.852659: Current epoch: 146, loss: 0.2774884104728699, validation loss: 0.6605371236801147
2024-05-16 01:07:52.548734:2024-05-16 01:07:52.548583: Current epoch: 147, loss: 0.2712431848049164, validation loss: 0.6471083164215088
2024-05-16 01:08:09.069009:2024-05-16 01:08:09.068943: Current epoch: 148, loss: 0.26613274216651917, validation loss: 0.6608185172080994
2024-05-16 01:08:26.044851:2024-05-16 01:08:26.044781: Current epoch: 149, loss: 0.270370215177536, validation loss: 0.6364029049873352
2024-05-16 01:08:45.368222:2024-05-16 01:08:45.368102: Current epoch: 150, loss: 0.256714403629303, validation loss: 0.6333716511726379
2024-05-16 01:09:02.761526:2024-05-16 01:09:02.761454: Current epoch: 151, loss: 0.266403466463089, validation loss: 0.6799651384353638
2024-05-16 01:09:19.189750:2024-05-16 01:09:19.189684: Current epoch: 152, loss: 0.26013296842575073, validation loss: 0.6337825655937195
2024-05-16 01:09:35.970714:2024-05-16 01:09:35.970586: Current epoch: 153, loss: 0.2633512616157532, validation loss: 0.6464337706565857
2024-05-16 01:09:52.755809:2024-05-16 01:09:52.755709: Current epoch: 154, loss: 0.2634422779083252, validation loss: 0.6555330157279968
2024-05-16 01:10:09.405238:2024-05-16 01:10:09.405178: Current epoch: 155, loss: 0.25265201926231384, validation loss: 0.6547914743423462
2024-05-16 01:10:26.384189:2024-05-16 01:10:26.384124: Current epoch: 156, loss: 0.25577613711357117, validation loss: 0.6229593753814697
2024-05-16 01:10:43.212136:2024-05-16 01:10:43.212034: Current epoch: 157, loss: 0.2602473497390747, validation loss: 0.6407390236854553
2024-05-16 01:11:00.386072:2024-05-16 01:11:00.385905: Current epoch: 158, loss: 0.24989788234233856, validation loss: 0.653335452079773
2024-05-16 01:11:18.018641:2024-05-16 01:11:18.018494: Current epoch: 159, loss: 0.24259833991527557, validation loss: 0.6348536610603333
2024-05-16 01:11:37.633988:2024-05-16 01:11:37.633804: Current epoch: 160, loss: 0.25049591064453125, validation loss: 0.6304010152816772
2024-05-16 01:11:54.856716:2024-05-16 01:11:54.856557: Current epoch: 161, loss: 0.248500794172287, validation loss: 0.6393263936042786
2024-05-16 01:12:11.812864:2024-05-16 01:12:11.812789: Current epoch: 162, loss: 0.24661025404930115, validation loss: 0.6531780362129211
2024-05-16 01:12:29.180751:2024-05-16 01:12:29.180592: Current epoch: 163, loss: 0.25276657938957214, validation loss: 0.637100100517273
2024-05-16 01:12:46.728471:2024-05-16 01:12:46.728338: Current epoch: 164, loss: 0.2444993406534195, validation loss: 0.627987265586853
2024-05-16 01:13:03.635865:2024-05-16 01:13:03.635762: Current epoch: 165, loss: 0.2441055327653885, validation loss: 0.6602054834365845
2024-05-16 01:13:20.782760:2024-05-16 01:13:20.782677: Current epoch: 166, loss: 0.236742302775383, validation loss: 0.6220084428787231
2024-05-16 01:13:38.036708:2024-05-16 01:13:38.036627: Current epoch: 167, loss: 0.24126972258090973, validation loss: 0.6154851317405701
2024-05-16 01:13:55.424029:2024-05-16 01:13:55.423845: Current epoch: 168, loss: 0.23965959250926971, validation loss: 0.6350987553596497
2024-05-16 01:14:12.636383:2024-05-16 01:14:12.636220: Current epoch: 169, loss: 0.23447901010513306, validation loss: 0.634757936000824
2024-05-16 01:14:32.693393:2024-05-16 01:14:32.693317: Current epoch: 170, loss: 0.23517078161239624, validation loss: 0.6220901012420654
2024-05-16 01:14:49.649276:2024-05-16 01:14:49.649118: Current epoch: 171, loss: 0.23425056040287018, validation loss: 0.6452928781509399
2024-05-16 01:15:06.684347:2024-05-16 01:15:06.684202: Current epoch: 172, loss: 0.2366778701543808, validation loss: 0.6763891577720642
2024-05-16 01:15:23.638541:2024-05-16 01:15:23.638384: Current epoch: 173, loss: 0.2363077849149704, validation loss: 0.6403922438621521
2024-05-16 01:15:40.151062:2024-05-16 01:15:40.150985: Current epoch: 174, loss: 0.22747299075126648, validation loss: 0.648982584476471
2024-05-16 01:15:56.740979:2024-05-16 01:15:56.740805: Current epoch: 175, loss: 0.23054800927639008, validation loss: 0.6917564272880554
2024-05-16 01:16:13.445276:2024-05-16 01:16:13.445129: Current epoch: 176, loss: 0.24944168329238892, validation loss: 0.6870871186256409
2024-05-16 01:16:30.114103:2024-05-16 01:16:30.113964: Current epoch: 177, loss: 0.22156010568141937, validation loss: 0.6622458100318909
2024-05-16 01:16:47.343134:2024-05-16 01:16:47.342998: Current epoch: 178, loss: 0.22129662334918976, validation loss: 0.6195200085639954
2024-05-16 01:17:03.770631:2024-05-16 01:17:03.770486: Current epoch: 179, loss: 0.21864518523216248, validation loss: 0.6191532611846924
2024-05-16 01:17:23.830637:2024-05-16 01:17:23.830477: Current epoch: 180, loss: 0.22473303973674774, validation loss: 0.6256110668182373
2024-05-16 01:17:40.737792:2024-05-16 01:17:40.737639: Current epoch: 181, loss: 0.22723333537578583, validation loss: 0.6721994280815125
2024-05-16 01:17:57.928743:2024-05-16 01:17:57.928586: Current epoch: 182, loss: 0.23368577659130096, validation loss: 0.6260892152786255
2024-05-16 01:18:15.016066:2024-05-16 01:18:15.015952: Current epoch: 183, loss: 0.2202940285205841, validation loss: 0.6366166472434998
2024-05-16 01:18:32.128723:2024-05-16 01:18:32.128595: Current epoch: 184, loss: 0.2160196751356125, validation loss: 0.621372401714325
2024-05-16 01:18:49.263167:2024-05-16 01:18:49.263065: Current epoch: 185, loss: 0.21715445816516876, validation loss: 0.6354528665542603
2024-05-16 01:19:06.475180:2024-05-16 01:19:06.475005: Current epoch: 186, loss: 0.21887807548046112, validation loss: 0.6391971707344055
2024-05-16 01:19:23.711314:2024-05-16 01:19:23.711200: Current epoch: 187, loss: 0.22505629062652588, validation loss: 0.6264618635177612
2024-05-16 01:19:40.884502:2024-05-16 01:19:40.884353: Current epoch: 188, loss: 0.21284452080726624, validation loss: 0.6577180027961731
2024-05-16 01:19:58.325609:2024-05-16 01:19:58.325481: Current epoch: 189, loss: 0.21884585916996002, validation loss: 0.63434237241745
2024-05-16 01:20:15.322660:2024-05-16 01:20:15.322510: Current epoch: 190, loss: 0.2180325984954834, validation loss: 0.6649325489997864
2024-05-16 01:20:31.783209:2024-05-16 01:20:31.783081: Current epoch: 191, loss: 0.21096985042095184, validation loss: 0.628049373626709
2024-05-16 01:20:48.563287:2024-05-16 01:20:48.563124: Current epoch: 192, loss: 0.22130776941776276, validation loss: 0.6394701600074768
2024-05-16 01:21:05.501284:2024-05-16 01:21:05.501172: Current epoch: 193, loss: 0.21272237598896027, validation loss: 0.6402086019515991
2024-05-16 01:21:22.335231:2024-05-16 01:21:22.335102: Current epoch: 194, loss: 0.2116377204656601, validation loss: 0.6182334423065186
2024-05-16 01:21:38.971474:2024-05-16 01:21:38.971318: Current epoch: 195, loss: 0.20893602073192596, validation loss: 0.64839106798172
2024-05-16 01:21:55.421420:2024-05-16 01:21:55.421289: Current epoch: 196, loss: 0.21398290991783142, validation loss: 0.6195281147956848
2024-05-16 01:22:12.432097:2024-05-16 01:22:12.432004: Current epoch: 197, loss: 0.21001368761062622, validation loss: 0.6339200735092163
2024-05-16 01:22:29.232235:2024-05-16 01:22:29.232079: Current epoch: 198, loss: 0.20565256476402283, validation loss: 0.624871015548706
2024-05-16 01:22:46.416515:2024-05-16 01:22:46.416441: Current epoch: 199, loss: 0.21028736233711243, validation loss: 0.6328322291374207
2024-05-16 01:23:03.604687:2024-05-16 01:23:03.604611: Current epoch: 200, loss: 0.19882798194885254, validation loss: 0.6045904755592346
2024-05-16 01:23:20.834219:2024-05-16 01:23:20.834064: Current epoch: 201, loss: 0.21019326150417328, validation loss: 0.6282986402511597
2024-05-16 01:23:38.007228:2024-05-16 01:23:38.007068: Current epoch: 202, loss: 0.20149119198322296, validation loss: 0.6377605199813843
2024-05-16 01:23:54.922722:2024-05-16 01:23:54.922566: Current epoch: 203, loss: 0.20527060329914093, validation loss: 0.6388027667999268
2024-05-16 01:24:12.073742:2024-05-16 01:24:12.073585: Current epoch: 204, loss: 0.21284833550453186, validation loss: 0.6252959966659546
2024-05-16 01:24:29.634169:2024-05-16 01:24:29.634038: Current epoch: 205, loss: 0.20167993009090424, validation loss: 0.637181282043457
2024-05-16 01:24:46.633656:2024-05-16 01:24:46.633564: Current epoch: 206, loss: 0.202382892370224, validation loss: 0.629153311252594
2024-05-16 01:25:03.953287:2024-05-16 01:25:03.953153: Current epoch: 207, loss: 0.19946961104869843, validation loss: 0.6249208450317383
2024-05-16 01:25:21.169543:2024-05-16 01:25:21.169468: Current epoch: 208, loss: 0.20529606938362122, validation loss: 0.6104192137718201
2024-05-16 01:25:38.142878:2024-05-16 01:25:38.142720: Current epoch: 209, loss: 0.19553819298744202, validation loss: 0.6148902773857117
2024-05-16 01:25:57.395308:2024-05-16 01:25:57.395233: Current epoch: 210, loss: 0.1950063705444336, validation loss: 0.6377394795417786
2024-05-16 01:26:14.349022:2024-05-16 01:26:14.348956: Current epoch: 211, loss: 0.19789738953113556, validation loss: 0.6027459502220154
2024-05-16 01:26:32.225657:2024-05-16 01:26:32.225511: Current epoch: 212, loss: 0.19616606831550598, validation loss: 0.6079408526420593
2024-05-16 01:26:49.796460:2024-05-16 01:26:49.796302: Current epoch: 213, loss: 0.2255133092403412, validation loss: 0.6493284702301025
2024-05-16 01:27:06.362409:2024-05-16 01:27:06.362254: Current epoch: 214, loss: 0.18753989040851593, validation loss: 0.6117208003997803
2024-05-16 01:27:23.516997:2024-05-16 01:27:23.516820: Current epoch: 215, loss: 0.1895594596862793, validation loss: 0.7165120244026184
2024-05-16 01:27:40.317911:2024-05-16 01:27:40.317836: Current epoch: 216, loss: 0.1951284259557724, validation loss: 0.5912478566169739
2024-05-16 01:27:57.191397:2024-05-16 01:27:57.191279: Current epoch: 217, loss: 0.1886959671974182, validation loss: 0.6296014189720154
2024-05-16 01:28:13.969841:2024-05-16 01:28:13.969695: Current epoch: 218, loss: 0.18910059332847595, validation loss: 0.6482096910476685
2024-05-16 01:28:30.882562:2024-05-16 01:28:30.882403: Current epoch: 219, loss: 0.18799692392349243, validation loss: 0.636946439743042
2024-05-16 01:28:47.842190:2024-05-16 01:28:47.842035: Current epoch: 220, loss: 0.19289737939834595, validation loss: 0.6131321787834167
2024-05-16 01:29:04.769641:2024-05-16 01:29:04.769484: Current epoch: 221, loss: 0.19263608753681183, validation loss: 0.6110362410545349
2024-05-16 01:29:21.346645:2024-05-16 01:29:21.346501: Current epoch: 222, loss: 0.18670453131198883, validation loss: 0.6098783016204834
2024-05-16 01:29:38.065780:2024-05-16 01:29:38.065706: Current epoch: 223, loss: 0.18715675175189972, validation loss: 0.6305214762687683
2024-05-16 01:29:54.965168:2024-05-16 01:29:54.965009: Current epoch: 224, loss: 0.18011747300624847, validation loss: 0.6164840459823608
2024-05-16 01:30:11.457575:2024-05-16 01:30:11.457502: Current epoch: 225, loss: 0.19140420854091644, validation loss: 0.6207675337791443
2024-05-16 01:30:28.234673:2024-05-16 01:30:28.234564: Current epoch: 226, loss: 0.18452535569667816, validation loss: 0.6158155202865601
2024-05-16 01:30:44.866787:2024-05-16 01:30:44.866687: Current epoch: 227, loss: 0.18485823273658752, validation loss: 0.6170486211776733
2024-05-16 01:31:02.282125:2024-05-16 01:31:02.282051: Current epoch: 228, loss: 0.18898627161979675, validation loss: 0.6205198764801025
2024-05-16 01:31:19.259081:2024-05-16 01:31:19.258948: Current epoch: 229, loss: 0.17953842878341675, validation loss: 0.6244000196456909
2024-05-16 01:31:36.704079:2024-05-16 01:31:36.703896: Current epoch: 230, loss: 0.18130619823932648, validation loss: 0.6180799603462219
2024-05-16 01:31:53.716068:2024-05-16 01:31:53.715996: Current epoch: 231, loss: 0.18144069612026215, validation loss: 0.6166907548904419
2024-05-16 01:32:10.763361:2024-05-16 01:32:10.763285: Current epoch: 232, loss: 0.19679182767868042, validation loss: 0.6126952767372131
2024-05-16 01:32:28.219397:2024-05-16 01:32:28.219240: Current epoch: 233, loss: 0.17050717771053314, validation loss: 0.6103259921073914
2024-05-16 01:32:45.639701:2024-05-16 01:32:45.639628: Current epoch: 234, loss: 0.1879793107509613, validation loss: 0.6267030239105225
2024-05-16 01:33:02.923501:2024-05-16 01:33:02.923346: Current epoch: 235, loss: 0.17104513943195343, validation loss: 0.6225974559783936
2024-05-16 01:33:20.022625:2024-05-16 01:33:20.022489: Current epoch: 236, loss: 0.1798575073480606, validation loss: 0.609070360660553
2024-05-16 01:33:37.095052:2024-05-16 01:33:37.094886: Current epoch: 237, loss: 0.1746874898672104, validation loss: 0.6122284531593323
2024-05-16 01:33:54.343623:2024-05-16 01:33:54.343466: Current epoch: 238, loss: 0.1775096207857132, validation loss: 0.5998408198356628
2024-05-16 01:34:11.600375:2024-05-16 01:34:11.600255: Current epoch: 239, loss: 0.18229569494724274, validation loss: 0.6256752610206604
2024-05-16 01:34:28.884984:2024-05-16 01:34:28.884808: Current epoch: 240, loss: 0.18009008467197418, validation loss: 0.618586540222168
2024-05-16 01:34:45.844098:2024-05-16 01:34:45.843953: Current epoch: 241, loss: 0.18020720779895782, validation loss: 0.625061571598053
2024-05-16 01:35:03.182463:2024-05-16 01:35:03.182306: Current epoch: 242, loss: 0.17668280005455017, validation loss: 0.6111482381820679
2024-05-16 01:35:20.310659:2024-05-16 01:35:20.310503: Current epoch: 243, loss: 0.17691023647785187, validation loss: 0.6152453422546387
2024-05-16 01:35:37.054643:2024-05-16 01:35:37.054484: Current epoch: 244, loss: 0.17818087339401245, validation loss: 0.6120493412017822
2024-05-16 01:35:53.966658:2024-05-16 01:35:53.966500: Current epoch: 245, loss: 0.18340778350830078, validation loss: 0.5994566679000854
2024-05-16 01:36:10.744982:2024-05-16 01:36:10.744840: Current epoch: 246, loss: 0.16664311289787292, validation loss: 0.6125449538230896
2024-05-16 01:36:27.541049:2024-05-16 01:36:27.540878: Current epoch: 247, loss: 0.18469151854515076, validation loss: 0.6073964238166809
2024-05-16 01:36:44.974421:2024-05-16 01:36:44.974263: Current epoch: 248, loss: 0.18234193325042725, validation loss: 0.5970379114151001
2024-05-16 01:37:02.054877:2024-05-16 01:37:02.054732: Current epoch: 249, loss: 0.16382957994937897, validation loss: 0.6294378638267517
2024-05-16 01:37:18.855827:2024-05-16 01:37:18.855664: Current epoch: 250, loss: 0.17125052213668823, validation loss: 0.6114577054977417
2024-05-16 01:37:36.034671:2024-05-16 01:37:36.034514: Current epoch: 251, loss: 0.16714391112327576, validation loss: 0.6179128885269165
2024-05-16 01:37:53.260381:2024-05-16 01:37:53.260245: Current epoch: 252, loss: 0.18161770701408386, validation loss: 0.6064508557319641
2024-05-16 01:38:09.946971:2024-05-16 01:38:09.946883: Current epoch: 253, loss: 0.16282902657985687, validation loss: 0.605690598487854
2024-05-16 01:38:27.222039:2024-05-16 01:38:27.221864: Current epoch: 254, loss: 0.17577402293682098, validation loss: 0.6282979846000671
2024-05-16 01:38:44.169547:2024-05-16 01:38:44.169440: Current epoch: 255, loss: 0.1672738790512085, validation loss: 0.6322273015975952
2024-05-16 01:39:01.483893:2024-05-16 01:39:01.483749: Current epoch: 256, loss: 0.18127429485321045, validation loss: 0.6550732254981995
2024-05-16 01:39:18.914602:2024-05-16 01:39:18.914447: Current epoch: 257, loss: 0.1692885458469391, validation loss: 0.6190529465675354
2024-05-16 01:39:35.614047:2024-05-16 01:39:35.613864: Current epoch: 258, loss: 0.1624484360218048, validation loss: 0.6080445647239685
2024-05-16 01:39:52.441651:2024-05-16 01:39:52.441494: Current epoch: 259, loss: 0.17190061509609222, validation loss: 0.6479921340942383
2024-05-16 01:40:09.110275:2024-05-16 01:40:09.110125: Current epoch: 260, loss: 0.1676013171672821, validation loss: 0.6555509567260742
2024-05-16 01:40:26.102353:2024-05-16 01:40:26.102203: Current epoch: 261, loss: 0.16097867488861084, validation loss: 0.5974550843238831
2024-05-16 01:40:42.650864:2024-05-16 01:40:42.650783: Current epoch: 262, loss: 0.16948439180850983, validation loss: 0.678771436214447
2024-05-16 01:40:59.090516:2024-05-16 01:40:59.090360: Current epoch: 263, loss: 0.16743355989456177, validation loss: 0.5955349206924438
2024-05-16 01:41:15.834629:2024-05-16 01:41:15.834555: Current epoch: 264, loss: 0.16056691110134125, validation loss: 0.6281387805938721
2024-05-16 01:41:32.279218:2024-05-16 01:41:32.279046: Current epoch: 265, loss: 0.17286188900470734, validation loss: 0.6213827133178711
2024-05-16 01:41:49.467418:2024-05-16 01:41:49.467350: Current epoch: 266, loss: 0.1526474952697754, validation loss: 0.6112228631973267
2024-05-16 01:42:06.291524:2024-05-16 01:42:06.291444: Current epoch: 267, loss: 0.16628630459308624, validation loss: 0.6095768809318542
2024-05-16 01:42:23.384118:2024-05-16 01:42:23.383959: Current epoch: 268, loss: 0.16162118315696716, validation loss: 0.6227512359619141
2024-05-16 01:42:40.634017:2024-05-16 01:42:40.633877: Current epoch: 269, loss: 0.15435592830181122, validation loss: 0.6248086094856262
2024-05-16 01:42:57.769147:2024-05-16 01:42:57.769045: Current epoch: 270, loss: 0.16858303546905518, validation loss: 0.6076124906539917
2024-05-16 01:43:15.105398:2024-05-16 01:43:15.105243: Current epoch: 271, loss: 0.1547156721353531, validation loss: 0.6014070510864258
2024-05-16 01:43:32.194761:2024-05-16 01:43:32.194687: Current epoch: 272, loss: 0.16759231686592102, validation loss: 0.609016478061676
2024-05-16 01:43:49.534337:2024-05-16 01:43:49.534193: Current epoch: 273, loss: 0.15785376727581024, validation loss: 0.6464717388153076
2024-05-16 01:44:06.487946:2024-05-16 01:44:06.487854: Current epoch: 274, loss: 0.15823277831077576, validation loss: 0.6084303259849548
2024-05-16 01:44:23.853168:2024-05-16 01:44:23.853096: Current epoch: 275, loss: 0.1556737869977951, validation loss: 0.6246432065963745
2024-05-16 01:44:41.126293:2024-05-16 01:44:41.126163: Current epoch: 276, loss: 0.15782283246517181, validation loss: 0.6434572339057922
2024-05-16 01:44:58.538860:2024-05-16 01:44:58.538743: Current epoch: 277, loss: 0.1553606539964676, validation loss: 0.640626072883606
2024-05-16 01:45:15.778916:2024-05-16 01:45:15.778743: Current epoch: 278, loss: 0.16162808239459991, validation loss: 0.6182408928871155
2024-05-16 01:45:33.251463:2024-05-16 01:45:33.251345: Current epoch: 279, loss: 0.1620861291885376, validation loss: 0.6129698753356934
2024-05-16 01:45:52.939411:2024-05-16 01:45:52.939254: Current epoch: 280, loss: 0.15327030420303345, validation loss: 0.6243542432785034
2024-05-16 01:46:09.609953:2024-05-16 01:46:09.609827: Current epoch: 281, loss: 0.15460799634456635, validation loss: 0.6245549321174622
2024-05-16 01:46:26.913377:2024-05-16 01:46:26.913248: Current epoch: 282, loss: 0.15344937145709991, validation loss: 0.6233253479003906
2024-05-16 01:46:43.868095:2024-05-16 01:46:43.867968: Current epoch: 283, loss: 0.16428597271442413, validation loss: 0.6170716881752014
2024-05-16 01:47:00.723453:2024-05-16 01:47:00.723349: Current epoch: 284, loss: 0.14783026278018951, validation loss: 0.6055077910423279
2024-05-16 01:47:17.498479:2024-05-16 01:47:17.498324: Current epoch: 285, loss: 0.15144464373588562, validation loss: 0.625785768032074
2024-05-16 01:47:34.002337:2024-05-16 01:47:34.002267: Current epoch: 286, loss: 0.15793730318546295, validation loss: 0.6435399055480957
2024-05-16 01:47:51.126124:2024-05-16 01:47:51.126036: Current epoch: 287, loss: 0.1531994640827179, validation loss: 0.6216542720794678
2024-05-16 01:48:07.445761:2024-05-16 01:48:07.445671: Current epoch: 288, loss: 0.16335459053516388, validation loss: 0.6138268709182739
2024-05-16 01:48:24.858821:2024-05-16 01:48:24.858753: Current epoch: 289, loss: 0.1536296308040619, validation loss: 0.6097941994667053
2024-05-16 01:48:44.185420:2024-05-16 01:48:44.185260: Current epoch: 290, loss: 0.14782403409481049, validation loss: 0.6062421798706055
2024-05-16 01:49:01.436722:2024-05-16 01:49:01.436566: Current epoch: 291, loss: 0.1468896120786667, validation loss: 0.6034514904022217
2024-05-16 01:49:18.676946:2024-05-16 01:49:18.676773: Current epoch: 292, loss: 0.172202467918396, validation loss: 0.6218878030776978
2024-05-16 01:49:34.980387:2024-05-16 01:49:34.980234: Current epoch: 293, loss: 0.1534668356180191, validation loss: 0.6197574138641357
2024-05-16 01:49:51.856226:2024-05-16 01:49:51.856080: Current epoch: 294, loss: 0.14747455716133118, validation loss: 0.617847740650177
2024-05-16 01:50:08.397165:2024-05-16 01:50:08.397091: Current epoch: 295, loss: 0.15116779506206512, validation loss: 0.6163775324821472
2024-05-16 01:50:25.303093:2024-05-16 01:50:25.302939: Current epoch: 296, loss: 0.14109592139720917, validation loss: 0.6209884285926819
2024-05-16 01:50:42.912466:2024-05-16 01:50:42.912390: Current epoch: 297, loss: 0.15077830851078033, validation loss: 0.6321320533752441
2024-05-16 01:51:00.193266:2024-05-16 01:51:00.193108: Current epoch: 298, loss: 0.14528891444206238, validation loss: 0.6427448987960815
2024-05-16 01:51:17.319998:2024-05-16 01:51:17.319921: Current epoch: 299, loss: 0.1536322683095932, validation loss: 0.6230810880661011
2024-05-16 01:51:34.152093:2024-05-16 01:51:34.151963: Current epoch: 300, loss: 0.15830910205841064, validation loss: 0.6680422425270081
2024-05-16 01:51:51.122202:2024-05-16 01:51:51.122115: Current epoch: 301, loss: 0.14815394580364227, validation loss: 0.6418653726577759
2024-05-16 01:52:08.278544:2024-05-16 01:52:08.278467: Current epoch: 302, loss: 0.1402795910835266, validation loss: 0.6265211701393127
2024-05-16 01:52:25.121890:2024-05-16 01:52:25.121763: Current epoch: 303, loss: 0.1416090726852417, validation loss: 0.6321538686752319
2024-05-16 01:52:42.321138:2024-05-16 01:52:42.321034: Current epoch: 304, loss: 0.14860765635967255, validation loss: 0.6460347771644592
2024-05-16 01:52:59.489367:2024-05-16 01:52:59.489299: Current epoch: 305, loss: 0.14852552115917206, validation loss: 0.6255004405975342
2024-05-16 01:53:16.355595:2024-05-16 01:53:16.355490: Current epoch: 306, loss: 0.13931263983249664, validation loss: 0.6319400668144226
2024-05-16 01:53:33.305271:2024-05-16 01:53:33.305182: Current epoch: 307, loss: 0.14785663783550262, validation loss: 0.6100000143051147
2024-05-16 01:53:50.415323:2024-05-16 01:53:50.415197: Current epoch: 308, loss: 0.1653454750776291, validation loss: 0.6381101608276367
2024-05-16 01:54:07.762810:2024-05-16 01:54:07.762632: Current epoch: 309, loss: 0.13725030422210693, validation loss: 0.6296879053115845
2024-05-16 01:54:24.998387:2024-05-16 01:54:24.998271: Current epoch: 310, loss: 0.14918145537376404, validation loss: 0.6224711537361145
2024-05-16 01:54:41.880165:2024-05-16 01:54:41.880048: Current epoch: 311, loss: 0.14469918608665466, validation loss: 0.6515815854072571
2024-05-16 01:54:58.645490:2024-05-16 01:54:58.645334: Current epoch: 312, loss: 0.15347041189670563, validation loss: 0.6148439645767212
2024-05-16 01:55:15.661641:2024-05-16 01:55:15.661502: Current epoch: 313, loss: 0.1434369832277298, validation loss: 0.6099487543106079
2024-05-16 01:55:32.897741:2024-05-16 01:55:32.897614: Current epoch: 314, loss: 0.13878734409809113, validation loss: 0.6204015016555786
2024-05-16 01:55:50.695548:2024-05-16 01:55:50.695415: Current epoch: 315, loss: 0.15102115273475647, validation loss: 0.6067900657653809
2024-05-16 01:56:08.446913:2024-05-16 01:56:08.446838: Current epoch: 316, loss: 0.13836710155010223, validation loss: 0.6192618012428284
2024-05-16 01:56:25.582074:2024-05-16 01:56:25.581942: Current epoch: 317, loss: 0.14082279801368713, validation loss: 0.6242817640304565
2024-05-16 01:56:42.593535:2024-05-16 01:56:42.593432: Current epoch: 318, loss: 0.14393334090709686, validation loss: 0.6133588552474976
2024-05-16 01:56:59.900325:2024-05-16 01:56:59.900251: Current epoch: 319, loss: 0.14274358749389648, validation loss: 0.643230140209198
2024-05-16 01:57:16.954251:2024-05-16 01:57:16.954123: Current epoch: 320, loss: 0.13884039223194122, validation loss: 0.6855710744857788
2024-05-16 01:57:34.059806:2024-05-16 01:57:34.059646: Current epoch: 321, loss: 0.14233005046844482, validation loss: 0.6083076596260071
2024-05-16 01:57:51.384654:2024-05-16 01:57:51.384497: Current epoch: 322, loss: 0.13980981707572937, validation loss: 0.6292281150817871
2024-05-16 01:58:08.046600:2024-05-16 01:58:08.046442: Current epoch: 323, loss: 0.15372923016548157, validation loss: 0.659153938293457
2024-05-16 01:58:24.782232:2024-05-16 01:58:24.782100: Current epoch: 324, loss: 0.13769683241844177, validation loss: 0.6301279664039612
2024-05-16 01:58:42.101724:2024-05-16 01:58:42.101543: Current epoch: 325, loss: 0.14951743185520172, validation loss: 0.6258206963539124
2024-05-16 01:58:59.171727:2024-05-16 01:58:59.171552: Current epoch: 326, loss: 0.1348113864660263, validation loss: 0.6055004000663757
2024-05-16 01:59:16.059806:2024-05-16 01:59:16.059629: Current epoch: 327, loss: 0.1456407904624939, validation loss: 0.6934524178504944
2024-05-16 01:59:33.213987:2024-05-16 01:59:33.213857: Current epoch: 328, loss: 0.13494190573692322, validation loss: 0.6180332899093628
2024-05-16 01:59:50.006653:2024-05-16 01:59:50.006514: Current epoch: 329, loss: 0.1461653858423233, validation loss: 0.6001929044723511
2024-05-16 02:00:09.696757:2024-05-16 02:00:09.696662: Current epoch: 330, loss: 0.14077864587306976, validation loss: 0.6071432828903198
2024-05-16 02:00:27.326039:2024-05-16 02:00:27.325880: Current epoch: 331, loss: 0.1307884305715561, validation loss: 0.6187859773635864
2024-05-16 02:00:44.763508:2024-05-16 02:00:44.763432: Current epoch: 332, loss: 0.14400769770145416, validation loss: 0.6166778206825256
2024-05-16 02:01:01.736254:2024-05-16 02:01:01.736137: Current epoch: 333, loss: 0.1284932643175125, validation loss: 0.6109793186187744
2024-05-16 02:01:18.847127:2024-05-16 02:01:18.847021: Current epoch: 334, loss: 0.14307206869125366, validation loss: 0.599758505821228
2024-05-16 02:01:35.497894:2024-05-16 02:01:35.497835: Current epoch: 335, loss: 0.1373676061630249, validation loss: 0.6080310344696045
2024-05-16 02:01:52.992024:2024-05-16 02:01:52.991845: Current epoch: 336, loss: 0.13707053661346436, validation loss: 0.6046229600906372
2024-05-16 02:02:10.365636:2024-05-16 02:02:10.365488: Current epoch: 337, loss: 0.13257822394371033, validation loss: 0.6092787384986877
2024-05-16 02:02:27.448940:2024-05-16 02:02:27.448798: Current epoch: 338, loss: 0.13155175745487213, validation loss: 0.5987979173660278
2024-05-16 02:02:44.655910:2024-05-16 02:02:44.655753: Current epoch: 339, loss: 0.13592949509620667, validation loss: 0.6180363893508911
2024-05-16 02:03:02.330094:2024-05-16 02:03:02.329914: Current epoch: 340, loss: 0.1355295181274414, validation loss: 0.6141502857208252
2024-05-16 02:03:20.065427:2024-05-16 02:03:20.065351: Current epoch: 341, loss: 0.13440914452075958, validation loss: 0.6614249348640442
2024-05-16 02:03:37.861338:2024-05-16 02:03:37.861182: Current epoch: 342, loss: 0.1321474015712738, validation loss: 0.6076682806015015
2024-05-16 02:03:54.939121:2024-05-16 02:03:54.938963: Current epoch: 343, loss: 0.1288425773382187, validation loss: 0.6031778454780579
2024-05-16 02:04:11.673456:2024-05-16 02:04:11.673356: Current epoch: 344, loss: 0.1449705809354782, validation loss: 0.6090848445892334
2024-05-16 02:04:28.683256:2024-05-16 02:04:28.683100: Current epoch: 345, loss: 0.1428816318511963, validation loss: 0.6251904368400574
2024-05-16 02:04:45.976795:2024-05-16 02:04:45.976673: Current epoch: 346, loss: 0.12525585293769836, validation loss: 0.621814489364624
2024-05-16 02:05:03.258844:2024-05-16 02:05:03.258687: Current epoch: 347, loss: 0.1387411206960678, validation loss: 0.6041056513786316
2024-05-16 02:05:21.028011:2024-05-16 02:05:21.027859: Current epoch: 348, loss: 0.1325940638780594, validation loss: 0.6378021240234375
2024-05-16 02:05:37.643636:2024-05-16 02:05:37.643478: Current epoch: 349, loss: 0.1371212899684906, validation loss: 0.6141670346260071
2024-05-16 02:05:54.526964:2024-05-16 02:05:54.526784: Current epoch: 350, loss: 0.13011306524276733, validation loss: 0.607239305973053
2024-05-16 02:06:11.169405:2024-05-16 02:06:11.169335: Current epoch: 351, loss: 0.13874830305576324, validation loss: 0.631558358669281
2024-05-16 02:06:27.687764:2024-05-16 02:06:27.687632: Current epoch: 352, loss: 0.12677565217018127, validation loss: 0.6311349868774414
2024-05-16 02:06:44.830602:2024-05-16 02:06:44.830498: Current epoch: 353, loss: 0.13135245442390442, validation loss: 0.6067191958427429
2024-05-16 02:07:02.730081:2024-05-16 02:07:02.729902: Current epoch: 354, loss: 0.1349184662103653, validation loss: 0.6141991019248962
2024-05-16 02:07:20.021288:2024-05-16 02:07:20.021131: Current epoch: 355, loss: 0.1245061457157135, validation loss: 0.6417049169540405
2024-05-16 02:07:36.553299:2024-05-16 02:07:36.553224: Current epoch: 356, loss: 0.12787316739559174, validation loss: 0.5961954593658447
2024-05-16 02:07:54.138804:2024-05-16 02:07:54.138649: Current epoch: 357, loss: 0.13265737891197205, validation loss: 0.5962511301040649
2024-05-16 02:08:10.821020:2024-05-16 02:08:10.820886: Current epoch: 358, loss: 0.12790532410144806, validation loss: 0.6218162775039673
2024-05-16 02:08:27.936068:2024-05-16 02:08:27.935964: Current epoch: 359, loss: 0.1328609138727188, validation loss: 0.6182499527931213
2024-05-16 02:08:44.532212:2024-05-16 02:08:44.532146: Current epoch: 360, loss: 0.12602774798870087, validation loss: 0.607376754283905
2024-05-16 02:09:01.214572:2024-05-16 02:09:01.214418: Current epoch: 361, loss: 0.130509153008461, validation loss: 0.6035158634185791
2024-05-16 02:09:17.907943:2024-05-16 02:09:17.907853: Current epoch: 362, loss: 0.12720149755477905, validation loss: 0.6137714385986328
2024-05-16 02:09:34.906726:2024-05-16 02:09:34.906650: Current epoch: 363, loss: 0.14075767993927002, validation loss: 0.6039660573005676
2024-05-16 02:09:51.621435:2024-05-16 02:09:51.621320: Current epoch: 364, loss: 0.12979666888713837, validation loss: 0.615780234336853
2024-05-16 02:10:08.751577:2024-05-16 02:10:08.751480: Current epoch: 365, loss: 0.13981550931930542, validation loss: 0.6042017936706543
2024-05-16 02:10:25.472492:2024-05-16 02:10:25.472419: Current epoch: 366, loss: 0.11787082254886627, validation loss: 0.6115988492965698
2024-05-16 02:10:42.371368:2024-05-16 02:10:42.371289: Current epoch: 367, loss: 0.12867321074008942, validation loss: 0.6093744039535522
2024-05-16 02:10:59.244487:2024-05-16 02:10:59.244328: Current epoch: 368, loss: 0.12634527683258057, validation loss: 0.6360981464385986
2024-05-16 02:11:16.033825:2024-05-16 02:11:16.033760: Current epoch: 369, loss: 0.12796372175216675, validation loss: 0.6142123937606812
2024-05-16 02:11:32.815894:2024-05-16 02:11:32.815788: Current epoch: 370, loss: 0.19897416234016418, validation loss: 0.6323292851448059
2024-05-16 02:11:49.798703:2024-05-16 02:11:49.798601: Current epoch: 371, loss: 0.12062302976846695, validation loss: 0.6272731423377991
2024-05-16 02:12:07.298165:2024-05-16 02:12:07.298102: Current epoch: 372, loss: 0.1186261773109436, validation loss: 0.5996884703636169
2024-05-16 02:12:24.001609:2024-05-16 02:12:24.001538: Current epoch: 373, loss: 0.1289532482624054, validation loss: 0.6458158493041992
2024-05-16 02:12:40.784970:2024-05-16 02:12:40.784873: Current epoch: 374, loss: 0.12870937585830688, validation loss: 0.6194310188293457
2024-05-16 02:12:57.559983:2024-05-16 02:12:57.559829: Current epoch: 375, loss: 0.12014365941286087, validation loss: 0.6109890937805176
2024-05-16 02:13:14.386581:2024-05-16 02:13:14.386506: Current epoch: 376, loss: 0.12434496730566025, validation loss: 0.6140692234039307
2024-05-16 02:13:31.399683:2024-05-16 02:13:31.399613: Current epoch: 377, loss: 0.12474147975444794, validation loss: 0.6202952265739441
2024-05-16 02:13:48.279328:2024-05-16 02:13:48.279232: Current epoch: 378, loss: 0.13073265552520752, validation loss: 0.6114941835403442
2024-05-16 02:14:05.282426:2024-05-16 02:14:05.282317: Current epoch: 379, loss: 0.12243914604187012, validation loss: 0.6175466179847717
2024-05-16 02:14:22.830655:2024-05-16 02:14:22.830575: Current epoch: 380, loss: 0.12256799638271332, validation loss: 0.6460722088813782
2024-05-16 02:14:39.608058:2024-05-16 02:14:39.607975: Current epoch: 381, loss: 0.13398852944374084, validation loss: 0.6364513039588928
2024-05-16 02:14:56.655471:2024-05-16 02:14:56.655314: Current epoch: 382, loss: 0.1201762706041336, validation loss: 0.6410517692565918
2024-05-16 02:15:13.755867:2024-05-16 02:15:13.755785: Current epoch: 383, loss: 0.1356266289949417, validation loss: 0.6248812079429626
2024-05-16 02:15:31.007124:2024-05-16 02:15:31.007043: Current epoch: 384, loss: 0.11677969992160797, validation loss: 0.6494667530059814
2024-05-16 02:15:48.201287:2024-05-16 02:15:48.201133: Current epoch: 385, loss: 0.1276348978281021, validation loss: 0.6007329821586609
2024-05-16 02:16:04.933094:2024-05-16 02:16:04.932858: Current epoch: 386, loss: 0.12764455378055573, validation loss: 0.605971097946167
2024-05-16 02:16:21.549278:2024-05-16 02:16:21.549100: Current epoch: 387, loss: 0.13320912420749664, validation loss: 0.609754741191864
2024-05-16 02:16:39.576913:2024-05-16 02:16:39.576762: Current epoch: 388, loss: 0.12395282089710236, validation loss: 0.6162969470024109
2024-05-16 02:16:56.605157:2024-05-16 02:16:56.605032: Current epoch: 389, loss: 0.12408062070608139, validation loss: 0.6088307499885559
2024-05-16 02:17:14.377274:2024-05-16 02:17:14.377154: Current epoch: 390, loss: 0.11550169438123703, validation loss: 0.6066239476203918
2024-05-16 02:17:31.014034:2024-05-16 02:17:31.013861: Current epoch: 391, loss: 0.1234331727027893, validation loss: 0.6293569207191467
2024-05-16 02:17:47.380148:2024-05-16 02:17:47.380044: Current epoch: 392, loss: 0.11460348218679428, validation loss: 0.642722487449646
2024-05-16 02:18:03.978815:2024-05-16 02:18:03.978740: Current epoch: 393, loss: 0.13448911905288696, validation loss: 0.6147608160972595
2024-05-16 02:18:20.442823:2024-05-16 02:18:20.442688: Current epoch: 394, loss: 0.11787309497594833, validation loss: 0.6074820756912231
2024-05-16 02:18:37.451384:2024-05-16 02:18:37.451256: Current epoch: 395, loss: 0.12158937752246857, validation loss: 0.6285334229469299
2024-05-16 02:18:54.098102:2024-05-16 02:18:54.098000: Current epoch: 396, loss: 0.11844872683286667, validation loss: 0.6063441038131714
2024-05-16 02:19:11.426812:2024-05-16 02:19:11.426732: Current epoch: 397, loss: 0.13902992010116577, validation loss: 0.6059894561767578
2024-05-16 02:19:28.667870:2024-05-16 02:19:28.667715: Current epoch: 398, loss: 0.11742236465215683, validation loss: 0.6283108592033386
2024-05-16 02:19:45.665728:2024-05-16 02:19:45.665651: Current epoch: 399, loss: 0.11024731397628784, validation loss: 0.6199132800102234
2024-05-16 02:20:02.480482:2024-05-16 02:20:02.480364: Current epoch: 400, loss: 0.1184905543923378, validation loss: 0.6545220017433167
2024-05-16 02:20:19.809862:2024-05-16 02:20:19.809761: Current epoch: 401, loss: 0.11829841881990433, validation loss: 0.6347126364707947
2024-05-16 02:20:37.389096:2024-05-16 02:20:37.389021: Current epoch: 402, loss: 0.1403137743473053, validation loss: 0.64309161901474
2024-05-16 02:20:54.779544:2024-05-16 02:20:54.779472: Current epoch: 403, loss: 0.120765820145607, validation loss: 0.6077260971069336
2024-05-16 02:21:11.852323:2024-05-16 02:21:11.852187: Current epoch: 404, loss: 0.11505097150802612, validation loss: 0.6094220876693726
2024-05-16 02:21:28.876482:2024-05-16 02:21:28.876409: Current epoch: 405, loss: 0.1176137700676918, validation loss: 0.6037038564682007
2024-05-16 02:21:45.812512:2024-05-16 02:21:45.812438: Current epoch: 406, loss: 0.11888021975755692, validation loss: 0.6434326767921448
2024-05-16 02:22:02.724972:2024-05-16 02:22:02.724883: Current epoch: 407, loss: 0.1134212464094162, validation loss: 0.6088887453079224
2024-05-16 02:22:19.663401:2024-05-16 02:22:19.663257: Current epoch: 408, loss: 0.12260865420103073, validation loss: 0.613451361656189
2024-05-16 02:22:36.810664:2024-05-16 02:22:36.810585: Current epoch: 409, loss: 0.10918589681386948, validation loss: 0.6374281644821167
2024-05-16 02:22:53.830036:2024-05-16 02:22:53.829955: Current epoch: 410, loss: 0.11887092888355255, validation loss: 0.6304840445518494
2024-05-16 02:23:11.589080:2024-05-16 02:23:11.588900: Current epoch: 411, loss: 0.11906701326370239, validation loss: 0.6128049492835999
2024-05-16 02:23:28.435483:2024-05-16 02:23:28.435409: Current epoch: 412, loss: 0.1158689334988594, validation loss: 0.6112729907035828
2024-05-16 02:23:45.155078:2024-05-16 02:23:45.155005: Current epoch: 413, loss: 0.11530142277479172, validation loss: 0.6114512085914612
2024-05-16 02:24:01.852812:2024-05-16 02:24:01.852683: Current epoch: 414, loss: 0.11800432205200195, validation loss: 0.6339531540870667
2024-05-16 02:24:19.046086:2024-05-16 02:24:19.045981: Current epoch: 415, loss: 0.12098313868045807, validation loss: 0.6170988082885742
2024-05-16 02:24:36.035038:2024-05-16 02:24:36.034987: Current epoch: 416, loss: 0.12554027140140533, validation loss: 0.6225188970565796
2024-05-16 02:24:37.017403:the test error is  [0.5712255835533142, 0.5712255835533142]
2024-05-16 02:24:39.485999:saved model to sample/matbert-base-cased_chemnlp_prop_magmom_outcar
2024-05-16 02:24:40.458453:done