
2024-03-21 13:29:46.055941:job config: {'train_data_path': '/data/yll6162/alignntl_dft_3d/tl_dataset/dataset_matbert-base-cased_chemnlp_prop_ehull_train.csv', 'val_data_path': '/data/yll6162/alignntl_dft_3d/tl_dataset/dataset_matbert-base-cased_chemnlp_prop_ehull_val.csv', 'test_data_path': '/data/yll6162/alignntl_dft_3d/tl_dataset/dataset_matbert-base-cased_chemnlp_prop_ehull_test.csv', 'label': 'ehull', 'input_type': None, 'log_folder': 'log', 'log_file': 'matbert-base-cased_chemnlp_prop_ehull.log', 'test_metric': 'mae', 'architecture': '1024Rx4D-512Rx3D-256Rx3D-128Rx3D-64Rx2-32Rx1-1', 'model_seed': 0, 'loss_type': 'mae', 'config_file': 'sample/matbert-base-cased_chemnlp_prop_ehull_job.config', 'use_valid': True, 'project': 'MOF', 'regressors': None, 'input_types': None, 'paramsGrid': {'optimizer': 'Adam', 'learning_rate': 0.0001, 'patience': 200, 'dropouts': [0.8, 0.9, 0.7, 0.8], 'EVAL_FREQUENCY': 1000}, 'save_path': 'sample/matbert-base-cased_chemnlp_prop_ehull', 'model_path': None, 'last_layer_with_weight': True, 'keras_path': 'model/matbert-base-cased_chemnlp_prop_ehull', 'test_size': None, 'val_size': None}
2024-03-21 13:29:46.056006:train data path is  /data/yll6162/alignntl_dft_3d/tl_dataset/dataset_matbert-base-cased_chemnlp_prop_ehull_train.csv
2024-03-21 13:29:54.763280:input attribute sets are:  None
2024-03-21 13:29:54.763540:test data path is  /data/yll6162/alignntl_dft_3d/tl_dataset/dataset_matbert-base-cased_chemnlp_prop_ehull_test.csv
2024-03-21 13:29:55.955516:val data path is  /data/yll6162/alignntl_dft_3d/tl_dataset/dataset_matbert-base-cased_chemnlp_prop_ehull_val.csv
2024-03-21 13:29:57.193385:input attributes are:  Index(['0', '1', '2', '3', '4', '5', '6', '7', '8', '9',
       ...
       '758', '759', '760', '761', '762', '763', '764', '765', '766', '767'],
      dtype='object', length=768)
2024-03-21 13:29:57.193531:label: ehull
2024-03-21 13:30:06.031335: train, test, valid sizes:  (59939, 768) (59939,) (7493, 768) (7493,) (7494, 768) (7494,)
2024-03-21 13:30:06.190716:train matrix shape of train_X:  (59939, 768)  train_y:  (59939,)
2024-03-21 13:30:06.190866:valid matrix shape of train_X:  (7494, 768)  valid_y:  (7494,)
2024-03-21 13:30:06.190909:test matrix shape of valid_X:   (7493, 768)  test_y:  (7493,)
2024-03-21 13:30:06.190945:architecture is:  1024Rx4D-512Rx3D-256Rx3D-128Rx3D-64Rx2-32Rx1-1
2024-03-21 13:30:06.190985:learning rate is  0.0001
2024-03-21 13:30:06.191020:model path is  None
2024-03-21 13:30:06.200035:adding fully connected layers with 1024 outputs
2024-03-21 13:30:07.139062:adding residual with fc as the size are different
2024-03-21 13:30:07.152215:adding fully connected layers with 1024 outputs
2024-03-21 13:30:07.160316:adding residual, both sizes are same
2024-03-21 13:30:07.163544:adding fully connected layers with 1024 outputs
2024-03-21 13:30:07.173883:adding residual, both sizes are same
2024-03-21 13:30:07.176845:adding fully connected layers with 1024 outputs
2024-03-21 13:30:07.184742:adding residual, both sizes are same
2024-03-21 13:30:07.187868:adding dropout 0.8
2024-03-21 13:30:07.198288:adding fully connected layers with 512 outputs
2024-03-21 13:30:07.206355:adding residual with fc as the size are different
2024-03-21 13:30:07.218368:adding fully connected layers with 512 outputs
2024-03-21 13:30:07.227101:adding residual, both sizes are same
2024-03-21 13:30:07.230631:adding fully connected layers with 512 outputs
2024-03-21 13:30:07.239661:adding residual, both sizes are same
2024-03-21 13:30:07.242896:adding dropout 0.9
2024-03-21 13:30:07.245839:adding fully connected layers with 256 outputs
2024-03-21 13:30:07.254961:adding residual with fc as the size are different
2024-03-21 13:30:07.266538:adding fully connected layers with 256 outputs
2024-03-21 13:30:07.275446:adding residual, both sizes are same
2024-03-21 13:30:07.278758:adding fully connected layers with 256 outputs
2024-03-21 13:30:07.287439:adding residual, both sizes are same
2024-03-21 13:30:07.290706:adding dropout 0.7
2024-03-21 13:30:07.293583:adding fully connected layers with 128 outputs
2024-03-21 13:30:07.302514:adding residual with fc as the size are different
2024-03-21 13:30:07.313843:adding fully connected layers with 128 outputs
2024-03-21 13:30:07.322560:adding residual, both sizes are same
2024-03-21 13:30:07.325925:adding fully connected layers with 128 outputs
2024-03-21 13:30:07.333192:adding residual, both sizes are same
2024-03-21 13:30:07.335413:adding dropout 0.8
2024-03-21 13:30:07.337105:adding fully connected layers with 64 outputs
2024-03-21 13:30:07.346310:adding residual with fc as the size are different
2024-03-21 13:30:07.362301:adding fully connected layers with 64 outputs
2024-03-21 13:30:07.377559:adding residual, both sizes are same
2024-03-21 13:30:07.382423:adding fully connected layers with 32 outputs
2024-03-21 13:30:07.391659:adding residual with fc as the size are different
2024-03-21 13:30:07.398186:adding final layer with 1 output
2024-03-21 13:30:07.412646:Model: "ElemNet"
2024-03-21 13:30:07.412720:__________________________________________________________________________________________________
2024-03-21 13:30:07.412770:Layer (type)                    Output Shape         Param #     Connected to                     
2024-03-21 13:30:07.412807:==================================================================================================
2024-03-21 13:30:07.413033:elemental_fractions (InputLayer [(None, 768)]        0                                            
2024-03-21 13:30:07.413082:__________________________________________________________________________________________________
2024-03-21 13:30:07.413255:fc0_0 (Dense)                   (None, 1024)         787456      elemental_fractions[0][0]        
2024-03-21 13:30:07.413303:__________________________________________________________________________________________________
2024-03-21 13:30:07.413422:fc0_dim_0 (Dense)               (None, 1024)         787456      elemental_fractions[0][0]        
2024-03-21 13:30:07.413476:__________________________________________________________________________________________________
2024-03-21 13:30:07.413565:tf.__operators__.add (TFOpLambd (None, 1024)         0           fc0_0[0][0]                      
2024-03-21 13:30:07.413610:                                                                 fc0_dim_0[0][0]                  
2024-03-21 13:30:07.413645:__________________________________________________________________________________________________
2024-03-21 13:30:07.413767:fc0_1 (Dense)                   (None, 1024)         1049600     tf.__operators__.add[0][0]       
2024-03-21 13:30:07.413808:__________________________________________________________________________________________________
2024-03-21 13:30:07.413884:tf.__operators__.add_1 (TFOpLam (None, 1024)         0           fc0_1[0][0]                      
2024-03-21 13:30:07.413925:                                                                 tf.__operators__.add[0][0]       
2024-03-21 13:30:07.413961:__________________________________________________________________________________________________
2024-03-21 13:30:07.414064:fc0_2 (Dense)                   (None, 1024)         1049600     tf.__operators__.add_1[0][0]     
2024-03-21 13:30:07.414105:__________________________________________________________________________________________________
2024-03-21 13:30:07.414181:tf.__operators__.add_2 (TFOpLam (None, 1024)         0           fc0_2[0][0]                      
2024-03-21 13:30:07.414223:                                                                 tf.__operators__.add_1[0][0]     
2024-03-21 13:30:07.414258:__________________________________________________________________________________________________
2024-03-21 13:30:07.414359:fc0_3 (Dense)                   (None, 1024)         1049600     tf.__operators__.add_2[0][0]     
2024-03-21 13:30:07.414400:__________________________________________________________________________________________________
2024-03-21 13:30:07.414481:tf.__operators__.add_3 (TFOpLam (None, 1024)         0           fc0_3[0][0]                      
2024-03-21 13:30:07.414524:                                                                 tf.__operators__.add_2[0][0]     
2024-03-21 13:30:07.414567:__________________________________________________________________________________________________
2024-03-21 13:30:07.414643:dropout (Dropout)               (None, 1024)         0           tf.__operators__.add_3[0][0]     
2024-03-21 13:30:07.414680:__________________________________________________________________________________________________
2024-03-21 13:30:07.414785:fc1_0 (Dense)                   (None, 512)          524800      dropout[0][0]                    
2024-03-21 13:30:07.414827:__________________________________________________________________________________________________
2024-03-21 13:30:07.414927:fc1_dim_0 (Dense)               (None, 512)          524800      dropout[0][0]                    
2024-03-21 13:30:07.414968:__________________________________________________________________________________________________
2024-03-21 13:30:07.415045:tf.__operators__.add_4 (TFOpLam (None, 512)          0           fc1_0[0][0]                      
2024-03-21 13:30:07.415087:                                                                 fc1_dim_0[0][0]                  
2024-03-21 13:30:07.415122:__________________________________________________________________________________________________
2024-03-21 13:30:07.415223:fc1_1 (Dense)                   (None, 512)          262656      tf.__operators__.add_4[0][0]     
2024-03-21 13:30:07.415264:__________________________________________________________________________________________________
2024-03-21 13:30:07.415337:tf.__operators__.add_5 (TFOpLam (None, 512)          0           fc1_1[0][0]                      
2024-03-21 13:30:07.415381:                                                                 tf.__operators__.add_4[0][0]     
2024-03-21 13:30:07.415415:__________________________________________________________________________________________________
2024-03-21 13:30:07.415523:fc1_2 (Dense)                   (None, 512)          262656      tf.__operators__.add_5[0][0]     
2024-03-21 13:30:07.415564:__________________________________________________________________________________________________
2024-03-21 13:30:07.415638:tf.__operators__.add_6 (TFOpLam (None, 512)          0           fc1_2[0][0]                      
2024-03-21 13:30:07.415681:                                                                 tf.__operators__.add_5[0][0]     
2024-03-21 13:30:07.415715:__________________________________________________________________________________________________
2024-03-21 13:30:07.415785:dropout_1 (Dropout)             (None, 512)          0           tf.__operators__.add_6[0][0]     
2024-03-21 13:30:07.415823:__________________________________________________________________________________________________
2024-03-21 13:30:07.415923:fc2_0 (Dense)                   (None, 256)          131328      dropout_1[0][0]                  
2024-03-21 13:30:07.415965:__________________________________________________________________________________________________
2024-03-21 13:30:07.416064:fc2_dim_0 (Dense)               (None, 256)          131328      dropout_1[0][0]                  
2024-03-21 13:30:07.416104:__________________________________________________________________________________________________
2024-03-21 13:30:07.416179:tf.__operators__.add_7 (TFOpLam (None, 256)          0           fc2_0[0][0]                      
2024-03-21 13:30:07.416223:                                                                 fc2_dim_0[0][0]                  
2024-03-21 13:30:07.416258:__________________________________________________________________________________________________
2024-03-21 13:30:07.416355:fc2_1 (Dense)                   (None, 256)          65792       tf.__operators__.add_7[0][0]     
2024-03-21 13:30:07.416396:__________________________________________________________________________________________________
2024-03-21 13:30:07.416475:tf.__operators__.add_8 (TFOpLam (None, 256)          0           fc2_1[0][0]                      
2024-03-21 13:30:07.416520:                                                                 tf.__operators__.add_7[0][0]     
2024-03-21 13:30:07.416565:__________________________________________________________________________________________________
2024-03-21 13:30:07.416668:fc2_2 (Dense)                   (None, 256)          65792       tf.__operators__.add_8[0][0]     
2024-03-21 13:30:07.416725:__________________________________________________________________________________________________
2024-03-21 13:30:07.416804:tf.__operators__.add_9 (TFOpLam (None, 256)          0           fc2_2[0][0]                      
2024-03-21 13:30:07.416846:                                                                 tf.__operators__.add_8[0][0]     
2024-03-21 13:30:07.416881:__________________________________________________________________________________________________
2024-03-21 13:30:07.416950:dropout_2 (Dropout)             (None, 256)          0           tf.__operators__.add_9[0][0]     
2024-03-21 13:30:07.416987:__________________________________________________________________________________________________
2024-03-21 13:30:07.417086:fc3_0 (Dense)                   (None, 128)          32896       dropout_2[0][0]                  
2024-03-21 13:30:07.417128:__________________________________________________________________________________________________
2024-03-21 13:30:07.417226:fc3_dim_0 (Dense)               (None, 128)          32896       dropout_2[0][0]                  
2024-03-21 13:30:07.417266:__________________________________________________________________________________________________
2024-03-21 13:30:07.417339:tf.__operators__.add_10 (TFOpLa (None, 128)          0           fc3_0[0][0]                      
2024-03-21 13:30:07.417381:                                                                 fc3_dim_0[0][0]                  
2024-03-21 13:30:07.417415:__________________________________________________________________________________________________
2024-03-21 13:30:07.417535:fc3_1 (Dense)                   (None, 128)          16512       tf.__operators__.add_10[0][0]    
2024-03-21 13:30:07.417577:__________________________________________________________________________________________________
2024-03-21 13:30:07.417651:tf.__operators__.add_11 (TFOpLa (None, 128)          0           fc3_1[0][0]                      
2024-03-21 13:30:07.417695:                                                                 tf.__operators__.add_10[0][0]    
2024-03-21 13:30:07.417741:__________________________________________________________________________________________________
2024-03-21 13:30:07.417835:fc3_2 (Dense)                   (None, 128)          16512       tf.__operators__.add_11[0][0]    
2024-03-21 13:30:07.417874:__________________________________________________________________________________________________
2024-03-21 13:30:07.417948:tf.__operators__.add_12 (TFOpLa (None, 128)          0           fc3_2[0][0]                      
2024-03-21 13:30:07.417989:                                                                 tf.__operators__.add_11[0][0]    
2024-03-21 13:30:07.418024:__________________________________________________________________________________________________
2024-03-21 13:30:07.418091:dropout_3 (Dropout)             (None, 128)          0           tf.__operators__.add_12[0][0]    
2024-03-21 13:30:07.418128:__________________________________________________________________________________________________
2024-03-21 13:30:07.418226:fc4_0 (Dense)                   (None, 64)           8256        dropout_3[0][0]                  
2024-03-21 13:30:07.418267:__________________________________________________________________________________________________
2024-03-21 13:30:07.418363:fc4_dim_0 (Dense)               (None, 64)           8256        dropout_3[0][0]                  
2024-03-21 13:30:07.418403:__________________________________________________________________________________________________
2024-03-21 13:30:07.418500:tf.__operators__.add_13 (TFOpLa (None, 64)           0           fc4_0[0][0]                      
2024-03-21 13:30:07.418549:                                                                 fc4_dim_0[0][0]                  
2024-03-21 13:30:07.418585:__________________________________________________________________________________________________
2024-03-21 13:30:07.418685:fc4_1 (Dense)                   (None, 64)           4160        tf.__operators__.add_13[0][0]    
2024-03-21 13:30:07.418737:__________________________________________________________________________________________________
2024-03-21 13:30:07.418811:tf.__operators__.add_14 (TFOpLa (None, 64)           0           fc4_1[0][0]                      
2024-03-21 13:30:07.418852:                                                                 tf.__operators__.add_13[0][0]    
2024-03-21 13:30:07.418887:__________________________________________________________________________________________________
2024-03-21 13:30:07.418983:fc5_0 (Dense)                   (None, 32)           2080        tf.__operators__.add_14[0][0]    
2024-03-21 13:30:07.419023:__________________________________________________________________________________________________
2024-03-21 13:30:07.419120:fc5_dim_0 (Dense)               (None, 32)           2080        tf.__operators__.add_14[0][0]    
2024-03-21 13:30:07.421034:__________________________________________________________________________________________________
2024-03-21 13:30:07.421127:tf.__operators__.add_15 (TFOpLa (None, 32)           0           fc5_0[0][0]                      
2024-03-21 13:30:07.421170:                                                                 fc5_dim_0[0][0]                  
2024-03-21 13:30:07.421205:__________________________________________________________________________________________________
2024-03-21 13:30:07.421308:fc6 (Dense)                     (None, 1)            33          tf.__operators__.add_15[0][0]    
2024-03-21 13:30:07.421349:==================================================================================================
2024-03-21 13:30:07.421974:Total params: 6,816,545
2024-03-21 13:30:07.422024:Trainable params: 6,816,545
2024-03-21 13:30:07.422061:Non-trainable params: 0
2024-03-21 13:30:07.422095:__________________________________________________________________________________________________
2024-03-21 13:30:07.434443:start training
2024-03-21 13:30:29.575558:2024-03-21 13:30:29.575490: Current epoch: 0, loss: 0.834789514541626, validation loss: 0.24513815343379974
2024-03-21 13:30:49.575446:2024-03-21 13:30:49.575293: Current epoch: 1, loss: 0.2557363212108612, validation loss: 0.18199509382247925
2024-03-21 13:31:09.706372:2024-03-21 13:31:09.706211: Current epoch: 2, loss: 0.23417988419532776, validation loss: 0.3184490501880646
2024-03-21 13:31:29.275212:2024-03-21 13:31:29.275054: Current epoch: 3, loss: 0.18393924832344055, validation loss: 0.23732763528823853
2024-03-21 13:31:48.998964:2024-03-21 13:31:48.998887: Current epoch: 4, loss: 0.17428070306777954, validation loss: 0.1364075243473053
2024-03-21 13:32:09.063312:2024-03-21 13:32:09.063198: Current epoch: 5, loss: 0.16607442498207092, validation loss: 0.21106326580047607
2024-03-21 13:32:29.103665:2024-03-21 13:32:29.103568: Current epoch: 6, loss: 0.15821073949337006, validation loss: 0.17878314852714539
2024-03-21 13:32:49.176084:2024-03-21 13:32:49.176012: Current epoch: 7, loss: 0.1524002104997635, validation loss: 0.13073194026947021
2024-03-21 13:33:05.809856:2024-03-21 13:33:05.809715: Current epoch: 8, loss: 0.14471912384033203, validation loss: 0.14575102925300598
2024-03-21 13:33:24.500565:2024-03-21 13:33:24.500489: Current epoch: 9, loss: 0.14160571992397308, validation loss: 0.13538648188114166
2024-03-21 13:33:47.457910:2024-03-21 13:33:47.457798: Current epoch: 10, loss: 0.13804228603839874, validation loss: 0.1377815157175064
2024-03-21 13:34:07.712283:2024-03-21 13:34:07.712164: Current epoch: 11, loss: 0.13351301848888397, validation loss: 0.1493862420320511
2024-03-21 13:34:27.548490:2024-03-21 13:34:27.548318: Current epoch: 12, loss: 0.13179272413253784, validation loss: 0.14028599858283997
2024-03-21 13:34:48.142765:2024-03-21 13:34:48.142610: Current epoch: 13, loss: 0.12801475822925568, validation loss: 0.16318106651306152
2024-03-21 13:35:08.347729:2024-03-21 13:35:08.347571: Current epoch: 14, loss: 0.12521615624427795, validation loss: 0.13312388956546783
2024-03-21 13:35:28.066980:2024-03-21 13:35:28.066908: Current epoch: 15, loss: 0.1229647845029831, validation loss: 0.12008093297481537
2024-03-21 13:35:47.933556:2024-03-21 13:35:47.933476: Current epoch: 16, loss: 0.1204676628112793, validation loss: 0.11294443905353546
2024-03-21 13:36:08.179211:2024-03-21 13:36:08.179054: Current epoch: 17, loss: 0.11799045652151108, validation loss: 0.11925208568572998
2024-03-21 13:36:28.292900:2024-03-21 13:36:28.292780: Current epoch: 18, loss: 0.11649321019649506, validation loss: 0.11380571126937866
2024-03-21 13:36:48.599307:2024-03-21 13:36:48.599197: Current epoch: 19, loss: 0.11281634867191315, validation loss: 0.12646763026714325
2024-03-21 13:37:12.082173:2024-03-21 13:37:12.082104: Current epoch: 20, loss: 0.11146531999111176, validation loss: 0.10582786798477173
2024-03-21 13:37:31.774006:2024-03-21 13:37:31.773869: Current epoch: 21, loss: 0.11111156642436981, validation loss: 0.12604306638240814
2024-03-21 13:37:51.551170:2024-03-21 13:37:51.551023: Current epoch: 22, loss: 0.10668138414621353, validation loss: 0.11486899852752686
2024-03-21 13:38:11.288052:2024-03-21 13:38:11.287927: Current epoch: 23, loss: 0.10667216032743454, validation loss: 0.10365065187215805
2024-03-21 13:38:30.761063:2024-03-21 13:38:30.760955: Current epoch: 24, loss: 0.1058180034160614, validation loss: 0.11155184358358383
2024-03-21 13:38:49.843361:2024-03-21 13:38:49.843256: Current epoch: 25, loss: 0.1039634495973587, validation loss: 0.10405971109867096
2024-03-21 13:39:09.334677:2024-03-21 13:39:09.334515: Current epoch: 26, loss: 0.10181358456611633, validation loss: 0.10859262198209763
2024-03-21 13:39:28.484651:2024-03-21 13:39:28.484579: Current epoch: 27, loss: 0.10018414258956909, validation loss: 0.09853976219892502
2024-03-21 13:39:48.126951:2024-03-21 13:39:48.126788: Current epoch: 28, loss: 0.0996149405837059, validation loss: 0.11170200258493423
2024-03-21 13:40:07.858164:2024-03-21 13:40:07.858038: Current epoch: 29, loss: 0.09873415529727936, validation loss: 0.10094168782234192
2024-03-21 13:40:30.281249:2024-03-21 13:40:30.281165: Current epoch: 30, loss: 0.09819506108760834, validation loss: 0.10927993059158325
2024-03-21 13:40:49.799710:2024-03-21 13:40:49.799577: Current epoch: 31, loss: 0.09584236890077591, validation loss: 0.10299985855817795
2024-03-21 13:41:07.250182:2024-03-21 13:41:07.250060: Current epoch: 32, loss: 0.09427599608898163, validation loss: 0.09985478967428207
2024-03-21 13:41:25.122329:2024-03-21 13:41:25.122255: Current epoch: 33, loss: 0.09233991801738739, validation loss: 0.09815704822540283
2024-03-21 13:41:44.968022:2024-03-21 13:41:44.967877: Current epoch: 34, loss: 0.09225514531135559, validation loss: 0.10253598541021347
2024-03-21 13:42:04.631135:2024-03-21 13:42:04.631015: Current epoch: 35, loss: 0.09028439968824387, validation loss: 0.09853550046682358
2024-03-21 13:42:24.152845:2024-03-21 13:42:24.152710: Current epoch: 36, loss: 0.08974639326334, validation loss: 0.0950780138373375
2024-03-21 13:42:43.847016:2024-03-21 13:42:43.846855: Current epoch: 37, loss: 0.08767802268266678, validation loss: 0.09602084010839462
2024-03-21 13:43:03.638362:2024-03-21 13:43:03.638235: Current epoch: 38, loss: 0.08713869750499725, validation loss: 0.10109099745750427
2024-03-21 13:43:23.438140:2024-03-21 13:43:23.437985: Current epoch: 39, loss: 0.08563435822725296, validation loss: 0.1042678952217102
2024-03-21 13:43:43.849559:2024-03-21 13:43:43.849429: Current epoch: 40, loss: 0.08342643827199936, validation loss: 0.09562256932258606
2024-03-21 13:44:03.396655:2024-03-21 13:44:03.396533: Current epoch: 41, loss: 0.08294239640235901, validation loss: 0.09869089722633362
2024-03-21 13:44:23.265199:2024-03-21 13:44:23.265114: Current epoch: 42, loss: 0.08259429782629013, validation loss: 0.08801767230033875
2024-03-21 13:44:42.775848:2024-03-21 13:44:42.775725: Current epoch: 43, loss: 0.08158807456493378, validation loss: 0.08653123676776886
2024-03-21 13:45:02.284425:2024-03-21 13:45:02.284346: Current epoch: 44, loss: 0.07995826005935669, validation loss: 0.08958044648170471
2024-03-21 13:45:22.070829:2024-03-21 13:45:22.070664: Current epoch: 45, loss: 0.07974094897508621, validation loss: 0.08712601661682129
2024-03-21 13:45:41.646996:2024-03-21 13:45:41.646929: Current epoch: 46, loss: 0.07834646850824356, validation loss: 0.09301016479730606
2024-03-21 13:46:01.494752:2024-03-21 13:46:01.494298: Current epoch: 47, loss: 0.07654708623886108, validation loss: 0.0864018052816391
2024-03-21 13:46:21.853811:2024-03-21 13:46:21.853366: Current epoch: 48, loss: 0.07661879062652588, validation loss: 0.08553566783666611
2024-03-21 13:46:41.253386:2024-03-21 13:46:41.253315: Current epoch: 49, loss: 0.07415849715471268, validation loss: 0.08287996053695679
2024-03-21 13:47:03.990081:2024-03-21 13:47:03.989923: Current epoch: 50, loss: 0.07294923067092896, validation loss: 0.08628072589635849
2024-03-21 13:47:23.212828:2024-03-21 13:47:23.212716: Current epoch: 51, loss: 0.07424599677324295, validation loss: 0.08680503070354462
2024-03-21 13:47:42.734385:2024-03-21 13:47:42.734274: Current epoch: 52, loss: 0.07209896296262741, validation loss: 0.08795437216758728
2024-03-21 13:48:02.127200:2024-03-21 13:48:02.127078: Current epoch: 53, loss: 0.07224150747060776, validation loss: 0.08981601148843765
2024-03-21 13:48:22.112969:2024-03-21 13:48:22.112838: Current epoch: 54, loss: 0.06994756311178207, validation loss: 0.08454006165266037
2024-03-21 13:48:42.140698:2024-03-21 13:48:42.140367: Current epoch: 55, loss: 0.06929341703653336, validation loss: 0.08710180222988129
2024-03-21 13:49:01.658786:2024-03-21 13:49:01.658716: Current epoch: 56, loss: 0.06879575550556183, validation loss: 0.08571029454469681
2024-03-21 13:49:17.244262:2024-03-21 13:49:17.244118: Current epoch: 57, loss: 0.06839653104543686, validation loss: 0.08454629778862
2024-03-21 13:49:36.707484:2024-03-21 13:49:36.707407: Current epoch: 58, loss: 0.06729636341333389, validation loss: 0.0825747475028038
2024-03-21 13:49:56.696976:2024-03-21 13:49:56.696900: Current epoch: 59, loss: 0.06607668101787567, validation loss: 0.08079243451356888
2024-03-21 13:50:18.974481:2024-03-21 13:50:18.974321: Current epoch: 60, loss: 0.0653490275144577, validation loss: 0.0923127755522728
2024-03-21 13:50:38.690422:2024-03-21 13:50:38.690348: Current epoch: 61, loss: 0.06422311812639236, validation loss: 0.08327730000019073
2024-03-21 13:50:58.267308:2024-03-21 13:50:58.267162: Current epoch: 62, loss: 0.06307445466518402, validation loss: 0.08248426765203476
2024-03-21 13:51:18.166169:2024-03-21 13:51:18.166060: Current epoch: 63, loss: 0.06178875267505646, validation loss: 0.08399492502212524
2024-03-21 13:51:37.980726:2024-03-21 13:51:37.980651: Current epoch: 64, loss: 0.06187153607606888, validation loss: 0.0793476328253746
2024-03-21 13:51:57.917981:2024-03-21 13:51:57.917856: Current epoch: 65, loss: 0.060686253011226654, validation loss: 0.08106604963541031
2024-03-21 13:52:17.387885:2024-03-21 13:52:17.387365: Current epoch: 66, loss: 0.05959533527493477, validation loss: 0.07922980189323425
2024-03-21 13:52:37.253993:2024-03-21 13:52:37.253835: Current epoch: 67, loss: 0.05924798920750618, validation loss: 0.08204972743988037
2024-03-21 13:52:56.874220:2024-03-21 13:52:56.874064: Current epoch: 68, loss: 0.05906180664896965, validation loss: 0.08193512260913849
2024-03-21 13:53:16.633706:2024-03-21 13:53:16.633579: Current epoch: 69, loss: 0.05698246508836746, validation loss: 0.08194857835769653
2024-03-21 13:53:36.306147:2024-03-21 13:53:36.306075: Current epoch: 70, loss: 0.05657026171684265, validation loss: 0.0785679817199707
2024-03-21 13:53:56.180384:2024-03-21 13:53:56.180263: Current epoch: 71, loss: 0.05620778352022171, validation loss: 0.07867046445608139
2024-03-21 13:54:15.898572:2024-03-21 13:54:15.898409: Current epoch: 72, loss: 0.05485554784536362, validation loss: 0.07964909076690674
2024-03-21 13:54:35.633495:2024-03-21 13:54:35.633381: Current epoch: 73, loss: 0.05449263006448746, validation loss: 0.08232468366622925
2024-03-21 13:54:55.515796:2024-03-21 13:54:55.515706: Current epoch: 74, loss: 0.05387574061751366, validation loss: 0.07822026312351227
2024-03-21 13:55:15.389365:2024-03-21 13:55:15.388813: Current epoch: 75, loss: 0.054045166820287704, validation loss: 0.07779356837272644
2024-03-21 13:55:35.142721:2024-03-21 13:55:35.142579: Current epoch: 76, loss: 0.05170075222849846, validation loss: 0.07639486342668533
2024-03-21 13:55:54.698405:2024-03-21 13:55:54.698248: Current epoch: 77, loss: 0.05022759735584259, validation loss: 0.0830121710896492
2024-03-21 13:56:14.428284:2024-03-21 13:56:14.428197: Current epoch: 78, loss: 0.05212758481502533, validation loss: 0.07405561208724976
2024-03-21 13:56:34.336484:2024-03-21 13:56:34.336354: Current epoch: 79, loss: 0.050009578466415405, validation loss: 0.0751938745379448
2024-03-21 13:56:57.357379:2024-03-21 13:56:57.357246: Current epoch: 80, loss: 0.05036431923508644, validation loss: 0.07741200178861618
2024-03-21 13:57:13.076815:2024-03-21 13:57:13.076746: Current epoch: 81, loss: 0.048785943537950516, validation loss: 0.08230205625295639
2024-03-21 13:57:32.125114:2024-03-21 13:57:32.125054: Current epoch: 82, loss: 0.04789799079298973, validation loss: 0.08096060901880264
2024-03-21 13:57:51.715052:2024-03-21 13:57:51.714896: Current epoch: 83, loss: 0.04823415353894234, validation loss: 0.07518812268972397
2024-03-21 13:58:11.636706:2024-03-21 13:58:11.636549: Current epoch: 84, loss: 0.047789569944143295, validation loss: 0.07660332322120667
2024-03-21 13:58:31.216110:2024-03-21 13:58:31.215998: Current epoch: 85, loss: 0.0460834726691246, validation loss: 0.07819703221321106
2024-03-21 13:58:51.095883:2024-03-21 13:58:51.095795: Current epoch: 86, loss: 0.045672398060560226, validation loss: 0.07761947065591812
2024-03-21 13:59:10.458104:2024-03-21 13:59:10.458028: Current epoch: 87, loss: 0.04603506624698639, validation loss: 0.07326524704694748
2024-03-21 13:59:29.889015:2024-03-21 13:59:29.888907: Current epoch: 88, loss: 0.04549190402030945, validation loss: 0.07534868270158768
2024-03-21 13:59:49.194368:2024-03-21 13:59:49.194210: Current epoch: 89, loss: 0.04513556882739067, validation loss: 0.08668574690818787
2024-03-21 14:00:08.637573:2024-03-21 14:00:08.637497: Current epoch: 90, loss: 0.044314879924058914, validation loss: 0.07536837458610535
2024-03-21 14:00:28.305290:2024-03-21 14:00:28.304739: Current epoch: 91, loss: 0.04348108172416687, validation loss: 0.07293256372213364
2024-03-21 14:00:47.663990:2024-03-21 14:00:47.663914: Current epoch: 92, loss: 0.042804986238479614, validation loss: 0.07457230240106583
2024-03-21 14:01:07.007191:2024-03-21 14:01:07.007131: Current epoch: 93, loss: 0.04311554133892059, validation loss: 0.07567459344863892
2024-03-21 14:01:26.518934:2024-03-21 14:01:26.518858: Current epoch: 94, loss: 0.04219215735793114, validation loss: 0.07567133754491806
2024-03-21 14:01:46.011124:2024-03-21 14:01:46.011059: Current epoch: 95, loss: 0.04097567871212959, validation loss: 0.07921163737773895
2024-03-21 14:02:05.839145:2024-03-21 14:02:05.839011: Current epoch: 96, loss: 0.04131043329834938, validation loss: 0.07568860799074173
2024-03-21 14:02:25.630532:2024-03-21 14:02:25.630360: Current epoch: 97, loss: 0.041475359350442886, validation loss: 0.07364200800657272
2024-03-21 14:02:45.222126:2024-03-21 14:02:45.222055: Current epoch: 98, loss: 0.04356851428747177, validation loss: 0.08112852275371552
2024-03-21 14:03:04.699775:2024-03-21 14:03:04.699619: Current epoch: 99, loss: 0.03898525610566139, validation loss: 0.07375962287187576
2024-03-21 14:03:27.935550:2024-03-21 14:03:27.935387: Current epoch: 100, loss: 0.04086829349398613, validation loss: 0.07165641337633133
2024-03-21 14:03:47.817864:2024-03-21 14:03:47.817808: Current epoch: 101, loss: 0.039443012326955795, validation loss: 0.07538259029388428
2024-03-21 14:04:07.785353:2024-03-21 14:04:07.785227: Current epoch: 102, loss: 0.039857279509305954, validation loss: 0.07402268797159195
2024-03-21 14:04:27.617818:2024-03-21 14:04:27.617693: Current epoch: 103, loss: 0.038220491260290146, validation loss: 0.07379637658596039
2024-03-21 14:04:47.356065:2024-03-21 14:04:47.355948: Current epoch: 104, loss: 0.03784359246492386, validation loss: 0.07372695207595825
2024-03-21 14:05:06.759322:2024-03-21 14:05:06.759157: Current epoch: 105, loss: 0.03726838529109955, validation loss: 0.07244815677404404
2024-03-21 14:05:23.560112:2024-03-21 14:05:23.559957: Current epoch: 106, loss: 0.03761126101016998, validation loss: 0.07691044360399246
2024-03-21 14:05:41.294481:2024-03-21 14:05:41.294389: Current epoch: 107, loss: 0.036825746297836304, validation loss: 0.07563342899084091
2024-03-21 14:06:00.641093:2024-03-21 14:06:00.640940: Current epoch: 108, loss: 0.037209298461675644, validation loss: 0.07276703417301178
2024-03-21 14:06:20.592255:2024-03-21 14:06:20.592120: Current epoch: 109, loss: 0.03597880154848099, validation loss: 0.07770497351884842
2024-03-21 14:06:39.899744:2024-03-21 14:06:39.899643: Current epoch: 110, loss: 0.03499370813369751, validation loss: 0.0711071640253067
2024-03-21 14:06:59.666571:2024-03-21 14:06:59.666416: Current epoch: 111, loss: 0.034911446273326874, validation loss: 0.07293138653039932
2024-03-21 14:07:19.239799:2024-03-21 14:07:19.239700: Current epoch: 112, loss: 0.03473522514104843, validation loss: 0.07414504140615463
2024-03-21 14:07:38.347371:2024-03-21 14:07:38.347339: Current epoch: 113, loss: 0.03394737467169762, validation loss: 0.0772552564740181
2024-03-21 14:07:57.615871:2024-03-21 14:07:57.615734: Current epoch: 114, loss: 0.03679124265909195, validation loss: 0.07570922374725342
2024-03-21 14:08:16.431304:2024-03-21 14:08:16.431239: Current epoch: 115, loss: 0.03349366411566734, validation loss: 0.07255249470472336
2024-03-21 14:08:35.694235:2024-03-21 14:08:35.694136: Current epoch: 116, loss: 0.03396683186292648, validation loss: 0.07493118196725845
2024-03-21 14:08:54.936384:2024-03-21 14:08:54.936327: Current epoch: 117, loss: 0.032725851982831955, validation loss: 0.07180227339267731
2024-03-21 14:09:14.685425:2024-03-21 14:09:14.685359: Current epoch: 118, loss: 0.032581593841314316, validation loss: 0.0750942975282669
2024-03-21 14:09:34.213213:2024-03-21 14:09:34.213076: Current epoch: 119, loss: 0.033914126455783844, validation loss: 0.07557670772075653
2024-03-21 14:09:53.195339:2024-03-21 14:09:53.195258: Current epoch: 120, loss: 0.03218025341629982, validation loss: 0.07038629800081253
2024-03-21 14:10:12.882559:2024-03-21 14:10:12.882500: Current epoch: 121, loss: 0.03281122073531151, validation loss: 0.07516459375619888
2024-03-21 14:10:32.510032:2024-03-21 14:10:32.509968: Current epoch: 122, loss: 0.0323253758251667, validation loss: 0.07416800409555435
2024-03-21 14:10:52.452467:2024-03-21 14:10:52.452332: Current epoch: 123, loss: 0.032514411956071854, validation loss: 0.07366029173135757
2024-03-21 14:11:12.233387:2024-03-21 14:11:12.233309: Current epoch: 124, loss: 0.03223700076341629, validation loss: 0.07225731015205383
2024-03-21 14:11:31.877465:2024-03-21 14:11:31.877348: Current epoch: 125, loss: 0.03218255564570427, validation loss: 0.07231539487838745
2024-03-21 14:11:51.348064:2024-03-21 14:11:51.347955: Current epoch: 126, loss: 0.030662061646580696, validation loss: 0.0725371316075325
2024-03-21 14:12:11.325542:2024-03-21 14:12:11.325410: Current epoch: 127, loss: 0.032452791929244995, validation loss: 0.0765904039144516
2024-03-21 14:12:30.749585:2024-03-21 14:12:30.749473: Current epoch: 128, loss: 0.031248850747942924, validation loss: 0.07100426405668259
2024-03-21 14:12:50.196492:2024-03-21 14:12:50.196366: Current epoch: 129, loss: 0.029437027871608734, validation loss: 0.07493732869625092
2024-03-21 14:13:09.363675:2024-03-21 14:13:09.363604: Current epoch: 130, loss: 0.030460448935627937, validation loss: 0.07362891733646393
2024-03-21 14:13:28.485223:2024-03-21 14:13:28.485142: Current epoch: 131, loss: 0.029802870005369186, validation loss: 0.07026874274015427
2024-03-21 14:13:45.071098:2024-03-21 14:13:45.070940: Current epoch: 132, loss: 0.02961828000843525, validation loss: 0.07155811786651611
2024-03-21 14:14:04.298641:2024-03-21 14:14:04.298524: Current epoch: 133, loss: 0.029352078214287758, validation loss: 0.07261323928833008
2024-03-21 14:14:24.134320:2024-03-21 14:14:24.134163: Current epoch: 134, loss: 0.02836623042821884, validation loss: 0.07324040681123734
2024-03-21 14:14:43.602728:2024-03-21 14:14:43.602586: Current epoch: 135, loss: 0.028834939002990723, validation loss: 0.07214322686195374
2024-03-21 14:15:03.001142:2024-03-21 14:15:03.001041: Current epoch: 136, loss: 0.028812352567911148, validation loss: 0.07371100038290024
2024-03-21 14:15:22.447559:2024-03-21 14:15:22.447489: Current epoch: 137, loss: 0.027698496356606483, validation loss: 0.07061372697353363
2024-03-21 14:15:42.008040:2024-03-21 14:15:42.007881: Current epoch: 138, loss: 0.031809136271476746, validation loss: 0.0727950930595398
2024-03-21 14:16:01.759590:2024-03-21 14:16:01.759477: Current epoch: 139, loss: 0.026791365817189217, validation loss: 0.07187656313180923
2024-03-21 14:16:24.766339:2024-03-21 14:16:24.766223: Current epoch: 140, loss: 0.029927771538496017, validation loss: 0.072933629155159
2024-03-21 14:16:44.403134:2024-03-21 14:16:44.403000: Current epoch: 141, loss: 0.029146486893296242, validation loss: 0.08241522312164307
2024-03-21 14:17:03.768577:2024-03-21 14:17:03.768483: Current epoch: 142, loss: 0.027330441400408745, validation loss: 0.07297749072313309
2024-03-21 14:17:23.673764:2024-03-21 14:17:23.673632: Current epoch: 143, loss: 0.027614416554570198, validation loss: 0.07153363525867462
2024-03-21 14:17:43.248445:2024-03-21 14:17:43.248342: Current epoch: 144, loss: 0.02738458476960659, validation loss: 0.07258234173059464
2024-03-21 14:18:02.956903:2024-03-21 14:18:02.956827: Current epoch: 145, loss: 0.02816322073340416, validation loss: 0.07191167771816254
2024-03-21 14:18:22.059313:2024-03-21 14:18:22.059227: Current epoch: 146, loss: 0.026404909789562225, validation loss: 0.07085680961608887
2024-03-21 14:18:41.545568:2024-03-21 14:18:41.545500: Current epoch: 147, loss: 0.026617111638188362, validation loss: 0.07338517904281616
2024-03-21 14:19:00.728651:2024-03-21 14:19:00.728539: Current epoch: 148, loss: 0.029683345928788185, validation loss: 0.07130877673625946
2024-03-21 14:19:20.579783:2024-03-21 14:19:20.579706: Current epoch: 149, loss: 0.027796568349003792, validation loss: 0.0724245235323906
2024-03-21 14:19:40.151641:2024-03-21 14:19:40.151577: Current epoch: 150, loss: 0.026435192674398422, validation loss: 0.07484443485736847
2024-03-21 14:19:59.829623:2024-03-21 14:19:59.829510: Current epoch: 151, loss: 0.02602294832468033, validation loss: 0.07411641627550125
2024-03-21 14:20:19.958638:2024-03-21 14:20:19.958576: Current epoch: 152, loss: 0.025697525590658188, validation loss: 0.07114691287279129
2024-03-21 14:20:39.983862:2024-03-21 14:20:39.983797: Current epoch: 153, loss: 0.025681596249341965, validation loss: 0.07083456963300705
2024-03-21 14:20:59.630339:2024-03-21 14:20:59.630270: Current epoch: 154, loss: 0.02590980939567089, validation loss: 0.06935319304466248
2024-03-21 14:21:19.551400:2024-03-21 14:21:19.551310: Current epoch: 155, loss: 0.026551607996225357, validation loss: 0.0721491277217865
2024-03-21 14:21:38.159838:2024-03-21 14:21:38.159779: Current epoch: 156, loss: 0.025480026379227638, validation loss: 0.07050224393606186
2024-03-21 14:21:55.365835:2024-03-21 14:21:55.365682: Current epoch: 157, loss: 0.025699207559227943, validation loss: 0.07058226317167282
2024-03-21 14:22:14.943604:2024-03-21 14:22:14.943500: Current epoch: 158, loss: 0.02392353117465973, validation loss: 0.07186999917030334
2024-03-21 14:22:33.925082:2024-03-21 14:22:33.924942: Current epoch: 159, loss: 0.026545071974396706, validation loss: 0.07064811140298843
2024-03-21 14:22:56.345878:2024-03-21 14:22:56.345764: Current epoch: 160, loss: 0.025058025494217873, validation loss: 0.07430722564458847
2024-03-21 14:23:15.935422:2024-03-21 14:23:15.935353: Current epoch: 161, loss: 0.02779528498649597, validation loss: 0.08182983100414276
2024-03-21 14:23:35.703392:2024-03-21 14:23:35.703279: Current epoch: 162, loss: 0.022977789863944054, validation loss: 0.06942667812108994
2024-03-21 14:23:55.779329:2024-03-21 14:23:55.779226: Current epoch: 163, loss: 0.025422891601920128, validation loss: 0.07140137255191803
2024-03-21 14:24:15.320670:2024-03-21 14:24:15.320594: Current epoch: 164, loss: 0.02485577017068863, validation loss: 0.06966273486614227
2024-03-21 14:24:35.015452:2024-03-21 14:24:35.015386: Current epoch: 165, loss: 0.023065652698278427, validation loss: 0.07280325144529343
2024-03-21 14:24:54.766898:2024-03-21 14:24:54.766776: Current epoch: 166, loss: 0.02465096488595009, validation loss: 0.07068304717540741
2024-03-21 14:25:14.627863:2024-03-21 14:25:14.627745: Current epoch: 167, loss: 0.023899724707007408, validation loss: 0.0708601325750351
2024-03-21 14:25:33.830519:2024-03-21 14:25:33.830384: Current epoch: 168, loss: 0.024172265082597733, validation loss: 0.07147914171218872
2024-03-21 14:25:53.451091:2024-03-21 14:25:53.450975: Current epoch: 169, loss: 0.024965442717075348, validation loss: 0.08507077395915985
2024-03-21 14:26:13.167482:2024-03-21 14:26:13.167352: Current epoch: 170, loss: 0.022853907197713852, validation loss: 0.0712679997086525
2024-03-21 14:26:32.224717:2024-03-21 14:26:32.224529: Current epoch: 171, loss: 0.023371843621134758, validation loss: 0.07001867145299911
2024-03-21 14:26:51.763673:2024-03-21 14:26:51.763499: Current epoch: 172, loss: 0.022946758195757866, validation loss: 0.06970241665840149
2024-03-21 14:27:11.374206:2024-03-21 14:27:11.373903: Current epoch: 173, loss: 0.02379964105784893, validation loss: 0.0717649832367897
2024-03-21 14:27:31.133944:2024-03-21 14:27:31.133815: Current epoch: 174, loss: 0.02172716148197651, validation loss: 0.0703473761677742
2024-03-21 14:27:50.214066:2024-03-21 14:27:50.213942: Current epoch: 175, loss: 0.023577619343996048, validation loss: 0.07068269699811935
2024-03-21 14:28:10.043736:2024-03-21 14:28:10.043666: Current epoch: 176, loss: 0.021979505196213722, validation loss: 0.07006660848855972
2024-03-21 14:28:29.496748:2024-03-21 14:28:29.496624: Current epoch: 177, loss: 0.02270633541047573, validation loss: 0.07286567240953445
2024-03-21 14:28:48.872182:2024-03-21 14:28:48.872048: Current epoch: 178, loss: 0.022660691291093826, validation loss: 0.07046404480934143
2024-03-21 14:29:08.628714:2024-03-21 14:29:08.628541: Current epoch: 179, loss: 0.021499028429389, validation loss: 0.07082907855510712
2024-03-21 14:29:28.182869:2024-03-21 14:29:28.182713: Current epoch: 180, loss: 0.021421052515506744, validation loss: 0.07313364744186401
2024-03-21 14:29:47.723235:2024-03-21 14:29:47.723109: Current epoch: 181, loss: 0.025262681767344475, validation loss: 0.0789177268743515
2024-03-21 14:30:05.008746:2024-03-21 14:30:05.008574: Current epoch: 182, loss: 0.021310856565833092, validation loss: 0.0843755453824997
2024-03-21 14:30:23.312787:2024-03-21 14:30:23.312630: Current epoch: 183, loss: 0.02079746313393116, validation loss: 0.07075940817594528
2024-03-21 14:30:43.073661:2024-03-21 14:30:43.073554: Current epoch: 184, loss: 0.021791605278849602, validation loss: 0.07136236876249313
2024-03-21 14:31:02.591517:2024-03-21 14:31:02.591380: Current epoch: 185, loss: 0.02353890798985958, validation loss: 0.06965067982673645
2024-03-21 14:31:22.463537:2024-03-21 14:31:22.463437: Current epoch: 186, loss: 0.02112535387277603, validation loss: 0.07020119577646255
2024-03-21 14:31:42.443590:2024-03-21 14:31:42.443485: Current epoch: 187, loss: 0.020414285361766815, validation loss: 0.07127613574266434
2024-03-21 14:32:02.298817:2024-03-21 14:32:02.298736: Current epoch: 188, loss: 0.020937729626893997, validation loss: 0.06863860785961151
2024-03-21 14:32:21.664089:2024-03-21 14:32:21.663938: Current epoch: 189, loss: 0.020757384598255157, validation loss: 0.07397699356079102
2024-03-21 14:32:41.519819:2024-03-21 14:32:41.519713: Current epoch: 190, loss: 0.022444196045398712, validation loss: 0.07052522897720337
2024-03-21 14:33:01.415693:2024-03-21 14:33:01.415597: Current epoch: 191, loss: 0.020054379478096962, validation loss: 0.06962154060602188
2024-03-21 14:33:20.983310:2024-03-21 14:33:20.983186: Current epoch: 192, loss: 0.023060178384184837, validation loss: 0.09215662628412247
2024-03-21 14:33:40.516514:2024-03-21 14:33:40.516441: Current epoch: 193, loss: 0.020839838311076164, validation loss: 0.07106179744005203
2024-03-21 14:34:00.210544:2024-03-21 14:34:00.210428: Current epoch: 194, loss: 0.01972181908786297, validation loss: 0.07177767902612686
2024-03-21 14:34:19.552866:2024-03-21 14:34:19.552795: Current epoch: 195, loss: 0.022045614197850227, validation loss: 0.06878679990768433
2024-03-21 14:34:38.753234:2024-03-21 14:34:38.753111: Current epoch: 196, loss: 0.018941808491945267, validation loss: 0.07000033557415009
2024-03-21 14:34:58.158071:2024-03-21 14:34:58.157951: Current epoch: 197, loss: 0.020706409588456154, validation loss: 0.07037549465894699
2024-03-21 14:35:17.467236:2024-03-21 14:35:17.467085: Current epoch: 198, loss: 0.020040219649672508, validation loss: 0.07169196754693985
2024-03-21 14:35:37.683025:2024-03-21 14:35:37.682906: Current epoch: 199, loss: 0.020004408434033394, validation loss: 0.0711795836687088
2024-03-21 14:35:57.432103:2024-03-21 14:35:57.431990: Current epoch: 200, loss: 0.020312180742621422, validation loss: 0.07306630164384842
2024-03-21 14:36:16.722953:2024-03-21 14:36:16.722857: Current epoch: 201, loss: 0.021013488993048668, validation loss: 0.07021979242563248
2024-03-21 14:36:36.131322:2024-03-21 14:36:36.131208: Current epoch: 202, loss: 0.019412053748965263, validation loss: 0.07162750512361526
2024-03-21 14:36:55.661205:2024-03-21 14:36:55.661099: Current epoch: 203, loss: 0.019788337871432304, validation loss: 0.07067269086837769
2024-03-21 14:37:15.346587:2024-03-21 14:37:15.346466: Current epoch: 204, loss: 0.01909007877111435, validation loss: 0.06985831260681152
2024-03-21 14:37:34.979125:2024-03-21 14:37:34.979067: Current epoch: 205, loss: 0.019164610654115677, validation loss: 0.07122467458248138
2024-03-21 14:37:54.591087:2024-03-21 14:37:54.590964: Current epoch: 206, loss: 0.019108735024929047, validation loss: 0.07768534868955612
2024-03-21 14:38:10.893177:2024-03-21 14:38:10.893114: Current epoch: 207, loss: 0.019606145098805428, validation loss: 0.07550916075706482
2024-03-21 14:38:30.065709:2024-03-21 14:38:30.065593: Current epoch: 208, loss: 0.021096928045153618, validation loss: 0.07123325765132904
2024-03-21 14:38:49.504375:2024-03-21 14:38:49.504263: Current epoch: 209, loss: 0.02056385762989521, validation loss: 0.06927137821912766
2024-03-21 14:39:12.080224:2024-03-21 14:39:12.080151: Current epoch: 210, loss: 0.018137594684958458, validation loss: 0.07199349254369736
2024-03-21 14:39:31.499480:2024-03-21 14:39:31.499354: Current epoch: 211, loss: 0.01927809976041317, validation loss: 0.06925170123577118
2024-03-21 14:39:51.233897:2024-03-21 14:39:51.233826: Current epoch: 212, loss: 0.018312223255634308, validation loss: 0.07352611422538757
2024-03-21 14:40:10.996441:2024-03-21 14:40:10.996286: Current epoch: 213, loss: 0.01900850050151348, validation loss: 0.06873329728841782
2024-03-21 14:40:30.460224:2024-03-21 14:40:30.460114: Current epoch: 214, loss: 0.018666787073016167, validation loss: 0.07049229741096497
2024-03-21 14:40:50.057820:2024-03-21 14:40:50.057666: Current epoch: 215, loss: 0.01909535937011242, validation loss: 0.06983142346143723
2024-03-21 14:41:10.291631:2024-03-21 14:41:10.291453: Current epoch: 216, loss: 0.018438670784235, validation loss: 0.06882096081972122
2024-03-21 14:41:30.244407:2024-03-21 14:41:30.244284: Current epoch: 217, loss: 0.018094001337885857, validation loss: 0.07051338255405426
2024-03-21 14:41:49.758722:2024-03-21 14:41:49.758611: Current epoch: 218, loss: 0.018231289461255074, validation loss: 0.07036776840686798
2024-03-21 14:42:09.384647:2024-03-21 14:42:09.384534: Current epoch: 219, loss: 0.018634717911481857, validation loss: 0.07079701870679855
2024-03-21 14:42:29.191958:2024-03-21 14:42:29.191840: Current epoch: 220, loss: 0.018227996304631233, validation loss: 0.07054118067026138
2024-03-21 14:42:48.542590:2024-03-21 14:42:48.542420: Current epoch: 221, loss: 0.01861264929175377, validation loss: 0.0717461034655571
2024-03-21 14:43:08.295158:2024-03-21 14:43:08.295071: Current epoch: 222, loss: 0.017634572461247444, validation loss: 0.07041218131780624
2024-03-21 14:43:27.834133:2024-03-21 14:43:27.834063: Current epoch: 223, loss: 0.018238188698887825, validation loss: 0.07075230032205582
2024-03-21 14:43:47.188607:2024-03-21 14:43:47.188433: Current epoch: 224, loss: 0.017621854320168495, validation loss: 0.06937862932682037
2024-03-21 14:44:07.515015:2024-03-21 14:44:07.514884: Current epoch: 225, loss: 0.017999473959207535, validation loss: 0.0695285052061081
2024-03-21 14:44:26.650422:2024-03-21 14:44:26.650275: Current epoch: 226, loss: 0.017773816362023354, validation loss: 0.06936652958393097
2024-03-21 14:44:46.283552:2024-03-21 14:44:46.283478: Current epoch: 227, loss: 0.018104394897818565, validation loss: 0.07022356986999512
2024-03-21 14:45:06.231649:2024-03-21 14:45:06.231536: Current epoch: 228, loss: 0.017174888402223587, validation loss: 0.07108866423368454
2024-03-21 14:45:26.032669:2024-03-21 14:45:26.032560: Current epoch: 229, loss: 0.018611237406730652, validation loss: 0.06865886598825455
2024-03-21 14:45:49.573286:2024-03-21 14:45:49.573106: Current epoch: 230, loss: 0.017643701285123825, validation loss: 0.0707647055387497
2024-03-21 14:46:07.786596:2024-03-21 14:46:07.786507: Current epoch: 231, loss: 0.017173873260617256, validation loss: 0.08018913865089417
2024-03-21 14:46:25.268442:2024-03-21 14:46:25.268323: Current epoch: 232, loss: 0.01800369843840599, validation loss: 0.06954201310873032
2024-03-21 14:46:44.788870:2024-03-21 14:46:44.788729: Current epoch: 233, loss: 0.016880923882126808, validation loss: 0.07049965858459473
2024-03-21 14:47:04.031898:2024-03-21 14:47:04.031821: Current epoch: 234, loss: 0.01693083718419075, validation loss: 0.06986069679260254
2024-03-21 14:47:23.458888:2024-03-21 14:47:23.458809: Current epoch: 235, loss: 0.01857583038508892, validation loss: 0.06992628425359726
2024-03-21 14:47:43.108028:2024-03-21 14:47:43.107881: Current epoch: 236, loss: 0.017121076583862305, validation loss: 0.07027766853570938
2024-03-21 14:48:02.551102:2024-03-21 14:48:02.550946: Current epoch: 237, loss: 0.017997289076447487, validation loss: 0.06917694956064224
2024-03-21 14:48:22.288350:2024-03-21 14:48:22.288233: Current epoch: 238, loss: 0.017174111679196358, validation loss: 0.06988508999347687
2024-03-21 14:48:42.115381:2024-03-21 14:48:42.115252: Current epoch: 239, loss: 0.01677294261753559, validation loss: 0.06945547461509705
2024-03-21 14:49:01.683423:2024-03-21 14:49:01.683288: Current epoch: 240, loss: 0.01720469258725643, validation loss: 0.07045198231935501
2024-03-21 14:49:21.301132:2024-03-21 14:49:21.300975: Current epoch: 241, loss: 0.018430443480610847, validation loss: 0.07066353410482407
2024-03-21 14:49:41.358519:2024-03-21 14:49:41.358327: Current epoch: 242, loss: 0.01757732592523098, validation loss: 0.07053018361330032
2024-03-21 14:50:01.087693:2024-03-21 14:50:01.087564: Current epoch: 243, loss: 0.0171939879655838, validation loss: 0.07009683549404144
2024-03-21 14:50:20.815283:2024-03-21 14:50:20.815212: Current epoch: 244, loss: 0.017422480508685112, validation loss: 0.07002636790275574
2024-03-21 14:50:40.658921:2024-03-21 14:50:40.658760: Current epoch: 245, loss: 0.01583436131477356, validation loss: 0.06927141547203064
2024-03-21 14:51:00.092195:2024-03-21 14:51:00.092124: Current epoch: 246, loss: 0.016666455194354057, validation loss: 0.07236813753843307
2024-03-21 14:51:19.795416:2024-03-21 14:51:19.795269: Current epoch: 247, loss: 0.017568601295351982, validation loss: 0.07104510068893433
2024-03-21 14:51:39.185022:2024-03-21 14:51:39.184929: Current epoch: 248, loss: 0.015936482697725296, validation loss: 0.07039348036050797
2024-03-21 14:51:59.763939:2024-03-21 14:51:59.763807: Current epoch: 249, loss: 0.01580796204507351, validation loss: 0.07062727957963943
2024-03-21 14:52:19.352091:2024-03-21 14:52:19.351966: Current epoch: 250, loss: 0.026715446263551712, validation loss: 0.07363846153020859
2024-03-21 14:52:39.455353:2024-03-21 14:52:39.455239: Current epoch: 251, loss: 0.015350956469774246, validation loss: 0.06882338225841522
2024-03-21 14:52:58.905975:2024-03-21 14:52:58.905838: Current epoch: 252, loss: 0.014661433175206184, validation loss: 0.06947369128465652
2024-03-21 14:53:18.534378:2024-03-21 14:53:18.534216: Current epoch: 253, loss: 0.01575443148612976, validation loss: 0.06961791217327118
2024-03-21 14:53:38.502183:2024-03-21 14:53:38.502067: Current epoch: 254, loss: 0.016467083245515823, validation loss: 0.0714714452624321
2024-03-21 14:53:57.919114:2024-03-21 14:53:57.919041: Current epoch: 255, loss: 0.01589817740023136, validation loss: 0.07186087220907211
2024-03-21 14:54:16.727622:2024-03-21 14:54:16.727493: Current epoch: 256, loss: 0.016018562018871307, validation loss: 0.07052666693925858
2024-03-21 14:54:34.102992:2024-03-21 14:54:34.102903: Current epoch: 257, loss: 0.018962372094392776, validation loss: 0.0691906288266182
2024-03-21 14:54:53.939107:2024-03-21 14:54:53.938959: Current epoch: 258, loss: 0.014990256167948246, validation loss: 0.07303405553102493
2024-03-21 14:55:13.691590:2024-03-21 14:55:13.691483: Current epoch: 259, loss: 0.017109882086515427, validation loss: 0.07026739418506622
2024-03-21 14:55:33.616243:2024-03-21 14:55:33.616137: Current epoch: 260, loss: 0.015959367156028748, validation loss: 0.07079215347766876
2024-03-21 14:55:53.824753:2024-03-21 14:55:53.824591: Current epoch: 261, loss: 0.015632566064596176, validation loss: 0.0720943957567215
2024-03-21 14:56:13.222214:2024-03-21 14:56:13.222058: Current epoch: 262, loss: 0.01819949969649315, validation loss: 0.06987083703279495
2024-03-21 14:56:32.747473:2024-03-21 14:56:32.747294: Current epoch: 263, loss: 0.01424233615398407, validation loss: 0.07213795185089111
2024-03-21 14:56:53.028507:2024-03-21 14:56:53.028335: Current epoch: 264, loss: 0.015188250690698624, validation loss: 0.07051404565572739
2024-03-21 14:57:13.111071:2024-03-21 14:57:13.110903: Current epoch: 265, loss: 0.015170752070844173, validation loss: 0.06990834325551987
2024-03-21 14:57:33.089899:2024-03-21 14:57:33.089768: Current epoch: 266, loss: 0.019210848957300186, validation loss: 0.07044168561697006
2024-03-21 14:57:52.755367:2024-03-21 14:57:52.755305: Current epoch: 267, loss: 0.014190555550158024, validation loss: 0.07010834664106369
2024-03-21 14:58:12.068902:2024-03-21 14:58:12.068788: Current epoch: 268, loss: 0.014451461844146252, validation loss: 0.07097630202770233
2024-03-21 14:58:31.550783:2024-03-21 14:58:31.550271: Current epoch: 269, loss: 0.01496162824332714, validation loss: 0.06828918308019638
2024-03-21 14:58:53.975346:2024-03-21 14:58:53.975271: Current epoch: 270, loss: 0.015271761454641819, validation loss: 0.07213876396417618
2024-03-21 14:59:13.658790:2024-03-21 14:59:13.658654: Current epoch: 271, loss: 0.016221992671489716, validation loss: 0.0718696117401123
2024-03-21 14:59:33.428386:2024-03-21 14:59:33.428236: Current epoch: 272, loss: 0.014786583371460438, validation loss: 0.07121159136295319
2024-03-21 14:59:53.250233:2024-03-21 14:59:53.250114: Current epoch: 273, loss: 0.014898172579705715, validation loss: 0.06988702714443207
2024-03-21 15:00:13.032916:2024-03-21 15:00:13.032767: Current epoch: 274, loss: 0.01527401152998209, validation loss: 0.06899711489677429
2024-03-21 15:00:32.912800:2024-03-21 15:00:32.912631: Current epoch: 275, loss: 0.014711075462400913, validation loss: 0.07110241055488586
2024-03-21 15:00:52.586761:2024-03-21 15:00:52.586621: Current epoch: 276, loss: 0.017162954434752464, validation loss: 0.06877052783966064
2024-03-21 15:01:12.333946:2024-03-21 15:01:12.333806: Current epoch: 277, loss: 0.014294837601482868, validation loss: 0.06899627298116684
2024-03-21 15:01:32.049242:2024-03-21 15:01:32.049087: Current epoch: 278, loss: 0.014946780167520046, validation loss: 0.06990831345319748
2024-03-21 15:01:52.028131:2024-03-21 15:01:52.027975: Current epoch: 279, loss: 0.01635202206671238, validation loss: 0.07056444883346558
2024-03-21 15:02:11.489768:2024-03-21 15:02:11.489705: Current epoch: 280, loss: 0.013511160388588905, validation loss: 0.07074034959077835
2024-03-21 15:02:28.560410:2024-03-21 15:02:28.560301: Current epoch: 281, loss: 0.01431792788207531, validation loss: 0.07175572961568832
2024-03-21 15:02:46.280494:2024-03-21 15:02:46.280405: Current epoch: 282, loss: 0.014339879155158997, validation loss: 0.07090436667203903
2024-03-21 15:03:05.700830:2024-03-21 15:03:05.700712: Current epoch: 283, loss: 0.015880294144153595, validation loss: 0.07007752358913422
2024-03-21 15:03:25.034309:2024-03-21 15:03:25.034211: Current epoch: 284, loss: 0.013864628970623016, validation loss: 0.07132139801979065
2024-03-21 15:03:44.470193:2024-03-21 15:03:44.470063: Current epoch: 285, loss: 0.014057595282793045, validation loss: 0.06899143010377884
2024-03-21 15:04:04.477479:2024-03-21 15:04:04.477359: Current epoch: 286, loss: 0.01444366667419672, validation loss: 0.06975851953029633
2024-03-21 15:04:24.247405:2024-03-21 15:04:24.247146: Current epoch: 287, loss: 0.014544432051479816, validation loss: 0.07308141142129898
2024-03-21 15:04:43.733141:2024-03-21 15:04:43.733014: Current epoch: 288, loss: 0.015527755953371525, validation loss: 0.07131090760231018
2024-03-21 15:05:03.230938:2024-03-21 15:05:03.230644: Current epoch: 289, loss: 0.013850680552423, validation loss: 0.07178208976984024
2024-03-21 15:05:23.151889:2024-03-21 15:05:23.151782: Current epoch: 290, loss: 0.013880440965294838, validation loss: 0.06896866858005524
2024-03-21 15:05:42.467224:2024-03-21 15:05:42.467134: Current epoch: 291, loss: 0.013642687350511551, validation loss: 0.06876920163631439
2024-03-21 15:06:02.401676:2024-03-21 15:06:02.401563: Current epoch: 292, loss: 0.014176742173731327, validation loss: 0.07106845080852509
2024-03-21 15:06:22.180048:2024-03-21 15:06:22.179932: Current epoch: 293, loss: 0.014277076348662376, validation loss: 0.07195039093494415
2024-03-21 15:06:41.499100:2024-03-21 15:06:41.498991: Current epoch: 294, loss: 0.01618708297610283, validation loss: 0.06994457542896271
2024-03-21 15:07:01.397417:2024-03-21 15:07:01.397342: Current epoch: 295, loss: 0.013834686018526554, validation loss: 0.0704837366938591
2024-03-21 15:07:21.066496:2024-03-21 15:07:21.066345: Current epoch: 296, loss: 0.013313301838934422, validation loss: 0.06950138509273529
2024-03-21 15:07:40.559498:2024-03-21 15:07:40.559391: Current epoch: 297, loss: 0.013789071701467037, validation loss: 0.07102226465940475
2024-03-21 15:08:00.466879:2024-03-21 15:08:00.466758: Current epoch: 298, loss: 0.01763542741537094, validation loss: 0.07136090844869614
2024-03-21 15:08:19.712484:2024-03-21 15:08:19.712387: Current epoch: 299, loss: 0.0126058179885149, validation loss: 0.06997893005609512
2024-03-21 15:08:39.303878:2024-03-21 15:08:39.303815: Current epoch: 300, loss: 0.013084406964480877, validation loss: 0.0694618821144104
2024-03-21 15:08:59.036660:2024-03-21 15:08:59.036504: Current epoch: 301, loss: 0.013539469800889492, validation loss: 0.07038100063800812
2024-03-21 15:09:18.462254:2024-03-21 15:09:18.462137: Current epoch: 302, loss: 0.014510966837406158, validation loss: 0.06917084008455276
2024-03-21 15:09:37.861125:2024-03-21 15:09:37.860993: Current epoch: 303, loss: 0.013223548419773579, validation loss: 0.0692276880145073
2024-03-21 15:09:57.701603:2024-03-21 15:09:57.701501: Current epoch: 304, loss: 0.017639772966504097, validation loss: 0.07025683671236038
2024-03-21 15:10:17.629171:2024-03-21 15:10:17.629018: Current epoch: 305, loss: 0.014110155403614044, validation loss: 0.07059897482395172
2024-03-21 15:10:35.118751:2024-03-21 15:10:35.118640: Current epoch: 306, loss: 0.01311100646853447, validation loss: 0.07091576606035233
2024-03-21 15:10:52.377250:2024-03-21 15:10:52.377136: Current epoch: 307, loss: 0.012905438430607319, validation loss: 0.07044018805027008
2024-03-21 15:11:11.791110:2024-03-21 15:11:11.790995: Current epoch: 308, loss: 0.015714092180132866, validation loss: 0.07194270938634872
2024-03-21 15:11:31.518815:2024-03-21 15:11:31.518733: Current epoch: 309, loss: 0.01527997013181448, validation loss: 0.0697285532951355
2024-03-21 15:11:50.974216:2024-03-21 15:11:50.974153: Current epoch: 310, loss: 0.012133036740124226, validation loss: 0.07083933800458908
2024-03-21 15:12:10.621161:2024-03-21 15:12:10.621006: Current epoch: 311, loss: 0.016382744535803795, validation loss: 0.06939321756362915
2024-03-21 15:12:30.420055:2024-03-21 15:12:30.419997: Current epoch: 312, loss: 0.012365187518298626, validation loss: 0.06940480321645737
2024-03-21 15:12:49.722316:2024-03-21 15:12:49.722162: Current epoch: 313, loss: 0.014239056035876274, validation loss: 0.07293665409088135
2024-03-21 15:13:09.102807:2024-03-21 15:13:09.102664: Current epoch: 314, loss: 0.012864378280937672, validation loss: 0.06964138895273209
2024-03-21 15:13:28.712687:2024-03-21 15:13:28.712534: Current epoch: 315, loss: 0.012615622021257877, validation loss: 0.06912544369697571
2024-03-21 15:13:48.665971:2024-03-21 15:13:48.665836: Current epoch: 316, loss: 0.01330870483070612, validation loss: 0.06956398487091064
2024-03-21 15:14:08.249093:2024-03-21 15:14:08.248976: Current epoch: 317, loss: 0.013363633304834366, validation loss: 0.07053924351930618
2024-03-21 15:14:27.726118:2024-03-21 15:14:27.725988: Current epoch: 318, loss: 0.016663333401083946, validation loss: 0.06941282004117966
2024-03-21 15:14:47.431615:2024-03-21 15:14:47.431502: Current epoch: 319, loss: 0.011876237578690052, validation loss: 0.06896096467971802
2024-03-21 15:15:07.064726:2024-03-21 15:15:07.064583: Current epoch: 320, loss: 0.012559755705296993, validation loss: 0.07105791568756104
2024-03-21 15:15:26.714899:2024-03-21 15:15:26.714788: Current epoch: 321, loss: 0.013379640877246857, validation loss: 0.07088641077280045
2024-03-21 15:15:46.504348:2024-03-21 15:15:46.504240: Current epoch: 322, loss: 0.013282384723424911, validation loss: 0.07157865911722183
2024-03-21 15:16:05.977677:2024-03-21 15:16:05.977520: Current epoch: 323, loss: 0.013209918513894081, validation loss: 0.0704084038734436
2024-03-21 15:16:25.596697:2024-03-21 15:16:25.596636: Current epoch: 324, loss: 0.014525304548442364, validation loss: 0.07069376856088638
2024-03-21 15:16:45.310583:2024-03-21 15:16:45.310507: Current epoch: 325, loss: 0.012048359028995037, validation loss: 0.07032789289951324
2024-03-21 15:17:04.808641:2024-03-21 15:17:04.808524: Current epoch: 326, loss: 0.012796493247151375, validation loss: 0.07158021628856659
2024-03-21 15:17:24.534870:2024-03-21 15:17:24.534730: Current epoch: 327, loss: 0.015496473759412766, validation loss: 0.07108437269926071
2024-03-21 15:17:44.731021:2024-03-21 15:17:44.730959: Current epoch: 328, loss: 0.012301790527999401, validation loss: 0.06898263096809387
2024-03-21 15:18:04.280374:2024-03-21 15:18:04.280220: Current epoch: 329, loss: 0.012518339790403843, validation loss: 0.07026216387748718
2024-03-21 15:18:24.058771:2024-03-21 15:18:24.058594: Current epoch: 330, loss: 0.01238939631730318, validation loss: 0.07031553238630295
2024-03-21 15:18:42.702444:2024-03-21 15:18:42.702329: Current epoch: 331, loss: 0.012856988236308098, validation loss: 0.07574644684791565
2024-03-21 15:18:58.778590:2024-03-21 15:18:58.778520: Current epoch: 332, loss: 0.013375590555369854, validation loss: 0.07125284522771835
2024-03-21 15:19:18.271265:2024-03-21 15:19:18.271109: Current epoch: 333, loss: 0.01279363315552473, validation loss: 0.07009623199701309
2024-03-21 15:19:38.279466:2024-03-21 15:19:38.279354: Current epoch: 334, loss: 0.012164220213890076, validation loss: 0.07096581906080246
2024-03-21 15:19:57.948126:2024-03-21 15:19:57.948063: Current epoch: 335, loss: 0.015672411769628525, validation loss: 0.06957148760557175
2024-03-21 15:20:17.640514:2024-03-21 15:20:17.640399: Current epoch: 336, loss: 0.011416628956794739, validation loss: 0.06893965601921082
2024-03-21 15:20:37.087824:2024-03-21 15:20:37.087749: Current epoch: 337, loss: 0.011669117957353592, validation loss: 0.06889984756708145
2024-03-21 15:20:56.748493:2024-03-21 15:20:56.748358: Current epoch: 338, loss: 0.012324810959398746, validation loss: 0.0701947882771492
2024-03-21 15:21:17.084561:2024-03-21 15:21:17.084428: Current epoch: 339, loss: 0.01283387839794159, validation loss: 0.07027088105678558
2024-03-21 15:21:36.457262:2024-03-21 15:21:36.457145: Current epoch: 340, loss: 0.012262369506061077, validation loss: 0.07017089426517487
2024-03-21 15:21:56.596580:2024-03-21 15:21:56.596433: Current epoch: 341, loss: 0.012686614878475666, validation loss: 0.06883836537599564
2024-03-21 15:22:16.310131:2024-03-21 15:22:16.309960: Current epoch: 342, loss: 0.013150892220437527, validation loss: 0.07037041336297989
2024-03-21 15:22:35.979990:2024-03-21 15:22:35.979873: Current epoch: 343, loss: 0.012157122604548931, validation loss: 0.06995829194784164
2024-03-21 15:22:55.693670:2024-03-21 15:22:55.693609: Current epoch: 344, loss: 0.013407908380031586, validation loss: 0.07051511853933334
2024-03-21 15:23:15.217865:2024-03-21 15:23:15.217752: Current epoch: 345, loss: 0.011855185963213444, validation loss: 0.07040566205978394
2024-03-21 15:23:35.174344:2024-03-21 15:23:35.174179: Current epoch: 346, loss: 0.011382205411791801, validation loss: 0.06916014850139618
2024-03-21 15:23:54.958338:2024-03-21 15:23:54.958222: Current epoch: 347, loss: 0.013108877465128899, validation loss: 0.07179770618677139
2024-03-21 15:24:14.498230:2024-03-21 15:24:14.498073: Current epoch: 348, loss: 0.01206226833164692, validation loss: 0.07098386436700821
2024-03-21 15:24:34.044660:2024-03-21 15:24:34.044597: Current epoch: 349, loss: 0.012262112461030483, validation loss: 0.07164828479290009
2024-03-21 15:24:53.547130:2024-03-21 15:24:53.546978: Current epoch: 350, loss: 0.013328524306416512, validation loss: 0.06948404014110565
2024-03-21 15:25:13.874762:2024-03-21 15:25:13.874678: Current epoch: 351, loss: 0.0115335863083601, validation loss: 0.07018446177244186
2024-03-21 15:25:33.751789:2024-03-21 15:25:33.751686: Current epoch: 352, loss: 0.012547221034765244, validation loss: 0.06990492343902588
2024-03-21 15:25:53.009091:2024-03-21 15:25:53.009020: Current epoch: 353, loss: 0.012203260324895382, validation loss: 0.07062359154224396
2024-03-21 15:26:12.654857:2024-03-21 15:26:12.654726: Current epoch: 354, loss: 0.011861180886626244, validation loss: 0.07150769978761673
2024-03-21 15:26:31.879844:2024-03-21 15:26:31.879751: Current epoch: 355, loss: 0.011789331212639809, validation loss: 0.07074941694736481
2024-03-21 15:26:50.991182:2024-03-21 15:26:50.991145: Current epoch: 356, loss: 0.011991582810878754, validation loss: 0.07073955237865448
2024-03-21 15:27:06.402446:2024-03-21 15:27:06.402385: Current epoch: 357, loss: 0.012012820690870285, validation loss: 0.07061401754617691
2024-03-21 15:27:25.612810:2024-03-21 15:27:25.612743: Current epoch: 358, loss: 0.011491955257952213, validation loss: 0.07009438425302505
2024-03-21 15:27:45.057085:2024-03-21 15:27:45.057016: Current epoch: 359, loss: 0.01242000050842762, validation loss: 0.07218258082866669
2024-03-21 15:28:04.843852:2024-03-21 15:28:04.843725: Current epoch: 360, loss: 0.011739282868802547, validation loss: 0.0730552077293396
2024-03-21 15:28:24.785298:2024-03-21 15:28:24.785144: Current epoch: 361, loss: 0.011729694902896881, validation loss: 0.07058890908956528
2024-03-21 15:28:44.160055:2024-03-21 15:28:44.159906: Current epoch: 362, loss: 0.012014273554086685, validation loss: 0.07219421118497849
2024-03-21 15:29:03.908844:2024-03-21 15:29:03.908689: Current epoch: 363, loss: 0.011838747188448906, validation loss: 0.07049272954463959
2024-03-21 15:29:23.388584:2024-03-21 15:29:23.388483: Current epoch: 364, loss: 0.011592993512749672, validation loss: 0.06942266970872879
2024-03-21 15:29:43.003114:2024-03-21 15:29:43.002955: Current epoch: 365, loss: 0.015192669816315174, validation loss: 0.1152743399143219
2024-03-21 15:30:02.391269:2024-03-21 15:30:02.391153: Current epoch: 366, loss: 0.012670283205807209, validation loss: 0.06908304989337921
2024-03-21 15:30:21.781607:2024-03-21 15:30:21.781489: Current epoch: 367, loss: 0.010355418547987938, validation loss: 0.06926815211772919
2024-03-21 15:30:41.379364:2024-03-21 15:30:41.379268: Current epoch: 368, loss: 0.011274217627942562, validation loss: 0.07237664610147476
2024-03-21 15:31:01.029685:2024-03-21 15:31:01.029568: Current epoch: 369, loss: 0.012185612693428993, validation loss: 0.07169009745121002
2024-03-21 15:31:20.528698:2024-03-21 15:31:20.528553: Current epoch: 370, loss: 0.01130848377943039, validation loss: 0.0704541951417923
2024-03-21 15:31:40.604353:2024-03-21 15:31:40.604238: Current epoch: 371, loss: 0.011621549725532532, validation loss: 0.07304159551858902
2024-03-21 15:32:00.089948:2024-03-21 15:32:00.089840: Current epoch: 372, loss: 0.011896171607077122, validation loss: 0.07159246504306793
2024-03-21 15:32:19.381535:2024-03-21 15:32:19.381387: Current epoch: 373, loss: 0.011163980700075626, validation loss: 0.06957533210515976
2024-03-21 15:32:38.999446:2024-03-21 15:32:38.999303: Current epoch: 374, loss: 0.011928695254027843, validation loss: 0.0700448602437973
2024-03-21 15:32:58.486742:2024-03-21 15:32:58.486584: Current epoch: 375, loss: 0.01332387700676918, validation loss: 0.07056663930416107
2024-03-21 15:33:17.716172:2024-03-21 15:33:17.716066: Current epoch: 376, loss: 0.010679776780307293, validation loss: 0.06988193094730377
2024-03-21 15:33:37.302830:2024-03-21 15:33:37.302741: Current epoch: 377, loss: 0.012223517522215843, validation loss: 0.07106585800647736
2024-03-21 15:33:56.966522:2024-03-21 15:33:56.966414: Current epoch: 378, loss: 0.01068935263901949, validation loss: 0.07029008865356445
2024-03-21 15:34:16.649062:2024-03-21 15:34:16.648910: Current epoch: 379, loss: 0.011632676236331463, validation loss: 0.07099950313568115
2024-03-21 15:34:36.014153:2024-03-21 15:34:36.014070: Current epoch: 380, loss: 0.01116082351654768, validation loss: 0.07105547189712524
2024-03-21 15:34:55.656620:2024-03-21 15:34:55.656522: Current epoch: 381, loss: 0.011851201765239239, validation loss: 0.0706934854388237
2024-03-21 15:35:13.300225:2024-03-21 15:35:13.300181: Current epoch: 382, loss: 0.011374994181096554, validation loss: 0.06942416727542877
2024-03-21 15:35:30.498219:2024-03-21 15:35:30.498148: Current epoch: 383, loss: 0.011166732758283615, validation loss: 0.06914559751749039
2024-03-21 15:35:50.288276:2024-03-21 15:35:50.288159: Current epoch: 384, loss: 0.010975737124681473, validation loss: 0.07112739980220795
2024-03-21 15:36:10.455194:2024-03-21 15:36:10.455078: Current epoch: 385, loss: 0.012698199599981308, validation loss: 0.06938428431749344
2024-03-21 15:36:29.956319:2024-03-21 15:36:29.956187: Current epoch: 386, loss: 0.011051653884351254, validation loss: 0.07201975584030151
2024-03-21 15:36:49.875054:2024-03-21 15:36:49.874952: Current epoch: 387, loss: 0.010912836529314518, validation loss: 0.07049935311079025
2024-03-21 15:37:09.704936:2024-03-21 15:37:09.704861: Current epoch: 388, loss: 0.01124440599232912, validation loss: 0.07093805819749832
2024-03-21 15:37:29.311080:2024-03-21 15:37:29.311018: Current epoch: 389, loss: 0.01081114076077938, validation loss: 0.0700489953160286
2024-03-21 15:37:49.286909:2024-03-21 15:37:49.286803: Current epoch: 390, loss: 0.010983468033373356, validation loss: 0.06996706873178482
2024-03-21 15:38:08.740287:2024-03-21 15:38:08.740162: Current epoch: 391, loss: 0.011906038969755173, validation loss: 0.0715625062584877
2024-03-21 15:38:27.869548:2024-03-21 15:38:27.869434: Current epoch: 392, loss: 0.011848781257867813, validation loss: 0.07007168233394623
2024-03-21 15:38:47.155557:2024-03-21 15:38:47.155344: Current epoch: 393, loss: 0.010151310823857784, validation loss: 0.07066772133111954
2024-03-21 15:39:07.154409:2024-03-21 15:39:07.154314: Current epoch: 394, loss: 0.01112433522939682, validation loss: 0.07000280916690826
2024-03-21 15:39:26.593902:2024-03-21 15:39:26.593777: Current epoch: 395, loss: 0.01092646736651659, validation loss: 0.06994635611772537
2024-03-21 15:39:45.849529:2024-03-21 15:39:45.849230: Current epoch: 396, loss: 0.011041219346225262, validation loss: 0.07283797860145569
2024-03-21 15:40:05.601926:2024-03-21 15:40:05.601817: Current epoch: 397, loss: 0.011052416637539864, validation loss: 0.07054924219846725
2024-03-21 15:40:25.377637:2024-03-21 15:40:25.377481: Current epoch: 398, loss: 0.0111312847584486, validation loss: 0.0689256340265274
2024-03-21 15:40:44.936534:2024-03-21 15:40:44.936368: Current epoch: 399, loss: 0.010543975047767162, validation loss: 0.07429134100675583
2024-03-21 15:41:05.032528:2024-03-21 15:41:05.032400: Current epoch: 400, loss: 0.01078331470489502, validation loss: 0.07172548025846481
2024-03-21 15:41:24.343367:2024-03-21 15:41:24.343262: Current epoch: 401, loss: 0.011067409999668598, validation loss: 0.0713544711470604
2024-03-21 15:41:43.677837:2024-03-21 15:41:43.677734: Current epoch: 402, loss: 0.010658454149961472, validation loss: 0.07086630910634995
2024-03-21 15:42:03.358452:2024-03-21 15:42:03.358362: Current epoch: 403, loss: 0.010887689888477325, validation loss: 0.07192303240299225
2024-03-21 15:42:22.854814:2024-03-21 15:42:22.854742: Current epoch: 404, loss: 0.010453708469867706, validation loss: 0.07042663544416428
2024-03-21 15:42:42.827655:2024-03-21 15:42:42.827535: Current epoch: 405, loss: 0.010722432285547256, validation loss: 0.07135340571403503
2024-03-21 15:43:02.499688:2024-03-21 15:43:02.499629: Current epoch: 406, loss: 0.015005129389464855, validation loss: 0.07056329399347305
2024-03-21 15:43:20.953277:2024-03-21 15:43:20.953177: Current epoch: 407, loss: 0.009588561952114105, validation loss: 0.071924589574337
2024-03-21 15:43:37.649677:2024-03-21 15:43:37.649519: Current epoch: 408, loss: 0.010622567497193813, validation loss: 0.0707009807229042
2024-03-21 15:43:57.059834:2024-03-21 15:43:57.059682: Current epoch: 409, loss: 0.010283670388162136, validation loss: 0.07293649762868881
2024-03-21 15:44:16.528440:2024-03-21 15:44:16.528339: Current epoch: 410, loss: 0.010716167278587818, validation loss: 0.07038537412881851
2024-03-21 15:44:36.597540:2024-03-21 15:44:36.597502: Current epoch: 411, loss: 0.010411255061626434, validation loss: 0.07213374972343445
2024-03-21 15:44:56.114729:2024-03-21 15:44:56.114589: Current epoch: 412, loss: 0.010636198334395885, validation loss: 0.07016831636428833
2024-03-21 15:45:15.734797:2024-03-21 15:45:15.734669: Current epoch: 413, loss: 0.01060987077653408, validation loss: 0.07018161565065384
2024-03-21 15:45:35.343338:2024-03-21 15:45:35.343208: Current epoch: 414, loss: 0.010365777648985386, validation loss: 0.07063247263431549
2024-03-21 15:45:55.268561:2024-03-21 15:45:55.268392: Current epoch: 415, loss: 0.01026587188243866, validation loss: 0.07022912800312042
2024-03-21 15:46:15.185967:2024-03-21 15:46:15.185803: Current epoch: 416, loss: 0.011237949132919312, validation loss: 0.06926992535591125
2024-03-21 15:46:35.267847:2024-03-21 15:46:35.267731: Current epoch: 417, loss: 0.009874900802969933, validation loss: 0.07108767330646515
2024-03-21 15:46:55.218289:2024-03-21 15:46:55.218177: Current epoch: 418, loss: 0.011539465747773647, validation loss: 0.07617697864770889
2024-03-21 15:47:14.818208:2024-03-21 15:47:14.818052: Current epoch: 419, loss: 0.01026008278131485, validation loss: 0.07085683196783066
2024-03-21 15:47:34.560998:2024-03-21 15:47:34.560834: Current epoch: 420, loss: 0.010114816017448902, validation loss: 0.07088743895292282
2024-03-21 15:47:53.924790:2024-03-21 15:47:53.924716: Current epoch: 421, loss: 0.011338332667946815, validation loss: 0.07129053771495819
2024-03-21 15:48:13.470340:2024-03-21 15:48:13.470221: Current epoch: 422, loss: 0.0108315609395504, validation loss: 0.07083667069673538
2024-03-21 15:48:33.202681:2024-03-21 15:48:33.202590: Current epoch: 423, loss: 0.010844201780855656, validation loss: 0.07048048079013824
2024-03-21 15:48:53.373811:2024-03-21 15:48:53.373751: Current epoch: 424, loss: 0.009688656777143478, validation loss: 0.07000166177749634
2024-03-21 15:49:13.329608:2024-03-21 15:49:13.329448: Current epoch: 425, loss: 0.010424796491861343, validation loss: 0.0704229325056076
2024-03-21 15:49:33.534882:2024-03-21 15:49:33.534730: Current epoch: 426, loss: 0.011507865972816944, validation loss: 0.07060139626264572
2024-03-21 15:49:52.941197:2024-03-21 15:49:52.941159: Current epoch: 427, loss: 0.009744827635586262, validation loss: 0.0703757032752037
2024-03-21 15:50:12.612533:2024-03-21 15:50:12.612467: Current epoch: 428, loss: 0.010006280615925789, validation loss: 0.07038497924804688
2024-03-21 15:50:32.394959:2024-03-21 15:50:32.394831: Current epoch: 429, loss: 0.010415359400212765, validation loss: 0.0704227164387703
2024-03-21 15:50:52.215595:2024-03-21 15:50:52.215487: Current epoch: 430, loss: 0.010225928388535976, validation loss: 0.07047396898269653
2024-03-21 15:51:11.709756:2024-03-21 15:51:11.709605: Current epoch: 431, loss: 0.010310833342373371, validation loss: 0.07318942248821259
2024-03-21 15:51:29.193383:2024-03-21 15:51:29.193229: Current epoch: 432, loss: 0.011778898537158966, validation loss: 0.0698956698179245
2024-03-21 15:51:47.463186:2024-03-21 15:51:47.463074: Current epoch: 433, loss: 0.009920835494995117, validation loss: 0.07088565826416016
2024-03-21 15:52:07.073009:2024-03-21 15:52:07.072885: Current epoch: 434, loss: 0.009734522551298141, validation loss: 0.06999263167381287
2024-03-21 15:52:26.995711:2024-03-21 15:52:26.995556: Current epoch: 435, loss: 0.009832986630499363, validation loss: 0.07045875489711761
2024-03-21 15:52:46.172640:2024-03-21 15:52:46.172557: Current epoch: 436, loss: 0.01034984365105629, validation loss: 0.07183806598186493
2024-03-21 15:53:05.901197:2024-03-21 15:53:05.901052: Current epoch: 437, loss: 0.01024244911968708, validation loss: 0.06960524618625641
2024-03-21 15:53:25.727684:2024-03-21 15:53:25.727575: Current epoch: 438, loss: 0.010468118824064732, validation loss: 0.07294242084026337
2024-03-21 15:53:45.588396:2024-03-21 15:53:45.588294: Current epoch: 439, loss: 0.009833651594817638, validation loss: 0.07055113464593887
2024-03-21 15:54:05.824663:2024-03-21 15:54:05.824542: Current epoch: 440, loss: 0.011617457494139671, validation loss: 0.07019156962633133
2024-03-21 15:54:25.613044:2024-03-21 15:54:25.612930: Current epoch: 441, loss: 0.009405727498233318, validation loss: 0.07028127461671829
2024-03-21 15:54:45.408579:2024-03-21 15:54:45.408437: Current epoch: 442, loss: 0.009698503650724888, validation loss: 0.07158195972442627
2024-03-21 15:55:05.199177:2024-03-21 15:55:05.199063: Current epoch: 443, loss: 0.009822933934628963, validation loss: 0.07186513394117355
2024-03-21 15:55:24.271997:2024-03-21 15:55:24.271874: Current epoch: 444, loss: 0.009933026507496834, validation loss: 0.07088539749383926
2024-03-21 15:55:43.561126:2024-03-21 15:55:43.561022: Current epoch: 445, loss: 0.010073482990264893, validation loss: 0.07092225551605225
2024-03-21 15:56:03.039239:2024-03-21 15:56:03.039177: Current epoch: 446, loss: 0.010740927420556545, validation loss: 0.07076190412044525
2024-03-21 15:56:22.591013:2024-03-21 15:56:22.590912: Current epoch: 447, loss: 0.010244016535580158, validation loss: 0.08808259665966034
2024-03-21 15:56:42.257279:2024-03-21 15:56:42.257162: Current epoch: 448, loss: 0.01054744329303503, validation loss: 0.07083315402269363
2024-03-21 15:57:02.333538:2024-03-21 15:57:02.333418: Current epoch: 449, loss: 0.010011393576860428, validation loss: 0.06979742646217346
2024-03-21 15:57:22.091575:2024-03-21 15:57:22.091454: Current epoch: 450, loss: 0.009524567984044552, validation loss: 0.07074076682329178
2024-03-21 15:57:42.019672:2024-03-21 15:57:42.019537: Current epoch: 451, loss: 0.009631221182644367, validation loss: 0.07189270108938217
2024-03-21 15:58:01.622688:2024-03-21 15:58:01.622520: Current epoch: 452, loss: 0.009854570031166077, validation loss: 0.07084862142801285
2024-03-21 15:58:20.878447:2024-03-21 15:58:20.878342: Current epoch: 453, loss: 0.010412592440843582, validation loss: 0.07065676152706146
2024-03-21 15:58:40.623368:2024-03-21 15:58:40.623250: Current epoch: 454, loss: 0.01030787918716669, validation loss: 0.07121916115283966
2024-03-21 15:59:00.101717:2024-03-21 15:59:00.101602: Current epoch: 455, loss: 0.009939147159457207, validation loss: 0.07162787765264511
2024-03-21 15:59:19.824421:2024-03-21 15:59:19.824349: Current epoch: 456, loss: 0.010752150788903236, validation loss: 0.0715760812163353
2024-03-21 15:59:34.750797:2024-03-21 15:59:34.750726: Current epoch: 457, loss: 0.014493567869067192, validation loss: 0.07001903653144836
2024-03-21 15:59:55.021775:2024-03-21 15:59:55.021606: Current epoch: 458, loss: 0.008445232175290585, validation loss: 0.07060500979423523
2024-03-21 16:00:14.657031:2024-03-21 16:00:14.656916: Current epoch: 459, loss: 0.010844246484339237, validation loss: 0.07310143858194351
2024-03-21 16:00:34.093670:2024-03-21 16:00:34.093553: Current epoch: 460, loss: 0.009734200313687325, validation loss: 0.07069212943315506
2024-03-21 16:00:54.251627:2024-03-21 16:00:54.251453: Current epoch: 461, loss: 0.009366040118038654, validation loss: 0.06999657303094864
2024-03-21 16:01:14.028607:2024-03-21 16:01:14.028487: Current epoch: 462, loss: 0.00990848895162344, validation loss: 0.07203156501054764
2024-03-21 16:01:34.078572:2024-03-21 16:01:34.078434: Current epoch: 463, loss: 0.009312668815255165, validation loss: 0.07121367007493973
2024-03-21 16:01:53.743633:2024-03-21 16:01:53.743503: Current epoch: 464, loss: 0.01020337175577879, validation loss: 0.07089125365018845
2024-03-21 16:02:13.498410:2024-03-21 16:02:13.498305: Current epoch: 465, loss: 0.010745708830654621, validation loss: 0.07079099863767624
2024-03-21 16:02:32.908000:2024-03-21 16:02:32.907942: Current epoch: 466, loss: 0.010961960069835186, validation loss: 0.07002833485603333
2024-03-21 16:02:52.496038:2024-03-21 16:02:52.495967: Current epoch: 467, loss: 0.008361415937542915, validation loss: 0.07048479467630386
2024-03-21 16:03:11.952105:2024-03-21 16:03:11.951934: Current epoch: 468, loss: 0.010309356264770031, validation loss: 0.08289888501167297
2024-03-21 16:03:31.678876:2024-03-21 16:03:31.678770: Current epoch: 469, loss: 0.009381856769323349, validation loss: 0.07134108245372772
2024-03-21 16:03:32.939443:the test error is  [0.0693102553486824, 0.0693102553486824]
2024-03-21 16:03:36.415710:saved model to sample/matbert-base-cased_chemnlp_prop_ehull
2024-03-21 16:03:37.469628:done