
2024-05-15 18:29:37.505690:job config: {'train_data_path': '/data/yll6162/alignntl_dft_3d/tl_dataset/dataset_matbert-base-cased_robo_prop_mbj_bandgap_train.csv', 'val_data_path': '/data/yll6162/alignntl_dft_3d/tl_dataset/dataset_matbert-base-cased_robo_prop_mbj_bandgap_val.csv', 'test_data_path': '/data/yll6162/alignntl_dft_3d/tl_dataset/dataset_matbert-base-cased_robo_prop_mbj_bandgap_test.csv', 'label': 'mbj_bandgap', 'input_type': None, 'log_folder': 'log', 'log_file': 'matbert-base-cased_robo_prop_mbj_bandgap.log', 'test_metric': 'mae', 'architecture': '1024Rx4D-512Rx3D-256Rx3D-128Rx3D-64Rx2-32Rx1-1', 'model_seed': 0, 'loss_type': 'mae', 'config_file': 'sample/matbert-base-cased_robo_prop_mbj_bandgap_job.config', 'use_valid': True, 'project': 'MOF', 'regressors': None, 'input_types': None, 'paramsGrid': {'optimizer': 'Adam', 'learning_rate': 0.0001, 'patience': 200, 'dropouts': [0.8, 0.9, 0.7, 0.8], 'EVAL_FREQUENCY': 1000}, 'save_path': 'sample/matbert-base-cased_robo_prop_mbj_bandgap', 'model_path': None, 'last_layer_with_weight': True, 'keras_path': 'model/matbert-base-cased_robo_prop_mbj_bandgap', 'test_size': None, 'val_size': None}
2024-05-15 18:29:37.505763:train data path is  /data/yll6162/alignntl_dft_3d/tl_dataset/dataset_matbert-base-cased_robo_prop_mbj_bandgap_train.csv
2024-05-15 18:29:39.435141:input attribute sets are:  None
2024-05-15 18:29:39.435499:test data path is  /data/yll6162/alignntl_dft_3d/tl_dataset/dataset_matbert-base-cased_robo_prop_mbj_bandgap_test.csv
2024-05-15 18:29:39.691878:val data path is  /data/yll6162/alignntl_dft_3d/tl_dataset/dataset_matbert-base-cased_robo_prop_mbj_bandgap_val.csv
2024-05-15 18:29:39.954807:input attributes are:  Index(['0', '1', '2', '3', '4', '5', '6', '7', '8', '9',
       ...
       '758', '759', '760', '761', '762', '763', '764', '765', '766', '767'],
      dtype='object', length=768)
2024-05-15 18:29:39.954918:label: mbj_bandgap
2024-05-15 18:29:45.655037: train, test, valid sizes:  (15642, 768) (15642,) (1957, 768) (1957,) (1957, 768) (1957,)
2024-05-15 18:29:45.737856:train matrix shape of train_X:  (15642, 768)  train_y:  (15642,)
2024-05-15 18:29:45.738085:valid matrix shape of train_X:  (1957, 768)  valid_y:  (1957,)
2024-05-15 18:29:45.738131:test matrix shape of valid_X:   (1957, 768)  test_y:  (1957,)
2024-05-15 18:29:45.738168:architecture is:  1024Rx4D-512Rx3D-256Rx3D-128Rx3D-64Rx2-32Rx1-1
2024-05-15 18:29:45.738207:learning rate is  0.0001
2024-05-15 18:29:45.738241:model path is  None
2024-05-15 18:29:45.750939:adding fully connected layers with 1024 outputs
2024-05-15 18:29:46.369100:adding residual with fc as the size are different
2024-05-15 18:29:46.376117:adding fully connected layers with 1024 outputs
2024-05-15 18:29:46.381262:adding residual, both sizes are same
2024-05-15 18:29:46.383207:adding fully connected layers with 1024 outputs
2024-05-15 18:29:46.388181:adding residual, both sizes are same
2024-05-15 18:29:46.390154:adding fully connected layers with 1024 outputs
2024-05-15 18:29:46.395087:adding residual, both sizes are same
2024-05-15 18:29:46.397093:adding dropout 0.8
2024-05-15 18:29:46.401821:adding fully connected layers with 512 outputs
2024-05-15 18:29:46.407198:adding residual with fc as the size are different
2024-05-15 18:29:46.414358:adding fully connected layers with 512 outputs
2024-05-15 18:29:46.419382:adding residual, both sizes are same
2024-05-15 18:29:46.421310:adding fully connected layers with 512 outputs
2024-05-15 18:29:46.426330:adding residual, both sizes are same
2024-05-15 18:29:46.428246:adding dropout 0.9
2024-05-15 18:29:46.429892:adding fully connected layers with 256 outputs
2024-05-15 18:29:46.434985:adding residual with fc as the size are different
2024-05-15 18:29:46.441523:adding fully connected layers with 256 outputs
2024-05-15 18:29:46.446539:adding residual, both sizes are same
2024-05-15 18:29:46.448469:adding fully connected layers with 256 outputs
2024-05-15 18:29:46.453604:adding residual, both sizes are same
2024-05-15 18:29:46.455639:adding dropout 0.7
2024-05-15 18:29:46.457355:adding fully connected layers with 128 outputs
2024-05-15 18:29:46.465639:adding residual with fc as the size are different
2024-05-15 18:29:46.472267:adding fully connected layers with 128 outputs
2024-05-15 18:29:46.477282:adding residual, both sizes are same
2024-05-15 18:29:46.479187:adding fully connected layers with 128 outputs
2024-05-15 18:29:46.484159:adding residual, both sizes are same
2024-05-15 18:29:46.490876:adding dropout 0.8
2024-05-15 18:29:46.495879:adding fully connected layers with 64 outputs
2024-05-15 18:29:46.502385:adding residual with fc as the size are different
2024-05-15 18:29:46.509563:adding fully connected layers with 64 outputs
2024-05-15 18:29:46.514831:adding residual, both sizes are same
2024-05-15 18:29:46.516765:adding fully connected layers with 32 outputs
2024-05-15 18:29:46.521997:adding residual with fc as the size are different
2024-05-15 18:29:46.528643:adding final layer with 1 output
2024-05-15 18:29:46.539115:Model: "ElemNet"
2024-05-15 18:29:46.539191:__________________________________________________________________________________________________
2024-05-15 18:29:46.539241:Layer (type)                    Output Shape         Param #     Connected to                     
2024-05-15 18:29:46.539279:==================================================================================================
2024-05-15 18:29:46.539495:elemental_fractions (InputLayer [(None, 768)]        0                                            
2024-05-15 18:29:46.539543:__________________________________________________________________________________________________
2024-05-15 18:29:46.539704:fc0_0 (Dense)                   (None, 1024)         787456      elemental_fractions[0][0]        
2024-05-15 18:29:46.539750:__________________________________________________________________________________________________
2024-05-15 18:29:46.539867:fc0_dim_0 (Dense)               (None, 1024)         787456      elemental_fractions[0][0]        
2024-05-15 18:29:46.539910:__________________________________________________________________________________________________
2024-05-15 18:29:46.540305:tf.__operators__.add (TFOpLambd (None, 1024)         0           fc0_0[0][0]                      
2024-05-15 18:29:46.540537:                                                                 fc0_dim_0[0][0]                  
2024-05-15 18:29:46.540692:__________________________________________________________________________________________________
2024-05-15 18:29:46.541162:fc0_1 (Dense)                   (None, 1024)         1049600     tf.__operators__.add[0][0]       
2024-05-15 18:29:46.541321:__________________________________________________________________________________________________
2024-05-15 18:29:46.541604:tf.__operators__.add_1 (TFOpLam (None, 1024)         0           fc0_1[0][0]                      
2024-05-15 18:29:46.541755:                                                                 tf.__operators__.add[0][0]       
2024-05-15 18:29:46.541881:__________________________________________________________________________________________________
2024-05-15 18:29:46.542271:fc0_2 (Dense)                   (None, 1024)         1049600     tf.__operators__.add_1[0][0]     
2024-05-15 18:29:46.542417:__________________________________________________________________________________________________
2024-05-15 18:29:46.542682:tf.__operators__.add_2 (TFOpLam (None, 1024)         0           fc0_2[0][0]                      
2024-05-15 18:29:46.542828:                                                                 tf.__operators__.add_1[0][0]     
2024-05-15 18:29:46.542965:__________________________________________________________________________________________________
2024-05-15 18:29:46.543331:fc0_3 (Dense)                   (None, 1024)         1049600     tf.__operators__.add_2[0][0]     
2024-05-15 18:29:46.543471:__________________________________________________________________________________________________
2024-05-15 18:29:46.543733:tf.__operators__.add_3 (TFOpLam (None, 1024)         0           fc0_3[0][0]                      
2024-05-15 18:29:46.543896:                                                                 tf.__operators__.add_2[0][0]     
2024-05-15 18:29:46.544037:__________________________________________________________________________________________________
2024-05-15 18:29:46.544300:dropout (Dropout)               (None, 1024)         0           tf.__operators__.add_3[0][0]     
2024-05-15 18:29:46.544435:__________________________________________________________________________________________________
2024-05-15 18:29:46.544804:fc1_0 (Dense)                   (None, 512)          524800      dropout[0][0]                    
2024-05-15 18:29:46.544958:__________________________________________________________________________________________________
2024-05-15 18:29:46.545317:fc1_dim_0 (Dense)               (None, 512)          524800      dropout[0][0]                    
2024-05-15 18:29:46.545461:__________________________________________________________________________________________________
2024-05-15 18:29:46.545720:tf.__operators__.add_4 (TFOpLam (None, 512)          0           fc1_0[0][0]                      
2024-05-15 18:29:46.545867:                                                                 fc1_dim_0[0][0]                  
2024-05-15 18:29:46.546005:__________________________________________________________________________________________________
2024-05-15 18:29:46.546366:fc1_1 (Dense)                   (None, 512)          262656      tf.__operators__.add_4[0][0]     
2024-05-15 18:29:46.546490:__________________________________________________________________________________________________
2024-05-15 18:29:46.546685:tf.__operators__.add_5 (TFOpLam (None, 512)          0           fc1_1[0][0]                      
2024-05-15 18:29:46.546796:                                                                 tf.__operators__.add_4[0][0]     
2024-05-15 18:29:46.546889:__________________________________________________________________________________________________
2024-05-15 18:29:46.547270:fc1_2 (Dense)                   (None, 512)          262656      tf.__operators__.add_5[0][0]     
2024-05-15 18:29:46.547391:__________________________________________________________________________________________________
2024-05-15 18:29:46.547594:tf.__operators__.add_6 (TFOpLam (None, 512)          0           fc1_2[0][0]                      
2024-05-15 18:29:46.547707:                                                                 tf.__operators__.add_5[0][0]     
2024-05-15 18:29:46.547804:__________________________________________________________________________________________________
2024-05-15 18:29:46.548021:dropout_1 (Dropout)             (None, 512)          0           tf.__operators__.add_6[0][0]     
2024-05-15 18:29:46.548125:__________________________________________________________________________________________________
2024-05-15 18:29:46.548405:fc2_0 (Dense)                   (None, 256)          131328      dropout_1[0][0]                  
2024-05-15 18:29:46.548513:__________________________________________________________________________________________________
2024-05-15 18:29:46.548784:fc2_dim_0 (Dense)               (None, 256)          131328      dropout_1[0][0]                  
2024-05-15 18:29:46.548892:__________________________________________________________________________________________________
2024-05-15 18:29:46.549115:tf.__operators__.add_7 (TFOpLam (None, 256)          0           fc2_0[0][0]                      
2024-05-15 18:29:46.549228:                                                                 fc2_dim_0[0][0]                  
2024-05-15 18:29:46.549325:__________________________________________________________________________________________________
2024-05-15 18:29:46.549594:fc2_1 (Dense)                   (None, 256)          65792       tf.__operators__.add_7[0][0]     
2024-05-15 18:29:46.549702:__________________________________________________________________________________________________
2024-05-15 18:29:46.549898:tf.__operators__.add_8 (TFOpLam (None, 256)          0           fc2_1[0][0]                      
2024-05-15 18:29:46.550039:                                                                 tf.__operators__.add_7[0][0]     
2024-05-15 18:29:46.550136:__________________________________________________________________________________________________
2024-05-15 18:29:46.550412:fc2_2 (Dense)                   (None, 256)          65792       tf.__operators__.add_8[0][0]     
2024-05-15 18:29:46.550529:__________________________________________________________________________________________________
2024-05-15 18:29:46.550726:tf.__operators__.add_9 (TFOpLam (None, 256)          0           fc2_2[0][0]                      
2024-05-15 18:29:46.550840:                                                                 tf.__operators__.add_8[0][0]     
2024-05-15 18:29:46.550954:__________________________________________________________________________________________________
2024-05-15 18:29:46.551149:dropout_2 (Dropout)             (None, 256)          0           tf.__operators__.add_9[0][0]     
2024-05-15 18:29:46.551253:__________________________________________________________________________________________________
2024-05-15 18:29:46.551527:fc3_0 (Dense)                   (None, 128)          32896       dropout_2[0][0]                  
2024-05-15 18:29:46.551636:__________________________________________________________________________________________________
2024-05-15 18:29:46.551907:fc3_dim_0 (Dense)               (None, 128)          32896       dropout_2[0][0]                  
2024-05-15 18:29:46.552089:__________________________________________________________________________________________________
2024-05-15 18:29:46.552309:tf.__operators__.add_10 (TFOpLa (None, 128)          0           fc3_0[0][0]                      
2024-05-15 18:29:46.552426:                                                                 fc3_dim_0[0][0]                  
2024-05-15 18:29:46.552521:__________________________________________________________________________________________________
2024-05-15 18:29:46.552800:fc3_1 (Dense)                   (None, 128)          16512       tf.__operators__.add_10[0][0]    
2024-05-15 18:29:46.552911:__________________________________________________________________________________________________
2024-05-15 18:29:46.553135:tf.__operators__.add_11 (TFOpLa (None, 128)          0           fc3_1[0][0]                      
2024-05-15 18:29:46.553249:                                                                 tf.__operators__.add_10[0][0]    
2024-05-15 18:29:46.553344:__________________________________________________________________________________________________
2024-05-15 18:29:46.553617:fc3_2 (Dense)                   (None, 128)          16512       tf.__operators__.add_11[0][0]    
2024-05-15 18:29:46.553727:__________________________________________________________________________________________________
2024-05-15 18:29:46.553922:tf.__operators__.add_12 (TFOpLa (None, 128)          0           fc3_2[0][0]                      
2024-05-15 18:29:46.554066:                                                                 tf.__operators__.add_11[0][0]    
2024-05-15 18:29:46.554161:__________________________________________________________________________________________________
2024-05-15 18:29:46.554352:dropout_3 (Dropout)             (None, 128)          0           tf.__operators__.add_12[0][0]    
2024-05-15 18:29:46.554456:__________________________________________________________________________________________________
2024-05-15 18:29:46.554729:fc4_0 (Dense)                   (None, 64)           8256        dropout_3[0][0]                  
2024-05-15 18:29:46.554837:__________________________________________________________________________________________________
2024-05-15 18:29:46.555191:fc4_dim_0 (Dense)               (None, 64)           8256        dropout_3[0][0]                  
2024-05-15 18:29:46.555319:__________________________________________________________________________________________________
2024-05-15 18:29:46.555532:tf.__operators__.add_13 (TFOpLa (None, 64)           0           fc4_0[0][0]                      
2024-05-15 18:29:46.555647:                                                                 fc4_dim_0[0][0]                  
2024-05-15 18:29:46.555743:__________________________________________________________________________________________________
2024-05-15 18:29:46.556039:fc4_1 (Dense)                   (None, 64)           4160        tf.__operators__.add_13[0][0]    
2024-05-15 18:29:46.556153:__________________________________________________________________________________________________
2024-05-15 18:29:46.556351:tf.__operators__.add_14 (TFOpLa (None, 64)           0           fc4_1[0][0]                      
2024-05-15 18:29:46.556421:                                                                 tf.__operators__.add_13[0][0]    
2024-05-15 18:29:46.556461:__________________________________________________________________________________________________
2024-05-15 18:29:46.556574:fc5_0 (Dense)                   (None, 32)           2080        tf.__operators__.add_14[0][0]    
2024-05-15 18:29:46.556619:__________________________________________________________________________________________________
2024-05-15 18:29:46.556733:fc5_dim_0 (Dense)               (None, 32)           2080        tf.__operators__.add_14[0][0]    
2024-05-15 18:29:46.556779:__________________________________________________________________________________________________
2024-05-15 18:29:46.556860:tf.__operators__.add_15 (TFOpLa (None, 32)           0           fc5_0[0][0]                      
2024-05-15 18:29:46.556907:                                                                 fc5_dim_0[0][0]                  
2024-05-15 18:29:46.556955:__________________________________________________________________________________________________
2024-05-15 18:29:46.557069:fc6 (Dense)                     (None, 1)            33          tf.__operators__.add_15[0][0]    
2024-05-15 18:29:46.557114:==================================================================================================
2024-05-15 18:29:46.557828:Total params: 6,816,545
2024-05-15 18:29:46.557882:Trainable params: 6,816,545
2024-05-15 18:29:46.557932:Non-trainable params: 0
2024-05-15 18:29:46.558002:__________________________________________________________________________________________________
2024-05-15 18:29:46.569812:start training
2024-05-15 18:29:52.826618:2024-05-15 18:29:52.826542: Current epoch: 0, loss: 2.7573087215423584, validation loss: 1.2263109683990479
2024-05-15 18:29:57.567153:2024-05-15 18:29:57.567096: Current epoch: 1, loss: 1.2089083194732666, validation loss: 1.2164075374603271
2024-05-15 18:30:02.034680:2024-05-15 18:30:02.034600: Current epoch: 2, loss: 1.074252724647522, validation loss: 0.8642386198043823
2024-05-15 18:30:06.357350:2024-05-15 18:30:06.357271: Current epoch: 3, loss: 0.929263174533844, validation loss: 0.8465830683708191
2024-05-15 18:30:10.328401:2024-05-15 18:30:10.328287: Current epoch: 4, loss: 0.8953709602355957, validation loss: 0.9110792875289917
2024-05-15 18:30:14.818526:2024-05-15 18:30:14.818404: Current epoch: 5, loss: 0.8213849067687988, validation loss: 0.9106526970863342
2024-05-15 18:30:19.169882:2024-05-15 18:30:19.169787: Current epoch: 6, loss: 0.7905960083007812, validation loss: 0.8978903889656067
2024-05-15 18:30:23.563838:2024-05-15 18:30:23.563791: Current epoch: 7, loss: 0.7619314193725586, validation loss: 0.684212327003479
2024-05-15 18:30:27.904430:2024-05-15 18:30:27.904309: Current epoch: 8, loss: 0.7435823678970337, validation loss: 1.1814453601837158
2024-05-15 18:30:32.226537:2024-05-15 18:30:32.226385: Current epoch: 9, loss: 0.7066758871078491, validation loss: 0.8992809057235718
2024-05-15 18:30:39.130253:2024-05-15 18:30:39.130152: Current epoch: 10, loss: 0.681439220905304, validation loss: 0.7707642316818237
2024-05-15 18:30:43.226220:2024-05-15 18:30:43.226152: Current epoch: 11, loss: 0.6651259064674377, validation loss: 0.6442016363143921
2024-05-15 18:30:47.966967:2024-05-15 18:30:47.966794: Current epoch: 12, loss: 0.6523175239562988, validation loss: 0.7799569368362427
2024-05-15 18:30:52.369958:2024-05-15 18:30:52.369786: Current epoch: 13, loss: 0.6106693148612976, validation loss: 0.8109985589981079
2024-05-15 18:30:56.739277:2024-05-15 18:30:56.739195: Current epoch: 14, loss: 0.6066476702690125, validation loss: 0.6105514168739319
2024-05-15 18:31:00.841088:2024-05-15 18:31:00.840909: Current epoch: 15, loss: 0.580180287361145, validation loss: 0.6170684099197388
2024-05-15 18:31:04.969649:2024-05-15 18:31:04.969522: Current epoch: 16, loss: 0.5623503923416138, validation loss: 0.7102338671684265
2024-05-15 18:31:09.357835:2024-05-15 18:31:09.357764: Current epoch: 17, loss: 0.5590435266494751, validation loss: 0.5614371299743652
2024-05-15 18:31:13.645864:2024-05-15 18:31:13.645751: Current epoch: 18, loss: 0.5610918402671814, validation loss: 0.6951534152030945
2024-05-15 18:31:18.016687:2024-05-15 18:31:18.016600: Current epoch: 19, loss: 0.5310550928115845, validation loss: 0.5823283195495605
2024-05-15 18:31:24.781391:2024-05-15 18:31:24.781322: Current epoch: 20, loss: 0.5355348587036133, validation loss: 0.5539483428001404
2024-05-15 18:31:29.516187:2024-05-15 18:31:29.516120: Current epoch: 21, loss: 0.5208238959312439, validation loss: 0.5515778064727783
2024-05-15 18:31:34.192121:2024-05-15 18:31:34.191975: Current epoch: 22, loss: 0.48857277631759644, validation loss: 0.6276726722717285
2024-05-15 18:31:38.531395:2024-05-15 18:31:38.531246: Current epoch: 23, loss: 0.4838075637817383, validation loss: 0.6282817125320435
2024-05-15 18:31:42.713730:2024-05-15 18:31:42.713583: Current epoch: 24, loss: 0.491914302110672, validation loss: 0.5591626763343811
2024-05-15 18:31:47.064723:2024-05-15 18:31:47.064654: Current epoch: 25, loss: 0.47601887583732605, validation loss: 0.6414669156074524
2024-05-15 18:31:51.619152:2024-05-15 18:31:51.619074: Current epoch: 26, loss: 0.4648803770542145, validation loss: 0.4586634635925293
2024-05-15 18:31:56.132557:2024-05-15 18:31:56.132463: Current epoch: 27, loss: 0.4528547525405884, validation loss: 0.5613596439361572
2024-05-15 18:32:00.237850:2024-05-15 18:32:00.237702: Current epoch: 28, loss: 0.4551226794719696, validation loss: 0.4937193691730499
2024-05-15 18:32:04.618556:2024-05-15 18:32:04.618486: Current epoch: 29, loss: 0.4274260103702545, validation loss: 0.5042828321456909
2024-05-15 18:32:11.387327:2024-05-15 18:32:11.387166: Current epoch: 30, loss: 0.42681533098220825, validation loss: 0.5097506046295166
2024-05-15 18:32:15.707295:2024-05-15 18:32:15.707196: Current epoch: 31, loss: 0.4195989966392517, validation loss: 0.5161382555961609
2024-05-15 18:32:19.777111:2024-05-15 18:32:19.776991: Current epoch: 32, loss: 0.40242868661880493, validation loss: 0.4689915180206299
2024-05-15 18:32:24.214939:2024-05-15 18:32:24.214776: Current epoch: 33, loss: 0.40526941418647766, validation loss: 0.499220073223114
2024-05-15 18:32:28.748815:2024-05-15 18:32:28.748668: Current epoch: 34, loss: 0.38054871559143066, validation loss: 0.5175260901451111
2024-05-15 18:32:33.086562:2024-05-15 18:32:33.086426: Current epoch: 35, loss: 0.38502806425094604, validation loss: 0.522426187992096
2024-05-15 18:32:37.557062:2024-05-15 18:32:37.556908: Current epoch: 36, loss: 0.3757705092430115, validation loss: 0.4737657308578491
2024-05-15 18:32:41.716380:2024-05-15 18:32:41.716279: Current epoch: 37, loss: 0.3690354526042938, validation loss: 0.5036762952804565
2024-05-15 18:32:45.305360:2024-05-15 18:32:45.305316: Current epoch: 38, loss: 0.35952043533325195, validation loss: 0.44766750931739807
2024-05-15 18:32:49.447745:2024-05-15 18:32:49.447624: Current epoch: 39, loss: 0.35849422216415405, validation loss: 0.4478342831134796
2024-05-15 18:32:56.269468:2024-05-15 18:32:56.269367: Current epoch: 40, loss: 0.3436780273914337, validation loss: 0.4712679386138916
2024-05-15 18:33:00.496082:2024-05-15 18:33:00.495969: Current epoch: 41, loss: 0.33908385038375854, validation loss: 0.4954583942890167
2024-05-15 18:33:04.907508:2024-05-15 18:33:04.907440: Current epoch: 42, loss: 0.3403960168361664, validation loss: 0.5064207315444946
2024-05-15 18:33:09.085320:2024-05-15 18:33:09.085206: Current epoch: 43, loss: 0.3389040231704712, validation loss: 0.48454540967941284
2024-05-15 18:33:13.178105:2024-05-15 18:33:13.178035: Current epoch: 44, loss: 0.32327979803085327, validation loss: 0.5083727836608887
2024-05-15 18:33:17.506635:2024-05-15 18:33:17.506514: Current epoch: 45, loss: 0.319415420293808, validation loss: 0.49219372868537903
2024-05-15 18:33:21.821661:2024-05-15 18:33:21.821590: Current epoch: 46, loss: 0.3185032904148102, validation loss: 0.4687490165233612
2024-05-15 18:33:26.201667:2024-05-15 18:33:26.201612: Current epoch: 47, loss: 0.3178311288356781, validation loss: 0.4294784665107727
2024-05-15 18:33:30.061800:2024-05-15 18:33:30.061739: Current epoch: 48, loss: 0.3141278326511383, validation loss: 0.445759117603302
2024-05-15 18:33:33.968835:2024-05-15 18:33:33.968697: Current epoch: 49, loss: 0.2906177341938019, validation loss: 0.45360472798347473
2024-05-15 18:33:38.452986:2024-05-15 18:33:38.452827: Current epoch: 50, loss: 0.28694525361061096, validation loss: 0.45199939608573914
2024-05-15 18:33:42.791392:2024-05-15 18:33:42.791327: Current epoch: 51, loss: 0.28770071268081665, validation loss: 0.44846779108047485
2024-05-15 18:33:47.312751:2024-05-15 18:33:47.312631: Current epoch: 52, loss: 0.28692418336868286, validation loss: 0.4545395076274872
2024-05-15 18:33:51.688250:2024-05-15 18:33:51.688178: Current epoch: 53, loss: 0.276237428188324, validation loss: 0.4658370614051819
2024-05-15 18:33:56.057997:2024-05-15 18:33:56.057897: Current epoch: 54, loss: 0.27669334411621094, validation loss: 0.44621795415878296
2024-05-15 18:34:00.335076:2024-05-15 18:34:00.334997: Current epoch: 55, loss: 0.2722572386264801, validation loss: 0.46983441710472107
2024-05-15 18:34:04.857722:2024-05-15 18:34:04.857670: Current epoch: 56, loss: 0.2685410976409912, validation loss: 0.42774900794029236
2024-05-15 18:34:09.362676:2024-05-15 18:34:09.362548: Current epoch: 57, loss: 0.2591751217842102, validation loss: 0.4624997675418854
2024-05-15 18:34:13.945385:2024-05-15 18:34:13.945332: Current epoch: 58, loss: 0.260545939207077, validation loss: 0.4273671805858612
2024-05-15 18:34:18.607703:2024-05-15 18:34:18.607632: Current epoch: 59, loss: 0.2548629343509674, validation loss: 0.43375906348228455
2024-05-15 18:34:25.632916:2024-05-15 18:34:25.632768: Current epoch: 60, loss: 0.25041332840919495, validation loss: 0.44308266043663025
2024-05-15 18:34:29.829381:2024-05-15 18:34:29.829286: Current epoch: 61, loss: 0.25392091274261475, validation loss: 0.452711820602417
2024-05-15 18:34:34.195774:2024-05-15 18:34:34.195648: Current epoch: 62, loss: 0.2576596438884735, validation loss: 0.4302710294723511
2024-05-15 18:34:38.872563:2024-05-15 18:34:38.872466: Current epoch: 63, loss: 0.24531763792037964, validation loss: 0.45791295170783997
2024-05-15 18:34:43.525596:2024-05-15 18:34:43.525540: Current epoch: 64, loss: 0.2436838001012802, validation loss: 0.4248126149177551
2024-05-15 18:34:47.855611:2024-05-15 18:34:47.855557: Current epoch: 65, loss: 0.23956580460071564, validation loss: 0.41441547870635986
2024-05-15 18:34:52.347511:2024-05-15 18:34:52.347457: Current epoch: 66, loss: 0.22722260653972626, validation loss: 0.39738667011260986
2024-05-15 18:34:56.936579:2024-05-15 18:34:56.936433: Current epoch: 67, loss: 0.22946737706661224, validation loss: 0.4217728078365326
2024-05-15 18:35:01.347254:2024-05-15 18:35:01.347184: Current epoch: 68, loss: 0.2230105847120285, validation loss: 0.46797117590904236
2024-05-15 18:35:05.910455:2024-05-15 18:35:05.910383: Current epoch: 69, loss: 0.2290099710226059, validation loss: 0.4149957597255707
2024-05-15 18:35:13.161549:2024-05-15 18:35:13.161395: Current epoch: 70, loss: 0.22137214243412018, validation loss: 0.43764203786849976
2024-05-15 18:35:17.682236:2024-05-15 18:35:17.682154: Current epoch: 71, loss: 0.21735341846942902, validation loss: 0.3954341411590576
2024-05-15 18:35:22.037441:2024-05-15 18:35:22.037293: Current epoch: 72, loss: 0.2169634997844696, validation loss: 0.43623653054237366
2024-05-15 18:35:26.403718:2024-05-15 18:35:26.403569: Current epoch: 73, loss: 0.2245640754699707, validation loss: 0.4127606153488159
2024-05-15 18:35:30.535506:2024-05-15 18:35:30.535404: Current epoch: 74, loss: 0.21129879355430603, validation loss: 0.409768283367157
2024-05-15 18:35:34.930387:2024-05-15 18:35:34.930220: Current epoch: 75, loss: 0.20249223709106445, validation loss: 0.40437474846839905
2024-05-15 18:35:39.433207:2024-05-15 18:35:39.433133: Current epoch: 76, loss: 0.2033020257949829, validation loss: 0.43634530901908875
2024-05-15 18:35:43.759811:2024-05-15 18:35:43.759686: Current epoch: 77, loss: 0.20488764345645905, validation loss: 0.421534925699234
2024-05-15 18:35:47.853334:2024-05-15 18:35:47.853182: Current epoch: 78, loss: 0.1996067762374878, validation loss: 0.40798112750053406
2024-05-15 18:35:52.123917:2024-05-15 18:35:52.123785: Current epoch: 79, loss: 0.20474502444267273, validation loss: 0.4420459270477295
2024-05-15 18:35:56.440057:2024-05-15 18:35:56.439854: Current epoch: 80, loss: 0.2074337750673294, validation loss: 0.4049375355243683
2024-05-15 18:36:00.675117:2024-05-15 18:36:00.675020: Current epoch: 81, loss: 0.19484694302082062, validation loss: 0.3871366083621979
2024-05-15 18:36:04.820869:2024-05-15 18:36:04.820718: Current epoch: 82, loss: 0.19218449294567108, validation loss: 0.4976227581501007
2024-05-15 18:36:09.328544:2024-05-15 18:36:09.328399: Current epoch: 83, loss: 0.19092147052288055, validation loss: 0.4129944145679474
2024-05-15 18:36:13.828732:2024-05-15 18:36:13.828583: Current epoch: 84, loss: 0.18396194279193878, validation loss: 0.39745044708251953
2024-05-15 18:36:18.140623:2024-05-15 18:36:18.140474: Current epoch: 85, loss: 0.17955556511878967, validation loss: 0.4518134593963623
2024-05-15 18:36:22.724182:2024-05-15 18:36:22.724057: Current epoch: 86, loss: 0.18264634907245636, validation loss: 0.40276095271110535
2024-05-15 18:36:27.191026:2024-05-15 18:36:27.190856: Current epoch: 87, loss: 0.18873539566993713, validation loss: 0.43813586235046387
2024-05-15 18:36:31.264293:2024-05-15 18:36:31.264225: Current epoch: 88, loss: 0.20025508105754852, validation loss: 0.45918506383895874
2024-05-15 18:36:35.542422:2024-05-15 18:36:35.542310: Current epoch: 89, loss: 0.17180797457695007, validation loss: 0.4130820333957672
2024-05-15 18:36:41.927734:2024-05-15 18:36:41.927633: Current epoch: 90, loss: 0.16486585140228271, validation loss: 0.4113249182701111
2024-05-15 18:36:45.821037:2024-05-15 18:36:45.820869: Current epoch: 91, loss: 0.1729334443807602, validation loss: 0.42074230313301086
2024-05-15 18:36:50.078891:2024-05-15 18:36:50.078772: Current epoch: 92, loss: 0.17482005059719086, validation loss: 0.4075552821159363
2024-05-15 18:36:54.182895:2024-05-15 18:36:54.182825: Current epoch: 93, loss: 0.17513349652290344, validation loss: 0.41825398802757263
2024-05-15 18:36:58.016707:2024-05-15 18:36:58.016609: Current epoch: 94, loss: 0.16019217669963837, validation loss: 0.40817439556121826
2024-05-15 18:37:02.233455:2024-05-15 18:37:02.233310: Current epoch: 95, loss: 0.16942231357097626, validation loss: 0.4239021837711334
2024-05-15 18:37:06.152107:2024-05-15 18:37:06.151899: Current epoch: 96, loss: 0.1661645621061325, validation loss: 0.39670053124427795
2024-05-15 18:37:10.405015:2024-05-15 18:37:10.404858: Current epoch: 97, loss: 0.17785654962062836, validation loss: 0.3974992334842682
2024-05-15 18:37:14.872368:2024-05-15 18:37:14.872278: Current epoch: 98, loss: 0.17268171906471252, validation loss: 0.3693051040172577
2024-05-15 18:37:19.171836:2024-05-15 18:37:19.171683: Current epoch: 99, loss: 0.15756669640541077, validation loss: 0.39536145329475403
2024-05-15 18:37:26.195213:2024-05-15 18:37:26.195082: Current epoch: 100, loss: 0.16048100590705872, validation loss: 0.3938228189945221
2024-05-15 18:37:30.218513:2024-05-15 18:37:30.218358: Current epoch: 101, loss: 0.15931597352027893, validation loss: 0.3900221586227417
2024-05-15 18:37:34.191788:2024-05-15 18:37:34.191673: Current epoch: 102, loss: 0.18110240995883942, validation loss: 0.4091484248638153
2024-05-15 18:37:38.410863:2024-05-15 18:37:38.410794: Current epoch: 103, loss: 0.14534613490104675, validation loss: 0.4010029137134552
2024-05-15 18:37:42.512917:2024-05-15 18:37:42.512797: Current epoch: 104, loss: 0.1408909112215042, validation loss: 0.3806487023830414
2024-05-15 18:37:46.603456:2024-05-15 18:37:46.603316: Current epoch: 105, loss: 0.17815037071704865, validation loss: 0.40171971917152405
2024-05-15 18:37:50.951271:2024-05-15 18:37:50.951135: Current epoch: 106, loss: 0.15416498482227325, validation loss: 0.4181811511516571
2024-05-15 18:37:55.473804:2024-05-15 18:37:55.473737: Current epoch: 107, loss: 0.1433599442243576, validation loss: 0.4115544259548187
2024-05-15 18:38:00.037669:2024-05-15 18:38:00.037563: Current epoch: 108, loss: 0.15616674721240997, validation loss: 0.4158327877521515
2024-05-15 18:38:04.558945:2024-05-15 18:38:04.558781: Current epoch: 109, loss: 0.15495342016220093, validation loss: 0.3827211856842041
2024-05-15 18:38:11.743457:2024-05-15 18:38:11.743317: Current epoch: 110, loss: 0.14382798969745636, validation loss: 0.4022875428199768
2024-05-15 18:38:15.820880:2024-05-15 18:38:15.820754: Current epoch: 111, loss: 0.1387418955564499, validation loss: 0.3830428421497345
2024-05-15 18:38:19.781216:2024-05-15 18:38:19.781063: Current epoch: 112, loss: 0.14224021136760712, validation loss: 0.40815794467926025
2024-05-15 18:38:24.005746:2024-05-15 18:38:24.005598: Current epoch: 113, loss: 0.1906616985797882, validation loss: 0.3860173225402832
2024-05-15 18:38:28.396472:2024-05-15 18:38:28.396404: Current epoch: 114, loss: 0.13358497619628906, validation loss: 0.37607547640800476
2024-05-15 18:38:33.038384:2024-05-15 18:38:33.038341: Current epoch: 115, loss: 0.12935484945774078, validation loss: 0.3631507456302643
2024-05-15 18:38:37.545753:2024-05-15 18:38:37.545645: Current epoch: 116, loss: 0.1365395188331604, validation loss: 0.39419737458229065
2024-05-15 18:38:42.056410:2024-05-15 18:38:42.056315: Current epoch: 117, loss: 0.1540038287639618, validation loss: 0.42314815521240234
2024-05-15 18:38:46.504543:2024-05-15 18:38:46.504394: Current epoch: 118, loss: 0.1464538723230362, validation loss: 0.3937743008136749
2024-05-15 18:38:50.923725:2024-05-15 18:38:50.923620: Current epoch: 119, loss: 0.13563300669193268, validation loss: 0.3973989486694336
2024-05-15 18:38:55.472989:2024-05-15 18:38:55.472807: Current epoch: 120, loss: 0.13675139844417572, validation loss: 0.3995715081691742
2024-05-15 18:38:59.797719:2024-05-15 18:38:59.797631: Current epoch: 121, loss: 0.13416416943073273, validation loss: 0.4000745713710785
2024-05-15 18:39:04.189585:2024-05-15 18:39:04.189486: Current epoch: 122, loss: 0.13537389039993286, validation loss: 0.39104464650154114
2024-05-15 18:39:08.748196:2024-05-15 18:39:08.748099: Current epoch: 123, loss: 0.12896588444709778, validation loss: 0.3857171833515167
2024-05-15 18:39:13.118781:2024-05-15 18:39:13.118712: Current epoch: 124, loss: 0.1265794336795807, validation loss: 0.3916887938976288
2024-05-15 18:39:17.490145:2024-05-15 18:39:17.490074: Current epoch: 125, loss: 0.13278788328170776, validation loss: 0.37692520022392273
2024-05-15 18:39:21.989574:2024-05-15 18:39:21.989505: Current epoch: 126, loss: 0.1364966779947281, validation loss: 0.3950672149658203
2024-05-15 18:39:26.613161:2024-05-15 18:39:26.613015: Current epoch: 127, loss: 0.1365399956703186, validation loss: 0.385250985622406
2024-05-15 18:39:31.028597:2024-05-15 18:39:31.028549: Current epoch: 128, loss: 0.1408228576183319, validation loss: 0.41303813457489014
2024-05-15 18:39:35.747991:2024-05-15 18:39:35.747820: Current epoch: 129, loss: 0.14616963267326355, validation loss: 0.37105390429496765
2024-05-15 18:39:42.867392:2024-05-15 18:39:42.867326: Current epoch: 130, loss: 0.11426461488008499, validation loss: 0.3827117383480072
2024-05-15 18:39:47.205552:2024-05-15 18:39:47.205498: Current epoch: 131, loss: 0.14024026691913605, validation loss: 0.3788035809993744
2024-05-15 18:39:51.585061:2024-05-15 18:39:51.584973: Current epoch: 132, loss: 0.12048055231571198, validation loss: 0.3636975884437561
2024-05-15 18:39:56.251835:2024-05-15 18:39:56.251656: Current epoch: 133, loss: 0.11773214489221573, validation loss: 0.3715634047985077
2024-05-15 18:40:01.301611:2024-05-15 18:40:01.301432: Current epoch: 134, loss: 0.12833891808986664, validation loss: 0.3735542297363281
2024-05-15 18:40:06.065952:2024-05-15 18:40:06.065795: Current epoch: 135, loss: 0.1273215115070343, validation loss: 0.3918675482273102
2024-05-15 18:40:10.816140:2024-05-15 18:40:10.815992: Current epoch: 136, loss: 0.11659946292638779, validation loss: 0.3963077962398529
2024-05-15 18:40:15.448113:2024-05-15 18:40:15.447992: Current epoch: 137, loss: 0.11654721200466156, validation loss: 0.3995755910873413
2024-05-15 18:40:19.940869:2024-05-15 18:40:19.940790: Current epoch: 138, loss: 0.11470084637403488, validation loss: 0.38231679797172546
2024-05-15 18:40:24.288914:2024-05-15 18:40:24.288846: Current epoch: 139, loss: 0.11651694029569626, validation loss: 0.4105410873889923
2024-05-15 18:40:28.711055:2024-05-15 18:40:28.710922: Current epoch: 140, loss: 0.11590186506509781, validation loss: 0.3662930727005005
2024-05-15 18:40:33.155569:2024-05-15 18:40:33.155442: Current epoch: 141, loss: 0.11915872991085052, validation loss: 0.39844784140586853
2024-05-15 18:40:37.879573:2024-05-15 18:40:37.879465: Current epoch: 142, loss: 0.1204213947057724, validation loss: 0.37578457593917847
2024-05-15 18:40:42.578120:2024-05-15 18:40:42.577974: Current epoch: 143, loss: 0.12381915003061295, validation loss: 0.3802401125431061
2024-05-15 18:40:47.017183:2024-05-15 18:40:47.017032: Current epoch: 144, loss: 0.11453664302825928, validation loss: 0.3688138723373413
2024-05-15 18:40:51.233001:2024-05-15 18:40:51.232859: Current epoch: 145, loss: 0.13090960681438446, validation loss: 0.37285467982292175
2024-05-15 18:40:55.595245:2024-05-15 18:40:55.595146: Current epoch: 146, loss: 0.12440142780542374, validation loss: 0.38534215092658997
2024-05-15 18:40:59.951787:2024-05-15 18:40:59.951629: Current epoch: 147, loss: 0.1175796166062355, validation loss: 0.37327978014945984
2024-05-15 18:41:04.513569:2024-05-15 18:41:04.513417: Current epoch: 148, loss: 0.10625912249088287, validation loss: 0.3707919120788574
2024-05-15 18:41:08.994114:2024-05-15 18:41:08.993962: Current epoch: 149, loss: 0.10783933848142624, validation loss: 0.3660242557525635
2024-05-15 18:41:15.730738:2024-05-15 18:41:15.730624: Current epoch: 150, loss: 0.10760121047496796, validation loss: 0.37728559970855713
2024-05-15 18:41:20.085594:2024-05-15 18:41:20.085444: Current epoch: 151, loss: 0.13318592309951782, validation loss: 0.384623259305954
2024-05-15 18:41:24.637533:2024-05-15 18:41:24.637381: Current epoch: 152, loss: 0.11066987365484238, validation loss: 0.38131773471832275
2024-05-15 18:41:29.265425:2024-05-15 18:41:29.265308: Current epoch: 153, loss: 0.1041182279586792, validation loss: 0.3664710521697998
2024-05-15 18:41:33.739296:2024-05-15 18:41:33.739159: Current epoch: 154, loss: 0.10614731907844543, validation loss: 0.38839197158813477
2024-05-15 18:41:38.226147:2024-05-15 18:41:38.225995: Current epoch: 155, loss: 0.1161804050207138, validation loss: 0.3790329098701477
2024-05-15 18:41:42.642800:2024-05-15 18:41:42.642672: Current epoch: 156, loss: 0.10505041480064392, validation loss: 0.37010639905929565
2024-05-15 18:41:47.170119:2024-05-15 18:41:47.170005: Current epoch: 157, loss: 0.10499846190214157, validation loss: 0.4129055440425873
2024-05-15 18:41:51.806074:2024-05-15 18:41:51.806004: Current epoch: 158, loss: 0.1593007743358612, validation loss: 0.399300754070282
2024-05-15 18:41:56.574940:2024-05-15 18:41:56.574769: Current epoch: 159, loss: 0.11020015180110931, validation loss: 0.38531753420829773
2024-05-15 18:42:01.141406:2024-05-15 18:42:01.141328: Current epoch: 160, loss: 0.10651002824306488, validation loss: 0.3773842751979828
2024-05-15 18:42:05.455552:2024-05-15 18:42:05.455481: Current epoch: 161, loss: 0.10208071023225784, validation loss: 0.3922947943210602
2024-05-15 18:42:10.095559:2024-05-15 18:42:10.095414: Current epoch: 162, loss: 0.1102498322725296, validation loss: 0.36693274974823
2024-05-15 18:42:14.642670:2024-05-15 18:42:14.642553: Current epoch: 163, loss: 0.11082678288221359, validation loss: 0.41685640811920166
2024-05-15 18:42:19.137962:2024-05-15 18:42:19.137795: Current epoch: 164, loss: 0.0979371890425682, validation loss: 0.3650464713573456
2024-05-15 18:42:23.699847:2024-05-15 18:42:23.699702: Current epoch: 165, loss: 0.13979746401309967, validation loss: 0.4159972071647644
2024-05-15 18:42:28.212699:2024-05-15 18:42:28.212546: Current epoch: 166, loss: 0.11988382786512375, validation loss: 0.375733882188797
2024-05-15 18:42:32.730923:2024-05-15 18:42:32.730852: Current epoch: 167, loss: 0.10127460956573486, validation loss: 0.3917962610721588
2024-05-15 18:42:37.137233:2024-05-15 18:42:37.137081: Current epoch: 168, loss: 0.10172604024410248, validation loss: 0.3806805908679962
2024-05-15 18:42:41.511357:2024-05-15 18:42:41.511287: Current epoch: 169, loss: 0.08821533620357513, validation loss: 0.3867224156856537
2024-05-15 18:42:46.006552:2024-05-15 18:42:46.006494: Current epoch: 170, loss: 0.08892793953418732, validation loss: 0.381477028131485
2024-05-15 18:42:50.451535:2024-05-15 18:42:50.451466: Current epoch: 171, loss: 0.09236568212509155, validation loss: 0.4094747006893158
2024-05-15 18:42:55.169309:2024-05-15 18:42:55.169162: Current epoch: 172, loss: 0.10389628261327744, validation loss: 0.380176305770874
2024-05-15 18:42:59.501229:2024-05-15 18:42:59.501161: Current epoch: 173, loss: 0.09885376691818237, validation loss: 0.3852284550666809
2024-05-15 18:43:03.849719:2024-05-15 18:43:03.849571: Current epoch: 174, loss: 0.10385482013225555, validation loss: 0.3819315433502197
2024-05-15 18:43:08.280030:2024-05-15 18:43:08.279956: Current epoch: 175, loss: 0.09840640425682068, validation loss: 0.42666441202163696
2024-05-15 18:43:12.683630:2024-05-15 18:43:12.683561: Current epoch: 176, loss: 0.1507025808095932, validation loss: 0.3797960877418518
2024-05-15 18:43:17.399913:2024-05-15 18:43:17.399768: Current epoch: 177, loss: 0.09939039498567581, validation loss: 0.3708539307117462
2024-05-15 18:43:22.215695:2024-05-15 18:43:22.215606: Current epoch: 178, loss: 0.08343277126550674, validation loss: 0.3641308546066284
2024-05-15 18:43:26.926335:2024-05-15 18:43:26.926202: Current epoch: 179, loss: 0.10560648888349533, validation loss: 0.3814009428024292
2024-05-15 18:43:31.334464:2024-05-15 18:43:31.334312: Current epoch: 180, loss: 0.10478360950946808, validation loss: 0.36797311902046204
2024-05-15 18:43:35.835259:2024-05-15 18:43:35.835122: Current epoch: 181, loss: 0.09426137059926987, validation loss: 0.3841148912906647
2024-05-15 18:43:40.317965:2024-05-15 18:43:40.317795: Current epoch: 182, loss: 0.0893329456448555, validation loss: 0.36817777156829834
2024-05-15 18:43:44.670783:2024-05-15 18:43:44.670661: Current epoch: 183, loss: 0.10946424305438995, validation loss: 0.38283684849739075
2024-05-15 18:43:49.256294:2024-05-15 18:43:49.256195: Current epoch: 184, loss: 0.09896529465913773, validation loss: 0.3772437870502472
2024-05-15 18:43:53.949762:2024-05-15 18:43:53.949694: Current epoch: 185, loss: 0.08973977714776993, validation loss: 0.3720925748348236
2024-05-15 18:43:58.580176:2024-05-15 18:43:58.580013: Current epoch: 186, loss: 0.08927145600318909, validation loss: 0.40302133560180664
2024-05-15 18:44:03.046493:2024-05-15 18:44:03.046423: Current epoch: 187, loss: 0.09030655026435852, validation loss: 0.3744739890098572
2024-05-15 18:44:07.329376:2024-05-15 18:44:07.329312: Current epoch: 188, loss: 0.121441550552845, validation loss: 0.4348638355731964
2024-05-15 18:44:11.913343:2024-05-15 18:44:11.913197: Current epoch: 189, loss: 0.12306393682956696, validation loss: 0.4220329225063324
2024-05-15 18:44:16.494447:2024-05-15 18:44:16.494390: Current epoch: 190, loss: 0.09737928211688995, validation loss: 0.35392940044403076
2024-05-15 18:44:20.947223:2024-05-15 18:44:20.947126: Current epoch: 191, loss: 0.09385566413402557, validation loss: 0.3735145330429077
2024-05-15 18:44:25.401808:2024-05-15 18:44:25.401737: Current epoch: 192, loss: 0.08641701936721802, validation loss: 0.35671696066856384
2024-05-15 18:44:29.906488:2024-05-15 18:44:29.906334: Current epoch: 193, loss: 0.09273932874202728, validation loss: 0.3678573668003082
2024-05-15 18:44:34.336510:2024-05-15 18:44:34.336360: Current epoch: 194, loss: 0.09083303809165955, validation loss: 0.38687142729759216
2024-05-15 18:44:38.925987:2024-05-15 18:44:38.925898: Current epoch: 195, loss: 0.10666744410991669, validation loss: 0.3892809748649597
2024-05-15 18:44:43.412771:2024-05-15 18:44:43.412650: Current epoch: 196, loss: 0.09449645131826401, validation loss: 0.3804253935813904
2024-05-15 18:44:48.059360:2024-05-15 18:44:48.059276: Current epoch: 197, loss: 0.09579941630363464, validation loss: 0.3728249669075012
2024-05-15 18:44:52.643621:2024-05-15 18:44:52.643476: Current epoch: 198, loss: 0.08896078169345856, validation loss: 0.4279198944568634
2024-05-15 18:44:57.062660:2024-05-15 18:44:57.062590: Current epoch: 199, loss: 0.11014500260353088, validation loss: 0.3846477270126343
2024-05-15 18:45:01.497110:2024-05-15 18:45:01.497040: Current epoch: 200, loss: 0.0800708457827568, validation loss: 0.3585212230682373
2024-05-15 18:45:05.845711:2024-05-15 18:45:05.845561: Current epoch: 201, loss: 0.07757554948329926, validation loss: 0.3673376739025116
2024-05-15 18:45:10.133512:2024-05-15 18:45:10.133380: Current epoch: 202, loss: 0.08777590841054916, validation loss: 0.38265958428382874
2024-05-15 18:45:14.810360:2024-05-15 18:45:14.810258: Current epoch: 203, loss: 0.08240465819835663, validation loss: 0.3728262186050415
2024-05-15 18:45:19.237395:2024-05-15 18:45:19.237326: Current epoch: 204, loss: 0.08278623968362808, validation loss: 0.3487004339694977
2024-05-15 18:45:23.506112:2024-05-15 18:45:23.505984: Current epoch: 205, loss: 0.09396857768297195, validation loss: 0.3702296316623688
2024-05-15 18:45:27.844921:2024-05-15 18:45:27.844788: Current epoch: 206, loss: 0.08652468025684357, validation loss: 0.37549710273742676
2024-05-15 18:45:32.410551:2024-05-15 18:45:32.410448: Current epoch: 207, loss: 0.0846710205078125, validation loss: 0.36968499422073364
2024-05-15 18:45:37.186791:2024-05-15 18:45:37.186670: Current epoch: 208, loss: 0.09262583404779434, validation loss: 0.3921324610710144
2024-05-15 18:45:41.937331:2024-05-15 18:45:41.937233: Current epoch: 209, loss: 0.1391517072916031, validation loss: 0.3972720503807068
2024-05-15 18:45:46.570058:2024-05-15 18:45:46.570001: Current epoch: 210, loss: 0.08804713189601898, validation loss: 0.36709100008010864
2024-05-15 18:45:51.099725:2024-05-15 18:45:51.099615: Current epoch: 211, loss: 0.08896652609109879, validation loss: 0.3898064196109772
2024-05-15 18:45:55.508084:2024-05-15 18:45:55.508013: Current epoch: 212, loss: 0.08142047375440598, validation loss: 0.371662974357605
2024-05-15 18:46:00.224464:2024-05-15 18:46:00.224392: Current epoch: 213, loss: 0.07363160699605942, validation loss: 0.3471241891384125
2024-05-15 18:46:04.713080:2024-05-15 18:46:04.712949: Current epoch: 214, loss: 0.07923431694507599, validation loss: 0.3715904951095581
2024-05-15 18:46:09.367895:2024-05-15 18:46:09.367787: Current epoch: 215, loss: 0.08134866505861282, validation loss: 0.3623719811439514
2024-05-15 18:46:13.910126:2024-05-15 18:46:13.910028: Current epoch: 216, loss: 0.09767957776784897, validation loss: 0.37667611241340637
2024-05-15 18:46:18.299604:2024-05-15 18:46:18.299449: Current epoch: 217, loss: 0.11172998696565628, validation loss: 0.42955344915390015
2024-05-15 18:46:22.904743:2024-05-15 18:46:22.904669: Current epoch: 218, loss: 0.08831935375928879, validation loss: 0.3898150622844696
2024-05-15 18:46:27.342830:2024-05-15 18:46:27.342675: Current epoch: 219, loss: 0.089793361723423, validation loss: 0.37816014885902405
2024-05-15 18:46:31.673289:2024-05-15 18:46:31.673219: Current epoch: 220, loss: 0.08706063777208328, validation loss: 0.35590860247612
2024-05-15 18:46:36.112095:2024-05-15 18:46:36.111967: Current epoch: 221, loss: 0.10865479707717896, validation loss: 0.538007915019989
2024-05-15 18:46:40.717586:2024-05-15 18:46:40.717442: Current epoch: 222, loss: 0.11938314139842987, validation loss: 0.3987990915775299
2024-05-15 18:46:45.161653:2024-05-15 18:46:45.161496: Current epoch: 223, loss: 0.09807343035936356, validation loss: 0.3753894567489624
2024-05-15 18:46:49.626907:2024-05-15 18:46:49.626756: Current epoch: 224, loss: 0.07484632730484009, validation loss: 0.3830665349960327
2024-05-15 18:46:54.055667:2024-05-15 18:46:54.055514: Current epoch: 225, loss: 0.07031002640724182, validation loss: 0.3682021200656891
2024-05-15 18:46:58.544534:2024-05-15 18:46:58.544385: Current epoch: 226, loss: 0.06991975009441376, validation loss: 0.38266319036483765
2024-05-15 18:47:02.985550:2024-05-15 18:47:02.985428: Current epoch: 227, loss: 0.07446418702602386, validation loss: 0.3586363196372986
2024-05-15 18:47:07.363424:2024-05-15 18:47:07.363275: Current epoch: 228, loss: 0.0769030973315239, validation loss: 0.38746726512908936
2024-05-15 18:47:11.855884:2024-05-15 18:47:11.855733: Current epoch: 229, loss: 0.08004148304462433, validation loss: 0.37314438819885254
2024-05-15 18:47:16.192733:2024-05-15 18:47:16.192604: Current epoch: 230, loss: 0.08623345196247101, validation loss: 0.36936724185943604
2024-05-15 18:47:20.531151:2024-05-15 18:47:20.531026: Current epoch: 231, loss: 0.07904290407896042, validation loss: 0.38132205605506897
2024-05-15 18:47:25.190106:2024-05-15 18:47:25.189957: Current epoch: 232, loss: 0.10878149420022964, validation loss: 0.48515042662620544
2024-05-15 18:47:29.701057:2024-05-15 18:47:29.700872: Current epoch: 233, loss: 0.11579878628253937, validation loss: 0.4908449053764343
2024-05-15 18:47:34.114363:2024-05-15 18:47:34.114215: Current epoch: 234, loss: 0.09200941771268845, validation loss: 0.38155266642570496
2024-05-15 18:47:38.724535:2024-05-15 18:47:38.724420: Current epoch: 235, loss: 0.07067076116800308, validation loss: 0.3698447644710541
2024-05-15 18:47:43.098409:2024-05-15 18:47:43.098260: Current epoch: 236, loss: 0.07385646551847458, validation loss: 0.35649287700653076
2024-05-15 18:47:47.788662:2024-05-15 18:47:47.788517: Current epoch: 237, loss: 0.07047435641288757, validation loss: 0.38170477747917175
2024-05-15 18:47:52.115256:2024-05-15 18:47:52.115105: Current epoch: 238, loss: 0.07033225893974304, validation loss: 0.3798177242279053
2024-05-15 18:47:56.670921:2024-05-15 18:47:56.670858: Current epoch: 239, loss: 0.07137042284011841, validation loss: 0.374335378408432
2024-05-15 18:48:01.278605:2024-05-15 18:48:01.278542: Current epoch: 240, loss: 0.08043590188026428, validation loss: 0.36051037907600403
2024-05-15 18:48:05.834417:2024-05-15 18:48:05.834257: Current epoch: 241, loss: 0.0817069262266159, validation loss: 0.42890477180480957
2024-05-15 18:48:10.469595:2024-05-15 18:48:10.469448: Current epoch: 242, loss: 0.13255974650382996, validation loss: 0.3791612982749939
2024-05-15 18:48:14.922642:2024-05-15 18:48:14.922493: Current epoch: 243, loss: 0.07740426808595657, validation loss: 0.3777674436569214
2024-05-15 18:48:19.457312:2024-05-15 18:48:19.457169: Current epoch: 244, loss: 0.07096000015735626, validation loss: 0.3822285234928131
2024-05-15 18:48:24.085754:2024-05-15 18:48:24.085570: Current epoch: 245, loss: 0.0747935101389885, validation loss: 0.4590420722961426
2024-05-15 18:48:28.620489:2024-05-15 18:48:28.620334: Current epoch: 246, loss: 0.08742891997098923, validation loss: 0.41259124875068665
2024-05-15 18:48:33.224118:2024-05-15 18:48:33.223972: Current epoch: 247, loss: 0.07862696796655655, validation loss: 0.384512722492218
2024-05-15 18:48:37.630015:2024-05-15 18:48:37.629954: Current epoch: 248, loss: 0.07169073075056076, validation loss: 0.3865893483161926
2024-05-15 18:48:42.175836:2024-05-15 18:48:42.175690: Current epoch: 249, loss: 0.07731321454048157, validation loss: 0.357646644115448
2024-05-15 18:48:49.035615:2024-05-15 18:48:49.035464: Current epoch: 250, loss: 0.07623054832220078, validation loss: 0.3668302893638611
2024-05-15 18:48:53.393004:2024-05-15 18:48:53.392847: Current epoch: 251, loss: 0.07428096979856491, validation loss: 0.37231114506721497
2024-05-15 18:48:57.939193:2024-05-15 18:48:57.939133: Current epoch: 252, loss: 0.06913074851036072, validation loss: 0.367615282535553
2024-05-15 18:49:02.731156:2024-05-15 18:49:02.731010: Current epoch: 253, loss: 0.0703551173210144, validation loss: 0.36796775460243225
2024-05-15 18:49:07.216298:2024-05-15 18:49:07.216228: Current epoch: 254, loss: 0.09564245492219925, validation loss: 0.3998018503189087
2024-05-15 18:49:11.664641:2024-05-15 18:49:11.664521: Current epoch: 255, loss: 0.0753665417432785, validation loss: 0.3798685371875763
2024-05-15 18:49:16.065981:2024-05-15 18:49:16.065811: Current epoch: 256, loss: 0.06978022307157516, validation loss: 0.3603675663471222
2024-05-15 18:49:20.509205:2024-05-15 18:49:20.509056: Current epoch: 257, loss: 0.08362745493650436, validation loss: 0.3794819414615631
2024-05-15 18:49:24.968750:2024-05-15 18:49:24.968598: Current epoch: 258, loss: 0.1125185415148735, validation loss: 0.37174320220947266
2024-05-15 18:49:29.497262:2024-05-15 18:49:29.497122: Current epoch: 259, loss: 0.07487314939498901, validation loss: 0.3686836063861847
2024-05-15 18:49:33.906187:2024-05-15 18:49:33.906116: Current epoch: 260, loss: 0.06779676675796509, validation loss: 0.35514649748802185
2024-05-15 18:49:38.471681:2024-05-15 18:49:38.471612: Current epoch: 261, loss: 0.07370568066835403, validation loss: 0.3960568308830261
2024-05-15 18:49:42.661691:2024-05-15 18:49:42.661539: Current epoch: 262, loss: 0.1107553020119667, validation loss: 0.38607680797576904
2024-05-15 18:49:46.998815:2024-05-15 18:49:46.998647: Current epoch: 263, loss: 0.07198519259691238, validation loss: 0.37582966685295105
2024-05-15 18:49:51.714340:2024-05-15 18:49:51.714192: Current epoch: 264, loss: 0.10376285016536713, validation loss: 0.3821547031402588
2024-05-15 18:49:56.278045:2024-05-15 18:49:56.277908: Current epoch: 265, loss: 0.06888221204280853, validation loss: 0.3721947968006134
2024-05-15 18:50:00.673300:2024-05-15 18:50:00.673188: Current epoch: 266, loss: 0.06321762502193451, validation loss: 0.3711177408695221
2024-05-15 18:50:05.240021:2024-05-15 18:50:05.239904: Current epoch: 267, loss: 0.06093582138419151, validation loss: 0.37450623512268066
2024-05-15 18:50:09.780413:2024-05-15 18:50:09.780268: Current epoch: 268, loss: 0.06602455675601959, validation loss: 0.366131067276001
2024-05-15 18:50:14.155564:2024-05-15 18:50:14.155495: Current epoch: 269, loss: 0.06454195082187653, validation loss: 0.3634662628173828
2024-05-15 18:50:18.681725:2024-05-15 18:50:18.681656: Current epoch: 270, loss: 0.06955397129058838, validation loss: 0.3718772232532501
2024-05-15 18:50:23.154542:2024-05-15 18:50:23.154478: Current epoch: 271, loss: 0.0708041861653328, validation loss: 0.360006719827652
2024-05-15 18:50:27.747809:2024-05-15 18:50:27.747658: Current epoch: 272, loss: 0.09012026339769363, validation loss: 0.3902313709259033
2024-05-15 18:50:32.077075:2024-05-15 18:50:32.077003: Current epoch: 273, loss: 0.07697662711143494, validation loss: 0.37778669595718384
2024-05-15 18:50:36.448033:2024-05-15 18:50:36.447878: Current epoch: 274, loss: 0.06963600963354111, validation loss: 0.3581312894821167
2024-05-15 18:50:41.019332:2024-05-15 18:50:41.019184: Current epoch: 275, loss: 0.06194629520177841, validation loss: 0.36281707882881165
2024-05-15 18:50:45.542726:2024-05-15 18:50:45.542590: Current epoch: 276, loss: 0.06348022818565369, validation loss: 0.3719694912433624
2024-05-15 18:50:50.032583:2024-05-15 18:50:50.032493: Current epoch: 277, loss: 0.06967096775770187, validation loss: 0.36927250027656555
2024-05-15 18:50:54.391451:2024-05-15 18:50:54.391346: Current epoch: 278, loss: 0.06687909364700317, validation loss: 0.35237258672714233
2024-05-15 18:50:58.839039:2024-05-15 18:50:58.838867: Current epoch: 279, loss: 0.0678076222538948, validation loss: 0.39882510900497437
2024-05-15 18:51:03.233119:2024-05-15 18:51:03.232997: Current epoch: 280, loss: 0.11215776950120926, validation loss: 0.3653956353664398
2024-05-15 18:51:07.668669:2024-05-15 18:51:07.668586: Current epoch: 281, loss: 0.0663176104426384, validation loss: 0.3628319501876831
2024-05-15 18:51:11.997204:2024-05-15 18:51:11.997133: Current epoch: 282, loss: 0.06183238327503204, validation loss: 0.36059561371803284
2024-05-15 18:51:16.414282:2024-05-15 18:51:16.414162: Current epoch: 283, loss: 0.06061865761876106, validation loss: 0.35500818490982056
2024-05-15 18:51:20.855375:2024-05-15 18:51:20.855230: Current epoch: 284, loss: 0.07466728985309601, validation loss: 0.4092857539653778
2024-05-15 18:51:25.332597:2024-05-15 18:51:25.332498: Current epoch: 285, loss: 0.07679599523544312, validation loss: 0.37862738966941833
2024-05-15 18:51:29.626406:2024-05-15 18:51:29.626337: Current epoch: 286, loss: 0.10282456129789352, validation loss: 0.3806585371494293
2024-05-15 18:51:34.112056:2024-05-15 18:51:34.111870: Current epoch: 287, loss: 0.08869358897209167, validation loss: 0.37120187282562256
2024-05-15 18:51:38.765074:2024-05-15 18:51:38.764900: Current epoch: 288, loss: 0.05955656245350838, validation loss: 0.3591693639755249
2024-05-15 18:51:43.043462:2024-05-15 18:51:43.043372: Current epoch: 289, loss: 0.0579889677464962, validation loss: 0.3502417206764221
2024-05-15 18:51:49.839565:2024-05-15 18:51:49.839465: Current epoch: 290, loss: 0.07451328635215759, validation loss: 0.350340336561203
2024-05-15 18:51:54.002332:2024-05-15 18:51:54.002263: Current epoch: 291, loss: 0.06679050624370575, validation loss: 0.35752686858177185
2024-05-15 18:51:58.385411:2024-05-15 18:51:58.385274: Current epoch: 292, loss: 0.08406881988048553, validation loss: 0.3952350318431854
2024-05-15 18:52:02.850638:2024-05-15 18:52:02.850541: Current epoch: 293, loss: 0.08096281439065933, validation loss: 0.36512497067451477
2024-05-15 18:52:07.436950:2024-05-15 18:52:07.436833: Current epoch: 294, loss: 0.05992446094751358, validation loss: 0.3774411976337433
2024-05-15 18:52:12.190381:2024-05-15 18:52:12.190263: Current epoch: 295, loss: 0.06658308953046799, validation loss: 0.36189329624176025
2024-05-15 18:52:16.590560:2024-05-15 18:52:16.590490: Current epoch: 296, loss: 0.05880279839038849, validation loss: 0.35717877745628357
2024-05-15 18:52:21.183798:2024-05-15 18:52:21.183748: Current epoch: 297, loss: 0.058709751814603806, validation loss: 0.3433701694011688
2024-05-15 18:52:25.584863:2024-05-15 18:52:25.584781: Current epoch: 298, loss: 0.059226877987384796, validation loss: 0.36824095249176025
2024-05-15 18:52:30.032248:2024-05-15 18:52:30.032125: Current epoch: 299, loss: 0.061123866587877274, validation loss: 0.34840914607048035
2024-05-15 18:52:36.921477:2024-05-15 18:52:36.921385: Current epoch: 300, loss: 0.06421728432178497, validation loss: 0.3542318642139435
2024-05-15 18:52:41.405198:2024-05-15 18:52:41.405086: Current epoch: 301, loss: 0.0639447569847107, validation loss: 0.3782665729522705
2024-05-15 18:52:45.838092:2024-05-15 18:52:45.838007: Current epoch: 302, loss: 0.07805133610963821, validation loss: 0.38769254088401794
2024-05-15 18:52:50.148238:2024-05-15 18:52:50.148086: Current epoch: 303, loss: 0.11785366386175156, validation loss: 0.3824955224990845
2024-05-15 18:52:54.751508:2024-05-15 18:52:54.751361: Current epoch: 304, loss: 0.06639019399881363, validation loss: 0.36682721972465515
2024-05-15 18:52:59.224211:2024-05-15 18:52:59.224140: Current epoch: 305, loss: 0.059938497841358185, validation loss: 0.3634054958820343
2024-05-15 18:53:03.695484:2024-05-15 18:53:03.695334: Current epoch: 306, loss: 0.05440507084131241, validation loss: 0.3558257520198822
2024-05-15 18:53:08.136982:2024-05-15 18:53:08.136888: Current epoch: 307, loss: 0.05582146719098091, validation loss: 0.3677363693714142
2024-05-15 18:53:12.744800:2024-05-15 18:53:12.744682: Current epoch: 308, loss: 0.08483893424272537, validation loss: 0.39908966422080994
2024-05-15 18:53:17.281789:2024-05-15 18:53:17.281644: Current epoch: 309, loss: 0.07068820297718048, validation loss: 0.36055952310562134
2024-05-15 18:53:21.811762:2024-05-15 18:53:21.811693: Current epoch: 310, loss: 0.059931863099336624, validation loss: 0.3615259826183319
2024-05-15 18:53:26.365790:2024-05-15 18:53:26.365693: Current epoch: 311, loss: 0.06013999506831169, validation loss: 0.35541585087776184
2024-05-15 18:53:31.096127:2024-05-15 18:53:31.096058: Current epoch: 312, loss: 0.05927456542849541, validation loss: 0.37357297539711
2024-05-15 18:53:35.781158:2024-05-15 18:53:35.781034: Current epoch: 313, loss: 0.07679957151412964, validation loss: 0.3756627142429352
2024-05-15 18:53:40.336205:2024-05-15 18:53:40.336135: Current epoch: 314, loss: 0.06247329339385033, validation loss: 0.37135031819343567
2024-05-15 18:53:44.718104:2024-05-15 18:53:44.717954: Current epoch: 315, loss: 0.05844951793551445, validation loss: 0.35873717069625854
2024-05-15 18:53:49.333253:2024-05-15 18:53:49.333130: Current epoch: 316, loss: 0.061557378619909286, validation loss: 0.37709400057792664
2024-05-15 18:53:53.751477:2024-05-15 18:53:53.751388: Current epoch: 317, loss: 0.06609158962965012, validation loss: 0.37666699290275574
2024-05-15 18:53:58.306156:2024-05-15 18:53:58.306038: Current epoch: 318, loss: 0.06798221915960312, validation loss: 0.4058612585067749
2024-05-15 18:54:02.670147:2024-05-15 18:54:02.670050: Current epoch: 319, loss: 0.07369920611381531, validation loss: 0.36654457449913025
2024-05-15 18:54:06.925747:2024-05-15 18:54:06.925679: Current epoch: 320, loss: 0.06439604610204697, validation loss: 0.379463791847229
2024-05-15 18:54:11.338252:2024-05-15 18:54:11.338180: Current epoch: 321, loss: 0.06010130047798157, validation loss: 0.3552577495574951
2024-05-15 18:54:15.771338:2024-05-15 18:54:15.771187: Current epoch: 322, loss: 0.06483137607574463, validation loss: 0.38428986072540283
2024-05-15 18:54:20.250487:2024-05-15 18:54:20.250333: Current epoch: 323, loss: 0.07824099063873291, validation loss: 0.37854331731796265
2024-05-15 18:54:24.579425:2024-05-15 18:54:24.579276: Current epoch: 324, loss: 0.06067608296871185, validation loss: 0.3902494013309479
2024-05-15 18:54:28.984346:2024-05-15 18:54:28.984197: Current epoch: 325, loss: 0.08049162477254868, validation loss: 0.3612182140350342
2024-05-15 18:54:33.395459:2024-05-15 18:54:33.395311: Current epoch: 326, loss: 0.05891180783510208, validation loss: 0.39451053738594055
2024-05-15 18:54:37.869730:2024-05-15 18:54:37.869583: Current epoch: 327, loss: 0.0563492625951767, validation loss: 0.3615637421607971
2024-05-15 18:54:42.507626:2024-05-15 18:54:42.507557: Current epoch: 328, loss: 0.055754195898771286, validation loss: 0.3535156846046448
2024-05-15 18:54:46.949500:2024-05-15 18:54:46.949363: Current epoch: 329, loss: 0.05803699418902397, validation loss: 0.3500380516052246
2024-05-15 18:54:51.483891:2024-05-15 18:54:51.483746: Current epoch: 330, loss: 0.053930457681417465, validation loss: 0.3484242260456085
2024-05-15 18:54:55.885748:2024-05-15 18:54:55.885672: Current epoch: 331, loss: 0.056857384741306305, validation loss: 0.44945836067199707
2024-05-15 18:55:00.558823:2024-05-15 18:55:00.558679: Current epoch: 332, loss: 0.0658331885933876, validation loss: 0.3728829324245453
2024-05-15 18:55:05.083492:2024-05-15 18:55:05.083370: Current epoch: 333, loss: 0.06269432604312897, validation loss: 0.36920425295829773
2024-05-15 18:55:09.461854:2024-05-15 18:55:09.461758: Current epoch: 334, loss: 0.05836668238043785, validation loss: 0.36544033885002136
2024-05-15 18:55:13.842434:2024-05-15 18:55:13.842370: Current epoch: 335, loss: 0.056161217391490936, validation loss: 0.3523988127708435
2024-05-15 18:55:18.310741:2024-05-15 18:55:18.310670: Current epoch: 336, loss: 0.05884980782866478, validation loss: 0.34899407625198364
2024-05-15 18:55:22.675174:2024-05-15 18:55:22.675045: Current epoch: 337, loss: 0.06431803107261658, validation loss: 0.3730947971343994
2024-05-15 18:55:27.207276:2024-05-15 18:55:27.207156: Current epoch: 338, loss: 0.08233077079057693, validation loss: 0.36832836270332336
2024-05-15 18:55:31.620820:2024-05-15 18:55:31.620663: Current epoch: 339, loss: 0.07379156351089478, validation loss: 0.36155128479003906
2024-05-15 18:55:36.149707:2024-05-15 18:55:36.149559: Current epoch: 340, loss: 0.055655114352703094, validation loss: 0.3706398606300354
2024-05-15 18:55:40.710916:2024-05-15 18:55:40.710849: Current epoch: 341, loss: 0.05723167955875397, validation loss: 0.3671392500400543
2024-05-15 18:55:45.103480:2024-05-15 18:55:45.103382: Current epoch: 342, loss: 0.05459023639559746, validation loss: 0.35963645577430725
2024-05-15 18:55:49.621730:2024-05-15 18:55:49.621572: Current epoch: 343, loss: 0.07327421754598618, validation loss: 0.38462933897972107
2024-05-15 18:55:54.332628:2024-05-15 18:55:54.332549: Current epoch: 344, loss: 0.059253107756376266, validation loss: 0.45857876539230347
2024-05-15 18:55:59.010487:2024-05-15 18:55:59.010422: Current epoch: 345, loss: 0.09072989225387573, validation loss: 0.3819071650505066
2024-05-15 18:56:03.396537:2024-05-15 18:56:03.396401: Current epoch: 346, loss: 0.06420893967151642, validation loss: 0.37209558486938477
2024-05-15 18:56:07.888710:2024-05-15 18:56:07.888556: Current epoch: 347, loss: 0.06477324664592743, validation loss: 0.3734433054924011
2024-05-15 18:56:12.393643:2024-05-15 18:56:12.393570: Current epoch: 348, loss: 0.06709136068820953, validation loss: 0.36515215039253235
2024-05-15 18:56:16.850499:2024-05-15 18:56:16.850350: Current epoch: 349, loss: 0.07529507577419281, validation loss: 0.37177884578704834
2024-05-15 18:56:21.588135:2024-05-15 18:56:21.587989: Current epoch: 350, loss: 0.06142504885792732, validation loss: 0.3481345772743225
2024-05-15 18:56:26.065283:2024-05-15 18:56:26.065135: Current epoch: 351, loss: 0.04931976646184921, validation loss: 0.3580945134162903
2024-05-15 18:56:30.532056:2024-05-15 18:56:30.531890: Current epoch: 352, loss: 0.05018676817417145, validation loss: 0.34654077887535095
2024-05-15 18:56:34.835033:2024-05-15 18:56:34.834865: Current epoch: 353, loss: 0.04940846934914589, validation loss: 0.34778842329978943
2024-05-15 18:56:39.069097:2024-05-15 18:56:39.068978: Current epoch: 354, loss: 0.05847169831395149, validation loss: 0.35040754079818726
2024-05-15 18:56:43.421532:2024-05-15 18:56:43.421462: Current epoch: 355, loss: 0.0736139565706253, validation loss: 0.4005584418773651
2024-05-15 18:56:47.766634:2024-05-15 18:56:47.766521: Current epoch: 356, loss: 0.06766679883003235, validation loss: 0.3585626482963562
2024-05-15 18:56:52.323478:2024-05-15 18:56:52.323324: Current epoch: 357, loss: 0.050264328718185425, validation loss: 0.35908403992652893
2024-05-15 18:56:57.059979:2024-05-15 18:56:57.059850: Current epoch: 358, loss: 0.05585981160402298, validation loss: 0.38613584637641907
2024-05-15 18:57:01.260526:2024-05-15 18:57:01.260407: Current epoch: 359, loss: 0.06258100271224976, validation loss: 0.35158199071884155
2024-05-15 18:57:05.840902:2024-05-15 18:57:05.840832: Current epoch: 360, loss: 0.11509647220373154, validation loss: 0.47573021054267883
2024-05-15 18:57:10.320629:2024-05-15 18:57:10.320487: Current epoch: 361, loss: 0.07377331703901291, validation loss: 0.3809245228767395
2024-05-15 18:57:14.826243:2024-05-15 18:57:14.826119: Current epoch: 362, loss: 0.04817984253168106, validation loss: 0.36196568608283997
2024-05-15 18:57:19.321043:2024-05-15 18:57:19.320887: Current epoch: 363, loss: 0.04501994699239731, validation loss: 0.36938002705574036
2024-05-15 18:57:23.836292:2024-05-15 18:57:23.836165: Current epoch: 364, loss: 0.06004028022289276, validation loss: 0.40602192282676697
2024-05-15 18:57:28.378549:2024-05-15 18:57:28.378398: Current epoch: 365, loss: 0.05474807694554329, validation loss: 0.38404354453086853
2024-05-15 18:57:32.970654:2024-05-15 18:57:32.970531: Current epoch: 366, loss: 0.059440042823553085, validation loss: 0.3598361909389496
2024-05-15 18:57:37.405332:2024-05-15 18:57:37.405190: Current epoch: 367, loss: 0.06106599047780037, validation loss: 0.36953940987586975
2024-05-15 18:57:41.929956:2024-05-15 18:57:41.929780: Current epoch: 368, loss: 0.049606095999479294, validation loss: 0.35577523708343506
2024-05-15 18:57:46.701994:2024-05-15 18:57:46.701889: Current epoch: 369, loss: 0.050104957073926926, validation loss: 0.35833147168159485
2024-05-15 18:57:51.462909:2024-05-15 18:57:51.462836: Current epoch: 370, loss: 0.05747029557824135, validation loss: 0.3611709177494049
2024-05-15 18:57:56.283357:2024-05-15 18:57:56.283282: Current epoch: 371, loss: 0.053012676537036896, validation loss: 0.3539365828037262
2024-05-15 18:58:01.096814:2024-05-15 18:58:01.096657: Current epoch: 372, loss: 0.053049176931381226, validation loss: 0.38551968336105347
2024-05-15 18:58:05.580848:2024-05-15 18:58:05.580778: Current epoch: 373, loss: 0.05769791081547737, validation loss: 0.355521559715271
2024-05-15 18:58:09.899223:2024-05-15 18:58:09.899153: Current epoch: 374, loss: 0.055350255221128464, validation loss: 0.356113463640213
2024-05-15 18:58:14.311647:2024-05-15 18:58:14.311519: Current epoch: 375, loss: 0.054370153695344925, validation loss: 0.3652056157588959
2024-05-15 18:58:18.933369:2024-05-15 18:58:18.933296: Current epoch: 376, loss: 0.052810803055763245, validation loss: 0.3536667823791504
2024-05-15 18:58:23.447285:2024-05-15 18:58:23.447220: Current epoch: 377, loss: 0.05586417764425278, validation loss: 0.39354199171066284
2024-05-15 18:58:27.900722:2024-05-15 18:58:27.900654: Current epoch: 378, loss: 0.05592390522360802, validation loss: 0.3606036305427551
2024-05-15 18:58:32.415289:2024-05-15 18:58:32.415215: Current epoch: 379, loss: 0.055418387055397034, validation loss: 0.3707089126110077
2024-05-15 18:58:36.926199:2024-05-15 18:58:36.926078: Current epoch: 380, loss: 0.057181090116500854, validation loss: 0.35506805777549744
2024-05-15 18:58:41.426989:2024-05-15 18:58:41.426868: Current epoch: 381, loss: 0.08560070395469666, validation loss: 0.35940372943878174
2024-05-15 18:58:45.923742:2024-05-15 18:58:45.923668: Current epoch: 382, loss: 0.056344956159591675, validation loss: 0.38374993205070496
2024-05-15 18:58:50.470609:2024-05-15 18:58:50.470537: Current epoch: 383, loss: 0.05961870774626732, validation loss: 0.36691534519195557
2024-05-15 18:58:55.106605:2024-05-15 18:58:55.106483: Current epoch: 384, loss: 0.05310940369963646, validation loss: 0.36247286200523376
2024-05-15 18:58:59.685691:2024-05-15 18:58:59.685621: Current epoch: 385, loss: 0.046348705887794495, validation loss: 0.371211439371109
2024-05-15 18:59:04.232032:2024-05-15 18:59:04.231908: Current epoch: 386, loss: 0.04726449400186539, validation loss: 0.364692747592926
2024-05-15 18:59:08.860762:2024-05-15 18:59:08.860690: Current epoch: 387, loss: 0.05224456265568733, validation loss: 0.37246131896972656
2024-05-15 18:59:13.367836:2024-05-15 18:59:13.367773: Current epoch: 388, loss: 0.05075966194272041, validation loss: 0.37410640716552734
2024-05-15 18:59:18.017148:2024-05-15 18:59:18.017075: Current epoch: 389, loss: 0.05153537541627884, validation loss: 0.35667383670806885
2024-05-15 18:59:22.586232:2024-05-15 18:59:22.586162: Current epoch: 390, loss: 0.05141882598400116, validation loss: 0.35323402285575867
2024-05-15 18:59:27.106150:2024-05-15 18:59:27.106074: Current epoch: 391, loss: 0.053150780498981476, validation loss: 0.36585456132888794
2024-05-15 18:59:31.573174:2024-05-15 18:59:31.573102: Current epoch: 392, loss: 0.05908350646495819, validation loss: 0.3965626060962677
2024-05-15 18:59:36.076700:2024-05-15 18:59:36.076627: Current epoch: 393, loss: 0.05690711736679077, validation loss: 0.3767230212688446
2024-05-15 18:59:40.626067:2024-05-15 18:59:40.625964: Current epoch: 394, loss: 0.05636884272098541, validation loss: 0.36565977334976196
2024-05-15 18:59:45.229158:2024-05-15 18:59:45.229057: Current epoch: 395, loss: 0.056934624910354614, validation loss: 0.36773681640625
2024-05-15 18:59:50.001165:2024-05-15 18:59:50.001096: Current epoch: 396, loss: 0.0582764707505703, validation loss: 0.36561283469200134
2024-05-15 18:59:54.715571:2024-05-15 18:59:54.715497: Current epoch: 397, loss: 0.048675667494535446, validation loss: 0.3608836829662323
2024-05-15 18:59:59.510677:2024-05-15 18:59:59.510610: Current epoch: 398, loss: 0.05026963725686073, validation loss: 0.38860154151916504
2024-05-15 19:00:04.069200:2024-05-15 19:00:04.069125: Current epoch: 399, loss: 0.05984080955386162, validation loss: 0.36612510681152344
2024-05-15 19:00:08.599976:2024-05-15 19:00:08.599886: Current epoch: 400, loss: 0.04996618255972862, validation loss: 0.36034226417541504
2024-05-15 19:00:13.089193:2024-05-15 19:00:13.089051: Current epoch: 401, loss: 0.04918453097343445, validation loss: 0.3603193759918213
2024-05-15 19:00:17.625304:2024-05-15 19:00:17.625162: Current epoch: 402, loss: 0.048961102962493896, validation loss: 0.36203691363334656
2024-05-15 19:00:22.038341:2024-05-15 19:00:22.038266: Current epoch: 403, loss: 0.059013400226831436, validation loss: 0.3660299777984619
2024-05-15 19:00:26.418104:2024-05-15 19:00:26.418032: Current epoch: 404, loss: 0.07843663543462753, validation loss: 0.3798573315143585
2024-05-15 19:00:31.041678:2024-05-15 19:00:31.041584: Current epoch: 405, loss: 0.0781293734908104, validation loss: 0.41115105152130127
2024-05-15 19:00:35.267196:2024-05-15 19:00:35.267124: Current epoch: 406, loss: 0.05290685594081879, validation loss: 0.3646474778652191
2024-05-15 19:00:39.653716:2024-05-15 19:00:39.653649: Current epoch: 407, loss: 0.042637038975954056, validation loss: 0.35543715953826904
2024-05-15 19:00:44.119301:2024-05-15 19:00:44.119147: Current epoch: 408, loss: 0.04378466680645943, validation loss: 0.362725168466568
2024-05-15 19:00:48.521225:2024-05-15 19:00:48.521153: Current epoch: 409, loss: 0.043177530169487, validation loss: 0.36293113231658936
2024-05-15 19:00:52.850051:2024-05-15 19:00:52.849969: Current epoch: 410, loss: 0.04487166181206703, validation loss: 0.36354321241378784
2024-05-15 19:00:57.425167:2024-05-15 19:00:57.425095: Current epoch: 411, loss: 0.04954428970813751, validation loss: 0.3712751567363739
2024-05-15 19:01:01.978650:2024-05-15 19:01:01.978577: Current epoch: 412, loss: 0.04950255528092384, validation loss: 0.36299124360084534
2024-05-15 19:01:06.565854:2024-05-15 19:01:06.565724: Current epoch: 413, loss: 0.05561438575387001, validation loss: 0.36726003885269165
2024-05-15 19:01:11.093549:2024-05-15 19:01:11.093448: Current epoch: 414, loss: 0.050092071294784546, validation loss: 0.3967016935348511
2024-05-15 19:01:15.485581:2024-05-15 19:01:15.485509: Current epoch: 415, loss: 0.0809401348233223, validation loss: 0.45484864711761475
2024-05-15 19:01:20.192916:2024-05-15 19:01:20.192850: Current epoch: 416, loss: 0.0769464299082756, validation loss: 0.43811535835266113
2024-05-15 19:01:24.655170:2024-05-15 19:01:24.655121: Current epoch: 417, loss: 0.05362437665462494, validation loss: 0.35092076659202576
2024-05-15 19:01:29.190879:2024-05-15 19:01:29.190756: Current epoch: 418, loss: 0.04422879219055176, validation loss: 0.3509799540042877
2024-05-15 19:01:33.972356:2024-05-15 19:01:33.972282: Current epoch: 419, loss: 0.040267959237098694, validation loss: 0.3580051362514496
2024-05-15 19:01:38.510755:2024-05-15 19:01:38.510654: Current epoch: 420, loss: 0.04198584333062172, validation loss: 0.34411853551864624
2024-05-15 19:01:42.980186:2024-05-15 19:01:42.980112: Current epoch: 421, loss: 0.043291959911584854, validation loss: 0.3643689751625061
2024-05-15 19:01:47.721946:2024-05-15 19:01:47.721794: Current epoch: 422, loss: 0.043869130313396454, validation loss: 0.3453485667705536
2024-05-15 19:01:52.447547:2024-05-15 19:01:52.447474: Current epoch: 423, loss: 0.04644739255309105, validation loss: 0.3459695875644684
2024-05-15 19:01:56.759982:2024-05-15 19:01:56.759905: Current epoch: 424, loss: 0.053949497640132904, validation loss: 0.415615051984787
2024-05-15 19:02:01.217240:2024-05-15 19:02:01.217181: Current epoch: 425, loss: 0.0736851841211319, validation loss: 0.3643117845058441
2024-05-15 19:02:05.747594:2024-05-15 19:02:05.747465: Current epoch: 426, loss: 0.05095976963639259, validation loss: 0.3780137598514557
2024-05-15 19:02:10.507489:2024-05-15 19:02:10.507420: Current epoch: 427, loss: 0.05636744946241379, validation loss: 0.39322134852409363
2024-05-15 19:02:14.913376:2024-05-15 19:02:14.913293: Current epoch: 428, loss: 0.046254005283117294, validation loss: 0.37235844135284424
2024-05-15 19:02:19.468147:2024-05-15 19:02:19.468073: Current epoch: 429, loss: 0.045218560844659805, validation loss: 0.3604418635368347
2024-05-15 19:02:24.072367:2024-05-15 19:02:24.072293: Current epoch: 430, loss: 0.04741188511252403, validation loss: 0.3659893870353699
2024-05-15 19:02:28.613884:2024-05-15 19:02:28.613811: Current epoch: 431, loss: 0.050785161554813385, validation loss: 0.35990408062934875
2024-05-15 19:02:33.155896:2024-05-15 19:02:33.155824: Current epoch: 432, loss: 0.04948659613728523, validation loss: 0.3574940264225006
2024-05-15 19:02:38.022647:2024-05-15 19:02:38.022518: Current epoch: 433, loss: 0.054315704852342606, validation loss: 0.38419684767723083
2024-05-15 19:02:42.660533:2024-05-15 19:02:42.660423: Current epoch: 434, loss: 0.08302381634712219, validation loss: 0.39923200011253357
2024-05-15 19:02:47.178861:2024-05-15 19:02:47.178799: Current epoch: 435, loss: 0.05703168734908104, validation loss: 0.3667975068092346
2024-05-15 19:02:51.686966:2024-05-15 19:02:51.686863: Current epoch: 436, loss: 0.04228019714355469, validation loss: 0.34950608015060425
2024-05-15 19:02:56.444145:2024-05-15 19:02:56.444074: Current epoch: 437, loss: 0.04213884472846985, validation loss: 0.363004595041275
2024-05-15 19:03:01.040154:2024-05-15 19:03:01.040050: Current epoch: 438, loss: 0.04333530366420746, validation loss: 0.35813575983047485
2024-05-15 19:03:05.518431:2024-05-15 19:03:05.518356: Current epoch: 439, loss: 0.044015079736709595, validation loss: 0.3599652647972107
2024-05-15 19:03:09.914399:2024-05-15 19:03:09.914319: Current epoch: 440, loss: 0.054052699357271194, validation loss: 0.362832248210907
2024-05-15 19:03:14.558906:2024-05-15 19:03:14.558833: Current epoch: 441, loss: 0.04868021979928017, validation loss: 0.3640081286430359
2024-05-15 19:03:19.293556:2024-05-15 19:03:19.293427: Current epoch: 442, loss: 0.04664723947644234, validation loss: 0.3587903678417206
2024-05-15 19:03:23.854292:2024-05-15 19:03:23.854220: Current epoch: 443, loss: 0.04436265304684639, validation loss: 0.3521980345249176
2024-05-15 19:03:28.596417:2024-05-15 19:03:28.596333: Current epoch: 444, loss: 0.046509746462106705, validation loss: 0.37368741631507874
2024-05-15 19:03:33.191827:2024-05-15 19:03:33.191754: Current epoch: 445, loss: 0.046988412737846375, validation loss: 0.3475393056869507
2024-05-15 19:03:38.023421:2024-05-15 19:03:38.023343: Current epoch: 446, loss: 0.047023382037878036, validation loss: 0.3634667694568634
2024-05-15 19:03:42.562151:2024-05-15 19:03:42.562029: Current epoch: 447, loss: 0.0476430244743824, validation loss: 0.3528241217136383
2024-05-15 19:03:47.012552:2024-05-15 19:03:47.012477: Current epoch: 448, loss: 0.04672001302242279, validation loss: 0.36843690276145935
2024-05-15 19:03:51.598645:2024-05-15 19:03:51.598546: Current epoch: 449, loss: 0.07353756576776505, validation loss: 0.38882434368133545
2024-05-15 19:03:56.251285:2024-05-15 19:03:56.251217: Current epoch: 450, loss: 0.06395730376243591, validation loss: 0.5371212959289551
2024-05-15 19:04:00.896121:2024-05-15 19:04:00.896047: Current epoch: 451, loss: 0.06928658485412598, validation loss: 0.37424349784851074
2024-05-15 19:04:05.417748:2024-05-15 19:04:05.417677: Current epoch: 452, loss: 0.0535404309630394, validation loss: 0.3838242292404175
2024-05-15 19:04:10.030252:2024-05-15 19:04:10.030129: Current epoch: 453, loss: 0.04359761252999306, validation loss: 0.3777480721473694
2024-05-15 19:04:14.535593:2024-05-15 19:04:14.535521: Current epoch: 454, loss: 0.03957713395357132, validation loss: 0.3557545840740204
2024-05-15 19:04:19.248258:2024-05-15 19:04:19.248175: Current epoch: 455, loss: 0.040628883987665176, validation loss: 0.3662171959877014
2024-05-15 19:04:24.008657:2024-05-15 19:04:24.008573: Current epoch: 456, loss: 0.039691369980573654, validation loss: 0.37029826641082764
2024-05-15 19:04:28.512125:2024-05-15 19:04:28.512051: Current epoch: 457, loss: 0.04141674563288689, validation loss: 0.37062332034111023
2024-05-15 19:04:33.243190:2024-05-15 19:04:33.243083: Current epoch: 458, loss: 0.045408450067043304, validation loss: 0.3672536015510559
2024-05-15 19:04:38.023256:2024-05-15 19:04:38.023182: Current epoch: 459, loss: 0.04805779084563255, validation loss: 0.3744163513183594
2024-05-15 19:04:42.738239:2024-05-15 19:04:42.738138: Current epoch: 460, loss: 0.0486200787127018, validation loss: 0.3672121465206146
2024-05-15 19:04:47.298888:2024-05-15 19:04:47.298815: Current epoch: 461, loss: 0.04654211550951004, validation loss: 0.36300206184387207
2024-05-15 19:04:51.899127:2024-05-15 19:04:51.899055: Current epoch: 462, loss: 0.04614647477865219, validation loss: 0.3708958327770233
2024-05-15 19:04:56.558275:2024-05-15 19:04:56.558207: Current epoch: 463, loss: 0.04698318988084793, validation loss: 0.3694276511669159
2024-05-15 19:05:01.200866:2024-05-15 19:05:01.200794: Current epoch: 464, loss: 0.04854263737797737, validation loss: 0.357242614030838
2024-05-15 19:05:05.678200:2024-05-15 19:05:05.678126: Current epoch: 465, loss: 0.059747032821178436, validation loss: 0.3981526792049408
2024-05-15 19:05:10.253615:2024-05-15 19:05:10.253541: Current epoch: 466, loss: 0.10298902541399002, validation loss: 0.3777032196521759
2024-05-15 19:05:14.838994:2024-05-15 19:05:14.838904: Current epoch: 467, loss: 0.04478425160050392, validation loss: 0.37455952167510986
2024-05-15 19:05:19.295718:2024-05-15 19:05:19.295594: Current epoch: 468, loss: 0.03924335166811943, validation loss: 0.3626425266265869
2024-05-15 19:05:24.002957:2024-05-15 19:05:24.002864: Current epoch: 469, loss: 0.03727192059159279, validation loss: 0.3685460686683655
2024-05-15 19:05:28.834371:2024-05-15 19:05:28.834269: Current epoch: 470, loss: 0.03898023068904877, validation loss: 0.36798691749572754
2024-05-15 19:05:33.423177:2024-05-15 19:05:33.423104: Current epoch: 471, loss: 0.03822711855173111, validation loss: 0.3659205436706543
2024-05-15 19:05:37.908446:2024-05-15 19:05:37.908374: Current epoch: 472, loss: 0.04113462194800377, validation loss: 0.37016594409942627
2024-05-15 19:05:42.497379:2024-05-15 19:05:42.497296: Current epoch: 473, loss: 0.041459377855062485, validation loss: 0.36806610226631165
2024-05-15 19:05:47.103389:2024-05-15 19:05:47.103315: Current epoch: 474, loss: 0.0434553287923336, validation loss: 0.3691079914569855
2024-05-15 19:05:51.637903:2024-05-15 19:05:51.637830: Current epoch: 475, loss: 0.04340123012661934, validation loss: 0.3733160197734833
2024-05-15 19:05:56.170817:2024-05-15 19:05:56.170743: Current epoch: 476, loss: 0.04723851755261421, validation loss: 0.38289371132850647
2024-05-15 19:06:00.602157:2024-05-15 19:06:00.602083: Current epoch: 477, loss: 0.05000552535057068, validation loss: 0.3804352581501007
2024-05-15 19:06:05.054765:2024-05-15 19:06:05.054691: Current epoch: 478, loss: 0.06848601251840591, validation loss: 0.37700679898262024
2024-05-15 19:06:09.824871:2024-05-15 19:06:09.824807: Current epoch: 479, loss: 0.047512929886579514, validation loss: 0.4139290153980255
2024-05-15 19:06:14.621536:2024-05-15 19:06:14.621457: Current epoch: 480, loss: 0.04515025019645691, validation loss: 0.40439051389694214
2024-05-15 19:06:19.151414:2024-05-15 19:06:19.151303: Current epoch: 481, loss: 0.05779886618256569, validation loss: 0.3663472831249237
2024-05-15 19:06:23.686116:2024-05-15 19:06:23.686006: Current epoch: 482, loss: 0.042194101959466934, validation loss: 0.36423757672309875
2024-05-15 19:06:28.274840:2024-05-15 19:06:28.274765: Current epoch: 483, loss: 0.044512517750263214, validation loss: 0.36600035429000854
2024-05-15 19:06:32.917159:2024-05-15 19:06:32.917098: Current epoch: 484, loss: 0.04001340642571449, validation loss: 0.36214280128479004
2024-05-15 19:06:37.630137:2024-05-15 19:06:37.630063: Current epoch: 485, loss: 0.07116513699293137, validation loss: 0.40737631916999817
2024-05-15 19:06:42.312733:2024-05-15 19:06:42.312658: Current epoch: 486, loss: 0.06462930887937546, validation loss: 0.3691963255405426
2024-05-15 19:06:47.012068:2024-05-15 19:06:47.011987: Current epoch: 487, loss: 0.036794427782297134, validation loss: 0.35801461338996887
2024-05-15 19:06:51.748254:2024-05-15 19:06:51.748181: Current epoch: 488, loss: 0.03600596636533737, validation loss: 0.3555547893047333
2024-05-15 19:06:56.514846:2024-05-15 19:06:56.514778: Current epoch: 489, loss: 0.0415165051817894, validation loss: 0.37122905254364014
2024-05-15 19:07:01.084968:2024-05-15 19:07:01.084843: Current epoch: 490, loss: 0.038921330124139786, validation loss: 0.3527591824531555
2024-05-15 19:07:05.597985:2024-05-15 19:07:05.597877: Current epoch: 491, loss: 0.038933489471673965, validation loss: 0.36807820200920105
2024-05-15 19:07:10.071368:2024-05-15 19:07:10.071310: Current epoch: 492, loss: 0.041291244328022, validation loss: 0.35678786039352417
2024-05-15 19:07:14.830916:2024-05-15 19:07:14.830853: Current epoch: 493, loss: 0.042732372879981995, validation loss: 0.35827767848968506
2024-05-15 19:07:19.266520:2024-05-15 19:07:19.266446: Current epoch: 494, loss: 0.04349253699183464, validation loss: 0.3609747886657715
2024-05-15 19:07:23.876245:2024-05-15 19:07:23.876172: Current epoch: 495, loss: 0.04473915323615074, validation loss: 0.3658268451690674
2024-05-15 19:07:28.578142:2024-05-15 19:07:28.578067: Current epoch: 496, loss: 0.04375628009438515, validation loss: 0.37008029222488403
2024-05-15 19:07:33.423221:2024-05-15 19:07:33.423173: Current epoch: 497, loss: 0.04706326872110367, validation loss: 0.35636869072914124
2024-05-15 19:07:33.750400:the test error is  [0.35983532667160034, 0.35983532667160034]
2024-05-15 19:07:36.222703:saved model to sample/matbert-base-cased_robo_prop_mbj_bandgap
2024-05-15 19:07:36.572582:done