
2024-05-15 21:17:31.366821:job config: {'train_data_path': '/data/yll6162/alignntl_dft_3d/tl_dataset/dataset_matbert-base-cased_robo_prop_slme_train.csv', 'val_data_path': '/data/yll6162/alignntl_dft_3d/tl_dataset/dataset_matbert-base-cased_robo_prop_slme_val.csv', 'test_data_path': '/data/yll6162/alignntl_dft_3d/tl_dataset/dataset_matbert-base-cased_robo_prop_slme_test.csv', 'label': 'slme', 'input_type': None, 'log_folder': 'log', 'log_file': 'matbert-base-cased_robo_prop_slme.log', 'test_metric': 'mae', 'architecture': '1024Rx4D-512Rx3D-256Rx3D-128Rx3D-64Rx2-32Rx1-1', 'model_seed': 0, 'loss_type': 'mae', 'config_file': 'sample/matbert-base-cased_robo_prop_slme_job.config', 'use_valid': True, 'project': 'MOF', 'regressors': None, 'input_types': None, 'paramsGrid': {'optimizer': 'Adam', 'learning_rate': 0.0001, 'patience': 200, 'dropouts': [0.8, 0.9, 0.7, 0.8], 'EVAL_FREQUENCY': 1000}, 'save_path': 'sample/matbert-base-cased_robo_prop_slme', 'model_path': None, 'last_layer_with_weight': True, 'keras_path': 'model/matbert-base-cased_robo_prop_slme', 'test_size': None, 'val_size': None}
2024-05-15 21:17:31.366885:train data path is  /data/yll6162/alignntl_dft_3d/tl_dataset/dataset_matbert-base-cased_robo_prop_slme_train.csv
2024-05-15 21:17:32.287657:input attribute sets are:  None
2024-05-15 21:17:32.287795:test data path is  /data/yll6162/alignntl_dft_3d/tl_dataset/dataset_matbert-base-cased_robo_prop_slme_test.csv
2024-05-15 21:17:32.475416:val data path is  /data/yll6162/alignntl_dft_3d/tl_dataset/dataset_matbert-base-cased_robo_prop_slme_val.csv
2024-05-15 21:17:32.649501:input attributes are:  Index(['0', '1', '2', '3', '4', '5', '6', '7', '8', '9',
       ...
       '758', '759', '760', '761', '762', '763', '764', '765', '766', '767'],
      dtype='object', length=768)
2024-05-15 21:17:32.649646:label: slme
2024-05-15 21:17:37.460832: train, test, valid sizes:  (7810, 768) (7810,) (977, 768) (977,) (977, 768) (977,)
2024-05-15 21:17:37.502345:train matrix shape of train_X:  (7810, 768)  train_y:  (7810,)
2024-05-15 21:17:37.502425:valid matrix shape of train_X:  (977, 768)  valid_y:  (977,)
2024-05-15 21:17:37.502463:test matrix shape of valid_X:   (977, 768)  test_y:  (977,)
2024-05-15 21:17:37.502497:architecture is:  1024Rx4D-512Rx3D-256Rx3D-128Rx3D-64Rx2-32Rx1-1
2024-05-15 21:17:37.502531:learning rate is  0.0001
2024-05-15 21:17:37.502562:model path is  None
2024-05-15 21:17:37.514759:adding fully connected layers with 1024 outputs
2024-05-15 21:17:38.132031:adding residual with fc as the size are different
2024-05-15 21:17:38.138813:adding fully connected layers with 1024 outputs
2024-05-15 21:17:38.143779:adding residual, both sizes are same
2024-05-15 21:17:38.145647:adding fully connected layers with 1024 outputs
2024-05-15 21:17:38.150356:adding residual, both sizes are same
2024-05-15 21:17:38.152190:adding fully connected layers with 1024 outputs
2024-05-15 21:17:38.156875:adding residual, both sizes are same
2024-05-15 21:17:38.158717:adding dropout 0.8
2024-05-15 21:17:38.163027:adding fully connected layers with 512 outputs
2024-05-15 21:17:38.167875:adding residual with fc as the size are different
2024-05-15 21:17:38.174595:adding fully connected layers with 512 outputs
2024-05-15 21:17:38.179375:adding residual, both sizes are same
2024-05-15 21:17:38.181164:adding fully connected layers with 512 outputs
2024-05-15 21:17:38.185840:adding residual, both sizes are same
2024-05-15 21:17:38.187659:adding dropout 0.9
2024-05-15 21:17:38.189213:adding fully connected layers with 256 outputs
2024-05-15 21:17:38.193988:adding residual with fc as the size are different
2024-05-15 21:17:38.200166:adding fully connected layers with 256 outputs
2024-05-15 21:17:38.204943:adding residual, both sizes are same
2024-05-15 21:17:38.209049:adding fully connected layers with 256 outputs
2024-05-15 21:17:38.221056:adding residual, both sizes are same
2024-05-15 21:17:38.223616:adding dropout 0.7
2024-05-15 21:17:38.225830:adding fully connected layers with 128 outputs
2024-05-15 21:17:38.231637:adding residual with fc as the size are different
2024-05-15 21:17:38.238496:adding fully connected layers with 128 outputs
2024-05-15 21:17:38.243507:adding residual, both sizes are same
2024-05-15 21:17:38.245435:adding fully connected layers with 128 outputs
2024-05-15 21:17:38.256872:adding residual, both sizes are same
2024-05-15 21:17:38.260482:adding dropout 0.8
2024-05-15 21:17:38.262697:adding fully connected layers with 64 outputs
2024-05-15 21:17:38.269012:adding residual with fc as the size are different
2024-05-15 21:17:38.274892:adding fully connected layers with 64 outputs
2024-05-15 21:17:38.279719:adding residual, both sizes are same
2024-05-15 21:17:38.281468:adding fully connected layers with 32 outputs
2024-05-15 21:17:38.286155:adding residual with fc as the size are different
2024-05-15 21:17:38.292342:adding final layer with 1 output
2024-05-15 21:17:38.301431:Model: "ElemNet"
2024-05-15 21:17:38.301501:__________________________________________________________________________________________________
2024-05-15 21:17:38.301550:Layer (type)                    Output Shape         Param #     Connected to                     
2024-05-15 21:17:38.301585:==================================================================================================
2024-05-15 21:17:38.301796:elemental_fractions (InputLayer [(None, 768)]        0                                            
2024-05-15 21:17:38.301842:__________________________________________________________________________________________________
2024-05-15 21:17:38.302000:fc0_0 (Dense)                   (None, 1024)         787456      elemental_fractions[0][0]        
2024-05-15 21:17:38.302045:__________________________________________________________________________________________________
2024-05-15 21:17:38.302152:fc0_dim_0 (Dense)               (None, 1024)         787456      elemental_fractions[0][0]        
2024-05-15 21:17:38.302205:__________________________________________________________________________________________________
2024-05-15 21:17:38.302280:tf.__operators__.add (TFOpLambd (None, 1024)         0           fc0_0[0][0]                      
2024-05-15 21:17:38.302319:                                                                 fc0_dim_0[0][0]                  
2024-05-15 21:17:38.302351:__________________________________________________________________________________________________
2024-05-15 21:17:38.302446:fc0_1 (Dense)                   (None, 1024)         1049600     tf.__operators__.add[0][0]       
2024-05-15 21:17:38.302486:__________________________________________________________________________________________________
2024-05-15 21:17:38.302555:tf.__operators__.add_1 (TFOpLam (None, 1024)         0           fc0_1[0][0]                      
2024-05-15 21:17:38.302594:                                                                 tf.__operators__.add[0][0]       
2024-05-15 21:17:38.302626:__________________________________________________________________________________________________
2024-05-15 21:17:38.302721:fc0_2 (Dense)                   (None, 1024)         1049600     tf.__operators__.add_1[0][0]     
2024-05-15 21:17:38.302759:__________________________________________________________________________________________________
2024-05-15 21:17:38.302827:tf.__operators__.add_2 (TFOpLam (None, 1024)         0           fc0_2[0][0]                      
2024-05-15 21:17:38.302866:                                                                 tf.__operators__.add_1[0][0]     
2024-05-15 21:17:38.302898:__________________________________________________________________________________________________
2024-05-15 21:17:38.303017:fc0_3 (Dense)                   (None, 1024)         1049600     tf.__operators__.add_2[0][0]     
2024-05-15 21:17:38.303059:__________________________________________________________________________________________________
2024-05-15 21:17:38.303133:tf.__operators__.add_3 (TFOpLam (None, 1024)         0           fc0_3[0][0]                      
2024-05-15 21:17:38.303174:                                                                 tf.__operators__.add_2[0][0]     
2024-05-15 21:17:38.303216:__________________________________________________________________________________________________
2024-05-15 21:17:38.303288:dropout (Dropout)               (None, 1024)         0           tf.__operators__.add_3[0][0]     
2024-05-15 21:17:38.303324:__________________________________________________________________________________________________
2024-05-15 21:17:38.303424:fc1_0 (Dense)                   (None, 512)          524800      dropout[0][0]                    
2024-05-15 21:17:38.303465:__________________________________________________________________________________________________
2024-05-15 21:17:38.303564:fc1_dim_0 (Dense)               (None, 512)          524800      dropout[0][0]                    
2024-05-15 21:17:38.303603:__________________________________________________________________________________________________
2024-05-15 21:17:38.303675:tf.__operators__.add_4 (TFOpLam (None, 512)          0           fc1_0[0][0]                      
2024-05-15 21:17:38.303717:                                                                 fc1_dim_0[0][0]                  
2024-05-15 21:17:38.303751:__________________________________________________________________________________________________
2024-05-15 21:17:38.303847:fc1_1 (Dense)                   (None, 512)          262656      tf.__operators__.add_4[0][0]     
2024-05-15 21:17:38.303886:__________________________________________________________________________________________________
2024-05-15 21:17:38.303967:tf.__operators__.add_5 (TFOpLam (None, 512)          0           fc1_1[0][0]                      
2024-05-15 21:17:38.304010:                                                                 tf.__operators__.add_4[0][0]     
2024-05-15 21:17:38.304044:__________________________________________________________________________________________________
2024-05-15 21:17:38.304142:fc1_2 (Dense)                   (None, 512)          262656      tf.__operators__.add_5[0][0]     
2024-05-15 21:17:38.304181:__________________________________________________________________________________________________
2024-05-15 21:17:38.304264:tf.__operators__.add_6 (TFOpLam (None, 512)          0           fc1_2[0][0]                      
2024-05-15 21:17:38.304303:                                                                 tf.__operators__.add_5[0][0]     
2024-05-15 21:17:38.304336:__________________________________________________________________________________________________
2024-05-15 21:17:38.304399:dropout_1 (Dropout)             (None, 512)          0           tf.__operators__.add_6[0][0]     
2024-05-15 21:17:38.304434:__________________________________________________________________________________________________
2024-05-15 21:17:38.304524:fc2_0 (Dense)                   (None, 256)          131328      dropout_1[0][0]                  
2024-05-15 21:17:38.304563:__________________________________________________________________________________________________
2024-05-15 21:17:38.304654:fc2_dim_0 (Dense)               (None, 256)          131328      dropout_1[0][0]                  
2024-05-15 21:17:38.304691:__________________________________________________________________________________________________
2024-05-15 21:17:38.304758:tf.__operators__.add_7 (TFOpLam (None, 256)          0           fc2_0[0][0]                      
2024-05-15 21:17:38.304797:                                                                 fc2_dim_0[0][0]                  
2024-05-15 21:17:38.304829:__________________________________________________________________________________________________
2024-05-15 21:17:38.304918:fc2_1 (Dense)                   (None, 256)          65792       tf.__operators__.add_7[0][0]     
2024-05-15 21:17:38.304981:__________________________________________________________________________________________________
2024-05-15 21:17:38.305337:tf.__operators__.add_8 (TFOpLam (None, 256)          0           fc2_1[0][0]                      
2024-05-15 21:17:38.305554:                                                                 tf.__operators__.add_7[0][0]     
2024-05-15 21:17:38.305698:__________________________________________________________________________________________________
2024-05-15 21:17:38.306145:fc2_2 (Dense)                   (None, 256)          65792       tf.__operators__.add_8[0][0]     
2024-05-15 21:17:38.306298:__________________________________________________________________________________________________
2024-05-15 21:17:38.306566:tf.__operators__.add_9 (TFOpLam (None, 256)          0           fc2_2[0][0]                      
2024-05-15 21:17:38.306712:                                                                 tf.__operators__.add_8[0][0]     
2024-05-15 21:17:38.306830:__________________________________________________________________________________________________
2024-05-15 21:17:38.307085:dropout_2 (Dropout)             (None, 256)          0           tf.__operators__.add_9[0][0]     
2024-05-15 21:17:38.307212:__________________________________________________________________________________________________
2024-05-15 21:17:38.307556:fc3_0 (Dense)                   (None, 128)          32896       dropout_2[0][0]                  
2024-05-15 21:17:38.307705:__________________________________________________________________________________________________
2024-05-15 21:17:38.308056:fc3_dim_0 (Dense)               (None, 128)          32896       dropout_2[0][0]                  
2024-05-15 21:17:38.308191:__________________________________________________________________________________________________
2024-05-15 21:17:38.308439:tf.__operators__.add_10 (TFOpLa (None, 128)          0           fc3_0[0][0]                      
2024-05-15 21:17:38.308578:                                                                 fc3_dim_0[0][0]                  
2024-05-15 21:17:38.308694:__________________________________________________________________________________________________
2024-05-15 21:17:38.309037:fc3_1 (Dense)                   (None, 128)          16512       tf.__operators__.add_10[0][0]    
2024-05-15 21:17:38.309172:__________________________________________________________________________________________________
2024-05-15 21:17:38.309416:tf.__operators__.add_11 (TFOpLa (None, 128)          0           fc3_1[0][0]                      
2024-05-15 21:17:38.309554:                                                                 tf.__operators__.add_10[0][0]    
2024-05-15 21:17:38.309669:__________________________________________________________________________________________________
2024-05-15 21:17:38.310009:fc3_2 (Dense)                   (None, 128)          16512       tf.__operators__.add_11[0][0]    
2024-05-15 21:17:38.310226:__________________________________________________________________________________________________
2024-05-15 21:17:38.310497:tf.__operators__.add_12 (TFOpLa (None, 128)          0           fc3_2[0][0]                      
2024-05-15 21:17:38.310639:                                                                 tf.__operators__.add_11[0][0]    
2024-05-15 21:17:38.310758:__________________________________________________________________________________________________
2024-05-15 21:17:38.311025:dropout_3 (Dropout)             (None, 128)          0           tf.__operators__.add_12[0][0]    
2024-05-15 21:17:38.311155:__________________________________________________________________________________________________
2024-05-15 21:17:38.311498:fc4_0 (Dense)                   (None, 64)           8256        dropout_3[0][0]                  
2024-05-15 21:17:38.311637:__________________________________________________________________________________________________
2024-05-15 21:17:38.311980:fc4_dim_0 (Dense)               (None, 64)           8256        dropout_3[0][0]                  
2024-05-15 21:17:38.312116:__________________________________________________________________________________________________
2024-05-15 21:17:38.312361:tf.__operators__.add_13 (TFOpLa (None, 64)           0           fc4_0[0][0]                      
2024-05-15 21:17:38.312512:                                                                 fc4_dim_0[0][0]                  
2024-05-15 21:17:38.312630:__________________________________________________________________________________________________
2024-05-15 21:17:38.312981:fc4_1 (Dense)                   (None, 64)           4160        tf.__operators__.add_13[0][0]    
2024-05-15 21:17:38.313117:__________________________________________________________________________________________________
2024-05-15 21:17:38.313361:tf.__operators__.add_14 (TFOpLa (None, 64)           0           fc4_1[0][0]                      
2024-05-15 21:17:38.313499:                                                                 tf.__operators__.add_13[0][0]    
2024-05-15 21:17:38.313615:__________________________________________________________________________________________________
2024-05-15 21:17:38.313959:fc5_0 (Dense)                   (None, 32)           2080        tf.__operators__.add_14[0][0]    
2024-05-15 21:17:38.314100:__________________________________________________________________________________________________
2024-05-15 21:17:38.314426:fc5_dim_0 (Dense)               (None, 32)           2080        tf.__operators__.add_14[0][0]    
2024-05-15 21:17:38.314560:__________________________________________________________________________________________________
2024-05-15 21:17:38.314799:tf.__operators__.add_15 (TFOpLa (None, 32)           0           fc5_0[0][0]                      
2024-05-15 21:17:38.314998:                                                                 fc5_dim_0[0][0]                  
2024-05-15 21:17:38.315170:__________________________________________________________________________________________________
2024-05-15 21:17:38.315525:fc6 (Dense)                     (None, 1)            33          tf.__operators__.add_15[0][0]    
2024-05-15 21:17:38.315661:==================================================================================================
2024-05-15 21:17:38.317669:Total params: 6,816,545
2024-05-15 21:17:38.317826:Trainable params: 6,816,545
2024-05-15 21:17:38.318016:Non-trainable params: 0
2024-05-15 21:17:38.318160:__________________________________________________________________________________________________
2024-05-15 21:17:38.330564:start training
2024-05-15 21:17:41.994716:2024-05-15 21:17:41.994661: Current epoch: 0, loss: 10.88775634765625, validation loss: 14.125730514526367
2024-05-15 21:17:44.304392:2024-05-15 21:17:44.304324: Current epoch: 1, loss: 9.044679641723633, validation loss: 9.660152435302734
2024-05-15 21:17:46.579234:2024-05-15 21:17:46.579142: Current epoch: 2, loss: 8.529202461242676, validation loss: 11.022735595703125
2024-05-15 21:17:48.881561:2024-05-15 21:17:48.881517: Current epoch: 3, loss: 8.418586730957031, validation loss: 9.10294246673584
2024-05-15 21:17:51.270189:2024-05-15 21:17:51.270112: Current epoch: 4, loss: 7.818440914154053, validation loss: 8.889764785766602
2024-05-15 21:17:53.542311:2024-05-15 21:17:53.542262: Current epoch: 5, loss: 7.475986957550049, validation loss: 7.648293972015381
2024-05-15 21:17:55.851679:2024-05-15 21:17:55.851612: Current epoch: 6, loss: 7.607487678527832, validation loss: 8.277058601379395
2024-05-15 21:17:58.175025:2024-05-15 21:17:58.174946: Current epoch: 7, loss: 7.077603816986084, validation loss: 7.2601165771484375
2024-05-15 21:18:00.487009:2024-05-15 21:18:00.486895: Current epoch: 8, loss: 7.029545783996582, validation loss: 7.970914840698242
2024-05-15 21:18:02.685096:2024-05-15 21:18:02.684919: Current epoch: 9, loss: 6.775485515594482, validation loss: 12.513379096984863
2024-05-15 21:18:07.438297:2024-05-15 21:18:07.438238: Current epoch: 10, loss: 7.032138824462891, validation loss: 7.259385585784912
2024-05-15 21:18:09.697326:2024-05-15 21:18:09.697263: Current epoch: 11, loss: 6.4939351081848145, validation loss: 7.044238567352295
2024-05-15 21:18:11.921214:2024-05-15 21:18:11.921085: Current epoch: 12, loss: 6.508342266082764, validation loss: 7.156916618347168
2024-05-15 21:18:14.279400:2024-05-15 21:18:14.279340: Current epoch: 13, loss: 6.282781600952148, validation loss: 6.817693710327148
2024-05-15 21:18:16.489274:2024-05-15 21:18:16.489204: Current epoch: 14, loss: 6.11853551864624, validation loss: 6.845015525817871
2024-05-15 21:18:18.706130:2024-05-15 21:18:18.706083: Current epoch: 15, loss: 6.054924011230469, validation loss: 6.700229167938232
2024-05-15 21:18:20.957596:2024-05-15 21:18:20.957466: Current epoch: 16, loss: 5.893403053283691, validation loss: 6.771799564361572
2024-05-15 21:18:23.280581:2024-05-15 21:18:23.280517: Current epoch: 17, loss: 5.662288665771484, validation loss: 6.507976531982422
2024-05-15 21:18:25.618360:2024-05-15 21:18:25.618249: Current epoch: 18, loss: 5.754868030548096, validation loss: 6.678089618682861
2024-05-15 21:18:27.951031:2024-05-15 21:18:27.950974: Current epoch: 19, loss: 5.683751106262207, validation loss: 6.239604473114014
2024-05-15 21:18:32.567516:2024-05-15 21:18:32.567444: Current epoch: 20, loss: 5.433815956115723, validation loss: 6.592036247253418
2024-05-15 21:18:34.893693:2024-05-15 21:18:34.893622: Current epoch: 21, loss: 5.346020221710205, validation loss: 7.209611892700195
2024-05-15 21:18:37.156298:2024-05-15 21:18:37.156142: Current epoch: 22, loss: 5.247013092041016, validation loss: 8.663374900817871
2024-05-15 21:18:39.376560:2024-05-15 21:18:39.376489: Current epoch: 23, loss: 5.940406799316406, validation loss: 6.923675537109375
2024-05-15 21:18:41.754566:2024-05-15 21:18:41.754405: Current epoch: 24, loss: 5.005224704742432, validation loss: 6.47139310836792
2024-05-15 21:18:44.036097:2024-05-15 21:18:44.036023: Current epoch: 25, loss: 4.867858409881592, validation loss: 6.87253999710083
2024-05-15 21:18:46.288688:2024-05-15 21:18:46.288606: Current epoch: 26, loss: 4.66285514831543, validation loss: 7.58975076675415
2024-05-15 21:18:48.603435:2024-05-15 21:18:48.603364: Current epoch: 27, loss: 4.86538553237915, validation loss: 6.772542476654053
2024-05-15 21:18:50.816246:2024-05-15 21:18:50.816175: Current epoch: 28, loss: 4.579665660858154, validation loss: 7.017381191253662
2024-05-15 21:18:53.169430:2024-05-15 21:18:53.169357: Current epoch: 29, loss: 4.52915096282959, validation loss: 6.138451099395752
2024-05-15 21:18:57.868770:2024-05-15 21:18:57.868699: Current epoch: 30, loss: 4.374006748199463, validation loss: 6.221773624420166
2024-05-15 21:19:00.200283:2024-05-15 21:19:00.200210: Current epoch: 31, loss: 4.172192573547363, validation loss: 6.283063888549805
2024-05-15 21:19:02.517991:2024-05-15 21:19:02.517940: Current epoch: 32, loss: 4.17827033996582, validation loss: 6.041449069976807
2024-05-15 21:19:04.767754:2024-05-15 21:19:04.767626: Current epoch: 33, loss: 4.217426300048828, validation loss: 6.762235641479492
2024-05-15 21:19:07.118123:2024-05-15 21:19:07.118065: Current epoch: 34, loss: 3.9452285766601562, validation loss: 5.984073638916016
2024-05-15 21:19:09.382467:2024-05-15 21:19:09.382402: Current epoch: 35, loss: 3.9455275535583496, validation loss: 5.896810054779053
2024-05-15 21:19:11.632371:2024-05-15 21:19:11.632296: Current epoch: 36, loss: 3.717582941055298, validation loss: 6.1267008781433105
2024-05-15 21:19:13.900368:2024-05-15 21:19:13.900296: Current epoch: 37, loss: 3.884000062942505, validation loss: 6.041140079498291
2024-05-15 21:19:16.201105:2024-05-15 21:19:16.201033: Current epoch: 38, loss: 3.7047579288482666, validation loss: 5.903819561004639
2024-05-15 21:19:18.475580:2024-05-15 21:19:18.475460: Current epoch: 39, loss: 3.7510745525360107, validation loss: 6.295846939086914
2024-05-15 21:19:20.743772:2024-05-15 21:19:20.743669: Current epoch: 40, loss: 3.6785333156585693, validation loss: 6.466804504394531
2024-05-15 21:19:22.989767:2024-05-15 21:19:22.989700: Current epoch: 41, loss: 3.4879040718078613, validation loss: 5.91425085067749
2024-05-15 21:19:25.232969:2024-05-15 21:19:25.232875: Current epoch: 42, loss: 3.410604238510132, validation loss: 5.9015655517578125
2024-05-15 21:19:27.514853:2024-05-15 21:19:27.514781: Current epoch: 43, loss: 3.1921372413635254, validation loss: 6.086664199829102
2024-05-15 21:19:29.915704:2024-05-15 21:19:29.915656: Current epoch: 44, loss: 3.151437759399414, validation loss: 5.784591197967529
2024-05-15 21:19:32.271653:2024-05-15 21:19:32.271503: Current epoch: 45, loss: 3.2073445320129395, validation loss: 6.008108139038086
2024-05-15 21:19:34.720501:2024-05-15 21:19:34.720431: Current epoch: 46, loss: 3.125962495803833, validation loss: 5.98637580871582
2024-05-15 21:19:37.126151:2024-05-15 21:19:37.126078: Current epoch: 47, loss: 3.0066423416137695, validation loss: 6.095860958099365
2024-05-15 21:19:39.509343:2024-05-15 21:19:39.509273: Current epoch: 48, loss: 3.235013008117676, validation loss: 5.898713111877441
2024-05-15 21:19:41.831601:2024-05-15 21:19:41.831531: Current epoch: 49, loss: 3.5406322479248047, validation loss: 6.055925369262695
2024-05-15 21:19:46.490570:2024-05-15 21:19:46.490499: Current epoch: 50, loss: 2.92344331741333, validation loss: 6.224591255187988
2024-05-15 21:19:48.855762:2024-05-15 21:19:48.855668: Current epoch: 51, loss: 2.886167526245117, validation loss: 5.730886459350586
2024-05-15 21:19:51.170388:2024-05-15 21:19:51.170339: Current epoch: 52, loss: 2.8121588230133057, validation loss: 5.703595161437988
2024-05-15 21:19:53.426774:2024-05-15 21:19:53.426722: Current epoch: 53, loss: 2.8974592685699463, validation loss: 5.669023513793945
2024-05-15 21:19:55.720173:2024-05-15 21:19:55.720109: Current epoch: 54, loss: 2.799804925918579, validation loss: 6.041504383087158
2024-05-15 21:19:58.040654:2024-05-15 21:19:58.040590: Current epoch: 55, loss: 2.8323092460632324, validation loss: 5.771231174468994
2024-05-15 21:20:00.343218:2024-05-15 21:20:00.343063: Current epoch: 56, loss: 2.7142221927642822, validation loss: 5.854435443878174
2024-05-15 21:20:02.728294:2024-05-15 21:20:02.728130: Current epoch: 57, loss: 2.6773955821990967, validation loss: 5.909179210662842
2024-05-15 21:20:05.056665:2024-05-15 21:20:05.056616: Current epoch: 58, loss: 2.833595037460327, validation loss: 5.597501277923584
2024-05-15 21:20:07.387488:2024-05-15 21:20:07.387415: Current epoch: 59, loss: 2.4700868129730225, validation loss: 5.670680046081543
2024-05-15 21:20:12.008577:2024-05-15 21:20:12.008499: Current epoch: 60, loss: 2.4531090259552, validation loss: 5.6246161460876465
2024-05-15 21:20:14.326663:2024-05-15 21:20:14.326504: Current epoch: 61, loss: 2.6994619369506836, validation loss: 5.706710338592529
2024-05-15 21:20:16.678992:2024-05-15 21:20:16.678764: Current epoch: 62, loss: 2.493561267852783, validation loss: 5.811368942260742
2024-05-15 21:20:19.201970:2024-05-15 21:20:19.201776: Current epoch: 63, loss: 2.4550106525421143, validation loss: 5.879595756530762
2024-05-15 21:20:21.599990:2024-05-15 21:20:21.599772: Current epoch: 64, loss: 2.6575868129730225, validation loss: 5.796368598937988
2024-05-15 21:20:23.863600:2024-05-15 21:20:23.863522: Current epoch: 65, loss: 2.2818524837493896, validation loss: 5.579111576080322
2024-05-15 21:20:26.209282:2024-05-15 21:20:26.209210: Current epoch: 66, loss: 2.242807626724243, validation loss: 5.865329742431641
2024-05-15 21:20:28.435777:2024-05-15 21:20:28.435727: Current epoch: 67, loss: 2.3686330318450928, validation loss: 5.341826915740967
2024-05-15 21:20:30.640412:2024-05-15 21:20:30.640346: Current epoch: 68, loss: 2.235488176345825, validation loss: 5.974281311035156
2024-05-15 21:20:32.900782:2024-05-15 21:20:32.900626: Current epoch: 69, loss: 2.2446088790893555, validation loss: 5.819544315338135
2024-05-15 21:20:35.149204:2024-05-15 21:20:35.149126: Current epoch: 70, loss: 2.1454546451568604, validation loss: 5.697978973388672
2024-05-15 21:20:37.486700:2024-05-15 21:20:37.486626: Current epoch: 71, loss: 2.4049391746520996, validation loss: 5.768327236175537
2024-05-15 21:20:39.724944:2024-05-15 21:20:39.724870: Current epoch: 72, loss: 2.310389280319214, validation loss: 5.5324177742004395
2024-05-15 21:20:42.069001:2024-05-15 21:20:42.068897: Current epoch: 73, loss: 2.0669407844543457, validation loss: 5.511975288391113
2024-05-15 21:20:44.332740:2024-05-15 21:20:44.332616: Current epoch: 74, loss: 2.235952615737915, validation loss: 5.69166898727417
2024-05-15 21:20:46.586624:2024-05-15 21:20:46.586524: Current epoch: 75, loss: 2.15163516998291, validation loss: 6.251083850860596
2024-05-15 21:20:48.953471:2024-05-15 21:20:48.953360: Current epoch: 76, loss: 2.1177806854248047, validation loss: 5.475135326385498
2024-05-15 21:20:51.341603:2024-05-15 21:20:51.341502: Current epoch: 77, loss: 2.1290717124938965, validation loss: 5.652916431427002
2024-05-15 21:20:53.666195:2024-05-15 21:20:53.666119: Current epoch: 78, loss: 1.9697003364562988, validation loss: 6.147664546966553
2024-05-15 21:20:55.948054:2024-05-15 21:20:55.947981: Current epoch: 79, loss: 2.015939474105835, validation loss: 5.886297702789307
2024-05-15 21:20:58.257819:2024-05-15 21:20:58.257748: Current epoch: 80, loss: 2.2753231525421143, validation loss: 5.538519859313965
2024-05-15 21:21:00.499658:2024-05-15 21:21:00.499586: Current epoch: 81, loss: 1.9924684762954712, validation loss: 5.950876712799072
2024-05-15 21:21:02.879086:2024-05-15 21:21:02.878916: Current epoch: 82, loss: 1.990674376487732, validation loss: 5.452138900756836
2024-05-15 21:21:05.217668:2024-05-15 21:21:05.217620: Current epoch: 83, loss: 1.8582661151885986, validation loss: 5.314754962921143
2024-05-15 21:21:07.566334:2024-05-15 21:21:07.566235: Current epoch: 84, loss: 1.8521301746368408, validation loss: 5.634911060333252
2024-05-15 21:21:09.869329:2024-05-15 21:21:09.869257: Current epoch: 85, loss: 1.8530211448669434, validation loss: 5.580173492431641
2024-05-15 21:21:12.106285:2024-05-15 21:21:12.106205: Current epoch: 86, loss: 1.8278906345367432, validation loss: 5.501219272613525
2024-05-15 21:21:14.441316:2024-05-15 21:21:14.441191: Current epoch: 87, loss: 1.9296472072601318, validation loss: 5.55682373046875
2024-05-15 21:21:16.848725:2024-05-15 21:21:16.848625: Current epoch: 88, loss: 1.8201372623443604, validation loss: 5.672397613525391
2024-05-15 21:21:19.156171:2024-05-15 21:21:19.156121: Current epoch: 89, loss: 1.8402434587478638, validation loss: 5.269176006317139
2024-05-15 21:21:23.813035:2024-05-15 21:21:23.812868: Current epoch: 90, loss: 1.6989349126815796, validation loss: 5.585541248321533
2024-05-15 21:21:26.165680:2024-05-15 21:21:26.165551: Current epoch: 91, loss: 1.7518274784088135, validation loss: 5.522368431091309
2024-05-15 21:21:28.415592:2024-05-15 21:21:28.415489: Current epoch: 92, loss: 2.2204537391662598, validation loss: 5.508947372436523
2024-05-15 21:21:30.686433:2024-05-15 21:21:30.686357: Current epoch: 93, loss: 1.736946702003479, validation loss: 5.615085601806641
2024-05-15 21:21:32.935807:2024-05-15 21:21:32.935680: Current epoch: 94, loss: 1.7836129665374756, validation loss: 5.511358737945557
2024-05-15 21:21:35.262617:2024-05-15 21:21:35.262525: Current epoch: 95, loss: 1.705036997795105, validation loss: 5.588516712188721
2024-05-15 21:21:37.561471:2024-05-15 21:21:37.561409: Current epoch: 96, loss: 1.7523833513259888, validation loss: 5.6442952156066895
2024-05-15 21:21:39.770231:2024-05-15 21:21:39.770158: Current epoch: 97, loss: 1.6280049085617065, validation loss: 5.630298137664795
2024-05-15 21:21:42.060034:2024-05-15 21:21:42.059952: Current epoch: 98, loss: 1.733994960784912, validation loss: 5.468166828155518
2024-05-15 21:21:44.400979:2024-05-15 21:21:44.400894: Current epoch: 99, loss: 1.6596391201019287, validation loss: 5.754196643829346
2024-05-15 21:21:46.699517:2024-05-15 21:21:46.699448: Current epoch: 100, loss: 1.5966452360153198, validation loss: 5.45432186126709
2024-05-15 21:21:49.033733:2024-05-15 21:21:49.033661: Current epoch: 101, loss: 1.597497820854187, validation loss: 5.619594573974609
2024-05-15 21:21:51.410065:2024-05-15 21:21:51.409991: Current epoch: 102, loss: 1.6695584058761597, validation loss: 6.067560195922852
2024-05-15 21:21:53.789350:2024-05-15 21:21:53.789226: Current epoch: 103, loss: 1.6399866342544556, validation loss: 5.596841335296631
2024-05-15 21:21:56.141471:2024-05-15 21:21:56.141384: Current epoch: 104, loss: 1.5728048086166382, validation loss: 5.491207122802734
2024-05-15 21:21:58.456602:2024-05-15 21:21:58.456539: Current epoch: 105, loss: 1.5374425649642944, validation loss: 5.5071868896484375
2024-05-15 21:22:00.829785:2024-05-15 21:22:00.829711: Current epoch: 106, loss: 1.534461498260498, validation loss: 5.695306777954102
2024-05-15 21:22:03.077198:2024-05-15 21:22:03.077134: Current epoch: 107, loss: 1.597406268119812, validation loss: 5.4795613288879395
2024-05-15 21:22:05.438456:2024-05-15 21:22:05.438380: Current epoch: 108, loss: 1.617201805114746, validation loss: 5.612058162689209
2024-05-15 21:22:07.836120:2024-05-15 21:22:07.836048: Current epoch: 109, loss: 1.5109460353851318, validation loss: 5.683470726013184
2024-05-15 21:22:10.241861:2024-05-15 21:22:10.241760: Current epoch: 110, loss: 1.5364089012145996, validation loss: 5.764164447784424
2024-05-15 21:22:12.493585:2024-05-15 21:22:12.493519: Current epoch: 111, loss: 1.6544424295425415, validation loss: 5.51536226272583
2024-05-15 21:22:14.794987:2024-05-15 21:22:14.794863: Current epoch: 112, loss: 1.5315346717834473, validation loss: 5.315942287445068
2024-05-15 21:22:17.128285:2024-05-15 21:22:17.128207: Current epoch: 113, loss: 1.5856602191925049, validation loss: 5.70444393157959
2024-05-15 21:22:19.432096:2024-05-15 21:22:19.432024: Current epoch: 114, loss: 1.6219364404678345, validation loss: 5.490906238555908
2024-05-15 21:22:21.755272:2024-05-15 21:22:21.755201: Current epoch: 115, loss: 1.4629844427108765, validation loss: 5.537383079528809
2024-05-15 21:22:24.024059:2024-05-15 21:22:24.023986: Current epoch: 116, loss: 1.5263612270355225, validation loss: 5.604572296142578
2024-05-15 21:22:26.326764:2024-05-15 21:22:26.326691: Current epoch: 117, loss: 1.3679395914077759, validation loss: 5.6347150802612305
2024-05-15 21:22:28.639693:2024-05-15 21:22:28.639621: Current epoch: 118, loss: 1.3717988729476929, validation loss: 5.446660041809082
2024-05-15 21:22:30.945037:2024-05-15 21:22:30.944882: Current epoch: 119, loss: 1.5482345819473267, validation loss: 5.58839225769043
2024-05-15 21:22:33.303569:2024-05-15 21:22:33.303471: Current epoch: 120, loss: 1.404289722442627, validation loss: 5.329798698425293
2024-05-15 21:22:35.725216:2024-05-15 21:22:35.725084: Current epoch: 121, loss: 1.3553757667541504, validation loss: 5.59661865234375
2024-05-15 21:22:38.017760:2024-05-15 21:22:38.017686: Current epoch: 122, loss: 1.4157322645187378, validation loss: 5.445293426513672
2024-05-15 21:22:40.386729:2024-05-15 21:22:40.386659: Current epoch: 123, loss: 1.4555126428604126, validation loss: 5.572709560394287
2024-05-15 21:22:42.805649:2024-05-15 21:22:42.805577: Current epoch: 124, loss: 1.3945859670639038, validation loss: 5.477147579193115
2024-05-15 21:22:45.189384:2024-05-15 21:22:45.189312: Current epoch: 125, loss: 1.3289861679077148, validation loss: 5.626466751098633
2024-05-15 21:22:47.616960:2024-05-15 21:22:47.616873: Current epoch: 126, loss: 1.3371583223342896, validation loss: 5.586138725280762
2024-05-15 21:22:49.923659:2024-05-15 21:22:49.923588: Current epoch: 127, loss: 1.4257596731185913, validation loss: 5.550306797027588
2024-05-15 21:22:52.160024:2024-05-15 21:22:52.159951: Current epoch: 128, loss: 1.360044240951538, validation loss: 5.5972137451171875
2024-05-15 21:22:54.418067:2024-05-15 21:22:54.417995: Current epoch: 129, loss: 1.3422555923461914, validation loss: 5.582573413848877
2024-05-15 21:22:56.692470:2024-05-15 21:22:56.692345: Current epoch: 130, loss: 1.28408682346344, validation loss: 5.380833148956299
2024-05-15 21:22:58.968337:2024-05-15 21:22:58.968246: Current epoch: 131, loss: 1.2865771055221558, validation loss: 5.551505088806152
2024-05-15 21:23:01.066603:2024-05-15 21:23:01.066473: Current epoch: 132, loss: 1.3138303756713867, validation loss: 5.675835609436035
2024-05-15 21:23:03.341273:2024-05-15 21:23:03.341176: Current epoch: 133, loss: 1.305140733718872, validation loss: 5.366415500640869
2024-05-15 21:23:05.661138:2024-05-15 21:23:05.661065: Current epoch: 134, loss: 1.314438819885254, validation loss: 5.819618225097656
2024-05-15 21:23:07.916757:2024-05-15 21:23:07.916632: Current epoch: 135, loss: 1.370217204093933, validation loss: 5.594452857971191
2024-05-15 21:23:10.200085:2024-05-15 21:23:10.199982: Current epoch: 136, loss: 1.3114807605743408, validation loss: 5.42467737197876
2024-05-15 21:23:12.473603:2024-05-15 21:23:12.473536: Current epoch: 137, loss: 1.205450177192688, validation loss: 5.565053462982178
2024-05-15 21:23:14.696921:2024-05-15 21:23:14.696854: Current epoch: 138, loss: 1.2169407606124878, validation loss: 5.475383758544922
2024-05-15 21:23:16.965490:2024-05-15 21:23:16.965429: Current epoch: 139, loss: 1.2471156120300293, validation loss: 5.400908946990967
2024-05-15 21:23:19.190090:2024-05-15 21:23:19.190018: Current epoch: 140, loss: 1.2581828832626343, validation loss: 5.4352126121521
2024-05-15 21:23:21.403259:2024-05-15 21:23:21.403144: Current epoch: 141, loss: 1.2665681838989258, validation loss: 5.527124404907227
2024-05-15 21:23:23.671240:2024-05-15 21:23:23.671171: Current epoch: 142, loss: 1.3772622346878052, validation loss: 5.593206405639648
2024-05-15 21:23:25.961507:2024-05-15 21:23:25.961440: Current epoch: 143, loss: 1.284995675086975, validation loss: 5.409653663635254
2024-05-15 21:23:28.242682:2024-05-15 21:23:28.242608: Current epoch: 144, loss: 1.4096239805221558, validation loss: 5.747602462768555
2024-05-15 21:23:30.594638:2024-05-15 21:23:30.594532: Current epoch: 145, loss: 1.2541676759719849, validation loss: 5.6123456954956055
2024-05-15 21:23:32.947898:2024-05-15 21:23:32.947826: Current epoch: 146, loss: 1.3202506303787231, validation loss: 5.589637279510498
2024-05-15 21:23:35.234069:2024-05-15 21:23:35.233995: Current epoch: 147, loss: 1.1891659498214722, validation loss: 5.512522220611572
2024-05-15 21:23:37.583603:2024-05-15 21:23:37.583532: Current epoch: 148, loss: 1.1680868864059448, validation loss: 5.321842670440674
2024-05-15 21:23:39.940092:2024-05-15 21:23:39.940020: Current epoch: 149, loss: 1.2332860231399536, validation loss: 5.7060675621032715
2024-05-15 21:23:42.244140:2024-05-15 21:23:42.244068: Current epoch: 150, loss: 1.3366615772247314, validation loss: 5.647331714630127
2024-05-15 21:23:44.658526:2024-05-15 21:23:44.658369: Current epoch: 151, loss: 1.218660593032837, validation loss: 5.510505199432373
2024-05-15 21:23:47.025886:2024-05-15 21:23:47.025813: Current epoch: 152, loss: 1.187801718711853, validation loss: 5.463521957397461
2024-05-15 21:23:49.371217:2024-05-15 21:23:49.371150: Current epoch: 153, loss: 1.1832122802734375, validation loss: 5.47925329208374
2024-05-15 21:23:51.647080:2024-05-15 21:23:51.647007: Current epoch: 154, loss: 1.1505002975463867, validation loss: 5.440291404724121
2024-05-15 21:23:53.832627:2024-05-15 21:23:53.832518: Current epoch: 155, loss: 1.1542701721191406, validation loss: 5.58693265914917
2024-05-15 21:23:56.150083:2024-05-15 21:23:56.149975: Current epoch: 156, loss: 1.2394025325775146, validation loss: 5.497867584228516
2024-05-15 21:23:58.479327:2024-05-15 21:23:58.479246: Current epoch: 157, loss: 1.1416523456573486, validation loss: 5.488211154937744
2024-05-15 21:24:00.836826:2024-05-15 21:24:00.836746: Current epoch: 158, loss: 1.0594841241836548, validation loss: 5.424764633178711
2024-05-15 21:24:03.090842:2024-05-15 21:24:03.090763: Current epoch: 159, loss: 1.0965442657470703, validation loss: 5.967758655548096
2024-05-15 21:24:05.440222:2024-05-15 21:24:05.440078: Current epoch: 160, loss: 1.208819031715393, validation loss: 5.485363006591797
2024-05-15 21:24:07.707705:2024-05-15 21:24:07.707629: Current epoch: 161, loss: 1.1483683586120605, validation loss: 5.532904624938965
2024-05-15 21:24:10.000332:2024-05-15 21:24:10.000253: Current epoch: 162, loss: 1.1834022998809814, validation loss: 5.943857192993164
2024-05-15 21:24:12.218805:2024-05-15 21:24:12.218739: Current epoch: 163, loss: 1.1835891008377075, validation loss: 5.577672481536865
2024-05-15 21:24:14.378829:2024-05-15 21:24:14.378727: Current epoch: 164, loss: 1.2006351947784424, validation loss: 6.234909534454346
2024-05-15 21:24:16.573119:2024-05-15 21:24:16.573048: Current epoch: 165, loss: 1.2286386489868164, validation loss: 5.380075454711914
2024-05-15 21:24:18.894025:2024-05-15 21:24:18.893875: Current epoch: 166, loss: 1.1602253913879395, validation loss: 5.419914245605469
2024-05-15 21:24:21.174905:2024-05-15 21:24:21.174799: Current epoch: 167, loss: 1.2036290168762207, validation loss: 5.497249126434326
2024-05-15 21:24:23.518683:2024-05-15 21:24:23.518568: Current epoch: 168, loss: 1.159049153327942, validation loss: 5.5745344161987305
2024-05-15 21:24:25.822292:2024-05-15 21:24:25.822132: Current epoch: 169, loss: 1.1727253198623657, validation loss: 5.495497226715088
2024-05-15 21:24:28.103540:2024-05-15 21:24:28.103469: Current epoch: 170, loss: 1.0598139762878418, validation loss: 5.547399997711182
2024-05-15 21:24:30.437677:2024-05-15 21:24:30.437518: Current epoch: 171, loss: 1.0563113689422607, validation loss: 5.343073844909668
2024-05-15 21:24:32.669059:2024-05-15 21:24:32.668980: Current epoch: 172, loss: 0.9957948923110962, validation loss: 5.424672603607178
2024-05-15 21:24:35.024948:2024-05-15 21:24:35.024852: Current epoch: 173, loss: 1.0183851718902588, validation loss: 5.313467025756836
2024-05-15 21:24:37.341087:2024-05-15 21:24:37.341006: Current epoch: 174, loss: 1.0509134531021118, validation loss: 5.3208909034729
2024-05-15 21:24:39.756082:2024-05-15 21:24:39.756004: Current epoch: 175, loss: 1.130569338798523, validation loss: 5.58385705947876
2024-05-15 21:24:42.056213:2024-05-15 21:24:42.056136: Current epoch: 176, loss: 1.03607976436615, validation loss: 5.421411991119385
2024-05-15 21:24:44.389703:2024-05-15 21:24:44.389550: Current epoch: 177, loss: 0.9776744842529297, validation loss: 5.592583179473877
2024-05-15 21:24:46.633062:2024-05-15 21:24:46.632997: Current epoch: 178, loss: 1.135403037071228, validation loss: 5.65586519241333
2024-05-15 21:24:48.871622:2024-05-15 21:24:48.871469: Current epoch: 179, loss: 1.2854816913604736, validation loss: 5.640989780426025
2024-05-15 21:24:51.197558:2024-05-15 21:24:51.197489: Current epoch: 180, loss: 1.0837534666061401, validation loss: 5.677707195281982
2024-05-15 21:24:53.419892:2024-05-15 21:24:53.419818: Current epoch: 181, loss: 1.0733569860458374, validation loss: 5.517308235168457
2024-05-15 21:24:55.661336:2024-05-15 21:24:55.661257: Current epoch: 182, loss: 1.2298709154129028, validation loss: 5.522983551025391
2024-05-15 21:24:57.964957:2024-05-15 21:24:57.964858: Current epoch: 183, loss: 1.0562260150909424, validation loss: 5.294589996337891
2024-05-15 21:25:00.179579:2024-05-15 21:25:00.179426: Current epoch: 184, loss: 0.9488082528114319, validation loss: 5.38995361328125
2024-05-15 21:25:02.467854:2024-05-15 21:25:02.467787: Current epoch: 185, loss: 0.9778191447257996, validation loss: 5.491307735443115
2024-05-15 21:25:04.716542:2024-05-15 21:25:04.716468: Current epoch: 186, loss: 1.1140199899673462, validation loss: 5.678783416748047
2024-05-15 21:25:07.052292:2024-05-15 21:25:07.052193: Current epoch: 187, loss: 1.0618447065353394, validation loss: 5.568129062652588
2024-05-15 21:25:09.399137:2024-05-15 21:25:09.399024: Current epoch: 188, loss: 1.0913703441619873, validation loss: 5.594566345214844
2024-05-15 21:25:11.707202:2024-05-15 21:25:11.707087: Current epoch: 189, loss: 0.9271681904792786, validation loss: 5.3920793533325195
2024-05-15 21:25:14.089484:2024-05-15 21:25:14.089411: Current epoch: 190, loss: 0.9815372228622437, validation loss: 5.559568881988525
2024-05-15 21:25:16.404347:2024-05-15 21:25:16.404305: Current epoch: 191, loss: 0.9776548743247986, validation loss: 5.677324295043945
2024-05-15 21:25:18.682611:2024-05-15 21:25:18.682529: Current epoch: 192, loss: 1.03724205493927, validation loss: 5.472816467285156
2024-05-15 21:25:21.014175:2024-05-15 21:25:21.014075: Current epoch: 193, loss: 0.9961792230606079, validation loss: 5.427543640136719
2024-05-15 21:25:23.303635:2024-05-15 21:25:23.303568: Current epoch: 194, loss: 0.9488193988800049, validation loss: 5.509674072265625
2024-05-15 21:25:25.601812:2024-05-15 21:25:25.601745: Current epoch: 195, loss: 0.9456834197044373, validation loss: 5.296486854553223
2024-05-15 21:25:27.997014:2024-05-15 21:25:27.996881: Current epoch: 196, loss: 0.8940101265907288, validation loss: 5.564462184906006
2024-05-15 21:25:30.351107:2024-05-15 21:25:30.351039: Current epoch: 197, loss: 1.0054688453674316, validation loss: 5.654318809509277
2024-05-15 21:25:32.595545:2024-05-15 21:25:32.595470: Current epoch: 198, loss: 0.9835525155067444, validation loss: 5.362261772155762
2024-05-15 21:25:34.950568:2024-05-15 21:25:34.950484: Current epoch: 199, loss: 1.0532108545303345, validation loss: 5.514841556549072
2024-05-15 21:25:37.262989:2024-05-15 21:25:37.262898: Current epoch: 200, loss: 1.0953476428985596, validation loss: 5.390013694763184
2024-05-15 21:25:39.676648:2024-05-15 21:25:39.676495: Current epoch: 201, loss: 0.9826548099517822, validation loss: 5.58259916305542
2024-05-15 21:25:41.910785:2024-05-15 21:25:41.910714: Current epoch: 202, loss: 1.0119824409484863, validation loss: 5.371950149536133
2024-05-15 21:25:44.248654:2024-05-15 21:25:44.248563: Current epoch: 203, loss: 1.0738399028778076, validation loss: 5.435828685760498
2024-05-15 21:25:46.481120:2024-05-15 21:25:46.481038: Current epoch: 204, loss: 0.9419518113136292, validation loss: 5.3868207931518555
2024-05-15 21:25:48.768041:2024-05-15 21:25:48.767894: Current epoch: 205, loss: 0.9451799988746643, validation loss: 5.714206218719482
2024-05-15 21:25:51.050654:2024-05-15 21:25:51.050581: Current epoch: 206, loss: 1.0188795328140259, validation loss: 5.422407627105713
2024-05-15 21:25:53.367311:2024-05-15 21:25:53.367212: Current epoch: 207, loss: 0.8563665151596069, validation loss: 5.454042911529541
2024-05-15 21:25:55.603381:2024-05-15 21:25:55.603310: Current epoch: 208, loss: 0.8963987231254578, validation loss: 5.4904632568359375
2024-05-15 21:25:57.896181:2024-05-15 21:25:57.896115: Current epoch: 209, loss: 0.9659416079521179, validation loss: 5.563604831695557
2024-05-15 21:26:00.214132:2024-05-15 21:26:00.214059: Current epoch: 210, loss: 1.1609293222427368, validation loss: 5.8148980140686035
2024-05-15 21:26:02.536365:2024-05-15 21:26:02.536291: Current epoch: 211, loss: 0.9643393158912659, validation loss: 5.303946018218994
2024-05-15 21:26:04.950685:2024-05-15 21:26:04.950616: Current epoch: 212, loss: 0.8902221918106079, validation loss: 5.483598709106445
2024-05-15 21:26:07.385318:2024-05-15 21:26:07.385236: Current epoch: 213, loss: 0.9349429607391357, validation loss: 5.353949069976807
2024-05-15 21:26:09.807558:2024-05-15 21:26:09.807507: Current epoch: 214, loss: 0.8328028917312622, validation loss: 5.255340099334717
2024-05-15 21:26:12.141554:2024-05-15 21:26:12.141482: Current epoch: 215, loss: 0.8195937275886536, validation loss: 5.465321063995361
2024-05-15 21:26:14.463849:2024-05-15 21:26:14.463783: Current epoch: 216, loss: 0.821706235408783, validation loss: 5.571889400482178
2024-05-15 21:26:16.810964:2024-05-15 21:26:16.810872: Current epoch: 217, loss: 0.9830778241157532, validation loss: 5.516438961029053
2024-05-15 21:26:19.188807:2024-05-15 21:26:19.188677: Current epoch: 218, loss: 1.0434186458587646, validation loss: 5.731186866760254
2024-05-15 21:26:21.377249:2024-05-15 21:26:21.377176: Current epoch: 219, loss: 0.9609415531158447, validation loss: 5.417254447937012
2024-05-15 21:26:23.606870:2024-05-15 21:26:23.606797: Current epoch: 220, loss: 0.8930327296257019, validation loss: 5.683504581451416
2024-05-15 21:26:25.915743:2024-05-15 21:26:25.915643: Current epoch: 221, loss: 0.9165900349617004, validation loss: 5.551397800445557
2024-05-15 21:26:28.258060:2024-05-15 21:26:28.257995: Current epoch: 222, loss: 0.9709927439689636, validation loss: 5.712136268615723
2024-05-15 21:26:30.449304:2024-05-15 21:26:30.449223: Current epoch: 223, loss: 0.9045900106430054, validation loss: 6.294100761413574
2024-05-15 21:26:32.746613:2024-05-15 21:26:32.746536: Current epoch: 224, loss: 1.1021486520767212, validation loss: 5.654373645782471
2024-05-15 21:26:34.981946:2024-05-15 21:26:34.981856: Current epoch: 225, loss: 1.0047739744186401, validation loss: 5.5643720626831055
2024-05-15 21:26:37.168563:2024-05-15 21:26:37.168493: Current epoch: 226, loss: 0.9385976791381836, validation loss: 5.477403163909912
2024-05-15 21:26:39.510340:2024-05-15 21:26:39.510268: Current epoch: 227, loss: 0.8721173405647278, validation loss: 5.455920696258545
2024-05-15 21:26:41.815159:2024-05-15 21:26:41.815033: Current epoch: 228, loss: 0.8506090641021729, validation loss: 5.480299472808838
2024-05-15 21:26:44.183388:2024-05-15 21:26:44.183316: Current epoch: 229, loss: 0.8219692707061768, validation loss: 5.317255973815918
2024-05-15 21:26:46.575130:2024-05-15 21:26:46.575031: Current epoch: 230, loss: 0.8445042371749878, validation loss: 5.60299825668335
2024-05-15 21:26:48.868666:2024-05-15 21:26:48.868594: Current epoch: 231, loss: 0.9726446270942688, validation loss: 5.526151180267334
2024-05-15 21:26:51.066843:2024-05-15 21:26:51.066770: Current epoch: 232, loss: 1.030632734298706, validation loss: 5.8911662101745605
2024-05-15 21:26:53.288463:2024-05-15 21:26:53.288392: Current epoch: 233, loss: 1.0338640213012695, validation loss: 5.788494110107422
2024-05-15 21:26:55.526511:2024-05-15 21:26:55.526434: Current epoch: 234, loss: 1.0801172256469727, validation loss: 5.61580228805542
2024-05-15 21:26:57.753966:2024-05-15 21:26:57.753821: Current epoch: 235, loss: 0.9356173276901245, validation loss: 5.671290397644043
2024-05-15 21:27:00.099178:2024-05-15 21:27:00.099105: Current epoch: 236, loss: 0.8657749891281128, validation loss: 5.413669586181641
2024-05-15 21:27:02.323666:2024-05-15 21:27:02.323594: Current epoch: 237, loss: 0.8210331201553345, validation loss: 5.516222953796387
2024-05-15 21:27:04.670352:2024-05-15 21:27:04.670280: Current epoch: 238, loss: 0.7146981954574585, validation loss: 5.333301544189453
2024-05-15 21:27:06.980551:2024-05-15 21:27:06.980450: Current epoch: 239, loss: 0.7125356793403625, validation loss: 5.554044246673584
2024-05-15 21:27:09.301074:2024-05-15 21:27:09.300986: Current epoch: 240, loss: 0.6706224679946899, validation loss: 5.489867687225342
2024-05-15 21:27:11.733281:2024-05-15 21:27:11.733204: Current epoch: 241, loss: 0.7903340458869934, validation loss: 5.506246089935303
2024-05-15 21:27:14.017657:2024-05-15 21:27:14.017590: Current epoch: 242, loss: 0.7444835901260376, validation loss: 5.399815082550049
2024-05-15 21:27:16.286001:2024-05-15 21:27:16.285915: Current epoch: 243, loss: 0.923315703868866, validation loss: 5.666738033294678
2024-05-15 21:27:18.615293:2024-05-15 21:27:18.615137: Current epoch: 244, loss: 0.89445960521698, validation loss: 5.614567756652832
2024-05-15 21:27:20.913264:2024-05-15 21:27:20.913203: Current epoch: 245, loss: 1.0372459888458252, validation loss: 6.6253767013549805
2024-05-15 21:27:23.183006:2024-05-15 21:27:23.182856: Current epoch: 246, loss: 3.3751494884490967, validation loss: 5.9098286628723145
2024-05-15 21:27:25.425439:2024-05-15 21:27:25.425280: Current epoch: 247, loss: 0.9007161855697632, validation loss: 5.488792896270752
2024-05-15 21:27:27.718885:2024-05-15 21:27:27.718784: Current epoch: 248, loss: 0.770784854888916, validation loss: 5.568528175354004
2024-05-15 21:27:29.915292:2024-05-15 21:27:29.915223: Current epoch: 249, loss: 0.7238054275512695, validation loss: 5.674879550933838
2024-05-15 21:27:32.111733:2024-05-15 21:27:32.111635: Current epoch: 250, loss: 0.7360997796058655, validation loss: 5.489715576171875
2024-05-15 21:27:34.334690:2024-05-15 21:27:34.334617: Current epoch: 251, loss: 0.6461659073829651, validation loss: 5.547404766082764
2024-05-15 21:27:36.646627:2024-05-15 21:27:36.646493: Current epoch: 252, loss: 0.6346249580383301, validation loss: 5.516909599304199
2024-05-15 21:27:38.904340:2024-05-15 21:27:38.904265: Current epoch: 253, loss: 0.6835603713989258, validation loss: 5.470088005065918
2024-05-15 21:27:41.170675:2024-05-15 21:27:41.170532: Current epoch: 254, loss: 0.7243161201477051, validation loss: 5.449368000030518
2024-05-15 21:27:43.421600:2024-05-15 21:27:43.421528: Current epoch: 255, loss: 0.707645833492279, validation loss: 5.648284912109375
2024-05-15 21:27:45.635173:2024-05-15 21:27:45.635121: Current epoch: 256, loss: 0.8041247129440308, validation loss: 5.659597873687744
2024-05-15 21:27:47.891801:2024-05-15 21:27:47.891723: Current epoch: 257, loss: 0.8738290071487427, validation loss: 5.373401165008545
2024-05-15 21:27:50.248023:2024-05-15 21:27:50.247943: Current epoch: 258, loss: 0.8515106439590454, validation loss: 5.393272876739502
2024-05-15 21:27:52.645239:2024-05-15 21:27:52.645097: Current epoch: 259, loss: 0.8910341262817383, validation loss: 5.602999687194824
2024-05-15 21:27:54.944223:2024-05-15 21:27:54.944115: Current epoch: 260, loss: 0.9508049488067627, validation loss: 5.5212626457214355
2024-05-15 21:27:57.320733:2024-05-15 21:27:57.320656: Current epoch: 261, loss: 0.8124714493751526, validation loss: 5.526916980743408
2024-05-15 21:27:59.596734:2024-05-15 21:27:59.596615: Current epoch: 262, loss: 0.7533456087112427, validation loss: 5.365077018737793
2024-05-15 21:28:01.956227:2024-05-15 21:28:01.956125: Current epoch: 263, loss: 0.8063054084777832, validation loss: 5.397687911987305
2024-05-15 21:28:04.132421:2024-05-15 21:28:04.132348: Current epoch: 264, loss: 0.8675746321678162, validation loss: 5.686009883880615
2024-05-15 21:28:06.477589:2024-05-15 21:28:06.477460: Current epoch: 265, loss: 0.8422149419784546, validation loss: 5.635112285614014
2024-05-15 21:28:08.603687:2024-05-15 21:28:08.603623: Current epoch: 266, loss: 0.9166743159294128, validation loss: 5.4202656745910645
2024-05-15 21:28:10.853693:2024-05-15 21:28:10.853622: Current epoch: 267, loss: 0.783488392829895, validation loss: 5.537868499755859
2024-05-15 21:28:12.988446:2024-05-15 21:28:12.988350: Current epoch: 268, loss: 0.9419440627098083, validation loss: 5.379048824310303
2024-05-15 21:28:15.312181:2024-05-15 21:28:15.312109: Current epoch: 269, loss: 0.7903191447257996, validation loss: 5.646165370941162
2024-05-15 21:28:17.572668:2024-05-15 21:28:17.572598: Current epoch: 270, loss: 0.6812791228294373, validation loss: 5.433276176452637
2024-05-15 21:28:19.817017:2024-05-15 21:28:19.816952: Current epoch: 271, loss: 0.6966896653175354, validation loss: 5.770420551300049
2024-05-15 21:28:22.018667:2024-05-15 21:28:22.018594: Current epoch: 272, loss: 0.7126016020774841, validation loss: 5.546977519989014
2024-05-15 21:28:24.328211:2024-05-15 21:28:24.328054: Current epoch: 273, loss: 0.7503305673599243, validation loss: 5.467827320098877
2024-05-15 21:28:26.549623:2024-05-15 21:28:26.549550: Current epoch: 274, loss: 0.7787855863571167, validation loss: 5.3993964195251465
2024-05-15 21:28:28.798304:2024-05-15 21:28:28.798232: Current epoch: 275, loss: 0.8513196706771851, validation loss: 5.759838581085205
2024-05-15 21:28:31.096737:2024-05-15 21:28:31.096655: Current epoch: 276, loss: 0.8737564086914062, validation loss: 6.1767706871032715
2024-05-15 21:28:33.360806:2024-05-15 21:28:33.360683: Current epoch: 277, loss: 1.0904258489608765, validation loss: 5.533423900604248
2024-05-15 21:28:35.784908:2024-05-15 21:28:35.784752: Current epoch: 278, loss: 0.8032135367393494, validation loss: 5.521997928619385
2024-05-15 21:28:38.053899:2024-05-15 21:28:38.053799: Current epoch: 279, loss: 0.7185943126678467, validation loss: 5.490004062652588
2024-05-15 21:28:40.402948:2024-05-15 21:28:40.402856: Current epoch: 280, loss: 0.783630907535553, validation loss: 5.568057060241699
2024-05-15 21:28:42.744854:2024-05-15 21:28:42.744781: Current epoch: 281, loss: 0.6665142774581909, validation loss: 5.7274699211120605
2024-05-15 21:28:45.089634:2024-05-15 21:28:45.089562: Current epoch: 282, loss: 0.6964958310127258, validation loss: 5.4241414070129395
2024-05-15 21:28:47.268283:2024-05-15 21:28:47.268206: Current epoch: 283, loss: 0.7269328832626343, validation loss: 5.716965675354004
2024-05-15 21:28:49.536656:2024-05-15 21:28:49.536498: Current epoch: 284, loss: 1.0026440620422363, validation loss: 5.833049297332764
2024-05-15 21:28:51.818604:2024-05-15 21:28:51.818454: Current epoch: 285, loss: 0.728704035282135, validation loss: 5.555406093597412
2024-05-15 21:28:54.147114:2024-05-15 21:28:54.147013: Current epoch: 286, loss: 0.6441364288330078, validation loss: 5.746707439422607
2024-05-15 21:28:56.408469:2024-05-15 21:28:56.408397: Current epoch: 287, loss: 0.8448864221572876, validation loss: 5.621777057647705
2024-05-15 21:28:58.632403:2024-05-15 21:28:58.632274: Current epoch: 288, loss: 0.797146737575531, validation loss: 5.725430011749268
2024-05-15 21:29:00.838866:2024-05-15 21:29:00.838774: Current epoch: 289, loss: 0.7685868740081787, validation loss: 5.514389991760254
2024-05-15 21:29:03.037090:2024-05-15 21:29:03.037017: Current epoch: 290, loss: 0.6641641855239868, validation loss: 5.633143424987793
2024-05-15 21:29:05.209614:2024-05-15 21:29:05.209530: Current epoch: 291, loss: 0.6499898433685303, validation loss: 5.4802751541137695
2024-05-15 21:29:07.444658:2024-05-15 21:29:07.444586: Current epoch: 292, loss: 0.7316589951515198, validation loss: 5.568438529968262
2024-05-15 21:29:09.563995:2024-05-15 21:29:09.563879: Current epoch: 293, loss: 0.8102536797523499, validation loss: 5.545016288757324
2024-05-15 21:29:11.675156:2024-05-15 21:29:11.675105: Current epoch: 294, loss: 1.2155053615570068, validation loss: 5.625629901885986
2024-05-15 21:29:13.880562:2024-05-15 21:29:13.880495: Current epoch: 295, loss: 0.851408839225769, validation loss: 5.616464614868164
2024-05-15 21:29:15.719726:2024-05-15 21:29:15.719691: Current epoch: 296, loss: 0.7925747632980347, validation loss: 5.5139899253845215
2024-05-15 21:29:17.008818:2024-05-15 21:29:17.008776: Current epoch: 297, loss: 0.6686952710151672, validation loss: 5.462328910827637
2024-05-15 21:29:18.221502:2024-05-15 21:29:18.221458: Current epoch: 298, loss: 0.699026346206665, validation loss: 5.664012432098389
2024-05-15 21:29:19.960757:2024-05-15 21:29:19.960680: Current epoch: 299, loss: 0.7314034700393677, validation loss: 5.644281387329102
2024-05-15 21:29:22.222574:2024-05-15 21:29:22.222498: Current epoch: 300, loss: 0.6881936192512512, validation loss: 5.749864101409912
2024-05-15 21:29:24.512712:2024-05-15 21:29:24.512635: Current epoch: 301, loss: 0.7485278844833374, validation loss: 5.898515701293945
2024-05-15 21:29:26.726674:2024-05-15 21:29:26.726601: Current epoch: 302, loss: 0.7740218639373779, validation loss: 5.685030460357666
2024-05-15 21:29:29.045054:2024-05-15 21:29:29.044981: Current epoch: 303, loss: 0.6989043951034546, validation loss: 5.601934432983398
2024-05-15 21:29:31.270300:2024-05-15 21:29:31.270236: Current epoch: 304, loss: 0.9697921872138977, validation loss: 5.8011932373046875
2024-05-15 21:29:33.578498:2024-05-15 21:29:33.578369: Current epoch: 305, loss: 0.741462767124176, validation loss: 5.673696041107178
2024-05-15 21:29:35.833975:2024-05-15 21:29:35.833896: Current epoch: 306, loss: 0.6190047860145569, validation loss: 5.616140842437744
2024-05-15 21:29:38.128945:2024-05-15 21:29:38.128858: Current epoch: 307, loss: 0.6438655257225037, validation loss: 5.802366256713867
2024-05-15 21:29:40.414144:2024-05-15 21:29:40.414077: Current epoch: 308, loss: 0.6108322143554688, validation loss: 5.637172698974609
2024-05-15 21:29:42.614028:2024-05-15 21:29:42.613965: Current epoch: 309, loss: 0.6684422492980957, validation loss: 5.53776741027832
2024-05-15 21:29:44.859146:2024-05-15 21:29:44.859040: Current epoch: 310, loss: 0.6728179454803467, validation loss: 5.517956256866455
2024-05-15 21:29:47.108541:2024-05-15 21:29:47.108470: Current epoch: 311, loss: 0.6344483494758606, validation loss: 5.425149440765381
2024-05-15 21:29:49.319898:2024-05-15 21:29:49.319826: Current epoch: 312, loss: 0.6634082198143005, validation loss: 5.526154518127441
2024-05-15 21:29:51.547135:2024-05-15 21:29:51.547065: Current epoch: 313, loss: 0.6310728192329407, validation loss: 5.686927318572998
2024-05-15 21:29:53.841809:2024-05-15 21:29:53.841697: Current epoch: 314, loss: 0.6033783555030823, validation loss: 5.610427379608154
2024-05-15 21:29:56.017235:2024-05-15 21:29:56.017104: Current epoch: 315, loss: 0.6493897438049316, validation loss: 5.527563095092773
2024-05-15 21:29:58.304426:2024-05-15 21:29:58.304327: Current epoch: 316, loss: 1.0974997282028198, validation loss: 5.958980083465576
2024-05-15 21:30:00.547971:2024-05-15 21:30:00.547870: Current epoch: 317, loss: 0.9891107678413391, validation loss: 5.820736408233643
2024-05-15 21:30:02.778690:2024-05-15 21:30:02.778569: Current epoch: 318, loss: 0.7496048212051392, validation loss: 5.663028240203857
2024-05-15 21:30:04.944571:2024-05-15 21:30:04.944489: Current epoch: 319, loss: 0.978420078754425, validation loss: 5.671684741973877
2024-05-15 21:30:07.178865:2024-05-15 21:30:07.178797: Current epoch: 320, loss: 0.723848819732666, validation loss: 5.561376094818115
2024-05-15 21:30:09.381490:2024-05-15 21:30:09.381364: Current epoch: 321, loss: 0.6066908836364746, validation loss: 5.316803932189941
2024-05-15 21:30:11.665915:2024-05-15 21:30:11.665841: Current epoch: 322, loss: 0.5952290892601013, validation loss: 5.537775993347168
2024-05-15 21:30:13.945521:2024-05-15 21:30:13.945418: Current epoch: 323, loss: 0.7090012431144714, validation loss: 5.5850934982299805
2024-05-15 21:30:16.244889:2024-05-15 21:30:16.244794: Current epoch: 324, loss: 0.6314175724983215, validation loss: 5.4884538650512695
2024-05-15 21:30:18.482719:2024-05-15 21:30:18.482637: Current epoch: 325, loss: 0.6471721529960632, validation loss: 5.618873119354248
2024-05-15 21:30:20.834980:2024-05-15 21:30:20.834870: Current epoch: 326, loss: 0.7138993144035339, validation loss: 5.844641208648682
2024-05-15 21:30:23.111719:2024-05-15 21:30:23.111645: Current epoch: 327, loss: 0.6759364008903503, validation loss: 5.550857067108154
2024-05-15 21:30:25.285744:2024-05-15 21:30:25.285686: Current epoch: 328, loss: 0.6705342531204224, validation loss: 5.621256351470947
2024-05-15 21:30:27.573850:2024-05-15 21:30:27.573781: Current epoch: 329, loss: 0.6254926323890686, validation loss: 5.539114952087402
2024-05-15 21:30:29.789569:2024-05-15 21:30:29.789496: Current epoch: 330, loss: 0.636055588722229, validation loss: 5.462579727172852
2024-05-15 21:30:32.013573:2024-05-15 21:30:32.013443: Current epoch: 331, loss: 0.8514703512191772, validation loss: 5.991986274719238
2024-05-15 21:30:34.269148:2024-05-15 21:30:34.269076: Current epoch: 332, loss: 0.8011613488197327, validation loss: 5.577297687530518
2024-05-15 21:30:36.628915:2024-05-15 21:30:36.628826: Current epoch: 333, loss: 0.8809784054756165, validation loss: 5.585890293121338
2024-05-15 21:30:38.954810:2024-05-15 21:30:38.954736: Current epoch: 334, loss: 0.7379340529441833, validation loss: 5.459749698638916
2024-05-15 21:30:41.342471:2024-05-15 21:30:41.342399: Current epoch: 335, loss: 0.6381406784057617, validation loss: 5.501852035522461
2024-05-15 21:30:43.709345:2024-05-15 21:30:43.709273: Current epoch: 336, loss: 0.6330625414848328, validation loss: 5.4645280838012695
2024-05-15 21:30:46.002599:2024-05-15 21:30:46.002528: Current epoch: 337, loss: 0.5781893730163574, validation loss: 5.460958957672119
2024-05-15 21:30:48.359232:2024-05-15 21:30:48.359162: Current epoch: 338, loss: 0.5834068655967712, validation loss: 5.589303493499756
2024-05-15 21:30:50.619904:2024-05-15 21:30:50.619772: Current epoch: 339, loss: 0.5575113296508789, validation loss: 5.596573352813721
2024-05-15 21:30:53.042347:2024-05-15 21:30:53.042245: Current epoch: 340, loss: 0.6036216616630554, validation loss: 5.495558261871338
2024-05-15 21:30:55.422712:2024-05-15 21:30:55.422639: Current epoch: 341, loss: 0.8236936926841736, validation loss: 5.55157470703125
2024-05-15 21:30:57.740799:2024-05-15 21:30:57.740760: Current epoch: 342, loss: 0.8756134510040283, validation loss: 5.705970764160156
2024-05-15 21:31:00.143602:2024-05-15 21:31:00.143529: Current epoch: 343, loss: 0.7062034010887146, validation loss: 5.75016975402832
2024-05-15 21:31:02.535077:2024-05-15 21:31:02.535004: Current epoch: 344, loss: 0.6446074843406677, validation loss: 5.706069469451904
2024-05-15 21:31:04.919596:2024-05-15 21:31:04.919528: Current epoch: 345, loss: 0.6305778622627258, validation loss: 5.7957682609558105
2024-05-15 21:31:07.313511:2024-05-15 21:31:07.313437: Current epoch: 346, loss: 0.7317517399787903, validation loss: 5.586836814880371
2024-05-15 21:31:09.535893:2024-05-15 21:31:09.535764: Current epoch: 347, loss: 0.7105309367179871, validation loss: 5.565438270568848
2024-05-15 21:31:11.786132:2024-05-15 21:31:11.786060: Current epoch: 348, loss: 0.6260963082313538, validation loss: 5.598470687866211
2024-05-15 21:31:14.055499:2024-05-15 21:31:14.055429: Current epoch: 349, loss: 0.5750313401222229, validation loss: 5.261659622192383
2024-05-15 21:31:18.639608:2024-05-15 21:31:18.639512: Current epoch: 350, loss: 0.6901511549949646, validation loss: 5.688528537750244
2024-05-15 21:31:20.978495:2024-05-15 21:31:20.978422: Current epoch: 351, loss: 0.935483992099762, validation loss: 5.950013160705566
2024-05-15 21:31:23.256215:2024-05-15 21:31:23.256083: Current epoch: 352, loss: 1.0924872159957886, validation loss: 5.715939521789551
2024-05-15 21:31:25.595362:2024-05-15 21:31:25.595262: Current epoch: 353, loss: 0.7414882779121399, validation loss: 5.671450138092041
2024-05-15 21:31:27.895101:2024-05-15 21:31:27.895028: Current epoch: 354, loss: 0.6169973015785217, validation loss: 5.638068199157715
2024-05-15 21:31:30.291996:2024-05-15 21:31:30.291895: Current epoch: 355, loss: 0.5351036190986633, validation loss: 5.739269733428955
2024-05-15 21:31:32.618846:2024-05-15 21:31:32.618774: Current epoch: 356, loss: 0.5563926696777344, validation loss: 5.685703754425049
2024-05-15 21:31:34.862364:2024-05-15 21:31:34.862209: Current epoch: 357, loss: 0.523526132106781, validation loss: 5.62391996383667
2024-05-15 21:31:37.258438:2024-05-15 21:31:37.258308: Current epoch: 358, loss: 0.5441886186599731, validation loss: 5.554640293121338
2024-05-15 21:31:39.459857:2024-05-15 21:31:39.459758: Current epoch: 359, loss: 0.5644518733024597, validation loss: 5.584951877593994
2024-05-15 21:31:41.678227:2024-05-15 21:31:41.678154: Current epoch: 360, loss: 0.5528201460838318, validation loss: 5.578624248504639
2024-05-15 21:31:43.936579:2024-05-15 21:31:43.936422: Current epoch: 361, loss: 0.5390859246253967, validation loss: 5.427374362945557
2024-05-15 21:31:46.226081:2024-05-15 21:31:46.225905: Current epoch: 362, loss: 0.6137545704841614, validation loss: 5.3285441398620605
2024-05-15 21:31:48.503124:2024-05-15 21:31:48.503051: Current epoch: 363, loss: 0.6529433131217957, validation loss: 5.5951924324035645
2024-05-15 21:31:50.711538:2024-05-15 21:31:50.711467: Current epoch: 364, loss: 0.8905171155929565, validation loss: 5.779454708099365
2024-05-15 21:31:52.967512:2024-05-15 21:31:52.967354: Current epoch: 365, loss: 0.7517279386520386, validation loss: 5.908076286315918
2024-05-15 21:31:55.185523:2024-05-15 21:31:55.185451: Current epoch: 366, loss: 0.9221674799919128, validation loss: 5.529976844787598
2024-05-15 21:31:57.442203:2024-05-15 21:31:57.442057: Current epoch: 367, loss: 0.9154961109161377, validation loss: 5.6594038009643555
2024-05-15 21:31:59.685017:2024-05-15 21:31:59.684948: Current epoch: 368, loss: 0.6207734942436218, validation loss: 5.83079195022583
2024-05-15 21:32:01.995025:2024-05-15 21:32:01.994921: Current epoch: 369, loss: 0.8277902007102966, validation loss: 5.9110307693481445
2024-05-15 21:32:04.329856:2024-05-15 21:32:04.329745: Current epoch: 370, loss: 0.8797500133514404, validation loss: 5.70103120803833
2024-05-15 21:32:06.729122:2024-05-15 21:32:06.729052: Current epoch: 371, loss: 0.6190165877342224, validation loss: 5.778212070465088
2024-05-15 21:32:09.151254:2024-05-15 21:32:09.151123: Current epoch: 372, loss: 0.5683469176292419, validation loss: 5.777623176574707
2024-05-15 21:32:11.522422:2024-05-15 21:32:11.522355: Current epoch: 373, loss: 0.5269427299499512, validation loss: 5.584437847137451
2024-05-15 21:32:13.883233:2024-05-15 21:32:13.883133: Current epoch: 374, loss: 0.5293697714805603, validation loss: 5.562836170196533
2024-05-15 21:32:16.247240:2024-05-15 21:32:16.247163: Current epoch: 375, loss: 0.5211953520774841, validation loss: 5.462076187133789
2024-05-15 21:32:18.567393:2024-05-15 21:32:18.567315: Current epoch: 376, loss: 0.5204418897628784, validation loss: 5.407137393951416
2024-05-15 21:32:20.909280:2024-05-15 21:32:20.909119: Current epoch: 377, loss: 0.5043026804924011, validation loss: 5.402620315551758
2024-05-15 21:32:23.173398:2024-05-15 21:32:23.173328: Current epoch: 378, loss: 0.5231825709342957, validation loss: 5.438027381896973
2024-05-15 21:32:25.469543:2024-05-15 21:32:25.469472: Current epoch: 379, loss: 0.6040210723876953, validation loss: 5.9125847816467285
2024-05-15 21:32:27.735323:2024-05-15 21:32:27.735251: Current epoch: 380, loss: 0.7906079292297363, validation loss: 5.754190921783447
2024-05-15 21:32:30.050446:2024-05-15 21:32:30.050381: Current epoch: 381, loss: 1.0027010440826416, validation loss: 5.803337574005127
2024-05-15 21:32:32.253265:2024-05-15 21:32:32.253206: Current epoch: 382, loss: 0.6592844724655151, validation loss: 5.629015922546387
2024-05-15 21:32:34.517054:2024-05-15 21:32:34.516980: Current epoch: 383, loss: 0.5461952686309814, validation loss: 5.788625240325928
2024-05-15 21:32:36.770149:2024-05-15 21:32:36.770079: Current epoch: 384, loss: 1.111686110496521, validation loss: 5.726673603057861
2024-05-15 21:32:39.126434:2024-05-15 21:32:39.126279: Current epoch: 385, loss: 0.7457379698753357, validation loss: 5.726282596588135
2024-05-15 21:32:41.424678:2024-05-15 21:32:41.424611: Current epoch: 386, loss: 0.7398104071617126, validation loss: 5.519062042236328
2024-05-15 21:32:43.780323:2024-05-15 21:32:43.780252: Current epoch: 387, loss: 0.5526764988899231, validation loss: 5.47276496887207
2024-05-15 21:32:46.166898:2024-05-15 21:32:46.166827: Current epoch: 388, loss: 0.5605270266532898, validation loss: 5.436166763305664
2024-05-15 21:32:48.464088:2024-05-15 21:32:48.463955: Current epoch: 389, loss: 0.60405033826828, validation loss: 5.60234260559082
2024-05-15 21:32:50.913497:2024-05-15 21:32:50.913397: Current epoch: 390, loss: 0.501391589641571, validation loss: 5.562221050262451
2024-05-15 21:32:53.248951:2024-05-15 21:32:53.248850: Current epoch: 391, loss: 0.48989006876945496, validation loss: 5.4677653312683105
2024-05-15 21:32:55.608053:2024-05-15 21:32:55.607980: Current epoch: 392, loss: 0.4616900086402893, validation loss: 5.595869541168213
2024-05-15 21:32:57.931498:2024-05-15 21:32:57.931440: Current epoch: 393, loss: 0.4636395275592804, validation loss: 5.491349697113037
2024-05-15 21:33:00.250338:2024-05-15 21:33:00.250210: Current epoch: 394, loss: 0.5050157904624939, validation loss: 5.571527004241943
2024-05-15 21:33:02.461354:2024-05-15 21:33:02.461292: Current epoch: 395, loss: 0.5252004265785217, validation loss: 5.561889171600342
2024-05-15 21:33:04.735679:2024-05-15 21:33:04.735605: Current epoch: 396, loss: 0.5460922718048096, validation loss: 5.505699634552002
2024-05-15 21:33:07.064764:2024-05-15 21:33:07.064686: Current epoch: 397, loss: 0.5209991335868835, validation loss: 5.522967338562012
2024-05-15 21:33:09.256520:2024-05-15 21:33:09.256449: Current epoch: 398, loss: 0.614457905292511, validation loss: 5.588646411895752
2024-05-15 21:33:11.543777:2024-05-15 21:33:11.543706: Current epoch: 399, loss: 0.5724449157714844, validation loss: 6.118648052215576
2024-05-15 21:33:13.784343:2024-05-15 21:33:13.784202: Current epoch: 400, loss: 0.815481960773468, validation loss: 5.5709309577941895
2024-05-15 21:33:16.098396:2024-05-15 21:33:16.098324: Current epoch: 401, loss: 0.7632203102111816, validation loss: 5.676153659820557
2024-05-15 21:33:18.403196:2024-05-15 21:33:18.403128: Current epoch: 402, loss: 0.5680172443389893, validation loss: 5.6620941162109375
2024-05-15 21:33:20.732411:2024-05-15 21:33:20.732340: Current epoch: 403, loss: 0.5665722489356995, validation loss: 5.445201873779297
2024-05-15 21:33:23.001481:2024-05-15 21:33:23.001408: Current epoch: 404, loss: 0.6109638214111328, validation loss: 5.767385482788086
2024-05-15 21:33:25.202963:2024-05-15 21:33:25.202863: Current epoch: 405, loss: 0.8118434548377991, validation loss: 5.680987358093262
2024-05-15 21:33:27.532505:2024-05-15 21:33:27.532394: Current epoch: 406, loss: 0.6000413298606873, validation loss: 5.737736225128174
2024-05-15 21:33:29.855496:2024-05-15 21:33:29.855403: Current epoch: 407, loss: 0.6013495326042175, validation loss: 5.444401741027832
2024-05-15 21:33:32.139720:2024-05-15 21:33:32.139645: Current epoch: 408, loss: 0.5655156373977661, validation loss: 5.57026481628418
2024-05-15 21:33:34.553889:2024-05-15 21:33:34.553805: Current epoch: 409, loss: 0.5078604817390442, validation loss: 5.631275653839111
2024-05-15 21:33:36.869650:2024-05-15 21:33:36.869578: Current epoch: 410, loss: 0.7557311058044434, validation loss: 5.636805534362793
2024-05-15 21:33:39.117819:2024-05-15 21:33:39.117746: Current epoch: 411, loss: 0.5804589986801147, validation loss: 5.6089186668396
2024-05-15 21:33:41.524268:2024-05-15 21:33:41.524194: Current epoch: 412, loss: 0.5261610746383667, validation loss: 5.410272598266602
2024-05-15 21:33:43.826338:2024-05-15 21:33:43.826217: Current epoch: 413, loss: 0.5173711776733398, validation loss: 5.452336311340332
2024-05-15 21:33:46.178382:2024-05-15 21:33:46.178334: Current epoch: 414, loss: 0.57857745885849, validation loss: 5.719356536865234
2024-05-15 21:33:46.364406:the test error is  [5.365847587585449, 5.365847587585449]
2024-05-15 21:33:48.794546:saved model to sample/matbert-base-cased_robo_prop_slme
2024-05-15 21:33:49.076501:done