
2024-05-15 19:07:39.506226:job config: {'train_data_path': '/data/yll6162/alignntl_dft_3d/tl_dataset/dataset_matbert-base-cased_robo_prop_magmom_outcar_train.csv', 'val_data_path': '/data/yll6162/alignntl_dft_3d/tl_dataset/dataset_matbert-base-cased_robo_prop_magmom_outcar_val.csv', 'test_data_path': '/data/yll6162/alignntl_dft_3d/tl_dataset/dataset_matbert-base-cased_robo_prop_magmom_outcar_test.csv', 'label': 'magmom_outcar', 'input_type': None, 'log_folder': 'log', 'log_file': 'matbert-base-cased_robo_prop_magmom_outcar.log', 'test_metric': 'mae', 'architecture': '1024Rx4D-512Rx3D-256Rx3D-128Rx3D-64Rx2-32Rx1-1', 'model_seed': 0, 'loss_type': 'mae', 'config_file': 'sample/matbert-base-cased_robo_prop_magmom_outcar_job.config', 'use_valid': True, 'project': 'MOF', 'regressors': None, 'input_types': None, 'paramsGrid': {'optimizer': 'Adam', 'learning_rate': 0.0001, 'patience': 200, 'dropouts': [0.8, 0.9, 0.7, 0.8], 'EVAL_FREQUENCY': 1000}, 'save_path': 'sample/matbert-base-cased_robo_prop_magmom_outcar', 'model_path': None, 'last_layer_with_weight': True, 'keras_path': 'model/matbert-base-cased_robo_prop_magmom_outcar', 'test_size': None, 'val_size': None}
2024-05-15 19:07:39.506295:train data path is  /data/yll6162/alignntl_dft_3d/tl_dataset/dataset_matbert-base-cased_robo_prop_magmom_outcar_train.csv
2024-05-15 19:07:46.544617:input attribute sets are:  None
2024-05-15 19:07:46.544856:test data path is  /data/yll6162/alignntl_dft_3d/tl_dataset/dataset_matbert-base-cased_robo_prop_magmom_outcar_test.csv
2024-05-15 19:07:47.424343:val data path is  /data/yll6162/alignntl_dft_3d/tl_dataset/dataset_matbert-base-cased_robo_prop_magmom_outcar_val.csv
2024-05-15 19:07:48.281480:input attributes are:  Index(['0', '1', '2', '3', '4', '5', '6', '7', '8', '9',
       ...
       '758', '759', '760', '761', '762', '763', '764', '765', '766', '767'],
      dtype='object', length=768)
2024-05-15 19:07:48.281676:label: magmom_outcar
2024-05-15 19:07:56.181609: train, test, valid sizes:  (59370, 768) (59370,) (7422, 768) (7422,) (7422, 768) (7422,)
2024-05-15 19:07:56.698531:train matrix shape of train_X:  (59370, 768)  train_y:  (59370,)
2024-05-15 19:07:56.698691:valid matrix shape of train_X:  (7422, 768)  valid_y:  (7422,)
2024-05-15 19:07:56.698734:test matrix shape of valid_X:   (7422, 768)  test_y:  (7422,)
2024-05-15 19:07:56.698770:architecture is:  1024Rx4D-512Rx3D-256Rx3D-128Rx3D-64Rx2-32Rx1-1
2024-05-15 19:07:56.698808:learning rate is  0.0001
2024-05-15 19:07:56.698841:model path is  None
2024-05-15 19:07:56.715190:adding fully connected layers with 1024 outputs
2024-05-15 19:07:57.370559:adding residual with fc as the size are different
2024-05-15 19:07:57.377438:adding fully connected layers with 1024 outputs
2024-05-15 19:07:57.382145:adding residual, both sizes are same
2024-05-15 19:07:57.383901:adding fully connected layers with 1024 outputs
2024-05-15 19:07:57.388548:adding residual, both sizes are same
2024-05-15 19:07:57.390264:adding fully connected layers with 1024 outputs
2024-05-15 19:07:57.394617:adding residual, both sizes are same
2024-05-15 19:07:57.396448:adding dropout 0.8
2024-05-15 19:07:57.400796:adding fully connected layers with 512 outputs
2024-05-15 19:07:57.405734:adding residual with fc as the size are different
2024-05-15 19:07:57.412270:adding fully connected layers with 512 outputs
2024-05-15 19:07:57.416826:adding residual, both sizes are same
2024-05-15 19:07:57.418557:adding fully connected layers with 512 outputs
2024-05-15 19:07:57.423201:adding residual, both sizes are same
2024-05-15 19:07:57.424908:adding dropout 0.9
2024-05-15 19:07:57.426413:adding fully connected layers with 256 outputs
2024-05-15 19:07:57.431037:adding residual with fc as the size are different
2024-05-15 19:07:57.436961:adding fully connected layers with 256 outputs
2024-05-15 19:07:57.441553:adding residual, both sizes are same
2024-05-15 19:07:57.443297:adding fully connected layers with 256 outputs
2024-05-15 19:07:57.447793:adding residual, both sizes are same
2024-05-15 19:07:57.449569:adding dropout 0.7
2024-05-15 19:07:57.451126:adding fully connected layers with 128 outputs
2024-05-15 19:07:57.455774:adding residual with fc as the size are different
2024-05-15 19:07:57.470242:adding fully connected layers with 128 outputs
2024-05-15 19:07:57.476922:adding residual, both sizes are same
2024-05-15 19:07:57.478755:adding fully connected layers with 128 outputs
2024-05-15 19:07:57.483398:adding residual, both sizes are same
2024-05-15 19:07:57.485453:adding dropout 0.8
2024-05-15 19:07:57.486930:adding fully connected layers with 64 outputs
2024-05-15 19:07:57.491569:adding residual with fc as the size are different
2024-05-15 19:07:57.497412:adding fully connected layers with 64 outputs
2024-05-15 19:07:57.502206:adding residual, both sizes are same
2024-05-15 19:07:57.503918:adding fully connected layers with 32 outputs
2024-05-15 19:07:57.508502:adding residual with fc as the size are different
2024-05-15 19:07:57.514532:adding final layer with 1 output
2024-05-15 19:07:57.523628:Model: "ElemNet"
2024-05-15 19:07:57.523695:__________________________________________________________________________________________________
2024-05-15 19:07:57.523742:Layer (type)                    Output Shape         Param #     Connected to                     
2024-05-15 19:07:57.523775:==================================================================================================
2024-05-15 19:07:57.523989:elemental_fractions (InputLayer [(None, 768)]        0                                            
2024-05-15 19:07:57.524034:__________________________________________________________________________________________________
2024-05-15 19:07:57.524186:fc0_0 (Dense)                   (None, 1024)         787456      elemental_fractions[0][0]        
2024-05-15 19:07:57.524229:__________________________________________________________________________________________________
2024-05-15 19:07:57.524332:fc0_dim_0 (Dense)               (None, 1024)         787456      elemental_fractions[0][0]        
2024-05-15 19:07:57.524370:__________________________________________________________________________________________________
2024-05-15 19:07:57.524443:tf.__operators__.add (TFOpLambd (None, 1024)         0           fc0_0[0][0]                      
2024-05-15 19:07:57.524483:                                                                 fc0_dim_0[0][0]                  
2024-05-15 19:07:57.524516:__________________________________________________________________________________________________
2024-05-15 19:07:57.524614:fc0_1 (Dense)                   (None, 1024)         1049600     tf.__operators__.add[0][0]       
2024-05-15 19:07:57.524652:__________________________________________________________________________________________________
2024-05-15 19:07:57.524722:tf.__operators__.add_1 (TFOpLam (None, 1024)         0           fc0_1[0][0]                      
2024-05-15 19:07:57.524761:                                                                 tf.__operators__.add[0][0]       
2024-05-15 19:07:57.524793:__________________________________________________________________________________________________
2024-05-15 19:07:57.524887:fc0_2 (Dense)                   (None, 1024)         1049600     tf.__operators__.add_1[0][0]     
2024-05-15 19:07:57.524931:__________________________________________________________________________________________________
2024-05-15 19:07:57.525001:tf.__operators__.add_2 (TFOpLam (None, 1024)         0           fc0_2[0][0]                      
2024-05-15 19:07:57.525041:                                                                 tf.__operators__.add_1[0][0]     
2024-05-15 19:07:57.525074:__________________________________________________________________________________________________
2024-05-15 19:07:57.525165:fc0_3 (Dense)                   (None, 1024)         1049600     tf.__operators__.add_2[0][0]     
2024-05-15 19:07:57.525204:__________________________________________________________________________________________________
2024-05-15 19:07:57.525272:tf.__operators__.add_3 (TFOpLam (None, 1024)         0           fc0_3[0][0]                      
2024-05-15 19:07:57.525317:                                                                 tf.__operators__.add_2[0][0]     
2024-05-15 19:07:57.525351:__________________________________________________________________________________________________
2024-05-15 19:07:57.525418:dropout (Dropout)               (None, 1024)         0           tf.__operators__.add_3[0][0]     
2024-05-15 19:07:57.525452:__________________________________________________________________________________________________
2024-05-15 19:07:57.525546:fc1_0 (Dense)                   (None, 512)          524800      dropout[0][0]                    
2024-05-15 19:07:57.525583:__________________________________________________________________________________________________
2024-05-15 19:07:57.525674:fc1_dim_0 (Dense)               (None, 512)          524800      dropout[0][0]                    
2024-05-15 19:07:57.525712:__________________________________________________________________________________________________
2024-05-15 19:07:57.525779:tf.__operators__.add_4 (TFOpLam (None, 512)          0           fc1_0[0][0]                      
2024-05-15 19:07:57.525816:                                                                 fc1_dim_0[0][0]                  
2024-05-15 19:07:57.525848:__________________________________________________________________________________________________
2024-05-15 19:07:57.525946:fc1_1 (Dense)                   (None, 512)          262656      tf.__operators__.add_4[0][0]     
2024-05-15 19:07:57.525985:__________________________________________________________________________________________________
2024-05-15 19:07:57.526053:tf.__operators__.add_5 (TFOpLam (None, 512)          0           fc1_1[0][0]                      
2024-05-15 19:07:57.526091:                                                                 tf.__operators__.add_4[0][0]     
2024-05-15 19:07:57.526122:__________________________________________________________________________________________________
2024-05-15 19:07:57.526211:fc1_2 (Dense)                   (None, 512)          262656      tf.__operators__.add_5[0][0]     
2024-05-15 19:07:57.526248:__________________________________________________________________________________________________
2024-05-15 19:07:57.526317:tf.__operators__.add_6 (TFOpLam (None, 512)          0           fc1_2[0][0]                      
2024-05-15 19:07:57.526355:                                                                 tf.__operators__.add_5[0][0]     
2024-05-15 19:07:57.526386:__________________________________________________________________________________________________
2024-05-15 19:07:57.526450:dropout_1 (Dropout)             (None, 512)          0           tf.__operators__.add_6[0][0]     
2024-05-15 19:07:57.526484:__________________________________________________________________________________________________
2024-05-15 19:07:57.526575:fc2_0 (Dense)                   (None, 256)          131328      dropout_1[0][0]                  
2024-05-15 19:07:57.526614:__________________________________________________________________________________________________
2024-05-15 19:07:57.526704:fc2_dim_0 (Dense)               (None, 256)          131328      dropout_1[0][0]                  
2024-05-15 19:07:57.526741:__________________________________________________________________________________________________
2024-05-15 19:07:57.526808:tf.__operators__.add_7 (TFOpLam (None, 256)          0           fc2_0[0][0]                      
2024-05-15 19:07:57.526846:                                                                 fc2_dim_0[0][0]                  
2024-05-15 19:07:57.526879:__________________________________________________________________________________________________
2024-05-15 19:07:57.526995:fc2_1 (Dense)                   (None, 256)          65792       tf.__operators__.add_7[0][0]     
2024-05-15 19:07:57.527035:__________________________________________________________________________________________________
2024-05-15 19:07:57.527113:tf.__operators__.add_8 (TFOpLam (None, 256)          0           fc2_1[0][0]                      
2024-05-15 19:07:57.527154:                                                                 tf.__operators__.add_7[0][0]     
2024-05-15 19:07:57.527190:__________________________________________________________________________________________________
2024-05-15 19:07:57.527285:fc2_2 (Dense)                   (None, 256)          65792       tf.__operators__.add_8[0][0]     
2024-05-15 19:07:57.527338:__________________________________________________________________________________________________
2024-05-15 19:07:57.527412:tf.__operators__.add_9 (TFOpLam (None, 256)          0           fc2_2[0][0]                      
2024-05-15 19:07:57.527451:                                                                 tf.__operators__.add_8[0][0]     
2024-05-15 19:07:57.527486:__________________________________________________________________________________________________
2024-05-15 19:07:57.527554:dropout_2 (Dropout)             (None, 256)          0           tf.__operators__.add_9[0][0]     
2024-05-15 19:07:57.527590:__________________________________________________________________________________________________
2024-05-15 19:07:57.527687:fc3_0 (Dense)                   (None, 128)          32896       dropout_2[0][0]                  
2024-05-15 19:07:57.527726:__________________________________________________________________________________________________
2024-05-15 19:07:57.527820:fc3_dim_0 (Dense)               (None, 128)          32896       dropout_2[0][0]                  
2024-05-15 19:07:57.527860:__________________________________________________________________________________________________
2024-05-15 19:07:57.527940:tf.__operators__.add_10 (TFOpLa (None, 128)          0           fc3_0[0][0]                      
2024-05-15 19:07:57.527981:                                                                 fc3_dim_0[0][0]                  
2024-05-15 19:07:57.528014:__________________________________________________________________________________________________
2024-05-15 19:07:57.528110:fc3_1 (Dense)                   (None, 128)          16512       tf.__operators__.add_10[0][0]    
2024-05-15 19:07:57.528150:__________________________________________________________________________________________________
2024-05-15 19:07:57.528230:tf.__operators__.add_11 (TFOpLa (None, 128)          0           fc3_1[0][0]                      
2024-05-15 19:07:57.528268:                                                                 tf.__operators__.add_10[0][0]    
2024-05-15 19:07:57.528299:__________________________________________________________________________________________________
2024-05-15 19:07:57.528388:fc3_2 (Dense)                   (None, 128)          16512       tf.__operators__.add_11[0][0]    
2024-05-15 19:07:57.528425:__________________________________________________________________________________________________
2024-05-15 19:07:57.528492:tf.__operators__.add_12 (TFOpLa (None, 128)          0           fc3_2[0][0]                      
2024-05-15 19:07:57.528529:                                                                 tf.__operators__.add_11[0][0]    
2024-05-15 19:07:57.528560:__________________________________________________________________________________________________
2024-05-15 19:07:57.528623:dropout_3 (Dropout)             (None, 128)          0           tf.__operators__.add_12[0][0]    
2024-05-15 19:07:57.528657:__________________________________________________________________________________________________
2024-05-15 19:07:57.528747:fc4_0 (Dense)                   (None, 64)           8256        dropout_3[0][0]                  
2024-05-15 19:07:57.528785:__________________________________________________________________________________________________
2024-05-15 19:07:57.528873:fc4_dim_0 (Dense)               (None, 64)           8256        dropout_3[0][0]                  
2024-05-15 19:07:57.528910:__________________________________________________________________________________________________
2024-05-15 19:07:57.528991:tf.__operators__.add_13 (TFOpLa (None, 64)           0           fc4_0[0][0]                      
2024-05-15 19:07:57.529029:                                                                 fc4_dim_0[0][0]                  
2024-05-15 19:07:57.529096:__________________________________________________________________________________________________
2024-05-15 19:07:57.529215:fc4_1 (Dense)                   (None, 64)           4160        tf.__operators__.add_13[0][0]    
2024-05-15 19:07:57.529256:__________________________________________________________________________________________________
2024-05-15 19:07:57.529328:tf.__operators__.add_14 (TFOpLa (None, 64)           0           fc4_1[0][0]                      
2024-05-15 19:07:57.529368:                                                                 tf.__operators__.add_13[0][0]    
2024-05-15 19:07:57.529401:__________________________________________________________________________________________________
2024-05-15 19:07:57.529496:fc5_0 (Dense)                   (None, 32)           2080        tf.__operators__.add_14[0][0]    
2024-05-15 19:07:57.529535:__________________________________________________________________________________________________
2024-05-15 19:07:57.529629:fc5_dim_0 (Dense)               (None, 32)           2080        tf.__operators__.add_14[0][0]    
2024-05-15 19:07:57.531169:__________________________________________________________________________________________________
2024-05-15 19:07:57.531259:tf.__operators__.add_15 (TFOpLa (None, 32)           0           fc5_0[0][0]                      
2024-05-15 19:07:57.531301:                                                                 fc5_dim_0[0][0]                  
2024-05-15 19:07:57.531335:__________________________________________________________________________________________________
2024-05-15 19:07:57.531433:fc6 (Dense)                     (None, 1)            33          tf.__operators__.add_15[0][0]    
2024-05-15 19:07:57.531472:==================================================================================================
2024-05-15 19:07:57.532056:Total params: 6,816,545
2024-05-15 19:07:57.532108:Trainable params: 6,816,545
2024-05-15 19:07:57.532145:Non-trainable params: 0
2024-05-15 19:07:57.532178:__________________________________________________________________________________________________
2024-05-15 19:07:57.542202:start training
2024-05-15 19:08:16.588312:2024-05-15 19:08:16.588215: Current epoch: 0, loss: 2.00897479057312, validation loss: 1.4132399559020996
2024-05-15 19:08:33.855295:2024-05-15 19:08:33.855212: Current epoch: 1, loss: 1.2095211744308472, validation loss: 1.113966941833496
2024-05-15 19:08:50.876602:2024-05-15 19:08:50.876378: Current epoch: 2, loss: 1.106130599975586, validation loss: 1.2449543476104736
2024-05-15 19:09:07.477891:2024-05-15 19:09:07.477728: Current epoch: 3, loss: 1.049818515777588, validation loss: 1.1406426429748535
2024-05-15 19:09:24.119455:2024-05-15 19:09:24.119361: Current epoch: 4, loss: 0.9965659976005554, validation loss: 1.0481579303741455
2024-05-15 19:09:41.083181:2024-05-15 19:09:41.083102: Current epoch: 5, loss: 0.9714077115058899, validation loss: 0.9838761687278748
2024-05-15 19:09:58.262776:2024-05-15 19:09:58.262693: Current epoch: 6, loss: 0.9390050172805786, validation loss: 0.9225613474845886
2024-05-15 19:10:15.355500:2024-05-15 19:10:15.355339: Current epoch: 7, loss: 0.9172456860542297, validation loss: 0.980003833770752
2024-05-15 19:10:32.480923:2024-05-15 19:10:32.480824: Current epoch: 8, loss: 0.8891284465789795, validation loss: 1.0284162759780884
2024-05-15 19:10:49.879493:2024-05-15 19:10:49.879420: Current epoch: 9, loss: 0.8689422011375427, validation loss: 0.9152235984802246
2024-05-15 19:11:09.209813:2024-05-15 19:11:09.209719: Current epoch: 10, loss: 0.8485282063484192, validation loss: 0.9248979687690735
2024-05-15 19:11:25.948488:2024-05-15 19:11:25.948423: Current epoch: 11, loss: 0.8321101665496826, validation loss: 0.8938894867897034
2024-05-15 19:11:42.877641:2024-05-15 19:11:42.877564: Current epoch: 12, loss: 0.8164072632789612, validation loss: 0.8279250860214233
2024-05-15 19:11:59.759143:2024-05-15 19:11:59.759024: Current epoch: 13, loss: 0.8052422404289246, validation loss: 0.8582022786140442
2024-05-15 19:12:16.591614:2024-05-15 19:12:16.591476: Current epoch: 14, loss: 0.7876294851303101, validation loss: 0.8679311275482178
2024-05-15 19:12:33.772310:2024-05-15 19:12:33.772232: Current epoch: 15, loss: 0.7781432271003723, validation loss: 0.7732619643211365
2024-05-15 19:12:50.410376:2024-05-15 19:12:50.410244: Current epoch: 16, loss: 0.7641764283180237, validation loss: 0.8240942358970642
2024-05-15 19:13:07.859594:2024-05-15 19:13:07.859486: Current epoch: 17, loss: 0.7581596374511719, validation loss: 0.8200098276138306
2024-05-15 19:13:24.654376:2024-05-15 19:13:24.654301: Current epoch: 18, loss: 0.7414732575416565, validation loss: 0.8130303621292114
2024-05-15 19:13:41.617821:2024-05-15 19:13:41.617661: Current epoch: 19, loss: 0.7205228209495544, validation loss: 0.8186584711074829
2024-05-15 19:14:01.481104:2024-05-15 19:14:01.480938: Current epoch: 20, loss: 0.7141229510307312, validation loss: 0.7930739521980286
2024-05-15 19:14:18.816398:2024-05-15 19:14:18.816345: Current epoch: 21, loss: 0.7045721411705017, validation loss: 0.764896035194397
2024-05-15 19:14:36.369302:2024-05-15 19:14:36.369162: Current epoch: 22, loss: 0.6962142586708069, validation loss: 0.7804632782936096
2024-05-15 19:14:53.673574:2024-05-15 19:14:53.673501: Current epoch: 23, loss: 0.6825147271156311, validation loss: 0.7665431499481201
2024-05-15 19:15:11.386499:2024-05-15 19:15:11.386421: Current epoch: 24, loss: 0.6761077642440796, validation loss: 0.7417066097259521
2024-05-15 19:15:28.561642:2024-05-15 19:15:28.561494: Current epoch: 25, loss: 0.6594310998916626, validation loss: 0.7863237261772156
2024-05-15 19:15:45.177801:2024-05-15 19:15:45.177639: Current epoch: 26, loss: 0.6569762229919434, validation loss: 0.756782054901123
2024-05-15 19:16:02.664122:2024-05-15 19:16:02.663955: Current epoch: 27, loss: 0.6469295620918274, validation loss: 0.8114011287689209
2024-05-15 19:16:19.476067:2024-05-15 19:16:19.475991: Current epoch: 28, loss: 0.6372900605201721, validation loss: 0.7011491060256958
2024-05-15 19:16:36.469593:2024-05-15 19:16:36.469427: Current epoch: 29, loss: 0.6268754005432129, validation loss: 0.7304575443267822
2024-05-15 19:16:56.010027:2024-05-15 19:16:56.009841: Current epoch: 30, loss: 0.6188056468963623, validation loss: 0.7324998378753662
2024-05-15 19:17:13.182265:2024-05-15 19:17:13.182077: Current epoch: 31, loss: 0.6128711104393005, validation loss: 0.7124737501144409
2024-05-15 19:17:30.116377:2024-05-15 19:17:30.116216: Current epoch: 32, loss: 0.5984366536140442, validation loss: 0.7083965539932251
2024-05-15 19:17:46.984790:2024-05-15 19:17:46.984639: Current epoch: 33, loss: 0.5970029234886169, validation loss: 0.7541602849960327
2024-05-15 19:18:03.951943:2024-05-15 19:18:03.951772: Current epoch: 34, loss: 0.5846778750419617, validation loss: 0.7441922426223755
2024-05-15 19:18:20.458693:2024-05-15 19:18:20.458530: Current epoch: 35, loss: 0.5811105966567993, validation loss: 0.7076236009597778
2024-05-15 19:18:37.610796:2024-05-15 19:18:37.610695: Current epoch: 36, loss: 0.564981997013092, validation loss: 0.7102179527282715
2024-05-15 19:18:54.416289:2024-05-15 19:18:54.416205: Current epoch: 37, loss: 0.5651223659515381, validation loss: 0.7008347511291504
2024-05-15 19:19:11.599452:2024-05-15 19:19:11.599344: Current epoch: 38, loss: 0.560489296913147, validation loss: 0.7392367720603943
2024-05-15 19:19:28.815843:2024-05-15 19:19:28.815759: Current epoch: 39, loss: 0.5525510311126709, validation loss: 0.7003839015960693
2024-05-15 19:19:48.706783:2024-05-15 19:19:48.706704: Current epoch: 40, loss: 0.5509939193725586, validation loss: 0.6886447072029114
2024-05-15 19:20:06.057422:2024-05-15 19:20:06.057281: Current epoch: 41, loss: 0.5382345914840698, validation loss: 0.8069448471069336
2024-05-15 19:20:23.100954:2024-05-15 19:20:23.100785: Current epoch: 42, loss: 0.5296829342842102, validation loss: 0.7105531692504883
2024-05-15 19:20:40.588450:2024-05-15 19:20:40.588264: Current epoch: 43, loss: 0.5243129134178162, validation loss: 0.7446454167366028
2024-05-15 19:20:58.657720:2024-05-15 19:20:58.657583: Current epoch: 44, loss: 0.5204019546508789, validation loss: 0.6989225745201111
2024-05-15 19:21:16.211332:2024-05-15 19:21:16.211254: Current epoch: 45, loss: 0.5203865766525269, validation loss: 0.6856757998466492
2024-05-15 19:21:33.745996:2024-05-15 19:21:33.745837: Current epoch: 46, loss: 0.5018426179885864, validation loss: 0.7075492739677429
2024-05-15 19:21:50.985809:2024-05-15 19:21:50.985726: Current epoch: 47, loss: 0.49399152398109436, validation loss: 0.6797695159912109
2024-05-15 19:22:07.947436:2024-05-15 19:22:07.947358: Current epoch: 48, loss: 0.4903094470500946, validation loss: 0.6751489639282227
2024-05-15 19:22:24.826949:2024-05-15 19:22:24.826766: Current epoch: 49, loss: 0.483195960521698, validation loss: 0.6824896335601807
2024-05-15 19:22:44.366614:2024-05-15 19:22:44.366459: Current epoch: 50, loss: 0.4805835485458374, validation loss: 0.6914753913879395
2024-05-15 19:23:02.010170:2024-05-15 19:23:02.010103: Current epoch: 51, loss: 0.47347742319107056, validation loss: 0.6658160090446472
2024-05-15 19:23:18.611220:2024-05-15 19:23:18.611054: Current epoch: 52, loss: 0.4712698459625244, validation loss: 0.6723900437355042
2024-05-15 19:23:35.226427:2024-05-15 19:23:35.226353: Current epoch: 53, loss: 0.465945303440094, validation loss: 0.651944100856781
2024-05-15 19:23:52.925074:2024-05-15 19:23:52.924876: Current epoch: 54, loss: 0.4569801092147827, validation loss: 0.6819133758544922
2024-05-15 19:24:10.324863:2024-05-15 19:24:10.324806: Current epoch: 55, loss: 0.4544515907764435, validation loss: 0.6447770595550537
2024-05-15 19:24:27.870292:2024-05-15 19:24:27.870125: Current epoch: 56, loss: 0.44882625341415405, validation loss: 0.6735154986381531
2024-05-15 19:24:45.405369:2024-05-15 19:24:45.405216: Current epoch: 57, loss: 0.439741313457489, validation loss: 0.6579945683479309
2024-05-15 19:25:02.158204:2024-05-15 19:25:02.158053: Current epoch: 58, loss: 0.43485644459724426, validation loss: 0.6640178561210632
2024-05-15 19:25:18.869866:2024-05-15 19:25:18.869708: Current epoch: 59, loss: 0.4362885057926178, validation loss: 0.6710639595985413
2024-05-15 19:25:37.831807:2024-05-15 19:25:37.831638: Current epoch: 60, loss: 0.4250454306602478, validation loss: 0.6452023386955261
2024-05-15 19:25:54.492320:2024-05-15 19:25:54.492191: Current epoch: 61, loss: 0.4195978343486786, validation loss: 0.7252876162528992
2024-05-15 19:26:11.167527:2024-05-15 19:26:11.167433: Current epoch: 62, loss: 0.423100084066391, validation loss: 0.6503636240959167
2024-05-15 19:26:28.354235:2024-05-15 19:26:28.354161: Current epoch: 63, loss: 0.41558676958084106, validation loss: 0.6283749341964722
2024-05-15 19:26:44.936068:2024-05-15 19:26:44.935981: Current epoch: 64, loss: 0.4085460305213928, validation loss: 0.6497984528541565
2024-05-15 19:27:02.193884:2024-05-15 19:27:02.193808: Current epoch: 65, loss: 0.4108790159225464, validation loss: 0.6512712836265564
2024-05-15 19:27:19.553413:2024-05-15 19:27:19.553249: Current epoch: 66, loss: 0.39791932702064514, validation loss: 0.6945676207542419
2024-05-15 19:27:36.250004:2024-05-15 19:27:36.249896: Current epoch: 67, loss: 0.3930022418498993, validation loss: 0.6443408727645874
2024-05-15 19:27:53.527564:2024-05-15 19:27:53.527501: Current epoch: 68, loss: 0.3899216055870056, validation loss: 0.64631587266922
2024-05-15 19:28:10.863471:2024-05-15 19:28:10.863408: Current epoch: 69, loss: 0.3905918598175049, validation loss: 0.6255657076835632
2024-05-15 19:28:30.669866:2024-05-15 19:28:30.669788: Current epoch: 70, loss: 0.38247355818748474, validation loss: 0.6366559267044067
2024-05-15 19:28:48.171002:2024-05-15 19:28:48.170904: Current epoch: 71, loss: 0.38058772683143616, validation loss: 0.641792356967926
2024-05-15 19:29:05.470398:2024-05-15 19:29:05.470230: Current epoch: 72, loss: 0.3755664527416229, validation loss: 0.6378993988037109
2024-05-15 19:29:22.859795:2024-05-15 19:29:22.859642: Current epoch: 73, loss: 0.3700840473175049, validation loss: 0.6451575756072998
2024-05-15 19:29:39.837833:2024-05-15 19:29:39.837672: Current epoch: 74, loss: 0.37346845865249634, validation loss: 0.6317223906517029
2024-05-15 19:29:56.952819:2024-05-15 19:29:56.952739: Current epoch: 75, loss: 0.3616567850112915, validation loss: 0.6222161054611206
2024-05-15 19:30:14.046700:2024-05-15 19:30:14.046641: Current epoch: 76, loss: 0.36308953166007996, validation loss: 0.6174117922782898
2024-05-15 19:30:31.628335:2024-05-15 19:30:31.628173: Current epoch: 77, loss: 0.35444051027297974, validation loss: 0.6500316262245178
2024-05-15 19:30:48.963772:2024-05-15 19:30:48.963609: Current epoch: 78, loss: 0.3564833104610443, validation loss: 0.6427574753761292
2024-05-15 19:31:06.394730:2024-05-15 19:31:06.394565: Current epoch: 79, loss: 0.3531440794467926, validation loss: 0.6533676385879517
2024-05-15 19:31:24.034114:2024-05-15 19:31:24.034043: Current epoch: 80, loss: 0.3458874821662903, validation loss: 0.6240338683128357
2024-05-15 19:31:40.980740:2024-05-15 19:31:40.980590: Current epoch: 81, loss: 0.34262529015541077, validation loss: 0.6467306613922119
2024-05-15 19:31:57.947275:2024-05-15 19:31:57.947199: Current epoch: 82, loss: 0.3437170386314392, validation loss: 0.6403416395187378
2024-05-15 19:32:15.367269:2024-05-15 19:32:15.367191: Current epoch: 83, loss: 0.3384701907634735, validation loss: 0.6401785016059875
2024-05-15 19:32:32.920437:2024-05-15 19:32:32.920276: Current epoch: 84, loss: 0.3372288644313812, validation loss: 0.6414941549301147
2024-05-15 19:32:50.496627:2024-05-15 19:32:50.496548: Current epoch: 85, loss: 0.3352782130241394, validation loss: 0.6113513708114624
2024-05-15 19:33:07.950808:2024-05-15 19:33:07.950678: Current epoch: 86, loss: 0.33099091053009033, validation loss: 0.6291228532791138
2024-05-15 19:33:25.119944:2024-05-15 19:33:25.119766: Current epoch: 87, loss: 0.3321121633052826, validation loss: 0.6253601908683777
2024-05-15 19:33:42.534798:2024-05-15 19:33:42.534722: Current epoch: 88, loss: 0.3326890766620636, validation loss: 0.6231256723403931
2024-05-15 19:33:59.835102:2024-05-15 19:33:59.834913: Current epoch: 89, loss: 0.3216043710708618, validation loss: 0.619204580783844
2024-05-15 19:34:19.502994:2024-05-15 19:34:19.502822: Current epoch: 90, loss: 0.3166971206665039, validation loss: 0.6360992789268494
2024-05-15 19:34:36.810899:2024-05-15 19:34:36.810744: Current epoch: 91, loss: 0.31957677006721497, validation loss: 0.672471284866333
2024-05-15 19:34:53.919101:2024-05-15 19:34:53.918957: Current epoch: 92, loss: 0.31313034892082214, validation loss: 0.628804087638855
2024-05-15 19:35:11.414238:2024-05-15 19:35:11.414096: Current epoch: 93, loss: 0.31243786215782166, validation loss: 0.6391916871070862
2024-05-15 19:35:28.985304:2024-05-15 19:35:28.985137: Current epoch: 94, loss: 0.30629441142082214, validation loss: 0.6277061104774475
2024-05-15 19:35:45.895327:2024-05-15 19:35:45.895167: Current epoch: 95, loss: 0.3114980459213257, validation loss: 0.7087768316268921
2024-05-15 19:36:03.277349:2024-05-15 19:36:03.277188: Current epoch: 96, loss: 0.3048907220363617, validation loss: 0.6377773880958557
2024-05-15 19:36:20.584985:2024-05-15 19:36:20.584804: Current epoch: 97, loss: 0.30542656779289246, validation loss: 0.6117656230926514
2024-05-15 19:36:37.581237:2024-05-15 19:36:37.581085: Current epoch: 98, loss: 0.29669108986854553, validation loss: 0.6117836833000183
2024-05-15 19:36:54.319945:2024-05-15 19:36:54.319765: Current epoch: 99, loss: 0.29698053002357483, validation loss: 0.6136395335197449
2024-05-15 19:37:13.524464:2024-05-15 19:37:13.524315: Current epoch: 100, loss: 0.29570770263671875, validation loss: 0.6136515736579895
2024-05-15 19:37:30.481882:2024-05-15 19:37:30.481723: Current epoch: 101, loss: 0.29023346304893494, validation loss: 0.6294136047363281
2024-05-15 19:37:48.165691:2024-05-15 19:37:48.165551: Current epoch: 102, loss: 0.29791808128356934, validation loss: 0.6128703951835632
2024-05-15 19:38:05.265394:2024-05-15 19:38:05.265230: Current epoch: 103, loss: 0.28512290120124817, validation loss: 0.6245853304862976
2024-05-15 19:38:22.118419:2024-05-15 19:38:22.118291: Current epoch: 104, loss: 0.2889392673969269, validation loss: 0.6286863684654236
2024-05-15 19:38:38.811405:2024-05-15 19:38:38.811233: Current epoch: 105, loss: 0.2832050621509552, validation loss: 0.6132427453994751
2024-05-15 19:38:56.176051:2024-05-15 19:38:56.175973: Current epoch: 106, loss: 0.28497377038002014, validation loss: 0.627620279788971
2024-05-15 19:39:13.711895:2024-05-15 19:39:13.711734: Current epoch: 107, loss: 0.28255969285964966, validation loss: 0.6258484125137329
2024-05-15 19:39:31.392755:2024-05-15 19:39:31.392605: Current epoch: 108, loss: 0.28409847617149353, validation loss: 0.6115520000457764
2024-05-15 19:39:48.477019:2024-05-15 19:39:48.476952: Current epoch: 109, loss: 0.2824954092502594, validation loss: 0.6233214735984802
2024-05-15 19:40:05.873720:2024-05-15 19:40:05.873642: Current epoch: 110, loss: 0.27069544792175293, validation loss: 0.6110439896583557
2024-05-15 19:40:23.212251:2024-05-15 19:40:23.212098: Current epoch: 111, loss: 0.27654290199279785, validation loss: 0.6221867203712463
2024-05-15 19:40:40.638910:2024-05-15 19:40:40.638750: Current epoch: 112, loss: 0.2703684866428375, validation loss: 0.6260353326797485
2024-05-15 19:40:57.971411:2024-05-15 19:40:57.971334: Current epoch: 113, loss: 0.2682838439941406, validation loss: 0.6252803802490234
2024-05-15 19:41:15.332631:2024-05-15 19:41:15.332468: Current epoch: 114, loss: 0.26946908235549927, validation loss: 0.62124103307724
2024-05-15 19:41:32.593340:2024-05-15 19:41:32.593195: Current epoch: 115, loss: 0.27028706669807434, validation loss: 0.6552814245223999
2024-05-15 19:41:49.937242:2024-05-15 19:41:49.937182: Current epoch: 116, loss: 0.26615262031555176, validation loss: 0.60407954454422
2024-05-15 19:42:07.016845:2024-05-15 19:42:07.016769: Current epoch: 117, loss: 0.26220589876174927, validation loss: 0.6085225939750671
2024-05-15 19:42:23.975847:2024-05-15 19:42:23.975687: Current epoch: 118, loss: 0.2641114294528961, validation loss: 0.6296833157539368
2024-05-15 19:42:41.417438:2024-05-15 19:42:41.417361: Current epoch: 119, loss: 0.2662877142429352, validation loss: 0.634865939617157
2024-05-15 19:42:58.579574:2024-05-15 19:42:58.579412: Current epoch: 120, loss: 0.2604166567325592, validation loss: 0.622478187084198
2024-05-15 19:43:15.510697:2024-05-15 19:43:15.510620: Current epoch: 121, loss: 0.260298490524292, validation loss: 0.6613088846206665
2024-05-15 19:43:32.673610:2024-05-15 19:43:32.673481: Current epoch: 122, loss: 0.2603481411933899, validation loss: 0.6105374097824097
2024-05-15 19:43:49.262513:2024-05-15 19:43:49.262404: Current epoch: 123, loss: 0.25246483087539673, validation loss: 0.6060855388641357
2024-05-15 19:44:06.119436:2024-05-15 19:44:06.119391: Current epoch: 124, loss: 0.2559524178504944, validation loss: 0.6235854029655457
2024-05-15 19:44:23.232773:2024-05-15 19:44:23.232699: Current epoch: 125, loss: 0.2511882483959198, validation loss: 0.6173421740531921
2024-05-15 19:44:40.089617:2024-05-15 19:44:40.089488: Current epoch: 126, loss: 0.25169578194618225, validation loss: 0.6322137713432312
2024-05-15 19:44:57.755467:2024-05-15 19:44:57.755334: Current epoch: 127, loss: 0.25089117884635925, validation loss: 0.6198082566261292
2024-05-15 19:45:15.172328:2024-05-15 19:45:15.172151: Current epoch: 128, loss: 0.24702191352844238, validation loss: 0.6087864637374878
2024-05-15 19:45:32.561362:2024-05-15 19:45:32.561278: Current epoch: 129, loss: 0.24521848559379578, validation loss: 0.612302839756012
2024-05-15 19:45:52.098845:2024-05-15 19:45:52.098739: Current epoch: 130, loss: 0.2521885633468628, validation loss: 0.6362436413764954
2024-05-15 19:46:09.012853:2024-05-15 19:46:09.012782: Current epoch: 131, loss: 0.244963601231575, validation loss: 0.6359220147132874
2024-05-15 19:46:25.727871:2024-05-15 19:46:25.727706: Current epoch: 132, loss: 0.2405136376619339, validation loss: 0.6147089004516602
2024-05-15 19:46:42.119834:2024-05-15 19:46:42.119751: Current epoch: 133, loss: 0.24538525938987732, validation loss: 0.6642937660217285
2024-05-15 19:46:58.975007:2024-05-15 19:46:58.974828: Current epoch: 134, loss: 0.24336451292037964, validation loss: 0.6230672001838684
2024-05-15 19:47:17.090413:2024-05-15 19:47:17.090249: Current epoch: 135, loss: 0.238834947347641, validation loss: 0.6113940477371216
2024-05-15 19:47:34.233991:2024-05-15 19:47:34.233898: Current epoch: 136, loss: 0.23849913477897644, validation loss: 0.6033779382705688
2024-05-15 19:47:50.840321:2024-05-15 19:47:50.840179: Current epoch: 137, loss: 0.2376449555158615, validation loss: 0.6156470775604248
2024-05-15 19:48:07.505473:2024-05-15 19:48:07.505392: Current epoch: 138, loss: 0.23395241796970367, validation loss: 0.6006160974502563
2024-05-15 19:48:24.540819:2024-05-15 19:48:24.540688: Current epoch: 139, loss: 0.23417241871356964, validation loss: 0.6180241107940674
2024-05-15 19:48:41.409676:2024-05-15 19:48:41.409575: Current epoch: 140, loss: 0.2394181489944458, validation loss: 0.609104335308075
2024-05-15 19:48:58.360489:2024-05-15 19:48:58.360305: Current epoch: 141, loss: 0.23652735352516174, validation loss: 0.6382356286048889
2024-05-15 19:49:15.706106:2024-05-15 19:49:15.705940: Current epoch: 142, loss: 0.2283618152141571, validation loss: 0.608478844165802
2024-05-15 19:49:32.329828:2024-05-15 19:49:32.329660: Current epoch: 143, loss: 0.23418274521827698, validation loss: 0.612531304359436
2024-05-15 19:49:49.591170:2024-05-15 19:49:49.591006: Current epoch: 144, loss: 0.22918839752674103, validation loss: 0.6109123826026917
2024-05-15 19:50:06.663477:2024-05-15 19:50:06.663312: Current epoch: 145, loss: 0.2312122881412506, validation loss: 0.6266536116600037
2024-05-15 19:50:23.735142:2024-05-15 19:50:23.735076: Current epoch: 146, loss: 0.2307824343442917, validation loss: 0.6144498586654663
2024-05-15 19:50:40.882328:2024-05-15 19:50:40.882194: Current epoch: 147, loss: 0.22666610777378082, validation loss: 0.6082761287689209
2024-05-15 19:50:58.507159:2024-05-15 19:50:58.506995: Current epoch: 148, loss: 0.22333936393260956, validation loss: 0.6106033325195312
2024-05-15 19:51:15.046798:2024-05-15 19:51:15.046636: Current epoch: 149, loss: 0.22459712624549866, validation loss: 0.6106115579605103
2024-05-15 19:51:34.231967:2024-05-15 19:51:34.231873: Current epoch: 150, loss: 0.21598975360393524, validation loss: 0.6419245600700378
2024-05-15 19:51:50.725450:2024-05-15 19:51:50.725292: Current epoch: 151, loss: 0.2260977029800415, validation loss: 0.6346938610076904
2024-05-15 19:52:07.916001:2024-05-15 19:52:07.915851: Current epoch: 152, loss: 0.22154834866523743, validation loss: 0.6075865626335144
2024-05-15 19:52:25.302289:2024-05-15 19:52:25.302153: Current epoch: 153, loss: 0.21882544457912445, validation loss: 0.6255186200141907
2024-05-15 19:52:42.612910:2024-05-15 19:52:42.612838: Current epoch: 154, loss: 0.2191838175058365, validation loss: 0.6246337294578552
2024-05-15 19:52:59.789980:2024-05-15 19:52:59.789805: Current epoch: 155, loss: 0.22583581507205963, validation loss: 0.6120839715003967
2024-05-15 19:53:17.267321:2024-05-15 19:53:17.267151: Current epoch: 156, loss: 0.2178463488817215, validation loss: 0.6069621443748474
2024-05-15 19:53:35.207649:2024-05-15 19:53:35.207496: Current epoch: 157, loss: 0.21715952455997467, validation loss: 0.611952543258667
2024-05-15 19:53:52.876200:2024-05-15 19:53:52.876032: Current epoch: 158, loss: 0.21345779299736023, validation loss: 0.617923378944397
2024-05-15 19:54:10.423017:2024-05-15 19:54:10.422839: Current epoch: 159, loss: 0.2182045429944992, validation loss: 0.6293571591377258
2024-05-15 19:54:27.933622:2024-05-15 19:54:27.933469: Current epoch: 160, loss: 0.2125999927520752, validation loss: 0.6215599179267883
2024-05-15 19:54:44.933690:2024-05-15 19:54:44.933489: Current epoch: 161, loss: 0.20792286098003387, validation loss: 0.6012513637542725
2024-05-15 19:55:02.816550:2024-05-15 19:55:02.816379: Current epoch: 162, loss: 0.20948463678359985, validation loss: 0.6060646176338196
2024-05-15 19:55:20.080761:2024-05-15 19:55:20.080593: Current epoch: 163, loss: 0.21266603469848633, validation loss: 0.6107238531112671
2024-05-15 19:55:37.371484:2024-05-15 19:55:37.371419: Current epoch: 164, loss: 0.209292933344841, validation loss: 0.5977302193641663
2024-05-15 19:55:54.721322:2024-05-15 19:55:54.721237: Current epoch: 165, loss: 0.2090570628643036, validation loss: 0.5962002277374268
2024-05-15 19:56:12.103759:2024-05-15 19:56:12.103632: Current epoch: 166, loss: 0.21581070125102997, validation loss: 0.6095648407936096
2024-05-15 19:56:29.732065:2024-05-15 19:56:29.731955: Current epoch: 167, loss: 0.20417363941669464, validation loss: 0.6116792559623718
2024-05-15 19:56:46.941874:2024-05-15 19:56:46.941821: Current epoch: 168, loss: 0.21208302676677704, validation loss: 0.5941123366355896
2024-05-15 19:57:03.752508:2024-05-15 19:57:03.752353: Current epoch: 169, loss: 0.20339928567409515, validation loss: 0.616738498210907
2024-05-15 19:57:20.584681:2024-05-15 19:57:20.584612: Current epoch: 170, loss: 0.20599816739559174, validation loss: 0.5981296896934509
2024-05-15 19:57:37.887273:2024-05-15 19:57:37.887102: Current epoch: 171, loss: 0.20283862948417664, validation loss: 0.603240430355072
2024-05-15 19:57:55.116470:2024-05-15 19:57:55.116396: Current epoch: 172, loss: 0.20211979746818542, validation loss: 0.6254557967185974
2024-05-15 19:58:12.459511:2024-05-15 19:58:12.459374: Current epoch: 173, loss: 0.2072487622499466, validation loss: 0.6305129528045654
2024-05-15 19:58:29.646026:2024-05-15 19:58:29.645950: Current epoch: 174, loss: 0.20321343839168549, validation loss: 0.6130618453025818
2024-05-15 19:58:46.156469:2024-05-15 19:58:46.156391: Current epoch: 175, loss: 0.2015269249677658, validation loss: 0.6108976006507874
2024-05-15 19:59:02.999192:2024-05-15 19:59:02.999062: Current epoch: 176, loss: 0.20425966382026672, validation loss: 0.6292381286621094
2024-05-15 19:59:19.796676:2024-05-15 19:59:19.796567: Current epoch: 177, loss: 0.20304076373577118, validation loss: 0.6053116321563721
2024-05-15 19:59:36.457756:2024-05-15 19:59:36.457692: Current epoch: 178, loss: 0.1978341042995453, validation loss: 0.605465829372406
2024-05-15 19:59:53.835858:2024-05-15 19:59:53.835716: Current epoch: 179, loss: 0.20314982533454895, validation loss: 0.6026884913444519
2024-05-15 20:00:13.053387:2024-05-15 20:00:13.053306: Current epoch: 180, loss: 0.1953345239162445, validation loss: 0.6077728271484375
2024-05-15 20:00:30.510787:2024-05-15 20:00:30.510625: Current epoch: 181, loss: 0.1976930946111679, validation loss: 0.6114002466201782
2024-05-15 20:00:47.867325:2024-05-15 20:00:47.867176: Current epoch: 182, loss: 0.2008574903011322, validation loss: 0.6258683800697327
2024-05-15 20:01:04.654121:2024-05-15 20:01:04.653986: Current epoch: 183, loss: 0.19541007280349731, validation loss: 0.6228840947151184
2024-05-15 20:01:21.382849:2024-05-15 20:01:21.382702: Current epoch: 184, loss: 0.1942385733127594, validation loss: 0.6150467991828918
2024-05-15 20:01:38.129405:2024-05-15 20:01:38.129274: Current epoch: 185, loss: 0.19871877133846283, validation loss: 0.6104433536529541
2024-05-15 20:01:55.066626:2024-05-15 20:01:55.066464: Current epoch: 186, loss: 0.1962459832429886, validation loss: 0.6089048981666565
2024-05-15 20:02:12.267475:2024-05-15 20:02:12.267375: Current epoch: 187, loss: 0.1922684907913208, validation loss: 0.6036033034324646
2024-05-15 20:02:29.688220:2024-05-15 20:02:29.688056: Current epoch: 188, loss: 0.19786666333675385, validation loss: 0.6223190426826477
2024-05-15 20:02:47.001804:2024-05-15 20:02:47.001694: Current epoch: 189, loss: 0.19369739294052124, validation loss: 0.6106132864952087
2024-05-15 20:03:04.206181:2024-05-15 20:03:04.206020: Current epoch: 190, loss: 0.19078418612480164, validation loss: 0.5949441194534302
2024-05-15 20:03:21.333437:2024-05-15 20:03:21.333299: Current epoch: 191, loss: 0.19957497715950012, validation loss: 0.6016589403152466
2024-05-15 20:03:38.376356:2024-05-15 20:03:38.376204: Current epoch: 192, loss: 0.18909548223018646, validation loss: 0.6064155697822571
2024-05-15 20:03:55.784328:2024-05-15 20:03:55.784163: Current epoch: 193, loss: 0.18824972212314606, validation loss: 0.6054731607437134
2024-05-15 20:04:12.864332:2024-05-15 20:04:12.864190: Current epoch: 194, loss: 0.18868428468704224, validation loss: 0.607433557510376
2024-05-15 20:04:29.898435:2024-05-15 20:04:29.898302: Current epoch: 195, loss: 0.19703173637390137, validation loss: 0.6113042831420898
2024-05-15 20:04:47.413805:2024-05-15 20:04:47.413642: Current epoch: 196, loss: 0.18432939052581787, validation loss: 0.5958425402641296
2024-05-15 20:05:04.500640:2024-05-15 20:05:04.500461: Current epoch: 197, loss: 0.18867744505405426, validation loss: 0.6030157804489136
2024-05-15 20:05:21.408995:2024-05-15 20:05:21.408814: Current epoch: 198, loss: 0.18957245349884033, validation loss: 0.6193426847457886
2024-05-15 20:05:37.934615:2024-05-15 20:05:37.934451: Current epoch: 199, loss: 0.18941742181777954, validation loss: 0.599757969379425
2024-05-15 20:05:57.508574:2024-05-15 20:05:57.508448: Current epoch: 200, loss: 0.18893711268901825, validation loss: 0.611732542514801
2024-05-15 20:06:14.065052:2024-05-15 20:06:14.064883: Current epoch: 201, loss: 0.184694305062294, validation loss: 0.6158791780471802
2024-05-15 20:06:31.002152:2024-05-15 20:06:31.002076: Current epoch: 202, loss: 0.1875719279050827, validation loss: 0.5998565554618835
2024-05-15 20:06:47.975457:2024-05-15 20:06:47.975305: Current epoch: 203, loss: 0.19776447117328644, validation loss: 0.6267315745353699
2024-05-15 20:07:04.703758:2024-05-15 20:07:04.703597: Current epoch: 204, loss: 0.1773557811975479, validation loss: 0.6298549175262451
2024-05-15 20:07:21.764144:2024-05-15 20:07:21.764033: Current epoch: 205, loss: 0.18788409233093262, validation loss: 0.6034900546073914
2024-05-15 20:07:38.561573:2024-05-15 20:07:38.561408: Current epoch: 206, loss: 0.1811562478542328, validation loss: 0.6140430569648743
2024-05-15 20:07:55.226703:2024-05-15 20:07:55.226625: Current epoch: 207, loss: 0.18338434398174286, validation loss: 0.6161918044090271
2024-05-15 20:08:12.405468:2024-05-15 20:08:12.405307: Current epoch: 208, loss: 0.18126752972602844, validation loss: 0.610977053642273
2024-05-15 20:08:29.852908:2024-05-15 20:08:29.852743: Current epoch: 209, loss: 0.18359598517417908, validation loss: 0.617027223110199
2024-05-15 20:08:46.631573:2024-05-15 20:08:46.631389: Current epoch: 210, loss: 0.18392322957515717, validation loss: 0.6336020231246948
2024-05-15 20:09:03.390366:2024-05-15 20:09:03.390198: Current epoch: 211, loss: 0.18013395369052887, validation loss: 0.6046035885810852
2024-05-15 20:09:20.714727:2024-05-15 20:09:20.714560: Current epoch: 212, loss: 0.1705358773469925, validation loss: 0.6038771867752075
2024-05-15 20:09:38.841254:2024-05-15 20:09:38.841141: Current epoch: 213, loss: 0.17851819097995758, validation loss: 0.602691113948822
2024-05-15 20:09:55.902259:2024-05-15 20:09:55.902093: Current epoch: 214, loss: 0.18593183159828186, validation loss: 0.6121963858604431
2024-05-15 20:10:13.087248:2024-05-15 20:10:13.087083: Current epoch: 215, loss: 0.17322993278503418, validation loss: 0.6119837760925293
2024-05-15 20:10:30.423593:2024-05-15 20:10:30.423427: Current epoch: 216, loss: 0.1803518682718277, validation loss: 0.6259959936141968
2024-05-15 20:10:47.971621:2024-05-15 20:10:47.971470: Current epoch: 217, loss: 0.17893080413341522, validation loss: 0.6289515495300293
2024-05-15 20:11:05.163301:2024-05-15 20:11:05.163143: Current epoch: 218, loss: 0.17919495701789856, validation loss: 0.603645384311676
2024-05-15 20:11:22.048017:2024-05-15 20:11:22.047829: Current epoch: 219, loss: 0.16719689965248108, validation loss: 0.6039662957191467
2024-05-15 20:11:39.317536:2024-05-15 20:11:39.317384: Current epoch: 220, loss: 0.17297451198101044, validation loss: 0.6096324324607849
2024-05-15 20:11:56.730308:2024-05-15 20:11:56.730154: Current epoch: 221, loss: 0.17308124899864197, validation loss: 0.6217039823532104
2024-05-15 20:12:14.321858:2024-05-15 20:12:14.321693: Current epoch: 222, loss: 0.175106018781662, validation loss: 0.6193637847900391
2024-05-15 20:12:31.767193:2024-05-15 20:12:31.767042: Current epoch: 223, loss: 0.17586028575897217, validation loss: 0.6140361428260803
2024-05-15 20:12:49.200116:2024-05-15 20:12:49.200007: Current epoch: 224, loss: 0.17273783683776855, validation loss: 0.6148112416267395
2024-05-15 20:13:06.055625:2024-05-15 20:13:06.055466: Current epoch: 225, loss: 0.1712396740913391, validation loss: 0.6285189986228943
2024-05-15 20:13:22.990673:2024-05-15 20:13:22.990512: Current epoch: 226, loss: 0.1710067242383957, validation loss: 0.6037231683731079
2024-05-15 20:13:39.993009:2024-05-15 20:13:39.992869: Current epoch: 227, loss: 0.17695604264736176, validation loss: 0.6119115352630615
2024-05-15 20:13:56.535760:2024-05-15 20:13:56.535653: Current epoch: 228, loss: 0.17153877019882202, validation loss: 0.6006984114646912
2024-05-15 20:14:13.403234:2024-05-15 20:14:13.403065: Current epoch: 229, loss: 0.1723136603832245, validation loss: 0.599488377571106
2024-05-15 20:14:32.551913:2024-05-15 20:14:32.551845: Current epoch: 230, loss: 0.17232507467269897, validation loss: 0.6047182083129883
2024-05-15 20:14:49.266337:2024-05-15 20:14:49.266175: Current epoch: 231, loss: 0.16669730842113495, validation loss: 0.6078240871429443
2024-05-15 20:15:07.447343:2024-05-15 20:15:07.447265: Current epoch: 232, loss: 0.17014537751674652, validation loss: 0.5933448672294617
2024-05-15 20:15:25.048561:2024-05-15 20:15:25.048483: Current epoch: 233, loss: 0.18315310776233673, validation loss: 0.5927556157112122
2024-05-15 20:15:42.840304:2024-05-15 20:15:42.840139: Current epoch: 234, loss: 0.16595925390720367, validation loss: 0.612959623336792
2024-05-15 20:16:00.469007:2024-05-15 20:16:00.468823: Current epoch: 235, loss: 0.16743601858615875, validation loss: 0.6206386089324951
2024-05-15 20:16:18.066515:2024-05-15 20:16:18.066354: Current epoch: 236, loss: 0.17146213352680206, validation loss: 0.6058131456375122
2024-05-15 20:16:35.893567:2024-05-15 20:16:35.893483: Current epoch: 237, loss: 0.17143131792545319, validation loss: 0.5915905833244324
2024-05-15 20:16:53.376071:2024-05-15 20:16:53.376008: Current epoch: 238, loss: 0.16772788763046265, validation loss: 0.5896862745285034
2024-05-15 20:17:10.834473:2024-05-15 20:17:10.834294: Current epoch: 239, loss: 0.17579036951065063, validation loss: 0.6156287789344788
2024-05-15 20:17:27.942575:2024-05-15 20:17:27.942412: Current epoch: 240, loss: 0.1672012060880661, validation loss: 0.5999216437339783
2024-05-15 20:17:44.778082:2024-05-15 20:17:44.777901: Current epoch: 241, loss: 0.16755571961402893, validation loss: 0.6198275089263916
2024-05-15 20:18:02.450539:2024-05-15 20:18:02.450369: Current epoch: 242, loss: 0.1623261570930481, validation loss: 0.6137611865997314
2024-05-15 20:18:19.523746:2024-05-15 20:18:19.523585: Current epoch: 243, loss: 0.16825293004512787, validation loss: 0.6000736951828003
2024-05-15 20:18:36.398546:2024-05-15 20:18:36.398364: Current epoch: 244, loss: 0.16569580137729645, validation loss: 0.6150135397911072
2024-05-15 20:18:53.286538:2024-05-15 20:18:53.286429: Current epoch: 245, loss: 0.1637721210718155, validation loss: 0.6038681268692017
2024-05-15 20:19:10.428651:2024-05-15 20:19:10.428512: Current epoch: 246, loss: 0.16351793706417084, validation loss: 0.6030656099319458
2024-05-15 20:19:27.449186:2024-05-15 20:19:27.449020: Current epoch: 247, loss: 0.15938453376293182, validation loss: 0.6057871580123901
2024-05-15 20:19:44.572934:2024-05-15 20:19:44.572852: Current epoch: 248, loss: 0.16793304681777954, validation loss: 0.5863679647445679
2024-05-15 20:20:02.214205:2024-05-15 20:20:02.214129: Current epoch: 249, loss: 0.1628524661064148, validation loss: 0.5793425440788269
2024-05-15 20:20:21.926682:2024-05-15 20:20:21.926526: Current epoch: 250, loss: 0.15958623588085175, validation loss: 0.6123522520065308
2024-05-15 20:20:39.065891:2024-05-15 20:20:39.065727: Current epoch: 251, loss: 0.16652508080005646, validation loss: 0.6139533519744873
2024-05-15 20:20:55.847781:2024-05-15 20:20:55.847643: Current epoch: 252, loss: 0.1648278832435608, validation loss: 0.620445728302002
2024-05-15 20:21:12.842794:2024-05-15 20:21:12.842640: Current epoch: 253, loss: 0.1603829562664032, validation loss: 0.6003785729408264
2024-05-15 20:21:30.771100:2024-05-15 20:21:30.770919: Current epoch: 254, loss: 0.15842260420322418, validation loss: 0.6037671566009521
2024-05-15 20:21:48.111655:2024-05-15 20:21:48.111491: Current epoch: 255, loss: 0.16215302050113678, validation loss: 0.6076331734657288
2024-05-15 20:22:05.631551:2024-05-15 20:22:05.631391: Current epoch: 256, loss: 0.1599133312702179, validation loss: 0.596506655216217
2024-05-15 20:22:23.303413:2024-05-15 20:22:23.303249: Current epoch: 257, loss: 0.16174685955047607, validation loss: 0.6083300113677979
2024-05-15 20:22:40.906026:2024-05-15 20:22:40.905840: Current epoch: 258, loss: 0.15715737640857697, validation loss: 0.6255022287368774
2024-05-15 20:22:58.213359:2024-05-15 20:22:58.213284: Current epoch: 259, loss: 0.160129576921463, validation loss: 0.5938292145729065
2024-05-15 20:23:15.625588:2024-05-15 20:23:15.625424: Current epoch: 260, loss: 0.15927407145500183, validation loss: 0.6130316257476807
2024-05-15 20:23:33.036411:2024-05-15 20:23:33.036260: Current epoch: 261, loss: 0.16090480983257294, validation loss: 0.5958564877510071
2024-05-15 20:23:50.237364:2024-05-15 20:23:50.237203: Current epoch: 262, loss: 0.1557665914297104, validation loss: 0.6060280799865723
2024-05-15 20:24:07.656722:2024-05-15 20:24:07.656561: Current epoch: 263, loss: 0.16491319239139557, validation loss: 0.618188202381134
2024-05-15 20:24:24.698615:2024-05-15 20:24:24.698470: Current epoch: 264, loss: 0.1538233906030655, validation loss: 0.602973997592926
2024-05-15 20:24:42.138069:2024-05-15 20:24:42.137905: Current epoch: 265, loss: 0.16269217431545258, validation loss: 0.6170409321784973
2024-05-15 20:24:59.300332:2024-05-15 20:24:59.300166: Current epoch: 266, loss: 0.15923400223255157, validation loss: 0.6081790924072266
2024-05-15 20:25:16.134672:2024-05-15 20:25:16.134600: Current epoch: 267, loss: 0.15269814431667328, validation loss: 0.6084848642349243
2024-05-15 20:25:32.995502:2024-05-15 20:25:32.995381: Current epoch: 268, loss: 0.1571148931980133, validation loss: 0.6556851267814636
2024-05-15 20:25:50.025171:2024-05-15 20:25:50.025039: Current epoch: 269, loss: 0.15777112543582916, validation loss: 0.6103836297988892
2024-05-15 20:26:06.752938:2024-05-15 20:26:06.752776: Current epoch: 270, loss: 0.15169808268547058, validation loss: 0.5937482118606567
2024-05-15 20:26:23.832707:2024-05-15 20:26:23.832543: Current epoch: 271, loss: 0.15774120390415192, validation loss: 0.5872360467910767
2024-05-15 20:26:41.298555:2024-05-15 20:26:41.298392: Current epoch: 272, loss: 0.15595649182796478, validation loss: 0.6135291457176208
2024-05-15 20:26:57.873919:2024-05-15 20:26:57.873789: Current epoch: 273, loss: 0.1502579003572464, validation loss: 0.6161805987358093
2024-05-15 20:27:14.437030:2024-05-15 20:27:14.436897: Current epoch: 274, loss: 0.1557607501745224, validation loss: 0.5927669405937195
2024-05-15 20:27:31.781809:2024-05-15 20:27:31.781660: Current epoch: 275, loss: 0.15297216176986694, validation loss: 0.5882014632225037
2024-05-15 20:27:49.388343:2024-05-15 20:27:49.388267: Current epoch: 276, loss: 0.1618870496749878, validation loss: 0.5930870771408081
2024-05-15 20:28:06.913589:2024-05-15 20:28:06.913427: Current epoch: 277, loss: 0.16677889227867126, validation loss: 0.6365436315536499
2024-05-15 20:28:24.039813:2024-05-15 20:28:24.039745: Current epoch: 278, loss: 0.15076789259910583, validation loss: 0.6051515936851501
2024-05-15 20:28:41.476679:2024-05-15 20:28:41.476546: Current epoch: 279, loss: 0.1492721289396286, validation loss: 0.628900408744812
2024-05-15 20:28:58.674412:2024-05-15 20:28:58.674319: Current epoch: 280, loss: 0.1542506366968155, validation loss: 0.605904757976532
2024-05-15 20:29:15.742791:2024-05-15 20:29:15.742628: Current epoch: 281, loss: 0.14881840348243713, validation loss: 0.6051168441772461
2024-05-15 20:29:33.027149:2024-05-15 20:29:33.026986: Current epoch: 282, loss: 0.15191775560379028, validation loss: 0.6050443053245544
2024-05-15 20:29:50.429335:2024-05-15 20:29:50.429185: Current epoch: 283, loss: 0.1537017524242401, validation loss: 0.6030963659286499
2024-05-15 20:30:08.140793:2024-05-15 20:30:08.140634: Current epoch: 284, loss: 0.1555304229259491, validation loss: 0.6142615079879761
2024-05-15 20:30:25.855905:2024-05-15 20:30:25.855729: Current epoch: 285, loss: 0.14972300827503204, validation loss: 0.6056227684020996
2024-05-15 20:30:43.303093:2024-05-15 20:30:43.302910: Current epoch: 286, loss: 0.14724257588386536, validation loss: 0.5946483016014099
2024-05-15 20:31:00.426050:2024-05-15 20:31:00.425881: Current epoch: 287, loss: 0.1466449797153473, validation loss: 0.6075729131698608
2024-05-15 20:31:17.665439:2024-05-15 20:31:17.665332: Current epoch: 288, loss: 0.1504327356815338, validation loss: 0.6158559918403625
2024-05-15 20:31:34.465729:2024-05-15 20:31:34.465566: Current epoch: 289, loss: 0.16725751757621765, validation loss: 0.6127514839172363
2024-05-15 20:31:51.422364:2024-05-15 20:31:51.422233: Current epoch: 290, loss: 0.1427854597568512, validation loss: 0.624202311038971
2024-05-15 20:32:08.519231:2024-05-15 20:32:08.519138: Current epoch: 291, loss: 0.1497587114572525, validation loss: 0.6206168532371521
2024-05-15 20:32:25.802900:2024-05-15 20:32:25.802737: Current epoch: 292, loss: 0.16483311355113983, validation loss: 0.6072663068771362
2024-05-15 20:32:42.366991:2024-05-15 20:32:42.366894: Current epoch: 293, loss: 0.14563876390457153, validation loss: 0.6067476868629456
2024-05-15 20:32:59.623595:2024-05-15 20:32:59.623433: Current epoch: 294, loss: 0.14733001589775085, validation loss: 0.6135775446891785
2024-05-15 20:33:16.929745:2024-05-15 20:33:16.929599: Current epoch: 295, loss: 0.1467256098985672, validation loss: 0.6089708209037781
2024-05-15 20:33:33.828119:2024-05-15 20:33:33.827947: Current epoch: 296, loss: 0.1487240195274353, validation loss: 0.6036128997802734
2024-05-15 20:33:50.565742:2024-05-15 20:33:50.565665: Current epoch: 297, loss: 0.14694587886333466, validation loss: 0.6129883527755737
2024-05-15 20:34:07.600771:2024-05-15 20:34:07.600605: Current epoch: 298, loss: 0.14847509562969208, validation loss: 0.6168029308319092
2024-05-15 20:34:24.995800:2024-05-15 20:34:24.995636: Current epoch: 299, loss: 0.1502152383327484, validation loss: 0.6008622050285339
2024-05-15 20:34:41.945677:2024-05-15 20:34:41.945549: Current epoch: 300, loss: 0.15253540873527527, validation loss: 0.6341171860694885
2024-05-15 20:34:58.635174:2024-05-15 20:34:58.635023: Current epoch: 301, loss: 0.1432957947254181, validation loss: 0.6082146167755127
2024-05-15 20:35:15.835660:2024-05-15 20:35:15.835497: Current epoch: 302, loss: 0.15069854259490967, validation loss: 0.6181192994117737
2024-05-15 20:35:33.137826:2024-05-15 20:35:33.137616: Current epoch: 303, loss: 0.15069572627544403, validation loss: 0.5957937836647034
2024-05-15 20:35:50.980391:2024-05-15 20:35:50.980223: Current epoch: 304, loss: 0.1435697227716446, validation loss: 0.605375349521637
2024-05-15 20:36:08.027827:2024-05-15 20:36:08.027704: Current epoch: 305, loss: 0.1453809291124344, validation loss: 0.6410757303237915
2024-05-15 20:36:25.828750:2024-05-15 20:36:25.828597: Current epoch: 306, loss: 0.1476432830095291, validation loss: 0.5962159633636475
2024-05-15 20:36:43.127066:2024-05-15 20:36:43.126881: Current epoch: 307, loss: 0.1537434458732605, validation loss: 0.6192003488540649
2024-05-15 20:37:00.471707:2024-05-15 20:37:00.471545: Current epoch: 308, loss: 0.1401468962430954, validation loss: 0.6064770221710205
2024-05-15 20:37:17.413110:2024-05-15 20:37:17.412948: Current epoch: 309, loss: 0.1500057727098465, validation loss: 0.5991310477256775
2024-05-15 20:37:34.801976:2024-05-15 20:37:34.801797: Current epoch: 310, loss: 0.14801602065563202, validation loss: 0.6201397776603699
2024-05-15 20:37:52.204111:2024-05-15 20:37:52.203947: Current epoch: 311, loss: 0.14188864827156067, validation loss: 0.6221957802772522
2024-05-15 20:38:08.932544:2024-05-15 20:38:08.932388: Current epoch: 312, loss: 0.15240466594696045, validation loss: 0.6190810203552246
2024-05-15 20:38:25.742267:2024-05-15 20:38:25.742198: Current epoch: 313, loss: 0.14498083293437958, validation loss: 0.606231689453125
2024-05-15 20:38:43.144652:2024-05-15 20:38:43.144521: Current epoch: 314, loss: 0.13770902156829834, validation loss: 0.6068561673164368
2024-05-15 20:39:00.612842:2024-05-15 20:39:00.612691: Current epoch: 315, loss: 0.14522162079811096, validation loss: 0.5929319858551025
2024-05-15 20:39:17.899003:2024-05-15 20:39:17.898874: Current epoch: 316, loss: 0.1429271250963211, validation loss: 0.6071862578392029
2024-05-15 20:39:35.371315:2024-05-15 20:39:35.371176: Current epoch: 317, loss: 0.14812332391738892, validation loss: 0.5945302248001099
2024-05-15 20:39:52.766619:2024-05-15 20:39:52.766451: Current epoch: 318, loss: 0.14271460473537445, validation loss: 0.6299818158149719
2024-05-15 20:40:09.858867:2024-05-15 20:40:09.858724: Current epoch: 319, loss: 0.1423644870519638, validation loss: 0.6162281632423401
2024-05-15 20:40:27.023987:2024-05-15 20:40:27.023887: Current epoch: 320, loss: 0.14688223600387573, validation loss: 0.6112854480743408
2024-05-15 20:40:44.519298:2024-05-15 20:40:44.519135: Current epoch: 321, loss: 0.14036007225513458, validation loss: 0.6258512735366821
2024-05-15 20:41:01.502225:2024-05-15 20:41:01.502149: Current epoch: 322, loss: 0.14400985836982727, validation loss: 0.6104968190193176
2024-05-15 20:41:18.305801:2024-05-15 20:41:18.305659: Current epoch: 323, loss: 0.13999056816101074, validation loss: 0.5979822278022766
2024-05-15 20:41:35.157450:2024-05-15 20:41:35.157375: Current epoch: 324, loss: 0.14169323444366455, validation loss: 0.6186581254005432
2024-05-15 20:41:52.507860:2024-05-15 20:41:52.507751: Current epoch: 325, loss: 0.13997943699359894, validation loss: 0.586261510848999
2024-05-15 20:42:10.086095:2024-05-15 20:42:10.085993: Current epoch: 326, loss: 0.15002115070819855, validation loss: 0.623403012752533
2024-05-15 20:42:27.587710:2024-05-15 20:42:27.587634: Current epoch: 327, loss: 0.14846113324165344, validation loss: 0.6271355748176575
2024-05-15 20:42:45.309102:2024-05-15 20:42:45.308923: Current epoch: 328, loss: 0.1371385157108307, validation loss: 0.591755211353302
2024-05-15 20:43:02.751899:2024-05-15 20:43:02.751748: Current epoch: 329, loss: 0.13764800131320953, validation loss: 0.5986495018005371
2024-05-15 20:43:20.127617:2024-05-15 20:43:20.127480: Current epoch: 330, loss: 0.14933905005455017, validation loss: 0.6080588102340698
2024-05-15 20:43:37.448922:2024-05-15 20:43:37.448738: Current epoch: 331, loss: 0.14998376369476318, validation loss: 0.6357823610305786
2024-05-15 20:43:54.896435:2024-05-15 20:43:54.896355: Current epoch: 332, loss: 0.14253146946430206, validation loss: 0.5925262570381165
2024-05-15 20:44:12.469315:2024-05-15 20:44:12.469150: Current epoch: 333, loss: 0.14523306488990784, validation loss: 0.6022133827209473
2024-05-15 20:44:29.803686:2024-05-15 20:44:29.803550: Current epoch: 334, loss: 0.14328525960445404, validation loss: 0.6175200343132019
2024-05-15 20:44:47.112617:2024-05-15 20:44:47.112458: Current epoch: 335, loss: 0.1375322937965393, validation loss: 0.5997614860534668
2024-05-15 20:45:04.333257:2024-05-15 20:45:04.333094: Current epoch: 336, loss: 0.14458546042442322, validation loss: 0.6018059849739075
2024-05-15 20:45:22.054845:2024-05-15 20:45:22.054684: Current epoch: 337, loss: 0.138932466506958, validation loss: 0.6029664874076843
2024-05-15 20:45:39.156696:2024-05-15 20:45:39.156586: Current epoch: 338, loss: 0.13375917077064514, validation loss: 0.5933938026428223
2024-05-15 20:45:56.645516:2024-05-15 20:45:56.645383: Current epoch: 339, loss: 0.1585276871919632, validation loss: 0.5947999954223633
2024-05-15 20:46:13.547103:2024-05-15 20:46:13.546922: Current epoch: 340, loss: 0.1386214941740036, validation loss: 0.5924758911132812
2024-05-15 20:46:31.238514:2024-05-15 20:46:31.238397: Current epoch: 341, loss: 0.13941504061222076, validation loss: 0.6094814538955688
2024-05-15 20:46:48.182672:2024-05-15 20:46:48.182570: Current epoch: 342, loss: 0.13619466125965118, validation loss: 0.6110167503356934
2024-05-15 20:47:05.470407:2024-05-15 20:47:05.470331: Current epoch: 343, loss: 0.1359262317419052, validation loss: 0.6146672964096069
2024-05-15 20:47:22.944238:2024-05-15 20:47:22.944074: Current epoch: 344, loss: 0.1394415646791458, validation loss: 0.5985115170478821
2024-05-15 20:47:39.715627:2024-05-15 20:47:39.715463: Current epoch: 345, loss: 0.14142325520515442, validation loss: 0.6014246344566345
2024-05-15 20:47:56.588233:2024-05-15 20:47:56.588068: Current epoch: 346, loss: 0.148309126496315, validation loss: 0.6004782319068909
2024-05-15 20:48:13.547209:2024-05-15 20:48:13.547136: Current epoch: 347, loss: 0.13601672649383545, validation loss: 0.5997265577316284
2024-05-15 20:48:30.070071:2024-05-15 20:48:30.069919: Current epoch: 348, loss: 0.14171260595321655, validation loss: 0.6481403708457947
2024-05-15 20:48:46.498063:2024-05-15 20:48:46.497994: Current epoch: 349, loss: 0.14538326859474182, validation loss: 0.6088520884513855
2024-05-15 20:49:03.799752:2024-05-15 20:49:03.799600: Current epoch: 350, loss: 0.1307530701160431, validation loss: 0.5944989323616028
2024-05-15 20:49:20.931484:2024-05-15 20:49:20.931408: Current epoch: 351, loss: 0.1587233692407608, validation loss: 0.6130256652832031
2024-05-15 20:49:38.236368:2024-05-15 20:49:38.236207: Current epoch: 352, loss: 0.1339731514453888, validation loss: 0.6101616024971008
2024-05-15 20:49:55.315084:2024-05-15 20:49:55.314906: Current epoch: 353, loss: 0.13846956193447113, validation loss: 0.6018756628036499
2024-05-15 20:50:12.540467:2024-05-15 20:50:12.540258: Current epoch: 354, loss: 0.1366640329360962, validation loss: 0.6056458353996277
2024-05-15 20:50:29.666124:2024-05-15 20:50:29.665956: Current epoch: 355, loss: 0.13193291425704956, validation loss: 0.5969991087913513
2024-05-15 20:50:46.515799:2024-05-15 20:50:46.515628: Current epoch: 356, loss: 0.1430107206106186, validation loss: 0.6049374341964722
2024-05-15 20:51:03.323429:2024-05-15 20:51:03.323299: Current epoch: 357, loss: 0.14384405314922333, validation loss: 0.6261249780654907
2024-05-15 20:51:20.440768:2024-05-15 20:51:20.440660: Current epoch: 358, loss: 0.1458958387374878, validation loss: 0.6075170040130615
2024-05-15 20:51:37.088538:2024-05-15 20:51:37.088402: Current epoch: 359, loss: 0.1295062154531479, validation loss: 0.5947039723396301
2024-05-15 20:51:54.140749:2024-05-15 20:51:54.140587: Current epoch: 360, loss: 0.14281396567821503, validation loss: 0.6284998655319214
2024-05-15 20:52:11.582713:2024-05-15 20:52:11.582586: Current epoch: 361, loss: 0.13950078189373016, validation loss: 0.6020792722702026
2024-05-15 20:52:28.536438:2024-05-15 20:52:28.536331: Current epoch: 362, loss: 0.1272391676902771, validation loss: 0.6019810438156128
2024-05-15 20:52:46.116689:2024-05-15 20:52:46.116528: Current epoch: 363, loss: 0.14786000549793243, validation loss: 0.5986981987953186
2024-05-15 20:53:02.568916:2024-05-15 20:53:02.568767: Current epoch: 364, loss: 0.13309934735298157, validation loss: 0.5937734246253967
2024-05-15 20:53:19.486226:2024-05-15 20:53:19.486104: Current epoch: 365, loss: 0.1357746720314026, validation loss: 0.5896466970443726
2024-05-15 20:53:36.535026:2024-05-15 20:53:36.534902: Current epoch: 366, loss: 0.13870364427566528, validation loss: 0.6013367772102356
2024-05-15 20:53:53.442621:2024-05-15 20:53:53.442456: Current epoch: 367, loss: 0.13902148604393005, validation loss: 0.5954431891441345
2024-05-15 20:54:10.574799:2024-05-15 20:54:10.574650: Current epoch: 368, loss: 0.1279856264591217, validation loss: 0.5973103642463684
2024-05-15 20:54:27.605764:2024-05-15 20:54:27.605603: Current epoch: 369, loss: 0.13732703030109406, validation loss: 0.6004014611244202
2024-05-15 20:54:44.346578:2024-05-15 20:54:44.346416: Current epoch: 370, loss: 0.14136303961277008, validation loss: 0.6111233830451965
2024-05-15 20:55:01.509818:2024-05-15 20:55:01.509706: Current epoch: 371, loss: 0.14461156725883484, validation loss: 0.5941547155380249
2024-05-15 20:55:18.692206:2024-05-15 20:55:18.692099: Current epoch: 372, loss: 0.13246986269950867, validation loss: 0.5965723991394043
2024-05-15 20:55:36.083845:2024-05-15 20:55:36.083771: Current epoch: 373, loss: 0.1299792379140854, validation loss: 0.6124967336654663
2024-05-15 20:55:53.621554:2024-05-15 20:55:53.621422: Current epoch: 374, loss: 0.13268668949604034, validation loss: 0.5966970920562744
2024-05-15 20:56:11.231068:2024-05-15 20:56:11.231000: Current epoch: 375, loss: 0.13660980761051178, validation loss: 0.60256427526474
2024-05-15 20:56:28.241375:2024-05-15 20:56:28.241216: Current epoch: 376, loss: 0.13373392820358276, validation loss: 0.5996044874191284
2024-05-15 20:56:45.822640:2024-05-15 20:56:45.822477: Current epoch: 377, loss: 0.1417544037103653, validation loss: 0.6839749217033386
2024-05-15 20:57:03.285628:2024-05-15 20:57:03.285464: Current epoch: 378, loss: 0.12993822991847992, validation loss: 0.5998814702033997
2024-05-15 20:57:20.322726:2024-05-15 20:57:20.322613: Current epoch: 379, loss: 0.13662084937095642, validation loss: 0.5837588310241699
2024-05-15 20:57:37.454803:2024-05-15 20:57:37.454696: Current epoch: 380, loss: 0.13372115790843964, validation loss: 0.6318998336791992
2024-05-15 20:57:54.702533:2024-05-15 20:57:54.702400: Current epoch: 381, loss: 0.13875071704387665, validation loss: 0.6059488654136658
2024-05-15 20:58:11.926334:2024-05-15 20:58:11.926223: Current epoch: 382, loss: 0.13389712572097778, validation loss: 0.5849298238754272
2024-05-15 20:58:28.930590:2024-05-15 20:58:28.930516: Current epoch: 383, loss: 0.1290988326072693, validation loss: 0.6096404194831848
2024-05-15 20:58:45.384997:2024-05-15 20:58:45.384823: Current epoch: 384, loss: 0.14994481205940247, validation loss: 0.6147520542144775
2024-05-15 20:59:03.275072:2024-05-15 20:59:03.274993: Current epoch: 385, loss: 0.1382550746202469, validation loss: 0.6152013540267944
2024-05-15 20:59:20.903255:2024-05-15 20:59:20.903097: Current epoch: 386, loss: 0.13172069191932678, validation loss: 0.5970284342765808
2024-05-15 20:59:37.881634:2024-05-15 20:59:37.881472: Current epoch: 387, loss: 0.13129419088363647, validation loss: 0.6128609776496887
2024-05-15 20:59:55.020164:2024-05-15 20:59:55.020010: Current epoch: 388, loss: 0.13713465631008148, validation loss: 0.599774181842804
2024-05-15 21:00:12.305014:2024-05-15 21:00:12.304842: Current epoch: 389, loss: 0.11921234428882599, validation loss: 0.6020616888999939
2024-05-15 21:00:29.254285:2024-05-15 21:00:29.254152: Current epoch: 390, loss: 0.12946337461471558, validation loss: 0.6584885716438293
2024-05-15 21:00:46.120139:2024-05-15 21:00:46.119971: Current epoch: 391, loss: 0.12799124419689178, validation loss: 0.6125640273094177
2024-05-15 21:01:03.544559:2024-05-15 21:01:03.544396: Current epoch: 392, loss: 0.14493712782859802, validation loss: 0.6068953275680542
2024-05-15 21:01:21.024780:2024-05-15 21:01:21.024619: Current epoch: 393, loss: 0.12980003654956818, validation loss: 0.6067081093788147
2024-05-15 21:01:38.013216:2024-05-15 21:01:38.013126: Current epoch: 394, loss: 0.1417171210050583, validation loss: 0.7364814877510071
2024-05-15 21:01:55.271167:2024-05-15 21:01:55.271032: Current epoch: 395, loss: 0.13154929876327515, validation loss: 0.5998319387435913
2024-05-15 21:02:12.645844:2024-05-15 21:02:12.645697: Current epoch: 396, loss: 0.12292572855949402, validation loss: 0.6116062998771667
2024-05-15 21:02:30.102638:2024-05-15 21:02:30.102484: Current epoch: 397, loss: 0.12634776532649994, validation loss: 0.6116008162498474
2024-05-15 21:02:47.497377:2024-05-15 21:02:47.497252: Current epoch: 398, loss: 0.12677361071109772, validation loss: 0.6152904629707336
2024-05-15 21:03:04.841718:2024-05-15 21:03:04.841535: Current epoch: 399, loss: 0.13214220106601715, validation loss: 0.6298120617866516
2024-05-15 21:03:22.164108:2024-05-15 21:03:22.164024: Current epoch: 400, loss: 0.12793835997581482, validation loss: 0.6079049706459045
2024-05-15 21:03:39.038520:2024-05-15 21:03:39.038370: Current epoch: 401, loss: 0.1268441379070282, validation loss: 0.6120913624763489
2024-05-15 21:03:56.988704:2024-05-15 21:03:56.988565: Current epoch: 402, loss: 0.1372225135564804, validation loss: 0.630759060382843
2024-05-15 21:04:15.042794:2024-05-15 21:04:15.042627: Current epoch: 403, loss: 0.13137152791023254, validation loss: 0.601832389831543
2024-05-15 21:04:32.606577:2024-05-15 21:04:32.606445: Current epoch: 404, loss: 0.1299961656332016, validation loss: 0.6129011511802673
2024-05-15 21:04:50.165291:2024-05-15 21:04:50.165126: Current epoch: 405, loss: 0.1271476298570633, validation loss: 0.584975004196167
2024-05-15 21:05:07.887142:2024-05-15 21:05:07.886962: Current epoch: 406, loss: 0.12356734275817871, validation loss: 0.6270037293434143
2024-05-15 21:05:25.799699:2024-05-15 21:05:25.799537: Current epoch: 407, loss: 0.13116030395030975, validation loss: 0.6124410033226013
2024-05-15 21:05:42.998606:2024-05-15 21:05:42.998415: Current epoch: 408, loss: 0.12922470271587372, validation loss: 0.6206423044204712
2024-05-15 21:06:00.053069:2024-05-15 21:06:00.052991: Current epoch: 409, loss: 0.1341351419687271, validation loss: 0.6300194263458252
2024-05-15 21:06:16.716848:2024-05-15 21:06:16.716685: Current epoch: 410, loss: 0.1245475634932518, validation loss: 0.6029297709465027
2024-05-15 21:06:34.304334:2024-05-15 21:06:34.304171: Current epoch: 411, loss: 0.12174803763628006, validation loss: 0.5954993963241577
2024-05-15 21:06:51.033636:2024-05-15 21:06:51.033475: Current epoch: 412, loss: 0.13745847344398499, validation loss: 0.6126130819320679
2024-05-15 21:07:08.138429:2024-05-15 21:07:08.138267: Current epoch: 413, loss: 0.1273103505373001, validation loss: 0.597242534160614
2024-05-15 21:07:25.030624:2024-05-15 21:07:25.030478: Current epoch: 414, loss: 0.12594811618328094, validation loss: 0.5953150987625122
2024-05-15 21:07:41.311969:2024-05-15 21:07:41.311792: Current epoch: 415, loss: 0.12422282248735428, validation loss: 0.6014696359634399
2024-05-15 21:07:57.687611:2024-05-15 21:07:57.687447: Current epoch: 416, loss: 0.12853646278381348, validation loss: 0.6210986971855164
2024-05-15 21:08:15.238991:2024-05-15 21:08:15.238893: Current epoch: 417, loss: 0.11901960521936417, validation loss: 0.5986092686653137
2024-05-15 21:08:32.682247:2024-05-15 21:08:32.682105: Current epoch: 418, loss: 0.12874816358089447, validation loss: 0.6014333963394165
2024-05-15 21:08:50.131097:2024-05-15 21:08:50.130921: Current epoch: 419, loss: 0.12998905777931213, validation loss: 0.6051298975944519
2024-05-15 21:09:07.250229:2024-05-15 21:09:07.250038: Current epoch: 420, loss: 0.13078999519348145, validation loss: 0.5947977900505066
2024-05-15 21:09:24.369292:2024-05-15 21:09:24.369122: Current epoch: 421, loss: 0.12408450245857239, validation loss: 0.6187114715576172
2024-05-15 21:09:41.378781:2024-05-15 21:09:41.378638: Current epoch: 422, loss: 0.11965794116258621, validation loss: 0.6049995422363281
2024-05-15 21:09:58.291922:2024-05-15 21:09:58.291834: Current epoch: 423, loss: 0.14131096005439758, validation loss: 0.6024304628372192
2024-05-15 21:10:15.305762:2024-05-15 21:10:15.305600: Current epoch: 424, loss: 0.12139180302619934, validation loss: 0.6063113212585449
2024-05-15 21:10:32.443313:2024-05-15 21:10:32.443130: Current epoch: 425, loss: 0.1318911612033844, validation loss: 0.6094915270805359
2024-05-15 21:10:49.546504:2024-05-15 21:10:49.546343: Current epoch: 426, loss: 0.1296243965625763, validation loss: 0.5985676646232605
2024-05-15 21:11:06.147625:2024-05-15 21:11:06.147463: Current epoch: 427, loss: 0.11710738390684128, validation loss: 0.6111057996749878
2024-05-15 21:11:23.087538:2024-05-15 21:11:23.087388: Current epoch: 428, loss: 0.1343826949596405, validation loss: 0.659706175327301
2024-05-15 21:11:39.849756:2024-05-15 21:11:39.849573: Current epoch: 429, loss: 0.12627215683460236, validation loss: 0.5902276635169983
2024-05-15 21:11:56.949736:2024-05-15 21:11:56.949553: Current epoch: 430, loss: 0.11861497908830643, validation loss: 0.6000357270240784
2024-05-15 21:12:14.127646:2024-05-15 21:12:14.127517: Current epoch: 431, loss: 0.12459005415439606, validation loss: 0.6053085327148438
2024-05-15 21:12:31.511915:2024-05-15 21:12:31.511835: Current epoch: 432, loss: 0.12633638083934784, validation loss: 0.6392945051193237
2024-05-15 21:12:48.580331:2024-05-15 21:12:48.580174: Current epoch: 433, loss: 0.1219816654920578, validation loss: 0.6224421858787537
2024-05-15 21:13:05.790746:2024-05-15 21:13:05.790613: Current epoch: 434, loss: 0.12473531812429428, validation loss: 0.6139154434204102
2024-05-15 21:13:23.095732:2024-05-15 21:13:23.095636: Current epoch: 435, loss: 0.1348276138305664, validation loss: 0.6079166531562805
2024-05-15 21:13:40.655214:2024-05-15 21:13:40.655137: Current epoch: 436, loss: 0.12308041751384735, validation loss: 0.5952381491661072
2024-05-15 21:13:58.165903:2024-05-15 21:13:58.165742: Current epoch: 437, loss: 0.1265733242034912, validation loss: 0.6003851294517517
2024-05-15 21:14:15.683540:2024-05-15 21:14:15.683462: Current epoch: 438, loss: 0.11871057003736496, validation loss: 0.5927024483680725
2024-05-15 21:14:33.239004:2024-05-15 21:14:33.238908: Current epoch: 439, loss: 0.12308250367641449, validation loss: 0.6079279780387878
2024-05-15 21:14:50.075781:2024-05-15 21:14:50.075618: Current epoch: 440, loss: 0.1252647489309311, validation loss: 0.6031736135482788
2024-05-15 21:15:07.048021:2024-05-15 21:15:07.047867: Current epoch: 441, loss: 0.13006150722503662, validation loss: 0.6249849796295166
2024-05-15 21:15:23.571646:2024-05-15 21:15:23.571495: Current epoch: 442, loss: 0.12797138094902039, validation loss: 0.6063572764396667
2024-05-15 21:15:40.351274:2024-05-15 21:15:40.351122: Current epoch: 443, loss: 0.12058892846107483, validation loss: 0.60019451379776
2024-05-15 21:15:57.311910:2024-05-15 21:15:57.311747: Current epoch: 444, loss: 0.11806740611791611, validation loss: 0.6178981065750122
2024-05-15 21:16:14.910004:2024-05-15 21:16:14.909888: Current epoch: 445, loss: 0.12396601587533951, validation loss: 0.5989149212837219
2024-05-15 21:16:32.443356:2024-05-15 21:16:32.443194: Current epoch: 446, loss: 0.12229712307453156, validation loss: 0.6163796186447144
2024-05-15 21:16:49.276827:2024-05-15 21:16:49.276753: Current epoch: 447, loss: 0.12633652985095978, validation loss: 0.5977405309677124
2024-05-15 21:17:06.433169:2024-05-15 21:17:06.433034: Current epoch: 448, loss: 0.12851841747760773, validation loss: 0.6084970831871033
2024-05-15 21:17:23.944820:2024-05-15 21:17:23.944743: Current epoch: 449, loss: 0.1171393021941185, validation loss: 0.627683699131012
2024-05-15 21:17:25.042466:the test error is  [0.5570712089538574, 0.5570712089538574]
2024-05-15 21:17:27.503507:saved model to sample/matbert-base-cased_robo_prop_magmom_outcar
2024-05-15 21:17:28.487752:done