
2024-03-21 01:11:53.875805:job config: {'train_data_path': '/data/yll6162/alignntl_dft_3d/tl_dataset/dataset_matbert-base-cased_chemnlp_prop_ehull_train.csv', 'val_data_path': '/data/yll6162/alignntl_dft_3d/tl_dataset/dataset_matbert-base-cased_chemnlp_prop_ehull_val.csv', 'test_data_path': '/data/yll6162/alignntl_dft_3d/tl_dataset/dataset_matbert-base-cased_chemnlp_prop_ehull_test.csv', 'label': 'ehull', 'input_type': None, 'log_folder': 'log', 'log_file': 'matbert-base-cased_chemnlp_prop_ehull.log', 'test_metric': 'mae', 'architecture': '1024Rx4D-512Rx3D-256Rx3D-128Rx3D-64Rx2-32Rx1-1', 'model_seed': 0, 'loss_type': 'mae', 'config_file': 'sample/matbert-base-cased_chemnlp_prop_ehull_job.config', 'use_valid': True, 'project': 'MOF', 'regressors': None, 'input_types': None, 'paramsGrid': {'optimizer': 'Adam', 'learning_rate': 0.0001, 'patience': 200, 'dropouts': [0.8, 0.9, 0.7, 0.8], 'EVAL_FREQUENCY': 1000}, 'save_path': 'sample/matbert-base-cased_chemnlp_prop_ehull', 'model_path': None, 'last_layer_with_weight': True, 'keras_path': 'model/matbert-base-cased_chemnlp_prop_ehull', 'test_size': None, 'val_size': None}
2024-03-21 01:11:53.875874:train data path is  /data/yll6162/alignntl_dft_3d/tl_dataset/dataset_matbert-base-cased_chemnlp_prop_ehull_train.csv
2024-03-21 01:12:02.598065:input attribute sets are:  None
2024-03-21 01:12:02.598489:test data path is  /data/yll6162/alignntl_dft_3d/tl_dataset/dataset_matbert-base-cased_chemnlp_prop_ehull_test.csv
2024-03-21 01:12:03.746551:val data path is  /data/yll6162/alignntl_dft_3d/tl_dataset/dataset_matbert-base-cased_chemnlp_prop_ehull_val.csv
2024-03-21 01:12:05.068945:input attributes are:  Index(['0', '1', '2', '3', '4', '5', '6', '7', '8', '9',
       ...
       '758', '759', '760', '761', '762', '763', '764', '765', '766', '767'],
      dtype='object', length=768)
2024-03-21 01:12:05.069086:label: ehull
2024-03-21 01:12:13.989352: train, test, valid sizes:  (59939, 768) (59939,) (7493, 768) (7493,) (7494, 768) (7494,)
2024-03-21 01:12:14.295170:train matrix shape of train_X:  (59939, 768)  train_y:  (59939,)
2024-03-21 01:12:14.295436:valid matrix shape of train_X:  (7494, 768)  valid_y:  (7494,)
2024-03-21 01:12:14.295576:test matrix shape of valid_X:   (7493, 768)  test_y:  (7493,)
2024-03-21 01:12:14.295672:architecture is:  1024Rx4D-512Rx3D-256Rx3D-128Rx3D-64Rx2-32Rx1-1
2024-03-21 01:12:14.295769:learning rate is  0.0001
2024-03-21 01:12:14.295859:model path is  None
2024-03-21 01:12:14.323733:adding fully connected layers with 1024 outputs
2024-03-21 01:12:14.934631:adding residual with fc as the size are different
2024-03-21 01:12:14.941525:adding fully connected layers with 1024 outputs
2024-03-21 01:12:14.949778:adding residual, both sizes are same
2024-03-21 01:12:14.951710:adding fully connected layers with 1024 outputs
2024-03-21 01:12:14.956541:adding residual, both sizes are same
2024-03-21 01:12:14.958441:adding fully connected layers with 1024 outputs
2024-03-21 01:12:14.963157:adding residual, both sizes are same
2024-03-21 01:12:14.965085:adding dropout 0.8
2024-03-21 01:12:14.969435:adding fully connected layers with 512 outputs
2024-03-21 01:12:14.978568:adding residual with fc as the size are different
2024-03-21 01:12:14.985441:adding fully connected layers with 512 outputs
2024-03-21 01:12:14.994351:adding residual, both sizes are same
2024-03-21 01:12:14.996225:adding fully connected layers with 512 outputs
2024-03-21 01:12:15.001093:adding residual, both sizes are same
2024-03-21 01:12:15.002984:adding dropout 0.9
2024-03-21 01:12:15.004637:adding fully connected layers with 256 outputs
2024-03-21 01:12:15.012363:adding residual with fc as the size are different
2024-03-21 01:12:15.018802:adding fully connected layers with 256 outputs
2024-03-21 01:12:15.028193:adding residual, both sizes are same
2024-03-21 01:12:15.030122:adding fully connected layers with 256 outputs
2024-03-21 01:12:15.035016:adding residual, both sizes are same
2024-03-21 01:12:15.036900:adding dropout 0.7
2024-03-21 01:12:15.038532:adding fully connected layers with 128 outputs
2024-03-21 01:12:15.046078:adding residual with fc as the size are different
2024-03-21 01:12:15.052557:adding fully connected layers with 128 outputs
2024-03-21 01:12:15.061843:adding residual, both sizes are same
2024-03-21 01:12:15.063870:adding fully connected layers with 128 outputs
2024-03-21 01:12:15.069030:adding residual, both sizes are same
2024-03-21 01:12:15.071243:adding dropout 0.8
2024-03-21 01:12:15.072821:adding fully connected layers with 64 outputs
2024-03-21 01:12:15.081792:adding residual with fc as the size are different
2024-03-21 01:12:15.087942:adding fully connected layers with 64 outputs
2024-03-21 01:12:15.097525:adding residual, both sizes are same
2024-03-21 01:12:15.099346:adding fully connected layers with 32 outputs
2024-03-21 01:12:15.106524:adding residual with fc as the size are different
2024-03-21 01:12:15.112920:adding final layer with 1 output
2024-03-21 01:12:15.122688:Model: "ElemNet"
2024-03-21 01:12:15.122758:__________________________________________________________________________________________________
2024-03-21 01:12:15.122806:Layer (type)                    Output Shape         Param #     Connected to                     
2024-03-21 01:12:15.122843:==================================================================================================
2024-03-21 01:12:15.123049:elemental_fractions (InputLayer [(None, 768)]        0                                            
2024-03-21 01:12:15.123096:__________________________________________________________________________________________________
2024-03-21 01:12:15.123248:fc0_0 (Dense)                   (None, 1024)         787456      elemental_fractions[0][0]        
2024-03-21 01:12:15.123294:__________________________________________________________________________________________________
2024-03-21 01:12:15.123404:fc0_dim_0 (Dense)               (None, 1024)         787456      elemental_fractions[0][0]        
2024-03-21 01:12:15.123447:__________________________________________________________________________________________________
2024-03-21 01:12:15.123535:tf.__operators__.add (TFOpLambd (None, 1024)         0           fc0_0[0][0]                      
2024-03-21 01:12:15.123578:                                                                 fc0_dim_0[0][0]                  
2024-03-21 01:12:15.123614:__________________________________________________________________________________________________
2024-03-21 01:12:15.123717:fc0_1 (Dense)                   (None, 1024)         1049600     tf.__operators__.add[0][0]       
2024-03-21 01:12:15.123759:__________________________________________________________________________________________________
2024-03-21 01:12:15.123834:tf.__operators__.add_1 (TFOpLam (None, 1024)         0           fc0_1[0][0]                      
2024-03-21 01:12:15.123876:                                                                 tf.__operators__.add[0][0]       
2024-03-21 01:12:15.123910:__________________________________________________________________________________________________
2024-03-21 01:12:15.124010:fc0_2 (Dense)                   (None, 1024)         1049600     tf.__operators__.add_1[0][0]     
2024-03-21 01:12:15.124051:__________________________________________________________________________________________________
2024-03-21 01:12:15.124125:tf.__operators__.add_2 (TFOpLam (None, 1024)         0           fc0_2[0][0]                      
2024-03-21 01:12:15.124167:                                                                 tf.__operators__.add_1[0][0]     
2024-03-21 01:12:15.124201:__________________________________________________________________________________________________
2024-03-21 01:12:15.124299:fc0_3 (Dense)                   (None, 1024)         1049600     tf.__operators__.add_2[0][0]     
2024-03-21 01:12:15.124340:__________________________________________________________________________________________________
2024-03-21 01:12:15.124413:tf.__operators__.add_3 (TFOpLam (None, 1024)         0           fc0_3[0][0]                      
2024-03-21 01:12:15.124460:                                                                 tf.__operators__.add_2[0][0]     
2024-03-21 01:12:15.124504:__________________________________________________________________________________________________
2024-03-21 01:12:15.124581:dropout (Dropout)               (None, 1024)         0           tf.__operators__.add_3[0][0]     
2024-03-21 01:12:15.124618:__________________________________________________________________________________________________
2024-03-21 01:12:15.124740:fc1_0 (Dense)                   (None, 512)          524800      dropout[0][0]                    
2024-03-21 01:12:15.124781:__________________________________________________________________________________________________
2024-03-21 01:12:15.124882:fc1_dim_0 (Dense)               (None, 512)          524800      dropout[0][0]                    
2024-03-21 01:12:15.124924:__________________________________________________________________________________________________
2024-03-21 01:12:15.125000:tf.__operators__.add_4 (TFOpLam (None, 512)          0           fc1_0[0][0]                      
2024-03-21 01:12:15.125043:                                                                 fc1_dim_0[0][0]                  
2024-03-21 01:12:15.125079:__________________________________________________________________________________________________
2024-03-21 01:12:15.125179:fc1_1 (Dense)                   (None, 512)          262656      tf.__operators__.add_4[0][0]     
2024-03-21 01:12:15.125220:__________________________________________________________________________________________________
2024-03-21 01:12:15.125296:tf.__operators__.add_5 (TFOpLam (None, 512)          0           fc1_1[0][0]                      
2024-03-21 01:12:15.125339:                                                                 tf.__operators__.add_4[0][0]     
2024-03-21 01:12:15.125375:__________________________________________________________________________________________________
2024-03-21 01:12:15.125483:fc1_2 (Dense)                   (None, 512)          262656      tf.__operators__.add_5[0][0]     
2024-03-21 01:12:15.125525:__________________________________________________________________________________________________
2024-03-21 01:12:15.125602:tf.__operators__.add_6 (TFOpLam (None, 512)          0           fc1_2[0][0]                      
2024-03-21 01:12:15.125645:                                                                 tf.__operators__.add_5[0][0]     
2024-03-21 01:12:15.125681:__________________________________________________________________________________________________
2024-03-21 01:12:15.125754:dropout_1 (Dropout)             (None, 512)          0           tf.__operators__.add_6[0][0]     
2024-03-21 01:12:15.125793:__________________________________________________________________________________________________
2024-03-21 01:12:15.125893:fc2_0 (Dense)                   (None, 256)          131328      dropout_1[0][0]                  
2024-03-21 01:12:15.125935:__________________________________________________________________________________________________
2024-03-21 01:12:15.126034:fc2_dim_0 (Dense)               (None, 256)          131328      dropout_1[0][0]                  
2024-03-21 01:12:15.126076:__________________________________________________________________________________________________
2024-03-21 01:12:15.126151:tf.__operators__.add_7 (TFOpLam (None, 256)          0           fc2_0[0][0]                      
2024-03-21 01:12:15.126194:                                                                 fc2_dim_0[0][0]                  
2024-03-21 01:12:15.126230:__________________________________________________________________________________________________
2024-03-21 01:12:15.126329:fc2_1 (Dense)                   (None, 256)          65792       tf.__operators__.add_7[0][0]     
2024-03-21 01:12:15.126371:__________________________________________________________________________________________________
2024-03-21 01:12:15.126446:tf.__operators__.add_8 (TFOpLam (None, 256)          0           fc2_1[0][0]                      
2024-03-21 01:12:15.126494:                                                                 tf.__operators__.add_7[0][0]     
2024-03-21 01:12:15.126539:__________________________________________________________________________________________________
2024-03-21 01:12:15.126643:fc2_2 (Dense)                   (None, 256)          65792       tf.__operators__.add_8[0][0]     
2024-03-21 01:12:15.126702:__________________________________________________________________________________________________
2024-03-21 01:12:15.126781:tf.__operators__.add_9 (TFOpLam (None, 256)          0           fc2_2[0][0]                      
2024-03-21 01:12:15.126824:                                                                 tf.__operators__.add_8[0][0]     
2024-03-21 01:12:15.126860:__________________________________________________________________________________________________
2024-03-21 01:12:15.126932:dropout_2 (Dropout)             (None, 256)          0           tf.__operators__.add_9[0][0]     
2024-03-21 01:12:15.126970:__________________________________________________________________________________________________
2024-03-21 01:12:15.127072:fc3_0 (Dense)                   (None, 128)          32896       dropout_2[0][0]                  
2024-03-21 01:12:15.127114:__________________________________________________________________________________________________
2024-03-21 01:12:15.127216:fc3_dim_0 (Dense)               (None, 128)          32896       dropout_2[0][0]                  
2024-03-21 01:12:15.127257:__________________________________________________________________________________________________
2024-03-21 01:12:15.127332:tf.__operators__.add_10 (TFOpLa (None, 128)          0           fc3_0[0][0]                      
2024-03-21 01:12:15.127374:                                                                 fc3_dim_0[0][0]                  
2024-03-21 01:12:15.127410:__________________________________________________________________________________________________
2024-03-21 01:12:15.127515:fc3_1 (Dense)                   (None, 128)          16512       tf.__operators__.add_10[0][0]    
2024-03-21 01:12:15.127556:__________________________________________________________________________________________________
2024-03-21 01:12:15.127631:tf.__operators__.add_11 (TFOpLa (None, 128)          0           fc3_1[0][0]                      
2024-03-21 01:12:15.127684:                                                                 tf.__operators__.add_10[0][0]    
2024-03-21 01:12:15.127719:__________________________________________________________________________________________________
2024-03-21 01:12:15.127815:fc3_2 (Dense)                   (None, 128)          16512       tf.__operators__.add_11[0][0]    
2024-03-21 01:12:15.127856:__________________________________________________________________________________________________
2024-03-21 01:12:15.127928:tf.__operators__.add_12 (TFOpLa (None, 128)          0           fc3_2[0][0]                      
2024-03-21 01:12:15.127969:                                                                 tf.__operators__.add_11[0][0]    
2024-03-21 01:12:15.128004:__________________________________________________________________________________________________
2024-03-21 01:12:15.128073:dropout_3 (Dropout)             (None, 128)          0           tf.__operators__.add_12[0][0]    
2024-03-21 01:12:15.128111:__________________________________________________________________________________________________
2024-03-21 01:12:15.128208:fc4_0 (Dense)                   (None, 64)           8256        dropout_3[0][0]                  
2024-03-21 01:12:15.128248:__________________________________________________________________________________________________
2024-03-21 01:12:15.128345:fc4_dim_0 (Dense)               (None, 64)           8256        dropout_3[0][0]                  
2024-03-21 01:12:15.128385:__________________________________________________________________________________________________
2024-03-21 01:12:15.128462:tf.__operators__.add_13 (TFOpLa (None, 64)           0           fc4_0[0][0]                      
2024-03-21 01:12:15.128510:                                                                 fc4_dim_0[0][0]                  
2024-03-21 01:12:15.128545:__________________________________________________________________________________________________
2024-03-21 01:12:15.128643:fc4_1 (Dense)                   (None, 64)           4160        tf.__operators__.add_13[0][0]    
2024-03-21 01:12:15.128683:__________________________________________________________________________________________________
2024-03-21 01:12:15.128755:tf.__operators__.add_14 (TFOpLa (None, 64)           0           fc4_1[0][0]                      
2024-03-21 01:12:15.128796:                                                                 tf.__operators__.add_13[0][0]    
2024-03-21 01:12:15.128830:__________________________________________________________________________________________________
2024-03-21 01:12:15.128926:fc5_0 (Dense)                   (None, 32)           2080        tf.__operators__.add_14[0][0]    
2024-03-21 01:12:15.128966:__________________________________________________________________________________________________
2024-03-21 01:12:15.129062:fc5_dim_0 (Dense)               (None, 32)           2080        tf.__operators__.add_14[0][0]    
2024-03-21 01:12:15.130918:__________________________________________________________________________________________________
2024-03-21 01:12:15.131006:tf.__operators__.add_15 (TFOpLa (None, 32)           0           fc5_0[0][0]                      
2024-03-21 01:12:15.131049:                                                                 fc5_dim_0[0][0]                  
2024-03-21 01:12:15.131084:__________________________________________________________________________________________________
2024-03-21 01:12:15.131185:fc6 (Dense)                     (None, 1)            33          tf.__operators__.add_15[0][0]    
2024-03-21 01:12:15.131226:==================================================================================================
2024-03-21 01:12:15.131821:Total params: 6,816,545
2024-03-21 01:12:15.131871:Trainable params: 6,816,545
2024-03-21 01:12:15.131909:Non-trainable params: 0
2024-03-21 01:12:15.131943:__________________________________________________________________________________________________
2024-03-21 01:12:15.142050:start training
2024-03-21 01:12:37.674705:2024-03-21 01:12:37.674619: Current epoch: 0, loss: 0.9566080570220947, validation loss: 0.22461725771427155
2024-03-21 01:12:57.551330:2024-03-21 01:12:57.551220: Current epoch: 1, loss: 0.2188154011964798, validation loss: 0.2105354368686676
2024-03-21 01:13:17.341698:2024-03-21 01:13:17.341580: Current epoch: 2, loss: 0.2009032964706421, validation loss: 0.17191939055919647
2024-03-21 01:13:37.309441:2024-03-21 01:13:37.309335: Current epoch: 3, loss: 0.1939249038696289, validation loss: 0.15205547213554382
2024-03-21 01:13:56.760231:2024-03-21 01:13:56.760097: Current epoch: 4, loss: 0.18718178570270538, validation loss: 0.19596822559833527
2024-03-21 01:14:16.807830:2024-03-21 01:14:16.807684: Current epoch: 5, loss: 0.16172434389591217, validation loss: 0.18315844237804413
2024-03-21 01:14:36.752250:2024-03-21 01:14:36.752090: Current epoch: 6, loss: 0.15730640292167664, validation loss: 0.26995688676834106
2024-03-21 01:14:56.409184:2024-03-21 01:14:56.409113: Current epoch: 7, loss: 0.1496392786502838, validation loss: 0.13550518453121185
2024-03-21 01:15:16.176514:2024-03-21 01:15:16.176352: Current epoch: 8, loss: 0.1457289308309555, validation loss: 0.15483155846595764
2024-03-21 01:15:35.589972:2024-03-21 01:15:35.589893: Current epoch: 9, loss: 0.14204947650432587, validation loss: 0.1250617653131485
2024-03-21 01:15:59.258234:2024-03-21 01:15:59.258082: Current epoch: 10, loss: 0.13849849998950958, validation loss: 0.13905392587184906
2024-03-21 01:16:19.442634:2024-03-21 01:16:19.442270: Current epoch: 11, loss: 0.13179251551628113, validation loss: 0.135859414935112
2024-03-21 01:16:38.951454:2024-03-21 01:16:38.951169: Current epoch: 12, loss: 0.13201433420181274, validation loss: 0.12948378920555115
2024-03-21 01:16:56.275430:2024-03-21 01:16:56.275024: Current epoch: 13, loss: 0.12942084670066833, validation loss: 0.17243774235248566
2024-03-21 01:17:15.774281:2024-03-21 01:17:15.774219: Current epoch: 14, loss: 0.12487917393445969, validation loss: 0.1259305775165558
2024-03-21 01:17:35.380503:2024-03-21 01:17:35.380342: Current epoch: 15, loss: 0.12624873220920563, validation loss: 0.12901970744132996
2024-03-21 01:17:54.481856:2024-03-21 01:17:54.481782: Current epoch: 16, loss: 0.12099803984165192, validation loss: 0.11165454238653183
2024-03-21 01:18:13.827642:2024-03-21 01:18:13.827475: Current epoch: 17, loss: 0.11739911884069443, validation loss: 0.12459470331668854
2024-03-21 01:18:33.423428:2024-03-21 01:18:33.423315: Current epoch: 18, loss: 0.11671917885541916, validation loss: 0.12563687562942505
2024-03-21 01:18:52.573916:2024-03-21 01:18:52.573748: Current epoch: 19, loss: 0.11516721546649933, validation loss: 0.12478968501091003
2024-03-21 01:19:14.955788:2024-03-21 01:19:14.955646: Current epoch: 20, loss: 0.1114814355969429, validation loss: 0.128806933760643
2024-03-21 01:19:34.362151:2024-03-21 01:19:34.362054: Current epoch: 21, loss: 0.10971227288246155, validation loss: 0.11122046411037445
2024-03-21 01:19:54.261350:2024-03-21 01:19:54.261234: Current epoch: 22, loss: 0.10797750949859619, validation loss: 0.11217432469129562
2024-03-21 01:20:13.831823:2024-03-21 01:20:13.831706: Current epoch: 23, loss: 0.10643482208251953, validation loss: 0.12027458846569061
2024-03-21 01:20:32.779724:2024-03-21 01:20:32.779652: Current epoch: 24, loss: 0.10647566616535187, validation loss: 0.09804853051900864
2024-03-21 01:20:51.675469:2024-03-21 01:20:51.675388: Current epoch: 25, loss: 0.10404310375452042, validation loss: 0.09911882877349854
2024-03-21 01:21:11.171179:2024-03-21 01:21:11.171012: Current epoch: 26, loss: 0.10187853872776031, validation loss: 0.11324642598628998
2024-03-21 01:21:30.483650:2024-03-21 01:21:30.483568: Current epoch: 27, loss: 0.10004502534866333, validation loss: 0.09621310234069824
2024-03-21 01:21:49.616714:2024-03-21 01:21:49.616619: Current epoch: 28, loss: 0.09800175577402115, validation loss: 0.09432560205459595
2024-03-21 01:22:08.357628:2024-03-21 01:22:08.357472: Current epoch: 29, loss: 0.09798531979322433, validation loss: 0.10658955574035645
2024-03-21 01:22:30.829122:2024-03-21 01:22:30.828969: Current epoch: 30, loss: 0.09690530598163605, validation loss: 0.11076846718788147
2024-03-21 01:22:49.896839:2024-03-21 01:22:49.896680: Current epoch: 31, loss: 0.09541293978691101, validation loss: 0.09880561381578445
2024-03-21 01:23:09.365109:2024-03-21 01:23:09.364992: Current epoch: 32, loss: 0.09378460794687271, validation loss: 0.10448428988456726
2024-03-21 01:23:28.750773:2024-03-21 01:23:28.750635: Current epoch: 33, loss: 0.09153126925230026, validation loss: 0.10439074784517288
2024-03-21 01:23:47.646748:2024-03-21 01:23:47.646673: Current epoch: 34, loss: 0.09190577268600464, validation loss: 0.09400990605354309
2024-03-21 01:24:05.387718:2024-03-21 01:24:05.387606: Current epoch: 35, loss: 0.0895867571234703, validation loss: 0.09424036741256714
2024-03-21 01:24:22.649966:2024-03-21 01:24:22.649876: Current epoch: 36, loss: 0.08860643953084946, validation loss: 0.09344033151865005
2024-03-21 01:24:42.187946:2024-03-21 01:24:42.187837: Current epoch: 37, loss: 0.08716905117034912, validation loss: 0.1152523010969162
2024-03-21 01:25:01.609989:2024-03-21 01:25:01.609878: Current epoch: 38, loss: 0.08605372905731201, validation loss: 0.10344284772872925
2024-03-21 01:25:20.303527:2024-03-21 01:25:20.303392: Current epoch: 39, loss: 0.08480099588632584, validation loss: 0.09817887842655182
2024-03-21 01:25:42.247389:2024-03-21 01:25:42.247318: Current epoch: 40, loss: 0.0833575576543808, validation loss: 0.09243264049291611
2024-03-21 01:26:01.359700:2024-03-21 01:26:01.359543: Current epoch: 41, loss: 0.08211906999349594, validation loss: 0.10217007994651794
2024-03-21 01:26:20.884049:2024-03-21 01:26:20.883590: Current epoch: 42, loss: 0.08187636733055115, validation loss: 0.08680638670921326
2024-03-21 01:26:39.992015:2024-03-21 01:26:39.991910: Current epoch: 43, loss: 0.0812177062034607, validation loss: 0.089209645986557
2024-03-21 01:26:58.938963:2024-03-21 01:26:58.938803: Current epoch: 44, loss: 0.07992995530366898, validation loss: 0.10033369064331055
2024-03-21 01:27:17.818782:2024-03-21 01:27:17.818628: Current epoch: 45, loss: 0.0788053497672081, validation loss: 0.09040601551532745
2024-03-21 01:27:36.976785:2024-03-21 01:27:36.976673: Current epoch: 46, loss: 0.07784438133239746, validation loss: 0.0974624752998352
2024-03-21 01:27:56.255193:2024-03-21 01:27:56.255064: Current epoch: 47, loss: 0.07684983313083649, validation loss: 0.09256912022829056
2024-03-21 01:28:15.587625:2024-03-21 01:28:15.587438: Current epoch: 48, loss: 0.07634792476892471, validation loss: 0.09004168212413788
2024-03-21 01:28:34.886990:2024-03-21 01:28:34.886918: Current epoch: 49, loss: 0.0746709480881691, validation loss: 0.08487318456172943
2024-03-21 01:28:57.167510:2024-03-21 01:28:57.167363: Current epoch: 50, loss: 0.07390400767326355, validation loss: 0.09617297351360321
2024-03-21 01:29:16.138914:2024-03-21 01:29:16.138596: Current epoch: 51, loss: 0.07349619269371033, validation loss: 0.08517570048570633
2024-03-21 01:29:35.612556:2024-03-21 01:29:35.612379: Current epoch: 52, loss: 0.072272889316082, validation loss: 0.08940257132053375
2024-03-21 01:29:54.497040:2024-03-21 01:29:54.496924: Current epoch: 53, loss: 0.07176278531551361, validation loss: 0.08871009200811386
2024-03-21 01:30:13.492350:2024-03-21 01:30:13.492181: Current epoch: 54, loss: 0.06991766393184662, validation loss: 0.08690844476222992
2024-03-21 01:30:32.405999:2024-03-21 01:30:32.405932: Current epoch: 55, loss: 0.06926387548446655, validation loss: 0.08090069144964218
2024-03-21 01:30:51.304334:2024-03-21 01:30:51.304219: Current epoch: 56, loss: 0.06774558871984482, validation loss: 0.08859677612781525
2024-03-21 01:31:10.109687:2024-03-21 01:31:10.109611: Current epoch: 57, loss: 0.06670922040939331, validation loss: 0.0849766880273819
2024-03-21 01:31:27.851628:2024-03-21 01:31:27.851551: Current epoch: 58, loss: 0.06676606833934784, validation loss: 0.08062698692083359
2024-03-21 01:31:46.056598:2024-03-21 01:31:46.056508: Current epoch: 59, loss: 0.06617103517055511, validation loss: 0.08050626516342163
2024-03-21 01:32:08.104245:2024-03-21 01:32:08.104132: Current epoch: 60, loss: 0.06490018963813782, validation loss: 0.09527271240949631
2024-03-21 01:32:27.143670:2024-03-21 01:32:27.143518: Current epoch: 61, loss: 0.06529376655817032, validation loss: 0.0843057781457901
2024-03-21 01:32:46.246553:2024-03-21 01:32:46.246408: Current epoch: 62, loss: 0.06268295645713806, validation loss: 0.08279363065958023
2024-03-21 01:33:05.282929:2024-03-21 01:33:05.282809: Current epoch: 63, loss: 0.06203845143318176, validation loss: 0.08363513648509979
2024-03-21 01:33:24.115899:2024-03-21 01:33:24.115792: Current epoch: 64, loss: 0.06169511377811432, validation loss: 0.08062736690044403
2024-03-21 01:33:43.055555:2024-03-21 01:33:43.055448: Current epoch: 65, loss: 0.05958423390984535, validation loss: 0.08072729408740997
2024-03-21 01:34:02.081121:2024-03-21 01:34:02.081050: Current epoch: 66, loss: 0.060068532824516296, validation loss: 0.07713688910007477
2024-03-21 01:34:21.142472:2024-03-21 01:34:21.142357: Current epoch: 67, loss: 0.05885720252990723, validation loss: 0.0801965519785881
2024-03-21 01:34:40.070266:2024-03-21 01:34:40.070101: Current epoch: 68, loss: 0.05784471333026886, validation loss: 0.08163481950759888
2024-03-21 01:34:59.027704:2024-03-21 01:34:59.027597: Current epoch: 69, loss: 0.057374756783246994, validation loss: 0.07911458611488342
2024-03-21 01:35:21.135099:2024-03-21 01:35:21.134950: Current epoch: 70, loss: 0.05761386826634407, validation loss: 0.0782603994011879
2024-03-21 01:35:40.407755:2024-03-21 01:35:40.407670: Current epoch: 71, loss: 0.055554501712322235, validation loss: 0.0785834789276123
2024-03-21 01:35:59.897346:2024-03-21 01:35:59.897270: Current epoch: 72, loss: 0.05424564704298973, validation loss: 0.07660558819770813
2024-03-21 01:36:19.120969:2024-03-21 01:36:19.120846: Current epoch: 73, loss: 0.053651150315999985, validation loss: 0.08636511117219925
2024-03-21 01:36:38.548172:2024-03-21 01:36:38.548069: Current epoch: 74, loss: 0.053314708173274994, validation loss: 0.07961618155241013
2024-03-21 01:36:57.739605:2024-03-21 01:36:57.739432: Current epoch: 75, loss: 0.053293295204639435, validation loss: 0.07804697006940842
2024-03-21 01:37:16.938708:2024-03-21 01:37:16.938650: Current epoch: 76, loss: 0.052094507962465286, validation loss: 0.07762936502695084
2024-03-21 01:37:36.720674:2024-03-21 01:37:36.720556: Current epoch: 77, loss: 0.05167213827371597, validation loss: 0.07924959063529968
2024-03-21 01:37:55.852792:2024-03-21 01:37:55.852628: Current epoch: 78, loss: 0.050227295607328415, validation loss: 0.07792280614376068
2024-03-21 01:38:14.891660:2024-03-21 01:38:14.891508: Current epoch: 79, loss: 0.04999260976910591, validation loss: 0.07797696441411972
2024-03-21 01:38:36.830572:2024-03-21 01:38:36.830396: Current epoch: 80, loss: 0.05035733804106712, validation loss: 0.07731229811906815
2024-03-21 01:38:53.080020:2024-03-21 01:38:53.079885: Current epoch: 81, loss: 0.04745404049754143, validation loss: 0.07478902488946915
2024-03-21 01:39:12.272572:2024-03-21 01:39:12.272133: Current epoch: 82, loss: 0.04770856723189354, validation loss: 0.07467038184404373
2024-03-21 01:39:31.554332:2024-03-21 01:39:31.554180: Current epoch: 83, loss: 0.04788658022880554, validation loss: 0.07645285129547119
2024-03-21 01:39:50.380848:2024-03-21 01:39:50.380697: Current epoch: 84, loss: 0.04635685682296753, validation loss: 0.075884148478508
2024-03-21 01:40:09.150635:2024-03-21 01:40:09.150525: Current epoch: 85, loss: 0.04686989262700081, validation loss: 0.07595124840736389
2024-03-21 01:40:27.877312:2024-03-21 01:40:27.877159: Current epoch: 86, loss: 0.04534918814897537, validation loss: 0.0802869200706482
2024-03-21 01:40:46.532438:2024-03-21 01:40:46.532314: Current epoch: 87, loss: 0.04492349922657013, validation loss: 0.07578098028898239
2024-03-21 01:41:05.615781:2024-03-21 01:41:05.615631: Current epoch: 88, loss: 0.044833265244960785, validation loss: 0.07447370886802673
2024-03-21 01:41:24.274767:2024-03-21 01:41:24.274702: Current epoch: 89, loss: 0.043931975960731506, validation loss: 0.08141253888607025
2024-03-21 01:41:43.325287:2024-03-21 01:41:43.325143: Current epoch: 90, loss: 0.04308326169848442, validation loss: 0.07673929631710052
2024-03-21 01:42:02.013188:2024-03-21 01:42:02.013022: Current epoch: 91, loss: 0.04331272467970848, validation loss: 0.07727869600057602
2024-03-21 01:42:21.080397:2024-03-21 01:42:21.080342: Current epoch: 92, loss: 0.04286704212427139, validation loss: 0.07449866831302643
2024-03-21 01:42:39.903562:2024-03-21 01:42:39.903429: Current epoch: 93, loss: 0.04231253266334534, validation loss: 0.07477042824029922
2024-03-21 01:42:58.975813:2024-03-21 01:42:58.975683: Current epoch: 94, loss: 0.041845064610242844, validation loss: 0.07462155073881149
2024-03-21 01:43:17.687623:2024-03-21 01:43:17.687537: Current epoch: 95, loss: 0.04095717519521713, validation loss: 0.08118575811386108
2024-03-21 01:43:36.874450:2024-03-21 01:43:36.874382: Current epoch: 96, loss: 0.04113314673304558, validation loss: 0.07648434489965439
2024-03-21 01:43:55.932970:2024-03-21 01:43:55.932913: Current epoch: 97, loss: 0.040101826190948486, validation loss: 0.07477793097496033
2024-03-21 01:44:15.639369:2024-03-21 01:44:15.639202: Current epoch: 98, loss: 0.03965660184621811, validation loss: 0.07514912635087967
2024-03-21 01:44:34.813692:2024-03-21 01:44:34.813622: Current epoch: 99, loss: 0.03852874040603638, validation loss: 0.07310430705547333
2024-03-21 01:44:56.743583:2024-03-21 01:44:56.743398: Current epoch: 100, loss: 0.038942720741033554, validation loss: 0.07330115884542465
2024-03-21 01:45:15.742347:2024-03-21 01:45:15.742283: Current epoch: 101, loss: 0.038504865020513535, validation loss: 0.0763641819357872
2024-03-21 01:45:34.536428:2024-03-21 01:45:34.536336: Current epoch: 102, loss: 0.03826169669628143, validation loss: 0.07508646696805954
2024-03-21 01:45:53.411906:2024-03-21 01:45:53.411838: Current epoch: 103, loss: 0.037919867783784866, validation loss: 0.07278620451688766
2024-03-21 01:46:11.525198:2024-03-21 01:46:11.525064: Current epoch: 104, loss: 0.03792018070816994, validation loss: 0.07533405721187592
2024-03-21 01:46:28.034633:2024-03-21 01:46:28.034507: Current epoch: 105, loss: 0.03684054687619209, validation loss: 0.07435864210128784
2024-03-21 01:46:47.275905:2024-03-21 01:46:47.275798: Current epoch: 106, loss: 0.03612169995903969, validation loss: 0.0741129219532013
2024-03-21 01:47:06.513922:2024-03-21 01:47:06.513796: Current epoch: 107, loss: 0.03699210658669472, validation loss: 0.07718707621097565
2024-03-21 01:47:25.744358:2024-03-21 01:47:25.744105: Current epoch: 108, loss: 0.0358244813978672, validation loss: 0.07291673868894577
2024-03-21 01:47:44.820949:2024-03-21 01:47:44.820868: Current epoch: 109, loss: 0.03529920056462288, validation loss: 0.07218470424413681
2024-03-21 01:48:07.036323:2024-03-21 01:48:07.036135: Current epoch: 110, loss: 0.035144805908203125, validation loss: 0.08153249323368073
2024-03-21 01:48:26.486952:2024-03-21 01:48:26.486866: Current epoch: 111, loss: 0.03514832630753517, validation loss: 0.0718090683221817
2024-03-21 01:48:45.574629:2024-03-21 01:48:45.574515: Current epoch: 112, loss: 0.034242790192365646, validation loss: 0.07647669315338135
2024-03-21 01:49:04.243498:2024-03-21 01:49:04.243240: Current epoch: 113, loss: 0.03406231850385666, validation loss: 0.07386119663715363
2024-03-21 01:49:23.057628:2024-03-21 01:49:23.057447: Current epoch: 114, loss: 0.03336983174085617, validation loss: 0.07220131903886795
2024-03-21 01:49:42.072544:2024-03-21 01:49:42.072346: Current epoch: 115, loss: 0.03345028683543205, validation loss: 0.07304079085588455
2024-03-21 01:50:01.025819:2024-03-21 01:50:01.025765: Current epoch: 116, loss: 0.032728809863328934, validation loss: 0.07469985634088516
2024-03-21 01:50:19.902985:2024-03-21 01:50:19.902835: Current epoch: 117, loss: 0.03281944617629051, validation loss: 0.07389450818300247
2024-03-21 01:50:38.974773:2024-03-21 01:50:38.974624: Current epoch: 118, loss: 0.03289500251412392, validation loss: 0.07290240377187729
2024-03-21 01:50:58.320859:2024-03-21 01:50:58.320766: Current epoch: 119, loss: 0.03272432088851929, validation loss: 0.07374877482652664
2024-03-21 01:51:17.290807:2024-03-21 01:51:17.290625: Current epoch: 120, loss: 0.03162967786192894, validation loss: 0.0764881819486618
2024-03-21 01:51:36.721422:2024-03-21 01:51:36.721348: Current epoch: 121, loss: 0.03147582337260246, validation loss: 0.0702734962105751
2024-03-21 01:51:55.535285:2024-03-21 01:51:55.535133: Current epoch: 122, loss: 0.03313685953617096, validation loss: 0.08003795146942139
2024-03-21 01:52:14.621353:2024-03-21 01:52:14.621226: Current epoch: 123, loss: 0.030039789155125618, validation loss: 0.07345528900623322
2024-03-21 01:52:33.366998:2024-03-21 01:52:33.366849: Current epoch: 124, loss: 0.03081652708351612, validation loss: 0.070977583527565
2024-03-21 01:52:52.609825:2024-03-21 01:52:52.609657: Current epoch: 125, loss: 0.032349348068237305, validation loss: 0.0704425647854805
2024-03-21 01:53:11.913161:2024-03-21 01:53:11.913075: Current epoch: 126, loss: 0.030576974153518677, validation loss: 0.07375235855579376
2024-03-21 01:53:30.612850:2024-03-21 01:53:30.612744: Current epoch: 127, loss: 0.029704106971621513, validation loss: 0.07266121357679367
2024-03-21 01:53:47.788945:2024-03-21 01:53:47.788793: Current epoch: 128, loss: 0.03014972247183323, validation loss: 0.0717567652463913
2024-03-21 01:54:06.403806:2024-03-21 01:54:06.403693: Current epoch: 129, loss: 0.029785316437482834, validation loss: 0.0707557201385498
2024-03-21 01:54:28.458593:2024-03-21 01:54:28.458482: Current epoch: 130, loss: 0.029856128618121147, validation loss: 0.0790935680270195
2024-03-21 01:54:47.816114:2024-03-21 01:54:47.816032: Current epoch: 131, loss: 0.029521185904741287, validation loss: 0.07021792232990265
2024-03-21 01:55:07.011532:2024-03-21 01:55:07.011425: Current epoch: 132, loss: 0.029266085475683212, validation loss: 0.07026543468236923
2024-03-21 01:55:25.752974:2024-03-21 01:55:25.752909: Current epoch: 133, loss: 0.02772793546319008, validation loss: 0.07172074168920517
2024-03-21 01:55:45.633637:2024-03-21 01:55:45.633524: Current epoch: 134, loss: 0.029060496017336845, validation loss: 0.07089198380708694
2024-03-21 01:56:05.072915:2024-03-21 01:56:05.072756: Current epoch: 135, loss: 0.02804139070212841, validation loss: 0.0712306872010231
2024-03-21 01:56:24.645867:2024-03-21 01:56:24.645790: Current epoch: 136, loss: 0.028168851509690285, validation loss: 0.06987907737493515
2024-03-21 01:56:44.170258:2024-03-21 01:56:44.170077: Current epoch: 137, loss: 0.02719287760555744, validation loss: 0.071865975856781
2024-03-21 01:57:02.818706:2024-03-21 01:57:02.818635: Current epoch: 138, loss: 0.027146270498633385, validation loss: 0.07115131616592407
2024-03-21 01:57:22.217183:2024-03-21 01:57:22.216952: Current epoch: 139, loss: 0.027556367218494415, validation loss: 0.07285398989915848
2024-03-21 01:57:41.177664:2024-03-21 01:57:41.177522: Current epoch: 140, loss: 0.028889069333672523, validation loss: 0.07259116321802139
2024-03-21 01:58:00.161248:2024-03-21 01:58:00.161104: Current epoch: 141, loss: 0.026180347427725792, validation loss: 0.06956196576356888
2024-03-21 01:58:19.309301:2024-03-21 01:58:19.309219: Current epoch: 142, loss: 0.02686799131333828, validation loss: 0.07221609354019165
2024-03-21 01:58:38.547309:2024-03-21 01:58:38.547194: Current epoch: 143, loss: 0.026280414313077927, validation loss: 0.0709310993552208
2024-03-21 01:58:57.893822:2024-03-21 01:58:57.893713: Current epoch: 144, loss: 0.02592533454298973, validation loss: 0.0711638405919075
2024-03-21 01:59:16.890929:2024-03-21 01:59:16.890864: Current epoch: 145, loss: 0.029022585600614548, validation loss: 0.07327473163604736
2024-03-21 01:59:36.200301:2024-03-21 01:59:36.200235: Current epoch: 146, loss: 0.025402579456567764, validation loss: 0.0703531876206398
2024-03-21 01:59:55.417063:2024-03-21 01:59:55.416953: Current epoch: 147, loss: 0.025079574435949326, validation loss: 0.07196584343910217
2024-03-21 02:00:14.469688:2024-03-21 02:00:14.469621: Current epoch: 148, loss: 0.024873878806829453, validation loss: 0.07226505130529404
2024-03-21 02:00:33.255557:2024-03-21 02:00:33.255450: Current epoch: 149, loss: 0.024960599839687347, validation loss: 0.07299874722957611
2024-03-21 02:00:52.047773:2024-03-21 02:00:52.047710: Current epoch: 150, loss: 0.026789719238877296, validation loss: 0.07097085565328598
2024-03-21 02:01:09.915329:2024-03-21 02:01:09.915194: Current epoch: 151, loss: 0.02437879703938961, validation loss: 0.07261305302381516
2024-03-21 02:01:28.347719:2024-03-21 02:01:28.347660: Current epoch: 152, loss: 0.025255143642425537, validation loss: 0.07238445430994034
2024-03-21 02:01:47.311657:2024-03-21 02:01:47.311488: Current epoch: 153, loss: 0.02466091327369213, validation loss: 0.07256212085485458
2024-03-21 02:02:06.333045:2024-03-21 02:02:06.332889: Current epoch: 154, loss: 0.025954002514481544, validation loss: 0.0719841793179512
2024-03-21 02:02:25.706062:2024-03-21 02:02:25.705903: Current epoch: 155, loss: 0.02437700890004635, validation loss: 0.07167505472898483
2024-03-21 02:02:44.863824:2024-03-21 02:02:44.863708: Current epoch: 156, loss: 0.023628532886505127, validation loss: 0.07023081928491592
2024-03-21 02:03:03.929243:2024-03-21 02:03:03.929140: Current epoch: 157, loss: 0.023938627913594246, validation loss: 0.0744103342294693
2024-03-21 02:03:22.878966:2024-03-21 02:03:22.878811: Current epoch: 158, loss: 0.023703236132860184, validation loss: 0.07243036478757858
2024-03-21 02:03:42.270612:2024-03-21 02:03:42.270537: Current epoch: 159, loss: 0.02410474419593811, validation loss: 0.06903223693370819
2024-03-21 02:04:04.104577:2024-03-21 02:04:04.104402: Current epoch: 160, loss: 0.02324075624346733, validation loss: 0.07262033224105835
2024-03-21 02:04:23.326259:2024-03-21 02:04:23.325985: Current epoch: 161, loss: 0.02338431030511856, validation loss: 0.07162752747535706
2024-03-21 02:04:42.768421:2024-03-21 02:04:42.768292: Current epoch: 162, loss: 0.02314072474837303, validation loss: 0.07100341469049454
2024-03-21 02:05:01.922745:2024-03-21 02:05:01.922515: Current epoch: 163, loss: 0.025988996028900146, validation loss: 0.07248254865407944
2024-03-21 02:05:20.740303:2024-03-21 02:05:20.740221: Current epoch: 164, loss: 0.02304084599018097, validation loss: 0.0687096044421196
2024-03-21 02:05:40.182619:2024-03-21 02:05:40.181740: Current epoch: 165, loss: 0.021974528208374977, validation loss: 0.07058106362819672
2024-03-21 02:05:59.307269:2024-03-21 02:05:59.307163: Current epoch: 166, loss: 0.022104887291789055, validation loss: 0.07083956897258759
2024-03-21 02:06:18.709151:2024-03-21 02:06:18.709049: Current epoch: 167, loss: 0.02289322391152382, validation loss: 0.07151303440332413
2024-03-21 02:06:37.760813:2024-03-21 02:06:37.760658: Current epoch: 168, loss: 0.02247783914208412, validation loss: 0.07309044897556305
2024-03-21 02:06:56.767679:2024-03-21 02:06:56.767575: Current epoch: 169, loss: 0.021763820201158524, validation loss: 0.07088256627321243
2024-03-21 02:07:16.072046:2024-03-21 02:07:16.071892: Current epoch: 170, loss: 0.02371586300432682, validation loss: 0.07125955820083618
2024-03-21 02:07:34.948920:2024-03-21 02:07:34.948802: Current epoch: 171, loss: 0.021271465346217155, validation loss: 0.06989311426877975
2024-03-21 02:07:54.003160:2024-03-21 02:07:54.003008: Current epoch: 172, loss: 0.02210032194852829, validation loss: 0.07016710937023163
2024-03-21 02:08:13.015651:2024-03-21 02:08:13.015521: Current epoch: 173, loss: 0.02135091833770275, validation loss: 0.07068157941102982
2024-03-21 02:08:30.656242:2024-03-21 02:08:30.656127: Current epoch: 174, loss: 0.021629050374031067, validation loss: 0.0707763135433197
2024-03-21 02:08:47.764810:2024-03-21 02:08:47.764692: Current epoch: 175, loss: 0.0217179786413908, validation loss: 0.07083871215581894
2024-03-21 02:09:06.643438:2024-03-21 02:09:06.643332: Current epoch: 176, loss: 0.022126920521259308, validation loss: 0.08047334104776382
2024-03-21 02:09:26.361152:2024-03-21 02:09:26.361000: Current epoch: 177, loss: 0.0211398433893919, validation loss: 0.06963875889778137
2024-03-21 02:09:45.794055:2024-03-21 02:09:45.793920: Current epoch: 178, loss: 0.02060948684811592, validation loss: 0.07243236899375916
2024-03-21 02:10:05.445571:2024-03-21 02:10:05.445461: Current epoch: 179, loss: 0.021191231906414032, validation loss: 0.07101872563362122
2024-03-21 02:10:24.794488:2024-03-21 02:10:24.794295: Current epoch: 180, loss: 0.021388327702879906, validation loss: 0.07057170569896698
2024-03-21 02:10:44.109406:2024-03-21 02:10:44.109205: Current epoch: 181, loss: 0.021493680775165558, validation loss: 0.07012728601694107
2024-03-21 02:11:03.625015:2024-03-21 02:11:03.624836: Current epoch: 182, loss: 0.020640913397073746, validation loss: 0.06908927112817764
2024-03-21 02:11:22.791879:2024-03-21 02:11:22.791817: Current epoch: 183, loss: 0.02133924514055252, validation loss: 0.07344444841146469
2024-03-21 02:11:41.925288:2024-03-21 02:11:41.925174: Current epoch: 184, loss: 0.02023252658545971, validation loss: 0.06932508945465088
2024-03-21 02:12:01.217968:2024-03-21 02:12:01.217766: Current epoch: 185, loss: 0.020571645349264145, validation loss: 0.0696517750620842
2024-03-21 02:12:20.606602:2024-03-21 02:12:20.606485: Current epoch: 186, loss: 0.021783655509352684, validation loss: 0.06982910633087158
2024-03-21 02:12:39.778584:2024-03-21 02:12:39.778418: Current epoch: 187, loss: 0.020040525123476982, validation loss: 0.0720081701874733
2024-03-21 02:12:58.911492:2024-03-21 02:12:58.911385: Current epoch: 188, loss: 0.0199408121407032, validation loss: 0.0697270929813385
2024-03-21 02:13:17.928750:2024-03-21 02:13:17.928608: Current epoch: 189, loss: 0.01974158175289631, validation loss: 0.0709945410490036
2024-03-21 02:13:37.341484:2024-03-21 02:13:37.341315: Current epoch: 190, loss: 0.01988278143107891, validation loss: 0.06983278691768646
2024-03-21 02:13:56.208597:2024-03-21 02:13:56.208428: Current epoch: 191, loss: 0.020215574651956558, validation loss: 0.07002964615821838
2024-03-21 02:14:15.030528:2024-03-21 02:14:15.030293: Current epoch: 192, loss: 0.019253449514508247, validation loss: 0.06924518942832947
2024-03-21 02:14:33.762330:2024-03-21 02:14:33.762218: Current epoch: 193, loss: 0.01955680176615715, validation loss: 0.06873524188995361
2024-03-21 02:14:52.169179:2024-03-21 02:14:52.169105: Current epoch: 194, loss: 0.01928110606968403, validation loss: 0.06956137716770172
2024-03-21 02:15:10.988544:2024-03-21 02:15:10.988483: Current epoch: 195, loss: 0.02067672088742256, validation loss: 0.06982428580522537
2024-03-21 02:15:29.763212:2024-03-21 02:15:29.763091: Current epoch: 196, loss: 0.020754113793373108, validation loss: 0.0716300681233406
2024-03-21 02:15:48.723364:2024-03-21 02:15:48.723294: Current epoch: 197, loss: 0.01955580711364746, validation loss: 0.07005561888217926
2024-03-21 02:16:04.913665:2024-03-21 02:16:04.913522: Current epoch: 198, loss: 0.01836259476840496, validation loss: 0.0683501660823822
2024-03-21 02:16:24.102507:2024-03-21 02:16:24.102385: Current epoch: 199, loss: 0.018751200288534164, validation loss: 0.0711621344089508
2024-03-21 02:16:43.420721:2024-03-21 02:16:43.420612: Current epoch: 200, loss: 0.019066663458943367, validation loss: 0.0743546187877655
2024-03-21 02:17:02.707447:2024-03-21 02:17:02.707330: Current epoch: 201, loss: 0.019588014110922813, validation loss: 0.0700758770108223
2024-03-21 02:17:21.898049:2024-03-21 02:17:21.897945: Current epoch: 202, loss: 0.018526112660765648, validation loss: 0.0727090984582901
2024-03-21 02:17:41.389163:2024-03-21 02:17:41.389032: Current epoch: 203, loss: 0.01845048926770687, validation loss: 0.06988360732793808
2024-03-21 02:18:00.887825:2024-03-21 02:18:00.887713: Current epoch: 204, loss: 0.018443666398525238, validation loss: 0.07037422060966492
2024-03-21 02:18:19.997265:2024-03-21 02:18:19.997156: Current epoch: 205, loss: 0.01843654364347458, validation loss: 0.06973140686750412
2024-03-21 02:18:38.892521:2024-03-21 02:18:38.892363: Current epoch: 206, loss: 0.019038131460547447, validation loss: 0.07091911137104034
2024-03-21 02:18:57.660541:2024-03-21 02:18:57.660450: Current epoch: 207, loss: 0.019183475524187088, validation loss: 0.07285463064908981
2024-03-21 02:19:16.388281:2024-03-21 02:19:16.388133: Current epoch: 208, loss: 0.018014870584011078, validation loss: 0.06918489933013916
2024-03-21 02:19:35.224371:2024-03-21 02:19:35.224301: Current epoch: 209, loss: 0.017796752974390984, validation loss: 0.06826180219650269
2024-03-21 02:19:57.070289:2024-03-21 02:19:57.070137: Current epoch: 210, loss: 0.017633767798542976, validation loss: 0.07037977129220963
2024-03-21 02:20:15.841769:2024-03-21 02:20:15.841608: Current epoch: 211, loss: 0.018030855804681778, validation loss: 0.07122130692005157
2024-03-21 02:20:35.271732:2024-03-21 02:20:35.271579: Current epoch: 212, loss: 0.019560910761356354, validation loss: 0.07456063479185104
2024-03-21 02:20:54.417804:2024-03-21 02:20:54.417715: Current epoch: 213, loss: 0.017491750419139862, validation loss: 0.06967305392026901
2024-03-21 02:21:13.393349:2024-03-21 02:21:13.393223: Current epoch: 214, loss: 0.01740940287709236, validation loss: 0.07135207206010818
2024-03-21 02:21:31.923783:2024-03-21 02:21:31.923635: Current epoch: 215, loss: 0.017636839300394058, validation loss: 0.06950339674949646
2024-03-21 02:21:50.494097:2024-03-21 02:21:50.494032: Current epoch: 216, loss: 0.01782502979040146, validation loss: 0.06868650764226913
2024-03-21 02:22:08.968104:2024-03-21 02:22:08.967952: Current epoch: 217, loss: 0.018920915201306343, validation loss: 0.072471983730793
2024-03-21 02:22:27.923716:2024-03-21 02:22:27.923679: Current epoch: 218, loss: 0.017339566722512245, validation loss: 0.07244537025690079
2024-03-21 02:22:46.453646:2024-03-21 02:22:46.453480: Current epoch: 219, loss: 0.018246786668896675, validation loss: 0.11797746270895004
2024-03-21 02:23:05.213185:2024-03-21 02:23:05.213034: Current epoch: 220, loss: 0.01848994754254818, validation loss: 0.07016512751579285
2024-03-21 02:23:23.852229:2024-03-21 02:23:23.852072: Current epoch: 221, loss: 0.017064398154616356, validation loss: 0.06976693868637085
2024-03-21 02:23:41.549257:2024-03-21 02:23:41.549097: Current epoch: 222, loss: 0.01682835817337036, validation loss: 0.06958245486021042
2024-03-21 02:24:00.983772:2024-03-21 02:24:00.983582: Current epoch: 223, loss: 0.01673956587910652, validation loss: 0.06880789995193481
2024-03-21 02:24:20.205345:2024-03-21 02:24:20.204379: Current epoch: 224, loss: 0.01721879281103611, validation loss: 0.07117287069559097
2024-03-21 02:24:39.888191:2024-03-21 02:24:39.888084: Current epoch: 225, loss: 0.01739581860601902, validation loss: 0.0745658278465271
2024-03-21 02:24:59.379422:2024-03-21 02:24:59.378719: Current epoch: 226, loss: 0.01759110763669014, validation loss: 0.06983384490013123
2024-03-21 02:25:18.956064:2024-03-21 02:25:18.955960: Current epoch: 227, loss: 0.016291774809360504, validation loss: 0.06873106211423874
2024-03-21 02:25:38.094642:2024-03-21 02:25:38.094498: Current epoch: 228, loss: 0.01735028438270092, validation loss: 0.07003488391637802
2024-03-21 02:25:57.603431:2024-03-21 02:25:57.603315: Current epoch: 229, loss: 0.017047761008143425, validation loss: 0.06941049546003342
2024-03-21 02:26:16.244968:2024-03-21 02:26:16.244816: Current epoch: 230, loss: 0.019776726141572, validation loss: 0.07126454263925552
2024-03-21 02:26:35.227350:2024-03-21 02:26:35.227197: Current epoch: 231, loss: 0.01753757707774639, validation loss: 0.06982512027025223
2024-03-21 02:26:54.185467:2024-03-21 02:26:54.185338: Current epoch: 232, loss: 0.015473081730306149, validation loss: 0.06810393929481506
2024-03-21 02:27:13.272161:2024-03-21 02:27:13.272023: Current epoch: 233, loss: 0.016564778983592987, validation loss: 0.068799689412117
2024-03-21 02:27:32.403313:2024-03-21 02:27:32.402838: Current epoch: 234, loss: 0.016974080353975296, validation loss: 0.06787437200546265
2024-03-21 02:27:51.345242:2024-03-21 02:27:51.345141: Current epoch: 235, loss: 0.017534414306282997, validation loss: 0.07227695733308792
2024-03-21 02:28:10.388243:2024-03-21 02:28:10.388145: Current epoch: 236, loss: 0.015504667535424232, validation loss: 0.0707654282450676
2024-03-21 02:28:29.141094:2024-03-21 02:28:29.141005: Current epoch: 237, loss: 0.018803970888257027, validation loss: 0.06943390518426895
2024-03-21 02:28:48.064360:2024-03-21 02:28:48.064293: Current epoch: 238, loss: 0.015224169008433819, validation loss: 0.06981056928634644
2024-03-21 02:29:06.891637:2024-03-21 02:29:06.891467: Current epoch: 239, loss: 0.01584816537797451, validation loss: 0.06968557089567184
2024-03-21 02:29:25.748833:2024-03-21 02:29:25.748781: Current epoch: 240, loss: 0.01581837236881256, validation loss: 0.06894341856241226
2024-03-21 02:29:44.310522:2024-03-21 02:29:44.310428: Current epoch: 241, loss: 0.018327096477150917, validation loss: 0.06914856284856796
2024-03-21 02:30:03.391489:2024-03-21 02:30:03.391379: Current epoch: 242, loss: 0.015507414005696774, validation loss: 0.0718899592757225
2024-03-21 02:30:22.548097:2024-03-21 02:30:22.547946: Current epoch: 243, loss: 0.01570502296090126, validation loss: 0.06951439380645752
2024-03-21 02:30:41.636134:2024-03-21 02:30:41.636024: Current epoch: 244, loss: 0.020568059757351875, validation loss: 0.07010482996702194
2024-03-21 02:30:57.510700:2024-03-21 02:30:57.510638: Current epoch: 245, loss: 0.01522249635308981, validation loss: 0.06858276575803757
2024-03-21 02:31:16.801218:2024-03-21 02:31:16.801068: Current epoch: 246, loss: 0.015055887401103973, validation loss: 0.06997215747833252
2024-03-21 02:31:36.177770:2024-03-21 02:31:36.177667: Current epoch: 247, loss: 0.01598072424530983, validation loss: 0.07006610184907913
2024-03-21 02:31:55.111069:2024-03-21 02:31:55.111003: Current epoch: 248, loss: 0.01808554120361805, validation loss: 0.06950370222330093
2024-03-21 02:32:13.839271:2024-03-21 02:32:13.839123: Current epoch: 249, loss: 0.014541377313435078, validation loss: 0.06973832845687866
2024-03-21 02:32:33.017009:2024-03-21 02:32:33.016894: Current epoch: 250, loss: 0.016651708632707596, validation loss: 0.06829607486724854
2024-03-21 02:32:51.806598:2024-03-21 02:32:51.806492: Current epoch: 251, loss: 0.01649956963956356, validation loss: 0.06852544844150543
2024-03-21 02:33:10.610278:2024-03-21 02:33:10.610171: Current epoch: 252, loss: 0.017745161429047585, validation loss: 0.06844225525856018
2024-03-21 02:33:29.373745:2024-03-21 02:33:29.373679: Current epoch: 253, loss: 0.014818180352449417, validation loss: 0.07007897645235062
2024-03-21 02:33:48.272048:2024-03-21 02:33:48.271921: Current epoch: 254, loss: 0.014792436733841896, validation loss: 0.06849196553230286
2024-03-21 02:34:06.994089:2024-03-21 02:34:06.994025: Current epoch: 255, loss: 0.015315973199903965, validation loss: 0.06808798015117645
2024-03-21 02:34:26.159932:2024-03-21 02:34:26.159804: Current epoch: 256, loss: 0.01522988360375166, validation loss: 0.07025380432605743
2024-03-21 02:34:45.350742:2024-03-21 02:34:45.350611: Current epoch: 257, loss: 0.01485534105449915, validation loss: 0.06841889023780823
2024-03-21 02:35:04.267936:2024-03-21 02:35:04.267786: Current epoch: 258, loss: 0.015357686206698418, validation loss: 0.06830418854951859
2024-03-21 02:35:23.309832:2024-03-21 02:35:23.309733: Current epoch: 259, loss: 0.014905235730111599, validation loss: 0.06872871518135071
2024-03-21 02:35:42.675047:2024-03-21 02:35:42.674939: Current epoch: 260, loss: 0.015177720226347446, validation loss: 0.07089991867542267
2024-03-21 02:36:01.455562:2024-03-21 02:36:01.455423: Current epoch: 261, loss: 0.014933213591575623, validation loss: 0.07030566036701202
2024-03-21 02:36:20.406565:2024-03-21 02:36:20.406449: Current epoch: 262, loss: 0.015089032240211964, validation loss: 0.07005442678928375
2024-03-21 02:36:39.205697:2024-03-21 02:36:39.205544: Current epoch: 263, loss: 0.01527227833867073, validation loss: 0.0688762292265892
2024-03-21 02:36:58.288192:2024-03-21 02:36:58.288084: Current epoch: 264, loss: 0.01492768619209528, validation loss: 0.07113927602767944
2024-03-21 02:37:17.342800:2024-03-21 02:37:17.342692: Current epoch: 265, loss: 0.014881339855492115, validation loss: 0.06906337291002274
2024-03-21 02:37:36.026048:2024-03-21 02:37:36.025916: Current epoch: 266, loss: 0.014585466124117374, validation loss: 0.0706852450966835
2024-03-21 02:37:55.087208:2024-03-21 02:37:55.087059: Current epoch: 267, loss: 0.014286049641668797, validation loss: 0.06987452507019043
2024-03-21 02:38:13.036282:2024-03-21 02:38:13.036116: Current epoch: 268, loss: 0.014833887107670307, validation loss: 0.069524385035038
2024-03-21 02:38:29.868039:2024-03-21 02:38:29.867967: Current epoch: 269, loss: 0.014662489295005798, validation loss: 0.06779178977012634
2024-03-21 02:38:51.500403:2024-03-21 02:38:51.500354: Current epoch: 270, loss: 0.014095067046582699, validation loss: 0.0706615149974823
2024-03-21 02:39:10.632243:2024-03-21 02:39:10.632089: Current epoch: 271, loss: 0.01432036329060793, validation loss: 0.06897038966417313
2024-03-21 02:39:29.879544:2024-03-21 02:39:29.879430: Current epoch: 272, loss: 0.014474056661128998, validation loss: 0.06894911080598831
2024-03-21 02:39:48.946572:2024-03-21 02:39:48.946452: Current epoch: 273, loss: 0.014358369633555412, validation loss: 0.06934042274951935
2024-03-21 02:40:07.989517:2024-03-21 02:40:07.989346: Current epoch: 274, loss: 0.014842197299003601, validation loss: 0.07103512436151505
2024-03-21 02:40:27.548521:2024-03-21 02:40:27.548413: Current epoch: 275, loss: 0.014045542106032372, validation loss: 0.06821902096271515
2024-03-21 02:40:46.844096:2024-03-21 02:40:46.844039: Current epoch: 276, loss: 0.013932119123637676, validation loss: 0.06818538159132004
2024-03-21 02:41:06.155506:2024-03-21 02:41:06.155320: Current epoch: 277, loss: 0.014156296849250793, validation loss: 0.06890560686588287
2024-03-21 02:41:25.571642:2024-03-21 02:41:25.571573: Current epoch: 278, loss: 0.014223338104784489, validation loss: 0.07063810527324677
2024-03-21 02:41:44.910766:2024-03-21 02:41:44.910615: Current epoch: 279, loss: 0.014413338154554367, validation loss: 0.07116545736789703
2024-03-21 02:42:04.290972:2024-03-21 02:42:04.290806: Current epoch: 280, loss: 0.016118407249450684, validation loss: 0.07022140175104141
2024-03-21 02:42:23.504643:2024-03-21 02:42:23.504489: Current epoch: 281, loss: 0.014549839310348034, validation loss: 0.06837666034698486
2024-03-21 02:42:42.603228:2024-03-21 02:42:42.603080: Current epoch: 282, loss: 0.014565136283636093, validation loss: 0.06910999119281769
2024-03-21 02:43:01.896620:2024-03-21 02:43:01.896546: Current epoch: 283, loss: 0.012601063586771488, validation loss: 0.07132741063833237
2024-03-21 02:43:20.898212:2024-03-21 02:43:20.898109: Current epoch: 284, loss: 0.015058574266731739, validation loss: 0.0697254091501236
2024-03-21 02:43:39.822018:2024-03-21 02:43:39.821906: Current epoch: 285, loss: 0.01395602710545063, validation loss: 0.06843975186347961
2024-03-21 02:43:58.909710:2024-03-21 02:43:58.909599: Current epoch: 286, loss: 0.013866879977285862, validation loss: 0.0703243762254715
2024-03-21 02:44:17.752289:2024-03-21 02:44:17.752215: Current epoch: 287, loss: 0.01483655720949173, validation loss: 0.06776393949985504
2024-03-21 02:44:36.826668:2024-03-21 02:44:36.826540: Current epoch: 288, loss: 0.013049539178609848, validation loss: 0.06794259697198868
2024-03-21 02:44:55.821299:2024-03-21 02:44:55.821171: Current epoch: 289, loss: 0.013328565284609795, validation loss: 0.06922893226146698
2024-03-21 02:45:14.834015:2024-03-21 02:45:14.833846: Current epoch: 290, loss: 0.014414107427001, validation loss: 0.06793918460607529
2024-03-21 02:45:33.706253:2024-03-21 02:45:33.706104: Current epoch: 291, loss: 0.013441651128232479, validation loss: 0.06918219476938248
2024-03-21 02:45:48.682948:2024-03-21 02:45:48.682798: Current epoch: 292, loss: 0.013273128308355808, validation loss: 0.06959684193134308
2024-03-21 02:46:07.662718:2024-03-21 02:46:07.662566: Current epoch: 293, loss: 0.016125835478305817, validation loss: 0.07045195996761322
2024-03-21 02:46:26.372440:2024-03-21 02:46:26.372290: Current epoch: 294, loss: 0.01273936778306961, validation loss: 0.07028830051422119
2024-03-21 02:46:45.637318:2024-03-21 02:46:45.637171: Current epoch: 295, loss: 0.014652801677584648, validation loss: 0.06919634342193604
2024-03-21 02:47:04.713229:2024-03-21 02:47:04.713042: Current epoch: 296, loss: 0.012584134005010128, validation loss: 0.06860720366239548
2024-03-21 02:47:23.247346:2024-03-21 02:47:23.247206: Current epoch: 297, loss: 0.012483625672757626, validation loss: 0.06998234242200851
2024-03-21 02:47:41.660849:2024-03-21 02:47:41.660748: Current epoch: 298, loss: 0.01374817918986082, validation loss: 0.06940258294343948
2024-03-21 02:48:00.579237:2024-03-21 02:48:00.579122: Current epoch: 299, loss: 0.012992864474654198, validation loss: 0.06822296977043152
2024-03-21 02:48:19.375602:2024-03-21 02:48:19.375500: Current epoch: 300, loss: 0.01302983146160841, validation loss: 0.06964283436536789
2024-03-21 02:48:38.536405:2024-03-21 02:48:38.536255: Current epoch: 301, loss: 0.013257988728582859, validation loss: 0.07071388512849808
2024-03-21 02:48:57.313853:2024-03-21 02:48:57.313742: Current epoch: 302, loss: 0.01307709515094757, validation loss: 0.06893263757228851
2024-03-21 02:49:15.908246:2024-03-21 02:49:15.908136: Current epoch: 303, loss: 0.01354166865348816, validation loss: 0.06910807639360428
2024-03-21 02:49:34.554670:2024-03-21 02:49:34.554579: Current epoch: 304, loss: 0.01489184144884348, validation loss: 0.08226374536752701
2024-03-21 02:49:53.471754:2024-03-21 02:49:53.471695: Current epoch: 305, loss: 0.012650754302740097, validation loss: 0.07294586300849915
2024-03-21 02:50:12.394955:2024-03-21 02:50:12.394806: Current epoch: 306, loss: 0.012799635529518127, validation loss: 0.07433836907148361
2024-03-21 02:50:31.301033:2024-03-21 02:50:31.300975: Current epoch: 307, loss: 0.012496131472289562, validation loss: 0.0695863589644432
2024-03-21 02:50:49.784943:2024-03-21 02:50:49.784791: Current epoch: 308, loss: 0.01277550682425499, validation loss: 0.06905149668455124
2024-03-21 02:51:08.552534:2024-03-21 02:51:08.552427: Current epoch: 309, loss: 0.012806258164346218, validation loss: 0.06891703605651855
2024-03-21 02:51:27.120769:2024-03-21 02:51:27.120617: Current epoch: 310, loss: 0.012404247187077999, validation loss: 0.0685306042432785
2024-03-21 02:51:46.283530:2024-03-21 02:51:46.283413: Current epoch: 311, loss: 0.012739935889840126, validation loss: 0.06951027363538742
2024-03-21 02:52:05.553657:2024-03-21 02:52:05.553506: Current epoch: 312, loss: 0.012638959102332592, validation loss: 0.07072563469409943
2024-03-21 02:52:24.327767:2024-03-21 02:52:24.327600: Current epoch: 313, loss: 0.01243356429040432, validation loss: 0.06966947764158249
2024-03-21 02:52:42.989158:2024-03-21 02:52:42.989009: Current epoch: 314, loss: 0.012800848111510277, validation loss: 0.06901885569095612
2024-03-21 02:53:01.855432:2024-03-21 02:53:01.855316: Current epoch: 315, loss: 0.012582169845700264, validation loss: 0.06877408176660538
2024-03-21 02:53:19.200575:2024-03-21 02:53:19.200473: Current epoch: 316, loss: 0.012654191814363003, validation loss: 0.07049055397510529
2024-03-21 02:53:36.181274:2024-03-21 02:53:36.181018: Current epoch: 317, loss: 0.012443985790014267, validation loss: 0.0685843899846077
2024-03-21 02:53:55.236533:2024-03-21 02:53:55.236422: Current epoch: 318, loss: 0.012839019298553467, validation loss: 0.06831953674554825
2024-03-21 02:54:14.548941:2024-03-21 02:54:14.548791: Current epoch: 319, loss: 0.012221020646393299, validation loss: 0.06845201551914215
2024-03-21 02:54:33.893108:2024-03-21 02:54:33.892965: Current epoch: 320, loss: 0.012368785217404366, validation loss: 0.06921756267547607
2024-03-21 02:54:52.869203:2024-03-21 02:54:52.869049: Current epoch: 321, loss: 0.012448458932340145, validation loss: 0.0699838399887085
2024-03-21 02:55:11.825607:2024-03-21 02:55:11.825429: Current epoch: 322, loss: 0.012253792025148869, validation loss: 0.06895877420902252
2024-03-21 02:55:30.428682:2024-03-21 02:55:30.428529: Current epoch: 323, loss: 0.012472240254282951, validation loss: 0.06983425468206406
2024-03-21 02:55:49.131864:2024-03-21 02:55:49.131790: Current epoch: 324, loss: 0.012071890756487846, validation loss: 0.0690075010061264
2024-03-21 02:56:07.989972:2024-03-21 02:56:07.989843: Current epoch: 325, loss: 0.012537919916212559, validation loss: 0.06917111575603485
2024-03-21 02:56:26.798698:2024-03-21 02:56:26.798605: Current epoch: 326, loss: 0.01201165746897459, validation loss: 0.0700732171535492
2024-03-21 02:56:45.523911:2024-03-21 02:56:45.523776: Current epoch: 327, loss: 0.012465417385101318, validation loss: 0.0699787512421608
2024-03-21 02:57:04.190317:2024-03-21 02:57:04.190230: Current epoch: 328, loss: 0.012063479982316494, validation loss: 0.076966792345047
2024-03-21 02:57:23.213507:2024-03-21 02:57:23.213377: Current epoch: 329, loss: 0.012343009933829308, validation loss: 0.06957404315471649
2024-03-21 02:57:41.895240:2024-03-21 02:57:41.895175: Current epoch: 330, loss: 0.011840657331049442, validation loss: 0.0721016526222229
2024-03-21 02:58:00.733818:2024-03-21 02:58:00.733671: Current epoch: 331, loss: 0.012739814817905426, validation loss: 0.07189838588237762
2024-03-21 02:58:19.659714:2024-03-21 02:58:19.659654: Current epoch: 332, loss: 0.011745803989470005, validation loss: 0.07048455625772476
2024-03-21 02:58:38.559679:2024-03-21 02:58:38.559566: Current epoch: 333, loss: 0.01171780563890934, validation loss: 0.06933501362800598
2024-03-21 02:58:57.593035:2024-03-21 02:58:57.592899: Current epoch: 334, loss: 0.011948279105126858, validation loss: 0.06975126266479492
2024-03-21 02:59:16.200896:2024-03-21 02:59:16.200740: Current epoch: 335, loss: 0.011786789633333683, validation loss: 0.06956598162651062
2024-03-21 02:59:35.145744:2024-03-21 02:59:35.145585: Current epoch: 336, loss: 0.0119080301374197, validation loss: 0.06858446449041367
2024-03-21 02:59:54.390467:2024-03-21 02:59:54.390333: Current epoch: 337, loss: 0.012011454440653324, validation loss: 0.07048370689153671
2024-03-21 03:00:12.807634:2024-03-21 03:00:12.807528: Current epoch: 338, loss: 0.012707744725048542, validation loss: 0.07044163346290588
2024-03-21 03:00:31.618309:2024-03-21 03:00:31.618186: Current epoch: 339, loss: 0.011769219301640987, validation loss: 0.06804990768432617
2024-03-21 03:00:50.468254:2024-03-21 03:00:50.468154: Current epoch: 340, loss: 0.012660526670515537, validation loss: 0.06965745985507965
2024-03-21 03:01:06.459393:2024-03-21 03:01:06.459244: Current epoch: 341, loss: 0.010969491675496101, validation loss: 0.06901808828115463
2024-03-21 03:01:24.506140:2024-03-21 03:01:24.505975: Current epoch: 342, loss: 0.011654457077383995, validation loss: 0.06917424499988556
2024-03-21 03:01:43.021143:2024-03-21 03:01:43.020993: Current epoch: 343, loss: 0.011466585099697113, validation loss: 0.07293803989887238
2024-03-21 03:02:01.874868:2024-03-21 03:02:01.874718: Current epoch: 344, loss: 0.012429796159267426, validation loss: 0.06781613081693649
2024-03-21 03:02:20.904437:2024-03-21 03:02:20.904286: Current epoch: 345, loss: 0.011308415792882442, validation loss: 0.0697370171546936
2024-03-21 03:02:39.662664:2024-03-21 03:02:39.662515: Current epoch: 346, loss: 0.011313337832689285, validation loss: 0.06957344710826874
2024-03-21 03:02:58.586342:2024-03-21 03:02:58.586244: Current epoch: 347, loss: 0.0114520825445652, validation loss: 0.06957093626260757
2024-03-21 03:03:17.421296:2024-03-21 03:03:17.421147: Current epoch: 348, loss: 0.011776315048336983, validation loss: 0.06945760548114777
2024-03-21 03:03:36.382162:2024-03-21 03:03:36.382066: Current epoch: 349, loss: 0.011437351815402508, validation loss: 0.06975651532411575
2024-03-21 03:03:55.465878:2024-03-21 03:03:55.465731: Current epoch: 350, loss: 0.011339010670781136, validation loss: 0.06909894943237305
2024-03-21 03:04:14.046694:2024-03-21 03:04:14.046635: Current epoch: 351, loss: 0.0114356754347682, validation loss: 0.0697309821844101
2024-03-21 03:04:32.954746:2024-03-21 03:04:32.954596: Current epoch: 352, loss: 0.011162747628986835, validation loss: 0.06901425868272781
2024-03-21 03:04:52.717329:2024-03-21 03:04:52.717178: Current epoch: 353, loss: 0.011233762837946415, validation loss: 0.06889253109693527
2024-03-21 03:05:12.096089:2024-03-21 03:05:12.095971: Current epoch: 354, loss: 0.01171865314245224, validation loss: 0.06949202716350555
2024-03-21 03:05:31.259700:2024-03-21 03:05:31.259535: Current epoch: 355, loss: 0.011250504292547703, validation loss: 0.06981781870126724
2024-03-21 03:05:50.064580:2024-03-21 03:05:50.064422: Current epoch: 356, loss: 0.011872184462845325, validation loss: 0.06994783878326416
2024-03-21 03:06:09.064612:2024-03-21 03:06:09.064508: Current epoch: 357, loss: 0.011015508323907852, validation loss: 0.06993941962718964
2024-03-21 03:06:28.136453:2024-03-21 03:06:28.136387: Current epoch: 358, loss: 0.011287168599665165, validation loss: 0.06947751343250275
2024-03-21 03:06:47.487965:2024-03-21 03:06:47.487793: Current epoch: 359, loss: 0.011001287028193474, validation loss: 0.06910375505685806
2024-03-21 03:07:06.909667:2024-03-21 03:07:06.909610: Current epoch: 360, loss: 0.011063470505177975, validation loss: 0.07012224197387695
2024-03-21 03:07:25.956276:2024-03-21 03:07:25.956128: Current epoch: 361, loss: 0.011531337164342403, validation loss: 0.06886531412601471
2024-03-21 03:07:44.939222:2024-03-21 03:07:44.939122: Current epoch: 362, loss: 0.012149703688919544, validation loss: 0.06820771843194962
2024-03-21 03:08:03.881429:2024-03-21 03:08:03.881321: Current epoch: 363, loss: 0.010647953487932682, validation loss: 0.06982243061065674
2024-03-21 03:08:22.689881:2024-03-21 03:08:22.689761: Current epoch: 364, loss: 0.010958622209727764, validation loss: 0.06958384066820145
2024-03-21 03:08:39.828138:2024-03-21 03:08:39.828001: Current epoch: 365, loss: 0.010969615541398525, validation loss: 0.06920228898525238
2024-03-21 03:08:57.629401:2024-03-21 03:08:57.629292: Current epoch: 366, loss: 0.010599136352539062, validation loss: 0.06857883930206299
2024-03-21 03:09:16.640122:2024-03-21 03:09:16.640021: Current epoch: 367, loss: 0.011068850755691528, validation loss: 0.0691087394952774
2024-03-21 03:09:35.632464:2024-03-21 03:09:35.632326: Current epoch: 368, loss: 0.013528517447412014, validation loss: 0.07264528423547745
2024-03-21 03:09:54.639355:2024-03-21 03:09:54.639250: Current epoch: 369, loss: 0.011153973639011383, validation loss: 0.06872324645519257
2024-03-21 03:10:13.377046:2024-03-21 03:10:13.376939: Current epoch: 370, loss: 0.01005286630243063, validation loss: 0.0690954402089119
2024-03-21 03:10:32.695285:2024-03-21 03:10:32.695172: Current epoch: 371, loss: 0.012035628780722618, validation loss: 0.06797517836093903
2024-03-21 03:10:51.414474:2024-03-21 03:10:51.414311: Current epoch: 372, loss: 0.01035689190030098, validation loss: 0.06846131384372711
2024-03-21 03:11:10.787203:2024-03-21 03:11:10.787047: Current epoch: 373, loss: 0.01059679314494133, validation loss: 0.06908980756998062
2024-03-21 03:11:29.328428:2024-03-21 03:11:29.328275: Current epoch: 374, loss: 0.01081620343029499, validation loss: 0.06918806582689285
2024-03-21 03:11:48.511115:2024-03-21 03:11:48.510962: Current epoch: 375, loss: 0.0106546301394701, validation loss: 0.06970342248678207
2024-03-21 03:12:07.518416:2024-03-21 03:12:07.518307: Current epoch: 376, loss: 0.011101345531642437, validation loss: 0.06893469393253326
2024-03-21 03:12:26.629140:2024-03-21 03:12:26.629005: Current epoch: 377, loss: 0.010404523462057114, validation loss: 0.07027740776538849
2024-03-21 03:12:45.542731:2024-03-21 03:12:45.542602: Current epoch: 378, loss: 0.010581414215266705, validation loss: 0.06889134645462036
2024-03-21 03:13:04.641499:2024-03-21 03:13:04.641329: Current epoch: 379, loss: 0.010974565520882607, validation loss: 0.06994660943746567
2024-03-21 03:13:23.680146:2024-03-21 03:13:23.680023: Current epoch: 380, loss: 0.01071624830365181, validation loss: 0.07284434139728546
2024-03-21 03:13:42.475251:2024-03-21 03:13:42.475114: Current epoch: 381, loss: 0.010886039584875107, validation loss: 0.07058383524417877
2024-03-21 03:14:01.614928:2024-03-21 03:14:01.614780: Current epoch: 382, loss: 0.010686100460588932, validation loss: 0.06886271387338638
2024-03-21 03:14:20.697968:2024-03-21 03:14:20.697844: Current epoch: 383, loss: 0.01029162760823965, validation loss: 0.07053330540657043
2024-03-21 03:14:39.930100:2024-03-21 03:14:39.929909: Current epoch: 384, loss: 0.01061740517616272, validation loss: 0.0693742036819458
2024-03-21 03:14:58.859027:2024-03-21 03:14:58.858878: Current epoch: 385, loss: 0.011185124516487122, validation loss: 0.07067278772592545
2024-03-21 03:15:17.744078:2024-03-21 03:15:17.743978: Current epoch: 386, loss: 0.01012628898024559, validation loss: 0.06920414417982101
2024-03-21 03:15:36.475250:2024-03-21 03:15:36.475172: Current epoch: 387, loss: 0.010278566740453243, validation loss: 0.06986584514379501
2024-03-21 03:15:55.158616:2024-03-21 03:15:55.158527: Current epoch: 388, loss: 0.010273775085806847, validation loss: 0.06959013640880585
2024-03-21 03:16:12.703082:2024-03-21 03:16:12.702930: Current epoch: 389, loss: 0.01034313254058361, validation loss: 0.06985382735729218
2024-03-21 03:16:29.738902:2024-03-21 03:16:29.738800: Current epoch: 390, loss: 0.010687005706131458, validation loss: 0.0703984797000885
2024-03-21 03:16:48.465090:2024-03-21 03:16:48.464943: Current epoch: 391, loss: 0.010288963094353676, validation loss: 0.07033498585224152
2024-03-21 03:17:07.489258:2024-03-21 03:17:07.489108: Current epoch: 392, loss: 0.010453976690769196, validation loss: 0.06962006539106369
2024-03-21 03:17:26.361257:2024-03-21 03:17:26.361200: Current epoch: 393, loss: 0.010369332507252693, validation loss: 0.06966549903154373
2024-03-21 03:17:45.418400:2024-03-21 03:17:45.418298: Current epoch: 394, loss: 0.010625879280269146, validation loss: 0.0705532506108284
2024-03-21 03:18:04.614814:2024-03-21 03:18:04.614752: Current epoch: 395, loss: 0.0101621113717556, validation loss: 0.07006384432315826
2024-03-21 03:18:23.663558:2024-03-21 03:18:23.663373: Current epoch: 396, loss: 0.010602622292935848, validation loss: 0.07056332379579544
2024-03-21 03:18:43.192227:2024-03-21 03:18:43.192037: Current epoch: 397, loss: 0.010071639902889729, validation loss: 0.07043725997209549
2024-03-21 03:19:01.835300:2024-03-21 03:19:01.835174: Current epoch: 398, loss: 0.010124812833964825, validation loss: 0.06996247172355652
2024-03-21 03:19:20.780010:2024-03-21 03:19:20.779905: Current epoch: 399, loss: 0.009907394647598267, validation loss: 0.07012852281332016
2024-03-21 03:19:39.614021:2024-03-21 03:19:39.613905: Current epoch: 400, loss: 0.010145043954253197, validation loss: 0.07013516873121262
2024-03-21 03:19:58.672289:2024-03-21 03:19:58.672186: Current epoch: 401, loss: 0.010154103860259056, validation loss: 0.07029202580451965
2024-03-21 03:20:17.774789:2024-03-21 03:20:17.774668: Current epoch: 402, loss: 0.010049405507743359, validation loss: 0.06885968893766403
2024-03-21 03:20:36.628369:2024-03-21 03:20:36.628208: Current epoch: 403, loss: 0.01041661947965622, validation loss: 0.06883258372545242
2024-03-21 03:20:55.741388:2024-03-21 03:20:55.741298: Current epoch: 404, loss: 0.01108591165393591, validation loss: 0.06989475339651108
2024-03-21 03:21:14.783850:2024-03-21 03:21:14.783687: Current epoch: 405, loss: 0.009607634507119656, validation loss: 0.07105854153633118
2024-03-21 03:21:33.751066:2024-03-21 03:21:33.750902: Current epoch: 406, loss: 0.010009313933551311, validation loss: 0.06903181225061417
2024-03-21 03:21:52.782297:2024-03-21 03:21:52.782145: Current epoch: 407, loss: 0.01020593848079443, validation loss: 0.0716264471411705
2024-03-21 03:22:11.764317:2024-03-21 03:22:11.764206: Current epoch: 408, loss: 0.010082688182592392, validation loss: 0.07016363739967346
2024-03-21 03:22:30.746159:2024-03-21 03:22:30.746047: Current epoch: 409, loss: 0.009906423278152943, validation loss: 0.07046305388212204
2024-03-21 03:22:49.709115:2024-03-21 03:22:49.708946: Current epoch: 410, loss: 0.009958130307495594, validation loss: 0.0709134116768837
2024-03-21 03:23:09.252313:2024-03-21 03:23:09.252201: Current epoch: 411, loss: 0.010056599974632263, validation loss: 0.07048974931240082
2024-03-21 03:23:28.295378:2024-03-21 03:23:28.295216: Current epoch: 412, loss: 0.009827211499214172, validation loss: 0.06925172358751297
2024-03-21 03:23:47.282384:2024-03-21 03:23:47.282257: Current epoch: 413, loss: 0.009842099621891975, validation loss: 0.06887058913707733
2024-03-21 03:24:03.246259:2024-03-21 03:24:03.246187: Current epoch: 414, loss: 0.009747212752699852, validation loss: 0.0707220584154129
2024-03-21 03:24:21.990749:2024-03-21 03:24:21.990650: Current epoch: 415, loss: 0.010166783817112446, validation loss: 0.06980174779891968
2024-03-21 03:24:40.840437:2024-03-21 03:24:40.840317: Current epoch: 416, loss: 0.009822594001889229, validation loss: 0.06931114196777344
2024-03-21 03:24:59.981556:2024-03-21 03:24:59.981365: Current epoch: 417, loss: 0.009662260301411152, validation loss: 0.06969363987445831
2024-03-21 03:25:19.214131:2024-03-21 03:25:19.214011: Current epoch: 418, loss: 0.009767923504114151, validation loss: 0.06992828845977783
2024-03-21 03:25:38.302960:2024-03-21 03:25:38.302830: Current epoch: 419, loss: 0.009695038199424744, validation loss: 0.07097114622592926
2024-03-21 03:25:57.399203:2024-03-21 03:25:57.399050: Current epoch: 420, loss: 0.00990599300712347, validation loss: 0.0700363740324974
2024-03-21 03:26:16.388956:2024-03-21 03:26:16.388808: Current epoch: 421, loss: 0.009588221088051796, validation loss: 0.06931419670581818
2024-03-21 03:26:35.165546:2024-03-21 03:26:35.165430: Current epoch: 422, loss: 0.009684532880783081, validation loss: 0.07134547084569931
2024-03-21 03:26:53.952427:2024-03-21 03:26:53.952348: Current epoch: 423, loss: 0.009678198024630547, validation loss: 0.06935558468103409
2024-03-21 03:27:13.008695:2024-03-21 03:27:13.008533: Current epoch: 424, loss: 0.009445670060813427, validation loss: 0.0696856826543808
2024-03-21 03:27:32.467769:2024-03-21 03:27:32.467628: Current epoch: 425, loss: 0.009276256896555424, validation loss: 0.07005903124809265
2024-03-21 03:27:51.590223:2024-03-21 03:27:51.590103: Current epoch: 426, loss: 0.009672803804278374, validation loss: 0.0691027045249939
2024-03-21 03:28:10.846224:2024-03-21 03:28:10.846123: Current epoch: 427, loss: 0.009462702088057995, validation loss: 0.06933832168579102
2024-03-21 03:28:30.364602:2024-03-21 03:28:30.364471: Current epoch: 428, loss: 0.0094651710242033, validation loss: 0.06911423057317734
2024-03-21 03:28:49.012122:2024-03-21 03:28:49.011974: Current epoch: 429, loss: 0.009624428115785122, validation loss: 0.07120394706726074
2024-03-21 03:29:08.071326:2024-03-21 03:29:08.071179: Current epoch: 430, loss: 0.013005632907152176, validation loss: 0.07063145935535431
2024-03-21 03:29:27.512448:2024-03-21 03:29:27.512316: Current epoch: 431, loss: 0.010582605376839638, validation loss: 0.06994203478097916
2024-03-21 03:29:46.489432:2024-03-21 03:29:46.489316: Current epoch: 432, loss: 0.011206213384866714, validation loss: 0.07013841718435287
2024-03-21 03:30:05.289485:2024-03-21 03:30:05.289353: Current epoch: 433, loss: 0.00868549570441246, validation loss: 0.06929295510053635
2024-03-21 03:30:23.983296:2024-03-21 03:30:23.983171: Current epoch: 434, loss: 0.009025718085467815, validation loss: 0.06934484839439392
2024-03-21 03:30:42.920842:2024-03-21 03:30:42.920740: Current epoch: 435, loss: 0.009117960929870605, validation loss: 0.06839954107999802
2024-03-21 03:31:02.176809:2024-03-21 03:31:02.176693: Current epoch: 436, loss: 0.009487960487604141, validation loss: 0.06940175592899323
2024-03-21 03:31:21.246203:2024-03-21 03:31:21.246040: Current epoch: 437, loss: 0.009370286017656326, validation loss: 0.06916230171918869
2024-03-21 03:31:37.307165:2024-03-21 03:31:37.307083: Current epoch: 438, loss: 0.009477323852479458, validation loss: 0.06952708959579468
2024-03-21 03:31:57.021592:2024-03-21 03:31:57.021441: Current epoch: 439, loss: 0.00961725227534771, validation loss: 0.069505974650383
2024-03-21 03:32:15.835414:2024-03-21 03:32:15.835322: Current epoch: 440, loss: 0.009241107851266861, validation loss: 0.06899039447307587
2024-03-21 03:32:34.576603:2024-03-21 03:32:34.576432: Current epoch: 441, loss: 0.00952244084328413, validation loss: 0.06937507539987564
2024-03-21 03:32:54.008251:2024-03-21 03:32:54.008121: Current epoch: 442, loss: 0.009179964661598206, validation loss: 0.07035388052463531
2024-03-21 03:33:13.421158:2024-03-21 03:33:13.421001: Current epoch: 443, loss: 0.009168297983705997, validation loss: 0.0690222680568695
2024-03-21 03:33:32.883106:2024-03-21 03:33:32.882998: Current epoch: 444, loss: 0.009305533953011036, validation loss: 0.07142972201108932
2024-03-21 03:33:52.101673:2024-03-21 03:33:52.101570: Current epoch: 445, loss: 0.009474323131144047, validation loss: 0.06963073462247849
2024-03-21 03:34:10.883008:2024-03-21 03:34:10.882897: Current epoch: 446, loss: 0.009118326008319855, validation loss: 0.06906381994485855
2024-03-21 03:34:30.064168:2024-03-21 03:34:30.064067: Current epoch: 447, loss: 0.009525477886199951, validation loss: 0.06947240233421326
2024-03-21 03:34:49.112270:2024-03-21 03:34:49.112130: Current epoch: 448, loss: 0.009135779924690723, validation loss: 0.0701301097869873
2024-03-21 03:35:08.342479:2024-03-21 03:35:08.342370: Current epoch: 449, loss: 0.009235133416950703, validation loss: 0.0699644535779953
2024-03-21 03:35:27.529138:2024-03-21 03:35:27.528954: Current epoch: 450, loss: 0.00890442170202732, validation loss: 0.07021981477737427
2024-03-21 03:35:47.250806:2024-03-21 03:35:47.250645: Current epoch: 451, loss: 0.009130374528467655, validation loss: 0.06957678496837616
2024-03-21 03:36:06.172240:2024-03-21 03:36:06.172088: Current epoch: 452, loss: 0.00913441926240921, validation loss: 0.07041468471288681
2024-03-21 03:36:25.143645:2024-03-21 03:36:25.143535: Current epoch: 453, loss: 0.009230345487594604, validation loss: 0.06946735829114914
2024-03-21 03:36:44.414144:2024-03-21 03:36:44.413990: Current epoch: 454, loss: 0.00911088939756155, validation loss: 0.07063060253858566
2024-03-21 03:37:03.855115:2024-03-21 03:37:03.855010: Current epoch: 455, loss: 0.009015768766403198, validation loss: 0.07069654017686844
2024-03-21 03:37:22.800652:2024-03-21 03:37:22.800453: Current epoch: 456, loss: 0.009384650737047195, validation loss: 0.07013517618179321
2024-03-21 03:37:41.954706:2024-03-21 03:37:41.954562: Current epoch: 457, loss: 0.009285731241106987, validation loss: 0.06945069134235382
2024-03-21 03:38:01.149566:2024-03-21 03:38:01.149445: Current epoch: 458, loss: 0.009865895844995975, validation loss: 0.07069499790668488
2024-03-21 03:38:20.564920:2024-03-21 03:38:20.564777: Current epoch: 459, loss: 0.00834747590124607, validation loss: 0.07138925045728683
2024-03-21 03:38:39.754813:2024-03-21 03:38:39.754664: Current epoch: 460, loss: 0.008716950193047523, validation loss: 0.07027603685855865
2024-03-21 03:38:57.486483:2024-03-21 03:38:57.486371: Current epoch: 461, loss: 0.009381048381328583, validation loss: 0.0703897476196289
2024-03-21 03:39:13.577858:2024-03-21 03:39:13.577746: Current epoch: 462, loss: 0.008865772746503353, validation loss: 0.06993541121482849
2024-03-21 03:39:32.403835:2024-03-21 03:39:32.403711: Current epoch: 463, loss: 0.008776040747761726, validation loss: 0.06993338465690613
2024-03-21 03:39:51.647060:2024-03-21 03:39:51.646903: Current epoch: 464, loss: 0.009570696391165257, validation loss: 0.0701221227645874
2024-03-21 03:40:10.635475:2024-03-21 03:40:10.635356: Current epoch: 465, loss: 0.00885707512497902, validation loss: 0.07041724771261215
2024-03-21 03:40:29.344062:2024-03-21 03:40:29.343938: Current epoch: 466, loss: 0.009596576914191246, validation loss: 0.07033807039260864
2024-03-21 03:40:48.740034:2024-03-21 03:40:48.739921: Current epoch: 467, loss: 0.008585293777287006, validation loss: 0.07063718140125275
2024-03-21 03:41:07.601771:2024-03-21 03:41:07.601593: Current epoch: 468, loss: 0.00885775312781334, validation loss: 0.07034917175769806
2024-03-21 03:41:26.463763:2024-03-21 03:41:26.463606: Current epoch: 469, loss: 0.00890631414949894, validation loss: 0.07020337879657745
2024-03-21 03:41:45.393906:2024-03-21 03:41:45.393769: Current epoch: 470, loss: 0.008805095218122005, validation loss: 0.07096155732870102
2024-03-21 03:42:04.081600:2024-03-21 03:42:04.081441: Current epoch: 471, loss: 0.008859768509864807, validation loss: 0.07164965569972992
2024-03-21 03:42:22.993106:2024-03-21 03:42:22.992980: Current epoch: 472, loss: 0.010287588462233543, validation loss: 0.0713658332824707
2024-03-21 03:42:41.804714:2024-03-21 03:42:41.804567: Current epoch: 473, loss: 0.008310223929584026, validation loss: 0.0709279328584671
2024-03-21 03:43:00.623735:2024-03-21 03:43:00.623652: Current epoch: 474, loss: 0.010297025553882122, validation loss: 0.06993598490953445
2024-03-21 03:43:20.090026:2024-03-21 03:43:20.089903: Current epoch: 475, loss: 0.007969977334141731, validation loss: 0.07123631238937378
2024-03-21 03:43:39.015902:2024-03-21 03:43:39.015800: Current epoch: 476, loss: 0.008579516783356667, validation loss: 0.06958577781915665
2024-03-21 03:43:58.515403:2024-03-21 03:43:58.515293: Current epoch: 477, loss: 0.008648332208395004, validation loss: 0.07011503726243973
2024-03-21 03:44:17.763573:2024-03-21 03:44:17.763367: Current epoch: 478, loss: 0.009165376424789429, validation loss: 0.06982194632291794
2024-03-21 03:44:37.567708:2024-03-21 03:44:37.566393: Current epoch: 479, loss: 0.008318983018398285, validation loss: 0.07162648439407349
2024-03-21 03:44:56.369290:2024-03-21 03:44:56.369133: Current epoch: 480, loss: 0.00866266991943121, validation loss: 0.07045599073171616
2024-03-21 03:45:16.015912:2024-03-21 03:45:16.015747: Current epoch: 481, loss: 0.008568882942199707, validation loss: 0.07036692649126053
2024-03-21 03:45:35.881073:2024-03-21 03:45:35.880908: Current epoch: 482, loss: 0.008580991998314857, validation loss: 0.06994076818227768
2024-03-21 03:45:55.059545:2024-03-21 03:45:55.059434: Current epoch: 483, loss: 0.009296590462327003, validation loss: 0.06958690285682678
2024-03-21 03:46:14.319643:2024-03-21 03:46:14.319535: Current epoch: 484, loss: 0.008410364389419556, validation loss: 0.06942465901374817
2024-03-21 03:46:33.481698:2024-03-21 03:46:33.481531: Current epoch: 485, loss: 0.008458998054265976, validation loss: 0.07012344896793365
2024-03-21 03:46:49.565850:2024-03-21 03:46:49.565786: Current epoch: 486, loss: 0.008838312700390816, validation loss: 0.07032208889722824
2024-03-21 03:47:09.335535:2024-03-21 03:47:09.335281: Current epoch: 487, loss: 0.00839757639914751, validation loss: 0.06994892656803131
2024-03-21 03:47:10.628491:the test error is  [0.0683465227484703, 0.0683465227484703]
2024-03-21 03:47:13.869768:saved model to sample/matbert-base-cased_chemnlp_prop_ehull
2024-03-21 03:47:15.003713:done