
2024-03-22 01:59:26.250655:job config: {'train_data_path': '/data/yll6162/alignntl_dft_3d/tl_dataset/dataset_matbert-base-cased_chemnlp_prop_formation_energy_peratom_train.csv', 'val_data_path': '/data/yll6162/alignntl_dft_3d/tl_dataset/dataset_matbert-base-cased_chemnlp_prop_formation_energy_peratom_val.csv', 'test_data_path': '/data/yll6162/alignntl_dft_3d/tl_dataset/dataset_matbert-base-cased_chemnlp_prop_formation_energy_peratom_test.csv', 'label': 'formation_energy_peratom', 'input_type': None, 'log_folder': 'log', 'log_file': 'matbert-base-cased_chemnlp_prop_formation_energy_peratom.log', 'test_metric': 'mae', 'architecture': '1024Rx4D-512Rx3D-256Rx3D-128Rx3D-64Rx2-32Rx1-1', 'model_seed': 0, 'loss_type': 'mae', 'config_file': 'sample/matbert-base-cased_chemnlp_prop_formation_energy_peratom_job.config', 'use_valid': True, 'project': 'MOF', 'regressors': None, 'input_types': None, 'paramsGrid': {'optimizer': 'Adam', 'learning_rate': 0.0001, 'patience': 200, 'dropouts': [0.8, 0.9, 0.7, 0.8], 'EVAL_FREQUENCY': 1000}, 'save_path': 'sample/matbert-base-cased_chemnlp_prop_formation_energy_peratom', 'model_path': None, 'last_layer_with_weight': True, 'keras_path': 'model/matbert-base-cased_chemnlp_prop_formation_energy_peratom', 'test_size': None, 'val_size': None}
2024-03-22 01:59:26.250728:train data path is  /data/yll6162/alignntl_dft_3d/tl_dataset/dataset_matbert-base-cased_chemnlp_prop_formation_energy_peratom_train.csv
2024-03-22 01:59:35.973829:input attribute sets are:  None
2024-03-22 01:59:35.974240:test data path is  /data/yll6162/alignntl_dft_3d/tl_dataset/dataset_matbert-base-cased_chemnlp_prop_formation_energy_peratom_test.csv
2024-03-22 01:59:37.361578:val data path is  /data/yll6162/alignntl_dft_3d/tl_dataset/dataset_matbert-base-cased_chemnlp_prop_formation_energy_peratom_val.csv
2024-03-22 01:59:38.711591:input attributes are:  Index(['0', '1', '2', '3', '4', '5', '6', '7', '8', '9',
       ...
       '758', '759', '760', '761', '762', '763', '764', '765', '766', '767'],
      dtype='object', length=768)
2024-03-22 01:59:38.711711:label: formation_energy_peratom
2024-03-22 01:59:48.235999: train, test, valid sizes:  (60639, 768) (60639,) (7580, 768) (7580,) (7580, 768) (7580,)
2024-03-22 01:59:48.545122:train matrix shape of train_X:  (60639, 768)  train_y:  (60639,)
2024-03-22 01:59:48.545352:valid matrix shape of train_X:  (7580, 768)  valid_y:  (7580,)
2024-03-22 01:59:48.545488:test matrix shape of valid_X:   (7580, 768)  test_y:  (7580,)
2024-03-22 01:59:48.545577:architecture is:  1024Rx4D-512Rx3D-256Rx3D-128Rx3D-64Rx2-32Rx1-1
2024-03-22 01:59:48.545663:learning rate is  0.0001
2024-03-22 01:59:48.545745:model path is  None
2024-03-22 01:59:48.565914:adding fully connected layers with 1024 outputs
2024-03-22 01:59:49.287217:adding residual with fc as the size are different
2024-03-22 01:59:49.294072:adding fully connected layers with 1024 outputs
2024-03-22 01:59:49.306120:adding residual, both sizes are same
2024-03-22 01:59:49.308115:adding fully connected layers with 1024 outputs
2024-03-22 01:59:49.313169:adding residual, both sizes are same
2024-03-22 01:59:49.315106:adding fully connected layers with 1024 outputs
2024-03-22 01:59:49.319781:adding residual, both sizes are same
2024-03-22 01:59:49.321693:adding dropout 0.8
2024-03-22 01:59:49.326624:adding fully connected layers with 512 outputs
2024-03-22 01:59:49.336299:adding residual with fc as the size are different
2024-03-22 01:59:49.342544:adding fully connected layers with 512 outputs
2024-03-22 01:59:49.350265:adding residual, both sizes are same
2024-03-22 01:59:49.352091:adding fully connected layers with 512 outputs
2024-03-22 01:59:49.357024:adding residual, both sizes are same
2024-03-22 01:59:49.358832:adding dropout 0.9
2024-03-22 01:59:49.360433:adding fully connected layers with 256 outputs
2024-03-22 01:59:49.369452:adding residual with fc as the size are different
2024-03-22 01:59:49.375666:adding fully connected layers with 256 outputs
2024-03-22 01:59:49.384248:adding residual, both sizes are same
2024-03-22 01:59:49.386064:adding fully connected layers with 256 outputs
2024-03-22 01:59:49.390909:adding residual, both sizes are same
2024-03-22 01:59:49.392738:adding dropout 0.7
2024-03-22 01:59:49.394291:adding fully connected layers with 128 outputs
2024-03-22 01:59:49.403862:adding residual with fc as the size are different
2024-03-22 01:59:49.413893:adding fully connected layers with 128 outputs
2024-03-22 01:59:49.428084:adding residual, both sizes are same
2024-03-22 01:59:49.430481:adding fully connected layers with 128 outputs
2024-03-22 01:59:49.436504:adding residual, both sizes are same
2024-03-22 01:59:49.438743:adding dropout 0.8
2024-03-22 01:59:49.440265:adding fully connected layers with 64 outputs
2024-03-22 01:59:49.451122:adding residual with fc as the size are different
2024-03-22 01:59:49.457168:adding fully connected layers with 64 outputs
2024-03-22 01:59:49.466559:adding residual, both sizes are same
2024-03-22 01:59:49.468376:adding fully connected layers with 32 outputs
2024-03-22 01:59:49.476661:adding residual with fc as the size are different
2024-03-22 01:59:49.483003:adding final layer with 1 output
2024-03-22 01:59:49.497202:Model: "ElemNet"
2024-03-22 01:59:49.497273:__________________________________________________________________________________________________
2024-03-22 01:59:49.497319:Layer (type)                    Output Shape         Param #     Connected to                     
2024-03-22 01:59:49.497355:==================================================================================================
2024-03-22 01:59:49.497577:elemental_fractions (InputLayer [(None, 768)]        0                                            
2024-03-22 01:59:49.497624:__________________________________________________________________________________________________
2024-03-22 01:59:49.497776:fc0_0 (Dense)                   (None, 1024)         787456      elemental_fractions[0][0]        
2024-03-22 01:59:49.497822:__________________________________________________________________________________________________
2024-03-22 01:59:49.497932:fc0_dim_0 (Dense)               (None, 1024)         787456      elemental_fractions[0][0]        
2024-03-22 01:59:49.497975:__________________________________________________________________________________________________
2024-03-22 01:59:49.498057:tf.__operators__.add (TFOpLambd (None, 1024)         0           fc0_0[0][0]                      
2024-03-22 01:59:49.498099:                                                                 fc0_dim_0[0][0]                  
2024-03-22 01:59:49.498136:__________________________________________________________________________________________________
2024-03-22 01:59:49.498240:fc0_1 (Dense)                   (None, 1024)         1049600     tf.__operators__.add[0][0]       
2024-03-22 01:59:49.498281:__________________________________________________________________________________________________
2024-03-22 01:59:49.498356:tf.__operators__.add_1 (TFOpLam (None, 1024)         0           fc0_1[0][0]                      
2024-03-22 01:59:49.498398:                                                                 tf.__operators__.add[0][0]       
2024-03-22 01:59:49.498433:__________________________________________________________________________________________________
2024-03-22 01:59:49.498540:fc0_2 (Dense)                   (None, 1024)         1049600     tf.__operators__.add_1[0][0]     
2024-03-22 01:59:49.498582:__________________________________________________________________________________________________
2024-03-22 01:59:49.498656:tf.__operators__.add_2 (TFOpLam (None, 1024)         0           fc0_2[0][0]                      
2024-03-22 01:59:49.498698:                                                                 tf.__operators__.add_1[0][0]     
2024-03-22 01:59:49.498733:__________________________________________________________________________________________________
2024-03-22 01:59:49.498833:fc0_3 (Dense)                   (None, 1024)         1049600     tf.__operators__.add_2[0][0]     
2024-03-22 01:59:49.498873:__________________________________________________________________________________________________
2024-03-22 01:59:49.498957:tf.__operators__.add_3 (TFOpLam (None, 1024)         0           fc0_3[0][0]                      
2024-03-22 01:59:49.499000:                                                                 tf.__operators__.add_2[0][0]     
2024-03-22 01:59:49.499035:__________________________________________________________________________________________________
2024-03-22 01:59:49.499109:dropout (Dropout)               (None, 1024)         0           tf.__operators__.add_3[0][0]     
2024-03-22 01:59:49.499146:__________________________________________________________________________________________________
2024-03-22 01:59:49.499250:fc1_0 (Dense)                   (None, 512)          524800      dropout[0][0]                    
2024-03-22 01:59:49.499293:__________________________________________________________________________________________________
2024-03-22 01:59:49.499393:fc1_dim_0 (Dense)               (None, 512)          524800      dropout[0][0]                    
2024-03-22 01:59:49.499434:__________________________________________________________________________________________________
2024-03-22 01:59:49.499516:tf.__operators__.add_4 (TFOpLam (None, 512)          0           fc1_0[0][0]                      
2024-03-22 01:59:49.499558:                                                                 fc1_dim_0[0][0]                  
2024-03-22 01:59:49.499592:__________________________________________________________________________________________________
2024-03-22 01:59:49.499701:fc1_1 (Dense)                   (None, 512)          262656      tf.__operators__.add_4[0][0]     
2024-03-22 01:59:49.499741:__________________________________________________________________________________________________
2024-03-22 01:59:49.499812:tf.__operators__.add_5 (TFOpLam (None, 512)          0           fc1_1[0][0]                      
2024-03-22 01:59:49.499853:                                                                 tf.__operators__.add_4[0][0]     
2024-03-22 01:59:49.499886:__________________________________________________________________________________________________
2024-03-22 01:59:49.499983:fc1_2 (Dense)                   (None, 512)          262656      tf.__operators__.add_5[0][0]     
2024-03-22 01:59:49.500022:__________________________________________________________________________________________________
2024-03-22 01:59:49.500094:tf.__operators__.add_6 (TFOpLam (None, 512)          0           fc1_2[0][0]                      
2024-03-22 01:59:49.500135:                                                                 tf.__operators__.add_5[0][0]     
2024-03-22 01:59:49.500169:__________________________________________________________________________________________________
2024-03-22 01:59:49.500237:dropout_1 (Dropout)             (None, 512)          0           tf.__operators__.add_6[0][0]     
2024-03-22 01:59:49.500274:__________________________________________________________________________________________________
2024-03-22 01:59:49.500370:fc2_0 (Dense)                   (None, 256)          131328      dropout_1[0][0]                  
2024-03-22 01:59:49.500410:__________________________________________________________________________________________________
2024-03-22 01:59:49.500514:fc2_dim_0 (Dense)               (None, 256)          131328      dropout_1[0][0]                  
2024-03-22 01:59:49.500554:__________________________________________________________________________________________________
2024-03-22 01:59:49.500627:tf.__operators__.add_7 (TFOpLam (None, 256)          0           fc2_0[0][0]                      
2024-03-22 01:59:49.500667:                                                                 fc2_dim_0[0][0]                  
2024-03-22 01:59:49.500700:__________________________________________________________________________________________________
2024-03-22 01:59:49.500795:fc2_1 (Dense)                   (None, 256)          65792       tf.__operators__.add_7[0][0]     
2024-03-22 01:59:49.500835:__________________________________________________________________________________________________
2024-03-22 01:59:49.500912:tf.__operators__.add_8 (TFOpLam (None, 256)          0           fc2_1[0][0]                      
2024-03-22 01:59:49.500953:                                                                 tf.__operators__.add_7[0][0]     
2024-03-22 01:59:49.500987:__________________________________________________________________________________________________
2024-03-22 01:59:49.501083:fc2_2 (Dense)                   (None, 256)          65792       tf.__operators__.add_8[0][0]     
2024-03-22 01:59:49.501138:__________________________________________________________________________________________________
2024-03-22 01:59:49.501214:tf.__operators__.add_9 (TFOpLam (None, 256)          0           fc2_2[0][0]                      
2024-03-22 01:59:49.501255:                                                                 tf.__operators__.add_8[0][0]     
2024-03-22 01:59:49.501289:__________________________________________________________________________________________________
2024-03-22 01:59:49.501357:dropout_2 (Dropout)             (None, 256)          0           tf.__operators__.add_9[0][0]     
2024-03-22 01:59:49.501393:__________________________________________________________________________________________________
2024-03-22 01:59:49.501527:fc3_0 (Dense)                   (None, 128)          32896       dropout_2[0][0]                  
2024-03-22 01:59:49.501577:__________________________________________________________________________________________________
2024-03-22 01:59:49.501687:fc3_dim_0 (Dense)               (None, 128)          32896       dropout_2[0][0]                  
2024-03-22 01:59:49.501728:__________________________________________________________________________________________________
2024-03-22 01:59:49.501801:tf.__operators__.add_10 (TFOpLa (None, 128)          0           fc3_0[0][0]                      
2024-03-22 01:59:49.501842:                                                                 fc3_dim_0[0][0]                  
2024-03-22 01:59:49.501876:__________________________________________________________________________________________________
2024-03-22 01:59:49.501972:fc3_1 (Dense)                   (None, 128)          16512       tf.__operators__.add_10[0][0]    
2024-03-22 01:59:49.502014:__________________________________________________________________________________________________
2024-03-22 01:59:49.502085:tf.__operators__.add_11 (TFOpLa (None, 128)          0           fc3_1[0][0]                      
2024-03-22 01:59:49.502125:                                                                 tf.__operators__.add_10[0][0]    
2024-03-22 01:59:49.502159:__________________________________________________________________________________________________
2024-03-22 01:59:49.502254:fc3_2 (Dense)                   (None, 128)          16512       tf.__operators__.add_11[0][0]    
2024-03-22 01:59:49.502296:__________________________________________________________________________________________________
2024-03-22 01:59:49.502367:tf.__operators__.add_12 (TFOpLa (None, 128)          0           fc3_2[0][0]                      
2024-03-22 01:59:49.502408:                                                                 tf.__operators__.add_11[0][0]    
2024-03-22 01:59:49.502443:__________________________________________________________________________________________________
2024-03-22 01:59:49.502831:dropout_3 (Dropout)             (None, 128)          0           tf.__operators__.add_12[0][0]    
2024-03-22 01:59:49.503046:__________________________________________________________________________________________________
2024-03-22 01:59:49.503511:fc4_0 (Dense)                   (None, 64)           8256        dropout_3[0][0]                  
2024-03-22 01:59:49.503671:__________________________________________________________________________________________________
2024-03-22 01:59:49.504041:fc4_dim_0 (Dense)               (None, 64)           8256        dropout_3[0][0]                  
2024-03-22 01:59:49.504196:__________________________________________________________________________________________________
2024-03-22 01:59:49.504470:tf.__operators__.add_13 (TFOpLa (None, 64)           0           fc4_0[0][0]                      
2024-03-22 01:59:49.504620:                                                                 fc4_dim_0[0][0]                  
2024-03-22 01:59:49.504739:__________________________________________________________________________________________________
2024-03-22 01:59:49.505085:fc4_1 (Dense)                   (None, 64)           4160        tf.__operators__.add_13[0][0]    
2024-03-22 01:59:49.505223:__________________________________________________________________________________________________
2024-03-22 01:59:49.505486:tf.__operators__.add_14 (TFOpLa (None, 64)           0           fc4_1[0][0]                      
2024-03-22 01:59:49.505628:                                                                 tf.__operators__.add_13[0][0]    
2024-03-22 01:59:49.505745:__________________________________________________________________________________________________
2024-03-22 01:59:49.506085:fc5_0 (Dense)                   (None, 32)           2080        tf.__operators__.add_14[0][0]    
2024-03-22 01:59:49.506221:__________________________________________________________________________________________________
2024-03-22 01:59:49.506569:fc5_dim_0 (Dense)               (None, 32)           2080        tf.__operators__.add_14[0][0]    
2024-03-22 01:59:49.506707:__________________________________________________________________________________________________
2024-03-22 01:59:49.506955:tf.__operators__.add_15 (TFOpLa (None, 32)           0           fc5_0[0][0]                      
2024-03-22 01:59:49.507097:                                                                 fc5_dim_0[0][0]                  
2024-03-22 01:59:49.507215:__________________________________________________________________________________________________
2024-03-22 01:59:49.507562:fc6 (Dense)                     (None, 1)            33          tf.__operators__.add_15[0][0]    
2024-03-22 01:59:49.507699:==================================================================================================
2024-03-22 01:59:49.509712:Total params: 6,816,545
2024-03-22 01:59:49.509870:Trainable params: 6,816,545
2024-03-22 01:59:49.509993:Non-trainable params: 0
2024-03-22 01:59:49.510107:__________________________________________________________________________________________________
2024-03-22 01:59:49.527823:start training
2024-03-22 02:00:09.707336:2024-03-22 02:00:09.707268: Current epoch: 0, loss: 0.9839616417884827, validation loss: 0.46823254227638245
2024-03-22 02:00:28.428369:2024-03-22 02:00:28.428113: Current epoch: 1, loss: 0.4491078853607178, validation loss: 0.5020777583122253
2024-03-22 02:00:47.942033:2024-03-22 02:00:47.941910: Current epoch: 2, loss: 0.39276987314224243, validation loss: 0.397208034992218
2024-03-22 02:01:07.500491:2024-03-22 02:01:07.500384: Current epoch: 3, loss: 0.36397573351860046, validation loss: 0.3582606613636017
2024-03-22 02:01:28.072974:2024-03-22 02:01:28.072824: Current epoch: 4, loss: 0.33432087302207947, validation loss: 0.29877135157585144
2024-03-22 02:01:47.529679:2024-03-22 02:01:47.529585: Current epoch: 5, loss: 0.3170771896839142, validation loss: 0.292964905500412
2024-03-22 02:02:07.547377:2024-03-22 02:02:07.547269: Current epoch: 6, loss: 0.3004055619239807, validation loss: 0.3281468152999878
2024-03-22 02:02:27.679951:2024-03-22 02:02:27.679826: Current epoch: 7, loss: 0.2865040898323059, validation loss: 0.29851779341697693
2024-03-22 02:02:48.322901:2024-03-22 02:02:48.322813: Current epoch: 8, loss: 0.276083379983902, validation loss: 0.24841590225696564
2024-03-22 02:03:08.195165:2024-03-22 02:03:08.195012: Current epoch: 9, loss: 0.2649337649345398, validation loss: 0.3192349076271057
2024-03-22 02:03:32.212371:2024-03-22 02:03:32.212281: Current epoch: 10, loss: 0.25257089734077454, validation loss: 0.22651156783103943
2024-03-22 02:03:52.510928:2024-03-22 02:03:52.510817: Current epoch: 11, loss: 0.2411934733390808, validation loss: 0.2719116508960724
2024-03-22 02:04:12.758565:2024-03-22 02:04:12.757744: Current epoch: 12, loss: 0.23197200894355774, validation loss: 0.22443437576293945
2024-03-22 02:04:32.907090:2024-03-22 02:04:32.906960: Current epoch: 13, loss: 0.22808025777339935, validation loss: 0.23818564414978027
2024-03-22 02:04:52.366307:2024-03-22 02:04:52.366188: Current epoch: 14, loss: 0.21894176304340363, validation loss: 0.2718220055103302
2024-03-22 02:05:12.054290:2024-03-22 02:05:12.053610: Current epoch: 15, loss: 0.2152051478624344, validation loss: 0.22036680579185486
2024-03-22 02:05:32.124646:2024-03-22 02:05:32.124509: Current epoch: 16, loss: 0.20697662234306335, validation loss: 0.23078273236751556
2024-03-22 02:05:52.586424:2024-03-22 02:05:52.586337: Current epoch: 17, loss: 0.20176954567432404, validation loss: 0.20512183010578156
2024-03-22 02:06:12.798916:2024-03-22 02:06:12.798833: Current epoch: 18, loss: 0.1978888362646103, validation loss: 0.193278968334198
2024-03-22 02:06:33.123074:2024-03-22 02:06:33.122943: Current epoch: 19, loss: 0.19338272511959076, validation loss: 0.20204660296440125
2024-03-22 02:06:56.994449:2024-03-22 02:06:56.994313: Current epoch: 20, loss: 0.18820588290691376, validation loss: 0.2187478095293045
2024-03-22 02:07:16.904656:2024-03-22 02:07:16.904575: Current epoch: 21, loss: 0.18265977501869202, validation loss: 0.17182332277297974
2024-03-22 02:07:35.980121:2024-03-22 02:07:35.979956: Current epoch: 22, loss: 0.17836809158325195, validation loss: 0.18536877632141113
2024-03-22 02:07:55.525955:2024-03-22 02:07:55.525841: Current epoch: 23, loss: 0.1739175021648407, validation loss: 0.1991424411535263
2024-03-22 02:08:15.046646:2024-03-22 02:08:15.046479: Current epoch: 24, loss: 0.17114515602588654, validation loss: 0.20082372426986694
2024-03-22 02:08:35.072476:2024-03-22 02:08:35.072392: Current epoch: 25, loss: 0.16621118783950806, validation loss: 0.17129981517791748
2024-03-22 02:08:54.959725:2024-03-22 02:08:54.959583: Current epoch: 26, loss: 0.16503767669200897, validation loss: 0.18013377487659454
2024-03-22 02:09:15.166016:2024-03-22 02:09:15.165906: Current epoch: 27, loss: 0.15981057286262512, validation loss: 0.18103206157684326
2024-03-22 02:09:34.935461:2024-03-22 02:09:34.935365: Current epoch: 28, loss: 0.15681637823581696, validation loss: 0.17060977220535278
2024-03-22 02:09:55.603240:2024-03-22 02:09:55.603101: Current epoch: 29, loss: 0.15291336178779602, validation loss: 0.16942493617534637
2024-03-22 02:10:18.346674:2024-03-22 02:10:18.346585: Current epoch: 30, loss: 0.1499681919813156, validation loss: 0.1674972027540207
2024-03-22 02:10:36.672879:2024-03-22 02:10:36.672098: Current epoch: 31, loss: 0.14752079546451569, validation loss: 0.1565883457660675
2024-03-22 02:10:56.716277:2024-03-22 02:10:56.716212: Current epoch: 32, loss: 0.1449534296989441, validation loss: 0.16039219498634338
2024-03-22 02:11:16.858773:2024-03-22 02:11:16.858689: Current epoch: 33, loss: 0.1432015299797058, validation loss: 0.15386131405830383
2024-03-22 02:11:37.010857:2024-03-22 02:11:37.010690: Current epoch: 34, loss: 0.14044152200222015, validation loss: 0.16868999600410461
2024-03-22 02:11:57.880555:2024-03-22 02:11:57.880384: Current epoch: 35, loss: 0.13786675035953522, validation loss: 0.16249728202819824
2024-03-22 02:12:17.294222:2024-03-22 02:12:17.294041: Current epoch: 36, loss: 0.13512565195560455, validation loss: 0.15448689460754395
2024-03-22 02:12:36.996011:2024-03-22 02:12:36.995879: Current epoch: 37, loss: 0.13302575051784515, validation loss: 0.16866746544837952
2024-03-22 02:12:56.160670:2024-03-22 02:12:56.160594: Current epoch: 38, loss: 0.12970206141471863, validation loss: 0.14661650359630585
2024-03-22 02:13:15.136863:2024-03-22 02:13:15.136735: Current epoch: 39, loss: 0.12923647463321686, validation loss: 0.14806048572063446
2024-03-22 02:13:38.283143:2024-03-22 02:13:38.283028: Current epoch: 40, loss: 0.12531715631484985, validation loss: 0.14931273460388184
2024-03-22 02:13:57.761875:2024-03-22 02:13:57.761763: Current epoch: 41, loss: 0.122879259288311, validation loss: 0.1533585786819458
2024-03-22 02:14:16.665404:2024-03-22 02:14:16.665289: Current epoch: 42, loss: 0.12339983135461807, validation loss: 0.14865145087242126
2024-03-22 02:14:36.379709:2024-03-22 02:14:36.379546: Current epoch: 43, loss: 0.11946472525596619, validation loss: 0.1490667760372162
2024-03-22 02:14:55.646746:2024-03-22 02:14:55.646630: Current epoch: 44, loss: 0.11704065650701523, validation loss: 0.15349668264389038
2024-03-22 02:15:14.809673:2024-03-22 02:15:14.809552: Current epoch: 45, loss: 0.1156962588429451, validation loss: 0.14943404495716095
2024-03-22 02:15:33.962225:2024-03-22 02:15:33.962063: Current epoch: 46, loss: 0.11445507407188416, validation loss: 0.16319184005260468
2024-03-22 02:15:53.560071:2024-03-22 02:15:53.559946: Current epoch: 47, loss: 0.11371145397424698, validation loss: 0.15298740565776825
2024-03-22 02:16:12.814814:2024-03-22 02:16:12.814637: Current epoch: 48, loss: 0.10927329957485199, validation loss: 0.1491808444261551
2024-03-22 02:16:32.204935:2024-03-22 02:16:32.204849: Current epoch: 49, loss: 0.10835706442594528, validation loss: 0.1605682671070099
2024-03-22 02:16:50.536463:2024-03-22 02:16:50.536384: Current epoch: 50, loss: 0.10692907869815826, validation loss: 0.14637617766857147
2024-03-22 02:17:09.598147:2024-03-22 02:17:09.598065: Current epoch: 51, loss: 0.10428188741207123, validation loss: 0.14297761023044586
2024-03-22 02:17:28.790351:2024-03-22 02:17:28.790169: Current epoch: 52, loss: 0.10374701023101807, validation loss: 0.1508529633283615
2024-03-22 02:17:47.934738:2024-03-22 02:17:47.934606: Current epoch: 53, loss: 0.10089190304279327, validation loss: 0.13862228393554688
2024-03-22 02:18:07.666112:2024-03-22 02:18:07.666037: Current epoch: 54, loss: 0.09991027414798737, validation loss: 0.13855159282684326
2024-03-22 02:18:27.033016:2024-03-22 02:18:27.032928: Current epoch: 55, loss: 0.09866257011890411, validation loss: 0.1346687376499176
2024-03-22 02:18:46.094406:2024-03-22 02:18:46.094342: Current epoch: 56, loss: 0.09771720319986343, validation loss: 0.1349957436323166
2024-03-22 02:19:02.476854:2024-03-22 02:19:02.476693: Current epoch: 57, loss: 0.09474241733551025, validation loss: 0.13695268332958221
2024-03-22 02:19:21.442852:2024-03-22 02:19:21.442777: Current epoch: 58, loss: 0.09466511011123657, validation loss: 0.13130056858062744
2024-03-22 02:19:40.999846:2024-03-22 02:19:40.999733: Current epoch: 59, loss: 0.09411187469959259, validation loss: 0.15338961780071259
2024-03-22 02:20:00.287585:2024-03-22 02:20:00.287440: Current epoch: 60, loss: 0.09280668199062347, validation loss: 0.1601005494594574
2024-03-22 02:20:19.471348:2024-03-22 02:20:19.471222: Current epoch: 61, loss: 0.09024190902709961, validation loss: 0.13858306407928467
2024-03-22 02:20:38.150244:2024-03-22 02:20:38.150129: Current epoch: 62, loss: 0.0907018631696701, validation loss: 0.13235485553741455
2024-03-22 02:20:57.057497:2024-03-22 02:20:57.056952: Current epoch: 63, loss: 0.08775584399700165, validation loss: 0.13069239258766174
2024-03-22 02:21:15.788661:2024-03-22 02:21:15.788546: Current epoch: 64, loss: 0.08718551695346832, validation loss: 0.13808102905750275
2024-03-22 02:21:35.093585:2024-03-22 02:21:35.093392: Current epoch: 65, loss: 0.08651386946439743, validation loss: 0.1402757316827774
2024-03-22 02:21:54.340385:2024-03-22 02:21:54.340272: Current epoch: 66, loss: 0.08568504452705383, validation loss: 0.14031635224819183
2024-03-22 02:22:13.559941:2024-03-22 02:22:13.559821: Current epoch: 67, loss: 0.08444122225046158, validation loss: 0.1378953456878662
2024-03-22 02:22:32.603199:2024-03-22 02:22:32.603039: Current epoch: 68, loss: 0.0830608606338501, validation loss: 0.13525818288326263
2024-03-22 02:22:52.094250:2024-03-22 02:22:52.094184: Current epoch: 69, loss: 0.08275474607944489, validation loss: 0.13795843720436096
2024-03-22 02:23:14.537992:2024-03-22 02:23:14.537858: Current epoch: 70, loss: 0.08014591783285141, validation loss: 0.12597480416297913
2024-03-22 02:23:33.569126:2024-03-22 02:23:33.569092: Current epoch: 71, loss: 0.07993301004171371, validation loss: 0.1317371428012848
2024-03-22 02:23:53.147419:2024-03-22 02:23:53.147287: Current epoch: 72, loss: 0.07930804044008255, validation loss: 0.12319204956293106
2024-03-22 02:24:11.875735:2024-03-22 02:24:11.875655: Current epoch: 73, loss: 0.07899435609579086, validation loss: 0.1312546283006668
2024-03-22 02:24:31.122865:2024-03-22 02:24:31.122797: Current epoch: 74, loss: 0.07754016667604446, validation loss: 0.12626057863235474
2024-03-22 02:24:50.078650:2024-03-22 02:24:50.078570: Current epoch: 75, loss: 0.07616569846868515, validation loss: 0.12295141816139221
2024-03-22 02:25:09.608866:2024-03-22 02:25:09.608752: Current epoch: 76, loss: 0.07556453347206116, validation loss: 0.12931345403194427
2024-03-22 02:25:28.967219:2024-03-22 02:25:28.966933: Current epoch: 77, loss: 0.07541072368621826, validation loss: 0.1304415762424469
2024-03-22 02:25:47.907236:2024-03-22 02:25:47.907087: Current epoch: 78, loss: 0.07409726828336716, validation loss: 0.1261853277683258
2024-03-22 02:26:07.554425:2024-03-22 02:26:07.554338: Current epoch: 79, loss: 0.0740349218249321, validation loss: 0.12130250036716461
2024-03-22 02:26:29.967149:2024-03-22 02:26:29.966874: Current epoch: 80, loss: 0.07216905057430267, validation loss: 0.12752540409564972
2024-03-22 02:26:49.260265:2024-03-22 02:26:49.260099: Current epoch: 81, loss: 0.07250910252332687, validation loss: 0.1246141642332077
2024-03-22 02:27:06.198932:2024-03-22 02:27:06.198872: Current epoch: 82, loss: 0.07187806069850922, validation loss: 0.12592990696430206
2024-03-22 02:27:23.967535:2024-03-22 02:27:23.967468: Current epoch: 83, loss: 0.0701759085059166, validation loss: 0.12897711992263794
2024-03-22 02:27:42.976473:2024-03-22 02:27:42.976282: Current epoch: 84, loss: 0.06965094059705734, validation loss: 0.1278950572013855
2024-03-22 02:28:02.105138:2024-03-22 02:28:02.105011: Current epoch: 85, loss: 0.07009974867105484, validation loss: 0.12490010261535645
2024-03-22 02:28:21.484227:2024-03-22 02:28:21.484074: Current epoch: 86, loss: 0.06798703968524933, validation loss: 0.13055956363677979
2024-03-22 02:28:40.798344:2024-03-22 02:28:40.798181: Current epoch: 87, loss: 0.06813055276870728, validation loss: 0.1282818764448166
2024-03-22 02:29:00.260762:2024-03-22 02:29:00.260597: Current epoch: 88, loss: 0.06753768771886826, validation loss: 0.12193094938993454
2024-03-22 02:29:19.429935:2024-03-22 02:29:19.429828: Current epoch: 89, loss: 0.06608738750219345, validation loss: 0.12375336140394211
2024-03-22 02:29:38.373056:2024-03-22 02:29:38.373006: Current epoch: 90, loss: 0.0660618394613266, validation loss: 0.1205570176243782
2024-03-22 02:29:58.130019:2024-03-22 02:29:58.129935: Current epoch: 91, loss: 0.064551442861557, validation loss: 0.1175846979022026
2024-03-22 02:30:17.471310:2024-03-22 02:30:17.471200: Current epoch: 92, loss: 0.06424106657505035, validation loss: 0.11882089823484421
2024-03-22 02:30:36.581990:2024-03-22 02:30:36.581911: Current epoch: 93, loss: 0.06437969952821732, validation loss: 0.12713681161403656
2024-03-22 02:30:56.053389:2024-03-22 02:30:56.053221: Current epoch: 94, loss: 0.06341250985860825, validation loss: 0.1181764304637909
2024-03-22 02:31:15.008500:2024-03-22 02:31:15.008347: Current epoch: 95, loss: 0.06290672719478607, validation loss: 0.12149971723556519
2024-03-22 02:31:34.972318:2024-03-22 02:31:34.972094: Current epoch: 96, loss: 0.06196550279855728, validation loss: 0.1302715539932251
2024-03-22 02:31:53.956943:2024-03-22 02:31:53.956871: Current epoch: 97, loss: 0.06235590577125549, validation loss: 0.12319264560937881
2024-03-22 02:32:13.386154:2024-03-22 02:32:13.386029: Current epoch: 98, loss: 0.061242442578077316, validation loss: 0.12058993428945541
2024-03-22 02:32:32.535615:2024-03-22 02:32:32.535437: Current epoch: 99, loss: 0.06087197735905647, validation loss: 0.1189994141459465
2024-03-22 02:32:55.110565:2024-03-22 02:32:55.110367: Current epoch: 100, loss: 0.060733113437891006, validation loss: 0.11922506988048553
2024-03-22 02:33:14.561848:2024-03-22 02:33:14.561807: Current epoch: 101, loss: 0.059542179107666016, validation loss: 0.12397769838571548
2024-03-22 02:33:34.015747:2024-03-22 02:33:34.015582: Current epoch: 102, loss: 0.06058400869369507, validation loss: 0.12388226389884949
2024-03-22 02:33:53.266806:2024-03-22 02:33:53.266734: Current epoch: 103, loss: 0.05923096463084221, validation loss: 0.11944606155157089
2024-03-22 02:34:12.284575:2024-03-22 02:34:12.284463: Current epoch: 104, loss: 0.0598217137157917, validation loss: 0.12217509001493454
2024-03-22 02:34:31.347908:2024-03-22 02:34:31.347856: Current epoch: 105, loss: 0.057767368853092194, validation loss: 0.12559248507022858
2024-03-22 02:34:50.556594:2024-03-22 02:34:50.556521: Current epoch: 106, loss: 0.05688363313674927, validation loss: 0.11485990881919861
2024-03-22 02:35:08.332844:2024-03-22 02:35:08.332667: Current epoch: 107, loss: 0.057340871542692184, validation loss: 0.12035384774208069
2024-03-22 02:35:25.582338:2024-03-22 02:35:25.582265: Current epoch: 108, loss: 0.05690944194793701, validation loss: 0.11801346391439438
2024-03-22 02:35:44.514735:2024-03-22 02:35:44.514651: Current epoch: 109, loss: 0.05650791898369789, validation loss: 0.12062917649745941
2024-03-22 02:36:03.637347:2024-03-22 02:36:03.637225: Current epoch: 110, loss: 0.05629806965589523, validation loss: 0.11676296591758728
2024-03-22 02:36:22.379360:2024-03-22 02:36:22.379289: Current epoch: 111, loss: 0.05534523352980614, validation loss: 0.12144598364830017
2024-03-22 02:36:41.651728:2024-03-22 02:36:41.651608: Current epoch: 112, loss: 0.053975775837898254, validation loss: 0.12292350083589554
2024-03-22 02:37:01.004591:2024-03-22 02:37:01.004467: Current epoch: 113, loss: 0.054925091564655304, validation loss: 0.1169964149594307
2024-03-22 02:37:20.455104:2024-03-22 02:37:20.454958: Current epoch: 114, loss: 0.05457212030887604, validation loss: 0.1157250851392746
2024-03-22 02:37:39.624610:2024-03-22 02:37:39.624178: Current epoch: 115, loss: 0.05377145856618881, validation loss: 0.11361228674650192
2024-03-22 02:37:58.977353:2024-03-22 02:37:58.977284: Current epoch: 116, loss: 0.054149333387613297, validation loss: 0.12295842170715332
2024-03-22 02:38:18.981504:2024-03-22 02:38:18.981331: Current epoch: 117, loss: 0.05267902836203575, validation loss: 0.11838488280773163
2024-03-22 02:38:38.176065:2024-03-22 02:38:38.175888: Current epoch: 118, loss: 0.05230575054883957, validation loss: 0.11656081676483154
2024-03-22 02:38:57.173419:2024-03-22 02:38:57.173349: Current epoch: 119, loss: 0.05243100970983505, validation loss: 0.11645536869764328
2024-03-22 02:39:19.904970:2024-03-22 02:39:19.904844: Current epoch: 120, loss: 0.0522492490708828, validation loss: 0.1151239350438118
2024-03-22 02:39:39.375387:2024-03-22 02:39:39.375226: Current epoch: 121, loss: 0.05184727534651756, validation loss: 0.1159738153219223
2024-03-22 02:39:58.592639:2024-03-22 02:39:58.592567: Current epoch: 122, loss: 0.05233461409807205, validation loss: 0.11314702033996582
2024-03-22 02:40:17.746407:2024-03-22 02:40:17.746249: Current epoch: 123, loss: 0.051600489765405655, validation loss: 0.11482726782560349
2024-03-22 02:40:37.150823:2024-03-22 02:40:37.150720: Current epoch: 124, loss: 0.05126942694187164, validation loss: 0.11533986777067184
2024-03-22 02:40:56.565901:2024-03-22 02:40:56.565807: Current epoch: 125, loss: 0.04991957172751427, validation loss: 0.11519250273704529
2024-03-22 02:41:16.085420:2024-03-22 02:41:16.085299: Current epoch: 126, loss: 0.05001414939761162, validation loss: 0.11548452824354172
2024-03-22 02:41:35.066993:2024-03-22 02:41:35.066850: Current epoch: 127, loss: 0.05019692704081535, validation loss: 0.11502756178379059
2024-03-22 02:41:54.548372:2024-03-22 02:41:54.548293: Current epoch: 128, loss: 0.049595821648836136, validation loss: 0.11540297418832779
2024-03-22 02:42:13.770360:2024-03-22 02:42:13.770289: Current epoch: 129, loss: 0.050001323223114014, validation loss: 0.11644241213798523
2024-03-22 02:42:36.744668:2024-03-22 02:42:36.744553: Current epoch: 130, loss: 0.04894218221306801, validation loss: 0.11192753165960312
2024-03-22 02:42:56.106191:2024-03-22 02:42:56.106118: Current epoch: 131, loss: 0.04895104095339775, validation loss: 0.11608435213565826
2024-03-22 02:43:13.378160:2024-03-22 02:43:13.378047: Current epoch: 132, loss: 0.04856996610760689, validation loss: 0.11947862803936005
2024-03-22 02:43:31.070088:2024-03-22 02:43:31.069976: Current epoch: 133, loss: 0.0485176183283329, validation loss: 0.11572316288948059
2024-03-22 02:43:50.311847:2024-03-22 02:43:50.311685: Current epoch: 134, loss: 0.04838699847459793, validation loss: 0.11584677547216415
2024-03-22 02:44:09.484802:2024-03-22 02:44:09.484708: Current epoch: 135, loss: 0.04763605818152428, validation loss: 0.11470380425453186
2024-03-22 02:44:29.057756:2024-03-22 02:44:29.057659: Current epoch: 136, loss: 0.04734428972005844, validation loss: 0.1189601942896843
2024-03-22 02:44:48.094676:2024-03-22 02:44:48.094523: Current epoch: 137, loss: 0.04698968678712845, validation loss: 0.11638059467077255
2024-03-22 02:45:07.646238:2024-03-22 02:45:07.646114: Current epoch: 138, loss: 0.04669994115829468, validation loss: 0.11524216085672379
2024-03-22 02:45:26.698841:2024-03-22 02:45:26.698773: Current epoch: 139, loss: 0.046856559813022614, validation loss: 0.11356072872877121
2024-03-22 02:45:49.167968:2024-03-22 02:45:49.167844: Current epoch: 140, loss: 0.04654305800795555, validation loss: 0.1140420213341713
2024-03-22 02:46:08.445442:2024-03-22 02:46:08.445284: Current epoch: 141, loss: 0.045982345938682556, validation loss: 0.11340416222810745
2024-03-22 02:46:27.657768:2024-03-22 02:46:27.657690: Current epoch: 142, loss: 0.04549077898263931, validation loss: 0.11165711283683777
2024-03-22 02:46:47.301559:2024-03-22 02:46:47.301431: Current epoch: 143, loss: 0.04587043821811676, validation loss: 0.1179690733551979
2024-03-22 02:47:06.729762:2024-03-22 02:47:06.729587: Current epoch: 144, loss: 0.045628853142261505, validation loss: 0.11881467700004578
2024-03-22 02:47:26.453904:2024-03-22 02:47:26.453773: Current epoch: 145, loss: 0.04527824744582176, validation loss: 0.1142093688249588
2024-03-22 02:47:46.111791:2024-03-22 02:47:46.111639: Current epoch: 146, loss: 0.04469713568687439, validation loss: 0.11062829196453094
2024-03-22 02:48:05.211475:2024-03-22 02:48:05.211299: Current epoch: 147, loss: 0.04441545531153679, validation loss: 0.11300554871559143
2024-03-22 02:48:24.761322:2024-03-22 02:48:24.761188: Current epoch: 148, loss: 0.04516129195690155, validation loss: 0.1123068705201149
2024-03-22 02:48:44.023985:2024-03-22 02:48:44.023865: Current epoch: 149, loss: 0.04418903961777687, validation loss: 0.11209005117416382
2024-03-22 02:49:06.518473:2024-03-22 02:49:06.518338: Current epoch: 150, loss: 0.04359012469649315, validation loss: 0.11214043945074081
2024-03-22 02:49:25.657748:2024-03-22 02:49:25.657616: Current epoch: 151, loss: 0.04420875385403633, validation loss: 0.11674170941114426
2024-03-22 02:49:45.183187:2024-03-22 02:49:45.183100: Current epoch: 152, loss: 0.04352405294775963, validation loss: 0.1099858433008194
2024-03-22 02:50:04.640360:2024-03-22 02:50:04.640197: Current epoch: 153, loss: 0.04331234470009804, validation loss: 0.1100401058793068
2024-03-22 02:50:24.166934:2024-03-22 02:50:24.166788: Current epoch: 154, loss: 0.04281279444694519, validation loss: 0.11538350582122803
2024-03-22 02:50:43.503598:2024-03-22 02:50:43.503517: Current epoch: 155, loss: 0.04308332875370979, validation loss: 0.10936551541090012
2024-03-22 02:51:03.105537:2024-03-22 02:51:03.105386: Current epoch: 156, loss: 0.042190346866846085, validation loss: 0.11301518231630325
2024-03-22 02:51:19.827653:2024-03-22 02:51:19.827585: Current epoch: 157, loss: 0.042665962129831314, validation loss: 0.10951896756887436
2024-03-22 02:51:37.612945:2024-03-22 02:51:37.612878: Current epoch: 158, loss: 0.04185563325881958, validation loss: 0.10965581983327866
2024-03-22 02:51:56.720055:2024-03-22 02:51:56.719895: Current epoch: 159, loss: 0.041729092597961426, validation loss: 0.11237915605306625
2024-03-22 02:52:15.650697:2024-03-22 02:52:15.650629: Current epoch: 160, loss: 0.041884806007146835, validation loss: 0.11395769566297531
2024-03-22 02:52:34.720937:2024-03-22 02:52:34.720891: Current epoch: 161, loss: 0.04174478352069855, validation loss: 0.10929159075021744
2024-03-22 02:52:53.908787:2024-03-22 02:52:53.908673: Current epoch: 162, loss: 0.0409434512257576, validation loss: 0.11335836350917816
2024-03-22 02:53:13.441510:2024-03-22 02:53:13.441436: Current epoch: 163, loss: 0.041962653398513794, validation loss: 0.11216124892234802
2024-03-22 02:53:32.807794:2024-03-22 02:53:32.807617: Current epoch: 164, loss: 0.04115490987896919, validation loss: 0.11543703824281693
2024-03-22 02:53:51.967937:2024-03-22 02:53:51.967855: Current epoch: 165, loss: 0.040716927498579025, validation loss: 0.10873910039663315
2024-03-22 02:54:11.315830:2024-03-22 02:54:11.315662: Current epoch: 166, loss: 0.04097989201545715, validation loss: 0.11359091848134995
2024-03-22 02:54:30.742139:2024-03-22 02:54:30.741959: Current epoch: 167, loss: 0.04054603725671768, validation loss: 0.1116834506392479
2024-03-22 02:54:50.089464:2024-03-22 02:54:50.089385: Current epoch: 168, loss: 0.040315963327884674, validation loss: 0.10859028249979019
2024-03-22 02:55:09.647500:2024-03-22 02:55:09.647374: Current epoch: 169, loss: 0.03953468054533005, validation loss: 0.1128971055150032
2024-03-22 02:55:29.006620:2024-03-22 02:55:29.006549: Current epoch: 170, loss: 0.03961748629808426, validation loss: 0.11038893461227417
2024-03-22 02:55:48.509000:2024-03-22 02:55:48.508823: Current epoch: 171, loss: 0.03992345184087753, validation loss: 0.11036210507154465
2024-03-22 02:56:07.368701:2024-03-22 02:56:07.368539: Current epoch: 172, loss: 0.039781708270311356, validation loss: 0.11125608533620834
2024-03-22 02:56:26.437041:2024-03-22 02:56:26.436979: Current epoch: 173, loss: 0.039645228534936905, validation loss: 0.11550860106945038
2024-03-22 02:56:45.336971:2024-03-22 02:56:45.336800: Current epoch: 174, loss: 0.04006272926926613, validation loss: 0.11041270196437836
2024-03-22 02:57:04.601927:2024-03-22 02:57:04.601862: Current epoch: 175, loss: 0.03929411619901657, validation loss: 0.11317600309848785
2024-03-22 02:57:23.749781:2024-03-22 02:57:23.749683: Current epoch: 176, loss: 0.03873803839087486, validation loss: 0.11046934127807617
2024-03-22 02:57:42.774992:2024-03-22 02:57:42.774938: Current epoch: 177, loss: 0.039285752922296524, validation loss: 0.10785932838916779
2024-03-22 02:58:02.162015:2024-03-22 02:58:02.161866: Current epoch: 178, loss: 0.03900252282619476, validation loss: 0.11143704503774643
2024-03-22 02:58:21.503522:2024-03-22 02:58:21.503393: Current epoch: 179, loss: 0.038746047765016556, validation loss: 0.10947760194540024
2024-03-22 02:58:44.091158:2024-03-22 02:58:44.091036: Current epoch: 180, loss: 0.03850267454981804, validation loss: 0.11116666346788406
2024-03-22 02:59:03.582072:2024-03-22 02:59:03.581960: Current epoch: 181, loss: 0.03811236470937729, validation loss: 0.11261792480945587
2024-03-22 02:59:20.569405:2024-03-22 02:59:20.569286: Current epoch: 182, loss: 0.03811173513531685, validation loss: 0.11292289942502975
2024-03-22 02:59:38.214690:2024-03-22 02:59:38.214629: Current epoch: 183, loss: 0.03781919181346893, validation loss: 0.11076504737138748
2024-03-22 02:59:57.148829:2024-03-22 02:59:57.148719: Current epoch: 184, loss: 0.037930238991975784, validation loss: 0.1110091581940651
2024-03-22 03:00:16.698974:2024-03-22 03:00:16.698913: Current epoch: 185, loss: 0.03786252811551094, validation loss: 0.10943494737148285
2024-03-22 03:00:35.592884:2024-03-22 03:00:35.592810: Current epoch: 186, loss: 0.03710556775331497, validation loss: 0.11262469738721848
2024-03-22 03:00:54.988496:2024-03-22 03:00:54.988368: Current epoch: 187, loss: 0.03830299153923988, validation loss: 0.1106756255030632
2024-03-22 03:01:14.006302:2024-03-22 03:01:14.006190: Current epoch: 188, loss: 0.03714202716946602, validation loss: 0.11238570511341095
2024-03-22 03:01:33.516301:2024-03-22 03:01:33.516231: Current epoch: 189, loss: 0.03725069761276245, validation loss: 0.11015798896551132
2024-03-22 03:01:52.630948:2024-03-22 03:01:52.630856: Current epoch: 190, loss: 0.03668685629963875, validation loss: 0.1126173809170723
2024-03-22 03:02:11.545891:2024-03-22 03:02:11.545775: Current epoch: 191, loss: 0.03660941869020462, validation loss: 0.11099991202354431
2024-03-22 03:02:31.012541:2024-03-22 03:02:31.012438: Current epoch: 192, loss: 0.03637760132551193, validation loss: 0.10785207152366638
2024-03-22 03:02:50.008863:2024-03-22 03:02:50.008725: Current epoch: 193, loss: 0.03615953028202057, validation loss: 0.11286168545484543
2024-03-22 03:03:09.261296:2024-03-22 03:03:09.261197: Current epoch: 194, loss: 0.03649934381246567, validation loss: 0.10892102867364883
2024-03-22 03:03:28.720904:2024-03-22 03:03:28.720868: Current epoch: 195, loss: 0.03645928204059601, validation loss: 0.11064843088388443
2024-03-22 03:03:48.025219:2024-03-22 03:03:48.025065: Current epoch: 196, loss: 0.0360647551715374, validation loss: 0.10865547508001328
2024-03-22 03:04:07.364665:2024-03-22 03:04:07.364514: Current epoch: 197, loss: 0.035886865109205246, validation loss: 0.109537273645401
2024-03-22 03:04:26.340606:2024-03-22 03:04:26.340494: Current epoch: 198, loss: 0.035691261291503906, validation loss: 0.1087888702750206
2024-03-22 03:04:45.538349:2024-03-22 03:04:45.538284: Current epoch: 199, loss: 0.0353933684527874, validation loss: 0.11026868969202042
2024-03-22 03:05:04.280879:2024-03-22 03:05:04.280816: Current epoch: 200, loss: 0.035279009491205215, validation loss: 0.11473145335912704
2024-03-22 03:05:23.438856:2024-03-22 03:05:23.438796: Current epoch: 201, loss: 0.035490963608026505, validation loss: 0.10908530652523041
2024-03-22 03:05:42.569645:2024-03-22 03:05:42.569484: Current epoch: 202, loss: 0.035316962748765945, validation loss: 0.10929638892412186
2024-03-22 03:06:01.761347:2024-03-22 03:06:01.761271: Current epoch: 203, loss: 0.035260748118162155, validation loss: 0.10873476415872574
2024-03-22 03:06:21.066646:2024-03-22 03:06:21.066564: Current epoch: 204, loss: 0.03516211360692978, validation loss: 0.10845669358968735
2024-03-22 03:06:40.074445:2024-03-22 03:06:40.074312: Current epoch: 205, loss: 0.034454405307769775, validation loss: 0.10702532529830933
2024-03-22 03:06:59.591968:2024-03-22 03:06:59.591853: Current epoch: 206, loss: 0.03511683642864227, validation loss: 0.10882759839296341
2024-03-22 03:07:17.313104:2024-03-22 03:07:17.312972: Current epoch: 207, loss: 0.03429229557514191, validation loss: 0.11039761453866959
2024-03-22 03:07:34.575642:2024-03-22 03:07:34.575447: Current epoch: 208, loss: 0.03449112921953201, validation loss: 0.11120176315307617
2024-03-22 03:07:53.612620:2024-03-22 03:07:53.612556: Current epoch: 209, loss: 0.03462257981300354, validation loss: 0.11096534878015518
2024-03-22 03:08:13.039302:2024-03-22 03:08:13.039174: Current epoch: 210, loss: 0.033993013203144073, validation loss: 0.10802680253982544
2024-03-22 03:08:32.280245:2024-03-22 03:08:32.280122: Current epoch: 211, loss: 0.03350887820124626, validation loss: 0.10879898071289062
2024-03-22 03:08:51.673086:2024-03-22 03:08:51.672924: Current epoch: 212, loss: 0.034075260162353516, validation loss: 0.10816636681556702
2024-03-22 03:09:11.073179:2024-03-22 03:09:11.073082: Current epoch: 213, loss: 0.034029874950647354, validation loss: 0.11616656184196472
2024-03-22 03:09:30.889927:2024-03-22 03:09:30.889806: Current epoch: 214, loss: 0.034006498754024506, validation loss: 0.1091853678226471
2024-03-22 03:09:50.379948:2024-03-22 03:09:50.379885: Current epoch: 215, loss: 0.033469684422016144, validation loss: 0.10790734738111496
2024-03-22 03:10:09.688701:2024-03-22 03:10:09.688551: Current epoch: 216, loss: 0.03332165628671646, validation loss: 0.10739907622337341
2024-03-22 03:10:29.164943:2024-03-22 03:10:29.164783: Current epoch: 217, loss: 0.033672261983156204, validation loss: 0.10873810946941376
2024-03-22 03:10:48.788470:2024-03-22 03:10:48.788334: Current epoch: 218, loss: 0.033717334270477295, validation loss: 0.10840722918510437
2024-03-22 03:11:08.188486:2024-03-22 03:11:08.188383: Current epoch: 219, loss: 0.033726565539836884, validation loss: 0.10812867432832718
2024-03-22 03:11:30.396091:2024-03-22 03:11:30.396015: Current epoch: 220, loss: 0.033156897872686386, validation loss: 0.10785092413425446
2024-03-22 03:11:49.835164:2024-03-22 03:11:49.835013: Current epoch: 221, loss: 0.03305865451693535, validation loss: 0.10825550556182861
2024-03-22 03:12:09.703108:2024-03-22 03:12:09.702987: Current epoch: 222, loss: 0.03267217054963112, validation loss: 0.10795464366674423
2024-03-22 03:12:29.090277:2024-03-22 03:12:29.090168: Current epoch: 223, loss: 0.03286407142877579, validation loss: 0.10758859664201736
2024-03-22 03:12:48.156773:2024-03-22 03:12:48.156675: Current epoch: 224, loss: 0.03263469412922859, validation loss: 0.1104501262307167
2024-03-22 03:13:07.781534:2024-03-22 03:13:07.781406: Current epoch: 225, loss: 0.03227544203400612, validation loss: 0.11002901196479797
2024-03-22 03:13:27.633929:2024-03-22 03:13:27.633817: Current epoch: 226, loss: 0.03258981183171272, validation loss: 0.10971759259700775
2024-03-22 03:13:47.047027:2024-03-22 03:13:47.046942: Current epoch: 227, loss: 0.03245144337415695, validation loss: 0.10711487382650375
2024-03-22 03:14:06.792339:2024-03-22 03:14:06.792276: Current epoch: 228, loss: 0.032059162855148315, validation loss: 0.10727742314338684
2024-03-22 03:14:26.619101:2024-03-22 03:14:26.618980: Current epoch: 229, loss: 0.032242607325315475, validation loss: 0.10604362934827805
2024-03-22 03:14:49.194780:2024-03-22 03:14:49.194658: Current epoch: 230, loss: 0.032216306775808334, validation loss: 0.10830187797546387
2024-03-22 03:15:08.563357:2024-03-22 03:15:08.563194: Current epoch: 231, loss: 0.0316886343061924, validation loss: 0.10697945952415466
2024-03-22 03:15:24.480399:2024-03-22 03:15:24.480320: Current epoch: 232, loss: 0.03193537890911102, validation loss: 0.1086023822426796
2024-03-22 03:15:43.511972:2024-03-22 03:15:43.511843: Current epoch: 233, loss: 0.03170831501483917, validation loss: 0.10935499519109726
2024-03-22 03:16:02.694263:2024-03-22 03:16:02.694180: Current epoch: 234, loss: 0.031811635941267014, validation loss: 0.10979905724525452
2024-03-22 03:16:21.879583:2024-03-22 03:16:21.879433: Current epoch: 235, loss: 0.03216252848505974, validation loss: 0.10781020671129227
2024-03-22 03:16:40.887867:2024-03-22 03:16:40.887796: Current epoch: 236, loss: 0.03173171356320381, validation loss: 0.10801107436418533
2024-03-22 03:16:59.788698:2024-03-22 03:16:59.788537: Current epoch: 237, loss: 0.031446851789951324, validation loss: 0.10908345133066177
2024-03-22 03:17:18.911729:2024-03-22 03:17:18.911567: Current epoch: 238, loss: 0.031060433015227318, validation loss: 0.1083446815609932
2024-03-22 03:17:38.690327:2024-03-22 03:17:38.690122: Current epoch: 239, loss: 0.03144291788339615, validation loss: 0.110979825258255
2024-03-22 03:17:58.007551:2024-03-22 03:17:58.007477: Current epoch: 240, loss: 0.030948642641305923, validation loss: 0.10746436566114426
2024-03-22 03:18:16.936551:2024-03-22 03:18:16.936373: Current epoch: 241, loss: 0.031185802072286606, validation loss: 0.10753828287124634
2024-03-22 03:18:36.495027:2024-03-22 03:18:36.494956: Current epoch: 242, loss: 0.03129258379340172, validation loss: 0.1093083843588829
2024-03-22 03:18:55.710019:2024-03-22 03:18:55.709951: Current epoch: 243, loss: 0.030933935195207596, validation loss: 0.11059029400348663
2024-03-22 03:19:14.760418:2024-03-22 03:19:14.760354: Current epoch: 244, loss: 0.03059823252260685, validation loss: 0.10976172238588333
2024-03-22 03:19:34.074162:2024-03-22 03:19:34.074092: Current epoch: 245, loss: 0.03047812543809414, validation loss: 0.10702913254499435
2024-03-22 03:19:53.392427:2024-03-22 03:19:53.392318: Current epoch: 246, loss: 0.030815880745649338, validation loss: 0.10818061977624893
2024-03-22 03:20:13.159616:2024-03-22 03:20:13.159494: Current epoch: 247, loss: 0.030223144218325615, validation loss: 0.1074097752571106
2024-03-22 03:20:32.905146:2024-03-22 03:20:32.904981: Current epoch: 248, loss: 0.03056979738175869, validation loss: 0.10673077404499054
2024-03-22 03:20:52.315785:2024-03-22 03:20:52.315677: Current epoch: 249, loss: 0.03034171834588051, validation loss: 0.1145411878824234
2024-03-22 03:21:11.332613:2024-03-22 03:21:11.332500: Current epoch: 250, loss: 0.030735425651073456, validation loss: 0.10779011994600296
2024-03-22 03:21:30.758488:2024-03-22 03:21:30.754445: Current epoch: 251, loss: 0.029992584139108658, validation loss: 0.10594293475151062
2024-03-22 03:21:50.055071:2024-03-22 03:21:50.055004: Current epoch: 252, loss: 0.030042191967368126, validation loss: 0.111469566822052
2024-03-22 03:22:09.471992:2024-03-22 03:22:09.471921: Current epoch: 253, loss: 0.030237574130296707, validation loss: 0.10572803765535355
2024-03-22 03:22:29.012059:2024-03-22 03:22:29.011941: Current epoch: 254, loss: 0.029983321204781532, validation loss: 0.10811539739370346
2024-03-22 03:22:48.518429:2024-03-22 03:22:48.518267: Current epoch: 255, loss: 0.03011276200413704, validation loss: 0.10800801217556
2024-03-22 03:23:07.821789:2024-03-22 03:23:07.821661: Current epoch: 256, loss: 0.029518749564886093, validation loss: 0.11138971894979477
2024-03-22 03:23:23.168698:2024-03-22 03:23:23.168656: Current epoch: 257, loss: 0.029779570177197456, validation loss: 0.10858234018087387
2024-03-22 03:23:42.259520:2024-03-22 03:23:42.259366: Current epoch: 258, loss: 0.029170211404561996, validation loss: 0.10853321850299835
2024-03-22 03:24:01.120388:2024-03-22 03:24:01.120309: Current epoch: 259, loss: 0.0295180082321167, validation loss: 0.11033885180950165
2024-03-22 03:24:20.238527:2024-03-22 03:24:20.238364: Current epoch: 260, loss: 0.02933502197265625, validation loss: 0.10697580873966217
2024-03-22 03:24:39.367861:2024-03-22 03:24:39.367800: Current epoch: 261, loss: 0.02946442924439907, validation loss: 0.10880424082279205
2024-03-22 03:24:57.982973:2024-03-22 03:24:57.982909: Current epoch: 262, loss: 0.029587671160697937, validation loss: 0.1077587679028511
2024-03-22 03:25:17.350817:2024-03-22 03:25:17.350748: Current epoch: 263, loss: 0.029068199917674065, validation loss: 0.10745201259851456
2024-03-22 03:25:36.465569:2024-03-22 03:25:36.465437: Current epoch: 264, loss: 0.028991643339395523, validation loss: 0.10634329915046692
2024-03-22 03:25:55.467531:2024-03-22 03:25:55.467430: Current epoch: 265, loss: 0.02908685989677906, validation loss: 0.10592790693044662
2024-03-22 03:26:13.807623:2024-03-22 03:26:13.807563: Current epoch: 266, loss: 0.029149997979402542, validation loss: 0.10664303600788116
2024-03-22 03:26:32.877134:2024-03-22 03:26:32.877070: Current epoch: 267, loss: 0.02891603671014309, validation loss: 0.10834859311580658
2024-03-22 03:26:51.882120:2024-03-22 03:26:51.881959: Current epoch: 268, loss: 0.028786052018404007, validation loss: 0.10724364966154099
2024-03-22 03:27:10.734793:2024-03-22 03:27:10.734728: Current epoch: 269, loss: 0.028886618092656136, validation loss: 0.10718154162168503
2024-03-22 03:27:29.766447:2024-03-22 03:27:29.766371: Current epoch: 270, loss: 0.028484446927905083, validation loss: 0.10584995150566101
2024-03-22 03:27:47.145074:2024-03-22 03:27:47.144900: Current epoch: 271, loss: 0.028971076011657715, validation loss: 0.10842997580766678
2024-03-22 03:28:04.664090:2024-03-22 03:28:04.663924: Current epoch: 272, loss: 0.029168952256441116, validation loss: 0.10997030884027481
2024-03-22 03:28:22.614120:2024-03-22 03:28:22.613948: Current epoch: 273, loss: 0.02859841287136078, validation loss: 0.10595821589231491
2024-03-22 03:28:39.556804:2024-03-22 03:28:39.556643: Current epoch: 274, loss: 0.028357887640595436, validation loss: 0.10669096559286118
2024-03-22 03:28:55.972171:2024-03-22 03:28:55.972088: Current epoch: 275, loss: 0.02833312749862671, validation loss: 0.10871739685535431
2024-03-22 03:29:14.250226:2024-03-22 03:29:14.250051: Current epoch: 276, loss: 0.028067614883184433, validation loss: 0.11149340867996216
2024-03-22 03:29:34.010204:2024-03-22 03:29:34.010075: Current epoch: 277, loss: 0.02790806069970131, validation loss: 0.10675555467605591
2024-03-22 03:29:53.585752:2024-03-22 03:29:53.585592: Current epoch: 278, loss: 0.028320685029029846, validation loss: 0.10667423158884048
2024-03-22 03:30:12.803701:2024-03-22 03:30:12.803590: Current epoch: 279, loss: 0.028110524639487267, validation loss: 0.10739590972661972
2024-03-22 03:30:31.705974:2024-03-22 03:30:31.705850: Current epoch: 280, loss: 0.02756854146718979, validation loss: 0.10978689044713974
2024-03-22 03:30:50.927135:2024-03-22 03:30:50.926988: Current epoch: 281, loss: 0.027973495423793793, validation loss: 0.10785843431949615
2024-03-22 03:31:10.152988:2024-03-22 03:31:10.152922: Current epoch: 282, loss: 0.0275547057390213, validation loss: 0.10800254344940186
2024-03-22 03:31:29.715424:2024-03-22 03:31:29.715273: Current epoch: 283, loss: 0.02781662903726101, validation loss: 0.10757443308830261
2024-03-22 03:31:48.961000:2024-03-22 03:31:48.960917: Current epoch: 284, loss: 0.02763141132891178, validation loss: 0.10533740371465683
2024-03-22 03:32:07.946648:2024-03-22 03:32:07.946562: Current epoch: 285, loss: 0.02757764793932438, validation loss: 0.10575243830680847
2024-03-22 03:32:27.827431:2024-03-22 03:32:27.827285: Current epoch: 286, loss: 0.02766316570341587, validation loss: 0.10471054166555405
2024-03-22 03:32:46.985086:2024-03-22 03:32:46.984965: Current epoch: 287, loss: 0.027761084958910942, validation loss: 0.10829562693834305
2024-03-22 03:33:05.749117:2024-03-22 03:33:05.749008: Current epoch: 288, loss: 0.027690641582012177, validation loss: 0.10801666229963303
2024-03-22 03:33:24.179210:2024-03-22 03:33:24.179141: Current epoch: 289, loss: 0.02713899314403534, validation loss: 0.10642002522945404
2024-03-22 03:33:43.099224:2024-03-22 03:33:43.099153: Current epoch: 290, loss: 0.02724110148847103, validation loss: 0.10621843487024307
2024-03-22 03:34:01.591305:2024-03-22 03:34:01.591196: Current epoch: 291, loss: 0.027254102751612663, validation loss: 0.10615643858909607
2024-03-22 03:34:20.498470:2024-03-22 03:34:20.498398: Current epoch: 292, loss: 0.027131518349051476, validation loss: 0.10507643967866898
2024-03-22 03:34:38.997024:2024-03-22 03:34:38.996951: Current epoch: 293, loss: 0.027191242203116417, validation loss: 0.10615134984254837
2024-03-22 03:34:57.886610:2024-03-22 03:34:57.886472: Current epoch: 294, loss: 0.02676863595843315, validation loss: 0.10794711112976074
2024-03-22 03:35:16.884511:2024-03-22 03:35:16.884335: Current epoch: 295, loss: 0.027087263762950897, validation loss: 0.10861010104417801
2024-03-22 03:35:35.312082:2024-03-22 03:35:35.311960: Current epoch: 296, loss: 0.02695390023291111, validation loss: 0.10645255446434021
2024-03-22 03:35:53.566950:2024-03-22 03:35:53.566874: Current epoch: 297, loss: 0.0272197388112545, validation loss: 0.10819444805383682
2024-03-22 03:36:12.450792:2024-03-22 03:36:12.450646: Current epoch: 298, loss: 0.027095051482319832, validation loss: 0.10767856985330582
2024-03-22 03:36:31.594151:2024-03-22 03:36:31.594043: Current epoch: 299, loss: 0.026873290538787842, validation loss: 0.10472538322210312
2024-03-22 03:36:52.461617:2024-03-22 03:36:52.461487: Current epoch: 300, loss: 0.026739515364170074, validation loss: 0.10880699008703232
2024-03-22 03:37:09.088570:2024-03-22 03:37:09.088452: Current epoch: 301, loss: 0.026577381417155266, validation loss: 0.10677520185709
2024-03-22 03:37:27.888769:2024-03-22 03:37:27.888646: Current epoch: 302, loss: 0.02633836306631565, validation loss: 0.1066407859325409
2024-03-22 03:37:46.558537:2024-03-22 03:37:46.558406: Current epoch: 303, loss: 0.026529325172305107, validation loss: 0.10584622621536255
2024-03-22 03:38:05.047610:2024-03-22 03:38:05.047545: Current epoch: 304, loss: 0.026488061994314194, validation loss: 0.10540394484996796
2024-03-22 03:38:23.649606:2024-03-22 03:38:23.649545: Current epoch: 305, loss: 0.026554150506854057, validation loss: 0.10590824484825134
2024-03-22 03:38:42.142075:2024-03-22 03:38:42.141946: Current epoch: 306, loss: 0.026227813214063644, validation loss: 0.10596393048763275
2024-03-22 03:39:01.417359:2024-03-22 03:39:01.417253: Current epoch: 307, loss: 0.025907866656780243, validation loss: 0.10577056556940079
2024-03-22 03:39:20.582472:2024-03-22 03:39:20.582339: Current epoch: 308, loss: 0.02631842903792858, validation loss: 0.10816005617380142
2024-03-22 03:39:39.128661:2024-03-22 03:39:39.128507: Current epoch: 309, loss: 0.02576242759823799, validation loss: 0.10520698130130768
2024-03-22 03:39:57.755980:2024-03-22 03:39:57.755872: Current epoch: 310, loss: 0.026571135967969894, validation loss: 0.10807722806930542
2024-03-22 03:40:16.240021:2024-03-22 03:40:16.239864: Current epoch: 311, loss: 0.025577997788786888, validation loss: 0.10718954354524612
2024-03-22 03:40:34.772223:2024-03-22 03:40:34.772152: Current epoch: 312, loss: 0.02632870152592659, validation loss: 0.10748138278722763
2024-03-22 03:40:53.682655:2024-03-22 03:40:53.682481: Current epoch: 313, loss: 0.025850830599665642, validation loss: 0.10660765320062637
2024-03-22 03:41:12.859365:2024-03-22 03:41:12.859298: Current epoch: 314, loss: 0.02571466565132141, validation loss: 0.10715393722057343
2024-03-22 03:41:31.716545:2024-03-22 03:41:31.716429: Current epoch: 315, loss: 0.02595190331339836, validation loss: 0.10709672421216965
2024-03-22 03:41:50.330814:2024-03-22 03:41:50.330742: Current epoch: 316, loss: 0.025898298248648643, validation loss: 0.11178406327962875
2024-03-22 03:42:08.979376:2024-03-22 03:42:08.979223: Current epoch: 317, loss: 0.02582998014986515, validation loss: 0.10768166184425354
2024-03-22 03:42:27.498229:2024-03-22 03:42:27.498133: Current epoch: 318, loss: 0.025572236627340317, validation loss: 0.10620203614234924
2024-03-22 03:42:46.225165:2024-03-22 03:42:46.225099: Current epoch: 319, loss: 0.025218600407242775, validation loss: 0.106976717710495
2024-03-22 03:43:04.615996:2024-03-22 03:43:04.615925: Current epoch: 320, loss: 0.02527220919728279, validation loss: 0.10535416007041931
2024-03-22 03:43:23.045017:2024-03-22 03:43:23.044858: Current epoch: 321, loss: 0.025823980569839478, validation loss: 0.10632353276014328
2024-03-22 03:43:41.563909:2024-03-22 03:43:41.563840: Current epoch: 322, loss: 0.02517213299870491, validation loss: 0.11009475588798523
2024-03-22 03:43:59.460768:2024-03-22 03:43:59.460696: Current epoch: 323, loss: 0.025524526834487915, validation loss: 0.1064879298210144
2024-03-22 03:44:18.056233:2024-03-22 03:44:18.056107: Current epoch: 324, loss: 0.02555590309202671, validation loss: 0.10679040104150772
2024-03-22 03:44:36.550296:2024-03-22 03:44:36.550222: Current epoch: 325, loss: 0.025237776339054108, validation loss: 0.10595853626728058
2024-03-22 03:44:55.228426:2024-03-22 03:44:55.228262: Current epoch: 326, loss: 0.0252423956990242, validation loss: 0.10631796717643738
2024-03-22 03:45:13.881717:2024-03-22 03:45:13.881553: Current epoch: 327, loss: 0.02524271048605442, validation loss: 0.10566335916519165
2024-03-22 03:45:32.381284:2024-03-22 03:45:32.381207: Current epoch: 328, loss: 0.02495270036160946, validation loss: 0.10446879267692566
2024-03-22 03:45:50.523543:2024-03-22 03:45:50.523408: Current epoch: 329, loss: 0.025168048217892647, validation loss: 0.10627913475036621
2024-03-22 03:46:09.161114:2024-03-22 03:46:09.160986: Current epoch: 330, loss: 0.02487293630838394, validation loss: 0.10864967852830887
2024-03-22 03:46:26.197659:2024-03-22 03:46:26.197541: Current epoch: 331, loss: 0.024707263335585594, validation loss: 0.10647780448198318
2024-03-22 03:46:42.795075:2024-03-22 03:46:42.794891: Current epoch: 332, loss: 0.024758893996477127, validation loss: 0.10534030199050903
2024-03-22 03:47:00.246998:2024-03-22 03:47:00.246859: Current epoch: 333, loss: 0.02490917593240738, validation loss: 0.10547110438346863
2024-03-22 03:47:19.200550:2024-03-22 03:47:19.200444: Current epoch: 334, loss: 0.02457229606807232, validation loss: 0.10683486610651016
2024-03-22 03:47:37.794209:2024-03-22 03:47:37.794082: Current epoch: 335, loss: 0.024655021727085114, validation loss: 0.10643348842859268
2024-03-22 03:47:56.353127:2024-03-22 03:47:56.353014: Current epoch: 336, loss: 0.024665815755724907, validation loss: 0.10644765198230743
2024-03-22 03:48:14.805532:2024-03-22 03:48:14.805404: Current epoch: 337, loss: 0.024439608678221703, validation loss: 0.1054050624370575
2024-03-22 03:48:33.269066:2024-03-22 03:48:33.268954: Current epoch: 338, loss: 0.02436029352247715, validation loss: 0.10692942142486572
2024-03-22 03:48:51.962569:2024-03-22 03:48:51.962504: Current epoch: 339, loss: 0.024461591616272926, validation loss: 0.1057889312505722
2024-03-22 03:49:10.151187:2024-03-22 03:49:10.151029: Current epoch: 340, loss: 0.024600230157375336, validation loss: 0.10625234246253967
2024-03-22 03:49:28.184338:2024-03-22 03:49:28.184212: Current epoch: 341, loss: 0.02471053972840309, validation loss: 0.10816188156604767
2024-03-22 03:49:45.891432:2024-03-22 03:49:45.891268: Current epoch: 342, loss: 0.024613887071609497, validation loss: 0.1055704802274704
2024-03-22 03:50:04.425322:2024-03-22 03:50:04.425205: Current epoch: 343, loss: 0.024301812052726746, validation loss: 0.10644029080867767
2024-03-22 03:50:22.831671:2024-03-22 03:50:22.831559: Current epoch: 344, loss: 0.024386528879404068, validation loss: 0.10573907941579819
2024-03-22 03:50:41.055313:2024-03-22 03:50:41.055153: Current epoch: 345, loss: 0.024527087807655334, validation loss: 0.10772139579057693
2024-03-22 03:50:59.182509:2024-03-22 03:50:59.182433: Current epoch: 346, loss: 0.024003922939300537, validation loss: 0.10607918351888657
2024-03-22 03:51:17.716578:2024-03-22 03:51:17.716448: Current epoch: 347, loss: 0.024230150505900383, validation loss: 0.1055261567234993
2024-03-22 03:51:36.230679:2024-03-22 03:51:36.230498: Current epoch: 348, loss: 0.024291621521115303, validation loss: 0.10499316453933716
2024-03-22 03:51:54.838302:2024-03-22 03:51:54.838179: Current epoch: 349, loss: 0.024084830656647682, validation loss: 0.10711440443992615
2024-03-22 03:52:13.486366:2024-03-22 03:52:13.485737: Current epoch: 350, loss: 0.02377818338572979, validation loss: 0.10374195873737335
2024-03-22 03:52:31.747445:2024-03-22 03:52:31.747317: Current epoch: 351, loss: 0.024060556665062904, validation loss: 0.10694155842065811
2024-03-22 03:52:50.459608:2024-03-22 03:52:50.459534: Current epoch: 352, loss: 0.02392571046948433, validation loss: 0.10593913495540619
2024-03-22 03:53:08.505721:2024-03-22 03:53:08.505608: Current epoch: 353, loss: 0.02381146140396595, validation loss: 0.10418806970119476
2024-03-22 03:53:26.461076:2024-03-22 03:53:26.460968: Current epoch: 354, loss: 0.023919768631458282, validation loss: 0.10693122446537018
2024-03-22 03:53:45.006073:2024-03-22 03:53:45.005890: Current epoch: 355, loss: 0.02365914173424244, validation loss: 0.1071857213973999
2024-03-22 03:54:03.374020:2024-03-22 03:54:03.373900: Current epoch: 356, loss: 0.023894529789686203, validation loss: 0.10536899417638779
2024-03-22 03:54:21.864165:2024-03-22 03:54:21.864052: Current epoch: 357, loss: 0.024055104702711105, validation loss: 0.10874494165182114
2024-03-22 03:54:40.040693:2024-03-22 03:54:40.040576: Current epoch: 358, loss: 0.023622317239642143, validation loss: 0.10522443801164627
2024-03-22 03:54:58.309777:2024-03-22 03:54:58.309627: Current epoch: 359, loss: 0.02342832274734974, validation loss: 0.10761074721813202
2024-03-22 03:55:16.724613:2024-03-22 03:55:16.724490: Current epoch: 360, loss: 0.02347681298851967, validation loss: 0.10700004547834396
2024-03-22 03:55:35.464402:2024-03-22 03:55:35.464282: Current epoch: 361, loss: 0.023607652634382248, validation loss: 0.10651089251041412
2024-03-22 03:55:53.985768:2024-03-22 03:55:53.985609: Current epoch: 362, loss: 0.023316530510783195, validation loss: 0.10836705565452576
2024-03-22 03:56:13.023227:2024-03-22 03:56:13.023089: Current epoch: 363, loss: 0.023499727249145508, validation loss: 0.10796699672937393
2024-03-22 03:56:31.403550:2024-03-22 03:56:31.403407: Current epoch: 364, loss: 0.02341398596763611, validation loss: 0.10673941671848297
2024-03-22 03:56:50.162671:2024-03-22 03:56:50.162603: Current epoch: 365, loss: 0.02313048392534256, validation loss: 0.10494676977396011
2024-03-22 03:57:06.393594:2024-03-22 03:57:06.393480: Current epoch: 366, loss: 0.023718252778053284, validation loss: 0.10577832162380219
2024-03-22 03:57:23.709053:2024-03-22 03:57:23.708932: Current epoch: 367, loss: 0.02300572767853737, validation loss: 0.1054346039891243
2024-03-22 03:57:42.143364:2024-03-22 03:57:42.143202: Current epoch: 368, loss: 0.02340533584356308, validation loss: 0.10457591712474823
2024-03-22 03:58:00.416815:2024-03-22 03:58:00.416693: Current epoch: 369, loss: 0.02332085371017456, validation loss: 0.10550329834222794
2024-03-22 03:58:19.344759:2024-03-22 03:58:19.344659: Current epoch: 370, loss: 0.023269830271601677, validation loss: 0.10501446574926376
2024-03-22 03:58:37.970126:2024-03-22 03:58:37.970046: Current epoch: 371, loss: 0.02309815026819706, validation loss: 0.10528720170259476
2024-03-22 03:58:56.346522:2024-03-22 03:58:56.346392: Current epoch: 372, loss: 0.02297816425561905, validation loss: 0.10558953881263733
2024-03-22 03:59:14.647701:2024-03-22 03:59:14.647546: Current epoch: 373, loss: 0.022808117792010307, validation loss: 0.10663456469774246
2024-03-22 03:59:33.219365:2024-03-22 03:59:33.219243: Current epoch: 374, loss: 0.02299146167933941, validation loss: 0.10454096645116806
2024-03-22 03:59:51.275649:2024-03-22 03:59:51.275518: Current epoch: 375, loss: 0.023130573332309723, validation loss: 0.10682101547718048
2024-03-22 04:00:09.507863:2024-03-22 04:00:09.507711: Current epoch: 376, loss: 0.02263043075799942, validation loss: 0.10647375881671906
2024-03-22 04:00:27.578548:2024-03-22 04:00:27.578468: Current epoch: 377, loss: 0.02251715399324894, validation loss: 0.1052287295460701
2024-03-22 04:00:45.852575:2024-03-22 04:00:45.852500: Current epoch: 378, loss: 0.022673780098557472, validation loss: 0.10517632216215134
2024-03-22 04:01:04.463854:2024-03-22 04:01:04.463724: Current epoch: 379, loss: 0.02294694446027279, validation loss: 0.10519352555274963
2024-03-22 04:01:22.815905:2024-03-22 04:01:22.815842: Current epoch: 380, loss: 0.02254723198711872, validation loss: 0.10531016439199448
2024-03-22 04:01:41.358700:2024-03-22 04:01:41.358540: Current epoch: 381, loss: 0.022595997899770737, validation loss: 0.10573136806488037
2024-03-22 04:01:59.624695:2024-03-22 04:01:59.624620: Current epoch: 382, loss: 0.02251211740076542, validation loss: 0.10638968646526337
2024-03-22 04:02:17.870016:2024-03-22 04:02:17.869957: Current epoch: 383, loss: 0.02272714674472809, validation loss: 0.10531526058912277
2024-03-22 04:02:36.363359:2024-03-22 04:02:36.363227: Current epoch: 384, loss: 0.02243722230195999, validation loss: 0.10468487441539764
2024-03-22 04:02:54.832640:2024-03-22 04:02:54.832575: Current epoch: 385, loss: 0.022405847907066345, validation loss: 0.10429055988788605
2024-03-22 04:03:13.471943:2024-03-22 04:03:13.471883: Current epoch: 386, loss: 0.022122042253613472, validation loss: 0.10519009083509445
2024-03-22 04:03:32.034786:2024-03-22 04:03:32.034663: Current epoch: 387, loss: 0.022630468010902405, validation loss: 0.1075744703412056
2024-03-22 04:03:50.458559:2024-03-22 04:03:50.458430: Current epoch: 388, loss: 0.022437531501054764, validation loss: 0.10743029415607452
2024-03-22 04:04:09.093406:2024-03-22 04:04:09.093276: Current epoch: 389, loss: 0.02209656313061714, validation loss: 0.1053878664970398
2024-03-22 04:04:27.341599:2024-03-22 04:04:27.341488: Current epoch: 390, loss: 0.022246863692998886, validation loss: 0.1064838320016861
2024-03-22 04:04:45.799228:2024-03-22 04:04:45.799105: Current epoch: 391, loss: 0.022038280963897705, validation loss: 0.10662961006164551
2024-03-22 04:05:04.610400:2024-03-22 04:05:04.610238: Current epoch: 392, loss: 0.022146593779325485, validation loss: 0.10549242794513702
2024-03-22 04:05:22.891466:2024-03-22 04:05:22.891375: Current epoch: 393, loss: 0.022471291944384575, validation loss: 0.10663391649723053
2024-03-22 04:05:41.878434:2024-03-22 04:05:41.878304: Current epoch: 394, loss: 0.02220342494547367, validation loss: 0.10554274171590805
2024-03-22 04:06:00.366904:2024-03-22 04:06:00.366739: Current epoch: 395, loss: 0.022162096574902534, validation loss: 0.1074056476354599
2024-03-22 04:06:18.853988:2024-03-22 04:06:18.853925: Current epoch: 396, loss: 0.022009214386343956, validation loss: 0.10495766252279282
2024-03-22 04:06:37.819692:2024-03-22 04:06:37.819558: Current epoch: 397, loss: 0.022137507796287537, validation loss: 0.10532250255346298
2024-03-22 04:06:56.645606:2024-03-22 04:06:56.645546: Current epoch: 398, loss: 0.021937642246484756, validation loss: 0.10427504032850266
2024-03-22 04:07:12.878761:2024-03-22 04:07:12.878628: Current epoch: 399, loss: 0.022189171984791756, validation loss: 0.10597366839647293
2024-03-22 04:07:29.018878:2024-03-22 04:07:29.018801: Current epoch: 400, loss: 0.021506091579794884, validation loss: 0.10829953104257584
2024-03-22 04:07:47.570893:2024-03-22 04:07:47.570758: Current epoch: 401, loss: 0.02192954532802105, validation loss: 0.10394873470067978
2024-03-22 04:08:06.024427:2024-03-22 04:08:06.024275: Current epoch: 402, loss: 0.02194434590637684, validation loss: 0.10414883494377136
2024-03-22 04:08:24.934903:2024-03-22 04:08:24.934832: Current epoch: 403, loss: 0.021857814863324165, validation loss: 0.10454743355512619
2024-03-22 04:08:43.061519:2024-03-22 04:08:43.061441: Current epoch: 404, loss: 0.021667301654815674, validation loss: 0.1045832633972168
2024-03-22 04:09:01.331049:2024-03-22 04:09:01.330979: Current epoch: 405, loss: 0.021692562848329544, validation loss: 0.10718497633934021
2024-03-22 04:09:19.694071:2024-03-22 04:09:19.693908: Current epoch: 406, loss: 0.02163112722337246, validation loss: 0.10699781030416489
2024-03-22 04:09:38.250063:2024-03-22 04:09:38.249933: Current epoch: 407, loss: 0.02158961072564125, validation loss: 0.10585341602563858
2024-03-22 04:09:57.180670:2024-03-22 04:09:57.180566: Current epoch: 408, loss: 0.021708929911255836, validation loss: 0.10577906668186188
2024-03-22 04:10:15.798906:2024-03-22 04:10:15.798784: Current epoch: 409, loss: 0.02142944186925888, validation loss: 0.10619915276765823
2024-03-22 04:10:34.317935:2024-03-22 04:10:34.317796: Current epoch: 410, loss: 0.0213905181735754, validation loss: 0.10543076694011688
2024-03-22 04:10:52.901429:2024-03-22 04:10:52.901309: Current epoch: 411, loss: 0.021540170535445213, validation loss: 0.1048644408583641
2024-03-22 04:11:11.949558:2024-03-22 04:11:11.949435: Current epoch: 412, loss: 0.021370839327573776, validation loss: 0.10583599656820297
2024-03-22 04:11:30.547476:2024-03-22 04:11:30.547377: Current epoch: 413, loss: 0.02110614813864231, validation loss: 0.10613731294870377
2024-03-22 04:11:49.270674:2024-03-22 04:11:49.270577: Current epoch: 414, loss: 0.021267525851726532, validation loss: 0.10697381943464279
2024-03-22 04:12:08.259482:2024-03-22 04:12:08.259344: Current epoch: 415, loss: 0.02141553908586502, validation loss: 0.10497304797172546
2024-03-22 04:12:26.703359:2024-03-22 04:12:26.703248: Current epoch: 416, loss: 0.021298496052622795, validation loss: 0.10481481999158859
2024-03-22 04:12:45.425956:2024-03-22 04:12:45.425792: Current epoch: 417, loss: 0.021544435992836952, validation loss: 0.1066533699631691
2024-03-22 04:13:03.890406:2024-03-22 04:13:03.890301: Current epoch: 418, loss: 0.021571902558207512, validation loss: 0.10631412267684937
2024-03-22 04:13:22.325595:2024-03-22 04:13:22.325508: Current epoch: 419, loss: 0.021290814504027367, validation loss: 0.10577034950256348
2024-03-22 04:13:41.310070:2024-03-22 04:13:41.309939: Current epoch: 420, loss: 0.02133145183324814, validation loss: 0.10794198513031006
2024-03-22 04:14:00.090653:2024-03-22 04:14:00.090533: Current epoch: 421, loss: 0.021212518215179443, validation loss: 0.10630979388952255
2024-03-22 04:14:18.299639:2024-03-22 04:14:18.299502: Current epoch: 422, loss: 0.020913558080792427, validation loss: 0.10698168724775314
2024-03-22 04:14:36.549636:2024-03-22 04:14:36.549473: Current epoch: 423, loss: 0.02151893824338913, validation loss: 0.10682440549135208
2024-03-22 04:14:55.126532:2024-03-22 04:14:55.126491: Current epoch: 424, loss: 0.020934483036398888, validation loss: 0.10463237017393112
2024-03-22 04:15:14.036994:2024-03-22 04:15:14.036863: Current epoch: 425, loss: 0.02110123448073864, validation loss: 0.10591617971658707
2024-03-22 04:15:32.808096:2024-03-22 04:15:32.807951: Current epoch: 426, loss: 0.020891103893518448, validation loss: 0.10558158904314041
2024-03-22 04:15:51.586269:2024-03-22 04:15:51.586121: Current epoch: 427, loss: 0.021008042618632317, validation loss: 0.10611213743686676
2024-03-22 04:16:09.848494:2024-03-22 04:16:09.848378: Current epoch: 428, loss: 0.021017421036958694, validation loss: 0.10572892427444458
2024-03-22 04:16:28.669822:2024-03-22 04:16:28.669714: Current epoch: 429, loss: 0.02087884582579136, validation loss: 0.10623811185359955
2024-03-22 04:16:47.021395:2024-03-22 04:16:47.021275: Current epoch: 430, loss: 0.020912542939186096, validation loss: 0.10833103954792023
2024-03-22 04:17:04.815219:2024-03-22 04:17:04.815078: Current epoch: 431, loss: 0.02106454409658909, validation loss: 0.10831939429044724
2024-03-22 04:17:21.275862:2024-03-22 04:17:21.275814: Current epoch: 432, loss: 0.02065967209637165, validation loss: 0.10744728147983551
2024-03-22 04:17:39.111083:2024-03-22 04:17:39.110920: Current epoch: 433, loss: 0.02061212994158268, validation loss: 0.10541874170303345
2024-03-22 04:17:57.700575:2024-03-22 04:17:57.700388: Current epoch: 434, loss: 0.020649999380111694, validation loss: 0.1041475310921669
2024-03-22 04:18:16.392321:2024-03-22 04:18:16.392208: Current epoch: 435, loss: 0.020510481670498848, validation loss: 0.10499948263168335
2024-03-22 04:18:34.937050:2024-03-22 04:18:34.936940: Current epoch: 436, loss: 0.020632393658161163, validation loss: 0.10493578761816025
2024-03-22 04:18:53.996253:2024-03-22 04:18:53.996079: Current epoch: 437, loss: 0.020542657002806664, validation loss: 0.10417691618204117
2024-03-22 04:19:12.308054:2024-03-22 04:19:12.307896: Current epoch: 438, loss: 0.020451052114367485, validation loss: 0.10593011230230331
2024-03-22 04:19:30.751556:2024-03-22 04:19:30.751490: Current epoch: 439, loss: 0.02056463062763214, validation loss: 0.1038166806101799
2024-03-22 04:19:52.657752:2024-03-22 04:19:52.657624: Current epoch: 440, loss: 0.020343150943517685, validation loss: 0.10655635595321655
2024-03-22 04:20:11.481336:2024-03-22 04:20:11.481214: Current epoch: 441, loss: 0.020371219143271446, validation loss: 0.10488738119602203
2024-03-22 04:20:30.286036:2024-03-22 04:20:30.285895: Current epoch: 442, loss: 0.02035260759294033, validation loss: 0.10494817048311234
2024-03-22 04:20:49.216652:2024-03-22 04:20:49.216515: Current epoch: 443, loss: 0.020545238628983498, validation loss: 0.10511704534292221
2024-03-22 04:21:08.250009:2024-03-22 04:21:08.249883: Current epoch: 444, loss: 0.020968548953533173, validation loss: 0.10585103929042816
2024-03-22 04:21:27.019404:2024-03-22 04:21:27.019286: Current epoch: 445, loss: 0.02051715739071369, validation loss: 0.10731187462806702
2024-03-22 04:21:45.409279:2024-03-22 04:21:45.409180: Current epoch: 446, loss: 0.02026560716331005, validation loss: 0.10707706212997437
2024-03-22 04:22:04.598645:2024-03-22 04:22:04.598483: Current epoch: 447, loss: 0.020446855574846268, validation loss: 0.10532496869564056
2024-03-22 04:22:23.336101:2024-03-22 04:22:23.335994: Current epoch: 448, loss: 0.020295359194278717, validation loss: 0.10515056550502777
2024-03-22 04:22:42.414030:2024-03-22 04:22:42.413851: Current epoch: 449, loss: 0.020059574395418167, validation loss: 0.1040526032447815
2024-03-22 04:23:01.091098:2024-03-22 04:23:01.090938: Current epoch: 450, loss: 0.020363256335258484, validation loss: 0.10675198584794998
2024-03-22 04:23:20.121815:2024-03-22 04:23:20.121705: Current epoch: 451, loss: 0.02010863646864891, validation loss: 0.10398980230093002
2024-03-22 04:23:38.539914:2024-03-22 04:23:38.539795: Current epoch: 452, loss: 0.020130611956119537, validation loss: 0.10818806290626526
2024-03-22 04:23:57.507253:2024-03-22 04:23:57.507188: Current epoch: 453, loss: 0.02028350718319416, validation loss: 0.10493303835391998
2024-03-22 04:24:16.347365:2024-03-22 04:24:16.347205: Current epoch: 454, loss: 0.020037956535816193, validation loss: 0.10460420697927475
2024-03-22 04:24:35.066790:2024-03-22 04:24:35.066677: Current epoch: 455, loss: 0.020048916339874268, validation loss: 0.10627920180559158
2024-03-22 04:24:54.175828:2024-03-22 04:24:54.175740: Current epoch: 456, loss: 0.02008540742099285, validation loss: 0.10470198094844818
2024-03-22 04:25:13.348629:2024-03-22 04:25:13.348440: Current epoch: 457, loss: 0.019833242520689964, validation loss: 0.10483891516923904
2024-03-22 04:25:32.200855:2024-03-22 04:25:32.200721: Current epoch: 458, loss: 0.019975831732153893, validation loss: 0.10619243234395981
2024-03-22 04:25:51.245549:2024-03-22 04:25:51.245471: Current epoch: 459, loss: 0.020083202049136162, validation loss: 0.10638486593961716
2024-03-22 04:26:10.437545:2024-03-22 04:26:10.437368: Current epoch: 460, loss: 0.019761057570576668, validation loss: 0.10507722198963165
2024-03-22 04:26:29.032360:2024-03-22 04:26:29.032298: Current epoch: 461, loss: 0.020200258120894432, validation loss: 0.10479439049959183
2024-03-22 04:26:47.999600:2024-03-22 04:26:47.999490: Current epoch: 462, loss: 0.019965462386608124, validation loss: 0.10555367916822433
2024-03-22 04:27:03.953761:2024-03-22 04:27:03.953691: Current epoch: 463, loss: 0.019733455032110214, validation loss: 0.10742686688899994
2024-03-22 04:27:20.743497:2024-03-22 04:27:20.743311: Current epoch: 464, loss: 0.01980154775083065, validation loss: 0.10502281785011292
2024-03-22 04:27:39.597990:2024-03-22 04:27:39.597872: Current epoch: 465, loss: 0.019804101437330246, validation loss: 0.10694196820259094
2024-03-22 04:27:58.522743:2024-03-22 04:27:58.522612: Current epoch: 466, loss: 0.019841866567730904, validation loss: 0.1042603850364685
2024-03-22 04:28:17.123695:2024-03-22 04:28:17.123584: Current epoch: 467, loss: 0.019472993910312653, validation loss: 0.10815656930208206
2024-03-22 04:28:36.046294:2024-03-22 04:28:36.046214: Current epoch: 468, loss: 0.01979118585586548, validation loss: 0.10619229078292847
2024-03-22 04:28:55.135262:2024-03-22 04:28:55.135141: Current epoch: 469, loss: 0.01961461268365383, validation loss: 0.10674845427274704
2024-03-22 04:29:14.314930:2024-03-22 04:29:14.314806: Current epoch: 470, loss: 0.01976975053548813, validation loss: 0.10547301173210144
2024-03-22 04:29:33.551803:2024-03-22 04:29:33.551738: Current epoch: 471, loss: 0.019742993637919426, validation loss: 0.10516948252916336
2024-03-22 04:29:52.365020:2024-03-22 04:29:52.364916: Current epoch: 472, loss: 0.019449319690465927, validation loss: 0.10682283341884613
2024-03-22 04:30:11.574950:2024-03-22 04:30:11.574890: Current epoch: 473, loss: 0.019674139097332954, validation loss: 0.10472419857978821
2024-03-22 04:30:30.269112:2024-03-22 04:30:30.269023: Current epoch: 474, loss: 0.019342971965670586, validation loss: 0.10665162652730942
2024-03-22 04:30:49.093637:2024-03-22 04:30:49.093516: Current epoch: 475, loss: 0.019375545904040337, validation loss: 0.10457894206047058
2024-03-22 04:31:07.507164:2024-03-22 04:31:07.507052: Current epoch: 476, loss: 0.01922045648097992, validation loss: 0.10634155571460724
2024-03-22 04:31:26.177949:2024-03-22 04:31:26.177816: Current epoch: 477, loss: 0.01929757185280323, validation loss: 0.10521513223648071
2024-03-22 04:31:45.559381:2024-03-22 04:31:45.559268: Current epoch: 478, loss: 0.01921883597970009, validation loss: 0.10460817068815231
2024-03-22 04:32:04.355649:2024-03-22 04:32:04.355471: Current epoch: 479, loss: 0.019342858344316483, validation loss: 0.10469730943441391
2024-03-22 04:32:23.110821:2024-03-22 04:32:23.110747: Current epoch: 480, loss: 0.019234567880630493, validation loss: 0.1051880270242691
2024-03-22 04:32:42.269003:2024-03-22 04:32:42.268874: Current epoch: 481, loss: 0.019119305536150932, validation loss: 0.10517218708992004
2024-03-22 04:33:00.834627:2024-03-22 04:33:00.834479: Current epoch: 482, loss: 0.019379034638404846, validation loss: 0.10602213442325592
2024-03-22 04:33:19.768762:2024-03-22 04:33:19.768631: Current epoch: 483, loss: 0.019264476373791695, validation loss: 0.1040625348687172
2024-03-22 04:33:39.076571:2024-03-22 04:33:39.076450: Current epoch: 484, loss: 0.01929442398250103, validation loss: 0.1048928052186966
2024-03-22 04:33:57.714216:2024-03-22 04:33:57.714142: Current epoch: 485, loss: 0.019205519929528236, validation loss: 0.10524545609951019
2024-03-22 04:34:16.571044:2024-03-22 04:34:16.570922: Current epoch: 486, loss: 0.018994111567735672, validation loss: 0.10531674325466156
2024-03-22 04:34:35.624603:2024-03-22 04:34:35.624545: Current epoch: 487, loss: 0.019306570291519165, validation loss: 0.10495360195636749
2024-03-22 04:34:54.099658:2024-03-22 04:34:54.099492: Current epoch: 488, loss: 0.01902647688984871, validation loss: 0.10607949644327164
2024-03-22 04:35:13.275129:2024-03-22 04:35:13.275059: Current epoch: 489, loss: 0.019188247621059418, validation loss: 0.10600546002388
2024-03-22 04:35:31.792056:2024-03-22 04:35:31.791997: Current epoch: 490, loss: 0.01878284104168415, validation loss: 0.10662101209163666
2024-03-22 04:35:50.699380:2024-03-22 04:35:50.699262: Current epoch: 491, loss: 0.018926966935396194, validation loss: 0.10562396794557571
2024-03-22 04:36:09.310218:2024-03-22 04:36:09.310150: Current epoch: 492, loss: 0.018752971664071083, validation loss: 0.10542823374271393
2024-03-22 04:36:25.794463:2024-03-22 04:36:25.794391: Current epoch: 493, loss: 0.018864495679736137, validation loss: 0.10553079098463058
2024-03-22 04:36:43.460696:2024-03-22 04:36:43.460625: Current epoch: 494, loss: 0.01894531026482582, validation loss: 0.10767427086830139
2024-03-22 04:37:02.723211:2024-03-22 04:37:02.723104: Current epoch: 495, loss: 0.019068866968154907, validation loss: 0.10545103251934052
2024-03-22 04:37:21.877551:2024-03-22 04:37:21.877485: Current epoch: 496, loss: 0.018957920372486115, validation loss: 0.10496020317077637
2024-03-22 04:37:40.945999:2024-03-22 04:37:40.945886: Current epoch: 497, loss: 0.01865222118794918, validation loss: 0.10560398548841476
2024-03-22 04:38:00.003813:2024-03-22 04:38:00.003633: Current epoch: 498, loss: 0.018863001838326454, validation loss: 0.1052551195025444
2024-03-22 04:38:18.843871:2024-03-22 04:38:18.843799: Current epoch: 499, loss: 0.018540378659963608, validation loss: 0.10389178991317749
2024-03-22 04:38:37.850106:2024-03-22 04:38:37.849946: Current epoch: 500, loss: 0.01904459483921528, validation loss: 0.10649646073579788
2024-03-22 04:38:56.637562:2024-03-22 04:38:56.637451: Current epoch: 501, loss: 0.018698066473007202, validation loss: 0.1044028028845787
2024-03-22 04:39:15.710441:2024-03-22 04:39:15.710272: Current epoch: 502, loss: 0.018766537308692932, validation loss: 0.10451523959636688
2024-03-22 04:39:34.744751:2024-03-22 04:39:34.744672: Current epoch: 503, loss: 0.018585070967674255, validation loss: 0.10385770350694656
2024-03-22 04:39:53.325851:2024-03-22 04:39:53.325736: Current epoch: 504, loss: 0.018594816327095032, validation loss: 0.10817453265190125
2024-03-22 04:40:12.391819:2024-03-22 04:40:12.391670: Current epoch: 505, loss: 0.018974050879478455, validation loss: 0.10532986372709274
2024-03-22 04:40:31.167070:2024-03-22 04:40:31.166977: Current epoch: 506, loss: 0.018688160926103592, validation loss: 0.10693828016519547
2024-03-22 04:40:50.500697:2024-03-22 04:40:50.500423: Current epoch: 507, loss: 0.018679630011320114, validation loss: 0.10579700767993927
2024-03-22 04:41:09.455387:2024-03-22 04:41:09.455341: Current epoch: 508, loss: 0.01870976760983467, validation loss: 0.10613498836755753
2024-03-22 04:41:28.507062:2024-03-22 04:41:28.506992: Current epoch: 509, loss: 0.018412316218018532, validation loss: 0.1043892502784729
2024-03-22 04:41:47.661427:2024-03-22 04:41:47.661302: Current epoch: 510, loss: 0.018651381134986877, validation loss: 0.10541820526123047
2024-03-22 04:42:06.669975:2024-03-22 04:42:06.669909: Current epoch: 511, loss: 0.018543288111686707, validation loss: 0.10642805695533752
2024-03-22 04:42:25.918001:2024-03-22 04:42:25.917881: Current epoch: 512, loss: 0.018494872376322746, validation loss: 0.10486327111721039
2024-03-22 04:42:45.485062:2024-03-22 04:42:45.484935: Current epoch: 513, loss: 0.018402734771370888, validation loss: 0.10571641474962234
2024-03-22 04:43:04.728771:2024-03-22 04:43:04.728660: Current epoch: 514, loss: 0.01828545331954956, validation loss: 0.10489372164011002
2024-03-22 04:43:23.597220:2024-03-22 04:43:23.597081: Current epoch: 515, loss: 0.018647685647010803, validation loss: 0.10581225156784058
2024-03-22 04:43:42.819569:2024-03-22 04:43:42.819428: Current epoch: 516, loss: 0.01813756674528122, validation loss: 0.10536515712738037
2024-03-22 04:44:01.705465:2024-03-22 04:44:01.705404: Current epoch: 517, loss: 0.018420318141579628, validation loss: 0.10562358796596527
2024-03-22 04:44:20.750097:2024-03-22 04:44:20.749974: Current epoch: 518, loss: 0.018413012847304344, validation loss: 0.10604971647262573
2024-03-22 04:44:40.238796:2024-03-22 04:44:40.238687: Current epoch: 519, loss: 0.018332771956920624, validation loss: 0.10464248061180115
2024-03-22 04:44:59.373041:2024-03-22 04:44:59.372925: Current epoch: 520, loss: 0.01827576570212841, validation loss: 0.10702482610940933
2024-03-22 04:45:15.780635:2024-03-22 04:45:15.780506: Current epoch: 521, loss: 0.018291177228093147, validation loss: 0.10603480041027069
2024-03-22 04:45:32.857665:2024-03-22 04:45:32.857595: Current epoch: 522, loss: 0.01819515973329544, validation loss: 0.10708685964345932
2024-03-22 04:45:51.624406:2024-03-22 04:45:51.624286: Current epoch: 523, loss: 0.018153538927435875, validation loss: 0.10550324618816376
2024-03-22 04:46:10.488358:2024-03-22 04:46:10.488301: Current epoch: 524, loss: 0.018001887947320938, validation loss: 0.10629983991384506
2024-03-22 04:46:29.468261:2024-03-22 04:46:29.468158: Current epoch: 525, loss: 0.018249912187457085, validation loss: 0.10498623549938202
2024-03-22 04:46:48.422668:2024-03-22 04:46:48.422589: Current epoch: 526, loss: 0.017895113676786423, validation loss: 0.10618850588798523
2024-03-22 04:47:08.038191:2024-03-22 04:47:08.038033: Current epoch: 527, loss: 0.018033653497695923, validation loss: 0.10689955949783325
2024-03-22 04:47:27.262629:2024-03-22 04:47:27.262505: Current epoch: 528, loss: 0.018147077411413193, validation loss: 0.10594021528959274
2024-03-22 04:47:46.644891:2024-03-22 04:47:46.644774: Current epoch: 529, loss: 0.018272142857313156, validation loss: 0.1049104556441307
2024-03-22 04:48:05.465677:2024-03-22 04:48:05.465582: Current epoch: 530, loss: 0.018223240971565247, validation loss: 0.10546910762786865
2024-03-22 04:48:24.696726:2024-03-22 04:48:24.696597: Current epoch: 531, loss: 0.017888830974698067, validation loss: 0.10544811934232712
2024-03-22 04:48:43.421904:2024-03-22 04:48:43.421796: Current epoch: 532, loss: 0.018021157011389732, validation loss: 0.1053449735045433
2024-03-22 04:49:02.253392:2024-03-22 04:49:02.253299: Current epoch: 533, loss: 0.01823045313358307, validation loss: 0.10492904484272003
2024-03-22 04:49:21.028366:2024-03-22 04:49:21.028300: Current epoch: 534, loss: 0.018035724759101868, validation loss: 0.10628470778465271
2024-03-22 04:49:40.241835:2024-03-22 04:49:40.241690: Current epoch: 535, loss: 0.017928961664438248, validation loss: 0.10613871365785599
2024-03-22 04:49:59.076581:2024-03-22 04:49:59.076403: Current epoch: 536, loss: 0.01785850338637829, validation loss: 0.10543428361415863
2024-03-22 04:50:17.990978:2024-03-22 04:50:17.990848: Current epoch: 537, loss: 0.018033815547823906, validation loss: 0.10559431463479996
2024-03-22 04:50:37.236297:2024-03-22 04:50:37.236170: Current epoch: 538, loss: 0.017675867304205894, validation loss: 0.10574115067720413
2024-03-22 04:50:56.487518:2024-03-22 04:50:56.487391: Current epoch: 539, loss: 0.017581012099981308, validation loss: 0.10499206930398941
2024-03-22 04:51:15.517402:2024-03-22 04:51:15.517330: Current epoch: 540, loss: 0.017939303070306778, validation loss: 0.10761278122663498
2024-03-22 04:51:34.485630:2024-03-22 04:51:34.485469: Current epoch: 541, loss: 0.0181089136749506, validation loss: 0.10432102531194687
2024-03-22 04:51:53.304910:2024-03-22 04:51:53.304751: Current epoch: 542, loss: 0.017729200422763824, validation loss: 0.10481465607881546
2024-03-22 04:52:12.417751:2024-03-22 04:52:12.417635: Current epoch: 543, loss: 0.017718423157930374, validation loss: 0.10599865764379501
2024-03-22 04:52:31.517500:2024-03-22 04:52:31.517281: Current epoch: 544, loss: 0.01782277040183544, validation loss: 0.1062878668308258
2024-03-22 04:52:50.582781:2024-03-22 04:52:50.582711: Current epoch: 545, loss: 0.01771674118936062, validation loss: 0.10579438507556915
2024-03-22 04:53:09.487822:2024-03-22 04:53:09.487683: Current epoch: 546, loss: 0.0177141260355711, validation loss: 0.10712374746799469
2024-03-22 04:53:28.912200:2024-03-22 04:53:28.912090: Current epoch: 547, loss: 0.017490265890955925, validation loss: 0.1050804927945137
2024-03-22 04:53:46.463641:2024-03-22 04:53:46.463517: Current epoch: 548, loss: 0.017529385164380074, validation loss: 0.1054176464676857
2024-03-22 04:54:02.769245:2024-03-22 04:54:02.769136: Current epoch: 549, loss: 0.017666557803750038, validation loss: 0.10493090748786926
2024-03-22 04:54:22.085201:2024-03-22 04:54:22.085069: Current epoch: 550, loss: 0.017453564330935478, validation loss: 0.10574481636285782
2024-03-22 04:54:23.640234:the test error is  [0.10175436735153198, 0.10175436735153198]
2024-03-22 04:54:27.083573:saved model to sample/matbert-base-cased_chemnlp_prop_formation_energy_peratom
2024-03-22 04:54:28.165687:done