
2024-03-21 20:46:04.145227:job config: {'train_data_path': '/data/yll6162/alignntl_dft_3d/tl_dataset/dataset_matbert-base-cased_robo_prop_Tc_supercon_train.csv', 'val_data_path': '/data/yll6162/alignntl_dft_3d/tl_dataset/dataset_matbert-base-cased_robo_prop_Tc_supercon_val.csv', 'test_data_path': '/data/yll6162/alignntl_dft_3d/tl_dataset/dataset_matbert-base-cased_robo_prop_Tc_supercon_test.csv', 'label': 'Tc_supercon', 'input_type': None, 'log_folder': 'log', 'log_file': 'matbert-base-cased_robo_prop_Tc_supercon.log', 'test_metric': 'mae', 'architecture': '1024Rx4D-512Rx3D-256Rx3D-128Rx3D-64Rx2-32Rx1-1', 'model_seed': 0, 'loss_type': 'mae', 'config_file': 'sample/matbert-base-cased_robo_prop_Tc_supercon_job.config', 'use_valid': True, 'project': 'MOF', 'regressors': None, 'input_types': None, 'paramsGrid': {'optimizer': 'Adam', 'learning_rate': 0.0001, 'patience': 200, 'dropouts': [0.8, 0.9, 0.7, 0.8], 'EVAL_FREQUENCY': 1000}, 'save_path': 'sample/matbert-base-cased_robo_prop_Tc_supercon', 'model_path': None, 'last_layer_with_weight': True, 'keras_path': 'model/matbert-base-cased_robo_prop_Tc_supercon', 'test_size': None, 'val_size': None}
2024-03-21 20:46:04.145297:train data path is  /data/yll6162/alignntl_dft_3d/tl_dataset/dataset_matbert-base-cased_robo_prop_Tc_supercon_train.csv
2024-03-21 20:46:04.305796:input attribute sets are:  None
2024-03-21 20:46:04.305997:test data path is  /data/yll6162/alignntl_dft_3d/tl_dataset/dataset_matbert-base-cased_robo_prop_Tc_supercon_test.csv
2024-03-21 20:46:04.359013:val data path is  /data/yll6162/alignntl_dft_3d/tl_dataset/dataset_matbert-base-cased_robo_prop_Tc_supercon_val.csv
2024-03-21 20:46:04.411403:input attributes are:  Index(['0', '1', '2', '3', '4', '5', '6', '7', '8', '9',
       ...
       '758', '759', '760', '761', '762', '763', '764', '765', '766', '767'],
      dtype='object', length=768)
2024-03-21 20:46:04.411504:label: Tc_supercon
2024-03-21 20:46:10.791321: train, test, valid sizes:  (842, 768) (842,) (106, 768) (106,) (106, 768) (106,)
2024-03-21 20:46:10.797896:train matrix shape of train_X:  (842, 768)  train_y:  (842,)
2024-03-21 20:46:10.797986:valid matrix shape of train_X:  (106, 768)  valid_y:  (106,)
2024-03-21 20:46:10.798027:test matrix shape of valid_X:   (106, 768)  test_y:  (106,)
2024-03-21 20:46:10.798064:architecture is:  1024Rx4D-512Rx3D-256Rx3D-128Rx3D-64Rx2-32Rx1-1
2024-03-21 20:46:10.798101:learning rate is  0.0001
2024-03-21 20:46:10.798135:model path is  None
2024-03-21 20:46:10.820189:adding fully connected layers with 1024 outputs
2024-03-21 20:46:11.416968:adding residual with fc as the size are different
2024-03-21 20:46:11.433627:adding fully connected layers with 1024 outputs
2024-03-21 20:46:11.445596:adding residual, both sizes are same
2024-03-21 20:46:11.450152:adding fully connected layers with 1024 outputs
2024-03-21 20:46:11.461786:adding residual, both sizes are same
2024-03-21 20:46:11.466198:adding fully connected layers with 1024 outputs
2024-03-21 20:46:11.477526:adding residual, both sizes are same
2024-03-21 20:46:11.482437:adding dropout 0.8
2024-03-21 20:46:11.500505:adding fully connected layers with 512 outputs
2024-03-21 20:46:11.525260:adding residual with fc as the size are different
2024-03-21 20:46:11.533212:adding fully connected layers with 512 outputs
2024-03-21 20:46:11.538688:adding residual, both sizes are same
2024-03-21 20:46:11.540553:adding fully connected layers with 512 outputs
2024-03-21 20:46:11.545408:adding residual, both sizes are same
2024-03-21 20:46:11.547273:adding dropout 0.9
2024-03-21 20:46:11.548905:adding fully connected layers with 256 outputs
2024-03-21 20:46:11.554120:adding residual with fc as the size are different
2024-03-21 20:46:11.560626:adding fully connected layers with 256 outputs
2024-03-21 20:46:11.565868:adding residual, both sizes are same
2024-03-21 20:46:11.567786:adding fully connected layers with 256 outputs
2024-03-21 20:46:11.572802:adding residual, both sizes are same
2024-03-21 20:46:11.577228:adding dropout 0.7
2024-03-21 20:46:11.581791:adding fully connected layers with 128 outputs
2024-03-21 20:46:11.595058:adding residual with fc as the size are different
2024-03-21 20:46:11.611783:adding fully connected layers with 128 outputs
2024-03-21 20:46:11.621017:adding residual, both sizes are same
2024-03-21 20:46:11.622836:adding fully connected layers with 128 outputs
2024-03-21 20:46:11.627495:adding residual, both sizes are same
2024-03-21 20:46:11.629568:adding dropout 0.8
2024-03-21 20:46:11.631153:adding fully connected layers with 64 outputs
2024-03-21 20:46:11.640279:adding residual with fc as the size are different
2024-03-21 20:46:11.646370:adding fully connected layers with 64 outputs
2024-03-21 20:46:11.656139:adding residual, both sizes are same
2024-03-21 20:46:11.657976:adding fully connected layers with 32 outputs
2024-03-21 20:46:11.667563:adding residual with fc as the size are different
2024-03-21 20:46:11.674063:adding final layer with 1 output
2024-03-21 20:46:11.689158:Model: "ElemNet"
2024-03-21 20:46:11.689233:__________________________________________________________________________________________________
2024-03-21 20:46:11.689284:Layer (type)                    Output Shape         Param #     Connected to                     
2024-03-21 20:46:11.689322:==================================================================================================
2024-03-21 20:46:11.689573:elemental_fractions (InputLayer [(None, 768)]        0                                            
2024-03-21 20:46:11.689623:__________________________________________________________________________________________________
2024-03-21 20:46:11.689781:fc0_0 (Dense)                   (None, 1024)         787456      elemental_fractions[0][0]        
2024-03-21 20:46:11.689830:__________________________________________________________________________________________________
2024-03-21 20:46:11.689946:fc0_dim_0 (Dense)               (None, 1024)         787456      elemental_fractions[0][0]        
2024-03-21 20:46:11.689991:__________________________________________________________________________________________________
2024-03-21 20:46:11.690075:tf.__operators__.add (TFOpLambd (None, 1024)         0           fc0_0[0][0]                      
2024-03-21 20:46:11.690120:                                                                 fc0_dim_0[0][0]                  
2024-03-21 20:46:11.690157:__________________________________________________________________________________________________
2024-03-21 20:46:11.690265:fc0_1 (Dense)                   (None, 1024)         1049600     tf.__operators__.add[0][0]       
2024-03-21 20:46:11.690309:__________________________________________________________________________________________________
2024-03-21 20:46:11.690388:tf.__operators__.add_1 (TFOpLam (None, 1024)         0           fc0_1[0][0]                      
2024-03-21 20:46:11.690432:                                                                 tf.__operators__.add[0][0]       
2024-03-21 20:46:11.690475:__________________________________________________________________________________________________
2024-03-21 20:46:11.690581:fc0_2 (Dense)                   (None, 1024)         1049600     tf.__operators__.add_1[0][0]     
2024-03-21 20:46:11.690624:__________________________________________________________________________________________________
2024-03-21 20:46:11.690702:tf.__operators__.add_2 (TFOpLam (None, 1024)         0           fc0_2[0][0]                      
2024-03-21 20:46:11.690756:                                                                 tf.__operators__.add_1[0][0]     
2024-03-21 20:46:11.690791:__________________________________________________________________________________________________
2024-03-21 20:46:11.690892:fc0_3 (Dense)                   (None, 1024)         1049600     tf.__operators__.add_2[0][0]     
2024-03-21 20:46:11.690933:__________________________________________________________________________________________________
2024-03-21 20:46:11.691008:tf.__operators__.add_3 (TFOpLam (None, 1024)         0           fc0_3[0][0]                      
2024-03-21 20:46:11.691051:                                                                 tf.__operators__.add_2[0][0]     
2024-03-21 20:46:11.691093:__________________________________________________________________________________________________
2024-03-21 20:46:11.691172:dropout (Dropout)               (None, 1024)         0           tf.__operators__.add_3[0][0]     
2024-03-21 20:46:11.691210:__________________________________________________________________________________________________
2024-03-21 20:46:11.691314:fc1_0 (Dense)                   (None, 512)          524800      dropout[0][0]                    
2024-03-21 20:46:11.691355:__________________________________________________________________________________________________
2024-03-21 20:46:11.691462:fc1_dim_0 (Dense)               (None, 512)          524800      dropout[0][0]                    
2024-03-21 20:46:11.691522:__________________________________________________________________________________________________
2024-03-21 20:46:11.691601:tf.__operators__.add_4 (TFOpLam (None, 512)          0           fc1_0[0][0]                      
2024-03-21 20:46:11.691645:                                                                 fc1_dim_0[0][0]                  
2024-03-21 20:46:11.691681:__________________________________________________________________________________________________
2024-03-21 20:46:11.691785:fc1_1 (Dense)                   (None, 512)          262656      tf.__operators__.add_4[0][0]     
2024-03-21 20:46:11.691827:__________________________________________________________________________________________________
2024-03-21 20:46:11.691905:tf.__operators__.add_5 (TFOpLam (None, 512)          0           fc1_1[0][0]                      
2024-03-21 20:46:11.691948:                                                                 tf.__operators__.add_4[0][0]     
2024-03-21 20:46:11.691984:__________________________________________________________________________________________________
2024-03-21 20:46:11.692087:fc1_2 (Dense)                   (None, 512)          262656      tf.__operators__.add_5[0][0]     
2024-03-21 20:46:11.692129:__________________________________________________________________________________________________
2024-03-21 20:46:11.692206:tf.__operators__.add_6 (TFOpLam (None, 512)          0           fc1_2[0][0]                      
2024-03-21 20:46:11.692249:                                                                 tf.__operators__.add_5[0][0]     
2024-03-21 20:46:11.692285:__________________________________________________________________________________________________
2024-03-21 20:46:11.692360:dropout_1 (Dropout)             (None, 512)          0           tf.__operators__.add_6[0][0]     
2024-03-21 20:46:11.692398:__________________________________________________________________________________________________
2024-03-21 20:46:11.692508:fc2_0 (Dense)                   (None, 256)          131328      dropout_1[0][0]                  
2024-03-21 20:46:11.692551:__________________________________________________________________________________________________
2024-03-21 20:46:11.692654:fc2_dim_0 (Dense)               (None, 256)          131328      dropout_1[0][0]                  
2024-03-21 20:46:11.692708:__________________________________________________________________________________________________
2024-03-21 20:46:11.692782:tf.__operators__.add_7 (TFOpLam (None, 256)          0           fc2_0[0][0]                      
2024-03-21 20:46:11.692823:                                                                 fc2_dim_0[0][0]                  
2024-03-21 20:46:11.692858:__________________________________________________________________________________________________
2024-03-21 20:46:11.692958:fc2_1 (Dense)                   (None, 256)          65792       tf.__operators__.add_7[0][0]     
2024-03-21 20:46:11.692999:__________________________________________________________________________________________________
2024-03-21 20:46:11.693072:tf.__operators__.add_8 (TFOpLam (None, 256)          0           fc2_1[0][0]                      
2024-03-21 20:46:11.693120:                                                                 tf.__operators__.add_7[0][0]     
2024-03-21 20:46:11.693156:__________________________________________________________________________________________________
2024-03-21 20:46:11.693255:fc2_2 (Dense)                   (None, 256)          65792       tf.__operators__.add_8[0][0]     
2024-03-21 20:46:11.693312:__________________________________________________________________________________________________
2024-03-21 20:46:11.693390:tf.__operators__.add_9 (TFOpLam (None, 256)          0           fc2_2[0][0]                      
2024-03-21 20:46:11.693433:                                                                 tf.__operators__.add_8[0][0]     
2024-03-21 20:46:11.693491:__________________________________________________________________________________________________
2024-03-21 20:46:11.693568:dropout_2 (Dropout)             (None, 256)          0           tf.__operators__.add_9[0][0]     
2024-03-21 20:46:11.693684:__________________________________________________________________________________________________
2024-03-21 20:46:11.693950:fc3_0 (Dense)                   (None, 128)          32896       dropout_2[0][0]                  
2024-03-21 20:46:11.694019:__________________________________________________________________________________________________
2024-03-21 20:46:11.694163:fc3_dim_0 (Dense)               (None, 128)          32896       dropout_2[0][0]                  
2024-03-21 20:46:11.694223:__________________________________________________________________________________________________
2024-03-21 20:46:11.694330:tf.__operators__.add_10 (TFOpLa (None, 128)          0           fc3_0[0][0]                      
2024-03-21 20:46:11.694386:                                                                 fc3_dim_0[0][0]                  
2024-03-21 20:46:11.694433:__________________________________________________________________________________________________
2024-03-21 20:46:11.694582:fc3_1 (Dense)                   (None, 128)          16512       tf.__operators__.add_10[0][0]    
2024-03-21 20:46:11.694637:__________________________________________________________________________________________________
2024-03-21 20:46:11.694748:tf.__operators__.add_11 (TFOpLa (None, 128)          0           fc3_1[0][0]                      
2024-03-21 20:46:11.694811:                                                                 tf.__operators__.add_10[0][0]    
2024-03-21 20:46:11.694863:__________________________________________________________________________________________________
2024-03-21 20:46:11.695010:fc3_2 (Dense)                   (None, 128)          16512       tf.__operators__.add_11[0][0]    
2024-03-21 20:46:11.695071:__________________________________________________________________________________________________
2024-03-21 20:46:11.695180:tf.__operators__.add_12 (TFOpLa (None, 128)          0           fc3_2[0][0]                      
2024-03-21 20:46:11.695243:                                                                 tf.__operators__.add_11[0][0]    
2024-03-21 20:46:11.695297:__________________________________________________________________________________________________
2024-03-21 20:46:11.695407:dropout_3 (Dropout)             (None, 128)          0           tf.__operators__.add_12[0][0]    
2024-03-21 20:46:11.695473:__________________________________________________________________________________________________
2024-03-21 20:46:11.695626:fc4_0 (Dense)                   (None, 64)           8256        dropout_3[0][0]                  
2024-03-21 20:46:11.695687:__________________________________________________________________________________________________
2024-03-21 20:46:11.695832:fc4_dim_0 (Dense)               (None, 64)           8256        dropout_3[0][0]                  
2024-03-21 20:46:11.695893:__________________________________________________________________________________________________
2024-03-21 20:46:11.696002:tf.__operators__.add_13 (TFOpLa (None, 64)           0           fc4_0[0][0]                      
2024-03-21 20:46:11.696072:                                                                 fc4_dim_0[0][0]                  
2024-03-21 20:46:11.696124:__________________________________________________________________________________________________
2024-03-21 20:46:11.696271:fc4_1 (Dense)                   (None, 64)           4160        tf.__operators__.add_13[0][0]    
2024-03-21 20:46:11.696331:__________________________________________________________________________________________________
2024-03-21 20:46:11.696438:tf.__operators__.add_14 (TFOpLa (None, 64)           0           fc4_1[0][0]                      
2024-03-21 20:46:11.696508:                                                                 tf.__operators__.add_13[0][0]    
2024-03-21 20:46:11.696560:__________________________________________________________________________________________________
2024-03-21 20:46:11.696705:fc5_0 (Dense)                   (None, 32)           2080        tf.__operators__.add_14[0][0]    
2024-03-21 20:46:11.696766:__________________________________________________________________________________________________
2024-03-21 20:46:11.696910:fc5_dim_0 (Dense)               (None, 32)           2080        tf.__operators__.add_14[0][0]    
2024-03-21 20:46:11.696971:__________________________________________________________________________________________________
2024-03-21 20:46:11.697081:tf.__operators__.add_15 (TFOpLa (None, 32)           0           fc5_0[0][0]                      
2024-03-21 20:46:11.697143:                                                                 fc5_dim_0[0][0]                  
2024-03-21 20:46:11.697195:__________________________________________________________________________________________________
2024-03-21 20:46:11.697339:fc6 (Dense)                     (None, 1)            33          tf.__operators__.add_15[0][0]    
2024-03-21 20:46:11.697399:==================================================================================================
2024-03-21 20:46:11.698284:Total params: 6,816,545
2024-03-21 20:46:11.698358:Trainable params: 6,816,545
2024-03-21 20:46:11.698413:Non-trainable params: 0
2024-03-21 20:46:11.698469:__________________________________________________________________________________________________
2024-03-21 20:46:11.710360:start training
2024-03-21 20:46:13.904979:2024-03-21 20:46:13.904927: Current epoch: 0, loss: 21.24669647216797, validation loss: 22.508943557739258
2024-03-21 20:46:14.257287:2024-03-21 20:46:14.257211: Current epoch: 1, loss: 8.326115608215332, validation loss: 3.463837146759033
2024-03-21 20:46:14.517365:2024-03-21 20:46:14.517322: Current epoch: 2, loss: 3.3369998931884766, validation loss: 2.57281231880188
2024-03-21 20:46:14.889840:2024-03-21 20:46:14.889792: Current epoch: 3, loss: 3.4313619136810303, validation loss: 4.057446002960205
2024-03-21 20:46:15.242632:2024-03-21 20:46:15.242597: Current epoch: 4, loss: 3.979914903640747, validation loss: 3.4200828075408936
2024-03-21 20:46:15.602227:2024-03-21 20:46:15.602167: Current epoch: 5, loss: 3.1529030799865723, validation loss: 2.791433095932007
2024-03-21 20:46:15.912195:2024-03-21 20:46:15.912144: Current epoch: 6, loss: 3.1293628215789795, validation loss: 4.8821916580200195
2024-03-21 20:46:16.181598:2024-03-21 20:46:16.181530: Current epoch: 7, loss: 3.370004415512085, validation loss: 4.512584686279297
2024-03-21 20:46:16.553561:2024-03-21 20:46:16.553499: Current epoch: 8, loss: 3.44472599029541, validation loss: 2.6730637550354004
2024-03-21 20:46:16.930809:2024-03-21 20:46:16.930743: Current epoch: 9, loss: 3.523421287536621, validation loss: 2.71763014793396
2024-03-21 20:46:20.811886:2024-03-21 20:46:20.811814: Current epoch: 10, loss: 2.909764528274536, validation loss: 4.55637788772583
2024-03-21 20:46:21.055052:2024-03-21 20:46:21.054983: Current epoch: 11, loss: 3.6933655738830566, validation loss: 2.894486904144287
2024-03-21 20:46:21.454196:2024-03-21 20:46:21.453963: Current epoch: 12, loss: 3.210001230239868, validation loss: 3.3333468437194824
2024-03-21 20:46:21.897301:2024-03-21 20:46:21.896878: Current epoch: 13, loss: 2.7676947116851807, validation loss: 2.539090394973755
2024-03-21 20:46:22.352342:2024-03-21 20:46:22.352268: Current epoch: 14, loss: 2.5216751098632812, validation loss: 2.3882555961608887
2024-03-21 20:46:22.726319:2024-03-21 20:46:22.726257: Current epoch: 15, loss: 2.6199066638946533, validation loss: 2.873650074005127
2024-03-21 20:46:23.120846:2024-03-21 20:46:23.120787: Current epoch: 16, loss: 2.8170580863952637, validation loss: 2.808237314224243
2024-03-21 20:46:23.470519:2024-03-21 20:46:23.470441: Current epoch: 17, loss: 2.6030161380767822, validation loss: 2.5001139640808105
2024-03-21 20:46:23.913906:2024-03-21 20:46:23.913784: Current epoch: 18, loss: 2.664393424987793, validation loss: 2.959977626800537
2024-03-21 20:46:24.261130:2024-03-21 20:46:24.261047: Current epoch: 19, loss: 2.8435120582580566, validation loss: 2.537790298461914
2024-03-21 20:46:28.059365:2024-03-21 20:46:28.059259: Current epoch: 20, loss: 2.401059150695801, validation loss: 2.527446746826172
2024-03-21 20:46:28.395074:2024-03-21 20:46:28.395009: Current epoch: 21, loss: 2.5141847133636475, validation loss: 2.3995285034179688
2024-03-21 20:46:28.680959:2024-03-21 20:46:28.680894: Current epoch: 22, loss: 2.2949278354644775, validation loss: 2.5225610733032227
2024-03-21 20:46:28.910491:2024-03-21 20:46:28.910428: Current epoch: 23, loss: 2.3850762844085693, validation loss: 2.5445594787597656
2024-03-21 20:46:29.283278:2024-03-21 20:46:29.283226: Current epoch: 24, loss: 2.436344861984253, validation loss: 2.9124584197998047
2024-03-21 20:46:29.668619:2024-03-21 20:46:29.668563: Current epoch: 25, loss: 2.273329973220825, validation loss: 2.869734764099121
2024-03-21 20:46:30.021148:2024-03-21 20:46:30.021072: Current epoch: 26, loss: 2.5518462657928467, validation loss: 2.3608620166778564
2024-03-21 20:46:30.313839:2024-03-21 20:46:30.313773: Current epoch: 27, loss: 2.2848284244537354, validation loss: 2.6282825469970703
2024-03-21 20:46:30.569683:2024-03-21 20:46:30.569606: Current epoch: 28, loss: 2.6454176902770996, validation loss: 2.910444498062134
2024-03-21 20:46:30.945242:2024-03-21 20:46:30.945171: Current epoch: 29, loss: 2.4640309810638428, validation loss: 2.6509010791778564
2024-03-21 20:46:31.342169:2024-03-21 20:46:31.342057: Current epoch: 30, loss: 2.525012254714966, validation loss: 2.6348605155944824
2024-03-21 20:46:31.740287:2024-03-21 20:46:31.739760: Current epoch: 31, loss: 2.352482318878174, validation loss: 2.2900874614715576
2024-03-21 20:46:32.018894:2024-03-21 20:46:32.018852: Current epoch: 32, loss: 2.127495288848877, validation loss: 2.224520444869995
2024-03-21 20:46:32.418589:2024-03-21 20:46:32.418494: Current epoch: 33, loss: 2.6671154499053955, validation loss: 2.4967122077941895
2024-03-21 20:46:32.865650:2024-03-21 20:46:32.865568: Current epoch: 34, loss: 2.302856683731079, validation loss: 2.0693275928497314
2024-03-21 20:46:33.169203:2024-03-21 20:46:33.169137: Current epoch: 35, loss: 2.269378900527954, validation loss: 2.241455316543579
2024-03-21 20:46:33.425132:2024-03-21 20:46:33.425011: Current epoch: 36, loss: 2.1645984649658203, validation loss: 2.4630775451660156
2024-03-21 20:46:33.826219:2024-03-21 20:46:33.826133: Current epoch: 37, loss: 2.050755500793457, validation loss: 2.5864312648773193
2024-03-21 20:46:34.234609:2024-03-21 20:46:34.234533: Current epoch: 38, loss: 2.146812677383423, validation loss: 2.654315233230591
2024-03-21 20:46:34.532496:2024-03-21 20:46:34.532452: Current epoch: 39, loss: 2.2171151638031006, validation loss: 2.272078275680542
2024-03-21 20:46:38.091561:2024-03-21 20:46:38.091437: Current epoch: 40, loss: 2.032715082168579, validation loss: 2.353627920150757
2024-03-21 20:46:38.447310:2024-03-21 20:46:38.447148: Current epoch: 41, loss: 2.1592516899108887, validation loss: 2.248037576675415
2024-03-21 20:46:38.770175:2024-03-21 20:46:38.770101: Current epoch: 42, loss: 1.9779554605484009, validation loss: 2.681154727935791
2024-03-21 20:46:39.047536:2024-03-21 20:46:39.047454: Current epoch: 43, loss: 2.204742908477783, validation loss: 2.4025063514709473
2024-03-21 20:46:39.447057:2024-03-21 20:46:39.446993: Current epoch: 44, loss: 2.004513740539551, validation loss: 2.3910887241363525
2024-03-21 20:46:39.827012:2024-03-21 20:46:39.826966: Current epoch: 45, loss: 2.0589194297790527, validation loss: 2.158926248550415
2024-03-21 20:46:40.162146:2024-03-21 20:46:40.162060: Current epoch: 46, loss: 1.946614384651184, validation loss: 2.2355828285217285
2024-03-21 20:46:40.520715:2024-03-21 20:46:40.520616: Current epoch: 47, loss: 1.9802024364471436, validation loss: 2.4541637897491455
2024-03-21 20:46:40.793126:2024-03-21 20:46:40.793053: Current epoch: 48, loss: 1.8509082794189453, validation loss: 2.186901092529297
2024-03-21 20:46:41.185292:2024-03-21 20:46:41.185231: Current epoch: 49, loss: 1.9665244817733765, validation loss: 2.203929901123047
2024-03-21 20:46:44.803828:2024-03-21 20:46:44.803755: Current epoch: 50, loss: 1.8653900623321533, validation loss: 2.6302006244659424
2024-03-21 20:46:45.095643:2024-03-21 20:46:45.095583: Current epoch: 51, loss: 1.868204951286316, validation loss: 2.2545366287231445
2024-03-21 20:46:45.321636:2024-03-21 20:46:45.321573: Current epoch: 52, loss: 1.8088887929916382, validation loss: 2.09828782081604
2024-03-21 20:46:45.699527:2024-03-21 20:46:45.699397: Current epoch: 53, loss: 1.7869915962219238, validation loss: 3.1080145835876465
2024-03-21 20:46:46.077919:2024-03-21 20:46:46.077853: Current epoch: 54, loss: 1.797844648361206, validation loss: 2.1707184314727783
2024-03-21 20:46:46.359652:2024-03-21 20:46:46.359586: Current epoch: 55, loss: 1.551482915878296, validation loss: 2.4839460849761963
2024-03-21 20:46:46.641239:2024-03-21 20:46:46.641195: Current epoch: 56, loss: 1.9235426187515259, validation loss: 1.8705922365188599
2024-03-21 20:46:47.020395:2024-03-21 20:46:47.020352: Current epoch: 57, loss: 1.774901032447815, validation loss: 2.7143023014068604
2024-03-21 20:46:47.403052:2024-03-21 20:46:47.402919: Current epoch: 58, loss: 1.844267725944519, validation loss: 2.4018447399139404
2024-03-21 20:46:47.734900:2024-03-21 20:46:47.734835: Current epoch: 59, loss: 1.7356727123260498, validation loss: 2.180224657058716
2024-03-21 20:46:51.652206:2024-03-21 20:46:51.652124: Current epoch: 60, loss: 1.7194561958312988, validation loss: 2.4802491664886475
2024-03-21 20:46:52.028040:2024-03-21 20:46:52.027972: Current epoch: 61, loss: 1.7271695137023926, validation loss: 2.1935641765594482
2024-03-21 20:46:52.418079:2024-03-21 20:46:52.418022: Current epoch: 62, loss: 1.5722450017929077, validation loss: 2.186098575592041
2024-03-21 20:46:52.769914:2024-03-21 20:46:52.769840: Current epoch: 63, loss: 1.5396612882614136, validation loss: 2.563621997833252
2024-03-21 20:46:53.083000:2024-03-21 20:46:53.082963: Current epoch: 64, loss: 1.5164364576339722, validation loss: 2.201556444168091
2024-03-21 20:46:53.407136:2024-03-21 20:46:53.407079: Current epoch: 65, loss: 1.43056058883667, validation loss: 2.193678855895996
2024-03-21 20:46:53.813624:2024-03-21 20:46:53.813559: Current epoch: 66, loss: 1.4117016792297363, validation loss: 2.0198276042938232
2024-03-21 20:46:54.197732:2024-03-21 20:46:54.197603: Current epoch: 67, loss: 1.523008942604065, validation loss: 2.226555109024048
2024-03-21 20:46:54.538189:2024-03-21 20:46:54.538126: Current epoch: 68, loss: 1.3275425434112549, validation loss: 2.053239583969116
2024-03-21 20:46:54.833156:2024-03-21 20:46:54.833098: Current epoch: 69, loss: 1.5352447032928467, validation loss: 2.7454845905303955
2024-03-21 20:46:55.095909:2024-03-21 20:46:55.095810: Current epoch: 70, loss: 1.4771144390106201, validation loss: 2.292449951171875
2024-03-21 20:46:55.514341:2024-03-21 20:46:55.514271: Current epoch: 71, loss: 1.542730450630188, validation loss: 2.111356258392334
2024-03-21 20:46:55.937196:2024-03-21 20:46:55.937126: Current epoch: 72, loss: 1.3047561645507812, validation loss: 2.1003379821777344
2024-03-21 20:46:56.298572:2024-03-21 20:46:56.298507: Current epoch: 73, loss: 1.3903517723083496, validation loss: 2.273406505584717
2024-03-21 20:46:56.604716:2024-03-21 20:46:56.604650: Current epoch: 74, loss: 1.4367623329162598, validation loss: 2.1815812587738037
2024-03-21 20:46:56.832179:2024-03-21 20:46:56.832108: Current epoch: 75, loss: 1.5928518772125244, validation loss: 1.9878607988357544
2024-03-21 20:46:57.211839:2024-03-21 20:46:57.211789: Current epoch: 76, loss: 1.2764005661010742, validation loss: 2.0964808464050293
2024-03-21 20:46:57.607826:2024-03-21 20:46:57.607757: Current epoch: 77, loss: 1.303663969039917, validation loss: 2.037776231765747
2024-03-21 20:46:57.967150:2024-03-21 20:46:57.967081: Current epoch: 78, loss: 1.2358887195587158, validation loss: 2.24430251121521
2024-03-21 20:46:58.274321:2024-03-21 20:46:58.274082: Current epoch: 79, loss: 1.5208364725112915, validation loss: 1.9772292375564575
2024-03-21 20:47:01.841723:2024-03-21 20:47:01.841654: Current epoch: 80, loss: 1.4815343618392944, validation loss: 2.0829238891601562
2024-03-21 20:47:02.084132:2024-03-21 20:47:02.084060: Current epoch: 81, loss: 1.2967249155044556, validation loss: 1.88455069065094
2024-03-21 20:47:02.476085:2024-03-21 20:47:02.475965: Current epoch: 82, loss: 1.2199136018753052, validation loss: 2.2736523151397705
2024-03-21 20:47:02.866153:2024-03-21 20:47:02.866059: Current epoch: 83, loss: 1.2754465341567993, validation loss: 2.0449297428131104
2024-03-21 20:47:03.212089:2024-03-21 20:47:03.212019: Current epoch: 84, loss: 1.2758797407150269, validation loss: 2.1097047328948975
2024-03-21 20:47:03.540402:2024-03-21 20:47:03.540326: Current epoch: 85, loss: 1.3754340410232544, validation loss: 2.5485434532165527
2024-03-21 20:47:03.785358:2024-03-21 20:47:03.785321: Current epoch: 86, loss: 1.3143161535263062, validation loss: 2.0143847465515137
2024-03-21 20:47:04.194498:2024-03-21 20:47:04.194399: Current epoch: 87, loss: 1.2997236251831055, validation loss: 2.2486367225646973
2024-03-21 20:47:04.596923:2024-03-21 20:47:04.596866: Current epoch: 88, loss: 1.2017678022384644, validation loss: 2.158970355987549
2024-03-21 20:47:04.940702:2024-03-21 20:47:04.940630: Current epoch: 89, loss: 1.1788381338119507, validation loss: 1.9999797344207764
2024-03-21 20:47:05.235625:2024-03-21 20:47:05.235537: Current epoch: 90, loss: 1.0847495794296265, validation loss: 1.890587329864502
2024-03-21 20:47:05.485803:2024-03-21 20:47:05.485738: Current epoch: 91, loss: 1.0907857418060303, validation loss: 1.9006667137145996
2024-03-21 20:47:05.865290:2024-03-21 20:47:05.865189: Current epoch: 92, loss: 1.0545920133590698, validation loss: 2.348114252090454
2024-03-21 20:47:06.246578:2024-03-21 20:47:06.246504: Current epoch: 93, loss: 1.2242170572280884, validation loss: 2.1177570819854736
2024-03-21 20:47:06.582271:2024-03-21 20:47:06.582209: Current epoch: 94, loss: 1.2625924348831177, validation loss: 2.124483108520508
2024-03-21 20:47:06.892831:2024-03-21 20:47:06.892625: Current epoch: 95, loss: 1.2689069509506226, validation loss: 1.9429320096969604
2024-03-21 20:47:07.174334:2024-03-21 20:47:07.174230: Current epoch: 96, loss: 1.0916029214859009, validation loss: 2.219261407852173
2024-03-21 20:47:07.558695:2024-03-21 20:47:07.558627: Current epoch: 97, loss: 1.1230589151382446, validation loss: 2.1524085998535156
2024-03-21 20:47:07.925047:2024-03-21 20:47:07.924976: Current epoch: 98, loss: 1.12565016746521, validation loss: 1.883414626121521
2024-03-21 20:47:08.276137:2024-03-21 20:47:08.276063: Current epoch: 99, loss: 0.9848083257675171, validation loss: 1.934746503829956
2024-03-21 20:47:12.335819:2024-03-21 20:47:12.335722: Current epoch: 100, loss: 1.0592234134674072, validation loss: 1.9162508249282837
2024-03-21 20:47:12.691358:2024-03-21 20:47:12.691235: Current epoch: 101, loss: 0.9645304679870605, validation loss: 2.342205762863159
2024-03-21 20:47:12.944196:2024-03-21 20:47:12.944158: Current epoch: 102, loss: 1.0898231267929077, validation loss: 2.003154993057251
2024-03-21 20:47:13.329558:2024-03-21 20:47:13.329485: Current epoch: 103, loss: 1.1129077672958374, validation loss: 2.4568769931793213
2024-03-21 20:47:13.745969:2024-03-21 20:47:13.745887: Current epoch: 104, loss: 1.3955844640731812, validation loss: 2.1728146076202393
2024-03-21 20:47:14.164483:2024-03-21 20:47:14.164377: Current epoch: 105, loss: 1.1526516675949097, validation loss: 1.8584742546081543
2024-03-21 20:47:14.444939:2024-03-21 20:47:14.444880: Current epoch: 106, loss: 1.1005713939666748, validation loss: 1.9466456174850464
2024-03-21 20:47:14.684570:2024-03-21 20:47:14.684518: Current epoch: 107, loss: 1.112518548965454, validation loss: 1.9776790142059326
2024-03-21 20:47:15.082247:2024-03-21 20:47:15.082171: Current epoch: 108, loss: 0.9778233766555786, validation loss: 1.9744045734405518
2024-03-21 20:47:15.475450:2024-03-21 20:47:15.475380: Current epoch: 109, loss: 0.950804591178894, validation loss: 1.8899208307266235
2024-03-21 20:47:19.044180:2024-03-21 20:47:19.044103: Current epoch: 110, loss: 0.9531108140945435, validation loss: 1.8733339309692383
2024-03-21 20:47:19.302215:2024-03-21 20:47:19.302182: Current epoch: 111, loss: 0.9365153908729553, validation loss: 2.0140655040740967
2024-03-21 20:47:19.601648:2024-03-21 20:47:19.601586: Current epoch: 112, loss: 1.0397542715072632, validation loss: 1.9509599208831787
2024-03-21 20:47:19.986079:2024-03-21 20:47:19.986008: Current epoch: 113, loss: 0.9373080730438232, validation loss: 2.1175880432128906
2024-03-21 20:47:20.407145:2024-03-21 20:47:20.407062: Current epoch: 114, loss: 1.191004991531372, validation loss: 2.232987642288208
2024-03-21 20:47:20.703758:2024-03-21 20:47:20.703691: Current epoch: 115, loss: 1.2116303443908691, validation loss: 2.3096425533294678
2024-03-21 20:47:20.961751:2024-03-21 20:47:20.961679: Current epoch: 116, loss: 1.1646759510040283, validation loss: 1.9265791177749634
2024-03-21 20:47:21.354248:2024-03-21 20:47:21.354178: Current epoch: 117, loss: 0.9830800890922546, validation loss: 2.0664591789245605
2024-03-21 20:47:21.743919:2024-03-21 20:47:21.743874: Current epoch: 118, loss: 1.0441819429397583, validation loss: 2.0709354877471924
2024-03-21 20:47:22.083400:2024-03-21 20:47:22.083301: Current epoch: 119, loss: 0.9823179841041565, validation loss: 2.0947248935699463
2024-03-21 20:47:22.412317:2024-03-21 20:47:22.412132: Current epoch: 120, loss: 0.9541499614715576, validation loss: 2.116689682006836
2024-03-21 20:47:22.671635:2024-03-21 20:47:22.671578: Current epoch: 121, loss: 1.151842713356018, validation loss: 2.011456251144409
2024-03-21 20:47:23.043749:2024-03-21 20:47:23.043700: Current epoch: 122, loss: 1.0268715620040894, validation loss: 2.154735565185547
2024-03-21 20:47:23.400719:2024-03-21 20:47:23.400656: Current epoch: 123, loss: 1.1303327083587646, validation loss: 2.022796392440796
2024-03-21 20:47:23.687115:2024-03-21 20:47:23.687051: Current epoch: 124, loss: 1.1153937578201294, validation loss: 2.1433563232421875
2024-03-21 20:47:23.930913:2024-03-21 20:47:23.930859: Current epoch: 125, loss: 0.9464746117591858, validation loss: 2.1818010807037354
2024-03-21 20:47:24.282863:2024-03-21 20:47:24.282794: Current epoch: 126, loss: 0.9326098561286926, validation loss: 2.059462308883667
2024-03-21 20:47:24.677479:2024-03-21 20:47:24.677368: Current epoch: 127, loss: 1.020302414894104, validation loss: 2.1465706825256348
2024-03-21 20:47:25.039373:2024-03-21 20:47:25.039312: Current epoch: 128, loss: 1.0630351305007935, validation loss: 2.050978899002075
2024-03-21 20:47:25.332539:2024-03-21 20:47:25.332508: Current epoch: 129, loss: 1.0188758373260498, validation loss: 1.9929600954055786
2024-03-21 20:47:25.650908:2024-03-21 20:47:25.650850: Current epoch: 130, loss: 0.8764369487762451, validation loss: 2.0622570514678955
2024-03-21 20:47:26.032672:2024-03-21 20:47:26.032634: Current epoch: 131, loss: 0.9971591234207153, validation loss: 2.224620819091797
2024-03-21 20:47:26.408988:2024-03-21 20:47:26.408903: Current epoch: 132, loss: 1.227509617805481, validation loss: 2.1296260356903076
2024-03-21 20:47:26.717814:2024-03-21 20:47:26.717751: Current epoch: 133, loss: 0.8970043063163757, validation loss: 2.035836935043335
2024-03-21 20:47:27.013333:2024-03-21 20:47:27.013289: Current epoch: 134, loss: 0.9755629301071167, validation loss: 2.1086342334747314
2024-03-21 20:47:27.429275:2024-03-21 20:47:27.429208: Current epoch: 135, loss: 0.8203696012496948, validation loss: 1.9195152521133423
2024-03-21 20:47:27.858991:2024-03-21 20:47:27.858885: Current epoch: 136, loss: 1.0574856996536255, validation loss: 2.14631724357605
2024-03-21 20:47:28.138054:2024-03-21 20:47:28.138023: Current epoch: 137, loss: 0.8407093286514282, validation loss: 2.0299267768859863
2024-03-21 20:47:28.482806:2024-03-21 20:47:28.482728: Current epoch: 138, loss: 0.8337392807006836, validation loss: 1.8988929986953735
2024-03-21 20:47:28.865325:2024-03-21 20:47:28.865283: Current epoch: 139, loss: 0.8415704369544983, validation loss: 2.0233874320983887
2024-03-21 20:47:29.174808:2024-03-21 20:47:29.174741: Current epoch: 140, loss: 0.9105740189552307, validation loss: 1.9930274486541748
2024-03-21 20:47:29.421887:2024-03-21 20:47:29.421846: Current epoch: 141, loss: 0.9641585946083069, validation loss: 1.9936468601226807
2024-03-21 20:47:29.804708:2024-03-21 20:47:29.804633: Current epoch: 142, loss: 0.819423496723175, validation loss: 2.089465379714966
2024-03-21 20:47:30.211484:2024-03-21 20:47:30.211404: Current epoch: 143, loss: 0.849700391292572, validation loss: 1.941174030303955
2024-03-21 20:47:30.516840:2024-03-21 20:47:30.516772: Current epoch: 144, loss: 0.93541419506073, validation loss: 1.8608084917068481
2024-03-21 20:47:30.763305:2024-03-21 20:47:30.763273: Current epoch: 145, loss: 0.7712864279747009, validation loss: 2.0815656185150146
2024-03-21 20:47:31.114730:2024-03-21 20:47:31.114634: Current epoch: 146, loss: 0.8473893404006958, validation loss: 2.1065945625305176
2024-03-21 20:47:31.504053:2024-03-21 20:47:31.503994: Current epoch: 147, loss: 0.8661186099052429, validation loss: 2.0972204208374023
2024-03-21 20:47:31.846496:2024-03-21 20:47:31.846413: Current epoch: 148, loss: 0.8052874207496643, validation loss: 2.0283823013305664
2024-03-21 20:47:32.130683:2024-03-21 20:47:32.130486: Current epoch: 149, loss: 0.893135130405426, validation loss: 1.9347853660583496
2024-03-21 20:47:32.375954:2024-03-21 20:47:32.375883: Current epoch: 150, loss: 0.8808414936065674, validation loss: 2.013031482696533
2024-03-21 20:47:32.748809:2024-03-21 20:47:32.748740: Current epoch: 151, loss: 0.8948235511779785, validation loss: 2.02944278717041
2024-03-21 20:47:33.138672:2024-03-21 20:47:33.138602: Current epoch: 152, loss: 0.8662944436073303, validation loss: 1.8858561515808105
2024-03-21 20:47:33.455618:2024-03-21 20:47:33.455557: Current epoch: 153, loss: 0.8371663093566895, validation loss: 1.9971057176589966
2024-03-21 20:47:33.729490:2024-03-21 20:47:33.729446: Current epoch: 154, loss: 0.81742262840271, validation loss: 1.98057222366333
2024-03-21 20:47:34.096212:2024-03-21 20:47:34.096140: Current epoch: 155, loss: 0.7917703986167908, validation loss: 1.9699466228485107
2024-03-21 20:47:34.462727:2024-03-21 20:47:34.462691: Current epoch: 156, loss: 0.9035499095916748, validation loss: 2.0761711597442627
2024-03-21 20:47:34.765531:2024-03-21 20:47:34.765453: Current epoch: 157, loss: 0.8252124190330505, validation loss: 1.9006259441375732
2024-03-21 20:47:35.081659:2024-03-21 20:47:35.081596: Current epoch: 158, loss: 0.8147656917572021, validation loss: 2.10504412651062
2024-03-21 20:47:35.348732:2024-03-21 20:47:35.348661: Current epoch: 159, loss: 0.9157227277755737, validation loss: 2.083439350128174
2024-03-21 20:47:35.742450:2024-03-21 20:47:35.742367: Current epoch: 160, loss: 0.9331308603286743, validation loss: 1.994722604751587
2024-03-21 20:47:36.123988:2024-03-21 20:47:36.123915: Current epoch: 161, loss: 0.989801824092865, validation loss: 2.0018789768218994
2024-03-21 20:47:36.428484:2024-03-21 20:47:36.428382: Current epoch: 162, loss: 0.8294525742530823, validation loss: 1.9465816020965576
2024-03-21 20:47:36.668506:2024-03-21 20:47:36.668442: Current epoch: 163, loss: 0.8072975277900696, validation loss: 1.8770219087600708
2024-03-21 20:47:37.015095:2024-03-21 20:47:37.015038: Current epoch: 164, loss: 0.7542760968208313, validation loss: 1.8831373453140259
2024-03-21 20:47:37.401603:2024-03-21 20:47:37.401531: Current epoch: 165, loss: 0.7228472828865051, validation loss: 1.9186714887619019
2024-03-21 20:47:37.800599:2024-03-21 20:47:37.800510: Current epoch: 166, loss: 0.7616641521453857, validation loss: 1.956119418144226
2024-03-21 20:47:38.085577:2024-03-21 20:47:38.085509: Current epoch: 167, loss: 0.7511780261993408, validation loss: 1.9082176685333252
2024-03-21 20:47:38.373564:2024-03-21 20:47:38.373490: Current epoch: 168, loss: 0.8065751194953918, validation loss: 1.9901444911956787
2024-03-21 20:47:38.749052:2024-03-21 20:47:38.749014: Current epoch: 169, loss: 0.8809250593185425, validation loss: 1.9564015865325928
2024-03-21 20:47:39.078991:2024-03-21 20:47:39.078922: Current epoch: 170, loss: 0.8570540547370911, validation loss: 1.987663745880127
2024-03-21 20:47:39.360167:2024-03-21 20:47:39.360115: Current epoch: 171, loss: 0.8220295310020447, validation loss: 2.0122182369232178
2024-03-21 20:47:39.689825:2024-03-21 20:47:39.689754: Current epoch: 172, loss: 0.791528046131134, validation loss: 2.0020432472229004
2024-03-21 20:47:40.093676:2024-03-21 20:47:40.093606: Current epoch: 173, loss: 0.7967788577079773, validation loss: 1.9805546998977661
2024-03-21 20:47:40.451954:2024-03-21 20:47:40.451892: Current epoch: 174, loss: 0.7345454096794128, validation loss: 1.9723411798477173
2024-03-21 20:47:40.766390:2024-03-21 20:47:40.766124: Current epoch: 175, loss: 0.8643380999565125, validation loss: 1.9038465023040771
2024-03-21 20:47:41.029712:2024-03-21 20:47:41.029653: Current epoch: 176, loss: 0.7409918904304504, validation loss: 1.8845694065093994
2024-03-21 20:47:41.402610:2024-03-21 20:47:41.402552: Current epoch: 177, loss: 0.8025493621826172, validation loss: 2.0765764713287354
2024-03-21 20:47:41.766533:2024-03-21 20:47:41.766429: Current epoch: 178, loss: 0.7324935793876648, validation loss: 1.9045674800872803
2024-03-21 20:47:42.065711:2024-03-21 20:47:42.065644: Current epoch: 179, loss: 0.7518347501754761, validation loss: 1.9959948062896729
2024-03-21 20:47:42.356152:2024-03-21 20:47:42.356108: Current epoch: 180, loss: 0.660537600517273, validation loss: 2.301332950592041
2024-03-21 20:47:42.712665:2024-03-21 20:47:42.712608: Current epoch: 181, loss: 0.994711697101593, validation loss: 1.9502114057540894
2024-03-21 20:47:43.087034:2024-03-21 20:47:43.086991: Current epoch: 182, loss: 0.7381160259246826, validation loss: 1.94410240650177
2024-03-21 20:47:43.428138:2024-03-21 20:47:43.428079: Current epoch: 183, loss: 0.7503121495246887, validation loss: 2.01396107673645
2024-03-21 20:47:43.750433:2024-03-21 20:47:43.750364: Current epoch: 184, loss: 0.7494379281997681, validation loss: 1.9508618116378784
2024-03-21 20:47:44.099472:2024-03-21 20:47:44.099237: Current epoch: 185, loss: 0.9093887209892273, validation loss: 2.0963637828826904
2024-03-21 20:47:44.361173:2024-03-21 20:47:44.361082: Current epoch: 186, loss: 0.8909069895744324, validation loss: 2.1880130767822266
2024-03-21 20:47:44.775479:2024-03-21 20:47:44.775406: Current epoch: 187, loss: 0.8766023516654968, validation loss: 1.9703824520111084
2024-03-21 20:47:45.168621:2024-03-21 20:47:45.168549: Current epoch: 188, loss: 0.8675932884216309, validation loss: 2.15352725982666
2024-03-21 20:47:45.569720:2024-03-21 20:47:45.569668: Current epoch: 189, loss: 0.7392275929450989, validation loss: 1.9991135597229004
2024-03-21 20:47:45.907591:2024-03-21 20:47:45.907438: Current epoch: 190, loss: 0.8951837420463562, validation loss: 1.9863609075546265
2024-03-21 20:47:46.224826:2024-03-21 20:47:46.224758: Current epoch: 191, loss: 0.7389673590660095, validation loss: 2.048204183578491
2024-03-21 20:47:46.461187:2024-03-21 20:47:46.461147: Current epoch: 192, loss: 0.9452897906303406, validation loss: 2.1572186946868896
2024-03-21 20:47:46.890162:2024-03-21 20:47:46.890099: Current epoch: 193, loss: 0.8031615614891052, validation loss: 1.8316969871520996
2024-03-21 20:47:47.296280:2024-03-21 20:47:47.296210: Current epoch: 194, loss: 0.6862377524375916, validation loss: 1.9857723712921143
2024-03-21 20:47:47.664758:2024-03-21 20:47:47.664697: Current epoch: 195, loss: 0.7508869767189026, validation loss: 2.273221015930176
2024-03-21 20:47:48.000267:2024-03-21 20:47:48.000170: Current epoch: 196, loss: 0.8014424443244934, validation loss: 1.9553265571594238
2024-03-21 20:47:48.259984:2024-03-21 20:47:48.259893: Current epoch: 197, loss: 0.8405502438545227, validation loss: 2.05440354347229
2024-03-21 20:47:48.625812:2024-03-21 20:47:48.625756: Current epoch: 198, loss: 0.7863608002662659, validation loss: 2.0759835243225098
2024-03-21 20:47:48.968429:2024-03-21 20:47:48.968346: Current epoch: 199, loss: 0.8854416012763977, validation loss: 1.7950139045715332
2024-03-21 20:47:53.228748:2024-03-21 20:47:53.228653: Current epoch: 200, loss: 0.762431263923645, validation loss: 1.9773262739181519
2024-03-21 20:47:53.497479:2024-03-21 20:47:53.497412: Current epoch: 201, loss: 0.6791144609451294, validation loss: 1.9815194606781006
2024-03-21 20:47:53.750287:2024-03-21 20:47:53.750210: Current epoch: 202, loss: 0.6654424667358398, validation loss: 2.0190112590789795
2024-03-21 20:47:54.067855:2024-03-21 20:47:54.067815: Current epoch: 203, loss: 0.795649528503418, validation loss: 1.820951223373413
2024-03-21 20:47:54.411488:2024-03-21 20:47:54.411413: Current epoch: 204, loss: 0.6847620010375977, validation loss: 1.969017744064331
2024-03-21 20:47:54.710348:2024-03-21 20:47:54.710315: Current epoch: 205, loss: 0.722761332988739, validation loss: 2.0390896797180176
2024-03-21 20:47:54.978477:2024-03-21 20:47:54.978426: Current epoch: 206, loss: 0.807478129863739, validation loss: 1.9961848258972168
2024-03-21 20:47:55.293858:2024-03-21 20:47:55.293794: Current epoch: 207, loss: 0.7215884327888489, validation loss: 2.057129144668579
2024-03-21 20:47:55.578980:2024-03-21 20:47:55.578918: Current epoch: 208, loss: 0.8775348663330078, validation loss: 1.9123064279556274
2024-03-21 20:47:55.845355:2024-03-21 20:47:55.845277: Current epoch: 209, loss: 0.6611291170120239, validation loss: 1.8853046894073486
2024-03-21 20:47:56.178686:2024-03-21 20:47:56.178629: Current epoch: 210, loss: 0.6797134280204773, validation loss: 1.9028875827789307
2024-03-21 20:47:56.463323:2024-03-21 20:47:56.463258: Current epoch: 211, loss: 0.7532818913459778, validation loss: 1.9124317169189453
2024-03-21 20:47:56.689680:2024-03-21 20:47:56.689639: Current epoch: 212, loss: 0.7382838726043701, validation loss: 2.1125690937042236
2024-03-21 20:47:57.056788:2024-03-21 20:47:57.056725: Current epoch: 213, loss: 0.7555023431777954, validation loss: 1.8904396295547485
2024-03-21 20:47:57.340395:2024-03-21 20:47:57.340332: Current epoch: 214, loss: 0.8904033303260803, validation loss: 2.1223011016845703
2024-03-21 20:47:57.589619:2024-03-21 20:47:57.589580: Current epoch: 215, loss: 0.8407493233680725, validation loss: 2.04106068611145
2024-03-21 20:47:57.927819:2024-03-21 20:47:57.927748: Current epoch: 216, loss: 0.7241352200508118, validation loss: 2.0330493450164795
2024-03-21 20:47:58.209977:2024-03-21 20:47:58.209914: Current epoch: 217, loss: 0.8383387327194214, validation loss: 2.072356939315796
2024-03-21 20:47:58.474183:2024-03-21 20:47:58.474145: Current epoch: 218, loss: 0.7264109253883362, validation loss: 1.9598902463912964
2024-03-21 20:47:58.765077:2024-03-21 20:47:58.765039: Current epoch: 219, loss: 0.7484007477760315, validation loss: 2.0350520610809326
2024-03-21 20:47:59.091414:2024-03-21 20:47:59.091354: Current epoch: 220, loss: 0.6864604949951172, validation loss: 1.934873342514038
2024-03-21 20:47:59.384316:2024-03-21 20:47:59.384216: Current epoch: 221, loss: 0.7653735280036926, validation loss: 1.9912515878677368
2024-03-21 20:47:59.650725:2024-03-21 20:47:59.650676: Current epoch: 222, loss: 0.6849996447563171, validation loss: 1.9884331226348877
2024-03-21 20:47:59.959091:2024-03-21 20:47:59.959021: Current epoch: 223, loss: 0.7892542481422424, validation loss: 2.0801265239715576
2024-03-21 20:48:00.226292:2024-03-21 20:48:00.226218: Current epoch: 224, loss: 0.7211357355117798, validation loss: 2.0777440071105957
2024-03-21 20:48:00.499467:2024-03-21 20:48:00.499417: Current epoch: 225, loss: 0.7002755999565125, validation loss: 1.868377923965454
2024-03-21 20:48:00.771104:2024-03-21 20:48:00.771068: Current epoch: 226, loss: 0.6357858777046204, validation loss: 1.9577351808547974
2024-03-21 20:48:01.047160:2024-03-21 20:48:01.047088: Current epoch: 227, loss: 0.7907178401947021, validation loss: 2.0459492206573486
2024-03-21 20:48:01.265513:2024-03-21 20:48:01.265476: Current epoch: 228, loss: 0.8044541478157043, validation loss: 2.0115702152252197
2024-03-21 20:48:01.469904:2024-03-21 20:48:01.469869: Current epoch: 229, loss: 0.6473957896232605, validation loss: 1.9755915403366089
2024-03-21 20:48:01.703414:2024-03-21 20:48:01.703382: Current epoch: 230, loss: 0.6570420265197754, validation loss: 1.953266978263855
2024-03-21 20:48:01.936785:2024-03-21 20:48:01.936739: Current epoch: 231, loss: 0.7039260864257812, validation loss: 1.9854800701141357
2024-03-21 20:48:02.251436:2024-03-21 20:48:02.251375: Current epoch: 232, loss: 0.748855471611023, validation loss: 1.9007221460342407
2024-03-21 20:48:02.557547:2024-03-21 20:48:02.557475: Current epoch: 233, loss: 0.6965875625610352, validation loss: 1.8926622867584229
2024-03-21 20:48:02.821397:2024-03-21 20:48:02.821361: Current epoch: 234, loss: 0.6055083870887756, validation loss: 1.822404146194458
2024-03-21 20:48:03.146500:2024-03-21 20:48:03.146401: Current epoch: 235, loss: 0.648505687713623, validation loss: 1.9582024812698364
2024-03-21 20:48:03.536595:2024-03-21 20:48:03.536523: Current epoch: 236, loss: 0.6269476413726807, validation loss: 2.029094696044922
2024-03-21 20:48:03.877873:2024-03-21 20:48:03.877802: Current epoch: 237, loss: 0.7369080781936646, validation loss: 1.892886757850647
2024-03-21 20:48:04.176200:2024-03-21 20:48:04.176133: Current epoch: 238, loss: 0.7058201432228088, validation loss: 2.012089490890503
2024-03-21 20:48:04.477378:2024-03-21 20:48:04.477314: Current epoch: 239, loss: 0.7400223612785339, validation loss: 1.9473202228546143
2024-03-21 20:48:04.796512:2024-03-21 20:48:04.796428: Current epoch: 240, loss: 0.7445685267448425, validation loss: 1.9559859037399292
2024-03-21 20:48:05.032544:2024-03-21 20:48:05.032496: Current epoch: 241, loss: 0.7764192223548889, validation loss: 1.9033790826797485
2024-03-21 20:48:05.395440:2024-03-21 20:48:05.395369: Current epoch: 242, loss: 0.6783772110939026, validation loss: 1.898139476776123
2024-03-21 20:48:05.786297:2024-03-21 20:48:05.786251: Current epoch: 243, loss: 0.694118320941925, validation loss: 2.0722525119781494
2024-03-21 20:48:06.145613:2024-03-21 20:48:06.145550: Current epoch: 244, loss: 0.7077838778495789, validation loss: 1.903823971748352
2024-03-21 20:48:06.449129:2024-03-21 20:48:06.449046: Current epoch: 245, loss: 0.5826227068901062, validation loss: 1.9528605937957764
2024-03-21 20:48:06.705554:2024-03-21 20:48:06.705520: Current epoch: 246, loss: 0.6309612989425659, validation loss: 1.8235559463500977
2024-03-21 20:48:07.081760:2024-03-21 20:48:07.081712: Current epoch: 247, loss: 0.5982428193092346, validation loss: 1.9161806106567383
2024-03-21 20:48:07.474285:2024-03-21 20:48:07.474215: Current epoch: 248, loss: 0.6789457201957703, validation loss: 1.9500008821487427
2024-03-21 20:48:07.805016:2024-03-21 20:48:07.804948: Current epoch: 249, loss: 0.6435773968696594, validation loss: 1.9466917514801025
2024-03-21 20:48:08.038192:2024-03-21 20:48:08.038156: Current epoch: 250, loss: 0.6264312267303467, validation loss: 2.0038132667541504
2024-03-21 20:48:08.408819:2024-03-21 20:48:08.408749: Current epoch: 251, loss: 0.5936573147773743, validation loss: 1.903935432434082
2024-03-21 20:48:08.791348:2024-03-21 20:48:08.791304: Current epoch: 252, loss: 0.6437928080558777, validation loss: 1.8685545921325684
2024-03-21 20:48:09.128978:2024-03-21 20:48:09.128906: Current epoch: 253, loss: 0.6293368339538574, validation loss: 2.0055391788482666
2024-03-21 20:48:09.384642:2024-03-21 20:48:09.384610: Current epoch: 254, loss: 0.6240413188934326, validation loss: 1.9298220872879028
2024-03-21 20:48:09.726154:2024-03-21 20:48:09.726014: Current epoch: 255, loss: 0.6026172637939453, validation loss: 1.9578328132629395
2024-03-21 20:48:10.118151:2024-03-21 20:48:10.118080: Current epoch: 256, loss: 0.5672577619552612, validation loss: 1.8905097246170044
2024-03-21 20:48:10.460392:2024-03-21 20:48:10.460331: Current epoch: 257, loss: 0.57822585105896, validation loss: 1.9013978242874146
2024-03-21 20:48:10.757070:2024-03-21 20:48:10.757007: Current epoch: 258, loss: 0.6547791361808777, validation loss: 1.9303007125854492
2024-03-21 20:48:11.007811:2024-03-21 20:48:11.007746: Current epoch: 259, loss: 0.6233574748039246, validation loss: 1.956268548965454
2024-03-21 20:48:11.417339:2024-03-21 20:48:11.417243: Current epoch: 260, loss: 0.6500452160835266, validation loss: 1.9363092184066772
2024-03-21 20:48:11.788841:2024-03-21 20:48:11.788794: Current epoch: 261, loss: 0.7900990843772888, validation loss: 1.9357619285583496
2024-03-21 20:48:12.148987:2024-03-21 20:48:12.148911: Current epoch: 262, loss: 0.729864776134491, validation loss: 2.1369235515594482
2024-03-21 20:48:12.453512:2024-03-21 20:48:12.453406: Current epoch: 263, loss: 0.701683759689331, validation loss: 1.846564769744873
2024-03-21 20:48:12.681950:2024-03-21 20:48:12.681904: Current epoch: 264, loss: 0.6498115658760071, validation loss: 1.9439564943313599
2024-03-21 20:48:13.056103:2024-03-21 20:48:13.056044: Current epoch: 265, loss: 0.6722856760025024, validation loss: 1.8719556331634521
2024-03-21 20:48:13.420598:2024-03-21 20:48:13.420526: Current epoch: 266, loss: 0.5778319835662842, validation loss: 2.0783581733703613
2024-03-21 20:48:13.801594:2024-03-21 20:48:13.801517: Current epoch: 267, loss: 0.6924716830253601, validation loss: 1.9393271207809448
2024-03-21 20:48:14.228885:2024-03-21 20:48:14.228754: Current epoch: 268, loss: 0.6609184145927429, validation loss: 1.9136837720870972
2024-03-21 20:48:14.517420:2024-03-21 20:48:14.517344: Current epoch: 269, loss: 0.7364434599876404, validation loss: 1.801962971687317
2024-03-21 20:48:14.949731:2024-03-21 20:48:14.949624: Current epoch: 270, loss: 0.650634229183197, validation loss: 1.841583251953125
2024-03-21 20:48:15.356436:2024-03-21 20:48:15.356350: Current epoch: 271, loss: 0.6597074866294861, validation loss: 1.7424684762954712
2024-03-21 20:48:15.632565:2024-03-21 20:48:15.632452: Current epoch: 272, loss: 0.6204187870025635, validation loss: 1.8825693130493164
2024-03-21 20:48:16.020782:2024-03-21 20:48:16.020712: Current epoch: 273, loss: 0.6073370575904846, validation loss: 1.8883775472640991
2024-03-21 20:48:16.409071:2024-03-21 20:48:16.408972: Current epoch: 274, loss: 0.6656756401062012, validation loss: 1.9887480735778809
2024-03-21 20:48:16.694185:2024-03-21 20:48:16.694124: Current epoch: 275, loss: 0.579838752746582, validation loss: 1.8747869729995728
2024-03-21 20:48:16.923247:2024-03-21 20:48:16.923202: Current epoch: 276, loss: 0.549998939037323, validation loss: 1.9588778018951416
2024-03-21 20:48:17.293565:2024-03-21 20:48:17.293510: Current epoch: 277, loss: 0.558802604675293, validation loss: 1.9524672031402588
2024-03-21 20:48:17.691839:2024-03-21 20:48:17.691787: Current epoch: 278, loss: 0.5328883528709412, validation loss: 1.8620507717132568
2024-03-21 20:48:18.080766:2024-03-21 20:48:18.080648: Current epoch: 279, loss: 0.5859861969947815, validation loss: 1.8652960062026978
2024-03-21 20:48:18.438566:2024-03-21 20:48:18.438518: Current epoch: 280, loss: 0.5047405958175659, validation loss: 1.7209744453430176
2024-03-21 20:48:18.799741:2024-03-21 20:48:18.799635: Current epoch: 281, loss: 0.6364277601242065, validation loss: 1.934051752090454
2024-03-21 20:48:19.206088:2024-03-21 20:48:19.205990: Current epoch: 282, loss: 0.564725399017334, validation loss: 1.7712587118148804
2024-03-21 20:48:19.604935:2024-03-21 20:48:19.604844: Current epoch: 283, loss: 0.5717872977256775, validation loss: 1.9222015142440796
2024-03-21 20:48:19.882130:2024-03-21 20:48:19.882057: Current epoch: 284, loss: 0.5795884132385254, validation loss: 1.9708940982818604
2024-03-21 20:48:20.246081:2024-03-21 20:48:20.246010: Current epoch: 285, loss: 0.580166757106781, validation loss: 1.9029978513717651
2024-03-21 20:48:20.621148:2024-03-21 20:48:20.621078: Current epoch: 286, loss: 0.5839166045188904, validation loss: 2.0097715854644775
2024-03-21 20:48:20.936960:2024-03-21 20:48:20.936840: Current epoch: 287, loss: 0.6269005537033081, validation loss: 1.8575174808502197
2024-03-21 20:48:21.202961:2024-03-21 20:48:21.202930: Current epoch: 288, loss: 0.6652308106422424, validation loss: 1.8829035758972168
2024-03-21 20:48:21.563896:2024-03-21 20:48:21.563825: Current epoch: 289, loss: 0.576278030872345, validation loss: 1.9223014116287231
2024-03-21 20:48:21.945025:2024-03-21 20:48:21.944992: Current epoch: 290, loss: 0.5856369137763977, validation loss: 1.9629778861999512
2024-03-21 20:48:22.249691:2024-03-21 20:48:22.249632: Current epoch: 291, loss: 0.5666006803512573, validation loss: 1.8794811964035034
2024-03-21 20:48:22.511623:2024-03-21 20:48:22.511574: Current epoch: 292, loss: 0.6682132482528687, validation loss: 2.089851140975952
2024-03-21 20:48:22.901342:2024-03-21 20:48:22.901252: Current epoch: 293, loss: 0.6500781774520874, validation loss: 1.931807041168213
2024-03-21 20:48:23.277188:2024-03-21 20:48:23.277095: Current epoch: 294, loss: 0.560049295425415, validation loss: 1.8421775102615356
2024-03-21 20:48:23.587291:2024-03-21 20:48:23.587122: Current epoch: 295, loss: 0.5996119976043701, validation loss: 1.9829838275909424
2024-03-21 20:48:23.821328:2024-03-21 20:48:23.821289: Current epoch: 296, loss: 0.6123281121253967, validation loss: 1.9611014127731323
2024-03-21 20:48:24.184716:2024-03-21 20:48:24.184645: Current epoch: 297, loss: 0.6827676892280579, validation loss: 2.0096652507781982
2024-03-21 20:48:24.560894:2024-03-21 20:48:24.560842: Current epoch: 298, loss: 0.6181102991104126, validation loss: 2.0349202156066895
2024-03-21 20:48:24.875391:2024-03-21 20:48:24.875327: Current epoch: 299, loss: 0.7681040167808533, validation loss: 2.0303146839141846
2024-03-21 20:48:25.131116:2024-03-21 20:48:25.131073: Current epoch: 300, loss: 0.676382303237915, validation loss: 2.023730516433716
2024-03-21 20:48:25.494221:2024-03-21 20:48:25.494149: Current epoch: 301, loss: 0.629831075668335, validation loss: 1.9087209701538086
2024-03-21 20:48:25.886680:2024-03-21 20:48:25.886639: Current epoch: 302, loss: 0.6508327126502991, validation loss: 1.8900361061096191
2024-03-21 20:48:26.232669:2024-03-21 20:48:26.232582: Current epoch: 303, loss: 0.6036869287490845, validation loss: 1.9618529081344604
2024-03-21 20:48:26.548454:2024-03-21 20:48:26.548416: Current epoch: 304, loss: 0.5584641695022583, validation loss: 1.8081485033035278
2024-03-21 20:48:26.851591:2024-03-21 20:48:26.851539: Current epoch: 305, loss: 0.520896852016449, validation loss: 1.8544464111328125
2024-03-21 20:48:27.274641:2024-03-21 20:48:27.274569: Current epoch: 306, loss: 0.6751070618629456, validation loss: 1.8063104152679443
2024-03-21 20:48:27.633594:2024-03-21 20:48:27.633523: Current epoch: 307, loss: 0.5559473037719727, validation loss: 1.990401029586792
2024-03-21 20:48:27.947829:2024-03-21 20:48:27.947765: Current epoch: 308, loss: 0.6054120659828186, validation loss: 1.893038034439087
2024-03-21 20:48:28.272151:2024-03-21 20:48:28.272090: Current epoch: 309, loss: 0.6455054879188538, validation loss: 1.9382553100585938
2024-03-21 20:48:28.540250:2024-03-21 20:48:28.540180: Current epoch: 310, loss: 0.6189955472946167, validation loss: 1.9292421340942383
2024-03-21 20:48:28.939431:2024-03-21 20:48:28.939324: Current epoch: 311, loss: 0.5574365258216858, validation loss: 1.8695697784423828
2024-03-21 20:48:29.321843:2024-03-21 20:48:29.321787: Current epoch: 312, loss: 0.6034185290336609, validation loss: 1.9276453256607056
2024-03-21 20:48:29.591248:2024-03-21 20:48:29.591203: Current epoch: 313, loss: 0.5676141381263733, validation loss: 1.8724794387817383
2024-03-21 20:48:29.820585:2024-03-21 20:48:29.820519: Current epoch: 314, loss: 0.6268651485443115, validation loss: 1.9420281648635864
2024-03-21 20:48:30.069483:2024-03-21 20:48:30.069391: Current epoch: 315, loss: 0.5981701016426086, validation loss: 1.8514320850372314
2024-03-21 20:48:30.423312:2024-03-21 20:48:30.423243: Current epoch: 316, loss: 0.567432701587677, validation loss: 1.800336480140686
2024-03-21 20:48:30.812951:2024-03-21 20:48:30.812880: Current epoch: 317, loss: 0.5641743540763855, validation loss: 1.732399821281433
2024-03-21 20:48:31.168316:2024-03-21 20:48:31.168251: Current epoch: 318, loss: 0.5980583429336548, validation loss: 1.7408891916275024
2024-03-21 20:48:31.449783:2024-03-21 20:48:31.449720: Current epoch: 319, loss: 0.5205559730529785, validation loss: 1.8608777523040771
2024-03-21 20:48:31.708127:2024-03-21 20:48:31.708045: Current epoch: 320, loss: 0.5089138746261597, validation loss: 1.8605356216430664
2024-03-21 20:48:32.088666:2024-03-21 20:48:32.088595: Current epoch: 321, loss: 0.568611741065979, validation loss: 2.0157387256622314
2024-03-21 20:48:32.490656:2024-03-21 20:48:32.490595: Current epoch: 322, loss: 0.5999810695648193, validation loss: 1.933793544769287
2024-03-21 20:48:32.809267:2024-03-21 20:48:32.809203: Current epoch: 323, loss: 0.5674965977668762, validation loss: 1.8688682317733765
2024-03-21 20:48:33.081123:2024-03-21 20:48:33.081064: Current epoch: 324, loss: 0.49789899587631226, validation loss: 1.873736023902893
2024-03-21 20:48:33.486339:2024-03-21 20:48:33.486270: Current epoch: 325, loss: 0.5401507019996643, validation loss: 2.0063560009002686
2024-03-21 20:48:33.856705:2024-03-21 20:48:33.856672: Current epoch: 326, loss: 0.5448036193847656, validation loss: 1.9400383234024048
2024-03-21 20:48:34.126947:2024-03-21 20:48:34.126877: Current epoch: 327, loss: 0.6472228169441223, validation loss: 1.881540298461914
2024-03-21 20:48:34.371478:2024-03-21 20:48:34.371387: Current epoch: 328, loss: 0.5805242657661438, validation loss: 1.8056931495666504
2024-03-21 20:48:34.761211:2024-03-21 20:48:34.761141: Current epoch: 329, loss: 0.5876279473304749, validation loss: 1.884079933166504
2024-03-21 20:48:35.160755:2024-03-21 20:48:35.160698: Current epoch: 330, loss: 0.5321046113967896, validation loss: 1.994638442993164
2024-03-21 20:48:35.499939:2024-03-21 20:48:35.499866: Current epoch: 331, loss: 0.5492329001426697, validation loss: 1.9056339263916016
2024-03-21 20:48:35.739264:2024-03-21 20:48:35.739209: Current epoch: 332, loss: 0.5553456544876099, validation loss: 1.9842714071273804
2024-03-21 20:48:36.091046:2024-03-21 20:48:36.090975: Current epoch: 333, loss: 0.5664075613021851, validation loss: 1.8828554153442383
2024-03-21 20:48:36.501218:2024-03-21 20:48:36.501148: Current epoch: 334, loss: 0.5042380094528198, validation loss: 1.9617949724197388
2024-03-21 20:48:36.847891:2024-03-21 20:48:36.847788: Current epoch: 335, loss: 0.5948675274848938, validation loss: 1.7845381498336792
2024-03-21 20:48:37.158409:2024-03-21 20:48:37.158353: Current epoch: 336, loss: 0.4872935712337494, validation loss: 1.882060170173645
2024-03-21 20:48:37.422534:2024-03-21 20:48:37.422488: Current epoch: 337, loss: 0.617353081703186, validation loss: 1.7663177251815796
2024-03-21 20:48:37.777694:2024-03-21 20:48:37.777624: Current epoch: 338, loss: 0.5651289224624634, validation loss: 1.881438970565796
2024-03-21 20:48:38.163404:2024-03-21 20:48:38.163346: Current epoch: 339, loss: 0.5985358953475952, validation loss: 1.8618322610855103
2024-03-21 20:48:38.514221:2024-03-21 20:48:38.514162: Current epoch: 340, loss: 0.5099271535873413, validation loss: 1.9242318868637085
2024-03-21 20:48:38.786016:2024-03-21 20:48:38.785957: Current epoch: 341, loss: 0.6207805275917053, validation loss: 1.8946524858474731
2024-03-21 20:48:39.046022:2024-03-21 20:48:39.045950: Current epoch: 342, loss: 0.5525707602500916, validation loss: 1.823592185974121
2024-03-21 20:48:39.461634:2024-03-21 20:48:39.461539: Current epoch: 343, loss: 0.5585923194885254, validation loss: 1.9391230344772339
2024-03-21 20:48:39.823136:2024-03-21 20:48:39.823072: Current epoch: 344, loss: 0.5766617059707642, validation loss: 1.9136285781860352
2024-03-21 20:48:40.092370:2024-03-21 20:48:40.092306: Current epoch: 345, loss: 0.566220760345459, validation loss: 1.8366672992706299
2024-03-21 20:48:40.368753:2024-03-21 20:48:40.368683: Current epoch: 346, loss: 0.4992956817150116, validation loss: 1.89403235912323
2024-03-21 20:48:40.776671:2024-03-21 20:48:40.776600: Current epoch: 347, loss: 0.4808267652988434, validation loss: 2.0166232585906982
2024-03-21 20:48:41.157675:2024-03-21 20:48:41.157615: Current epoch: 348, loss: 0.5251421928405762, validation loss: 1.8989171981811523
2024-03-21 20:48:41.443001:2024-03-21 20:48:41.442940: Current epoch: 349, loss: 0.5782163143157959, validation loss: 1.952226996421814
2024-03-21 20:48:41.678736:2024-03-21 20:48:41.678683: Current epoch: 350, loss: 0.483072966337204, validation loss: 1.8054074048995972
2024-03-21 20:48:42.063510:2024-03-21 20:48:42.063449: Current epoch: 351, loss: 0.5115559697151184, validation loss: 1.8148154020309448
2024-03-21 20:48:42.453134:2024-03-21 20:48:42.453061: Current epoch: 352, loss: 0.5566631555557251, validation loss: 1.8114901781082153
2024-03-21 20:48:42.788038:2024-03-21 20:48:42.787980: Current epoch: 353, loss: 0.5216800570487976, validation loss: 1.9392889738082886
2024-03-21 20:48:43.093767:2024-03-21 20:48:43.093735: Current epoch: 354, loss: 0.48746633529663086, validation loss: 1.8638677597045898
2024-03-21 20:48:43.380713:2024-03-21 20:48:43.380642: Current epoch: 355, loss: 0.4689340889453888, validation loss: 1.8482768535614014
2024-03-21 20:48:43.790230:2024-03-21 20:48:43.790152: Current epoch: 356, loss: 0.6097925305366516, validation loss: 1.8528913259506226
2024-03-21 20:48:44.173831:2024-03-21 20:48:44.173771: Current epoch: 357, loss: 0.5956138372421265, validation loss: 1.8943597078323364
2024-03-21 20:48:44.474261:2024-03-21 20:48:44.474198: Current epoch: 358, loss: 0.5008075833320618, validation loss: 1.9867676496505737
2024-03-21 20:48:44.730892:2024-03-21 20:48:44.730820: Current epoch: 359, loss: 0.5629569888114929, validation loss: 1.8530645370483398
2024-03-21 20:48:45.112929:2024-03-21 20:48:45.112858: Current epoch: 360, loss: 0.5854018926620483, validation loss: 2.0589635372161865
2024-03-21 20:48:45.459841:2024-03-21 20:48:45.459775: Current epoch: 361, loss: 0.5620064735412598, validation loss: 1.9712156057357788
2024-03-21 20:48:45.728599:2024-03-21 20:48:45.728538: Current epoch: 362, loss: 0.566524863243103, validation loss: 1.864735722541809
2024-03-21 20:48:45.996432:2024-03-21 20:48:45.996373: Current epoch: 363, loss: 0.4892544448375702, validation loss: 1.8693846464157104
2024-03-21 20:48:46.243756:2024-03-21 20:48:46.243686: Current epoch: 364, loss: 0.4277312159538269, validation loss: 1.87495756149292
2024-03-21 20:48:46.615348:2024-03-21 20:48:46.615289: Current epoch: 365, loss: 0.4503040015697479, validation loss: 1.9158700704574585
2024-03-21 20:48:46.988004:2024-03-21 20:48:46.987954: Current epoch: 366, loss: 0.5052121877670288, validation loss: 1.8737802505493164
2024-03-21 20:48:47.301236:2024-03-21 20:48:47.301172: Current epoch: 367, loss: 0.45520737767219543, validation loss: 1.8743852376937866
2024-03-21 20:48:47.599673:2024-03-21 20:48:47.599603: Current epoch: 368, loss: 0.5089645385742188, validation loss: 1.9567588567733765
2024-03-21 20:48:47.843249:2024-03-21 20:48:47.843194: Current epoch: 369, loss: 0.586892306804657, validation loss: 1.9712069034576416
2024-03-21 20:48:48.248473:2024-03-21 20:48:48.248366: Current epoch: 370, loss: 0.5799886584281921, validation loss: 1.9346773624420166
2024-03-21 20:48:48.635402:2024-03-21 20:48:48.635349: Current epoch: 371, loss: 0.5868719816207886, validation loss: 1.9522558450698853
2024-03-21 20:48:48.966627:2024-03-21 20:48:48.966565: Current epoch: 372, loss: 0.5416215658187866, validation loss: 1.9426308870315552
2024-03-21 20:48:49.262079:2024-03-21 20:48:49.262047: Current epoch: 373, loss: 0.5562705993652344, validation loss: 1.8797556161880493
2024-03-21 20:48:49.612444:2024-03-21 20:48:49.612387: Current epoch: 374, loss: 0.5263546705245972, validation loss: 1.9770430326461792
2024-03-21 20:48:50.006280:2024-03-21 20:48:50.006209: Current epoch: 375, loss: 0.5015265345573425, validation loss: 1.8735761642456055
2024-03-21 20:48:50.342300:2024-03-21 20:48:50.342228: Current epoch: 376, loss: 0.4877048134803772, validation loss: 1.8696821928024292
2024-03-21 20:48:50.657918:2024-03-21 20:48:50.657841: Current epoch: 377, loss: 0.5116308331489563, validation loss: 1.831311821937561
2024-03-21 20:48:50.941164:2024-03-21 20:48:50.941107: Current epoch: 378, loss: 0.5485928654670715, validation loss: 1.8229867219924927
2024-03-21 20:48:51.346745:2024-03-21 20:48:51.346686: Current epoch: 379, loss: 0.5255327224731445, validation loss: 1.9398068189620972
2024-03-21 20:48:51.709919:2024-03-21 20:48:51.709851: Current epoch: 380, loss: 0.536578893661499, validation loss: 1.8915451765060425
2024-03-21 20:48:51.994773:2024-03-21 20:48:51.994718: Current epoch: 381, loss: 0.48546648025512695, validation loss: 1.8486568927764893
2024-03-21 20:48:52.258130:2024-03-21 20:48:52.258039: Current epoch: 382, loss: 0.5105416774749756, validation loss: 1.8797292709350586
2024-03-21 20:48:52.633891:2024-03-21 20:48:52.633819: Current epoch: 383, loss: 0.42197561264038086, validation loss: 1.880145788192749
2024-03-21 20:48:52.997260:2024-03-21 20:48:52.997195: Current epoch: 384, loss: 0.4883166253566742, validation loss: 1.8398443460464478
2024-03-21 20:48:53.306511:2024-03-21 20:48:53.306447: Current epoch: 385, loss: 0.49144047498703003, validation loss: 1.9670377969741821
2024-03-21 20:48:53.561839:2024-03-21 20:48:53.561783: Current epoch: 386, loss: 0.4927710294723511, validation loss: 1.781394362449646
2024-03-21 20:48:53.915132:2024-03-21 20:48:53.915064: Current epoch: 387, loss: 0.47705575823783875, validation loss: 1.8682440519332886
2024-03-21 20:48:54.285650:2024-03-21 20:48:54.285578: Current epoch: 388, loss: 0.43029260635375977, validation loss: 1.890871286392212
2024-03-21 20:48:54.624103:2024-03-21 20:48:54.624041: Current epoch: 389, loss: 0.5045923590660095, validation loss: 1.9449777603149414
2024-03-21 20:48:54.926353:2024-03-21 20:48:54.926278: Current epoch: 390, loss: 0.46863898634910583, validation loss: 1.7839677333831787
2024-03-21 20:48:55.161313:2024-03-21 20:48:55.161241: Current epoch: 391, loss: 0.5472956895828247, validation loss: 1.9102416038513184
2024-03-21 20:48:55.559231:2024-03-21 20:48:55.559160: Current epoch: 392, loss: 0.5975450277328491, validation loss: 1.9495446681976318
2024-03-21 20:48:55.929013:2024-03-21 20:48:55.928942: Current epoch: 393, loss: 0.500717043876648, validation loss: 1.9730384349822998
2024-03-21 20:48:56.227029:2024-03-21 20:48:56.226957: Current epoch: 394, loss: 0.44428959488868713, validation loss: 1.9039183855056763
2024-03-21 20:48:56.515847:2024-03-21 20:48:56.515775: Current epoch: 395, loss: 0.4785105288028717, validation loss: 1.7531496286392212
2024-03-21 20:48:56.792843:2024-03-21 20:48:56.792784: Current epoch: 396, loss: 0.4570963680744171, validation loss: 1.7969605922698975
2024-03-21 20:48:57.201552:2024-03-21 20:48:57.201491: Current epoch: 397, loss: 0.4402032792568207, validation loss: 1.9174962043762207
2024-03-21 20:48:57.568154:2024-03-21 20:48:57.568038: Current epoch: 398, loss: 0.5252626538276672, validation loss: 1.8569945096969604
2024-03-21 20:48:57.873197:2024-03-21 20:48:57.873133: Current epoch: 399, loss: 0.49625763297080994, validation loss: 1.8658545017242432
2024-03-21 20:48:58.106622:2024-03-21 20:48:58.106584: Current epoch: 400, loss: 0.49043747782707214, validation loss: 1.8899195194244385
2024-03-21 20:48:58.469471:2024-03-21 20:48:58.469414: Current epoch: 401, loss: 0.45624756813049316, validation loss: 1.7818927764892578
2024-03-21 20:48:58.859806:2024-03-21 20:48:58.859751: Current epoch: 402, loss: 0.47554251551628113, validation loss: 1.8316898345947266
2024-03-21 20:48:59.215433:2024-03-21 20:48:59.215372: Current epoch: 403, loss: 0.4128410220146179, validation loss: 1.8214681148529053
2024-03-21 20:48:59.503389:2024-03-21 20:48:59.503324: Current epoch: 404, loss: 0.5063551664352417, validation loss: 1.9403660297393799
2024-03-21 20:48:59.717130:2024-03-21 20:48:59.717099: Current epoch: 405, loss: 0.5604371428489685, validation loss: 1.8694307804107666
2024-03-21 20:49:00.080690:2024-03-21 20:49:00.080620: Current epoch: 406, loss: 0.5545743703842163, validation loss: 1.9140914678573608
2024-03-21 20:49:00.468392:2024-03-21 20:49:00.468326: Current epoch: 407, loss: 0.5084807872772217, validation loss: 1.9454065561294556
2024-03-21 20:49:00.814886:2024-03-21 20:49:00.814817: Current epoch: 408, loss: 0.4805379807949066, validation loss: 1.9970124959945679
2024-03-21 20:49:01.117045:2024-03-21 20:49:01.116973: Current epoch: 409, loss: 0.46100032329559326, validation loss: 1.9730247259140015
2024-03-21 20:49:01.375957:2024-03-21 20:49:01.375884: Current epoch: 410, loss: 0.39195725321769714, validation loss: 1.9376246929168701
2024-03-21 20:49:01.753325:2024-03-21 20:49:01.753251: Current epoch: 411, loss: 0.46158644556999207, validation loss: 1.918633222579956
2024-03-21 20:49:02.142680:2024-03-21 20:49:02.142614: Current epoch: 412, loss: 0.4010695815086365, validation loss: 1.863970398902893
2024-03-21 20:49:02.474005:2024-03-21 20:49:02.473943: Current epoch: 413, loss: 0.4971274733543396, validation loss: 1.9453282356262207
2024-03-21 20:49:02.711822:2024-03-21 20:49:02.711752: Current epoch: 414, loss: 0.46623939275741577, validation loss: 1.9004533290863037
2024-03-21 20:49:03.058128:2024-03-21 20:49:03.058058: Current epoch: 415, loss: 0.4785878360271454, validation loss: 1.8484586477279663
2024-03-21 20:49:03.458827:2024-03-21 20:49:03.458756: Current epoch: 416, loss: 0.4627363383769989, validation loss: 1.9387511014938354
2024-03-21 20:49:03.832755:2024-03-21 20:49:03.832690: Current epoch: 417, loss: 0.4457978308200836, validation loss: 2.0202786922454834
2024-03-21 20:49:04.128558:2024-03-21 20:49:04.128485: Current epoch: 418, loss: 0.5095590949058533, validation loss: 1.9983571767807007
2024-03-21 20:49:04.362299:2024-03-21 20:49:04.362251: Current epoch: 419, loss: 0.47551071643829346, validation loss: 1.803279995918274
2024-03-21 20:49:04.793802:2024-03-21 20:49:04.793698: Current epoch: 420, loss: 0.44742730259895325, validation loss: 1.8954588174819946
2024-03-21 20:49:05.190027:2024-03-21 20:49:05.189956: Current epoch: 421, loss: 0.4974890649318695, validation loss: 1.9456205368041992
2024-03-21 20:49:05.506047:2024-03-21 20:49:05.505984: Current epoch: 422, loss: 0.48504653573036194, validation loss: 1.973835825920105
2024-03-21 20:49:05.753214:2024-03-21 20:49:05.753181: Current epoch: 423, loss: 0.5523180961608887, validation loss: 1.9117509126663208
2024-03-21 20:49:06.100706:2024-03-21 20:49:06.100647: Current epoch: 424, loss: 0.5493649840354919, validation loss: 1.9008663892745972
2024-03-21 20:49:06.488615:2024-03-21 20:49:06.488545: Current epoch: 425, loss: 0.5246001482009888, validation loss: 1.917700171470642
2024-03-21 20:49:06.866929:2024-03-21 20:49:06.866865: Current epoch: 426, loss: 0.45145782828330994, validation loss: 1.9901031255722046
2024-03-21 20:49:07.186062:2024-03-21 20:49:07.185993: Current epoch: 427, loss: 0.452409029006958, validation loss: 1.8842833042144775
2024-03-21 20:49:07.457668:2024-03-21 20:49:07.457596: Current epoch: 428, loss: 0.47084224224090576, validation loss: 1.7794544696807861
2024-03-21 20:49:07.819013:2024-03-21 20:49:07.818941: Current epoch: 429, loss: 0.5094739198684692, validation loss: 1.8760654926300049
2024-03-21 20:49:08.182115:2024-03-21 20:49:08.182052: Current epoch: 430, loss: 0.4858545660972595, validation loss: 1.851631999015808
2024-03-21 20:49:08.460962:2024-03-21 20:49:08.460907: Current epoch: 431, loss: 0.4862276613712311, validation loss: 1.8670332431793213
2024-03-21 20:49:08.702444:2024-03-21 20:49:08.702409: Current epoch: 432, loss: 0.5590925812721252, validation loss: 1.8869215250015259
2024-03-21 20:49:09.059217:2024-03-21 20:49:09.059112: Current epoch: 433, loss: 0.4817776083946228, validation loss: 1.8327707052230835
2024-03-21 20:49:09.452951:2024-03-21 20:49:09.452899: Current epoch: 434, loss: 0.4427616596221924, validation loss: 1.9756683111190796
2024-03-21 20:49:09.795203:2024-03-21 20:49:09.795132: Current epoch: 435, loss: 0.4094940721988678, validation loss: 1.8689723014831543
2024-03-21 20:49:10.088010:2024-03-21 20:49:10.087936: Current epoch: 436, loss: 0.4253756105899811, validation loss: 1.8212453126907349
2024-03-21 20:49:10.331374:2024-03-21 20:49:10.331305: Current epoch: 437, loss: 0.4306254982948303, validation loss: 1.908418893814087
2024-03-21 20:49:10.704892:2024-03-21 20:49:10.704822: Current epoch: 438, loss: 0.4472440183162689, validation loss: 1.9498834609985352
2024-03-21 20:49:11.075183:2024-03-21 20:49:11.075136: Current epoch: 439, loss: 0.44340094923973083, validation loss: 1.9648034572601318
2024-03-21 20:49:11.361805:2024-03-21 20:49:11.361749: Current epoch: 440, loss: 0.49191218614578247, validation loss: 1.8112584352493286
2024-03-21 20:49:11.596451:2024-03-21 20:49:11.596381: Current epoch: 441, loss: 0.4372984766960144, validation loss: 1.9824435710906982
2024-03-21 20:49:11.969860:2024-03-21 20:49:11.969792: Current epoch: 442, loss: 0.4895317554473877, validation loss: 1.952560305595398
2024-03-21 20:49:12.331176:2024-03-21 20:49:12.331105: Current epoch: 443, loss: 0.39217597246170044, validation loss: 1.8578097820281982
2024-03-21 20:49:12.640280:2024-03-21 20:49:12.640205: Current epoch: 444, loss: 0.4012575149536133, validation loss: 1.8597118854522705
2024-03-21 20:49:12.917844:2024-03-21 20:49:12.917781: Current epoch: 445, loss: 0.43984368443489075, validation loss: 1.9439337253570557
2024-03-21 20:49:13.148971:2024-03-21 20:49:13.148927: Current epoch: 446, loss: 0.45114368200302124, validation loss: 1.9011576175689697
2024-03-21 20:49:13.543668:2024-03-21 20:49:13.543596: Current epoch: 447, loss: 0.46638354659080505, validation loss: 2.0792815685272217
2024-03-21 20:49:13.930170:2024-03-21 20:49:13.930100: Current epoch: 448, loss: 0.4241454303264618, validation loss: 1.8672571182250977
2024-03-21 20:49:14.267166:2024-03-21 20:49:14.267107: Current epoch: 449, loss: 0.4183668792247772, validation loss: 1.9315600395202637
2024-03-21 20:49:14.583025:2024-03-21 20:49:14.582961: Current epoch: 450, loss: 0.4207455515861511, validation loss: 1.8573212623596191
2024-03-21 20:49:14.866342:2024-03-21 20:49:14.866305: Current epoch: 451, loss: 0.39895594120025635, validation loss: 1.9084516763687134
2024-03-21 20:49:15.180265:2024-03-21 20:49:15.180194: Current epoch: 452, loss: 0.45624271035194397, validation loss: 1.8586183786392212
2024-03-21 20:49:15.583699:2024-03-21 20:49:15.583629: Current epoch: 453, loss: 0.4335198700428009, validation loss: 1.87547767162323
2024-03-21 20:49:15.976344:2024-03-21 20:49:15.976272: Current epoch: 454, loss: 0.4810512363910675, validation loss: 1.9028431177139282
2024-03-21 20:49:16.300948:2024-03-21 20:49:16.300877: Current epoch: 455, loss: 0.4541180431842804, validation loss: 1.8900690078735352
2024-03-21 20:49:16.597865:2024-03-21 20:49:16.597800: Current epoch: 456, loss: 0.4390154182910919, validation loss: 1.9050886631011963
2024-03-21 20:49:16.893723:2024-03-21 20:49:16.893663: Current epoch: 457, loss: 0.47908133268356323, validation loss: 1.8793970346450806
2024-03-21 20:49:17.103364:2024-03-21 20:49:17.103297: Current epoch: 458, loss: 0.3947092890739441, validation loss: 1.9300458431243896
2024-03-21 20:49:17.470647:2024-03-21 20:49:17.470577: Current epoch: 459, loss: 0.4552166163921356, validation loss: 1.8613126277923584
2024-03-21 20:49:17.880310:2024-03-21 20:49:17.880239: Current epoch: 460, loss: 0.47277092933654785, validation loss: 2.002349853515625
2024-03-21 20:49:18.259449:2024-03-21 20:49:18.259380: Current epoch: 461, loss: 0.45314115285873413, validation loss: 1.7753329277038574
2024-03-21 20:49:18.570262:2024-03-21 20:49:18.570202: Current epoch: 462, loss: 0.39413508772850037, validation loss: 1.8801062107086182
2024-03-21 20:49:18.787837:2024-03-21 20:49:18.787769: Current epoch: 463, loss: 0.439817875623703, validation loss: 1.9832887649536133
2024-03-21 20:49:19.149129:2024-03-21 20:49:19.149059: Current epoch: 464, loss: 0.4164954125881195, validation loss: 1.9274463653564453
2024-03-21 20:49:19.544521:2024-03-21 20:49:19.544476: Current epoch: 465, loss: 0.38946762681007385, validation loss: 1.9459636211395264
2024-03-21 20:49:19.860903:2024-03-21 20:49:19.860841: Current epoch: 466, loss: 0.44535142183303833, validation loss: 2.0407917499542236
2024-03-21 20:49:20.140892:2024-03-21 20:49:20.140836: Current epoch: 467, loss: 0.41259151697158813, validation loss: 1.926446557044983
2024-03-21 20:49:20.405431:2024-03-21 20:49:20.405376: Current epoch: 468, loss: 0.44568488001823425, validation loss: 1.831212043762207
2024-03-21 20:49:20.797989:2024-03-21 20:49:20.797937: Current epoch: 469, loss: 0.4398476779460907, validation loss: 1.9039160013198853
2024-03-21 20:49:21.116769:2024-03-21 20:49:21.116707: Current epoch: 470, loss: 0.41429468989372253, validation loss: 1.8133137226104736
2024-03-21 20:49:21.388031:2024-03-21 20:49:21.387973: Current epoch: 471, loss: 0.43522849678993225, validation loss: 1.9933946132659912
2024-03-21 20:49:21.605963:2024-03-21 20:49:21.605927: Current epoch: 472, loss: 0.41883552074432373, validation loss: 1.8614153861999512
2024-03-21 20:49:21.988740:2024-03-21 20:49:21.988672: Current epoch: 473, loss: 0.44785478711128235, validation loss: 1.8865572214126587
2024-03-21 20:49:22.384560:2024-03-21 20:49:22.384492: Current epoch: 474, loss: 0.41381582617759705, validation loss: 1.9401752948760986
2024-03-21 20:49:22.711002:2024-03-21 20:49:22.710933: Current epoch: 475, loss: 0.4282355010509491, validation loss: 1.8080474138259888
2024-03-21 20:49:22.982868:2024-03-21 20:49:22.982814: Current epoch: 476, loss: 0.45463189482688904, validation loss: 2.000964879989624
2024-03-21 20:49:23.207273:2024-03-21 20:49:23.207206: Current epoch: 477, loss: 0.5379518866539001, validation loss: 2.058807134628296
2024-03-21 20:49:23.576766:2024-03-21 20:49:23.576696: Current epoch: 478, loss: 0.47886332869529724, validation loss: 1.83657705783844
2024-03-21 20:49:23.946920:2024-03-21 20:49:23.946840: Current epoch: 479, loss: 0.40123820304870605, validation loss: 1.9642146825790405
2024-03-21 20:49:24.371255:2024-03-21 20:49:24.371172: Current epoch: 480, loss: 0.44671452045440674, validation loss: 1.926925778388977
2024-03-21 20:49:24.502465:the test error is  [2.587940216064453, 2.587940216064453]
2024-03-21 20:49:27.969014:saved model to sample/matbert-base-cased_robo_prop_Tc_supercon
2024-03-21 20:49:28.329952:done