
2024-05-15 18:10:40.322689:job config: {'train_data_path': '/data/yll6162/alignntl_dft_3d/tl_dataset/dataset_matbert-base-cased_robo_prop_spillage_train.csv', 'val_data_path': '/data/yll6162/alignntl_dft_3d/tl_dataset/dataset_matbert-base-cased_robo_prop_spillage_val.csv', 'test_data_path': '/data/yll6162/alignntl_dft_3d/tl_dataset/dataset_matbert-base-cased_robo_prop_spillage_test.csv', 'label': 'spillage', 'input_type': None, 'log_folder': 'log', 'log_file': 'matbert-base-cased_robo_prop_spillage.log', 'test_metric': 'mae', 'architecture': '1024Rx4D-512Rx3D-256Rx3D-128Rx3D-64Rx2-32Rx1-1', 'model_seed': 0, 'loss_type': 'mae', 'config_file': 'sample/matbert-base-cased_robo_prop_spillage_job.config', 'use_valid': True, 'project': 'MOF', 'regressors': None, 'input_types': None, 'paramsGrid': {'optimizer': 'Adam', 'learning_rate': 0.0001, 'patience': 200, 'dropouts': [0.8, 0.9, 0.7, 0.8], 'EVAL_FREQUENCY': 1000}, 'save_path': 'sample/matbert-base-cased_robo_prop_spillage', 'model_path': None, 'last_layer_with_weight': True, 'keras_path': 'model/matbert-base-cased_robo_prop_spillage', 'test_size': None, 'val_size': None}
2024-05-15 18:10:40.322764:train data path is  /data/yll6162/alignntl_dft_3d/tl_dataset/dataset_matbert-base-cased_robo_prop_spillage_train.csv
2024-05-15 18:10:41.557854:input attribute sets are:  None
2024-05-15 18:10:41.558085:test data path is  /data/yll6162/alignntl_dft_3d/tl_dataset/dataset_matbert-base-cased_robo_prop_spillage_test.csv
2024-05-15 18:10:41.757010:val data path is  /data/yll6162/alignntl_dft_3d/tl_dataset/dataset_matbert-base-cased_robo_prop_spillage_val.csv
2024-05-15 18:10:41.954911:input attributes are:  Index(['0', '1', '2', '3', '4', '5', '6', '7', '8', '9',
       ...
       '758', '759', '760', '761', '762', '763', '764', '765', '766', '767'],
      dtype='object', length=768)
2024-05-15 18:10:41.955131:label: spillage
2024-05-15 18:10:47.609575: train, test, valid sizes:  (9041, 768) (9041,) (1131, 768) (1131,) (1131, 768) (1131,)
2024-05-15 18:10:47.680344:train matrix shape of train_X:  (9041, 768)  train_y:  (9041,)
2024-05-15 18:10:47.680497:valid matrix shape of train_X:  (1131, 768)  valid_y:  (1131,)
2024-05-15 18:10:47.680542:test matrix shape of valid_X:   (1131, 768)  test_y:  (1131,)
2024-05-15 18:10:47.680580:architecture is:  1024Rx4D-512Rx3D-256Rx3D-128Rx3D-64Rx2-32Rx1-1
2024-05-15 18:10:47.680621:learning rate is  0.0001
2024-05-15 18:10:47.680657:model path is  None
2024-05-15 18:10:47.694830:adding fully connected layers with 1024 outputs
2024-05-15 18:10:48.388890:adding residual with fc as the size are different
2024-05-15 18:10:48.396064:adding fully connected layers with 1024 outputs
2024-05-15 18:10:48.401466:adding residual, both sizes are same
2024-05-15 18:10:48.403426:adding fully connected layers with 1024 outputs
2024-05-15 18:10:48.408416:adding residual, both sizes are same
2024-05-15 18:10:48.410311:adding fully connected layers with 1024 outputs
2024-05-15 18:10:48.415090:adding residual, both sizes are same
2024-05-15 18:10:48.417071:adding dropout 0.8
2024-05-15 18:10:48.421577:adding fully connected layers with 512 outputs
2024-05-15 18:10:48.431044:adding residual with fc as the size are different
2024-05-15 18:10:48.438069:adding fully connected layers with 512 outputs
2024-05-15 18:10:48.443367:adding residual, both sizes are same
2024-05-15 18:10:48.445266:adding fully connected layers with 512 outputs
2024-05-15 18:10:48.450223:adding residual, both sizes are same
2024-05-15 18:10:48.452124:adding dropout 0.9
2024-05-15 18:10:48.453778:adding fully connected layers with 256 outputs
2024-05-15 18:10:48.459211:adding residual with fc as the size are different
2024-05-15 18:10:48.471116:adding fully connected layers with 256 outputs
2024-05-15 18:10:48.481019:adding residual, both sizes are same
2024-05-15 18:10:48.483108:adding fully connected layers with 256 outputs
2024-05-15 18:10:48.488543:adding residual, both sizes are same
2024-05-15 18:10:48.490513:adding dropout 0.7
2024-05-15 18:10:48.492171:adding fully connected layers with 128 outputs
2024-05-15 18:10:48.497722:adding residual with fc as the size are different
2024-05-15 18:10:48.504358:adding fully connected layers with 128 outputs
2024-05-15 18:10:48.509682:adding residual, both sizes are same
2024-05-15 18:10:48.511590:adding fully connected layers with 128 outputs
2024-05-15 18:10:48.516443:adding residual, both sizes are same
2024-05-15 18:10:48.518601:adding dropout 0.8
2024-05-15 18:10:48.520311:adding fully connected layers with 64 outputs
2024-05-15 18:10:48.525917:adding residual with fc as the size are different
2024-05-15 18:10:48.532354:adding fully connected layers with 64 outputs
2024-05-15 18:10:48.538190:adding residual, both sizes are same
2024-05-15 18:10:48.540105:adding fully connected layers with 32 outputs
2024-05-15 18:10:48.545488:adding residual with fc as the size are different
2024-05-15 18:10:48.552118:adding final layer with 1 output
2024-05-15 18:10:48.570488:Model: "ElemNet"
2024-05-15 18:10:48.570562:__________________________________________________________________________________________________
2024-05-15 18:10:48.570614:Layer (type)                    Output Shape         Param #     Connected to                     
2024-05-15 18:10:48.570653:==================================================================================================
2024-05-15 18:10:48.570874:elemental_fractions (InputLayer [(None, 768)]        0                                            
2024-05-15 18:10:48.570920:__________________________________________________________________________________________________
2024-05-15 18:10:48.571087:fc0_0 (Dense)                   (None, 1024)         787456      elemental_fractions[0][0]        
2024-05-15 18:10:48.571135:__________________________________________________________________________________________________
2024-05-15 18:10:48.571249:fc0_dim_0 (Dense)               (None, 1024)         787456      elemental_fractions[0][0]        
2024-05-15 18:10:48.571293:__________________________________________________________________________________________________
2024-05-15 18:10:48.571377:tf.__operators__.add (TFOpLambd (None, 1024)         0           fc0_0[0][0]                      
2024-05-15 18:10:48.571422:                                                                 fc0_dim_0[0][0]                  
2024-05-15 18:10:48.571462:__________________________________________________________________________________________________
2024-05-15 18:10:48.571572:fc0_1 (Dense)                   (None, 1024)         1049600     tf.__operators__.add[0][0]       
2024-05-15 18:10:48.571615:__________________________________________________________________________________________________
2024-05-15 18:10:48.571696:tf.__operators__.add_1 (TFOpLam (None, 1024)         0           fc0_1[0][0]                      
2024-05-15 18:10:48.571740:                                                                 tf.__operators__.add[0][0]       
2024-05-15 18:10:48.571776:__________________________________________________________________________________________________
2024-05-15 18:10:48.571881:fc0_2 (Dense)                   (None, 1024)         1049600     tf.__operators__.add_1[0][0]     
2024-05-15 18:10:48.571931:__________________________________________________________________________________________________
2024-05-15 18:10:48.572015:tf.__operators__.add_2 (TFOpLam (None, 1024)         0           fc0_2[0][0]                      
2024-05-15 18:10:48.572060:                                                                 tf.__operators__.add_1[0][0]     
2024-05-15 18:10:48.572096:__________________________________________________________________________________________________
2024-05-15 18:10:48.572201:fc0_3 (Dense)                   (None, 1024)         1049600     tf.__operators__.add_2[0][0]     
2024-05-15 18:10:48.572243:__________________________________________________________________________________________________
2024-05-15 18:10:48.572321:tf.__operators__.add_3 (TFOpLam (None, 1024)         0           fc0_3[0][0]                      
2024-05-15 18:10:48.572372:                                                                 tf.__operators__.add_2[0][0]     
2024-05-15 18:10:48.572409:__________________________________________________________________________________________________
2024-05-15 18:10:48.572486:dropout (Dropout)               (None, 1024)         0           tf.__operators__.add_3[0][0]     
2024-05-15 18:10:48.572524:__________________________________________________________________________________________________
2024-05-15 18:10:48.572632:fc1_0 (Dense)                   (None, 512)          524800      dropout[0][0]                    
2024-05-15 18:10:48.572676:__________________________________________________________________________________________________
2024-05-15 18:10:48.572780:fc1_dim_0 (Dense)               (None, 512)          524800      dropout[0][0]                    
2024-05-15 18:10:48.572823:__________________________________________________________________________________________________
2024-05-15 18:10:48.572900:tf.__operators__.add_4 (TFOpLam (None, 512)          0           fc1_0[0][0]                      
2024-05-15 18:10:48.572950:                                                                 fc1_dim_0[0][0]                  
2024-05-15 18:10:48.572987:__________________________________________________________________________________________________
2024-05-15 18:10:48.573093:fc1_1 (Dense)                   (None, 512)          262656      tf.__operators__.add_4[0][0]     
2024-05-15 18:10:48.573135:__________________________________________________________________________________________________
2024-05-15 18:10:48.573214:tf.__operators__.add_5 (TFOpLam (None, 512)          0           fc1_1[0][0]                      
2024-05-15 18:10:48.573257:                                                                 tf.__operators__.add_4[0][0]     
2024-05-15 18:10:48.573293:__________________________________________________________________________________________________
2024-05-15 18:10:48.573397:fc1_2 (Dense)                   (None, 512)          262656      tf.__operators__.add_5[0][0]     
2024-05-15 18:10:48.573441:__________________________________________________________________________________________________
2024-05-15 18:10:48.573520:tf.__operators__.add_6 (TFOpLam (None, 512)          0           fc1_2[0][0]                      
2024-05-15 18:10:48.573562:                                                                 tf.__operators__.add_5[0][0]     
2024-05-15 18:10:48.573598:__________________________________________________________________________________________________
2024-05-15 18:10:48.573670:dropout_1 (Dropout)             (None, 512)          0           tf.__operators__.add_6[0][0]     
2024-05-15 18:10:48.573709:__________________________________________________________________________________________________
2024-05-15 18:10:48.573813:fc2_0 (Dense)                   (None, 256)          131328      dropout_1[0][0]                  
2024-05-15 18:10:48.573856:__________________________________________________________________________________________________
2024-05-15 18:10:48.573968:fc2_dim_0 (Dense)               (None, 256)          131328      dropout_1[0][0]                  
2024-05-15 18:10:48.574011:__________________________________________________________________________________________________
2024-05-15 18:10:48.574090:tf.__operators__.add_7 (TFOpLam (None, 256)          0           fc2_0[0][0]                      
2024-05-15 18:10:48.574134:                                                                 fc2_dim_0[0][0]                  
2024-05-15 18:10:48.574170:__________________________________________________________________________________________________
2024-05-15 18:10:48.574273:fc2_1 (Dense)                   (None, 256)          65792       tf.__operators__.add_7[0][0]     
2024-05-15 18:10:48.574317:__________________________________________________________________________________________________
2024-05-15 18:10:48.574394:tf.__operators__.add_8 (TFOpLam (None, 256)          0           fc2_1[0][0]                      
2024-05-15 18:10:48.574442:                                                                 tf.__operators__.add_7[0][0]     
2024-05-15 18:10:48.574478:__________________________________________________________________________________________________
2024-05-15 18:10:48.574581:fc2_2 (Dense)                   (None, 256)          65792       tf.__operators__.add_8[0][0]     
2024-05-15 18:10:48.574641:__________________________________________________________________________________________________
2024-05-15 18:10:48.574722:tf.__operators__.add_9 (TFOpLam (None, 256)          0           fc2_2[0][0]                      
2024-05-15 18:10:48.574764:                                                                 tf.__operators__.add_8[0][0]     
2024-05-15 18:10:48.574800:__________________________________________________________________________________________________
2024-05-15 18:10:48.574900:dropout_2 (Dropout)             (None, 256)          0           tf.__operators__.add_9[0][0]     
2024-05-15 18:10:48.574952:__________________________________________________________________________________________________
2024-05-15 18:10:48.575067:fc3_0 (Dense)                   (None, 128)          32896       dropout_2[0][0]                  
2024-05-15 18:10:48.575110:__________________________________________________________________________________________________
2024-05-15 18:10:48.575212:fc3_dim_0 (Dense)               (None, 128)          32896       dropout_2[0][0]                  
2024-05-15 18:10:48.575254:__________________________________________________________________________________________________
2024-05-15 18:10:48.575331:tf.__operators__.add_10 (TFOpLa (None, 128)          0           fc3_0[0][0]                      
2024-05-15 18:10:48.575374:                                                                 fc3_dim_0[0][0]                  
2024-05-15 18:10:48.575409:__________________________________________________________________________________________________
2024-05-15 18:10:48.575513:fc3_1 (Dense)                   (None, 128)          16512       tf.__operators__.add_10[0][0]    
2024-05-15 18:10:48.575555:__________________________________________________________________________________________________
2024-05-15 18:10:48.575632:tf.__operators__.add_11 (TFOpLa (None, 128)          0           fc3_1[0][0]                      
2024-05-15 18:10:48.575675:                                                                 tf.__operators__.add_10[0][0]    
2024-05-15 18:10:48.575711:__________________________________________________________________________________________________
2024-05-15 18:10:48.575813:fc3_2 (Dense)                   (None, 128)          16512       tf.__operators__.add_11[0][0]    
2024-05-15 18:10:48.575856:__________________________________________________________________________________________________
2024-05-15 18:10:48.575938:tf.__operators__.add_12 (TFOpLa (None, 128)          0           fc3_2[0][0]                      
2024-05-15 18:10:48.576014:                                                                 tf.__operators__.add_11[0][0]    
2024-05-15 18:10:48.576053:__________________________________________________________________________________________________
2024-05-15 18:10:48.576135:dropout_3 (Dropout)             (None, 128)          0           tf.__operators__.add_12[0][0]    
2024-05-15 18:10:48.576175:__________________________________________________________________________________________________
2024-05-15 18:10:48.576285:fc4_0 (Dense)                   (None, 64)           8256        dropout_3[0][0]                  
2024-05-15 18:10:48.576329:__________________________________________________________________________________________________
2024-05-15 18:10:48.576432:fc4_dim_0 (Dense)               (None, 64)           8256        dropout_3[0][0]                  
2024-05-15 18:10:48.576474:__________________________________________________________________________________________________
2024-05-15 18:10:48.576550:tf.__operators__.add_13 (TFOpLa (None, 64)           0           fc4_0[0][0]                      
2024-05-15 18:10:48.576600:                                                                 fc4_dim_0[0][0]                  
2024-05-15 18:10:48.576637:__________________________________________________________________________________________________
2024-05-15 18:10:48.576741:fc4_1 (Dense)                   (None, 64)           4160        tf.__operators__.add_13[0][0]    
2024-05-15 18:10:48.576783:__________________________________________________________________________________________________
2024-05-15 18:10:48.576859:tf.__operators__.add_14 (TFOpLa (None, 64)           0           fc4_1[0][0]                      
2024-05-15 18:10:48.576904:                                                                 tf.__operators__.add_13[0][0]    
2024-05-15 18:10:48.576953:__________________________________________________________________________________________________
2024-05-15 18:10:48.577060:fc5_0 (Dense)                   (None, 32)           2080        tf.__operators__.add_14[0][0]    
2024-05-15 18:10:48.577102:__________________________________________________________________________________________________
2024-05-15 18:10:48.577204:fc5_dim_0 (Dense)               (None, 32)           2080        tf.__operators__.add_14[0][0]    
2024-05-15 18:10:48.579241:__________________________________________________________________________________________________
2024-05-15 18:10:48.579336:tf.__operators__.add_15 (TFOpLa (None, 32)           0           fc5_0[0][0]                      
2024-05-15 18:10:48.579380:                                                                 fc5_dim_0[0][0]                  
2024-05-15 18:10:48.579417:__________________________________________________________________________________________________
2024-05-15 18:10:48.579524:fc6 (Dense)                     (None, 1)            33          tf.__operators__.add_15[0][0]    
2024-05-15 18:10:48.579566:==================================================================================================
2024-05-15 18:10:48.580199:Total params: 6,816,545
2024-05-15 18:10:48.580254:Trainable params: 6,816,545
2024-05-15 18:10:48.580292:Non-trainable params: 0
2024-05-15 18:10:48.580328:__________________________________________________________________________________________________
2024-05-15 18:10:48.591295:start training
2024-05-15 18:10:52.619816:2024-05-15 18:10:52.619756: Current epoch: 0, loss: 4.334502696990967, validation loss: 0.825921356678009
2024-05-15 18:10:55.346866:2024-05-15 18:10:55.346796: Current epoch: 1, loss: 0.7044719457626343, validation loss: 0.5039835572242737
2024-05-15 18:10:57.750500:2024-05-15 18:10:57.750472: Current epoch: 2, loss: 0.6303869485855103, validation loss: 0.8518428206443787
2024-05-15 18:11:00.447817:2024-05-15 18:11:00.447745: Current epoch: 3, loss: 0.5515609979629517, validation loss: 0.49653902649879456
2024-05-15 18:11:03.035492:2024-05-15 18:11:03.035401: Current epoch: 4, loss: 0.5495967268943787, validation loss: 0.5325062870979309
2024-05-15 18:11:05.693147:2024-05-15 18:11:05.693074: Current epoch: 5, loss: 0.5147172212600708, validation loss: 0.47207918763160706
2024-05-15 18:11:08.458319:2024-05-15 18:11:08.458201: Current epoch: 6, loss: 0.49462664127349854, validation loss: 0.5587513446807861
2024-05-15 18:11:11.107717:2024-05-15 18:11:11.107662: Current epoch: 7, loss: 0.4826143682003021, validation loss: 0.45383045077323914
2024-05-15 18:11:13.770314:2024-05-15 18:11:13.770247: Current epoch: 8, loss: 0.4568578898906708, validation loss: 0.4046698212623596
2024-05-15 18:11:16.477373:2024-05-15 18:11:16.477243: Current epoch: 9, loss: 0.48518630862236023, validation loss: 0.49236640334129333
2024-05-15 18:11:21.744254:2024-05-15 18:11:21.744126: Current epoch: 10, loss: 0.47061941027641296, validation loss: 0.5316451787948608
2024-05-15 18:11:24.336201:2024-05-15 18:11:24.336037: Current epoch: 11, loss: 0.4448451101779938, validation loss: 0.42255616188049316
2024-05-15 18:11:26.980638:2024-05-15 18:11:26.980573: Current epoch: 12, loss: 0.43532201647758484, validation loss: 0.44501346349716187
2024-05-15 18:11:29.572166:2024-05-15 18:11:29.572042: Current epoch: 13, loss: 0.4295895993709564, validation loss: 0.44173121452331543
2024-05-15 18:11:32.063398:2024-05-15 18:11:32.063306: Current epoch: 14, loss: 0.43852993845939636, validation loss: 0.5401656627655029
2024-05-15 18:11:34.707206:2024-05-15 18:11:34.707087: Current epoch: 15, loss: 0.4357733130455017, validation loss: 0.4768443703651428
2024-05-15 18:11:37.247881:2024-05-15 18:11:37.247814: Current epoch: 16, loss: 0.4446601867675781, validation loss: 0.45637330412864685
2024-05-15 18:11:39.940033:2024-05-15 18:11:39.939986: Current epoch: 17, loss: 0.4145699739456177, validation loss: 0.3848232328891754
2024-05-15 18:11:42.423817:2024-05-15 18:11:42.423759: Current epoch: 18, loss: 0.41124776005744934, validation loss: 0.38524550199508667
2024-05-15 18:11:44.965343:2024-05-15 18:11:44.965289: Current epoch: 19, loss: 0.425420880317688, validation loss: 0.3879430294036865
2024-05-15 18:11:50.091813:2024-05-15 18:11:50.091686: Current epoch: 20, loss: 0.42022955417633057, validation loss: 0.5328174233436584
2024-05-15 18:11:52.785563:2024-05-15 18:11:52.785491: Current epoch: 21, loss: 0.41891708970069885, validation loss: 0.3911791443824768
2024-05-15 18:11:55.439506:2024-05-15 18:11:55.439460: Current epoch: 22, loss: 0.40862521529197693, validation loss: 0.5213623642921448
2024-05-15 18:11:57.817233:2024-05-15 18:11:57.817183: Current epoch: 23, loss: 0.3909062147140503, validation loss: 0.448198139667511
2024-05-15 18:12:00.484110:2024-05-15 18:12:00.484042: Current epoch: 24, loss: 0.3912188708782196, validation loss: 0.383571594953537
2024-05-15 18:12:03.173698:2024-05-15 18:12:03.173558: Current epoch: 25, loss: 0.4002380669116974, validation loss: 0.3867562711238861
2024-05-15 18:12:05.961125:2024-05-15 18:12:05.960985: Current epoch: 26, loss: 0.3855721056461334, validation loss: 0.45830580592155457
2024-05-15 18:12:08.566019:2024-05-15 18:12:08.565888: Current epoch: 27, loss: 0.386885404586792, validation loss: 0.3936540186405182
2024-05-15 18:12:11.110307:2024-05-15 18:12:11.110161: Current epoch: 28, loss: 0.3838059902191162, validation loss: 0.40656745433807373
2024-05-15 18:12:13.382384:2024-05-15 18:12:13.382287: Current epoch: 29, loss: 0.37481439113616943, validation loss: 0.3968408703804016
2024-05-15 18:12:15.769062:2024-05-15 18:12:15.769010: Current epoch: 30, loss: 0.37741145491600037, validation loss: 0.3728308379650116
2024-05-15 18:12:18.033266:2024-05-15 18:12:18.033210: Current epoch: 31, loss: 0.3798482120037079, validation loss: 0.4059891700744629
2024-05-15 18:12:20.417849:2024-05-15 18:12:20.417709: Current epoch: 32, loss: 0.3720514476299286, validation loss: 0.42640864849090576
2024-05-15 18:12:22.796408:2024-05-15 18:12:22.796330: Current epoch: 33, loss: 0.37472981214523315, validation loss: 0.40721601247787476
2024-05-15 18:12:25.407334:2024-05-15 18:12:25.407254: Current epoch: 34, loss: 0.35499951243400574, validation loss: 0.3689519762992859
2024-05-15 18:12:27.874378:2024-05-15 18:12:27.874218: Current epoch: 35, loss: 0.36582088470458984, validation loss: 0.42199236154556274
2024-05-15 18:12:30.200207:2024-05-15 18:12:30.200115: Current epoch: 36, loss: 0.35457631945610046, validation loss: 0.37736785411834717
2024-05-15 18:12:32.511366:2024-05-15 18:12:32.511216: Current epoch: 37, loss: 0.34757253527641296, validation loss: 0.3852126896381378
2024-05-15 18:12:34.683578:2024-05-15 18:12:34.683419: Current epoch: 38, loss: 0.34469231963157654, validation loss: 0.3936130106449127
2024-05-15 18:12:36.831142:2024-05-15 18:12:36.831018: Current epoch: 39, loss: 0.3436617851257324, validation loss: 0.37631964683532715
2024-05-15 18:12:41.404644:2024-05-15 18:12:41.404580: Current epoch: 40, loss: 0.3357669711112976, validation loss: 0.35360440611839294
2024-05-15 18:12:43.796525:2024-05-15 18:12:43.796458: Current epoch: 41, loss: 0.3354763090610504, validation loss: 0.3706549406051636
2024-05-15 18:12:46.282089:2024-05-15 18:12:46.281977: Current epoch: 42, loss: 0.336029589176178, validation loss: 0.37983646988868713
2024-05-15 18:12:48.616662:2024-05-15 18:12:48.616572: Current epoch: 43, loss: 0.33351320028305054, validation loss: 0.3635500371456146
2024-05-15 18:12:50.900510:2024-05-15 18:12:50.900392: Current epoch: 44, loss: 0.32818642258644104, validation loss: 0.3723866641521454
2024-05-15 18:12:53.014478:2024-05-15 18:12:53.014424: Current epoch: 45, loss: 0.32283005118370056, validation loss: 0.3732723891735077
2024-05-15 18:12:55.367092:2024-05-15 18:12:55.366973: Current epoch: 46, loss: 0.31851404905319214, validation loss: 0.37805718183517456
2024-05-15 18:12:57.476323:2024-05-15 18:12:57.476232: Current epoch: 47, loss: 0.32348597049713135, validation loss: 0.38309353590011597
2024-05-15 18:12:59.669071:2024-05-15 18:12:59.669002: Current epoch: 48, loss: 0.31906646490097046, validation loss: 0.3747669756412506
2024-05-15 18:13:01.841253:2024-05-15 18:13:01.841137: Current epoch: 49, loss: 0.30621209740638733, validation loss: 0.3852909505367279
2024-05-15 18:13:03.960195:2024-05-15 18:13:03.960151: Current epoch: 50, loss: 0.3115040361881256, validation loss: 0.35233074426651
2024-05-15 18:13:06.519170:2024-05-15 18:13:06.519079: Current epoch: 51, loss: 0.31497839093208313, validation loss: 0.3965531885623932
2024-05-15 18:13:08.839070:2024-05-15 18:13:08.839014: Current epoch: 52, loss: 0.29234495759010315, validation loss: 0.3484523892402649
2024-05-15 18:13:11.144731:2024-05-15 18:13:11.144691: Current epoch: 53, loss: 0.29713863134384155, validation loss: 0.34824809432029724
2024-05-15 18:13:13.480737:2024-05-15 18:13:13.480668: Current epoch: 54, loss: 0.2927086353302002, validation loss: 0.3806985318660736
2024-05-15 18:13:15.944737:2024-05-15 18:13:15.944609: Current epoch: 55, loss: 0.29160428047180176, validation loss: 0.37923604249954224
2024-05-15 18:13:18.425258:2024-05-15 18:13:18.425190: Current epoch: 56, loss: 0.2876170575618744, validation loss: 0.365766316652298
2024-05-15 18:13:20.949276:2024-05-15 18:13:20.949155: Current epoch: 57, loss: 0.2890244424343109, validation loss: 0.36478391289711
2024-05-15 18:13:23.440700:2024-05-15 18:13:23.440632: Current epoch: 58, loss: 0.28470176458358765, validation loss: 0.36181336641311646
2024-05-15 18:13:25.987009:2024-05-15 18:13:25.986895: Current epoch: 59, loss: 0.2815820872783661, validation loss: 0.37174710631370544
2024-05-15 18:13:30.886522:2024-05-15 18:13:30.886447: Current epoch: 60, loss: 0.27609705924987793, validation loss: 0.3726044297218323
2024-05-15 18:13:33.714306:2024-05-15 18:13:33.714238: Current epoch: 61, loss: 0.2689247131347656, validation loss: 0.3452826738357544
2024-05-15 18:13:36.181224:2024-05-15 18:13:36.181169: Current epoch: 62, loss: 0.26041802763938904, validation loss: 0.3781169652938843
2024-05-15 18:13:38.598344:2024-05-15 18:13:38.598270: Current epoch: 63, loss: 0.26448720693588257, validation loss: 0.39294058084487915
2024-05-15 18:13:40.870031:2024-05-15 18:13:40.869976: Current epoch: 64, loss: 0.26170915365219116, validation loss: 0.3676474988460541
2024-05-15 18:13:43.262041:2024-05-15 18:13:43.261981: Current epoch: 65, loss: 0.25990477204322815, validation loss: 0.39426136016845703
2024-05-15 18:13:45.586121:2024-05-15 18:13:45.586044: Current epoch: 66, loss: 0.25769636034965515, validation loss: 0.354059636592865
2024-05-15 18:13:48.388574:2024-05-15 18:13:48.388428: Current epoch: 67, loss: 0.24754387140274048, validation loss: 0.37421315908432007
2024-05-15 18:13:51.011541:2024-05-15 18:13:51.011356: Current epoch: 68, loss: 0.2532472014427185, validation loss: 0.36388832330703735
2024-05-15 18:13:53.662513:2024-05-15 18:13:53.662367: Current epoch: 69, loss: 0.24877041578292847, validation loss: 0.36060208082199097
2024-05-15 18:13:58.512566:2024-05-15 18:13:58.512412: Current epoch: 70, loss: 0.2461841106414795, validation loss: 0.3993239402770996
2024-05-15 18:14:01.147375:2024-05-15 18:14:01.147282: Current epoch: 71, loss: 0.24294069409370422, validation loss: 0.36107009649276733
2024-05-15 18:14:03.599405:2024-05-15 18:14:03.599279: Current epoch: 72, loss: 0.22902289032936096, validation loss: 0.36178311705589294
2024-05-15 18:14:06.008148:2024-05-15 18:14:06.008053: Current epoch: 73, loss: 0.23576191067695618, validation loss: 0.35469111800193787
2024-05-15 18:14:08.503614:2024-05-15 18:14:08.503540: Current epoch: 74, loss: 0.22380468249320984, validation loss: 0.35907426476478577
2024-05-15 18:14:11.152708:2024-05-15 18:14:11.152558: Current epoch: 75, loss: 0.22546355426311493, validation loss: 0.34728407859802246
2024-05-15 18:14:13.823385:2024-05-15 18:14:13.823256: Current epoch: 76, loss: 0.22217334806919098, validation loss: 0.3476855158805847
2024-05-15 18:14:16.399456:2024-05-15 18:14:16.399314: Current epoch: 77, loss: 0.2241186499595642, validation loss: 0.3483664393424988
2024-05-15 18:14:18.963857:2024-05-15 18:14:18.963716: Current epoch: 78, loss: 0.22628651559352875, validation loss: 0.3814873695373535
2024-05-15 18:14:21.313399:2024-05-15 18:14:21.313301: Current epoch: 79, loss: 0.22085940837860107, validation loss: 0.36105865240097046
2024-05-15 18:14:23.719161:2024-05-15 18:14:23.719049: Current epoch: 80, loss: 0.2114586979150772, validation loss: 0.3550599217414856
2024-05-15 18:14:26.172179:2024-05-15 18:14:26.171985: Current epoch: 81, loss: 0.20941676199436188, validation loss: 0.3664551079273224
2024-05-15 18:14:28.966973:2024-05-15 18:14:28.966888: Current epoch: 82, loss: 0.21066893637180328, validation loss: 0.3602747917175293
2024-05-15 18:14:31.757510:2024-05-15 18:14:31.757285: Current epoch: 83, loss: 0.2041894644498825, validation loss: 0.357872873544693
2024-05-15 18:14:34.417778:2024-05-15 18:14:34.417614: Current epoch: 84, loss: 0.20244602859020233, validation loss: 0.405305415391922
2024-05-15 18:14:37.208558:2024-05-15 18:14:37.208396: Current epoch: 85, loss: 0.1986818164587021, validation loss: 0.35856813192367554
2024-05-15 18:14:39.731702:2024-05-15 18:14:39.731508: Current epoch: 86, loss: 0.1988711655139923, validation loss: 0.36138615012168884
2024-05-15 18:14:42.321969:2024-05-15 18:14:42.321759: Current epoch: 87, loss: 0.19675032794475555, validation loss: 0.38369089365005493
2024-05-15 18:14:44.983132:2024-05-15 18:14:44.982923: Current epoch: 88, loss: 0.19495639204978943, validation loss: 0.3690231442451477
2024-05-15 18:14:47.603056:2024-05-15 18:14:47.602907: Current epoch: 89, loss: 0.18819640576839447, validation loss: 0.35465413331985474
2024-05-15 18:14:53.248583:2024-05-15 18:14:53.248434: Current epoch: 90, loss: 0.1934877336025238, validation loss: 0.3530048429965973
2024-05-15 18:14:55.770273:2024-05-15 18:14:55.770132: Current epoch: 91, loss: 0.18954916298389435, validation loss: 0.35602763295173645
2024-05-15 18:14:58.005577:2024-05-15 18:14:58.005501: Current epoch: 92, loss: 0.19299080967903137, validation loss: 0.3538273572921753
2024-05-15 18:15:00.443500:2024-05-15 18:15:00.443372: Current epoch: 93, loss: 0.17651861906051636, validation loss: 0.3558752238750458
2024-05-15 18:15:02.998141:2024-05-15 18:15:02.997988: Current epoch: 94, loss: 0.18365147709846497, validation loss: 0.3789125382900238
2024-05-15 18:15:05.539790:2024-05-15 18:15:05.539647: Current epoch: 95, loss: 0.17102234065532684, validation loss: 0.3698894679546356
2024-05-15 18:15:07.908784:2024-05-15 18:15:07.908720: Current epoch: 96, loss: 0.16900776326656342, validation loss: 0.3507501184940338
2024-05-15 18:15:10.434563:2024-05-15 18:15:10.434406: Current epoch: 97, loss: 0.1733187884092331, validation loss: 0.3579128682613373
2024-05-15 18:15:12.947308:2024-05-15 18:15:12.947186: Current epoch: 98, loss: 0.16960275173187256, validation loss: 0.37061187624931335
2024-05-15 18:15:15.465460:2024-05-15 18:15:15.465386: Current epoch: 99, loss: 0.17064425349235535, validation loss: 0.3561830222606659
2024-05-15 18:15:17.988081:2024-05-15 18:15:17.987948: Current epoch: 100, loss: 0.1650712937116623, validation loss: 0.38996052742004395
2024-05-15 18:15:20.509451:2024-05-15 18:15:20.509332: Current epoch: 101, loss: 0.16911454498767853, validation loss: 0.36443576216697693
2024-05-15 18:15:23.240643:2024-05-15 18:15:23.240505: Current epoch: 102, loss: 0.16277679800987244, validation loss: 0.35757309198379517
2024-05-15 18:15:26.092226:2024-05-15 18:15:26.092129: Current epoch: 103, loss: 0.1584853082895279, validation loss: 0.3408479690551758
2024-05-15 18:15:28.121055:2024-05-15 18:15:28.120888: Current epoch: 104, loss: 0.16448190808296204, validation loss: 0.3413707911968231
2024-05-15 18:15:30.267616:2024-05-15 18:15:30.267423: Current epoch: 105, loss: 0.16121068596839905, validation loss: 0.3511509299278259
2024-05-15 18:15:32.561497:2024-05-15 18:15:32.561409: Current epoch: 106, loss: 0.15324358642101288, validation loss: 0.35854312777519226
2024-05-15 18:15:35.075786:2024-05-15 18:15:35.075597: Current epoch: 107, loss: 0.1529415249824524, validation loss: 0.3519148826599121
2024-05-15 18:15:37.652333:2024-05-15 18:15:37.652139: Current epoch: 108, loss: 0.1535712629556656, validation loss: 0.35373276472091675
2024-05-15 18:15:40.435412:2024-05-15 18:15:40.435234: Current epoch: 109, loss: 0.1485612988471985, validation loss: 0.37377163767814636
2024-05-15 18:15:43.320031:2024-05-15 18:15:43.319856: Current epoch: 110, loss: 0.14338968694210052, validation loss: 0.36558055877685547
2024-05-15 18:15:45.996801:2024-05-15 18:15:45.996650: Current epoch: 111, loss: 0.14830470085144043, validation loss: 0.3479264974594116
2024-05-15 18:15:48.731198:2024-05-15 18:15:48.731039: Current epoch: 112, loss: 0.1449989676475525, validation loss: 0.36492881178855896
2024-05-15 18:15:51.373921:2024-05-15 18:15:51.373758: Current epoch: 113, loss: 0.14489687979221344, validation loss: 0.36697253584861755
2024-05-15 18:15:54.119004:2024-05-15 18:15:54.118813: Current epoch: 114, loss: 0.14480645954608917, validation loss: 0.3535080850124359
2024-05-15 18:15:56.817713:2024-05-15 18:15:56.817588: Current epoch: 115, loss: 0.14282730221748352, validation loss: 0.354989230632782
2024-05-15 18:15:59.455848:2024-05-15 18:15:59.455671: Current epoch: 116, loss: 0.13936296105384827, validation loss: 0.3469676375389099
2024-05-15 18:16:02.059808:2024-05-15 18:16:02.059706: Current epoch: 117, loss: 0.14232979714870453, validation loss: 0.3474004864692688
2024-05-15 18:16:04.541655:2024-05-15 18:16:04.541591: Current epoch: 118, loss: 0.13771384954452515, validation loss: 0.34711676836013794
2024-05-15 18:16:07.037732:2024-05-15 18:16:07.037585: Current epoch: 119, loss: 0.13414925336837769, validation loss: 0.352491557598114
2024-05-15 18:16:12.664246:2024-05-15 18:16:12.664089: Current epoch: 120, loss: 0.13383319973945618, validation loss: 0.3429643511772156
2024-05-15 18:16:15.449046:2024-05-15 18:16:15.448866: Current epoch: 121, loss: 0.13399244844913483, validation loss: 0.3512871265411377
2024-05-15 18:16:18.158895:2024-05-15 18:16:18.158750: Current epoch: 122, loss: 0.13176614046096802, validation loss: 0.35068491101264954
2024-05-15 18:16:20.854740:2024-05-15 18:16:20.854626: Current epoch: 123, loss: 0.13158884644508362, validation loss: 0.35945382714271545
2024-05-15 18:16:23.364092:2024-05-15 18:16:23.363939: Current epoch: 124, loss: 0.13240571320056915, validation loss: 0.3488211929798126
2024-05-15 18:16:25.871409:2024-05-15 18:16:25.871245: Current epoch: 125, loss: 0.13176050782203674, validation loss: 0.355385959148407
2024-05-15 18:16:28.163693:2024-05-15 18:16:28.163550: Current epoch: 126, loss: 0.13211925327777863, validation loss: 0.35438647866249084
2024-05-15 18:16:30.435261:2024-05-15 18:16:30.435114: Current epoch: 127, loss: 0.12407779693603516, validation loss: 0.3572017550468445
2024-05-15 18:16:32.468218:2024-05-15 18:16:32.468028: Current epoch: 128, loss: 0.12388234585523605, validation loss: 0.34431377053260803
2024-05-15 18:16:34.764949:2024-05-15 18:16:34.764814: Current epoch: 129, loss: 0.1271018087863922, validation loss: 0.3515782058238983
2024-05-15 18:16:40.168050:2024-05-15 18:16:40.167883: Current epoch: 130, loss: 0.1275448203086853, validation loss: 0.3482376039028168
2024-05-15 18:16:42.817624:2024-05-15 18:16:42.817482: Current epoch: 131, loss: 0.12160740047693253, validation loss: 0.3629130423069
2024-05-15 18:16:45.180189:2024-05-15 18:16:45.180120: Current epoch: 132, loss: 0.11918206512928009, validation loss: 0.35073724389076233
2024-05-15 18:16:47.563874:2024-05-15 18:16:47.563753: Current epoch: 133, loss: 0.11883268505334854, validation loss: 0.36176079511642456
2024-05-15 18:16:49.869834:2024-05-15 18:16:49.869746: Current epoch: 134, loss: 0.12332921475172043, validation loss: 0.3458632826805115
2024-05-15 18:16:52.354336:2024-05-15 18:16:52.354263: Current epoch: 135, loss: 0.12175612151622772, validation loss: 0.3589644134044647
2024-05-15 18:16:54.926744:2024-05-15 18:16:54.926586: Current epoch: 136, loss: 0.11650834232568741, validation loss: 0.3473649024963379
2024-05-15 18:16:57.456281:2024-05-15 18:16:57.456215: Current epoch: 137, loss: 0.11649968475103378, validation loss: 0.35061031579971313
2024-05-15 18:16:59.970859:2024-05-15 18:16:59.970718: Current epoch: 138, loss: 0.11375019699335098, validation loss: 0.35520240664482117
2024-05-15 18:17:02.324144:2024-05-15 18:17:02.324088: Current epoch: 139, loss: 0.11199093610048294, validation loss: 0.3424935042858124
2024-05-15 18:17:07.219197:2024-05-15 18:17:07.219078: Current epoch: 140, loss: 0.1091727688908577, validation loss: 0.3590972125530243
2024-05-15 18:17:09.446730:2024-05-15 18:17:09.446661: Current epoch: 141, loss: 0.10990148782730103, validation loss: 0.341619610786438
2024-05-15 18:17:11.813880:2024-05-15 18:17:11.813812: Current epoch: 142, loss: 0.11184566468000412, validation loss: 0.35085389018058777
2024-05-15 18:17:14.390815:2024-05-15 18:17:14.390713: Current epoch: 143, loss: 0.11058328300714493, validation loss: 0.3453332483768463
2024-05-15 18:17:16.906139:2024-05-15 18:17:16.906015: Current epoch: 144, loss: 0.11055131256580353, validation loss: 0.345381498336792
2024-05-15 18:17:19.341013:2024-05-15 18:17:19.340904: Current epoch: 145, loss: 0.10912254452705383, validation loss: 0.34399378299713135
2024-05-15 18:17:21.964164:2024-05-15 18:17:21.963971: Current epoch: 146, loss: 0.10988445580005646, validation loss: 0.35359087586402893
2024-05-15 18:17:24.246599:2024-05-15 18:17:24.246478: Current epoch: 147, loss: 0.11245734244585037, validation loss: 0.3515259921550751
2024-05-15 18:17:26.681580:2024-05-15 18:17:26.681436: Current epoch: 148, loss: 0.10888554155826569, validation loss: 0.3580193519592285
2024-05-15 18:17:29.139887:2024-05-15 18:17:29.139788: Current epoch: 149, loss: 0.11039845645427704, validation loss: 0.3540249466896057
2024-05-15 18:17:31.833990:2024-05-15 18:17:31.833823: Current epoch: 150, loss: 0.10731524229049683, validation loss: 0.3565189242362976
2024-05-15 18:17:34.248634:2024-05-15 18:17:34.248525: Current epoch: 151, loss: 0.10400430858135223, validation loss: 0.3482210636138916
2024-05-15 18:17:36.466805:2024-05-15 18:17:36.466645: Current epoch: 152, loss: 0.10249217599630356, validation loss: 0.35006046295166016
2024-05-15 18:17:38.876267:2024-05-15 18:17:38.876126: Current epoch: 153, loss: 0.10517247766256332, validation loss: 0.3613519072532654
2024-05-15 18:17:41.266322:2024-05-15 18:17:41.266202: Current epoch: 154, loss: 0.107231505215168, validation loss: 0.35880234837532043
2024-05-15 18:17:43.674904:2024-05-15 18:17:43.674764: Current epoch: 155, loss: 0.10125070065259933, validation loss: 0.3450096547603607
2024-05-15 18:17:46.157685:2024-05-15 18:17:46.157543: Current epoch: 156, loss: 0.10376337915658951, validation loss: 0.35009023547172546
2024-05-15 18:17:48.479253:2024-05-15 18:17:48.479175: Current epoch: 157, loss: 0.1007605716586113, validation loss: 0.34279853105545044
2024-05-15 18:17:50.989792:2024-05-15 18:17:50.989672: Current epoch: 158, loss: 0.09458065032958984, validation loss: 0.3475242257118225
2024-05-15 18:17:53.430469:2024-05-15 18:17:53.430380: Current epoch: 159, loss: 0.09717553108930588, validation loss: 0.3539162576198578
2024-05-15 18:17:56.003542:2024-05-15 18:17:56.003496: Current epoch: 160, loss: 0.09821557998657227, validation loss: 0.3373672366142273
2024-05-15 18:17:58.510564:2024-05-15 18:17:58.510518: Current epoch: 161, loss: 0.10271921753883362, validation loss: 0.3356836140155792
2024-05-15 18:18:01.008369:2024-05-15 18:18:01.008304: Current epoch: 162, loss: 0.09712578356266022, validation loss: 0.33873823285102844
2024-05-15 18:18:03.449995:2024-05-15 18:18:03.449906: Current epoch: 163, loss: 0.09804888069629669, validation loss: 0.337649405002594
2024-05-15 18:18:06.008610:2024-05-15 18:18:06.008492: Current epoch: 164, loss: 0.09231485426425934, validation loss: 0.3573840856552124
2024-05-15 18:18:08.402536:2024-05-15 18:18:08.402445: Current epoch: 165, loss: 0.09984534233808517, validation loss: 0.34837183356285095
2024-05-15 18:18:10.516940:2024-05-15 18:18:10.516864: Current epoch: 166, loss: 0.0949818417429924, validation loss: 0.3834078013896942
2024-05-15 18:18:12.985621:2024-05-15 18:18:12.985516: Current epoch: 167, loss: 0.09703788161277771, validation loss: 0.35104936361312866
2024-05-15 18:18:15.429011:2024-05-15 18:18:15.428916: Current epoch: 168, loss: 0.09231006354093552, validation loss: 0.34118542075157166
2024-05-15 18:18:17.886144:2024-05-15 18:18:17.886080: Current epoch: 169, loss: 0.09388656914234161, validation loss: 0.36182206869125366
2024-05-15 18:18:20.500644:2024-05-15 18:18:20.500491: Current epoch: 170, loss: 0.09170245379209518, validation loss: 0.34697988629341125
2024-05-15 18:18:22.950114:2024-05-15 18:18:22.950048: Current epoch: 171, loss: 0.09383026510477066, validation loss: 0.34763601422309875
2024-05-15 18:18:25.473029:2024-05-15 18:18:25.472890: Current epoch: 172, loss: 0.09368689358234406, validation loss: 0.37166666984558105
2024-05-15 18:18:28.031619:2024-05-15 18:18:28.031489: Current epoch: 173, loss: 0.09019313752651215, validation loss: 0.3547564446926117
2024-05-15 18:18:30.686878:2024-05-15 18:18:30.686726: Current epoch: 174, loss: 0.08828088641166687, validation loss: 0.3470129668712616
2024-05-15 18:18:33.148374:2024-05-15 18:18:33.148271: Current epoch: 175, loss: 0.08870043605566025, validation loss: 0.35853517055511475
2024-05-15 18:18:35.771691:2024-05-15 18:18:35.771559: Current epoch: 176, loss: 0.09002293646335602, validation loss: 0.3441280722618103
2024-05-15 18:18:38.232573:2024-05-15 18:18:38.232432: Current epoch: 177, loss: 0.08949799090623856, validation loss: 0.3451758921146393
2024-05-15 18:18:40.547422:2024-05-15 18:18:40.547281: Current epoch: 178, loss: 0.08975359797477722, validation loss: 0.3433547019958496
2024-05-15 18:18:43.146736:2024-05-15 18:18:43.146594: Current epoch: 179, loss: 0.08943041414022446, validation loss: 0.3415324091911316
2024-05-15 18:18:48.350406:2024-05-15 18:18:48.350259: Current epoch: 180, loss: 0.08409617096185684, validation loss: 0.3441844582557678
2024-05-15 18:18:50.923423:2024-05-15 18:18:50.923324: Current epoch: 181, loss: 0.08512198179960251, validation loss: 0.3491308391094208
2024-05-15 18:18:53.504884:2024-05-15 18:18:53.504754: Current epoch: 182, loss: 0.08492457866668701, validation loss: 0.35107919573783875
2024-05-15 18:18:56.061485:2024-05-15 18:18:56.061419: Current epoch: 183, loss: 0.08589426428079605, validation loss: 0.34882861375808716
2024-05-15 18:18:58.665236:2024-05-15 18:18:58.665110: Current epoch: 184, loss: 0.08624721318483353, validation loss: 0.3425188660621643
2024-05-15 18:19:01.227230:2024-05-15 18:19:01.227137: Current epoch: 185, loss: 0.08218787610530853, validation loss: 0.34507980942726135
2024-05-15 18:19:03.742079:2024-05-15 18:19:03.741961: Current epoch: 186, loss: 0.08236406743526459, validation loss: 0.3422875702381134
2024-05-15 18:19:06.157678:2024-05-15 18:19:06.157614: Current epoch: 187, loss: 0.08173082023859024, validation loss: 0.3532803952693939
2024-05-15 18:19:08.709241:2024-05-15 18:19:08.709109: Current epoch: 188, loss: 0.08221728354692459, validation loss: 0.35463598370552063
2024-05-15 18:19:11.225370:2024-05-15 18:19:11.225228: Current epoch: 189, loss: 0.08463146537542343, validation loss: 0.3489234149456024
2024-05-15 18:19:13.878125:2024-05-15 18:19:13.877986: Current epoch: 190, loss: 0.08491802960634232, validation loss: 0.3457927703857422
2024-05-15 18:19:16.556955:2024-05-15 18:19:16.556806: Current epoch: 191, loss: 0.08290129154920578, validation loss: 0.3410203158855438
2024-05-15 18:19:19.197534:2024-05-15 18:19:19.197412: Current epoch: 192, loss: 0.0812341496348381, validation loss: 0.35111159086227417
2024-05-15 18:19:21.818564:2024-05-15 18:19:21.818423: Current epoch: 193, loss: 0.08107403665781021, validation loss: 0.3526102900505066
2024-05-15 18:19:24.319882:2024-05-15 18:19:24.319815: Current epoch: 194, loss: 0.07906641811132431, validation loss: 0.3417947590351105
2024-05-15 18:19:26.530850:2024-05-15 18:19:26.530729: Current epoch: 195, loss: 0.08459653705358505, validation loss: 0.34001126885414124
2024-05-15 18:19:28.773481:2024-05-15 18:19:28.773366: Current epoch: 196, loss: 0.07676824927330017, validation loss: 0.3441353142261505
2024-05-15 18:19:31.128225:2024-05-15 18:19:31.128149: Current epoch: 197, loss: 0.07992611825466156, validation loss: 0.3462766110897064
2024-05-15 18:19:33.653363:2024-05-15 18:19:33.653227: Current epoch: 198, loss: 0.07721525430679321, validation loss: 0.3569773733615875
2024-05-15 18:19:36.231042:2024-05-15 18:19:36.230954: Current epoch: 199, loss: 0.07996296882629395, validation loss: 0.3470480442047119
2024-05-15 18:19:38.750074:2024-05-15 18:19:38.749886: Current epoch: 200, loss: 0.08023440092802048, validation loss: 0.34002426266670227
2024-05-15 18:19:41.436307:2024-05-15 18:19:41.436227: Current epoch: 201, loss: 0.07601200044155121, validation loss: 0.3680364787578583
2024-05-15 18:19:43.938177:2024-05-15 18:19:43.938060: Current epoch: 202, loss: 0.07797205448150635, validation loss: 0.3552955389022827
2024-05-15 18:19:46.182606:2024-05-15 18:19:46.182545: Current epoch: 203, loss: 0.08722689747810364, validation loss: 0.3535698652267456
2024-05-15 18:19:48.282657:2024-05-15 18:19:48.282548: Current epoch: 204, loss: 0.08056209981441498, validation loss: 0.3446948826313019
2024-05-15 18:19:50.991124:2024-05-15 18:19:50.990978: Current epoch: 205, loss: 0.07633036375045776, validation loss: 0.3397306501865387
2024-05-15 18:19:53.652833:2024-05-15 18:19:53.652687: Current epoch: 206, loss: 0.07336457818746567, validation loss: 0.3473830223083496
2024-05-15 18:19:56.374654:2024-05-15 18:19:56.374511: Current epoch: 207, loss: 0.07302726805210114, validation loss: 0.3490248918533325
2024-05-15 18:19:58.953791:2024-05-15 18:19:58.953661: Current epoch: 208, loss: 0.07393714785575867, validation loss: 0.3443492352962494
2024-05-15 18:20:01.583004:2024-05-15 18:20:01.582899: Current epoch: 209, loss: 0.07578278332948685, validation loss: 0.349818617105484
2024-05-15 18:20:04.312191:2024-05-15 18:20:04.312132: Current epoch: 210, loss: 0.07415442913770676, validation loss: 0.3484472930431366
2024-05-15 18:20:06.906822:2024-05-15 18:20:06.906694: Current epoch: 211, loss: 0.0751139223575592, validation loss: 0.3506796360015869
2024-05-15 18:20:09.436969:2024-05-15 18:20:09.436816: Current epoch: 212, loss: 0.07126440852880478, validation loss: 0.3396996855735779
2024-05-15 18:20:11.782031:2024-05-15 18:20:11.781970: Current epoch: 213, loss: 0.07244236767292023, validation loss: 0.3506428301334381
2024-05-15 18:20:14.096171:2024-05-15 18:20:14.096105: Current epoch: 214, loss: 0.0741451233625412, validation loss: 0.3512665927410126
2024-05-15 18:20:16.618267:2024-05-15 18:20:16.618199: Current epoch: 215, loss: 0.07711432874202728, validation loss: 0.3428249657154083
2024-05-15 18:20:19.151041:2024-05-15 18:20:19.150974: Current epoch: 216, loss: 0.07402777671813965, validation loss: 0.3395746946334839
2024-05-15 18:20:21.775350:2024-05-15 18:20:21.775209: Current epoch: 217, loss: 0.07035056501626968, validation loss: 0.353469580411911
2024-05-15 18:20:24.569201:2024-05-15 18:20:24.569093: Current epoch: 218, loss: 0.07066386193037033, validation loss: 0.3504165709018707
2024-05-15 18:20:27.200237:2024-05-15 18:20:27.200089: Current epoch: 219, loss: 0.07342962175607681, validation loss: 0.35048428177833557
2024-05-15 18:20:29.865951:2024-05-15 18:20:29.865812: Current epoch: 220, loss: 0.06929238885641098, validation loss: 0.3451407551765442
2024-05-15 18:20:32.654324:2024-05-15 18:20:32.654231: Current epoch: 221, loss: 0.07034797966480255, validation loss: 0.34607264399528503
2024-05-15 18:20:35.180456:2024-05-15 18:20:35.180383: Current epoch: 222, loss: 0.06947547197341919, validation loss: 0.34804046154022217
2024-05-15 18:20:37.818214:2024-05-15 18:20:37.818069: Current epoch: 223, loss: 0.0733470544219017, validation loss: 0.34634044766426086
2024-05-15 18:20:40.455621:2024-05-15 18:20:40.455552: Current epoch: 224, loss: 0.07086135447025299, validation loss: 0.34427571296691895
2024-05-15 18:20:42.772965:2024-05-15 18:20:42.772823: Current epoch: 225, loss: 0.07210293412208557, validation loss: 0.3544430732727051
2024-05-15 18:20:45.318643:2024-05-15 18:20:45.318550: Current epoch: 226, loss: 0.071322962641716, validation loss: 0.34939301013946533
2024-05-15 18:20:47.892316:2024-05-15 18:20:47.892248: Current epoch: 227, loss: 0.06655183434486389, validation loss: 0.3616865575313568
2024-05-15 18:20:50.041957:2024-05-15 18:20:50.041830: Current epoch: 228, loss: 0.0695660188794136, validation loss: 0.3497854471206665
2024-05-15 18:20:52.424063:2024-05-15 18:20:52.424003: Current epoch: 229, loss: 0.06885205209255219, validation loss: 0.34051305055618286
2024-05-15 18:20:57.224130:2024-05-15 18:20:57.224023: Current epoch: 230, loss: 0.06844645738601685, validation loss: 0.3482913374900818
2024-05-15 18:20:59.792208:2024-05-15 18:20:59.792112: Current epoch: 231, loss: 0.07105842977762222, validation loss: 0.3553398847579956
2024-05-15 18:21:02.210483:2024-05-15 18:21:02.210412: Current epoch: 232, loss: 0.06675691157579422, validation loss: 0.3523123264312744
2024-05-15 18:21:04.618375:2024-05-15 18:21:04.618236: Current epoch: 233, loss: 0.06620561331510544, validation loss: 0.3461934030056
2024-05-15 18:21:07.141890:2024-05-15 18:21:07.141822: Current epoch: 234, loss: 0.06679169833660126, validation loss: 0.3425593972206116
2024-05-15 18:21:09.763972:2024-05-15 18:21:09.763929: Current epoch: 235, loss: 0.07353881001472473, validation loss: 0.333766371011734
2024-05-15 18:21:12.089357:2024-05-15 18:21:12.089323: Current epoch: 236, loss: 0.0678827315568924, validation loss: 0.34507399797439575
2024-05-15 18:21:14.283737:2024-05-15 18:21:14.283603: Current epoch: 237, loss: 0.06678400933742523, validation loss: 0.3417080342769623
2024-05-15 18:21:16.829704:2024-05-15 18:21:16.829584: Current epoch: 238, loss: 0.06129669398069382, validation loss: 0.33697643876075745
2024-05-15 18:21:19.388999:2024-05-15 18:21:19.388897: Current epoch: 239, loss: 0.06345666944980621, validation loss: 0.3406619429588318
2024-05-15 18:21:21.645704:2024-05-15 18:21:21.645613: Current epoch: 240, loss: 0.06560851633548737, validation loss: 0.342585027217865
2024-05-15 18:21:24.094964:2024-05-15 18:21:24.094849: Current epoch: 241, loss: 0.06712424755096436, validation loss: 0.3448507487773895
2024-05-15 18:21:26.482421:2024-05-15 18:21:26.482281: Current epoch: 242, loss: 0.06691321730613708, validation loss: 0.3404455780982971
2024-05-15 18:21:28.821825:2024-05-15 18:21:28.821758: Current epoch: 243, loss: 0.0682750940322876, validation loss: 0.348484069108963
2024-05-15 18:21:31.181311:2024-05-15 18:21:31.181221: Current epoch: 244, loss: 0.06277185678482056, validation loss: 0.35446223616600037
2024-05-15 18:21:33.541137:2024-05-15 18:21:33.541069: Current epoch: 245, loss: 0.06351039558649063, validation loss: 0.3518395721912384
2024-05-15 18:21:36.235097:2024-05-15 18:21:36.234952: Current epoch: 246, loss: 0.06380564719438553, validation loss: 0.3444637954235077
2024-05-15 18:21:38.716689:2024-05-15 18:21:38.716620: Current epoch: 247, loss: 0.06562606245279312, validation loss: 0.35466447472572327
2024-05-15 18:21:41.244546:2024-05-15 18:21:41.244480: Current epoch: 248, loss: 0.06650732457637787, validation loss: 0.353389710187912
2024-05-15 18:21:43.735169:2024-05-15 18:21:43.735100: Current epoch: 249, loss: 0.06239066272974014, validation loss: 0.3532087504863739
2024-05-15 18:21:46.015030:2024-05-15 18:21:46.014939: Current epoch: 250, loss: 0.0604696087539196, validation loss: 0.34412649273872375
2024-05-15 18:21:48.372828:2024-05-15 18:21:48.372713: Current epoch: 251, loss: 0.0594644732773304, validation loss: 0.36318621039390564
2024-05-15 18:21:50.768217:2024-05-15 18:21:50.768081: Current epoch: 252, loss: 0.06942643225193024, validation loss: 0.3492564260959625
2024-05-15 18:21:53.226156:2024-05-15 18:21:53.226085: Current epoch: 253, loss: 0.0617070347070694, validation loss: 0.34174418449401855
2024-05-15 18:21:55.724460:2024-05-15 18:21:55.724319: Current epoch: 254, loss: 0.06695612519979477, validation loss: 0.3398151397705078
2024-05-15 18:21:58.097154:2024-05-15 18:21:58.097092: Current epoch: 255, loss: 0.06143760681152344, validation loss: 0.34538376331329346
2024-05-15 18:22:00.202333:2024-05-15 18:22:00.202261: Current epoch: 256, loss: 0.06275837868452072, validation loss: 0.35301312804222107
2024-05-15 18:22:02.509642:2024-05-15 18:22:02.509582: Current epoch: 257, loss: 0.06147153675556183, validation loss: 0.3444369435310364
2024-05-15 18:22:05.078019:2024-05-15 18:22:05.077841: Current epoch: 258, loss: 0.06008370220661163, validation loss: 0.34621310234069824
2024-05-15 18:22:07.555170:2024-05-15 18:22:07.555030: Current epoch: 259, loss: 0.06069152057170868, validation loss: 0.33676502108573914
2024-05-15 18:22:12.673215:2024-05-15 18:22:12.673048: Current epoch: 260, loss: 0.06158453971147537, validation loss: 0.3449697196483612
2024-05-15 18:22:15.297401:2024-05-15 18:22:15.297301: Current epoch: 261, loss: 0.058725472539663315, validation loss: 0.3555333614349365
2024-05-15 18:22:17.941588:2024-05-15 18:22:17.941480: Current epoch: 262, loss: 0.06060715392231941, validation loss: 0.3566291034221649
2024-05-15 18:22:20.275654:2024-05-15 18:22:20.275617: Current epoch: 263, loss: 0.06192654371261597, validation loss: 0.3413863182067871
2024-05-15 18:22:22.815957:2024-05-15 18:22:22.815803: Current epoch: 264, loss: 0.06235748156905174, validation loss: 0.3588661849498749
2024-05-15 18:22:25.361389:2024-05-15 18:22:25.361247: Current epoch: 265, loss: 0.06221924349665642, validation loss: 0.35867151618003845
2024-05-15 18:22:28.079543:2024-05-15 18:22:28.079477: Current epoch: 266, loss: 0.06100963056087494, validation loss: 0.3482293486595154
2024-05-15 18:22:30.644967:2024-05-15 18:22:30.644828: Current epoch: 267, loss: 0.056772634387016296, validation loss: 0.3496343791484833
2024-05-15 18:22:33.082284:2024-05-15 18:22:33.082196: Current epoch: 268, loss: 0.0629522055387497, validation loss: 0.347362756729126
2024-05-15 18:22:35.646913:2024-05-15 18:22:35.646843: Current epoch: 269, loss: 0.05616055801510811, validation loss: 0.35063523054122925
2024-05-15 18:22:38.146134:2024-05-15 18:22:38.146007: Current epoch: 270, loss: 0.053830258548259735, validation loss: 0.35289642214775085
2024-05-15 18:22:40.736804:2024-05-15 18:22:40.736719: Current epoch: 271, loss: 0.056597307324409485, validation loss: 0.35067999362945557
2024-05-15 18:22:43.372691:2024-05-15 18:22:43.372585: Current epoch: 272, loss: 0.05591076985001564, validation loss: 0.3490673005580902
2024-05-15 18:22:46.102390:2024-05-15 18:22:46.102324: Current epoch: 273, loss: 0.0583084337413311, validation loss: 0.34418821334838867
2024-05-15 18:22:48.628318:2024-05-15 18:22:48.628251: Current epoch: 274, loss: 0.05514572933316231, validation loss: 0.3464454710483551
2024-05-15 18:22:51.200337:2024-05-15 18:22:51.200241: Current epoch: 275, loss: 0.05500376969575882, validation loss: 0.35075706243515015
2024-05-15 18:22:53.686871:2024-05-15 18:22:53.686792: Current epoch: 276, loss: 0.05686381831765175, validation loss: 0.3482056260108948
2024-05-15 18:22:56.286443:2024-05-15 18:22:56.286375: Current epoch: 277, loss: 0.05807226151227951, validation loss: 0.3611713945865631
2024-05-15 18:22:58.916225:2024-05-15 18:22:58.916149: Current epoch: 278, loss: 0.0548999160528183, validation loss: 0.3522505760192871
2024-05-15 18:23:01.343444:2024-05-15 18:23:01.343392: Current epoch: 279, loss: 0.05814889818429947, validation loss: 0.345053493976593
2024-05-15 18:23:03.775478:2024-05-15 18:23:03.775376: Current epoch: 280, loss: 0.0633559301495552, validation loss: 0.34751150012016296
2024-05-15 18:23:06.170130:2024-05-15 18:23:06.170059: Current epoch: 281, loss: 0.055968232452869415, validation loss: 0.35527580976486206
2024-05-15 18:23:08.591031:2024-05-15 18:23:08.590988: Current epoch: 282, loss: 0.05740555375814438, validation loss: 0.3497008979320526
2024-05-15 18:23:11.177381:2024-05-15 18:23:11.177314: Current epoch: 283, loss: 0.05895484238862991, validation loss: 0.34704941511154175
2024-05-15 18:23:13.763985:2024-05-15 18:23:13.763886: Current epoch: 284, loss: 0.05325019732117653, validation loss: 0.3567159175872803
2024-05-15 18:23:16.455909:2024-05-15 18:23:16.455842: Current epoch: 285, loss: 0.058455247431993484, validation loss: 0.3652541935443878
2024-05-15 18:23:19.037493:2024-05-15 18:23:19.037374: Current epoch: 286, loss: 0.05413099378347397, validation loss: 0.3428325057029724
2024-05-15 18:23:21.605760:2024-05-15 18:23:21.605686: Current epoch: 287, loss: 0.05875294283032417, validation loss: 0.33976760506629944
2024-05-15 18:23:24.049144:2024-05-15 18:23:24.049077: Current epoch: 288, loss: 0.054531991481781006, validation loss: 0.3468547463417053
2024-05-15 18:23:26.511315:2024-05-15 18:23:26.511174: Current epoch: 289, loss: 0.05580301955342293, validation loss: 0.3506283164024353
2024-05-15 18:23:29.073584:2024-05-15 18:23:29.073427: Current epoch: 290, loss: 0.05900944396853447, validation loss: 0.3512825071811676
2024-05-15 18:23:31.810813:2024-05-15 18:23:31.810621: Current epoch: 291, loss: 0.05740034580230713, validation loss: 0.3556296229362488
2024-05-15 18:23:34.302831:2024-05-15 18:23:34.302715: Current epoch: 292, loss: 0.052203573286533356, validation loss: 0.3490183353424072
2024-05-15 18:23:37.076056:2024-05-15 18:23:37.075841: Current epoch: 293, loss: 0.05666976794600487, validation loss: 0.34430861473083496
2024-05-15 18:23:39.614135:2024-05-15 18:23:39.613990: Current epoch: 294, loss: 0.050170738250017166, validation loss: 0.34694454073905945
2024-05-15 18:23:42.098099:2024-05-15 18:23:42.097956: Current epoch: 295, loss: 0.050794221460819244, validation loss: 0.3527005910873413
2024-05-15 18:23:44.522155:2024-05-15 18:23:44.522082: Current epoch: 296, loss: 0.05132156237959862, validation loss: 0.35319533944129944
2024-05-15 18:23:47.192146:2024-05-15 18:23:47.191991: Current epoch: 297, loss: 0.05519156903028488, validation loss: 0.3453735113143921
2024-05-15 18:23:49.976948:2024-05-15 18:23:49.976785: Current epoch: 298, loss: 0.05698871612548828, validation loss: 0.3522014915943146
2024-05-15 18:23:52.609091:2024-05-15 18:23:52.608993: Current epoch: 299, loss: 0.05128707364201546, validation loss: 0.3517274558544159
2024-05-15 18:23:54.941804:2024-05-15 18:23:54.941653: Current epoch: 300, loss: 0.053617727011442184, validation loss: 0.3453667163848877
2024-05-15 18:23:57.266323:2024-05-15 18:23:57.266197: Current epoch: 301, loss: 0.055896710604429245, validation loss: 0.34264224767684937
2024-05-15 18:24:00.113810:2024-05-15 18:24:00.113713: Current epoch: 302, loss: 0.05003148689866066, validation loss: 0.3452187776565552
2024-05-15 18:24:02.665390:2024-05-15 18:24:02.665257: Current epoch: 303, loss: 0.05270128324627876, validation loss: 0.35085007548332214
2024-05-15 18:24:05.281757:2024-05-15 18:24:05.281690: Current epoch: 304, loss: 0.05770362541079521, validation loss: 0.3530437648296356
2024-05-15 18:24:07.776594:2024-05-15 18:24:07.776526: Current epoch: 305, loss: 0.05165835842490196, validation loss: 0.34275126457214355
2024-05-15 18:24:10.392152:2024-05-15 18:24:10.392082: Current epoch: 306, loss: 0.050186850130558014, validation loss: 0.34798216819763184
2024-05-15 18:24:12.953851:2024-05-15 18:24:12.953699: Current epoch: 307, loss: 0.05278603732585907, validation loss: 0.35572707653045654
2024-05-15 18:24:15.723806:2024-05-15 18:24:15.723651: Current epoch: 308, loss: 0.049615345895290375, validation loss: 0.354091078042984
2024-05-15 18:24:18.162875:2024-05-15 18:24:18.162684: Current epoch: 309, loss: 0.05045919120311737, validation loss: 0.34575173258781433
2024-05-15 18:24:20.713185:2024-05-15 18:24:20.713011: Current epoch: 310, loss: 0.050544094294309616, validation loss: 0.3424825370311737
2024-05-15 18:24:23.279431:2024-05-15 18:24:23.279310: Current epoch: 311, loss: 0.05123919993638992, validation loss: 0.35016027092933655
2024-05-15 18:24:25.806802:2024-05-15 18:24:25.806708: Current epoch: 312, loss: 0.04931354895234108, validation loss: 0.3383079469203949
2024-05-15 18:24:28.177262:2024-05-15 18:24:28.177130: Current epoch: 313, loss: 0.048755623400211334, validation loss: 0.34984591603279114
2024-05-15 18:24:30.876635:2024-05-15 18:24:30.876505: Current epoch: 314, loss: 0.051627714186906815, validation loss: 0.3527880609035492
2024-05-15 18:24:33.510255:2024-05-15 18:24:33.510109: Current epoch: 315, loss: 0.05263065546751022, validation loss: 0.34646040201187134
2024-05-15 18:24:36.238359:2024-05-15 18:24:36.238263: Current epoch: 316, loss: 0.05165841802954674, validation loss: 0.34834927320480347
2024-05-15 18:24:38.989703:2024-05-15 18:24:38.989560: Current epoch: 317, loss: 0.05334436893463135, validation loss: 0.34992799162864685
2024-05-15 18:24:41.558761:2024-05-15 18:24:41.558667: Current epoch: 318, loss: 0.05001267418265343, validation loss: 0.3442555367946625
2024-05-15 18:24:44.066171:2024-05-15 18:24:44.066036: Current epoch: 319, loss: 0.04663227126002312, validation loss: 0.3440755009651184
2024-05-15 18:24:46.526138:2024-05-15 18:24:46.525984: Current epoch: 320, loss: 0.04698711261153221, validation loss: 0.3495616614818573
2024-05-15 18:24:49.031019:2024-05-15 18:24:49.030880: Current epoch: 321, loss: 0.048851653933525085, validation loss: 0.34657078981399536
2024-05-15 18:24:51.617601:2024-05-15 18:24:51.617479: Current epoch: 322, loss: 0.052807919681072235, validation loss: 0.3426651656627655
2024-05-15 18:24:54.197272:2024-05-15 18:24:54.197182: Current epoch: 323, loss: 0.05035651847720146, validation loss: 0.34621742367744446
2024-05-15 18:24:56.507916:2024-05-15 18:24:56.507780: Current epoch: 324, loss: 0.048885662108659744, validation loss: 0.35406404733657837
2024-05-15 18:24:58.975329:2024-05-15 18:24:58.975260: Current epoch: 325, loss: 0.04634597525000572, validation loss: 0.3421090245246887
2024-05-15 18:25:01.447111:2024-05-15 18:25:01.446988: Current epoch: 326, loss: 0.0470842570066452, validation loss: 0.3502650856971741
2024-05-15 18:25:04.079345:2024-05-15 18:25:04.079253: Current epoch: 327, loss: 0.052419595420360565, validation loss: 0.3510861396789551
2024-05-15 18:25:06.543062:2024-05-15 18:25:06.542995: Current epoch: 328, loss: 0.04645589366555214, validation loss: 0.35407182574272156
2024-05-15 18:25:09.214294:2024-05-15 18:25:09.214228: Current epoch: 329, loss: 0.04525884613394737, validation loss: 0.34284257888793945
2024-05-15 18:25:11.647474:2024-05-15 18:25:11.647434: Current epoch: 330, loss: 0.05026631057262421, validation loss: 0.34863513708114624
2024-05-15 18:25:14.126491:2024-05-15 18:25:14.126437: Current epoch: 331, loss: 0.04612668976187706, validation loss: 0.3500063121318817
2024-05-15 18:25:16.593223:2024-05-15 18:25:16.593156: Current epoch: 332, loss: 0.04986414313316345, validation loss: 0.3496163487434387
2024-05-15 18:25:19.099389:2024-05-15 18:25:19.099306: Current epoch: 333, loss: 0.05075937509536743, validation loss: 0.3566177189350128
2024-05-15 18:25:21.544043:2024-05-15 18:25:21.543987: Current epoch: 334, loss: 0.048113659024238586, validation loss: 0.343318372964859
2024-05-15 18:25:24.069898:2024-05-15 18:25:24.069808: Current epoch: 335, loss: 0.05004923790693283, validation loss: 0.34669411182403564
2024-05-15 18:25:26.515735:2024-05-15 18:25:26.515614: Current epoch: 336, loss: 0.04778454825282097, validation loss: 0.3500445485115051
2024-05-15 18:25:29.106178:2024-05-15 18:25:29.106117: Current epoch: 337, loss: 0.04683052375912666, validation loss: 0.35700103640556335
2024-05-15 18:25:31.518596:2024-05-15 18:25:31.518548: Current epoch: 338, loss: 0.04751358553767204, validation loss: 0.35526570677757263
2024-05-15 18:25:33.831528:2024-05-15 18:25:33.831417: Current epoch: 339, loss: 0.05220973119139671, validation loss: 0.35289862751960754
2024-05-15 18:25:36.220316:2024-05-15 18:25:36.220217: Current epoch: 340, loss: 0.046959687024354935, validation loss: 0.34695863723754883
2024-05-15 18:25:38.692480:2024-05-15 18:25:38.692376: Current epoch: 341, loss: 0.04456845670938492, validation loss: 0.3431919813156128
2024-05-15 18:25:41.252474:2024-05-15 18:25:41.252349: Current epoch: 342, loss: 0.043561071157455444, validation loss: 0.3613489866256714
2024-05-15 18:25:43.739827:2024-05-15 18:25:43.739741: Current epoch: 343, loss: 0.04509468749165535, validation loss: 0.35641515254974365
2024-05-15 18:25:46.184600:2024-05-15 18:25:46.184541: Current epoch: 344, loss: 0.04507516697049141, validation loss: 0.3473988473415375
2024-05-15 18:25:48.745261:2024-05-15 18:25:48.745144: Current epoch: 345, loss: 0.04250181093811989, validation loss: 0.361664742231369
2024-05-15 18:25:51.200631:2024-05-15 18:25:51.200563: Current epoch: 346, loss: 0.04572920501232147, validation loss: 0.35245195031166077
2024-05-15 18:25:53.462754:2024-05-15 18:25:53.462697: Current epoch: 347, loss: 0.0510035865008831, validation loss: 0.34832412004470825
2024-05-15 18:25:55.815122:2024-05-15 18:25:55.815078: Current epoch: 348, loss: 0.05408566817641258, validation loss: 0.3554491698741913
2024-05-15 18:25:58.115299:2024-05-15 18:25:58.115204: Current epoch: 349, loss: 0.0492815338075161, validation loss: 0.3509138524532318
2024-05-15 18:26:00.454267:2024-05-15 18:26:00.454187: Current epoch: 350, loss: 0.04870586469769478, validation loss: 0.3440292477607727
2024-05-15 18:26:03.026691:2024-05-15 18:26:03.026600: Current epoch: 351, loss: 0.04608651623129845, validation loss: 0.3504650890827179
2024-05-15 18:26:05.508052:2024-05-15 18:26:05.507985: Current epoch: 352, loss: 0.04423292726278305, validation loss: 0.35216793417930603
2024-05-15 18:26:08.000417:2024-05-15 18:26:08.000347: Current epoch: 353, loss: 0.0440656952559948, validation loss: 0.35436517000198364
2024-05-15 18:26:10.561747:2024-05-15 18:26:10.561619: Current epoch: 354, loss: 0.042965661734342575, validation loss: 0.3514218032360077
2024-05-15 18:26:13.005821:2024-05-15 18:26:13.005699: Current epoch: 355, loss: 0.044404491782188416, validation loss: 0.3538936972618103
2024-05-15 18:26:15.377683:2024-05-15 18:26:15.377615: Current epoch: 356, loss: 0.04616455361247063, validation loss: 0.3444385528564453
2024-05-15 18:26:17.777275:2024-05-15 18:26:17.777155: Current epoch: 357, loss: 0.04487195238471031, validation loss: 0.36610543727874756
2024-05-15 18:26:20.223436:2024-05-15 18:26:20.223345: Current epoch: 358, loss: 0.04952698200941086, validation loss: 0.3452532887458801
2024-05-15 18:26:22.689739:2024-05-15 18:26:22.689670: Current epoch: 359, loss: 0.04534345492720604, validation loss: 0.3516634404659271
2024-05-15 18:26:25.229540:2024-05-15 18:26:25.229386: Current epoch: 360, loss: 0.04530277103185654, validation loss: 0.3501876890659332
2024-05-15 18:26:27.697880:2024-05-15 18:26:27.697814: Current epoch: 361, loss: 0.05253371223807335, validation loss: 0.3614588677883148
2024-05-15 18:26:30.123488:2024-05-15 18:26:30.123419: Current epoch: 362, loss: 0.058180201798677444, validation loss: 0.35861721634864807
2024-05-15 18:26:32.462093:2024-05-15 18:26:32.462026: Current epoch: 363, loss: 0.047424688935279846, validation loss: 0.3674306869506836
2024-05-15 18:26:34.925278:2024-05-15 18:26:34.925208: Current epoch: 364, loss: 0.041258975863456726, validation loss: 0.3602587878704071
2024-05-15 18:26:37.371530:2024-05-15 18:26:37.371426: Current epoch: 365, loss: 0.04130203649401665, validation loss: 0.3479900360107422
2024-05-15 18:26:39.978110:2024-05-15 18:26:39.977973: Current epoch: 366, loss: 0.04303435608744621, validation loss: 0.3551713526248932
2024-05-15 18:26:42.423259:2024-05-15 18:26:42.423191: Current epoch: 367, loss: 0.04721766337752342, validation loss: 0.34927070140838623
2024-05-15 18:26:44.954842:2024-05-15 18:26:44.954735: Current epoch: 368, loss: 0.041028570383787155, validation loss: 0.3456614315509796
2024-05-15 18:26:47.423490:2024-05-15 18:26:47.423352: Current epoch: 369, loss: 0.04211576282978058, validation loss: 0.3554583191871643
2024-05-15 18:26:50.006012:2024-05-15 18:26:50.005882: Current epoch: 370, loss: 0.04314955323934555, validation loss: 0.3482941687107086
2024-05-15 18:26:52.663787:2024-05-15 18:26:52.663672: Current epoch: 371, loss: 0.04247213155031204, validation loss: 0.34935611486434937
2024-05-15 18:26:55.421796:2024-05-15 18:26:55.421682: Current epoch: 372, loss: 0.041232287883758545, validation loss: 0.3445867896080017
2024-05-15 18:26:58.118808:2024-05-15 18:26:58.118713: Current epoch: 373, loss: 0.04073190316557884, validation loss: 0.34636956453323364
2024-05-15 18:27:00.671592:2024-05-15 18:27:00.671527: Current epoch: 374, loss: 0.03816264495253563, validation loss: 0.3569382429122925
2024-05-15 18:27:03.285258:2024-05-15 18:27:03.285091: Current epoch: 375, loss: 0.04368101432919502, validation loss: 0.34874817728996277
2024-05-15 18:27:06.004406:2024-05-15 18:27:06.004337: Current epoch: 376, loss: 0.04110582545399666, validation loss: 0.3645341396331787
2024-05-15 18:27:08.164077:2024-05-15 18:27:08.163956: Current epoch: 377, loss: 0.04982476308941841, validation loss: 0.3527719974517822
2024-05-15 18:27:10.629265:2024-05-15 18:27:10.629169: Current epoch: 378, loss: 0.040316443890333176, validation loss: 0.35026684403419495
2024-05-15 18:27:13.079473:2024-05-15 18:27:13.079404: Current epoch: 379, loss: 0.04123847186565399, validation loss: 0.3602830171585083
2024-05-15 18:27:15.591092:2024-05-15 18:27:15.590940: Current epoch: 380, loss: 0.04030565172433853, validation loss: 0.3573361933231354
2024-05-15 18:27:18.113563:2024-05-15 18:27:18.113445: Current epoch: 381, loss: 0.04299814999103546, validation loss: 0.3432658016681671
2024-05-15 18:27:20.573489:2024-05-15 18:27:20.573419: Current epoch: 382, loss: 0.04515718296170235, validation loss: 0.35664188861846924
2024-05-15 18:27:22.982423:2024-05-15 18:27:22.982352: Current epoch: 383, loss: 0.0430547297000885, validation loss: 0.35364770889282227
2024-05-15 18:27:25.597806:2024-05-15 18:27:25.597661: Current epoch: 384, loss: 0.04263044521212578, validation loss: 0.36675354838371277
2024-05-15 18:27:28.080578:2024-05-15 18:27:28.080459: Current epoch: 385, loss: 0.04240955039858818, validation loss: 0.35149818658828735
2024-05-15 18:27:30.516278:2024-05-15 18:27:30.516211: Current epoch: 386, loss: 0.04599462077021599, validation loss: 0.3428665101528168
2024-05-15 18:27:32.852994:2024-05-15 18:27:32.852960: Current epoch: 387, loss: 0.0401868112385273, validation loss: 0.3534172475337982
2024-05-15 18:27:34.762849:2024-05-15 18:27:34.762794: Current epoch: 388, loss: 0.0394953228533268, validation loss: 0.36053091287612915
2024-05-15 18:27:37.244503:2024-05-15 18:27:37.244460: Current epoch: 389, loss: 0.042605169117450714, validation loss: 0.3613738417625427
2024-05-15 18:27:39.730019:2024-05-15 18:27:39.729845: Current epoch: 390, loss: 0.0438910573720932, validation loss: 0.3426095247268677
2024-05-15 18:27:42.313302:2024-05-15 18:27:42.313155: Current epoch: 391, loss: 0.04366714879870415, validation loss: 0.35891371965408325
2024-05-15 18:27:44.434243:2024-05-15 18:27:44.434151: Current epoch: 392, loss: 0.04071112349629402, validation loss: 0.3603515028953552
2024-05-15 18:27:46.696729:2024-05-15 18:27:46.696587: Current epoch: 393, loss: 0.05002240464091301, validation loss: 0.35091301798820496
2024-05-15 18:27:49.242613:2024-05-15 18:27:49.242544: Current epoch: 394, loss: 0.03958185389637947, validation loss: 0.35214704275131226
2024-05-15 18:27:51.635884:2024-05-15 18:27:51.635816: Current epoch: 395, loss: 0.037494223564863205, validation loss: 0.35231825709342957
2024-05-15 18:27:53.915630:2024-05-15 18:27:53.915512: Current epoch: 396, loss: 0.03942389786243439, validation loss: 0.3457167446613312
2024-05-15 18:27:56.551740:2024-05-15 18:27:56.551645: Current epoch: 397, loss: 0.041205160319805145, validation loss: 0.35600340366363525
2024-05-15 18:27:58.800157:2024-05-15 18:27:58.800091: Current epoch: 398, loss: 0.03852349519729614, validation loss: 0.348592609167099
2024-05-15 18:28:01.230120:2024-05-15 18:28:01.229978: Current epoch: 399, loss: 0.03864165395498276, validation loss: 0.35446202754974365
2024-05-15 18:28:03.527603:2024-05-15 18:28:03.527526: Current epoch: 400, loss: 0.04054465889930725, validation loss: 0.3494001030921936
2024-05-15 18:28:05.679114:2024-05-15 18:28:05.679047: Current epoch: 401, loss: 0.037315551191568375, validation loss: 0.3515218496322632
2024-05-15 18:28:07.951178:2024-05-15 18:28:07.951123: Current epoch: 402, loss: 0.04236631095409393, validation loss: 0.3462754189968109
2024-05-15 18:28:10.357325:2024-05-15 18:28:10.357256: Current epoch: 403, loss: 0.04181491583585739, validation loss: 0.3551826477050781
2024-05-15 18:28:12.745126:2024-05-15 18:28:12.745016: Current epoch: 404, loss: 0.04232429713010788, validation loss: 0.3600814640522003
2024-05-15 18:28:15.418739:2024-05-15 18:28:15.418650: Current epoch: 405, loss: 0.03963325917720795, validation loss: 0.35422495007514954
2024-05-15 18:28:18.194911:2024-05-15 18:28:18.194753: Current epoch: 406, loss: 0.04274560511112213, validation loss: 0.3451423943042755
2024-05-15 18:28:20.875698:2024-05-15 18:28:20.875620: Current epoch: 407, loss: 0.040068626403808594, validation loss: 0.34247225522994995
2024-05-15 18:28:23.518611:2024-05-15 18:28:23.518527: Current epoch: 408, loss: 0.03836305812001228, validation loss: 0.3557153344154358
2024-05-15 18:28:26.311952:2024-05-15 18:28:26.311838: Current epoch: 409, loss: 0.03873397409915924, validation loss: 0.34638291597366333
2024-05-15 18:28:28.956298:2024-05-15 18:28:28.956166: Current epoch: 410, loss: 0.04232383146882057, validation loss: 0.3538357615470886
2024-05-15 18:28:31.750074:2024-05-15 18:28:31.749987: Current epoch: 411, loss: 0.0368548221886158, validation loss: 0.35995757579803467
2024-05-15 18:28:34.232013:2024-05-15 18:28:34.231939: Current epoch: 412, loss: 0.03818754851818085, validation loss: 0.34961995482444763
2024-05-15 18:28:36.764130:2024-05-15 18:28:36.764059: Current epoch: 413, loss: 0.041690461337566376, validation loss: 0.35614368319511414
2024-05-15 18:28:39.182923:2024-05-15 18:28:39.182855: Current epoch: 414, loss: 0.044886164367198944, validation loss: 0.3493509888648987
2024-05-15 18:28:41.698179:2024-05-15 18:28:41.698056: Current epoch: 415, loss: 0.04157688841223717, validation loss: 0.34899574518203735
2024-05-15 18:28:44.177320:2024-05-15 18:28:44.177252: Current epoch: 416, loss: 0.041867125779390335, validation loss: 0.34407779574394226
2024-05-15 18:28:46.493976:2024-05-15 18:28:46.493860: Current epoch: 417, loss: 0.03752053529024124, validation loss: 0.3646848201751709
2024-05-15 18:28:48.744246:2024-05-15 18:28:48.744192: Current epoch: 418, loss: 0.036431312561035156, validation loss: 0.3447086811065674
2024-05-15 18:28:50.899230:2024-05-15 18:28:50.899159: Current epoch: 419, loss: 0.035181205719709396, validation loss: 0.34944087266921997
2024-05-15 18:28:53.353005:2024-05-15 18:28:53.352902: Current epoch: 420, loss: 0.03811492770910263, validation loss: 0.35289713740348816
2024-05-15 18:28:55.804482:2024-05-15 18:28:55.804379: Current epoch: 421, loss: 0.039481498301029205, validation loss: 0.34865233302116394
2024-05-15 18:28:58.263113:2024-05-15 18:28:58.263019: Current epoch: 422, loss: 0.03629036620259285, validation loss: 0.36320021748542786
2024-05-15 18:29:00.898192:2024-05-15 18:29:00.898124: Current epoch: 423, loss: 0.03732997179031372, validation loss: 0.3480941653251648
2024-05-15 18:29:03.372362:2024-05-15 18:29:03.372255: Current epoch: 424, loss: 0.037135668098926544, validation loss: 0.3483571708202362
2024-05-15 18:29:05.947595:2024-05-15 18:29:05.947537: Current epoch: 425, loss: 0.038739047944545746, validation loss: 0.34589245915412903
2024-05-15 18:29:08.450217:2024-05-15 18:29:08.450153: Current epoch: 426, loss: 0.03451108559966087, validation loss: 0.3526584804058075
2024-05-15 18:29:10.954558:2024-05-15 18:29:10.954431: Current epoch: 427, loss: 0.040721215307712555, validation loss: 0.3561111390590668
2024-05-15 18:29:13.423398:2024-05-15 18:29:13.423305: Current epoch: 428, loss: 0.035957787185907364, validation loss: 0.3528871238231659
2024-05-15 18:29:15.996560:2024-05-15 18:29:15.996483: Current epoch: 429, loss: 0.040817517787218094, validation loss: 0.3453078866004944
2024-05-15 18:29:18.596825:2024-05-15 18:29:18.596752: Current epoch: 430, loss: 0.047029364854097366, validation loss: 0.3525643050670624
2024-05-15 18:29:21.248567:2024-05-15 18:29:21.248445: Current epoch: 431, loss: 0.04280445724725723, validation loss: 0.3600787818431854
2024-05-15 18:29:23.780721:2024-05-15 18:29:23.780670: Current epoch: 432, loss: 0.04307141900062561, validation loss: 0.35376113653182983
2024-05-15 18:29:26.276427:2024-05-15 18:29:26.276360: Current epoch: 433, loss: 0.04149786755442619, validation loss: 0.3726653456687927
2024-05-15 18:29:28.688137:2024-05-15 18:29:28.688065: Current epoch: 434, loss: 0.03988535702228546, validation loss: 0.34525832533836365
2024-05-15 18:29:31.263721:2024-05-15 18:29:31.263664: Current epoch: 435, loss: 0.03514812886714935, validation loss: 0.35090312361717224
2024-05-15 18:29:31.475488:the test error is  [0.3507203757762909, 0.3507203757762909]
2024-05-15 18:29:34.163479:saved model to sample/matbert-base-cased_robo_prop_spillage
2024-05-15 18:29:34.454065:done