
2024-03-21 11:26:43.546701:job config: {'train_data_path': '/data/yll6162/alignntl_dft_3d/tl_dataset/dataset_matbert-base-cased_robo_prop_ehull_train.csv', 'val_data_path': '/data/yll6162/alignntl_dft_3d/tl_dataset/dataset_matbert-base-cased_robo_prop_ehull_val.csv', 'test_data_path': '/data/yll6162/alignntl_dft_3d/tl_dataset/dataset_matbert-base-cased_robo_prop_ehull_test.csv', 'label': 'ehull', 'input_type': None, 'log_folder': 'log', 'log_file': 'matbert-base-cased_robo_prop_ehull.log', 'test_metric': 'mae', 'architecture': '1024Rx4D-512Rx3D-256Rx3D-128Rx3D-64Rx2-32Rx1-1', 'model_seed': 0, 'loss_type': 'mae', 'config_file': 'sample/matbert-base-cased_robo_prop_ehull_job.config', 'use_valid': True, 'project': 'MOF', 'regressors': None, 'input_types': None, 'paramsGrid': {'optimizer': 'Adam', 'learning_rate': 0.0001, 'patience': 200, 'dropouts': [0.8, 0.9, 0.7, 0.8], 'EVAL_FREQUENCY': 1000}, 'save_path': 'sample/matbert-base-cased_robo_prop_ehull', 'model_path': None, 'last_layer_with_weight': True, 'keras_path': 'model/matbert-base-cased_robo_prop_ehull', 'test_size': None, 'val_size': None}
2024-03-21 11:26:43.546778:train data path is  /data/yll6162/alignntl_dft_3d/tl_dataset/dataset_matbert-base-cased_robo_prop_ehull_train.csv
2024-03-21 11:26:52.524431:input attribute sets are:  None
2024-03-21 11:26:52.524713:test data path is  /data/yll6162/alignntl_dft_3d/tl_dataset/dataset_matbert-base-cased_robo_prop_ehull_test.csv
2024-03-21 11:26:53.794644:val data path is  /data/yll6162/alignntl_dft_3d/tl_dataset/dataset_matbert-base-cased_robo_prop_ehull_val.csv
2024-03-21 11:26:55.084753:input attributes are:  Index(['0', '1', '2', '3', '4', '5', '6', '7', '8', '9',
       ...
       '758', '759', '760', '761', '762', '763', '764', '765', '766', '767'],
      dtype='object', length=768)
2024-03-21 11:26:55.084873:label: ehull
2024-03-21 11:27:04.590995: train, test, valid sizes:  (59939, 768) (59939,) (7493, 768) (7493,) (7494, 768) (7494,)
2024-03-21 11:27:04.772770:train matrix shape of train_X:  (59939, 768)  train_y:  (59939,)
2024-03-21 11:27:04.772930:valid matrix shape of train_X:  (7494, 768)  valid_y:  (7494,)
2024-03-21 11:27:04.772973:test matrix shape of valid_X:   (7493, 768)  test_y:  (7493,)
2024-03-21 11:27:04.773009:architecture is:  1024Rx4D-512Rx3D-256Rx3D-128Rx3D-64Rx2-32Rx1-1
2024-03-21 11:27:04.773048:learning rate is  0.0001
2024-03-21 11:27:04.773082:model path is  None
2024-03-21 11:27:04.782633:adding fully connected layers with 1024 outputs
2024-03-21 11:27:05.511315:adding residual with fc as the size are different
2024-03-21 11:27:05.529006:adding fully connected layers with 1024 outputs
2024-03-21 11:27:05.541799:adding residual, both sizes are same
2024-03-21 11:27:05.546664:adding fully connected layers with 1024 outputs
2024-03-21 11:27:05.559075:adding residual, both sizes are same
2024-03-21 11:27:05.563799:adding fully connected layers with 1024 outputs
2024-03-21 11:27:05.575788:adding residual, both sizes are same
2024-03-21 11:27:05.578272:adding dropout 0.8
2024-03-21 11:27:05.583633:adding fully connected layers with 512 outputs
2024-03-21 11:27:05.589448:adding residual with fc as the size are different
2024-03-21 11:27:05.597302:adding fully connected layers with 512 outputs
2024-03-21 11:27:05.602788:adding residual, both sizes are same
2024-03-21 11:27:05.604674:adding fully connected layers with 512 outputs
2024-03-21 11:27:05.609654:adding residual, both sizes are same
2024-03-21 11:27:05.611535:adding dropout 0.9
2024-03-21 11:27:05.613179:adding fully connected layers with 256 outputs
2024-03-21 11:27:05.621137:adding residual with fc as the size are different
2024-03-21 11:27:05.627529:adding fully connected layers with 256 outputs
2024-03-21 11:27:05.636974:adding residual, both sizes are same
2024-03-21 11:27:05.638839:adding fully connected layers with 256 outputs
2024-03-21 11:27:05.643659:adding residual, both sizes are same
2024-03-21 11:27:05.645486:adding dropout 0.7
2024-03-21 11:27:05.647073:adding fully connected layers with 128 outputs
2024-03-21 11:27:05.654791:adding residual with fc as the size are different
2024-03-21 11:27:05.661181:adding fully connected layers with 128 outputs
2024-03-21 11:27:05.670524:adding residual, both sizes are same
2024-03-21 11:27:05.672352:adding fully connected layers with 128 outputs
2024-03-21 11:27:05.677148:adding residual, both sizes are same
2024-03-21 11:27:05.679232:adding dropout 0.8
2024-03-21 11:27:05.680813:adding fully connected layers with 64 outputs
2024-03-21 11:27:05.688903:adding residual with fc as the size are different
2024-03-21 11:27:05.695216:adding fully connected layers with 64 outputs
2024-03-21 11:27:05.711124:adding residual, both sizes are same
2024-03-21 11:27:05.715604:adding fully connected layers with 32 outputs
2024-03-21 11:27:05.725663:adding residual with fc as the size are different
2024-03-21 11:27:05.732244:adding final layer with 1 output
2024-03-21 11:27:05.746480:Model: "ElemNet"
2024-03-21 11:27:05.746560:__________________________________________________________________________________________________
2024-03-21 11:27:05.746609:Layer (type)                    Output Shape         Param #     Connected to                     
2024-03-21 11:27:05.746646:==================================================================================================
2024-03-21 11:27:05.746853:elemental_fractions (InputLayer [(None, 768)]        0                                            
2024-03-21 11:27:05.746898:__________________________________________________________________________________________________
2024-03-21 11:27:05.747058:fc0_0 (Dense)                   (None, 1024)         787456      elemental_fractions[0][0]        
2024-03-21 11:27:05.747104:__________________________________________________________________________________________________
2024-03-21 11:27:05.747216:fc0_dim_0 (Dense)               (None, 1024)         787456      elemental_fractions[0][0]        
2024-03-21 11:27:05.747260:__________________________________________________________________________________________________
2024-03-21 11:27:05.747343:tf.__operators__.add (TFOpLambd (None, 1024)         0           fc0_0[0][0]                      
2024-03-21 11:27:05.747386:                                                                 fc0_dim_0[0][0]                  
2024-03-21 11:27:05.747421:__________________________________________________________________________________________________
2024-03-21 11:27:05.747537:fc0_1 (Dense)                   (None, 1024)         1049600     tf.__operators__.add[0][0]       
2024-03-21 11:27:05.747580:__________________________________________________________________________________________________
2024-03-21 11:27:05.747657:tf.__operators__.add_1 (TFOpLam (None, 1024)         0           fc0_1[0][0]                      
2024-03-21 11:27:05.747699:                                                                 tf.__operators__.add[0][0]       
2024-03-21 11:27:05.747735:__________________________________________________________________________________________________
2024-03-21 11:27:05.747838:fc0_2 (Dense)                   (None, 1024)         1049600     tf.__operators__.add_1[0][0]     
2024-03-21 11:27:05.747880:__________________________________________________________________________________________________
2024-03-21 11:27:05.747956:tf.__operators__.add_2 (TFOpLam (None, 1024)         0           fc0_2[0][0]                      
2024-03-21 11:27:05.747997:                                                                 tf.__operators__.add_1[0][0]     
2024-03-21 11:27:05.748033:__________________________________________________________________________________________________
2024-03-21 11:27:05.748133:fc0_3 (Dense)                   (None, 1024)         1049600     tf.__operators__.add_2[0][0]     
2024-03-21 11:27:05.748174:__________________________________________________________________________________________________
2024-03-21 11:27:05.748249:tf.__operators__.add_3 (TFOpLam (None, 1024)         0           fc0_3[0][0]                      
2024-03-21 11:27:05.748293:                                                                 tf.__operators__.add_2[0][0]     
2024-03-21 11:27:05.748335:__________________________________________________________________________________________________
2024-03-21 11:27:05.748411:dropout (Dropout)               (None, 1024)         0           tf.__operators__.add_3[0][0]     
2024-03-21 11:27:05.748449:__________________________________________________________________________________________________
2024-03-21 11:27:05.748562:fc1_0 (Dense)                   (None, 512)          524800      dropout[0][0]                    
2024-03-21 11:27:05.748604:__________________________________________________________________________________________________
2024-03-21 11:27:05.748706:fc1_dim_0 (Dense)               (None, 512)          524800      dropout[0][0]                    
2024-03-21 11:27:05.748747:__________________________________________________________________________________________________
2024-03-21 11:27:05.748822:tf.__operators__.add_4 (TFOpLam (None, 512)          0           fc1_0[0][0]                      
2024-03-21 11:27:05.748864:                                                                 fc1_dim_0[0][0]                  
2024-03-21 11:27:05.748900:__________________________________________________________________________________________________
2024-03-21 11:27:05.748998:fc1_1 (Dense)                   (None, 512)          262656      tf.__operators__.add_4[0][0]     
2024-03-21 11:27:05.749039:__________________________________________________________________________________________________
2024-03-21 11:27:05.749114:tf.__operators__.add_5 (TFOpLam (None, 512)          0           fc1_1[0][0]                      
2024-03-21 11:27:05.749156:                                                                 tf.__operators__.add_4[0][0]     
2024-03-21 11:27:05.749190:__________________________________________________________________________________________________
2024-03-21 11:27:05.749288:fc1_2 (Dense)                   (None, 512)          262656      tf.__operators__.add_5[0][0]     
2024-03-21 11:27:05.749328:__________________________________________________________________________________________________
2024-03-21 11:27:05.749402:tf.__operators__.add_6 (TFOpLam (None, 512)          0           fc1_2[0][0]                      
2024-03-21 11:27:05.749443:                                                                 tf.__operators__.add_5[0][0]     
2024-03-21 11:27:05.749484:__________________________________________________________________________________________________
2024-03-21 11:27:05.749555:dropout_1 (Dropout)             (None, 512)          0           tf.__operators__.add_6[0][0]     
2024-03-21 11:27:05.749593:__________________________________________________________________________________________________
2024-03-21 11:27:05.749693:fc2_0 (Dense)                   (None, 256)          131328      dropout_1[0][0]                  
2024-03-21 11:27:05.749734:__________________________________________________________________________________________________
2024-03-21 11:27:05.749834:fc2_dim_0 (Dense)               (None, 256)          131328      dropout_1[0][0]                  
2024-03-21 11:27:05.749876:__________________________________________________________________________________________________
2024-03-21 11:27:05.749950:tf.__operators__.add_7 (TFOpLam (None, 256)          0           fc2_0[0][0]                      
2024-03-21 11:27:05.749991:                                                                 fc2_dim_0[0][0]                  
2024-03-21 11:27:05.750026:__________________________________________________________________________________________________
2024-03-21 11:27:05.750124:fc2_1 (Dense)                   (None, 256)          65792       tf.__operators__.add_7[0][0]     
2024-03-21 11:27:05.750166:__________________________________________________________________________________________________
2024-03-21 11:27:05.750239:tf.__operators__.add_8 (TFOpLam (None, 256)          0           fc2_1[0][0]                      
2024-03-21 11:27:05.750280:                                                                 tf.__operators__.add_7[0][0]     
2024-03-21 11:27:05.750320:__________________________________________________________________________________________________
2024-03-21 11:27:05.750418:fc2_2 (Dense)                   (None, 256)          65792       tf.__operators__.add_8[0][0]     
2024-03-21 11:27:05.750490:__________________________________________________________________________________________________
2024-03-21 11:27:05.750589:tf.__operators__.add_9 (TFOpLam (None, 256)          0           fc2_2[0][0]                      
2024-03-21 11:27:05.750633:                                                                 tf.__operators__.add_8[0][0]     
2024-03-21 11:27:05.750669:__________________________________________________________________________________________________
2024-03-21 11:27:05.750739:dropout_2 (Dropout)             (None, 256)          0           tf.__operators__.add_9[0][0]     
2024-03-21 11:27:05.750777:__________________________________________________________________________________________________
2024-03-21 11:27:05.750880:fc3_0 (Dense)                   (None, 128)          32896       dropout_2[0][0]                  
2024-03-21 11:27:05.750923:__________________________________________________________________________________________________
2024-03-21 11:27:05.751023:fc3_dim_0 (Dense)               (None, 128)          32896       dropout_2[0][0]                  
2024-03-21 11:27:05.751064:__________________________________________________________________________________________________
2024-03-21 11:27:05.751137:tf.__operators__.add_10 (TFOpLa (None, 128)          0           fc3_0[0][0]                      
2024-03-21 11:27:05.751179:                                                                 fc3_dim_0[0][0]                  
2024-03-21 11:27:05.751215:__________________________________________________________________________________________________
2024-03-21 11:27:05.751312:fc3_1 (Dense)                   (None, 128)          16512       tf.__operators__.add_10[0][0]    
2024-03-21 11:27:05.751353:__________________________________________________________________________________________________
2024-03-21 11:27:05.751426:tf.__operators__.add_11 (TFOpLa (None, 128)          0           fc3_1[0][0]                      
2024-03-21 11:27:05.751482:                                                                 tf.__operators__.add_10[0][0]    
2024-03-21 11:27:05.751520:__________________________________________________________________________________________________
2024-03-21 11:27:05.751622:fc3_2 (Dense)                   (None, 128)          16512       tf.__operators__.add_11[0][0]    
2024-03-21 11:27:05.751663:__________________________________________________________________________________________________
2024-03-21 11:27:05.751736:tf.__operators__.add_12 (TFOpLa (None, 128)          0           fc3_2[0][0]                      
2024-03-21 11:27:05.751778:                                                                 tf.__operators__.add_11[0][0]    
2024-03-21 11:27:05.751814:__________________________________________________________________________________________________
2024-03-21 11:27:05.751883:dropout_3 (Dropout)             (None, 128)          0           tf.__operators__.add_12[0][0]    
2024-03-21 11:27:05.751920:__________________________________________________________________________________________________
2024-03-21 11:27:05.752019:fc4_0 (Dense)                   (None, 64)           8256        dropout_3[0][0]                  
2024-03-21 11:27:05.752061:__________________________________________________________________________________________________
2024-03-21 11:27:05.752160:fc4_dim_0 (Dense)               (None, 64)           8256        dropout_3[0][0]                  
2024-03-21 11:27:05.752201:__________________________________________________________________________________________________
2024-03-21 11:27:05.752275:tf.__operators__.add_13 (TFOpLa (None, 64)           0           fc4_0[0][0]                      
2024-03-21 11:27:05.752322:                                                                 fc4_dim_0[0][0]                  
2024-03-21 11:27:05.752358:__________________________________________________________________________________________________
2024-03-21 11:27:05.752461:fc4_1 (Dense)                   (None, 64)           4160        tf.__operators__.add_13[0][0]    
2024-03-21 11:27:05.752507:__________________________________________________________________________________________________
2024-03-21 11:27:05.752581:tf.__operators__.add_14 (TFOpLa (None, 64)           0           fc4_1[0][0]                      
2024-03-21 11:27:05.752623:                                                                 tf.__operators__.add_13[0][0]    
2024-03-21 11:27:05.752658:__________________________________________________________________________________________________
2024-03-21 11:27:05.752755:fc5_0 (Dense)                   (None, 32)           2080        tf.__operators__.add_14[0][0]    
2024-03-21 11:27:05.752797:__________________________________________________________________________________________________
2024-03-21 11:27:05.752894:fc5_dim_0 (Dense)               (None, 32)           2080        tf.__operators__.add_14[0][0]    
2024-03-21 11:27:05.756691:__________________________________________________________________________________________________
2024-03-21 11:27:05.756785:tf.__operators__.add_15 (TFOpLa (None, 32)           0           fc5_0[0][0]                      
2024-03-21 11:27:05.756828:                                                                 fc5_dim_0[0][0]                  
2024-03-21 11:27:05.756864:__________________________________________________________________________________________________
2024-03-21 11:27:05.756967:fc6 (Dense)                     (None, 1)            33          tf.__operators__.add_15[0][0]    
2024-03-21 11:27:05.757009:==================================================================================================
2024-03-21 11:27:05.757611:Total params: 6,816,545
2024-03-21 11:27:05.757663:Trainable params: 6,816,545
2024-03-21 11:27:05.757701:Non-trainable params: 0
2024-03-21 11:27:05.757735:__________________________________________________________________________________________________
2024-03-21 11:27:05.769057:start training
2024-03-21 11:27:28.005956:2024-03-21 11:27:28.005757: Current epoch: 0, loss: 0.9266924858093262, validation loss: 0.23651379346847534
2024-03-21 11:27:47.566748:2024-03-21 11:27:47.566555: Current epoch: 1, loss: 0.24403153359889984, validation loss: 0.35339048504829407
2024-03-21 11:28:07.232856:2024-03-21 11:28:07.232710: Current epoch: 2, loss: 0.20548439025878906, validation loss: 0.3182378113269806
2024-03-21 11:28:26.256579:2024-03-21 11:28:26.256506: Current epoch: 3, loss: 0.18848277628421783, validation loss: 0.15426242351531982
2024-03-21 11:28:45.662838:2024-03-21 11:28:45.662153: Current epoch: 4, loss: 0.1656806319952011, validation loss: 0.14739175140857697
2024-03-21 11:29:04.903083:2024-03-21 11:29:04.902928: Current epoch: 5, loss: 0.15027374029159546, validation loss: 0.13579417765140533
2024-03-21 11:29:23.939219:2024-03-21 11:29:23.939039: Current epoch: 6, loss: 0.1404816210269928, validation loss: 0.35390040278434753
2024-03-21 11:29:43.433822:2024-03-21 11:29:43.433673: Current epoch: 7, loss: 0.13199003040790558, validation loss: 0.1317746937274933
2024-03-21 11:30:01.448719:2024-03-21 11:30:01.448466: Current epoch: 8, loss: 0.12662294507026672, validation loss: 0.13226675987243652
2024-03-21 11:30:18.632479:2024-03-21 11:30:18.632351: Current epoch: 9, loss: 0.1188969835639, validation loss: 0.1509164422750473
2024-03-21 11:30:41.133674:2024-03-21 11:30:41.133539: Current epoch: 10, loss: 0.11492085456848145, validation loss: 0.12779542803764343
2024-03-21 11:31:00.331795:2024-03-21 11:31:00.331714: Current epoch: 11, loss: 0.11026212573051453, validation loss: 0.10173635929822922
2024-03-21 11:31:19.635713:2024-03-21 11:31:19.635601: Current epoch: 12, loss: 0.10837490856647491, validation loss: 0.10605897754430771
2024-03-21 11:31:39.103485:2024-03-21 11:31:39.103353: Current epoch: 13, loss: 0.1042095348238945, validation loss: 0.11591546982526779
2024-03-21 11:31:58.873660:2024-03-21 11:31:58.873535: Current epoch: 14, loss: 0.10195159912109375, validation loss: 0.12239578366279602
2024-03-21 11:32:18.242545:2024-03-21 11:32:18.242418: Current epoch: 15, loss: 0.09843504428863525, validation loss: 0.1065971776843071
2024-03-21 11:32:37.680251:2024-03-21 11:32:37.680112: Current epoch: 16, loss: 0.09449837356805801, validation loss: 0.09395694732666016
2024-03-21 11:32:56.968776:2024-03-21 11:32:56.968681: Current epoch: 17, loss: 0.09226150065660477, validation loss: 0.09575975686311722
2024-03-21 11:33:15.693836:2024-03-21 11:33:15.693693: Current epoch: 18, loss: 0.09144724905490875, validation loss: 0.0950312688946724
2024-03-21 11:33:35.075296:2024-03-21 11:33:35.075138: Current epoch: 19, loss: 0.08780685812234879, validation loss: 0.1045292392373085
2024-03-21 11:33:57.843555:2024-03-21 11:33:57.843485: Current epoch: 20, loss: 0.08635929971933365, validation loss: 0.09360846877098083
2024-03-21 11:34:16.893501:2024-03-21 11:34:16.893319: Current epoch: 21, loss: 0.08426239341497421, validation loss: 0.09539870172739029
2024-03-21 11:34:35.850696:2024-03-21 11:34:35.850591: Current epoch: 22, loss: 0.08190188556909561, validation loss: 0.09682173281908035
2024-03-21 11:34:54.618249:2024-03-21 11:34:54.618175: Current epoch: 23, loss: 0.0794101431965828, validation loss: 0.08887248486280441
2024-03-21 11:35:13.872353:2024-03-21 11:35:13.872287: Current epoch: 24, loss: 0.07913864403963089, validation loss: 0.09265768527984619
2024-03-21 11:35:32.782843:2024-03-21 11:35:32.782708: Current epoch: 25, loss: 0.07703142613172531, validation loss: 0.08602812141180038
2024-03-21 11:35:51.773698:2024-03-21 11:35:51.773543: Current epoch: 26, loss: 0.07550179958343506, validation loss: 0.08263570815324783
2024-03-21 11:36:10.545704:2024-03-21 11:36:10.545478: Current epoch: 27, loss: 0.07362450659275055, validation loss: 0.08419452607631683
2024-03-21 11:36:29.659001:2024-03-21 11:36:29.658852: Current epoch: 28, loss: 0.07192332297563553, validation loss: 0.08301088958978653
2024-03-21 11:36:48.865652:2024-03-21 11:36:48.865262: Current epoch: 29, loss: 0.0706532895565033, validation loss: 0.08736108243465424
2024-03-21 11:37:11.201600:2024-03-21 11:37:11.201435: Current epoch: 30, loss: 0.06970328837633133, validation loss: 0.0828593447804451
2024-03-21 11:37:30.253441:2024-03-21 11:37:30.253316: Current epoch: 31, loss: 0.06886903941631317, validation loss: 0.08239228278398514
2024-03-21 11:37:49.037471:2024-03-21 11:37:49.037413: Current epoch: 32, loss: 0.06730308383703232, validation loss: 0.08191956579685211
2024-03-21 11:38:06.681141:2024-03-21 11:38:06.681062: Current epoch: 33, loss: 0.06639158725738525, validation loss: 0.07821393758058548
2024-03-21 11:38:23.715839:2024-03-21 11:38:23.715564: Current epoch: 34, loss: 0.06394689530134201, validation loss: 0.07983966171741486
2024-03-21 11:38:42.780372:2024-03-21 11:38:42.780239: Current epoch: 35, loss: 0.06270384043455124, validation loss: 0.08473294973373413
2024-03-21 11:39:01.919169:2024-03-21 11:39:01.919018: Current epoch: 36, loss: 0.062226321548223495, validation loss: 0.07347600907087326
2024-03-21 11:39:20.910730:2024-03-21 11:39:20.910692: Current epoch: 37, loss: 0.05970315262675285, validation loss: 0.07462290674448013
2024-03-21 11:39:39.761401:2024-03-21 11:39:39.761240: Current epoch: 38, loss: 0.05970661714673042, validation loss: 0.07661809027194977
2024-03-21 11:39:58.431589:2024-03-21 11:39:58.431518: Current epoch: 39, loss: 0.05862521752715111, validation loss: 0.07309894263744354
2024-03-21 11:40:20.477626:2024-03-21 11:40:20.477501: Current epoch: 40, loss: 0.05701083317399025, validation loss: 0.0753055140376091
2024-03-21 11:40:39.170119:2024-03-21 11:40:39.170022: Current epoch: 41, loss: 0.056908801198005676, validation loss: 0.07579655200242996
2024-03-21 11:40:58.355923:2024-03-21 11:40:58.355814: Current epoch: 42, loss: 0.05614146962761879, validation loss: 0.07377530634403229
2024-03-21 11:41:17.415535:2024-03-21 11:41:17.415360: Current epoch: 43, loss: 0.05461816117167473, validation loss: 0.07431851327419281
2024-03-21 11:41:36.320261:2024-03-21 11:41:36.320116: Current epoch: 44, loss: 0.05348564311861992, validation loss: 0.07601983845233917
2024-03-21 11:41:55.494313:2024-03-21 11:41:55.494157: Current epoch: 45, loss: 0.05316884443163872, validation loss: 0.07352212816476822
2024-03-21 11:42:15.073894:2024-03-21 11:42:15.073822: Current epoch: 46, loss: 0.051736410707235336, validation loss: 0.07113592326641083
2024-03-21 11:42:33.832445:2024-03-21 11:42:33.832335: Current epoch: 47, loss: 0.05128905549645424, validation loss: 0.07482447475194931
2024-03-21 11:42:53.202559:2024-03-21 11:42:53.202414: Current epoch: 48, loss: 0.05045901983976364, validation loss: 0.07203079015016556
2024-03-21 11:43:12.301164:2024-03-21 11:43:12.301005: Current epoch: 49, loss: 0.04994029924273491, validation loss: 0.07594472914934158
2024-03-21 11:43:31.102443:2024-03-21 11:43:31.101931: Current epoch: 50, loss: 0.04897189140319824, validation loss: 0.07081654667854309
2024-03-21 11:43:49.875062:2024-03-21 11:43:49.874986: Current epoch: 51, loss: 0.048336923122406006, validation loss: 0.0703328475356102
2024-03-21 11:44:08.795026:2024-03-21 11:44:08.794954: Current epoch: 52, loss: 0.04731398820877075, validation loss: 0.0691058561205864
2024-03-21 11:44:27.895853:2024-03-21 11:44:27.895696: Current epoch: 53, loss: 0.04633644223213196, validation loss: 0.08016632497310638
2024-03-21 11:44:46.443285:2024-03-21 11:44:46.443224: Current epoch: 54, loss: 0.046139538288116455, validation loss: 0.07143250107765198
2024-03-21 11:45:05.637046:2024-03-21 11:45:05.636887: Current epoch: 55, loss: 0.044461384415626526, validation loss: 0.07290314137935638
2024-03-21 11:45:24.199593:2024-03-21 11:45:24.199484: Current epoch: 56, loss: 0.044731032103300095, validation loss: 0.07114560157060623
2024-03-21 11:45:43.298054:2024-03-21 11:45:43.297976: Current epoch: 57, loss: 0.04357782378792763, validation loss: 0.06649863719940186
2024-03-21 11:46:02.406597:2024-03-21 11:46:02.406487: Current epoch: 58, loss: 0.043146755546331406, validation loss: 0.0721791461110115
2024-03-21 11:46:20.233528:2024-03-21 11:46:20.233351: Current epoch: 59, loss: 0.04286441206932068, validation loss: 0.06670655310153961
2024-03-21 11:46:41.432638:2024-03-21 11:46:41.432579: Current epoch: 60, loss: 0.041667282581329346, validation loss: 0.07189302891492844
2024-03-21 11:46:59.871323:2024-03-21 11:46:59.871165: Current epoch: 61, loss: 0.041765835136175156, validation loss: 0.06806913018226624
2024-03-21 11:47:18.496774:2024-03-21 11:47:18.496656: Current epoch: 62, loss: 0.0409669391810894, validation loss: 0.06997976452112198
2024-03-21 11:47:36.967108:2024-03-21 11:47:36.966991: Current epoch: 63, loss: 0.0404224768280983, validation loss: 0.06779026240110397
2024-03-21 11:47:55.995391:2024-03-21 11:47:55.994882: Current epoch: 64, loss: 0.04022834822535515, validation loss: 0.06621094793081284
2024-03-21 11:48:14.547619:2024-03-21 11:48:14.547442: Current epoch: 65, loss: 0.038917671889066696, validation loss: 0.0665363147854805
2024-03-21 11:48:32.818128:2024-03-21 11:48:32.817989: Current epoch: 66, loss: 0.038109004497528076, validation loss: 0.06695616990327835
2024-03-21 11:48:51.118157:2024-03-21 11:48:51.118066: Current epoch: 67, loss: 0.03853220120072365, validation loss: 0.06705967336893082
2024-03-21 11:49:09.567973:2024-03-21 11:49:09.567849: Current epoch: 68, loss: 0.03788704052567482, validation loss: 0.06674522161483765
2024-03-21 11:49:28.355988:2024-03-21 11:49:28.355924: Current epoch: 69, loss: 0.03700507432222366, validation loss: 0.06637685745954514
2024-03-21 11:49:50.502171:2024-03-21 11:49:50.502120: Current epoch: 70, loss: 0.0370311476290226, validation loss: 0.06757251918315887
2024-03-21 11:50:09.290410:2024-03-21 11:50:09.290250: Current epoch: 71, loss: 0.036111876368522644, validation loss: 0.06879992038011551
2024-03-21 11:50:28.263348:2024-03-21 11:50:28.263231: Current epoch: 72, loss: 0.03630324453115463, validation loss: 0.06752384454011917
2024-03-21 11:50:46.755073:2024-03-21 11:50:46.754997: Current epoch: 73, loss: 0.03533705323934555, validation loss: 0.06450431793928146
2024-03-21 11:51:05.927508:2024-03-21 11:51:05.927376: Current epoch: 74, loss: 0.03486362844705582, validation loss: 0.06345874071121216
2024-03-21 11:51:24.335716:2024-03-21 11:51:24.335557: Current epoch: 75, loss: 0.03479626774787903, validation loss: 0.06583148241043091
2024-03-21 11:51:43.243774:2024-03-21 11:51:43.243655: Current epoch: 76, loss: 0.03441009297966957, validation loss: 0.06813059002161026
2024-03-21 11:52:02.102304:2024-03-21 11:52:02.102227: Current epoch: 77, loss: 0.0343489944934845, validation loss: 0.06461028009653091
2024-03-21 11:52:21.327994:2024-03-21 11:52:21.327874: Current epoch: 78, loss: 0.033240314573049545, validation loss: 0.06813549250364304
2024-03-21 11:52:39.870379:2024-03-21 11:52:39.870216: Current epoch: 79, loss: 0.033132340759038925, validation loss: 0.06573261320590973
2024-03-21 11:53:01.958155:2024-03-21 11:53:01.958046: Current epoch: 80, loss: 0.0324227474629879, validation loss: 0.06680335849523544
2024-03-21 11:53:20.688871:2024-03-21 11:53:20.688789: Current epoch: 81, loss: 0.032312482595443726, validation loss: 0.063284732401371
2024-03-21 11:53:39.407920:2024-03-21 11:53:39.407851: Current epoch: 82, loss: 0.03248376026749611, validation loss: 0.06394051015377045
2024-03-21 11:53:58.207472:2024-03-21 11:53:58.207384: Current epoch: 83, loss: 0.03147430717945099, validation loss: 0.06432841718196869
2024-03-21 11:54:16.870785:2024-03-21 11:54:16.870665: Current epoch: 84, loss: 0.031648289412260056, validation loss: 0.06379690021276474
2024-03-21 11:54:35.643508:2024-03-21 11:54:35.643381: Current epoch: 85, loss: 0.03104875423014164, validation loss: 0.06772623211145401
2024-03-21 11:54:52.129551:2024-03-21 11:54:52.129346: Current epoch: 86, loss: 0.030341653153300285, validation loss: 0.0652170330286026
2024-03-21 11:55:10.493288:2024-03-21 11:55:10.492804: Current epoch: 87, loss: 0.030656611546874046, validation loss: 0.06305056810379028
2024-03-21 11:55:29.507132:2024-03-21 11:55:29.506988: Current epoch: 88, loss: 0.030258221551775932, validation loss: 0.06355682760477066
2024-03-21 11:55:48.634694:2024-03-21 11:55:48.634568: Current epoch: 89, loss: 0.02965615503489971, validation loss: 0.06897276639938354
2024-03-21 11:56:07.495091:2024-03-21 11:56:07.495015: Current epoch: 90, loss: 0.029529821127653122, validation loss: 0.06645005196332932
2024-03-21 11:56:26.125664:2024-03-21 11:56:26.125499: Current epoch: 91, loss: 0.029009919613599777, validation loss: 0.06384610384702682
2024-03-21 11:56:45.192209:2024-03-21 11:56:45.192065: Current epoch: 92, loss: 0.02891498990356922, validation loss: 0.06448671221733093
2024-03-21 11:57:04.561409:2024-03-21 11:57:04.561331: Current epoch: 93, loss: 0.02871282957494259, validation loss: 0.06370678544044495
2024-03-21 11:57:23.567391:2024-03-21 11:57:23.567263: Current epoch: 94, loss: 0.028501246124505997, validation loss: 0.06360918283462524
2024-03-21 11:57:42.360309:2024-03-21 11:57:42.360263: Current epoch: 95, loss: 0.028016597032546997, validation loss: 0.0621083527803421
2024-03-21 11:58:01.210575:2024-03-21 11:58:01.210491: Current epoch: 96, loss: 0.027971265837550163, validation loss: 0.06137261539697647
2024-03-21 11:58:20.285036:2024-03-21 11:58:20.284997: Current epoch: 97, loss: 0.02742575854063034, validation loss: 0.062016334384679794
2024-03-21 11:58:39.005499:2024-03-21 11:58:39.005391: Current epoch: 98, loss: 0.02768450230360031, validation loss: 0.06467339396476746
2024-03-21 11:58:57.942626:2024-03-21 11:58:57.942496: Current epoch: 99, loss: 0.02742813713848591, validation loss: 0.063371442258358
2024-03-21 11:59:20.017748:2024-03-21 11:59:20.017666: Current epoch: 100, loss: 0.027319781482219696, validation loss: 0.062002889811992645
2024-03-21 11:59:38.931209:2024-03-21 11:59:38.931091: Current epoch: 101, loss: 0.02660178765654564, validation loss: 0.06441992521286011
2024-03-21 11:59:57.541185:2024-03-21 11:59:57.541070: Current epoch: 102, loss: 0.0265148114413023, validation loss: 0.06484820693731308
2024-03-21 12:00:16.064560:2024-03-21 12:00:16.064484: Current epoch: 103, loss: 0.026216432452201843, validation loss: 0.0608549639582634
2024-03-21 12:00:34.908741:2024-03-21 12:00:34.908666: Current epoch: 104, loss: 0.026198549196124077, validation loss: 0.061872415244579315
2024-03-21 12:00:53.567504:2024-03-21 12:00:53.567335: Current epoch: 105, loss: 0.02583109214901924, validation loss: 0.061747726052999496
2024-03-21 12:01:12.496067:2024-03-21 12:01:12.495997: Current epoch: 106, loss: 0.025427039712667465, validation loss: 0.06133608520030975
2024-03-21 12:01:31.518741:2024-03-21 12:01:31.518585: Current epoch: 107, loss: 0.025567207485437393, validation loss: 0.06130184605717659
2024-03-21 12:01:50.111200:2024-03-21 12:01:50.111085: Current epoch: 108, loss: 0.025375161319971085, validation loss: 0.06065113842487335
2024-03-21 12:02:09.084526:2024-03-21 12:02:09.084396: Current epoch: 109, loss: 0.024916062131524086, validation loss: 0.06291250139474869
2024-03-21 12:02:31.316840:2024-03-21 12:02:31.316694: Current epoch: 110, loss: 0.02437744289636612, validation loss: 0.062359604984521866
2024-03-21 12:02:50.387417:2024-03-21 12:02:50.387303: Current epoch: 111, loss: 0.024500761181116104, validation loss: 0.06205452233552933
2024-03-21 12:03:05.724739:2024-03-21 12:03:05.724613: Current epoch: 112, loss: 0.02413310669362545, validation loss: 0.061641473323106766
2024-03-21 12:03:24.829051:2024-03-21 12:03:24.828896: Current epoch: 113, loss: 0.02433423325419426, validation loss: 0.0630221962928772
2024-03-21 12:03:43.631118:2024-03-21 12:03:43.631004: Current epoch: 114, loss: 0.023739133030176163, validation loss: 0.06532679498195648
2024-03-21 12:04:02.158380:2024-03-21 12:04:02.158264: Current epoch: 115, loss: 0.02380194514989853, validation loss: 0.061373140662908554
2024-03-21 12:04:20.715459:2024-03-21 12:04:20.715383: Current epoch: 116, loss: 0.023698899894952774, validation loss: 0.06046516075730324
2024-03-21 12:04:39.229948:2024-03-21 12:04:39.229844: Current epoch: 117, loss: 0.023177845403552055, validation loss: 0.06202661618590355
2024-03-21 12:04:58.030346:2024-03-21 12:04:58.030230: Current epoch: 118, loss: 0.023441776633262634, validation loss: 0.0620710514485836
2024-03-21 12:05:17.139310:2024-03-21 12:05:17.139185: Current epoch: 119, loss: 0.023164600133895874, validation loss: 0.0598689429461956
2024-03-21 12:05:38.839166:2024-03-21 12:05:38.839054: Current epoch: 120, loss: 0.022701719775795937, validation loss: 0.06317941844463348
2024-03-21 12:05:57.797652:2024-03-21 12:05:57.797496: Current epoch: 121, loss: 0.022638538852334023, validation loss: 0.06053091958165169
2024-03-21 12:06:17.614100:2024-03-21 12:06:17.613954: Current epoch: 122, loss: 0.02235354483127594, validation loss: 0.06137571483850479
2024-03-21 12:06:36.577823:2024-03-21 12:06:36.577664: Current epoch: 123, loss: 0.022440562024712563, validation loss: 0.06117386743426323
2024-03-21 12:06:55.538999:2024-03-21 12:06:55.538880: Current epoch: 124, loss: 0.022436341270804405, validation loss: 0.06005600839853287
2024-03-21 12:07:14.727928:2024-03-21 12:07:14.727811: Current epoch: 125, loss: 0.022000638768076897, validation loss: 0.060336485505104065
2024-03-21 12:07:33.858625:2024-03-21 12:07:33.858511: Current epoch: 126, loss: 0.021988650783896446, validation loss: 0.06121734157204628
2024-03-21 12:07:53.211024:2024-03-21 12:07:53.210917: Current epoch: 127, loss: 0.02183268405497074, validation loss: 0.061683885753154755
2024-03-21 12:08:11.894623:2024-03-21 12:08:11.894503: Current epoch: 128, loss: 0.02151593565940857, validation loss: 0.05990508571267128
2024-03-21 12:08:30.945994:2024-03-21 12:08:30.945855: Current epoch: 129, loss: 0.02136777527630329, validation loss: 0.06118297204375267
2024-03-21 12:08:50.112571:2024-03-21 12:08:50.112438: Current epoch: 130, loss: 0.021631082519888878, validation loss: 0.062238045036792755
2024-03-21 12:09:09.247324:2024-03-21 12:09:09.247170: Current epoch: 131, loss: 0.021855415776371956, validation loss: 0.061519648879766464
2024-03-21 12:09:28.268765:2024-03-21 12:09:28.268646: Current epoch: 132, loss: 0.020769022405147552, validation loss: 0.060704320669174194
2024-03-21 12:09:46.836485:2024-03-21 12:09:46.836403: Current epoch: 133, loss: 0.021090930327773094, validation loss: 0.06000351905822754
2024-03-21 12:10:06.331299:2024-03-21 12:10:06.331181: Current epoch: 134, loss: 0.02071365900337696, validation loss: 0.06127306446433067
2024-03-21 12:10:25.208890:2024-03-21 12:10:25.208824: Current epoch: 135, loss: 0.020722264423966408, validation loss: 0.060638267546892166
2024-03-21 12:10:44.323232:2024-03-21 12:10:44.323078: Current epoch: 136, loss: 0.020488884299993515, validation loss: 0.06120297312736511
2024-03-21 12:11:02.564530:2024-03-21 12:11:02.564446: Current epoch: 137, loss: 0.02022705227136612, validation loss: 0.06050670146942139
2024-03-21 12:11:19.069021:2024-03-21 12:11:19.068864: Current epoch: 138, loss: 0.020332369953393936, validation loss: 0.06160992383956909
2024-03-21 12:11:37.970711:2024-03-21 12:11:37.970577: Current epoch: 139, loss: 0.020034195855259895, validation loss: 0.06095113232731819
2024-03-21 12:11:56.912787:2024-03-21 12:11:56.912652: Current epoch: 140, loss: 0.019896233454346657, validation loss: 0.06087178736925125
2024-03-21 12:12:15.703770:2024-03-21 12:12:15.703664: Current epoch: 141, loss: 0.019573071971535683, validation loss: 0.05975436791777611
2024-03-21 12:12:34.587786:2024-03-21 12:12:34.587715: Current epoch: 142, loss: 0.019890490919351578, validation loss: 0.05910375714302063
2024-03-21 12:12:53.131003:2024-03-21 12:12:53.130878: Current epoch: 143, loss: 0.019615156576037407, validation loss: 0.061500780284404755
2024-03-21 12:13:11.983105:2024-03-21 12:13:11.983072: Current epoch: 144, loss: 0.019393108785152435, validation loss: 0.06131608411669731
2024-03-21 12:13:30.147889:2024-03-21 12:13:30.147733: Current epoch: 145, loss: 0.018975235521793365, validation loss: 0.05952116474509239
2024-03-21 12:13:49.008044:2024-03-21 12:13:49.007980: Current epoch: 146, loss: 0.019254332408308983, validation loss: 0.059884145855903625
2024-03-21 12:14:08.093011:2024-03-21 12:14:08.092907: Current epoch: 147, loss: 0.01946045644581318, validation loss: 0.060423873364925385
2024-03-21 12:14:26.806083:2024-03-21 12:14:26.805968: Current epoch: 148, loss: 0.018882766366004944, validation loss: 0.061263956129550934
2024-03-21 12:14:45.674360:2024-03-21 12:14:45.674250: Current epoch: 149, loss: 0.01888388767838478, validation loss: 0.06018516421318054
2024-03-21 12:15:04.771966:2024-03-21 12:15:04.771860: Current epoch: 150, loss: 0.018591327592730522, validation loss: 0.0630040317773819
2024-03-21 12:15:23.373103:2024-03-21 12:15:23.372991: Current epoch: 151, loss: 0.018737347796559334, validation loss: 0.06071239337325096
2024-03-21 12:15:42.600057:2024-03-21 12:15:42.599991: Current epoch: 152, loss: 0.01846744678914547, validation loss: 0.05958027392625809
2024-03-21 12:16:01.407756:2024-03-21 12:16:01.407638: Current epoch: 153, loss: 0.018246181309223175, validation loss: 0.06023641675710678
2024-03-21 12:16:20.136055:2024-03-21 12:16:20.135982: Current epoch: 154, loss: 0.01817263290286064, validation loss: 0.060147643089294434
2024-03-21 12:16:39.018328:2024-03-21 12:16:39.018259: Current epoch: 155, loss: 0.01865924708545208, validation loss: 0.0603192076086998
2024-03-21 12:16:57.748948:2024-03-21 12:16:57.748805: Current epoch: 156, loss: 0.01813964545726776, validation loss: 0.060348059982061386
2024-03-21 12:17:16.531589:2024-03-21 12:17:16.531510: Current epoch: 157, loss: 0.01789131760597229, validation loss: 0.06251023709774017
2024-03-21 12:17:35.747162:2024-03-21 12:17:35.747091: Current epoch: 158, loss: 0.01781311258673668, validation loss: 0.060560401529073715
2024-03-21 12:17:54.910086:2024-03-21 12:17:54.910012: Current epoch: 159, loss: 0.018054483458399773, validation loss: 0.06277552247047424
2024-03-21 12:18:14.239142:2024-03-21 12:18:14.239025: Current epoch: 160, loss: 0.017936602234840393, validation loss: 0.06001908332109451
2024-03-21 12:18:33.257855:2024-03-21 12:18:33.257742: Current epoch: 161, loss: 0.01783214882016182, validation loss: 0.0600549541413784
2024-03-21 12:18:51.879498:2024-03-21 12:18:51.879453: Current epoch: 162, loss: 0.017600085586309433, validation loss: 0.05927695706486702
2024-03-21 12:19:09.549329:2024-03-21 12:19:09.549209: Current epoch: 163, loss: 0.017463194206357002, validation loss: 0.06024164333939552
2024-03-21 12:19:26.024228:2024-03-21 12:19:26.024162: Current epoch: 164, loss: 0.017209835350513458, validation loss: 0.060571491718292236
2024-03-21 12:19:44.576176:2024-03-21 12:19:44.576048: Current epoch: 165, loss: 0.017082594335079193, validation loss: 0.0605795718729496
2024-03-21 12:20:03.478939:2024-03-21 12:20:03.478782: Current epoch: 166, loss: 0.01710633933544159, validation loss: 0.06120574101805687
2024-03-21 12:20:22.496716:2024-03-21 12:20:22.496581: Current epoch: 167, loss: 0.017163055017590523, validation loss: 0.059374891221523285
2024-03-21 12:20:41.290107:2024-03-21 12:20:41.289984: Current epoch: 168, loss: 0.017148209735751152, validation loss: 0.05863480269908905
2024-03-21 12:21:00.431668:2024-03-21 12:21:00.431550: Current epoch: 169, loss: 0.016892535611987114, validation loss: 0.05997002497315407
2024-03-21 12:21:19.236901:2024-03-21 12:21:19.236836: Current epoch: 170, loss: 0.016806289553642273, validation loss: 0.05901952460408211
2024-03-21 12:21:37.851355:2024-03-21 12:21:37.851297: Current epoch: 171, loss: 0.016888918355107307, validation loss: 0.0589289627969265
2024-03-21 12:21:56.554801:2024-03-21 12:21:56.554730: Current epoch: 172, loss: 0.01683048903942108, validation loss: 0.05933556705713272
2024-03-21 12:22:15.520207:2024-03-21 12:22:15.520118: Current epoch: 173, loss: 0.01678701862692833, validation loss: 0.05846645310521126
2024-03-21 12:22:33.942324:2024-03-21 12:22:33.942239: Current epoch: 174, loss: 0.01651274971663952, validation loss: 0.06092991307377815
2024-03-21 12:22:52.295588:2024-03-21 12:22:52.295509: Current epoch: 175, loss: 0.016509903594851494, validation loss: 0.06061175465583801
2024-03-21 12:23:10.867669:2024-03-21 12:23:10.867602: Current epoch: 176, loss: 0.01644209399819374, validation loss: 0.06063675880432129
2024-03-21 12:23:29.898493:2024-03-21 12:23:29.898389: Current epoch: 177, loss: 0.016613570973277092, validation loss: 0.05962955206632614
2024-03-21 12:23:48.585047:2024-03-21 12:23:48.584968: Current epoch: 178, loss: 0.016219349578022957, validation loss: 0.06066073849797249
2024-03-21 12:24:07.593083:2024-03-21 12:24:07.592952: Current epoch: 179, loss: 0.015907838940620422, validation loss: 0.060628943145275116
2024-03-21 12:24:26.390312:2024-03-21 12:24:26.390195: Current epoch: 180, loss: 0.015929430723190308, validation loss: 0.05941057205200195
2024-03-21 12:24:45.497035:2024-03-21 12:24:45.496919: Current epoch: 181, loss: 0.016237862408161163, validation loss: 0.059390708804130554
2024-03-21 12:25:04.657148:2024-03-21 12:25:04.657030: Current epoch: 182, loss: 0.01575210504233837, validation loss: 0.05906093865633011
2024-03-21 12:25:24.041837:2024-03-21 12:25:24.041739: Current epoch: 183, loss: 0.016074763610959053, validation loss: 0.05967407673597336
2024-03-21 12:25:43.134655:2024-03-21 12:25:43.134499: Current epoch: 184, loss: 0.015615062788128853, validation loss: 0.06097927317023277
2024-03-21 12:26:01.994227:2024-03-21 12:26:01.994067: Current epoch: 185, loss: 0.01561898086220026, validation loss: 0.06175532564520836
2024-03-21 12:26:21.190413:2024-03-21 12:26:21.190247: Current epoch: 186, loss: 0.01583779789507389, validation loss: 0.059507012367248535
2024-03-21 12:26:39.980922:2024-03-21 12:26:39.980818: Current epoch: 187, loss: 0.015630951151251793, validation loss: 0.061089660972356796
2024-03-21 12:26:59.082546:2024-03-21 12:26:59.082479: Current epoch: 188, loss: 0.015559324063360691, validation loss: 0.05817032605409622
2024-03-21 12:27:16.865353:2024-03-21 12:27:16.865311: Current epoch: 189, loss: 0.01536766067147255, validation loss: 0.059688229113817215
2024-03-21 12:27:38.224806:2024-03-21 12:27:38.224691: Current epoch: 190, loss: 0.015364151448011398, validation loss: 0.05967601761221886
2024-03-21 12:27:57.281156:2024-03-21 12:27:57.281050: Current epoch: 191, loss: 0.015553862787783146, validation loss: 0.060926273465156555
2024-03-21 12:28:15.905009:2024-03-21 12:28:15.904938: Current epoch: 192, loss: 0.015395664609968662, validation loss: 0.058788497000932693
2024-03-21 12:28:35.054155:2024-03-21 12:28:35.054037: Current epoch: 193, loss: 0.015350144356489182, validation loss: 0.05938774347305298
2024-03-21 12:28:53.879372:2024-03-21 12:28:53.879273: Current epoch: 194, loss: 0.015502848662436008, validation loss: 0.059327393770217896
2024-03-21 12:29:12.484661:2024-03-21 12:29:12.484507: Current epoch: 195, loss: 0.015124285593628883, validation loss: 0.061567213386297226
2024-03-21 12:29:31.346185:2024-03-21 12:29:31.346077: Current epoch: 196, loss: 0.014976187609136105, validation loss: 0.060122132301330566
2024-03-21 12:29:50.255447:2024-03-21 12:29:50.255287: Current epoch: 197, loss: 0.014873814769089222, validation loss: 0.060447677969932556
2024-03-21 12:30:09.196292:2024-03-21 12:30:09.196226: Current epoch: 198, loss: 0.014991169795393944, validation loss: 0.06127322465181351
2024-03-21 12:30:28.183394:2024-03-21 12:30:28.183260: Current epoch: 199, loss: 0.014985925517976284, validation loss: 0.06030946597456932
2024-03-21 12:30:47.448253:2024-03-21 12:30:47.448169: Current epoch: 200, loss: 0.01478575635701418, validation loss: 0.060088787227869034
2024-03-21 12:31:06.279984:2024-03-21 12:31:06.279924: Current epoch: 201, loss: 0.014586844481527805, validation loss: 0.06069180741906166
2024-03-21 12:31:25.185025:2024-03-21 12:31:25.184956: Current epoch: 202, loss: 0.014611206948757172, validation loss: 0.06048012152314186
2024-03-21 12:31:44.326105:2024-03-21 12:31:44.325988: Current epoch: 203, loss: 0.014670995064079762, validation loss: 0.06086288020014763
2024-03-21 12:32:03.379871:2024-03-21 12:32:03.379750: Current epoch: 204, loss: 0.01485574059188366, validation loss: 0.06021274998784065
2024-03-21 12:32:22.284382:2024-03-21 12:32:22.284213: Current epoch: 205, loss: 0.014448922127485275, validation loss: 0.06314197927713394
2024-03-21 12:32:41.042533:2024-03-21 12:32:41.042417: Current epoch: 206, loss: 0.014036424458026886, validation loss: 0.060537852346897125
2024-03-21 12:32:59.882668:2024-03-21 12:32:59.882610: Current epoch: 207, loss: 0.014174962416291237, validation loss: 0.059666119515895844
2024-03-21 12:33:18.802937:2024-03-21 12:33:18.802713: Current epoch: 208, loss: 0.014113988727331161, validation loss: 0.059861890971660614
2024-03-21 12:33:37.833203:2024-03-21 12:33:37.833099: Current epoch: 209, loss: 0.01415339857339859, validation loss: 0.06067648530006409
2024-03-21 12:33:56.464871:2024-03-21 12:33:56.464826: Current epoch: 210, loss: 0.01437615230679512, validation loss: 0.05907880514860153
2024-03-21 12:34:15.743599:2024-03-21 12:34:15.743473: Current epoch: 211, loss: 0.014123132452368736, validation loss: 0.05983239784836769
2024-03-21 12:34:34.699596:2024-03-21 12:34:34.699441: Current epoch: 212, loss: 0.014348406344652176, validation loss: 0.060005951672792435
2024-03-21 12:34:53.702426:2024-03-21 12:34:53.702356: Current epoch: 213, loss: 0.014115291647613049, validation loss: 0.06230726093053818
2024-03-21 12:35:12.295134:2024-03-21 12:35:12.295014: Current epoch: 214, loss: 0.014018275775015354, validation loss: 0.060141779482364655
2024-03-21 12:35:29.608978:2024-03-21 12:35:29.608815: Current epoch: 215, loss: 0.013992986641824245, validation loss: 0.05896349251270294
2024-03-21 12:35:46.321562:2024-03-21 12:35:46.321376: Current epoch: 216, loss: 0.0137812914326787, validation loss: 0.059310443699359894
2024-03-21 12:36:05.441347:2024-03-21 12:36:05.441226: Current epoch: 217, loss: 0.01378547865897417, validation loss: 0.06029234454035759
2024-03-21 12:36:24.490198:2024-03-21 12:36:24.490034: Current epoch: 218, loss: 0.01387211587280035, validation loss: 0.0596909373998642
2024-03-21 12:36:42.895756:2024-03-21 12:36:42.895639: Current epoch: 219, loss: 0.013815012760460377, validation loss: 0.060911502689123154
2024-03-21 12:37:01.288392:2024-03-21 12:37:01.288326: Current epoch: 220, loss: 0.013941892422735691, validation loss: 0.061370767652988434
2024-03-21 12:37:20.691481:2024-03-21 12:37:20.691368: Current epoch: 221, loss: 0.013748256489634514, validation loss: 0.061772994697093964
2024-03-21 12:37:39.678193:2024-03-21 12:37:39.678087: Current epoch: 222, loss: 0.01345369964838028, validation loss: 0.060028981417417526
2024-03-21 12:37:58.281399:2024-03-21 12:37:58.281289: Current epoch: 223, loss: 0.013519614934921265, validation loss: 0.06110147386789322
2024-03-21 12:38:17.013897:2024-03-21 12:38:17.013742: Current epoch: 224, loss: 0.013447720557451248, validation loss: 0.059989847242832184
2024-03-21 12:38:36.069366:2024-03-21 12:38:36.069210: Current epoch: 225, loss: 0.013563090935349464, validation loss: 0.058841608464717865
2024-03-21 12:38:54.722209:2024-03-21 12:38:54.722090: Current epoch: 226, loss: 0.013263163156807423, validation loss: 0.058898430317640305
2024-03-21 12:39:14.073557:2024-03-21 12:39:14.073400: Current epoch: 227, loss: 0.01350083015859127, validation loss: 0.06027808412909508
2024-03-21 12:39:32.621420:2024-03-21 12:39:32.621319: Current epoch: 228, loss: 0.012998473830521107, validation loss: 0.06048355624079704
2024-03-21 12:39:51.522634:2024-03-21 12:39:51.522504: Current epoch: 229, loss: 0.013532833196222782, validation loss: 0.060396257787942886
2024-03-21 12:40:10.514952:2024-03-21 12:40:10.514797: Current epoch: 230, loss: 0.013133140280842781, validation loss: 0.060158416628837585
2024-03-21 12:40:29.841024:2024-03-21 12:40:29.840960: Current epoch: 231, loss: 0.012985329143702984, validation loss: 0.060200899839401245
2024-03-21 12:40:49.070103:2024-03-21 12:40:49.069979: Current epoch: 232, loss: 0.013390733860433102, validation loss: 0.0600111223757267
2024-03-21 12:41:08.325629:2024-03-21 12:41:08.325445: Current epoch: 233, loss: 0.012912103906273842, validation loss: 0.0600200816988945
2024-03-21 12:41:27.149684:2024-03-21 12:41:27.149537: Current epoch: 234, loss: 0.01311488263309002, validation loss: 0.059432461857795715
2024-03-21 12:41:45.985155:2024-03-21 12:41:45.985024: Current epoch: 235, loss: 0.01372012309730053, validation loss: 0.06588257104158401
2024-03-21 12:42:05.096272:2024-03-21 12:42:05.096116: Current epoch: 236, loss: 0.012720680795609951, validation loss: 0.06176186725497246
2024-03-21 12:42:24.024995:2024-03-21 12:42:24.024851: Current epoch: 237, loss: 0.012756051495671272, validation loss: 0.059461236000061035
2024-03-21 12:42:43.073064:2024-03-21 12:42:43.072940: Current epoch: 238, loss: 0.012780950404703617, validation loss: 0.06071850657463074
2024-03-21 12:43:01.832173:2024-03-21 12:43:01.832029: Current epoch: 239, loss: 0.013038440607488155, validation loss: 0.060676563531160355
2024-03-21 12:43:21.027890:2024-03-21 12:43:21.027773: Current epoch: 240, loss: 0.012827461585402489, validation loss: 0.059952184557914734
2024-03-21 12:43:40.053431:2024-03-21 12:43:40.053294: Current epoch: 241, loss: 0.012898099608719349, validation loss: 0.059712231159210205
2024-03-21 12:43:55.259841:2024-03-21 12:43:55.259683: Current epoch: 242, loss: 0.012627645395696163, validation loss: 0.05892707407474518
2024-03-21 12:44:13.735534:2024-03-21 12:44:13.735399: Current epoch: 243, loss: 0.012525632046163082, validation loss: 0.06044347584247589
2024-03-21 12:44:32.195444:2024-03-21 12:44:32.195335: Current epoch: 244, loss: 0.012763172388076782, validation loss: 0.06079212203621864
2024-03-21 12:44:50.700310:2024-03-21 12:44:50.700194: Current epoch: 245, loss: 0.012519847601652145, validation loss: 0.06079111620783806
2024-03-21 12:45:09.496198:2024-03-21 12:45:09.496092: Current epoch: 246, loss: 0.012831448577344418, validation loss: 0.06230097636580467
2024-03-21 12:45:28.133942:2024-03-21 12:45:28.133779: Current epoch: 247, loss: 0.012561444193124771, validation loss: 0.0597093291580677
2024-03-21 12:45:47.227331:2024-03-21 12:45:47.227172: Current epoch: 248, loss: 0.01228135172277689, validation loss: 0.06026080623269081
2024-03-21 12:46:06.394948:2024-03-21 12:46:06.394800: Current epoch: 249, loss: 0.01249531377106905, validation loss: 0.05962637811899185
2024-03-21 12:46:28.417857:2024-03-21 12:46:28.417706: Current epoch: 250, loss: 0.012370381504297256, validation loss: 0.05966400355100632
2024-03-21 12:46:47.409918:2024-03-21 12:46:47.409762: Current epoch: 251, loss: 0.012136722914874554, validation loss: 0.059790439903736115
2024-03-21 12:47:06.226798:2024-03-21 12:47:06.226639: Current epoch: 252, loss: 0.012502936646342278, validation loss: 0.06003069877624512
2024-03-21 12:47:25.242658:2024-03-21 12:47:25.242532: Current epoch: 253, loss: 0.012215161696076393, validation loss: 0.05986478924751282
2024-03-21 12:47:44.152929:2024-03-21 12:47:44.152757: Current epoch: 254, loss: 0.01224110834300518, validation loss: 0.0596182756125927
2024-03-21 12:48:03.097643:2024-03-21 12:48:03.097485: Current epoch: 255, loss: 0.012031289748847485, validation loss: 0.05921424180269241
2024-03-21 12:48:21.491123:2024-03-21 12:48:21.491044: Current epoch: 256, loss: 0.012269001454114914, validation loss: 0.05980387330055237
2024-03-21 12:48:39.936473:2024-03-21 12:48:39.936332: Current epoch: 257, loss: 0.012048693373799324, validation loss: 0.059486448764801025
2024-03-21 12:48:58.495362:2024-03-21 12:48:58.495300: Current epoch: 258, loss: 0.012090882286429405, validation loss: 0.06141000986099243
2024-03-21 12:49:17.332535:2024-03-21 12:49:17.332469: Current epoch: 259, loss: 0.012133615091443062, validation loss: 0.060305915772914886
2024-03-21 12:49:36.513032:2024-03-21 12:49:36.512923: Current epoch: 260, loss: 0.012190882116556168, validation loss: 0.059751249849796295
2024-03-21 12:49:55.289566:2024-03-21 12:49:55.289390: Current epoch: 261, loss: 0.011916564777493477, validation loss: 0.05973377823829651
2024-03-21 12:50:14.425294:2024-03-21 12:50:14.425216: Current epoch: 262, loss: 0.011808178387582302, validation loss: 0.060295671224594116
2024-03-21 12:50:33.246841:2024-03-21 12:50:33.246707: Current epoch: 263, loss: 0.011848519556224346, validation loss: 0.05973711609840393
2024-03-21 12:50:52.111956:2024-03-21 12:50:52.111834: Current epoch: 264, loss: 0.01177576370537281, validation loss: 0.05973184481263161
2024-03-21 12:51:11.022843:2024-03-21 12:51:11.022689: Current epoch: 265, loss: 0.011852419935166836, validation loss: 0.05998697131872177
2024-03-21 12:51:29.873180:2024-03-21 12:51:29.873026: Current epoch: 266, loss: 0.011946314014494419, validation loss: 0.060315605252981186
2024-03-21 12:51:48.742378:2024-03-21 12:51:48.742270: Current epoch: 267, loss: 0.01179263275116682, validation loss: 0.060530658811330795
2024-03-21 12:52:05.651561:2024-03-21 12:52:05.651433: Current epoch: 268, loss: 0.011661509051918983, validation loss: 0.05983734503388405
2024-03-21 12:52:22.084226:2024-03-21 12:52:22.084110: Current epoch: 269, loss: 0.011437161825597286, validation loss: 0.058786991983652115
2024-03-21 12:52:43.754057:2024-03-21 12:52:43.753879: Current epoch: 270, loss: 0.011429570615291595, validation loss: 0.05925954878330231
2024-03-21 12:53:02.505636:2024-03-21 12:53:02.505516: Current epoch: 271, loss: 0.011871181428432465, validation loss: 0.059672120958566666
2024-03-21 12:53:21.543860:2024-03-21 12:53:21.543801: Current epoch: 272, loss: 0.011480620130896568, validation loss: 0.05982175096869469
2024-03-21 12:53:39.969215:2024-03-21 12:53:39.969110: Current epoch: 273, loss: 0.011498342268168926, validation loss: 0.05984606221318245
2024-03-21 12:53:58.302949:2024-03-21 12:53:58.302815: Current epoch: 274, loss: 0.011533251963555813, validation loss: 0.060878168791532516
2024-03-21 12:54:17.189381:2024-03-21 12:54:17.189321: Current epoch: 275, loss: 0.011600673198699951, validation loss: 0.061386700719594955
2024-03-21 12:54:35.931407:2024-03-21 12:54:35.931293: Current epoch: 276, loss: 0.011573102325201035, validation loss: 0.06050185486674309
2024-03-21 12:54:54.669083:2024-03-21 12:54:54.668947: Current epoch: 277, loss: 0.011219349689781666, validation loss: 0.061089370399713516
2024-03-21 12:55:13.490745:2024-03-21 12:55:13.490628: Current epoch: 278, loss: 0.011348959058523178, validation loss: 0.05988975241780281
2024-03-21 12:55:32.067280:2024-03-21 12:55:32.067174: Current epoch: 279, loss: 0.011340676806867123, validation loss: 0.05972035229206085
2024-03-21 12:55:50.546980:2024-03-21 12:55:50.546859: Current epoch: 280, loss: 0.011239908635616302, validation loss: 0.059381552040576935
2024-03-21 12:56:09.366637:2024-03-21 12:56:09.366561: Current epoch: 281, loss: 0.0112981665879488, validation loss: 0.06014007329940796
2024-03-21 12:56:28.904330:2024-03-21 12:56:28.904176: Current epoch: 282, loss: 0.011074918322265148, validation loss: 0.060447707772254944
2024-03-21 12:56:47.466196:2024-03-21 12:56:47.466082: Current epoch: 283, loss: 0.011192940175533295, validation loss: 0.05953201651573181
2024-03-21 12:57:06.060520:2024-03-21 12:57:06.060420: Current epoch: 284, loss: 0.011236321181058884, validation loss: 0.061358384788036346
2024-03-21 12:57:24.538311:2024-03-21 12:57:24.538184: Current epoch: 285, loss: 0.01104755513370037, validation loss: 0.059641290456056595
2024-03-21 12:57:43.545331:2024-03-21 12:57:43.545178: Current epoch: 286, loss: 0.010979919694364071, validation loss: 0.06074292212724686
2024-03-21 12:58:02.204970:2024-03-21 12:58:02.204907: Current epoch: 287, loss: 0.011128554120659828, validation loss: 0.06047118455171585
2024-03-21 12:58:21.055874:2024-03-21 12:58:21.055737: Current epoch: 288, loss: 0.011169050820171833, validation loss: 0.0596914142370224
2024-03-21 12:58:39.810010:2024-03-21 12:58:39.809919: Current epoch: 289, loss: 0.011099576950073242, validation loss: 0.061474453657865524
2024-03-21 12:58:58.248784:2024-03-21 12:58:58.248714: Current epoch: 290, loss: 0.010882281698286533, validation loss: 0.05944507569074631
2024-03-21 12:59:16.866289:2024-03-21 12:59:16.866225: Current epoch: 291, loss: 0.011089946143329144, validation loss: 0.059476353228092194
2024-03-21 12:59:35.841356:2024-03-21 12:59:35.841252: Current epoch: 292, loss: 0.01084351260215044, validation loss: 0.06049282103776932
2024-03-21 12:59:54.810590:2024-03-21 12:59:54.810508: Current epoch: 293, loss: 0.010954109951853752, validation loss: 0.06079384684562683
2024-03-21 13:00:13.502777:2024-03-21 13:00:13.502706: Current epoch: 294, loss: 0.01093393936753273, validation loss: 0.05911558121442795
2024-03-21 13:00:31.396563:2024-03-21 13:00:31.396465: Current epoch: 295, loss: 0.010851281695067883, validation loss: 0.06055053696036339
2024-03-21 13:00:48.061533:2024-03-21 13:00:48.061417: Current epoch: 296, loss: 0.010671696625649929, validation loss: 0.05978170782327652
2024-03-21 13:01:06.884075:2024-03-21 13:01:06.884014: Current epoch: 297, loss: 0.010766466148197651, validation loss: 0.061726488173007965
2024-03-21 13:01:25.347032:2024-03-21 13:01:25.346999: Current epoch: 298, loss: 0.010760653764009476, validation loss: 0.05994802340865135
2024-03-21 13:01:43.818508:2024-03-21 13:01:43.818351: Current epoch: 299, loss: 0.010732362046837807, validation loss: 0.059773802757263184
2024-03-21 13:02:02.624119:2024-03-21 13:02:02.624033: Current epoch: 300, loss: 0.010827899910509586, validation loss: 0.060185857117176056
2024-03-21 13:02:21.411196:2024-03-21 13:02:21.411054: Current epoch: 301, loss: 0.010551861487329006, validation loss: 0.06004370376467705
2024-03-21 13:02:40.886597:2024-03-21 13:02:40.886421: Current epoch: 302, loss: 0.010702339932322502, validation loss: 0.05995864048600197
2024-03-21 13:02:59.309323:2024-03-21 13:02:59.309209: Current epoch: 303, loss: 0.010846788063645363, validation loss: 0.0596388541162014
2024-03-21 13:03:18.029192:2024-03-21 13:03:18.029122: Current epoch: 304, loss: 0.010794535279273987, validation loss: 0.05951322987675667
2024-03-21 13:03:36.697578:2024-03-21 13:03:36.697470: Current epoch: 305, loss: 0.01041735615581274, validation loss: 0.06077708303928375
2024-03-21 13:03:54.913535:2024-03-21 13:03:54.913470: Current epoch: 306, loss: 0.010757870972156525, validation loss: 0.060336824506521225
2024-03-21 13:04:13.794088:2024-03-21 13:04:13.793943: Current epoch: 307, loss: 0.010683257132768631, validation loss: 0.060817547142505646
2024-03-21 13:04:32.826354:2024-03-21 13:04:32.826290: Current epoch: 308, loss: 0.010529708117246628, validation loss: 0.06026032939553261
2024-03-21 13:04:51.417075:2024-03-21 13:04:51.416966: Current epoch: 309, loss: 0.010379206389188766, validation loss: 0.059679750353097916
2024-03-21 13:05:10.211784:2024-03-21 13:05:10.211746: Current epoch: 310, loss: 0.01052815094590187, validation loss: 0.06200074777007103
2024-03-21 13:05:29.267865:2024-03-21 13:05:29.267728: Current epoch: 311, loss: 0.010605545714497566, validation loss: 0.05984948202967644
2024-03-21 13:05:48.113374:2024-03-21 13:05:48.113284: Current epoch: 312, loss: 0.010263700038194656, validation loss: 0.05976185202598572
2024-03-21 13:06:07.083729:2024-03-21 13:06:07.083647: Current epoch: 313, loss: 0.010403507389128208, validation loss: 0.0603814423084259
2024-03-21 13:06:26.161926:2024-03-21 13:06:26.161722: Current epoch: 314, loss: 0.010395498014986515, validation loss: 0.05998481065034866
2024-03-21 13:06:45.073984:2024-03-21 13:06:45.073905: Current epoch: 315, loss: 0.010277697816491127, validation loss: 0.05966215953230858
2024-03-21 13:07:03.521913:2024-03-21 13:07:03.521835: Current epoch: 316, loss: 0.010356293991208076, validation loss: 0.05987025424838066
2024-03-21 13:07:22.185136:2024-03-21 13:07:22.184984: Current epoch: 317, loss: 0.010321488603949547, validation loss: 0.060713768005371094
2024-03-21 13:07:41.330153:2024-03-21 13:07:41.329967: Current epoch: 318, loss: 0.010583557188510895, validation loss: 0.06055909022688866
2024-03-21 13:08:00.178551:2024-03-21 13:08:00.178378: Current epoch: 319, loss: 0.010007512755692005, validation loss: 0.05951857566833496
2024-03-21 13:08:19.449454:2024-03-21 13:08:19.449335: Current epoch: 320, loss: 0.010118259117007256, validation loss: 0.06077441945672035
2024-03-21 13:08:38.817371:2024-03-21 13:08:38.817229: Current epoch: 321, loss: 0.010251092724502087, validation loss: 0.05999535322189331
2024-03-21 13:08:56.004108:2024-03-21 13:08:56.003990: Current epoch: 322, loss: 0.010377147234976292, validation loss: 0.060771748423576355
2024-03-21 13:09:13.469423:2024-03-21 13:09:13.469298: Current epoch: 323, loss: 0.010178892873227596, validation loss: 0.06281815469264984
2024-03-21 13:09:32.499636:2024-03-21 13:09:32.499490: Current epoch: 324, loss: 0.0102525120601058, validation loss: 0.06082317605614662
2024-03-21 13:09:51.633609:2024-03-21 13:09:51.633490: Current epoch: 325, loss: 0.009914982132613659, validation loss: 0.05976150929927826
2024-03-21 13:10:10.601825:2024-03-21 13:10:10.601670: Current epoch: 326, loss: 0.010068130679428577, validation loss: 0.06081165745854378
2024-03-21 13:10:29.055391:2024-03-21 13:10:29.055275: Current epoch: 327, loss: 0.010322694666683674, validation loss: 0.05974344164133072
2024-03-21 13:10:47.821537:2024-03-21 13:10:47.821447: Current epoch: 328, loss: 0.00984345842152834, validation loss: 0.05986890569329262
2024-03-21 13:11:06.630843:2024-03-21 13:11:06.630687: Current epoch: 329, loss: 0.010161807760596275, validation loss: 0.060077786445617676
2024-03-21 13:11:25.524409:2024-03-21 13:11:25.524355: Current epoch: 330, loss: 0.009931962937116623, validation loss: 0.061543550342321396
2024-03-21 13:11:44.537361:2024-03-21 13:11:44.537307: Current epoch: 331, loss: 0.009983072057366371, validation loss: 0.06037025898694992
2024-03-21 13:12:03.354742:2024-03-21 13:12:03.354635: Current epoch: 332, loss: 0.010021792724728584, validation loss: 0.06038444861769676
2024-03-21 13:12:21.914515:2024-03-21 13:12:21.914401: Current epoch: 333, loss: 0.009848537854850292, validation loss: 0.06012514978647232
2024-03-21 13:12:40.673019:2024-03-21 13:12:40.672909: Current epoch: 334, loss: 0.010049479082226753, validation loss: 0.0604427270591259
2024-03-21 13:12:59.367904:2024-03-21 13:12:59.367829: Current epoch: 335, loss: 0.009943275712430477, validation loss: 0.06117463484406471
2024-03-21 13:13:18.297134:2024-03-21 13:13:18.296999: Current epoch: 336, loss: 0.009712213650345802, validation loss: 0.060519490391016006
2024-03-21 13:13:37.200547:2024-03-21 13:13:37.200451: Current epoch: 337, loss: 0.009987452067434788, validation loss: 0.06040554121136665
2024-03-21 13:13:55.879738:2024-03-21 13:13:55.879628: Current epoch: 338, loss: 0.009945143945515156, validation loss: 0.06106225773692131
2024-03-21 13:14:14.777903:2024-03-21 13:14:14.777748: Current epoch: 339, loss: 0.00991792418062687, validation loss: 0.061059411615133286
2024-03-21 13:14:34.070947:2024-03-21 13:14:34.070819: Current epoch: 340, loss: 0.009983646683394909, validation loss: 0.06007342413067818
2024-03-21 13:14:53.003803:2024-03-21 13:14:53.003645: Current epoch: 341, loss: 0.009674668312072754, validation loss: 0.06072467193007469
2024-03-21 13:15:12.047763:2024-03-21 13:15:12.047651: Current epoch: 342, loss: 0.009744429960846901, validation loss: 0.06137790530920029
2024-03-21 13:15:31.205831:2024-03-21 13:15:31.205655: Current epoch: 343, loss: 0.009950542822480202, validation loss: 0.06069564074277878
2024-03-21 13:15:50.051748:2024-03-21 13:15:50.051668: Current epoch: 344, loss: 0.009880986995995045, validation loss: 0.0619889535009861
2024-03-21 13:16:08.984943:2024-03-21 13:16:08.984799: Current epoch: 345, loss: 0.009601361118257046, validation loss: 0.06062130630016327
2024-03-21 13:16:27.816111:2024-03-21 13:16:27.815999: Current epoch: 346, loss: 0.01012225728482008, validation loss: 0.06433448940515518
2024-03-21 13:16:46.991987:2024-03-21 13:16:46.991922: Current epoch: 347, loss: 0.009377207607030869, validation loss: 0.061153266578912735
2024-03-21 13:17:04.618998:2024-03-21 13:17:04.618960: Current epoch: 348, loss: 0.009670242667198181, validation loss: 0.06385488063097
2024-03-21 13:17:21.920048:2024-03-21 13:17:21.919922: Current epoch: 349, loss: 0.009971813298761845, validation loss: 0.06099483370780945
2024-03-21 13:17:40.649572:2024-03-21 13:17:40.649427: Current epoch: 350, loss: 0.009767766110599041, validation loss: 0.0614423044025898
2024-03-21 13:17:59.520504:2024-03-21 13:17:59.520385: Current epoch: 351, loss: 0.009923779405653477, validation loss: 0.06084674596786499
2024-03-21 13:18:18.242434:2024-03-21 13:18:18.242330: Current epoch: 352, loss: 0.009533469565212727, validation loss: 0.05968363955616951
2024-03-21 13:18:36.721464:2024-03-21 13:18:36.721380: Current epoch: 353, loss: 0.009449951350688934, validation loss: 0.06069409102201462
2024-03-21 13:18:55.681242:2024-03-21 13:18:55.681125: Current epoch: 354, loss: 0.009567632339894772, validation loss: 0.06219010055065155
2024-03-21 13:19:14.549450:2024-03-21 13:19:14.549283: Current epoch: 355, loss: 0.00957443006336689, validation loss: 0.060043033212423325
2024-03-21 13:19:33.272881:2024-03-21 13:19:33.272726: Current epoch: 356, loss: 0.009457448497414589, validation loss: 0.06023819372057915
2024-03-21 13:19:51.819353:2024-03-21 13:19:51.819246: Current epoch: 357, loss: 0.009678862057626247, validation loss: 0.06045141816139221
2024-03-21 13:20:10.247799:2024-03-21 13:20:10.247704: Current epoch: 358, loss: 0.009673917666077614, validation loss: 0.061184756457805634
2024-03-21 13:20:29.258225:2024-03-21 13:20:29.258135: Current epoch: 359, loss: 0.009404989890754223, validation loss: 0.05946769937872887
2024-03-21 13:20:48.199530:2024-03-21 13:20:48.199418: Current epoch: 360, loss: 0.009798144921660423, validation loss: 0.05943247303366661
2024-03-21 13:21:06.944178:2024-03-21 13:21:06.944102: Current epoch: 361, loss: 0.009308048523962498, validation loss: 0.06101645156741142
2024-03-21 13:21:26.288974:2024-03-21 13:21:26.288824: Current epoch: 362, loss: 0.009865060448646545, validation loss: 0.06053677573800087
2024-03-21 13:21:45.048830:2024-03-21 13:21:45.048722: Current epoch: 363, loss: 0.009063822217285633, validation loss: 0.06051471084356308
2024-03-21 13:22:04.177778:2024-03-21 13:22:04.177622: Current epoch: 364, loss: 0.00914076715707779, validation loss: 0.061793677508831024
2024-03-21 13:22:23.127948:2024-03-21 13:22:23.127887: Current epoch: 365, loss: 0.009694436565041542, validation loss: 0.05974971875548363
2024-03-21 13:22:41.857852:2024-03-21 13:22:41.857691: Current epoch: 366, loss: 0.009183418937027454, validation loss: 0.0603627972304821
2024-03-21 13:23:00.779224:2024-03-21 13:23:00.779162: Current epoch: 367, loss: 0.009250715374946594, validation loss: 0.06139468774199486
2024-03-21 13:23:19.689773:2024-03-21 13:23:19.689616: Current epoch: 368, loss: 0.009589143097400665, validation loss: 0.05995484068989754
2024-03-21 13:23:38.743020:2024-03-21 13:23:38.742847: Current epoch: 369, loss: 0.00919675175100565, validation loss: 0.0596446767449379
2024-03-21 13:23:57.663996:2024-03-21 13:23:57.663926: Current epoch: 370, loss: 0.009270517155528069, validation loss: 0.059853993356227875
2024-03-21 13:24:16.856628:2024-03-21 13:24:16.856527: Current epoch: 371, loss: 0.009360854513943195, validation loss: 0.060218945145606995
2024-03-21 13:24:35.811359:2024-03-21 13:24:35.811225: Current epoch: 372, loss: 0.009156993590295315, validation loss: 0.061017222702503204
2024-03-21 13:24:54.658268:2024-03-21 13:24:54.658125: Current epoch: 373, loss: 0.009024644270539284, validation loss: 0.05970912054181099
2024-03-21 13:25:11.362388:2024-03-21 13:25:11.362230: Current epoch: 374, loss: 0.009337360970675945, validation loss: 0.0608520582318306
2024-03-21 13:25:29.192026:2024-03-21 13:25:29.191856: Current epoch: 375, loss: 0.009089978411793709, validation loss: 0.05993454530835152
2024-03-21 13:25:47.706404:2024-03-21 13:25:47.706297: Current epoch: 376, loss: 0.008993449620902538, validation loss: 0.05983900651335716
2024-03-21 13:26:06.668596:2024-03-21 13:26:06.668430: Current epoch: 377, loss: 0.009206213988363743, validation loss: 0.06036563217639923
2024-03-21 13:26:25.501936:2024-03-21 13:26:25.501828: Current epoch: 378, loss: 0.009373904205858707, validation loss: 0.06064584478735924
2024-03-21 13:26:44.460865:2024-03-21 13:26:44.460791: Current epoch: 379, loss: 0.009277110919356346, validation loss: 0.060578495264053345
2024-03-21 13:27:03.556769:2024-03-21 13:27:03.556610: Current epoch: 380, loss: 0.008862256072461605, validation loss: 0.059760212898254395
2024-03-21 13:27:22.750702:2024-03-21 13:27:22.750538: Current epoch: 381, loss: 0.008995065465569496, validation loss: 0.0597766637802124
2024-03-21 13:27:41.944601:2024-03-21 13:27:41.944414: Current epoch: 382, loss: 0.009196511469781399, validation loss: 0.05995890870690346
2024-03-21 13:28:01.183801:2024-03-21 13:28:01.183629: Current epoch: 383, loss: 0.008813588880002499, validation loss: 0.05963372811675072
2024-03-21 13:28:20.636206:2024-03-21 13:28:20.636099: Current epoch: 384, loss: 0.009278571233153343, validation loss: 0.06137756630778313
2024-03-21 13:28:39.389324:2024-03-21 13:28:39.389168: Current epoch: 385, loss: 0.009130355902016163, validation loss: 0.06026991084218025
2024-03-21 13:28:58.733759:2024-03-21 13:28:58.733634: Current epoch: 386, loss: 0.008992241695523262, validation loss: 0.06070346757769585
2024-03-21 13:29:17.733339:2024-03-21 13:29:17.733181: Current epoch: 387, loss: 0.008935067802667618, validation loss: 0.06059403344988823
2024-03-21 13:29:36.801776:2024-03-21 13:29:36.801626: Current epoch: 388, loss: 0.008817415684461594, validation loss: 0.061429113149642944
2024-03-21 13:29:38.264067:the test error is  [0.05961468443274498, 0.05961468443274498]
2024-03-21 13:29:41.625019:saved model to sample/matbert-base-cased_robo_prop_ehull
2024-03-21 13:29:42.485281:done