
2024-03-20 21:36:55.697650:job config: {'train_data_path': '/data/yll6162/alignntl_dft_3d/tl_dataset/dataset_matbert-base-cased_robo_prop_ehull_train.csv', 'val_data_path': '/data/yll6162/alignntl_dft_3d/tl_dataset/dataset_matbert-base-cased_robo_prop_ehull_val.csv', 'test_data_path': '/data/yll6162/alignntl_dft_3d/tl_dataset/dataset_matbert-base-cased_robo_prop_ehull_test.csv', 'label': 'ehull', 'input_type': None, 'log_folder': 'log', 'log_file': 'bert-base-uncased_robo_prop_ehull.log', 'test_metric': 'mae', 'architecture': '1024Rx4D-512Rx3D-256Rx3D-128Rx3D-64Rx2-32Rx1-1', 'model_seed': 0, 'loss_type': 'mae', 'config_file': 'sample/bert-base-uncased_robo_prop_ehull_job.config', 'use_valid': True, 'project': 'MOF', 'regressors': None, 'input_types': None, 'paramsGrid': {'optimizer': 'Adam', 'learning_rate': 0.0001, 'patience': 200, 'dropouts': [0.8, 0.9, 0.7, 0.8], 'EVAL_FREQUENCY': 1000}, 'save_path': 'sample/bert-base-uncased_robo_prop_ehull', 'model_path': None, 'last_layer_with_weight': True, 'keras_path': 'model/bert-base-uncased_robo_prop_ehull', 'test_size': None, 'val_size': None}
2024-03-20 21:36:55.697712:train data path is  /data/yll6162/alignntl_dft_3d/tl_dataset/dataset_matbert-base-cased_robo_prop_ehull_train.csv
2024-03-20 21:37:04.171254:input attribute sets are:  None
2024-03-20 21:37:04.171496:test data path is  /data/yll6162/alignntl_dft_3d/tl_dataset/dataset_matbert-base-cased_robo_prop_ehull_test.csv
2024-03-20 21:37:04.984296:val data path is  /data/yll6162/alignntl_dft_3d/tl_dataset/dataset_matbert-base-cased_robo_prop_ehull_val.csv
2024-03-20 21:37:06.027851:input attributes are:  Index(['0', '1', '2', '3', '4', '5', '6', '7', '8', '9',
       ...
       '758', '759', '760', '761', '762', '763', '764', '765', '766', '767'],
      dtype='object', length=768)
2024-03-20 21:37:06.027975:label: ehull
2024-03-20 21:37:14.249030: train, test, valid sizes:  (59939, 768) (59939,) (7493, 768) (7493,) (7494, 768) (7494,)
2024-03-20 21:37:14.420558:train matrix shape of train_X:  (59939, 768)  train_y:  (59939,)
2024-03-20 21:37:14.420811:valid matrix shape of train_X:  (7494, 768)  valid_y:  (7494,)
2024-03-20 21:37:14.420906:test matrix shape of valid_X:   (7493, 768)  test_y:  (7493,)
2024-03-20 21:37:14.420989:architecture is:  1024Rx4D-512Rx3D-256Rx3D-128Rx3D-64Rx2-32Rx1-1
2024-03-20 21:37:14.421075:learning rate is  0.0001
2024-03-20 21:37:14.421156:model path is  None
2024-03-20 21:37:14.441150:adding fully connected layers with 1024 outputs
2024-03-20 21:37:15.013474:adding residual with fc as the size are different
2024-03-20 21:37:15.020630:adding fully connected layers with 1024 outputs
2024-03-20 21:37:15.028585:adding residual, both sizes are same
2024-03-20 21:37:15.030487:adding fully connected layers with 1024 outputs
2024-03-20 21:37:15.035248:adding residual, both sizes are same
2024-03-20 21:37:15.037109:adding fully connected layers with 1024 outputs
2024-03-20 21:37:15.041722:adding residual, both sizes are same
2024-03-20 21:37:15.043657:adding dropout 0.8
2024-03-20 21:37:15.048356:adding fully connected layers with 512 outputs
2024-03-20 21:37:15.057204:adding residual with fc as the size are different
2024-03-20 21:37:15.064278:adding fully connected layers with 512 outputs
2024-03-20 21:37:15.073101:adding residual, both sizes are same
2024-03-20 21:37:15.074947:adding fully connected layers with 512 outputs
2024-03-20 21:37:15.079812:adding residual, both sizes are same
2024-03-20 21:37:15.081655:adding dropout 0.9
2024-03-20 21:37:15.083276:adding fully connected layers with 256 outputs
2024-03-20 21:37:15.091212:adding residual with fc as the size are different
2024-03-20 21:37:15.097692:adding fully connected layers with 256 outputs
2024-03-20 21:37:15.106926:adding residual, both sizes are same
2024-03-20 21:37:15.108790:adding fully connected layers with 256 outputs
2024-03-20 21:37:15.113628:adding residual, both sizes are same
2024-03-20 21:37:15.115429:adding dropout 0.7
2024-03-20 21:37:15.116993:adding fully connected layers with 128 outputs
2024-03-20 21:37:15.124849:adding residual with fc as the size are different
2024-03-20 21:37:15.131396:adding fully connected layers with 128 outputs
2024-03-20 21:37:15.146388:adding residual, both sizes are same
2024-03-20 21:37:15.150174:adding fully connected layers with 128 outputs
2024-03-20 21:37:15.156971:adding residual, both sizes are same
2024-03-20 21:37:15.159025:adding dropout 0.8
2024-03-20 21:37:15.160610:adding fully connected layers with 64 outputs
2024-03-20 21:37:15.169327:adding residual with fc as the size are different
2024-03-20 21:37:15.184679:adding fully connected layers with 64 outputs
2024-03-20 21:37:15.194719:adding residual, both sizes are same
2024-03-20 21:37:15.196649:adding fully connected layers with 32 outputs
2024-03-20 21:37:15.205106:adding residual with fc as the size are different
2024-03-20 21:37:15.211565:adding final layer with 1 output
2024-03-20 21:37:15.226672:Model: "ElemNet"
2024-03-20 21:37:15.226745:__________________________________________________________________________________________________
2024-03-20 21:37:15.226794:Layer (type)                    Output Shape         Param #     Connected to                     
2024-03-20 21:37:15.226830:==================================================================================================
2024-03-20 21:37:15.227049:elemental_fractions (InputLayer [(None, 768)]        0                                            
2024-03-20 21:37:15.227096:__________________________________________________________________________________________________
2024-03-20 21:37:15.227254:fc0_0 (Dense)                   (None, 1024)         787456      elemental_fractions[0][0]        
2024-03-20 21:37:15.227300:__________________________________________________________________________________________________
2024-03-20 21:37:15.227414:fc0_dim_0 (Dense)               (None, 1024)         787456      elemental_fractions[0][0]        
2024-03-20 21:37:15.227466:__________________________________________________________________________________________________
2024-03-20 21:37:15.227557:tf.__operators__.add (TFOpLambd (None, 1024)         0           fc0_0[0][0]                      
2024-03-20 21:37:15.227601:                                                                 fc0_dim_0[0][0]                  
2024-03-20 21:37:15.227637:__________________________________________________________________________________________________
2024-03-20 21:37:15.227749:fc0_1 (Dense)                   (None, 1024)         1049600     tf.__operators__.add[0][0]       
2024-03-20 21:37:15.227792:__________________________________________________________________________________________________
2024-03-20 21:37:15.227872:tf.__operators__.add_1 (TFOpLam (None, 1024)         0           fc0_1[0][0]                      
2024-03-20 21:37:15.227915:                                                                 tf.__operators__.add[0][0]       
2024-03-20 21:37:15.227950:__________________________________________________________________________________________________
2024-03-20 21:37:15.228055:fc0_2 (Dense)                   (None, 1024)         1049600     tf.__operators__.add_1[0][0]     
2024-03-20 21:37:15.228096:__________________________________________________________________________________________________
2024-03-20 21:37:15.228171:tf.__operators__.add_2 (TFOpLam (None, 1024)         0           fc0_2[0][0]                      
2024-03-20 21:37:15.228214:                                                                 tf.__operators__.add_1[0][0]     
2024-03-20 21:37:15.228249:__________________________________________________________________________________________________
2024-03-20 21:37:15.228350:fc0_3 (Dense)                   (None, 1024)         1049600     tf.__operators__.add_2[0][0]     
2024-03-20 21:37:15.228391:__________________________________________________________________________________________________
2024-03-20 21:37:15.228476:tf.__operators__.add_3 (TFOpLam (None, 1024)         0           fc0_3[0][0]                      
2024-03-20 21:37:15.228520:                                                                 tf.__operators__.add_2[0][0]     
2024-03-20 21:37:15.228562:__________________________________________________________________________________________________
2024-03-20 21:37:15.228638:dropout (Dropout)               (None, 1024)         0           tf.__operators__.add_3[0][0]     
2024-03-20 21:37:15.228675:__________________________________________________________________________________________________
2024-03-20 21:37:15.228782:fc1_0 (Dense)                   (None, 512)          524800      dropout[0][0]                    
2024-03-20 21:37:15.228823:__________________________________________________________________________________________________
2024-03-20 21:37:15.228925:fc1_dim_0 (Dense)               (None, 512)          524800      dropout[0][0]                    
2024-03-20 21:37:15.228968:__________________________________________________________________________________________________
2024-03-20 21:37:15.229043:tf.__operators__.add_4 (TFOpLam (None, 512)          0           fc1_0[0][0]                      
2024-03-20 21:37:15.229085:                                                                 fc1_dim_0[0][0]                  
2024-03-20 21:37:15.229120:__________________________________________________________________________________________________
2024-03-20 21:37:15.229219:fc1_1 (Dense)                   (None, 512)          262656      tf.__operators__.add_4[0][0]     
2024-03-20 21:37:15.229260:__________________________________________________________________________________________________
2024-03-20 21:37:15.229334:tf.__operators__.add_5 (TFOpLam (None, 512)          0           fc1_1[0][0]                      
2024-03-20 21:37:15.229376:                                                                 tf.__operators__.add_4[0][0]     
2024-03-20 21:37:15.229410:__________________________________________________________________________________________________
2024-03-20 21:37:15.229519:fc1_2 (Dense)                   (None, 512)          262656      tf.__operators__.add_5[0][0]     
2024-03-20 21:37:15.229562:__________________________________________________________________________________________________
2024-03-20 21:37:15.229636:tf.__operators__.add_6 (TFOpLam (None, 512)          0           fc1_2[0][0]                      
2024-03-20 21:37:15.229678:                                                                 tf.__operators__.add_5[0][0]     
2024-03-20 21:37:15.229713:__________________________________________________________________________________________________
2024-03-20 21:37:15.229783:dropout_1 (Dropout)             (None, 512)          0           tf.__operators__.add_6[0][0]     
2024-03-20 21:37:15.229822:__________________________________________________________________________________________________
2024-03-20 21:37:15.229921:fc2_0 (Dense)                   (None, 256)          131328      dropout_1[0][0]                  
2024-03-20 21:37:15.229962:__________________________________________________________________________________________________
2024-03-20 21:37:15.230060:fc2_dim_0 (Dense)               (None, 256)          131328      dropout_1[0][0]                  
2024-03-20 21:37:15.230102:__________________________________________________________________________________________________
2024-03-20 21:37:15.230175:tf.__operators__.add_7 (TFOpLam (None, 256)          0           fc2_0[0][0]                      
2024-03-20 21:37:15.230217:                                                                 fc2_dim_0[0][0]                  
2024-03-20 21:37:15.230251:__________________________________________________________________________________________________
2024-03-20 21:37:15.230351:fc2_1 (Dense)                   (None, 256)          65792       tf.__operators__.add_7[0][0]     
2024-03-20 21:37:15.230391:__________________________________________________________________________________________________
2024-03-20 21:37:15.230469:tf.__operators__.add_8 (TFOpLam (None, 256)          0           fc2_1[0][0]                      
2024-03-20 21:37:15.230511:                                                                 tf.__operators__.add_7[0][0]     
2024-03-20 21:37:15.230552:__________________________________________________________________________________________________
2024-03-20 21:37:15.230654:fc2_2 (Dense)                   (None, 256)          65792       tf.__operators__.add_8[0][0]     
2024-03-20 21:37:15.230709:__________________________________________________________________________________________________
2024-03-20 21:37:15.230786:tf.__operators__.add_9 (TFOpLam (None, 256)          0           fc2_2[0][0]                      
2024-03-20 21:37:15.230829:                                                                 tf.__operators__.add_8[0][0]     
2024-03-20 21:37:15.230864:__________________________________________________________________________________________________
2024-03-20 21:37:15.230934:dropout_2 (Dropout)             (None, 256)          0           tf.__operators__.add_9[0][0]     
2024-03-20 21:37:15.230971:__________________________________________________________________________________________________
2024-03-20 21:37:15.231071:fc3_0 (Dense)                   (None, 128)          32896       dropout_2[0][0]                  
2024-03-20 21:37:15.231113:__________________________________________________________________________________________________
2024-03-20 21:37:15.231212:fc3_dim_0 (Dense)               (None, 128)          32896       dropout_2[0][0]                  
2024-03-20 21:37:15.231252:__________________________________________________________________________________________________
2024-03-20 21:37:15.231325:tf.__operators__.add_10 (TFOpLa (None, 128)          0           fc3_0[0][0]                      
2024-03-20 21:37:15.231368:                                                                 fc3_dim_0[0][0]                  
2024-03-20 21:37:15.231403:__________________________________________________________________________________________________
2024-03-20 21:37:15.231507:fc3_1 (Dense)                   (None, 128)          16512       tf.__operators__.add_10[0][0]    
2024-03-20 21:37:15.231549:__________________________________________________________________________________________________
2024-03-20 21:37:15.231623:tf.__operators__.add_11 (TFOpLa (None, 128)          0           fc3_1[0][0]                      
2024-03-20 21:37:15.231665:                                                                 tf.__operators__.add_10[0][0]    
2024-03-20 21:37:15.231699:__________________________________________________________________________________________________
2024-03-20 21:37:15.231796:fc3_2 (Dense)                   (None, 128)          16512       tf.__operators__.add_11[0][0]    
2024-03-20 21:37:15.231836:__________________________________________________________________________________________________
2024-03-20 21:37:15.231910:tf.__operators__.add_12 (TFOpLa (None, 128)          0           fc3_2[0][0]                      
2024-03-20 21:37:15.231951:                                                                 tf.__operators__.add_11[0][0]    
2024-03-20 21:37:15.231986:__________________________________________________________________________________________________
2024-03-20 21:37:15.232055:dropout_3 (Dropout)             (None, 128)          0           tf.__operators__.add_12[0][0]    
2024-03-20 21:37:15.232092:__________________________________________________________________________________________________
2024-03-20 21:37:15.232191:fc4_0 (Dense)                   (None, 64)           8256        dropout_3[0][0]                  
2024-03-20 21:37:15.232232:__________________________________________________________________________________________________
2024-03-20 21:37:15.232329:fc4_dim_0 (Dense)               (None, 64)           8256        dropout_3[0][0]                  
2024-03-20 21:37:15.232369:__________________________________________________________________________________________________
2024-03-20 21:37:15.232442:tf.__operators__.add_13 (TFOpLa (None, 64)           0           fc4_0[0][0]                      
2024-03-20 21:37:15.232493:                                                                 fc4_dim_0[0][0]                  
2024-03-20 21:37:15.232529:__________________________________________________________________________________________________
2024-03-20 21:37:15.232629:fc4_1 (Dense)                   (None, 64)           4160        tf.__operators__.add_13[0][0]    
2024-03-20 21:37:15.232671:__________________________________________________________________________________________________
2024-03-20 21:37:15.232744:tf.__operators__.add_14 (TFOpLa (None, 64)           0           fc4_1[0][0]                      
2024-03-20 21:37:15.232785:                                                                 tf.__operators__.add_13[0][0]    
2024-03-20 21:37:15.232819:__________________________________________________________________________________________________
2024-03-20 21:37:15.232915:fc5_0 (Dense)                   (None, 32)           2080        tf.__operators__.add_14[0][0]    
2024-03-20 21:37:15.232956:__________________________________________________________________________________________________
2024-03-20 21:37:15.233053:fc5_dim_0 (Dense)               (None, 32)           2080        tf.__operators__.add_14[0][0]    
2024-03-20 21:37:15.236881:__________________________________________________________________________________________________
2024-03-20 21:37:15.236974:tf.__operators__.add_15 (TFOpLa (None, 32)           0           fc5_0[0][0]                      
2024-03-20 21:37:15.237017:                                                                 fc5_dim_0[0][0]                  
2024-03-20 21:37:15.237051:__________________________________________________________________________________________________
2024-03-20 21:37:15.237153:fc6 (Dense)                     (None, 1)            33          tf.__operators__.add_15[0][0]    
2024-03-20 21:37:15.237194:==================================================================================================
2024-03-20 21:37:15.237806:Total params: 6,816,545
2024-03-20 21:37:15.237856:Trainable params: 6,816,545
2024-03-20 21:37:15.237893:Non-trainable params: 0
2024-03-20 21:37:15.237927:__________________________________________________________________________________________________
2024-03-20 21:37:15.248917:start training
2024-03-20 21:37:37.055929:2024-03-20 21:37:37.055858: Current epoch: 0, loss: 0.9162505269050598, validation loss: 0.55826735496521
2024-03-20 21:37:56.520103:2024-03-20 21:37:56.520031: Current epoch: 1, loss: 0.254718154668808, validation loss: 0.20067767798900604
2024-03-20 21:38:15.651601:2024-03-20 21:38:15.651427: Current epoch: 2, loss: 0.22201958298683167, validation loss: 0.2683970034122467
2024-03-20 21:38:35.119566:2024-03-20 21:38:35.119481: Current epoch: 3, loss: 0.18546545505523682, validation loss: 0.1705431193113327
2024-03-20 21:38:54.748777:2024-03-20 21:38:54.748653: Current epoch: 4, loss: 0.16525337100028992, validation loss: 0.1688728779554367
2024-03-20 21:39:14.222434:2024-03-20 21:39:14.222360: Current epoch: 5, loss: 0.1514933556318283, validation loss: 0.13509230315685272
2024-03-20 21:39:31.177320:2024-03-20 21:39:31.177223: Current epoch: 6, loss: 0.14135611057281494, validation loss: 0.28972429037094116
2024-03-20 21:39:49.253303:2024-03-20 21:39:49.253187: Current epoch: 7, loss: 0.13234667479991913, validation loss: 0.13621708750724792
2024-03-20 21:40:09.186171:2024-03-20 21:40:09.186055: Current epoch: 8, loss: 0.12509486079216003, validation loss: 0.14572559297084808
2024-03-20 21:40:28.437721:2024-03-20 21:40:28.437646: Current epoch: 9, loss: 0.12164817005395889, validation loss: 0.11715066432952881
2024-03-20 21:40:50.919823:2024-03-20 21:40:50.919701: Current epoch: 10, loss: 0.11494389176368713, validation loss: 0.12152105569839478
2024-03-20 21:41:10.414105:2024-03-20 21:41:10.414027: Current epoch: 11, loss: 0.11276114732027054, validation loss: 0.10552547872066498
2024-03-20 21:41:29.774836:2024-03-20 21:41:29.774704: Current epoch: 12, loss: 0.10673776268959045, validation loss: 0.10964412987232208
2024-03-20 21:41:49.176790:2024-03-20 21:41:49.176636: Current epoch: 13, loss: 0.10497339069843292, validation loss: 0.10878012329339981
2024-03-20 21:42:08.510629:2024-03-20 21:42:08.510511: Current epoch: 14, loss: 0.10083445906639099, validation loss: 0.11611573398113251
2024-03-20 21:42:28.221183:2024-03-20 21:42:28.221001: Current epoch: 15, loss: 0.09964822232723236, validation loss: 0.11585851013660431
2024-03-20 21:42:47.372899:2024-03-20 21:42:47.372825: Current epoch: 16, loss: 0.09529520571231842, validation loss: 0.09674330800771713
2024-03-20 21:43:06.885720:2024-03-20 21:43:06.885651: Current epoch: 17, loss: 0.09301318228244781, validation loss: 0.09504492580890656
2024-03-20 21:43:26.231426:2024-03-20 21:43:26.231310: Current epoch: 18, loss: 0.09202615171670914, validation loss: 0.09552796185016632
2024-03-20 21:43:45.132982:2024-03-20 21:43:45.132859: Current epoch: 19, loss: 0.08874499797821045, validation loss: 0.10065324604511261
2024-03-20 21:44:07.966392:2024-03-20 21:44:07.966325: Current epoch: 20, loss: 0.08718792349100113, validation loss: 0.09509200602769852
2024-03-20 21:44:27.299482:2024-03-20 21:44:27.299404: Current epoch: 21, loss: 0.08434650301933289, validation loss: 0.0913410410284996
2024-03-20 21:44:46.250980:2024-03-20 21:44:46.250854: Current epoch: 22, loss: 0.08358825743198395, validation loss: 0.08828307688236237
2024-03-20 21:45:05.259741:2024-03-20 21:45:05.259608: Current epoch: 23, loss: 0.08057717233896255, validation loss: 0.08691947162151337
2024-03-20 21:45:24.104431:2024-03-20 21:45:24.104356: Current epoch: 24, loss: 0.0797824040055275, validation loss: 0.08452615886926651
2024-03-20 21:45:43.285436:2024-03-20 21:45:43.285281: Current epoch: 25, loss: 0.07741529494524002, validation loss: 0.09068640321493149
2024-03-20 21:46:02.429985:2024-03-20 21:46:02.429915: Current epoch: 26, loss: 0.07583200931549072, validation loss: 0.08421557396650314
2024-03-20 21:46:21.629111:2024-03-20 21:46:21.628590: Current epoch: 27, loss: 0.07478363066911697, validation loss: 0.08011248707771301
2024-03-20 21:46:39.909118:2024-03-20 21:46:39.908849: Current epoch: 28, loss: 0.07358144968748093, validation loss: 0.0874740406870842
2024-03-20 21:46:56.507995:2024-03-20 21:46:56.507838: Current epoch: 29, loss: 0.07165157049894333, validation loss: 0.09653889387845993
2024-03-20 21:47:18.180874:2024-03-20 21:47:18.180569: Current epoch: 30, loss: 0.07031940668821335, validation loss: 0.08402107656002045
2024-03-20 21:47:37.156821:2024-03-20 21:47:37.156761: Current epoch: 31, loss: 0.0685262531042099, validation loss: 0.08687040954828262
2024-03-20 21:47:56.390753:2024-03-20 21:47:56.390599: Current epoch: 32, loss: 0.06759577989578247, validation loss: 0.08315567672252655
2024-03-20 21:48:15.307453:2024-03-20 21:48:15.307359: Current epoch: 33, loss: 0.06601755321025848, validation loss: 0.08472631871700287
2024-03-20 21:48:34.824287:2024-03-20 21:48:34.821607: Current epoch: 34, loss: 0.0655403658747673, validation loss: 0.07622559368610382
2024-03-20 21:48:54.172689:2024-03-20 21:48:54.172535: Current epoch: 35, loss: 0.06406092643737793, validation loss: 0.07971681654453278
2024-03-20 21:49:12.993798:2024-03-20 21:49:12.993687: Current epoch: 36, loss: 0.06254690885543823, validation loss: 0.07754763960838318
2024-03-20 21:49:32.560576:2024-03-20 21:49:32.560501: Current epoch: 37, loss: 0.06144171953201294, validation loss: 0.07380398362874985
2024-03-20 21:49:51.812228:2024-03-20 21:49:51.812161: Current epoch: 38, loss: 0.06061141937971115, validation loss: 0.07975940406322479
2024-03-20 21:50:10.612983:2024-03-20 21:50:10.612831: Current epoch: 39, loss: 0.05928720906376839, validation loss: 0.07787489145994186
2024-03-20 21:50:32.361398:2024-03-20 21:50:32.361314: Current epoch: 40, loss: 0.057487595826387405, validation loss: 0.07477682083845139
2024-03-20 21:50:51.573790:2024-03-20 21:50:51.573677: Current epoch: 41, loss: 0.0572940818965435, validation loss: 0.07514442503452301
2024-03-20 21:51:10.992765:2024-03-20 21:51:10.992578: Current epoch: 42, loss: 0.05662837624549866, validation loss: 0.08040934801101685
2024-03-20 21:51:30.171660:2024-03-20 21:51:30.171519: Current epoch: 43, loss: 0.05509182810783386, validation loss: 0.0732756033539772
2024-03-20 21:51:49.638513:2024-03-20 21:51:49.638082: Current epoch: 44, loss: 0.05422206595540047, validation loss: 0.06992009282112122
2024-03-20 21:52:08.511961:2024-03-20 21:52:08.511810: Current epoch: 45, loss: 0.05370557680726051, validation loss: 0.07205485552549362
2024-03-20 21:52:27.646510:2024-03-20 21:52:27.646436: Current epoch: 46, loss: 0.05240888148546219, validation loss: 0.07222472131252289
2024-03-20 21:52:46.622822:2024-03-20 21:52:46.622718: Current epoch: 47, loss: 0.05146542191505432, validation loss: 0.07248029112815857
2024-03-20 21:53:05.391096:2024-03-20 21:53:05.390942: Current epoch: 48, loss: 0.050900477916002274, validation loss: 0.07512122392654419
2024-03-20 21:53:24.395041:2024-03-20 21:53:24.394969: Current epoch: 49, loss: 0.05000068619847298, validation loss: 0.06917709112167358
2024-03-20 21:53:46.309141:2024-03-20 21:53:46.309060: Current epoch: 50, loss: 0.0491313599050045, validation loss: 0.07062754034996033
2024-03-20 21:54:04.142644:2024-03-20 21:54:04.142470: Current epoch: 51, loss: 0.048742469400167465, validation loss: 0.07182498276233673
2024-03-20 21:54:20.951221:2024-03-20 21:54:20.951067: Current epoch: 52, loss: 0.04788631945848465, validation loss: 0.07199182361364365
2024-03-20 21:54:39.939871:2024-03-20 21:54:39.939755: Current epoch: 53, loss: 0.046946942806243896, validation loss: 0.0735551193356514
2024-03-20 21:54:59.398584:2024-03-20 21:54:59.398460: Current epoch: 54, loss: 0.04630228877067566, validation loss: 0.07188700884580612
2024-03-20 21:55:18.307522:2024-03-20 21:55:18.307068: Current epoch: 55, loss: 0.045418307185173035, validation loss: 0.06822642683982849
2024-03-20 21:55:37.243652:2024-03-20 21:55:37.243507: Current epoch: 56, loss: 0.044895198196172714, validation loss: 0.07196235656738281
2024-03-20 21:55:56.318892:2024-03-20 21:55:56.318822: Current epoch: 57, loss: 0.04494839534163475, validation loss: 0.06586432456970215
2024-03-20 21:56:15.118207:2024-03-20 21:56:15.118053: Current epoch: 58, loss: 0.04409559816122055, validation loss: 0.06846044957637787
2024-03-20 21:56:34.340356:2024-03-20 21:56:34.340231: Current epoch: 59, loss: 0.04300690069794655, validation loss: 0.0707796961069107
2024-03-20 21:56:53.094388:2024-03-20 21:56:53.094218: Current epoch: 60, loss: 0.04290642589330673, validation loss: 0.06859005987644196
2024-03-20 21:57:12.221484:2024-03-20 21:57:12.221360: Current epoch: 61, loss: 0.04227915033698082, validation loss: 0.06586781144142151
2024-03-20 21:57:30.851408:2024-03-20 21:57:30.851335: Current epoch: 62, loss: 0.040974460542201996, validation loss: 0.07332763820886612
2024-03-20 21:57:49.594127:2024-03-20 21:57:49.593957: Current epoch: 63, loss: 0.04147655889391899, validation loss: 0.06900472193956375
2024-03-20 21:58:08.315043:2024-03-20 21:58:08.314972: Current epoch: 64, loss: 0.040608298033475876, validation loss: 0.06563323736190796
2024-03-20 21:58:27.440381:2024-03-20 21:58:27.440212: Current epoch: 65, loss: 0.039689838886260986, validation loss: 0.06615617871284485
2024-03-20 21:58:45.940415:2024-03-20 21:58:45.940342: Current epoch: 66, loss: 0.03932710364460945, validation loss: 0.0659036636352539
2024-03-20 21:59:04.761441:2024-03-20 21:59:04.761360: Current epoch: 67, loss: 0.03837580606341362, validation loss: 0.06645971536636353
2024-03-20 21:59:23.881630:2024-03-20 21:59:23.881517: Current epoch: 68, loss: 0.03790942206978798, validation loss: 0.06817860156297684
2024-03-20 21:59:42.982280:2024-03-20 21:59:42.982156: Current epoch: 69, loss: 0.037768423557281494, validation loss: 0.06632977724075317
2024-03-20 22:00:05.016306:2024-03-20 22:00:05.016128: Current epoch: 70, loss: 0.03730713203549385, validation loss: 0.06715939939022064
2024-03-20 22:00:23.903585:2024-03-20 22:00:23.903515: Current epoch: 71, loss: 0.0366135872900486, validation loss: 0.0663866400718689
2024-03-20 22:00:43.185068:2024-03-20 22:00:43.184637: Current epoch: 72, loss: 0.03616272285580635, validation loss: 0.06448054313659668
2024-03-20 22:01:02.430826:2024-03-20 22:01:02.430709: Current epoch: 73, loss: 0.03612859547138214, validation loss: 0.06399823725223541
2024-03-20 22:01:20.519007:2024-03-20 22:01:20.518947: Current epoch: 74, loss: 0.03520265221595764, validation loss: 0.06752190738916397
2024-03-20 22:01:36.456115:2024-03-20 22:01:36.456051: Current epoch: 75, loss: 0.035064760595560074, validation loss: 0.06451569497585297
2024-03-20 22:01:55.520642:2024-03-20 22:01:55.520488: Current epoch: 76, loss: 0.03466125950217247, validation loss: 0.06420958787202835
2024-03-20 22:02:14.354762:2024-03-20 22:02:14.354699: Current epoch: 77, loss: 0.033852849155664444, validation loss: 0.06814998388290405
2024-03-20 22:02:32.804795:2024-03-20 22:02:32.804705: Current epoch: 78, loss: 0.033764827996492386, validation loss: 0.06400778889656067
2024-03-20 22:02:51.524588:2024-03-20 22:02:51.524485: Current epoch: 79, loss: 0.033450622111558914, validation loss: 0.06455152481794357
2024-03-20 22:03:13.367076:2024-03-20 22:03:13.366966: Current epoch: 80, loss: 0.03287503495812416, validation loss: 0.06566303968429565
2024-03-20 22:03:32.116551:2024-03-20 22:03:32.116434: Current epoch: 81, loss: 0.03235233575105667, validation loss: 0.06642609089612961
2024-03-20 22:03:51.144765:2024-03-20 22:03:51.144718: Current epoch: 82, loss: 0.032388489693403244, validation loss: 0.06309442967176437
2024-03-20 22:04:09.924403:2024-03-20 22:04:09.924262: Current epoch: 83, loss: 0.03191528469324112, validation loss: 0.06508888304233551
2024-03-20 22:04:28.778714:2024-03-20 22:04:28.778652: Current epoch: 84, loss: 0.03174756467342377, validation loss: 0.06926924735307693
2024-03-20 22:04:47.753959:2024-03-20 22:04:47.753806: Current epoch: 85, loss: 0.031514670699834824, validation loss: 0.06437171995639801
2024-03-20 22:05:06.867174:2024-03-20 22:05:06.867111: Current epoch: 86, loss: 0.030859895050525665, validation loss: 0.06573712825775146
2024-03-20 22:05:25.866168:2024-03-20 22:05:25.866065: Current epoch: 87, loss: 0.030908498913049698, validation loss: 0.06558770686388016
2024-03-20 22:05:44.635884:2024-03-20 22:05:44.635813: Current epoch: 88, loss: 0.030670449137687683, validation loss: 0.06345781683921814
2024-03-20 22:06:03.475926:2024-03-20 22:06:03.475857: Current epoch: 89, loss: 0.030016504228115082, validation loss: 0.061397381126880646
2024-03-20 22:06:25.091300:2024-03-20 22:06:25.091149: Current epoch: 90, loss: 0.02946140617132187, validation loss: 0.061396438628435135
2024-03-20 22:06:44.206977:2024-03-20 22:06:44.206874: Current epoch: 91, loss: 0.029408540576696396, validation loss: 0.06479734182357788
2024-03-20 22:07:03.090304:2024-03-20 22:07:03.090150: Current epoch: 92, loss: 0.02884960174560547, validation loss: 0.0638829916715622
2024-03-20 22:07:22.432917:2024-03-20 22:07:22.432764: Current epoch: 93, loss: 0.029359696432948112, validation loss: 0.06247406825423241
2024-03-20 22:07:41.339872:2024-03-20 22:07:41.339807: Current epoch: 94, loss: 0.028802471235394478, validation loss: 0.06236753985285759
2024-03-20 22:07:59.825475:2024-03-20 22:07:59.825327: Current epoch: 95, loss: 0.02832525037229061, validation loss: 0.06290248036384583
2024-03-20 22:08:19.164202:2024-03-20 22:08:19.164161: Current epoch: 96, loss: 0.028335729613900185, validation loss: 0.06316275894641876
2024-03-20 22:08:38.091646:2024-03-20 22:08:38.091586: Current epoch: 97, loss: 0.027787774801254272, validation loss: 0.06415615230798721
2024-03-20 22:08:53.166023:2024-03-20 22:08:53.165986: Current epoch: 98, loss: 0.027793260291218758, validation loss: 0.062291424721479416
2024-03-20 22:09:12.536027:2024-03-20 22:09:12.535864: Current epoch: 99, loss: 0.027215922251343727, validation loss: 0.062033336609601974
2024-03-20 22:09:31.419704:2024-03-20 22:09:31.419636: Current epoch: 100, loss: 0.027189766988158226, validation loss: 0.06287338584661484
2024-03-20 22:09:50.316222:2024-03-20 22:09:50.316117: Current epoch: 101, loss: 0.02687622234225273, validation loss: 0.06475166231393814
2024-03-20 22:10:08.924559:2024-03-20 22:10:08.924389: Current epoch: 102, loss: 0.02679768204689026, validation loss: 0.06319548189640045
2024-03-20 22:10:27.586618:2024-03-20 22:10:27.586468: Current epoch: 103, loss: 0.026183729991316795, validation loss: 0.06188064441084862
2024-03-20 22:10:46.396918:2024-03-20 22:10:46.396866: Current epoch: 104, loss: 0.026289230212569237, validation loss: 0.06035491079092026
2024-03-20 22:11:05.377604:2024-03-20 22:11:05.377476: Current epoch: 105, loss: 0.025687288492918015, validation loss: 0.062180325388908386
2024-03-20 22:11:24.225357:2024-03-20 22:11:24.225293: Current epoch: 106, loss: 0.025362329557538033, validation loss: 0.06162630766630173
2024-03-20 22:11:42.825218:2024-03-20 22:11:42.825105: Current epoch: 107, loss: 0.025626784190535545, validation loss: 0.06351396441459656
2024-03-20 22:12:01.355356:2024-03-20 22:12:01.355290: Current epoch: 108, loss: 0.025559883564710617, validation loss: 0.0611930787563324
2024-03-20 22:12:19.956614:2024-03-20 22:12:19.956520: Current epoch: 109, loss: 0.024936359375715256, validation loss: 0.06127728894352913
2024-03-20 22:12:41.969969:2024-03-20 22:12:41.969913: Current epoch: 110, loss: 0.0247543565928936, validation loss: 0.06117894873023033
2024-03-20 22:13:00.807853:2024-03-20 22:13:00.807735: Current epoch: 111, loss: 0.024575913324952126, validation loss: 0.06160791590809822
2024-03-20 22:13:19.744132:2024-03-20 22:13:19.743981: Current epoch: 112, loss: 0.024213740602135658, validation loss: 0.06236031651496887
2024-03-20 22:13:38.404878:2024-03-20 22:13:38.404724: Current epoch: 113, loss: 0.0240522101521492, validation loss: 0.06093138828873634
2024-03-20 22:13:57.457871:2024-03-20 22:13:57.457721: Current epoch: 114, loss: 0.023965274915099144, validation loss: 0.06067654862999916
2024-03-20 22:14:16.262017:2024-03-20 22:14:16.261900: Current epoch: 115, loss: 0.0235889982432127, validation loss: 0.06110984459519386
2024-03-20 22:14:35.781169:2024-03-20 22:14:35.781064: Current epoch: 116, loss: 0.02374880202114582, validation loss: 0.06257230043411255
2024-03-20 22:14:54.636009:2024-03-20 22:14:54.635858: Current epoch: 117, loss: 0.023555411025881767, validation loss: 0.06061127409338951
2024-03-20 22:15:13.409991:2024-03-20 22:15:13.409876: Current epoch: 118, loss: 0.023408077657222748, validation loss: 0.06070804223418236
2024-03-20 22:15:32.308171:2024-03-20 22:15:32.308001: Current epoch: 119, loss: 0.0234196949750185, validation loss: 0.06264709681272507
2024-03-20 22:15:51.635231:2024-03-20 22:15:51.635173: Current epoch: 120, loss: 0.022763272747397423, validation loss: 0.06133192032575607
2024-03-20 22:16:09.009783:2024-03-20 22:16:09.009631: Current epoch: 121, loss: 0.022802842780947685, validation loss: 0.06055700033903122
2024-03-20 22:16:26.077631:2024-03-20 22:16:26.077479: Current epoch: 122, loss: 0.022488433867692947, validation loss: 0.061256784945726395
2024-03-20 22:16:45.400010:2024-03-20 22:16:45.399844: Current epoch: 123, loss: 0.022439995780587196, validation loss: 0.06038549914956093
2024-03-20 22:17:04.650382:2024-03-20 22:17:04.650234: Current epoch: 124, loss: 0.022300291806459427, validation loss: 0.06061239913105965
2024-03-20 22:17:23.974513:2024-03-20 22:17:23.974441: Current epoch: 125, loss: 0.022064821794629097, validation loss: 0.05975783243775368
2024-03-20 22:17:43.368565:2024-03-20 22:17:43.368442: Current epoch: 126, loss: 0.022154923528432846, validation loss: 0.0625162348151207
2024-03-20 22:18:02.789673:2024-03-20 22:18:02.789520: Current epoch: 127, loss: 0.02195221185684204, validation loss: 0.06101596727967262
2024-03-20 22:18:22.030243:2024-03-20 22:18:22.030077: Current epoch: 128, loss: 0.021794559434056282, validation loss: 0.062196239829063416
2024-03-20 22:18:41.015132:2024-03-20 22:18:41.014978: Current epoch: 129, loss: 0.021187959238886833, validation loss: 0.06017737463116646
2024-03-20 22:19:02.939809:2024-03-20 22:19:02.939627: Current epoch: 130, loss: 0.021653512492775917, validation loss: 0.061577703803777695
2024-03-20 22:19:22.687597:2024-03-20 22:19:22.687428: Current epoch: 131, loss: 0.021281741559505463, validation loss: 0.06105238199234009
2024-03-20 22:19:41.854852:2024-03-20 22:19:41.854704: Current epoch: 132, loss: 0.02086126059293747, validation loss: 0.060598988085985184
2024-03-20 22:20:00.818446:2024-03-20 22:20:00.818376: Current epoch: 133, loss: 0.020884279161691666, validation loss: 0.05966934561729431
2024-03-20 22:20:20.201892:2024-03-20 22:20:20.201739: Current epoch: 134, loss: 0.020932557061314583, validation loss: 0.0614064522087574
2024-03-20 22:20:39.289250:2024-03-20 22:20:39.289031: Current epoch: 135, loss: 0.020718520507216454, validation loss: 0.05925793573260307
2024-03-20 22:20:58.459890:2024-03-20 22:20:58.459764: Current epoch: 136, loss: 0.020508762449026108, validation loss: 0.05867907032370567
2024-03-20 22:21:17.546616:2024-03-20 22:21:17.546500: Current epoch: 137, loss: 0.02042428031563759, validation loss: 0.06089044362306595
2024-03-20 22:21:36.440960:2024-03-20 22:21:36.440902: Current epoch: 138, loss: 0.02033381722867489, validation loss: 0.05944397300481796
2024-03-20 22:21:55.493283:2024-03-20 22:21:55.493181: Current epoch: 139, loss: 0.019999947398900986, validation loss: 0.06119132786989212
2024-03-20 22:22:14.869005:2024-03-20 22:22:14.868933: Current epoch: 140, loss: 0.020052950829267502, validation loss: 0.06010539084672928
2024-03-20 22:22:34.363067:2024-03-20 22:22:34.362942: Current epoch: 141, loss: 0.01975872926414013, validation loss: 0.06102750450372696
2024-03-20 22:22:53.246876:2024-03-20 22:22:53.246753: Current epoch: 142, loss: 0.01972118951380253, validation loss: 0.05914504826068878
2024-03-20 22:23:12.320181:2024-03-20 22:23:12.320072: Current epoch: 143, loss: 0.019655868411064148, validation loss: 0.059174794703722
2024-03-20 22:23:29.083392:2024-03-20 22:23:29.083318: Current epoch: 144, loss: 0.019619278609752655, validation loss: 0.059962838888168335
2024-03-20 22:23:46.391312:2024-03-20 22:23:46.391185: Current epoch: 145, loss: 0.019682936370372772, validation loss: 0.06098045036196709
2024-03-20 22:24:05.153604:2024-03-20 22:24:05.153432: Current epoch: 146, loss: 0.01903633400797844, validation loss: 0.06177428737282753
2024-03-20 22:24:24.002142:2024-03-20 22:24:24.002020: Current epoch: 147, loss: 0.01924128644168377, validation loss: 0.06004339084029198
2024-03-20 22:24:43.004865:2024-03-20 22:24:43.004797: Current epoch: 148, loss: 0.01916133426129818, validation loss: 0.06132353097200394
2024-03-20 22:25:01.829508:2024-03-20 22:25:01.829440: Current epoch: 149, loss: 0.018951067700982094, validation loss: 0.060743238776922226
2024-03-20 22:25:20.831077:2024-03-20 22:25:20.830987: Current epoch: 150, loss: 0.019088657572865486, validation loss: 0.06012330204248428
2024-03-20 22:25:40.453126:2024-03-20 22:25:40.452997: Current epoch: 151, loss: 0.018636731430888176, validation loss: 0.05892038717865944
2024-03-20 22:25:59.776304:2024-03-20 22:25:59.776185: Current epoch: 152, loss: 0.018780294805765152, validation loss: 0.06021983548998833
2024-03-20 22:26:19.098382:2024-03-20 22:26:19.098231: Current epoch: 153, loss: 0.018459979444742203, validation loss: 0.06081848964095116
2024-03-20 22:26:37.985981:2024-03-20 22:26:37.985833: Current epoch: 154, loss: 0.018219757825136185, validation loss: 0.05964718014001846
2024-03-20 22:26:57.008922:2024-03-20 22:26:57.008874: Current epoch: 155, loss: 0.01838165707886219, validation loss: 0.05945175513625145
2024-03-20 22:27:16.040188:2024-03-20 22:27:16.040021: Current epoch: 156, loss: 0.01844772696495056, validation loss: 0.06025641784071922
2024-03-20 22:27:35.136759:2024-03-20 22:27:35.136683: Current epoch: 157, loss: 0.018109014257788658, validation loss: 0.05986005812883377
2024-03-20 22:27:54.300620:2024-03-20 22:27:54.300449: Current epoch: 158, loss: 0.017771746963262558, validation loss: 0.05928785726428032
2024-03-20 22:28:13.565297:2024-03-20 22:28:13.565188: Current epoch: 159, loss: 0.01783260703086853, validation loss: 0.06096368283033371
2024-03-20 22:28:32.734910:2024-03-20 22:28:32.734806: Current epoch: 160, loss: 0.017798762768507004, validation loss: 0.061469677835702896
2024-03-20 22:28:51.656441:2024-03-20 22:28:51.656314: Current epoch: 161, loss: 0.017762143164873123, validation loss: 0.06048104539513588
2024-03-20 22:29:10.561044:2024-03-20 22:29:10.560904: Current epoch: 162, loss: 0.017697203904390335, validation loss: 0.05884668231010437
2024-03-20 22:29:29.808353:2024-03-20 22:29:29.808285: Current epoch: 163, loss: 0.017279773950576782, validation loss: 0.058307770639657974
2024-03-20 22:29:48.906853:2024-03-20 22:29:48.906749: Current epoch: 164, loss: 0.017441492527723312, validation loss: 0.058799877762794495
2024-03-20 22:30:08.039848:2024-03-20 22:30:08.039700: Current epoch: 165, loss: 0.017558857798576355, validation loss: 0.059221550822257996
2024-03-20 22:30:27.174758:2024-03-20 22:30:27.174690: Current epoch: 166, loss: 0.017286477610468864, validation loss: 0.06030741333961487
2024-03-20 22:30:43.896930:2024-03-20 22:30:43.896790: Current epoch: 167, loss: 0.01739027351140976, validation loss: 0.059685152024030685
2024-03-20 22:31:01.263858:2024-03-20 22:31:01.263704: Current epoch: 168, loss: 0.0172568429261446, validation loss: 0.05939558520913124
2024-03-20 22:31:20.592658:2024-03-20 22:31:20.592510: Current epoch: 169, loss: 0.016942253336310387, validation loss: 0.05946613475680351
2024-03-20 22:31:42.494354:2024-03-20 22:31:42.494259: Current epoch: 170, loss: 0.016838494688272476, validation loss: 0.060900893062353134
2024-03-20 22:32:01.265608:2024-03-20 22:32:01.265543: Current epoch: 171, loss: 0.016832338646054268, validation loss: 0.0610700361430645
2024-03-20 22:32:20.124977:2024-03-20 22:32:20.124827: Current epoch: 172, loss: 0.016855843365192413, validation loss: 0.060467418283224106
2024-03-20 22:32:39.033801:2024-03-20 22:32:39.033678: Current epoch: 173, loss: 0.0166165828704834, validation loss: 0.05944794416427612
2024-03-20 22:32:58.065369:2024-03-20 22:32:58.065273: Current epoch: 174, loss: 0.016928862780332565, validation loss: 0.06008951738476753
2024-03-20 22:33:17.024549:2024-03-20 22:33:17.024423: Current epoch: 175, loss: 0.016236621886491776, validation loss: 0.06219233572483063
2024-03-20 22:33:35.879154:2024-03-20 22:33:35.879077: Current epoch: 176, loss: 0.016649695113301277, validation loss: 0.0581827275454998
2024-03-20 22:33:54.606828:2024-03-20 22:33:54.606715: Current epoch: 177, loss: 0.01607493683695793, validation loss: 0.059523675590753555
2024-03-20 22:34:13.908539:2024-03-20 22:34:13.908479: Current epoch: 178, loss: 0.01659635454416275, validation loss: 0.05901697278022766
2024-03-20 22:34:32.787497:2024-03-20 22:34:32.787425: Current epoch: 179, loss: 0.016069062054157257, validation loss: 0.05931663513183594
2024-03-20 22:34:54.613075:2024-03-20 22:34:54.612934: Current epoch: 180, loss: 0.01594850979745388, validation loss: 0.05981101468205452
2024-03-20 22:35:12.858954:2024-03-20 22:35:12.858800: Current epoch: 181, loss: 0.016173342242836952, validation loss: 0.06208716332912445
2024-03-20 22:35:31.421850:2024-03-20 22:35:31.421744: Current epoch: 182, loss: 0.01613178849220276, validation loss: 0.0585886687040329
2024-03-20 22:35:50.753109:2024-03-20 22:35:50.752994: Current epoch: 183, loss: 0.01578313298523426, validation loss: 0.059226080775260925
2024-03-20 22:36:09.520093:2024-03-20 22:36:09.520022: Current epoch: 184, loss: 0.015869591385126114, validation loss: 0.05913418531417847
2024-03-20 22:36:28.686686:2024-03-20 22:36:28.686570: Current epoch: 185, loss: 0.01568634808063507, validation loss: 0.05994028225541115
2024-03-20 22:36:47.443685:2024-03-20 22:36:47.443617: Current epoch: 186, loss: 0.015658002346754074, validation loss: 0.05984700843691826
2024-03-20 22:37:06.806077:2024-03-20 22:37:06.805958: Current epoch: 187, loss: 0.015654196962714195, validation loss: 0.060408636927604675
2024-03-20 22:37:25.727426:2024-03-20 22:37:25.727327: Current epoch: 188, loss: 0.01582331396639347, validation loss: 0.058454349637031555
2024-03-20 22:37:44.544024:2024-03-20 22:37:44.543896: Current epoch: 189, loss: 0.015403051860630512, validation loss: 0.059342823922634125
2024-03-20 22:38:03.214953:2024-03-20 22:38:03.214890: Current epoch: 190, loss: 0.015439394861459732, validation loss: 0.0601358599960804
2024-03-20 22:38:19.546733:2024-03-20 22:38:19.546583: Current epoch: 191, loss: 0.015128416940569878, validation loss: 0.05910893529653549
2024-03-20 22:38:38.764723:2024-03-20 22:38:38.764615: Current epoch: 192, loss: 0.015380711294710636, validation loss: 0.0598074235022068
2024-03-20 22:38:57.967255:2024-03-20 22:38:57.967198: Current epoch: 193, loss: 0.015362534672021866, validation loss: 0.0624273456633091
2024-03-20 22:39:16.783804:2024-03-20 22:39:16.783740: Current epoch: 194, loss: 0.015084795653820038, validation loss: 0.059511344879865646
2024-03-20 22:39:35.661354:2024-03-20 22:39:35.661226: Current epoch: 195, loss: 0.014915433712303638, validation loss: 0.05961410328745842
2024-03-20 22:39:55.130017:2024-03-20 22:39:55.129946: Current epoch: 196, loss: 0.015217096544802189, validation loss: 0.059526897966861725
2024-03-20 22:40:14.429416:2024-03-20 22:40:14.429350: Current epoch: 197, loss: 0.014734149910509586, validation loss: 0.059368111193180084
2024-03-20 22:40:33.497601:2024-03-20 22:40:33.497479: Current epoch: 198, loss: 0.014895164407789707, validation loss: 0.06052601709961891
2024-03-20 22:40:52.360931:2024-03-20 22:40:52.360844: Current epoch: 199, loss: 0.014717685990035534, validation loss: 0.05893538519740105
2024-03-20 22:41:14.610080:2024-03-20 22:41:14.609959: Current epoch: 200, loss: 0.014704817906022072, validation loss: 0.059272650629282
2024-03-20 22:41:33.892761:2024-03-20 22:41:33.892730: Current epoch: 201, loss: 0.01491266954690218, validation loss: 0.05916880816221237
2024-03-20 22:41:53.012034:2024-03-20 22:41:53.011921: Current epoch: 202, loss: 0.014572854153811932, validation loss: 0.060100749135017395
2024-03-20 22:42:11.973792:2024-03-20 22:42:11.973638: Current epoch: 203, loss: 0.014489074237644672, validation loss: 0.06230544298887253
2024-03-20 22:42:31.145651:2024-03-20 22:42:31.145584: Current epoch: 204, loss: 0.014482149854302406, validation loss: 0.061213426291942596
2024-03-20 22:42:50.297317:2024-03-20 22:42:50.297169: Current epoch: 205, loss: 0.014651005156338215, validation loss: 0.06076280400156975
2024-03-20 22:43:09.447541:2024-03-20 22:43:09.447421: Current epoch: 206, loss: 0.014306333847343922, validation loss: 0.059303462505340576
2024-03-20 22:43:28.331089:2024-03-20 22:43:28.330954: Current epoch: 207, loss: 0.01436467096209526, validation loss: 0.05985324829816818
2024-03-20 22:43:47.749169:2024-03-20 22:43:47.749022: Current epoch: 208, loss: 0.014360792003571987, validation loss: 0.05967772379517555
2024-03-20 22:44:07.046065:2024-03-20 22:44:07.045946: Current epoch: 209, loss: 0.0143065070733428, validation loss: 0.060190264135599136
2024-03-20 22:44:26.220895:2024-03-20 22:44:26.220808: Current epoch: 210, loss: 0.014079143293201923, validation loss: 0.06004568189382553
2024-03-20 22:44:45.377367:2024-03-20 22:44:45.377267: Current epoch: 211, loss: 0.014311665669083595, validation loss: 0.059727322310209274
2024-03-20 22:45:04.961963:2024-03-20 22:45:04.961849: Current epoch: 212, loss: 0.014344031922519207, validation loss: 0.058574575930833817
2024-03-20 22:45:24.019788:2024-03-20 22:45:24.019671: Current epoch: 213, loss: 0.014132698066532612, validation loss: 0.059780754148960114
2024-03-20 22:45:39.893684:2024-03-20 22:45:39.893554: Current epoch: 214, loss: 0.014084122143685818, validation loss: 0.06009899824857712
2024-03-20 22:45:58.905562:2024-03-20 22:45:58.905389: Current epoch: 215, loss: 0.013998490758240223, validation loss: 0.05860620364546776
2024-03-20 22:46:17.659226:2024-03-20 22:46:17.659165: Current epoch: 216, loss: 0.013842940330505371, validation loss: 0.06052776798605919
2024-03-20 22:46:36.502048:2024-03-20 22:46:36.501964: Current epoch: 217, loss: 0.01372602954506874, validation loss: 0.05943251773715019
2024-03-20 22:46:55.118452:2024-03-20 22:46:55.118391: Current epoch: 218, loss: 0.013788039796054363, validation loss: 0.05959414690732956
2024-03-20 22:47:14.416442:2024-03-20 22:47:14.416295: Current epoch: 219, loss: 0.013915503397583961, validation loss: 0.059587422758340836
2024-03-20 22:47:33.468865:2024-03-20 22:47:33.468754: Current epoch: 220, loss: 0.013691522181034088, validation loss: 0.06001458317041397
2024-03-20 22:47:52.525713:2024-03-20 22:47:52.525598: Current epoch: 221, loss: 0.013806378468871117, validation loss: 0.06012030318379402
2024-03-20 22:48:11.439185:2024-03-20 22:48:11.438897: Current epoch: 222, loss: 0.0134345181286335, validation loss: 0.05911164730787277
2024-03-20 22:48:30.630801:2024-03-20 22:48:30.630649: Current epoch: 223, loss: 0.013544699177145958, validation loss: 0.06069639325141907
2024-03-20 22:48:49.548058:2024-03-20 22:48:49.547820: Current epoch: 224, loss: 0.013591433875262737, validation loss: 0.059497036039829254
2024-03-20 22:49:08.653984:2024-03-20 22:49:08.653829: Current epoch: 225, loss: 0.013525796122848988, validation loss: 0.060029204934835434
2024-03-20 22:49:27.737004:2024-03-20 22:49:27.736933: Current epoch: 226, loss: 0.013184762559831142, validation loss: 0.05887772515416145
2024-03-20 22:49:46.577564:2024-03-20 22:49:46.577383: Current epoch: 227, loss: 0.012975730933248997, validation loss: 0.05928486958146095
2024-03-20 22:50:05.570759:2024-03-20 22:50:05.570686: Current epoch: 228, loss: 0.013225200586020947, validation loss: 0.060791414231061935
2024-03-20 22:50:24.588597:2024-03-20 22:50:24.588484: Current epoch: 229, loss: 0.013303727842867374, validation loss: 0.05894787982106209
2024-03-20 22:50:43.780643:2024-03-20 22:50:43.780497: Current epoch: 230, loss: 0.01318533904850483, validation loss: 0.060268573462963104
2024-03-20 22:51:03.263426:2024-03-20 22:51:03.263337: Current epoch: 231, loss: 0.012902255170047283, validation loss: 0.06484691053628922
2024-03-20 22:51:22.642287:2024-03-20 22:51:22.642228: Current epoch: 232, loss: 0.013629953376948833, validation loss: 0.059506796300411224
2024-03-20 22:51:41.930667:2024-03-20 22:51:41.930513: Current epoch: 233, loss: 0.012917931191623211, validation loss: 0.06106043606996536
2024-03-20 22:52:01.402559:2024-03-20 22:52:01.402407: Current epoch: 234, loss: 0.013038498349487782, validation loss: 0.06113919988274574
2024-03-20 22:52:20.452229:2024-03-20 22:52:20.452117: Current epoch: 235, loss: 0.01357105653733015, validation loss: 0.06013375148177147
2024-03-20 22:52:39.384148:2024-03-20 22:52:39.383982: Current epoch: 236, loss: 0.012937525287270546, validation loss: 0.05913795530796051
2024-03-20 22:52:54.309472:2024-03-20 22:52:54.309404: Current epoch: 237, loss: 0.012976325117051601, validation loss: 0.060281042009592056
2024-03-20 22:53:13.579568:2024-03-20 22:53:13.579451: Current epoch: 238, loss: 0.01309997122734785, validation loss: 0.05933636054396629
2024-03-20 22:53:33.490770:2024-03-20 22:53:33.490619: Current epoch: 239, loss: 0.01282789558172226, validation loss: 0.060067616403102875
2024-03-20 22:53:52.773292:2024-03-20 22:53:52.773181: Current epoch: 240, loss: 0.012788798660039902, validation loss: 0.06039135903120041
2024-03-20 22:54:11.974671:2024-03-20 22:54:11.974568: Current epoch: 241, loss: 0.012609184719622135, validation loss: 0.06044205650687218
2024-03-20 22:54:31.030527:2024-03-20 22:54:31.030366: Current epoch: 242, loss: 0.012601170688867569, validation loss: 0.060487695038318634
2024-03-20 22:54:50.128652:2024-03-20 22:54:50.128502: Current epoch: 243, loss: 0.012349262833595276, validation loss: 0.060577649623155594
2024-03-20 22:55:09.269803:2024-03-20 22:55:09.269656: Current epoch: 244, loss: 0.012543272227048874, validation loss: 0.05980442836880684
2024-03-20 22:55:28.334408:2024-03-20 22:55:28.334259: Current epoch: 245, loss: 0.012586577795445919, validation loss: 0.06033425033092499
2024-03-20 22:55:47.191637:2024-03-20 22:55:47.191521: Current epoch: 246, loss: 0.012560812756419182, validation loss: 0.059428825974464417
2024-03-20 22:56:06.325641:2024-03-20 22:56:06.325523: Current epoch: 247, loss: 0.01259081345051527, validation loss: 0.0598013661801815
2024-03-20 22:56:25.516653:2024-03-20 22:56:25.516525: Current epoch: 248, loss: 0.012396055273711681, validation loss: 0.05982562154531479
2024-03-20 22:56:44.564615:2024-03-20 22:56:44.564453: Current epoch: 249, loss: 0.012290342710912228, validation loss: 0.059553321450948715
2024-03-20 22:57:03.706103:2024-03-20 22:57:03.705937: Current epoch: 250, loss: 0.012408849783241749, validation loss: 0.05976894497871399
2024-03-20 22:57:22.894905:2024-03-20 22:57:22.894836: Current epoch: 251, loss: 0.012367659248411655, validation loss: 0.061032526195049286
2024-03-20 22:57:42.099962:2024-03-20 22:57:42.099855: Current epoch: 252, loss: 0.012185914441943169, validation loss: 0.0602351650595665
2024-03-20 22:58:00.921430:2024-03-20 22:58:00.921279: Current epoch: 253, loss: 0.012334370985627174, validation loss: 0.059930987656116486
2024-03-20 22:58:20.049495:2024-03-20 22:58:20.049328: Current epoch: 254, loss: 0.012158911675214767, validation loss: 0.05933850631117821
2024-03-20 22:58:38.980562:2024-03-20 22:58:38.980417: Current epoch: 255, loss: 0.012150032445788383, validation loss: 0.06016403064131737
2024-03-20 22:58:57.743036:2024-03-20 22:58:57.742971: Current epoch: 256, loss: 0.01211820263415575, validation loss: 0.060181666165590286
2024-03-20 22:59:16.775953:2024-03-20 22:59:16.775841: Current epoch: 257, loss: 0.012500614859163761, validation loss: 0.06023191660642624
2024-03-20 22:59:35.500694:2024-03-20 22:59:35.500544: Current epoch: 258, loss: 0.012091703712940216, validation loss: 0.059472668915987015
2024-03-20 22:59:54.672059:2024-03-20 22:59:54.671920: Current epoch: 259, loss: 0.01183338277041912, validation loss: 0.05924112722277641
2024-03-20 23:00:11.047133:2024-03-20 23:00:11.046984: Current epoch: 260, loss: 0.01158310566097498, validation loss: 0.058712609112262726
2024-03-20 23:00:28.802808:2024-03-20 23:00:28.802729: Current epoch: 261, loss: 0.01197287067770958, validation loss: 0.05939704552292824
2024-03-20 23:00:47.732044:2024-03-20 23:00:47.731983: Current epoch: 262, loss: 0.01185245905071497, validation loss: 0.05951463803648949
2024-03-20 23:01:06.900679:2024-03-20 23:01:06.900621: Current epoch: 263, loss: 0.01169649325311184, validation loss: 0.059255510568618774
2024-03-20 23:01:26.071642:2024-03-20 23:01:26.071524: Current epoch: 264, loss: 0.01169753260910511, validation loss: 0.059686075896024704
2024-03-20 23:01:45.261745:2024-03-20 23:01:45.261593: Current epoch: 265, loss: 0.012003916315734386, validation loss: 0.06023433431982994
2024-03-20 23:02:04.448624:2024-03-20 23:02:04.448514: Current epoch: 266, loss: 0.011934196576476097, validation loss: 0.05942987650632858
2024-03-20 23:02:23.649605:2024-03-20 23:02:23.649503: Current epoch: 267, loss: 0.011641431599855423, validation loss: 0.05941890925168991
2024-03-20 23:02:42.919035:2024-03-20 23:02:42.918920: Current epoch: 268, loss: 0.01168871484696865, validation loss: 0.06091565638780594
2024-03-20 23:03:01.617486:2024-03-20 23:03:01.617378: Current epoch: 269, loss: 0.011584172956645489, validation loss: 0.05926669389009476
2024-03-20 23:03:20.534761:2024-03-20 23:03:20.534664: Current epoch: 270, loss: 0.011557943187654018, validation loss: 0.0590558797121048
2024-03-20 23:03:39.476181:2024-03-20 23:03:39.476032: Current epoch: 271, loss: 0.011921916157007217, validation loss: 0.05890287831425667
2024-03-20 23:03:58.632794:2024-03-20 23:03:58.632672: Current epoch: 272, loss: 0.011186663992702961, validation loss: 0.05974438413977623
2024-03-20 23:04:17.764925:2024-03-20 23:04:17.764774: Current epoch: 273, loss: 0.01149773970246315, validation loss: 0.05921044200658798
2024-03-20 23:04:36.876426:2024-03-20 23:04:36.876325: Current epoch: 274, loss: 0.011486317031085491, validation loss: 0.059259459376335144
2024-03-20 23:04:55.754736:2024-03-20 23:04:55.754659: Current epoch: 275, loss: 0.011371935717761517, validation loss: 0.05911865457892418
2024-03-20 23:05:14.679794:2024-03-20 23:05:14.679724: Current epoch: 276, loss: 0.011593476869165897, validation loss: 0.06068838760256767
2024-03-20 23:05:33.594581:2024-03-20 23:05:33.594410: Current epoch: 277, loss: 0.011358564719557762, validation loss: 0.06051402911543846
2024-03-20 23:05:53.020754:2024-03-20 23:05:53.020635: Current epoch: 278, loss: 0.011335828341543674, validation loss: 0.061017487198114395
2024-03-20 23:06:11.973144:2024-03-20 23:06:11.973030: Current epoch: 279, loss: 0.011557080782949924, validation loss: 0.059388767927885056
2024-03-20 23:06:30.894273:2024-03-20 23:06:30.894124: Current epoch: 280, loss: 0.011358719319105148, validation loss: 0.059172987937927246
2024-03-20 23:06:49.636616:2024-03-20 23:06:49.636572: Current epoch: 281, loss: 0.011416725814342499, validation loss: 0.058975785970687866
2024-03-20 23:07:08.674812:2024-03-20 23:07:08.674657: Current epoch: 282, loss: 0.01114967092871666, validation loss: 0.05957043543457985
2024-03-20 23:07:25.804328:2024-03-20 23:07:25.804266: Current epoch: 283, loss: 0.011220809072256088, validation loss: 0.05980156734585762
2024-03-20 23:07:43.238312:2024-03-20 23:07:43.238279: Current epoch: 284, loss: 0.01137552596628666, validation loss: 0.06027679517865181
2024-03-20 23:08:02.169837:2024-03-20 23:08:02.169731: Current epoch: 285, loss: 0.011283578351140022, validation loss: 0.05942140147089958
2024-03-20 23:08:21.082960:2024-03-20 23:08:21.082888: Current epoch: 286, loss: 0.011230035685002804, validation loss: 0.05908574163913727
2024-03-20 23:08:39.674596:2024-03-20 23:08:39.674408: Current epoch: 287, loss: 0.010780345648527145, validation loss: 0.06008559837937355
2024-03-20 23:08:58.530006:2024-03-20 23:08:58.529870: Current epoch: 288, loss: 0.011065295897424221, validation loss: 0.05944177880883217
2024-03-20 23:09:17.243520:2024-03-20 23:09:17.243367: Current epoch: 289, loss: 0.010942880995571613, validation loss: 0.060007493942976
2024-03-20 23:09:36.548095:2024-03-20 23:09:36.547981: Current epoch: 290, loss: 0.011202902533113956, validation loss: 0.0592481754720211
2024-03-20 23:09:55.459805:2024-03-20 23:09:55.459655: Current epoch: 291, loss: 0.011032829992473125, validation loss: 0.059374600648880005
2024-03-20 23:10:14.297818:2024-03-20 23:10:14.297726: Current epoch: 292, loss: 0.010971532203257084, validation loss: 0.05928078666329384
2024-03-20 23:10:33.637738:2024-03-20 23:10:33.637598: Current epoch: 293, loss: 0.010908957570791245, validation loss: 0.059861887246370316
2024-03-20 23:10:52.951002:2024-03-20 23:10:52.950858: Current epoch: 294, loss: 0.010963107459247112, validation loss: 0.059750042855739594
2024-03-20 23:11:11.855076:2024-03-20 23:11:11.854926: Current epoch: 295, loss: 0.010861745104193687, validation loss: 0.05970761552453041
2024-03-20 23:11:30.627739:2024-03-20 23:11:30.627612: Current epoch: 296, loss: 0.010964414104819298, validation loss: 0.05910252779722214
2024-03-20 23:11:50.023653:2024-03-20 23:11:50.023550: Current epoch: 297, loss: 0.010946985334157944, validation loss: 0.05977671593427658
2024-03-20 23:12:08.926080:2024-03-20 23:12:08.925931: Current epoch: 298, loss: 0.010711267590522766, validation loss: 0.06015155836939812
2024-03-20 23:12:27.855002:2024-03-20 23:12:27.854869: Current epoch: 299, loss: 0.010752399452030659, validation loss: 0.06041756272315979
2024-03-20 23:12:47.083990:2024-03-20 23:12:47.083878: Current epoch: 300, loss: 0.010660788975656033, validation loss: 0.05973217636346817
2024-03-20 23:13:06.074811:2024-03-20 23:13:06.074681: Current epoch: 301, loss: 0.010763525031507015, validation loss: 0.05967098847031593
2024-03-20 23:13:25.517217:2024-03-20 23:13:25.517087: Current epoch: 302, loss: 0.010737706907093525, validation loss: 0.06026209145784378
2024-03-20 23:13:44.330190:2024-03-20 23:13:44.330068: Current epoch: 303, loss: 0.01070513017475605, validation loss: 0.05990942195057869
2024-03-20 23:14:03.866650:2024-03-20 23:14:03.866533: Current epoch: 304, loss: 0.010576274245977402, validation loss: 0.06077883020043373
2024-03-20 23:14:22.853679:2024-03-20 23:14:22.853558: Current epoch: 305, loss: 0.01702854037284851, validation loss: 0.06117110326886177
2024-03-20 23:14:41.199123:2024-03-20 23:14:41.199053: Current epoch: 306, loss: 0.010185114108026028, validation loss: 0.061150796711444855
2024-03-20 23:14:56.889329:2024-03-20 23:14:56.889240: Current epoch: 307, loss: 0.009859420359134674, validation loss: 0.060351643711328506
2024-03-20 23:15:15.949381:2024-03-20 23:15:15.949312: Current epoch: 308, loss: 0.010219569317996502, validation loss: 0.059832945466041565
2024-03-20 23:15:35.146294:2024-03-20 23:15:35.146159: Current epoch: 309, loss: 0.010762553662061691, validation loss: 0.06041934713721275
2024-03-20 23:15:54.416478:2024-03-20 23:15:54.416375: Current epoch: 310, loss: 0.010346956551074982, validation loss: 0.059965118765830994
2024-03-20 23:16:13.514328:2024-03-20 23:16:13.514268: Current epoch: 311, loss: 0.010531128384172916, validation loss: 0.059361133724451065
2024-03-20 23:16:32.915670:2024-03-20 23:16:32.915540: Current epoch: 312, loss: 0.010579739697277546, validation loss: 0.06012798473238945
2024-03-20 23:16:52.054551:2024-03-20 23:16:52.054480: Current epoch: 313, loss: 0.010289608500897884, validation loss: 0.059495411813259125
2024-03-20 23:17:11.077213:2024-03-20 23:17:11.077141: Current epoch: 314, loss: 0.01051362231373787, validation loss: 0.05931336432695389
2024-03-20 23:17:30.219539:2024-03-20 23:17:30.219476: Current epoch: 315, loss: 0.010187073610723019, validation loss: 0.060963522642850876
2024-03-20 23:17:49.114915:2024-03-20 23:17:49.114778: Current epoch: 316, loss: 0.010459084063768387, validation loss: 0.060099415481090546
2024-03-20 23:18:08.276946:2024-03-20 23:18:08.276796: Current epoch: 317, loss: 0.010177632793784142, validation loss: 0.05899877846240997
2024-03-20 23:18:27.502592:2024-03-20 23:18:27.502463: Current epoch: 318, loss: 0.010222994722425938, validation loss: 0.06014004349708557
2024-03-20 23:18:46.484769:2024-03-20 23:18:46.484662: Current epoch: 319, loss: 0.010191014036536217, validation loss: 0.05937974527478218
2024-03-20 23:19:05.533695:2024-03-20 23:19:05.533631: Current epoch: 320, loss: 0.010332159698009491, validation loss: 0.060003407299518585
2024-03-20 23:19:24.909134:2024-03-20 23:19:24.908955: Current epoch: 321, loss: 0.010054179467260838, validation loss: 0.0593641996383667
2024-03-20 23:19:43.441482:2024-03-20 23:19:43.441319: Current epoch: 322, loss: 0.010068727657198906, validation loss: 0.05889248102903366
2024-03-20 23:20:02.226081:2024-03-20 23:20:02.226010: Current epoch: 323, loss: 0.010247273370623589, validation loss: 0.05971352010965347
2024-03-20 23:20:21.103489:2024-03-20 23:20:21.103350: Current epoch: 324, loss: 0.00995983649045229, validation loss: 0.05983411520719528
2024-03-20 23:20:40.291654:2024-03-20 23:20:40.291595: Current epoch: 325, loss: 0.010137680917978287, validation loss: 0.05912722274661064
2024-03-20 23:20:59.950473:2024-03-20 23:20:59.950345: Current epoch: 326, loss: 0.009910626336932182, validation loss: 0.058986444026231766
2024-03-20 23:21:18.916474:2024-03-20 23:21:18.916305: Current epoch: 327, loss: 0.009972202591598034, validation loss: 0.05958908796310425
2024-03-20 23:21:39.040763:2024-03-20 23:21:39.040622: Current epoch: 328, loss: 0.010204649530351162, validation loss: 0.05918736383318901
2024-03-20 23:21:57.893078:2024-03-20 23:21:57.893033: Current epoch: 329, loss: 0.009800408966839314, validation loss: 0.05872136726975441
2024-03-20 23:22:16.878313:2024-03-20 23:22:16.878187: Current epoch: 330, loss: 0.009991670958697796, validation loss: 0.06016724556684494
2024-03-20 23:22:36.003842:2024-03-20 23:22:36.003728: Current epoch: 331, loss: 0.009983977302908897, validation loss: 0.05937747284770012
2024-03-20 23:22:54.969451:2024-03-20 23:22:54.969301: Current epoch: 332, loss: 0.00976074580103159, validation loss: 0.060081422328948975
2024-03-20 23:23:13.729943:2024-03-20 23:23:13.729791: Current epoch: 333, loss: 0.010062656365334988, validation loss: 0.05983646959066391
2024-03-20 23:23:32.761652:2024-03-20 23:23:32.761519: Current epoch: 334, loss: 0.009740748442709446, validation loss: 0.05908718705177307
2024-03-20 23:23:51.608488:2024-03-20 23:23:51.608377: Current epoch: 335, loss: 0.009716351516544819, validation loss: 0.0594061054289341
2024-03-20 23:24:10.168302:2024-03-20 23:24:10.168172: Current epoch: 336, loss: 0.009863663464784622, validation loss: 0.05985740199685097
2024-03-20 23:24:29.854085:2024-03-20 23:24:29.853913: Current epoch: 337, loss: 0.009844728745520115, validation loss: 0.0596642829477787
2024-03-20 23:24:48.809823:2024-03-20 23:24:48.809653: Current epoch: 338, loss: 0.00988094974309206, validation loss: 0.05969206243753433
2024-03-20 23:25:07.956004:2024-03-20 23:25:07.955891: Current epoch: 339, loss: 0.009805439971387386, validation loss: 0.05929294601082802
2024-03-20 23:25:26.809236:2024-03-20 23:25:26.809130: Current epoch: 340, loss: 0.009722691029310226, validation loss: 0.05911923944950104
2024-03-20 23:25:45.585155:2024-03-20 23:25:45.585000: Current epoch: 341, loss: 0.009657763876020908, validation loss: 0.05947752296924591
2024-03-20 23:26:04.572643:2024-03-20 23:26:04.572506: Current epoch: 342, loss: 0.009755470789968967, validation loss: 0.05940520390868187
2024-03-20 23:26:23.502433:2024-03-20 23:26:23.502328: Current epoch: 343, loss: 0.009779679588973522, validation loss: 0.05971250683069229
2024-03-20 23:26:42.819986:2024-03-20 23:26:42.819833: Current epoch: 344, loss: 0.00949521642178297, validation loss: 0.05935769900679588
2024-03-20 23:27:01.608059:2024-03-20 23:27:01.607928: Current epoch: 345, loss: 0.009616408497095108, validation loss: 0.059790633618831635
2024-03-20 23:27:20.634305:2024-03-20 23:27:20.634242: Current epoch: 346, loss: 0.009615038521587849, validation loss: 0.05941583588719368
2024-03-20 23:27:39.240879:2024-03-20 23:27:39.240779: Current epoch: 347, loss: 0.009626139886677265, validation loss: 0.05908292531967163
2024-03-20 23:27:58.526789:2024-03-20 23:27:58.526643: Current epoch: 348, loss: 0.009638487361371517, validation loss: 0.059100113809108734
2024-03-20 23:28:17.918714:2024-03-20 23:28:17.918599: Current epoch: 349, loss: 0.009498830884695053, validation loss: 0.0595245361328125
2024-03-20 23:28:36.725838:2024-03-20 23:28:36.725727: Current epoch: 350, loss: 0.009536531753838062, validation loss: 0.05920868366956711
2024-03-20 23:28:55.985203:2024-03-20 23:28:55.985134: Current epoch: 351, loss: 0.00941221322864294, validation loss: 0.0593896359205246
2024-03-20 23:29:14.858422:2024-03-20 23:29:14.858310: Current epoch: 352, loss: 0.009393870830535889, validation loss: 0.05924511328339577
2024-03-20 23:29:30.721685:2024-03-20 23:29:30.721641: Current epoch: 353, loss: 0.009354634210467339, validation loss: 0.05961764603853226
2024-03-20 23:29:48.385598:2024-03-20 23:29:48.385493: Current epoch: 354, loss: 0.009279567748308182, validation loss: 0.058786164969205856
2024-03-20 23:30:07.325706:2024-03-20 23:30:07.325574: Current epoch: 355, loss: 0.00936940684914589, validation loss: 0.05956319347023964
2024-03-20 23:30:26.002625:2024-03-20 23:30:26.002509: Current epoch: 356, loss: 0.009309393353760242, validation loss: 0.059701330959796906
2024-03-20 23:30:44.536773:2024-03-20 23:30:44.536706: Current epoch: 357, loss: 0.00939528550952673, validation loss: 0.06005561724305153
2024-03-20 23:31:03.719305:2024-03-20 23:31:03.719203: Current epoch: 358, loss: 0.009382680989801884, validation loss: 0.05993400514125824
2024-03-20 23:31:22.378742:2024-03-20 23:31:22.378672: Current epoch: 359, loss: 0.009197031147778034, validation loss: 0.060620252043008804
2024-03-20 23:31:41.187532:2024-03-20 23:31:41.187408: Current epoch: 360, loss: 0.009554942138493061, validation loss: 0.059709351509809494
2024-03-20 23:31:59.680054:2024-03-20 23:31:59.679949: Current epoch: 361, loss: 0.00920136459171772, validation loss: 0.059669263660907745
2024-03-20 23:32:18.657376:2024-03-20 23:32:18.657272: Current epoch: 362, loss: 0.009302886202931404, validation loss: 0.059235796332359314
2024-03-20 23:32:37.478247:2024-03-20 23:32:37.478144: Current epoch: 363, loss: 0.009458797983825207, validation loss: 0.06004985049366951
2024-03-20 23:32:56.323871:2024-03-20 23:32:56.323806: Current epoch: 364, loss: 0.009592389687895775, validation loss: 0.060271210968494415
2024-03-20 23:33:15.553575:2024-03-20 23:33:15.553451: Current epoch: 365, loss: 0.009151879698038101, validation loss: 0.059446629136800766
2024-03-20 23:33:34.455668:2024-03-20 23:33:34.455521: Current epoch: 366, loss: 0.009136959910392761, validation loss: 0.06030961498618126
2024-03-20 23:33:53.663689:2024-03-20 23:33:53.663603: Current epoch: 367, loss: 0.009302133694291115, validation loss: 0.05948304012417793
2024-03-20 23:34:13.067541:2024-03-20 23:34:13.067396: Current epoch: 368, loss: 0.009038773365318775, validation loss: 0.05999748781323433
2024-03-20 23:34:32.190680:2024-03-20 23:34:32.190529: Current epoch: 369, loss: 0.00903024710714817, validation loss: 0.060050252825021744
2024-03-20 23:34:51.035427:2024-03-20 23:34:51.035275: Current epoch: 370, loss: 0.009435786865651608, validation loss: 0.059895265847444534
2024-03-20 23:35:10.483890:2024-03-20 23:35:10.483781: Current epoch: 371, loss: 0.009121798910200596, validation loss: 0.060373492538928986
2024-03-20 23:35:29.681821:2024-03-20 23:35:29.681694: Current epoch: 372, loss: 0.008942309767007828, validation loss: 0.06042513623833656
2024-03-20 23:35:49.093641:2024-03-20 23:35:49.093534: Current epoch: 373, loss: 0.009005000814795494, validation loss: 0.060285720974206924
2024-03-20 23:36:08.281062:2024-03-20 23:36:08.280950: Current epoch: 374, loss: 0.009022867307066917, validation loss: 0.05937958508729935
2024-03-20 23:36:27.510035:2024-03-20 23:36:27.509911: Current epoch: 375, loss: 0.008940862491726875, validation loss: 0.060112591832876205
2024-03-20 23:36:45.328431:2024-03-20 23:36:45.328388: Current epoch: 376, loss: 0.009038344025611877, validation loss: 0.06007886677980423
2024-03-20 23:36:46.493384:the test error is  [0.06007841229438782, 0.06007841229438782]
2024-03-20 23:36:49.841613:saved model to sample/bert-base-uncased_robo_prop_ehull
2024-03-20 23:36:50.689932:done