
2024-01-24 22:33:55.814972:job config: {'train_data_path': '../data/sample/sample_train_set.csv', 'val_data_path': '../data/sample/sample_validation_set.csv', 'test_data_path': '../data/sample/sample_test_set.csv', 'label': 'formation_energy_peratom', 'input_type': None, 'log_folder': 'log', 'log_file': 'sample-run_example_tf2.log', 'test_metric': 'mae', 'architecture': '1024x4D-512x3D-256x3D-128x3D-64x2-32x1-1', 'loss_type': 'mae', 'config_file': 'sample/job.config', 'use_valid': True, 'project': 'ElemNet', 'input_types': ['elements_tl'], 'regressors': None, 'paramsGrid': {'optimizer': 'Adam', 'learning_rate': 0.0001, 'patience': 200, 'dropouts': [0.8, 0.9, 0.7, 0.8], 'EVAL_FREQUENCY': 1000}, 'save_path': 'sample/sample-run_example_tf2', 'dataset': 'OQMD', 'model_path': None, 'last_layer_with_weight': True, 'keras_path': 'model/sample-run_example_tf2'}
2024-01-24 22:33:55.815017:train data path is  ../data/sample/sample_train_set.csv
2024-01-24 22:33:55.826971:input attribute sets are:  ['elements_tl']
2024-01-24 22:33:55.827042:test data path is  ../data/sample/sample_test_set.csv
2024-01-24 22:33:55.833073:val data path is  ../data/sample/sample_validation_set.csv
2024-01-24 22:33:55.838776:input attributes are:  ['H', 'Li', 'Be', 'B', 'C', 'N', 'O', 'F', 'Na', 'Mg', 'Al', 'Si', 'P', 'S', 'Cl', 'K', 'Ca', 'Sc', 'Ti', 'V', 'Cr', 'Mn', 'Fe', 'Co', 'Ni', 'Cu', 'Zn', 'Ga', 'Ge', 'As', 'Se', 'Br', 'Kr', 'Rb', 'Sr', 'Y', 'Zr', 'Nb', 'Mo', 'Tc', 'Ru', 'Rh', 'Pd', 'Ag', 'Cd', 'In', 'Sn', 'Sb', 'Te', 'I', 'Xe', 'Cs', 'Ba', 'La', 'Ce', 'Pr', 'Nd', 'Pm', 'Sm', 'Eu', 'Gd', 'Tb', 'Dy', 'Ho', 'Er', 'Tm', 'Yb', 'Lu', 'Hf', 'Ta', 'W', 'Re', 'Os', 'Ir', 'Pt', 'Au', 'Hg', 'Tl', 'Pb', 'Bi', 'Ac', 'Th', 'Pa', 'U', 'Np', 'Pu']
2024-01-24 22:33:55.838835:label: formation_energy_peratom
2024-01-24 22:33:56.470831: train, test, valid sizes:  (451, 86) (451,) (56, 86) (56,) (50, 86) (50,)
2024-01-24 22:33:56.470965:train matrix shape of train_X:  (451, 86)  train_y:  (451,)
2024-01-24 22:33:56.471016:valid matrix shape of train_X:  (50, 86)  valid_y:  (50,)
2024-01-24 22:33:56.471050:test matrix shape of valid_X:   (56, 86)  test_y:  (56,)
2024-01-24 22:33:56.471080:architecture is:  1024x4D-512x3D-256x3D-128x3D-64x2-32x1-1
2024-01-24 22:33:56.471110:learning rate is  0.0001
2024-01-24 22:33:56.471138:model path is  None
2024-01-24 22:33:56.477821:adding fully connected layers with 1024 outputs
2024-01-24 22:33:58.761910:adding fully connected layers with 1024 outputs
2024-01-24 22:33:58.769738:adding fully connected layers with 1024 outputs
2024-01-24 22:33:58.774924:adding fully connected layers with 1024 outputs
2024-01-24 22:33:58.779970:adding dropout 0.8
2024-01-24 22:33:58.786052:adding fully connected layers with 512 outputs
2024-01-24 22:33:58.791152:adding fully connected layers with 512 outputs
2024-01-24 22:33:58.796369:adding fully connected layers with 512 outputs
2024-01-24 22:33:58.801087:adding dropout 0.9
2024-01-24 22:33:58.802802:adding fully connected layers with 256 outputs
2024-01-24 22:33:58.807895:adding fully connected layers with 256 outputs
2024-01-24 22:33:58.813059:adding fully connected layers with 256 outputs
2024-01-24 22:33:58.817761:adding dropout 0.7
2024-01-24 22:33:58.819449:adding fully connected layers with 128 outputs
2024-01-24 22:33:58.824605:adding fully connected layers with 128 outputs
2024-01-24 22:33:58.829839:adding fully connected layers with 128 outputs
2024-01-24 22:33:58.834572:adding dropout 0.8
2024-01-24 22:33:58.836243:adding fully connected layers with 64 outputs
2024-01-24 22:33:58.841415:adding fully connected layers with 64 outputs
2024-01-24 22:33:58.846626:adding fully connected layers with 32 outputs
2024-01-24 22:33:58.851651:adding final layer with 1 output
2024-01-24 22:33:58.861631:Model: "ElemNet"
2024-01-24 22:33:58.861703:_________________________________________________________________
2024-01-24 22:33:58.861755:Layer (type)                 Output Shape              Param #   
2024-01-24 22:33:58.861790:=================================================================
2024-01-24 22:33:58.862027:elemental_fractions (InputLa [(None, 86)]              0         
2024-01-24 22:33:58.862079:_________________________________________________________________
2024-01-24 22:33:58.862475:fc0_0 (Dense)                (None, 1024)              89088     
2024-01-24 22:33:58.862528:_________________________________________________________________
2024-01-24 22:33:58.862638:fc0_1 (Dense)                (None, 1024)              1049600   
2024-01-24 22:33:58.862678:_________________________________________________________________
2024-01-24 22:33:58.862773:fc0_2 (Dense)                (None, 1024)              1049600   
2024-01-24 22:33:58.862811:_________________________________________________________________
2024-01-24 22:33:58.862902:fc0_3 (Dense)                (None, 1024)              1049600   
2024-01-24 22:33:58.862941:_________________________________________________________________
2024-01-24 22:33:58.863010:dropout (Dropout)            (None, 1024)              0         
2024-01-24 22:33:58.863045:_________________________________________________________________
2024-01-24 22:33:58.863135:fc1_0 (Dense)                (None, 512)               524800    
2024-01-24 22:33:58.863173:_________________________________________________________________
2024-01-24 22:33:58.863262:fc1_1 (Dense)                (None, 512)               262656    
2024-01-24 22:33:58.863299:_________________________________________________________________
2024-01-24 22:33:58.863387:fc1_2 (Dense)                (None, 512)               262656    
2024-01-24 22:33:58.863430:_________________________________________________________________
2024-01-24 22:33:58.863496:dropout_1 (Dropout)          (None, 512)               0         
2024-01-24 22:33:58.863531:_________________________________________________________________
2024-01-24 22:33:58.863621:fc2_0 (Dense)                (None, 256)               131328    
2024-01-24 22:33:58.863663:_________________________________________________________________
2024-01-24 22:33:58.863754:fc2_1 (Dense)                (None, 256)               65792     
2024-01-24 22:33:58.863792:_________________________________________________________________
2024-01-24 22:33:58.863880:fc2_2 (Dense)                (None, 256)               65792     
2024-01-24 22:33:58.863918:_________________________________________________________________
2024-01-24 22:33:58.863983:dropout_2 (Dropout)          (None, 256)               0         
2024-01-24 22:33:58.864017:_________________________________________________________________
2024-01-24 22:33:58.864105:fc3_0 (Dense)                (None, 128)               32896     
2024-01-24 22:33:58.864142:_________________________________________________________________
2024-01-24 22:33:58.864232:fc3_1 (Dense)                (None, 128)               16512     
2024-01-24 22:33:58.864269:_________________________________________________________________
2024-01-24 22:33:58.864357:fc3_2 (Dense)                (None, 128)               16512     
2024-01-24 22:33:58.864394:_________________________________________________________________
2024-01-24 22:33:58.864464:dropout_3 (Dropout)          (None, 128)               0         
2024-01-24 22:33:58.864499:_________________________________________________________________
2024-01-24 22:33:58.864587:fc4_0 (Dense)                (None, 64)                8256      
2024-01-24 22:33:58.864624:_________________________________________________________________
2024-01-24 22:33:58.864712:fc4_1 (Dense)                (None, 64)                4160      
2024-01-24 22:33:58.864749:_________________________________________________________________
2024-01-24 22:33:58.864837:fc5_0 (Dense)                (None, 32)                2080      
2024-01-24 22:33:58.864875:_________________________________________________________________
2024-01-24 22:33:58.864965:fc6 (Dense)                  (None, 1)                 33        
2024-01-24 22:33:58.865003:=================================================================
2024-01-24 22:33:58.865455:Total params: 4,631,361
2024-01-24 22:33:58.865509:Trainable params: 4,631,361
2024-01-24 22:33:58.865545:Non-trainable params: 0
2024-01-24 22:33:58.865635:_________________________________________________________________
2024-01-24 22:33:58.877280:start training
2024-01-24 22:34:00.042041:2024-01-24 22:34:00.042007: Current epoch: 0, loss: 0.9815524816513062, validation loss: 0.93048495054245
2024-01-24 22:34:00.187251:2024-01-24 22:34:00.187219: Current epoch: 1, loss: 0.7997897863388062, validation loss: 0.7121184468269348
2024-01-24 22:34:00.345312:2024-01-24 22:34:00.345267: Current epoch: 2, loss: 0.6401340365409851, validation loss: 0.6084871888160706
2024-01-24 22:34:00.504837:2024-01-24 22:34:00.504805: Current epoch: 3, loss: 0.5661632418632507, validation loss: 0.5356676578521729
2024-01-24 22:34:00.657294:2024-01-24 22:34:00.657262: Current epoch: 4, loss: 0.5051159858703613, validation loss: 0.5206021070480347
2024-01-24 22:34:00.809820:2024-01-24 22:34:00.809790: Current epoch: 5, loss: 0.4664856493473053, validation loss: 0.4910202920436859
2024-01-24 22:34:00.960738:2024-01-24 22:34:00.960707: Current epoch: 6, loss: 0.4491000175476074, validation loss: 0.46639975905418396
2024-01-24 22:34:01.105026:2024-01-24 22:34:01.104994: Current epoch: 7, loss: 0.4165864586830139, validation loss: 0.4631138741970062
2024-01-24 22:34:01.256980:2024-01-24 22:34:01.256949: Current epoch: 8, loss: 0.36998265981674194, validation loss: 0.43956097960472107
2024-01-24 22:34:01.402757:2024-01-24 22:34:01.402727: Current epoch: 9, loss: 0.3373884856700897, validation loss: 0.3943687677383423
2024-01-24 22:34:03.466957:2024-01-24 22:34:03.466917: Current epoch: 10, loss: 0.2997364401817322, validation loss: 0.39087554812431335
2024-01-24 22:34:03.626036:2024-01-24 22:34:03.625991: Current epoch: 11, loss: 0.2539747655391693, validation loss: 0.36145538091659546
2024-01-24 22:34:03.764202:2024-01-24 22:34:03.764142: Current epoch: 12, loss: 0.2309291511774063, validation loss: 0.41850706934928894
2024-01-24 22:34:03.931008:2024-01-24 22:34:03.930970: Current epoch: 13, loss: 0.23319967091083527, validation loss: 0.33919066190719604
2024-01-24 22:34:04.070696:2024-01-24 22:34:04.070664: Current epoch: 14, loss: 0.20679275691509247, validation loss: 0.3888508081436157
2024-01-24 22:34:04.207935:2024-01-24 22:34:04.207903: Current epoch: 15, loss: 0.1837594211101532, validation loss: 0.3796420991420746
2024-01-24 22:34:04.348169:2024-01-24 22:34:04.348111: Current epoch: 16, loss: 0.21660391986370087, validation loss: 0.3527728319168091
2024-01-24 22:34:04.490519:2024-01-24 22:34:04.490490: Current epoch: 17, loss: 0.17502307891845703, validation loss: 0.3459582030773163
2024-01-24 22:34:04.632874:2024-01-24 22:34:04.632844: Current epoch: 18, loss: 0.18306460976600647, validation loss: 0.35959869623184204
2024-01-24 22:34:04.773144:2024-01-24 22:34:04.773086: Current epoch: 19, loss: 0.16935063898563385, validation loss: 0.34845826029777527
2024-01-24 22:34:06.711713:2024-01-24 22:34:06.711668: Current epoch: 20, loss: 0.14962385594844818, validation loss: 0.3374227285385132
2024-01-24 22:34:06.854066:2024-01-24 22:34:06.854032: Current epoch: 21, loss: 0.135316401720047, validation loss: 0.355631560087204
2024-01-24 22:34:06.995255:2024-01-24 22:34:06.995223: Current epoch: 22, loss: 0.13969355821609497, validation loss: 0.33844050765037537
2024-01-24 22:34:07.136596:2024-01-24 22:34:07.136554: Current epoch: 23, loss: 0.12855415046215057, validation loss: 0.3628665506839752
2024-01-24 22:34:07.276570:2024-01-24 22:34:07.276541: Current epoch: 24, loss: 0.13811613619327545, validation loss: 0.3483930826187134
2024-01-24 22:34:07.417677:2024-01-24 22:34:07.417646: Current epoch: 25, loss: 0.13093730807304382, validation loss: 0.34338974952697754
2024-01-24 22:34:07.565786:2024-01-24 22:34:07.565746: Current epoch: 26, loss: 0.15823188424110413, validation loss: 0.33436447381973267
2024-01-24 22:34:07.723718:2024-01-24 22:34:07.723668: Current epoch: 27, loss: 0.14639253914356232, validation loss: 0.332830548286438
2024-01-24 22:34:07.860349:2024-01-24 22:34:07.860291: Current epoch: 28, loss: 0.1262740045785904, validation loss: 0.35696080327033997
2024-01-24 22:34:08.006179:2024-01-24 22:34:08.006143: Current epoch: 29, loss: 0.1656576693058014, validation loss: 0.3484892249107361
2024-01-24 22:34:08.146685:2024-01-24 22:34:08.146650: Current epoch: 30, loss: 0.1465211659669876, validation loss: 0.35969793796539307
2024-01-24 22:34:08.286057:2024-01-24 22:34:08.285998: Current epoch: 31, loss: 0.11979533731937408, validation loss: 0.34905609488487244
2024-01-24 22:34:08.427699:2024-01-24 22:34:08.427665: Current epoch: 32, loss: 0.11007141321897507, validation loss: 0.3420194685459137
2024-01-24 22:34:08.569723:2024-01-24 22:34:08.569664: Current epoch: 33, loss: 0.10641255974769592, validation loss: 0.3407205641269684
2024-01-24 22:34:08.709523:2024-01-24 22:34:08.709465: Current epoch: 34, loss: 0.12680788338184357, validation loss: 0.3519350290298462
2024-01-24 22:34:08.854202:2024-01-24 22:34:08.854168: Current epoch: 35, loss: 0.15630526840686798, validation loss: 0.36610329151153564
2024-01-24 22:34:08.986572:2024-01-24 22:34:08.986517: Current epoch: 36, loss: 0.1429198682308197, validation loss: 0.34052571654319763
2024-01-24 22:34:09.132652:2024-01-24 22:34:09.132617: Current epoch: 37, loss: 0.1498139351606369, validation loss: 0.32595211267471313
2024-01-24 22:34:09.286628:2024-01-24 22:34:09.286590: Current epoch: 38, loss: 0.10508665442466736, validation loss: 0.32375508546829224
2024-01-24 22:34:09.439434:2024-01-24 22:34:09.439387: Current epoch: 39, loss: 0.08305129408836365, validation loss: 0.31964483857154846
2024-01-24 22:34:11.247889:2024-01-24 22:34:11.247853: Current epoch: 40, loss: 0.07561801373958588, validation loss: 0.3143138885498047
2024-01-24 22:34:11.383235:2024-01-24 22:34:11.383199: Current epoch: 41, loss: 0.07706506550312042, validation loss: 0.3172323703765869
2024-01-24 22:34:11.527232:2024-01-24 22:34:11.527202: Current epoch: 42, loss: 0.07407277077436447, validation loss: 0.32980144023895264
2024-01-24 22:34:11.672849:2024-01-24 22:34:11.672794: Current epoch: 43, loss: 0.07773463428020477, validation loss: 0.3220287561416626
2024-01-24 22:34:11.833817:2024-01-24 22:34:11.833785: Current epoch: 44, loss: 0.07667861878871918, validation loss: 0.3082117736339569
2024-01-24 22:34:11.975595:2024-01-24 22:34:11.975541: Current epoch: 45, loss: 0.0736638754606247, validation loss: 0.3262491226196289
2024-01-24 22:34:12.130187:2024-01-24 22:34:12.130132: Current epoch: 46, loss: 0.09961077570915222, validation loss: 0.31910765171051025
2024-01-24 22:34:12.288940:2024-01-24 22:34:12.288885: Current epoch: 47, loss: 0.08319877088069916, validation loss: 0.3145696222782135
2024-01-24 22:34:12.436604:2024-01-24 22:34:12.436576: Current epoch: 48, loss: 0.06908033788204193, validation loss: 0.3233526945114136
2024-01-24 22:34:12.569397:2024-01-24 22:34:12.569350: Current epoch: 49, loss: 0.0748823806643486, validation loss: 0.3218885660171509
2024-01-24 22:34:12.705070:2024-01-24 22:34:12.705041: Current epoch: 50, loss: 0.0738738402724266, validation loss: 0.32228097319602966
2024-01-24 22:34:12.842078:2024-01-24 22:34:12.842050: Current epoch: 51, loss: 0.0639202743768692, validation loss: 0.3206821084022522
2024-01-24 22:34:12.980344:2024-01-24 22:34:12.980315: Current epoch: 52, loss: 0.07532092183828354, validation loss: 0.3117067217826843
2024-01-24 22:34:13.122428:2024-01-24 22:34:13.122392: Current epoch: 53, loss: 0.07358619570732117, validation loss: 0.3176749348640442
2024-01-24 22:34:13.265169:2024-01-24 22:34:13.265114: Current epoch: 54, loss: 0.08845015615224838, validation loss: 0.32584071159362793
2024-01-24 22:34:13.411635:2024-01-24 22:34:13.411608: Current epoch: 55, loss: 0.08697120100259781, validation loss: 0.31468164920806885
2024-01-24 22:34:13.546339:2024-01-24 22:34:13.546311: Current epoch: 56, loss: 0.07923189550638199, validation loss: 0.33881035447120667
2024-01-24 22:34:13.694626:2024-01-24 22:34:13.694599: Current epoch: 57, loss: 0.1172848790884018, validation loss: 0.3201228976249695
2024-01-24 22:34:13.839629:2024-01-24 22:34:13.839575: Current epoch: 58, loss: 0.07618920505046844, validation loss: 0.3141002357006073
2024-01-24 22:34:13.988380:2024-01-24 22:34:13.988352: Current epoch: 59, loss: 0.06366880983114243, validation loss: 0.32178008556365967
2024-01-24 22:34:14.131846:2024-01-24 22:34:14.131818: Current epoch: 60, loss: 0.06281184405088425, validation loss: 0.31617486476898193
2024-01-24 22:34:14.278036:2024-01-24 22:34:14.278008: Current epoch: 61, loss: 0.06696437299251556, validation loss: 0.3094072639942169
2024-01-24 22:34:14.427552:2024-01-24 22:34:14.427525: Current epoch: 62, loss: 0.054997481405735016, validation loss: 0.3120158612728119
2024-01-24 22:34:14.567659:2024-01-24 22:34:14.567604: Current epoch: 63, loss: 0.09620946645736694, validation loss: 0.31571507453918457
2024-01-24 22:34:14.713329:2024-01-24 22:34:14.713302: Current epoch: 64, loss: 0.07686354219913483, validation loss: 0.31511688232421875
2024-01-24 22:34:14.850344:2024-01-24 22:34:14.850290: Current epoch: 65, loss: 0.07103127241134644, validation loss: 0.3223395049571991
2024-01-24 22:34:14.995052:2024-01-24 22:34:14.995025: Current epoch: 66, loss: 0.0645829364657402, validation loss: 0.3084348738193512
2024-01-24 22:34:15.133466:2024-01-24 22:34:15.133436: Current epoch: 67, loss: 0.06147002801299095, validation loss: 0.31733208894729614
2024-01-24 22:34:15.271030:2024-01-24 22:34:15.271003: Current epoch: 68, loss: 0.07021121680736542, validation loss: 0.3158729374408722
2024-01-24 22:34:15.417904:2024-01-24 22:34:15.417754: Current epoch: 69, loss: 0.05713079497218132, validation loss: 0.31382015347480774
2024-01-24 22:34:17.333987:2024-01-24 22:34:17.333924: Current epoch: 70, loss: 0.06555045396089554, validation loss: 0.31106331944465637
2024-01-24 22:34:17.481683:2024-01-24 22:34:17.481640: Current epoch: 71, loss: 0.05410362407565117, validation loss: 0.31368282437324524
2024-01-24 22:34:17.680297:2024-01-24 22:34:17.680238: Current epoch: 72, loss: 0.05131882056593895, validation loss: 0.30787062644958496
2024-01-24 22:34:17.818664:2024-01-24 22:34:17.818609: Current epoch: 73, loss: 0.05206269398331642, validation loss: 0.31258732080459595
2024-01-24 22:34:18.002148:2024-01-24 22:34:18.002113: Current epoch: 74, loss: 0.055346421897411346, validation loss: 0.3041782081127167
2024-01-24 22:34:18.177390:2024-01-24 22:34:18.177348: Current epoch: 75, loss: 0.057528793811798096, validation loss: 0.3025178015232086
2024-01-24 22:34:18.309186:2024-01-24 22:34:18.309157: Current epoch: 76, loss: 0.060222554951906204, validation loss: 0.30740535259246826
2024-01-24 22:34:18.474470:2024-01-24 22:34:18.474437: Current epoch: 77, loss: 0.0511300191283226, validation loss: 0.2943728566169739
2024-01-24 22:34:18.622679:2024-01-24 22:34:18.622651: Current epoch: 78, loss: 0.0580013170838356, validation loss: 0.3053492605686188
2024-01-24 22:34:18.771741:2024-01-24 22:34:18.771687: Current epoch: 79, loss: 0.059269193559885025, validation loss: 0.29489630460739136
2024-01-24 22:34:20.678081:2024-01-24 22:34:20.678037: Current epoch: 80, loss: 0.052838750183582306, validation loss: 0.3119750916957855
2024-01-24 22:34:20.827156:2024-01-24 22:34:20.827100: Current epoch: 81, loss: 0.05755665898323059, validation loss: 0.313785195350647
2024-01-24 22:34:20.991149:2024-01-24 22:34:20.991107: Current epoch: 82, loss: 0.052170414477586746, validation loss: 0.30009981989860535
2024-01-24 22:34:21.134341:2024-01-24 22:34:21.134314: Current epoch: 83, loss: 0.048118751496076584, validation loss: 0.31090137362480164
2024-01-24 22:34:21.273274:2024-01-24 22:34:21.273240: Current epoch: 84, loss: 0.09225057810544968, validation loss: 0.3120152950286865
2024-01-24 22:34:21.420456:2024-01-24 22:34:21.420429: Current epoch: 85, loss: 0.07709149271249771, validation loss: 0.31674709916114807
2024-01-24 22:34:21.567611:2024-01-24 22:34:21.567583: Current epoch: 86, loss: 0.06984024494886398, validation loss: 0.32207924127578735
2024-01-24 22:34:21.713298:2024-01-24 22:34:21.713256: Current epoch: 87, loss: 0.07587452977895737, validation loss: 0.31275662779808044
2024-01-24 22:34:21.863203:2024-01-24 22:34:21.863175: Current epoch: 88, loss: 0.06245153397321701, validation loss: 0.31851091980934143
2024-01-24 22:34:22.005328:2024-01-24 22:34:22.005302: Current epoch: 89, loss: 0.05685609579086304, validation loss: 0.3086602985858917
2024-01-24 22:34:22.143573:2024-01-24 22:34:22.143546: Current epoch: 90, loss: 0.04583173990249634, validation loss: 0.30649229884147644
2024-01-24 22:34:22.280432:2024-01-24 22:34:22.280357: Current epoch: 91, loss: 0.08537197858095169, validation loss: 0.3104533851146698
2024-01-24 22:34:22.429865:2024-01-24 22:34:22.429821: Current epoch: 92, loss: 0.09534092992544174, validation loss: 0.3128136396408081
2024-01-24 22:34:22.571763:2024-01-24 22:34:22.571731: Current epoch: 93, loss: 0.06321968138217926, validation loss: 0.3055087924003601
2024-01-24 22:34:22.715309:2024-01-24 22:34:22.715262: Current epoch: 94, loss: 0.044628292322158813, validation loss: 0.3099129796028137
2024-01-24 22:34:22.854530:2024-01-24 22:34:22.854473: Current epoch: 95, loss: 0.07286820560693741, validation loss: 0.3216608464717865
2024-01-24 22:34:23.006806:2024-01-24 22:34:23.006762: Current epoch: 96, loss: 0.07119938731193542, validation loss: 0.3196985721588135
2024-01-24 22:34:23.146152:2024-01-24 22:34:23.146120: Current epoch: 97, loss: 0.059346478432416916, validation loss: 0.3141823709011078
2024-01-24 22:34:23.283993:2024-01-24 22:34:23.283966: Current epoch: 98, loss: 0.05844418331980705, validation loss: 0.31217631697654724
2024-01-24 22:34:23.430229:2024-01-24 22:34:23.430174: Current epoch: 99, loss: 0.0639767050743103, validation loss: 0.3103269934654236
2024-01-24 22:34:23.570940:2024-01-24 22:34:23.570905: Current epoch: 100, loss: 0.04579790309071541, validation loss: 0.3100131154060364
2024-01-24 22:34:23.719438:2024-01-24 22:34:23.719397: Current epoch: 101, loss: 0.04056762158870697, validation loss: 0.3106880486011505
2024-01-24 22:34:23.859088:2024-01-24 22:34:23.859035: Current epoch: 102, loss: 0.04510734975337982, validation loss: 0.3176168203353882
2024-01-24 22:34:23.999971:2024-01-24 22:34:23.999918: Current epoch: 103, loss: 0.04890511929988861, validation loss: 0.3075052499771118
2024-01-24 22:34:24.149301:2024-01-24 22:34:24.149274: Current epoch: 104, loss: 0.045000698417425156, validation loss: 0.30868008732795715
2024-01-24 22:34:24.291856:2024-01-24 22:34:24.291829: Current epoch: 105, loss: 0.05316916108131409, validation loss: 0.31522926688194275
2024-01-24 22:34:24.437018:2024-01-24 22:34:24.436985: Current epoch: 106, loss: 0.047331757843494415, validation loss: 0.31333768367767334
2024-01-24 22:34:24.586074:2024-01-24 22:34:24.586046: Current epoch: 107, loss: 0.04250303655862808, validation loss: 0.3129384517669678
2024-01-24 22:34:24.734269:2024-01-24 22:34:24.734242: Current epoch: 108, loss: 0.04021260887384415, validation loss: 0.31310102343559265
2024-01-24 22:34:24.872924:2024-01-24 22:34:24.872897: Current epoch: 109, loss: 0.058846406638622284, validation loss: 0.32542484998703003
2024-01-24 22:34:25.000048:2024-01-24 22:34:25.000019: Current epoch: 110, loss: 0.04634138196706772, validation loss: 0.3069666028022766
2024-01-24 22:34:25.137656:2024-01-24 22:34:25.137596: Current epoch: 111, loss: 0.04292861372232437, validation loss: 0.3075428009033203
2024-01-24 22:34:25.284280:2024-01-24 22:34:25.284248: Current epoch: 112, loss: 0.05779241770505905, validation loss: 0.31397613883018494
2024-01-24 22:34:25.429852:2024-01-24 22:34:25.429798: Current epoch: 113, loss: 0.06467826664447784, validation loss: 0.3129868507385254
2024-01-24 22:34:25.593311:2024-01-24 22:34:25.593275: Current epoch: 114, loss: 0.07022769749164581, validation loss: 0.3078145980834961
2024-01-24 22:34:25.740668:2024-01-24 22:34:25.740640: Current epoch: 115, loss: 0.05822616443037987, validation loss: 0.31593161821365356
2024-01-24 22:34:25.888900:2024-01-24 22:34:25.888867: Current epoch: 116, loss: 0.05121903494000435, validation loss: 0.30885565280914307
2024-01-24 22:34:26.035297:2024-01-24 22:34:26.035241: Current epoch: 117, loss: 0.04300058260560036, validation loss: 0.30517399311065674
2024-01-24 22:34:26.180790:2024-01-24 22:34:26.180749: Current epoch: 118, loss: 0.04052587226033211, validation loss: 0.3116826117038727
2024-01-24 22:34:26.327459:2024-01-24 22:34:26.327416: Current epoch: 119, loss: 0.044881004840135574, validation loss: 0.30350080132484436
2024-01-24 22:34:26.469876:2024-01-24 22:34:26.469848: Current epoch: 120, loss: 0.04315165802836418, validation loss: 0.31172603368759155
2024-01-24 22:34:26.644856:2024-01-24 22:34:26.644822: Current epoch: 121, loss: 0.04600628465414047, validation loss: 0.29242944717407227
2024-01-24 22:34:26.792583:2024-01-24 22:34:26.792547: Current epoch: 122, loss: 0.04109455272555351, validation loss: 0.302951842546463
2024-01-24 22:34:26.935363:2024-01-24 22:34:26.935336: Current epoch: 123, loss: 0.052887674421072006, validation loss: 0.298721581697464
2024-01-24 22:34:27.077963:2024-01-24 22:34:27.077931: Current epoch: 124, loss: 0.051798246800899506, validation loss: 0.320496141910553
2024-01-24 22:34:27.227210:2024-01-24 22:34:27.227156: Current epoch: 125, loss: 0.05377591401338577, validation loss: 0.300258994102478
2024-01-24 22:34:27.367187:2024-01-24 22:34:27.367159: Current epoch: 126, loss: 0.053053539246320724, validation loss: 0.30569109320640564
2024-01-24 22:34:27.511789:2024-01-24 22:34:27.511730: Current epoch: 127, loss: 0.054299842566251755, validation loss: 0.30298763513565063
2024-01-24 22:34:27.659663:2024-01-24 22:34:27.659634: Current epoch: 128, loss: 0.04055371135473251, validation loss: 0.3082928955554962
2024-01-24 22:34:27.804743:2024-01-24 22:34:27.804689: Current epoch: 129, loss: 0.05212320759892464, validation loss: 0.29723280668258667
2024-01-24 22:34:27.946384:2024-01-24 22:34:27.946328: Current epoch: 130, loss: 0.05050245299935341, validation loss: 0.3077374994754791
2024-01-24 22:34:28.088539:2024-01-24 22:34:28.088508: Current epoch: 131, loss: 0.039523787796497345, validation loss: 0.30431491136550903
2024-01-24 22:34:28.229289:2024-01-24 22:34:28.229261: Current epoch: 132, loss: 0.03782135248184204, validation loss: 0.31224119663238525
2024-01-24 22:34:28.371112:2024-01-24 22:34:28.371062: Current epoch: 133, loss: 0.03903050348162651, validation loss: 0.3033886253833771
2024-01-24 22:34:28.507686:2024-01-24 22:34:28.507632: Current epoch: 134, loss: 0.075027234852314, validation loss: 0.3076077401638031
2024-01-24 22:34:28.656001:2024-01-24 22:34:28.655969: Current epoch: 135, loss: 0.043676555156707764, validation loss: 0.305675208568573
2024-01-24 22:34:28.783811:2024-01-24 22:34:28.783781: Current epoch: 136, loss: 0.04126083478331566, validation loss: 0.30734187364578247
2024-01-24 22:34:28.918843:2024-01-24 22:34:28.918815: Current epoch: 137, loss: 0.04133106395602226, validation loss: 0.3074324131011963
2024-01-24 22:34:29.051188:2024-01-24 22:34:29.051161: Current epoch: 138, loss: 0.047746218740940094, validation loss: 0.3115967810153961
2024-01-24 22:34:29.190752:2024-01-24 22:34:29.190725: Current epoch: 139, loss: 0.049456045031547546, validation loss: 0.3081085681915283
2024-01-24 22:34:29.340957:2024-01-24 22:34:29.340921: Current epoch: 140, loss: 0.04572044685482979, validation loss: 0.29774048924446106
2024-01-24 22:34:29.474840:2024-01-24 22:34:29.474812: Current epoch: 141, loss: 0.06359881907701492, validation loss: 0.3049127161502838
2024-01-24 22:34:29.615714:2024-01-24 22:34:29.615687: Current epoch: 142, loss: 0.040191538631916046, validation loss: 0.3089025914669037
2024-01-24 22:34:29.765673:2024-01-24 22:34:29.765647: Current epoch: 143, loss: 0.06394950300455093, validation loss: 0.3092849850654602
2024-01-24 22:34:29.910533:2024-01-24 22:34:29.910505: Current epoch: 144, loss: 0.04527286812663078, validation loss: 0.30720919370651245
2024-01-24 22:34:30.051775:2024-01-24 22:34:30.051719: Current epoch: 145, loss: 0.039868999272584915, validation loss: 0.3065215051174164
2024-01-24 22:34:30.190026:2024-01-24 22:34:30.189999: Current epoch: 146, loss: 0.0421762652695179, validation loss: 0.3013598918914795
2024-01-24 22:34:30.322811:2024-01-24 22:34:30.322784: Current epoch: 147, loss: 0.03783542662858963, validation loss: 0.3029646575450897
2024-01-24 22:34:30.459681:2024-01-24 22:34:30.459625: Current epoch: 148, loss: 0.03828611969947815, validation loss: 0.31055358052253723
2024-01-24 22:34:30.607464:2024-01-24 22:34:30.607421: Current epoch: 149, loss: 0.04147029295563698, validation loss: 0.30461186170578003
2024-01-24 22:34:30.750538:2024-01-24 22:34:30.750483: Current epoch: 150, loss: 0.038155969232320786, validation loss: 0.31209293007850647
2024-01-24 22:34:30.895162:2024-01-24 22:34:30.895109: Current epoch: 151, loss: 0.042662207037210464, validation loss: 0.3058122396469116
2024-01-24 22:34:31.040159:2024-01-24 22:34:31.040105: Current epoch: 152, loss: 0.03942712023854256, validation loss: 0.3067745864391327
2024-01-24 22:34:31.186390:2024-01-24 22:34:31.186364: Current epoch: 153, loss: 0.06170344725251198, validation loss: 0.3024226725101471
2024-01-24 22:34:31.321136:2024-01-24 22:34:31.321078: Current epoch: 154, loss: 0.04819076135754585, validation loss: 0.30863624811172485
2024-01-24 22:34:31.474350:2024-01-24 22:34:31.474311: Current epoch: 155, loss: 0.04476890340447426, validation loss: 0.3076190650463104
2024-01-24 22:34:31.621821:2024-01-24 22:34:31.621795: Current epoch: 156, loss: 0.04886623099446297, validation loss: 0.2984444200992584
2024-01-24 22:34:31.758549:2024-01-24 22:34:31.758512: Current epoch: 157, loss: 0.042697615921497345, validation loss: 0.3014155626296997
2024-01-24 22:34:31.897984:2024-01-24 22:34:31.897929: Current epoch: 158, loss: 0.035226497799158096, validation loss: 0.29838284850120544
2024-01-24 22:34:32.042805:2024-01-24 22:34:32.042774: Current epoch: 159, loss: 0.040442291647195816, validation loss: 0.3079541027545929
2024-01-24 22:34:32.256154:2024-01-24 22:34:32.256115: Current epoch: 160, loss: 0.03753769025206566, validation loss: 0.3054560422897339
2024-01-24 22:34:32.387946:2024-01-24 22:34:32.387915: Current epoch: 161, loss: 0.05243999883532524, validation loss: 0.31379878520965576
2024-01-24 22:34:32.525819:2024-01-24 22:34:32.525768: Current epoch: 162, loss: 0.03557136654853821, validation loss: 0.3137674629688263
2024-01-24 22:34:32.668677:2024-01-24 22:34:32.668640: Current epoch: 163, loss: 0.03170793876051903, validation loss: 0.31320011615753174
2024-01-24 22:34:32.816059:2024-01-24 22:34:32.816011: Current epoch: 164, loss: 0.034558482468128204, validation loss: 0.3055066168308258
2024-01-24 22:34:32.958741:2024-01-24 22:34:32.958710: Current epoch: 165, loss: 0.03878489509224892, validation loss: 0.2998107671737671
2024-01-24 22:34:33.098342:2024-01-24 22:34:33.098310: Current epoch: 166, loss: 0.03701568394899368, validation loss: 0.304404079914093
2024-01-24 22:34:33.244139:2024-01-24 22:34:33.244078: Current epoch: 167, loss: 0.0325479581952095, validation loss: 0.30090275406837463
2024-01-24 22:34:33.389148:2024-01-24 22:34:33.389098: Current epoch: 168, loss: 0.036148738116025925, validation loss: 0.30328285694122314
2024-01-24 22:34:33.532098:2024-01-24 22:34:33.532052: Current epoch: 169, loss: 0.04222654551267624, validation loss: 0.29961153864860535
2024-01-24 22:34:33.672683:2024-01-24 22:34:33.672625: Current epoch: 170, loss: 0.047000739723443985, validation loss: 0.3143288493156433
2024-01-24 22:34:33.820099:2024-01-24 22:34:33.820056: Current epoch: 171, loss: 0.05211859568953514, validation loss: 0.3081633746623993
2024-01-24 22:34:33.975966:2024-01-24 22:34:33.975925: Current epoch: 172, loss: 0.06294229626655579, validation loss: 0.3025277853012085
2024-01-24 22:34:34.114927:2024-01-24 22:34:34.114868: Current epoch: 173, loss: 0.03870811685919762, validation loss: 0.31121310591697693
2024-01-24 22:34:34.261720:2024-01-24 22:34:34.261685: Current epoch: 174, loss: 0.042055100202560425, validation loss: 0.3082178235054016
2024-01-24 22:34:34.403482:2024-01-24 22:34:34.403445: Current epoch: 175, loss: 0.0355270691215992, validation loss: 0.304287314414978
2024-01-24 22:34:34.539823:2024-01-24 22:34:34.539793: Current epoch: 176, loss: 0.039051685482263565, validation loss: 0.3040441572666168
2024-01-24 22:34:34.676488:2024-01-24 22:34:34.676455: Current epoch: 177, loss: 0.053927116096019745, validation loss: 0.30381524562835693
2024-01-24 22:34:34.816195:2024-01-24 22:34:34.816151: Current epoch: 178, loss: 0.03941890597343445, validation loss: 0.31147730350494385
2024-01-24 22:34:34.966995:2024-01-24 22:34:34.966964: Current epoch: 179, loss: 0.05026927590370178, validation loss: 0.3088430166244507
2024-01-24 22:34:35.116848:2024-01-24 22:34:35.116809: Current epoch: 180, loss: 0.03593442589044571, validation loss: 0.3152253031730652
2024-01-24 22:34:35.269482:2024-01-24 22:34:35.269449: Current epoch: 181, loss: 0.04445547237992287, validation loss: 0.3002932667732239
2024-01-24 22:34:35.437239:2024-01-24 22:34:35.437057: Current epoch: 182, loss: 0.041197795420885086, validation loss: 0.3105415999889374
2024-01-24 22:34:35.600468:2024-01-24 22:34:35.600361: Current epoch: 183, loss: 0.04361049830913544, validation loss: 0.30504074692726135
2024-01-24 22:34:35.752451:2024-01-24 22:34:35.752403: Current epoch: 184, loss: 0.03997296094894409, validation loss: 0.30858269333839417
2024-01-24 22:34:35.905221:2024-01-24 22:34:35.905163: Current epoch: 185, loss: 0.048640456050634384, validation loss: 0.3147628605365753
2024-01-24 22:34:36.044228:2024-01-24 22:34:36.044172: Current epoch: 186, loss: 0.03435235098004341, validation loss: 0.3012203872203827
2024-01-24 22:34:36.223858:2024-01-24 22:34:36.223802: Current epoch: 187, loss: 0.0367746502161026, validation loss: 0.31072941422462463
2024-01-24 22:34:36.369311:2024-01-24 22:34:36.369256: Current epoch: 188, loss: 0.03963317349553108, validation loss: 0.31221023201942444
2024-01-24 22:34:36.515926:2024-01-24 22:34:36.515873: Current epoch: 189, loss: 0.04478129372000694, validation loss: 0.3190325200557709
2024-01-24 22:34:36.652456:2024-01-24 22:34:36.652427: Current epoch: 190, loss: 0.05114824324846268, validation loss: 0.31268376111984253
2024-01-24 22:34:36.794582:2024-01-24 22:34:36.794548: Current epoch: 191, loss: 0.05457005277276039, validation loss: 0.3086945712566376
2024-01-24 22:34:36.939002:2024-01-24 22:34:36.938976: Current epoch: 192, loss: 0.04064393416047096, validation loss: 0.3006894588470459
2024-01-24 22:34:37.081511:2024-01-24 22:34:37.081455: Current epoch: 193, loss: 0.03141845390200615, validation loss: 0.3109263479709625
2024-01-24 22:34:37.223541:2024-01-24 22:34:37.223514: Current epoch: 194, loss: 0.04031455144286156, validation loss: 0.3027244508266449
2024-01-24 22:34:37.361705:2024-01-24 22:34:37.361678: Current epoch: 195, loss: 0.035047747194767, validation loss: 0.3015412390232086
2024-01-24 22:34:37.498344:2024-01-24 22:34:37.498313: Current epoch: 196, loss: 0.0293017216026783, validation loss: 0.3062951862812042
2024-01-24 22:34:37.640935:2024-01-24 22:34:37.640880: Current epoch: 197, loss: 0.033977508544921875, validation loss: 0.3000088036060333
2024-01-24 22:34:37.790448:2024-01-24 22:34:37.790372: Current epoch: 198, loss: 0.030549922958016396, validation loss: 0.3189854025840759
2024-01-24 22:34:37.943973:2024-01-24 22:34:37.943942: Current epoch: 199, loss: 0.04621104896068573, validation loss: 0.2962047755718231
2024-01-24 22:34:38.092105:2024-01-24 22:34:38.092074: Current epoch: 200, loss: 0.038454800844192505, validation loss: 0.3108820915222168
2024-01-24 22:34:38.238173:2024-01-24 22:34:38.238146: Current epoch: 201, loss: 0.043412331491708755, validation loss: 0.30509957671165466
2024-01-24 22:34:38.399475:2024-01-24 22:34:38.399437: Current epoch: 202, loss: 0.04822023585438728, validation loss: 0.30905523896217346
2024-01-24 22:34:38.543377:2024-01-24 22:34:38.543338: Current epoch: 203, loss: 0.036184798926115036, validation loss: 0.30209827423095703
2024-01-24 22:34:38.692050:2024-01-24 22:34:38.692014: Current epoch: 204, loss: 0.032257772982120514, validation loss: 0.30059707164764404
2024-01-24 22:34:38.836379:2024-01-24 22:34:38.836339: Current epoch: 205, loss: 0.033080004155635834, validation loss: 0.30663421750068665
2024-01-24 22:34:38.979807:2024-01-24 22:34:38.979747: Current epoch: 206, loss: 0.032710421830415726, validation loss: 0.31391945481300354
2024-01-24 22:34:39.123905:2024-01-24 22:34:39.123849: Current epoch: 207, loss: 0.03773156553506851, validation loss: 0.3006714880466461
2024-01-24 22:34:39.268648:2024-01-24 22:34:39.268590: Current epoch: 208, loss: 0.03015841357409954, validation loss: 0.3093467056751251
2024-01-24 22:34:39.413561:2024-01-24 22:34:39.413528: Current epoch: 209, loss: 0.030641809105873108, validation loss: 0.3026965260505676
2024-01-24 22:34:39.546127:2024-01-24 22:34:39.546096: Current epoch: 210, loss: 0.027808329090476036, validation loss: 0.31155282258987427
2024-01-24 22:34:39.678216:2024-01-24 22:34:39.678185: Current epoch: 211, loss: 0.04112508147954941, validation loss: 0.3040330410003662
2024-01-24 22:34:39.814717:2024-01-24 22:34:39.814669: Current epoch: 212, loss: 0.03614478185772896, validation loss: 0.30895093083381653
2024-01-24 22:34:39.946024:2024-01-24 22:34:39.945987: Current epoch: 213, loss: 0.04559025540947914, validation loss: 0.30499467253685
2024-01-24 22:34:40.080599:2024-01-24 22:34:40.080568: Current epoch: 214, loss: 0.03696249797940254, validation loss: 0.3049202263355255
2024-01-24 22:34:40.213021:2024-01-24 22:34:40.212990: Current epoch: 215, loss: 0.05436805263161659, validation loss: 0.3003996014595032
2024-01-24 22:34:40.345658:2024-01-24 22:34:40.345600: Current epoch: 216, loss: 0.04412616044282913, validation loss: 0.31156235933303833
2024-01-24 22:34:40.493300:2024-01-24 22:34:40.493242: Current epoch: 217, loss: 0.047484226524829865, validation loss: 0.3078537881374359
2024-01-24 22:34:40.631674:2024-01-24 22:34:40.631617: Current epoch: 218, loss: 0.03812198340892792, validation loss: 0.30111488699913025
2024-01-24 22:34:40.775861:2024-01-24 22:34:40.775825: Current epoch: 219, loss: 0.03290295973420143, validation loss: 0.30416396260261536
2024-01-24 22:34:40.914503:2024-01-24 22:34:40.914468: Current epoch: 220, loss: 0.03843747451901436, validation loss: 0.3073294162750244
2024-01-24 22:34:41.055784:2024-01-24 22:34:41.055747: Current epoch: 221, loss: 0.042119789868593216, validation loss: 0.30127689242362976
2024-01-24 22:34:41.199985:2024-01-24 22:34:41.199943: Current epoch: 222, loss: 0.03749651089310646, validation loss: 0.311814546585083
2024-01-24 22:34:41.340105:2024-01-24 22:34:41.340069: Current epoch: 223, loss: 0.043287716805934906, validation loss: 0.30593833327293396
2024-01-24 22:34:41.475179:2024-01-24 22:34:41.475138: Current epoch: 224, loss: 0.0477742962539196, validation loss: 0.30315423011779785
2024-01-24 22:34:41.622673:2024-01-24 22:34:41.622640: Current epoch: 225, loss: 0.03379686549305916, validation loss: 0.30411431193351746
2024-01-24 22:34:41.786427:2024-01-24 22:34:41.786373: Current epoch: 226, loss: 0.029774215072393417, validation loss: 0.3041999340057373
2024-01-24 22:34:41.937207:2024-01-24 22:34:41.937149: Current epoch: 227, loss: 0.02998395822942257, validation loss: 0.31147128343582153
2024-01-24 22:34:42.086831:2024-01-24 22:34:42.086798: Current epoch: 228, loss: 0.05014634132385254, validation loss: 0.30490973591804504
2024-01-24 22:34:42.229402:2024-01-24 22:34:42.229370: Current epoch: 229, loss: 0.03899720311164856, validation loss: 0.3111901581287384
2024-01-24 22:34:42.372636:2024-01-24 22:34:42.372579: Current epoch: 230, loss: 0.03342288359999657, validation loss: 0.3021399676799774
2024-01-24 22:34:42.523854:2024-01-24 22:34:42.523812: Current epoch: 231, loss: 0.02900833636522293, validation loss: 0.30466416478157043
2024-01-24 22:34:42.665038:2024-01-24 22:34:42.665005: Current epoch: 232, loss: 0.025848673656582832, validation loss: 0.3065524995326996
2024-01-24 22:34:42.804072:2024-01-24 22:34:42.804041: Current epoch: 233, loss: 0.028463702648878098, validation loss: 0.3078082203865051
2024-01-24 22:34:42.937609:2024-01-24 22:34:42.937551: Current epoch: 234, loss: 0.023124245926737785, validation loss: 0.30876660346984863
2024-01-24 22:34:43.096988:2024-01-24 22:34:43.096911: Current epoch: 235, loss: 0.032159384340047836, validation loss: 0.30368006229400635
2024-01-24 22:34:43.233076:2024-01-24 22:34:43.233044: Current epoch: 236, loss: 0.027535604313015938, validation loss: 0.3083952069282532
2024-01-24 22:34:43.371679:2024-01-24 22:34:43.371647: Current epoch: 237, loss: 0.028336191549897194, validation loss: 0.3093717396259308
2024-01-24 22:34:43.508091:2024-01-24 22:34:43.508033: Current epoch: 238, loss: 0.045053064823150635, validation loss: 0.30680549144744873
2024-01-24 22:34:43.652704:2024-01-24 22:34:43.652672: Current epoch: 239, loss: 0.04222570359706879, validation loss: 0.30464375019073486
2024-01-24 22:34:43.788555:2024-01-24 22:34:43.788500: Current epoch: 240, loss: 0.0342172272503376, validation loss: 0.3098434805870056
2024-01-24 22:34:43.937673:2024-01-24 22:34:43.937615: Current epoch: 241, loss: 0.04461536183953285, validation loss: 0.3164006769657135
2024-01-24 22:34:44.081008:2024-01-24 22:34:44.080977: Current epoch: 242, loss: 0.06158268451690674, validation loss: 0.3075703978538513
2024-01-24 22:34:44.216802:2024-01-24 22:34:44.216771: Current epoch: 243, loss: 0.052917491644620895, validation loss: 0.31355881690979004
2024-01-24 22:34:44.353044:2024-01-24 22:34:44.353012: Current epoch: 244, loss: 0.042198941111564636, validation loss: 0.3040436804294586
2024-01-24 22:34:44.494770:2024-01-24 22:34:44.494715: Current epoch: 245, loss: 0.031949907541275024, validation loss: 0.3122379779815674
2024-01-24 22:34:44.623240:2024-01-24 22:34:44.623209: Current epoch: 246, loss: 0.059568800032138824, validation loss: 0.30821800231933594
2024-01-24 22:34:44.762303:2024-01-24 22:34:44.762246: Current epoch: 247, loss: 0.0479060597717762, validation loss: 0.30671226978302
2024-01-24 22:34:44.904523:2024-01-24 22:34:44.904487: Current epoch: 248, loss: 0.0484020970761776, validation loss: 0.29992201924324036
2024-01-24 22:34:45.037237:2024-01-24 22:34:45.037202: Current epoch: 249, loss: 0.0507434606552124, validation loss: 0.3054194152355194
2024-01-24 22:34:45.173147:2024-01-24 22:34:45.173118: Current epoch: 250, loss: 0.041853632777929306, validation loss: 0.29977527260780334
2024-01-24 22:34:45.309619:2024-01-24 22:34:45.309561: Current epoch: 251, loss: 0.031109357252717018, validation loss: 0.30032387375831604
2024-01-24 22:34:45.449701:2024-01-24 22:34:45.449667: Current epoch: 252, loss: 0.030367381870746613, validation loss: 0.3002166152000427
2024-01-24 22:34:45.608139:2024-01-24 22:34:45.608082: Current epoch: 253, loss: 0.0278544370085001, validation loss: 0.30426329374313354
2024-01-24 22:34:45.734570:2024-01-24 22:34:45.734517: Current epoch: 254, loss: 0.025769535452127457, validation loss: 0.30724480748176575
2024-01-24 22:34:45.890468:2024-01-24 22:34:45.890439: Current epoch: 255, loss: 0.03489472717046738, validation loss: 0.30667611956596375
2024-01-24 22:34:46.030028:2024-01-24 22:34:46.029973: Current epoch: 256, loss: 0.02989327721297741, validation loss: 0.3064766228199005
2024-01-24 22:34:46.184218:2024-01-24 22:34:46.184175: Current epoch: 257, loss: 0.02531750313937664, validation loss: 0.30284225940704346
2024-01-24 22:34:46.327847:2024-01-24 22:34:46.327813: Current epoch: 258, loss: 0.027080358937382698, validation loss: 0.3032762408256531
2024-01-24 22:34:46.474630:2024-01-24 22:34:46.474601: Current epoch: 259, loss: 0.02450479567050934, validation loss: 0.30127620697021484
2024-01-24 22:34:46.618887:2024-01-24 22:34:46.618836: Current epoch: 260, loss: 0.02520768530666828, validation loss: 0.30639737844467163
2024-01-24 22:34:46.759306:2024-01-24 22:34:46.759272: Current epoch: 261, loss: 0.041585419327020645, validation loss: 0.3066302239894867
2024-01-24 22:34:46.893570:2024-01-24 22:34:46.893541: Current epoch: 262, loss: 0.029261214658617973, validation loss: 0.30606767535209656
2024-01-24 22:34:47.025773:2024-01-24 22:34:47.025718: Current epoch: 263, loss: 0.045093245804309845, validation loss: 0.3134022355079651
2024-01-24 22:34:47.165805:2024-01-24 22:34:47.165778: Current epoch: 264, loss: 0.042215097695589066, validation loss: 0.3095281422138214
2024-01-24 22:34:47.308179:2024-01-24 22:34:47.308137: Current epoch: 265, loss: 0.050721194595098495, validation loss: 0.3133348822593689
2024-01-24 22:34:47.441257:2024-01-24 22:34:47.441230: Current epoch: 266, loss: 0.040874313563108444, validation loss: 0.3062530755996704
2024-01-24 22:34:47.578216:2024-01-24 22:34:47.578180: Current epoch: 267, loss: 0.050346486270427704, validation loss: 0.3012639284133911
2024-01-24 22:34:47.714131:2024-01-24 22:34:47.714105: Current epoch: 268, loss: 0.03564675152301788, validation loss: 0.30952730774879456
2024-01-24 22:34:47.847073:2024-01-24 22:34:47.847020: Current epoch: 269, loss: 0.03448391705751419, validation loss: 0.30043286085128784
2024-01-24 22:34:47.989337:2024-01-24 22:34:47.989282: Current epoch: 270, loss: 0.0382443368434906, validation loss: 0.30987653136253357
2024-01-24 22:34:48.126583:2024-01-24 22:34:48.126555: Current epoch: 271, loss: 0.029727384448051453, validation loss: 0.31607136130332947
2024-01-24 22:34:48.270301:2024-01-24 22:34:48.270273: Current epoch: 272, loss: 0.030092788860201836, validation loss: 0.3104759752750397
2024-01-24 22:34:48.404625:2024-01-24 22:34:48.404593: Current epoch: 273, loss: 0.02985667996108532, validation loss: 0.30554628372192383
2024-01-24 22:34:48.541985:2024-01-24 22:34:48.541958: Current epoch: 274, loss: 0.02973557449877262, validation loss: 0.30336856842041016
2024-01-24 22:34:48.669117:2024-01-24 22:34:48.669063: Current epoch: 275, loss: 0.023566342890262604, validation loss: 0.3085634708404541
2024-01-24 22:34:48.812395:2024-01-24 22:34:48.812367: Current epoch: 276, loss: 0.04926055669784546, validation loss: 0.3071974217891693
2024-01-24 22:34:48.962312:2024-01-24 22:34:48.962275: Current epoch: 277, loss: 0.047610487788915634, validation loss: 0.3037969172000885
2024-01-24 22:34:49.098990:2024-01-24 22:34:49.098951: Current epoch: 278, loss: 0.033818319439888, validation loss: 0.3029133081436157
2024-01-24 22:34:49.239745:2024-01-24 22:34:49.239688: Current epoch: 279, loss: 0.057737551629543304, validation loss: 0.3113977909088135
2024-01-24 22:34:49.376828:2024-01-24 22:34:49.376801: Current epoch: 280, loss: 0.05285336822271347, validation loss: 0.303087055683136
2024-01-24 22:34:49.511987:2024-01-24 22:34:49.511948: Current epoch: 281, loss: 0.03700636699795723, validation loss: 0.302321195602417
2024-01-24 22:34:49.649809:2024-01-24 22:34:49.649781: Current epoch: 282, loss: 0.03351682052016258, validation loss: 0.30086106061935425
2024-01-24 22:34:49.781671:2024-01-24 22:34:49.781643: Current epoch: 283, loss: 0.025872686877846718, validation loss: 0.2945050895214081
2024-01-24 22:34:49.913145:2024-01-24 22:34:49.913107: Current epoch: 284, loss: 0.032789576798677444, validation loss: 0.3015240728855133
2024-01-24 22:34:50.050974:2024-01-24 22:34:50.050946: Current epoch: 285, loss: 0.03311346098780632, validation loss: 0.2951774299144745
2024-01-24 22:34:50.185013:2024-01-24 22:34:50.184984: Current epoch: 286, loss: 0.025212762877345085, validation loss: 0.3023763597011566
2024-01-24 22:34:50.324925:2024-01-24 22:34:50.324899: Current epoch: 287, loss: 0.02861982211470604, validation loss: 0.3054152727127075
2024-01-24 22:34:50.459552:2024-01-24 22:34:50.459519: Current epoch: 288, loss: 0.03482901677489281, validation loss: 0.30269086360931396
2024-01-24 22:34:50.595886:2024-01-24 22:34:50.595835: Current epoch: 289, loss: 0.027972523123025894, validation loss: 0.3050050735473633
2024-01-24 22:34:50.736306:2024-01-24 22:34:50.736279: Current epoch: 290, loss: 0.028638796880841255, validation loss: 0.3038748800754547
2024-01-24 22:34:50.870602:2024-01-24 22:34:50.870575: Current epoch: 291, loss: 0.02447652630507946, validation loss: 0.3005107045173645
2024-01-24 22:34:51.005241:2024-01-24 22:34:51.005209: Current epoch: 292, loss: 0.02361784316599369, validation loss: 0.31020522117614746
2024-01-24 22:34:51.143989:2024-01-24 22:34:51.143956: Current epoch: 293, loss: 0.025611162185668945, validation loss: 0.30688342452049255
2024-01-24 22:34:51.283955:2024-01-24 22:34:51.283926: Current epoch: 294, loss: 0.02400035224854946, validation loss: 0.31052911281585693
2024-01-24 22:34:51.426302:2024-01-24 22:34:51.426266: Current epoch: 295, loss: 0.02772333472967148, validation loss: 0.30793997645378113
2024-01-24 22:34:51.567619:2024-01-24 22:34:51.567583: Current epoch: 296, loss: 0.02776138298213482, validation loss: 0.30425000190734863
2024-01-24 22:34:51.709856:2024-01-24 22:34:51.709802: Current epoch: 297, loss: 0.03996876999735832, validation loss: 0.30109965801239014
2024-01-24 22:34:51.856180:2024-01-24 22:34:51.856138: Current epoch: 298, loss: 0.03201180696487427, validation loss: 0.31301552057266235
2024-01-24 22:34:51.994953:2024-01-24 22:34:51.994925: Current epoch: 299, loss: 0.027964357286691666, validation loss: 0.3085070550441742
2024-01-24 22:34:52.127225:2024-01-24 22:34:52.127198: Current epoch: 300, loss: 0.025402959436178207, validation loss: 0.31058722734451294
2024-01-24 22:34:52.263799:2024-01-24 22:34:52.263743: Current epoch: 301, loss: 0.036882296204566956, validation loss: 0.3061302602291107
2024-01-24 22:34:52.406182:2024-01-24 22:34:52.406152: Current epoch: 302, loss: 0.036080531775951385, validation loss: 0.3046787679195404
2024-01-24 22:34:52.537723:2024-01-24 22:34:52.537694: Current epoch: 303, loss: 0.02740657888352871, validation loss: 0.3051384389400482
2024-01-24 22:34:52.673685:2024-01-24 22:34:52.673630: Current epoch: 304, loss: 0.03517027571797371, validation loss: 0.3060648441314697
2024-01-24 22:34:52.820546:2024-01-24 22:34:52.820516: Current epoch: 305, loss: 0.025875113904476166, validation loss: 0.30492833256721497
2024-01-24 22:34:52.967186:2024-01-24 22:34:52.967157: Current epoch: 306, loss: 0.03365354984998703, validation loss: 0.30919113755226135
2024-01-24 22:34:53.113646:2024-01-24 22:34:53.113619: Current epoch: 307, loss: 0.05221601948142052, validation loss: 0.31119391322135925
2024-01-24 22:34:53.260613:2024-01-24 22:34:53.260557: Current epoch: 308, loss: 0.03637608140707016, validation loss: 0.30191609263420105
2024-01-24 22:34:53.408039:2024-01-24 22:34:53.408012: Current epoch: 309, loss: 0.03242781385779381, validation loss: 0.30662739276885986
2024-01-24 22:34:53.545286:2024-01-24 22:34:53.545258: Current epoch: 310, loss: 0.0333394780755043, validation loss: 0.30385687947273254
2024-01-24 22:34:53.681959:2024-01-24 22:34:53.681906: Current epoch: 311, loss: 0.045733798295259476, validation loss: 0.3162897229194641
2024-01-24 22:34:53.827949:2024-01-24 22:34:53.827894: Current epoch: 312, loss: 0.030215824022889137, validation loss: 0.3015531301498413
2024-01-24 22:34:53.974238:2024-01-24 22:34:53.974209: Current epoch: 313, loss: 0.025944354012608528, validation loss: 0.3081378936767578
2024-01-24 22:34:54.113644:2024-01-24 22:34:54.113615: Current epoch: 314, loss: 0.03176578879356384, validation loss: 0.30154913663864136
2024-01-24 22:34:54.256290:2024-01-24 22:34:54.256262: Current epoch: 315, loss: 0.026094574481248856, validation loss: 0.3051978647708893
2024-01-24 22:34:54.398668:2024-01-24 22:34:54.398640: Current epoch: 316, loss: 0.03190397098660469, validation loss: 0.30922558903694153
2024-01-24 22:34:54.540504:2024-01-24 22:34:54.540449: Current epoch: 317, loss: 0.04190473258495331, validation loss: 0.3102915585041046
2024-01-24 22:34:54.691233:2024-01-24 22:34:54.691205: Current epoch: 318, loss: 0.027678383514285088, validation loss: 0.30144768953323364
2024-01-24 22:34:54.836310:2024-01-24 22:34:54.836278: Current epoch: 319, loss: 0.025563526898622513, validation loss: 0.3071673512458801
2024-01-24 22:34:54.980844:2024-01-24 22:34:54.980814: Current epoch: 320, loss: 0.026884520426392555, validation loss: 0.3033813536167145
2024-01-24 22:34:55.154140:2024-01-24 22:34:55.154109: Current epoch: 321, loss: 0.02645660936832428, validation loss: 0.3063308298587799
2024-01-24 22:34:55.227102:the test error is  [0.31360557675361633, 0.31360557675361633]
2024-01-24 22:34:57.093009:saved model to sample/sample-run_example_tf2
2024-01-24 22:34:57.094291:done